<?xml version="1.0" encoding="UTF-8"?>
<testsuite name="plugins.CheckStylePluginTest" time="1,189.548" tests="19" errors="19" skipped="0" failures="0">
  <properties>
    <property name="java.runtime.name" value="Java(TM) SE Runtime Environment"/>
    <property name="sun.boot.library.path" value="/Library/Java/JavaVirtualMachines/jdk1.8.0_60.jdk/Contents/Home/jre/lib"/>
    <property name="java.vm.version" value="25.60-b23"/>
    <property name="gopherProxySet" value="false"/>
    <property name="java.vm.vendor" value="Oracle Corporation"/>
    <property name="maven.multiModuleProjectDirectory" value="/Users/abduljewel/Documents/c/spiderqa/sample-test-projects/acceptance-test-harness"/>
    <property name="java.vendor.url" value="http://java.oracle.com/"/>
    <property name="path.separator" value=":"/>
    <property name="guice.disable.misplaced.annotation.check" value="true"/>
    <property name="java.vm.name" value="Java HotSpot(TM) 64-Bit Server VM"/>
    <property name="file.encoding.pkg" value="sun.io"/>
    <property name="user.country" value="US"/>
    <property name="sun.java.launcher" value="SUN_STANDARD"/>
    <property name="sun.os.patch.level" value="unknown"/>
    <property name="java.vm.specification.name" value="Java Virtual Machine Specification"/>
    <property name="user.dir" value="/Users/abduljewel/Documents/c/spiderqa/sample-test-projects/acceptance-test-harness"/>
    <property name="java.runtime.version" value="1.8.0_60-b27"/>
    <property name="java.awt.graphicsenv" value="sun.awt.CGraphicsEnvironment"/>
    <property name="java.endorsed.dirs" value="/Library/Java/JavaVirtualMachines/jdk1.8.0_60.jdk/Contents/Home/jre/lib/endorsed"/>
    <property name="os.arch" value="x86_64"/>
    <property name="java.io.tmpdir" value="/var/folders/lk/l859yg616c9cbtgfnt9szgjc0000gn/T/"/>
    <property name="line.separator" value="&#10;"/>
    <property name="java.vm.specification.vendor" value="Oracle Corporation"/>
    <property name="os.name" value="Mac OS X"/>
    <property name="classworlds.conf" value="/usr/local/Cellar/maven/3.3.3/libexec/bin/m2.conf"/>
    <property name="sun.jnu.encoding" value="UTF-8"/>
    <property name="java.library.path" value="/Users/abduljewel/Library/Java/Extensions:/Library/Java/Extensions:/Network/Library/Java/Extensions:/System/Library/Java/Extensions:/usr/lib/java:."/>
    <property name="java.specification.name" value="Java Platform API Specification"/>
    <property name="java.class.version" value="52.0"/>
    <property name="sun.management.compiler" value="HotSpot 64-Bit Tiered Compilers"/>
    <property name="os.version" value="10.10.5"/>
    <property name="http.nonProxyHosts" value="local|*.local|169.254/16|*.169.254/16"/>
    <property name="user.home" value="/Users/abduljewel"/>
    <property name="user.timezone" value="America/New_York"/>
    <property name="java.awt.printerjob" value="sun.lwawt.macosx.CPrinterJob"/>
    <property name="java.specification.version" value="1.8"/>
    <property name="file.encoding" value="UTF-8"/>
    <property name="user.name" value="abduljewel"/>
    <property name="java.class.path" value="/usr/local/Cellar/maven/3.3.3/libexec/boot/plexus-classworlds-2.5.2.jar"/>
    <property name="java.vm.specification.version" value="1.8"/>
    <property name="sun.arch.data.model" value="64"/>
    <property name="java.home" value="/Library/Java/JavaVirtualMachines/jdk1.8.0_60.jdk/Contents/Home/jre"/>
    <property name="sun.java.command" value="org.codehaus.plexus.classworlds.launcher.Launcher clean test"/>
    <property name="java.specification.vendor" value="Oracle Corporation"/>
    <property name="user.language" value="en"/>
    <property name="awt.toolkit" value="sun.lwawt.macosx.LWCToolkit"/>
    <property name="java.vm.info" value="mixed mode"/>
    <property name="java.version" value="1.8.0_60"/>
    <property name="java.ext.dirs" value="/Users/abduljewel/Library/Java/Extensions:/Library/Java/JavaVirtualMachines/jdk1.8.0_60.jdk/Contents/Home/jre/lib/ext:/Library/Java/Extensions:/Network/Library/Java/Extensions:/System/Library/Java/Extensions:/usr/lib/java"/>
    <property name="sun.boot.class.path" value="/Library/Java/JavaVirtualMachines/jdk1.8.0_60.jdk/Contents/Home/jre/lib/resources.jar:/Library/Java/JavaVirtualMachines/jdk1.8.0_60.jdk/Contents/Home/jre/lib/rt.jar:/Library/Java/JavaVirtualMachines/jdk1.8.0_60.jdk/Contents/Home/jre/lib/sunrsasign.jar:/Library/Java/JavaVirtualMachines/jdk1.8.0_60.jdk/Contents/Home/jre/lib/jsse.jar:/Library/Java/JavaVirtualMachines/jdk1.8.0_60.jdk/Contents/Home/jre/lib/jce.jar:/Library/Java/JavaVirtualMachines/jdk1.8.0_60.jdk/Contents/Home/jre/lib/charsets.jar:/Library/Java/JavaVirtualMachines/jdk1.8.0_60.jdk/Contents/Home/jre/lib/jfr.jar:/Library/Java/JavaVirtualMachines/jdk1.8.0_60.jdk/Contents/Home/jre/classes"/>
    <property name="java.vendor" value="Oracle Corporation"/>
    <property name="maven.home" value="/usr/local/Cellar/maven/3.3.3/libexec"/>
    <property name="file.separator" value="/"/>
    <property name="java.vendor.url.bug" value="http://bugreport.sun.com/bugreport/"/>
    <property name="sun.cpu.endian" value="little"/>
    <property name="sun.io.unicode.encoding" value="UnicodeBig"/>
    <property name="socksNonProxyHosts" value="local|*.local|169.254/16|*.169.254/16"/>
    <property name="ftp.nonProxyHosts" value="local|*.local|169.254/16|*.169.254/16"/>
    <property name="sun.cpu.isalist" value=""/>
  </properties>
  <testcase name="should_set_result_to_unstable_if_warning_found" classname="plugins.CheckStylePluginTest" time="55.867">
    <error message="org.apache.http.entity.ContentType.create(Ljava/lang/String;[Lorg/apache/http/NameValuePair;)Lorg/apache/http/entity/ContentType;" type="java.lang.NoSuchMethodError">java.lang.NoSuchMethodError: org.apache.http.entity.ContentType.create(Ljava/lang/String;[Lorg/apache/http/NameValuePair;)Lorg/apache/http/entity/ContentType;
	at org.apache.http.entity.mime.MultipartEntityBuilder.buildEntity(MultipartEntityBuilder.java:209)
	at org.apache.http.entity.mime.MultipartEntityBuilder.build(MultipartEntityBuilder.java:230)
	at org.jenkinsci.test.acceptance.update_center.PluginMetadata.uploadTo(PluginMetadata.java:65)
	at org.jenkinsci.test.acceptance.po.PluginManager.installPlugins(PluginManager.java:173)
	at org.jenkinsci.test.acceptance.junit.WithPlugins$RuleImpl$1.doInstall(WithPlugins.java:139)
	at org.jenkinsci.test.acceptance.junit.WithPlugins$RuleImpl$1.installPlugins(WithPlugins.java:119)
	at org.jenkinsci.test.acceptance.junit.WithPlugins$RuleImpl$1.evaluate(WithPlugins.java:92)
	at org.jenkinsci.test.acceptance.junit.JenkinsAcceptanceTestRule$1$2$1.evaluate(JenkinsAcceptanceTestRule.java:129)
	at org.jenkinsci.test.acceptance.junit.FilterRule$1.evaluate(FilterRule.java:62)
	at org.jenkinsci.test.acceptance.junit.JenkinsAcceptanceTestRule$1.evaluate(JenkinsAcceptanceTestRule.java:55)
	at org.junit.runners.ParentRunner.runLeaf(ParentRunner.java:271)
	at org.junit.runners.BlockJUnit4ClassRunner.runChild(BlockJUnit4ClassRunner.java:70)
	at org.junit.runners.BlockJUnit4ClassRunner.runChild(BlockJUnit4ClassRunner.java:50)
	at org.junit.runners.ParentRunner$3.run(ParentRunner.java:238)
	at org.junit.runners.ParentRunner$1.schedule(ParentRunner.java:63)
	at org.junit.runners.ParentRunner.runChildren(ParentRunner.java:236)
	at org.junit.runners.ParentRunner.access$000(ParentRunner.java:53)
	at org.junit.runners.ParentRunner$2.evaluate(ParentRunner.java:229)
	at org.junit.runners.ParentRunner.run(ParentRunner.java:309)
	at org.apache.maven.surefire.junit4.JUnit4Provider.execute(JUnit4Provider.java:264)
	at org.apache.maven.surefire.junit4.JUnit4Provider.executeTestSet(JUnit4Provider.java:153)
	at org.apache.maven.surefire.junit4.JUnit4Provider.invoke(JUnit4Provider.java:124)
	at org.apache.maven.surefire.booter.ForkedBooter.invokeProviderInSameClassLoader(ForkedBooter.java:200)
	at org.apache.maven.surefire.booter.ForkedBooter.runSuitesInProcess(ForkedBooter.java:153)
	at org.apache.maven.surefire.booter.ForkedBooter.main(ForkedBooter.java:103)
</error>
    <system-out><![CDATA[testCaseResult=ru.yandex.qatools.allure.model.TestCaseResult@491cafec[
  name=autoInstallAnt
  title=<null>
  description=<null>
  failure=<null>
  start=1443742638948
  stop=1443742728181
  status=PASSED
  severity=<null>
  steps=[]
  attachments=[]
  labels=[ru.yandex.qatools.allure.model.Label@cbd40c1, ru.yandex.qatools.allure.model.Label@4fa86cb8]
  parameters=<null>
]
testCaseResult={
   "start" : 1443742638948,
   "stop" : 1443742728181,
   "status" : "passed",
   "name" : "autoInstallAnt",
   "steps" : {
      "step" : [ ]
   },
   "attachments" : {
      "attachment" : [ ]
   },
   "labels" : {
      "label" : [ {
         "name" : "host",
         "value" : "Abduls-MBP.home"
      }, {
         "name" : "thread",
         "value" : "35251@Abduls-MBP.home.main(1)"
      } ]
   }
}
testCase=ru.yandex.qatools.allure.model.TestCase@54c60202[
  _id=ca9e15cf-4335-4ace-b38d-deb4e3522093
  executionId=62229910-35f6-40ea-8439-ec3c3d9421df
  result=ru.yandex.qatools.allure.model.TestCaseResult@491cafec
]
testCase={
   "_id" : "ca9e15cf-4335-4ace-b38d-deb4e3522093",
   "executionId" : "62229910-35f6-40ea-8439-ec3c3d9421df",
   "result" : {
      "start" : 1443742638948,
      "stop" : 1443742728181,
      "status" : "passed",
      "name" : "autoInstallAnt",
      "steps" : {
         "step" : [ ]
      },
      "attachments" : {
         "attachment" : [ ]
      },
      "labels" : {
         "label" : [ {
            "name" : "host",
            "value" : "Abduls-MBP.home"
         }, {
            "name" : "thread",
            "value" : "35251@Abduls-MBP.home.main(1)"
         } ]
      }
   }
}
[WARN] [10/01/2015 19:38:48.215] [default-akka.actor.default-dispatcher-27] [ActorSystem(default)] Illegal response header: Illegal 'etag' header: Invalid input '5', expected 'W' or '"' (line 1, column 1): 560dc408fbeaf7a200c9be67
^
<<<RESPONSE (201 Created): /testdb/TestCase
>>>REQUEST: /testdb/TestCase
running with given plugins: []
=== Starting should_set_result_to_unstable_if_warning_found(plugins.CheckStylePluginTest)
Starting Jenkins: JAVA_HOME=/Library/Java/JavaVirtualMachines/jdk1.8.0_60.jdk/Contents/Home JENKINS_HOME=/Users/abduljewel/Documents/c/spiderqa/sample-test-projects/acceptance-test-harness/target/jenkins8460023041097499166home /Library/Java/JavaVirtualMachines/jdk1.8.0_60.jdk/Contents/Home/bin/java -Duser.language=en -jar ./jenkins.war --ajp13Port=-1 --httpPort=49254
master49254|Running from: /Users/abduljewel/Documents/c/spiderqa/sample-test-projects/acceptance-test-harness/jenkins.war
master49254|webroot: EnvVars.masterEnvVars.get("JENKINS_HOME")
master49254|Oct 01, 2015 7:38:49 PM winstone.Logger logInternal
master49254|INFO: Beginning extraction from war file
master49254|Oct 01, 2015 7:38:51 PM org.eclipse.jetty.util.log.JavaUtilLog info
master49254|INFO: jetty-winstone-2.8
master49254|Oct 01, 2015 7:38:54 PM org.eclipse.jetty.util.log.JavaUtilLog info
master49254|INFO: NO JSP Support for , did not find org.apache.jasper.servlet.JspServlet
master49254|Jenkins home directory: /Users/abduljewel/Documents/c/spiderqa/sample-test-projects/acceptance-test-harness/target/jenkins8460023041097499166home found at: EnvVars.masterEnvVars.get("JENKINS_HOME")
master49254|Oct 01, 2015 7:38:58 PM org.eclipse.jetty.util.log.JavaUtilLog info
master49254|INFO: Started SelectChannelConnector@0.0.0.0:49254
master49254|Oct 01, 2015 7:38:58 PM winstone.Logger logInternal
master49254|INFO: Winstone Servlet Engine v2.0 running: controlPort=disabled
master49254|Oct 01, 2015 7:38:58 PM jenkins.InitReactorRunner$1 onAttained
master49254|INFO: Started initialization
master49254|Oct 01, 2015 7:39:26 PM jenkins.InitReactorRunner$1 onAttained
master49254|INFO: Listed all plugins
master49254|Oct 01, 2015 7:39:26 PM jenkins.InitReactorRunner$1 onAttained
master49254|INFO: Prepared all plugins
master49254|Oct 01, 2015 7:39:26 PM jenkins.InitReactorRunner$1 onAttained
master49254|INFO: Started all plugins
master49254|Oct 01, 2015 7:39:26 PM jenkins.InitReactorRunner$1 onAttained
master49254|INFO: Augmented all extensions
master49254|Oct 01, 2015 7:39:31 PM jenkins.InitReactorRunner$1 onAttained
master49254|INFO: Loaded all jobs
master49254|Oct 01, 2015 7:39:35 PM hudson.model.AsyncPeriodicWork$1 run
master49254|INFO: Started Download metadata
master49254|Oct 01, 2015 7:39:36 PM org.jenkinsci.main.modules.sshd.SSHD start
master49254|INFO: Started SSHD at port 63832
master49254|Oct 01, 2015 7:39:36 PM jenkins.InitReactorRunner$1 onAttained
master49254|INFO: Completed initialization
master49254|Oct 01, 2015 7:39:36 PM hudson.UDPBroadcastThread run
master49254|WARNING: UDP handling problem
master49254|java.net.SocketException: Can't assign requested address
master49254|	at java.net.PlainDatagramSocketImpl.join(Native Method)
master49254|	at java.net.AbstractPlainDatagramSocketImpl.join(AbstractPlainDatagramSocketImpl.java:179)
master49254|	at java.net.MulticastSocket.joinGroup(MulticastSocket.java:323)
master49254|	at hudson.UDPBroadcastThread.run(UDPBroadcastThread.java:77)
master49254|
master49254|Oct 01, 2015 7:39:36 PM hudson.WebAppMain$3 run
master49254|INFO: Jenkins is fully up and running
master49254|Oct 01, 2015 7:39:38 PM hudson.model.UpdateSite updateData
master49254|INFO: Obtained the latest update center data file for UpdateSource default
master49254|Oct 01, 2015 7:39:39 PM hudson.model.DownloadService$Downloadable load
master49254|INFO: Obtained the updated data file for hudson.tasks.Maven.MavenInstaller
master49254|Oct 01, 2015 7:39:39 PM hudson.model.DownloadService$Downloadable load
master49254|INFO: Obtained the updated data file for hudson.tasks.Ant.AntInstaller
master49254|Oct 01, 2015 7:39:40 PM hudson.model.DownloadService$Downloadable load
master49254|INFO: Obtained the updated data file for hudson.tools.JDKInstaller
master49254|Oct 01, 2015 7:39:40 PM hudson.model.AsyncPeriodicWork$1 run
master49254|INFO: Finished Download metadata. 4,826 ms
Jenkins is stopped
]]></system-out>
    <system-err><![CDATA[Oct 01, 2015 7:38:48 PM org.jenkinsci.test.acceptance.controller.LocalController startNow
INFO: Waiting for Jenkins to become running in http://127.0.0.1:49254/
Oct 01, 2015 7:39:36 PM org.jenkinsci.test.acceptance.controller.LocalController startNow
INFO: Jenkins is running in http://127.0.0.1:49254/
Oct 01, 2015 7:39:41 PM org.jenkinsci.test.acceptance.po.PluginManager installationStatus
INFO: checkstyle is not installed
Oct 01, 2015 7:39:41 PM org.jenkinsci.test.acceptance.po.PluginManager installationStatus
INFO: checkstyle is not installed
Oct 01, 2015 7:39:43 PM org.jenkinsci.test.acceptance.po.PluginManager installationStatus
INFO: script-security has version 1.13 but 1.15 was requested
]]></system-err>
  </testcase>
  <testcase name="should_set_warnings_count_in_list_view_column" classname="plugins.CheckStylePluginTest" time="65.809">
    <error message="org.apache.http.entity.ContentType.create(Ljava/lang/String;[Lorg/apache/http/NameValuePair;)Lorg/apache/http/entity/ContentType;" type="java.lang.NoSuchMethodError">java.lang.NoSuchMethodError: org.apache.http.entity.ContentType.create(Ljava/lang/String;[Lorg/apache/http/NameValuePair;)Lorg/apache/http/entity/ContentType;
	at org.apache.http.entity.mime.MultipartEntityBuilder.buildEntity(MultipartEntityBuilder.java:209)
	at org.apache.http.entity.mime.MultipartEntityBuilder.build(MultipartEntityBuilder.java:230)
	at org.jenkinsci.test.acceptance.update_center.PluginMetadata.uploadTo(PluginMetadata.java:65)
	at org.jenkinsci.test.acceptance.po.PluginManager.installPlugins(PluginManager.java:173)
	at org.jenkinsci.test.acceptance.junit.WithPlugins$RuleImpl$1.doInstall(WithPlugins.java:139)
	at org.jenkinsci.test.acceptance.junit.WithPlugins$RuleImpl$1.installPlugins(WithPlugins.java:119)
	at org.jenkinsci.test.acceptance.junit.WithPlugins$RuleImpl$1.evaluate(WithPlugins.java:92)
	at org.jenkinsci.test.acceptance.junit.JenkinsAcceptanceTestRule$1$2$1.evaluate(JenkinsAcceptanceTestRule.java:129)
	at org.jenkinsci.test.acceptance.junit.FilterRule$1.evaluate(FilterRule.java:62)
	at org.jenkinsci.test.acceptance.junit.JenkinsAcceptanceTestRule$1.evaluate(JenkinsAcceptanceTestRule.java:55)
	at org.junit.runners.ParentRunner.runLeaf(ParentRunner.java:271)
	at org.junit.runners.BlockJUnit4ClassRunner.runChild(BlockJUnit4ClassRunner.java:70)
	at org.junit.runners.BlockJUnit4ClassRunner.runChild(BlockJUnit4ClassRunner.java:50)
	at org.junit.runners.ParentRunner$3.run(ParentRunner.java:238)
	at org.junit.runners.ParentRunner$1.schedule(ParentRunner.java:63)
	at org.junit.runners.ParentRunner.runChildren(ParentRunner.java:236)
	at org.junit.runners.ParentRunner.access$000(ParentRunner.java:53)
	at org.junit.runners.ParentRunner$2.evaluate(ParentRunner.java:229)
	at org.junit.runners.ParentRunner.run(ParentRunner.java:309)
	at org.apache.maven.surefire.junit4.JUnit4Provider.execute(JUnit4Provider.java:264)
	at org.apache.maven.surefire.junit4.JUnit4Provider.executeTestSet(JUnit4Provider.java:153)
	at org.apache.maven.surefire.junit4.JUnit4Provider.invoke(JUnit4Provider.java:124)
	at org.apache.maven.surefire.booter.ForkedBooter.invokeProviderInSameClassLoader(ForkedBooter.java:200)
	at org.apache.maven.surefire.booter.ForkedBooter.runSuitesInProcess(ForkedBooter.java:153)
	at org.apache.maven.surefire.booter.ForkedBooter.main(ForkedBooter.java:103)
</error>
    <system-out><![CDATA[testCaseResult=ru.yandex.qatools.allure.model.TestCaseResult@4ae2e781[
  name=should_set_result_to_unstable_if_warning_found
  title=<null>
  description=<null>
  failure=ru.yandex.qatools.allure.model.Failure@339f3a55
  start=1443742728348
  stop=1443742784214
  status=BROKEN
  severity=<null>
  steps=[]
  attachments=[]
  labels=[ru.yandex.qatools.allure.model.Label@2dd63e3, ru.yandex.qatools.allure.model.Label@7d1c164a]
  parameters=<null>
]
testCaseResult={
   "start" : 1443742728348,
   "stop" : 1443742784214,
   "status" : "broken",
   "name" : "should_set_result_to_unstable_if_warning_found",
   "failure" : {
      "message" : "NoSuchMethodError: org.apache.http.entity.ContentType.create(Ljava/lang/String;[Lorg/apache/http/NameValuePair;)Lorg/apache/http/entity/ContentType;",
      "stack-trace" : "java.lang.NoSuchMethodError: org.apache.http.entity.ContentType.create(Ljava/lang/String;[Lorg/apache/http/NameValuePair;)Lorg/apache/http/entity/ContentType;\n\tat org.apache.http.entity.mime.MultipartEntityBuilder.buildEntity(MultipartEntityBuilder.java:209)\n\tat org.apache.http.entity.mime.MultipartEntityBuilder.build(MultipartEntityBuilder.java:230)\n\tat org.jenkinsci.test.acceptance.update_center.PluginMetadata.uploadTo(PluginMetadata.java:65)\n\tat org.jenkinsci.test.acceptance.po.PluginManager.installPlugins(PluginManager.java:173)\n\tat org.jenkinsci.test.acceptance.junit.WithPlugins$RuleImpl$1.doInstall(WithPlugins.java:139)\n\tat org.jenkinsci.test.acceptance.junit.WithPlugins$RuleImpl$1.installPlugins(WithPlugins.java:119)\n\tat org.jenkinsci.test.acceptance.junit.WithPlugins$RuleImpl$1.evaluate(WithPlugins.java:92)\n\tat org.jenkinsci.test.acceptance.junit.JenkinsAcceptanceTestRule$1$2$1.evaluate(JenkinsAcceptanceTestRule.java:129)\n\tat org.jenkinsci.test.acceptance.junit.FilterRule$1.evaluate(FilterRule.java:62)\n\tat org.jenkinsci.test.acceptance.junit.JenkinsAcceptanceTestRule$1.evaluate(JenkinsAcceptanceTestRule.java:55)\n\tat org.junit.runners.ParentRunner.runLeaf(ParentRunner.java:271)\n\tat org.junit.runners.BlockJUnit4ClassRunner.runChild(BlockJUnit4ClassRunner.java:70)\n\tat org.junit.runners.BlockJUnit4ClassRunner.runChild(BlockJUnit4ClassRunner.java:50)\n\tat org.junit.runners.ParentRunner$3.run(ParentRunner.java:238)\n\tat org.junit.runners.ParentRunner$1.schedule(ParentRunner.java:63)\n\tat org.junit.runners.ParentRunner.runChildren(ParentRunner.java:236)\n\tat org.junit.runners.ParentRunner.access$000(ParentRunner.java:53)\n\tat org.junit.runners.ParentRunner$2.evaluate(ParentRunner.java:229)\n\tat org.junit.runners.ParentRunner.run(ParentRunner.java:309)\n\tat org.apache.maven.surefire.junit4.JUnit4Provider.execute(JUnit4Provider.java:264)\n\tat org.apache.maven.surefire.junit4.JUnit4Provider.executeTestSet(JUnit4Provider.java:153)\n\tat org.apache.maven.surefire.junit4.JUnit4Provider.invoke(JUnit4Provider.java:124)\n\tat org.apache.maven.surefire.booter.ForkedBooter.invokeProviderInSameClassLoader(ForkedBooter.java:200)\n\tat org.apache.maven.surefire.booter.ForkedBooter.runSuitesInProcess(ForkedBooter.java:153)\n\tat org.apache.maven.surefire.booter.ForkedBooter.main(ForkedBooter.java:103)\n"
   },
   "steps" : {
      "step" : [ ]
   },
   "attachments" : {
      "attachment" : [ ]
   },
   "labels" : {
      "label" : [ {
         "name" : "host",
         "value" : "Abduls-MBP.home"
      }, {
         "name" : "thread",
         "value" : "35251@Abduls-MBP.home.main(1)"
      } ]
   }
}
testCase=ru.yandex.qatools.allure.model.TestCase@209f3887[
  _id=a3e5145a-c82b-4117-bc8b-9a0e31ca8e48
  executionId=62229910-35f6-40ea-8439-ec3c3d9421df
  result=ru.yandex.qatools.allure.model.TestCaseResult@4ae2e781
]
testCase={
   "_id" : "a3e5145a-c82b-4117-bc8b-9a0e31ca8e48",
   "executionId" : "62229910-35f6-40ea-8439-ec3c3d9421df",
   "result" : {
      "start" : 1443742728348,
      "stop" : 1443742784214,
      "status" : "broken",
      "name" : "should_set_result_to_unstable_if_warning_found",
      "failure" : {
         "message" : "NoSuchMethodError: org.apache.http.entity.ContentType.create(Ljava/lang/String;[Lorg/apache/http/NameValuePair;)Lorg/apache/http/entity/ContentType;",
         "stack-trace" : "java.lang.NoSuchMethodError: org.apache.http.entity.ContentType.create(Ljava/lang/String;[Lorg/apache/http/NameValuePair;)Lorg/apache/http/entity/ContentType;\n\tat org.apache.http.entity.mime.MultipartEntityBuilder.buildEntity(MultipartEntityBuilder.java:209)\n\tat org.apache.http.entity.mime.MultipartEntityBuilder.build(MultipartEntityBuilder.java:230)\n\tat org.jenkinsci.test.acceptance.update_center.PluginMetadata.uploadTo(PluginMetadata.java:65)\n\tat org.jenkinsci.test.acceptance.po.PluginManager.installPlugins(PluginManager.java:173)\n\tat org.jenkinsci.test.acceptance.junit.WithPlugins$RuleImpl$1.doInstall(WithPlugins.java:139)\n\tat org.jenkinsci.test.acceptance.junit.WithPlugins$RuleImpl$1.installPlugins(WithPlugins.java:119)\n\tat org.jenkinsci.test.acceptance.junit.WithPlugins$RuleImpl$1.evaluate(WithPlugins.java:92)\n\tat org.jenkinsci.test.acceptance.junit.JenkinsAcceptanceTestRule$1$2$1.evaluate(JenkinsAcceptanceTestRule.java:129)\n\tat org.jenkinsci.test.acceptance.junit.FilterRule$1.evaluate(FilterRule.java:62)\n\tat org.jenkinsci.test.acceptance.junit.JenkinsAcceptanceTestRule$1.evaluate(JenkinsAcceptanceTestRule.java:55)\n\tat org.junit.runners.ParentRunner.runLeaf(ParentRunner.java:271)\n\tat org.junit.runners.BlockJUnit4ClassRunner.runChild(BlockJUnit4ClassRunner.java:70)\n\tat org.junit.runners.BlockJUnit4ClassRunner.runChild(BlockJUnit4ClassRunner.java:50)\n\tat org.junit.runners.ParentRunner$3.run(ParentRunner.java:238)\n\tat org.junit.runners.ParentRunner$1.schedule(ParentRunner.java:63)\n\tat org.junit.runners.ParentRunner.runChildren(ParentRunner.java:236)\n\tat org.junit.runners.ParentRunner.access$000(ParentRunner.java:53)\n\tat org.junit.runners.ParentRunner$2.evaluate(ParentRunner.java:229)\n\tat org.junit.runners.ParentRunner.run(ParentRunner.java:309)\n\tat org.apache.maven.surefire.junit4.JUnit4Provider.execute(JUnit4Provider.java:264)\n\tat org.apache.maven.surefire.junit4.JUnit4Provider.executeTestSet(JUnit4Provider.java:153)\n\tat org.apache.maven.surefire.junit4.JUnit4Provider.invoke(JUnit4Provider.java:124)\n\tat org.apache.maven.surefire.booter.ForkedBooter.invokeProviderInSameClassLoader(ForkedBooter.java:200)\n\tat org.apache.maven.surefire.booter.ForkedBooter.runSuitesInProcess(ForkedBooter.java:153)\n\tat org.apache.maven.surefire.booter.ForkedBooter.main(ForkedBooter.java:103)\n"
      },
      "steps" : {
         "step" : [ ]
      },
      "attachments" : {
         "attachment" : [ ]
      },
      "labels" : {
         "label" : [ {
            "name" : "host",
            "value" : "Abduls-MBP.home"
         }, {
            "name" : "thread",
            "value" : "35251@Abduls-MBP.home.main(1)"
         } ]
      }
   }
}
>>>REQUEST: /testdb/TestCase
[WARN] [10/01/2015 19:39:44.228] [default-akka.actor.default-dispatcher-12] [ActorSystem(default)] Illegal response header: Illegal 'etag' header: Invalid input '5', expected 'W' or '"' (line 1, column 1): 560dc440fbeaf7a200c9be86
^
<<<RESPONSE (201 Created): /testdb/TestCase
running with given plugins: []
=== Starting should_set_warnings_count_in_list_view_column(plugins.CheckStylePluginTest)
Starting Jenkins: JAVA_HOME=/Library/Java/JavaVirtualMachines/jdk1.8.0_60.jdk/Contents/Home JENKINS_HOME=/Users/abduljewel/Documents/c/spiderqa/sample-test-projects/acceptance-test-harness/target/jenkins1836869870128850376home /Library/Java/JavaVirtualMachines/jdk1.8.0_60.jdk/Contents/Home/bin/java -Duser.language=en -jar ./jenkins.war --ajp13Port=-1 --httpPort=63379
master63379|Running from: /Users/abduljewel/Documents/c/spiderqa/sample-test-projects/acceptance-test-harness/jenkins.war
master63379|webroot: EnvVars.masterEnvVars.get("JENKINS_HOME")
master63379|Oct 01, 2015 7:39:45 PM winstone.Logger logInternal
master63379|INFO: Beginning extraction from war file
master63379|Oct 01, 2015 7:39:48 PM org.eclipse.jetty.util.log.JavaUtilLog info
master63379|INFO: jetty-winstone-2.8
master63379|Oct 01, 2015 7:39:52 PM org.eclipse.jetty.util.log.JavaUtilLog info
master63379|INFO: NO JSP Support for , did not find org.apache.jasper.servlet.JspServlet
master63379|Jenkins home directory: /Users/abduljewel/Documents/c/spiderqa/sample-test-projects/acceptance-test-harness/target/jenkins1836869870128850376home found at: EnvVars.masterEnvVars.get("JENKINS_HOME")
master63379|Oct 01, 2015 7:39:55 PM org.eclipse.jetty.util.log.JavaUtilLog info
master63379|INFO: Started SelectChannelConnector@0.0.0.0:63379
master63379|Oct 01, 2015 7:39:55 PM winstone.Logger logInternal
master63379|INFO: Winstone Servlet Engine v2.0 running: controlPort=disabled
master63379|Oct 01, 2015 7:39:55 PM jenkins.InitReactorRunner$1 onAttained
master63379|INFO: Started initialization
master63379|Oct 01, 2015 7:40:31 PM jenkins.InitReactorRunner$1 onAttained
master63379|INFO: Listed all plugins
master63379|Oct 01, 2015 7:40:31 PM jenkins.InitReactorRunner$1 onAttained
master63379|INFO: Prepared all plugins
master63379|Oct 01, 2015 7:40:31 PM jenkins.InitReactorRunner$1 onAttained
master63379|INFO: Started all plugins
master63379|Oct 01, 2015 7:40:31 PM jenkins.InitReactorRunner$1 onAttained
master63379|INFO: Augmented all extensions
master63379|Oct 01, 2015 7:40:36 PM jenkins.InitReactorRunner$1 onAttained
master63379|INFO: Loaded all jobs
master63379|Oct 01, 2015 7:40:40 PM hudson.model.AsyncPeriodicWork$1 run
master63379|INFO: Started Download metadata
master63379|Oct 01, 2015 7:40:40 PM org.jenkinsci.main.modules.sshd.SSHD start
master63379|INFO: Started SSHD at port 64193
master63379|Oct 01, 2015 7:40:40 PM jenkins.InitReactorRunner$1 onAttained
master63379|INFO: Completed initialization
master63379|Oct 01, 2015 7:40:40 PM hudson.UDPBroadcastThread run
master63379|WARNING: UDP handling problem
master63379|java.net.SocketException: Can't assign requested address
master63379|	at java.net.PlainDatagramSocketImpl.join(Native Method)
master63379|	at java.net.AbstractPlainDatagramSocketImpl.join(AbstractPlainDatagramSocketImpl.java:179)
master63379|	at java.net.MulticastSocket.joinGroup(MulticastSocket.java:323)
master63379|	at hudson.UDPBroadcastThread.run(UDPBroadcastThread.java:77)
master63379|
master63379|Oct 01, 2015 7:40:40 PM hudson.WebAppMain$3 run
master63379|INFO: Jenkins is fully up and running
master63379|Oct 01, 2015 7:40:44 PM hudson.model.UpdateSite updateData
master63379|INFO: Obtained the latest update center data file for UpdateSource default
master63379|Oct 01, 2015 7:40:45 PM hudson.model.DownloadService$Downloadable load
master63379|INFO: Obtained the updated data file for hudson.tasks.Maven.MavenInstaller
master63379|Oct 01, 2015 7:40:45 PM hudson.model.DownloadService$Downloadable load
master63379|INFO: Obtained the updated data file for hudson.tasks.Ant.AntInstaller
master63379|Oct 01, 2015 7:40:46 PM hudson.model.DownloadService$Downloadable load
master63379|INFO: Obtained the updated data file for hudson.tools.JDKInstaller
master63379|Oct 01, 2015 7:40:46 PM hudson.model.AsyncPeriodicWork$1 run
master63379|INFO: Finished Download metadata. 6,716 ms
Jenkins is stopped
]]></system-out>
    <system-err><![CDATA[Oct 01, 2015 7:39:44 PM org.jenkinsci.test.acceptance.controller.LocalController startNow
INFO: Waiting for Jenkins to become running in http://127.0.0.1:63379/
Oct 01, 2015 7:40:40 PM org.jenkinsci.test.acceptance.controller.LocalController startNow
INFO: Jenkins is running in http://127.0.0.1:63379/
Oct 01, 2015 7:40:47 PM org.jenkinsci.test.acceptance.po.PluginManager installationStatus
INFO: checkstyle is not installed
Oct 01, 2015 7:40:47 PM org.jenkinsci.test.acceptance.po.PluginManager installationStatus
INFO: checkstyle is not installed
Oct 01, 2015 7:40:49 PM org.jenkinsci.test.acceptance.po.PluginManager installationStatus
INFO: script-security has version 1.13 but 1.15 was requested
]]></system-err>
  </testcase>
  <testcase name="should_link_to_source_code_in_real_project" classname="plugins.CheckStylePluginTest" time="67.497">
    <error message="org.apache.http.entity.ContentType.create(Ljava/lang/String;[Lorg/apache/http/NameValuePair;)Lorg/apache/http/entity/ContentType;" type="java.lang.NoSuchMethodError">java.lang.NoSuchMethodError: org.apache.http.entity.ContentType.create(Ljava/lang/String;[Lorg/apache/http/NameValuePair;)Lorg/apache/http/entity/ContentType;
	at org.apache.http.entity.mime.MultipartEntityBuilder.buildEntity(MultipartEntityBuilder.java:209)
	at org.apache.http.entity.mime.MultipartEntityBuilder.build(MultipartEntityBuilder.java:230)
	at org.jenkinsci.test.acceptance.update_center.PluginMetadata.uploadTo(PluginMetadata.java:65)
	at org.jenkinsci.test.acceptance.po.PluginManager.installPlugins(PluginManager.java:173)
	at org.jenkinsci.test.acceptance.junit.WithPlugins$RuleImpl$1.doInstall(WithPlugins.java:139)
	at org.jenkinsci.test.acceptance.junit.WithPlugins$RuleImpl$1.installPlugins(WithPlugins.java:119)
	at org.jenkinsci.test.acceptance.junit.WithPlugins$RuleImpl$1.evaluate(WithPlugins.java:92)
	at org.jenkinsci.test.acceptance.junit.JenkinsAcceptanceTestRule$1$2$1.evaluate(JenkinsAcceptanceTestRule.java:129)
	at org.jenkinsci.test.acceptance.junit.FilterRule$1.evaluate(FilterRule.java:62)
	at org.jenkinsci.test.acceptance.junit.JenkinsAcceptanceTestRule$1.evaluate(JenkinsAcceptanceTestRule.java:55)
	at org.junit.runners.ParentRunner.runLeaf(ParentRunner.java:271)
	at org.junit.runners.BlockJUnit4ClassRunner.runChild(BlockJUnit4ClassRunner.java:70)
	at org.junit.runners.BlockJUnit4ClassRunner.runChild(BlockJUnit4ClassRunner.java:50)
	at org.junit.runners.ParentRunner$3.run(ParentRunner.java:238)
	at org.junit.runners.ParentRunner$1.schedule(ParentRunner.java:63)
	at org.junit.runners.ParentRunner.runChildren(ParentRunner.java:236)
	at org.junit.runners.ParentRunner.access$000(ParentRunner.java:53)
	at org.junit.runners.ParentRunner$2.evaluate(ParentRunner.java:229)
	at org.junit.runners.ParentRunner.run(ParentRunner.java:309)
	at org.apache.maven.surefire.junit4.JUnit4Provider.execute(JUnit4Provider.java:264)
	at org.apache.maven.surefire.junit4.JUnit4Provider.executeTestSet(JUnit4Provider.java:153)
	at org.apache.maven.surefire.junit4.JUnit4Provider.invoke(JUnit4Provider.java:124)
	at org.apache.maven.surefire.booter.ForkedBooter.invokeProviderInSameClassLoader(ForkedBooter.java:200)
	at org.apache.maven.surefire.booter.ForkedBooter.runSuitesInProcess(ForkedBooter.java:153)
	at org.apache.maven.surefire.booter.ForkedBooter.main(ForkedBooter.java:103)
</error>
    <system-out><![CDATA[testCaseResult=ru.yandex.qatools.allure.model.TestCaseResult@280fafd[
  name=should_set_warnings_count_in_list_view_column
  title=<null>
  description=<null>
  failure=ru.yandex.qatools.allure.model.Failure@39e53bef
  start=1443742784223
  stop=1443742850079
  status=BROKEN
  severity=<null>
  steps=[]
  attachments=[]
  labels=[ru.yandex.qatools.allure.model.Label@14b275bd, ru.yandex.qatools.allure.model.Label@4ed18798]
  parameters=<null>
]
testCaseResult={
   "start" : 1443742784223,
   "stop" : 1443742850079,
   "status" : "broken",
   "name" : "should_set_warnings_count_in_list_view_column",
   "failure" : {
      "message" : "NoSuchMethodError: org.apache.http.entity.ContentType.create(Ljava/lang/String;[Lorg/apache/http/NameValuePair;)Lorg/apache/http/entity/ContentType;",
      "stack-trace" : "java.lang.NoSuchMethodError: org.apache.http.entity.ContentType.create(Ljava/lang/String;[Lorg/apache/http/NameValuePair;)Lorg/apache/http/entity/ContentType;\n\tat org.apache.http.entity.mime.MultipartEntityBuilder.buildEntity(MultipartEntityBuilder.java:209)\n\tat org.apache.http.entity.mime.MultipartEntityBuilder.build(MultipartEntityBuilder.java:230)\n\tat org.jenkinsci.test.acceptance.update_center.PluginMetadata.uploadTo(PluginMetadata.java:65)\n\tat org.jenkinsci.test.acceptance.po.PluginManager.installPlugins(PluginManager.java:173)\n\tat org.jenkinsci.test.acceptance.junit.WithPlugins$RuleImpl$1.doInstall(WithPlugins.java:139)\n\tat org.jenkinsci.test.acceptance.junit.WithPlugins$RuleImpl$1.installPlugins(WithPlugins.java:119)\n\tat org.jenkinsci.test.acceptance.junit.WithPlugins$RuleImpl$1.evaluate(WithPlugins.java:92)\n\tat org.jenkinsci.test.acceptance.junit.JenkinsAcceptanceTestRule$1$2$1.evaluate(JenkinsAcceptanceTestRule.java:129)\n\tat org.jenkinsci.test.acceptance.junit.FilterRule$1.evaluate(FilterRule.java:62)\n\tat org.jenkinsci.test.acceptance.junit.JenkinsAcceptanceTestRule$1.evaluate(JenkinsAcceptanceTestRule.java:55)\n\tat org.junit.runners.ParentRunner.runLeaf(ParentRunner.java:271)\n\tat org.junit.runners.BlockJUnit4ClassRunner.runChild(BlockJUnit4ClassRunner.java:70)\n\tat org.junit.runners.BlockJUnit4ClassRunner.runChild(BlockJUnit4ClassRunner.java:50)\n\tat org.junit.runners.ParentRunner$3.run(ParentRunner.java:238)\n\tat org.junit.runners.ParentRunner$1.schedule(ParentRunner.java:63)\n\tat org.junit.runners.ParentRunner.runChildren(ParentRunner.java:236)\n\tat org.junit.runners.ParentRunner.access$000(ParentRunner.java:53)\n\tat org.junit.runners.ParentRunner$2.evaluate(ParentRunner.java:229)\n\tat org.junit.runners.ParentRunner.run(ParentRunner.java:309)\n\tat org.apache.maven.surefire.junit4.JUnit4Provider.execute(JUnit4Provider.java:264)\n\tat org.apache.maven.surefire.junit4.JUnit4Provider.executeTestSet(JUnit4Provider.java:153)\n\tat org.apache.maven.surefire.junit4.JUnit4Provider.invoke(JUnit4Provider.java:124)\n\tat org.apache.maven.surefire.booter.ForkedBooter.invokeProviderInSameClassLoader(ForkedBooter.java:200)\n\tat org.apache.maven.surefire.booter.ForkedBooter.runSuitesInProcess(ForkedBooter.java:153)\n\tat org.apache.maven.surefire.booter.ForkedBooter.main(ForkedBooter.java:103)\n"
   },
   "steps" : {
      "step" : [ ]
   },
   "attachments" : {
      "attachment" : [ ]
   },
   "labels" : {
      "label" : [ {
         "name" : "host",
         "value" : "Abduls-MBP.home"
      }, {
         "name" : "thread",
         "value" : "35251@Abduls-MBP.home.main(1)"
      } ]
   }
}
testCase=ru.yandex.qatools.allure.model.TestCase@4b03cbad[
  _id=c2597dab-46fa-45da-8539-b580ad125015
  executionId=62229910-35f6-40ea-8439-ec3c3d9421df
  result=ru.yandex.qatools.allure.model.TestCaseResult@280fafd
]
testCase={
   "_id" : "c2597dab-46fa-45da-8539-b580ad125015",
   "executionId" : "62229910-35f6-40ea-8439-ec3c3d9421df",
   "result" : {
      "start" : 1443742784223,
      "stop" : 1443742850079,
      "status" : "broken",
      "name" : "should_set_warnings_count_in_list_view_column",
      "failure" : {
         "message" : "NoSuchMethodError: org.apache.http.entity.ContentType.create(Ljava/lang/String;[Lorg/apache/http/NameValuePair;)Lorg/apache/http/entity/ContentType;",
         "stack-trace" : "java.lang.NoSuchMethodError: org.apache.http.entity.ContentType.create(Ljava/lang/String;[Lorg/apache/http/NameValuePair;)Lorg/apache/http/entity/ContentType;\n\tat org.apache.http.entity.mime.MultipartEntityBuilder.buildEntity(MultipartEntityBuilder.java:209)\n\tat org.apache.http.entity.mime.MultipartEntityBuilder.build(MultipartEntityBuilder.java:230)\n\tat org.jenkinsci.test.acceptance.update_center.PluginMetadata.uploadTo(PluginMetadata.java:65)\n\tat org.jenkinsci.test.acceptance.po.PluginManager.installPlugins(PluginManager.java:173)\n\tat org.jenkinsci.test.acceptance.junit.WithPlugins$RuleImpl$1.doInstall(WithPlugins.java:139)\n\tat org.jenkinsci.test.acceptance.junit.WithPlugins$RuleImpl$1.installPlugins(WithPlugins.java:119)\n\tat org.jenkinsci.test.acceptance.junit.WithPlugins$RuleImpl$1.evaluate(WithPlugins.java:92)\n\tat org.jenkinsci.test.acceptance.junit.JenkinsAcceptanceTestRule$1$2$1.evaluate(JenkinsAcceptanceTestRule.java:129)\n\tat org.jenkinsci.test.acceptance.junit.FilterRule$1.evaluate(FilterRule.java:62)\n\tat org.jenkinsci.test.acceptance.junit.JenkinsAcceptanceTestRule$1.evaluate(JenkinsAcceptanceTestRule.java:55)\n\tat org.junit.runners.ParentRunner.runLeaf(ParentRunner.java:271)\n\tat org.junit.runners.BlockJUnit4ClassRunner.runChild(BlockJUnit4ClassRunner.java:70)\n\tat org.junit.runners.BlockJUnit4ClassRunner.runChild(BlockJUnit4ClassRunner.java:50)\n\tat org.junit.runners.ParentRunner$3.run(ParentRunner.java:238)\n\tat org.junit.runners.ParentRunner$1.schedule(ParentRunner.java:63)\n\tat org.junit.runners.ParentRunner.runChildren(ParentRunner.java:236)\n\tat org.junit.runners.ParentRunner.access$000(ParentRunner.java:53)\n\tat org.junit.runners.ParentRunner$2.evaluate(ParentRunner.java:229)\n\tat org.junit.runners.ParentRunner.run(ParentRunner.java:309)\n\tat org.apache.maven.surefire.junit4.JUnit4Provider.execute(JUnit4Provider.java:264)\n\tat org.apache.maven.surefire.junit4.JUnit4Provider.executeTestSet(JUnit4Provider.java:153)\n\tat org.apache.maven.surefire.junit4.JUnit4Provider.invoke(JUnit4Provider.java:124)\n\tat org.apache.maven.surefire.booter.ForkedBooter.invokeProviderInSameClassLoader(ForkedBooter.java:200)\n\tat org.apache.maven.surefire.booter.ForkedBooter.runSuitesInProcess(ForkedBooter.java:153)\n\tat org.apache.maven.surefire.booter.ForkedBooter.main(ForkedBooter.java:103)\n"
      },
      "steps" : {
         "step" : [ ]
      },
      "attachments" : {
         "attachment" : [ ]
      },
      "labels" : {
         "label" : [ {
            "name" : "host",
            "value" : "Abduls-MBP.home"
         }, {
            "name" : "thread",
            "value" : "35251@Abduls-MBP.home.main(1)"
         } ]
      }
   }
}
>>>REQUEST: /testdb/TestCase
[WARN] [10/01/2015 19:40:50.102] [default-akka.actor.default-dispatcher-18] [ActorSystem(default)] Illegal response header: Illegal 'etag' header: Invalid input '5', expected 'W' or '"' (line 1, column 1): 560dc482fbeaf7a200c9be8f
^
<<<RESPONSE (201 Created): /testdb/TestCase
running with given plugins: []
=== Starting should_link_to_source_code_in_real_project(plugins.CheckStylePluginTest)
Starting Jenkins: JAVA_HOME=/Library/Java/JavaVirtualMachines/jdk1.8.0_60.jdk/Contents/Home JENKINS_HOME=/Users/abduljewel/Documents/c/spiderqa/sample-test-projects/acceptance-test-harness/target/jenkins8048204932832159292home /Library/Java/JavaVirtualMachines/jdk1.8.0_60.jdk/Contents/Home/bin/java -Duser.language=en -jar ./jenkins.war --ajp13Port=-1 --httpPort=59070
master59070|Running from: /Users/abduljewel/Documents/c/spiderqa/sample-test-projects/acceptance-test-harness/jenkins.war
master59070|webroot: EnvVars.masterEnvVars.get("JENKINS_HOME")
master59070|Oct 01, 2015 7:40:51 PM winstone.Logger logInternal
master59070|INFO: Beginning extraction from war file
master59070|Oct 01, 2015 7:40:54 PM org.eclipse.jetty.util.log.JavaUtilLog info
master59070|INFO: jetty-winstone-2.8
master59070|Oct 01, 2015 7:40:59 PM org.eclipse.jetty.util.log.JavaUtilLog info
master59070|INFO: NO JSP Support for , did not find org.apache.jasper.servlet.JspServlet
master59070|Jenkins home directory: /Users/abduljewel/Documents/c/spiderqa/sample-test-projects/acceptance-test-harness/target/jenkins8048204932832159292home found at: EnvVars.masterEnvVars.get("JENKINS_HOME")
master59070|Oct 01, 2015 7:41:02 PM org.eclipse.jetty.util.log.JavaUtilLog info
master59070|INFO: Started SelectChannelConnector@0.0.0.0:59070
master59070|Oct 01, 2015 7:41:02 PM winstone.Logger logInternal
master59070|INFO: Winstone Servlet Engine v2.0 running: controlPort=disabled
master59070|Oct 01, 2015 7:41:02 PM jenkins.InitReactorRunner$1 onAttained
master59070|INFO: Started initialization
master59070|Oct 01, 2015 7:41:34 PM jenkins.InitReactorRunner$1 onAttained
master59070|INFO: Listed all plugins
master59070|Oct 01, 2015 7:41:34 PM jenkins.InitReactorRunner$1 onAttained
master59070|INFO: Prepared all plugins
master59070|Oct 01, 2015 7:41:34 PM jenkins.InitReactorRunner$1 onAttained
master59070|INFO: Started all plugins
master59070|Oct 01, 2015 7:41:34 PM jenkins.InitReactorRunner$1 onAttained
master59070|INFO: Augmented all extensions
master59070|Oct 01, 2015 7:41:39 PM jenkins.InitReactorRunner$1 onAttained
master59070|INFO: Loaded all jobs
master59070|Oct 01, 2015 7:41:45 PM hudson.model.AsyncPeriodicWork$1 run
master59070|INFO: Started Download metadata
master59070|Oct 01, 2015 7:41:45 PM org.jenkinsci.main.modules.sshd.SSHD start
master59070|INFO: Started SSHD at port 64512
master59070|Oct 01, 2015 7:41:45 PM jenkins.InitReactorRunner$1 onAttained
master59070|INFO: Completed initialization
master59070|Oct 01, 2015 7:41:45 PM hudson.UDPBroadcastThread run
master59070|WARNING: UDP handling problem
master59070|java.net.SocketException: Can't assign requested address
master59070|	at java.net.PlainDatagramSocketImpl.join(Native Method)
master59070|	at java.net.AbstractPlainDatagramSocketImpl.join(AbstractPlainDatagramSocketImpl.java:179)
master59070|	at java.net.MulticastSocket.joinGroup(MulticastSocket.java:323)
master59070|	at hudson.UDPBroadcastThread.run(UDPBroadcastThread.java:77)
master59070|
master59070|Oct 01, 2015 7:41:45 PM hudson.WebAppMain$3 run
master59070|INFO: Jenkins is fully up and running
master59070|Oct 01, 2015 7:41:50 PM hudson.model.UpdateSite updateData
master59070|INFO: Obtained the latest update center data file for UpdateSource default
master59070|Oct 01, 2015 7:41:51 PM hudson.model.DownloadService$Downloadable load
master59070|INFO: Obtained the updated data file for hudson.tasks.Maven.MavenInstaller
master59070|Oct 01, 2015 7:41:51 PM hudson.model.DownloadService$Downloadable load
master59070|INFO: Obtained the updated data file for hudson.tasks.Ant.AntInstaller
master59070|Oct 01, 2015 7:41:52 PM hudson.model.DownloadService$Downloadable load
master59070|INFO: Obtained the updated data file for hudson.tools.JDKInstaller
master59070|Oct 01, 2015 7:41:52 PM hudson.model.AsyncPeriodicWork$1 run
master59070|INFO: Finished Download metadata. 7,620 ms
Jenkins is stopped
]]></system-out>
    <system-err><![CDATA[Oct 01, 2015 7:40:50 PM org.jenkinsci.test.acceptance.controller.LocalController startNow
INFO: Waiting for Jenkins to become running in http://127.0.0.1:59070/
Oct 01, 2015 7:41:45 PM org.jenkinsci.test.acceptance.controller.LocalController startNow
INFO: Jenkins is running in http://127.0.0.1:59070/
Oct 01, 2015 7:41:54 PM org.jenkinsci.test.acceptance.po.PluginManager installationStatus
INFO: checkstyle is not installed
Oct 01, 2015 7:41:54 PM org.jenkinsci.test.acceptance.po.PluginManager installationStatus
INFO: checkstyle is not installed
Oct 01, 2015 7:41:57 PM org.jenkinsci.test.acceptance.po.PluginManager installationStatus
INFO: script-security has version 1.13 but 1.15 was requested
]]></system-err>
  </testcase>
  <testcase name="should_set_result_in_build_sequence_when_comparing_to_previous_build" classname="plugins.CheckStylePluginTest" time="83.75">
    <error message="org.apache.http.entity.ContentType.create(Ljava/lang/String;[Lorg/apache/http/NameValuePair;)Lorg/apache/http/entity/ContentType;" type="java.lang.NoSuchMethodError">java.lang.NoSuchMethodError: org.apache.http.entity.ContentType.create(Ljava/lang/String;[Lorg/apache/http/NameValuePair;)Lorg/apache/http/entity/ContentType;
	at org.apache.http.entity.mime.MultipartEntityBuilder.buildEntity(MultipartEntityBuilder.java:209)
	at org.apache.http.entity.mime.MultipartEntityBuilder.build(MultipartEntityBuilder.java:230)
	at org.jenkinsci.test.acceptance.update_center.PluginMetadata.uploadTo(PluginMetadata.java:65)
	at org.jenkinsci.test.acceptance.po.PluginManager.installPlugins(PluginManager.java:173)
	at org.jenkinsci.test.acceptance.junit.WithPlugins$RuleImpl$1.doInstall(WithPlugins.java:139)
	at org.jenkinsci.test.acceptance.junit.WithPlugins$RuleImpl$1.installPlugins(WithPlugins.java:119)
	at org.jenkinsci.test.acceptance.junit.WithPlugins$RuleImpl$1.evaluate(WithPlugins.java:92)
	at org.jenkinsci.test.acceptance.junit.JenkinsAcceptanceTestRule$1$2$1.evaluate(JenkinsAcceptanceTestRule.java:129)
	at org.jenkinsci.test.acceptance.junit.FilterRule$1.evaluate(FilterRule.java:62)
	at org.jenkinsci.test.acceptance.junit.JenkinsAcceptanceTestRule$1.evaluate(JenkinsAcceptanceTestRule.java:55)
	at org.junit.runners.ParentRunner.runLeaf(ParentRunner.java:271)
	at org.junit.runners.BlockJUnit4ClassRunner.runChild(BlockJUnit4ClassRunner.java:70)
	at org.junit.runners.BlockJUnit4ClassRunner.runChild(BlockJUnit4ClassRunner.java:50)
	at org.junit.runners.ParentRunner$3.run(ParentRunner.java:238)
	at org.junit.runners.ParentRunner$1.schedule(ParentRunner.java:63)
	at org.junit.runners.ParentRunner.runChildren(ParentRunner.java:236)
	at org.junit.runners.ParentRunner.access$000(ParentRunner.java:53)
	at org.junit.runners.ParentRunner$2.evaluate(ParentRunner.java:229)
	at org.junit.runners.ParentRunner.run(ParentRunner.java:309)
	at org.apache.maven.surefire.junit4.JUnit4Provider.execute(JUnit4Provider.java:264)
	at org.apache.maven.surefire.junit4.JUnit4Provider.executeTestSet(JUnit4Provider.java:153)
	at org.apache.maven.surefire.junit4.JUnit4Provider.invoke(JUnit4Provider.java:124)
	at org.apache.maven.surefire.booter.ForkedBooter.invokeProviderInSameClassLoader(ForkedBooter.java:200)
	at org.apache.maven.surefire.booter.ForkedBooter.runSuitesInProcess(ForkedBooter.java:153)
	at org.apache.maven.surefire.booter.ForkedBooter.main(ForkedBooter.java:103)
</error>
    <system-out><![CDATA[testCaseResult=ru.yandex.qatools.allure.model.TestCaseResult@551be9f6[
  name=should_link_to_source_code_in_real_project
  title=<null>
  description=<null>
  failure=ru.yandex.qatools.allure.model.Failure@269222ae
  start=1443742850098
  stop=1443742917712
  status=BROKEN
  severity=<null>
  steps=[]
  attachments=[]
  labels=[ru.yandex.qatools.allure.model.Label@13250132, ru.yandex.qatools.allure.model.Label@40d848f9]
  parameters=<null>
]
testCaseResult={
   "start" : 1443742850098,
   "stop" : 1443742917712,
   "status" : "broken",
   "name" : "should_link_to_source_code_in_real_project",
   "failure" : {
      "message" : "NoSuchMethodError: org.apache.http.entity.ContentType.create(Ljava/lang/String;[Lorg/apache/http/NameValuePair;)Lorg/apache/http/entity/ContentType;",
      "stack-trace" : "java.lang.NoSuchMethodError: org.apache.http.entity.ContentType.create(Ljava/lang/String;[Lorg/apache/http/NameValuePair;)Lorg/apache/http/entity/ContentType;\n\tat org.apache.http.entity.mime.MultipartEntityBuilder.buildEntity(MultipartEntityBuilder.java:209)\n\tat org.apache.http.entity.mime.MultipartEntityBuilder.build(MultipartEntityBuilder.java:230)\n\tat org.jenkinsci.test.acceptance.update_center.PluginMetadata.uploadTo(PluginMetadata.java:65)\n\tat org.jenkinsci.test.acceptance.po.PluginManager.installPlugins(PluginManager.java:173)\n\tat org.jenkinsci.test.acceptance.junit.WithPlugins$RuleImpl$1.doInstall(WithPlugins.java:139)\n\tat org.jenkinsci.test.acceptance.junit.WithPlugins$RuleImpl$1.installPlugins(WithPlugins.java:119)\n\tat org.jenkinsci.test.acceptance.junit.WithPlugins$RuleImpl$1.evaluate(WithPlugins.java:92)\n\tat org.jenkinsci.test.acceptance.junit.JenkinsAcceptanceTestRule$1$2$1.evaluate(JenkinsAcceptanceTestRule.java:129)\n\tat org.jenkinsci.test.acceptance.junit.FilterRule$1.evaluate(FilterRule.java:62)\n\tat org.jenkinsci.test.acceptance.junit.JenkinsAcceptanceTestRule$1.evaluate(JenkinsAcceptanceTestRule.java:55)\n\tat org.junit.runners.ParentRunner.runLeaf(ParentRunner.java:271)\n\tat org.junit.runners.BlockJUnit4ClassRunner.runChild(BlockJUnit4ClassRunner.java:70)\n\tat org.junit.runners.BlockJUnit4ClassRunner.runChild(BlockJUnit4ClassRunner.java:50)\n\tat org.junit.runners.ParentRunner$3.run(ParentRunner.java:238)\n\tat org.junit.runners.ParentRunner$1.schedule(ParentRunner.java:63)\n\tat org.junit.runners.ParentRunner.runChildren(ParentRunner.java:236)\n\tat org.junit.runners.ParentRunner.access$000(ParentRunner.java:53)\n\tat org.junit.runners.ParentRunner$2.evaluate(ParentRunner.java:229)\n\tat org.junit.runners.ParentRunner.run(ParentRunner.java:309)\n\tat org.apache.maven.surefire.junit4.JUnit4Provider.execute(JUnit4Provider.java:264)\n\tat org.apache.maven.surefire.junit4.JUnit4Provider.executeTestSet(JUnit4Provider.java:153)\n\tat org.apache.maven.surefire.junit4.JUnit4Provider.invoke(JUnit4Provider.java:124)\n\tat org.apache.maven.surefire.booter.ForkedBooter.invokeProviderInSameClassLoader(ForkedBooter.java:200)\n\tat org.apache.maven.surefire.booter.ForkedBooter.runSuitesInProcess(ForkedBooter.java:153)\n\tat org.apache.maven.surefire.booter.ForkedBooter.main(ForkedBooter.java:103)\n"
   },
   "steps" : {
      "step" : [ ]
   },
   "attachments" : {
      "attachment" : [ ]
   },
   "labels" : {
      "label" : [ {
         "name" : "host",
         "value" : "Abduls-MBP.home"
      }, {
         "name" : "thread",
         "value" : "35251@Abduls-MBP.home.main(1)"
      } ]
   }
}
testCase=ru.yandex.qatools.allure.model.TestCase@4a864d4d[
  _id=e1fdc2bc-93f2-4fd7-90c5-c6af8eebd3af
  executionId=62229910-35f6-40ea-8439-ec3c3d9421df
  result=ru.yandex.qatools.allure.model.TestCaseResult@551be9f6
]
testCase={
   "_id" : "e1fdc2bc-93f2-4fd7-90c5-c6af8eebd3af",
   "executionId" : "62229910-35f6-40ea-8439-ec3c3d9421df",
   "result" : {
      "start" : 1443742850098,
      "stop" : 1443742917712,
      "status" : "broken",
      "name" : "should_link_to_source_code_in_real_project",
      "failure" : {
         "message" : "NoSuchMethodError: org.apache.http.entity.ContentType.create(Ljava/lang/String;[Lorg/apache/http/NameValuePair;)Lorg/apache/http/entity/ContentType;",
         "stack-trace" : "java.lang.NoSuchMethodError: org.apache.http.entity.ContentType.create(Ljava/lang/String;[Lorg/apache/http/NameValuePair;)Lorg/apache/http/entity/ContentType;\n\tat org.apache.http.entity.mime.MultipartEntityBuilder.buildEntity(MultipartEntityBuilder.java:209)\n\tat org.apache.http.entity.mime.MultipartEntityBuilder.build(MultipartEntityBuilder.java:230)\n\tat org.jenkinsci.test.acceptance.update_center.PluginMetadata.uploadTo(PluginMetadata.java:65)\n\tat org.jenkinsci.test.acceptance.po.PluginManager.installPlugins(PluginManager.java:173)\n\tat org.jenkinsci.test.acceptance.junit.WithPlugins$RuleImpl$1.doInstall(WithPlugins.java:139)\n\tat org.jenkinsci.test.acceptance.junit.WithPlugins$RuleImpl$1.installPlugins(WithPlugins.java:119)\n\tat org.jenkinsci.test.acceptance.junit.WithPlugins$RuleImpl$1.evaluate(WithPlugins.java:92)\n\tat org.jenkinsci.test.acceptance.junit.JenkinsAcceptanceTestRule$1$2$1.evaluate(JenkinsAcceptanceTestRule.java:129)\n\tat org.jenkinsci.test.acceptance.junit.FilterRule$1.evaluate(FilterRule.java:62)\n\tat org.jenkinsci.test.acceptance.junit.JenkinsAcceptanceTestRule$1.evaluate(JenkinsAcceptanceTestRule.java:55)\n\tat org.junit.runners.ParentRunner.runLeaf(ParentRunner.java:271)\n\tat org.junit.runners.BlockJUnit4ClassRunner.runChild(BlockJUnit4ClassRunner.java:70)\n\tat org.junit.runners.BlockJUnit4ClassRunner.runChild(BlockJUnit4ClassRunner.java:50)\n\tat org.junit.runners.ParentRunner$3.run(ParentRunner.java:238)\n\tat org.junit.runners.ParentRunner$1.schedule(ParentRunner.java:63)\n\tat org.junit.runners.ParentRunner.runChildren(ParentRunner.java:236)\n\tat org.junit.runners.ParentRunner.access$000(ParentRunner.java:53)\n\tat org.junit.runners.ParentRunner$2.evaluate(ParentRunner.java:229)\n\tat org.junit.runners.ParentRunner.run(ParentRunner.java:309)\n\tat org.apache.maven.surefire.junit4.JUnit4Provider.execute(JUnit4Provider.java:264)\n\tat org.apache.maven.surefire.junit4.JUnit4Provider.executeTestSet(JUnit4Provider.java:153)\n\tat org.apache.maven.surefire.junit4.JUnit4Provider.invoke(JUnit4Provider.java:124)\n\tat org.apache.maven.surefire.booter.ForkedBooter.invokeProviderInSameClassLoader(ForkedBooter.java:200)\n\tat org.apache.maven.surefire.booter.ForkedBooter.runSuitesInProcess(ForkedBooter.java:153)\n\tat org.apache.maven.surefire.booter.ForkedBooter.main(ForkedBooter.java:103)\n"
      },
      "steps" : {
         "step" : [ ]
      },
      "attachments" : {
         "attachment" : [ ]
      },
      "labels" : {
         "label" : [ {
            "name" : "host",
            "value" : "Abduls-MBP.home"
         }, {
            "name" : "thread",
            "value" : "35251@Abduls-MBP.home.main(1)"
         } ]
      }
   }
}
>>>REQUEST: /testdb/TestCase
[WARN] [10/01/2015 19:41:57.730] [default-akka.actor.default-dispatcher-39] [ActorSystem(default)] Illegal response header: Illegal 'etag' header: Invalid input '5', expected 'W' or '"' (line 1, column 1): 560dc4c5fbeaf7a200c9be93
^
<<<RESPONSE (201 Created): /testdb/TestCase
running with given plugins: []
=== Starting should_set_result_in_build_sequence_when_comparing_to_previous_build(plugins.CheckStylePluginTest)
Starting Jenkins: JAVA_HOME=/Library/Java/JavaVirtualMachines/jdk1.8.0_60.jdk/Contents/Home JENKINS_HOME=/Users/abduljewel/Documents/c/spiderqa/sample-test-projects/acceptance-test-harness/target/jenkins393776169288574307home /Library/Java/JavaVirtualMachines/jdk1.8.0_60.jdk/Contents/Home/bin/java -Duser.language=en -jar ./jenkins.war --ajp13Port=-1 --httpPort=63581
master63581|Running from: /Users/abduljewel/Documents/c/spiderqa/sample-test-projects/acceptance-test-harness/jenkins.war
master63581|webroot: EnvVars.masterEnvVars.get("JENKINS_HOME")
master63581|Oct 01, 2015 7:41:58 PM winstone.Logger logInternal
master63581|INFO: Beginning extraction from war file
master63581|Oct 01, 2015 7:42:02 PM org.eclipse.jetty.util.log.JavaUtilLog info
master63581|INFO: jetty-winstone-2.8
master63581|Oct 01, 2015 7:42:08 PM org.eclipse.jetty.util.log.JavaUtilLog info
master63581|INFO: NO JSP Support for , did not find org.apache.jasper.servlet.JspServlet
master63581|Jenkins home directory: /Users/abduljewel/Documents/c/spiderqa/sample-test-projects/acceptance-test-harness/target/jenkins393776169288574307home found at: EnvVars.masterEnvVars.get("JENKINS_HOME")
master63581|Oct 01, 2015 7:42:12 PM org.eclipse.jetty.util.log.JavaUtilLog info
master63581|INFO: Started SelectChannelConnector@0.0.0.0:63581
master63581|Oct 01, 2015 7:42:12 PM winstone.Logger logInternal
master63581|INFO: Winstone Servlet Engine v2.0 running: controlPort=disabled
master63581|Oct 01, 2015 7:42:13 PM jenkins.InitReactorRunner$1 onAttained
master63581|INFO: Started initialization
master63581|Oct 01, 2015 7:42:55 PM jenkins.InitReactorRunner$1 onAttained
master63581|INFO: Listed all plugins
master63581|Oct 01, 2015 7:42:55 PM jenkins.InitReactorRunner$1 onAttained
master63581|INFO: Prepared all plugins
master63581|Oct 01, 2015 7:42:56 PM jenkins.InitReactorRunner$1 onAttained
master63581|INFO: Started all plugins
master63581|Oct 01, 2015 7:42:56 PM jenkins.InitReactorRunner$1 onAttained
master63581|INFO: Augmented all extensions
master63581|Oct 01, 2015 7:43:02 PM jenkins.InitReactorRunner$1 onAttained
master63581|INFO: Loaded all jobs
master63581|Oct 01, 2015 7:43:08 PM hudson.model.AsyncPeriodicWork$1 run
master63581|INFO: Started Download metadata
master63581|Oct 01, 2015 7:43:08 PM org.jenkinsci.main.modules.sshd.SSHD start
master63581|INFO: Started SSHD at port 65023
master63581|Oct 01, 2015 7:43:08 PM jenkins.InitReactorRunner$1 onAttained
master63581|INFO: Completed initialization
master63581|Oct 01, 2015 7:43:08 PM hudson.UDPBroadcastThread run
master63581|WARNING: UDP handling problem
master63581|java.net.SocketException: Can't assign requested address
master63581|	at java.net.PlainDatagramSocketImpl.join(Native Method)
master63581|	at java.net.AbstractPlainDatagramSocketImpl.join(AbstractPlainDatagramSocketImpl.java:179)
master63581|	at java.net.MulticastSocket.joinGroup(MulticastSocket.java:323)
master63581|	at hudson.UDPBroadcastThread.run(UDPBroadcastThread.java:77)
master63581|
master63581|Oct 01, 2015 7:43:08 PM hudson.WebAppMain$3 run
master63581|INFO: Jenkins is fully up and running
master63581|Oct 01, 2015 7:43:11 PM hudson.model.UpdateSite updateData
master63581|INFO: Obtained the latest update center data file for UpdateSource default
master63581|Oct 01, 2015 7:43:12 PM hudson.model.DownloadService$Downloadable load
master63581|INFO: Obtained the updated data file for hudson.tasks.Maven.MavenInstaller
master63581|Oct 01, 2015 7:43:12 PM hudson.model.DownloadService$Downloadable load
master63581|INFO: Obtained the updated data file for hudson.tasks.Ant.AntInstaller
master63581|Oct 01, 2015 7:43:13 PM hudson.model.DownloadService$Downloadable load
master63581|INFO: Obtained the updated data file for hudson.tools.JDKInstaller
master63581|Oct 01, 2015 7:43:13 PM hudson.model.AsyncPeriodicWork$1 run
master63581|INFO: Finished Download metadata. 5,185 ms
Jenkins is stopped
]]></system-out>
    <system-err><![CDATA[Oct 01, 2015 7:41:57 PM org.jenkinsci.test.acceptance.controller.LocalController startNow
INFO: Waiting for Jenkins to become running in http://127.0.0.1:63581/
Oct 01, 2015 7:43:08 PM org.jenkinsci.test.acceptance.controller.LocalController startNow
INFO: Jenkins is running in http://127.0.0.1:63581/
Oct 01, 2015 7:43:17 PM org.jenkinsci.test.acceptance.po.PluginManager installationStatus
INFO: checkstyle is not installed
Oct 01, 2015 7:43:17 PM org.jenkinsci.test.acceptance.po.PluginManager installationStatus
INFO: checkstyle is not installed
Oct 01, 2015 7:43:20 PM org.jenkinsci.test.acceptance.po.PluginManager installationStatus
INFO: script-security has version 1.13 but 1.15 was requested
]]></system-err>
  </testcase>
  <testcase name="should_group_warnings_by_module" classname="plugins.CheckStylePluginTest" time="81.459">
    <error message="org.apache.http.entity.ContentType.create(Ljava/lang/String;[Lorg/apache/http/NameValuePair;)Lorg/apache/http/entity/ContentType;" type="java.lang.NoSuchMethodError">java.lang.NoSuchMethodError: org.apache.http.entity.ContentType.create(Ljava/lang/String;[Lorg/apache/http/NameValuePair;)Lorg/apache/http/entity/ContentType;
	at org.apache.http.entity.mime.MultipartEntityBuilder.buildEntity(MultipartEntityBuilder.java:209)
	at org.apache.http.entity.mime.MultipartEntityBuilder.build(MultipartEntityBuilder.java:230)
	at org.jenkinsci.test.acceptance.update_center.PluginMetadata.uploadTo(PluginMetadata.java:65)
	at org.jenkinsci.test.acceptance.po.PluginManager.installPlugins(PluginManager.java:173)
	at org.jenkinsci.test.acceptance.junit.WithPlugins$RuleImpl$1.doInstall(WithPlugins.java:139)
	at org.jenkinsci.test.acceptance.junit.WithPlugins$RuleImpl$1.installPlugins(WithPlugins.java:119)
	at org.jenkinsci.test.acceptance.junit.WithPlugins$RuleImpl$1.evaluate(WithPlugins.java:92)
	at org.jenkinsci.test.acceptance.junit.JenkinsAcceptanceTestRule$1$2$1.evaluate(JenkinsAcceptanceTestRule.java:129)
	at org.jenkinsci.test.acceptance.junit.FilterRule$1.evaluate(FilterRule.java:62)
	at org.jenkinsci.test.acceptance.junit.JenkinsAcceptanceTestRule$1.evaluate(JenkinsAcceptanceTestRule.java:55)
	at org.junit.runners.ParentRunner.runLeaf(ParentRunner.java:271)
	at org.junit.runners.BlockJUnit4ClassRunner.runChild(BlockJUnit4ClassRunner.java:70)
	at org.junit.runners.BlockJUnit4ClassRunner.runChild(BlockJUnit4ClassRunner.java:50)
	at org.junit.runners.ParentRunner$3.run(ParentRunner.java:238)
	at org.junit.runners.ParentRunner$1.schedule(ParentRunner.java:63)
	at org.junit.runners.ParentRunner.runChildren(ParentRunner.java:236)
	at org.junit.runners.ParentRunner.access$000(ParentRunner.java:53)
	at org.junit.runners.ParentRunner$2.evaluate(ParentRunner.java:229)
	at org.junit.runners.ParentRunner.run(ParentRunner.java:309)
	at org.apache.maven.surefire.junit4.JUnit4Provider.execute(JUnit4Provider.java:264)
	at org.apache.maven.surefire.junit4.JUnit4Provider.executeTestSet(JUnit4Provider.java:153)
	at org.apache.maven.surefire.junit4.JUnit4Provider.invoke(JUnit4Provider.java:124)
	at org.apache.maven.surefire.booter.ForkedBooter.invokeProviderInSameClassLoader(ForkedBooter.java:200)
	at org.apache.maven.surefire.booter.ForkedBooter.runSuitesInProcess(ForkedBooter.java:153)
	at org.apache.maven.surefire.booter.ForkedBooter.main(ForkedBooter.java:103)
</error>
    <system-out><![CDATA[testCaseResult=ru.yandex.qatools.allure.model.TestCaseResult@3709748f[
  name=should_set_result_in_build_sequence_when_comparing_to_previous_build
  title=<null>
  description=<null>
  failure=ru.yandex.qatools.allure.model.Failure@79ecc507
  start=1443742917723
  stop=1443743002113
  status=BROKEN
  severity=<null>
  steps=[]
  attachments=[]
  labels=[ru.yandex.qatools.allure.model.Label@6ef2f7ad, ru.yandex.qatools.allure.model.Label@22d477c2]
  parameters=<null>
]
testCaseResult={
   "start" : 1443742917723,
   "stop" : 1443743002113,
   "status" : "broken",
   "name" : "should_set_result_in_build_sequence_when_comparing_to_previous_build",
   "failure" : {
      "message" : "NoSuchMethodError: org.apache.http.entity.ContentType.create(Ljava/lang/String;[Lorg/apache/http/NameValuePair;)Lorg/apache/http/entity/ContentType;",
      "stack-trace" : "java.lang.NoSuchMethodError: org.apache.http.entity.ContentType.create(Ljava/lang/String;[Lorg/apache/http/NameValuePair;)Lorg/apache/http/entity/ContentType;\n\tat org.apache.http.entity.mime.MultipartEntityBuilder.buildEntity(MultipartEntityBuilder.java:209)\n\tat org.apache.http.entity.mime.MultipartEntityBuilder.build(MultipartEntityBuilder.java:230)\n\tat org.jenkinsci.test.acceptance.update_center.PluginMetadata.uploadTo(PluginMetadata.java:65)\n\tat org.jenkinsci.test.acceptance.po.PluginManager.installPlugins(PluginManager.java:173)\n\tat org.jenkinsci.test.acceptance.junit.WithPlugins$RuleImpl$1.doInstall(WithPlugins.java:139)\n\tat org.jenkinsci.test.acceptance.junit.WithPlugins$RuleImpl$1.installPlugins(WithPlugins.java:119)\n\tat org.jenkinsci.test.acceptance.junit.WithPlugins$RuleImpl$1.evaluate(WithPlugins.java:92)\n\tat org.jenkinsci.test.acceptance.junit.JenkinsAcceptanceTestRule$1$2$1.evaluate(JenkinsAcceptanceTestRule.java:129)\n\tat org.jenkinsci.test.acceptance.junit.FilterRule$1.evaluate(FilterRule.java:62)\n\tat org.jenkinsci.test.acceptance.junit.JenkinsAcceptanceTestRule$1.evaluate(JenkinsAcceptanceTestRule.java:55)\n\tat org.junit.runners.ParentRunner.runLeaf(ParentRunner.java:271)\n\tat org.junit.runners.BlockJUnit4ClassRunner.runChild(BlockJUnit4ClassRunner.java:70)\n\tat org.junit.runners.BlockJUnit4ClassRunner.runChild(BlockJUnit4ClassRunner.java:50)\n\tat org.junit.runners.ParentRunner$3.run(ParentRunner.java:238)\n\tat org.junit.runners.ParentRunner$1.schedule(ParentRunner.java:63)\n\tat org.junit.runners.ParentRunner.runChildren(ParentRunner.java:236)\n\tat org.junit.runners.ParentRunner.access$000(ParentRunner.java:53)\n\tat org.junit.runners.ParentRunner$2.evaluate(ParentRunner.java:229)\n\tat org.junit.runners.ParentRunner.run(ParentRunner.java:309)\n\tat org.apache.maven.surefire.junit4.JUnit4Provider.execute(JUnit4Provider.java:264)\n\tat org.apache.maven.surefire.junit4.JUnit4Provider.executeTestSet(JUnit4Provider.java:153)\n\tat org.apache.maven.surefire.junit4.JUnit4Provider.invoke(JUnit4Provider.java:124)\n\tat org.apache.maven.surefire.booter.ForkedBooter.invokeProviderInSameClassLoader(ForkedBooter.java:200)\n\tat org.apache.maven.surefire.booter.ForkedBooter.runSuitesInProcess(ForkedBooter.java:153)\n\tat org.apache.maven.surefire.booter.ForkedBooter.main(ForkedBooter.java:103)\n"
   },
   "steps" : {
      "step" : [ ]
   },
   "attachments" : {
      "attachment" : [ ]
   },
   "labels" : {
      "label" : [ {
         "name" : "host",
         "value" : "Abduls-MBP.home"
      }, {
         "name" : "thread",
         "value" : "35251@Abduls-MBP.home.main(1)"
      } ]
   }
}
testCase=ru.yandex.qatools.allure.model.TestCase@5e85c21b[
  _id=3f5eb8ca-1d6f-4c2b-884e-780878e74409
  executionId=62229910-35f6-40ea-8439-ec3c3d9421df
  result=ru.yandex.qatools.allure.model.TestCaseResult@3709748f
]
testCase={
   "_id" : "3f5eb8ca-1d6f-4c2b-884e-780878e74409",
   "executionId" : "62229910-35f6-40ea-8439-ec3c3d9421df",
   "result" : {
      "start" : 1443742917723,
      "stop" : 1443743002113,
      "status" : "broken",
      "name" : "should_set_result_in_build_sequence_when_comparing_to_previous_build",
      "failure" : {
         "message" : "NoSuchMethodError: org.apache.http.entity.ContentType.create(Ljava/lang/String;[Lorg/apache/http/NameValuePair;)Lorg/apache/http/entity/ContentType;",
         "stack-trace" : "java.lang.NoSuchMethodError: org.apache.http.entity.ContentType.create(Ljava/lang/String;[Lorg/apache/http/NameValuePair;)Lorg/apache/http/entity/ContentType;\n\tat org.apache.http.entity.mime.MultipartEntityBuilder.buildEntity(MultipartEntityBuilder.java:209)\n\tat org.apache.http.entity.mime.MultipartEntityBuilder.build(MultipartEntityBuilder.java:230)\n\tat org.jenkinsci.test.acceptance.update_center.PluginMetadata.uploadTo(PluginMetadata.java:65)\n\tat org.jenkinsci.test.acceptance.po.PluginManager.installPlugins(PluginManager.java:173)\n\tat org.jenkinsci.test.acceptance.junit.WithPlugins$RuleImpl$1.doInstall(WithPlugins.java:139)\n\tat org.jenkinsci.test.acceptance.junit.WithPlugins$RuleImpl$1.installPlugins(WithPlugins.java:119)\n\tat org.jenkinsci.test.acceptance.junit.WithPlugins$RuleImpl$1.evaluate(WithPlugins.java:92)\n\tat org.jenkinsci.test.acceptance.junit.JenkinsAcceptanceTestRule$1$2$1.evaluate(JenkinsAcceptanceTestRule.java:129)\n\tat org.jenkinsci.test.acceptance.junit.FilterRule$1.evaluate(FilterRule.java:62)\n\tat org.jenkinsci.test.acceptance.junit.JenkinsAcceptanceTestRule$1.evaluate(JenkinsAcceptanceTestRule.java:55)\n\tat org.junit.runners.ParentRunner.runLeaf(ParentRunner.java:271)\n\tat org.junit.runners.BlockJUnit4ClassRunner.runChild(BlockJUnit4ClassRunner.java:70)\n\tat org.junit.runners.BlockJUnit4ClassRunner.runChild(BlockJUnit4ClassRunner.java:50)\n\tat org.junit.runners.ParentRunner$3.run(ParentRunner.java:238)\n\tat org.junit.runners.ParentRunner$1.schedule(ParentRunner.java:63)\n\tat org.junit.runners.ParentRunner.runChildren(ParentRunner.java:236)\n\tat org.junit.runners.ParentRunner.access$000(ParentRunner.java:53)\n\tat org.junit.runners.ParentRunner$2.evaluate(ParentRunner.java:229)\n\tat org.junit.runners.ParentRunner.run(ParentRunner.java:309)\n\tat org.apache.maven.surefire.junit4.JUnit4Provider.execute(JUnit4Provider.java:264)\n\tat org.apache.maven.surefire.junit4.JUnit4Provider.executeTestSet(JUnit4Provider.java:153)\n\tat org.apache.maven.surefire.junit4.JUnit4Provider.invoke(JUnit4Provider.java:124)\n\tat org.apache.maven.surefire.booter.ForkedBooter.invokeProviderInSameClassLoader(ForkedBooter.java:200)\n\tat org.apache.maven.surefire.booter.ForkedBooter.runSuitesInProcess(ForkedBooter.java:153)\n\tat org.apache.maven.surefire.booter.ForkedBooter.main(ForkedBooter.java:103)\n"
      },
      "steps" : {
         "step" : [ ]
      },
      "attachments" : {
         "attachment" : [ ]
      },
      "labels" : {
         "label" : [ {
            "name" : "host",
            "value" : "Abduls-MBP.home"
         }, {
            "name" : "thread",
            "value" : "35251@Abduls-MBP.home.main(1)"
         } ]
      }
   }
}
>>>REQUEST: /testdb/TestCase
[WARN] [10/01/2015 19:43:22.131] [default-akka.actor.default-dispatcher-12] [ActorSystem(default)] Illegal response header: Illegal 'etag' header: Invalid input '5', expected 'W' or '"' (line 1, column 1): 560dc51afbeaf7a200c9bea2
^
running with given plugins: []
=== Starting should_group_warnings_by_module(plugins.CheckStylePluginTest)
<<<RESPONSE (201 Created): /testdb/TestCase
Starting Jenkins: JAVA_HOME=/Library/Java/JavaVirtualMachines/jdk1.8.0_60.jdk/Contents/Home JENKINS_HOME=/Users/abduljewel/Documents/c/spiderqa/sample-test-projects/acceptance-test-harness/target/jenkins5790303666870111536home /Library/Java/JavaVirtualMachines/jdk1.8.0_60.jdk/Contents/Home/bin/java -Duser.language=en -jar ./jenkins.war --ajp13Port=-1 --httpPort=55879
master55879|Running from: /Users/abduljewel/Documents/c/spiderqa/sample-test-projects/acceptance-test-harness/jenkins.war
master55879|webroot: EnvVars.masterEnvVars.get("JENKINS_HOME")
master55879|Oct 01, 2015 7:43:23 PM winstone.Logger logInternal
master55879|INFO: Beginning extraction from war file
master55879|Oct 01, 2015 7:43:29 PM org.eclipse.jetty.util.log.JavaUtilLog info
master55879|INFO: jetty-winstone-2.8
master55879|Oct 01, 2015 7:43:36 PM org.eclipse.jetty.util.log.JavaUtilLog info
master55879|INFO: NO JSP Support for , did not find org.apache.jasper.servlet.JspServlet
master55879|Jenkins home directory: /Users/abduljewel/Documents/c/spiderqa/sample-test-projects/acceptance-test-harness/target/jenkins5790303666870111536home found at: EnvVars.masterEnvVars.get("JENKINS_HOME")
master55879|Oct 01, 2015 7:43:42 PM org.eclipse.jetty.util.log.JavaUtilLog info
master55879|INFO: Started SelectChannelConnector@0.0.0.0:55879
master55879|Oct 01, 2015 7:43:42 PM winstone.Logger logInternal
master55879|INFO: Winstone Servlet Engine v2.0 running: controlPort=disabled
master55879|Oct 01, 2015 7:43:42 PM jenkins.InitReactorRunner$1 onAttained
master55879|INFO: Started initialization
master55879|Oct 01, 2015 7:44:25 PM jenkins.InitReactorRunner$1 onAttained
master55879|INFO: Listed all plugins
master55879|Oct 01, 2015 7:44:25 PM jenkins.InitReactorRunner$1 onAttained
master55879|INFO: Prepared all plugins
master55879|Oct 01, 2015 7:44:26 PM jenkins.InitReactorRunner$1 onAttained
master55879|INFO: Started all plugins
master55879|Oct 01, 2015 7:44:26 PM jenkins.InitReactorRunner$1 onAttained
master55879|INFO: Augmented all extensions
master55879|Oct 01, 2015 7:44:30 PM jenkins.InitReactorRunner$1 onAttained
master55879|INFO: Loaded all jobs
master55879|Oct 01, 2015 7:44:34 PM hudson.model.AsyncPeriodicWork$1 run
master55879|INFO: Started Download metadata
master55879|Oct 01, 2015 7:44:34 PM org.jenkinsci.main.modules.sshd.SSHD start
master55879|INFO: Started SSHD at port 65398
master55879|Oct 01, 2015 7:44:34 PM jenkins.InitReactorRunner$1 onAttained
master55879|INFO: Completed initialization
master55879|Oct 01, 2015 7:44:34 PM hudson.UDPBroadcastThread run
master55879|WARNING: UDP handling problem
master55879|java.net.SocketException: Can't assign requested address
master55879|	at java.net.PlainDatagramSocketImpl.join(Native Method)
master55879|	at java.net.AbstractPlainDatagramSocketImpl.join(AbstractPlainDatagramSocketImpl.java:179)
master55879|	at java.net.MulticastSocket.joinGroup(MulticastSocket.java:323)
master55879|	at hudson.UDPBroadcastThread.run(UDPBroadcastThread.java:77)
master55879|
master55879|Oct 01, 2015 7:44:34 PM hudson.WebAppMain$3 run
master55879|INFO: Jenkins is fully up and running
master55879|Oct 01, 2015 7:44:37 PM hudson.model.UpdateSite updateData
master55879|INFO: Obtained the latest update center data file for UpdateSource default
master55879|Oct 01, 2015 7:44:37 PM hudson.model.DownloadService$Downloadable load
master55879|INFO: Obtained the updated data file for hudson.tasks.Maven.MavenInstaller
master55879|Oct 01, 2015 7:44:37 PM hudson.model.DownloadService$Downloadable load
master55879|INFO: Obtained the updated data file for hudson.tasks.Ant.AntInstaller
master55879|Oct 01, 2015 7:44:38 PM hudson.model.DownloadService$Downloadable load
master55879|INFO: Obtained the updated data file for hudson.tools.JDKInstaller
master55879|Oct 01, 2015 7:44:38 PM hudson.model.AsyncPeriodicWork$1 run
master55879|INFO: Finished Download metadata. 4,535 ms
Jenkins is stopped
]]></system-out>
    <system-err><![CDATA[Oct 01, 2015 7:43:22 PM org.jenkinsci.test.acceptance.controller.LocalController startNow
INFO: Waiting for Jenkins to become running in http://127.0.0.1:55879/
Oct 01, 2015 7:44:34 PM org.jenkinsci.test.acceptance.controller.LocalController startNow
INFO: Jenkins is running in http://127.0.0.1:55879/
Oct 01, 2015 7:44:41 PM org.jenkinsci.test.acceptance.po.PluginManager installationStatus
INFO: checkstyle is not installed
Oct 01, 2015 7:44:41 PM org.jenkinsci.test.acceptance.po.PluginManager installationStatus
INFO: checkstyle is not installed
Oct 01, 2015 7:44:43 PM org.jenkinsci.test.acceptance.po.PluginManager installationStatus
INFO: script-security has version 1.13 but 1.15 was requested
]]></system-err>
  </testcase>
  <testcase name="should_retrieve_results_from_slave" classname="plugins.CheckStylePluginTest" time="69.901">
    <error message="org.apache.http.entity.ContentType.create(Ljava/lang/String;[Lorg/apache/http/NameValuePair;)Lorg/apache/http/entity/ContentType;" type="java.lang.NoSuchMethodError">java.lang.NoSuchMethodError: org.apache.http.entity.ContentType.create(Ljava/lang/String;[Lorg/apache/http/NameValuePair;)Lorg/apache/http/entity/ContentType;
	at org.apache.http.entity.mime.MultipartEntityBuilder.buildEntity(MultipartEntityBuilder.java:209)
	at org.apache.http.entity.mime.MultipartEntityBuilder.build(MultipartEntityBuilder.java:230)
	at org.jenkinsci.test.acceptance.update_center.PluginMetadata.uploadTo(PluginMetadata.java:65)
	at org.jenkinsci.test.acceptance.po.PluginManager.installPlugins(PluginManager.java:173)
	at org.jenkinsci.test.acceptance.junit.WithPlugins$RuleImpl$1.doInstall(WithPlugins.java:139)
	at org.jenkinsci.test.acceptance.junit.WithPlugins$RuleImpl$1.installPlugins(WithPlugins.java:119)
	at org.jenkinsci.test.acceptance.junit.WithPlugins$RuleImpl$1.evaluate(WithPlugins.java:92)
	at org.jenkinsci.test.acceptance.junit.JenkinsAcceptanceTestRule$1$2$1.evaluate(JenkinsAcceptanceTestRule.java:129)
	at org.jenkinsci.test.acceptance.junit.FilterRule$1.evaluate(FilterRule.java:62)
	at org.jenkinsci.test.acceptance.junit.JenkinsAcceptanceTestRule$1.evaluate(JenkinsAcceptanceTestRule.java:55)
	at org.junit.runners.ParentRunner.runLeaf(ParentRunner.java:271)
	at org.junit.runners.BlockJUnit4ClassRunner.runChild(BlockJUnit4ClassRunner.java:70)
	at org.junit.runners.BlockJUnit4ClassRunner.runChild(BlockJUnit4ClassRunner.java:50)
	at org.junit.runners.ParentRunner$3.run(ParentRunner.java:238)
	at org.junit.runners.ParentRunner$1.schedule(ParentRunner.java:63)
	at org.junit.runners.ParentRunner.runChildren(ParentRunner.java:236)
	at org.junit.runners.ParentRunner.access$000(ParentRunner.java:53)
	at org.junit.runners.ParentRunner$2.evaluate(ParentRunner.java:229)
	at org.junit.runners.ParentRunner.run(ParentRunner.java:309)
	at org.apache.maven.surefire.junit4.JUnit4Provider.execute(JUnit4Provider.java:264)
	at org.apache.maven.surefire.junit4.JUnit4Provider.executeTestSet(JUnit4Provider.java:153)
	at org.apache.maven.surefire.junit4.JUnit4Provider.invoke(JUnit4Provider.java:124)
	at org.apache.maven.surefire.booter.ForkedBooter.invokeProviderInSameClassLoader(ForkedBooter.java:200)
	at org.apache.maven.surefire.booter.ForkedBooter.runSuitesInProcess(ForkedBooter.java:153)
	at org.apache.maven.surefire.booter.ForkedBooter.main(ForkedBooter.java:103)
</error>
    <system-out><![CDATA[testCaseResult=ru.yandex.qatools.allure.model.TestCaseResult@7f27f59b[
  name=should_group_warnings_by_module
  title=<null>
  description=<null>
  failure=ru.yandex.qatools.allure.model.Failure@1c98b4eb
  start=1443743002122
  stop=1443743084379
  status=BROKEN
  severity=<null>
  steps=[]
  attachments=[]
  labels=[ru.yandex.qatools.allure.model.Label@45801322, ru.yandex.qatools.allure.model.Label@756b2d90]
  parameters=<null>
]
testCaseResult={
   "start" : 1443743002122,
   "stop" : 1443743084379,
   "status" : "broken",
   "name" : "should_group_warnings_by_module",
   "failure" : {
      "message" : "NoSuchMethodError: org.apache.http.entity.ContentType.create(Ljava/lang/String;[Lorg/apache/http/NameValuePair;)Lorg/apache/http/entity/ContentType;",
      "stack-trace" : "java.lang.NoSuchMethodError: org.apache.http.entity.ContentType.create(Ljava/lang/String;[Lorg/apache/http/NameValuePair;)Lorg/apache/http/entity/ContentType;\n\tat org.apache.http.entity.mime.MultipartEntityBuilder.buildEntity(MultipartEntityBuilder.java:209)\n\tat org.apache.http.entity.mime.MultipartEntityBuilder.build(MultipartEntityBuilder.java:230)\n\tat org.jenkinsci.test.acceptance.update_center.PluginMetadata.uploadTo(PluginMetadata.java:65)\n\tat org.jenkinsci.test.acceptance.po.PluginManager.installPlugins(PluginManager.java:173)\n\tat org.jenkinsci.test.acceptance.junit.WithPlugins$RuleImpl$1.doInstall(WithPlugins.java:139)\n\tat org.jenkinsci.test.acceptance.junit.WithPlugins$RuleImpl$1.installPlugins(WithPlugins.java:119)\n\tat org.jenkinsci.test.acceptance.junit.WithPlugins$RuleImpl$1.evaluate(WithPlugins.java:92)\n\tat org.jenkinsci.test.acceptance.junit.JenkinsAcceptanceTestRule$1$2$1.evaluate(JenkinsAcceptanceTestRule.java:129)\n\tat org.jenkinsci.test.acceptance.junit.FilterRule$1.evaluate(FilterRule.java:62)\n\tat org.jenkinsci.test.acceptance.junit.JenkinsAcceptanceTestRule$1.evaluate(JenkinsAcceptanceTestRule.java:55)\n\tat org.junit.runners.ParentRunner.runLeaf(ParentRunner.java:271)\n\tat org.junit.runners.BlockJUnit4ClassRunner.runChild(BlockJUnit4ClassRunner.java:70)\n\tat org.junit.runners.BlockJUnit4ClassRunner.runChild(BlockJUnit4ClassRunner.java:50)\n\tat org.junit.runners.ParentRunner$3.run(ParentRunner.java:238)\n\tat org.junit.runners.ParentRunner$1.schedule(ParentRunner.java:63)\n\tat org.junit.runners.ParentRunner.runChildren(ParentRunner.java:236)\n\tat org.junit.runners.ParentRunner.access$000(ParentRunner.java:53)\n\tat org.junit.runners.ParentRunner$2.evaluate(ParentRunner.java:229)\n\tat org.junit.runners.ParentRunner.run(ParentRunner.java:309)\n\tat org.apache.maven.surefire.junit4.JUnit4Provider.execute(JUnit4Provider.java:264)\n\tat org.apache.maven.surefire.junit4.JUnit4Provider.executeTestSet(JUnit4Provider.java:153)\n\tat org.apache.maven.surefire.junit4.JUnit4Provider.invoke(JUnit4Provider.java:124)\n\tat org.apache.maven.surefire.booter.ForkedBooter.invokeProviderInSameClassLoader(ForkedBooter.java:200)\n\tat org.apache.maven.surefire.booter.ForkedBooter.runSuitesInProcess(ForkedBooter.java:153)\n\tat org.apache.maven.surefire.booter.ForkedBooter.main(ForkedBooter.java:103)\n"
   },
   "steps" : {
      "step" : [ ]
   },
   "attachments" : {
      "attachment" : [ ]
   },
   "labels" : {
      "label" : [ {
         "name" : "host",
         "value" : "Abduls-MBP.home"
      }, {
         "name" : "thread",
         "value" : "35251@Abduls-MBP.home.main(1)"
      } ]
   }
}
testCase=ru.yandex.qatools.allure.model.TestCase@3520958b[
  _id=f69bd363-3075-4f2f-af87-cef5fe9e185d
  executionId=62229910-35f6-40ea-8439-ec3c3d9421df
  result=ru.yandex.qatools.allure.model.TestCaseResult@7f27f59b
]
testCase={
   "_id" : "f69bd363-3075-4f2f-af87-cef5fe9e185d",
   "executionId" : "62229910-35f6-40ea-8439-ec3c3d9421df",
   "result" : {
      "start" : 1443743002122,
      "stop" : 1443743084379,
      "status" : "broken",
      "name" : "should_group_warnings_by_module",
      "failure" : {
         "message" : "NoSuchMethodError: org.apache.http.entity.ContentType.create(Ljava/lang/String;[Lorg/apache/http/NameValuePair;)Lorg/apache/http/entity/ContentType;",
         "stack-trace" : "java.lang.NoSuchMethodError: org.apache.http.entity.ContentType.create(Ljava/lang/String;[Lorg/apache/http/NameValuePair;)Lorg/apache/http/entity/ContentType;\n\tat org.apache.http.entity.mime.MultipartEntityBuilder.buildEntity(MultipartEntityBuilder.java:209)\n\tat org.apache.http.entity.mime.MultipartEntityBuilder.build(MultipartEntityBuilder.java:230)\n\tat org.jenkinsci.test.acceptance.update_center.PluginMetadata.uploadTo(PluginMetadata.java:65)\n\tat org.jenkinsci.test.acceptance.po.PluginManager.installPlugins(PluginManager.java:173)\n\tat org.jenkinsci.test.acceptance.junit.WithPlugins$RuleImpl$1.doInstall(WithPlugins.java:139)\n\tat org.jenkinsci.test.acceptance.junit.WithPlugins$RuleImpl$1.installPlugins(WithPlugins.java:119)\n\tat org.jenkinsci.test.acceptance.junit.WithPlugins$RuleImpl$1.evaluate(WithPlugins.java:92)\n\tat org.jenkinsci.test.acceptance.junit.JenkinsAcceptanceTestRule$1$2$1.evaluate(JenkinsAcceptanceTestRule.java:129)\n\tat org.jenkinsci.test.acceptance.junit.FilterRule$1.evaluate(FilterRule.java:62)\n\tat org.jenkinsci.test.acceptance.junit.JenkinsAcceptanceTestRule$1.evaluate(JenkinsAcceptanceTestRule.java:55)\n\tat org.junit.runners.ParentRunner.runLeaf(ParentRunner.java:271)\n\tat org.junit.runners.BlockJUnit4ClassRunner.runChild(BlockJUnit4ClassRunner.java:70)\n\tat org.junit.runners.BlockJUnit4ClassRunner.runChild(BlockJUnit4ClassRunner.java:50)\n\tat org.junit.runners.ParentRunner$3.run(ParentRunner.java:238)\n\tat org.junit.runners.ParentRunner$1.schedule(ParentRunner.java:63)\n\tat org.junit.runners.ParentRunner.runChildren(ParentRunner.java:236)\n\tat org.junit.runners.ParentRunner.access$000(ParentRunner.java:53)\n\tat org.junit.runners.ParentRunner$2.evaluate(ParentRunner.java:229)\n\tat org.junit.runners.ParentRunner.run(ParentRunner.java:309)\n\tat org.apache.maven.surefire.junit4.JUnit4Provider.execute(JUnit4Provider.java:264)\n\tat org.apache.maven.surefire.junit4.JUnit4Provider.executeTestSet(JUnit4Provider.java:153)\n\tat org.apache.maven.surefire.junit4.JUnit4Provider.invoke(JUnit4Provider.java:124)\n\tat org.apache.maven.surefire.booter.ForkedBooter.invokeProviderInSameClassLoader(ForkedBooter.java:200)\n\tat org.apache.maven.surefire.booter.ForkedBooter.runSuitesInProcess(ForkedBooter.java:153)\n\tat org.apache.maven.surefire.booter.ForkedBooter.main(ForkedBooter.java:103)\n"
      },
      "steps" : {
         "step" : [ ]
      },
      "attachments" : {
         "attachment" : [ ]
      },
      "labels" : {
         "label" : [ {
            "name" : "host",
            "value" : "Abduls-MBP.home"
         }, {
            "name" : "thread",
            "value" : "35251@Abduls-MBP.home.main(1)"
         } ]
      }
   }
}
>>>REQUEST: /testdb/TestCase
[WARN] [10/01/2015 19:44:44.402] [default-akka.actor.default-dispatcher-45] [ActorSystem(default)] Illegal response header: Illegal 'etag' header: Invalid input '5', expected 'W' or '"' (line 1, column 1): 560dc56cfbeaf7a200c9bea9
^
<<<RESPONSE (201 Created): /testdb/TestCase
running with given plugins: []
=== Starting should_retrieve_results_from_slave(plugins.CheckStylePluginTest)
Starting Jenkins: JAVA_HOME=/Library/Java/JavaVirtualMachines/jdk1.8.0_60.jdk/Contents/Home JENKINS_HOME=/Users/abduljewel/Documents/c/spiderqa/sample-test-projects/acceptance-test-harness/target/jenkins2169940579394787734home /Library/Java/JavaVirtualMachines/jdk1.8.0_60.jdk/Contents/Home/bin/java -Duser.language=en -jar ./jenkins.war --ajp13Port=-1 --httpPort=55600
master55600|Running from: /Users/abduljewel/Documents/c/spiderqa/sample-test-projects/acceptance-test-harness/jenkins.war
master55600|webroot: EnvVars.masterEnvVars.get("JENKINS_HOME")
master55600|Oct 01, 2015 7:44:45 PM winstone.Logger logInternal
master55600|INFO: Beginning extraction from war file
master55600|Oct 01, 2015 7:44:49 PM org.eclipse.jetty.util.log.JavaUtilLog info
master55600|INFO: jetty-winstone-2.8
master55600|Oct 01, 2015 7:44:55 PM org.eclipse.jetty.util.log.JavaUtilLog info
master55600|INFO: NO JSP Support for , did not find org.apache.jasper.servlet.JspServlet
master55600|Jenkins home directory: /Users/abduljewel/Documents/c/spiderqa/sample-test-projects/acceptance-test-harness/target/jenkins2169940579394787734home found at: EnvVars.masterEnvVars.get("JENKINS_HOME")
master55600|Oct 01, 2015 7:44:59 PM org.eclipse.jetty.util.log.JavaUtilLog info
master55600|INFO: Started SelectChannelConnector@0.0.0.0:55600
master55600|Oct 01, 2015 7:44:59 PM winstone.Logger logInternal
master55600|INFO: Winstone Servlet Engine v2.0 running: controlPort=disabled
master55600|Oct 01, 2015 7:44:59 PM jenkins.InitReactorRunner$1 onAttained
master55600|INFO: Started initialization
master55600|Oct 01, 2015 7:45:35 PM jenkins.InitReactorRunner$1 onAttained
master55600|INFO: Listed all plugins
master55600|Oct 01, 2015 7:45:35 PM jenkins.InitReactorRunner$1 onAttained
master55600|INFO: Prepared all plugins
master55600|Oct 01, 2015 7:45:35 PM jenkins.InitReactorRunner$1 onAttained
master55600|INFO: Started all plugins
master55600|Oct 01, 2015 7:45:35 PM jenkins.InitReactorRunner$1 onAttained
master55600|INFO: Augmented all extensions
master55600|Oct 01, 2015 7:45:40 PM jenkins.InitReactorRunner$1 onAttained
master55600|INFO: Loaded all jobs
master55600|Oct 01, 2015 7:45:44 PM hudson.model.AsyncPeriodicWork$1 run
master55600|INFO: Started Download metadata
master55600|Oct 01, 2015 7:45:44 PM org.jenkinsci.main.modules.sshd.SSHD start
master55600|INFO: Started SSHD at port 49415
master55600|Oct 01, 2015 7:45:44 PM jenkins.InitReactorRunner$1 onAttained
master55600|INFO: Completed initialization
master55600|Oct 01, 2015 7:45:44 PM hudson.UDPBroadcastThread run
master55600|WARNING: UDP handling problem
master55600|java.net.SocketException: Can't assign requested address
master55600|	at java.net.PlainDatagramSocketImpl.join(Native Method)
master55600|	at java.net.AbstractPlainDatagramSocketImpl.join(AbstractPlainDatagramSocketImpl.java:179)
master55600|	at java.net.MulticastSocket.joinGroup(MulticastSocket.java:323)
master55600|	at hudson.UDPBroadcastThread.run(UDPBroadcastThread.java:77)
master55600|
master55600|Oct 01, 2015 7:45:44 PM hudson.WebAppMain$3 run
master55600|INFO: Jenkins is fully up and running
master55600|Oct 01, 2015 7:45:47 PM hudson.model.UpdateSite updateData
master55600|INFO: Obtained the latest update center data file for UpdateSource default
master55600|Oct 01, 2015 7:45:47 PM hudson.model.DownloadService$Downloadable load
master55600|INFO: Obtained the updated data file for hudson.tasks.Maven.MavenInstaller
master55600|Oct 01, 2015 7:45:48 PM hudson.model.DownloadService$Downloadable load
master55600|INFO: Obtained the updated data file for hudson.tasks.Ant.AntInstaller
master55600|Oct 01, 2015 7:45:49 PM hudson.model.DownloadService$Downloadable load
master55600|INFO: Obtained the updated data file for hudson.tools.JDKInstaller
master55600|Oct 01, 2015 7:45:49 PM hudson.model.AsyncPeriodicWork$1 run
master55600|INFO: Finished Download metadata. 4,748 ms
Jenkins is stopped
]]></system-out>
    <system-err><![CDATA[Oct 01, 2015 7:44:44 PM org.jenkinsci.test.acceptance.controller.LocalController startNow
INFO: Waiting for Jenkins to become running in http://127.0.0.1:55600/
Oct 01, 2015 7:45:44 PM org.jenkinsci.test.acceptance.controller.LocalController startNow
INFO: Jenkins is running in http://127.0.0.1:55600/
Oct 01, 2015 7:45:51 PM org.jenkinsci.test.acceptance.po.PluginManager installationStatus
INFO: checkstyle is not installed
Oct 01, 2015 7:45:51 PM org.jenkinsci.test.acceptance.po.PluginManager installationStatus
INFO: checkstyle is not installed
Oct 01, 2015 7:45:53 PM org.jenkinsci.test.acceptance.po.PluginManager installationStatus
INFO: script-security has version 1.13 but 1.15 was requested
]]></system-err>
  </testcase>
  <testcase name="should_report_new_and_fixed_warnings_in_consecutive_builds" classname="plugins.CheckStylePluginTest" time="63.615">
    <error message="org.apache.http.entity.ContentType.create(Ljava/lang/String;[Lorg/apache/http/NameValuePair;)Lorg/apache/http/entity/ContentType;" type="java.lang.NoSuchMethodError">java.lang.NoSuchMethodError: org.apache.http.entity.ContentType.create(Ljava/lang/String;[Lorg/apache/http/NameValuePair;)Lorg/apache/http/entity/ContentType;
	at org.apache.http.entity.mime.MultipartEntityBuilder.buildEntity(MultipartEntityBuilder.java:209)
	at org.apache.http.entity.mime.MultipartEntityBuilder.build(MultipartEntityBuilder.java:230)
	at org.jenkinsci.test.acceptance.update_center.PluginMetadata.uploadTo(PluginMetadata.java:65)
	at org.jenkinsci.test.acceptance.po.PluginManager.installPlugins(PluginManager.java:173)
	at org.jenkinsci.test.acceptance.junit.WithPlugins$RuleImpl$1.doInstall(WithPlugins.java:139)
	at org.jenkinsci.test.acceptance.junit.WithPlugins$RuleImpl$1.installPlugins(WithPlugins.java:119)
	at org.jenkinsci.test.acceptance.junit.WithPlugins$RuleImpl$1.evaluate(WithPlugins.java:92)
	at org.jenkinsci.test.acceptance.junit.JenkinsAcceptanceTestRule$1$2$1.evaluate(JenkinsAcceptanceTestRule.java:129)
	at org.jenkinsci.test.acceptance.junit.FilterRule$1.evaluate(FilterRule.java:62)
	at org.jenkinsci.test.acceptance.junit.JenkinsAcceptanceTestRule$1.evaluate(JenkinsAcceptanceTestRule.java:55)
	at org.junit.runners.ParentRunner.runLeaf(ParentRunner.java:271)
	at org.junit.runners.BlockJUnit4ClassRunner.runChild(BlockJUnit4ClassRunner.java:70)
	at org.junit.runners.BlockJUnit4ClassRunner.runChild(BlockJUnit4ClassRunner.java:50)
	at org.junit.runners.ParentRunner$3.run(ParentRunner.java:238)
	at org.junit.runners.ParentRunner$1.schedule(ParentRunner.java:63)
	at org.junit.runners.ParentRunner.runChildren(ParentRunner.java:236)
	at org.junit.runners.ParentRunner.access$000(ParentRunner.java:53)
	at org.junit.runners.ParentRunner$2.evaluate(ParentRunner.java:229)
	at org.junit.runners.ParentRunner.run(ParentRunner.java:309)
	at org.apache.maven.surefire.junit4.JUnit4Provider.execute(JUnit4Provider.java:264)
	at org.apache.maven.surefire.junit4.JUnit4Provider.executeTestSet(JUnit4Provider.java:153)
	at org.apache.maven.surefire.junit4.JUnit4Provider.invoke(JUnit4Provider.java:124)
	at org.apache.maven.surefire.booter.ForkedBooter.invokeProviderInSameClassLoader(ForkedBooter.java:200)
	at org.apache.maven.surefire.booter.ForkedBooter.runSuitesInProcess(ForkedBooter.java:153)
	at org.apache.maven.surefire.booter.ForkedBooter.main(ForkedBooter.java:103)
</error>
    <system-out><![CDATA[testCaseResult=ru.yandex.qatools.allure.model.TestCaseResult@15d114ce[
  name=should_retrieve_results_from_slave
  title=<null>
  description=<null>
  failure=ru.yandex.qatools.allure.model.Failure@3312f4f4
  start=1443743084396
  stop=1443743154296
  status=BROKEN
  severity=<null>
  steps=[]
  attachments=[]
  labels=[ru.yandex.qatools.allure.model.Label@b5aa65b, ru.yandex.qatools.allure.model.Label@76cdafa3]
  parameters=<null>
]
testCaseResult={
   "start" : 1443743084396,
   "stop" : 1443743154296,
   "status" : "broken",
   "name" : "should_retrieve_results_from_slave",
   "failure" : {
      "message" : "NoSuchMethodError: org.apache.http.entity.ContentType.create(Ljava/lang/String;[Lorg/apache/http/NameValuePair;)Lorg/apache/http/entity/ContentType;",
      "stack-trace" : "java.lang.NoSuchMethodError: org.apache.http.entity.ContentType.create(Ljava/lang/String;[Lorg/apache/http/NameValuePair;)Lorg/apache/http/entity/ContentType;\n\tat org.apache.http.entity.mime.MultipartEntityBuilder.buildEntity(MultipartEntityBuilder.java:209)\n\tat org.apache.http.entity.mime.MultipartEntityBuilder.build(MultipartEntityBuilder.java:230)\n\tat org.jenkinsci.test.acceptance.update_center.PluginMetadata.uploadTo(PluginMetadata.java:65)\n\tat org.jenkinsci.test.acceptance.po.PluginManager.installPlugins(PluginManager.java:173)\n\tat org.jenkinsci.test.acceptance.junit.WithPlugins$RuleImpl$1.doInstall(WithPlugins.java:139)\n\tat org.jenkinsci.test.acceptance.junit.WithPlugins$RuleImpl$1.installPlugins(WithPlugins.java:119)\n\tat org.jenkinsci.test.acceptance.junit.WithPlugins$RuleImpl$1.evaluate(WithPlugins.java:92)\n\tat org.jenkinsci.test.acceptance.junit.JenkinsAcceptanceTestRule$1$2$1.evaluate(JenkinsAcceptanceTestRule.java:129)\n\tat org.jenkinsci.test.acceptance.junit.FilterRule$1.evaluate(FilterRule.java:62)\n\tat org.jenkinsci.test.acceptance.junit.JenkinsAcceptanceTestRule$1.evaluate(JenkinsAcceptanceTestRule.java:55)\n\tat org.junit.runners.ParentRunner.runLeaf(ParentRunner.java:271)\n\tat org.junit.runners.BlockJUnit4ClassRunner.runChild(BlockJUnit4ClassRunner.java:70)\n\tat org.junit.runners.BlockJUnit4ClassRunner.runChild(BlockJUnit4ClassRunner.java:50)\n\tat org.junit.runners.ParentRunner$3.run(ParentRunner.java:238)\n\tat org.junit.runners.ParentRunner$1.schedule(ParentRunner.java:63)\n\tat org.junit.runners.ParentRunner.runChildren(ParentRunner.java:236)\n\tat org.junit.runners.ParentRunner.access$000(ParentRunner.java:53)\n\tat org.junit.runners.ParentRunner$2.evaluate(ParentRunner.java:229)\n\tat org.junit.runners.ParentRunner.run(ParentRunner.java:309)\n\tat org.apache.maven.surefire.junit4.JUnit4Provider.execute(JUnit4Provider.java:264)\n\tat org.apache.maven.surefire.junit4.JUnit4Provider.executeTestSet(JUnit4Provider.java:153)\n\tat org.apache.maven.surefire.junit4.JUnit4Provider.invoke(JUnit4Provider.java:124)\n\tat org.apache.maven.surefire.booter.ForkedBooter.invokeProviderInSameClassLoader(ForkedBooter.java:200)\n\tat org.apache.maven.surefire.booter.ForkedBooter.runSuitesInProcess(ForkedBooter.java:153)\n\tat org.apache.maven.surefire.booter.ForkedBooter.main(ForkedBooter.java:103)\n"
   },
   "steps" : {
      "step" : [ ]
   },
   "attachments" : {
      "attachment" : [ ]
   },
   "labels" : {
      "label" : [ {
         "name" : "host",
         "value" : "Abduls-MBP.home"
      }, {
         "name" : "thread",
         "value" : "35251@Abduls-MBP.home.main(1)"
      } ]
   }
}
testCase=ru.yandex.qatools.allure.model.TestCase@6b27b2d0[
  _id=3b260c1e-beb3-4c20-9c57-3d53ef3dd227
  executionId=62229910-35f6-40ea-8439-ec3c3d9421df
  result=ru.yandex.qatools.allure.model.TestCaseResult@15d114ce
]
testCase={
   "_id" : "3b260c1e-beb3-4c20-9c57-3d53ef3dd227",
   "executionId" : "62229910-35f6-40ea-8439-ec3c3d9421df",
   "result" : {
      "start" : 1443743084396,
      "stop" : 1443743154296,
      "status" : "broken",
      "name" : "should_retrieve_results_from_slave",
      "failure" : {
         "message" : "NoSuchMethodError: org.apache.http.entity.ContentType.create(Ljava/lang/String;[Lorg/apache/http/NameValuePair;)Lorg/apache/http/entity/ContentType;",
         "stack-trace" : "java.lang.NoSuchMethodError: org.apache.http.entity.ContentType.create(Ljava/lang/String;[Lorg/apache/http/NameValuePair;)Lorg/apache/http/entity/ContentType;\n\tat org.apache.http.entity.mime.MultipartEntityBuilder.buildEntity(MultipartEntityBuilder.java:209)\n\tat org.apache.http.entity.mime.MultipartEntityBuilder.build(MultipartEntityBuilder.java:230)\n\tat org.jenkinsci.test.acceptance.update_center.PluginMetadata.uploadTo(PluginMetadata.java:65)\n\tat org.jenkinsci.test.acceptance.po.PluginManager.installPlugins(PluginManager.java:173)\n\tat org.jenkinsci.test.acceptance.junit.WithPlugins$RuleImpl$1.doInstall(WithPlugins.java:139)\n\tat org.jenkinsci.test.acceptance.junit.WithPlugins$RuleImpl$1.installPlugins(WithPlugins.java:119)\n\tat org.jenkinsci.test.acceptance.junit.WithPlugins$RuleImpl$1.evaluate(WithPlugins.java:92)\n\tat org.jenkinsci.test.acceptance.junit.JenkinsAcceptanceTestRule$1$2$1.evaluate(JenkinsAcceptanceTestRule.java:129)\n\tat org.jenkinsci.test.acceptance.junit.FilterRule$1.evaluate(FilterRule.java:62)\n\tat org.jenkinsci.test.acceptance.junit.JenkinsAcceptanceTestRule$1.evaluate(JenkinsAcceptanceTestRule.java:55)\n\tat org.junit.runners.ParentRunner.runLeaf(ParentRunner.java:271)\n\tat org.junit.runners.BlockJUnit4ClassRunner.runChild(BlockJUnit4ClassRunner.java:70)\n\tat org.junit.runners.BlockJUnit4ClassRunner.runChild(BlockJUnit4ClassRunner.java:50)\n\tat org.junit.runners.ParentRunner$3.run(ParentRunner.java:238)\n\tat org.junit.runners.ParentRunner$1.schedule(ParentRunner.java:63)\n\tat org.junit.runners.ParentRunner.runChildren(ParentRunner.java:236)\n\tat org.junit.runners.ParentRunner.access$000(ParentRunner.java:53)\n\tat org.junit.runners.ParentRunner$2.evaluate(ParentRunner.java:229)\n\tat org.junit.runners.ParentRunner.run(ParentRunner.java:309)\n\tat org.apache.maven.surefire.junit4.JUnit4Provider.execute(JUnit4Provider.java:264)\n\tat org.apache.maven.surefire.junit4.JUnit4Provider.executeTestSet(JUnit4Provider.java:153)\n\tat org.apache.maven.surefire.junit4.JUnit4Provider.invoke(JUnit4Provider.java:124)\n\tat org.apache.maven.surefire.booter.ForkedBooter.invokeProviderInSameClassLoader(ForkedBooter.java:200)\n\tat org.apache.maven.surefire.booter.ForkedBooter.runSuitesInProcess(ForkedBooter.java:153)\n\tat org.apache.maven.surefire.booter.ForkedBooter.main(ForkedBooter.java:103)\n"
      },
      "steps" : {
         "step" : [ ]
      },
      "attachments" : {
         "attachment" : [ ]
      },
      "labels" : {
         "label" : [ {
            "name" : "host",
            "value" : "Abduls-MBP.home"
         }, {
            "name" : "thread",
            "value" : "35251@Abduls-MBP.home.main(1)"
         } ]
      }
   }
}
>>>REQUEST: /testdb/TestCase
[WARN] [10/01/2015 19:45:54.310] [default-akka.actor.default-dispatcher-10] [ActorSystem(default)] Illegal response header: Illegal 'etag' header: Invalid input '5', expected 'W' or '"' (line 1, column 1): 560dc5b2fbeaf7a200c9beb7
^
<<<RESPONSE (201 Created): /testdb/TestCase
running with given plugins: []
=== Starting should_report_new_and_fixed_warnings_in_consecutive_builds(plugins.CheckStylePluginTest)
Starting Jenkins: JAVA_HOME=/Library/Java/JavaVirtualMachines/jdk1.8.0_60.jdk/Contents/Home JENKINS_HOME=/Users/abduljewel/Documents/c/spiderqa/sample-test-projects/acceptance-test-harness/target/jenkins6538919791087648906home /Library/Java/JavaVirtualMachines/jdk1.8.0_60.jdk/Contents/Home/bin/java -Duser.language=en -jar ./jenkins.war --ajp13Port=-1 --httpPort=61123
master61123|Running from: /Users/abduljewel/Documents/c/spiderqa/sample-test-projects/acceptance-test-harness/jenkins.war
master61123|webroot: EnvVars.masterEnvVars.get("JENKINS_HOME")
master61123|Oct 01, 2015 7:45:55 PM winstone.Logger logInternal
master61123|INFO: Beginning extraction from war file
master61123|Oct 01, 2015 7:45:58 PM org.eclipse.jetty.util.log.JavaUtilLog info
master61123|INFO: jetty-winstone-2.8
master61123|Oct 01, 2015 7:46:03 PM org.eclipse.jetty.util.log.JavaUtilLog info
master61123|INFO: NO JSP Support for , did not find org.apache.jasper.servlet.JspServlet
master61123|Jenkins home directory: /Users/abduljewel/Documents/c/spiderqa/sample-test-projects/acceptance-test-harness/target/jenkins6538919791087648906home found at: EnvVars.masterEnvVars.get("JENKINS_HOME")
master61123|Oct 01, 2015 7:46:06 PM org.eclipse.jetty.util.log.JavaUtilLog info
master61123|INFO: Started SelectChannelConnector@0.0.0.0:61123
master61123|Oct 01, 2015 7:46:06 PM winstone.Logger logInternal
master61123|INFO: Winstone Servlet Engine v2.0 running: controlPort=disabled
master61123|Oct 01, 2015 7:46:07 PM jenkins.InitReactorRunner$1 onAttained
master61123|INFO: Started initialization
master61123|Oct 01, 2015 7:46:40 PM jenkins.InitReactorRunner$1 onAttained
master61123|INFO: Listed all plugins
master61123|Oct 01, 2015 7:46:40 PM jenkins.InitReactorRunner$1 onAttained
master61123|INFO: Prepared all plugins
master61123|Oct 01, 2015 7:46:40 PM jenkins.InitReactorRunner$1 onAttained
master61123|INFO: Started all plugins
master61123|Oct 01, 2015 7:46:40 PM jenkins.InitReactorRunner$1 onAttained
master61123|INFO: Augmented all extensions
master61123|Oct 01, 2015 7:46:43 PM jenkins.InitReactorRunner$1 onAttained
master61123|INFO: Loaded all jobs
master61123|Oct 01, 2015 7:46:48 PM hudson.model.AsyncPeriodicWork$1 run
master61123|INFO: Started Download metadata
master61123|Oct 01, 2015 7:46:48 PM org.jenkinsci.main.modules.sshd.SSHD start
master61123|INFO: Started SSHD at port 49886
master61123|Oct 01, 2015 7:46:48 PM jenkins.InitReactorRunner$1 onAttained
master61123|INFO: Completed initialization
master61123|Oct 01, 2015 7:46:48 PM hudson.UDPBroadcastThread run
master61123|WARNING: UDP handling problem
master61123|java.net.SocketException: Can't assign requested address
master61123|	at java.net.PlainDatagramSocketImpl.join(Native Method)
master61123|	at java.net.AbstractPlainDatagramSocketImpl.join(AbstractPlainDatagramSocketImpl.java:179)
master61123|	at java.net.MulticastSocket.joinGroup(MulticastSocket.java:323)
master61123|	at hudson.UDPBroadcastThread.run(UDPBroadcastThread.java:77)
master61123|
master61123|Oct 01, 2015 7:46:48 PM hudson.WebAppMain$3 run
master61123|INFO: Jenkins is fully up and running
master61123|Oct 01, 2015 7:46:53 PM hudson.model.UpdateSite updateData
master61123|INFO: Obtained the latest update center data file for UpdateSource default
master61123|Oct 01, 2015 7:46:53 PM hudson.model.DownloadService$Downloadable load
master61123|INFO: Obtained the updated data file for hudson.tasks.Maven.MavenInstaller
master61123|Oct 01, 2015 7:46:53 PM hudson.model.DownloadService$Downloadable load
master61123|INFO: Obtained the updated data file for hudson.tasks.Ant.AntInstaller
master61123|Oct 01, 2015 7:46:54 PM hudson.model.DownloadService$Downloadable load
master61123|INFO: Obtained the updated data file for hudson.tools.JDKInstaller
master61123|Oct 01, 2015 7:46:54 PM hudson.model.AsyncPeriodicWork$1 run
master61123|INFO: Finished Download metadata. 6,316 ms
Jenkins is stopped
]]></system-out>
    <system-err><![CDATA[Oct 01, 2015 7:45:54 PM org.jenkinsci.test.acceptance.controller.LocalController startNow
INFO: Waiting for Jenkins to become running in http://127.0.0.1:61123/
Oct 01, 2015 7:46:48 PM org.jenkinsci.test.acceptance.controller.LocalController startNow
INFO: Jenkins is running in http://127.0.0.1:61123/
Oct 01, 2015 7:46:55 PM org.jenkinsci.test.acceptance.po.PluginManager installationStatus
INFO: checkstyle is not installed
Oct 01, 2015 7:46:55 PM org.jenkinsci.test.acceptance.po.PluginManager installationStatus
INFO: checkstyle is not installed
Oct 01, 2015 7:46:56 PM org.jenkinsci.test.acceptance.po.PluginManager installationStatus
INFO: script-security has version 1.13 but 1.15 was requested
]]></system-err>
  </testcase>
  <testcase name="should_report_details_in_different_tabs" classname="plugins.CheckStylePluginTest" time="54.593">
    <error message="org.apache.http.entity.ContentType.create(Ljava/lang/String;[Lorg/apache/http/NameValuePair;)Lorg/apache/http/entity/ContentType;" type="java.lang.NoSuchMethodError">java.lang.NoSuchMethodError: org.apache.http.entity.ContentType.create(Ljava/lang/String;[Lorg/apache/http/NameValuePair;)Lorg/apache/http/entity/ContentType;
	at org.apache.http.entity.mime.MultipartEntityBuilder.buildEntity(MultipartEntityBuilder.java:209)
	at org.apache.http.entity.mime.MultipartEntityBuilder.build(MultipartEntityBuilder.java:230)
	at org.jenkinsci.test.acceptance.update_center.PluginMetadata.uploadTo(PluginMetadata.java:65)
	at org.jenkinsci.test.acceptance.po.PluginManager.installPlugins(PluginManager.java:173)
	at org.jenkinsci.test.acceptance.junit.WithPlugins$RuleImpl$1.doInstall(WithPlugins.java:139)
	at org.jenkinsci.test.acceptance.junit.WithPlugins$RuleImpl$1.installPlugins(WithPlugins.java:119)
	at org.jenkinsci.test.acceptance.junit.WithPlugins$RuleImpl$1.evaluate(WithPlugins.java:92)
	at org.jenkinsci.test.acceptance.junit.JenkinsAcceptanceTestRule$1$2$1.evaluate(JenkinsAcceptanceTestRule.java:129)
	at org.jenkinsci.test.acceptance.junit.FilterRule$1.evaluate(FilterRule.java:62)
	at org.jenkinsci.test.acceptance.junit.JenkinsAcceptanceTestRule$1.evaluate(JenkinsAcceptanceTestRule.java:55)
	at org.junit.runners.ParentRunner.runLeaf(ParentRunner.java:271)
	at org.junit.runners.BlockJUnit4ClassRunner.runChild(BlockJUnit4ClassRunner.java:70)
	at org.junit.runners.BlockJUnit4ClassRunner.runChild(BlockJUnit4ClassRunner.java:50)
	at org.junit.runners.ParentRunner$3.run(ParentRunner.java:238)
	at org.junit.runners.ParentRunner$1.schedule(ParentRunner.java:63)
	at org.junit.runners.ParentRunner.runChildren(ParentRunner.java:236)
	at org.junit.runners.ParentRunner.access$000(ParentRunner.java:53)
	at org.junit.runners.ParentRunner$2.evaluate(ParentRunner.java:229)
	at org.junit.runners.ParentRunner.run(ParentRunner.java:309)
	at org.apache.maven.surefire.junit4.JUnit4Provider.execute(JUnit4Provider.java:264)
	at org.apache.maven.surefire.junit4.JUnit4Provider.executeTestSet(JUnit4Provider.java:153)
	at org.apache.maven.surefire.junit4.JUnit4Provider.invoke(JUnit4Provider.java:124)
	at org.apache.maven.surefire.booter.ForkedBooter.invokeProviderInSameClassLoader(ForkedBooter.java:200)
	at org.apache.maven.surefire.booter.ForkedBooter.runSuitesInProcess(ForkedBooter.java:153)
	at org.apache.maven.surefire.booter.ForkedBooter.main(ForkedBooter.java:103)
</error>
    <system-out><![CDATA[testCaseResult=ru.yandex.qatools.allure.model.TestCaseResult@560271a1[
  name=should_report_new_and_fixed_warnings_in_consecutive_builds
  title=<null>
  description=<null>
  failure=ru.yandex.qatools.allure.model.Failure@4b9c411
  start=1443743154305
  stop=1443743217919
  status=BROKEN
  severity=<null>
  steps=[]
  attachments=[]
  labels=[ru.yandex.qatools.allure.model.Label@41e9f86, ru.yandex.qatools.allure.model.Label@66f5b8fe]
  parameters=<null>
]
testCaseResult={
   "start" : 1443743154305,
   "stop" : 1443743217919,
   "status" : "broken",
   "name" : "should_report_new_and_fixed_warnings_in_consecutive_builds",
   "failure" : {
      "message" : "NoSuchMethodError: org.apache.http.entity.ContentType.create(Ljava/lang/String;[Lorg/apache/http/NameValuePair;)Lorg/apache/http/entity/ContentType;",
      "stack-trace" : "java.lang.NoSuchMethodError: org.apache.http.entity.ContentType.create(Ljava/lang/String;[Lorg/apache/http/NameValuePair;)Lorg/apache/http/entity/ContentType;\n\tat org.apache.http.entity.mime.MultipartEntityBuilder.buildEntity(MultipartEntityBuilder.java:209)\n\tat org.apache.http.entity.mime.MultipartEntityBuilder.build(MultipartEntityBuilder.java:230)\n\tat org.jenkinsci.test.acceptance.update_center.PluginMetadata.uploadTo(PluginMetadata.java:65)\n\tat org.jenkinsci.test.acceptance.po.PluginManager.installPlugins(PluginManager.java:173)\n\tat org.jenkinsci.test.acceptance.junit.WithPlugins$RuleImpl$1.doInstall(WithPlugins.java:139)\n\tat org.jenkinsci.test.acceptance.junit.WithPlugins$RuleImpl$1.installPlugins(WithPlugins.java:119)\n\tat org.jenkinsci.test.acceptance.junit.WithPlugins$RuleImpl$1.evaluate(WithPlugins.java:92)\n\tat org.jenkinsci.test.acceptance.junit.JenkinsAcceptanceTestRule$1$2$1.evaluate(JenkinsAcceptanceTestRule.java:129)\n\tat org.jenkinsci.test.acceptance.junit.FilterRule$1.evaluate(FilterRule.java:62)\n\tat org.jenkinsci.test.acceptance.junit.JenkinsAcceptanceTestRule$1.evaluate(JenkinsAcceptanceTestRule.java:55)\n\tat org.junit.runners.ParentRunner.runLeaf(ParentRunner.java:271)\n\tat org.junit.runners.BlockJUnit4ClassRunner.runChild(BlockJUnit4ClassRunner.java:70)\n\tat org.junit.runners.BlockJUnit4ClassRunner.runChild(BlockJUnit4ClassRunner.java:50)\n\tat org.junit.runners.ParentRunner$3.run(ParentRunner.java:238)\n\tat org.junit.runners.ParentRunner$1.schedule(ParentRunner.java:63)\n\tat org.junit.runners.ParentRunner.runChildren(ParentRunner.java:236)\n\tat org.junit.runners.ParentRunner.access$000(ParentRunner.java:53)\n\tat org.junit.runners.ParentRunner$2.evaluate(ParentRunner.java:229)\n\tat org.junit.runners.ParentRunner.run(ParentRunner.java:309)\n\tat org.apache.maven.surefire.junit4.JUnit4Provider.execute(JUnit4Provider.java:264)\n\tat org.apache.maven.surefire.junit4.JUnit4Provider.executeTestSet(JUnit4Provider.java:153)\n\tat org.apache.maven.surefire.junit4.JUnit4Provider.invoke(JUnit4Provider.java:124)\n\tat org.apache.maven.surefire.booter.ForkedBooter.invokeProviderInSameClassLoader(ForkedBooter.java:200)\n\tat org.apache.maven.surefire.booter.ForkedBooter.runSuitesInProcess(ForkedBooter.java:153)\n\tat org.apache.maven.surefire.booter.ForkedBooter.main(ForkedBooter.java:103)\n"
   },
   "steps" : {
      "step" : [ ]
   },
   "attachments" : {
      "attachment" : [ ]
   },
   "labels" : {
      "label" : [ {
         "name" : "host",
         "value" : "Abduls-MBP.home"
      }, {
         "name" : "thread",
         "value" : "35251@Abduls-MBP.home.main(1)"
      } ]
   }
}
testCase=ru.yandex.qatools.allure.model.TestCase@233f52f8[
  _id=66566154-da43-4567-bab7-a89fccc65b1a
  executionId=62229910-35f6-40ea-8439-ec3c3d9421df
  result=ru.yandex.qatools.allure.model.TestCaseResult@560271a1
]
testCase={
   "_id" : "66566154-da43-4567-bab7-a89fccc65b1a",
   "executionId" : "62229910-35f6-40ea-8439-ec3c3d9421df",
   "result" : {
      "start" : 1443743154305,
      "stop" : 1443743217919,
      "status" : "broken",
      "name" : "should_report_new_and_fixed_warnings_in_consecutive_builds",
      "failure" : {
         "message" : "NoSuchMethodError: org.apache.http.entity.ContentType.create(Ljava/lang/String;[Lorg/apache/http/NameValuePair;)Lorg/apache/http/entity/ContentType;",
         "stack-trace" : "java.lang.NoSuchMethodError: org.apache.http.entity.ContentType.create(Ljava/lang/String;[Lorg/apache/http/NameValuePair;)Lorg/apache/http/entity/ContentType;\n\tat org.apache.http.entity.mime.MultipartEntityBuilder.buildEntity(MultipartEntityBuilder.java:209)\n\tat org.apache.http.entity.mime.MultipartEntityBuilder.build(MultipartEntityBuilder.java:230)\n\tat org.jenkinsci.test.acceptance.update_center.PluginMetadata.uploadTo(PluginMetadata.java:65)\n\tat org.jenkinsci.test.acceptance.po.PluginManager.installPlugins(PluginManager.java:173)\n\tat org.jenkinsci.test.acceptance.junit.WithPlugins$RuleImpl$1.doInstall(WithPlugins.java:139)\n\tat org.jenkinsci.test.acceptance.junit.WithPlugins$RuleImpl$1.installPlugins(WithPlugins.java:119)\n\tat org.jenkinsci.test.acceptance.junit.WithPlugins$RuleImpl$1.evaluate(WithPlugins.java:92)\n\tat org.jenkinsci.test.acceptance.junit.JenkinsAcceptanceTestRule$1$2$1.evaluate(JenkinsAcceptanceTestRule.java:129)\n\tat org.jenkinsci.test.acceptance.junit.FilterRule$1.evaluate(FilterRule.java:62)\n\tat org.jenkinsci.test.acceptance.junit.JenkinsAcceptanceTestRule$1.evaluate(JenkinsAcceptanceTestRule.java:55)\n\tat org.junit.runners.ParentRunner.runLeaf(ParentRunner.java:271)\n\tat org.junit.runners.BlockJUnit4ClassRunner.runChild(BlockJUnit4ClassRunner.java:70)\n\tat org.junit.runners.BlockJUnit4ClassRunner.runChild(BlockJUnit4ClassRunner.java:50)\n\tat org.junit.runners.ParentRunner$3.run(ParentRunner.java:238)\n\tat org.junit.runners.ParentRunner$1.schedule(ParentRunner.java:63)\n\tat org.junit.runners.ParentRunner.runChildren(ParentRunner.java:236)\n\tat org.junit.runners.ParentRunner.access$000(ParentRunner.java:53)\n\tat org.junit.runners.ParentRunner$2.evaluate(ParentRunner.java:229)\n\tat org.junit.runners.ParentRunner.run(ParentRunner.java:309)\n\tat org.apache.maven.surefire.junit4.JUnit4Provider.execute(JUnit4Provider.java:264)\n\tat org.apache.maven.surefire.junit4.JUnit4Provider.executeTestSet(JUnit4Provider.java:153)\n\tat org.apache.maven.surefire.junit4.JUnit4Provider.invoke(JUnit4Provider.java:124)\n\tat org.apache.maven.surefire.booter.ForkedBooter.invokeProviderInSameClassLoader(ForkedBooter.java:200)\n\tat org.apache.maven.surefire.booter.ForkedBooter.runSuitesInProcess(ForkedBooter.java:153)\n\tat org.apache.maven.surefire.booter.ForkedBooter.main(ForkedBooter.java:103)\n"
      },
      "steps" : {
         "step" : [ ]
      },
      "attachments" : {
         "attachment" : [ ]
      },
      "labels" : {
         "label" : [ {
            "name" : "host",
            "value" : "Abduls-MBP.home"
         }, {
            "name" : "thread",
            "value" : "35251@Abduls-MBP.home.main(1)"
         } ]
      }
   }
}
>>>REQUEST: /testdb/TestCase
[WARN] [10/01/2015 19:46:57.933] [default-akka.actor.default-dispatcher-43] [ActorSystem(default)] Illegal response header: Illegal 'etag' header: Invalid input '5', expected 'W' or '"' (line 1, column 1): 560dc5f1fbeaf7a200c9bec9
^
running with given plugins: []
<<<RESPONSE (201 Created): /testdb/TestCase
=== Starting should_report_details_in_different_tabs(plugins.CheckStylePluginTest)
Starting Jenkins: JAVA_HOME=/Library/Java/JavaVirtualMachines/jdk1.8.0_60.jdk/Contents/Home JENKINS_HOME=/Users/abduljewel/Documents/c/spiderqa/sample-test-projects/acceptance-test-harness/target/jenkins5778455727876506241home /Library/Java/JavaVirtualMachines/jdk1.8.0_60.jdk/Contents/Home/bin/java -Duser.language=en -jar ./jenkins.war --ajp13Port=-1 --httpPort=54080
master54080|Running from: /Users/abduljewel/Documents/c/spiderqa/sample-test-projects/acceptance-test-harness/jenkins.war
master54080|webroot: EnvVars.masterEnvVars.get("JENKINS_HOME")
master54080|Oct 01, 2015 7:46:58 PM winstone.Logger logInternal
master54080|INFO: Beginning extraction from war file
master54080|Oct 01, 2015 7:47:02 PM org.eclipse.jetty.util.log.JavaUtilLog info
master54080|INFO: jetty-winstone-2.8
master54080|Oct 01, 2015 7:47:06 PM org.eclipse.jetty.util.log.JavaUtilLog info
master54080|INFO: NO JSP Support for , did not find org.apache.jasper.servlet.JspServlet
master54080|Jenkins home directory: /Users/abduljewel/Documents/c/spiderqa/sample-test-projects/acceptance-test-harness/target/jenkins5778455727876506241home found at: EnvVars.masterEnvVars.get("JENKINS_HOME")
master54080|Oct 01, 2015 7:47:09 PM org.eclipse.jetty.util.log.JavaUtilLog info
master54080|INFO: Started SelectChannelConnector@0.0.0.0:54080
master54080|Oct 01, 2015 7:47:09 PM winstone.Logger logInternal
master54080|INFO: Winstone Servlet Engine v2.0 running: controlPort=disabled
master54080|Oct 01, 2015 7:47:09 PM jenkins.InitReactorRunner$1 onAttained
master54080|INFO: Started initialization
master54080|Oct 01, 2015 7:47:34 PM jenkins.InitReactorRunner$1 onAttained
master54080|INFO: Listed all plugins
master54080|Oct 01, 2015 7:47:34 PM jenkins.InitReactorRunner$1 onAttained
master54080|INFO: Prepared all plugins
master54080|Oct 01, 2015 7:47:35 PM jenkins.InitReactorRunner$1 onAttained
master54080|INFO: Started all plugins
master54080|Oct 01, 2015 7:47:35 PM jenkins.InitReactorRunner$1 onAttained
master54080|INFO: Augmented all extensions
master54080|Oct 01, 2015 7:47:39 PM jenkins.InitReactorRunner$1 onAttained
master54080|INFO: Loaded all jobs
master54080|Oct 01, 2015 7:47:42 PM hudson.model.AsyncPeriodicWork$1 run
master54080|INFO: Started Download metadata
master54080|Oct 01, 2015 7:47:42 PM org.jenkinsci.main.modules.sshd.SSHD start
master54080|INFO: Started SSHD at port 50196
master54080|Oct 01, 2015 7:47:42 PM jenkins.InitReactorRunner$1 onAttained
master54080|INFO: Completed initialization
master54080|Oct 01, 2015 7:47:42 PM hudson.UDPBroadcastThread run
master54080|WARNING: UDP handling problem
master54080|java.net.SocketException: Can't assign requested address
master54080|	at java.net.PlainDatagramSocketImpl.join(Native Method)
master54080|	at java.net.AbstractPlainDatagramSocketImpl.join(AbstractPlainDatagramSocketImpl.java:179)
master54080|	at java.net.MulticastSocket.joinGroup(MulticastSocket.java:323)
master54080|	at hudson.UDPBroadcastThread.run(UDPBroadcastThread.java:77)
master54080|
master54080|Oct 01, 2015 7:47:42 PM hudson.WebAppMain$3 run
master54080|INFO: Jenkins is fully up and running
master54080|Oct 01, 2015 7:47:48 PM hudson.model.UpdateSite updateData
master54080|INFO: Obtained the latest update center data file for UpdateSource default
master54080|Oct 01, 2015 7:47:48 PM hudson.model.DownloadService$Downloadable load
master54080|INFO: Obtained the updated data file for hudson.tasks.Maven.MavenInstaller
master54080|Oct 01, 2015 7:47:49 PM hudson.model.DownloadService$Downloadable load
master54080|INFO: Obtained the updated data file for hudson.tasks.Ant.AntInstaller
master54080|Oct 01, 2015 7:47:50 PM hudson.model.DownloadService$Downloadable load
master54080|INFO: Obtained the updated data file for hudson.tools.JDKInstaller
master54080|Oct 01, 2015 7:47:50 PM hudson.model.AsyncPeriodicWork$1 run
master54080|INFO: Finished Download metadata. 8,115 ms
Jenkins is stopped
]]></system-out>
    <system-err><![CDATA[Oct 01, 2015 7:46:57 PM org.jenkinsci.test.acceptance.controller.LocalController startNow
INFO: Waiting for Jenkins to become running in http://127.0.0.1:54080/
Oct 01, 2015 7:47:42 PM org.jenkinsci.test.acceptance.controller.LocalController startNow
INFO: Jenkins is running in http://127.0.0.1:54080/
Oct 01, 2015 7:47:50 PM org.jenkinsci.test.acceptance.po.PluginManager installationStatus
INFO: checkstyle is not installed
Oct 01, 2015 7:47:50 PM org.jenkinsci.test.acceptance.po.PluginManager installationStatus
INFO: checkstyle is not installed
Oct 01, 2015 7:47:52 PM org.jenkinsci.test.acceptance.po.PluginManager installationStatus
INFO: script-security has version 1.13 but 1.15 was requested
]]></system-err>
  </testcase>
  <testcase name="should_set_build_to_unstable_if_total_warnings_threshold_set" classname="plugins.CheckStylePluginTest" time="55.126">
    <error message="org.apache.http.entity.ContentType.create(Ljava/lang/String;[Lorg/apache/http/NameValuePair;)Lorg/apache/http/entity/ContentType;" type="java.lang.NoSuchMethodError">java.lang.NoSuchMethodError: org.apache.http.entity.ContentType.create(Ljava/lang/String;[Lorg/apache/http/NameValuePair;)Lorg/apache/http/entity/ContentType;
	at org.apache.http.entity.mime.MultipartEntityBuilder.buildEntity(MultipartEntityBuilder.java:209)
	at org.apache.http.entity.mime.MultipartEntityBuilder.build(MultipartEntityBuilder.java:230)
	at org.jenkinsci.test.acceptance.update_center.PluginMetadata.uploadTo(PluginMetadata.java:65)
	at org.jenkinsci.test.acceptance.po.PluginManager.installPlugins(PluginManager.java:173)
	at org.jenkinsci.test.acceptance.junit.WithPlugins$RuleImpl$1.doInstall(WithPlugins.java:139)
	at org.jenkinsci.test.acceptance.junit.WithPlugins$RuleImpl$1.installPlugins(WithPlugins.java:119)
	at org.jenkinsci.test.acceptance.junit.WithPlugins$RuleImpl$1.evaluate(WithPlugins.java:92)
	at org.jenkinsci.test.acceptance.junit.JenkinsAcceptanceTestRule$1$2$1.evaluate(JenkinsAcceptanceTestRule.java:129)
	at org.jenkinsci.test.acceptance.junit.FilterRule$1.evaluate(FilterRule.java:62)
	at org.jenkinsci.test.acceptance.junit.JenkinsAcceptanceTestRule$1.evaluate(JenkinsAcceptanceTestRule.java:55)
	at org.junit.runners.ParentRunner.runLeaf(ParentRunner.java:271)
	at org.junit.runners.BlockJUnit4ClassRunner.runChild(BlockJUnit4ClassRunner.java:70)
	at org.junit.runners.BlockJUnit4ClassRunner.runChild(BlockJUnit4ClassRunner.java:50)
	at org.junit.runners.ParentRunner$3.run(ParentRunner.java:238)
	at org.junit.runners.ParentRunner$1.schedule(ParentRunner.java:63)
	at org.junit.runners.ParentRunner.runChildren(ParentRunner.java:236)
	at org.junit.runners.ParentRunner.access$000(ParentRunner.java:53)
	at org.junit.runners.ParentRunner$2.evaluate(ParentRunner.java:229)
	at org.junit.runners.ParentRunner.run(ParentRunner.java:309)
	at org.apache.maven.surefire.junit4.JUnit4Provider.execute(JUnit4Provider.java:264)
	at org.apache.maven.surefire.junit4.JUnit4Provider.executeTestSet(JUnit4Provider.java:153)
	at org.apache.maven.surefire.junit4.JUnit4Provider.invoke(JUnit4Provider.java:124)
	at org.apache.maven.surefire.booter.ForkedBooter.invokeProviderInSameClassLoader(ForkedBooter.java:200)
	at org.apache.maven.surefire.booter.ForkedBooter.runSuitesInProcess(ForkedBooter.java:153)
	at org.apache.maven.surefire.booter.ForkedBooter.main(ForkedBooter.java:103)
</error>
    <system-out><![CDATA[testCaseResult=ru.yandex.qatools.allure.model.TestCaseResult@2c9d90fc[
  name=should_report_details_in_different_tabs
  title=<null>
  description=<null>
  failure=ru.yandex.qatools.allure.model.Failure@1511d157
  start=1443743217927
  stop=1443743272520
  status=BROKEN
  severity=<null>
  steps=[]
  attachments=[]
  labels=[ru.yandex.qatools.allure.model.Label@418f890f, ru.yandex.qatools.allure.model.Label@3d3c886f]
  parameters=<null>
]
testCaseResult={
   "start" : 1443743217927,
   "stop" : 1443743272520,
   "status" : "broken",
   "name" : "should_report_details_in_different_tabs",
   "failure" : {
      "message" : "NoSuchMethodError: org.apache.http.entity.ContentType.create(Ljava/lang/String;[Lorg/apache/http/NameValuePair;)Lorg/apache/http/entity/ContentType;",
      "stack-trace" : "java.lang.NoSuchMethodError: org.apache.http.entity.ContentType.create(Ljava/lang/String;[Lorg/apache/http/NameValuePair;)Lorg/apache/http/entity/ContentType;\n\tat org.apache.http.entity.mime.MultipartEntityBuilder.buildEntity(MultipartEntityBuilder.java:209)\n\tat org.apache.http.entity.mime.MultipartEntityBuilder.build(MultipartEntityBuilder.java:230)\n\tat org.jenkinsci.test.acceptance.update_center.PluginMetadata.uploadTo(PluginMetadata.java:65)\n\tat org.jenkinsci.test.acceptance.po.PluginManager.installPlugins(PluginManager.java:173)\n\tat org.jenkinsci.test.acceptance.junit.WithPlugins$RuleImpl$1.doInstall(WithPlugins.java:139)\n\tat org.jenkinsci.test.acceptance.junit.WithPlugins$RuleImpl$1.installPlugins(WithPlugins.java:119)\n\tat org.jenkinsci.test.acceptance.junit.WithPlugins$RuleImpl$1.evaluate(WithPlugins.java:92)\n\tat org.jenkinsci.test.acceptance.junit.JenkinsAcceptanceTestRule$1$2$1.evaluate(JenkinsAcceptanceTestRule.java:129)\n\tat org.jenkinsci.test.acceptance.junit.FilterRule$1.evaluate(FilterRule.java:62)\n\tat org.jenkinsci.test.acceptance.junit.JenkinsAcceptanceTestRule$1.evaluate(JenkinsAcceptanceTestRule.java:55)\n\tat org.junit.runners.ParentRunner.runLeaf(ParentRunner.java:271)\n\tat org.junit.runners.BlockJUnit4ClassRunner.runChild(BlockJUnit4ClassRunner.java:70)\n\tat org.junit.runners.BlockJUnit4ClassRunner.runChild(BlockJUnit4ClassRunner.java:50)\n\tat org.junit.runners.ParentRunner$3.run(ParentRunner.java:238)\n\tat org.junit.runners.ParentRunner$1.schedule(ParentRunner.java:63)\n\tat org.junit.runners.ParentRunner.runChildren(ParentRunner.java:236)\n\tat org.junit.runners.ParentRunner.access$000(ParentRunner.java:53)\n\tat org.junit.runners.ParentRunner$2.evaluate(ParentRunner.java:229)\n\tat org.junit.runners.ParentRunner.run(ParentRunner.java:309)\n\tat org.apache.maven.surefire.junit4.JUnit4Provider.execute(JUnit4Provider.java:264)\n\tat org.apache.maven.surefire.junit4.JUnit4Provider.executeTestSet(JUnit4Provider.java:153)\n\tat org.apache.maven.surefire.junit4.JUnit4Provider.invoke(JUnit4Provider.java:124)\n\tat org.apache.maven.surefire.booter.ForkedBooter.invokeProviderInSameClassLoader(ForkedBooter.java:200)\n\tat org.apache.maven.surefire.booter.ForkedBooter.runSuitesInProcess(ForkedBooter.java:153)\n\tat org.apache.maven.surefire.booter.ForkedBooter.main(ForkedBooter.java:103)\n"
   },
   "steps" : {
      "step" : [ ]
   },
   "attachments" : {
      "attachment" : [ ]
   },
   "labels" : {
      "label" : [ {
         "name" : "host",
         "value" : "Abduls-MBP.home"
      }, {
         "name" : "thread",
         "value" : "35251@Abduls-MBP.home.main(1)"
      } ]
   }
}
testCase=ru.yandex.qatools.allure.model.TestCase@7d66e544[
  _id=c4607311-89e0-45fb-837d-3baaeee9643f
  executionId=62229910-35f6-40ea-8439-ec3c3d9421df
  result=ru.yandex.qatools.allure.model.TestCaseResult@2c9d90fc
]
testCase={
   "_id" : "c4607311-89e0-45fb-837d-3baaeee9643f",
   "executionId" : "62229910-35f6-40ea-8439-ec3c3d9421df",
   "result" : {
      "start" : 1443743217927,
      "stop" : 1443743272520,
      "status" : "broken",
      "name" : "should_report_details_in_different_tabs",
      "failure" : {
         "message" : "NoSuchMethodError: org.apache.http.entity.ContentType.create(Ljava/lang/String;[Lorg/apache/http/NameValuePair;)Lorg/apache/http/entity/ContentType;",
         "stack-trace" : "java.lang.NoSuchMethodError: org.apache.http.entity.ContentType.create(Ljava/lang/String;[Lorg/apache/http/NameValuePair;)Lorg/apache/http/entity/ContentType;\n\tat org.apache.http.entity.mime.MultipartEntityBuilder.buildEntity(MultipartEntityBuilder.java:209)\n\tat org.apache.http.entity.mime.MultipartEntityBuilder.build(MultipartEntityBuilder.java:230)\n\tat org.jenkinsci.test.acceptance.update_center.PluginMetadata.uploadTo(PluginMetadata.java:65)\n\tat org.jenkinsci.test.acceptance.po.PluginManager.installPlugins(PluginManager.java:173)\n\tat org.jenkinsci.test.acceptance.junit.WithPlugins$RuleImpl$1.doInstall(WithPlugins.java:139)\n\tat org.jenkinsci.test.acceptance.junit.WithPlugins$RuleImpl$1.installPlugins(WithPlugins.java:119)\n\tat org.jenkinsci.test.acceptance.junit.WithPlugins$RuleImpl$1.evaluate(WithPlugins.java:92)\n\tat org.jenkinsci.test.acceptance.junit.JenkinsAcceptanceTestRule$1$2$1.evaluate(JenkinsAcceptanceTestRule.java:129)\n\tat org.jenkinsci.test.acceptance.junit.FilterRule$1.evaluate(FilterRule.java:62)\n\tat org.jenkinsci.test.acceptance.junit.JenkinsAcceptanceTestRule$1.evaluate(JenkinsAcceptanceTestRule.java:55)\n\tat org.junit.runners.ParentRunner.runLeaf(ParentRunner.java:271)\n\tat org.junit.runners.BlockJUnit4ClassRunner.runChild(BlockJUnit4ClassRunner.java:70)\n\tat org.junit.runners.BlockJUnit4ClassRunner.runChild(BlockJUnit4ClassRunner.java:50)\n\tat org.junit.runners.ParentRunner$3.run(ParentRunner.java:238)\n\tat org.junit.runners.ParentRunner$1.schedule(ParentRunner.java:63)\n\tat org.junit.runners.ParentRunner.runChildren(ParentRunner.java:236)\n\tat org.junit.runners.ParentRunner.access$000(ParentRunner.java:53)\n\tat org.junit.runners.ParentRunner$2.evaluate(ParentRunner.java:229)\n\tat org.junit.runners.ParentRunner.run(ParentRunner.java:309)\n\tat org.apache.maven.surefire.junit4.JUnit4Provider.execute(JUnit4Provider.java:264)\n\tat org.apache.maven.surefire.junit4.JUnit4Provider.executeTestSet(JUnit4Provider.java:153)\n\tat org.apache.maven.surefire.junit4.JUnit4Provider.invoke(JUnit4Provider.java:124)\n\tat org.apache.maven.surefire.booter.ForkedBooter.invokeProviderInSameClassLoader(ForkedBooter.java:200)\n\tat org.apache.maven.surefire.booter.ForkedBooter.runSuitesInProcess(ForkedBooter.java:153)\n\tat org.apache.maven.surefire.booter.ForkedBooter.main(ForkedBooter.java:103)\n"
      },
      "steps" : {
         "step" : [ ]
      },
      "attachments" : {
         "attachment" : [ ]
      },
      "labels" : {
         "label" : [ {
            "name" : "host",
            "value" : "Abduls-MBP.home"
         }, {
            "name" : "thread",
            "value" : "35251@Abduls-MBP.home.main(1)"
         } ]
      }
   }
}
>>>REQUEST: /testdb/TestCase
[WARN] [10/01/2015 19:47:52.535] [default-akka.actor.default-dispatcher-54] [ActorSystem(default)] Illegal response header: Illegal 'etag' header: Invalid input '5', expected 'W' or '"' (line 1, column 1): 560dc628fbeaf7a200c9becd
^
<<<RESPONSE (201 Created): /testdb/TestCase
running with given plugins: []
=== Starting should_set_build_to_unstable_if_total_warnings_threshold_set(plugins.CheckStylePluginTest)
Starting Jenkins: JAVA_HOME=/Library/Java/JavaVirtualMachines/jdk1.8.0_60.jdk/Contents/Home JENKINS_HOME=/Users/abduljewel/Documents/c/spiderqa/sample-test-projects/acceptance-test-harness/target/jenkins4737205711013415115home /Library/Java/JavaVirtualMachines/jdk1.8.0_60.jdk/Contents/Home/bin/java -Duser.language=en -jar ./jenkins.war --ajp13Port=-1 --httpPort=62476
master62476|Running from: /Users/abduljewel/Documents/c/spiderqa/sample-test-projects/acceptance-test-harness/jenkins.war
master62476|webroot: EnvVars.masterEnvVars.get("JENKINS_HOME")
master62476|Oct 01, 2015 7:47:53 PM winstone.Logger logInternal
master62476|INFO: Beginning extraction from war file
master62476|Oct 01, 2015 7:47:56 PM org.eclipse.jetty.util.log.JavaUtilLog info
master62476|INFO: jetty-winstone-2.8
master62476|Oct 01, 2015 7:48:00 PM org.eclipse.jetty.util.log.JavaUtilLog info
master62476|INFO: NO JSP Support for , did not find org.apache.jasper.servlet.JspServlet
master62476|Jenkins home directory: /Users/abduljewel/Documents/c/spiderqa/sample-test-projects/acceptance-test-harness/target/jenkins4737205711013415115home found at: EnvVars.masterEnvVars.get("JENKINS_HOME")
master62476|Oct 01, 2015 7:48:03 PM org.eclipse.jetty.util.log.JavaUtilLog info
master62476|INFO: Started SelectChannelConnector@0.0.0.0:62476
master62476|Oct 01, 2015 7:48:03 PM winstone.Logger logInternal
master62476|INFO: Winstone Servlet Engine v2.0 running: controlPort=disabled
master62476|Oct 01, 2015 7:48:04 PM jenkins.InitReactorRunner$1 onAttained
master62476|INFO: Started initialization
master62476|Oct 01, 2015 7:48:28 PM jenkins.InitReactorRunner$1 onAttained
master62476|INFO: Listed all plugins
master62476|Oct 01, 2015 7:48:28 PM jenkins.InitReactorRunner$1 onAttained
master62476|INFO: Prepared all plugins
master62476|Oct 01, 2015 7:48:28 PM jenkins.InitReactorRunner$1 onAttained
master62476|INFO: Started all plugins
master62476|Oct 01, 2015 7:48:28 PM jenkins.InitReactorRunner$1 onAttained
master62476|INFO: Augmented all extensions
master62476|Oct 01, 2015 7:48:32 PM jenkins.InitReactorRunner$1 onAttained
master62476|INFO: Loaded all jobs
master62476|Oct 01, 2015 7:48:37 PM hudson.model.AsyncPeriodicWork$1 run
master62476|INFO: Started Download metadata
master62476|Oct 01, 2015 7:48:38 PM org.jenkinsci.main.modules.sshd.SSHD start
master62476|INFO: Started SSHD at port 50692
master62476|Oct 01, 2015 7:48:38 PM jenkins.InitReactorRunner$1 onAttained
master62476|INFO: Completed initialization
master62476|Oct 01, 2015 7:48:38 PM hudson.UDPBroadcastThread run
master62476|WARNING: UDP handling problem
master62476|java.net.SocketException: Can't assign requested address
master62476|	at java.net.PlainDatagramSocketImpl.join(Native Method)
master62476|	at java.net.AbstractPlainDatagramSocketImpl.join(AbstractPlainDatagramSocketImpl.java:179)
master62476|	at java.net.MulticastSocket.joinGroup(MulticastSocket.java:323)
master62476|	at hudson.UDPBroadcastThread.run(UDPBroadcastThread.java:77)
master62476|
master62476|Oct 01, 2015 7:48:38 PM hudson.WebAppMain$3 run
master62476|INFO: Jenkins is fully up and running
master62476|Oct 01, 2015 7:48:43 PM hudson.model.UpdateSite updateData
master62476|INFO: Obtained the latest update center data file for UpdateSource default
master62476|Oct 01, 2015 7:48:43 PM hudson.model.DownloadService$Downloadable load
master62476|INFO: Obtained the updated data file for hudson.tasks.Maven.MavenInstaller
master62476|Oct 01, 2015 7:48:43 PM hudson.model.DownloadService$Downloadable load
master62476|INFO: Obtained the updated data file for hudson.tasks.Ant.AntInstaller
master62476|Oct 01, 2015 7:48:44 PM hudson.model.DownloadService$Downloadable load
master62476|INFO: Obtained the updated data file for hudson.tools.JDKInstaller
master62476|Oct 01, 2015 7:48:44 PM hudson.model.AsyncPeriodicWork$1 run
master62476|INFO: Finished Download metadata. 7,206 ms
Jenkins is stopped
]]></system-out>
    <system-err><![CDATA[Oct 01, 2015 7:47:52 PM org.jenkinsci.test.acceptance.controller.LocalController startNow
INFO: Waiting for Jenkins to become running in http://127.0.0.1:62476/
Oct 01, 2015 7:48:38 PM org.jenkinsci.test.acceptance.controller.LocalController startNow
INFO: Jenkins is running in http://127.0.0.1:62476/
Oct 01, 2015 7:48:45 PM org.jenkinsci.test.acceptance.po.PluginManager installationStatus
INFO: checkstyle is not installed
Oct 01, 2015 7:48:45 PM org.jenkinsci.test.acceptance.po.PluginManager installationStatus
INFO: checkstyle is not installed
Oct 01, 2015 7:48:47 PM org.jenkinsci.test.acceptance.po.PluginManager installationStatus
INFO: script-security has version 1.13 but 1.15 was requested
]]></system-err>
  </testcase>
  <testcase name="should_return_results_via_remote_api" classname="plugins.CheckStylePluginTest" time="62.744">
    <error message="org.apache.http.entity.ContentType.create(Ljava/lang/String;[Lorg/apache/http/NameValuePair;)Lorg/apache/http/entity/ContentType;" type="java.lang.NoSuchMethodError">java.lang.NoSuchMethodError: org.apache.http.entity.ContentType.create(Ljava/lang/String;[Lorg/apache/http/NameValuePair;)Lorg/apache/http/entity/ContentType;
	at org.apache.http.entity.mime.MultipartEntityBuilder.buildEntity(MultipartEntityBuilder.java:209)
	at org.apache.http.entity.mime.MultipartEntityBuilder.build(MultipartEntityBuilder.java:230)
	at org.jenkinsci.test.acceptance.update_center.PluginMetadata.uploadTo(PluginMetadata.java:65)
	at org.jenkinsci.test.acceptance.po.PluginManager.installPlugins(PluginManager.java:173)
	at org.jenkinsci.test.acceptance.junit.WithPlugins$RuleImpl$1.doInstall(WithPlugins.java:139)
	at org.jenkinsci.test.acceptance.junit.WithPlugins$RuleImpl$1.installPlugins(WithPlugins.java:119)
	at org.jenkinsci.test.acceptance.junit.WithPlugins$RuleImpl$1.evaluate(WithPlugins.java:92)
	at org.jenkinsci.test.acceptance.junit.JenkinsAcceptanceTestRule$1$2$1.evaluate(JenkinsAcceptanceTestRule.java:129)
	at org.jenkinsci.test.acceptance.junit.FilterRule$1.evaluate(FilterRule.java:62)
	at org.jenkinsci.test.acceptance.junit.JenkinsAcceptanceTestRule$1.evaluate(JenkinsAcceptanceTestRule.java:55)
	at org.junit.runners.ParentRunner.runLeaf(ParentRunner.java:271)
	at org.junit.runners.BlockJUnit4ClassRunner.runChild(BlockJUnit4ClassRunner.java:70)
	at org.junit.runners.BlockJUnit4ClassRunner.runChild(BlockJUnit4ClassRunner.java:50)
	at org.junit.runners.ParentRunner$3.run(ParentRunner.java:238)
	at org.junit.runners.ParentRunner$1.schedule(ParentRunner.java:63)
	at org.junit.runners.ParentRunner.runChildren(ParentRunner.java:236)
	at org.junit.runners.ParentRunner.access$000(ParentRunner.java:53)
	at org.junit.runners.ParentRunner$2.evaluate(ParentRunner.java:229)
	at org.junit.runners.ParentRunner.run(ParentRunner.java:309)
	at org.apache.maven.surefire.junit4.JUnit4Provider.execute(JUnit4Provider.java:264)
	at org.apache.maven.surefire.junit4.JUnit4Provider.executeTestSet(JUnit4Provider.java:153)
	at org.apache.maven.surefire.junit4.JUnit4Provider.invoke(JUnit4Provider.java:124)
	at org.apache.maven.surefire.booter.ForkedBooter.invokeProviderInSameClassLoader(ForkedBooter.java:200)
	at org.apache.maven.surefire.booter.ForkedBooter.runSuitesInProcess(ForkedBooter.java:153)
	at org.apache.maven.surefire.booter.ForkedBooter.main(ForkedBooter.java:103)
</error>
    <system-out><![CDATA[testCaseResult=ru.yandex.qatools.allure.model.TestCaseResult@634f58d2[
  name=should_set_build_to_unstable_if_total_warnings_threshold_set
  title=<null>
  description=<null>
  failure=ru.yandex.qatools.allure.model.Failure@585513a8
  start=1443743272531
  stop=1443743327655
  status=BROKEN
  severity=<null>
  steps=[]
  attachments=[]
  labels=[ru.yandex.qatools.allure.model.Label@7b18658a, ru.yandex.qatools.allure.model.Label@30f28b5]
  parameters=<null>
]
testCaseResult={
   "start" : 1443743272531,
   "stop" : 1443743327655,
   "status" : "broken",
   "name" : "should_set_build_to_unstable_if_total_warnings_threshold_set",
   "failure" : {
      "message" : "NoSuchMethodError: org.apache.http.entity.ContentType.create(Ljava/lang/String;[Lorg/apache/http/NameValuePair;)Lorg/apache/http/entity/ContentType;",
      "stack-trace" : "java.lang.NoSuchMethodError: org.apache.http.entity.ContentType.create(Ljava/lang/String;[Lorg/apache/http/NameValuePair;)Lorg/apache/http/entity/ContentType;\n\tat org.apache.http.entity.mime.MultipartEntityBuilder.buildEntity(MultipartEntityBuilder.java:209)\n\tat org.apache.http.entity.mime.MultipartEntityBuilder.build(MultipartEntityBuilder.java:230)\n\tat org.jenkinsci.test.acceptance.update_center.PluginMetadata.uploadTo(PluginMetadata.java:65)\n\tat org.jenkinsci.test.acceptance.po.PluginManager.installPlugins(PluginManager.java:173)\n\tat org.jenkinsci.test.acceptance.junit.WithPlugins$RuleImpl$1.doInstall(WithPlugins.java:139)\n\tat org.jenkinsci.test.acceptance.junit.WithPlugins$RuleImpl$1.installPlugins(WithPlugins.java:119)\n\tat org.jenkinsci.test.acceptance.junit.WithPlugins$RuleImpl$1.evaluate(WithPlugins.java:92)\n\tat org.jenkinsci.test.acceptance.junit.JenkinsAcceptanceTestRule$1$2$1.evaluate(JenkinsAcceptanceTestRule.java:129)\n\tat org.jenkinsci.test.acceptance.junit.FilterRule$1.evaluate(FilterRule.java:62)\n\tat org.jenkinsci.test.acceptance.junit.JenkinsAcceptanceTestRule$1.evaluate(JenkinsAcceptanceTestRule.java:55)\n\tat org.junit.runners.ParentRunner.runLeaf(ParentRunner.java:271)\n\tat org.junit.runners.BlockJUnit4ClassRunner.runChild(BlockJUnit4ClassRunner.java:70)\n\tat org.junit.runners.BlockJUnit4ClassRunner.runChild(BlockJUnit4ClassRunner.java:50)\n\tat org.junit.runners.ParentRunner$3.run(ParentRunner.java:238)\n\tat org.junit.runners.ParentRunner$1.schedule(ParentRunner.java:63)\n\tat org.junit.runners.ParentRunner.runChildren(ParentRunner.java:236)\n\tat org.junit.runners.ParentRunner.access$000(ParentRunner.java:53)\n\tat org.junit.runners.ParentRunner$2.evaluate(ParentRunner.java:229)\n\tat org.junit.runners.ParentRunner.run(ParentRunner.java:309)\n\tat org.apache.maven.surefire.junit4.JUnit4Provider.execute(JUnit4Provider.java:264)\n\tat org.apache.maven.surefire.junit4.JUnit4Provider.executeTestSet(JUnit4Provider.java:153)\n\tat org.apache.maven.surefire.junit4.JUnit4Provider.invoke(JUnit4Provider.java:124)\n\tat org.apache.maven.surefire.booter.ForkedBooter.invokeProviderInSameClassLoader(ForkedBooter.java:200)\n\tat org.apache.maven.surefire.booter.ForkedBooter.runSuitesInProcess(ForkedBooter.java:153)\n\tat org.apache.maven.surefire.booter.ForkedBooter.main(ForkedBooter.java:103)\n"
   },
   "steps" : {
      "step" : [ ]
   },
   "attachments" : {
      "attachment" : [ ]
   },
   "labels" : {
      "label" : [ {
         "name" : "host",
         "value" : "Abduls-MBP.home"
      }, {
         "name" : "thread",
         "value" : "35251@Abduls-MBP.home.main(1)"
      } ]
   }
}
testCase=ru.yandex.qatools.allure.model.TestCase@1a1f79ce[
  _id=eb1d095a-c6b6-40c5-9e61-bfc8197bdab0
  executionId=62229910-35f6-40ea-8439-ec3c3d9421df
  result=ru.yandex.qatools.allure.model.TestCaseResult@634f58d2
]
testCase={
   "_id" : "eb1d095a-c6b6-40c5-9e61-bfc8197bdab0",
   "executionId" : "62229910-35f6-40ea-8439-ec3c3d9421df",
   "result" : {
      "start" : 1443743272531,
      "stop" : 1443743327655,
      "status" : "broken",
      "name" : "should_set_build_to_unstable_if_total_warnings_threshold_set",
      "failure" : {
         "message" : "NoSuchMethodError: org.apache.http.entity.ContentType.create(Ljava/lang/String;[Lorg/apache/http/NameValuePair;)Lorg/apache/http/entity/ContentType;",
         "stack-trace" : "java.lang.NoSuchMethodError: org.apache.http.entity.ContentType.create(Ljava/lang/String;[Lorg/apache/http/NameValuePair;)Lorg/apache/http/entity/ContentType;\n\tat org.apache.http.entity.mime.MultipartEntityBuilder.buildEntity(MultipartEntityBuilder.java:209)\n\tat org.apache.http.entity.mime.MultipartEntityBuilder.build(MultipartEntityBuilder.java:230)\n\tat org.jenkinsci.test.acceptance.update_center.PluginMetadata.uploadTo(PluginMetadata.java:65)\n\tat org.jenkinsci.test.acceptance.po.PluginManager.installPlugins(PluginManager.java:173)\n\tat org.jenkinsci.test.acceptance.junit.WithPlugins$RuleImpl$1.doInstall(WithPlugins.java:139)\n\tat org.jenkinsci.test.acceptance.junit.WithPlugins$RuleImpl$1.installPlugins(WithPlugins.java:119)\n\tat org.jenkinsci.test.acceptance.junit.WithPlugins$RuleImpl$1.evaluate(WithPlugins.java:92)\n\tat org.jenkinsci.test.acceptance.junit.JenkinsAcceptanceTestRule$1$2$1.evaluate(JenkinsAcceptanceTestRule.java:129)\n\tat org.jenkinsci.test.acceptance.junit.FilterRule$1.evaluate(FilterRule.java:62)\n\tat org.jenkinsci.test.acceptance.junit.JenkinsAcceptanceTestRule$1.evaluate(JenkinsAcceptanceTestRule.java:55)\n\tat org.junit.runners.ParentRunner.runLeaf(ParentRunner.java:271)\n\tat org.junit.runners.BlockJUnit4ClassRunner.runChild(BlockJUnit4ClassRunner.java:70)\n\tat org.junit.runners.BlockJUnit4ClassRunner.runChild(BlockJUnit4ClassRunner.java:50)\n\tat org.junit.runners.ParentRunner$3.run(ParentRunner.java:238)\n\tat org.junit.runners.ParentRunner$1.schedule(ParentRunner.java:63)\n\tat org.junit.runners.ParentRunner.runChildren(ParentRunner.java:236)\n\tat org.junit.runners.ParentRunner.access$000(ParentRunner.java:53)\n\tat org.junit.runners.ParentRunner$2.evaluate(ParentRunner.java:229)\n\tat org.junit.runners.ParentRunner.run(ParentRunner.java:309)\n\tat org.apache.maven.surefire.junit4.JUnit4Provider.execute(JUnit4Provider.java:264)\n\tat org.apache.maven.surefire.junit4.JUnit4Provider.executeTestSet(JUnit4Provider.java:153)\n\tat org.apache.maven.surefire.junit4.JUnit4Provider.invoke(JUnit4Provider.java:124)\n\tat org.apache.maven.surefire.booter.ForkedBooter.invokeProviderInSameClassLoader(ForkedBooter.java:200)\n\tat org.apache.maven.surefire.booter.ForkedBooter.runSuitesInProcess(ForkedBooter.java:153)\n\tat org.apache.maven.surefire.booter.ForkedBooter.main(ForkedBooter.java:103)\n"
      },
      "steps" : {
         "step" : [ ]
      },
      "attachments" : {
         "attachment" : [ ]
      },
      "labels" : {
         "label" : [ {
            "name" : "host",
            "value" : "Abduls-MBP.home"
         }, {
            "name" : "thread",
            "value" : "35251@Abduls-MBP.home.main(1)"
         } ]
      }
   }
}
>>>REQUEST: /testdb/TestCase
[WARN] [10/01/2015 19:48:47.675] [default-akka.actor.default-dispatcher-8] [ActorSystem(default)] Illegal response header: Illegal 'etag' header: Invalid input '5', expected 'W' or '"' (line 1, column 1): 560dc65ffbeaf7a200c9bedf
^
<<<RESPONSE (201 Created): /testdb/TestCase
running with given plugins: []
=== Starting should_return_results_via_remote_api(plugins.CheckStylePluginTest)
Starting Jenkins: JAVA_HOME=/Library/Java/JavaVirtualMachines/jdk1.8.0_60.jdk/Contents/Home JENKINS_HOME=/Users/abduljewel/Documents/c/spiderqa/sample-test-projects/acceptance-test-harness/target/jenkins5082485687796592916home /Library/Java/JavaVirtualMachines/jdk1.8.0_60.jdk/Contents/Home/bin/java -Duser.language=en -jar ./jenkins.war --ajp13Port=-1 --httpPort=53097
master53097|Running from: /Users/abduljewel/Documents/c/spiderqa/sample-test-projects/acceptance-test-harness/jenkins.war
master53097|webroot: EnvVars.masterEnvVars.get("JENKINS_HOME")
master53097|Oct 01, 2015 7:48:48 PM winstone.Logger logInternal
master53097|INFO: Beginning extraction from war file
master53097|Oct 01, 2015 7:48:52 PM org.eclipse.jetty.util.log.JavaUtilLog info
master53097|INFO: jetty-winstone-2.8
master53097|Oct 01, 2015 7:48:57 PM org.eclipse.jetty.util.log.JavaUtilLog info
master53097|INFO: NO JSP Support for , did not find org.apache.jasper.servlet.JspServlet
master53097|Jenkins home directory: /Users/abduljewel/Documents/c/spiderqa/sample-test-projects/acceptance-test-harness/target/jenkins5082485687796592916home found at: EnvVars.masterEnvVars.get("JENKINS_HOME")
master53097|Oct 01, 2015 7:49:00 PM org.eclipse.jetty.util.log.JavaUtilLog info
master53097|INFO: Started SelectChannelConnector@0.0.0.0:53097
master53097|Oct 01, 2015 7:49:00 PM winstone.Logger logInternal
master53097|INFO: Winstone Servlet Engine v2.0 running: controlPort=disabled
master53097|Oct 01, 2015 7:49:00 PM jenkins.InitReactorRunner$1 onAttained
master53097|INFO: Started initialization
master53097|Oct 01, 2015 7:49:32 PM jenkins.InitReactorRunner$1 onAttained
master53097|INFO: Listed all plugins
master53097|Oct 01, 2015 7:49:32 PM jenkins.InitReactorRunner$1 onAttained
master53097|INFO: Prepared all plugins
master53097|Oct 01, 2015 7:49:32 PM jenkins.InitReactorRunner$1 onAttained
master53097|INFO: Started all plugins
master53097|Oct 01, 2015 7:49:32 PM jenkins.InitReactorRunner$1 onAttained
master53097|INFO: Augmented all extensions
master53097|Oct 01, 2015 7:49:36 PM jenkins.InitReactorRunner$1 onAttained
master53097|INFO: Loaded all jobs
master53097|Oct 01, 2015 7:49:39 PM hudson.model.AsyncPeriodicWork$1 run
master53097|INFO: Started Download metadata
master53097|Oct 01, 2015 7:49:40 PM org.jenkinsci.main.modules.sshd.SSHD start
master53097|INFO: Started SSHD at port 51267
master53097|Oct 01, 2015 7:49:40 PM jenkins.InitReactorRunner$1 onAttained
master53097|INFO: Completed initialization
master53097|Oct 01, 2015 7:49:40 PM hudson.UDPBroadcastThread run
master53097|WARNING: UDP handling problem
master53097|java.net.SocketException: Can't assign requested address
master53097|	at java.net.PlainDatagramSocketImpl.join(Native Method)
master53097|	at java.net.AbstractPlainDatagramSocketImpl.join(AbstractPlainDatagramSocketImpl.java:179)
master53097|	at java.net.MulticastSocket.joinGroup(MulticastSocket.java:323)
master53097|	at hudson.UDPBroadcastThread.run(UDPBroadcastThread.java:77)
master53097|
master53097|Oct 01, 2015 7:49:40 PM hudson.WebAppMain$3 run
master53097|INFO: Jenkins is fully up and running
master53097|Oct 01, 2015 7:49:43 PM hudson.model.UpdateSite updateData
master53097|INFO: Obtained the latest update center data file for UpdateSource default
master53097|Oct 01, 2015 7:49:43 PM hudson.model.DownloadService$Downloadable load
master53097|INFO: Obtained the updated data file for hudson.tasks.Maven.MavenInstaller
master53097|Oct 01, 2015 7:49:44 PM hudson.model.DownloadService$Downloadable load
master53097|INFO: Obtained the updated data file for hudson.tasks.Ant.AntInstaller
master53097|Oct 01, 2015 7:49:44 PM hudson.model.DownloadService$Downloadable load
master53097|INFO: Obtained the updated data file for hudson.tools.JDKInstaller
master53097|Oct 01, 2015 7:49:45 PM hudson.model.AsyncPeriodicWork$1 run
master53097|INFO: Finished Download metadata. 5,282 ms
Jenkins is stopped
]]></system-out>
    <system-err><![CDATA[Oct 01, 2015 7:48:47 PM org.jenkinsci.test.acceptance.controller.LocalController startNow
INFO: Waiting for Jenkins to become running in http://127.0.0.1:53097/
Oct 01, 2015 7:49:40 PM org.jenkinsci.test.acceptance.controller.LocalController startNow
INFO: Jenkins is running in http://127.0.0.1:53097/
Oct 01, 2015 7:49:47 PM org.jenkinsci.test.acceptance.po.PluginManager installationStatus
INFO: checkstyle is not installed
Oct 01, 2015 7:49:47 PM org.jenkinsci.test.acceptance.po.PluginManager installationStatus
INFO: checkstyle is not installed
Oct 01, 2015 7:49:49 PM org.jenkinsci.test.acceptance.po.PluginManager installationStatus
INFO: script-security has version 1.13 but 1.15 was requested
]]></system-err>
  </testcase>
  <testcase name="should_set_result_in_build_sequence_when_comparing_to_reference_build" classname="plugins.CheckStylePluginTest" time="63.486">
    <error message="org.apache.http.entity.ContentType.create(Ljava/lang/String;[Lorg/apache/http/NameValuePair;)Lorg/apache/http/entity/ContentType;" type="java.lang.NoSuchMethodError">java.lang.NoSuchMethodError: org.apache.http.entity.ContentType.create(Ljava/lang/String;[Lorg/apache/http/NameValuePair;)Lorg/apache/http/entity/ContentType;
	at org.apache.http.entity.mime.MultipartEntityBuilder.buildEntity(MultipartEntityBuilder.java:209)
	at org.apache.http.entity.mime.MultipartEntityBuilder.build(MultipartEntityBuilder.java:230)
	at org.jenkinsci.test.acceptance.update_center.PluginMetadata.uploadTo(PluginMetadata.java:65)
	at org.jenkinsci.test.acceptance.po.PluginManager.installPlugins(PluginManager.java:173)
	at org.jenkinsci.test.acceptance.junit.WithPlugins$RuleImpl$1.doInstall(WithPlugins.java:139)
	at org.jenkinsci.test.acceptance.junit.WithPlugins$RuleImpl$1.installPlugins(WithPlugins.java:119)
	at org.jenkinsci.test.acceptance.junit.WithPlugins$RuleImpl$1.evaluate(WithPlugins.java:92)
	at org.jenkinsci.test.acceptance.junit.JenkinsAcceptanceTestRule$1$2$1.evaluate(JenkinsAcceptanceTestRule.java:129)
	at org.jenkinsci.test.acceptance.junit.FilterRule$1.evaluate(FilterRule.java:62)
	at org.jenkinsci.test.acceptance.junit.JenkinsAcceptanceTestRule$1.evaluate(JenkinsAcceptanceTestRule.java:55)
	at org.junit.runners.ParentRunner.runLeaf(ParentRunner.java:271)
	at org.junit.runners.BlockJUnit4ClassRunner.runChild(BlockJUnit4ClassRunner.java:70)
	at org.junit.runners.BlockJUnit4ClassRunner.runChild(BlockJUnit4ClassRunner.java:50)
	at org.junit.runners.ParentRunner$3.run(ParentRunner.java:238)
	at org.junit.runners.ParentRunner$1.schedule(ParentRunner.java:63)
	at org.junit.runners.ParentRunner.runChildren(ParentRunner.java:236)
	at org.junit.runners.ParentRunner.access$000(ParentRunner.java:53)
	at org.junit.runners.ParentRunner$2.evaluate(ParentRunner.java:229)
	at org.junit.runners.ParentRunner.run(ParentRunner.java:309)
	at org.apache.maven.surefire.junit4.JUnit4Provider.execute(JUnit4Provider.java:264)
	at org.apache.maven.surefire.junit4.JUnit4Provider.executeTestSet(JUnit4Provider.java:153)
	at org.apache.maven.surefire.junit4.JUnit4Provider.invoke(JUnit4Provider.java:124)
	at org.apache.maven.surefire.booter.ForkedBooter.invokeProviderInSameClassLoader(ForkedBooter.java:200)
	at org.apache.maven.surefire.booter.ForkedBooter.runSuitesInProcess(ForkedBooter.java:153)
	at org.apache.maven.surefire.booter.ForkedBooter.main(ForkedBooter.java:103)
</error>
    <system-out><![CDATA[testCaseResult=ru.yandex.qatools.allure.model.TestCaseResult@4ef18604[
  name=should_return_results_via_remote_api
  title=<null>
  description=<null>
  failure=ru.yandex.qatools.allure.model.Failure@372f0a99
  start=1443743327669
  stop=1443743390412
  status=BROKEN
  severity=<null>
  steps=[]
  attachments=[]
  labels=[ru.yandex.qatools.allure.model.Label@16cf8438, ru.yandex.qatools.allure.model.Label@3e5beab5]
  parameters=<null>
]
testCaseResult={
   "start" : 1443743327669,
   "stop" : 1443743390412,
   "status" : "broken",
   "name" : "should_return_results_via_remote_api",
   "failure" : {
      "message" : "NoSuchMethodError: org.apache.http.entity.ContentType.create(Ljava/lang/String;[Lorg/apache/http/NameValuePair;)Lorg/apache/http/entity/ContentType;",
      "stack-trace" : "java.lang.NoSuchMethodError: org.apache.http.entity.ContentType.create(Ljava/lang/String;[Lorg/apache/http/NameValuePair;)Lorg/apache/http/entity/ContentType;\n\tat org.apache.http.entity.mime.MultipartEntityBuilder.buildEntity(MultipartEntityBuilder.java:209)\n\tat org.apache.http.entity.mime.MultipartEntityBuilder.build(MultipartEntityBuilder.java:230)\n\tat org.jenkinsci.test.acceptance.update_center.PluginMetadata.uploadTo(PluginMetadata.java:65)\n\tat org.jenkinsci.test.acceptance.po.PluginManager.installPlugins(PluginManager.java:173)\n\tat org.jenkinsci.test.acceptance.junit.WithPlugins$RuleImpl$1.doInstall(WithPlugins.java:139)\n\tat org.jenkinsci.test.acceptance.junit.WithPlugins$RuleImpl$1.installPlugins(WithPlugins.java:119)\n\tat org.jenkinsci.test.acceptance.junit.WithPlugins$RuleImpl$1.evaluate(WithPlugins.java:92)\n\tat org.jenkinsci.test.acceptance.junit.JenkinsAcceptanceTestRule$1$2$1.evaluate(JenkinsAcceptanceTestRule.java:129)\n\tat org.jenkinsci.test.acceptance.junit.FilterRule$1.evaluate(FilterRule.java:62)\n\tat org.jenkinsci.test.acceptance.junit.JenkinsAcceptanceTestRule$1.evaluate(JenkinsAcceptanceTestRule.java:55)\n\tat org.junit.runners.ParentRunner.runLeaf(ParentRunner.java:271)\n\tat org.junit.runners.BlockJUnit4ClassRunner.runChild(BlockJUnit4ClassRunner.java:70)\n\tat org.junit.runners.BlockJUnit4ClassRunner.runChild(BlockJUnit4ClassRunner.java:50)\n\tat org.junit.runners.ParentRunner$3.run(ParentRunner.java:238)\n\tat org.junit.runners.ParentRunner$1.schedule(ParentRunner.java:63)\n\tat org.junit.runners.ParentRunner.runChildren(ParentRunner.java:236)\n\tat org.junit.runners.ParentRunner.access$000(ParentRunner.java:53)\n\tat org.junit.runners.ParentRunner$2.evaluate(ParentRunner.java:229)\n\tat org.junit.runners.ParentRunner.run(ParentRunner.java:309)\n\tat org.apache.maven.surefire.junit4.JUnit4Provider.execute(JUnit4Provider.java:264)\n\tat org.apache.maven.surefire.junit4.JUnit4Provider.executeTestSet(JUnit4Provider.java:153)\n\tat org.apache.maven.surefire.junit4.JUnit4Provider.invoke(JUnit4Provider.java:124)\n\tat org.apache.maven.surefire.booter.ForkedBooter.invokeProviderInSameClassLoader(ForkedBooter.java:200)\n\tat org.apache.maven.surefire.booter.ForkedBooter.runSuitesInProcess(ForkedBooter.java:153)\n\tat org.apache.maven.surefire.booter.ForkedBooter.main(ForkedBooter.java:103)\n"
   },
   "steps" : {
      "step" : [ ]
   },
   "attachments" : {
      "attachment" : [ ]
   },
   "labels" : {
      "label" : [ {
         "name" : "host",
         "value" : "Abduls-MBP.home"
      }, {
         "name" : "thread",
         "value" : "35251@Abduls-MBP.home.main(1)"
      } ]
   }
}
testCase=ru.yandex.qatools.allure.model.TestCase@7c588adc[
  _id=2d6370ad-5807-434c-860e-b0e1b5efb357
  executionId=62229910-35f6-40ea-8439-ec3c3d9421df
  result=ru.yandex.qatools.allure.model.TestCaseResult@4ef18604
]
testCase={
   "_id" : "2d6370ad-5807-434c-860e-b0e1b5efb357",
   "executionId" : "62229910-35f6-40ea-8439-ec3c3d9421df",
   "result" : {
      "start" : 1443743327669,
      "stop" : 1443743390412,
      "status" : "broken",
      "name" : "should_return_results_via_remote_api",
      "failure" : {
         "message" : "NoSuchMethodError: org.apache.http.entity.ContentType.create(Ljava/lang/String;[Lorg/apache/http/NameValuePair;)Lorg/apache/http/entity/ContentType;",
         "stack-trace" : "java.lang.NoSuchMethodError: org.apache.http.entity.ContentType.create(Ljava/lang/String;[Lorg/apache/http/NameValuePair;)Lorg/apache/http/entity/ContentType;\n\tat org.apache.http.entity.mime.MultipartEntityBuilder.buildEntity(MultipartEntityBuilder.java:209)\n\tat org.apache.http.entity.mime.MultipartEntityBuilder.build(MultipartEntityBuilder.java:230)\n\tat org.jenkinsci.test.acceptance.update_center.PluginMetadata.uploadTo(PluginMetadata.java:65)\n\tat org.jenkinsci.test.acceptance.po.PluginManager.installPlugins(PluginManager.java:173)\n\tat org.jenkinsci.test.acceptance.junit.WithPlugins$RuleImpl$1.doInstall(WithPlugins.java:139)\n\tat org.jenkinsci.test.acceptance.junit.WithPlugins$RuleImpl$1.installPlugins(WithPlugins.java:119)\n\tat org.jenkinsci.test.acceptance.junit.WithPlugins$RuleImpl$1.evaluate(WithPlugins.java:92)\n\tat org.jenkinsci.test.acceptance.junit.JenkinsAcceptanceTestRule$1$2$1.evaluate(JenkinsAcceptanceTestRule.java:129)\n\tat org.jenkinsci.test.acceptance.junit.FilterRule$1.evaluate(FilterRule.java:62)\n\tat org.jenkinsci.test.acceptance.junit.JenkinsAcceptanceTestRule$1.evaluate(JenkinsAcceptanceTestRule.java:55)\n\tat org.junit.runners.ParentRunner.runLeaf(ParentRunner.java:271)\n\tat org.junit.runners.BlockJUnit4ClassRunner.runChild(BlockJUnit4ClassRunner.java:70)\n\tat org.junit.runners.BlockJUnit4ClassRunner.runChild(BlockJUnit4ClassRunner.java:50)\n\tat org.junit.runners.ParentRunner$3.run(ParentRunner.java:238)\n\tat org.junit.runners.ParentRunner$1.schedule(ParentRunner.java:63)\n\tat org.junit.runners.ParentRunner.runChildren(ParentRunner.java:236)\n\tat org.junit.runners.ParentRunner.access$000(ParentRunner.java:53)\n\tat org.junit.runners.ParentRunner$2.evaluate(ParentRunner.java:229)\n\tat org.junit.runners.ParentRunner.run(ParentRunner.java:309)\n\tat org.apache.maven.surefire.junit4.JUnit4Provider.execute(JUnit4Provider.java:264)\n\tat org.apache.maven.surefire.junit4.JUnit4Provider.executeTestSet(JUnit4Provider.java:153)\n\tat org.apache.maven.surefire.junit4.JUnit4Provider.invoke(JUnit4Provider.java:124)\n\tat org.apache.maven.surefire.booter.ForkedBooter.invokeProviderInSameClassLoader(ForkedBooter.java:200)\n\tat org.apache.maven.surefire.booter.ForkedBooter.runSuitesInProcess(ForkedBooter.java:153)\n\tat org.apache.maven.surefire.booter.ForkedBooter.main(ForkedBooter.java:103)\n"
      },
      "steps" : {
         "step" : [ ]
      },
      "attachments" : {
         "attachment" : [ ]
      },
      "labels" : {
         "label" : [ {
            "name" : "host",
            "value" : "Abduls-MBP.home"
         }, {
            "name" : "thread",
            "value" : "35251@Abduls-MBP.home.main(1)"
         } ]
      }
   }
}
>>>REQUEST: /testdb/TestCase
[WARN] [10/01/2015 19:49:50.425] [default-akka.actor.default-dispatcher-46] [ActorSystem(default)] Illegal response header: Illegal 'etag' header: Invalid input '5', expected 'W' or '"' (line 1, column 1): 560dc69efbeaf7a200c9bf0a
^
<<<RESPONSE (201 Created): /testdb/TestCase
running with given plugins: []
=== Starting should_set_result_in_build_sequence_when_comparing_to_reference_build(plugins.CheckStylePluginTest)
Starting Jenkins: JAVA_HOME=/Library/Java/JavaVirtualMachines/jdk1.8.0_60.jdk/Contents/Home JENKINS_HOME=/Users/abduljewel/Documents/c/spiderqa/sample-test-projects/acceptance-test-harness/target/jenkins4970778363014612233home /Library/Java/JavaVirtualMachines/jdk1.8.0_60.jdk/Contents/Home/bin/java -Duser.language=en -jar ./jenkins.war --ajp13Port=-1 --httpPort=53031
master53031|Running from: /Users/abduljewel/Documents/c/spiderqa/sample-test-projects/acceptance-test-harness/jenkins.war
master53031|webroot: EnvVars.masterEnvVars.get("JENKINS_HOME")
master53031|Oct 01, 2015 7:49:51 PM winstone.Logger logInternal
master53031|INFO: Beginning extraction from war file
master53031|Oct 01, 2015 7:49:55 PM org.eclipse.jetty.util.log.JavaUtilLog info
master53031|INFO: jetty-winstone-2.8
master53031|Oct 01, 2015 7:49:59 PM org.eclipse.jetty.util.log.JavaUtilLog info
master53031|INFO: NO JSP Support for , did not find org.apache.jasper.servlet.JspServlet
master53031|Jenkins home directory: /Users/abduljewel/Documents/c/spiderqa/sample-test-projects/acceptance-test-harness/target/jenkins4970778363014612233home found at: EnvVars.masterEnvVars.get("JENKINS_HOME")
master53031|Oct 01, 2015 7:50:02 PM org.eclipse.jetty.util.log.JavaUtilLog info
master53031|INFO: Started SelectChannelConnector@0.0.0.0:53031
master53031|Oct 01, 2015 7:50:02 PM winstone.Logger logInternal
master53031|INFO: Winstone Servlet Engine v2.0 running: controlPort=disabled
master53031|Oct 01, 2015 7:50:02 PM jenkins.InitReactorRunner$1 onAttained
master53031|INFO: Started initialization
master53031|Oct 01, 2015 7:50:32 PM jenkins.InitReactorRunner$1 onAttained
master53031|INFO: Listed all plugins
master53031|Oct 01, 2015 7:50:32 PM jenkins.InitReactorRunner$1 onAttained
master53031|INFO: Prepared all plugins
master53031|Oct 01, 2015 7:50:32 PM jenkins.InitReactorRunner$1 onAttained
master53031|INFO: Started all plugins
master53031|Oct 01, 2015 7:50:32 PM jenkins.InitReactorRunner$1 onAttained
master53031|INFO: Augmented all extensions
master53031|Oct 01, 2015 7:50:37 PM jenkins.InitReactorRunner$1 onAttained
master53031|INFO: Loaded all jobs
master53031|Oct 01, 2015 7:50:41 PM hudson.model.AsyncPeriodicWork$1 run
master53031|INFO: Started Download metadata
master53031|Oct 01, 2015 7:50:42 PM org.jenkinsci.main.modules.sshd.SSHD start
master53031|INFO: Started SSHD at port 51639
master53031|Oct 01, 2015 7:50:42 PM jenkins.InitReactorRunner$1 onAttained
master53031|INFO: Completed initialization
master53031|Oct 01, 2015 7:50:42 PM hudson.UDPBroadcastThread run
master53031|WARNING: UDP handling problem
master53031|java.net.SocketException: Can't assign requested address
master53031|	at java.net.PlainDatagramSocketImpl.join(Native Method)
master53031|	at java.net.AbstractPlainDatagramSocketImpl.join(AbstractPlainDatagramSocketImpl.java:179)
master53031|	at java.net.MulticastSocket.joinGroup(MulticastSocket.java:323)
master53031|	at hudson.UDPBroadcastThread.run(UDPBroadcastThread.java:77)
master53031|
master53031|Oct 01, 2015 7:50:42 PM hudson.WebAppMain$3 run
master53031|INFO: Jenkins is fully up and running
master53031|Oct 01, 2015 7:50:46 PM hudson.model.UpdateSite updateData
master53031|INFO: Obtained the latest update center data file for UpdateSource default
master53031|Oct 01, 2015 7:50:47 PM hudson.model.DownloadService$Downloadable load
master53031|INFO: Obtained the updated data file for hudson.tasks.Maven.MavenInstaller
master53031|Oct 01, 2015 7:50:47 PM hudson.model.DownloadService$Downloadable load
master53031|INFO: Obtained the updated data file for hudson.tasks.Ant.AntInstaller
master53031|Oct 01, 2015 7:50:48 PM hudson.model.DownloadService$Downloadable load
master53031|INFO: Obtained the updated data file for hudson.tools.JDKInstaller
master53031|Oct 01, 2015 7:50:48 PM hudson.model.AsyncPeriodicWork$1 run
master53031|INFO: Finished Download metadata. 6,688 ms
Jenkins is stopped
]]></system-out>
    <system-err><![CDATA[Oct 01, 2015 7:49:50 PM org.jenkinsci.test.acceptance.controller.LocalController startNow
INFO: Waiting for Jenkins to become running in http://127.0.0.1:53031/
Oct 01, 2015 7:50:42 PM org.jenkinsci.test.acceptance.controller.LocalController startNow
INFO: Jenkins is running in http://127.0.0.1:53031/
Oct 01, 2015 7:50:51 PM org.jenkinsci.test.acceptance.po.PluginManager installationStatus
INFO: checkstyle is not installed
Oct 01, 2015 7:50:51 PM org.jenkinsci.test.acceptance.po.PluginManager installationStatus
INFO: checkstyle is not installed
Oct 01, 2015 7:50:53 PM org.jenkinsci.test.acceptance.po.PluginManager installationStatus
INFO: script-security has version 1.13 but 1.15 was requested
]]></system-err>
  </testcase>
  <testcase name="should_set_result_to_failed_if_warning_found" classname="plugins.CheckStylePluginTest" time="57.262">
    <error message="org.apache.http.entity.ContentType.create(Ljava/lang/String;[Lorg/apache/http/NameValuePair;)Lorg/apache/http/entity/ContentType;" type="java.lang.NoSuchMethodError">java.lang.NoSuchMethodError: org.apache.http.entity.ContentType.create(Ljava/lang/String;[Lorg/apache/http/NameValuePair;)Lorg/apache/http/entity/ContentType;
	at org.apache.http.entity.mime.MultipartEntityBuilder.buildEntity(MultipartEntityBuilder.java:209)
	at org.apache.http.entity.mime.MultipartEntityBuilder.build(MultipartEntityBuilder.java:230)
	at org.jenkinsci.test.acceptance.update_center.PluginMetadata.uploadTo(PluginMetadata.java:65)
	at org.jenkinsci.test.acceptance.po.PluginManager.installPlugins(PluginManager.java:173)
	at org.jenkinsci.test.acceptance.junit.WithPlugins$RuleImpl$1.doInstall(WithPlugins.java:139)
	at org.jenkinsci.test.acceptance.junit.WithPlugins$RuleImpl$1.installPlugins(WithPlugins.java:119)
	at org.jenkinsci.test.acceptance.junit.WithPlugins$RuleImpl$1.evaluate(WithPlugins.java:92)
	at org.jenkinsci.test.acceptance.junit.JenkinsAcceptanceTestRule$1$2$1.evaluate(JenkinsAcceptanceTestRule.java:129)
	at org.jenkinsci.test.acceptance.junit.FilterRule$1.evaluate(FilterRule.java:62)
	at org.jenkinsci.test.acceptance.junit.JenkinsAcceptanceTestRule$1.evaluate(JenkinsAcceptanceTestRule.java:55)
	at org.junit.runners.ParentRunner.runLeaf(ParentRunner.java:271)
	at org.junit.runners.BlockJUnit4ClassRunner.runChild(BlockJUnit4ClassRunner.java:70)
	at org.junit.runners.BlockJUnit4ClassRunner.runChild(BlockJUnit4ClassRunner.java:50)
	at org.junit.runners.ParentRunner$3.run(ParentRunner.java:238)
	at org.junit.runners.ParentRunner$1.schedule(ParentRunner.java:63)
	at org.junit.runners.ParentRunner.runChildren(ParentRunner.java:236)
	at org.junit.runners.ParentRunner.access$000(ParentRunner.java:53)
	at org.junit.runners.ParentRunner$2.evaluate(ParentRunner.java:229)
	at org.junit.runners.ParentRunner.run(ParentRunner.java:309)
	at org.apache.maven.surefire.junit4.JUnit4Provider.execute(JUnit4Provider.java:264)
	at org.apache.maven.surefire.junit4.JUnit4Provider.executeTestSet(JUnit4Provider.java:153)
	at org.apache.maven.surefire.junit4.JUnit4Provider.invoke(JUnit4Provider.java:124)
	at org.apache.maven.surefire.booter.ForkedBooter.invokeProviderInSameClassLoader(ForkedBooter.java:200)
	at org.apache.maven.surefire.booter.ForkedBooter.runSuitesInProcess(ForkedBooter.java:153)
	at org.apache.maven.surefire.booter.ForkedBooter.main(ForkedBooter.java:103)
</error>
    <system-out><![CDATA[testCaseResult=ru.yandex.qatools.allure.model.TestCaseResult@5c3d4f05[
  name=should_set_result_in_build_sequence_when_comparing_to_reference_build
  title=<null>
  description=<null>
  failure=ru.yandex.qatools.allure.model.Failure@119290b9
  start=1443743390420
  stop=1443743453905
  status=BROKEN
  severity=<null>
  steps=[]
  attachments=[]
  labels=[ru.yandex.qatools.allure.model.Label@640d604, ru.yandex.qatools.allure.model.Label@62cbc478]
  parameters=<null>
]
testCaseResult={
   "start" : 1443743390420,
   "stop" : 1443743453905,
   "status" : "broken",
   "name" : "should_set_result_in_build_sequence_when_comparing_to_reference_build",
   "failure" : {
      "message" : "NoSuchMethodError: org.apache.http.entity.ContentType.create(Ljava/lang/String;[Lorg/apache/http/NameValuePair;)Lorg/apache/http/entity/ContentType;",
      "stack-trace" : "java.lang.NoSuchMethodError: org.apache.http.entity.ContentType.create(Ljava/lang/String;[Lorg/apache/http/NameValuePair;)Lorg/apache/http/entity/ContentType;\n\tat org.apache.http.entity.mime.MultipartEntityBuilder.buildEntity(MultipartEntityBuilder.java:209)\n\tat org.apache.http.entity.mime.MultipartEntityBuilder.build(MultipartEntityBuilder.java:230)\n\tat org.jenkinsci.test.acceptance.update_center.PluginMetadata.uploadTo(PluginMetadata.java:65)\n\tat org.jenkinsci.test.acceptance.po.PluginManager.installPlugins(PluginManager.java:173)\n\tat org.jenkinsci.test.acceptance.junit.WithPlugins$RuleImpl$1.doInstall(WithPlugins.java:139)\n\tat org.jenkinsci.test.acceptance.junit.WithPlugins$RuleImpl$1.installPlugins(WithPlugins.java:119)\n\tat org.jenkinsci.test.acceptance.junit.WithPlugins$RuleImpl$1.evaluate(WithPlugins.java:92)\n\tat org.jenkinsci.test.acceptance.junit.JenkinsAcceptanceTestRule$1$2$1.evaluate(JenkinsAcceptanceTestRule.java:129)\n\tat org.jenkinsci.test.acceptance.junit.FilterRule$1.evaluate(FilterRule.java:62)\n\tat org.jenkinsci.test.acceptance.junit.JenkinsAcceptanceTestRule$1.evaluate(JenkinsAcceptanceTestRule.java:55)\n\tat org.junit.runners.ParentRunner.runLeaf(ParentRunner.java:271)\n\tat org.junit.runners.BlockJUnit4ClassRunner.runChild(BlockJUnit4ClassRunner.java:70)\n\tat org.junit.runners.BlockJUnit4ClassRunner.runChild(BlockJUnit4ClassRunner.java:50)\n\tat org.junit.runners.ParentRunner$3.run(ParentRunner.java:238)\n\tat org.junit.runners.ParentRunner$1.schedule(ParentRunner.java:63)\n\tat org.junit.runners.ParentRunner.runChildren(ParentRunner.java:236)\n\tat org.junit.runners.ParentRunner.access$000(ParentRunner.java:53)\n\tat org.junit.runners.ParentRunner$2.evaluate(ParentRunner.java:229)\n\tat org.junit.runners.ParentRunner.run(ParentRunner.java:309)\n\tat org.apache.maven.surefire.junit4.JUnit4Provider.execute(JUnit4Provider.java:264)\n\tat org.apache.maven.surefire.junit4.JUnit4Provider.executeTestSet(JUnit4Provider.java:153)\n\tat org.apache.maven.surefire.junit4.JUnit4Provider.invoke(JUnit4Provider.java:124)\n\tat org.apache.maven.surefire.booter.ForkedBooter.invokeProviderInSameClassLoader(ForkedBooter.java:200)\n\tat org.apache.maven.surefire.booter.ForkedBooter.runSuitesInProcess(ForkedBooter.java:153)\n\tat org.apache.maven.surefire.booter.ForkedBooter.main(ForkedBooter.java:103)\n"
   },
   "steps" : {
      "step" : [ ]
   },
   "attachments" : {
      "attachment" : [ ]
   },
   "labels" : {
      "label" : [ {
         "name" : "host",
         "value" : "Abduls-MBP.home"
      }, {
         "name" : "thread",
         "value" : "35251@Abduls-MBP.home.main(1)"
      } ]
   }
}
testCase=ru.yandex.qatools.allure.model.TestCase@5438fa43[
  _id=9ef8cc3c-d3b0-499c-b35b-2abd5e09e02e
  executionId=62229910-35f6-40ea-8439-ec3c3d9421df
  result=ru.yandex.qatools.allure.model.TestCaseResult@5c3d4f05
]
testCase={
   "_id" : "9ef8cc3c-d3b0-499c-b35b-2abd5e09e02e",
   "executionId" : "62229910-35f6-40ea-8439-ec3c3d9421df",
   "result" : {
      "start" : 1443743390420,
      "stop" : 1443743453905,
      "status" : "broken",
      "name" : "should_set_result_in_build_sequence_when_comparing_to_reference_build",
      "failure" : {
         "message" : "NoSuchMethodError: org.apache.http.entity.ContentType.create(Ljava/lang/String;[Lorg/apache/http/NameValuePair;)Lorg/apache/http/entity/ContentType;",
         "stack-trace" : "java.lang.NoSuchMethodError: org.apache.http.entity.ContentType.create(Ljava/lang/String;[Lorg/apache/http/NameValuePair;)Lorg/apache/http/entity/ContentType;\n\tat org.apache.http.entity.mime.MultipartEntityBuilder.buildEntity(MultipartEntityBuilder.java:209)\n\tat org.apache.http.entity.mime.MultipartEntityBuilder.build(MultipartEntityBuilder.java:230)\n\tat org.jenkinsci.test.acceptance.update_center.PluginMetadata.uploadTo(PluginMetadata.java:65)\n\tat org.jenkinsci.test.acceptance.po.PluginManager.installPlugins(PluginManager.java:173)\n\tat org.jenkinsci.test.acceptance.junit.WithPlugins$RuleImpl$1.doInstall(WithPlugins.java:139)\n\tat org.jenkinsci.test.acceptance.junit.WithPlugins$RuleImpl$1.installPlugins(WithPlugins.java:119)\n\tat org.jenkinsci.test.acceptance.junit.WithPlugins$RuleImpl$1.evaluate(WithPlugins.java:92)\n\tat org.jenkinsci.test.acceptance.junit.JenkinsAcceptanceTestRule$1$2$1.evaluate(JenkinsAcceptanceTestRule.java:129)\n\tat org.jenkinsci.test.acceptance.junit.FilterRule$1.evaluate(FilterRule.java:62)\n\tat org.jenkinsci.test.acceptance.junit.JenkinsAcceptanceTestRule$1.evaluate(JenkinsAcceptanceTestRule.java:55)\n\tat org.junit.runners.ParentRunner.runLeaf(ParentRunner.java:271)\n\tat org.junit.runners.BlockJUnit4ClassRunner.runChild(BlockJUnit4ClassRunner.java:70)\n\tat org.junit.runners.BlockJUnit4ClassRunner.runChild(BlockJUnit4ClassRunner.java:50)\n\tat org.junit.runners.ParentRunner$3.run(ParentRunner.java:238)\n\tat org.junit.runners.ParentRunner$1.schedule(ParentRunner.java:63)\n\tat org.junit.runners.ParentRunner.runChildren(ParentRunner.java:236)\n\tat org.junit.runners.ParentRunner.access$000(ParentRunner.java:53)\n\tat org.junit.runners.ParentRunner$2.evaluate(ParentRunner.java:229)\n\tat org.junit.runners.ParentRunner.run(ParentRunner.java:309)\n\tat org.apache.maven.surefire.junit4.JUnit4Provider.execute(JUnit4Provider.java:264)\n\tat org.apache.maven.surefire.junit4.JUnit4Provider.executeTestSet(JUnit4Provider.java:153)\n\tat org.apache.maven.surefire.junit4.JUnit4Provider.invoke(JUnit4Provider.java:124)\n\tat org.apache.maven.surefire.booter.ForkedBooter.invokeProviderInSameClassLoader(ForkedBooter.java:200)\n\tat org.apache.maven.surefire.booter.ForkedBooter.runSuitesInProcess(ForkedBooter.java:153)\n\tat org.apache.maven.surefire.booter.ForkedBooter.main(ForkedBooter.java:103)\n"
      },
      "steps" : {
         "step" : [ ]
      },
      "attachments" : {
         "attachment" : [ ]
      },
      "labels" : {
         "label" : [ {
            "name" : "host",
            "value" : "Abduls-MBP.home"
         }, {
            "name" : "thread",
            "value" : "35251@Abduls-MBP.home.main(1)"
         } ]
      }
   }
}
>>>REQUEST: /testdb/TestCase
[WARN] [10/01/2015 19:50:53.943] [default-akka.actor.default-dispatcher-12] [ActorSystem(default)] Illegal response header: Illegal 'etag' header: Invalid input '5', expected 'W' or '"' (line 1, column 1): 560dc6ddfbeaf7a200c9bf10
^
<<<RESPONSE (201 Created): /testdb/TestCase
running with given plugins: []
=== Starting should_set_result_to_failed_if_warning_found(plugins.CheckStylePluginTest)
Starting Jenkins: JAVA_HOME=/Library/Java/JavaVirtualMachines/jdk1.8.0_60.jdk/Contents/Home JENKINS_HOME=/Users/abduljewel/Documents/c/spiderqa/sample-test-projects/acceptance-test-harness/target/jenkins1118941791204296885home /Library/Java/JavaVirtualMachines/jdk1.8.0_60.jdk/Contents/Home/bin/java -Duser.language=en -jar ./jenkins.war --ajp13Port=-1 --httpPort=63078
master63078|Running from: /Users/abduljewel/Documents/c/spiderqa/sample-test-projects/acceptance-test-harness/jenkins.war
master63078|webroot: EnvVars.masterEnvVars.get("JENKINS_HOME")
master63078|Oct 01, 2015 7:50:55 PM winstone.Logger logInternal
master63078|INFO: Beginning extraction from war file
master63078|Oct 01, 2015 7:50:59 PM org.eclipse.jetty.util.log.JavaUtilLog info
master63078|INFO: jetty-winstone-2.8
master63078|Oct 01, 2015 7:51:03 PM org.eclipse.jetty.util.log.JavaUtilLog info
master63078|INFO: NO JSP Support for , did not find org.apache.jasper.servlet.JspServlet
master63078|Jenkins home directory: /Users/abduljewel/Documents/c/spiderqa/sample-test-projects/acceptance-test-harness/target/jenkins1118941791204296885home found at: EnvVars.masterEnvVars.get("JENKINS_HOME")
master63078|Oct 01, 2015 7:51:06 PM org.eclipse.jetty.util.log.JavaUtilLog info
master63078|INFO: Started SelectChannelConnector@0.0.0.0:63078
master63078|Oct 01, 2015 7:51:06 PM winstone.Logger logInternal
master63078|INFO: Winstone Servlet Engine v2.0 running: controlPort=disabled
master63078|Oct 01, 2015 7:51:06 PM jenkins.InitReactorRunner$1 onAttained
master63078|INFO: Started initialization
master63078|Oct 01, 2015 7:51:32 PM jenkins.InitReactorRunner$1 onAttained
master63078|INFO: Listed all plugins
master63078|Oct 01, 2015 7:51:33 PM jenkins.InitReactorRunner$1 onAttained
master63078|INFO: Prepared all plugins
master63078|Oct 01, 2015 7:51:33 PM jenkins.InitReactorRunner$1 onAttained
master63078|INFO: Started all plugins
master63078|Oct 01, 2015 7:51:33 PM jenkins.InitReactorRunner$1 onAttained
master63078|INFO: Augmented all extensions
master63078|Oct 01, 2015 7:51:37 PM jenkins.InitReactorRunner$1 onAttained
master63078|INFO: Loaded all jobs
master63078|Oct 01, 2015 7:51:40 PM hudson.model.AsyncPeriodicWork$1 run
master63078|INFO: Started Download metadata
master63078|Oct 01, 2015 7:51:41 PM org.jenkinsci.main.modules.sshd.SSHD start
master63078|INFO: Started SSHD at port 52052
master63078|Oct 01, 2015 7:51:41 PM jenkins.InitReactorRunner$1 onAttained
master63078|INFO: Completed initialization
master63078|Oct 01, 2015 7:51:41 PM hudson.UDPBroadcastThread run
master63078|WARNING: UDP handling problem
master63078|java.net.SocketException: Can't assign requested address
master63078|	at java.net.PlainDatagramSocketImpl.join(Native Method)
master63078|	at java.net.AbstractPlainDatagramSocketImpl.join(AbstractPlainDatagramSocketImpl.java:179)
master63078|	at java.net.MulticastSocket.joinGroup(MulticastSocket.java:323)
master63078|	at hudson.UDPBroadcastThread.run(UDPBroadcastThread.java:77)
master63078|
master63078|Oct 01, 2015 7:51:41 PM hudson.WebAppMain$3 run
master63078|INFO: Jenkins is fully up and running
master63078|Oct 01, 2015 7:51:46 PM hudson.model.UpdateSite updateData
master63078|INFO: Obtained the latest update center data file for UpdateSource default
master63078|Oct 01, 2015 7:51:46 PM hudson.model.DownloadService$Downloadable load
master63078|INFO: Obtained the updated data file for hudson.tasks.Maven.MavenInstaller
master63078|Oct 01, 2015 7:51:46 PM hudson.model.DownloadService$Downloadable load
master63078|INFO: Obtained the updated data file for hudson.tasks.Ant.AntInstaller
master63078|Oct 01, 2015 7:51:47 PM hudson.model.DownloadService$Downloadable load
master63078|INFO: Obtained the updated data file for hudson.tools.JDKInstaller
master63078|Oct 01, 2015 7:51:47 PM hudson.model.AsyncPeriodicWork$1 run
master63078|INFO: Finished Download metadata. 7,224 ms
Jenkins is stopped
]]></system-out>
    <system-err><![CDATA[Oct 01, 2015 7:50:54 PM org.jenkinsci.test.acceptance.controller.LocalController startNow
INFO: Waiting for Jenkins to become running in http://127.0.0.1:63078/
Oct 01, 2015 7:51:41 PM org.jenkinsci.test.acceptance.controller.LocalController startNow
INFO: Jenkins is running in http://127.0.0.1:63078/
Oct 01, 2015 7:51:48 PM org.jenkinsci.test.acceptance.po.PluginManager installationStatus
INFO: checkstyle is not installed
Oct 01, 2015 7:51:48 PM org.jenkinsci.test.acceptance.po.PluginManager installationStatus
INFO: checkstyle is not installed
Oct 01, 2015 7:51:50 PM org.jenkinsci.test.acceptance.po.PluginManager installationStatus
INFO: script-security has version 1.13 but 1.15 was requested
]]></system-err>
  </testcase>
  <testcase name="should_set_warnings_count_in_dashboard_portlet" classname="plugins.CheckStylePluginTest" time="51.728">
    <error message="org.apache.http.entity.ContentType.create(Ljava/lang/String;[Lorg/apache/http/NameValuePair;)Lorg/apache/http/entity/ContentType;" type="java.lang.NoSuchMethodError">java.lang.NoSuchMethodError: org.apache.http.entity.ContentType.create(Ljava/lang/String;[Lorg/apache/http/NameValuePair;)Lorg/apache/http/entity/ContentType;
	at org.apache.http.entity.mime.MultipartEntityBuilder.buildEntity(MultipartEntityBuilder.java:209)
	at org.apache.http.entity.mime.MultipartEntityBuilder.build(MultipartEntityBuilder.java:230)
	at org.jenkinsci.test.acceptance.update_center.PluginMetadata.uploadTo(PluginMetadata.java:65)
	at org.jenkinsci.test.acceptance.po.PluginManager.installPlugins(PluginManager.java:173)
	at org.jenkinsci.test.acceptance.junit.WithPlugins$RuleImpl$1.doInstall(WithPlugins.java:139)
	at org.jenkinsci.test.acceptance.junit.WithPlugins$RuleImpl$1.installPlugins(WithPlugins.java:119)
	at org.jenkinsci.test.acceptance.junit.WithPlugins$RuleImpl$1.evaluate(WithPlugins.java:91)
	at org.jenkinsci.test.acceptance.junit.JenkinsAcceptanceTestRule$1$2$1.evaluate(JenkinsAcceptanceTestRule.java:129)
	at org.jenkinsci.test.acceptance.junit.FilterRule$1.evaluate(FilterRule.java:62)
	at org.jenkinsci.test.acceptance.junit.JenkinsAcceptanceTestRule$1.evaluate(JenkinsAcceptanceTestRule.java:55)
	at org.junit.runners.ParentRunner.runLeaf(ParentRunner.java:271)
	at org.junit.runners.BlockJUnit4ClassRunner.runChild(BlockJUnit4ClassRunner.java:70)
	at org.junit.runners.BlockJUnit4ClassRunner.runChild(BlockJUnit4ClassRunner.java:50)
	at org.junit.runners.ParentRunner$3.run(ParentRunner.java:238)
	at org.junit.runners.ParentRunner$1.schedule(ParentRunner.java:63)
	at org.junit.runners.ParentRunner.runChildren(ParentRunner.java:236)
	at org.junit.runners.ParentRunner.access$000(ParentRunner.java:53)
	at org.junit.runners.ParentRunner$2.evaluate(ParentRunner.java:229)
	at org.junit.runners.ParentRunner.run(ParentRunner.java:309)
	at org.apache.maven.surefire.junit4.JUnit4Provider.execute(JUnit4Provider.java:264)
	at org.apache.maven.surefire.junit4.JUnit4Provider.executeTestSet(JUnit4Provider.java:153)
	at org.apache.maven.surefire.junit4.JUnit4Provider.invoke(JUnit4Provider.java:124)
	at org.apache.maven.surefire.booter.ForkedBooter.invokeProviderInSameClassLoader(ForkedBooter.java:200)
	at org.apache.maven.surefire.booter.ForkedBooter.runSuitesInProcess(ForkedBooter.java:153)
	at org.apache.maven.surefire.booter.ForkedBooter.main(ForkedBooter.java:103)
</error>
    <system-out><![CDATA[testCaseResult=ru.yandex.qatools.allure.model.TestCaseResult@34136bd1[
  name=should_set_result_to_failed_if_warning_found
  title=<null>
  description=<null>
  failure=ru.yandex.qatools.allure.model.Failure@6de7778f
  start=1443743453936
  stop=1443743511194
  status=BROKEN
  severity=<null>
  steps=[]
  attachments=[]
  labels=[ru.yandex.qatools.allure.model.Label@367d34c0, ru.yandex.qatools.allure.model.Label@4ce25e47]
  parameters=<null>
]
testCaseResult={
   "start" : 1443743453936,
   "stop" : 1443743511194,
   "status" : "broken",
   "name" : "should_set_result_to_failed_if_warning_found",
   "failure" : {
      "message" : "NoSuchMethodError: org.apache.http.entity.ContentType.create(Ljava/lang/String;[Lorg/apache/http/NameValuePair;)Lorg/apache/http/entity/ContentType;",
      "stack-trace" : "java.lang.NoSuchMethodError: org.apache.http.entity.ContentType.create(Ljava/lang/String;[Lorg/apache/http/NameValuePair;)Lorg/apache/http/entity/ContentType;\n\tat org.apache.http.entity.mime.MultipartEntityBuilder.buildEntity(MultipartEntityBuilder.java:209)\n\tat org.apache.http.entity.mime.MultipartEntityBuilder.build(MultipartEntityBuilder.java:230)\n\tat org.jenkinsci.test.acceptance.update_center.PluginMetadata.uploadTo(PluginMetadata.java:65)\n\tat org.jenkinsci.test.acceptance.po.PluginManager.installPlugins(PluginManager.java:173)\n\tat org.jenkinsci.test.acceptance.junit.WithPlugins$RuleImpl$1.doInstall(WithPlugins.java:139)\n\tat org.jenkinsci.test.acceptance.junit.WithPlugins$RuleImpl$1.installPlugins(WithPlugins.java:119)\n\tat org.jenkinsci.test.acceptance.junit.WithPlugins$RuleImpl$1.evaluate(WithPlugins.java:92)\n\tat org.jenkinsci.test.acceptance.junit.JenkinsAcceptanceTestRule$1$2$1.evaluate(JenkinsAcceptanceTestRule.java:129)\n\tat org.jenkinsci.test.acceptance.junit.FilterRule$1.evaluate(FilterRule.java:62)\n\tat org.jenkinsci.test.acceptance.junit.JenkinsAcceptanceTestRule$1.evaluate(JenkinsAcceptanceTestRule.java:55)\n\tat org.junit.runners.ParentRunner.runLeaf(ParentRunner.java:271)\n\tat org.junit.runners.BlockJUnit4ClassRunner.runChild(BlockJUnit4ClassRunner.java:70)\n\tat org.junit.runners.BlockJUnit4ClassRunner.runChild(BlockJUnit4ClassRunner.java:50)\n\tat org.junit.runners.ParentRunner$3.run(ParentRunner.java:238)\n\tat org.junit.runners.ParentRunner$1.schedule(ParentRunner.java:63)\n\tat org.junit.runners.ParentRunner.runChildren(ParentRunner.java:236)\n\tat org.junit.runners.ParentRunner.access$000(ParentRunner.java:53)\n\tat org.junit.runners.ParentRunner$2.evaluate(ParentRunner.java:229)\n\tat org.junit.runners.ParentRunner.run(ParentRunner.java:309)\n\tat org.apache.maven.surefire.junit4.JUnit4Provider.execute(JUnit4Provider.java:264)\n\tat org.apache.maven.surefire.junit4.JUnit4Provider.executeTestSet(JUnit4Provider.java:153)\n\tat org.apache.maven.surefire.junit4.JUnit4Provider.invoke(JUnit4Provider.java:124)\n\tat org.apache.maven.surefire.booter.ForkedBooter.invokeProviderInSameClassLoader(ForkedBooter.java:200)\n\tat org.apache.maven.surefire.booter.ForkedBooter.runSuitesInProcess(ForkedBooter.java:153)\n\tat org.apache.maven.surefire.booter.ForkedBooter.main(ForkedBooter.java:103)\n"
   },
   "steps" : {
      "step" : [ ]
   },
   "attachments" : {
      "attachment" : [ ]
   },
   "labels" : {
      "label" : [ {
         "name" : "host",
         "value" : "Abduls-MBP.home"
      }, {
         "name" : "thread",
         "value" : "35251@Abduls-MBP.home.main(1)"
      } ]
   }
}
testCase=ru.yandex.qatools.allure.model.TestCase@6380e9e9[
  _id=3f8bc592-bb5a-4f7d-94af-565c4c1b8846
  executionId=62229910-35f6-40ea-8439-ec3c3d9421df
  result=ru.yandex.qatools.allure.model.TestCaseResult@34136bd1
]
testCase={
   "_id" : "3f8bc592-bb5a-4f7d-94af-565c4c1b8846",
   "executionId" : "62229910-35f6-40ea-8439-ec3c3d9421df",
   "result" : {
      "start" : 1443743453936,
      "stop" : 1443743511194,
      "status" : "broken",
      "name" : "should_set_result_to_failed_if_warning_found",
      "failure" : {
         "message" : "NoSuchMethodError: org.apache.http.entity.ContentType.create(Ljava/lang/String;[Lorg/apache/http/NameValuePair;)Lorg/apache/http/entity/ContentType;",
         "stack-trace" : "java.lang.NoSuchMethodError: org.apache.http.entity.ContentType.create(Ljava/lang/String;[Lorg/apache/http/NameValuePair;)Lorg/apache/http/entity/ContentType;\n\tat org.apache.http.entity.mime.MultipartEntityBuilder.buildEntity(MultipartEntityBuilder.java:209)\n\tat org.apache.http.entity.mime.MultipartEntityBuilder.build(MultipartEntityBuilder.java:230)\n\tat org.jenkinsci.test.acceptance.update_center.PluginMetadata.uploadTo(PluginMetadata.java:65)\n\tat org.jenkinsci.test.acceptance.po.PluginManager.installPlugins(PluginManager.java:173)\n\tat org.jenkinsci.test.acceptance.junit.WithPlugins$RuleImpl$1.doInstall(WithPlugins.java:139)\n\tat org.jenkinsci.test.acceptance.junit.WithPlugins$RuleImpl$1.installPlugins(WithPlugins.java:119)\n\tat org.jenkinsci.test.acceptance.junit.WithPlugins$RuleImpl$1.evaluate(WithPlugins.java:92)\n\tat org.jenkinsci.test.acceptance.junit.JenkinsAcceptanceTestRule$1$2$1.evaluate(JenkinsAcceptanceTestRule.java:129)\n\tat org.jenkinsci.test.acceptance.junit.FilterRule$1.evaluate(FilterRule.java:62)\n\tat org.jenkinsci.test.acceptance.junit.JenkinsAcceptanceTestRule$1.evaluate(JenkinsAcceptanceTestRule.java:55)\n\tat org.junit.runners.ParentRunner.runLeaf(ParentRunner.java:271)\n\tat org.junit.runners.BlockJUnit4ClassRunner.runChild(BlockJUnit4ClassRunner.java:70)\n\tat org.junit.runners.BlockJUnit4ClassRunner.runChild(BlockJUnit4ClassRunner.java:50)\n\tat org.junit.runners.ParentRunner$3.run(ParentRunner.java:238)\n\tat org.junit.runners.ParentRunner$1.schedule(ParentRunner.java:63)\n\tat org.junit.runners.ParentRunner.runChildren(ParentRunner.java:236)\n\tat org.junit.runners.ParentRunner.access$000(ParentRunner.java:53)\n\tat org.junit.runners.ParentRunner$2.evaluate(ParentRunner.java:229)\n\tat org.junit.runners.ParentRunner.run(ParentRunner.java:309)\n\tat org.apache.maven.surefire.junit4.JUnit4Provider.execute(JUnit4Provider.java:264)\n\tat org.apache.maven.surefire.junit4.JUnit4Provider.executeTestSet(JUnit4Provider.java:153)\n\tat org.apache.maven.surefire.junit4.JUnit4Provider.invoke(JUnit4Provider.java:124)\n\tat org.apache.maven.surefire.booter.ForkedBooter.invokeProviderInSameClassLoader(ForkedBooter.java:200)\n\tat org.apache.maven.surefire.booter.ForkedBooter.runSuitesInProcess(ForkedBooter.java:153)\n\tat org.apache.maven.surefire.booter.ForkedBooter.main(ForkedBooter.java:103)\n"
      },
      "steps" : {
         "step" : [ ]
      },
      "attachments" : {
         "attachment" : [ ]
      },
      "labels" : {
         "label" : [ {
            "name" : "host",
            "value" : "Abduls-MBP.home"
         }, {
            "name" : "thread",
            "value" : "35251@Abduls-MBP.home.main(1)"
         } ]
      }
   }
}
>>>REQUEST: /testdb/TestCase
[WARN] [10/01/2015 19:51:51.221] [default-akka.actor.default-dispatcher-55] [ActorSystem(default)] Illegal response header: Illegal 'etag' header: Invalid input '5', expected 'W' or '"' (line 1, column 1): 560dc717fbeaf7a200c9bf1a
^
<<<RESPONSE (201 Created): /testdb/TestCase
running with given plugins: []
=== Starting should_set_warnings_count_in_dashboard_portlet(plugins.CheckStylePluginTest)
Starting Jenkins: JAVA_HOME=/Library/Java/JavaVirtualMachines/jdk1.8.0_60.jdk/Contents/Home JENKINS_HOME=/Users/abduljewel/Documents/c/spiderqa/sample-test-projects/acceptance-test-harness/target/jenkins9138740179353426092home /Library/Java/JavaVirtualMachines/jdk1.8.0_60.jdk/Contents/Home/bin/java -Duser.language=en -jar ./jenkins.war --ajp13Port=-1 --httpPort=65431
master65431|Running from: /Users/abduljewel/Documents/c/spiderqa/sample-test-projects/acceptance-test-harness/jenkins.war
master65431|webroot: EnvVars.masterEnvVars.get("JENKINS_HOME")
master65431|Oct 01, 2015 7:51:52 PM winstone.Logger logInternal
master65431|INFO: Beginning extraction from war file
master65431|Oct 01, 2015 7:51:57 PM org.eclipse.jetty.util.log.JavaUtilLog info
master65431|INFO: jetty-winstone-2.8
master65431|Oct 01, 2015 7:52:02 PM org.eclipse.jetty.util.log.JavaUtilLog info
master65431|INFO: NO JSP Support for , did not find org.apache.jasper.servlet.JspServlet
master65431|Jenkins home directory: /Users/abduljewel/Documents/c/spiderqa/sample-test-projects/acceptance-test-harness/target/jenkins9138740179353426092home found at: EnvVars.masterEnvVars.get("JENKINS_HOME")
master65431|Oct 01, 2015 7:52:04 PM org.eclipse.jetty.util.log.JavaUtilLog info
master65431|INFO: Started SelectChannelConnector@0.0.0.0:65431
master65431|Oct 01, 2015 7:52:04 PM winstone.Logger logInternal
master65431|INFO: Winstone Servlet Engine v2.0 running: controlPort=disabled
master65431|Oct 01, 2015 7:52:05 PM jenkins.InitReactorRunner$1 onAttained
master65431|INFO: Started initialization
master65431|Oct 01, 2015 7:52:28 PM jenkins.InitReactorRunner$1 onAttained
master65431|INFO: Listed all plugins
master65431|Oct 01, 2015 7:52:28 PM jenkins.InitReactorRunner$1 onAttained
master65431|INFO: Prepared all plugins
master65431|Oct 01, 2015 7:52:28 PM jenkins.InitReactorRunner$1 onAttained
master65431|INFO: Started all plugins
master65431|Oct 01, 2015 7:52:28 PM jenkins.InitReactorRunner$1 onAttained
master65431|INFO: Augmented all extensions
master65431|Oct 01, 2015 7:52:32 PM jenkins.InitReactorRunner$1 onAttained
master65431|INFO: Loaded all jobs
master65431|Oct 01, 2015 7:52:34 PM hudson.model.AsyncPeriodicWork$1 run
master65431|INFO: Started Download metadata
master65431|Oct 01, 2015 7:52:34 PM org.jenkinsci.main.modules.sshd.SSHD start
master65431|INFO: Started SSHD at port 52398
master65431|Oct 01, 2015 7:52:34 PM jenkins.InitReactorRunner$1 onAttained
master65431|INFO: Completed initialization
master65431|Oct 01, 2015 7:52:34 PM hudson.UDPBroadcastThread run
master65431|WARNING: UDP handling problem
master65431|java.net.SocketException: Can't assign requested address
master65431|	at java.net.PlainDatagramSocketImpl.join(Native Method)
master65431|	at java.net.AbstractPlainDatagramSocketImpl.join(AbstractPlainDatagramSocketImpl.java:179)
master65431|	at java.net.MulticastSocket.joinGroup(MulticastSocket.java:323)
master65431|	at hudson.UDPBroadcastThread.run(UDPBroadcastThread.java:77)
master65431|
master65431|Oct 01, 2015 7:52:34 PM hudson.WebAppMain$3 run
master65431|INFO: Jenkins is fully up and running
master65431|Oct 01, 2015 7:52:38 PM hudson.model.UpdateSite updateData
master65431|INFO: Obtained the latest update center data file for UpdateSource default
master65431|Oct 01, 2015 7:52:39 PM hudson.model.DownloadService$Downloadable load
master65431|INFO: Obtained the updated data file for hudson.tasks.Maven.MavenInstaller
master65431|Oct 01, 2015 7:52:39 PM hudson.model.DownloadService$Downloadable load
master65431|INFO: Obtained the updated data file for hudson.tasks.Ant.AntInstaller
master65431|Oct 01, 2015 7:52:40 PM hudson.model.DownloadService$Downloadable load
master65431|INFO: Obtained the updated data file for hudson.tools.JDKInstaller
master65431|Oct 01, 2015 7:52:40 PM hudson.model.AsyncPeriodicWork$1 run
master65431|INFO: Finished Download metadata. 5,991 ms
Jenkins is stopped
]]></system-out>
    <system-err><![CDATA[Oct 01, 2015 7:51:51 PM org.jenkinsci.test.acceptance.controller.LocalController startNow
INFO: Waiting for Jenkins to become running in http://127.0.0.1:65431/
Oct 01, 2015 7:52:34 PM org.jenkinsci.test.acceptance.controller.LocalController startNow
INFO: Jenkins is running in http://127.0.0.1:65431/
Oct 01, 2015 7:52:40 PM org.jenkinsci.test.acceptance.po.PluginManager installationStatus
INFO: dashboard-view is not installed
Oct 01, 2015 7:52:40 PM org.jenkinsci.test.acceptance.po.PluginManager installationStatus
INFO: dashboard-view is not installed
Oct 01, 2015 7:52:42 PM org.jenkinsci.test.acceptance.po.PluginManager installationStatus
INFO: javadoc has version 1.1 but 1.3 was requested
]]></system-err>
  </testcase>
  <testcase name="should_collect_warnings_in_build" classname="plugins.CheckStylePluginTest" time="56.747">
    <error message="org.apache.http.entity.ContentType.create(Ljava/lang/String;[Lorg/apache/http/NameValuePair;)Lorg/apache/http/entity/ContentType;" type="java.lang.NoSuchMethodError">java.lang.NoSuchMethodError: org.apache.http.entity.ContentType.create(Ljava/lang/String;[Lorg/apache/http/NameValuePair;)Lorg/apache/http/entity/ContentType;
	at org.apache.http.entity.mime.MultipartEntityBuilder.buildEntity(MultipartEntityBuilder.java:209)
	at org.apache.http.entity.mime.MultipartEntityBuilder.build(MultipartEntityBuilder.java:230)
	at org.jenkinsci.test.acceptance.update_center.PluginMetadata.uploadTo(PluginMetadata.java:65)
	at org.jenkinsci.test.acceptance.po.PluginManager.installPlugins(PluginManager.java:173)
	at org.jenkinsci.test.acceptance.junit.WithPlugins$RuleImpl$1.doInstall(WithPlugins.java:139)
	at org.jenkinsci.test.acceptance.junit.WithPlugins$RuleImpl$1.installPlugins(WithPlugins.java:119)
	at org.jenkinsci.test.acceptance.junit.WithPlugins$RuleImpl$1.evaluate(WithPlugins.java:92)
	at org.jenkinsci.test.acceptance.junit.JenkinsAcceptanceTestRule$1$2$1.evaluate(JenkinsAcceptanceTestRule.java:129)
	at org.jenkinsci.test.acceptance.junit.FilterRule$1.evaluate(FilterRule.java:62)
	at org.jenkinsci.test.acceptance.junit.JenkinsAcceptanceTestRule$1.evaluate(JenkinsAcceptanceTestRule.java:55)
	at org.junit.runners.ParentRunner.runLeaf(ParentRunner.java:271)
	at org.junit.runners.BlockJUnit4ClassRunner.runChild(BlockJUnit4ClassRunner.java:70)
	at org.junit.runners.BlockJUnit4ClassRunner.runChild(BlockJUnit4ClassRunner.java:50)
	at org.junit.runners.ParentRunner$3.run(ParentRunner.java:238)
	at org.junit.runners.ParentRunner$1.schedule(ParentRunner.java:63)
	at org.junit.runners.ParentRunner.runChildren(ParentRunner.java:236)
	at org.junit.runners.ParentRunner.access$000(ParentRunner.java:53)
	at org.junit.runners.ParentRunner$2.evaluate(ParentRunner.java:229)
	at org.junit.runners.ParentRunner.run(ParentRunner.java:309)
	at org.apache.maven.surefire.junit4.JUnit4Provider.execute(JUnit4Provider.java:264)
	at org.apache.maven.surefire.junit4.JUnit4Provider.executeTestSet(JUnit4Provider.java:153)
	at org.apache.maven.surefire.junit4.JUnit4Provider.invoke(JUnit4Provider.java:124)
	at org.apache.maven.surefire.booter.ForkedBooter.invokeProviderInSameClassLoader(ForkedBooter.java:200)
	at org.apache.maven.surefire.booter.ForkedBooter.runSuitesInProcess(ForkedBooter.java:153)
	at org.apache.maven.surefire.booter.ForkedBooter.main(ForkedBooter.java:103)
</error>
    <system-out><![CDATA[testCaseResult=ru.yandex.qatools.allure.model.TestCaseResult@20349058[
  name=should_set_warnings_count_in_dashboard_portlet
  title=<null>
  description=<null>
  failure=ru.yandex.qatools.allure.model.Failure@6cbb7a7d
  start=1443743511216
  stop=1443743562943
  status=BROKEN
  severity=<null>
  steps=[]
  attachments=[]
  labels=[ru.yandex.qatools.allure.model.Label@cdb3c85, ru.yandex.qatools.allure.model.Label@37606fee]
  parameters=<null>
]
testCaseResult={
   "start" : 1443743511216,
   "stop" : 1443743562943,
   "status" : "broken",
   "name" : "should_set_warnings_count_in_dashboard_portlet",
   "failure" : {
      "message" : "NoSuchMethodError: org.apache.http.entity.ContentType.create(Ljava/lang/String;[Lorg/apache/http/NameValuePair;)Lorg/apache/http/entity/ContentType;",
      "stack-trace" : "java.lang.NoSuchMethodError: org.apache.http.entity.ContentType.create(Ljava/lang/String;[Lorg/apache/http/NameValuePair;)Lorg/apache/http/entity/ContentType;\n\tat org.apache.http.entity.mime.MultipartEntityBuilder.buildEntity(MultipartEntityBuilder.java:209)\n\tat org.apache.http.entity.mime.MultipartEntityBuilder.build(MultipartEntityBuilder.java:230)\n\tat org.jenkinsci.test.acceptance.update_center.PluginMetadata.uploadTo(PluginMetadata.java:65)\n\tat org.jenkinsci.test.acceptance.po.PluginManager.installPlugins(PluginManager.java:173)\n\tat org.jenkinsci.test.acceptance.junit.WithPlugins$RuleImpl$1.doInstall(WithPlugins.java:139)\n\tat org.jenkinsci.test.acceptance.junit.WithPlugins$RuleImpl$1.installPlugins(WithPlugins.java:119)\n\tat org.jenkinsci.test.acceptance.junit.WithPlugins$RuleImpl$1.evaluate(WithPlugins.java:91)\n\tat org.jenkinsci.test.acceptance.junit.JenkinsAcceptanceTestRule$1$2$1.evaluate(JenkinsAcceptanceTestRule.java:129)\n\tat org.jenkinsci.test.acceptance.junit.FilterRule$1.evaluate(FilterRule.java:62)\n\tat org.jenkinsci.test.acceptance.junit.JenkinsAcceptanceTestRule$1.evaluate(JenkinsAcceptanceTestRule.java:55)\n\tat org.junit.runners.ParentRunner.runLeaf(ParentRunner.java:271)\n\tat org.junit.runners.BlockJUnit4ClassRunner.runChild(BlockJUnit4ClassRunner.java:70)\n\tat org.junit.runners.BlockJUnit4ClassRunner.runChild(BlockJUnit4ClassRunner.java:50)\n\tat org.junit.runners.ParentRunner$3.run(ParentRunner.java:238)\n\tat org.junit.runners.ParentRunner$1.schedule(ParentRunner.java:63)\n\tat org.junit.runners.ParentRunner.runChildren(ParentRunner.java:236)\n\tat org.junit.runners.ParentRunner.access$000(ParentRunner.java:53)\n\tat org.junit.runners.ParentRunner$2.evaluate(ParentRunner.java:229)\n\tat org.junit.runners.ParentRunner.run(ParentRunner.java:309)\n\tat org.apache.maven.surefire.junit4.JUnit4Provider.execute(JUnit4Provider.java:264)\n\tat org.apache.maven.surefire.junit4.JUnit4Provider.executeTestSet(JUnit4Provider.java:153)\n\tat org.apache.maven.surefire.junit4.JUnit4Provider.invoke(JUnit4Provider.java:124)\n\tat org.apache.maven.surefire.booter.ForkedBooter.invokeProviderInSameClassLoader(ForkedBooter.java:200)\n\tat org.apache.maven.surefire.booter.ForkedBooter.runSuitesInProcess(ForkedBooter.java:153)\n\tat org.apache.maven.surefire.booter.ForkedBooter.main(ForkedBooter.java:103)\n"
   },
   "steps" : {
      "step" : [ ]
   },
   "attachments" : {
      "attachment" : [ ]
   },
   "labels" : {
      "label" : [ {
         "name" : "host",
         "value" : "Abduls-MBP.home"
      }, {
         "name" : "thread",
         "value" : "35251@Abduls-MBP.home.main(1)"
      } ]
   }
}
testCase=ru.yandex.qatools.allure.model.TestCase@33d28f0a[
  _id=8b2af8b7-53ec-44e8-93af-c1da3d8581dc
  executionId=62229910-35f6-40ea-8439-ec3c3d9421df
  result=ru.yandex.qatools.allure.model.TestCaseResult@20349058
]
testCase={
   "_id" : "8b2af8b7-53ec-44e8-93af-c1da3d8581dc",
   "executionId" : "62229910-35f6-40ea-8439-ec3c3d9421df",
   "result" : {
      "start" : 1443743511216,
      "stop" : 1443743562943,
      "status" : "broken",
      "name" : "should_set_warnings_count_in_dashboard_portlet",
      "failure" : {
         "message" : "NoSuchMethodError: org.apache.http.entity.ContentType.create(Ljava/lang/String;[Lorg/apache/http/NameValuePair;)Lorg/apache/http/entity/ContentType;",
         "stack-trace" : "java.lang.NoSuchMethodError: org.apache.http.entity.ContentType.create(Ljava/lang/String;[Lorg/apache/http/NameValuePair;)Lorg/apache/http/entity/ContentType;\n\tat org.apache.http.entity.mime.MultipartEntityBuilder.buildEntity(MultipartEntityBuilder.java:209)\n\tat org.apache.http.entity.mime.MultipartEntityBuilder.build(MultipartEntityBuilder.java:230)\n\tat org.jenkinsci.test.acceptance.update_center.PluginMetadata.uploadTo(PluginMetadata.java:65)\n\tat org.jenkinsci.test.acceptance.po.PluginManager.installPlugins(PluginManager.java:173)\n\tat org.jenkinsci.test.acceptance.junit.WithPlugins$RuleImpl$1.doInstall(WithPlugins.java:139)\n\tat org.jenkinsci.test.acceptance.junit.WithPlugins$RuleImpl$1.installPlugins(WithPlugins.java:119)\n\tat org.jenkinsci.test.acceptance.junit.WithPlugins$RuleImpl$1.evaluate(WithPlugins.java:91)\n\tat org.jenkinsci.test.acceptance.junit.JenkinsAcceptanceTestRule$1$2$1.evaluate(JenkinsAcceptanceTestRule.java:129)\n\tat org.jenkinsci.test.acceptance.junit.FilterRule$1.evaluate(FilterRule.java:62)\n\tat org.jenkinsci.test.acceptance.junit.JenkinsAcceptanceTestRule$1.evaluate(JenkinsAcceptanceTestRule.java:55)\n\tat org.junit.runners.ParentRunner.runLeaf(ParentRunner.java:271)\n\tat org.junit.runners.BlockJUnit4ClassRunner.runChild(BlockJUnit4ClassRunner.java:70)\n\tat org.junit.runners.BlockJUnit4ClassRunner.runChild(BlockJUnit4ClassRunner.java:50)\n\tat org.junit.runners.ParentRunner$3.run(ParentRunner.java:238)\n\tat org.junit.runners.ParentRunner$1.schedule(ParentRunner.java:63)\n\tat org.junit.runners.ParentRunner.runChildren(ParentRunner.java:236)\n\tat org.junit.runners.ParentRunner.access$000(ParentRunner.java:53)\n\tat org.junit.runners.ParentRunner$2.evaluate(ParentRunner.java:229)\n\tat org.junit.runners.ParentRunner.run(ParentRunner.java:309)\n\tat org.apache.maven.surefire.junit4.JUnit4Provider.execute(JUnit4Provider.java:264)\n\tat org.apache.maven.surefire.junit4.JUnit4Provider.executeTestSet(JUnit4Provider.java:153)\n\tat org.apache.maven.surefire.junit4.JUnit4Provider.invoke(JUnit4Provider.java:124)\n\tat org.apache.maven.surefire.booter.ForkedBooter.invokeProviderInSameClassLoader(ForkedBooter.java:200)\n\tat org.apache.maven.surefire.booter.ForkedBooter.runSuitesInProcess(ForkedBooter.java:153)\n\tat org.apache.maven.surefire.booter.ForkedBooter.main(ForkedBooter.java:103)\n"
      },
      "steps" : {
         "step" : [ ]
      },
      "attachments" : {
         "attachment" : [ ]
      },
      "labels" : {
         "label" : [ {
            "name" : "host",
            "value" : "Abduls-MBP.home"
         }, {
            "name" : "thread",
            "value" : "35251@Abduls-MBP.home.main(1)"
         } ]
      }
   }
}
>>>REQUEST: /testdb/TestCase
[WARN] [10/01/2015 19:52:42.960] [default-akka.actor.default-dispatcher-56] [ActorSystem(default)] Illegal response header: Illegal 'etag' header: Invalid input '5', expected 'W' or '"' (line 1, column 1): 560dc74afbeaf7a200c9bf23
^
<<<RESPONSE (201 Created): /testdb/TestCase
running with given plugins: []
=== Starting should_collect_warnings_in_build(plugins.CheckStylePluginTest)
Starting Jenkins: JAVA_HOME=/Library/Java/JavaVirtualMachines/jdk1.8.0_60.jdk/Contents/Home JENKINS_HOME=/Users/abduljewel/Documents/c/spiderqa/sample-test-projects/acceptance-test-harness/target/jenkins1650107765192210907home /Library/Java/JavaVirtualMachines/jdk1.8.0_60.jdk/Contents/Home/bin/java -Duser.language=en -jar ./jenkins.war --ajp13Port=-1 --httpPort=59332
master59332|Running from: /Users/abduljewel/Documents/c/spiderqa/sample-test-projects/acceptance-test-harness/jenkins.war
master59332|webroot: EnvVars.masterEnvVars.get("JENKINS_HOME")
master59332|Oct 01, 2015 7:52:43 PM winstone.Logger logInternal
master59332|INFO: Beginning extraction from war file
master59332|Oct 01, 2015 7:52:46 PM org.eclipse.jetty.util.log.JavaUtilLog info
master59332|INFO: jetty-winstone-2.8
master59332|Oct 01, 2015 7:52:50 PM org.eclipse.jetty.util.log.JavaUtilLog info
master59332|INFO: NO JSP Support for , did not find org.apache.jasper.servlet.JspServlet
master59332|Jenkins home directory: /Users/abduljewel/Documents/c/spiderqa/sample-test-projects/acceptance-test-harness/target/jenkins1650107765192210907home found at: EnvVars.masterEnvVars.get("JENKINS_HOME")
master59332|Oct 01, 2015 7:52:52 PM org.eclipse.jetty.util.log.JavaUtilLog info
master59332|INFO: Started SelectChannelConnector@0.0.0.0:59332
master59332|Oct 01, 2015 7:52:52 PM winstone.Logger logInternal
master59332|INFO: Winstone Servlet Engine v2.0 running: controlPort=disabled
master59332|Oct 01, 2015 7:52:52 PM jenkins.InitReactorRunner$1 onAttained
master59332|INFO: Started initialization
master59332|Oct 01, 2015 7:53:17 PM jenkins.InitReactorRunner$1 onAttained
master59332|INFO: Listed all plugins
master59332|Oct 01, 2015 7:53:17 PM jenkins.InitReactorRunner$1 onAttained
master59332|INFO: Prepared all plugins
master59332|Oct 01, 2015 7:53:17 PM jenkins.InitReactorRunner$1 onAttained
master59332|INFO: Started all plugins
master59332|Oct 01, 2015 7:53:17 PM jenkins.InitReactorRunner$1 onAttained
master59332|INFO: Augmented all extensions
master59332|Oct 01, 2015 7:53:23 PM jenkins.InitReactorRunner$1 onAttained
master59332|INFO: Loaded all jobs
master59332|Oct 01, 2015 7:53:28 PM hudson.model.AsyncPeriodicWork$1 run
master59332|INFO: Started Download metadata
master59332|Oct 01, 2015 7:53:29 PM org.jenkinsci.main.modules.sshd.SSHD start
master59332|INFO: Started SSHD at port 52804
master59332|Oct 01, 2015 7:53:29 PM jenkins.InitReactorRunner$1 onAttained
master59332|INFO: Completed initialization
master59332|Oct 01, 2015 7:53:29 PM hudson.UDPBroadcastThread run
master59332|WARNING: UDP handling problem
master59332|java.net.SocketException: Can't assign requested address
master59332|	at java.net.PlainDatagramSocketImpl.join(Native Method)
master59332|	at java.net.AbstractPlainDatagramSocketImpl.join(AbstractPlainDatagramSocketImpl.java:179)
master59332|	at java.net.MulticastSocket.joinGroup(MulticastSocket.java:323)
master59332|	at hudson.UDPBroadcastThread.run(UDPBroadcastThread.java:77)
master59332|
master59332|Oct 01, 2015 7:53:29 PM hudson.WebAppMain$3 run
master59332|INFO: Jenkins is fully up and running
master59332|Oct 01, 2015 7:53:32 PM hudson.model.UpdateSite updateData
master59332|INFO: Obtained the latest update center data file for UpdateSource default
master59332|Oct 01, 2015 7:53:33 PM hudson.model.DownloadService$Downloadable load
master59332|INFO: Obtained the updated data file for hudson.tasks.Maven.MavenInstaller
master59332|Oct 01, 2015 7:53:34 PM hudson.model.DownloadService$Downloadable load
master59332|INFO: Obtained the updated data file for hudson.tasks.Ant.AntInstaller
master59332|Oct 01, 2015 7:53:36 PM hudson.model.DownloadService$Downloadable load
master59332|INFO: Obtained the updated data file for hudson.tools.JDKInstaller
master59332|Oct 01, 2015 7:53:36 PM hudson.model.AsyncPeriodicWork$1 run
master59332|INFO: Finished Download metadata. 7,027 ms
Jenkins is stopped
]]></system-out>
    <system-err><![CDATA[Oct 01, 2015 7:52:43 PM org.jenkinsci.test.acceptance.controller.LocalController startNow
INFO: Waiting for Jenkins to become running in http://127.0.0.1:59332/
Oct 01, 2015 7:53:29 PM org.jenkinsci.test.acceptance.controller.LocalController startNow
INFO: Jenkins is running in http://127.0.0.1:59332/
Oct 01, 2015 7:53:36 PM org.jenkinsci.test.acceptance.po.PluginManager installationStatus
INFO: checkstyle is not installed
Oct 01, 2015 7:53:36 PM org.jenkinsci.test.acceptance.po.PluginManager installationStatus
INFO: checkstyle is not installed
Oct 01, 2015 7:53:39 PM org.jenkinsci.test.acceptance.po.PluginManager installationStatus
INFO: script-security has version 1.13 but 1.15 was requested
]]></system-err>
  </testcase>
  <testcase name="should_send_mail_with_expanded_tokens" classname="plugins.CheckStylePluginTest" time="59.884">
    <error message="org.apache.http.entity.ContentType.create(Ljava/lang/String;[Lorg/apache/http/NameValuePair;)Lorg/apache/http/entity/ContentType;" type="java.lang.NoSuchMethodError">java.lang.NoSuchMethodError: org.apache.http.entity.ContentType.create(Ljava/lang/String;[Lorg/apache/http/NameValuePair;)Lorg/apache/http/entity/ContentType;
	at org.apache.http.entity.mime.MultipartEntityBuilder.buildEntity(MultipartEntityBuilder.java:209)
	at org.apache.http.entity.mime.MultipartEntityBuilder.build(MultipartEntityBuilder.java:230)
	at org.jenkinsci.test.acceptance.update_center.PluginMetadata.uploadTo(PluginMetadata.java:65)
	at org.jenkinsci.test.acceptance.po.PluginManager.installPlugins(PluginManager.java:173)
	at org.jenkinsci.test.acceptance.junit.WithPlugins$RuleImpl$1.doInstall(WithPlugins.java:139)
	at org.jenkinsci.test.acceptance.junit.WithPlugins$RuleImpl$1.installPlugins(WithPlugins.java:119)
	at org.jenkinsci.test.acceptance.junit.WithPlugins$RuleImpl$1.evaluate(WithPlugins.java:91)
	at org.jenkinsci.test.acceptance.junit.JenkinsAcceptanceTestRule$1$2$1.evaluate(JenkinsAcceptanceTestRule.java:129)
	at org.jenkinsci.test.acceptance.junit.FilterRule$1.evaluate(FilterRule.java:62)
	at org.jenkinsci.test.acceptance.junit.JenkinsAcceptanceTestRule$1.evaluate(JenkinsAcceptanceTestRule.java:55)
	at org.junit.runners.ParentRunner.runLeaf(ParentRunner.java:271)
	at org.junit.runners.BlockJUnit4ClassRunner.runChild(BlockJUnit4ClassRunner.java:70)
	at org.junit.runners.BlockJUnit4ClassRunner.runChild(BlockJUnit4ClassRunner.java:50)
	at org.junit.runners.ParentRunner$3.run(ParentRunner.java:238)
	at org.junit.runners.ParentRunner$1.schedule(ParentRunner.java:63)
	at org.junit.runners.ParentRunner.runChildren(ParentRunner.java:236)
	at org.junit.runners.ParentRunner.access$000(ParentRunner.java:53)
	at org.junit.runners.ParentRunner$2.evaluate(ParentRunner.java:229)
	at org.junit.runners.ParentRunner.run(ParentRunner.java:309)
	at org.apache.maven.surefire.junit4.JUnit4Provider.execute(JUnit4Provider.java:264)
	at org.apache.maven.surefire.junit4.JUnit4Provider.executeTestSet(JUnit4Provider.java:153)
	at org.apache.maven.surefire.junit4.JUnit4Provider.invoke(JUnit4Provider.java:124)
	at org.apache.maven.surefire.booter.ForkedBooter.invokeProviderInSameClassLoader(ForkedBooter.java:200)
	at org.apache.maven.surefire.booter.ForkedBooter.runSuitesInProcess(ForkedBooter.java:153)
	at org.apache.maven.surefire.booter.ForkedBooter.main(ForkedBooter.java:103)
</error>
    <system-out><![CDATA[testCaseResult=ru.yandex.qatools.allure.model.TestCaseResult@6629643d[
  name=should_collect_warnings_in_build
  title=<null>
  description=<null>
  failure=ru.yandex.qatools.allure.model.Failure@2dd178f3
  start=1443743562953
  stop=1443743619699
  status=BROKEN
  severity=<null>
  steps=[]
  attachments=[]
  labels=[ru.yandex.qatools.allure.model.Label@64656b9e, ru.yandex.qatools.allure.model.Label@6870cfac]
  parameters=<null>
]
testCaseResult={
   "start" : 1443743562953,
   "stop" : 1443743619699,
   "status" : "broken",
   "name" : "should_collect_warnings_in_build",
   "failure" : {
      "message" : "NoSuchMethodError: org.apache.http.entity.ContentType.create(Ljava/lang/String;[Lorg/apache/http/NameValuePair;)Lorg/apache/http/entity/ContentType;",
      "stack-trace" : "java.lang.NoSuchMethodError: org.apache.http.entity.ContentType.create(Ljava/lang/String;[Lorg/apache/http/NameValuePair;)Lorg/apache/http/entity/ContentType;\n\tat org.apache.http.entity.mime.MultipartEntityBuilder.buildEntity(MultipartEntityBuilder.java:209)\n\tat org.apache.http.entity.mime.MultipartEntityBuilder.build(MultipartEntityBuilder.java:230)\n\tat org.jenkinsci.test.acceptance.update_center.PluginMetadata.uploadTo(PluginMetadata.java:65)\n\tat org.jenkinsci.test.acceptance.po.PluginManager.installPlugins(PluginManager.java:173)\n\tat org.jenkinsci.test.acceptance.junit.WithPlugins$RuleImpl$1.doInstall(WithPlugins.java:139)\n\tat org.jenkinsci.test.acceptance.junit.WithPlugins$RuleImpl$1.installPlugins(WithPlugins.java:119)\n\tat org.jenkinsci.test.acceptance.junit.WithPlugins$RuleImpl$1.evaluate(WithPlugins.java:92)\n\tat org.jenkinsci.test.acceptance.junit.JenkinsAcceptanceTestRule$1$2$1.evaluate(JenkinsAcceptanceTestRule.java:129)\n\tat org.jenkinsci.test.acceptance.junit.FilterRule$1.evaluate(FilterRule.java:62)\n\tat org.jenkinsci.test.acceptance.junit.JenkinsAcceptanceTestRule$1.evaluate(JenkinsAcceptanceTestRule.java:55)\n\tat org.junit.runners.ParentRunner.runLeaf(ParentRunner.java:271)\n\tat org.junit.runners.BlockJUnit4ClassRunner.runChild(BlockJUnit4ClassRunner.java:70)\n\tat org.junit.runners.BlockJUnit4ClassRunner.runChild(BlockJUnit4ClassRunner.java:50)\n\tat org.junit.runners.ParentRunner$3.run(ParentRunner.java:238)\n\tat org.junit.runners.ParentRunner$1.schedule(ParentRunner.java:63)\n\tat org.junit.runners.ParentRunner.runChildren(ParentRunner.java:236)\n\tat org.junit.runners.ParentRunner.access$000(ParentRunner.java:53)\n\tat org.junit.runners.ParentRunner$2.evaluate(ParentRunner.java:229)\n\tat org.junit.runners.ParentRunner.run(ParentRunner.java:309)\n\tat org.apache.maven.surefire.junit4.JUnit4Provider.execute(JUnit4Provider.java:264)\n\tat org.apache.maven.surefire.junit4.JUnit4Provider.executeTestSet(JUnit4Provider.java:153)\n\tat org.apache.maven.surefire.junit4.JUnit4Provider.invoke(JUnit4Provider.java:124)\n\tat org.apache.maven.surefire.booter.ForkedBooter.invokeProviderInSameClassLoader(ForkedBooter.java:200)\n\tat org.apache.maven.surefire.booter.ForkedBooter.runSuitesInProcess(ForkedBooter.java:153)\n\tat org.apache.maven.surefire.booter.ForkedBooter.main(ForkedBooter.java:103)\n"
   },
   "steps" : {
      "step" : [ ]
   },
   "attachments" : {
      "attachment" : [ ]
   },
   "labels" : {
      "label" : [ {
         "name" : "host",
         "value" : "Abduls-MBP.home"
      }, {
         "name" : "thread",
         "value" : "35251@Abduls-MBP.home.main(1)"
      } ]
   }
}
testCase=ru.yandex.qatools.allure.model.TestCase@45554613[
  _id=7d57e4fb-a7f1-47b7-a44d-bae04f9e1715
  executionId=62229910-35f6-40ea-8439-ec3c3d9421df
  result=ru.yandex.qatools.allure.model.TestCaseResult@6629643d
]
testCase={
   "_id" : "7d57e4fb-a7f1-47b7-a44d-bae04f9e1715",
   "executionId" : "62229910-35f6-40ea-8439-ec3c3d9421df",
   "result" : {
      "start" : 1443743562953,
      "stop" : 1443743619699,
      "status" : "broken",
      "name" : "should_collect_warnings_in_build",
      "failure" : {
         "message" : "NoSuchMethodError: org.apache.http.entity.ContentType.create(Ljava/lang/String;[Lorg/apache/http/NameValuePair;)Lorg/apache/http/entity/ContentType;",
         "stack-trace" : "java.lang.NoSuchMethodError: org.apache.http.entity.ContentType.create(Ljava/lang/String;[Lorg/apache/http/NameValuePair;)Lorg/apache/http/entity/ContentType;\n\tat org.apache.http.entity.mime.MultipartEntityBuilder.buildEntity(MultipartEntityBuilder.java:209)\n\tat org.apache.http.entity.mime.MultipartEntityBuilder.build(MultipartEntityBuilder.java:230)\n\tat org.jenkinsci.test.acceptance.update_center.PluginMetadata.uploadTo(PluginMetadata.java:65)\n\tat org.jenkinsci.test.acceptance.po.PluginManager.installPlugins(PluginManager.java:173)\n\tat org.jenkinsci.test.acceptance.junit.WithPlugins$RuleImpl$1.doInstall(WithPlugins.java:139)\n\tat org.jenkinsci.test.acceptance.junit.WithPlugins$RuleImpl$1.installPlugins(WithPlugins.java:119)\n\tat org.jenkinsci.test.acceptance.junit.WithPlugins$RuleImpl$1.evaluate(WithPlugins.java:92)\n\tat org.jenkinsci.test.acceptance.junit.JenkinsAcceptanceTestRule$1$2$1.evaluate(JenkinsAcceptanceTestRule.java:129)\n\tat org.jenkinsci.test.acceptance.junit.FilterRule$1.evaluate(FilterRule.java:62)\n\tat org.jenkinsci.test.acceptance.junit.JenkinsAcceptanceTestRule$1.evaluate(JenkinsAcceptanceTestRule.java:55)\n\tat org.junit.runners.ParentRunner.runLeaf(ParentRunner.java:271)\n\tat org.junit.runners.BlockJUnit4ClassRunner.runChild(BlockJUnit4ClassRunner.java:70)\n\tat org.junit.runners.BlockJUnit4ClassRunner.runChild(BlockJUnit4ClassRunner.java:50)\n\tat org.junit.runners.ParentRunner$3.run(ParentRunner.java:238)\n\tat org.junit.runners.ParentRunner$1.schedule(ParentRunner.java:63)\n\tat org.junit.runners.ParentRunner.runChildren(ParentRunner.java:236)\n\tat org.junit.runners.ParentRunner.access$000(ParentRunner.java:53)\n\tat org.junit.runners.ParentRunner$2.evaluate(ParentRunner.java:229)\n\tat org.junit.runners.ParentRunner.run(ParentRunner.java:309)\n\tat org.apache.maven.surefire.junit4.JUnit4Provider.execute(JUnit4Provider.java:264)\n\tat org.apache.maven.surefire.junit4.JUnit4Provider.executeTestSet(JUnit4Provider.java:153)\n\tat org.apache.maven.surefire.junit4.JUnit4Provider.invoke(JUnit4Provider.java:124)\n\tat org.apache.maven.surefire.booter.ForkedBooter.invokeProviderInSameClassLoader(ForkedBooter.java:200)\n\tat org.apache.maven.surefire.booter.ForkedBooter.runSuitesInProcess(ForkedBooter.java:153)\n\tat org.apache.maven.surefire.booter.ForkedBooter.main(ForkedBooter.java:103)\n"
      },
      "steps" : {
         "step" : [ ]
      },
      "attachments" : {
         "attachment" : [ ]
      },
      "labels" : {
         "label" : [ {
            "name" : "host",
            "value" : "Abduls-MBP.home"
         }, {
            "name" : "thread",
            "value" : "35251@Abduls-MBP.home.main(1)"
         } ]
      }
   }
}
>>>REQUEST: /testdb/TestCase
[WARN] [10/01/2015 19:53:39.718] [default-akka.actor.default-dispatcher-59] [ActorSystem(default)] Illegal response header: Illegal 'etag' header: Invalid input '5', expected 'W' or '"' (line 1, column 1): 560dc783fbeaf7a200c9bf2a
^
running with given plugins: []
<<<RESPONSE (201 Created): /testdb/TestCase
=== Starting should_send_mail_with_expanded_tokens(plugins.CheckStylePluginTest)
Starting Jenkins: JAVA_HOME=/Library/Java/JavaVirtualMachines/jdk1.8.0_60.jdk/Contents/Home JENKINS_HOME=/Users/abduljewel/Documents/c/spiderqa/sample-test-projects/acceptance-test-harness/target/jenkins5218146130719586145home /Library/Java/JavaVirtualMachines/jdk1.8.0_60.jdk/Contents/Home/bin/java -Duser.language=en -jar ./jenkins.war --ajp13Port=-1 --httpPort=52014
master52014|Running from: /Users/abduljewel/Documents/c/spiderqa/sample-test-projects/acceptance-test-harness/jenkins.war
master52014|webroot: EnvVars.masterEnvVars.get("JENKINS_HOME")
master52014|Oct 01, 2015 7:53:40 PM winstone.Logger logInternal
master52014|INFO: Beginning extraction from war file
master52014|Oct 01, 2015 7:53:44 PM org.eclipse.jetty.util.log.JavaUtilLog info
master52014|INFO: jetty-winstone-2.8
master52014|Oct 01, 2015 7:53:48 PM org.eclipse.jetty.util.log.JavaUtilLog info
master52014|INFO: NO JSP Support for , did not find org.apache.jasper.servlet.JspServlet
master52014|Jenkins home directory: /Users/abduljewel/Documents/c/spiderqa/sample-test-projects/acceptance-test-harness/target/jenkins5218146130719586145home found at: EnvVars.masterEnvVars.get("JENKINS_HOME")
master52014|Oct 01, 2015 7:53:51 PM org.eclipse.jetty.util.log.JavaUtilLog info
master52014|INFO: Started SelectChannelConnector@0.0.0.0:52014
master52014|Oct 01, 2015 7:53:51 PM winstone.Logger logInternal
master52014|INFO: Winstone Servlet Engine v2.0 running: controlPort=disabled
master52014|Oct 01, 2015 7:53:51 PM jenkins.InitReactorRunner$1 onAttained
master52014|INFO: Started initialization
master52014|Oct 01, 2015 7:54:18 PM jenkins.InitReactorRunner$1 onAttained
master52014|INFO: Listed all plugins
master52014|Oct 01, 2015 7:54:18 PM jenkins.InitReactorRunner$1 onAttained
master52014|INFO: Prepared all plugins
master52014|Oct 01, 2015 7:54:18 PM jenkins.InitReactorRunner$1 onAttained
master52014|INFO: Started all plugins
master52014|Oct 01, 2015 7:54:18 PM jenkins.InitReactorRunner$1 onAttained
master52014|INFO: Augmented all extensions
master52014|Oct 01, 2015 7:54:24 PM jenkins.InitReactorRunner$1 onAttained
master52014|INFO: Loaded all jobs
master52014|Oct 01, 2015 7:54:29 PM hudson.model.AsyncPeriodicWork$1 run
master52014|INFO: Started Download metadata
master52014|Oct 01, 2015 7:54:29 PM org.jenkinsci.main.modules.sshd.SSHD start
master52014|INFO: Started SSHD at port 53127
master52014|Oct 01, 2015 7:54:29 PM jenkins.InitReactorRunner$1 onAttained
master52014|INFO: Completed initialization
master52014|Oct 01, 2015 7:54:29 PM hudson.UDPBroadcastThread run
master52014|WARNING: UDP handling problem
master52014|java.net.SocketException: Can't assign requested address
master52014|	at java.net.PlainDatagramSocketImpl.join(Native Method)
master52014|	at java.net.AbstractPlainDatagramSocketImpl.join(AbstractPlainDatagramSocketImpl.java:179)
master52014|	at java.net.MulticastSocket.joinGroup(MulticastSocket.java:323)
master52014|	at hudson.UDPBroadcastThread.run(UDPBroadcastThread.java:77)
master52014|
master52014|Oct 01, 2015 7:54:29 PM hudson.WebAppMain$3 run
master52014|INFO: Jenkins is fully up and running
master52014|Oct 01, 2015 7:54:33 PM hudson.model.UpdateSite updateData
master52014|INFO: Obtained the latest update center data file for UpdateSource default
master52014|Oct 01, 2015 7:54:34 PM hudson.model.DownloadService$Downloadable load
master52014|INFO: Obtained the updated data file for hudson.tasks.Maven.MavenInstaller
master52014|Oct 01, 2015 7:54:34 PM hudson.model.DownloadService$Downloadable load
master52014|INFO: Obtained the updated data file for hudson.tasks.Ant.AntInstaller
master52014|Oct 01, 2015 7:54:35 PM hudson.model.DownloadService$Downloadable load
master52014|INFO: Obtained the updated data file for hudson.tools.JDKInstaller
master52014|Oct 01, 2015 7:54:35 PM hudson.model.AsyncPeriodicWork$1 run
master52014|INFO: Finished Download metadata. 6,644 ms
Jenkins is stopped
]]></system-out>
    <system-err><![CDATA[Oct 01, 2015 7:53:39 PM org.jenkinsci.test.acceptance.controller.LocalController startNow
INFO: Waiting for Jenkins to become running in http://127.0.0.1:52014/
Oct 01, 2015 7:54:29 PM org.jenkinsci.test.acceptance.controller.LocalController startNow
INFO: Jenkins is running in http://127.0.0.1:52014/
Oct 01, 2015 7:54:37 PM org.jenkinsci.test.acceptance.po.PluginManager installationStatus
INFO: email-ext is not installed
Oct 01, 2015 7:54:37 PM org.jenkinsci.test.acceptance.po.PluginManager installationStatus
INFO: email-ext is not installed
Oct 01, 2015 7:54:39 PM org.jenkinsci.test.acceptance.po.PluginManager installationStatus
INFO: junit has version 1.2-beta-4 but 1.9 was requested
]]></system-err>
  </testcase>
  <testcase name="should_retrieve_results_from_maven_job" classname="plugins.CheckStylePluginTest" time="61.338">
    <error message="org.apache.http.entity.ContentType.create(Ljava/lang/String;[Lorg/apache/http/NameValuePair;)Lorg/apache/http/entity/ContentType;" type="java.lang.NoSuchMethodError">java.lang.NoSuchMethodError: org.apache.http.entity.ContentType.create(Ljava/lang/String;[Lorg/apache/http/NameValuePair;)Lorg/apache/http/entity/ContentType;
	at org.apache.http.entity.mime.MultipartEntityBuilder.buildEntity(MultipartEntityBuilder.java:209)
	at org.apache.http.entity.mime.MultipartEntityBuilder.build(MultipartEntityBuilder.java:230)
	at org.jenkinsci.test.acceptance.update_center.PluginMetadata.uploadTo(PluginMetadata.java:65)
	at org.jenkinsci.test.acceptance.po.PluginManager.installPlugins(PluginManager.java:173)
	at org.jenkinsci.test.acceptance.junit.WithPlugins$RuleImpl$1.doInstall(WithPlugins.java:139)
	at org.jenkinsci.test.acceptance.junit.WithPlugins$RuleImpl$1.installPlugins(WithPlugins.java:119)
	at org.jenkinsci.test.acceptance.junit.WithPlugins$RuleImpl$1.evaluate(WithPlugins.java:92)
	at org.jenkinsci.test.acceptance.junit.JenkinsAcceptanceTestRule$1$2$1.evaluate(JenkinsAcceptanceTestRule.java:129)
	at org.jenkinsci.test.acceptance.junit.FilterRule$1.evaluate(FilterRule.java:62)
	at org.jenkinsci.test.acceptance.junit.JenkinsAcceptanceTestRule$1.evaluate(JenkinsAcceptanceTestRule.java:55)
	at org.junit.runners.ParentRunner.runLeaf(ParentRunner.java:271)
	at org.junit.runners.BlockJUnit4ClassRunner.runChild(BlockJUnit4ClassRunner.java:70)
	at org.junit.runners.BlockJUnit4ClassRunner.runChild(BlockJUnit4ClassRunner.java:50)
	at org.junit.runners.ParentRunner$3.run(ParentRunner.java:238)
	at org.junit.runners.ParentRunner$1.schedule(ParentRunner.java:63)
	at org.junit.runners.ParentRunner.runChildren(ParentRunner.java:236)
	at org.junit.runners.ParentRunner.access$000(ParentRunner.java:53)
	at org.junit.runners.ParentRunner$2.evaluate(ParentRunner.java:229)
	at org.junit.runners.ParentRunner.run(ParentRunner.java:309)
	at org.apache.maven.surefire.junit4.JUnit4Provider.execute(JUnit4Provider.java:264)
	at org.apache.maven.surefire.junit4.JUnit4Provider.executeTestSet(JUnit4Provider.java:153)
	at org.apache.maven.surefire.junit4.JUnit4Provider.invoke(JUnit4Provider.java:124)
	at org.apache.maven.surefire.booter.ForkedBooter.invokeProviderInSameClassLoader(ForkedBooter.java:200)
	at org.apache.maven.surefire.booter.ForkedBooter.runSuitesInProcess(ForkedBooter.java:153)
	at org.apache.maven.surefire.booter.ForkedBooter.main(ForkedBooter.java:103)
</error>
    <system-out><![CDATA[testCaseResult=ru.yandex.qatools.allure.model.TestCaseResult@740b9a50[
  name=should_send_mail_with_expanded_tokens
  title=<null>
  description=<null>
  failure=ru.yandex.qatools.allure.model.Failure@476fde05
  start=1443743619709
  stop=1443743679593
  status=BROKEN
  severity=<null>
  steps=[]
  attachments=[]
  labels=[ru.yandex.qatools.allure.model.Label@5111de7c, ru.yandex.qatools.allure.model.Label@7ac48e10]
  parameters=<null>
]
testCaseResult={
   "start" : 1443743619709,
   "stop" : 1443743679593,
   "status" : "broken",
   "name" : "should_send_mail_with_expanded_tokens",
   "failure" : {
      "message" : "NoSuchMethodError: org.apache.http.entity.ContentType.create(Ljava/lang/String;[Lorg/apache/http/NameValuePair;)Lorg/apache/http/entity/ContentType;",
      "stack-trace" : "java.lang.NoSuchMethodError: org.apache.http.entity.ContentType.create(Ljava/lang/String;[Lorg/apache/http/NameValuePair;)Lorg/apache/http/entity/ContentType;\n\tat org.apache.http.entity.mime.MultipartEntityBuilder.buildEntity(MultipartEntityBuilder.java:209)\n\tat org.apache.http.entity.mime.MultipartEntityBuilder.build(MultipartEntityBuilder.java:230)\n\tat org.jenkinsci.test.acceptance.update_center.PluginMetadata.uploadTo(PluginMetadata.java:65)\n\tat org.jenkinsci.test.acceptance.po.PluginManager.installPlugins(PluginManager.java:173)\n\tat org.jenkinsci.test.acceptance.junit.WithPlugins$RuleImpl$1.doInstall(WithPlugins.java:139)\n\tat org.jenkinsci.test.acceptance.junit.WithPlugins$RuleImpl$1.installPlugins(WithPlugins.java:119)\n\tat org.jenkinsci.test.acceptance.junit.WithPlugins$RuleImpl$1.evaluate(WithPlugins.java:91)\n\tat org.jenkinsci.test.acceptance.junit.JenkinsAcceptanceTestRule$1$2$1.evaluate(JenkinsAcceptanceTestRule.java:129)\n\tat org.jenkinsci.test.acceptance.junit.FilterRule$1.evaluate(FilterRule.java:62)\n\tat org.jenkinsci.test.acceptance.junit.JenkinsAcceptanceTestRule$1.evaluate(JenkinsAcceptanceTestRule.java:55)\n\tat org.junit.runners.ParentRunner.runLeaf(ParentRunner.java:271)\n\tat org.junit.runners.BlockJUnit4ClassRunner.runChild(BlockJUnit4ClassRunner.java:70)\n\tat org.junit.runners.BlockJUnit4ClassRunner.runChild(BlockJUnit4ClassRunner.java:50)\n\tat org.junit.runners.ParentRunner$3.run(ParentRunner.java:238)\n\tat org.junit.runners.ParentRunner$1.schedule(ParentRunner.java:63)\n\tat org.junit.runners.ParentRunner.runChildren(ParentRunner.java:236)\n\tat org.junit.runners.ParentRunner.access$000(ParentRunner.java:53)\n\tat org.junit.runners.ParentRunner$2.evaluate(ParentRunner.java:229)\n\tat org.junit.runners.ParentRunner.run(ParentRunner.java:309)\n\tat org.apache.maven.surefire.junit4.JUnit4Provider.execute(JUnit4Provider.java:264)\n\tat org.apache.maven.surefire.junit4.JUnit4Provider.executeTestSet(JUnit4Provider.java:153)\n\tat org.apache.maven.surefire.junit4.JUnit4Provider.invoke(JUnit4Provider.java:124)\n\tat org.apache.maven.surefire.booter.ForkedBooter.invokeProviderInSameClassLoader(ForkedBooter.java:200)\n\tat org.apache.maven.surefire.booter.ForkedBooter.runSuitesInProcess(ForkedBooter.java:153)\n\tat org.apache.maven.surefire.booter.ForkedBooter.main(ForkedBooter.java:103)\n"
   },
   "steps" : {
      "step" : [ ]
   },
   "attachments" : {
      "attachment" : [ ]
   },
   "labels" : {
      "label" : [ {
         "name" : "host",
         "value" : "Abduls-MBP.home"
      }, {
         "name" : "thread",
         "value" : "35251@Abduls-MBP.home.main(1)"
      } ]
   }
}
testCase=ru.yandex.qatools.allure.model.TestCase@52354202[
  _id=23dd81a9-2cd5-408d-ac5f-3a143fa4a9db
  executionId=62229910-35f6-40ea-8439-ec3c3d9421df
  result=ru.yandex.qatools.allure.model.TestCaseResult@740b9a50
]
testCase={
   "_id" : "23dd81a9-2cd5-408d-ac5f-3a143fa4a9db",
   "executionId" : "62229910-35f6-40ea-8439-ec3c3d9421df",
   "result" : {
      "start" : 1443743619709,
      "stop" : 1443743679593,
      "status" : "broken",
      "name" : "should_send_mail_with_expanded_tokens",
      "failure" : {
         "message" : "NoSuchMethodError: org.apache.http.entity.ContentType.create(Ljava/lang/String;[Lorg/apache/http/NameValuePair;)Lorg/apache/http/entity/ContentType;",
         "stack-trace" : "java.lang.NoSuchMethodError: org.apache.http.entity.ContentType.create(Ljava/lang/String;[Lorg/apache/http/NameValuePair;)Lorg/apache/http/entity/ContentType;\n\tat org.apache.http.entity.mime.MultipartEntityBuilder.buildEntity(MultipartEntityBuilder.java:209)\n\tat org.apache.http.entity.mime.MultipartEntityBuilder.build(MultipartEntityBuilder.java:230)\n\tat org.jenkinsci.test.acceptance.update_center.PluginMetadata.uploadTo(PluginMetadata.java:65)\n\tat org.jenkinsci.test.acceptance.po.PluginManager.installPlugins(PluginManager.java:173)\n\tat org.jenkinsci.test.acceptance.junit.WithPlugins$RuleImpl$1.doInstall(WithPlugins.java:139)\n\tat org.jenkinsci.test.acceptance.junit.WithPlugins$RuleImpl$1.installPlugins(WithPlugins.java:119)\n\tat org.jenkinsci.test.acceptance.junit.WithPlugins$RuleImpl$1.evaluate(WithPlugins.java:91)\n\tat org.jenkinsci.test.acceptance.junit.JenkinsAcceptanceTestRule$1$2$1.evaluate(JenkinsAcceptanceTestRule.java:129)\n\tat org.jenkinsci.test.acceptance.junit.FilterRule$1.evaluate(FilterRule.java:62)\n\tat org.jenkinsci.test.acceptance.junit.JenkinsAcceptanceTestRule$1.evaluate(JenkinsAcceptanceTestRule.java:55)\n\tat org.junit.runners.ParentRunner.runLeaf(ParentRunner.java:271)\n\tat org.junit.runners.BlockJUnit4ClassRunner.runChild(BlockJUnit4ClassRunner.java:70)\n\tat org.junit.runners.BlockJUnit4ClassRunner.runChild(BlockJUnit4ClassRunner.java:50)\n\tat org.junit.runners.ParentRunner$3.run(ParentRunner.java:238)\n\tat org.junit.runners.ParentRunner$1.schedule(ParentRunner.java:63)\n\tat org.junit.runners.ParentRunner.runChildren(ParentRunner.java:236)\n\tat org.junit.runners.ParentRunner.access$000(ParentRunner.java:53)\n\tat org.junit.runners.ParentRunner$2.evaluate(ParentRunner.java:229)\n\tat org.junit.runners.ParentRunner.run(ParentRunner.java:309)\n\tat org.apache.maven.surefire.junit4.JUnit4Provider.execute(JUnit4Provider.java:264)\n\tat org.apache.maven.surefire.junit4.JUnit4Provider.executeTestSet(JUnit4Provider.java:153)\n\tat org.apache.maven.surefire.junit4.JUnit4Provider.invoke(JUnit4Provider.java:124)\n\tat org.apache.maven.surefire.booter.ForkedBooter.invokeProviderInSameClassLoader(ForkedBooter.java:200)\n\tat org.apache.maven.surefire.booter.ForkedBooter.runSuitesInProcess(ForkedBooter.java:153)\n\tat org.apache.maven.surefire.booter.ForkedBooter.main(ForkedBooter.java:103)\n"
      },
      "steps" : {
         "step" : [ ]
      },
      "attachments" : {
         "attachment" : [ ]
      },
      "labels" : {
         "label" : [ {
            "name" : "host",
            "value" : "Abduls-MBP.home"
         }, {
            "name" : "thread",
            "value" : "35251@Abduls-MBP.home.main(1)"
         } ]
      }
   }
}
>>>REQUEST: /testdb/TestCase
[WARN] [10/01/2015 19:54:39.610] [default-akka.actor.default-dispatcher-65] [ActorSystem(default)] Illegal response header: Illegal 'etag' header: Invalid input '5', expected 'W' or '"' (line 1, column 1): 560dc7bffbeaf7a200c9bf31
^
<<<RESPONSE (201 Created): /testdb/TestCase
running with given plugins: []
=== Starting should_retrieve_results_from_maven_job(plugins.CheckStylePluginTest)
Starting Jenkins: JAVA_HOME=/Library/Java/JavaVirtualMachines/jdk1.8.0_60.jdk/Contents/Home JENKINS_HOME=/Users/abduljewel/Documents/c/spiderqa/sample-test-projects/acceptance-test-harness/target/jenkins6316266863035180107home /Library/Java/JavaVirtualMachines/jdk1.8.0_60.jdk/Contents/Home/bin/java -Duser.language=en -jar ./jenkins.war --ajp13Port=-1 --httpPort=52935
master52935|Running from: /Users/abduljewel/Documents/c/spiderqa/sample-test-projects/acceptance-test-harness/jenkins.war
master52935|webroot: EnvVars.masterEnvVars.get("JENKINS_HOME")
master52935|Oct 01, 2015 7:54:40 PM winstone.Logger logInternal
master52935|INFO: Beginning extraction from war file
master52935|Oct 01, 2015 7:54:45 PM org.eclipse.jetty.util.log.JavaUtilLog info
master52935|INFO: jetty-winstone-2.8
master52935|Oct 01, 2015 7:54:49 PM org.eclipse.jetty.util.log.JavaUtilLog info
master52935|INFO: NO JSP Support for , did not find org.apache.jasper.servlet.JspServlet
master52935|Jenkins home directory: /Users/abduljewel/Documents/c/spiderqa/sample-test-projects/acceptance-test-harness/target/jenkins6316266863035180107home found at: EnvVars.masterEnvVars.get("JENKINS_HOME")
master52935|Oct 01, 2015 7:54:51 PM org.eclipse.jetty.util.log.JavaUtilLog info
master52935|INFO: Started SelectChannelConnector@0.0.0.0:52935
master52935|Oct 01, 2015 7:54:51 PM winstone.Logger logInternal
master52935|INFO: Winstone Servlet Engine v2.0 running: controlPort=disabled
master52935|Oct 01, 2015 7:54:52 PM jenkins.InitReactorRunner$1 onAttained
master52935|INFO: Started initialization
master52935|Oct 01, 2015 7:55:22 PM jenkins.InitReactorRunner$1 onAttained
master52935|INFO: Listed all plugins
master52935|Oct 01, 2015 7:55:22 PM jenkins.InitReactorRunner$1 onAttained
master52935|INFO: Prepared all plugins
master52935|Oct 01, 2015 7:55:22 PM jenkins.InitReactorRunner$1 onAttained
master52935|INFO: Started all plugins
master52935|Oct 01, 2015 7:55:22 PM jenkins.InitReactorRunner$1 onAttained
master52935|INFO: Augmented all extensions
master52935|Oct 01, 2015 7:55:27 PM jenkins.InitReactorRunner$1 onAttained
master52935|INFO: Loaded all jobs
master52935|Oct 01, 2015 7:55:32 PM hudson.model.AsyncPeriodicWork$1 run
master52935|INFO: Started Download metadata
master52935|Oct 01, 2015 7:55:32 PM org.jenkinsci.main.modules.sshd.SSHD start
master52935|INFO: Started SSHD at port 53669
master52935|Oct 01, 2015 7:55:32 PM jenkins.InitReactorRunner$1 onAttained
master52935|INFO: Completed initialization
master52935|Oct 01, 2015 7:55:32 PM hudson.UDPBroadcastThread run
master52935|WARNING: UDP handling problem
master52935|java.net.SocketException: Can't assign requested address
master52935|	at java.net.PlainDatagramSocketImpl.join(Native Method)
master52935|	at java.net.AbstractPlainDatagramSocketImpl.join(AbstractPlainDatagramSocketImpl.java:179)
master52935|	at java.net.MulticastSocket.joinGroup(MulticastSocket.java:323)
master52935|	at hudson.UDPBroadcastThread.run(UDPBroadcastThread.java:77)
master52935|
master52935|Oct 01, 2015 7:55:32 PM hudson.WebAppMain$3 run
master52935|INFO: Jenkins is fully up and running
master52935|Oct 01, 2015 7:55:35 PM hudson.model.UpdateSite updateData
master52935|INFO: Obtained the latest update center data file for UpdateSource default
master52935|Oct 01, 2015 7:55:35 PM hudson.model.DownloadService$Downloadable load
master52935|INFO: Obtained the updated data file for hudson.tasks.Maven.MavenInstaller
master52935|Oct 01, 2015 7:55:35 PM hudson.model.DownloadService$Downloadable load
master52935|INFO: Obtained the updated data file for hudson.tasks.Ant.AntInstaller
master52935|Oct 01, 2015 7:55:36 PM hudson.model.DownloadService$Downloadable load
master52935|INFO: Obtained the updated data file for hudson.tools.JDKInstaller
master52935|Oct 01, 2015 7:55:36 PM hudson.model.AsyncPeriodicWork$1 run
master52935|INFO: Finished Download metadata. 4,721 ms
Jenkins is stopped
]]></system-out>
    <system-err><![CDATA[Oct 01, 2015 7:54:39 PM org.jenkinsci.test.acceptance.controller.LocalController startNow
INFO: Waiting for Jenkins to become running in http://127.0.0.1:52935/
Oct 01, 2015 7:55:32 PM org.jenkinsci.test.acceptance.controller.LocalController startNow
INFO: Jenkins is running in http://127.0.0.1:52935/
Oct 01, 2015 7:55:38 PM org.jenkinsci.test.acceptance.po.PluginManager installationStatus
INFO: checkstyle is not installed
Oct 01, 2015 7:55:38 PM org.jenkinsci.test.acceptance.po.PluginManager installationStatus
INFO: checkstyle is not installed
Oct 01, 2015 7:55:40 PM org.jenkinsci.test.acceptance.po.PluginManager installationStatus
INFO: script-security has version 1.13 but 1.15 was requested
]]></system-err>
  </testcase>
  <testcase name="should_have_trend_graph_with_relative_links" classname="plugins.CheckStylePluginTest" time="62.189">
    <error message="org.apache.http.entity.ContentType.create(Ljava/lang/String;[Lorg/apache/http/NameValuePair;)Lorg/apache/http/entity/ContentType;" type="java.lang.NoSuchMethodError">java.lang.NoSuchMethodError: org.apache.http.entity.ContentType.create(Ljava/lang/String;[Lorg/apache/http/NameValuePair;)Lorg/apache/http/entity/ContentType;
	at org.apache.http.entity.mime.MultipartEntityBuilder.buildEntity(MultipartEntityBuilder.java:209)
	at org.apache.http.entity.mime.MultipartEntityBuilder.build(MultipartEntityBuilder.java:230)
	at org.jenkinsci.test.acceptance.update_center.PluginMetadata.uploadTo(PluginMetadata.java:65)
	at org.jenkinsci.test.acceptance.po.PluginManager.installPlugins(PluginManager.java:173)
	at org.jenkinsci.test.acceptance.junit.WithPlugins$RuleImpl$1.doInstall(WithPlugins.java:139)
	at org.jenkinsci.test.acceptance.junit.WithPlugins$RuleImpl$1.installPlugins(WithPlugins.java:119)
	at org.jenkinsci.test.acceptance.junit.WithPlugins$RuleImpl$1.evaluate(WithPlugins.java:92)
	at org.jenkinsci.test.acceptance.junit.JenkinsAcceptanceTestRule$1$2$1.evaluate(JenkinsAcceptanceTestRule.java:129)
	at org.jenkinsci.test.acceptance.junit.FilterRule$1.evaluate(FilterRule.java:62)
	at org.jenkinsci.test.acceptance.junit.JenkinsAcceptanceTestRule$1.evaluate(JenkinsAcceptanceTestRule.java:55)
	at org.junit.runners.ParentRunner.runLeaf(ParentRunner.java:271)
	at org.junit.runners.BlockJUnit4ClassRunner.runChild(BlockJUnit4ClassRunner.java:70)
	at org.junit.runners.BlockJUnit4ClassRunner.runChild(BlockJUnit4ClassRunner.java:50)
	at org.junit.runners.ParentRunner$3.run(ParentRunner.java:238)
	at org.junit.runners.ParentRunner$1.schedule(ParentRunner.java:63)
	at org.junit.runners.ParentRunner.runChildren(ParentRunner.java:236)
	at org.junit.runners.ParentRunner.access$000(ParentRunner.java:53)
	at org.junit.runners.ParentRunner$2.evaluate(ParentRunner.java:229)
	at org.junit.runners.ParentRunner.run(ParentRunner.java:309)
	at org.apache.maven.surefire.junit4.JUnit4Provider.execute(JUnit4Provider.java:264)
	at org.apache.maven.surefire.junit4.JUnit4Provider.executeTestSet(JUnit4Provider.java:153)
	at org.apache.maven.surefire.junit4.JUnit4Provider.invoke(JUnit4Provider.java:124)
	at org.apache.maven.surefire.booter.ForkedBooter.invokeProviderInSameClassLoader(ForkedBooter.java:200)
	at org.apache.maven.surefire.booter.ForkedBooter.runSuitesInProcess(ForkedBooter.java:153)
	at org.apache.maven.surefire.booter.ForkedBooter.main(ForkedBooter.java:103)
</error>
    <system-out><![CDATA[testCaseResult=ru.yandex.qatools.allure.model.TestCaseResult@4f3356c0[
  name=should_retrieve_results_from_maven_job
  title=<null>
  description=<null>
  failure=ru.yandex.qatools.allure.model.Failure@586cc15d
  start=1443743679626
  stop=1443743740948
  status=BROKEN
  severity=<null>
  steps=[]
  attachments=[]
  labels=[ru.yandex.qatools.allure.model.Label@6c835217, ru.yandex.qatools.allure.model.Label@4584304]
  parameters=<null>
]
testCaseResult={
   "start" : 1443743679626,
   "stop" : 1443743740948,
   "status" : "broken",
   "name" : "should_retrieve_results_from_maven_job",
   "failure" : {
      "message" : "NoSuchMethodError: org.apache.http.entity.ContentType.create(Ljava/lang/String;[Lorg/apache/http/NameValuePair;)Lorg/apache/http/entity/ContentType;",
      "stack-trace" : "java.lang.NoSuchMethodError: org.apache.http.entity.ContentType.create(Ljava/lang/String;[Lorg/apache/http/NameValuePair;)Lorg/apache/http/entity/ContentType;\n\tat org.apache.http.entity.mime.MultipartEntityBuilder.buildEntity(MultipartEntityBuilder.java:209)\n\tat org.apache.http.entity.mime.MultipartEntityBuilder.build(MultipartEntityBuilder.java:230)\n\tat org.jenkinsci.test.acceptance.update_center.PluginMetadata.uploadTo(PluginMetadata.java:65)\n\tat org.jenkinsci.test.acceptance.po.PluginManager.installPlugins(PluginManager.java:173)\n\tat org.jenkinsci.test.acceptance.junit.WithPlugins$RuleImpl$1.doInstall(WithPlugins.java:139)\n\tat org.jenkinsci.test.acceptance.junit.WithPlugins$RuleImpl$1.installPlugins(WithPlugins.java:119)\n\tat org.jenkinsci.test.acceptance.junit.WithPlugins$RuleImpl$1.evaluate(WithPlugins.java:92)\n\tat org.jenkinsci.test.acceptance.junit.JenkinsAcceptanceTestRule$1$2$1.evaluate(JenkinsAcceptanceTestRule.java:129)\n\tat org.jenkinsci.test.acceptance.junit.FilterRule$1.evaluate(FilterRule.java:62)\n\tat org.jenkinsci.test.acceptance.junit.JenkinsAcceptanceTestRule$1.evaluate(JenkinsAcceptanceTestRule.java:55)\n\tat org.junit.runners.ParentRunner.runLeaf(ParentRunner.java:271)\n\tat org.junit.runners.BlockJUnit4ClassRunner.runChild(BlockJUnit4ClassRunner.java:70)\n\tat org.junit.runners.BlockJUnit4ClassRunner.runChild(BlockJUnit4ClassRunner.java:50)\n\tat org.junit.runners.ParentRunner$3.run(ParentRunner.java:238)\n\tat org.junit.runners.ParentRunner$1.schedule(ParentRunner.java:63)\n\tat org.junit.runners.ParentRunner.runChildren(ParentRunner.java:236)\n\tat org.junit.runners.ParentRunner.access$000(ParentRunner.java:53)\n\tat org.junit.runners.ParentRunner$2.evaluate(ParentRunner.java:229)\n\tat org.junit.runners.ParentRunner.run(ParentRunner.java:309)\n\tat org.apache.maven.surefire.junit4.JUnit4Provider.execute(JUnit4Provider.java:264)\n\tat org.apache.maven.surefire.junit4.JUnit4Provider.executeTestSet(JUnit4Provider.java:153)\n\tat org.apache.maven.surefire.junit4.JUnit4Provider.invoke(JUnit4Provider.java:124)\n\tat org.apache.maven.surefire.booter.ForkedBooter.invokeProviderInSameClassLoader(ForkedBooter.java:200)\n\tat org.apache.maven.surefire.booter.ForkedBooter.runSuitesInProcess(ForkedBooter.java:153)\n\tat org.apache.maven.surefire.booter.ForkedBooter.main(ForkedBooter.java:103)\n"
   },
   "steps" : {
      "step" : [ ]
   },
   "attachments" : {
      "attachment" : [ ]
   },
   "labels" : {
      "label" : [ {
         "name" : "host",
         "value" : "Abduls-MBP.home"
      }, {
         "name" : "thread",
         "value" : "35251@Abduls-MBP.home.main(1)"
      } ]
   }
}
testCase=ru.yandex.qatools.allure.model.TestCase@51888019[
  _id=c29a8fd2-f8c4-4774-a6fd-fdf2162beb6f
  executionId=62229910-35f6-40ea-8439-ec3c3d9421df
  result=ru.yandex.qatools.allure.model.TestCaseResult@4f3356c0
]
testCase={
   "_id" : "c29a8fd2-f8c4-4774-a6fd-fdf2162beb6f",
   "executionId" : "62229910-35f6-40ea-8439-ec3c3d9421df",
   "result" : {
      "start" : 1443743679626,
      "stop" : 1443743740948,
      "status" : "broken",
      "name" : "should_retrieve_results_from_maven_job",
      "failure" : {
         "message" : "NoSuchMethodError: org.apache.http.entity.ContentType.create(Ljava/lang/String;[Lorg/apache/http/NameValuePair;)Lorg/apache/http/entity/ContentType;",
         "stack-trace" : "java.lang.NoSuchMethodError: org.apache.http.entity.ContentType.create(Ljava/lang/String;[Lorg/apache/http/NameValuePair;)Lorg/apache/http/entity/ContentType;\n\tat org.apache.http.entity.mime.MultipartEntityBuilder.buildEntity(MultipartEntityBuilder.java:209)\n\tat org.apache.http.entity.mime.MultipartEntityBuilder.build(MultipartEntityBuilder.java:230)\n\tat org.jenkinsci.test.acceptance.update_center.PluginMetadata.uploadTo(PluginMetadata.java:65)\n\tat org.jenkinsci.test.acceptance.po.PluginManager.installPlugins(PluginManager.java:173)\n\tat org.jenkinsci.test.acceptance.junit.WithPlugins$RuleImpl$1.doInstall(WithPlugins.java:139)\n\tat org.jenkinsci.test.acceptance.junit.WithPlugins$RuleImpl$1.installPlugins(WithPlugins.java:119)\n\tat org.jenkinsci.test.acceptance.junit.WithPlugins$RuleImpl$1.evaluate(WithPlugins.java:92)\n\tat org.jenkinsci.test.acceptance.junit.JenkinsAcceptanceTestRule$1$2$1.evaluate(JenkinsAcceptanceTestRule.java:129)\n\tat org.jenkinsci.test.acceptance.junit.FilterRule$1.evaluate(FilterRule.java:62)\n\tat org.jenkinsci.test.acceptance.junit.JenkinsAcceptanceTestRule$1.evaluate(JenkinsAcceptanceTestRule.java:55)\n\tat org.junit.runners.ParentRunner.runLeaf(ParentRunner.java:271)\n\tat org.junit.runners.BlockJUnit4ClassRunner.runChild(BlockJUnit4ClassRunner.java:70)\n\tat org.junit.runners.BlockJUnit4ClassRunner.runChild(BlockJUnit4ClassRunner.java:50)\n\tat org.junit.runners.ParentRunner$3.run(ParentRunner.java:238)\n\tat org.junit.runners.ParentRunner$1.schedule(ParentRunner.java:63)\n\tat org.junit.runners.ParentRunner.runChildren(ParentRunner.java:236)\n\tat org.junit.runners.ParentRunner.access$000(ParentRunner.java:53)\n\tat org.junit.runners.ParentRunner$2.evaluate(ParentRunner.java:229)\n\tat org.junit.runners.ParentRunner.run(ParentRunner.java:309)\n\tat org.apache.maven.surefire.junit4.JUnit4Provider.execute(JUnit4Provider.java:264)\n\tat org.apache.maven.surefire.junit4.JUnit4Provider.executeTestSet(JUnit4Provider.java:153)\n\tat org.apache.maven.surefire.junit4.JUnit4Provider.invoke(JUnit4Provider.java:124)\n\tat org.apache.maven.surefire.booter.ForkedBooter.invokeProviderInSameClassLoader(ForkedBooter.java:200)\n\tat org.apache.maven.surefire.booter.ForkedBooter.runSuitesInProcess(ForkedBooter.java:153)\n\tat org.apache.maven.surefire.booter.ForkedBooter.main(ForkedBooter.java:103)\n"
      },
      "steps" : {
         "step" : [ ]
      },
      "attachments" : {
         "attachment" : [ ]
      },
      "labels" : {
         "label" : [ {
            "name" : "host",
            "value" : "Abduls-MBP.home"
         }, {
            "name" : "thread",
            "value" : "35251@Abduls-MBP.home.main(1)"
         } ]
      }
   }
}
>>>REQUEST: /testdb/TestCase
[WARN] [10/01/2015 19:55:40.967] [default-akka.actor.default-dispatcher-59] [ActorSystem(default)] Illegal response header: Illegal 'etag' header: Invalid input '5', expected 'W' or '"' (line 1, column 1): 560dc7fcfbeaf7a200c9bf3d
^
<<<RESPONSE (201 Created): /testdb/TestCase
running with given plugins: []
=== Starting should_have_trend_graph_with_relative_links(plugins.CheckStylePluginTest)
Starting Jenkins: JAVA_HOME=/Library/Java/JavaVirtualMachines/jdk1.8.0_60.jdk/Contents/Home JENKINS_HOME=/Users/abduljewel/Documents/c/spiderqa/sample-test-projects/acceptance-test-harness/target/jenkins4997349880709669126home /Library/Java/JavaVirtualMachines/jdk1.8.0_60.jdk/Contents/Home/bin/java -Duser.language=en -jar ./jenkins.war --ajp13Port=-1 --httpPort=52557
master52557|Running from: /Users/abduljewel/Documents/c/spiderqa/sample-test-projects/acceptance-test-harness/jenkins.war
master52557|webroot: EnvVars.masterEnvVars.get("JENKINS_HOME")
master52557|Oct 01, 2015 7:55:41 PM winstone.Logger logInternal
master52557|INFO: Beginning extraction from war file
master52557|Oct 01, 2015 7:55:45 PM org.eclipse.jetty.util.log.JavaUtilLog info
master52557|INFO: jetty-winstone-2.8
master52557|Oct 01, 2015 7:55:48 PM org.eclipse.jetty.util.log.JavaUtilLog info
master52557|INFO: NO JSP Support for , did not find org.apache.jasper.servlet.JspServlet
master52557|Jenkins home directory: /Users/abduljewel/Documents/c/spiderqa/sample-test-projects/acceptance-test-harness/target/jenkins4997349880709669126home found at: EnvVars.masterEnvVars.get("JENKINS_HOME")
master52557|Oct 01, 2015 7:55:51 PM org.eclipse.jetty.util.log.JavaUtilLog info
master52557|INFO: Started SelectChannelConnector@0.0.0.0:52557
master52557|Oct 01, 2015 7:55:51 PM winstone.Logger logInternal
master52557|INFO: Winstone Servlet Engine v2.0 running: controlPort=disabled
master52557|Oct 01, 2015 7:55:51 PM jenkins.InitReactorRunner$1 onAttained
master52557|INFO: Started initialization
master52557|Oct 01, 2015 7:56:22 PM jenkins.InitReactorRunner$1 onAttained
master52557|INFO: Listed all plugins
master52557|Oct 01, 2015 7:56:22 PM jenkins.InitReactorRunner$1 onAttained
master52557|INFO: Prepared all plugins
master52557|Oct 01, 2015 7:56:23 PM jenkins.InitReactorRunner$1 onAttained
master52557|INFO: Started all plugins
master52557|Oct 01, 2015 7:56:23 PM jenkins.InitReactorRunner$1 onAttained
master52557|INFO: Augmented all extensions
master52557|Oct 01, 2015 7:56:27 PM jenkins.InitReactorRunner$1 onAttained
master52557|INFO: Loaded all jobs
master52557|Oct 01, 2015 7:56:31 PM hudson.model.AsyncPeriodicWork$1 run
master52557|INFO: Started Download metadata
master52557|Oct 01, 2015 7:56:31 PM org.jenkinsci.main.modules.sshd.SSHD start
master52557|INFO: Started SSHD at port 53924
master52557|Oct 01, 2015 7:56:31 PM jenkins.InitReactorRunner$1 onAttained
master52557|INFO: Completed initialization
master52557|Oct 01, 2015 7:56:31 PM hudson.UDPBroadcastThread run
master52557|WARNING: UDP handling problem
master52557|java.net.SocketException: Can't assign requested address
master52557|	at java.net.PlainDatagramSocketImpl.join(Native Method)
master52557|	at java.net.AbstractPlainDatagramSocketImpl.join(AbstractPlainDatagramSocketImpl.java:179)
master52557|	at java.net.MulticastSocket.joinGroup(MulticastSocket.java:323)
master52557|	at hudson.UDPBroadcastThread.run(UDPBroadcastThread.java:77)
master52557|
master52557|Oct 01, 2015 7:56:31 PM hudson.WebAppMain$3 run
master52557|INFO: Jenkins is fully up and running
master52557|Oct 01, 2015 7:56:34 PM hudson.model.UpdateSite updateData
master52557|INFO: Obtained the latest update center data file for UpdateSource default
master52557|Oct 01, 2015 7:56:35 PM hudson.model.DownloadService$Downloadable load
master52557|INFO: Obtained the updated data file for hudson.tasks.Maven.MavenInstaller
master52557|Oct 01, 2015 7:56:36 PM hudson.model.DownloadService$Downloadable load
master52557|INFO: Obtained the updated data file for hudson.tasks.Ant.AntInstaller
master52557|Oct 01, 2015 7:56:38 PM hudson.model.DownloadService$Downloadable load
master52557|INFO: Obtained the updated data file for hudson.tools.JDKInstaller
master52557|Oct 01, 2015 7:56:38 PM hudson.model.AsyncPeriodicWork$1 run
master52557|INFO: Finished Download metadata. 7,055 ms
Jenkins is stopped
]]></system-out>
    <system-err><![CDATA[Oct 01, 2015 7:55:41 PM org.jenkinsci.test.acceptance.controller.LocalController startNow
INFO: Waiting for Jenkins to become running in http://127.0.0.1:52557/
Oct 01, 2015 7:56:31 PM org.jenkinsci.test.acceptance.controller.LocalController startNow
INFO: Jenkins is running in http://127.0.0.1:52557/
Oct 01, 2015 7:56:40 PM org.jenkinsci.test.acceptance.po.PluginManager installationStatus
INFO: checkstyle is not installed
Oct 01, 2015 7:56:40 PM org.jenkinsci.test.acceptance.po.PluginManager installationStatus
INFO: checkstyle is not installed
Oct 01, 2015 7:56:42 PM org.jenkinsci.test.acceptance.po.PluginManager installationStatus
INFO: script-security has version 1.13 but 1.15 was requested
]]></system-err>
  </testcase>
  <testcase name="should_navigate_to_result_action_from_job" classname="plugins.CheckStylePluginTest" time="59.073">
    <error message="org.apache.http.entity.ContentType.create(Ljava/lang/String;[Lorg/apache/http/NameValuePair;)Lorg/apache/http/entity/ContentType;" type="java.lang.NoSuchMethodError">java.lang.NoSuchMethodError: org.apache.http.entity.ContentType.create(Ljava/lang/String;[Lorg/apache/http/NameValuePair;)Lorg/apache/http/entity/ContentType;
	at org.apache.http.entity.mime.MultipartEntityBuilder.buildEntity(MultipartEntityBuilder.java:209)
	at org.apache.http.entity.mime.MultipartEntityBuilder.build(MultipartEntityBuilder.java:230)
	at org.jenkinsci.test.acceptance.update_center.PluginMetadata.uploadTo(PluginMetadata.java:65)
	at org.jenkinsci.test.acceptance.po.PluginManager.installPlugins(PluginManager.java:173)
	at org.jenkinsci.test.acceptance.junit.WithPlugins$RuleImpl$1.doInstall(WithPlugins.java:139)
	at org.jenkinsci.test.acceptance.junit.WithPlugins$RuleImpl$1.installPlugins(WithPlugins.java:119)
	at org.jenkinsci.test.acceptance.junit.WithPlugins$RuleImpl$1.evaluate(WithPlugins.java:92)
	at org.jenkinsci.test.acceptance.junit.JenkinsAcceptanceTestRule$1$2$1.evaluate(JenkinsAcceptanceTestRule.java:129)
	at org.jenkinsci.test.acceptance.junit.FilterRule$1.evaluate(FilterRule.java:62)
	at org.jenkinsci.test.acceptance.junit.JenkinsAcceptanceTestRule$1.evaluate(JenkinsAcceptanceTestRule.java:55)
	at org.junit.runners.ParentRunner.runLeaf(ParentRunner.java:271)
	at org.junit.runners.BlockJUnit4ClassRunner.runChild(BlockJUnit4ClassRunner.java:70)
	at org.junit.runners.BlockJUnit4ClassRunner.runChild(BlockJUnit4ClassRunner.java:50)
	at org.junit.runners.ParentRunner$3.run(ParentRunner.java:238)
	at org.junit.runners.ParentRunner$1.schedule(ParentRunner.java:63)
	at org.junit.runners.ParentRunner.runChildren(ParentRunner.java:236)
	at org.junit.runners.ParentRunner.access$000(ParentRunner.java:53)
	at org.junit.runners.ParentRunner$2.evaluate(ParentRunner.java:229)
	at org.junit.runners.ParentRunner.run(ParentRunner.java:309)
	at org.apache.maven.surefire.junit4.JUnit4Provider.execute(JUnit4Provider.java:264)
	at org.apache.maven.surefire.junit4.JUnit4Provider.executeTestSet(JUnit4Provider.java:153)
	at org.apache.maven.surefire.junit4.JUnit4Provider.invoke(JUnit4Provider.java:124)
	at org.apache.maven.surefire.booter.ForkedBooter.invokeProviderInSameClassLoader(ForkedBooter.java:200)
	at org.apache.maven.surefire.booter.ForkedBooter.runSuitesInProcess(ForkedBooter.java:153)
	at org.apache.maven.surefire.booter.ForkedBooter.main(ForkedBooter.java:103)
</error>
    <system-out><![CDATA[testCaseResult=ru.yandex.qatools.allure.model.TestCaseResult@530ee28b[
  name=should_have_trend_graph_with_relative_links
  title=<null>
  description=<null>
  failure=ru.yandex.qatools.allure.model.Failure@3a3f96ab
  start=1443743740965
  stop=1443743803153
  status=BROKEN
  severity=<null>
  steps=[]
  attachments=[]
  labels=[ru.yandex.qatools.allure.model.Label@4def7d36, ru.yandex.qatools.allure.model.Label@43c7fe8a]
  parameters=<null>
]
testCaseResult={
   "start" : 1443743740965,
   "stop" : 1443743803153,
   "status" : "broken",
   "name" : "should_have_trend_graph_with_relative_links",
   "failure" : {
      "message" : "NoSuchMethodError: org.apache.http.entity.ContentType.create(Ljava/lang/String;[Lorg/apache/http/NameValuePair;)Lorg/apache/http/entity/ContentType;",
      "stack-trace" : "java.lang.NoSuchMethodError: org.apache.http.entity.ContentType.create(Ljava/lang/String;[Lorg/apache/http/NameValuePair;)Lorg/apache/http/entity/ContentType;\n\tat org.apache.http.entity.mime.MultipartEntityBuilder.buildEntity(MultipartEntityBuilder.java:209)\n\tat org.apache.http.entity.mime.MultipartEntityBuilder.build(MultipartEntityBuilder.java:230)\n\tat org.jenkinsci.test.acceptance.update_center.PluginMetadata.uploadTo(PluginMetadata.java:65)\n\tat org.jenkinsci.test.acceptance.po.PluginManager.installPlugins(PluginManager.java:173)\n\tat org.jenkinsci.test.acceptance.junit.WithPlugins$RuleImpl$1.doInstall(WithPlugins.java:139)\n\tat org.jenkinsci.test.acceptance.junit.WithPlugins$RuleImpl$1.installPlugins(WithPlugins.java:119)\n\tat org.jenkinsci.test.acceptance.junit.WithPlugins$RuleImpl$1.evaluate(WithPlugins.java:92)\n\tat org.jenkinsci.test.acceptance.junit.JenkinsAcceptanceTestRule$1$2$1.evaluate(JenkinsAcceptanceTestRule.java:129)\n\tat org.jenkinsci.test.acceptance.junit.FilterRule$1.evaluate(FilterRule.java:62)\n\tat org.jenkinsci.test.acceptance.junit.JenkinsAcceptanceTestRule$1.evaluate(JenkinsAcceptanceTestRule.java:55)\n\tat org.junit.runners.ParentRunner.runLeaf(ParentRunner.java:271)\n\tat org.junit.runners.BlockJUnit4ClassRunner.runChild(BlockJUnit4ClassRunner.java:70)\n\tat org.junit.runners.BlockJUnit4ClassRunner.runChild(BlockJUnit4ClassRunner.java:50)\n\tat org.junit.runners.ParentRunner$3.run(ParentRunner.java:238)\n\tat org.junit.runners.ParentRunner$1.schedule(ParentRunner.java:63)\n\tat org.junit.runners.ParentRunner.runChildren(ParentRunner.java:236)\n\tat org.junit.runners.ParentRunner.access$000(ParentRunner.java:53)\n\tat org.junit.runners.ParentRunner$2.evaluate(ParentRunner.java:229)\n\tat org.junit.runners.ParentRunner.run(ParentRunner.java:309)\n\tat org.apache.maven.surefire.junit4.JUnit4Provider.execute(JUnit4Provider.java:264)\n\tat org.apache.maven.surefire.junit4.JUnit4Provider.executeTestSet(JUnit4Provider.java:153)\n\tat org.apache.maven.surefire.junit4.JUnit4Provider.invoke(JUnit4Provider.java:124)\n\tat org.apache.maven.surefire.booter.ForkedBooter.invokeProviderInSameClassLoader(ForkedBooter.java:200)\n\tat org.apache.maven.surefire.booter.ForkedBooter.runSuitesInProcess(ForkedBooter.java:153)\n\tat org.apache.maven.surefire.booter.ForkedBooter.main(ForkedBooter.java:103)\n"
   },
   "steps" : {
      "step" : [ ]
   },
   "attachments" : {
      "attachment" : [ ]
   },
   "labels" : {
      "label" : [ {
         "name" : "host",
         "value" : "Abduls-MBP.home"
      }, {
         "name" : "thread",
         "value" : "35251@Abduls-MBP.home.main(1)"
      } ]
   }
}
testCase=ru.yandex.qatools.allure.model.TestCase@67f946c3[
  _id=534c2841-3d12-4cb9-8bd5-b038e0f02e0f
  executionId=62229910-35f6-40ea-8439-ec3c3d9421df
  result=ru.yandex.qatools.allure.model.TestCaseResult@530ee28b
]
testCase={
   "_id" : "534c2841-3d12-4cb9-8bd5-b038e0f02e0f",
   "executionId" : "62229910-35f6-40ea-8439-ec3c3d9421df",
   "result" : {
      "start" : 1443743740965,
      "stop" : 1443743803153,
      "status" : "broken",
      "name" : "should_have_trend_graph_with_relative_links",
      "failure" : {
         "message" : "NoSuchMethodError: org.apache.http.entity.ContentType.create(Ljava/lang/String;[Lorg/apache/http/NameValuePair;)Lorg/apache/http/entity/ContentType;",
         "stack-trace" : "java.lang.NoSuchMethodError: org.apache.http.entity.ContentType.create(Ljava/lang/String;[Lorg/apache/http/NameValuePair;)Lorg/apache/http/entity/ContentType;\n\tat org.apache.http.entity.mime.MultipartEntityBuilder.buildEntity(MultipartEntityBuilder.java:209)\n\tat org.apache.http.entity.mime.MultipartEntityBuilder.build(MultipartEntityBuilder.java:230)\n\tat org.jenkinsci.test.acceptance.update_center.PluginMetadata.uploadTo(PluginMetadata.java:65)\n\tat org.jenkinsci.test.acceptance.po.PluginManager.installPlugins(PluginManager.java:173)\n\tat org.jenkinsci.test.acceptance.junit.WithPlugins$RuleImpl$1.doInstall(WithPlugins.java:139)\n\tat org.jenkinsci.test.acceptance.junit.WithPlugins$RuleImpl$1.installPlugins(WithPlugins.java:119)\n\tat org.jenkinsci.test.acceptance.junit.WithPlugins$RuleImpl$1.evaluate(WithPlugins.java:92)\n\tat org.jenkinsci.test.acceptance.junit.JenkinsAcceptanceTestRule$1$2$1.evaluate(JenkinsAcceptanceTestRule.java:129)\n\tat org.jenkinsci.test.acceptance.junit.FilterRule$1.evaluate(FilterRule.java:62)\n\tat org.jenkinsci.test.acceptance.junit.JenkinsAcceptanceTestRule$1.evaluate(JenkinsAcceptanceTestRule.java:55)\n\tat org.junit.runners.ParentRunner.runLeaf(ParentRunner.java:271)\n\tat org.junit.runners.BlockJUnit4ClassRunner.runChild(BlockJUnit4ClassRunner.java:70)\n\tat org.junit.runners.BlockJUnit4ClassRunner.runChild(BlockJUnit4ClassRunner.java:50)\n\tat org.junit.runners.ParentRunner$3.run(ParentRunner.java:238)\n\tat org.junit.runners.ParentRunner$1.schedule(ParentRunner.java:63)\n\tat org.junit.runners.ParentRunner.runChildren(ParentRunner.java:236)\n\tat org.junit.runners.ParentRunner.access$000(ParentRunner.java:53)\n\tat org.junit.runners.ParentRunner$2.evaluate(ParentRunner.java:229)\n\tat org.junit.runners.ParentRunner.run(ParentRunner.java:309)\n\tat org.apache.maven.surefire.junit4.JUnit4Provider.execute(JUnit4Provider.java:264)\n\tat org.apache.maven.surefire.junit4.JUnit4Provider.executeTestSet(JUnit4Provider.java:153)\n\tat org.apache.maven.surefire.junit4.JUnit4Provider.invoke(JUnit4Provider.java:124)\n\tat org.apache.maven.surefire.booter.ForkedBooter.invokeProviderInSameClassLoader(ForkedBooter.java:200)\n\tat org.apache.maven.surefire.booter.ForkedBooter.runSuitesInProcess(ForkedBooter.java:153)\n\tat org.apache.maven.surefire.booter.ForkedBooter.main(ForkedBooter.java:103)\n"
      },
      "steps" : {
         "step" : [ ]
      },
      "attachments" : {
         "attachment" : [ ]
      },
      "labels" : {
         "label" : [ {
            "name" : "host",
            "value" : "Abduls-MBP.home"
         }, {
            "name" : "thread",
            "value" : "35251@Abduls-MBP.home.main(1)"
         } ]
      }
   }
}
>>>REQUEST: /testdb/TestCase
[WARN] [10/01/2015 19:56:43.171] [default-akka.actor.default-dispatcher-78] [ActorSystem(default)] Illegal response header: Illegal 'etag' header: Invalid input '5', expected 'W' or '"' (line 1, column 1): 560dc83bfbeaf7a200c9bf5f
^
<<<RESPONSE (201 Created): /testdb/TestCase
running with given plugins: []
=== Starting should_navigate_to_result_action_from_job(plugins.CheckStylePluginTest)
Starting Jenkins: JAVA_HOME=/Library/Java/JavaVirtualMachines/jdk1.8.0_60.jdk/Contents/Home JENKINS_HOME=/Users/abduljewel/Documents/c/spiderqa/sample-test-projects/acceptance-test-harness/target/jenkins4578865413391439559home /Library/Java/JavaVirtualMachines/jdk1.8.0_60.jdk/Contents/Home/bin/java -Duser.language=en -jar ./jenkins.war --ajp13Port=-1 --httpPort=60174
master60174|Running from: /Users/abduljewel/Documents/c/spiderqa/sample-test-projects/acceptance-test-harness/jenkins.war
master60174|webroot: EnvVars.masterEnvVars.get("JENKINS_HOME")
master60174|Oct 01, 2015 7:56:43 PM winstone.Logger logInternal
master60174|INFO: Beginning extraction from war file
master60174|Oct 01, 2015 7:56:47 PM org.eclipse.jetty.util.log.JavaUtilLog info
master60174|INFO: jetty-winstone-2.8
master60174|Oct 01, 2015 7:56:50 PM org.eclipse.jetty.util.log.JavaUtilLog info
master60174|INFO: NO JSP Support for , did not find org.apache.jasper.servlet.JspServlet
master60174|Jenkins home directory: /Users/abduljewel/Documents/c/spiderqa/sample-test-projects/acceptance-test-harness/target/jenkins4578865413391439559home found at: EnvVars.masterEnvVars.get("JENKINS_HOME")
master60174|Oct 01, 2015 7:56:53 PM org.eclipse.jetty.util.log.JavaUtilLog info
master60174|INFO: Started SelectChannelConnector@0.0.0.0:60174
master60174|Oct 01, 2015 7:56:53 PM winstone.Logger logInternal
master60174|INFO: Winstone Servlet Engine v2.0 running: controlPort=disabled
master60174|Oct 01, 2015 7:56:53 PM jenkins.InitReactorRunner$1 onAttained
master60174|INFO: Started initialization
master60174|Oct 01, 2015 7:57:21 PM jenkins.InitReactorRunner$1 onAttained
master60174|INFO: Listed all plugins
master60174|Oct 01, 2015 7:57:21 PM jenkins.InitReactorRunner$1 onAttained
master60174|INFO: Prepared all plugins
master60174|Oct 01, 2015 7:57:21 PM jenkins.InitReactorRunner$1 onAttained
master60174|INFO: Started all plugins
master60174|Oct 01, 2015 7:57:21 PM jenkins.InitReactorRunner$1 onAttained
master60174|INFO: Augmented all extensions
master60174|Oct 01, 2015 7:57:25 PM jenkins.InitReactorRunner$1 onAttained
master60174|INFO: Loaded all jobs
master60174|Oct 01, 2015 7:57:29 PM hudson.model.AsyncPeriodicWork$1 run
master60174|INFO: Started Download metadata
master60174|Oct 01, 2015 7:57:29 PM org.jenkinsci.main.modules.sshd.SSHD start
master60174|INFO: Started SSHD at port 54439
master60174|Oct 01, 2015 7:57:29 PM jenkins.InitReactorRunner$1 onAttained
master60174|INFO: Completed initialization
master60174|Oct 01, 2015 7:57:29 PM hudson.UDPBroadcastThread run
master60174|WARNING: UDP handling problem
master60174|java.net.SocketException: Can't assign requested address
master60174|	at java.net.PlainDatagramSocketImpl.join(Native Method)
master60174|	at java.net.AbstractPlainDatagramSocketImpl.join(AbstractPlainDatagramSocketImpl.java:179)
master60174|	at java.net.MulticastSocket.joinGroup(MulticastSocket.java:323)
master60174|	at hudson.UDPBroadcastThread.run(UDPBroadcastThread.java:77)
master60174|
master60174|Oct 01, 2015 7:57:29 PM hudson.WebAppMain$3 run
master60174|INFO: Jenkins is fully up and running
master60174|Oct 01, 2015 7:57:32 PM hudson.model.UpdateSite updateData
master60174|INFO: Obtained the latest update center data file for UpdateSource default
master60174|Oct 01, 2015 7:57:33 PM hudson.model.DownloadService$Downloadable load
master60174|INFO: Obtained the updated data file for hudson.tasks.Maven.MavenInstaller
master60174|Oct 01, 2015 7:57:34 PM hudson.model.DownloadService$Downloadable load
master60174|INFO: Obtained the updated data file for hudson.tasks.Ant.AntInstaller
master60174|Oct 01, 2015 7:57:36 PM hudson.model.DownloadService$Downloadable load
master60174|INFO: Obtained the updated data file for hudson.tools.JDKInstaller
master60174|Oct 01, 2015 7:57:36 PM hudson.model.AsyncPeriodicWork$1 run
master60174|INFO: Finished Download metadata. 7,025 ms
Jenkins is stopped
]]></system-out>
    <system-err><![CDATA[Oct 01, 2015 7:56:43 PM org.jenkinsci.test.acceptance.controller.LocalController startNow
INFO: Waiting for Jenkins to become running in http://127.0.0.1:60174/
Oct 01, 2015 7:57:29 PM org.jenkinsci.test.acceptance.controller.LocalController startNow
INFO: Jenkins is running in http://127.0.0.1:60174/
Oct 01, 2015 7:57:39 PM org.jenkinsci.test.acceptance.po.PluginManager installationStatus
INFO: checkstyle is not installed
Oct 01, 2015 7:57:39 PM org.jenkinsci.test.acceptance.po.PluginManager installationStatus
INFO: checkstyle is not installed
Oct 01, 2015 7:57:41 PM org.jenkinsci.test.acceptance.po.PluginManager installationStatus
INFO: script-security has version 1.13 but 1.15 was requested
]]></system-err>
  </testcase>
  <testcase name="should_show_build_health" classname="plugins.CheckStylePluginTest" time="57.48">
    <error message="org.apache.http.entity.ContentType.create(Ljava/lang/String;[Lorg/apache/http/NameValuePair;)Lorg/apache/http/entity/ContentType;" type="java.lang.NoSuchMethodError">java.lang.NoSuchMethodError: org.apache.http.entity.ContentType.create(Ljava/lang/String;[Lorg/apache/http/NameValuePair;)Lorg/apache/http/entity/ContentType;
	at org.apache.http.entity.mime.MultipartEntityBuilder.buildEntity(MultipartEntityBuilder.java:209)
	at org.apache.http.entity.mime.MultipartEntityBuilder.build(MultipartEntityBuilder.java:230)
	at org.jenkinsci.test.acceptance.update_center.PluginMetadata.uploadTo(PluginMetadata.java:65)
	at org.jenkinsci.test.acceptance.po.PluginManager.installPlugins(PluginManager.java:173)
	at org.jenkinsci.test.acceptance.junit.WithPlugins$RuleImpl$1.doInstall(WithPlugins.java:139)
	at org.jenkinsci.test.acceptance.junit.WithPlugins$RuleImpl$1.installPlugins(WithPlugins.java:119)
	at org.jenkinsci.test.acceptance.junit.WithPlugins$RuleImpl$1.evaluate(WithPlugins.java:92)
	at org.jenkinsci.test.acceptance.junit.JenkinsAcceptanceTestRule$1$2$1.evaluate(JenkinsAcceptanceTestRule.java:129)
	at org.jenkinsci.test.acceptance.junit.FilterRule$1.evaluate(FilterRule.java:62)
	at org.jenkinsci.test.acceptance.junit.JenkinsAcceptanceTestRule$1.evaluate(JenkinsAcceptanceTestRule.java:55)
	at org.junit.runners.ParentRunner.runLeaf(ParentRunner.java:271)
	at org.junit.runners.BlockJUnit4ClassRunner.runChild(BlockJUnit4ClassRunner.java:70)
	at org.junit.runners.BlockJUnit4ClassRunner.runChild(BlockJUnit4ClassRunner.java:50)
	at org.junit.runners.ParentRunner$3.run(ParentRunner.java:238)
	at org.junit.runners.ParentRunner$1.schedule(ParentRunner.java:63)
	at org.junit.runners.ParentRunner.runChildren(ParentRunner.java:236)
	at org.junit.runners.ParentRunner.access$000(ParentRunner.java:53)
	at org.junit.runners.ParentRunner$2.evaluate(ParentRunner.java:229)
	at org.junit.runners.ParentRunner.run(ParentRunner.java:309)
	at org.apache.maven.surefire.junit4.JUnit4Provider.execute(JUnit4Provider.java:264)
	at org.apache.maven.surefire.junit4.JUnit4Provider.executeTestSet(JUnit4Provider.java:153)
	at org.apache.maven.surefire.junit4.JUnit4Provider.invoke(JUnit4Provider.java:124)
	at org.apache.maven.surefire.booter.ForkedBooter.invokeProviderInSameClassLoader(ForkedBooter.java:200)
	at org.apache.maven.surefire.booter.ForkedBooter.runSuitesInProcess(ForkedBooter.java:153)
	at org.apache.maven.surefire.booter.ForkedBooter.main(ForkedBooter.java:103)
</error>
    <system-out><![CDATA[testCaseResult=ru.yandex.qatools.allure.model.TestCaseResult@62f9c790[
  name=should_navigate_to_result_action_from_job
  title=<null>
  description=<null>
  failure=ru.yandex.qatools.allure.model.Failure@21e5f0b6
  start=1443743803167
  stop=1443743862248
  status=BROKEN
  severity=<null>
  steps=[]
  attachments=[]
  labels=[ru.yandex.qatools.allure.model.Label@93bf0e0, ru.yandex.qatools.allure.model.Label@4981d95b]
  parameters=<null>
]
testCaseResult={
   "start" : 1443743803167,
   "stop" : 1443743862248,
   "status" : "broken",
   "name" : "should_navigate_to_result_action_from_job",
   "failure" : {
      "message" : "NoSuchMethodError: org.apache.http.entity.ContentType.create(Ljava/lang/String;[Lorg/apache/http/NameValuePair;)Lorg/apache/http/entity/ContentType;",
      "stack-trace" : "java.lang.NoSuchMethodError: org.apache.http.entity.ContentType.create(Ljava/lang/String;[Lorg/apache/http/NameValuePair;)Lorg/apache/http/entity/ContentType;\n\tat org.apache.http.entity.mime.MultipartEntityBuilder.buildEntity(MultipartEntityBuilder.java:209)\n\tat org.apache.http.entity.mime.MultipartEntityBuilder.build(MultipartEntityBuilder.java:230)\n\tat org.jenkinsci.test.acceptance.update_center.PluginMetadata.uploadTo(PluginMetadata.java:65)\n\tat org.jenkinsci.test.acceptance.po.PluginManager.installPlugins(PluginManager.java:173)\n\tat org.jenkinsci.test.acceptance.junit.WithPlugins$RuleImpl$1.doInstall(WithPlugins.java:139)\n\tat org.jenkinsci.test.acceptance.junit.WithPlugins$RuleImpl$1.installPlugins(WithPlugins.java:119)\n\tat org.jenkinsci.test.acceptance.junit.WithPlugins$RuleImpl$1.evaluate(WithPlugins.java:92)\n\tat org.jenkinsci.test.acceptance.junit.JenkinsAcceptanceTestRule$1$2$1.evaluate(JenkinsAcceptanceTestRule.java:129)\n\tat org.jenkinsci.test.acceptance.junit.FilterRule$1.evaluate(FilterRule.java:62)\n\tat org.jenkinsci.test.acceptance.junit.JenkinsAcceptanceTestRule$1.evaluate(JenkinsAcceptanceTestRule.java:55)\n\tat org.junit.runners.ParentRunner.runLeaf(ParentRunner.java:271)\n\tat org.junit.runners.BlockJUnit4ClassRunner.runChild(BlockJUnit4ClassRunner.java:70)\n\tat org.junit.runners.BlockJUnit4ClassRunner.runChild(BlockJUnit4ClassRunner.java:50)\n\tat org.junit.runners.ParentRunner$3.run(ParentRunner.java:238)\n\tat org.junit.runners.ParentRunner$1.schedule(ParentRunner.java:63)\n\tat org.junit.runners.ParentRunner.runChildren(ParentRunner.java:236)\n\tat org.junit.runners.ParentRunner.access$000(ParentRunner.java:53)\n\tat org.junit.runners.ParentRunner$2.evaluate(ParentRunner.java:229)\n\tat org.junit.runners.ParentRunner.run(ParentRunner.java:309)\n\tat org.apache.maven.surefire.junit4.JUnit4Provider.execute(JUnit4Provider.java:264)\n\tat org.apache.maven.surefire.junit4.JUnit4Provider.executeTestSet(JUnit4Provider.java:153)\n\tat org.apache.maven.surefire.junit4.JUnit4Provider.invoke(JUnit4Provider.java:124)\n\tat org.apache.maven.surefire.booter.ForkedBooter.invokeProviderInSameClassLoader(ForkedBooter.java:200)\n\tat org.apache.maven.surefire.booter.ForkedBooter.runSuitesInProcess(ForkedBooter.java:153)\n\tat org.apache.maven.surefire.booter.ForkedBooter.main(ForkedBooter.java:103)\n"
   },
   "steps" : {
      "step" : [ ]
   },
   "attachments" : {
      "attachment" : [ ]
   },
   "labels" : {
      "label" : [ {
         "name" : "host",
         "value" : "Abduls-MBP.home"
      }, {
         "name" : "thread",
         "value" : "35251@Abduls-MBP.home.main(1)"
      } ]
   }
}
testCase=ru.yandex.qatools.allure.model.TestCase@656842bc[
  _id=8f1d15a6-f4b3-4312-98d4-e0045134336b
  executionId=62229910-35f6-40ea-8439-ec3c3d9421df
  result=ru.yandex.qatools.allure.model.TestCaseResult@62f9c790
]
testCase={
   "_id" : "8f1d15a6-f4b3-4312-98d4-e0045134336b",
   "executionId" : "62229910-35f6-40ea-8439-ec3c3d9421df",
   "result" : {
      "start" : 1443743803167,
      "stop" : 1443743862248,
      "status" : "broken",
      "name" : "should_navigate_to_result_action_from_job",
      "failure" : {
         "message" : "NoSuchMethodError: org.apache.http.entity.ContentType.create(Ljava/lang/String;[Lorg/apache/http/NameValuePair;)Lorg/apache/http/entity/ContentType;",
         "stack-trace" : "java.lang.NoSuchMethodError: org.apache.http.entity.ContentType.create(Ljava/lang/String;[Lorg/apache/http/NameValuePair;)Lorg/apache/http/entity/ContentType;\n\tat org.apache.http.entity.mime.MultipartEntityBuilder.buildEntity(MultipartEntityBuilder.java:209)\n\tat org.apache.http.entity.mime.MultipartEntityBuilder.build(MultipartEntityBuilder.java:230)\n\tat org.jenkinsci.test.acceptance.update_center.PluginMetadata.uploadTo(PluginMetadata.java:65)\n\tat org.jenkinsci.test.acceptance.po.PluginManager.installPlugins(PluginManager.java:173)\n\tat org.jenkinsci.test.acceptance.junit.WithPlugins$RuleImpl$1.doInstall(WithPlugins.java:139)\n\tat org.jenkinsci.test.acceptance.junit.WithPlugins$RuleImpl$1.installPlugins(WithPlugins.java:119)\n\tat org.jenkinsci.test.acceptance.junit.WithPlugins$RuleImpl$1.evaluate(WithPlugins.java:92)\n\tat org.jenkinsci.test.acceptance.junit.JenkinsAcceptanceTestRule$1$2$1.evaluate(JenkinsAcceptanceTestRule.java:129)\n\tat org.jenkinsci.test.acceptance.junit.FilterRule$1.evaluate(FilterRule.java:62)\n\tat org.jenkinsci.test.acceptance.junit.JenkinsAcceptanceTestRule$1.evaluate(JenkinsAcceptanceTestRule.java:55)\n\tat org.junit.runners.ParentRunner.runLeaf(ParentRunner.java:271)\n\tat org.junit.runners.BlockJUnit4ClassRunner.runChild(BlockJUnit4ClassRunner.java:70)\n\tat org.junit.runners.BlockJUnit4ClassRunner.runChild(BlockJUnit4ClassRunner.java:50)\n\tat org.junit.runners.ParentRunner$3.run(ParentRunner.java:238)\n\tat org.junit.runners.ParentRunner$1.schedule(ParentRunner.java:63)\n\tat org.junit.runners.ParentRunner.runChildren(ParentRunner.java:236)\n\tat org.junit.runners.ParentRunner.access$000(ParentRunner.java:53)\n\tat org.junit.runners.ParentRunner$2.evaluate(ParentRunner.java:229)\n\tat org.junit.runners.ParentRunner.run(ParentRunner.java:309)\n\tat org.apache.maven.surefire.junit4.JUnit4Provider.execute(JUnit4Provider.java:264)\n\tat org.apache.maven.surefire.junit4.JUnit4Provider.executeTestSet(JUnit4Provider.java:153)\n\tat org.apache.maven.surefire.junit4.JUnit4Provider.invoke(JUnit4Provider.java:124)\n\tat org.apache.maven.surefire.booter.ForkedBooter.invokeProviderInSameClassLoader(ForkedBooter.java:200)\n\tat org.apache.maven.surefire.booter.ForkedBooter.runSuitesInProcess(ForkedBooter.java:153)\n\tat org.apache.maven.surefire.booter.ForkedBooter.main(ForkedBooter.java:103)\n"
      },
      "steps" : {
         "step" : [ ]
      },
      "attachments" : {
         "attachment" : [ ]
      },
      "labels" : {
         "label" : [ {
            "name" : "host",
            "value" : "Abduls-MBP.home"
         }, {
            "name" : "thread",
            "value" : "35251@Abduls-MBP.home.main(1)"
         } ]
      }
   }
}
>>>REQUEST: /testdb/TestCase
[WARN] [10/01/2015 19:57:42.274] [default-akka.actor.default-dispatcher-75] [ActorSystem(default)] Illegal response header: Illegal 'etag' header: Invalid input '5', expected 'W' or '"' (line 1, column 1): 560dc876fbeaf7a200c9bf62
^
<<<RESPONSE (201 Created): /testdb/TestCase
running with given plugins: []
=== Starting should_show_build_health(plugins.CheckStylePluginTest)
Starting Jenkins: JAVA_HOME=/Library/Java/JavaVirtualMachines/jdk1.8.0_60.jdk/Contents/Home JENKINS_HOME=/Users/abduljewel/Documents/c/spiderqa/sample-test-projects/acceptance-test-harness/target/jenkins6272213483422517495home /Library/Java/JavaVirtualMachines/jdk1.8.0_60.jdk/Contents/Home/bin/java -Duser.language=en -jar ./jenkins.war --ajp13Port=-1 --httpPort=51813
master51813|Running from: /Users/abduljewel/Documents/c/spiderqa/sample-test-projects/acceptance-test-harness/jenkins.war
master51813|webroot: EnvVars.masterEnvVars.get("JENKINS_HOME")
master51813|Oct 01, 2015 7:57:43 PM winstone.Logger logInternal
master51813|INFO: Beginning extraction from war file
master51813|Oct 01, 2015 7:57:47 PM org.eclipse.jetty.util.log.JavaUtilLog info
master51813|INFO: jetty-winstone-2.8
master51813|Oct 01, 2015 7:57:51 PM org.eclipse.jetty.util.log.JavaUtilLog info
master51813|INFO: NO JSP Support for , did not find org.apache.jasper.servlet.JspServlet
master51813|Jenkins home directory: /Users/abduljewel/Documents/c/spiderqa/sample-test-projects/acceptance-test-harness/target/jenkins6272213483422517495home found at: EnvVars.masterEnvVars.get("JENKINS_HOME")
master51813|Oct 01, 2015 7:57:54 PM org.eclipse.jetty.util.log.JavaUtilLog info
master51813|INFO: Started SelectChannelConnector@0.0.0.0:51813
master51813|Oct 01, 2015 7:57:54 PM winstone.Logger logInternal
master51813|INFO: Winstone Servlet Engine v2.0 running: controlPort=disabled
master51813|Oct 01, 2015 7:57:54 PM jenkins.InitReactorRunner$1 onAttained
master51813|INFO: Started initialization
master51813|Oct 01, 2015 7:58:22 PM jenkins.InitReactorRunner$1 onAttained
master51813|INFO: Listed all plugins
master51813|Oct 01, 2015 7:58:22 PM jenkins.InitReactorRunner$1 onAttained
master51813|INFO: Prepared all plugins
master51813|Oct 01, 2015 7:58:22 PM jenkins.InitReactorRunner$1 onAttained
master51813|INFO: Started all plugins
master51813|Oct 01, 2015 7:58:22 PM jenkins.InitReactorRunner$1 onAttained
master51813|INFO: Augmented all extensions
master51813|Oct 01, 2015 7:58:26 PM jenkins.InitReactorRunner$1 onAttained
master51813|INFO: Loaded all jobs
master51813|Oct 01, 2015 7:58:30 PM hudson.model.AsyncPeriodicWork$1 run
master51813|INFO: Started Download metadata
master51813|Oct 01, 2015 7:58:30 PM org.jenkinsci.main.modules.sshd.SSHD start
master51813|INFO: Started SSHD at port 55088
master51813|Oct 01, 2015 7:58:30 PM jenkins.InitReactorRunner$1 onAttained
master51813|INFO: Completed initialization
master51813|Oct 01, 2015 7:58:30 PM hudson.UDPBroadcastThread run
master51813|WARNING: UDP handling problem
master51813|java.net.SocketException: Can't assign requested address
master51813|	at java.net.PlainDatagramSocketImpl.join(Native Method)
master51813|	at java.net.AbstractPlainDatagramSocketImpl.join(AbstractPlainDatagramSocketImpl.java:179)
master51813|	at java.net.MulticastSocket.joinGroup(MulticastSocket.java:323)
master51813|	at hudson.UDPBroadcastThread.run(UDPBroadcastThread.java:77)
master51813|
master51813|Oct 01, 2015 7:58:30 PM hudson.WebAppMain$3 run
master51813|INFO: Jenkins is fully up and running
master51813|Oct 01, 2015 7:58:33 PM hudson.model.UpdateSite updateData
master51813|INFO: Obtained the latest update center data file for UpdateSource default
master51813|Oct 01, 2015 7:58:34 PM hudson.model.DownloadService$Downloadable load
master51813|INFO: Obtained the updated data file for hudson.tasks.Maven.MavenInstaller
master51813|Oct 01, 2015 7:58:34 PM hudson.model.DownloadService$Downloadable load
master51813|INFO: Obtained the updated data file for hudson.tasks.Ant.AntInstaller
master51813|Oct 01, 2015 7:58:35 PM hudson.model.DownloadService$Downloadable load
master51813|INFO: Obtained the updated data file for hudson.tools.JDKInstaller
master51813|Oct 01, 2015 7:58:35 PM hudson.model.AsyncPeriodicWork$1 run
master51813|INFO: Finished Download metadata. 5,000 ms
Jenkins is stopped
]]></system-out>
    <system-err><![CDATA[Oct 01, 2015 7:57:42 PM org.jenkinsci.test.acceptance.controller.LocalController startNow
INFO: Waiting for Jenkins to become running in http://127.0.0.1:51813/
Oct 01, 2015 7:58:30 PM org.jenkinsci.test.acceptance.controller.LocalController startNow
INFO: Jenkins is running in http://127.0.0.1:51813/
Oct 01, 2015 7:58:37 PM org.jenkinsci.test.acceptance.po.PluginManager installationStatus
INFO: checkstyle is not installed
Oct 01, 2015 7:58:37 PM org.jenkinsci.test.acceptance.po.PluginManager installationStatus
INFO: checkstyle is not installed
Oct 01, 2015 7:58:39 PM org.jenkinsci.test.acceptance.po.PluginManager installationStatus
INFO: script-security has version 1.13 but 1.15 was requested
]]></system-err>
  </testcase>
</testsuite>