<?xml version="1.0" encoding="UTF-8"?>
<testsuite name="plugins.PmdPluginTest" time="1,243.558" tests="19" errors="19" skipped="0" failures="0">
  <properties>
    <property name="java.runtime.name" value="Java(TM) SE Runtime Environment"/>
    <property name="sun.boot.library.path" value="/Library/Java/JavaVirtualMachines/jdk1.8.0_60.jdk/Contents/Home/jre/lib"/>
    <property name="java.vm.version" value="25.60-b23"/>
    <property name="gopherProxySet" value="false"/>
    <property name="java.vm.vendor" value="Oracle Corporation"/>
    <property name="maven.multiModuleProjectDirectory" value="/Users/abduljewel/Documents/c/spiderqa/sample-test-projects/acceptance-test-harness"/>
    <property name="java.vendor.url" value="http://java.oracle.com/"/>
    <property name="path.separator" value=":"/>
    <property name="guice.disable.misplaced.annotation.check" value="true"/>
    <property name="java.vm.name" value="Java HotSpot(TM) 64-Bit Server VM"/>
    <property name="file.encoding.pkg" value="sun.io"/>
    <property name="user.country" value="US"/>
    <property name="sun.java.launcher" value="SUN_STANDARD"/>
    <property name="sun.os.patch.level" value="unknown"/>
    <property name="java.vm.specification.name" value="Java Virtual Machine Specification"/>
    <property name="user.dir" value="/Users/abduljewel/Documents/c/spiderqa/sample-test-projects/acceptance-test-harness"/>
    <property name="java.runtime.version" value="1.8.0_60-b27"/>
    <property name="java.awt.graphicsenv" value="sun.awt.CGraphicsEnvironment"/>
    <property name="java.endorsed.dirs" value="/Library/Java/JavaVirtualMachines/jdk1.8.0_60.jdk/Contents/Home/jre/lib/endorsed"/>
    <property name="os.arch" value="x86_64"/>
    <property name="java.io.tmpdir" value="/var/folders/lk/l859yg616c9cbtgfnt9szgjc0000gn/T/"/>
    <property name="line.separator" value="&#10;"/>
    <property name="java.vm.specification.vendor" value="Oracle Corporation"/>
    <property name="os.name" value="Mac OS X"/>
    <property name="classworlds.conf" value="/usr/local/Cellar/maven/3.3.3/libexec/bin/m2.conf"/>
    <property name="sun.jnu.encoding" value="UTF-8"/>
    <property name="java.library.path" value="/Users/abduljewel/Library/Java/Extensions:/Library/Java/Extensions:/Network/Library/Java/Extensions:/System/Library/Java/Extensions:/usr/lib/java:."/>
    <property name="java.specification.name" value="Java Platform API Specification"/>
    <property name="java.class.version" value="52.0"/>
    <property name="sun.management.compiler" value="HotSpot 64-Bit Tiered Compilers"/>
    <property name="os.version" value="10.10.5"/>
    <property name="http.nonProxyHosts" value="local|*.local|169.254/16|*.169.254/16"/>
    <property name="user.home" value="/Users/abduljewel"/>
    <property name="user.timezone" value="America/New_York"/>
    <property name="java.awt.printerjob" value="sun.lwawt.macosx.CPrinterJob"/>
    <property name="java.specification.version" value="1.8"/>
    <property name="file.encoding" value="UTF-8"/>
    <property name="user.name" value="abduljewel"/>
    <property name="java.class.path" value="/usr/local/Cellar/maven/3.3.3/libexec/boot/plexus-classworlds-2.5.2.jar"/>
    <property name="java.vm.specification.version" value="1.8"/>
    <property name="sun.arch.data.model" value="64"/>
    <property name="java.home" value="/Library/Java/JavaVirtualMachines/jdk1.8.0_60.jdk/Contents/Home/jre"/>
    <property name="sun.java.command" value="org.codehaus.plexus.classworlds.launcher.Launcher clean test"/>
    <property name="java.specification.vendor" value="Oracle Corporation"/>
    <property name="user.language" value="en"/>
    <property name="awt.toolkit" value="sun.lwawt.macosx.LWCToolkit"/>
    <property name="java.vm.info" value="mixed mode"/>
    <property name="java.version" value="1.8.0_60"/>
    <property name="java.ext.dirs" value="/Users/abduljewel/Library/Java/Extensions:/Library/Java/JavaVirtualMachines/jdk1.8.0_60.jdk/Contents/Home/jre/lib/ext:/Library/Java/Extensions:/Network/Library/Java/Extensions:/System/Library/Java/Extensions:/usr/lib/java"/>
    <property name="sun.boot.class.path" value="/Library/Java/JavaVirtualMachines/jdk1.8.0_60.jdk/Contents/Home/jre/lib/resources.jar:/Library/Java/JavaVirtualMachines/jdk1.8.0_60.jdk/Contents/Home/jre/lib/rt.jar:/Library/Java/JavaVirtualMachines/jdk1.8.0_60.jdk/Contents/Home/jre/lib/sunrsasign.jar:/Library/Java/JavaVirtualMachines/jdk1.8.0_60.jdk/Contents/Home/jre/lib/jsse.jar:/Library/Java/JavaVirtualMachines/jdk1.8.0_60.jdk/Contents/Home/jre/lib/jce.jar:/Library/Java/JavaVirtualMachines/jdk1.8.0_60.jdk/Contents/Home/jre/lib/charsets.jar:/Library/Java/JavaVirtualMachines/jdk1.8.0_60.jdk/Contents/Home/jre/lib/jfr.jar:/Library/Java/JavaVirtualMachines/jdk1.8.0_60.jdk/Contents/Home/jre/classes"/>
    <property name="java.vendor" value="Oracle Corporation"/>
    <property name="maven.home" value="/usr/local/Cellar/maven/3.3.3/libexec"/>
    <property name="file.separator" value="/"/>
    <property name="java.vendor.url.bug" value="http://bugreport.sun.com/bugreport/"/>
    <property name="sun.cpu.endian" value="little"/>
    <property name="sun.io.unicode.encoding" value="UnicodeBig"/>
    <property name="socksNonProxyHosts" value="local|*.local|169.254/16|*.169.254/16"/>
    <property name="ftp.nonProxyHosts" value="local|*.local|169.254/16|*.169.254/16"/>
    <property name="sun.cpu.isalist" value=""/>
  </properties>
  <testcase name="should_set_result_to_unstable_if_warning_found" classname="plugins.PmdPluginTest" time="70.091">
    <error message="org.apache.http.entity.ContentType.create(Ljava/lang/String;[Lorg/apache/http/NameValuePair;)Lorg/apache/http/entity/ContentType;" type="java.lang.NoSuchMethodError">java.lang.NoSuchMethodError: org.apache.http.entity.ContentType.create(Ljava/lang/String;[Lorg/apache/http/NameValuePair;)Lorg/apache/http/entity/ContentType;
	at org.apache.http.entity.mime.MultipartEntityBuilder.buildEntity(MultipartEntityBuilder.java:209)
	at org.apache.http.entity.mime.MultipartEntityBuilder.build(MultipartEntityBuilder.java:230)
	at org.jenkinsci.test.acceptance.update_center.PluginMetadata.uploadTo(PluginMetadata.java:65)
	at org.jenkinsci.test.acceptance.po.PluginManager.installPlugins(PluginManager.java:173)
	at org.jenkinsci.test.acceptance.junit.WithPlugins$RuleImpl$1.doInstall(WithPlugins.java:139)
	at org.jenkinsci.test.acceptance.junit.WithPlugins$RuleImpl$1.installPlugins(WithPlugins.java:119)
	at org.jenkinsci.test.acceptance.junit.WithPlugins$RuleImpl$1.evaluate(WithPlugins.java:92)
	at org.jenkinsci.test.acceptance.junit.JenkinsAcceptanceTestRule$1$2$1.evaluate(JenkinsAcceptanceTestRule.java:129)
	at org.jenkinsci.test.acceptance.junit.FilterRule$1.evaluate(FilterRule.java:62)
	at org.jenkinsci.test.acceptance.junit.JenkinsAcceptanceTestRule$1.evaluate(JenkinsAcceptanceTestRule.java:55)
	at org.junit.runners.ParentRunner.runLeaf(ParentRunner.java:271)
	at org.junit.runners.BlockJUnit4ClassRunner.runChild(BlockJUnit4ClassRunner.java:70)
	at org.junit.runners.BlockJUnit4ClassRunner.runChild(BlockJUnit4ClassRunner.java:50)
	at org.junit.runners.ParentRunner$3.run(ParentRunner.java:238)
	at org.junit.runners.ParentRunner$1.schedule(ParentRunner.java:63)
	at org.junit.runners.ParentRunner.runChildren(ParentRunner.java:236)
	at org.junit.runners.ParentRunner.access$000(ParentRunner.java:53)
	at org.junit.runners.ParentRunner$2.evaluate(ParentRunner.java:229)
	at org.junit.runners.ParentRunner.run(ParentRunner.java:309)
	at org.apache.maven.surefire.junit4.JUnit4Provider.execute(JUnit4Provider.java:264)
	at org.apache.maven.surefire.junit4.JUnit4Provider.executeTestSet(JUnit4Provider.java:153)
	at org.apache.maven.surefire.junit4.JUnit4Provider.invoke(JUnit4Provider.java:124)
	at org.apache.maven.surefire.booter.ForkedBooter.invokeProviderInSameClassLoader(ForkedBooter.java:200)
	at org.apache.maven.surefire.booter.ForkedBooter.runSuitesInProcess(ForkedBooter.java:153)
	at org.apache.maven.surefire.booter.ForkedBooter.main(ForkedBooter.java:103)
</error>
    <system-out><![CDATA[testCaseResult=ru.yandex.qatools.allure.model.TestCaseResult@19105a87[
  name=triggerWithNonStandardArchiver
  title=<null>
  description=<null>
  failure=ru.yandex.qatools.allure.model.Failure@83b0d0f
  start=1443744519555
  stop=1443744584602
  status=BROKEN
  severity=<null>
  steps=[]
  attachments=[]
  labels=[ru.yandex.qatools.allure.model.Label@2bb717d7, ru.yandex.qatools.allure.model.Label@7afe0e67]
  parameters=<null>
]
testCaseResult={
   "start" : 1443744519555,
   "stop" : 1443744584602,
   "status" : "broken",
   "name" : "triggerWithNonStandardArchiver",
   "failure" : {
      "message" : "NoSuchMethodError: org.apache.http.entity.ContentType.create(Ljava/lang/String;[Lorg/apache/http/NameValuePair;)Lorg/apache/http/entity/ContentType;",
      "stack-trace" : "java.lang.NoSuchMethodError: org.apache.http.entity.ContentType.create(Ljava/lang/String;[Lorg/apache/http/NameValuePair;)Lorg/apache/http/entity/ContentType;\n\tat org.apache.http.entity.mime.MultipartEntityBuilder.buildEntity(MultipartEntityBuilder.java:209)\n\tat org.apache.http.entity.mime.MultipartEntityBuilder.build(MultipartEntityBuilder.java:230)\n\tat org.jenkinsci.test.acceptance.update_center.PluginMetadata.uploadTo(PluginMetadata.java:65)\n\tat org.jenkinsci.test.acceptance.po.PluginManager.installPlugins(PluginManager.java:173)\n\tat org.jenkinsci.test.acceptance.junit.WithPlugins$RuleImpl$1.doInstall(WithPlugins.java:139)\n\tat org.jenkinsci.test.acceptance.junit.WithPlugins$RuleImpl$1.installPlugins(WithPlugins.java:119)\n\tat org.jenkinsci.test.acceptance.junit.WithPlugins$RuleImpl$1.evaluate(WithPlugins.java:91)\n\tat org.jenkinsci.test.acceptance.junit.JenkinsAcceptanceTestRule$1$2$1.evaluate(JenkinsAcceptanceTestRule.java:129)\n\tat org.jenkinsci.test.acceptance.junit.FilterRule$1.evaluate(FilterRule.java:62)\n\tat org.jenkinsci.test.acceptance.junit.JenkinsAcceptanceTestRule$1.evaluate(JenkinsAcceptanceTestRule.java:55)\n\tat org.junit.runners.ParentRunner.runLeaf(ParentRunner.java:271)\n\tat org.junit.runners.BlockJUnit4ClassRunner.runChild(BlockJUnit4ClassRunner.java:70)\n\tat org.junit.runners.BlockJUnit4ClassRunner.runChild(BlockJUnit4ClassRunner.java:50)\n\tat org.junit.runners.ParentRunner$3.run(ParentRunner.java:238)\n\tat org.junit.runners.ParentRunner$1.schedule(ParentRunner.java:63)\n\tat org.junit.runners.ParentRunner.runChildren(ParentRunner.java:236)\n\tat org.junit.runners.ParentRunner.access$000(ParentRunner.java:53)\n\tat org.junit.runners.ParentRunner$2.evaluate(ParentRunner.java:229)\n\tat org.junit.runners.ParentRunner.run(ParentRunner.java:309)\n\tat org.apache.maven.surefire.junit4.JUnit4Provider.execute(JUnit4Provider.java:264)\n\tat org.apache.maven.surefire.junit4.JUnit4Provider.executeTestSet(JUnit4Provider.java:153)\n\tat org.apache.maven.surefire.junit4.JUnit4Provider.invoke(JUnit4Provider.java:124)\n\tat org.apache.maven.surefire.booter.ForkedBooter.invokeProviderInSameClassLoader(ForkedBooter.java:200)\n\tat org.apache.maven.surefire.booter.ForkedBooter.runSuitesInProcess(ForkedBooter.java:153)\n\tat org.apache.maven.surefire.booter.ForkedBooter.main(ForkedBooter.java:103)\n"
   },
   "steps" : {
      "step" : [ ]
   },
   "attachments" : {
      "attachment" : [ ]
   },
   "labels" : {
      "label" : [ {
         "name" : "host",
         "value" : "Abduls-MBP.home"
      }, {
         "name" : "thread",
         "value" : "35250@Abduls-MBP.home.main(1)"
      } ]
   }
}
testCase=ru.yandex.qatools.allure.model.TestCase@6121a7dd[
  _id=a8f43b14-8772-479c-928d-2bdd55d5b722
  executionId=27f47f39-aa42-4a27-8553-fee0eadcf4f3
  result=ru.yandex.qatools.allure.model.TestCaseResult@19105a87
]
testCase={
   "_id" : "a8f43b14-8772-479c-928d-2bdd55d5b722",
   "executionId" : "27f47f39-aa42-4a27-8553-fee0eadcf4f3",
   "result" : {
      "start" : 1443744519555,
      "stop" : 1443744584602,
      "status" : "broken",
      "name" : "triggerWithNonStandardArchiver",
      "failure" : {
         "message" : "NoSuchMethodError: org.apache.http.entity.ContentType.create(Ljava/lang/String;[Lorg/apache/http/NameValuePair;)Lorg/apache/http/entity/ContentType;",
         "stack-trace" : "java.lang.NoSuchMethodError: org.apache.http.entity.ContentType.create(Ljava/lang/String;[Lorg/apache/http/NameValuePair;)Lorg/apache/http/entity/ContentType;\n\tat org.apache.http.entity.mime.MultipartEntityBuilder.buildEntity(MultipartEntityBuilder.java:209)\n\tat org.apache.http.entity.mime.MultipartEntityBuilder.build(MultipartEntityBuilder.java:230)\n\tat org.jenkinsci.test.acceptance.update_center.PluginMetadata.uploadTo(PluginMetadata.java:65)\n\tat org.jenkinsci.test.acceptance.po.PluginManager.installPlugins(PluginManager.java:173)\n\tat org.jenkinsci.test.acceptance.junit.WithPlugins$RuleImpl$1.doInstall(WithPlugins.java:139)\n\tat org.jenkinsci.test.acceptance.junit.WithPlugins$RuleImpl$1.installPlugins(WithPlugins.java:119)\n\tat org.jenkinsci.test.acceptance.junit.WithPlugins$RuleImpl$1.evaluate(WithPlugins.java:91)\n\tat org.jenkinsci.test.acceptance.junit.JenkinsAcceptanceTestRule$1$2$1.evaluate(JenkinsAcceptanceTestRule.java:129)\n\tat org.jenkinsci.test.acceptance.junit.FilterRule$1.evaluate(FilterRule.java:62)\n\tat org.jenkinsci.test.acceptance.junit.JenkinsAcceptanceTestRule$1.evaluate(JenkinsAcceptanceTestRule.java:55)\n\tat org.junit.runners.ParentRunner.runLeaf(ParentRunner.java:271)\n\tat org.junit.runners.BlockJUnit4ClassRunner.runChild(BlockJUnit4ClassRunner.java:70)\n\tat org.junit.runners.BlockJUnit4ClassRunner.runChild(BlockJUnit4ClassRunner.java:50)\n\tat org.junit.runners.ParentRunner$3.run(ParentRunner.java:238)\n\tat org.junit.runners.ParentRunner$1.schedule(ParentRunner.java:63)\n\tat org.junit.runners.ParentRunner.runChildren(ParentRunner.java:236)\n\tat org.junit.runners.ParentRunner.access$000(ParentRunner.java:53)\n\tat org.junit.runners.ParentRunner$2.evaluate(ParentRunner.java:229)\n\tat org.junit.runners.ParentRunner.run(ParentRunner.java:309)\n\tat org.apache.maven.surefire.junit4.JUnit4Provider.execute(JUnit4Provider.java:264)\n\tat org.apache.maven.surefire.junit4.JUnit4Provider.executeTestSet(JUnit4Provider.java:153)\n\tat org.apache.maven.surefire.junit4.JUnit4Provider.invoke(JUnit4Provider.java:124)\n\tat org.apache.maven.surefire.booter.ForkedBooter.invokeProviderInSameClassLoader(ForkedBooter.java:200)\n\tat org.apache.maven.surefire.booter.ForkedBooter.runSuitesInProcess(ForkedBooter.java:153)\n\tat org.apache.maven.surefire.booter.ForkedBooter.main(ForkedBooter.java:103)\n"
      },
      "steps" : {
         "step" : [ ]
      },
      "attachments" : {
         "attachment" : [ ]
      },
      "labels" : {
         "label" : [ {
            "name" : "host",
            "value" : "Abduls-MBP.home"
         }, {
            "name" : "thread",
            "value" : "35250@Abduls-MBP.home.main(1)"
         } ]
      }
   }
}
>>>REQUEST: /testdb/TestCase
[WARN] [10/01/2015 20:09:44.617] [default-akka.actor.default-dispatcher-100] [ActorSystem(default)] Illegal response header: Illegal 'etag' header: Invalid input '5', expected 'W' or '"' (line 1, column 1): 560dcb48fbeaf7a200c9bf98
^
<<<RESPONSE (201 Created): /testdb/TestCase
running with given plugins: []
=== Starting should_set_result_to_unstable_if_warning_found(plugins.PmdPluginTest)
Starting Jenkins: JAVA_HOME=/Library/Java/JavaVirtualMachines/jdk1.8.0_60.jdk/Contents/Home JENKINS_HOME=/Users/abduljewel/Documents/c/spiderqa/sample-test-projects/acceptance-test-harness/target/jenkins6336785617466401197home /Library/Java/JavaVirtualMachines/jdk1.8.0_60.jdk/Contents/Home/bin/java -Duser.language=en -jar ./jenkins.war --ajp13Port=-1 --httpPort=51559
master51559|Running from: /Users/abduljewel/Documents/c/spiderqa/sample-test-projects/acceptance-test-harness/jenkins.war
master51559|webroot: EnvVars.masterEnvVars.get("JENKINS_HOME")
master51559|Oct 01, 2015 8:09:45 PM winstone.Logger logInternal
master51559|INFO: Beginning extraction from war file
master51559|Oct 01, 2015 8:09:47 PM org.eclipse.jetty.util.log.JavaUtilLog info
master51559|INFO: jetty-winstone-2.8
master51559|Oct 01, 2015 8:09:51 PM org.eclipse.jetty.util.log.JavaUtilLog info
master51559|INFO: NO JSP Support for , did not find org.apache.jasper.servlet.JspServlet
master51559|Jenkins home directory: /Users/abduljewel/Documents/c/spiderqa/sample-test-projects/acceptance-test-harness/target/jenkins6336785617466401197home found at: EnvVars.masterEnvVars.get("JENKINS_HOME")
master51559|Oct 01, 2015 8:09:53 PM org.eclipse.jetty.util.log.JavaUtilLog info
master51559|INFO: Started SelectChannelConnector@0.0.0.0:51559
master51559|Oct 01, 2015 8:09:53 PM winstone.Logger logInternal
master51559|INFO: Winstone Servlet Engine v2.0 running: controlPort=disabled
master51559|Oct 01, 2015 8:09:53 PM jenkins.InitReactorRunner$1 onAttained
master51559|INFO: Started initialization
master51559|Oct 01, 2015 8:10:37 PM jenkins.InitReactorRunner$1 onAttained
master51559|INFO: Listed all plugins
master51559|Oct 01, 2015 8:10:37 PM jenkins.InitReactorRunner$1 onAttained
master51559|INFO: Prepared all plugins
master51559|Oct 01, 2015 8:10:37 PM jenkins.InitReactorRunner$1 onAttained
master51559|INFO: Started all plugins
master51559|Oct 01, 2015 8:10:37 PM jenkins.InitReactorRunner$1 onAttained
master51559|INFO: Augmented all extensions
master51559|Oct 01, 2015 8:10:41 PM jenkins.InitReactorRunner$1 onAttained
master51559|INFO: Loaded all jobs
master51559|Oct 01, 2015 8:10:44 PM hudson.model.AsyncPeriodicWork$1 run
master51559|INFO: Started Download metadata
master51559|Oct 01, 2015 8:10:44 PM org.jenkinsci.main.modules.sshd.SSHD start
master51559|INFO: Started SSHD at port 62302
master51559|Oct 01, 2015 8:10:44 PM jenkins.InitReactorRunner$1 onAttained
master51559|INFO: Completed initialization
master51559|Oct 01, 2015 8:10:44 PM hudson.UDPBroadcastThread run
master51559|WARNING: UDP handling problem
master51559|java.net.SocketException: Can't assign requested address
master51559|	at java.net.PlainDatagramSocketImpl.join(Native Method)
master51559|	at java.net.AbstractPlainDatagramSocketImpl.join(AbstractPlainDatagramSocketImpl.java:179)
master51559|	at java.net.MulticastSocket.joinGroup(MulticastSocket.java:323)
master51559|	at hudson.UDPBroadcastThread.run(UDPBroadcastThread.java:77)
master51559|
master51559|Oct 01, 2015 8:10:44 PM hudson.WebAppMain$3 run
master51559|INFO: Jenkins is fully up and running
master51559|Oct 01, 2015 8:10:48 PM hudson.model.UpdateSite updateData
master51559|INFO: Obtained the latest update center data file for UpdateSource default
master51559|Oct 01, 2015 8:10:48 PM hudson.model.DownloadService$Downloadable load
master51559|INFO: Obtained the updated data file for hudson.tasks.Maven.MavenInstaller
master51559|Oct 01, 2015 8:10:48 PM hudson.model.DownloadService$Downloadable load
master51559|INFO: Obtained the updated data file for hudson.tasks.Ant.AntInstaller
master51559|Oct 01, 2015 8:10:49 PM hudson.model.DownloadService$Downloadable load
master51559|INFO: Obtained the updated data file for hudson.tools.JDKInstaller
master51559|Oct 01, 2015 8:10:49 PM hudson.model.AsyncPeriodicWork$1 run
master51559|INFO: Finished Download metadata. 5,410 ms
Jenkins is stopped
]]></system-out>
    <system-err><![CDATA[Oct 01, 2015 8:09:44 PM org.jenkinsci.test.acceptance.controller.LocalController startNow
INFO: Waiting for Jenkins to become running in http://127.0.0.1:51559/
Oct 01, 2015 8:10:44 PM org.jenkinsci.test.acceptance.controller.LocalController startNow
INFO: Jenkins is running in http://127.0.0.1:51559/
Oct 01, 2015 8:10:51 PM org.jenkinsci.test.acceptance.po.PluginManager installationStatus
INFO: pmd is not installed
Oct 01, 2015 8:10:51 PM org.jenkinsci.test.acceptance.po.PluginManager installationStatus
INFO: pmd is not installed
Oct 01, 2015 8:10:54 PM org.jenkinsci.test.acceptance.po.PluginManager installationStatus
INFO: script-security has version 1.13 but 1.15 was requested
]]></system-err>
  </testcase>
  <testcase name="should_set_warnings_count_in_list_view_column" classname="plugins.PmdPluginTest" time="62.238">
    <error message="org.apache.http.entity.ContentType.create(Ljava/lang/String;[Lorg/apache/http/NameValuePair;)Lorg/apache/http/entity/ContentType;" type="java.lang.NoSuchMethodError">java.lang.NoSuchMethodError: org.apache.http.entity.ContentType.create(Ljava/lang/String;[Lorg/apache/http/NameValuePair;)Lorg/apache/http/entity/ContentType;
	at org.apache.http.entity.mime.MultipartEntityBuilder.buildEntity(MultipartEntityBuilder.java:209)
	at org.apache.http.entity.mime.MultipartEntityBuilder.build(MultipartEntityBuilder.java:230)
	at org.jenkinsci.test.acceptance.update_center.PluginMetadata.uploadTo(PluginMetadata.java:65)
	at org.jenkinsci.test.acceptance.po.PluginManager.installPlugins(PluginManager.java:173)
	at org.jenkinsci.test.acceptance.junit.WithPlugins$RuleImpl$1.doInstall(WithPlugins.java:139)
	at org.jenkinsci.test.acceptance.junit.WithPlugins$RuleImpl$1.installPlugins(WithPlugins.java:119)
	at org.jenkinsci.test.acceptance.junit.WithPlugins$RuleImpl$1.evaluate(WithPlugins.java:92)
	at org.jenkinsci.test.acceptance.junit.JenkinsAcceptanceTestRule$1$2$1.evaluate(JenkinsAcceptanceTestRule.java:129)
	at org.jenkinsci.test.acceptance.junit.FilterRule$1.evaluate(FilterRule.java:62)
	at org.jenkinsci.test.acceptance.junit.JenkinsAcceptanceTestRule$1.evaluate(JenkinsAcceptanceTestRule.java:55)
	at org.junit.runners.ParentRunner.runLeaf(ParentRunner.java:271)
	at org.junit.runners.BlockJUnit4ClassRunner.runChild(BlockJUnit4ClassRunner.java:70)
	at org.junit.runners.BlockJUnit4ClassRunner.runChild(BlockJUnit4ClassRunner.java:50)
	at org.junit.runners.ParentRunner$3.run(ParentRunner.java:238)
	at org.junit.runners.ParentRunner$1.schedule(ParentRunner.java:63)
	at org.junit.runners.ParentRunner.runChildren(ParentRunner.java:236)
	at org.junit.runners.ParentRunner.access$000(ParentRunner.java:53)
	at org.junit.runners.ParentRunner$2.evaluate(ParentRunner.java:229)
	at org.junit.runners.ParentRunner.run(ParentRunner.java:309)
	at org.apache.maven.surefire.junit4.JUnit4Provider.execute(JUnit4Provider.java:264)
	at org.apache.maven.surefire.junit4.JUnit4Provider.executeTestSet(JUnit4Provider.java:153)
	at org.apache.maven.surefire.junit4.JUnit4Provider.invoke(JUnit4Provider.java:124)
	at org.apache.maven.surefire.booter.ForkedBooter.invokeProviderInSameClassLoader(ForkedBooter.java:200)
	at org.apache.maven.surefire.booter.ForkedBooter.runSuitesInProcess(ForkedBooter.java:153)
	at org.apache.maven.surefire.booter.ForkedBooter.main(ForkedBooter.java:103)
</error>
    <system-out><![CDATA[testCaseResult=ru.yandex.qatools.allure.model.TestCaseResult@4c56644f[
  name=should_set_result_to_unstable_if_warning_found
  title=<null>
  description=<null>
  failure=ru.yandex.qatools.allure.model.Failure@589dfa6f
  start=1443744584665
  stop=1443744654754
  status=BROKEN
  severity=<null>
  steps=[]
  attachments=[]
  labels=[ru.yandex.qatools.allure.model.Label@43588265, ru.yandex.qatools.allure.model.Label@6f8667bb]
  parameters=<null>
]
testCaseResult={
   "start" : 1443744584665,
   "stop" : 1443744654754,
   "status" : "broken",
   "name" : "should_set_result_to_unstable_if_warning_found",
   "failure" : {
      "message" : "NoSuchMethodError: org.apache.http.entity.ContentType.create(Ljava/lang/String;[Lorg/apache/http/NameValuePair;)Lorg/apache/http/entity/ContentType;",
      "stack-trace" : "java.lang.NoSuchMethodError: org.apache.http.entity.ContentType.create(Ljava/lang/String;[Lorg/apache/http/NameValuePair;)Lorg/apache/http/entity/ContentType;\n\tat org.apache.http.entity.mime.MultipartEntityBuilder.buildEntity(MultipartEntityBuilder.java:209)\n\tat org.apache.http.entity.mime.MultipartEntityBuilder.build(MultipartEntityBuilder.java:230)\n\tat org.jenkinsci.test.acceptance.update_center.PluginMetadata.uploadTo(PluginMetadata.java:65)\n\tat org.jenkinsci.test.acceptance.po.PluginManager.installPlugins(PluginManager.java:173)\n\tat org.jenkinsci.test.acceptance.junit.WithPlugins$RuleImpl$1.doInstall(WithPlugins.java:139)\n\tat org.jenkinsci.test.acceptance.junit.WithPlugins$RuleImpl$1.installPlugins(WithPlugins.java:119)\n\tat org.jenkinsci.test.acceptance.junit.WithPlugins$RuleImpl$1.evaluate(WithPlugins.java:92)\n\tat org.jenkinsci.test.acceptance.junit.JenkinsAcceptanceTestRule$1$2$1.evaluate(JenkinsAcceptanceTestRule.java:129)\n\tat org.jenkinsci.test.acceptance.junit.FilterRule$1.evaluate(FilterRule.java:62)\n\tat org.jenkinsci.test.acceptance.junit.JenkinsAcceptanceTestRule$1.evaluate(JenkinsAcceptanceTestRule.java:55)\n\tat org.junit.runners.ParentRunner.runLeaf(ParentRunner.java:271)\n\tat org.junit.runners.BlockJUnit4ClassRunner.runChild(BlockJUnit4ClassRunner.java:70)\n\tat org.junit.runners.BlockJUnit4ClassRunner.runChild(BlockJUnit4ClassRunner.java:50)\n\tat org.junit.runners.ParentRunner$3.run(ParentRunner.java:238)\n\tat org.junit.runners.ParentRunner$1.schedule(ParentRunner.java:63)\n\tat org.junit.runners.ParentRunner.runChildren(ParentRunner.java:236)\n\tat org.junit.runners.ParentRunner.access$000(ParentRunner.java:53)\n\tat org.junit.runners.ParentRunner$2.evaluate(ParentRunner.java:229)\n\tat org.junit.runners.ParentRunner.run(ParentRunner.java:309)\n\tat org.apache.maven.surefire.junit4.JUnit4Provider.execute(JUnit4Provider.java:264)\n\tat org.apache.maven.surefire.junit4.JUnit4Provider.executeTestSet(JUnit4Provider.java:153)\n\tat org.apache.maven.surefire.junit4.JUnit4Provider.invoke(JUnit4Provider.java:124)\n\tat org.apache.maven.surefire.booter.ForkedBooter.invokeProviderInSameClassLoader(ForkedBooter.java:200)\n\tat org.apache.maven.surefire.booter.ForkedBooter.runSuitesInProcess(ForkedBooter.java:153)\n\tat org.apache.maven.surefire.booter.ForkedBooter.main(ForkedBooter.java:103)\n"
   },
   "steps" : {
      "step" : [ ]
   },
   "attachments" : {
      "attachment" : [ ]
   },
   "labels" : {
      "label" : [ {
         "name" : "host",
         "value" : "Abduls-MBP.home"
      }, {
         "name" : "thread",
         "value" : "35250@Abduls-MBP.home.main(1)"
      } ]
   }
}
testCase=ru.yandex.qatools.allure.model.TestCase@100d0218[
  _id=b199b758-7ca0-4c4c-a7ab-b3970d67d994
  executionId=27f47f39-aa42-4a27-8553-fee0eadcf4f3
  result=ru.yandex.qatools.allure.model.TestCaseResult@4c56644f
]
testCase={
   "_id" : "b199b758-7ca0-4c4c-a7ab-b3970d67d994",
   "executionId" : "27f47f39-aa42-4a27-8553-fee0eadcf4f3",
   "result" : {
      "start" : 1443744584665,
      "stop" : 1443744654754,
      "status" : "broken",
      "name" : "should_set_result_to_unstable_if_warning_found",
      "failure" : {
         "message" : "NoSuchMethodError: org.apache.http.entity.ContentType.create(Ljava/lang/String;[Lorg/apache/http/NameValuePair;)Lorg/apache/http/entity/ContentType;",
         "stack-trace" : "java.lang.NoSuchMethodError: org.apache.http.entity.ContentType.create(Ljava/lang/String;[Lorg/apache/http/NameValuePair;)Lorg/apache/http/entity/ContentType;\n\tat org.apache.http.entity.mime.MultipartEntityBuilder.buildEntity(MultipartEntityBuilder.java:209)\n\tat org.apache.http.entity.mime.MultipartEntityBuilder.build(MultipartEntityBuilder.java:230)\n\tat org.jenkinsci.test.acceptance.update_center.PluginMetadata.uploadTo(PluginMetadata.java:65)\n\tat org.jenkinsci.test.acceptance.po.PluginManager.installPlugins(PluginManager.java:173)\n\tat org.jenkinsci.test.acceptance.junit.WithPlugins$RuleImpl$1.doInstall(WithPlugins.java:139)\n\tat org.jenkinsci.test.acceptance.junit.WithPlugins$RuleImpl$1.installPlugins(WithPlugins.java:119)\n\tat org.jenkinsci.test.acceptance.junit.WithPlugins$RuleImpl$1.evaluate(WithPlugins.java:92)\n\tat org.jenkinsci.test.acceptance.junit.JenkinsAcceptanceTestRule$1$2$1.evaluate(JenkinsAcceptanceTestRule.java:129)\n\tat org.jenkinsci.test.acceptance.junit.FilterRule$1.evaluate(FilterRule.java:62)\n\tat org.jenkinsci.test.acceptance.junit.JenkinsAcceptanceTestRule$1.evaluate(JenkinsAcceptanceTestRule.java:55)\n\tat org.junit.runners.ParentRunner.runLeaf(ParentRunner.java:271)\n\tat org.junit.runners.BlockJUnit4ClassRunner.runChild(BlockJUnit4ClassRunner.java:70)\n\tat org.junit.runners.BlockJUnit4ClassRunner.runChild(BlockJUnit4ClassRunner.java:50)\n\tat org.junit.runners.ParentRunner$3.run(ParentRunner.java:238)\n\tat org.junit.runners.ParentRunner$1.schedule(ParentRunner.java:63)\n\tat org.junit.runners.ParentRunner.runChildren(ParentRunner.java:236)\n\tat org.junit.runners.ParentRunner.access$000(ParentRunner.java:53)\n\tat org.junit.runners.ParentRunner$2.evaluate(ParentRunner.java:229)\n\tat org.junit.runners.ParentRunner.run(ParentRunner.java:309)\n\tat org.apache.maven.surefire.junit4.JUnit4Provider.execute(JUnit4Provider.java:264)\n\tat org.apache.maven.surefire.junit4.JUnit4Provider.executeTestSet(JUnit4Provider.java:153)\n\tat org.apache.maven.surefire.junit4.JUnit4Provider.invoke(JUnit4Provider.java:124)\n\tat org.apache.maven.surefire.booter.ForkedBooter.invokeProviderInSameClassLoader(ForkedBooter.java:200)\n\tat org.apache.maven.surefire.booter.ForkedBooter.runSuitesInProcess(ForkedBooter.java:153)\n\tat org.apache.maven.surefire.booter.ForkedBooter.main(ForkedBooter.java:103)\n"
      },
      "steps" : {
         "step" : [ ]
      },
      "attachments" : {
         "attachment" : [ ]
      },
      "labels" : {
         "label" : [ {
            "name" : "host",
            "value" : "Abduls-MBP.home"
         }, {
            "name" : "thread",
            "value" : "35250@Abduls-MBP.home.main(1)"
         } ]
      }
   }
}
>>>REQUEST: /testdb/TestCase
[WARN] [10/01/2015 20:10:54.767] [default-akka.actor.default-dispatcher-102] [ActorSystem(default)] Illegal response header: Illegal 'etag' header: Invalid input '5', expected 'W' or '"' (line 1, column 1): 560dcb8efbeaf7a200c9bf9c
^
<<<RESPONSE (201 Created): /testdb/TestCase
running with given plugins: []
=== Starting should_set_warnings_count_in_list_view_column(plugins.PmdPluginTest)
Starting Jenkins: JAVA_HOME=/Library/Java/JavaVirtualMachines/jdk1.8.0_60.jdk/Contents/Home JENKINS_HOME=/Users/abduljewel/Documents/c/spiderqa/sample-test-projects/acceptance-test-harness/target/jenkins6673678578350448237home /Library/Java/JavaVirtualMachines/jdk1.8.0_60.jdk/Contents/Home/bin/java -Duser.language=en -jar ./jenkins.war --ajp13Port=-1 --httpPort=60392
master60392|Running from: /Users/abduljewel/Documents/c/spiderqa/sample-test-projects/acceptance-test-harness/jenkins.war
master60392|webroot: EnvVars.masterEnvVars.get("JENKINS_HOME")
master60392|Oct 01, 2015 8:10:55 PM winstone.Logger logInternal
master60392|INFO: Beginning extraction from war file
master60392|Oct 01, 2015 8:10:58 PM org.eclipse.jetty.util.log.JavaUtilLog info
master60392|INFO: jetty-winstone-2.8
master60392|Oct 01, 2015 8:11:02 PM org.eclipse.jetty.util.log.JavaUtilLog info
master60392|INFO: NO JSP Support for , did not find org.apache.jasper.servlet.JspServlet
master60392|Jenkins home directory: /Users/abduljewel/Documents/c/spiderqa/sample-test-projects/acceptance-test-harness/target/jenkins6673678578350448237home found at: EnvVars.masterEnvVars.get("JENKINS_HOME")
master60392|Oct 01, 2015 8:11:04 PM org.eclipse.jetty.util.log.JavaUtilLog info
master60392|INFO: Started SelectChannelConnector@0.0.0.0:60392
master60392|Oct 01, 2015 8:11:04 PM winstone.Logger logInternal
master60392|INFO: Winstone Servlet Engine v2.0 running: controlPort=disabled
master60392|Oct 01, 2015 8:11:05 PM jenkins.InitReactorRunner$1 onAttained
master60392|INFO: Started initialization
master60392|Oct 01, 2015 8:11:38 PM jenkins.InitReactorRunner$1 onAttained
master60392|INFO: Listed all plugins
master60392|Oct 01, 2015 8:11:38 PM jenkins.InitReactorRunner$1 onAttained
master60392|INFO: Prepared all plugins
master60392|Oct 01, 2015 8:11:38 PM jenkins.InitReactorRunner$1 onAttained
master60392|INFO: Started all plugins
master60392|Oct 01, 2015 8:11:38 PM jenkins.InitReactorRunner$1 onAttained
master60392|INFO: Augmented all extensions
master60392|Oct 01, 2015 8:11:42 PM jenkins.InitReactorRunner$1 onAttained
master60392|INFO: Loaded all jobs
master60392|Oct 01, 2015 8:11:46 PM hudson.model.AsyncPeriodicWork$1 run
master60392|INFO: Started Download metadata
master60392|Oct 01, 2015 8:11:47 PM org.jenkinsci.main.modules.sshd.SSHD start
master60392|INFO: Started SSHD at port 62656
master60392|Oct 01, 2015 8:11:47 PM jenkins.InitReactorRunner$1 onAttained
master60392|INFO: Completed initialization
master60392|Oct 01, 2015 8:11:47 PM hudson.UDPBroadcastThread run
master60392|WARNING: UDP handling problem
master60392|java.net.SocketException: Can't assign requested address
master60392|	at java.net.PlainDatagramSocketImpl.join(Native Method)
master60392|	at java.net.AbstractPlainDatagramSocketImpl.join(AbstractPlainDatagramSocketImpl.java:179)
master60392|	at java.net.MulticastSocket.joinGroup(MulticastSocket.java:323)
master60392|	at hudson.UDPBroadcastThread.run(UDPBroadcastThread.java:77)
master60392|
master60392|Oct 01, 2015 8:11:47 PM hudson.WebAppMain$3 run
master60392|INFO: Jenkins is fully up and running
master60392|Oct 01, 2015 8:11:52 PM hudson.model.UpdateSite updateData
master60392|INFO: Obtained the latest update center data file for UpdateSource default
master60392|Oct 01, 2015 8:11:52 PM hudson.model.DownloadService$Downloadable load
master60392|INFO: Obtained the updated data file for hudson.tasks.Maven.MavenInstaller
master60392|Oct 01, 2015 8:11:52 PM hudson.model.DownloadService$Downloadable load
master60392|INFO: Obtained the updated data file for hudson.tasks.Ant.AntInstaller
master60392|Oct 01, 2015 8:11:53 PM hudson.model.DownloadService$Downloadable load
master60392|INFO: Obtained the updated data file for hudson.tools.JDKInstaller
master60392|Oct 01, 2015 8:11:53 PM hudson.model.AsyncPeriodicWork$1 run
master60392|INFO: Finished Download metadata. 7,491 ms
Jenkins is stopped
]]></system-out>
    <system-err><![CDATA[Oct 01, 2015 8:10:54 PM org.jenkinsci.test.acceptance.controller.LocalController startNow
INFO: Waiting for Jenkins to become running in http://127.0.0.1:60392/
Oct 01, 2015 8:11:47 PM org.jenkinsci.test.acceptance.controller.LocalController startNow
INFO: Jenkins is running in http://127.0.0.1:60392/
Oct 01, 2015 8:11:54 PM org.jenkinsci.test.acceptance.po.PluginManager installationStatus
INFO: pmd is not installed
Oct 01, 2015 8:11:54 PM org.jenkinsci.test.acceptance.po.PluginManager installationStatus
INFO: pmd is not installed
Oct 01, 2015 8:11:56 PM org.jenkinsci.test.acceptance.po.PluginManager installationStatus
INFO: script-security has version 1.13 but 1.15 was requested
]]></system-err>
  </testcase>
  <testcase name="should_find_no_warnings" classname="plugins.PmdPluginTest" time="70.469">
    <error message="org.apache.http.entity.ContentType.create(Ljava/lang/String;[Lorg/apache/http/NameValuePair;)Lorg/apache/http/entity/ContentType;" type="java.lang.NoSuchMethodError">java.lang.NoSuchMethodError: org.apache.http.entity.ContentType.create(Ljava/lang/String;[Lorg/apache/http/NameValuePair;)Lorg/apache/http/entity/ContentType;
	at org.apache.http.entity.mime.MultipartEntityBuilder.buildEntity(MultipartEntityBuilder.java:209)
	at org.apache.http.entity.mime.MultipartEntityBuilder.build(MultipartEntityBuilder.java:230)
	at org.jenkinsci.test.acceptance.update_center.PluginMetadata.uploadTo(PluginMetadata.java:65)
	at org.jenkinsci.test.acceptance.po.PluginManager.installPlugins(PluginManager.java:173)
	at org.jenkinsci.test.acceptance.junit.WithPlugins$RuleImpl$1.doInstall(WithPlugins.java:139)
	at org.jenkinsci.test.acceptance.junit.WithPlugins$RuleImpl$1.installPlugins(WithPlugins.java:119)
	at org.jenkinsci.test.acceptance.junit.WithPlugins$RuleImpl$1.evaluate(WithPlugins.java:92)
	at org.jenkinsci.test.acceptance.junit.JenkinsAcceptanceTestRule$1$2$1.evaluate(JenkinsAcceptanceTestRule.java:129)
	at org.jenkinsci.test.acceptance.junit.FilterRule$1.evaluate(FilterRule.java:62)
	at org.jenkinsci.test.acceptance.junit.JenkinsAcceptanceTestRule$1.evaluate(JenkinsAcceptanceTestRule.java:55)
	at org.junit.runners.ParentRunner.runLeaf(ParentRunner.java:271)
	at org.junit.runners.BlockJUnit4ClassRunner.runChild(BlockJUnit4ClassRunner.java:70)
	at org.junit.runners.BlockJUnit4ClassRunner.runChild(BlockJUnit4ClassRunner.java:50)
	at org.junit.runners.ParentRunner$3.run(ParentRunner.java:238)
	at org.junit.runners.ParentRunner$1.schedule(ParentRunner.java:63)
	at org.junit.runners.ParentRunner.runChildren(ParentRunner.java:236)
	at org.junit.runners.ParentRunner.access$000(ParentRunner.java:53)
	at org.junit.runners.ParentRunner$2.evaluate(ParentRunner.java:229)
	at org.junit.runners.ParentRunner.run(ParentRunner.java:309)
	at org.apache.maven.surefire.junit4.JUnit4Provider.execute(JUnit4Provider.java:264)
	at org.apache.maven.surefire.junit4.JUnit4Provider.executeTestSet(JUnit4Provider.java:153)
	at org.apache.maven.surefire.junit4.JUnit4Provider.invoke(JUnit4Provider.java:124)
	at org.apache.maven.surefire.booter.ForkedBooter.invokeProviderInSameClassLoader(ForkedBooter.java:200)
	at org.apache.maven.surefire.booter.ForkedBooter.runSuitesInProcess(ForkedBooter.java:153)
	at org.apache.maven.surefire.booter.ForkedBooter.main(ForkedBooter.java:103)
</error>
    <system-out><![CDATA[testCaseResult=ru.yandex.qatools.allure.model.TestCaseResult@334540a0[
  name=should_set_warnings_count_in_list_view_column
  title=<null>
  description=<null>
  failure=ru.yandex.qatools.allure.model.Failure@1f179f51
  start=1443744654762
  stop=1443744717000
  status=BROKEN
  severity=<null>
  steps=[]
  attachments=[]
  labels=[ru.yandex.qatools.allure.model.Label@b428830, ru.yandex.qatools.allure.model.Label@5b7308aa]
  parameters=<null>
]
testCaseResult={
   "start" : 1443744654762,
   "stop" : 1443744717000,
   "status" : "broken",
   "name" : "should_set_warnings_count_in_list_view_column",
   "failure" : {
      "message" : "NoSuchMethodError: org.apache.http.entity.ContentType.create(Ljava/lang/String;[Lorg/apache/http/NameValuePair;)Lorg/apache/http/entity/ContentType;",
      "stack-trace" : "java.lang.NoSuchMethodError: org.apache.http.entity.ContentType.create(Ljava/lang/String;[Lorg/apache/http/NameValuePair;)Lorg/apache/http/entity/ContentType;\n\tat org.apache.http.entity.mime.MultipartEntityBuilder.buildEntity(MultipartEntityBuilder.java:209)\n\tat org.apache.http.entity.mime.MultipartEntityBuilder.build(MultipartEntityBuilder.java:230)\n\tat org.jenkinsci.test.acceptance.update_center.PluginMetadata.uploadTo(PluginMetadata.java:65)\n\tat org.jenkinsci.test.acceptance.po.PluginManager.installPlugins(PluginManager.java:173)\n\tat org.jenkinsci.test.acceptance.junit.WithPlugins$RuleImpl$1.doInstall(WithPlugins.java:139)\n\tat org.jenkinsci.test.acceptance.junit.WithPlugins$RuleImpl$1.installPlugins(WithPlugins.java:119)\n\tat org.jenkinsci.test.acceptance.junit.WithPlugins$RuleImpl$1.evaluate(WithPlugins.java:92)\n\tat org.jenkinsci.test.acceptance.junit.JenkinsAcceptanceTestRule$1$2$1.evaluate(JenkinsAcceptanceTestRule.java:129)\n\tat org.jenkinsci.test.acceptance.junit.FilterRule$1.evaluate(FilterRule.java:62)\n\tat org.jenkinsci.test.acceptance.junit.JenkinsAcceptanceTestRule$1.evaluate(JenkinsAcceptanceTestRule.java:55)\n\tat org.junit.runners.ParentRunner.runLeaf(ParentRunner.java:271)\n\tat org.junit.runners.BlockJUnit4ClassRunner.runChild(BlockJUnit4ClassRunner.java:70)\n\tat org.junit.runners.BlockJUnit4ClassRunner.runChild(BlockJUnit4ClassRunner.java:50)\n\tat org.junit.runners.ParentRunner$3.run(ParentRunner.java:238)\n\tat org.junit.runners.ParentRunner$1.schedule(ParentRunner.java:63)\n\tat org.junit.runners.ParentRunner.runChildren(ParentRunner.java:236)\n\tat org.junit.runners.ParentRunner.access$000(ParentRunner.java:53)\n\tat org.junit.runners.ParentRunner$2.evaluate(ParentRunner.java:229)\n\tat org.junit.runners.ParentRunner.run(ParentRunner.java:309)\n\tat org.apache.maven.surefire.junit4.JUnit4Provider.execute(JUnit4Provider.java:264)\n\tat org.apache.maven.surefire.junit4.JUnit4Provider.executeTestSet(JUnit4Provider.java:153)\n\tat org.apache.maven.surefire.junit4.JUnit4Provider.invoke(JUnit4Provider.java:124)\n\tat org.apache.maven.surefire.booter.ForkedBooter.invokeProviderInSameClassLoader(ForkedBooter.java:200)\n\tat org.apache.maven.surefire.booter.ForkedBooter.runSuitesInProcess(ForkedBooter.java:153)\n\tat org.apache.maven.surefire.booter.ForkedBooter.main(ForkedBooter.java:103)\n"
   },
   "steps" : {
      "step" : [ ]
   },
   "attachments" : {
      "attachment" : [ ]
   },
   "labels" : {
      "label" : [ {
         "name" : "host",
         "value" : "Abduls-MBP.home"
      }, {
         "name" : "thread",
         "value" : "35250@Abduls-MBP.home.main(1)"
      } ]
   }
}
testCase=ru.yandex.qatools.allure.model.TestCase@42aa1324[
  _id=9ee37f52-6351-42ca-83a2-d77cdb89204c
  executionId=27f47f39-aa42-4a27-8553-fee0eadcf4f3
  result=ru.yandex.qatools.allure.model.TestCaseResult@334540a0
]
testCase={
   "_id" : "9ee37f52-6351-42ca-83a2-d77cdb89204c",
   "executionId" : "27f47f39-aa42-4a27-8553-fee0eadcf4f3",
   "result" : {
      "start" : 1443744654762,
      "stop" : 1443744717000,
      "status" : "broken",
      "name" : "should_set_warnings_count_in_list_view_column",
      "failure" : {
         "message" : "NoSuchMethodError: org.apache.http.entity.ContentType.create(Ljava/lang/String;[Lorg/apache/http/NameValuePair;)Lorg/apache/http/entity/ContentType;",
         "stack-trace" : "java.lang.NoSuchMethodError: org.apache.http.entity.ContentType.create(Ljava/lang/String;[Lorg/apache/http/NameValuePair;)Lorg/apache/http/entity/ContentType;\n\tat org.apache.http.entity.mime.MultipartEntityBuilder.buildEntity(MultipartEntityBuilder.java:209)\n\tat org.apache.http.entity.mime.MultipartEntityBuilder.build(MultipartEntityBuilder.java:230)\n\tat org.jenkinsci.test.acceptance.update_center.PluginMetadata.uploadTo(PluginMetadata.java:65)\n\tat org.jenkinsci.test.acceptance.po.PluginManager.installPlugins(PluginManager.java:173)\n\tat org.jenkinsci.test.acceptance.junit.WithPlugins$RuleImpl$1.doInstall(WithPlugins.java:139)\n\tat org.jenkinsci.test.acceptance.junit.WithPlugins$RuleImpl$1.installPlugins(WithPlugins.java:119)\n\tat org.jenkinsci.test.acceptance.junit.WithPlugins$RuleImpl$1.evaluate(WithPlugins.java:92)\n\tat org.jenkinsci.test.acceptance.junit.JenkinsAcceptanceTestRule$1$2$1.evaluate(JenkinsAcceptanceTestRule.java:129)\n\tat org.jenkinsci.test.acceptance.junit.FilterRule$1.evaluate(FilterRule.java:62)\n\tat org.jenkinsci.test.acceptance.junit.JenkinsAcceptanceTestRule$1.evaluate(JenkinsAcceptanceTestRule.java:55)\n\tat org.junit.runners.ParentRunner.runLeaf(ParentRunner.java:271)\n\tat org.junit.runners.BlockJUnit4ClassRunner.runChild(BlockJUnit4ClassRunner.java:70)\n\tat org.junit.runners.BlockJUnit4ClassRunner.runChild(BlockJUnit4ClassRunner.java:50)\n\tat org.junit.runners.ParentRunner$3.run(ParentRunner.java:238)\n\tat org.junit.runners.ParentRunner$1.schedule(ParentRunner.java:63)\n\tat org.junit.runners.ParentRunner.runChildren(ParentRunner.java:236)\n\tat org.junit.runners.ParentRunner.access$000(ParentRunner.java:53)\n\tat org.junit.runners.ParentRunner$2.evaluate(ParentRunner.java:229)\n\tat org.junit.runners.ParentRunner.run(ParentRunner.java:309)\n\tat org.apache.maven.surefire.junit4.JUnit4Provider.execute(JUnit4Provider.java:264)\n\tat org.apache.maven.surefire.junit4.JUnit4Provider.executeTestSet(JUnit4Provider.java:153)\n\tat org.apache.maven.surefire.junit4.JUnit4Provider.invoke(JUnit4Provider.java:124)\n\tat org.apache.maven.surefire.booter.ForkedBooter.invokeProviderInSameClassLoader(ForkedBooter.java:200)\n\tat org.apache.maven.surefire.booter.ForkedBooter.runSuitesInProcess(ForkedBooter.java:153)\n\tat org.apache.maven.surefire.booter.ForkedBooter.main(ForkedBooter.java:103)\n"
      },
      "steps" : {
         "step" : [ ]
      },
      "attachments" : {
         "attachment" : [ ]
      },
      "labels" : {
         "label" : [ {
            "name" : "host",
            "value" : "Abduls-MBP.home"
         }, {
            "name" : "thread",
            "value" : "35250@Abduls-MBP.home.main(1)"
         } ]
      }
   }
}
>>>REQUEST: /testdb/TestCase
[WARN] [10/01/2015 20:11:57.015] [default-akka.actor.default-dispatcher-108] [ActorSystem(default)] Illegal response header: Illegal 'etag' header: Invalid input '5', expected 'W' or '"' (line 1, column 1): 560dcbcdfbeaf7a200c9bfa1
^
<<<RESPONSE (201 Created): /testdb/TestCase
running with given plugins: []
=== Starting should_find_no_warnings(plugins.PmdPluginTest)
Starting Jenkins: JAVA_HOME=/Library/Java/JavaVirtualMachines/jdk1.8.0_60.jdk/Contents/Home JENKINS_HOME=/Users/abduljewel/Documents/c/spiderqa/sample-test-projects/acceptance-test-harness/target/jenkins1562755179645915229home /Library/Java/JavaVirtualMachines/jdk1.8.0_60.jdk/Contents/Home/bin/java -Duser.language=en -jar ./jenkins.war --ajp13Port=-1 --httpPort=49618
master49618|Running from: /Users/abduljewel/Documents/c/spiderqa/sample-test-projects/acceptance-test-harness/jenkins.war
master49618|webroot: EnvVars.masterEnvVars.get("JENKINS_HOME")
master49618|Oct 01, 2015 8:11:58 PM winstone.Logger logInternal
master49618|INFO: Beginning extraction from war file
master49618|Oct 01, 2015 8:12:01 PM org.eclipse.jetty.util.log.JavaUtilLog info
master49618|INFO: jetty-winstone-2.8
master49618|Oct 01, 2015 8:12:04 PM org.eclipse.jetty.util.log.JavaUtilLog info
master49618|INFO: NO JSP Support for , did not find org.apache.jasper.servlet.JspServlet
master49618|Jenkins home directory: /Users/abduljewel/Documents/c/spiderqa/sample-test-projects/acceptance-test-harness/target/jenkins1562755179645915229home found at: EnvVars.masterEnvVars.get("JENKINS_HOME")
master49618|Oct 01, 2015 8:12:07 PM org.eclipse.jetty.util.log.JavaUtilLog info
master49618|INFO: Started SelectChannelConnector@0.0.0.0:49618
master49618|Oct 01, 2015 8:12:07 PM winstone.Logger logInternal
master49618|INFO: Winstone Servlet Engine v2.0 running: controlPort=disabled
master49618|Oct 01, 2015 8:12:08 PM jenkins.InitReactorRunner$1 onAttained
master49618|INFO: Started initialization
master49618|Oct 01, 2015 8:12:49 PM jenkins.InitReactorRunner$1 onAttained
master49618|INFO: Listed all plugins
master49618|Oct 01, 2015 8:12:49 PM jenkins.InitReactorRunner$1 onAttained
master49618|INFO: Prepared all plugins
master49618|Oct 01, 2015 8:12:49 PM jenkins.InitReactorRunner$1 onAttained
master49618|INFO: Started all plugins
master49618|Oct 01, 2015 8:12:49 PM jenkins.InitReactorRunner$1 onAttained
master49618|INFO: Augmented all extensions
master49618|Oct 01, 2015 8:12:55 PM jenkins.InitReactorRunner$1 onAttained
master49618|INFO: Loaded all jobs
master49618|Oct 01, 2015 8:12:59 PM hudson.model.AsyncPeriodicWork$1 run
master49618|INFO: Started Download metadata
master49618|Oct 01, 2015 8:12:59 PM org.jenkinsci.main.modules.sshd.SSHD start
master49618|INFO: Started SSHD at port 63260
master49618|Oct 01, 2015 8:12:59 PM jenkins.InitReactorRunner$1 onAttained
master49618|INFO: Completed initialization
master49618|Oct 01, 2015 8:12:59 PM hudson.UDPBroadcastThread run
master49618|WARNING: UDP handling problem
master49618|java.net.SocketException: Can't assign requested address
master49618|	at java.net.PlainDatagramSocketImpl.join(Native Method)
master49618|	at java.net.AbstractPlainDatagramSocketImpl.join(AbstractPlainDatagramSocketImpl.java:179)
master49618|	at java.net.MulticastSocket.joinGroup(MulticastSocket.java:323)
master49618|	at hudson.UDPBroadcastThread.run(UDPBroadcastThread.java:77)
master49618|
master49618|Oct 01, 2015 8:12:59 PM hudson.WebAppMain$3 run
master49618|INFO: Jenkins is fully up and running
master49618|Oct 01, 2015 8:13:03 PM hudson.model.UpdateSite updateData
master49618|INFO: Obtained the latest update center data file for UpdateSource default
master49618|Oct 01, 2015 8:13:03 PM hudson.model.DownloadService$Downloadable load
master49618|INFO: Obtained the updated data file for hudson.tasks.Maven.MavenInstaller
master49618|Oct 01, 2015 8:13:04 PM hudson.model.DownloadService$Downloadable load
master49618|INFO: Obtained the updated data file for hudson.tasks.Ant.AntInstaller
master49618|Oct 01, 2015 8:13:04 PM hudson.model.DownloadService$Downloadable load
master49618|INFO: Obtained the updated data file for hudson.tools.JDKInstaller
master49618|Oct 01, 2015 8:13:04 PM hudson.model.AsyncPeriodicWork$1 run
master49618|INFO: Finished Download metadata. 5,924 ms
Jenkins is stopped
]]></system-out>
    <system-err><![CDATA[Oct 01, 2015 8:11:57 PM org.jenkinsci.test.acceptance.controller.LocalController startNow
INFO: Waiting for Jenkins to become running in http://127.0.0.1:49618/
Oct 01, 2015 8:12:59 PM org.jenkinsci.test.acceptance.controller.LocalController startNow
INFO: Jenkins is running in http://127.0.0.1:49618/
Oct 01, 2015 8:13:05 PM org.jenkinsci.test.acceptance.po.PluginManager installationStatus
INFO: pmd is not installed
Oct 01, 2015 8:13:05 PM org.jenkinsci.test.acceptance.po.PluginManager installationStatus
INFO: pmd is not installed
Oct 01, 2015 8:13:07 PM org.jenkinsci.test.acceptance.po.PluginManager installationStatus
INFO: script-security has version 1.13 but 1.15 was requested
]]></system-err>
  </testcase>
  <testcase name="should_link_to_source_code_in_real_project" classname="plugins.PmdPluginTest" time="64.969">
    <error message="org.apache.http.entity.ContentType.create(Ljava/lang/String;[Lorg/apache/http/NameValuePair;)Lorg/apache/http/entity/ContentType;" type="java.lang.NoSuchMethodError">java.lang.NoSuchMethodError: org.apache.http.entity.ContentType.create(Ljava/lang/String;[Lorg/apache/http/NameValuePair;)Lorg/apache/http/entity/ContentType;
	at org.apache.http.entity.mime.MultipartEntityBuilder.buildEntity(MultipartEntityBuilder.java:209)
	at org.apache.http.entity.mime.MultipartEntityBuilder.build(MultipartEntityBuilder.java:230)
	at org.jenkinsci.test.acceptance.update_center.PluginMetadata.uploadTo(PluginMetadata.java:65)
	at org.jenkinsci.test.acceptance.po.PluginManager.installPlugins(PluginManager.java:173)
	at org.jenkinsci.test.acceptance.junit.WithPlugins$RuleImpl$1.doInstall(WithPlugins.java:139)
	at org.jenkinsci.test.acceptance.junit.WithPlugins$RuleImpl$1.installPlugins(WithPlugins.java:119)
	at org.jenkinsci.test.acceptance.junit.WithPlugins$RuleImpl$1.evaluate(WithPlugins.java:92)
	at org.jenkinsci.test.acceptance.junit.JenkinsAcceptanceTestRule$1$2$1.evaluate(JenkinsAcceptanceTestRule.java:129)
	at org.jenkinsci.test.acceptance.junit.FilterRule$1.evaluate(FilterRule.java:62)
	at org.jenkinsci.test.acceptance.junit.JenkinsAcceptanceTestRule$1.evaluate(JenkinsAcceptanceTestRule.java:55)
	at org.junit.runners.ParentRunner.runLeaf(ParentRunner.java:271)
	at org.junit.runners.BlockJUnit4ClassRunner.runChild(BlockJUnit4ClassRunner.java:70)
	at org.junit.runners.BlockJUnit4ClassRunner.runChild(BlockJUnit4ClassRunner.java:50)
	at org.junit.runners.ParentRunner$3.run(ParentRunner.java:238)
	at org.junit.runners.ParentRunner$1.schedule(ParentRunner.java:63)
	at org.junit.runners.ParentRunner.runChildren(ParentRunner.java:236)
	at org.junit.runners.ParentRunner.access$000(ParentRunner.java:53)
	at org.junit.runners.ParentRunner$2.evaluate(ParentRunner.java:229)
	at org.junit.runners.ParentRunner.run(ParentRunner.java:309)
	at org.apache.maven.surefire.junit4.JUnit4Provider.execute(JUnit4Provider.java:264)
	at org.apache.maven.surefire.junit4.JUnit4Provider.executeTestSet(JUnit4Provider.java:153)
	at org.apache.maven.surefire.junit4.JUnit4Provider.invoke(JUnit4Provider.java:124)
	at org.apache.maven.surefire.booter.ForkedBooter.invokeProviderInSameClassLoader(ForkedBooter.java:200)
	at org.apache.maven.surefire.booter.ForkedBooter.runSuitesInProcess(ForkedBooter.java:153)
	at org.apache.maven.surefire.booter.ForkedBooter.main(ForkedBooter.java:103)
</error>
    <system-out><![CDATA[testCaseResult=ru.yandex.qatools.allure.model.TestCaseResult@d969452[
  name=should_find_no_warnings
  title=<null>
  description=<null>
  failure=ru.yandex.qatools.allure.model.Failure@4d4df0f4
  start=1443744717010
  stop=1443744787478
  status=BROKEN
  severity=<null>
  steps=[]
  attachments=[]
  labels=[ru.yandex.qatools.allure.model.Label@74f4a2ba, ru.yandex.qatools.allure.model.Label@5e385b6f]
  parameters=<null>
]
testCaseResult={
   "start" : 1443744717010,
   "stop" : 1443744787478,
   "status" : "broken",
   "name" : "should_find_no_warnings",
   "failure" : {
      "message" : "NoSuchMethodError: org.apache.http.entity.ContentType.create(Ljava/lang/String;[Lorg/apache/http/NameValuePair;)Lorg/apache/http/entity/ContentType;",
      "stack-trace" : "java.lang.NoSuchMethodError: org.apache.http.entity.ContentType.create(Ljava/lang/String;[Lorg/apache/http/NameValuePair;)Lorg/apache/http/entity/ContentType;\n\tat org.apache.http.entity.mime.MultipartEntityBuilder.buildEntity(MultipartEntityBuilder.java:209)\n\tat org.apache.http.entity.mime.MultipartEntityBuilder.build(MultipartEntityBuilder.java:230)\n\tat org.jenkinsci.test.acceptance.update_center.PluginMetadata.uploadTo(PluginMetadata.java:65)\n\tat org.jenkinsci.test.acceptance.po.PluginManager.installPlugins(PluginManager.java:173)\n\tat org.jenkinsci.test.acceptance.junit.WithPlugins$RuleImpl$1.doInstall(WithPlugins.java:139)\n\tat org.jenkinsci.test.acceptance.junit.WithPlugins$RuleImpl$1.installPlugins(WithPlugins.java:119)\n\tat org.jenkinsci.test.acceptance.junit.WithPlugins$RuleImpl$1.evaluate(WithPlugins.java:92)\n\tat org.jenkinsci.test.acceptance.junit.JenkinsAcceptanceTestRule$1$2$1.evaluate(JenkinsAcceptanceTestRule.java:129)\n\tat org.jenkinsci.test.acceptance.junit.FilterRule$1.evaluate(FilterRule.java:62)\n\tat org.jenkinsci.test.acceptance.junit.JenkinsAcceptanceTestRule$1.evaluate(JenkinsAcceptanceTestRule.java:55)\n\tat org.junit.runners.ParentRunner.runLeaf(ParentRunner.java:271)\n\tat org.junit.runners.BlockJUnit4ClassRunner.runChild(BlockJUnit4ClassRunner.java:70)\n\tat org.junit.runners.BlockJUnit4ClassRunner.runChild(BlockJUnit4ClassRunner.java:50)\n\tat org.junit.runners.ParentRunner$3.run(ParentRunner.java:238)\n\tat org.junit.runners.ParentRunner$1.schedule(ParentRunner.java:63)\n\tat org.junit.runners.ParentRunner.runChildren(ParentRunner.java:236)\n\tat org.junit.runners.ParentRunner.access$000(ParentRunner.java:53)\n\tat org.junit.runners.ParentRunner$2.evaluate(ParentRunner.java:229)\n\tat org.junit.runners.ParentRunner.run(ParentRunner.java:309)\n\tat org.apache.maven.surefire.junit4.JUnit4Provider.execute(JUnit4Provider.java:264)\n\tat org.apache.maven.surefire.junit4.JUnit4Provider.executeTestSet(JUnit4Provider.java:153)\n\tat org.apache.maven.surefire.junit4.JUnit4Provider.invoke(JUnit4Provider.java:124)\n\tat org.apache.maven.surefire.booter.ForkedBooter.invokeProviderInSameClassLoader(ForkedBooter.java:200)\n\tat org.apache.maven.surefire.booter.ForkedBooter.runSuitesInProcess(ForkedBooter.java:153)\n\tat org.apache.maven.surefire.booter.ForkedBooter.main(ForkedBooter.java:103)\n"
   },
   "steps" : {
      "step" : [ ]
   },
   "attachments" : {
      "attachment" : [ ]
   },
   "labels" : {
      "label" : [ {
         "name" : "host",
         "value" : "Abduls-MBP.home"
      }, {
         "name" : "thread",
         "value" : "35250@Abduls-MBP.home.main(1)"
      } ]
   }
}
testCase=ru.yandex.qatools.allure.model.TestCase@67b560fe[
  _id=ace20786-616b-4005-9419-689cf70066e9
  executionId=27f47f39-aa42-4a27-8553-fee0eadcf4f3
  result=ru.yandex.qatools.allure.model.TestCaseResult@d969452
]
testCase={
   "_id" : "ace20786-616b-4005-9419-689cf70066e9",
   "executionId" : "27f47f39-aa42-4a27-8553-fee0eadcf4f3",
   "result" : {
      "start" : 1443744717010,
      "stop" : 1443744787478,
      "status" : "broken",
      "name" : "should_find_no_warnings",
      "failure" : {
         "message" : "NoSuchMethodError: org.apache.http.entity.ContentType.create(Ljava/lang/String;[Lorg/apache/http/NameValuePair;)Lorg/apache/http/entity/ContentType;",
         "stack-trace" : "java.lang.NoSuchMethodError: org.apache.http.entity.ContentType.create(Ljava/lang/String;[Lorg/apache/http/NameValuePair;)Lorg/apache/http/entity/ContentType;\n\tat org.apache.http.entity.mime.MultipartEntityBuilder.buildEntity(MultipartEntityBuilder.java:209)\n\tat org.apache.http.entity.mime.MultipartEntityBuilder.build(MultipartEntityBuilder.java:230)\n\tat org.jenkinsci.test.acceptance.update_center.PluginMetadata.uploadTo(PluginMetadata.java:65)\n\tat org.jenkinsci.test.acceptance.po.PluginManager.installPlugins(PluginManager.java:173)\n\tat org.jenkinsci.test.acceptance.junit.WithPlugins$RuleImpl$1.doInstall(WithPlugins.java:139)\n\tat org.jenkinsci.test.acceptance.junit.WithPlugins$RuleImpl$1.installPlugins(WithPlugins.java:119)\n\tat org.jenkinsci.test.acceptance.junit.WithPlugins$RuleImpl$1.evaluate(WithPlugins.java:92)\n\tat org.jenkinsci.test.acceptance.junit.JenkinsAcceptanceTestRule$1$2$1.evaluate(JenkinsAcceptanceTestRule.java:129)\n\tat org.jenkinsci.test.acceptance.junit.FilterRule$1.evaluate(FilterRule.java:62)\n\tat org.jenkinsci.test.acceptance.junit.JenkinsAcceptanceTestRule$1.evaluate(JenkinsAcceptanceTestRule.java:55)\n\tat org.junit.runners.ParentRunner.runLeaf(ParentRunner.java:271)\n\tat org.junit.runners.BlockJUnit4ClassRunner.runChild(BlockJUnit4ClassRunner.java:70)\n\tat org.junit.runners.BlockJUnit4ClassRunner.runChild(BlockJUnit4ClassRunner.java:50)\n\tat org.junit.runners.ParentRunner$3.run(ParentRunner.java:238)\n\tat org.junit.runners.ParentRunner$1.schedule(ParentRunner.java:63)\n\tat org.junit.runners.ParentRunner.runChildren(ParentRunner.java:236)\n\tat org.junit.runners.ParentRunner.access$000(ParentRunner.java:53)\n\tat org.junit.runners.ParentRunner$2.evaluate(ParentRunner.java:229)\n\tat org.junit.runners.ParentRunner.run(ParentRunner.java:309)\n\tat org.apache.maven.surefire.junit4.JUnit4Provider.execute(JUnit4Provider.java:264)\n\tat org.apache.maven.surefire.junit4.JUnit4Provider.executeTestSet(JUnit4Provider.java:153)\n\tat org.apache.maven.surefire.junit4.JUnit4Provider.invoke(JUnit4Provider.java:124)\n\tat org.apache.maven.surefire.booter.ForkedBooter.invokeProviderInSameClassLoader(ForkedBooter.java:200)\n\tat org.apache.maven.surefire.booter.ForkedBooter.runSuitesInProcess(ForkedBooter.java:153)\n\tat org.apache.maven.surefire.booter.ForkedBooter.main(ForkedBooter.java:103)\n"
      },
      "steps" : {
         "step" : [ ]
      },
      "attachments" : {
         "attachment" : [ ]
      },
      "labels" : {
         "label" : [ {
            "name" : "host",
            "value" : "Abduls-MBP.home"
         }, {
            "name" : "thread",
            "value" : "35250@Abduls-MBP.home.main(1)"
         } ]
      }
   }
}
>>>REQUEST: /testdb/TestCase
[WARN] [10/01/2015 20:13:07.490] [default-akka.actor.default-dispatcher-121] [ActorSystem(default)] Illegal response header: Illegal 'etag' header: Invalid input '5', expected 'W' or '"' (line 1, column 1): 560dcc13fbeaf7a200c9bfa6
^
<<<RESPONSE (201 Created): /testdb/TestCase
running with given plugins: []
=== Starting should_link_to_source_code_in_real_project(plugins.PmdPluginTest)
Starting Jenkins: JAVA_HOME=/Library/Java/JavaVirtualMachines/jdk1.8.0_60.jdk/Contents/Home JENKINS_HOME=/Users/abduljewel/Documents/c/spiderqa/sample-test-projects/acceptance-test-harness/target/jenkins5017411223793102062home /Library/Java/JavaVirtualMachines/jdk1.8.0_60.jdk/Contents/Home/bin/java -Duser.language=en -jar ./jenkins.war --ajp13Port=-1 --httpPort=51380
master51380|Running from: /Users/abduljewel/Documents/c/spiderqa/sample-test-projects/acceptance-test-harness/jenkins.war
master51380|webroot: EnvVars.masterEnvVars.get("JENKINS_HOME")
master51380|Oct 01, 2015 8:13:08 PM winstone.Logger logInternal
master51380|INFO: Beginning extraction from war file
master51380|Oct 01, 2015 8:13:10 PM org.eclipse.jetty.util.log.JavaUtilLog info
master51380|INFO: jetty-winstone-2.8
master51380|Oct 01, 2015 8:13:13 PM org.eclipse.jetty.util.log.JavaUtilLog info
master51380|INFO: NO JSP Support for , did not find org.apache.jasper.servlet.JspServlet
master51380|Jenkins home directory: /Users/abduljewel/Documents/c/spiderqa/sample-test-projects/acceptance-test-harness/target/jenkins5017411223793102062home found at: EnvVars.masterEnvVars.get("JENKINS_HOME")
master51380|Oct 01, 2015 8:13:15 PM org.eclipse.jetty.util.log.JavaUtilLog info
master51380|INFO: Started SelectChannelConnector@0.0.0.0:51380
master51380|Oct 01, 2015 8:13:15 PM winstone.Logger logInternal
master51380|INFO: Winstone Servlet Engine v2.0 running: controlPort=disabled
master51380|Oct 01, 2015 8:13:16 PM jenkins.InitReactorRunner$1 onAttained
master51380|INFO: Started initialization
master51380|Oct 01, 2015 8:13:52 PM jenkins.InitReactorRunner$1 onAttained
master51380|INFO: Listed all plugins
master51380|Oct 01, 2015 8:13:52 PM jenkins.InitReactorRunner$1 onAttained
master51380|INFO: Prepared all plugins
master51380|Oct 01, 2015 8:13:52 PM jenkins.InitReactorRunner$1 onAttained
master51380|INFO: Started all plugins
master51380|Oct 01, 2015 8:13:52 PM jenkins.InitReactorRunner$1 onAttained
master51380|INFO: Augmented all extensions
master51380|Oct 01, 2015 8:13:58 PM jenkins.InitReactorRunner$1 onAttained
master51380|INFO: Loaded all jobs
master51380|Oct 01, 2015 8:14:02 PM hudson.model.AsyncPeriodicWork$1 run
master51380|INFO: Started Download metadata
master51380|Oct 01, 2015 8:14:02 PM org.jenkinsci.main.modules.sshd.SSHD start
master51380|INFO: Started SSHD at port 63588
master51380|Oct 01, 2015 8:14:02 PM jenkins.InitReactorRunner$1 onAttained
master51380|INFO: Completed initialization
master51380|Oct 01, 2015 8:14:02 PM hudson.UDPBroadcastThread run
master51380|WARNING: UDP handling problem
master51380|java.net.SocketException: Can't assign requested address
master51380|	at java.net.PlainDatagramSocketImpl.join(Native Method)
master51380|	at java.net.AbstractPlainDatagramSocketImpl.join(AbstractPlainDatagramSocketImpl.java:179)
master51380|	at java.net.MulticastSocket.joinGroup(MulticastSocket.java:323)
master51380|	at hudson.UDPBroadcastThread.run(UDPBroadcastThread.java:77)
master51380|
master51380|Oct 01, 2015 8:14:02 PM hudson.WebAppMain$3 run
master51380|INFO: Jenkins is fully up and running
master51380|Oct 01, 2015 8:14:05 PM hudson.model.UpdateSite updateData
master51380|INFO: Obtained the latest update center data file for UpdateSource default
master51380|Oct 01, 2015 8:14:06 PM hudson.model.DownloadService$Downloadable load
master51380|INFO: Obtained the updated data file for hudson.tasks.Maven.MavenInstaller
master51380|Oct 01, 2015 8:14:06 PM hudson.model.DownloadService$Downloadable load
master51380|INFO: Obtained the updated data file for hudson.tasks.Ant.AntInstaller
master51380|Oct 01, 2015 8:14:08 PM hudson.model.DownloadService$Downloadable load
master51380|INFO: Obtained the updated data file for hudson.tools.JDKInstaller
master51380|Oct 01, 2015 8:14:08 PM hudson.model.AsyncPeriodicWork$1 run
master51380|INFO: Finished Download metadata. 6,463 ms
Jenkins is stopped
]]></system-out>
    <system-err><![CDATA[Oct 01, 2015 8:13:07 PM org.jenkinsci.test.acceptance.controller.LocalController startNow
INFO: Waiting for Jenkins to become running in http://127.0.0.1:51380/
Oct 01, 2015 8:14:02 PM org.jenkinsci.test.acceptance.controller.LocalController startNow
INFO: Jenkins is running in http://127.0.0.1:51380/
Oct 01, 2015 8:14:09 PM org.jenkinsci.test.acceptance.po.PluginManager installationStatus
INFO: pmd is not installed
Oct 01, 2015 8:14:09 PM org.jenkinsci.test.acceptance.po.PluginManager installationStatus
INFO: pmd is not installed
Oct 01, 2015 8:14:11 PM org.jenkinsci.test.acceptance.po.PluginManager installationStatus
INFO: script-security has version 1.13 but 1.15 was requested
]]></system-err>
  </testcase>
  <testcase name="should_set_result_in_build_sequence_when_comparing_to_previous_build" classname="plugins.PmdPluginTest" time="71.075">
    <error message="org.apache.http.entity.ContentType.create(Ljava/lang/String;[Lorg/apache/http/NameValuePair;)Lorg/apache/http/entity/ContentType;" type="java.lang.NoSuchMethodError">java.lang.NoSuchMethodError: org.apache.http.entity.ContentType.create(Ljava/lang/String;[Lorg/apache/http/NameValuePair;)Lorg/apache/http/entity/ContentType;
	at org.apache.http.entity.mime.MultipartEntityBuilder.buildEntity(MultipartEntityBuilder.java:209)
	at org.apache.http.entity.mime.MultipartEntityBuilder.build(MultipartEntityBuilder.java:230)
	at org.jenkinsci.test.acceptance.update_center.PluginMetadata.uploadTo(PluginMetadata.java:65)
	at org.jenkinsci.test.acceptance.po.PluginManager.installPlugins(PluginManager.java:173)
	at org.jenkinsci.test.acceptance.junit.WithPlugins$RuleImpl$1.doInstall(WithPlugins.java:139)
	at org.jenkinsci.test.acceptance.junit.WithPlugins$RuleImpl$1.installPlugins(WithPlugins.java:119)
	at org.jenkinsci.test.acceptance.junit.WithPlugins$RuleImpl$1.evaluate(WithPlugins.java:92)
	at org.jenkinsci.test.acceptance.junit.JenkinsAcceptanceTestRule$1$2$1.evaluate(JenkinsAcceptanceTestRule.java:129)
	at org.jenkinsci.test.acceptance.junit.FilterRule$1.evaluate(FilterRule.java:62)
	at org.jenkinsci.test.acceptance.junit.JenkinsAcceptanceTestRule$1.evaluate(JenkinsAcceptanceTestRule.java:55)
	at org.junit.runners.ParentRunner.runLeaf(ParentRunner.java:271)
	at org.junit.runners.BlockJUnit4ClassRunner.runChild(BlockJUnit4ClassRunner.java:70)
	at org.junit.runners.BlockJUnit4ClassRunner.runChild(BlockJUnit4ClassRunner.java:50)
	at org.junit.runners.ParentRunner$3.run(ParentRunner.java:238)
	at org.junit.runners.ParentRunner$1.schedule(ParentRunner.java:63)
	at org.junit.runners.ParentRunner.runChildren(ParentRunner.java:236)
	at org.junit.runners.ParentRunner.access$000(ParentRunner.java:53)
	at org.junit.runners.ParentRunner$2.evaluate(ParentRunner.java:229)
	at org.junit.runners.ParentRunner.run(ParentRunner.java:309)
	at org.apache.maven.surefire.junit4.JUnit4Provider.execute(JUnit4Provider.java:264)
	at org.apache.maven.surefire.junit4.JUnit4Provider.executeTestSet(JUnit4Provider.java:153)
	at org.apache.maven.surefire.junit4.JUnit4Provider.invoke(JUnit4Provider.java:124)
	at org.apache.maven.surefire.booter.ForkedBooter.invokeProviderInSameClassLoader(ForkedBooter.java:200)
	at org.apache.maven.surefire.booter.ForkedBooter.runSuitesInProcess(ForkedBooter.java:153)
	at org.apache.maven.surefire.booter.ForkedBooter.main(ForkedBooter.java:103)
</error>
    <system-out><![CDATA[testCaseResult=ru.yandex.qatools.allure.model.TestCaseResult@590013c7[
  name=should_link_to_source_code_in_real_project
  title=<null>
  description=<null>
  failure=ru.yandex.qatools.allure.model.Failure@64f32e9e
  start=1443744787485
  stop=1443744852454
  status=BROKEN
  severity=<null>
  steps=[]
  attachments=[]
  labels=[ru.yandex.qatools.allure.model.Label@7b211077, ru.yandex.qatools.allure.model.Label@3b770d07]
  parameters=<null>
]
testCaseResult={
   "start" : 1443744787485,
   "stop" : 1443744852454,
   "status" : "broken",
   "name" : "should_link_to_source_code_in_real_project",
   "failure" : {
      "message" : "NoSuchMethodError: org.apache.http.entity.ContentType.create(Ljava/lang/String;[Lorg/apache/http/NameValuePair;)Lorg/apache/http/entity/ContentType;",
      "stack-trace" : "java.lang.NoSuchMethodError: org.apache.http.entity.ContentType.create(Ljava/lang/String;[Lorg/apache/http/NameValuePair;)Lorg/apache/http/entity/ContentType;\n\tat org.apache.http.entity.mime.MultipartEntityBuilder.buildEntity(MultipartEntityBuilder.java:209)\n\tat org.apache.http.entity.mime.MultipartEntityBuilder.build(MultipartEntityBuilder.java:230)\n\tat org.jenkinsci.test.acceptance.update_center.PluginMetadata.uploadTo(PluginMetadata.java:65)\n\tat org.jenkinsci.test.acceptance.po.PluginManager.installPlugins(PluginManager.java:173)\n\tat org.jenkinsci.test.acceptance.junit.WithPlugins$RuleImpl$1.doInstall(WithPlugins.java:139)\n\tat org.jenkinsci.test.acceptance.junit.WithPlugins$RuleImpl$1.installPlugins(WithPlugins.java:119)\n\tat org.jenkinsci.test.acceptance.junit.WithPlugins$RuleImpl$1.evaluate(WithPlugins.java:92)\n\tat org.jenkinsci.test.acceptance.junit.JenkinsAcceptanceTestRule$1$2$1.evaluate(JenkinsAcceptanceTestRule.java:129)\n\tat org.jenkinsci.test.acceptance.junit.FilterRule$1.evaluate(FilterRule.java:62)\n\tat org.jenkinsci.test.acceptance.junit.JenkinsAcceptanceTestRule$1.evaluate(JenkinsAcceptanceTestRule.java:55)\n\tat org.junit.runners.ParentRunner.runLeaf(ParentRunner.java:271)\n\tat org.junit.runners.BlockJUnit4ClassRunner.runChild(BlockJUnit4ClassRunner.java:70)\n\tat org.junit.runners.BlockJUnit4ClassRunner.runChild(BlockJUnit4ClassRunner.java:50)\n\tat org.junit.runners.ParentRunner$3.run(ParentRunner.java:238)\n\tat org.junit.runners.ParentRunner$1.schedule(ParentRunner.java:63)\n\tat org.junit.runners.ParentRunner.runChildren(ParentRunner.java:236)\n\tat org.junit.runners.ParentRunner.access$000(ParentRunner.java:53)\n\tat org.junit.runners.ParentRunner$2.evaluate(ParentRunner.java:229)\n\tat org.junit.runners.ParentRunner.run(ParentRunner.java:309)\n\tat org.apache.maven.surefire.junit4.JUnit4Provider.execute(JUnit4Provider.java:264)\n\tat org.apache.maven.surefire.junit4.JUnit4Provider.executeTestSet(JUnit4Provider.java:153)\n\tat org.apache.maven.surefire.junit4.JUnit4Provider.invoke(JUnit4Provider.java:124)\n\tat org.apache.maven.surefire.booter.ForkedBooter.invokeProviderInSameClassLoader(ForkedBooter.java:200)\n\tat org.apache.maven.surefire.booter.ForkedBooter.runSuitesInProcess(ForkedBooter.java:153)\n\tat org.apache.maven.surefire.booter.ForkedBooter.main(ForkedBooter.java:103)\n"
   },
   "steps" : {
      "step" : [ ]
   },
   "attachments" : {
      "attachment" : [ ]
   },
   "labels" : {
      "label" : [ {
         "name" : "host",
         "value" : "Abduls-MBP.home"
      }, {
         "name" : "thread",
         "value" : "35250@Abduls-MBP.home.main(1)"
      } ]
   }
}
testCase=ru.yandex.qatools.allure.model.TestCase@62b0bf85[
  _id=b31bb445-476d-40c6-a484-6ac18082a31f
  executionId=27f47f39-aa42-4a27-8553-fee0eadcf4f3
  result=ru.yandex.qatools.allure.model.TestCaseResult@590013c7
]
testCase={
   "_id" : "b31bb445-476d-40c6-a484-6ac18082a31f",
   "executionId" : "27f47f39-aa42-4a27-8553-fee0eadcf4f3",
   "result" : {
      "start" : 1443744787485,
      "stop" : 1443744852454,
      "status" : "broken",
      "name" : "should_link_to_source_code_in_real_project",
      "failure" : {
         "message" : "NoSuchMethodError: org.apache.http.entity.ContentType.create(Ljava/lang/String;[Lorg/apache/http/NameValuePair;)Lorg/apache/http/entity/ContentType;",
         "stack-trace" : "java.lang.NoSuchMethodError: org.apache.http.entity.ContentType.create(Ljava/lang/String;[Lorg/apache/http/NameValuePair;)Lorg/apache/http/entity/ContentType;\n\tat org.apache.http.entity.mime.MultipartEntityBuilder.buildEntity(MultipartEntityBuilder.java:209)\n\tat org.apache.http.entity.mime.MultipartEntityBuilder.build(MultipartEntityBuilder.java:230)\n\tat org.jenkinsci.test.acceptance.update_center.PluginMetadata.uploadTo(PluginMetadata.java:65)\n\tat org.jenkinsci.test.acceptance.po.PluginManager.installPlugins(PluginManager.java:173)\n\tat org.jenkinsci.test.acceptance.junit.WithPlugins$RuleImpl$1.doInstall(WithPlugins.java:139)\n\tat org.jenkinsci.test.acceptance.junit.WithPlugins$RuleImpl$1.installPlugins(WithPlugins.java:119)\n\tat org.jenkinsci.test.acceptance.junit.WithPlugins$RuleImpl$1.evaluate(WithPlugins.java:92)\n\tat org.jenkinsci.test.acceptance.junit.JenkinsAcceptanceTestRule$1$2$1.evaluate(JenkinsAcceptanceTestRule.java:129)\n\tat org.jenkinsci.test.acceptance.junit.FilterRule$1.evaluate(FilterRule.java:62)\n\tat org.jenkinsci.test.acceptance.junit.JenkinsAcceptanceTestRule$1.evaluate(JenkinsAcceptanceTestRule.java:55)\n\tat org.junit.runners.ParentRunner.runLeaf(ParentRunner.java:271)\n\tat org.junit.runners.BlockJUnit4ClassRunner.runChild(BlockJUnit4ClassRunner.java:70)\n\tat org.junit.runners.BlockJUnit4ClassRunner.runChild(BlockJUnit4ClassRunner.java:50)\n\tat org.junit.runners.ParentRunner$3.run(ParentRunner.java:238)\n\tat org.junit.runners.ParentRunner$1.schedule(ParentRunner.java:63)\n\tat org.junit.runners.ParentRunner.runChildren(ParentRunner.java:236)\n\tat org.junit.runners.ParentRunner.access$000(ParentRunner.java:53)\n\tat org.junit.runners.ParentRunner$2.evaluate(ParentRunner.java:229)\n\tat org.junit.runners.ParentRunner.run(ParentRunner.java:309)\n\tat org.apache.maven.surefire.junit4.JUnit4Provider.execute(JUnit4Provider.java:264)\n\tat org.apache.maven.surefire.junit4.JUnit4Provider.executeTestSet(JUnit4Provider.java:153)\n\tat org.apache.maven.surefire.junit4.JUnit4Provider.invoke(JUnit4Provider.java:124)\n\tat org.apache.maven.surefire.booter.ForkedBooter.invokeProviderInSameClassLoader(ForkedBooter.java:200)\n\tat org.apache.maven.surefire.booter.ForkedBooter.runSuitesInProcess(ForkedBooter.java:153)\n\tat org.apache.maven.surefire.booter.ForkedBooter.main(ForkedBooter.java:103)\n"
      },
      "steps" : {
         "step" : [ ]
      },
      "attachments" : {
         "attachment" : [ ]
      },
      "labels" : {
         "label" : [ {
            "name" : "host",
            "value" : "Abduls-MBP.home"
         }, {
            "name" : "thread",
            "value" : "35250@Abduls-MBP.home.main(1)"
         } ]
      }
   }
}
>>>REQUEST: /testdb/TestCase
[WARN] [10/01/2015 20:14:12.467] [default-akka.actor.default-dispatcher-121] [ActorSystem(default)] Illegal response header: Illegal 'etag' header: Invalid input '5', expected 'W' or '"' (line 1, column 1): 560dcc54fbeaf7a200c9bfab
^
<<<RESPONSE (201 Created): /testdb/TestCase
running with given plugins: []
=== Starting should_set_result_in_build_sequence_when_comparing_to_previous_build(plugins.PmdPluginTest)
Starting Jenkins: JAVA_HOME=/Library/Java/JavaVirtualMachines/jdk1.8.0_60.jdk/Contents/Home JENKINS_HOME=/Users/abduljewel/Documents/c/spiderqa/sample-test-projects/acceptance-test-harness/target/jenkins979064204306765323home /Library/Java/JavaVirtualMachines/jdk1.8.0_60.jdk/Contents/Home/bin/java -Duser.language=en -jar ./jenkins.war --ajp13Port=-1 --httpPort=54339
master54339|Running from: /Users/abduljewel/Documents/c/spiderqa/sample-test-projects/acceptance-test-harness/jenkins.war
master54339|webroot: EnvVars.masterEnvVars.get("JENKINS_HOME")
master54339|Oct 01, 2015 8:14:13 PM winstone.Logger logInternal
master54339|INFO: Beginning extraction from war file
master54339|Oct 01, 2015 8:14:16 PM org.eclipse.jetty.util.log.JavaUtilLog info
master54339|INFO: jetty-winstone-2.8
master54339|Oct 01, 2015 8:14:19 PM org.eclipse.jetty.util.log.JavaUtilLog info
master54339|INFO: NO JSP Support for , did not find org.apache.jasper.servlet.JspServlet
master54339|Jenkins home directory: /Users/abduljewel/Documents/c/spiderqa/sample-test-projects/acceptance-test-harness/target/jenkins979064204306765323home found at: EnvVars.masterEnvVars.get("JENKINS_HOME")
master54339|Oct 01, 2015 8:14:22 PM org.eclipse.jetty.util.log.JavaUtilLog info
master54339|INFO: Started SelectChannelConnector@0.0.0.0:54339
master54339|Oct 01, 2015 8:14:22 PM winstone.Logger logInternal
master54339|INFO: Winstone Servlet Engine v2.0 running: controlPort=disabled
master54339|Oct 01, 2015 8:14:22 PM jenkins.InitReactorRunner$1 onAttained
master54339|INFO: Started initialization
master54339|Oct 01, 2015 8:15:04 PM jenkins.InitReactorRunner$1 onAttained
master54339|INFO: Listed all plugins
master54339|Oct 01, 2015 8:15:04 PM jenkins.InitReactorRunner$1 onAttained
master54339|INFO: Prepared all plugins
master54339|Oct 01, 2015 8:15:04 PM jenkins.InitReactorRunner$1 onAttained
master54339|INFO: Started all plugins
master54339|Oct 01, 2015 8:15:04 PM jenkins.InitReactorRunner$1 onAttained
master54339|INFO: Augmented all extensions
master54339|Oct 01, 2015 8:15:09 PM jenkins.InitReactorRunner$1 onAttained
master54339|INFO: Loaded all jobs
master54339|Oct 01, 2015 8:15:13 PM hudson.model.AsyncPeriodicWork$1 run
master54339|INFO: Started Download metadata
master54339|Oct 01, 2015 8:15:14 PM org.jenkinsci.main.modules.sshd.SSHD start
master54339|INFO: Started SSHD at port 64247
master54339|Oct 01, 2015 8:15:14 PM jenkins.InitReactorRunner$1 onAttained
master54339|INFO: Completed initialization
master54339|Oct 01, 2015 8:15:14 PM hudson.UDPBroadcastThread run
master54339|WARNING: UDP handling problem
master54339|java.net.SocketException: Can't assign requested address
master54339|	at java.net.PlainDatagramSocketImpl.join(Native Method)
master54339|	at java.net.AbstractPlainDatagramSocketImpl.join(AbstractPlainDatagramSocketImpl.java:179)
master54339|	at java.net.MulticastSocket.joinGroup(MulticastSocket.java:323)
master54339|	at hudson.UDPBroadcastThread.run(UDPBroadcastThread.java:77)
master54339|
master54339|Oct 01, 2015 8:15:14 PM hudson.WebAppMain$3 run
master54339|INFO: Jenkins is fully up and running
master54339|Oct 01, 2015 8:15:16 PM hudson.model.UpdateSite updateData
master54339|INFO: Obtained the latest update center data file for UpdateSource default
master54339|Oct 01, 2015 8:15:17 PM hudson.model.DownloadService$Downloadable load
master54339|INFO: Obtained the updated data file for hudson.tasks.Maven.MavenInstaller
master54339|Oct 01, 2015 8:15:17 PM hudson.model.DownloadService$Downloadable load
master54339|INFO: Obtained the updated data file for hudson.tasks.Ant.AntInstaller
master54339|Oct 01, 2015 8:15:19 PM hudson.model.DownloadService$Downloadable load
master54339|INFO: Obtained the updated data file for hudson.tools.JDKInstaller
master54339|Oct 01, 2015 8:15:19 PM hudson.model.AsyncPeriodicWork$1 run
master54339|INFO: Finished Download metadata. 6,502 ms
Jenkins is stopped
]]></system-out>
    <system-err><![CDATA[Oct 01, 2015 8:14:12 PM org.jenkinsci.test.acceptance.controller.LocalController startNow
INFO: Waiting for Jenkins to become running in http://127.0.0.1:54339/
Oct 01, 2015 8:15:14 PM org.jenkinsci.test.acceptance.controller.LocalController startNow
INFO: Jenkins is running in http://127.0.0.1:54339/
Oct 01, 2015 8:15:20 PM org.jenkinsci.test.acceptance.po.PluginManager installationStatus
INFO: pmd is not installed
Oct 01, 2015 8:15:20 PM org.jenkinsci.test.acceptance.po.PluginManager installationStatus
INFO: pmd is not installed
Oct 01, 2015 8:15:22 PM org.jenkinsci.test.acceptance.po.PluginManager installationStatus
INFO: script-security has version 1.13 but 1.15 was requested
]]></system-err>
  </testcase>
  <testcase name="should_retrieve_results_from_slave" classname="plugins.PmdPluginTest" time="68.058">
    <error message="org.apache.http.entity.ContentType.create(Ljava/lang/String;[Lorg/apache/http/NameValuePair;)Lorg/apache/http/entity/ContentType;" type="java.lang.NoSuchMethodError">java.lang.NoSuchMethodError: org.apache.http.entity.ContentType.create(Ljava/lang/String;[Lorg/apache/http/NameValuePair;)Lorg/apache/http/entity/ContentType;
	at org.apache.http.entity.mime.MultipartEntityBuilder.buildEntity(MultipartEntityBuilder.java:209)
	at org.apache.http.entity.mime.MultipartEntityBuilder.build(MultipartEntityBuilder.java:230)
	at org.jenkinsci.test.acceptance.update_center.PluginMetadata.uploadTo(PluginMetadata.java:65)
	at org.jenkinsci.test.acceptance.po.PluginManager.installPlugins(PluginManager.java:173)
	at org.jenkinsci.test.acceptance.junit.WithPlugins$RuleImpl$1.doInstall(WithPlugins.java:139)
	at org.jenkinsci.test.acceptance.junit.WithPlugins$RuleImpl$1.installPlugins(WithPlugins.java:119)
	at org.jenkinsci.test.acceptance.junit.WithPlugins$RuleImpl$1.evaluate(WithPlugins.java:92)
	at org.jenkinsci.test.acceptance.junit.JenkinsAcceptanceTestRule$1$2$1.evaluate(JenkinsAcceptanceTestRule.java:129)
	at org.jenkinsci.test.acceptance.junit.FilterRule$1.evaluate(FilterRule.java:62)
	at org.jenkinsci.test.acceptance.junit.JenkinsAcceptanceTestRule$1.evaluate(JenkinsAcceptanceTestRule.java:55)
	at org.junit.runners.ParentRunner.runLeaf(ParentRunner.java:271)
	at org.junit.runners.BlockJUnit4ClassRunner.runChild(BlockJUnit4ClassRunner.java:70)
	at org.junit.runners.BlockJUnit4ClassRunner.runChild(BlockJUnit4ClassRunner.java:50)
	at org.junit.runners.ParentRunner$3.run(ParentRunner.java:238)
	at org.junit.runners.ParentRunner$1.schedule(ParentRunner.java:63)
	at org.junit.runners.ParentRunner.runChildren(ParentRunner.java:236)
	at org.junit.runners.ParentRunner.access$000(ParentRunner.java:53)
	at org.junit.runners.ParentRunner$2.evaluate(ParentRunner.java:229)
	at org.junit.runners.ParentRunner.run(ParentRunner.java:309)
	at org.apache.maven.surefire.junit4.JUnit4Provider.execute(JUnit4Provider.java:264)
	at org.apache.maven.surefire.junit4.JUnit4Provider.executeTestSet(JUnit4Provider.java:153)
	at org.apache.maven.surefire.junit4.JUnit4Provider.invoke(JUnit4Provider.java:124)
	at org.apache.maven.surefire.booter.ForkedBooter.invokeProviderInSameClassLoader(ForkedBooter.java:200)
	at org.apache.maven.surefire.booter.ForkedBooter.runSuitesInProcess(ForkedBooter.java:153)
	at org.apache.maven.surefire.booter.ForkedBooter.main(ForkedBooter.java:103)
</error>
    <system-out><![CDATA[testCaseResult=ru.yandex.qatools.allure.model.TestCaseResult@451816fd[
  name=should_set_result_in_build_sequence_when_comparing_to_previous_build
  title=<null>
  description=<null>
  failure=ru.yandex.qatools.allure.model.Failure@56e5c8fb
  start=1443744852463
  stop=1443744923536
  status=BROKEN
  severity=<null>
  steps=[]
  attachments=[]
  labels=[ru.yandex.qatools.allure.model.Label@45cd8607, ru.yandex.qatools.allure.model.Label@9e33a6a]
  parameters=<null>
]
testCaseResult={
   "start" : 1443744852463,
   "stop" : 1443744923536,
   "status" : "broken",
   "name" : "should_set_result_in_build_sequence_when_comparing_to_previous_build",
   "failure" : {
      "message" : "NoSuchMethodError: org.apache.http.entity.ContentType.create(Ljava/lang/String;[Lorg/apache/http/NameValuePair;)Lorg/apache/http/entity/ContentType;",
      "stack-trace" : "java.lang.NoSuchMethodError: org.apache.http.entity.ContentType.create(Ljava/lang/String;[Lorg/apache/http/NameValuePair;)Lorg/apache/http/entity/ContentType;\n\tat org.apache.http.entity.mime.MultipartEntityBuilder.buildEntity(MultipartEntityBuilder.java:209)\n\tat org.apache.http.entity.mime.MultipartEntityBuilder.build(MultipartEntityBuilder.java:230)\n\tat org.jenkinsci.test.acceptance.update_center.PluginMetadata.uploadTo(PluginMetadata.java:65)\n\tat org.jenkinsci.test.acceptance.po.PluginManager.installPlugins(PluginManager.java:173)\n\tat org.jenkinsci.test.acceptance.junit.WithPlugins$RuleImpl$1.doInstall(WithPlugins.java:139)\n\tat org.jenkinsci.test.acceptance.junit.WithPlugins$RuleImpl$1.installPlugins(WithPlugins.java:119)\n\tat org.jenkinsci.test.acceptance.junit.WithPlugins$RuleImpl$1.evaluate(WithPlugins.java:92)\n\tat org.jenkinsci.test.acceptance.junit.JenkinsAcceptanceTestRule$1$2$1.evaluate(JenkinsAcceptanceTestRule.java:129)\n\tat org.jenkinsci.test.acceptance.junit.FilterRule$1.evaluate(FilterRule.java:62)\n\tat org.jenkinsci.test.acceptance.junit.JenkinsAcceptanceTestRule$1.evaluate(JenkinsAcceptanceTestRule.java:55)\n\tat org.junit.runners.ParentRunner.runLeaf(ParentRunner.java:271)\n\tat org.junit.runners.BlockJUnit4ClassRunner.runChild(BlockJUnit4ClassRunner.java:70)\n\tat org.junit.runners.BlockJUnit4ClassRunner.runChild(BlockJUnit4ClassRunner.java:50)\n\tat org.junit.runners.ParentRunner$3.run(ParentRunner.java:238)\n\tat org.junit.runners.ParentRunner$1.schedule(ParentRunner.java:63)\n\tat org.junit.runners.ParentRunner.runChildren(ParentRunner.java:236)\n\tat org.junit.runners.ParentRunner.access$000(ParentRunner.java:53)\n\tat org.junit.runners.ParentRunner$2.evaluate(ParentRunner.java:229)\n\tat org.junit.runners.ParentRunner.run(ParentRunner.java:309)\n\tat org.apache.maven.surefire.junit4.JUnit4Provider.execute(JUnit4Provider.java:264)\n\tat org.apache.maven.surefire.junit4.JUnit4Provider.executeTestSet(JUnit4Provider.java:153)\n\tat org.apache.maven.surefire.junit4.JUnit4Provider.invoke(JUnit4Provider.java:124)\n\tat org.apache.maven.surefire.booter.ForkedBooter.invokeProviderInSameClassLoader(ForkedBooter.java:200)\n\tat org.apache.maven.surefire.booter.ForkedBooter.runSuitesInProcess(ForkedBooter.java:153)\n\tat org.apache.maven.surefire.booter.ForkedBooter.main(ForkedBooter.java:103)\n"
   },
   "steps" : {
      "step" : [ ]
   },
   "attachments" : {
      "attachment" : [ ]
   },
   "labels" : {
      "label" : [ {
         "name" : "host",
         "value" : "Abduls-MBP.home"
      }, {
         "name" : "thread",
         "value" : "35250@Abduls-MBP.home.main(1)"
      } ]
   }
}
testCase=ru.yandex.qatools.allure.model.TestCase@c497a55[
  _id=2d0ad473-a37a-4711-8874-0ecf1ea9c47a
  executionId=27f47f39-aa42-4a27-8553-fee0eadcf4f3
  result=ru.yandex.qatools.allure.model.TestCaseResult@451816fd
]
testCase={
   "_id" : "2d0ad473-a37a-4711-8874-0ecf1ea9c47a",
   "executionId" : "27f47f39-aa42-4a27-8553-fee0eadcf4f3",
   "result" : {
      "start" : 1443744852463,
      "stop" : 1443744923536,
      "status" : "broken",
      "name" : "should_set_result_in_build_sequence_when_comparing_to_previous_build",
      "failure" : {
         "message" : "NoSuchMethodError: org.apache.http.entity.ContentType.create(Ljava/lang/String;[Lorg/apache/http/NameValuePair;)Lorg/apache/http/entity/ContentType;",
         "stack-trace" : "java.lang.NoSuchMethodError: org.apache.http.entity.ContentType.create(Ljava/lang/String;[Lorg/apache/http/NameValuePair;)Lorg/apache/http/entity/ContentType;\n\tat org.apache.http.entity.mime.MultipartEntityBuilder.buildEntity(MultipartEntityBuilder.java:209)\n\tat org.apache.http.entity.mime.MultipartEntityBuilder.build(MultipartEntityBuilder.java:230)\n\tat org.jenkinsci.test.acceptance.update_center.PluginMetadata.uploadTo(PluginMetadata.java:65)\n\tat org.jenkinsci.test.acceptance.po.PluginManager.installPlugins(PluginManager.java:173)\n\tat org.jenkinsci.test.acceptance.junit.WithPlugins$RuleImpl$1.doInstall(WithPlugins.java:139)\n\tat org.jenkinsci.test.acceptance.junit.WithPlugins$RuleImpl$1.installPlugins(WithPlugins.java:119)\n\tat org.jenkinsci.test.acceptance.junit.WithPlugins$RuleImpl$1.evaluate(WithPlugins.java:92)\n\tat org.jenkinsci.test.acceptance.junit.JenkinsAcceptanceTestRule$1$2$1.evaluate(JenkinsAcceptanceTestRule.java:129)\n\tat org.jenkinsci.test.acceptance.junit.FilterRule$1.evaluate(FilterRule.java:62)\n\tat org.jenkinsci.test.acceptance.junit.JenkinsAcceptanceTestRule$1.evaluate(JenkinsAcceptanceTestRule.java:55)\n\tat org.junit.runners.ParentRunner.runLeaf(ParentRunner.java:271)\n\tat org.junit.runners.BlockJUnit4ClassRunner.runChild(BlockJUnit4ClassRunner.java:70)\n\tat org.junit.runners.BlockJUnit4ClassRunner.runChild(BlockJUnit4ClassRunner.java:50)\n\tat org.junit.runners.ParentRunner$3.run(ParentRunner.java:238)\n\tat org.junit.runners.ParentRunner$1.schedule(ParentRunner.java:63)\n\tat org.junit.runners.ParentRunner.runChildren(ParentRunner.java:236)\n\tat org.junit.runners.ParentRunner.access$000(ParentRunner.java:53)\n\tat org.junit.runners.ParentRunner$2.evaluate(ParentRunner.java:229)\n\tat org.junit.runners.ParentRunner.run(ParentRunner.java:309)\n\tat org.apache.maven.surefire.junit4.JUnit4Provider.execute(JUnit4Provider.java:264)\n\tat org.apache.maven.surefire.junit4.JUnit4Provider.executeTestSet(JUnit4Provider.java:153)\n\tat org.apache.maven.surefire.junit4.JUnit4Provider.invoke(JUnit4Provider.java:124)\n\tat org.apache.maven.surefire.booter.ForkedBooter.invokeProviderInSameClassLoader(ForkedBooter.java:200)\n\tat org.apache.maven.surefire.booter.ForkedBooter.runSuitesInProcess(ForkedBooter.java:153)\n\tat org.apache.maven.surefire.booter.ForkedBooter.main(ForkedBooter.java:103)\n"
      },
      "steps" : {
         "step" : [ ]
      },
      "attachments" : {
         "attachment" : [ ]
      },
      "labels" : {
         "label" : [ {
            "name" : "host",
            "value" : "Abduls-MBP.home"
         }, {
            "name" : "thread",
            "value" : "35250@Abduls-MBP.home.main(1)"
         } ]
      }
   }
}
>>>REQUEST: /testdb/TestCase
[WARN] [10/01/2015 20:15:23.547] [default-akka.actor.default-dispatcher-105] [ActorSystem(default)] Illegal response header: Illegal 'etag' header: Invalid input '5', expected 'W' or '"' (line 1, column 1): 560dcc9bfbeaf7a200c9bfb7
^
<<<RESPONSE (201 Created): /testdb/TestCase
running with given plugins: []
=== Starting should_retrieve_results_from_slave(plugins.PmdPluginTest)
Starting Jenkins: JAVA_HOME=/Library/Java/JavaVirtualMachines/jdk1.8.0_60.jdk/Contents/Home JENKINS_HOME=/Users/abduljewel/Documents/c/spiderqa/sample-test-projects/acceptance-test-harness/target/jenkins5743980197776712683home /Library/Java/JavaVirtualMachines/jdk1.8.0_60.jdk/Contents/Home/bin/java -Duser.language=en -jar ./jenkins.war --ajp13Port=-1 --httpPort=62105
master62105|Running from: /Users/abduljewel/Documents/c/spiderqa/sample-test-projects/acceptance-test-harness/jenkins.war
master62105|webroot: EnvVars.masterEnvVars.get("JENKINS_HOME")
master62105|Oct 01, 2015 8:15:24 PM winstone.Logger logInternal
master62105|INFO: Beginning extraction from war file
master62105|Oct 01, 2015 8:15:26 PM org.eclipse.jetty.util.log.JavaUtilLog info
master62105|INFO: jetty-winstone-2.8
master62105|Oct 01, 2015 8:15:29 PM org.eclipse.jetty.util.log.JavaUtilLog info
master62105|INFO: NO JSP Support for , did not find org.apache.jasper.servlet.JspServlet
master62105|Jenkins home directory: /Users/abduljewel/Documents/c/spiderqa/sample-test-projects/acceptance-test-harness/target/jenkins5743980197776712683home found at: EnvVars.masterEnvVars.get("JENKINS_HOME")
master62105|Oct 01, 2015 8:15:32 PM org.eclipse.jetty.util.log.JavaUtilLog info
master62105|INFO: Started SelectChannelConnector@0.0.0.0:62105
master62105|Oct 01, 2015 8:15:32 PM winstone.Logger logInternal
master62105|INFO: Winstone Servlet Engine v2.0 running: controlPort=disabled
master62105|Oct 01, 2015 8:15:32 PM jenkins.InitReactorRunner$1 onAttained
master62105|INFO: Started initialization
master62105|Oct 01, 2015 8:16:10 PM jenkins.InitReactorRunner$1 onAttained
master62105|INFO: Listed all plugins
master62105|Oct 01, 2015 8:16:10 PM jenkins.InitReactorRunner$1 onAttained
master62105|INFO: Prepared all plugins
master62105|Oct 01, 2015 8:16:10 PM jenkins.InitReactorRunner$1 onAttained
master62105|INFO: Started all plugins
master62105|Oct 01, 2015 8:16:10 PM jenkins.InitReactorRunner$1 onAttained
master62105|INFO: Augmented all extensions
master62105|Oct 01, 2015 8:16:16 PM jenkins.InitReactorRunner$1 onAttained
master62105|INFO: Loaded all jobs
master62105|Oct 01, 2015 8:16:21 PM hudson.model.AsyncPeriodicWork$1 run
master62105|INFO: Started Download metadata
master62105|Oct 01, 2015 8:16:21 PM org.jenkinsci.main.modules.sshd.SSHD start
master62105|INFO: Started SSHD at port 64660
master62105|Oct 01, 2015 8:16:21 PM jenkins.InitReactorRunner$1 onAttained
master62105|INFO: Completed initialization
master62105|Oct 01, 2015 8:16:21 PM hudson.UDPBroadcastThread run
master62105|WARNING: UDP handling problem
master62105|java.net.SocketException: Can't assign requested address
master62105|	at java.net.PlainDatagramSocketImpl.join(Native Method)
master62105|	at java.net.AbstractPlainDatagramSocketImpl.join(AbstractPlainDatagramSocketImpl.java:179)
master62105|	at java.net.MulticastSocket.joinGroup(MulticastSocket.java:323)
master62105|	at hudson.UDPBroadcastThread.run(UDPBroadcastThread.java:77)
master62105|
master62105|Oct 01, 2015 8:16:21 PM hudson.WebAppMain$3 run
master62105|INFO: Jenkins is fully up and running
master62105|Oct 01, 2015 8:16:24 PM hudson.model.UpdateSite updateData
master62105|INFO: Obtained the latest update center data file for UpdateSource default
master62105|Oct 01, 2015 8:16:25 PM hudson.model.DownloadService$Downloadable load
master62105|INFO: Obtained the updated data file for hudson.tasks.Maven.MavenInstaller
master62105|Oct 01, 2015 8:16:25 PM hudson.model.DownloadService$Downloadable load
master62105|INFO: Obtained the updated data file for hudson.tasks.Ant.AntInstaller
master62105|Oct 01, 2015 8:16:26 PM hudson.model.DownloadService$Downloadable load
master62105|INFO: Obtained the updated data file for hudson.tools.JDKInstaller
master62105|Oct 01, 2015 8:16:26 PM hudson.model.AsyncPeriodicWork$1 run
master62105|INFO: Finished Download metadata. 5,179 ms
Jenkins is stopped
]]></system-out>
    <system-err><![CDATA[Oct 01, 2015 8:15:23 PM org.jenkinsci.test.acceptance.controller.LocalController startNow
INFO: Waiting for Jenkins to become running in http://127.0.0.1:62105/
Oct 01, 2015 8:16:21 PM org.jenkinsci.test.acceptance.controller.LocalController startNow
INFO: Jenkins is running in http://127.0.0.1:62105/
Oct 01, 2015 8:16:29 PM org.jenkinsci.test.acceptance.po.PluginManager installationStatus
INFO: pmd is not installed
Oct 01, 2015 8:16:29 PM org.jenkinsci.test.acceptance.po.PluginManager installationStatus
INFO: pmd is not installed
Oct 01, 2015 8:16:31 PM org.jenkinsci.test.acceptance.po.PluginManager installationStatus
INFO: script-security has version 1.13 but 1.15 was requested
]]></system-err>
  </testcase>
  <testcase name="should_report_new_and_fixed_warnings_in_consecutive_builds" classname="plugins.PmdPluginTest" time="67.556">
    <error message="org.apache.http.entity.ContentType.create(Ljava/lang/String;[Lorg/apache/http/NameValuePair;)Lorg/apache/http/entity/ContentType;" type="java.lang.NoSuchMethodError">java.lang.NoSuchMethodError: org.apache.http.entity.ContentType.create(Ljava/lang/String;[Lorg/apache/http/NameValuePair;)Lorg/apache/http/entity/ContentType;
	at org.apache.http.entity.mime.MultipartEntityBuilder.buildEntity(MultipartEntityBuilder.java:209)
	at org.apache.http.entity.mime.MultipartEntityBuilder.build(MultipartEntityBuilder.java:230)
	at org.jenkinsci.test.acceptance.update_center.PluginMetadata.uploadTo(PluginMetadata.java:65)
	at org.jenkinsci.test.acceptance.po.PluginManager.installPlugins(PluginManager.java:173)
	at org.jenkinsci.test.acceptance.junit.WithPlugins$RuleImpl$1.doInstall(WithPlugins.java:139)
	at org.jenkinsci.test.acceptance.junit.WithPlugins$RuleImpl$1.installPlugins(WithPlugins.java:119)
	at org.jenkinsci.test.acceptance.junit.WithPlugins$RuleImpl$1.evaluate(WithPlugins.java:92)
	at org.jenkinsci.test.acceptance.junit.JenkinsAcceptanceTestRule$1$2$1.evaluate(JenkinsAcceptanceTestRule.java:129)
	at org.jenkinsci.test.acceptance.junit.FilterRule$1.evaluate(FilterRule.java:62)
	at org.jenkinsci.test.acceptance.junit.JenkinsAcceptanceTestRule$1.evaluate(JenkinsAcceptanceTestRule.java:55)
	at org.junit.runners.ParentRunner.runLeaf(ParentRunner.java:271)
	at org.junit.runners.BlockJUnit4ClassRunner.runChild(BlockJUnit4ClassRunner.java:70)
	at org.junit.runners.BlockJUnit4ClassRunner.runChild(BlockJUnit4ClassRunner.java:50)
	at org.junit.runners.ParentRunner$3.run(ParentRunner.java:238)
	at org.junit.runners.ParentRunner$1.schedule(ParentRunner.java:63)
	at org.junit.runners.ParentRunner.runChildren(ParentRunner.java:236)
	at org.junit.runners.ParentRunner.access$000(ParentRunner.java:53)
	at org.junit.runners.ParentRunner$2.evaluate(ParentRunner.java:229)
	at org.junit.runners.ParentRunner.run(ParentRunner.java:309)
	at org.apache.maven.surefire.junit4.JUnit4Provider.execute(JUnit4Provider.java:264)
	at org.apache.maven.surefire.junit4.JUnit4Provider.executeTestSet(JUnit4Provider.java:153)
	at org.apache.maven.surefire.junit4.JUnit4Provider.invoke(JUnit4Provider.java:124)
	at org.apache.maven.surefire.booter.ForkedBooter.invokeProviderInSameClassLoader(ForkedBooter.java:200)
	at org.apache.maven.surefire.booter.ForkedBooter.runSuitesInProcess(ForkedBooter.java:153)
	at org.apache.maven.surefire.booter.ForkedBooter.main(ForkedBooter.java:103)
</error>
    <system-out><![CDATA[testCaseResult=ru.yandex.qatools.allure.model.TestCaseResult@749baa0c[
  name=should_retrieve_results_from_slave
  title=<null>
  description=<null>
  failure=ru.yandex.qatools.allure.model.Failure@1b3bec6c
  start=1443744923542
  stop=1443744991599
  status=BROKEN
  severity=<null>
  steps=[]
  attachments=[]
  labels=[ru.yandex.qatools.allure.model.Label@53f7a906, ru.yandex.qatools.allure.model.Label@2154652c]
  parameters=<null>
]
testCaseResult={
   "start" : 1443744923542,
   "stop" : 1443744991599,
   "status" : "broken",
   "name" : "should_retrieve_results_from_slave",
   "failure" : {
      "message" : "NoSuchMethodError: org.apache.http.entity.ContentType.create(Ljava/lang/String;[Lorg/apache/http/NameValuePair;)Lorg/apache/http/entity/ContentType;",
      "stack-trace" : "java.lang.NoSuchMethodError: org.apache.http.entity.ContentType.create(Ljava/lang/String;[Lorg/apache/http/NameValuePair;)Lorg/apache/http/entity/ContentType;\n\tat org.apache.http.entity.mime.MultipartEntityBuilder.buildEntity(MultipartEntityBuilder.java:209)\n\tat org.apache.http.entity.mime.MultipartEntityBuilder.build(MultipartEntityBuilder.java:230)\n\tat org.jenkinsci.test.acceptance.update_center.PluginMetadata.uploadTo(PluginMetadata.java:65)\n\tat org.jenkinsci.test.acceptance.po.PluginManager.installPlugins(PluginManager.java:173)\n\tat org.jenkinsci.test.acceptance.junit.WithPlugins$RuleImpl$1.doInstall(WithPlugins.java:139)\n\tat org.jenkinsci.test.acceptance.junit.WithPlugins$RuleImpl$1.installPlugins(WithPlugins.java:119)\n\tat org.jenkinsci.test.acceptance.junit.WithPlugins$RuleImpl$1.evaluate(WithPlugins.java:92)\n\tat org.jenkinsci.test.acceptance.junit.JenkinsAcceptanceTestRule$1$2$1.evaluate(JenkinsAcceptanceTestRule.java:129)\n\tat org.jenkinsci.test.acceptance.junit.FilterRule$1.evaluate(FilterRule.java:62)\n\tat org.jenkinsci.test.acceptance.junit.JenkinsAcceptanceTestRule$1.evaluate(JenkinsAcceptanceTestRule.java:55)\n\tat org.junit.runners.ParentRunner.runLeaf(ParentRunner.java:271)\n\tat org.junit.runners.BlockJUnit4ClassRunner.runChild(BlockJUnit4ClassRunner.java:70)\n\tat org.junit.runners.BlockJUnit4ClassRunner.runChild(BlockJUnit4ClassRunner.java:50)\n\tat org.junit.runners.ParentRunner$3.run(ParentRunner.java:238)\n\tat org.junit.runners.ParentRunner$1.schedule(ParentRunner.java:63)\n\tat org.junit.runners.ParentRunner.runChildren(ParentRunner.java:236)\n\tat org.junit.runners.ParentRunner.access$000(ParentRunner.java:53)\n\tat org.junit.runners.ParentRunner$2.evaluate(ParentRunner.java:229)\n\tat org.junit.runners.ParentRunner.run(ParentRunner.java:309)\n\tat org.apache.maven.surefire.junit4.JUnit4Provider.execute(JUnit4Provider.java:264)\n\tat org.apache.maven.surefire.junit4.JUnit4Provider.executeTestSet(JUnit4Provider.java:153)\n\tat org.apache.maven.surefire.junit4.JUnit4Provider.invoke(JUnit4Provider.java:124)\n\tat org.apache.maven.surefire.booter.ForkedBooter.invokeProviderInSameClassLoader(ForkedBooter.java:200)\n\tat org.apache.maven.surefire.booter.ForkedBooter.runSuitesInProcess(ForkedBooter.java:153)\n\tat org.apache.maven.surefire.booter.ForkedBooter.main(ForkedBooter.java:103)\n"
   },
   "steps" : {
      "step" : [ ]
   },
   "attachments" : {
      "attachment" : [ ]
   },
   "labels" : {
      "label" : [ {
         "name" : "host",
         "value" : "Abduls-MBP.home"
      }, {
         "name" : "thread",
         "value" : "35250@Abduls-MBP.home.main(1)"
      } ]
   }
}
testCase=ru.yandex.qatools.allure.model.TestCase@8b670c0[
  _id=1b496062-31a5-46a4-93c8-c5483d1f8066
  executionId=27f47f39-aa42-4a27-8553-fee0eadcf4f3
  result=ru.yandex.qatools.allure.model.TestCaseResult@749baa0c
]
testCase={
   "_id" : "1b496062-31a5-46a4-93c8-c5483d1f8066",
   "executionId" : "27f47f39-aa42-4a27-8553-fee0eadcf4f3",
   "result" : {
      "start" : 1443744923542,
      "stop" : 1443744991599,
      "status" : "broken",
      "name" : "should_retrieve_results_from_slave",
      "failure" : {
         "message" : "NoSuchMethodError: org.apache.http.entity.ContentType.create(Ljava/lang/String;[Lorg/apache/http/NameValuePair;)Lorg/apache/http/entity/ContentType;",
         "stack-trace" : "java.lang.NoSuchMethodError: org.apache.http.entity.ContentType.create(Ljava/lang/String;[Lorg/apache/http/NameValuePair;)Lorg/apache/http/entity/ContentType;\n\tat org.apache.http.entity.mime.MultipartEntityBuilder.buildEntity(MultipartEntityBuilder.java:209)\n\tat org.apache.http.entity.mime.MultipartEntityBuilder.build(MultipartEntityBuilder.java:230)\n\tat org.jenkinsci.test.acceptance.update_center.PluginMetadata.uploadTo(PluginMetadata.java:65)\n\tat org.jenkinsci.test.acceptance.po.PluginManager.installPlugins(PluginManager.java:173)\n\tat org.jenkinsci.test.acceptance.junit.WithPlugins$RuleImpl$1.doInstall(WithPlugins.java:139)\n\tat org.jenkinsci.test.acceptance.junit.WithPlugins$RuleImpl$1.installPlugins(WithPlugins.java:119)\n\tat org.jenkinsci.test.acceptance.junit.WithPlugins$RuleImpl$1.evaluate(WithPlugins.java:92)\n\tat org.jenkinsci.test.acceptance.junit.JenkinsAcceptanceTestRule$1$2$1.evaluate(JenkinsAcceptanceTestRule.java:129)\n\tat org.jenkinsci.test.acceptance.junit.FilterRule$1.evaluate(FilterRule.java:62)\n\tat org.jenkinsci.test.acceptance.junit.JenkinsAcceptanceTestRule$1.evaluate(JenkinsAcceptanceTestRule.java:55)\n\tat org.junit.runners.ParentRunner.runLeaf(ParentRunner.java:271)\n\tat org.junit.runners.BlockJUnit4ClassRunner.runChild(BlockJUnit4ClassRunner.java:70)\n\tat org.junit.runners.BlockJUnit4ClassRunner.runChild(BlockJUnit4ClassRunner.java:50)\n\tat org.junit.runners.ParentRunner$3.run(ParentRunner.java:238)\n\tat org.junit.runners.ParentRunner$1.schedule(ParentRunner.java:63)\n\tat org.junit.runners.ParentRunner.runChildren(ParentRunner.java:236)\n\tat org.junit.runners.ParentRunner.access$000(ParentRunner.java:53)\n\tat org.junit.runners.ParentRunner$2.evaluate(ParentRunner.java:229)\n\tat org.junit.runners.ParentRunner.run(ParentRunner.java:309)\n\tat org.apache.maven.surefire.junit4.JUnit4Provider.execute(JUnit4Provider.java:264)\n\tat org.apache.maven.surefire.junit4.JUnit4Provider.executeTestSet(JUnit4Provider.java:153)\n\tat org.apache.maven.surefire.junit4.JUnit4Provider.invoke(JUnit4Provider.java:124)\n\tat org.apache.maven.surefire.booter.ForkedBooter.invokeProviderInSameClassLoader(ForkedBooter.java:200)\n\tat org.apache.maven.surefire.booter.ForkedBooter.runSuitesInProcess(ForkedBooter.java:153)\n\tat org.apache.maven.surefire.booter.ForkedBooter.main(ForkedBooter.java:103)\n"
      },
      "steps" : {
         "step" : [ ]
      },
      "attachments" : {
         "attachment" : [ ]
      },
      "labels" : {
         "label" : [ {
            "name" : "host",
            "value" : "Abduls-MBP.home"
         }, {
            "name" : "thread",
            "value" : "35250@Abduls-MBP.home.main(1)"
         } ]
      }
   }
}
>>>REQUEST: /testdb/TestCase
[WARN] [10/01/2015 20:16:31.613] [default-akka.actor.default-dispatcher-102] [ActorSystem(default)] Illegal response header: Illegal 'etag' header: Invalid input '5', expected 'W' or '"' (line 1, column 1): 560dccdffbeaf7a200c9bfcd
^
<<<RESPONSE (201 Created): /testdb/TestCase
running with given plugins: []
=== Starting should_report_new_and_fixed_warnings_in_consecutive_builds(plugins.PmdPluginTest)
Starting Jenkins: JAVA_HOME=/Library/Java/JavaVirtualMachines/jdk1.8.0_60.jdk/Contents/Home JENKINS_HOME=/Users/abduljewel/Documents/c/spiderqa/sample-test-projects/acceptance-test-harness/target/jenkins2081369868843338194home /Library/Java/JavaVirtualMachines/jdk1.8.0_60.jdk/Contents/Home/bin/java -Duser.language=en -jar ./jenkins.war --ajp13Port=-1 --httpPort=50935
master50935|Running from: /Users/abduljewel/Documents/c/spiderqa/sample-test-projects/acceptance-test-harness/jenkins.war
master50935|webroot: EnvVars.masterEnvVars.get("JENKINS_HOME")
master50935|Oct 01, 2015 8:16:32 PM winstone.Logger logInternal
master50935|INFO: Beginning extraction from war file
master50935|Oct 01, 2015 8:16:35 PM org.eclipse.jetty.util.log.JavaUtilLog info
master50935|INFO: jetty-winstone-2.8
master50935|Oct 01, 2015 8:16:38 PM org.eclipse.jetty.util.log.JavaUtilLog info
master50935|INFO: NO JSP Support for , did not find org.apache.jasper.servlet.JspServlet
master50935|Jenkins home directory: /Users/abduljewel/Documents/c/spiderqa/sample-test-projects/acceptance-test-harness/target/jenkins2081369868843338194home found at: EnvVars.masterEnvVars.get("JENKINS_HOME")
master50935|Oct 01, 2015 8:16:41 PM org.eclipse.jetty.util.log.JavaUtilLog info
master50935|INFO: Started SelectChannelConnector@0.0.0.0:50935
master50935|Oct 01, 2015 8:16:41 PM winstone.Logger logInternal
master50935|INFO: Winstone Servlet Engine v2.0 running: controlPort=disabled
master50935|Oct 01, 2015 8:16:42 PM jenkins.InitReactorRunner$1 onAttained
master50935|INFO: Started initialization
master50935|Oct 01, 2015 8:17:18 PM jenkins.InitReactorRunner$1 onAttained
master50935|INFO: Listed all plugins
master50935|Oct 01, 2015 8:17:18 PM jenkins.InitReactorRunner$1 onAttained
master50935|INFO: Prepared all plugins
master50935|Oct 01, 2015 8:17:18 PM jenkins.InitReactorRunner$1 onAttained
master50935|INFO: Started all plugins
master50935|Oct 01, 2015 8:17:18 PM jenkins.InitReactorRunner$1 onAttained
master50935|INFO: Augmented all extensions
master50935|Oct 01, 2015 8:17:23 PM jenkins.InitReactorRunner$1 onAttained
master50935|INFO: Loaded all jobs
master50935|Oct 01, 2015 8:17:27 PM hudson.model.AsyncPeriodicWork$1 run
master50935|INFO: Started Download metadata
master50935|Oct 01, 2015 8:17:28 PM org.jenkinsci.main.modules.sshd.SSHD start
master50935|INFO: Started SSHD at port 65030
master50935|Oct 01, 2015 8:17:28 PM jenkins.InitReactorRunner$1 onAttained
master50935|INFO: Completed initialization
master50935|Oct 01, 2015 8:17:28 PM hudson.UDPBroadcastThread run
master50935|WARNING: UDP handling problem
master50935|java.net.SocketException: Can't assign requested address
master50935|	at java.net.PlainDatagramSocketImpl.join(Native Method)
master50935|	at java.net.AbstractPlainDatagramSocketImpl.join(AbstractPlainDatagramSocketImpl.java:179)
master50935|	at java.net.MulticastSocket.joinGroup(MulticastSocket.java:323)
master50935|	at hudson.UDPBroadcastThread.run(UDPBroadcastThread.java:77)
master50935|
master50935|Oct 01, 2015 8:17:28 PM hudson.WebAppMain$3 run
master50935|INFO: Jenkins is fully up and running
master50935|Oct 01, 2015 8:17:31 PM hudson.model.UpdateSite updateData
master50935|INFO: Obtained the latest update center data file for UpdateSource default
master50935|Oct 01, 2015 8:17:31 PM hudson.model.DownloadService$Downloadable load
master50935|INFO: Obtained the updated data file for hudson.tasks.Maven.MavenInstaller
master50935|Oct 01, 2015 8:17:31 PM hudson.model.DownloadService$Downloadable load
master50935|INFO: Obtained the updated data file for hudson.tasks.Ant.AntInstaller
master50935|Oct 01, 2015 8:17:32 PM hudson.model.DownloadService$Downloadable load
master50935|INFO: Obtained the updated data file for hudson.tools.JDKInstaller
master50935|Oct 01, 2015 8:17:32 PM hudson.model.AsyncPeriodicWork$1 run
master50935|INFO: Finished Download metadata. 5,027 ms
Jenkins is stopped
]]></system-out>
    <system-err><![CDATA[Oct 01, 2015 8:16:31 PM org.jenkinsci.test.acceptance.controller.LocalController startNow
INFO: Waiting for Jenkins to become running in http://127.0.0.1:50935/
Oct 01, 2015 8:17:28 PM org.jenkinsci.test.acceptance.controller.LocalController startNow
INFO: Jenkins is running in http://127.0.0.1:50935/
Oct 01, 2015 8:17:36 PM org.jenkinsci.test.acceptance.po.PluginManager installationStatus
INFO: pmd is not installed
Oct 01, 2015 8:17:36 PM org.jenkinsci.test.acceptance.po.PluginManager installationStatus
INFO: pmd is not installed
Oct 01, 2015 8:17:38 PM org.jenkinsci.test.acceptance.po.PluginManager installationStatus
INFO: script-security has version 1.13 but 1.15 was requested
]]></system-err>
  </testcase>
  <testcase name="should_report_details_in_different_tabs" classname="plugins.PmdPluginTest" time="77.611">
    <error message="org.apache.http.entity.ContentType.create(Ljava/lang/String;[Lorg/apache/http/NameValuePair;)Lorg/apache/http/entity/ContentType;" type="java.lang.NoSuchMethodError">java.lang.NoSuchMethodError: org.apache.http.entity.ContentType.create(Ljava/lang/String;[Lorg/apache/http/NameValuePair;)Lorg/apache/http/entity/ContentType;
	at org.apache.http.entity.mime.MultipartEntityBuilder.buildEntity(MultipartEntityBuilder.java:209)
	at org.apache.http.entity.mime.MultipartEntityBuilder.build(MultipartEntityBuilder.java:230)
	at org.jenkinsci.test.acceptance.update_center.PluginMetadata.uploadTo(PluginMetadata.java:65)
	at org.jenkinsci.test.acceptance.po.PluginManager.installPlugins(PluginManager.java:173)
	at org.jenkinsci.test.acceptance.junit.WithPlugins$RuleImpl$1.doInstall(WithPlugins.java:139)
	at org.jenkinsci.test.acceptance.junit.WithPlugins$RuleImpl$1.installPlugins(WithPlugins.java:119)
	at org.jenkinsci.test.acceptance.junit.WithPlugins$RuleImpl$1.evaluate(WithPlugins.java:92)
	at org.jenkinsci.test.acceptance.junit.JenkinsAcceptanceTestRule$1$2$1.evaluate(JenkinsAcceptanceTestRule.java:129)
	at org.jenkinsci.test.acceptance.junit.FilterRule$1.evaluate(FilterRule.java:62)
	at org.jenkinsci.test.acceptance.junit.JenkinsAcceptanceTestRule$1.evaluate(JenkinsAcceptanceTestRule.java:55)
	at org.junit.runners.ParentRunner.runLeaf(ParentRunner.java:271)
	at org.junit.runners.BlockJUnit4ClassRunner.runChild(BlockJUnit4ClassRunner.java:70)
	at org.junit.runners.BlockJUnit4ClassRunner.runChild(BlockJUnit4ClassRunner.java:50)
	at org.junit.runners.ParentRunner$3.run(ParentRunner.java:238)
	at org.junit.runners.ParentRunner$1.schedule(ParentRunner.java:63)
	at org.junit.runners.ParentRunner.runChildren(ParentRunner.java:236)
	at org.junit.runners.ParentRunner.access$000(ParentRunner.java:53)
	at org.junit.runners.ParentRunner$2.evaluate(ParentRunner.java:229)
	at org.junit.runners.ParentRunner.run(ParentRunner.java:309)
	at org.apache.maven.surefire.junit4.JUnit4Provider.execute(JUnit4Provider.java:264)
	at org.apache.maven.surefire.junit4.JUnit4Provider.executeTestSet(JUnit4Provider.java:153)
	at org.apache.maven.surefire.junit4.JUnit4Provider.invoke(JUnit4Provider.java:124)
	at org.apache.maven.surefire.booter.ForkedBooter.invokeProviderInSameClassLoader(ForkedBooter.java:200)
	at org.apache.maven.surefire.booter.ForkedBooter.runSuitesInProcess(ForkedBooter.java:153)
	at org.apache.maven.surefire.booter.ForkedBooter.main(ForkedBooter.java:103)
</error>
    <system-out><![CDATA[testCaseResult=ru.yandex.qatools.allure.model.TestCaseResult@7bec8cb0[
  name=should_report_new_and_fixed_warnings_in_consecutive_builds
  title=<null>
  description=<null>
  failure=ru.yandex.qatools.allure.model.Failure@7d88fa9c
  start=1443744991611
  stop=1443745059162
  status=BROKEN
  severity=<null>
  steps=[]
  attachments=[]
  labels=[ru.yandex.qatools.allure.model.Label@3eac2e8a, ru.yandex.qatools.allure.model.Label@352f6727]
  parameters=<null>
]
testCaseResult={
   "start" : 1443744991611,
   "stop" : 1443745059162,
   "status" : "broken",
   "name" : "should_report_new_and_fixed_warnings_in_consecutive_builds",
   "failure" : {
      "message" : "NoSuchMethodError: org.apache.http.entity.ContentType.create(Ljava/lang/String;[Lorg/apache/http/NameValuePair;)Lorg/apache/http/entity/ContentType;",
      "stack-trace" : "java.lang.NoSuchMethodError: org.apache.http.entity.ContentType.create(Ljava/lang/String;[Lorg/apache/http/NameValuePair;)Lorg/apache/http/entity/ContentType;\n\tat org.apache.http.entity.mime.MultipartEntityBuilder.buildEntity(MultipartEntityBuilder.java:209)\n\tat org.apache.http.entity.mime.MultipartEntityBuilder.build(MultipartEntityBuilder.java:230)\n\tat org.jenkinsci.test.acceptance.update_center.PluginMetadata.uploadTo(PluginMetadata.java:65)\n\tat org.jenkinsci.test.acceptance.po.PluginManager.installPlugins(PluginManager.java:173)\n\tat org.jenkinsci.test.acceptance.junit.WithPlugins$RuleImpl$1.doInstall(WithPlugins.java:139)\n\tat org.jenkinsci.test.acceptance.junit.WithPlugins$RuleImpl$1.installPlugins(WithPlugins.java:119)\n\tat org.jenkinsci.test.acceptance.junit.WithPlugins$RuleImpl$1.evaluate(WithPlugins.java:92)\n\tat org.jenkinsci.test.acceptance.junit.JenkinsAcceptanceTestRule$1$2$1.evaluate(JenkinsAcceptanceTestRule.java:129)\n\tat org.jenkinsci.test.acceptance.junit.FilterRule$1.evaluate(FilterRule.java:62)\n\tat org.jenkinsci.test.acceptance.junit.JenkinsAcceptanceTestRule$1.evaluate(JenkinsAcceptanceTestRule.java:55)\n\tat org.junit.runners.ParentRunner.runLeaf(ParentRunner.java:271)\n\tat org.junit.runners.BlockJUnit4ClassRunner.runChild(BlockJUnit4ClassRunner.java:70)\n\tat org.junit.runners.BlockJUnit4ClassRunner.runChild(BlockJUnit4ClassRunner.java:50)\n\tat org.junit.runners.ParentRunner$3.run(ParentRunner.java:238)\n\tat org.junit.runners.ParentRunner$1.schedule(ParentRunner.java:63)\n\tat org.junit.runners.ParentRunner.runChildren(ParentRunner.java:236)\n\tat org.junit.runners.ParentRunner.access$000(ParentRunner.java:53)\n\tat org.junit.runners.ParentRunner$2.evaluate(ParentRunner.java:229)\n\tat org.junit.runners.ParentRunner.run(ParentRunner.java:309)\n\tat org.apache.maven.surefire.junit4.JUnit4Provider.execute(JUnit4Provider.java:264)\n\tat org.apache.maven.surefire.junit4.JUnit4Provider.executeTestSet(JUnit4Provider.java:153)\n\tat org.apache.maven.surefire.junit4.JUnit4Provider.invoke(JUnit4Provider.java:124)\n\tat org.apache.maven.surefire.booter.ForkedBooter.invokeProviderInSameClassLoader(ForkedBooter.java:200)\n\tat org.apache.maven.surefire.booter.ForkedBooter.runSuitesInProcess(ForkedBooter.java:153)\n\tat org.apache.maven.surefire.booter.ForkedBooter.main(ForkedBooter.java:103)\n"
   },
   "steps" : {
      "step" : [ ]
   },
   "attachments" : {
      "attachment" : [ ]
   },
   "labels" : {
      "label" : [ {
         "name" : "host",
         "value" : "Abduls-MBP.home"
      }, {
         "name" : "thread",
         "value" : "35250@Abduls-MBP.home.main(1)"
      } ]
   }
}
testCase=ru.yandex.qatools.allure.model.TestCase@2ab9e43e[
  _id=7a45f089-d847-4f8d-919f-b5bd6c5a0fde
  executionId=27f47f39-aa42-4a27-8553-fee0eadcf4f3
  result=ru.yandex.qatools.allure.model.TestCaseResult@7bec8cb0
]
testCase={
   "_id" : "7a45f089-d847-4f8d-919f-b5bd6c5a0fde",
   "executionId" : "27f47f39-aa42-4a27-8553-fee0eadcf4f3",
   "result" : {
      "start" : 1443744991611,
      "stop" : 1443745059162,
      "status" : "broken",
      "name" : "should_report_new_and_fixed_warnings_in_consecutive_builds",
      "failure" : {
         "message" : "NoSuchMethodError: org.apache.http.entity.ContentType.create(Ljava/lang/String;[Lorg/apache/http/NameValuePair;)Lorg/apache/http/entity/ContentType;",
         "stack-trace" : "java.lang.NoSuchMethodError: org.apache.http.entity.ContentType.create(Ljava/lang/String;[Lorg/apache/http/NameValuePair;)Lorg/apache/http/entity/ContentType;\n\tat org.apache.http.entity.mime.MultipartEntityBuilder.buildEntity(MultipartEntityBuilder.java:209)\n\tat org.apache.http.entity.mime.MultipartEntityBuilder.build(MultipartEntityBuilder.java:230)\n\tat org.jenkinsci.test.acceptance.update_center.PluginMetadata.uploadTo(PluginMetadata.java:65)\n\tat org.jenkinsci.test.acceptance.po.PluginManager.installPlugins(PluginManager.java:173)\n\tat org.jenkinsci.test.acceptance.junit.WithPlugins$RuleImpl$1.doInstall(WithPlugins.java:139)\n\tat org.jenkinsci.test.acceptance.junit.WithPlugins$RuleImpl$1.installPlugins(WithPlugins.java:119)\n\tat org.jenkinsci.test.acceptance.junit.WithPlugins$RuleImpl$1.evaluate(WithPlugins.java:92)\n\tat org.jenkinsci.test.acceptance.junit.JenkinsAcceptanceTestRule$1$2$1.evaluate(JenkinsAcceptanceTestRule.java:129)\n\tat org.jenkinsci.test.acceptance.junit.FilterRule$1.evaluate(FilterRule.java:62)\n\tat org.jenkinsci.test.acceptance.junit.JenkinsAcceptanceTestRule$1.evaluate(JenkinsAcceptanceTestRule.java:55)\n\tat org.junit.runners.ParentRunner.runLeaf(ParentRunner.java:271)\n\tat org.junit.runners.BlockJUnit4ClassRunner.runChild(BlockJUnit4ClassRunner.java:70)\n\tat org.junit.runners.BlockJUnit4ClassRunner.runChild(BlockJUnit4ClassRunner.java:50)\n\tat org.junit.runners.ParentRunner$3.run(ParentRunner.java:238)\n\tat org.junit.runners.ParentRunner$1.schedule(ParentRunner.java:63)\n\tat org.junit.runners.ParentRunner.runChildren(ParentRunner.java:236)\n\tat org.junit.runners.ParentRunner.access$000(ParentRunner.java:53)\n\tat org.junit.runners.ParentRunner$2.evaluate(ParentRunner.java:229)\n\tat org.junit.runners.ParentRunner.run(ParentRunner.java:309)\n\tat org.apache.maven.surefire.junit4.JUnit4Provider.execute(JUnit4Provider.java:264)\n\tat org.apache.maven.surefire.junit4.JUnit4Provider.executeTestSet(JUnit4Provider.java:153)\n\tat org.apache.maven.surefire.junit4.JUnit4Provider.invoke(JUnit4Provider.java:124)\n\tat org.apache.maven.surefire.booter.ForkedBooter.invokeProviderInSameClassLoader(ForkedBooter.java:200)\n\tat org.apache.maven.surefire.booter.ForkedBooter.runSuitesInProcess(ForkedBooter.java:153)\n\tat org.apache.maven.surefire.booter.ForkedBooter.main(ForkedBooter.java:103)\n"
      },
      "steps" : {
         "step" : [ ]
      },
      "attachments" : {
         "attachment" : [ ]
      },
      "labels" : {
         "label" : [ {
            "name" : "host",
            "value" : "Abduls-MBP.home"
         }, {
            "name" : "thread",
            "value" : "35250@Abduls-MBP.home.main(1)"
         } ]
      }
   }
}
>>>REQUEST: /testdb/TestCase
[WARN] [10/01/2015 20:17:39.177] [default-akka.actor.default-dispatcher-127] [ActorSystem(default)] Illegal response header: Illegal 'etag' header: Invalid input '5', expected 'W' or '"' (line 1, column 1): 560dcd23fbeaf7a200c9bfd3
^
<<<RESPONSE (201 Created): /testdb/TestCase
running with given plugins: []
=== Starting should_report_details_in_different_tabs(plugins.PmdPluginTest)
Starting Jenkins: JAVA_HOME=/Library/Java/JavaVirtualMachines/jdk1.8.0_60.jdk/Contents/Home JENKINS_HOME=/Users/abduljewel/Documents/c/spiderqa/sample-test-projects/acceptance-test-harness/target/jenkins4463252192087148505home /Library/Java/JavaVirtualMachines/jdk1.8.0_60.jdk/Contents/Home/bin/java -Duser.language=en -jar ./jenkins.war --ajp13Port=-1 --httpPort=49797
master49797|Running from: /Users/abduljewel/Documents/c/spiderqa/sample-test-projects/acceptance-test-harness/jenkins.war
master49797|webroot: EnvVars.masterEnvVars.get("JENKINS_HOME")
master49797|Oct 01, 2015 8:17:40 PM winstone.Logger logInternal
master49797|INFO: Beginning extraction from war file
master49797|Oct 01, 2015 8:17:43 PM org.eclipse.jetty.util.log.JavaUtilLog info
master49797|INFO: jetty-winstone-2.8
master49797|Oct 01, 2015 8:17:49 PM org.eclipse.jetty.util.log.JavaUtilLog info
master49797|INFO: NO JSP Support for , did not find org.apache.jasper.servlet.JspServlet
master49797|Jenkins home directory: /Users/abduljewel/Documents/c/spiderqa/sample-test-projects/acceptance-test-harness/target/jenkins4463252192087148505home found at: EnvVars.masterEnvVars.get("JENKINS_HOME")
master49797|Oct 01, 2015 8:17:53 PM org.eclipse.jetty.util.log.JavaUtilLog info
master49797|INFO: Started SelectChannelConnector@0.0.0.0:49797
master49797|Oct 01, 2015 8:17:53 PM winstone.Logger logInternal
master49797|INFO: Winstone Servlet Engine v2.0 running: controlPort=disabled
master49797|Oct 01, 2015 8:17:54 PM jenkins.InitReactorRunner$1 onAttained
master49797|INFO: Started initialization
master49797|Oct 01, 2015 8:18:35 PM jenkins.InitReactorRunner$1 onAttained
master49797|INFO: Listed all plugins
master49797|Oct 01, 2015 8:18:35 PM jenkins.InitReactorRunner$1 onAttained
master49797|INFO: Prepared all plugins
master49797|Oct 01, 2015 8:18:35 PM jenkins.InitReactorRunner$1 onAttained
master49797|INFO: Started all plugins
master49797|Oct 01, 2015 8:18:35 PM jenkins.InitReactorRunner$1 onAttained
master49797|INFO: Augmented all extensions
master49797|Oct 01, 2015 8:18:40 PM jenkins.InitReactorRunner$1 onAttained
master49797|INFO: Loaded all jobs
master49797|Oct 01, 2015 8:18:44 PM hudson.model.AsyncPeriodicWork$1 run
master49797|INFO: Started Download metadata
master49797|Oct 01, 2015 8:18:44 PM org.jenkinsci.main.modules.sshd.SSHD start
master49797|INFO: Started SSHD at port 65378
master49797|Oct 01, 2015 8:18:44 PM jenkins.InitReactorRunner$1 onAttained
master49797|INFO: Completed initialization
master49797|Oct 01, 2015 8:18:44 PM hudson.UDPBroadcastThread run
master49797|WARNING: UDP handling problem
master49797|java.net.SocketException: Can't assign requested address
master49797|	at java.net.PlainDatagramSocketImpl.join(Native Method)
master49797|	at java.net.AbstractPlainDatagramSocketImpl.join(AbstractPlainDatagramSocketImpl.java:179)
master49797|	at java.net.MulticastSocket.joinGroup(MulticastSocket.java:323)
master49797|	at hudson.UDPBroadcastThread.run(UDPBroadcastThread.java:77)
master49797|
master49797|Oct 01, 2015 8:18:44 PM hudson.WebAppMain$3 run
master49797|INFO: Jenkins is fully up and running
master49797|Oct 01, 2015 8:18:47 PM hudson.model.UpdateSite updateData
master49797|INFO: Obtained the latest update center data file for UpdateSource default
master49797|Oct 01, 2015 8:18:48 PM hudson.model.DownloadService$Downloadable load
master49797|INFO: Obtained the updated data file for hudson.tasks.Maven.MavenInstaller
master49797|Oct 01, 2015 8:18:48 PM hudson.model.DownloadService$Downloadable load
master49797|INFO: Obtained the updated data file for hudson.tasks.Ant.AntInstaller
master49797|Oct 01, 2015 8:18:53 PM hudson.model.DownloadService$Downloadable load
master49797|INFO: Obtained the updated data file for hudson.tools.JDKInstaller
master49797|Oct 01, 2015 8:18:53 PM hudson.model.AsyncPeriodicWork$1 run
master49797|INFO: Finished Download metadata. 8,839 ms
Jenkins is stopped
]]></system-out>
    <system-err><![CDATA[Oct 01, 2015 8:17:39 PM org.jenkinsci.test.acceptance.controller.LocalController startNow
INFO: Waiting for Jenkins to become running in http://127.0.0.1:49797/
Oct 01, 2015 8:18:44 PM org.jenkinsci.test.acceptance.controller.LocalController startNow
INFO: Jenkins is running in http://127.0.0.1:49797/
Oct 01, 2015 8:18:52 PM org.jenkinsci.test.acceptance.po.PluginManager installationStatus
INFO: pmd is not installed
Oct 01, 2015 8:18:52 PM org.jenkinsci.test.acceptance.po.PluginManager installationStatus
INFO: pmd is not installed
Oct 01, 2015 8:18:55 PM org.jenkinsci.test.acceptance.po.PluginManager installationStatus
INFO: script-security has version 1.13 but 1.15 was requested
]]></system-err>
  </testcase>
  <testcase name="should_collect_warnings_even_if_build_failed" classname="plugins.PmdPluginTest" time="73.982">
    <error message="org.apache.http.entity.ContentType.create(Ljava/lang/String;[Lorg/apache/http/NameValuePair;)Lorg/apache/http/entity/ContentType;" type="java.lang.NoSuchMethodError">java.lang.NoSuchMethodError: org.apache.http.entity.ContentType.create(Ljava/lang/String;[Lorg/apache/http/NameValuePair;)Lorg/apache/http/entity/ContentType;
	at org.apache.http.entity.mime.MultipartEntityBuilder.buildEntity(MultipartEntityBuilder.java:209)
	at org.apache.http.entity.mime.MultipartEntityBuilder.build(MultipartEntityBuilder.java:230)
	at org.jenkinsci.test.acceptance.update_center.PluginMetadata.uploadTo(PluginMetadata.java:65)
	at org.jenkinsci.test.acceptance.po.PluginManager.installPlugins(PluginManager.java:173)
	at org.jenkinsci.test.acceptance.junit.WithPlugins$RuleImpl$1.doInstall(WithPlugins.java:139)
	at org.jenkinsci.test.acceptance.junit.WithPlugins$RuleImpl$1.installPlugins(WithPlugins.java:119)
	at org.jenkinsci.test.acceptance.junit.WithPlugins$RuleImpl$1.evaluate(WithPlugins.java:92)
	at org.jenkinsci.test.acceptance.junit.JenkinsAcceptanceTestRule$1$2$1.evaluate(JenkinsAcceptanceTestRule.java:129)
	at org.jenkinsci.test.acceptance.junit.FilterRule$1.evaluate(FilterRule.java:62)
	at org.jenkinsci.test.acceptance.junit.JenkinsAcceptanceTestRule$1.evaluate(JenkinsAcceptanceTestRule.java:55)
	at org.junit.runners.ParentRunner.runLeaf(ParentRunner.java:271)
	at org.junit.runners.BlockJUnit4ClassRunner.runChild(BlockJUnit4ClassRunner.java:70)
	at org.junit.runners.BlockJUnit4ClassRunner.runChild(BlockJUnit4ClassRunner.java:50)
	at org.junit.runners.ParentRunner$3.run(ParentRunner.java:238)
	at org.junit.runners.ParentRunner$1.schedule(ParentRunner.java:63)
	at org.junit.runners.ParentRunner.runChildren(ParentRunner.java:236)
	at org.junit.runners.ParentRunner.access$000(ParentRunner.java:53)
	at org.junit.runners.ParentRunner$2.evaluate(ParentRunner.java:229)
	at org.junit.runners.ParentRunner.run(ParentRunner.java:309)
	at org.apache.maven.surefire.junit4.JUnit4Provider.execute(JUnit4Provider.java:264)
	at org.apache.maven.surefire.junit4.JUnit4Provider.executeTestSet(JUnit4Provider.java:153)
	at org.apache.maven.surefire.junit4.JUnit4Provider.invoke(JUnit4Provider.java:124)
	at org.apache.maven.surefire.booter.ForkedBooter.invokeProviderInSameClassLoader(ForkedBooter.java:200)
	at org.apache.maven.surefire.booter.ForkedBooter.runSuitesInProcess(ForkedBooter.java:153)
	at org.apache.maven.surefire.booter.ForkedBooter.main(ForkedBooter.java:103)
</error>
    <system-out><![CDATA[testCaseResult=ru.yandex.qatools.allure.model.TestCaseResult@7e27f603[
  name=should_report_details_in_different_tabs
  title=<null>
  description=<null>
  failure=ru.yandex.qatools.allure.model.Failure@6136e1fc
  start=1443745059174
  stop=1443745136780
  status=BROKEN
  severity=<null>
  steps=[]
  attachments=[]
  labels=[ru.yandex.qatools.allure.model.Label@1736c1e4, ru.yandex.qatools.allure.model.Label@32dcfeea]
  parameters=<null>
]
testCaseResult={
   "start" : 1443745059174,
   "stop" : 1443745136780,
   "status" : "broken",
   "name" : "should_report_details_in_different_tabs",
   "failure" : {
      "message" : "NoSuchMethodError: org.apache.http.entity.ContentType.create(Ljava/lang/String;[Lorg/apache/http/NameValuePair;)Lorg/apache/http/entity/ContentType;",
      "stack-trace" : "java.lang.NoSuchMethodError: org.apache.http.entity.ContentType.create(Ljava/lang/String;[Lorg/apache/http/NameValuePair;)Lorg/apache/http/entity/ContentType;\n\tat org.apache.http.entity.mime.MultipartEntityBuilder.buildEntity(MultipartEntityBuilder.java:209)\n\tat org.apache.http.entity.mime.MultipartEntityBuilder.build(MultipartEntityBuilder.java:230)\n\tat org.jenkinsci.test.acceptance.update_center.PluginMetadata.uploadTo(PluginMetadata.java:65)\n\tat org.jenkinsci.test.acceptance.po.PluginManager.installPlugins(PluginManager.java:173)\n\tat org.jenkinsci.test.acceptance.junit.WithPlugins$RuleImpl$1.doInstall(WithPlugins.java:139)\n\tat org.jenkinsci.test.acceptance.junit.WithPlugins$RuleImpl$1.installPlugins(WithPlugins.java:119)\n\tat org.jenkinsci.test.acceptance.junit.WithPlugins$RuleImpl$1.evaluate(WithPlugins.java:92)\n\tat org.jenkinsci.test.acceptance.junit.JenkinsAcceptanceTestRule$1$2$1.evaluate(JenkinsAcceptanceTestRule.java:129)\n\tat org.jenkinsci.test.acceptance.junit.FilterRule$1.evaluate(FilterRule.java:62)\n\tat org.jenkinsci.test.acceptance.junit.JenkinsAcceptanceTestRule$1.evaluate(JenkinsAcceptanceTestRule.java:55)\n\tat org.junit.runners.ParentRunner.runLeaf(ParentRunner.java:271)\n\tat org.junit.runners.BlockJUnit4ClassRunner.runChild(BlockJUnit4ClassRunner.java:70)\n\tat org.junit.runners.BlockJUnit4ClassRunner.runChild(BlockJUnit4ClassRunner.java:50)\n\tat org.junit.runners.ParentRunner$3.run(ParentRunner.java:238)\n\tat org.junit.runners.ParentRunner$1.schedule(ParentRunner.java:63)\n\tat org.junit.runners.ParentRunner.runChildren(ParentRunner.java:236)\n\tat org.junit.runners.ParentRunner.access$000(ParentRunner.java:53)\n\tat org.junit.runners.ParentRunner$2.evaluate(ParentRunner.java:229)\n\tat org.junit.runners.ParentRunner.run(ParentRunner.java:309)\n\tat org.apache.maven.surefire.junit4.JUnit4Provider.execute(JUnit4Provider.java:264)\n\tat org.apache.maven.surefire.junit4.JUnit4Provider.executeTestSet(JUnit4Provider.java:153)\n\tat org.apache.maven.surefire.junit4.JUnit4Provider.invoke(JUnit4Provider.java:124)\n\tat org.apache.maven.surefire.booter.ForkedBooter.invokeProviderInSameClassLoader(ForkedBooter.java:200)\n\tat org.apache.maven.surefire.booter.ForkedBooter.runSuitesInProcess(ForkedBooter.java:153)\n\tat org.apache.maven.surefire.booter.ForkedBooter.main(ForkedBooter.java:103)\n"
   },
   "steps" : {
      "step" : [ ]
   },
   "attachments" : {
      "attachment" : [ ]
   },
   "labels" : {
      "label" : [ {
         "name" : "host",
         "value" : "Abduls-MBP.home"
      }, {
         "name" : "thread",
         "value" : "35250@Abduls-MBP.home.main(1)"
      } ]
   }
}
testCase=ru.yandex.qatools.allure.model.TestCase@738a815c[
  _id=c993fe2b-725f-4604-9a0b-25293b81a067
  executionId=27f47f39-aa42-4a27-8553-fee0eadcf4f3
  result=ru.yandex.qatools.allure.model.TestCaseResult@7e27f603
]
testCase={
   "_id" : "c993fe2b-725f-4604-9a0b-25293b81a067",
   "executionId" : "27f47f39-aa42-4a27-8553-fee0eadcf4f3",
   "result" : {
      "start" : 1443745059174,
      "stop" : 1443745136780,
      "status" : "broken",
      "name" : "should_report_details_in_different_tabs",
      "failure" : {
         "message" : "NoSuchMethodError: org.apache.http.entity.ContentType.create(Ljava/lang/String;[Lorg/apache/http/NameValuePair;)Lorg/apache/http/entity/ContentType;",
         "stack-trace" : "java.lang.NoSuchMethodError: org.apache.http.entity.ContentType.create(Ljava/lang/String;[Lorg/apache/http/NameValuePair;)Lorg/apache/http/entity/ContentType;\n\tat org.apache.http.entity.mime.MultipartEntityBuilder.buildEntity(MultipartEntityBuilder.java:209)\n\tat org.apache.http.entity.mime.MultipartEntityBuilder.build(MultipartEntityBuilder.java:230)\n\tat org.jenkinsci.test.acceptance.update_center.PluginMetadata.uploadTo(PluginMetadata.java:65)\n\tat org.jenkinsci.test.acceptance.po.PluginManager.installPlugins(PluginManager.java:173)\n\tat org.jenkinsci.test.acceptance.junit.WithPlugins$RuleImpl$1.doInstall(WithPlugins.java:139)\n\tat org.jenkinsci.test.acceptance.junit.WithPlugins$RuleImpl$1.installPlugins(WithPlugins.java:119)\n\tat org.jenkinsci.test.acceptance.junit.WithPlugins$RuleImpl$1.evaluate(WithPlugins.java:92)\n\tat org.jenkinsci.test.acceptance.junit.JenkinsAcceptanceTestRule$1$2$1.evaluate(JenkinsAcceptanceTestRule.java:129)\n\tat org.jenkinsci.test.acceptance.junit.FilterRule$1.evaluate(FilterRule.java:62)\n\tat org.jenkinsci.test.acceptance.junit.JenkinsAcceptanceTestRule$1.evaluate(JenkinsAcceptanceTestRule.java:55)\n\tat org.junit.runners.ParentRunner.runLeaf(ParentRunner.java:271)\n\tat org.junit.runners.BlockJUnit4ClassRunner.runChild(BlockJUnit4ClassRunner.java:70)\n\tat org.junit.runners.BlockJUnit4ClassRunner.runChild(BlockJUnit4ClassRunner.java:50)\n\tat org.junit.runners.ParentRunner$3.run(ParentRunner.java:238)\n\tat org.junit.runners.ParentRunner$1.schedule(ParentRunner.java:63)\n\tat org.junit.runners.ParentRunner.runChildren(ParentRunner.java:236)\n\tat org.junit.runners.ParentRunner.access$000(ParentRunner.java:53)\n\tat org.junit.runners.ParentRunner$2.evaluate(ParentRunner.java:229)\n\tat org.junit.runners.ParentRunner.run(ParentRunner.java:309)\n\tat org.apache.maven.surefire.junit4.JUnit4Provider.execute(JUnit4Provider.java:264)\n\tat org.apache.maven.surefire.junit4.JUnit4Provider.executeTestSet(JUnit4Provider.java:153)\n\tat org.apache.maven.surefire.junit4.JUnit4Provider.invoke(JUnit4Provider.java:124)\n\tat org.apache.maven.surefire.booter.ForkedBooter.invokeProviderInSameClassLoader(ForkedBooter.java:200)\n\tat org.apache.maven.surefire.booter.ForkedBooter.runSuitesInProcess(ForkedBooter.java:153)\n\tat org.apache.maven.surefire.booter.ForkedBooter.main(ForkedBooter.java:103)\n"
      },
      "steps" : {
         "step" : [ ]
      },
      "attachments" : {
         "attachment" : [ ]
      },
      "labels" : {
         "label" : [ {
            "name" : "host",
            "value" : "Abduls-MBP.home"
         }, {
            "name" : "thread",
            "value" : "35250@Abduls-MBP.home.main(1)"
         } ]
      }
   }
}
>>>REQUEST: /testdb/TestCase
[WARN] [10/01/2015 20:18:56.791] [default-akka.actor.default-dispatcher-128] [ActorSystem(default)] Illegal response header: Illegal 'etag' header: Invalid input '5', expected 'W' or '"' (line 1, column 1): 560dcd70fbeaf7a200c9bfd8
^
<<<RESPONSE (201 Created): /testdb/TestCase
running with given plugins: []
=== Starting should_collect_warnings_even_if_build_failed(plugins.PmdPluginTest)
Starting Jenkins: JAVA_HOME=/Library/Java/JavaVirtualMachines/jdk1.8.0_60.jdk/Contents/Home JENKINS_HOME=/Users/abduljewel/Documents/c/spiderqa/sample-test-projects/acceptance-test-harness/target/jenkins3235486585016981042home /Library/Java/JavaVirtualMachines/jdk1.8.0_60.jdk/Contents/Home/bin/java -Duser.language=en -jar ./jenkins.war --ajp13Port=-1 --httpPort=60774
master60774|Running from: /Users/abduljewel/Documents/c/spiderqa/sample-test-projects/acceptance-test-harness/jenkins.war
master60774|webroot: EnvVars.masterEnvVars.get("JENKINS_HOME")
master60774|Oct 01, 2015 8:18:57 PM winstone.Logger logInternal
master60774|INFO: Beginning extraction from war file
master60774|Oct 01, 2015 8:19:03 PM org.eclipse.jetty.util.log.JavaUtilLog info
master60774|INFO: jetty-winstone-2.8
master60774|Oct 01, 2015 8:19:09 PM org.eclipse.jetty.util.log.JavaUtilLog info
master60774|INFO: NO JSP Support for , did not find org.apache.jasper.servlet.JspServlet
master60774|Jenkins home directory: /Users/abduljewel/Documents/c/spiderqa/sample-test-projects/acceptance-test-harness/target/jenkins3235486585016981042home found at: EnvVars.masterEnvVars.get("JENKINS_HOME")
master60774|Oct 01, 2015 8:19:15 PM org.eclipse.jetty.util.log.JavaUtilLog info
master60774|INFO: Started SelectChannelConnector@0.0.0.0:60774
master60774|Oct 01, 2015 8:19:15 PM winstone.Logger logInternal
master60774|INFO: Winstone Servlet Engine v2.0 running: controlPort=disabled
master60774|Oct 01, 2015 8:19:15 PM jenkins.InitReactorRunner$1 onAttained
master60774|INFO: Started initialization
master60774|Oct 01, 2015 8:19:52 PM jenkins.InitReactorRunner$1 onAttained
master60774|INFO: Listed all plugins
master60774|Oct 01, 2015 8:19:52 PM jenkins.InitReactorRunner$1 onAttained
master60774|INFO: Prepared all plugins
master60774|Oct 01, 2015 8:19:52 PM jenkins.InitReactorRunner$1 onAttained
master60774|INFO: Started all plugins
master60774|Oct 01, 2015 8:19:52 PM jenkins.InitReactorRunner$1 onAttained
master60774|INFO: Augmented all extensions
master60774|Oct 01, 2015 8:19:57 PM jenkins.InitReactorRunner$1 onAttained
master60774|INFO: Loaded all jobs
master60774|Oct 01, 2015 8:20:00 PM hudson.model.AsyncPeriodicWork$1 run
master60774|INFO: Started Download metadata
master60774|Oct 01, 2015 8:20:00 PM org.jenkinsci.main.modules.sshd.SSHD start
master60774|INFO: Started SSHD at port 49334
master60774|Oct 01, 2015 8:20:00 PM jenkins.InitReactorRunner$1 onAttained
master60774|INFO: Completed initialization
master60774|Oct 01, 2015 8:20:00 PM hudson.UDPBroadcastThread run
master60774|WARNING: UDP handling problem
master60774|java.net.SocketException: Can't assign requested address
master60774|	at java.net.PlainDatagramSocketImpl.join(Native Method)
master60774|	at java.net.AbstractPlainDatagramSocketImpl.join(AbstractPlainDatagramSocketImpl.java:179)
master60774|	at java.net.MulticastSocket.joinGroup(MulticastSocket.java:323)
master60774|	at hudson.UDPBroadcastThread.run(UDPBroadcastThread.java:77)
master60774|
master60774|Oct 01, 2015 8:20:00 PM hudson.WebAppMain$3 run
master60774|INFO: Jenkins is fully up and running
master60774|Oct 01, 2015 8:20:07 PM hudson.model.UpdateSite updateData
master60774|INFO: Obtained the latest update center data file for UpdateSource default
master60774|Oct 01, 2015 8:20:07 PM hudson.model.DownloadService$Downloadable load
master60774|INFO: Obtained the updated data file for hudson.tasks.Maven.MavenInstaller
master60774|Oct 01, 2015 8:20:07 PM hudson.model.DownloadService$Downloadable load
master60774|INFO: Obtained the updated data file for hudson.tasks.Ant.AntInstaller
master60774|Oct 01, 2015 8:20:08 PM hudson.model.DownloadService$Downloadable load
master60774|INFO: Obtained the updated data file for hudson.tools.JDKInstaller
master60774|Oct 01, 2015 8:20:08 PM hudson.model.AsyncPeriodicWork$1 run
master60774|INFO: Finished Download metadata. 8,828 ms
Jenkins is stopped
]]></system-out>
    <system-err><![CDATA[Oct 01, 2015 8:18:56 PM org.jenkinsci.test.acceptance.controller.LocalController startNow
INFO: Waiting for Jenkins to become running in http://127.0.0.1:60774/
Oct 01, 2015 8:20:00 PM org.jenkinsci.test.acceptance.controller.LocalController startNow
INFO: Jenkins is running in http://127.0.0.1:60774/
Oct 01, 2015 8:20:07 PM org.jenkinsci.test.acceptance.po.PluginManager installationStatus
INFO: pmd is not installed
Oct 01, 2015 8:20:07 PM org.jenkinsci.test.acceptance.po.PluginManager installationStatus
INFO: pmd is not installed
Oct 01, 2015 8:20:10 PM org.jenkinsci.test.acceptance.po.PluginManager installationStatus
INFO: script-security has version 1.13 but 1.15 was requested
]]></system-err>
  </testcase>
  <testcase name="should_set_build_to_unstable_if_total_warnings_threshold_set" classname="plugins.PmdPluginTest" time="73.093">
    <error message="org.apache.http.entity.ContentType.create(Ljava/lang/String;[Lorg/apache/http/NameValuePair;)Lorg/apache/http/entity/ContentType;" type="java.lang.NoSuchMethodError">java.lang.NoSuchMethodError: org.apache.http.entity.ContentType.create(Ljava/lang/String;[Lorg/apache/http/NameValuePair;)Lorg/apache/http/entity/ContentType;
	at org.apache.http.entity.mime.MultipartEntityBuilder.buildEntity(MultipartEntityBuilder.java:209)
	at org.apache.http.entity.mime.MultipartEntityBuilder.build(MultipartEntityBuilder.java:230)
	at org.jenkinsci.test.acceptance.update_center.PluginMetadata.uploadTo(PluginMetadata.java:65)
	at org.jenkinsci.test.acceptance.po.PluginManager.installPlugins(PluginManager.java:173)
	at org.jenkinsci.test.acceptance.junit.WithPlugins$RuleImpl$1.doInstall(WithPlugins.java:139)
	at org.jenkinsci.test.acceptance.junit.WithPlugins$RuleImpl$1.installPlugins(WithPlugins.java:119)
	at org.jenkinsci.test.acceptance.junit.WithPlugins$RuleImpl$1.evaluate(WithPlugins.java:92)
	at org.jenkinsci.test.acceptance.junit.JenkinsAcceptanceTestRule$1$2$1.evaluate(JenkinsAcceptanceTestRule.java:129)
	at org.jenkinsci.test.acceptance.junit.FilterRule$1.evaluate(FilterRule.java:62)
	at org.jenkinsci.test.acceptance.junit.JenkinsAcceptanceTestRule$1.evaluate(JenkinsAcceptanceTestRule.java:55)
	at org.junit.runners.ParentRunner.runLeaf(ParentRunner.java:271)
	at org.junit.runners.BlockJUnit4ClassRunner.runChild(BlockJUnit4ClassRunner.java:70)
	at org.junit.runners.BlockJUnit4ClassRunner.runChild(BlockJUnit4ClassRunner.java:50)
	at org.junit.runners.ParentRunner$3.run(ParentRunner.java:238)
	at org.junit.runners.ParentRunner$1.schedule(ParentRunner.java:63)
	at org.junit.runners.ParentRunner.runChildren(ParentRunner.java:236)
	at org.junit.runners.ParentRunner.access$000(ParentRunner.java:53)
	at org.junit.runners.ParentRunner$2.evaluate(ParentRunner.java:229)
	at org.junit.runners.ParentRunner.run(ParentRunner.java:309)
	at org.apache.maven.surefire.junit4.JUnit4Provider.execute(JUnit4Provider.java:264)
	at org.apache.maven.surefire.junit4.JUnit4Provider.executeTestSet(JUnit4Provider.java:153)
	at org.apache.maven.surefire.junit4.JUnit4Provider.invoke(JUnit4Provider.java:124)
	at org.apache.maven.surefire.booter.ForkedBooter.invokeProviderInSameClassLoader(ForkedBooter.java:200)
	at org.apache.maven.surefire.booter.ForkedBooter.runSuitesInProcess(ForkedBooter.java:153)
	at org.apache.maven.surefire.booter.ForkedBooter.main(ForkedBooter.java:103)
</error>
    <system-out><![CDATA[testCaseResult=ru.yandex.qatools.allure.model.TestCaseResult@108b121f[
  name=should_collect_warnings_even_if_build_failed
  title=<null>
  description=<null>
  failure=ru.yandex.qatools.allure.model.Failure@46ab4efc
  start=1443745136786
  stop=1443745210892
  status=BROKEN
  severity=<null>
  steps=[]
  attachments=[]
  labels=[ru.yandex.qatools.allure.model.Label@2ff498b0, ru.yandex.qatools.allure.model.Label@b5312df]
  parameters=<null>
]
testCaseResult={
   "start" : 1443745136786,
   "stop" : 1443745210892,
   "status" : "broken",
   "name" : "should_collect_warnings_even_if_build_failed",
   "failure" : {
      "message" : "NoSuchMethodError: org.apache.http.entity.ContentType.create(Ljava/lang/String;[Lorg/apache/http/NameValuePair;)Lorg/apache/http/entity/ContentType;",
      "stack-trace" : "java.lang.NoSuchMethodError: org.apache.http.entity.ContentType.create(Ljava/lang/String;[Lorg/apache/http/NameValuePair;)Lorg/apache/http/entity/ContentType;\n\tat org.apache.http.entity.mime.MultipartEntityBuilder.buildEntity(MultipartEntityBuilder.java:209)\n\tat org.apache.http.entity.mime.MultipartEntityBuilder.build(MultipartEntityBuilder.java:230)\n\tat org.jenkinsci.test.acceptance.update_center.PluginMetadata.uploadTo(PluginMetadata.java:65)\n\tat org.jenkinsci.test.acceptance.po.PluginManager.installPlugins(PluginManager.java:173)\n\tat org.jenkinsci.test.acceptance.junit.WithPlugins$RuleImpl$1.doInstall(WithPlugins.java:139)\n\tat org.jenkinsci.test.acceptance.junit.WithPlugins$RuleImpl$1.installPlugins(WithPlugins.java:119)\n\tat org.jenkinsci.test.acceptance.junit.WithPlugins$RuleImpl$1.evaluate(WithPlugins.java:92)\n\tat org.jenkinsci.test.acceptance.junit.JenkinsAcceptanceTestRule$1$2$1.evaluate(JenkinsAcceptanceTestRule.java:129)\n\tat org.jenkinsci.test.acceptance.junit.FilterRule$1.evaluate(FilterRule.java:62)\n\tat org.jenkinsci.test.acceptance.junit.JenkinsAcceptanceTestRule$1.evaluate(JenkinsAcceptanceTestRule.java:55)\n\tat org.junit.runners.ParentRunner.runLeaf(ParentRunner.java:271)\n\tat org.junit.runners.BlockJUnit4ClassRunner.runChild(BlockJUnit4ClassRunner.java:70)\n\tat org.junit.runners.BlockJUnit4ClassRunner.runChild(BlockJUnit4ClassRunner.java:50)\n\tat org.junit.runners.ParentRunner$3.run(ParentRunner.java:238)\n\tat org.junit.runners.ParentRunner$1.schedule(ParentRunner.java:63)\n\tat org.junit.runners.ParentRunner.runChildren(ParentRunner.java:236)\n\tat org.junit.runners.ParentRunner.access$000(ParentRunner.java:53)\n\tat org.junit.runners.ParentRunner$2.evaluate(ParentRunner.java:229)\n\tat org.junit.runners.ParentRunner.run(ParentRunner.java:309)\n\tat org.apache.maven.surefire.junit4.JUnit4Provider.execute(JUnit4Provider.java:264)\n\tat org.apache.maven.surefire.junit4.JUnit4Provider.executeTestSet(JUnit4Provider.java:153)\n\tat org.apache.maven.surefire.junit4.JUnit4Provider.invoke(JUnit4Provider.java:124)\n\tat org.apache.maven.surefire.booter.ForkedBooter.invokeProviderInSameClassLoader(ForkedBooter.java:200)\n\tat org.apache.maven.surefire.booter.ForkedBooter.runSuitesInProcess(ForkedBooter.java:153)\n\tat org.apache.maven.surefire.booter.ForkedBooter.main(ForkedBooter.java:103)\n"
   },
   "steps" : {
      "step" : [ ]
   },
   "attachments" : {
      "attachment" : [ ]
   },
   "labels" : {
      "label" : [ {
         "name" : "host",
         "value" : "Abduls-MBP.home"
      }, {
         "name" : "thread",
         "value" : "35250@Abduls-MBP.home.main(1)"
      } ]
   }
}
testCase=ru.yandex.qatools.allure.model.TestCase@4300e240[
  _id=b05b595c-898a-4ea3-8794-decc3745b054
  executionId=27f47f39-aa42-4a27-8553-fee0eadcf4f3
  result=ru.yandex.qatools.allure.model.TestCaseResult@108b121f
]
testCase={
   "_id" : "b05b595c-898a-4ea3-8794-decc3745b054",
   "executionId" : "27f47f39-aa42-4a27-8553-fee0eadcf4f3",
   "result" : {
      "start" : 1443745136786,
      "stop" : 1443745210892,
      "status" : "broken",
      "name" : "should_collect_warnings_even_if_build_failed",
      "failure" : {
         "message" : "NoSuchMethodError: org.apache.http.entity.ContentType.create(Ljava/lang/String;[Lorg/apache/http/NameValuePair;)Lorg/apache/http/entity/ContentType;",
         "stack-trace" : "java.lang.NoSuchMethodError: org.apache.http.entity.ContentType.create(Ljava/lang/String;[Lorg/apache/http/NameValuePair;)Lorg/apache/http/entity/ContentType;\n\tat org.apache.http.entity.mime.MultipartEntityBuilder.buildEntity(MultipartEntityBuilder.java:209)\n\tat org.apache.http.entity.mime.MultipartEntityBuilder.build(MultipartEntityBuilder.java:230)\n\tat org.jenkinsci.test.acceptance.update_center.PluginMetadata.uploadTo(PluginMetadata.java:65)\n\tat org.jenkinsci.test.acceptance.po.PluginManager.installPlugins(PluginManager.java:173)\n\tat org.jenkinsci.test.acceptance.junit.WithPlugins$RuleImpl$1.doInstall(WithPlugins.java:139)\n\tat org.jenkinsci.test.acceptance.junit.WithPlugins$RuleImpl$1.installPlugins(WithPlugins.java:119)\n\tat org.jenkinsci.test.acceptance.junit.WithPlugins$RuleImpl$1.evaluate(WithPlugins.java:92)\n\tat org.jenkinsci.test.acceptance.junit.JenkinsAcceptanceTestRule$1$2$1.evaluate(JenkinsAcceptanceTestRule.java:129)\n\tat org.jenkinsci.test.acceptance.junit.FilterRule$1.evaluate(FilterRule.java:62)\n\tat org.jenkinsci.test.acceptance.junit.JenkinsAcceptanceTestRule$1.evaluate(JenkinsAcceptanceTestRule.java:55)\n\tat org.junit.runners.ParentRunner.runLeaf(ParentRunner.java:271)\n\tat org.junit.runners.BlockJUnit4ClassRunner.runChild(BlockJUnit4ClassRunner.java:70)\n\tat org.junit.runners.BlockJUnit4ClassRunner.runChild(BlockJUnit4ClassRunner.java:50)\n\tat org.junit.runners.ParentRunner$3.run(ParentRunner.java:238)\n\tat org.junit.runners.ParentRunner$1.schedule(ParentRunner.java:63)\n\tat org.junit.runners.ParentRunner.runChildren(ParentRunner.java:236)\n\tat org.junit.runners.ParentRunner.access$000(ParentRunner.java:53)\n\tat org.junit.runners.ParentRunner$2.evaluate(ParentRunner.java:229)\n\tat org.junit.runners.ParentRunner.run(ParentRunner.java:309)\n\tat org.apache.maven.surefire.junit4.JUnit4Provider.execute(JUnit4Provider.java:264)\n\tat org.apache.maven.surefire.junit4.JUnit4Provider.executeTestSet(JUnit4Provider.java:153)\n\tat org.apache.maven.surefire.junit4.JUnit4Provider.invoke(JUnit4Provider.java:124)\n\tat org.apache.maven.surefire.booter.ForkedBooter.invokeProviderInSameClassLoader(ForkedBooter.java:200)\n\tat org.apache.maven.surefire.booter.ForkedBooter.runSuitesInProcess(ForkedBooter.java:153)\n\tat org.apache.maven.surefire.booter.ForkedBooter.main(ForkedBooter.java:103)\n"
      },
      "steps" : {
         "step" : [ ]
      },
      "attachments" : {
         "attachment" : [ ]
      },
      "labels" : {
         "label" : [ {
            "name" : "host",
            "value" : "Abduls-MBP.home"
         }, {
            "name" : "thread",
            "value" : "35250@Abduls-MBP.home.main(1)"
         } ]
      }
   }
}
>>>REQUEST: /testdb/TestCase
[WARN] [10/01/2015 20:20:10.906] [default-akka.actor.default-dispatcher-130] [ActorSystem(default)] Illegal response header: Illegal 'etag' header: Invalid input '5', expected 'W' or '"' (line 1, column 1): 560dcdbafbeaf7a200c9bfdd
^
<<<RESPONSE (201 Created): /testdb/TestCase
running with given plugins: []
=== Starting should_set_build_to_unstable_if_total_warnings_threshold_set(plugins.PmdPluginTest)
Starting Jenkins: JAVA_HOME=/Library/Java/JavaVirtualMachines/jdk1.8.0_60.jdk/Contents/Home JENKINS_HOME=/Users/abduljewel/Documents/c/spiderqa/sample-test-projects/acceptance-test-harness/target/jenkins629790169628012497home /Library/Java/JavaVirtualMachines/jdk1.8.0_60.jdk/Contents/Home/bin/java -Duser.language=en -jar ./jenkins.war --ajp13Port=-1 --httpPort=51496
master51496|Running from: /Users/abduljewel/Documents/c/spiderqa/sample-test-projects/acceptance-test-harness/jenkins.war
master51496|webroot: EnvVars.masterEnvVars.get("JENKINS_HOME")
master51496|Oct 01, 2015 8:20:12 PM winstone.Logger logInternal
master51496|INFO: Beginning extraction from war file
master51496|Oct 01, 2015 8:20:16 PM org.eclipse.jetty.util.log.JavaUtilLog info
master51496|INFO: jetty-winstone-2.8
master51496|Oct 01, 2015 8:20:22 PM org.eclipse.jetty.util.log.JavaUtilLog info
master51496|INFO: NO JSP Support for , did not find org.apache.jasper.servlet.JspServlet
master51496|Jenkins home directory: /Users/abduljewel/Documents/c/spiderqa/sample-test-projects/acceptance-test-harness/target/jenkins629790169628012497home found at: EnvVars.masterEnvVars.get("JENKINS_HOME")
master51496|Oct 01, 2015 8:20:26 PM org.eclipse.jetty.util.log.JavaUtilLog info
master51496|INFO: Started SelectChannelConnector@0.0.0.0:51496
master51496|Oct 01, 2015 8:20:26 PM winstone.Logger logInternal
master51496|INFO: Winstone Servlet Engine v2.0 running: controlPort=disabled
master51496|Oct 01, 2015 8:20:27 PM jenkins.InitReactorRunner$1 onAttained
master51496|INFO: Started initialization
master51496|Oct 01, 2015 8:21:03 PM jenkins.InitReactorRunner$1 onAttained
master51496|INFO: Listed all plugins
master51496|Oct 01, 2015 8:21:03 PM jenkins.InitReactorRunner$1 onAttained
master51496|INFO: Prepared all plugins
master51496|Oct 01, 2015 8:21:03 PM jenkins.InitReactorRunner$1 onAttained
master51496|INFO: Started all plugins
master51496|Oct 01, 2015 8:21:03 PM jenkins.InitReactorRunner$1 onAttained
master51496|INFO: Augmented all extensions
master51496|Oct 01, 2015 8:21:07 PM jenkins.InitReactorRunner$1 onAttained
master51496|INFO: Loaded all jobs
master51496|Oct 01, 2015 8:21:12 PM hudson.model.AsyncPeriodicWork$1 run
master51496|INFO: Started Download metadata
master51496|Oct 01, 2015 8:21:13 PM org.jenkinsci.main.modules.sshd.SSHD start
master51496|INFO: Started SSHD at port 49651
master51496|Oct 01, 2015 8:21:13 PM jenkins.InitReactorRunner$1 onAttained
master51496|INFO: Completed initialization
master51496|Oct 01, 2015 8:21:13 PM hudson.UDPBroadcastThread run
master51496|WARNING: UDP handling problem
master51496|java.net.SocketException: Can't assign requested address
master51496|	at java.net.PlainDatagramSocketImpl.join(Native Method)
master51496|	at java.net.AbstractPlainDatagramSocketImpl.join(AbstractPlainDatagramSocketImpl.java:179)
master51496|	at java.net.MulticastSocket.joinGroup(MulticastSocket.java:323)
master51496|	at hudson.UDPBroadcastThread.run(UDPBroadcastThread.java:77)
master51496|
master51496|Oct 01, 2015 8:21:13 PM hudson.WebAppMain$3 run
master51496|INFO: Jenkins is fully up and running
master51496|Oct 01, 2015 8:21:16 PM hudson.model.UpdateSite updateData
master51496|INFO: Obtained the latest update center data file for UpdateSource default
master51496|Oct 01, 2015 8:21:16 PM hudson.model.DownloadService$Downloadable load
master51496|INFO: Obtained the updated data file for hudson.tasks.Maven.MavenInstaller
master51496|Oct 01, 2015 8:21:16 PM hudson.model.DownloadService$Downloadable load
master51496|INFO: Obtained the updated data file for hudson.tasks.Ant.AntInstaller
master51496|Oct 01, 2015 8:21:17 PM hudson.model.DownloadService$Downloadable load
master51496|INFO: Obtained the updated data file for hudson.tools.JDKInstaller
master51496|Oct 01, 2015 8:21:17 PM hudson.model.AsyncPeriodicWork$1 run
master51496|INFO: Finished Download metadata. 5,234 ms
Jenkins is stopped
]]></system-out>
    <system-err><![CDATA[Oct 01, 2015 8:20:10 PM org.jenkinsci.test.acceptance.controller.LocalController startNow
INFO: Waiting for Jenkins to become running in http://127.0.0.1:51496/
Oct 01, 2015 8:21:13 PM org.jenkinsci.test.acceptance.controller.LocalController startNow
INFO: Jenkins is running in http://127.0.0.1:51496/
Oct 01, 2015 8:21:21 PM org.jenkinsci.test.acceptance.po.PluginManager installationStatus
INFO: pmd is not installed
Oct 01, 2015 8:21:21 PM org.jenkinsci.test.acceptance.po.PluginManager installationStatus
INFO: pmd is not installed
Oct 01, 2015 8:21:23 PM org.jenkinsci.test.acceptance.po.PluginManager installationStatus
INFO: script-security has version 1.13 but 1.15 was requested
]]></system-err>
  </testcase>
  <testcase name="should_return_results_via_remote_api" classname="plugins.PmdPluginTest" time="72.771">
    <error message="org.apache.http.entity.ContentType.create(Ljava/lang/String;[Lorg/apache/http/NameValuePair;)Lorg/apache/http/entity/ContentType;" type="java.lang.NoSuchMethodError">java.lang.NoSuchMethodError: org.apache.http.entity.ContentType.create(Ljava/lang/String;[Lorg/apache/http/NameValuePair;)Lorg/apache/http/entity/ContentType;
	at org.apache.http.entity.mime.MultipartEntityBuilder.buildEntity(MultipartEntityBuilder.java:209)
	at org.apache.http.entity.mime.MultipartEntityBuilder.build(MultipartEntityBuilder.java:230)
	at org.jenkinsci.test.acceptance.update_center.PluginMetadata.uploadTo(PluginMetadata.java:65)
	at org.jenkinsci.test.acceptance.po.PluginManager.installPlugins(PluginManager.java:173)
	at org.jenkinsci.test.acceptance.junit.WithPlugins$RuleImpl$1.doInstall(WithPlugins.java:139)
	at org.jenkinsci.test.acceptance.junit.WithPlugins$RuleImpl$1.installPlugins(WithPlugins.java:119)
	at org.jenkinsci.test.acceptance.junit.WithPlugins$RuleImpl$1.evaluate(WithPlugins.java:92)
	at org.jenkinsci.test.acceptance.junit.JenkinsAcceptanceTestRule$1$2$1.evaluate(JenkinsAcceptanceTestRule.java:129)
	at org.jenkinsci.test.acceptance.junit.FilterRule$1.evaluate(FilterRule.java:62)
	at org.jenkinsci.test.acceptance.junit.JenkinsAcceptanceTestRule$1.evaluate(JenkinsAcceptanceTestRule.java:55)
	at org.junit.runners.ParentRunner.runLeaf(ParentRunner.java:271)
	at org.junit.runners.BlockJUnit4ClassRunner.runChild(BlockJUnit4ClassRunner.java:70)
	at org.junit.runners.BlockJUnit4ClassRunner.runChild(BlockJUnit4ClassRunner.java:50)
	at org.junit.runners.ParentRunner$3.run(ParentRunner.java:238)
	at org.junit.runners.ParentRunner$1.schedule(ParentRunner.java:63)
	at org.junit.runners.ParentRunner.runChildren(ParentRunner.java:236)
	at org.junit.runners.ParentRunner.access$000(ParentRunner.java:53)
	at org.junit.runners.ParentRunner$2.evaluate(ParentRunner.java:229)
	at org.junit.runners.ParentRunner.run(ParentRunner.java:309)
	at org.apache.maven.surefire.junit4.JUnit4Provider.execute(JUnit4Provider.java:264)
	at org.apache.maven.surefire.junit4.JUnit4Provider.executeTestSet(JUnit4Provider.java:153)
	at org.apache.maven.surefire.junit4.JUnit4Provider.invoke(JUnit4Provider.java:124)
	at org.apache.maven.surefire.booter.ForkedBooter.invokeProviderInSameClassLoader(ForkedBooter.java:200)
	at org.apache.maven.surefire.booter.ForkedBooter.runSuitesInProcess(ForkedBooter.java:153)
	at org.apache.maven.surefire.booter.ForkedBooter.main(ForkedBooter.java:103)
</error>
    <system-out><![CDATA[testCaseResult=ru.yandex.qatools.allure.model.TestCaseResult@6d0114c0[
  name=should_set_build_to_unstable_if_total_warnings_threshold_set
  title=<null>
  description=<null>
  failure=ru.yandex.qatools.allure.model.Failure@40016ce1
  start=1443745210903
  stop=1443745283995
  status=BROKEN
  severity=<null>
  steps=[]
  attachments=[]
  labels=[ru.yandex.qatools.allure.model.Label@203765b2, ru.yandex.qatools.allure.model.Label@7e050be1]
  parameters=<null>
]
testCaseResult={
   "start" : 1443745210903,
   "stop" : 1443745283995,
   "status" : "broken",
   "name" : "should_set_build_to_unstable_if_total_warnings_threshold_set",
   "failure" : {
      "message" : "NoSuchMethodError: org.apache.http.entity.ContentType.create(Ljava/lang/String;[Lorg/apache/http/NameValuePair;)Lorg/apache/http/entity/ContentType;",
      "stack-trace" : "java.lang.NoSuchMethodError: org.apache.http.entity.ContentType.create(Ljava/lang/String;[Lorg/apache/http/NameValuePair;)Lorg/apache/http/entity/ContentType;\n\tat org.apache.http.entity.mime.MultipartEntityBuilder.buildEntity(MultipartEntityBuilder.java:209)\n\tat org.apache.http.entity.mime.MultipartEntityBuilder.build(MultipartEntityBuilder.java:230)\n\tat org.jenkinsci.test.acceptance.update_center.PluginMetadata.uploadTo(PluginMetadata.java:65)\n\tat org.jenkinsci.test.acceptance.po.PluginManager.installPlugins(PluginManager.java:173)\n\tat org.jenkinsci.test.acceptance.junit.WithPlugins$RuleImpl$1.doInstall(WithPlugins.java:139)\n\tat org.jenkinsci.test.acceptance.junit.WithPlugins$RuleImpl$1.installPlugins(WithPlugins.java:119)\n\tat org.jenkinsci.test.acceptance.junit.WithPlugins$RuleImpl$1.evaluate(WithPlugins.java:92)\n\tat org.jenkinsci.test.acceptance.junit.JenkinsAcceptanceTestRule$1$2$1.evaluate(JenkinsAcceptanceTestRule.java:129)\n\tat org.jenkinsci.test.acceptance.junit.FilterRule$1.evaluate(FilterRule.java:62)\n\tat org.jenkinsci.test.acceptance.junit.JenkinsAcceptanceTestRule$1.evaluate(JenkinsAcceptanceTestRule.java:55)\n\tat org.junit.runners.ParentRunner.runLeaf(ParentRunner.java:271)\n\tat org.junit.runners.BlockJUnit4ClassRunner.runChild(BlockJUnit4ClassRunner.java:70)\n\tat org.junit.runners.BlockJUnit4ClassRunner.runChild(BlockJUnit4ClassRunner.java:50)\n\tat org.junit.runners.ParentRunner$3.run(ParentRunner.java:238)\n\tat org.junit.runners.ParentRunner$1.schedule(ParentRunner.java:63)\n\tat org.junit.runners.ParentRunner.runChildren(ParentRunner.java:236)\n\tat org.junit.runners.ParentRunner.access$000(ParentRunner.java:53)\n\tat org.junit.runners.ParentRunner$2.evaluate(ParentRunner.java:229)\n\tat org.junit.runners.ParentRunner.run(ParentRunner.java:309)\n\tat org.apache.maven.surefire.junit4.JUnit4Provider.execute(JUnit4Provider.java:264)\n\tat org.apache.maven.surefire.junit4.JUnit4Provider.executeTestSet(JUnit4Provider.java:153)\n\tat org.apache.maven.surefire.junit4.JUnit4Provider.invoke(JUnit4Provider.java:124)\n\tat org.apache.maven.surefire.booter.ForkedBooter.invokeProviderInSameClassLoader(ForkedBooter.java:200)\n\tat org.apache.maven.surefire.booter.ForkedBooter.runSuitesInProcess(ForkedBooter.java:153)\n\tat org.apache.maven.surefire.booter.ForkedBooter.main(ForkedBooter.java:103)\n"
   },
   "steps" : {
      "step" : [ ]
   },
   "attachments" : {
      "attachment" : [ ]
   },
   "labels" : {
      "label" : [ {
         "name" : "host",
         "value" : "Abduls-MBP.home"
      }, {
         "name" : "thread",
         "value" : "35250@Abduls-MBP.home.main(1)"
      } ]
   }
}
testCase=ru.yandex.qatools.allure.model.TestCase@1b47b7f5[
  _id=4b46c524-86c4-43c2-84b0-f13e3fac2b45
  executionId=27f47f39-aa42-4a27-8553-fee0eadcf4f3
  result=ru.yandex.qatools.allure.model.TestCaseResult@6d0114c0
]
testCase={
   "_id" : "4b46c524-86c4-43c2-84b0-f13e3fac2b45",
   "executionId" : "27f47f39-aa42-4a27-8553-fee0eadcf4f3",
   "result" : {
      "start" : 1443745210903,
      "stop" : 1443745283995,
      "status" : "broken",
      "name" : "should_set_build_to_unstable_if_total_warnings_threshold_set",
      "failure" : {
         "message" : "NoSuchMethodError: org.apache.http.entity.ContentType.create(Ljava/lang/String;[Lorg/apache/http/NameValuePair;)Lorg/apache/http/entity/ContentType;",
         "stack-trace" : "java.lang.NoSuchMethodError: org.apache.http.entity.ContentType.create(Ljava/lang/String;[Lorg/apache/http/NameValuePair;)Lorg/apache/http/entity/ContentType;\n\tat org.apache.http.entity.mime.MultipartEntityBuilder.buildEntity(MultipartEntityBuilder.java:209)\n\tat org.apache.http.entity.mime.MultipartEntityBuilder.build(MultipartEntityBuilder.java:230)\n\tat org.jenkinsci.test.acceptance.update_center.PluginMetadata.uploadTo(PluginMetadata.java:65)\n\tat org.jenkinsci.test.acceptance.po.PluginManager.installPlugins(PluginManager.java:173)\n\tat org.jenkinsci.test.acceptance.junit.WithPlugins$RuleImpl$1.doInstall(WithPlugins.java:139)\n\tat org.jenkinsci.test.acceptance.junit.WithPlugins$RuleImpl$1.installPlugins(WithPlugins.java:119)\n\tat org.jenkinsci.test.acceptance.junit.WithPlugins$RuleImpl$1.evaluate(WithPlugins.java:92)\n\tat org.jenkinsci.test.acceptance.junit.JenkinsAcceptanceTestRule$1$2$1.evaluate(JenkinsAcceptanceTestRule.java:129)\n\tat org.jenkinsci.test.acceptance.junit.FilterRule$1.evaluate(FilterRule.java:62)\n\tat org.jenkinsci.test.acceptance.junit.JenkinsAcceptanceTestRule$1.evaluate(JenkinsAcceptanceTestRule.java:55)\n\tat org.junit.runners.ParentRunner.runLeaf(ParentRunner.java:271)\n\tat org.junit.runners.BlockJUnit4ClassRunner.runChild(BlockJUnit4ClassRunner.java:70)\n\tat org.junit.runners.BlockJUnit4ClassRunner.runChild(BlockJUnit4ClassRunner.java:50)\n\tat org.junit.runners.ParentRunner$3.run(ParentRunner.java:238)\n\tat org.junit.runners.ParentRunner$1.schedule(ParentRunner.java:63)\n\tat org.junit.runners.ParentRunner.runChildren(ParentRunner.java:236)\n\tat org.junit.runners.ParentRunner.access$000(ParentRunner.java:53)\n\tat org.junit.runners.ParentRunner$2.evaluate(ParentRunner.java:229)\n\tat org.junit.runners.ParentRunner.run(ParentRunner.java:309)\n\tat org.apache.maven.surefire.junit4.JUnit4Provider.execute(JUnit4Provider.java:264)\n\tat org.apache.maven.surefire.junit4.JUnit4Provider.executeTestSet(JUnit4Provider.java:153)\n\tat org.apache.maven.surefire.junit4.JUnit4Provider.invoke(JUnit4Provider.java:124)\n\tat org.apache.maven.surefire.booter.ForkedBooter.invokeProviderInSameClassLoader(ForkedBooter.java:200)\n\tat org.apache.maven.surefire.booter.ForkedBooter.runSuitesInProcess(ForkedBooter.java:153)\n\tat org.apache.maven.surefire.booter.ForkedBooter.main(ForkedBooter.java:103)\n"
      },
      "steps" : {
         "step" : [ ]
      },
      "attachments" : {
         "attachment" : [ ]
      },
      "labels" : {
         "label" : [ {
            "name" : "host",
            "value" : "Abduls-MBP.home"
         }, {
            "name" : "thread",
            "value" : "35250@Abduls-MBP.home.main(1)"
         } ]
      }
   }
}
>>>REQUEST: /testdb/TestCase
[WARN] [10/01/2015 20:21:24.041] [default-akka.actor.default-dispatcher-129] [ActorSystem(default)] Illegal response header: Illegal 'etag' header: Invalid input '5', expected 'W' or '"' (line 1, column 1): 560dce04fbeaf7a200c9bfe2
^
<<<RESPONSE (201 Created): /testdb/TestCase
running with given plugins: []
=== Starting should_return_results_via_remote_api(plugins.PmdPluginTest)
Starting Jenkins: JAVA_HOME=/Library/Java/JavaVirtualMachines/jdk1.8.0_60.jdk/Contents/Home JENKINS_HOME=/Users/abduljewel/Documents/c/spiderqa/sample-test-projects/acceptance-test-harness/target/jenkins8059636989512128089home /Library/Java/JavaVirtualMachines/jdk1.8.0_60.jdk/Contents/Home/bin/java -Duser.language=en -jar ./jenkins.war --ajp13Port=-1 --httpPort=60072
master60072|Running from: /Users/abduljewel/Documents/c/spiderqa/sample-test-projects/acceptance-test-harness/jenkins.war
master60072|webroot: EnvVars.masterEnvVars.get("JENKINS_HOME")
master60072|Oct 01, 2015 8:21:25 PM winstone.Logger logInternal
master60072|INFO: Beginning extraction from war file
master60072|Oct 01, 2015 8:21:30 PM org.eclipse.jetty.util.log.JavaUtilLog info
master60072|INFO: jetty-winstone-2.8
master60072|Oct 01, 2015 8:21:36 PM org.eclipse.jetty.util.log.JavaUtilLog info
master60072|INFO: NO JSP Support for , did not find org.apache.jasper.servlet.JspServlet
master60072|Jenkins home directory: /Users/abduljewel/Documents/c/spiderqa/sample-test-projects/acceptance-test-harness/target/jenkins8059636989512128089home found at: EnvVars.masterEnvVars.get("JENKINS_HOME")
master60072|Oct 01, 2015 8:21:40 PM org.eclipse.jetty.util.log.JavaUtilLog info
master60072|INFO: Started SelectChannelConnector@0.0.0.0:60072
master60072|Oct 01, 2015 8:21:40 PM winstone.Logger logInternal
master60072|INFO: Winstone Servlet Engine v2.0 running: controlPort=disabled
master60072|Oct 01, 2015 8:21:41 PM jenkins.InitReactorRunner$1 onAttained
master60072|INFO: Started initialization
master60072|Oct 01, 2015 8:22:15 PM jenkins.InitReactorRunner$1 onAttained
master60072|INFO: Listed all plugins
master60072|Oct 01, 2015 8:22:15 PM jenkins.InitReactorRunner$1 onAttained
master60072|INFO: Prepared all plugins
master60072|Oct 01, 2015 8:22:15 PM jenkins.InitReactorRunner$1 onAttained
master60072|INFO: Started all plugins
master60072|Oct 01, 2015 8:22:15 PM jenkins.InitReactorRunner$1 onAttained
master60072|INFO: Augmented all extensions
master60072|Oct 01, 2015 8:22:21 PM jenkins.InitReactorRunner$1 onAttained
master60072|INFO: Loaded all jobs
master60072|Oct 01, 2015 8:22:24 PM hudson.model.AsyncPeriodicWork$1 run
master60072|INFO: Started Download metadata
master60072|Oct 01, 2015 8:22:24 PM org.jenkinsci.main.modules.sshd.SSHD start
master60072|INFO: Started SSHD at port 49974
master60072|Oct 01, 2015 8:22:24 PM jenkins.InitReactorRunner$1 onAttained
master60072|INFO: Completed initialization
master60072|Oct 01, 2015 8:22:24 PM hudson.UDPBroadcastThread run
master60072|WARNING: UDP handling problem
master60072|java.net.SocketException: Can't assign requested address
master60072|	at java.net.PlainDatagramSocketImpl.join(Native Method)
master60072|	at java.net.AbstractPlainDatagramSocketImpl.join(AbstractPlainDatagramSocketImpl.java:179)
master60072|	at java.net.MulticastSocket.joinGroup(MulticastSocket.java:323)
master60072|	at hudson.UDPBroadcastThread.run(UDPBroadcastThread.java:77)
master60072|
master60072|Oct 01, 2015 8:22:24 PM hudson.WebAppMain$3 run
master60072|INFO: Jenkins is fully up and running
master60072|Oct 01, 2015 8:22:28 PM hudson.model.UpdateSite updateData
master60072|INFO: Obtained the latest update center data file for UpdateSource default
master60072|Oct 01, 2015 8:22:29 PM hudson.model.DownloadService$Downloadable load
master60072|INFO: Obtained the updated data file for hudson.tasks.Maven.MavenInstaller
master60072|Oct 01, 2015 8:22:29 PM hudson.model.DownloadService$Downloadable load
master60072|INFO: Obtained the updated data file for hudson.tasks.Ant.AntInstaller
master60072|Oct 01, 2015 8:22:30 PM hudson.model.DownloadService$Downloadable load
master60072|INFO: Obtained the updated data file for hudson.tools.JDKInstaller
master60072|Oct 01, 2015 8:22:30 PM hudson.model.AsyncPeriodicWork$1 run
master60072|INFO: Finished Download metadata. 6,622 ms
Jenkins is stopped
]]></system-out>
    <system-err><![CDATA[Oct 01, 2015 8:21:24 PM org.jenkinsci.test.acceptance.controller.LocalController startNow
INFO: Waiting for Jenkins to become running in http://127.0.0.1:60072/
Oct 01, 2015 8:22:24 PM org.jenkinsci.test.acceptance.controller.LocalController startNow
INFO: Jenkins is running in http://127.0.0.1:60072/
Oct 01, 2015 8:22:33 PM org.jenkinsci.test.acceptance.po.PluginManager installationStatus
INFO: pmd is not installed
Oct 01, 2015 8:22:33 PM org.jenkinsci.test.acceptance.po.PluginManager installationStatus
INFO: pmd is not installed
Oct 01, 2015 8:22:36 PM org.jenkinsci.test.acceptance.po.PluginManager installationStatus
INFO: script-security has version 1.13 but 1.15 was requested
]]></system-err>
  </testcase>
  <testcase name="should_set_result_in_build_sequence_when_comparing_to_reference_build" classname="plugins.PmdPluginTest" time="70.417">
    <error message="org.apache.http.entity.ContentType.create(Ljava/lang/String;[Lorg/apache/http/NameValuePair;)Lorg/apache/http/entity/ContentType;" type="java.lang.NoSuchMethodError">java.lang.NoSuchMethodError: org.apache.http.entity.ContentType.create(Ljava/lang/String;[Lorg/apache/http/NameValuePair;)Lorg/apache/http/entity/ContentType;
	at org.apache.http.entity.mime.MultipartEntityBuilder.buildEntity(MultipartEntityBuilder.java:209)
	at org.apache.http.entity.mime.MultipartEntityBuilder.build(MultipartEntityBuilder.java:230)
	at org.jenkinsci.test.acceptance.update_center.PluginMetadata.uploadTo(PluginMetadata.java:65)
	at org.jenkinsci.test.acceptance.po.PluginManager.installPlugins(PluginManager.java:173)
	at org.jenkinsci.test.acceptance.junit.WithPlugins$RuleImpl$1.doInstall(WithPlugins.java:139)
	at org.jenkinsci.test.acceptance.junit.WithPlugins$RuleImpl$1.installPlugins(WithPlugins.java:119)
	at org.jenkinsci.test.acceptance.junit.WithPlugins$RuleImpl$1.evaluate(WithPlugins.java:92)
	at org.jenkinsci.test.acceptance.junit.JenkinsAcceptanceTestRule$1$2$1.evaluate(JenkinsAcceptanceTestRule.java:129)
	at org.jenkinsci.test.acceptance.junit.FilterRule$1.evaluate(FilterRule.java:62)
	at org.jenkinsci.test.acceptance.junit.JenkinsAcceptanceTestRule$1.evaluate(JenkinsAcceptanceTestRule.java:55)
	at org.junit.runners.ParentRunner.runLeaf(ParentRunner.java:271)
	at org.junit.runners.BlockJUnit4ClassRunner.runChild(BlockJUnit4ClassRunner.java:70)
	at org.junit.runners.BlockJUnit4ClassRunner.runChild(BlockJUnit4ClassRunner.java:50)
	at org.junit.runners.ParentRunner$3.run(ParentRunner.java:238)
	at org.junit.runners.ParentRunner$1.schedule(ParentRunner.java:63)
	at org.junit.runners.ParentRunner.runChildren(ParentRunner.java:236)
	at org.junit.runners.ParentRunner.access$000(ParentRunner.java:53)
	at org.junit.runners.ParentRunner$2.evaluate(ParentRunner.java:229)
	at org.junit.runners.ParentRunner.run(ParentRunner.java:309)
	at org.apache.maven.surefire.junit4.JUnit4Provider.execute(JUnit4Provider.java:264)
	at org.apache.maven.surefire.junit4.JUnit4Provider.executeTestSet(JUnit4Provider.java:153)
	at org.apache.maven.surefire.junit4.JUnit4Provider.invoke(JUnit4Provider.java:124)
	at org.apache.maven.surefire.booter.ForkedBooter.invokeProviderInSameClassLoader(ForkedBooter.java:200)
	at org.apache.maven.surefire.booter.ForkedBooter.runSuitesInProcess(ForkedBooter.java:153)
	at org.apache.maven.surefire.booter.ForkedBooter.main(ForkedBooter.java:103)
</error>
    <system-out><![CDATA[testCaseResult=ru.yandex.qatools.allure.model.TestCaseResult@645dc557[
  name=should_return_results_via_remote_api
  title=<null>
  description=<null>
  failure=ru.yandex.qatools.allure.model.Failure@48c5698
  start=1443745284036
  stop=1443745356821
  status=BROKEN
  severity=<null>
  steps=[]
  attachments=[]
  labels=[ru.yandex.qatools.allure.model.Label@17884d, ru.yandex.qatools.allure.model.Label@68e24e7]
  parameters=<null>
]
testCaseResult={
   "start" : 1443745284036,
   "stop" : 1443745356821,
   "status" : "broken",
   "name" : "should_return_results_via_remote_api",
   "failure" : {
      "message" : "NoSuchMethodError: org.apache.http.entity.ContentType.create(Ljava/lang/String;[Lorg/apache/http/NameValuePair;)Lorg/apache/http/entity/ContentType;",
      "stack-trace" : "java.lang.NoSuchMethodError: org.apache.http.entity.ContentType.create(Ljava/lang/String;[Lorg/apache/http/NameValuePair;)Lorg/apache/http/entity/ContentType;\n\tat org.apache.http.entity.mime.MultipartEntityBuilder.buildEntity(MultipartEntityBuilder.java:209)\n\tat org.apache.http.entity.mime.MultipartEntityBuilder.build(MultipartEntityBuilder.java:230)\n\tat org.jenkinsci.test.acceptance.update_center.PluginMetadata.uploadTo(PluginMetadata.java:65)\n\tat org.jenkinsci.test.acceptance.po.PluginManager.installPlugins(PluginManager.java:173)\n\tat org.jenkinsci.test.acceptance.junit.WithPlugins$RuleImpl$1.doInstall(WithPlugins.java:139)\n\tat org.jenkinsci.test.acceptance.junit.WithPlugins$RuleImpl$1.installPlugins(WithPlugins.java:119)\n\tat org.jenkinsci.test.acceptance.junit.WithPlugins$RuleImpl$1.evaluate(WithPlugins.java:92)\n\tat org.jenkinsci.test.acceptance.junit.JenkinsAcceptanceTestRule$1$2$1.evaluate(JenkinsAcceptanceTestRule.java:129)\n\tat org.jenkinsci.test.acceptance.junit.FilterRule$1.evaluate(FilterRule.java:62)\n\tat org.jenkinsci.test.acceptance.junit.JenkinsAcceptanceTestRule$1.evaluate(JenkinsAcceptanceTestRule.java:55)\n\tat org.junit.runners.ParentRunner.runLeaf(ParentRunner.java:271)\n\tat org.junit.runners.BlockJUnit4ClassRunner.runChild(BlockJUnit4ClassRunner.java:70)\n\tat org.junit.runners.BlockJUnit4ClassRunner.runChild(BlockJUnit4ClassRunner.java:50)\n\tat org.junit.runners.ParentRunner$3.run(ParentRunner.java:238)\n\tat org.junit.runners.ParentRunner$1.schedule(ParentRunner.java:63)\n\tat org.junit.runners.ParentRunner.runChildren(ParentRunner.java:236)\n\tat org.junit.runners.ParentRunner.access$000(ParentRunner.java:53)\n\tat org.junit.runners.ParentRunner$2.evaluate(ParentRunner.java:229)\n\tat org.junit.runners.ParentRunner.run(ParentRunner.java:309)\n\tat org.apache.maven.surefire.junit4.JUnit4Provider.execute(JUnit4Provider.java:264)\n\tat org.apache.maven.surefire.junit4.JUnit4Provider.executeTestSet(JUnit4Provider.java:153)\n\tat org.apache.maven.surefire.junit4.JUnit4Provider.invoke(JUnit4Provider.java:124)\n\tat org.apache.maven.surefire.booter.ForkedBooter.invokeProviderInSameClassLoader(ForkedBooter.java:200)\n\tat org.apache.maven.surefire.booter.ForkedBooter.runSuitesInProcess(ForkedBooter.java:153)\n\tat org.apache.maven.surefire.booter.ForkedBooter.main(ForkedBooter.java:103)\n"
   },
   "steps" : {
      "step" : [ ]
   },
   "attachments" : {
      "attachment" : [ ]
   },
   "labels" : {
      "label" : [ {
         "name" : "host",
         "value" : "Abduls-MBP.home"
      }, {
         "name" : "thread",
         "value" : "35250@Abduls-MBP.home.main(1)"
      } ]
   }
}
testCase=ru.yandex.qatools.allure.model.TestCase@c732e1c[
  _id=39fab1a4-d40f-4622-bf93-65c398504c3a
  executionId=27f47f39-aa42-4a27-8553-fee0eadcf4f3
  result=ru.yandex.qatools.allure.model.TestCaseResult@645dc557
]
testCase={
   "_id" : "39fab1a4-d40f-4622-bf93-65c398504c3a",
   "executionId" : "27f47f39-aa42-4a27-8553-fee0eadcf4f3",
   "result" : {
      "start" : 1443745284036,
      "stop" : 1443745356821,
      "status" : "broken",
      "name" : "should_return_results_via_remote_api",
      "failure" : {
         "message" : "NoSuchMethodError: org.apache.http.entity.ContentType.create(Ljava/lang/String;[Lorg/apache/http/NameValuePair;)Lorg/apache/http/entity/ContentType;",
         "stack-trace" : "java.lang.NoSuchMethodError: org.apache.http.entity.ContentType.create(Ljava/lang/String;[Lorg/apache/http/NameValuePair;)Lorg/apache/http/entity/ContentType;\n\tat org.apache.http.entity.mime.MultipartEntityBuilder.buildEntity(MultipartEntityBuilder.java:209)\n\tat org.apache.http.entity.mime.MultipartEntityBuilder.build(MultipartEntityBuilder.java:230)\n\tat org.jenkinsci.test.acceptance.update_center.PluginMetadata.uploadTo(PluginMetadata.java:65)\n\tat org.jenkinsci.test.acceptance.po.PluginManager.installPlugins(PluginManager.java:173)\n\tat org.jenkinsci.test.acceptance.junit.WithPlugins$RuleImpl$1.doInstall(WithPlugins.java:139)\n\tat org.jenkinsci.test.acceptance.junit.WithPlugins$RuleImpl$1.installPlugins(WithPlugins.java:119)\n\tat org.jenkinsci.test.acceptance.junit.WithPlugins$RuleImpl$1.evaluate(WithPlugins.java:92)\n\tat org.jenkinsci.test.acceptance.junit.JenkinsAcceptanceTestRule$1$2$1.evaluate(JenkinsAcceptanceTestRule.java:129)\n\tat org.jenkinsci.test.acceptance.junit.FilterRule$1.evaluate(FilterRule.java:62)\n\tat org.jenkinsci.test.acceptance.junit.JenkinsAcceptanceTestRule$1.evaluate(JenkinsAcceptanceTestRule.java:55)\n\tat org.junit.runners.ParentRunner.runLeaf(ParentRunner.java:271)\n\tat org.junit.runners.BlockJUnit4ClassRunner.runChild(BlockJUnit4ClassRunner.java:70)\n\tat org.junit.runners.BlockJUnit4ClassRunner.runChild(BlockJUnit4ClassRunner.java:50)\n\tat org.junit.runners.ParentRunner$3.run(ParentRunner.java:238)\n\tat org.junit.runners.ParentRunner$1.schedule(ParentRunner.java:63)\n\tat org.junit.runners.ParentRunner.runChildren(ParentRunner.java:236)\n\tat org.junit.runners.ParentRunner.access$000(ParentRunner.java:53)\n\tat org.junit.runners.ParentRunner$2.evaluate(ParentRunner.java:229)\n\tat org.junit.runners.ParentRunner.run(ParentRunner.java:309)\n\tat org.apache.maven.surefire.junit4.JUnit4Provider.execute(JUnit4Provider.java:264)\n\tat org.apache.maven.surefire.junit4.JUnit4Provider.executeTestSet(JUnit4Provider.java:153)\n\tat org.apache.maven.surefire.junit4.JUnit4Provider.invoke(JUnit4Provider.java:124)\n\tat org.apache.maven.surefire.booter.ForkedBooter.invokeProviderInSameClassLoader(ForkedBooter.java:200)\n\tat org.apache.maven.surefire.booter.ForkedBooter.runSuitesInProcess(ForkedBooter.java:153)\n\tat org.apache.maven.surefire.booter.ForkedBooter.main(ForkedBooter.java:103)\n"
      },
      "steps" : {
         "step" : [ ]
      },
      "attachments" : {
         "attachment" : [ ]
      },
      "labels" : {
         "label" : [ {
            "name" : "host",
            "value" : "Abduls-MBP.home"
         }, {
            "name" : "thread",
            "value" : "35250@Abduls-MBP.home.main(1)"
         } ]
      }
   }
}
>>>REQUEST: /testdb/TestCase
[WARN] [10/01/2015 20:22:36.836] [default-akka.actor.default-dispatcher-137] [ActorSystem(default)] Illegal response header: Illegal 'etag' header: Invalid input '5', expected 'W' or '"' (line 1, column 1): 560dce4cfbeaf7a200c9bfe7
^
<<<RESPONSE (201 Created): /testdb/TestCase
running with given plugins: []
=== Starting should_set_result_in_build_sequence_when_comparing_to_reference_build(plugins.PmdPluginTest)
Starting Jenkins: JAVA_HOME=/Library/Java/JavaVirtualMachines/jdk1.8.0_60.jdk/Contents/Home JENKINS_HOME=/Users/abduljewel/Documents/c/spiderqa/sample-test-projects/acceptance-test-harness/target/jenkins5709160202440307088home /Library/Java/JavaVirtualMachines/jdk1.8.0_60.jdk/Contents/Home/bin/java -Duser.language=en -jar ./jenkins.war --ajp13Port=-1 --httpPort=49188
master49188|Running from: /Users/abduljewel/Documents/c/spiderqa/sample-test-projects/acceptance-test-harness/jenkins.war
master49188|webroot: EnvVars.masterEnvVars.get("JENKINS_HOME")
master49188|Oct 01, 2015 8:22:38 PM winstone.Logger logInternal
master49188|INFO: Beginning extraction from war file
master49188|Oct 01, 2015 8:22:44 PM org.eclipse.jetty.util.log.JavaUtilLog info
master49188|INFO: jetty-winstone-2.8
master49188|Oct 01, 2015 8:22:49 PM org.eclipse.jetty.util.log.JavaUtilLog info
master49188|INFO: NO JSP Support for , did not find org.apache.jasper.servlet.JspServlet
master49188|Jenkins home directory: /Users/abduljewel/Documents/c/spiderqa/sample-test-projects/acceptance-test-harness/target/jenkins5709160202440307088home found at: EnvVars.masterEnvVars.get("JENKINS_HOME")
master49188|Oct 01, 2015 8:22:53 PM org.eclipse.jetty.util.log.JavaUtilLog info
master49188|INFO: Started SelectChannelConnector@0.0.0.0:49188
master49188|Oct 01, 2015 8:22:53 PM winstone.Logger logInternal
master49188|INFO: Winstone Servlet Engine v2.0 running: controlPort=disabled
master49188|Oct 01, 2015 8:22:54 PM jenkins.InitReactorRunner$1 onAttained
master49188|INFO: Started initialization
master49188|Oct 01, 2015 8:23:28 PM jenkins.InitReactorRunner$1 onAttained
master49188|INFO: Listed all plugins
master49188|Oct 01, 2015 8:23:28 PM jenkins.InitReactorRunner$1 onAttained
master49188|INFO: Prepared all plugins
master49188|Oct 01, 2015 8:23:28 PM jenkins.InitReactorRunner$1 onAttained
master49188|INFO: Started all plugins
master49188|Oct 01, 2015 8:23:28 PM jenkins.InitReactorRunner$1 onAttained
master49188|INFO: Augmented all extensions
master49188|Oct 01, 2015 8:23:32 PM jenkins.InitReactorRunner$1 onAttained
master49188|INFO: Loaded all jobs
master49188|Oct 01, 2015 8:23:36 PM hudson.model.AsyncPeriodicWork$1 run
master49188|INFO: Started Download metadata
master49188|Oct 01, 2015 8:23:37 PM org.jenkinsci.main.modules.sshd.SSHD start
master49188|INFO: Started SSHD at port 50313
master49188|Oct 01, 2015 8:23:37 PM jenkins.InitReactorRunner$1 onAttained
master49188|INFO: Completed initialization
master49188|Oct 01, 2015 8:23:37 PM hudson.UDPBroadcastThread run
master49188|WARNING: UDP handling problem
master49188|java.net.SocketException: Can't assign requested address
master49188|	at java.net.PlainDatagramSocketImpl.join(Native Method)
master49188|	at java.net.AbstractPlainDatagramSocketImpl.join(AbstractPlainDatagramSocketImpl.java:179)
master49188|	at java.net.MulticastSocket.joinGroup(MulticastSocket.java:323)
master49188|	at hudson.UDPBroadcastThread.run(UDPBroadcastThread.java:77)
master49188|
master49188|Oct 01, 2015 8:23:37 PM hudson.WebAppMain$3 run
master49188|INFO: Jenkins is fully up and running
master49188|Oct 01, 2015 8:23:40 PM hudson.model.UpdateSite updateData
master49188|INFO: Obtained the latest update center data file for UpdateSource default
master49188|Oct 01, 2015 8:23:41 PM hudson.model.DownloadService$Downloadable load
master49188|INFO: Obtained the updated data file for hudson.tasks.Maven.MavenInstaller
master49188|Oct 01, 2015 8:23:41 PM hudson.model.DownloadService$Downloadable load
master49188|INFO: Obtained the updated data file for hudson.tasks.Ant.AntInstaller
master49188|Oct 01, 2015 8:23:42 PM hudson.model.DownloadService$Downloadable load
master49188|INFO: Obtained the updated data file for hudson.tools.JDKInstaller
master49188|Oct 01, 2015 8:23:42 PM hudson.model.AsyncPeriodicWork$1 run
master49188|INFO: Finished Download metadata. 5,952 ms
Jenkins is stopped
]]></system-out>
    <system-err><![CDATA[Oct 01, 2015 8:22:36 PM org.jenkinsci.test.acceptance.controller.LocalController startNow
INFO: Waiting for Jenkins to become running in http://127.0.0.1:49188/
Oct 01, 2015 8:23:37 PM org.jenkinsci.test.acceptance.controller.LocalController startNow
INFO: Jenkins is running in http://127.0.0.1:49188/
Oct 01, 2015 8:23:45 PM org.jenkinsci.test.acceptance.po.PluginManager installationStatus
INFO: pmd is not installed
Oct 01, 2015 8:23:45 PM org.jenkinsci.test.acceptance.po.PluginManager installationStatus
INFO: pmd is not installed
Oct 01, 2015 8:23:47 PM org.jenkinsci.test.acceptance.po.PluginManager installationStatus
INFO: script-security has version 1.13 but 1.15 was requested
]]></system-err>
  </testcase>
  <testcase name="should_set_result_to_failed_if_warning_found" classname="plugins.PmdPluginTest" time="71.107">
    <error message="org.apache.http.entity.ContentType.create(Ljava/lang/String;[Lorg/apache/http/NameValuePair;)Lorg/apache/http/entity/ContentType;" type="java.lang.NoSuchMethodError">java.lang.NoSuchMethodError: org.apache.http.entity.ContentType.create(Ljava/lang/String;[Lorg/apache/http/NameValuePair;)Lorg/apache/http/entity/ContentType;
	at org.apache.http.entity.mime.MultipartEntityBuilder.buildEntity(MultipartEntityBuilder.java:209)
	at org.apache.http.entity.mime.MultipartEntityBuilder.build(MultipartEntityBuilder.java:230)
	at org.jenkinsci.test.acceptance.update_center.PluginMetadata.uploadTo(PluginMetadata.java:65)
	at org.jenkinsci.test.acceptance.po.PluginManager.installPlugins(PluginManager.java:173)
	at org.jenkinsci.test.acceptance.junit.WithPlugins$RuleImpl$1.doInstall(WithPlugins.java:139)
	at org.jenkinsci.test.acceptance.junit.WithPlugins$RuleImpl$1.installPlugins(WithPlugins.java:119)
	at org.jenkinsci.test.acceptance.junit.WithPlugins$RuleImpl$1.evaluate(WithPlugins.java:92)
	at org.jenkinsci.test.acceptance.junit.JenkinsAcceptanceTestRule$1$2$1.evaluate(JenkinsAcceptanceTestRule.java:129)
	at org.jenkinsci.test.acceptance.junit.FilterRule$1.evaluate(FilterRule.java:62)
	at org.jenkinsci.test.acceptance.junit.JenkinsAcceptanceTestRule$1.evaluate(JenkinsAcceptanceTestRule.java:55)
	at org.junit.runners.ParentRunner.runLeaf(ParentRunner.java:271)
	at org.junit.runners.BlockJUnit4ClassRunner.runChild(BlockJUnit4ClassRunner.java:70)
	at org.junit.runners.BlockJUnit4ClassRunner.runChild(BlockJUnit4ClassRunner.java:50)
	at org.junit.runners.ParentRunner$3.run(ParentRunner.java:238)
	at org.junit.runners.ParentRunner$1.schedule(ParentRunner.java:63)
	at org.junit.runners.ParentRunner.runChildren(ParentRunner.java:236)
	at org.junit.runners.ParentRunner.access$000(ParentRunner.java:53)
	at org.junit.runners.ParentRunner$2.evaluate(ParentRunner.java:229)
	at org.junit.runners.ParentRunner.run(ParentRunner.java:309)
	at org.apache.maven.surefire.junit4.JUnit4Provider.execute(JUnit4Provider.java:264)
	at org.apache.maven.surefire.junit4.JUnit4Provider.executeTestSet(JUnit4Provider.java:153)
	at org.apache.maven.surefire.junit4.JUnit4Provider.invoke(JUnit4Provider.java:124)
	at org.apache.maven.surefire.booter.ForkedBooter.invokeProviderInSameClassLoader(ForkedBooter.java:200)
	at org.apache.maven.surefire.booter.ForkedBooter.runSuitesInProcess(ForkedBooter.java:153)
	at org.apache.maven.surefire.booter.ForkedBooter.main(ForkedBooter.java:103)
</error>
    <system-out><![CDATA[testCaseResult=ru.yandex.qatools.allure.model.TestCaseResult@5c25d0d1[
  name=should_set_result_in_build_sequence_when_comparing_to_reference_build
  title=<null>
  description=<null>
  failure=ru.yandex.qatools.allure.model.Failure@22c8ee48
  start=1443745356830
  stop=1443745427776
  status=BROKEN
  severity=<null>
  steps=[]
  attachments=[]
  labels=[ru.yandex.qatools.allure.model.Label@7845b21a, ru.yandex.qatools.allure.model.Label@51f01535]
  parameters=<null>
]
testCaseResult={
   "start" : 1443745356830,
   "stop" : 1443745427776,
   "status" : "broken",
   "name" : "should_set_result_in_build_sequence_when_comparing_to_reference_build",
   "failure" : {
      "message" : "NoSuchMethodError: org.apache.http.entity.ContentType.create(Ljava/lang/String;[Lorg/apache/http/NameValuePair;)Lorg/apache/http/entity/ContentType;",
      "stack-trace" : "java.lang.NoSuchMethodError: org.apache.http.entity.ContentType.create(Ljava/lang/String;[Lorg/apache/http/NameValuePair;)Lorg/apache/http/entity/ContentType;\n\tat org.apache.http.entity.mime.MultipartEntityBuilder.buildEntity(MultipartEntityBuilder.java:209)\n\tat org.apache.http.entity.mime.MultipartEntityBuilder.build(MultipartEntityBuilder.java:230)\n\tat org.jenkinsci.test.acceptance.update_center.PluginMetadata.uploadTo(PluginMetadata.java:65)\n\tat org.jenkinsci.test.acceptance.po.PluginManager.installPlugins(PluginManager.java:173)\n\tat org.jenkinsci.test.acceptance.junit.WithPlugins$RuleImpl$1.doInstall(WithPlugins.java:139)\n\tat org.jenkinsci.test.acceptance.junit.WithPlugins$RuleImpl$1.installPlugins(WithPlugins.java:119)\n\tat org.jenkinsci.test.acceptance.junit.WithPlugins$RuleImpl$1.evaluate(WithPlugins.java:92)\n\tat org.jenkinsci.test.acceptance.junit.JenkinsAcceptanceTestRule$1$2$1.evaluate(JenkinsAcceptanceTestRule.java:129)\n\tat org.jenkinsci.test.acceptance.junit.FilterRule$1.evaluate(FilterRule.java:62)\n\tat org.jenkinsci.test.acceptance.junit.JenkinsAcceptanceTestRule$1.evaluate(JenkinsAcceptanceTestRule.java:55)\n\tat org.junit.runners.ParentRunner.runLeaf(ParentRunner.java:271)\n\tat org.junit.runners.BlockJUnit4ClassRunner.runChild(BlockJUnit4ClassRunner.java:70)\n\tat org.junit.runners.BlockJUnit4ClassRunner.runChild(BlockJUnit4ClassRunner.java:50)\n\tat org.junit.runners.ParentRunner$3.run(ParentRunner.java:238)\n\tat org.junit.runners.ParentRunner$1.schedule(ParentRunner.java:63)\n\tat org.junit.runners.ParentRunner.runChildren(ParentRunner.java:236)\n\tat org.junit.runners.ParentRunner.access$000(ParentRunner.java:53)\n\tat org.junit.runners.ParentRunner$2.evaluate(ParentRunner.java:229)\n\tat org.junit.runners.ParentRunner.run(ParentRunner.java:309)\n\tat org.apache.maven.surefire.junit4.JUnit4Provider.execute(JUnit4Provider.java:264)\n\tat org.apache.maven.surefire.junit4.JUnit4Provider.executeTestSet(JUnit4Provider.java:153)\n\tat org.apache.maven.surefire.junit4.JUnit4Provider.invoke(JUnit4Provider.java:124)\n\tat org.apache.maven.surefire.booter.ForkedBooter.invokeProviderInSameClassLoader(ForkedBooter.java:200)\n\tat org.apache.maven.surefire.booter.ForkedBooter.runSuitesInProcess(ForkedBooter.java:153)\n\tat org.apache.maven.surefire.booter.ForkedBooter.main(ForkedBooter.java:103)\n"
   },
   "steps" : {
      "step" : [ ]
   },
   "attachments" : {
      "attachment" : [ ]
   },
   "labels" : {
      "label" : [ {
         "name" : "host",
         "value" : "Abduls-MBP.home"
      }, {
         "name" : "thread",
         "value" : "35250@Abduls-MBP.home.main(1)"
      } ]
   }
}
testCase=ru.yandex.qatools.allure.model.TestCase@2321e482[
  _id=5cd1b352-bce1-4a26-884e-65cff47a51c1
  executionId=27f47f39-aa42-4a27-8553-fee0eadcf4f3
  result=ru.yandex.qatools.allure.model.TestCaseResult@5c25d0d1
]
testCase={
   "_id" : "5cd1b352-bce1-4a26-884e-65cff47a51c1",
   "executionId" : "27f47f39-aa42-4a27-8553-fee0eadcf4f3",
   "result" : {
      "start" : 1443745356830,
      "stop" : 1443745427776,
      "status" : "broken",
      "name" : "should_set_result_in_build_sequence_when_comparing_to_reference_build",
      "failure" : {
         "message" : "NoSuchMethodError: org.apache.http.entity.ContentType.create(Ljava/lang/String;[Lorg/apache/http/NameValuePair;)Lorg/apache/http/entity/ContentType;",
         "stack-trace" : "java.lang.NoSuchMethodError: org.apache.http.entity.ContentType.create(Ljava/lang/String;[Lorg/apache/http/NameValuePair;)Lorg/apache/http/entity/ContentType;\n\tat org.apache.http.entity.mime.MultipartEntityBuilder.buildEntity(MultipartEntityBuilder.java:209)\n\tat org.apache.http.entity.mime.MultipartEntityBuilder.build(MultipartEntityBuilder.java:230)\n\tat org.jenkinsci.test.acceptance.update_center.PluginMetadata.uploadTo(PluginMetadata.java:65)\n\tat org.jenkinsci.test.acceptance.po.PluginManager.installPlugins(PluginManager.java:173)\n\tat org.jenkinsci.test.acceptance.junit.WithPlugins$RuleImpl$1.doInstall(WithPlugins.java:139)\n\tat org.jenkinsci.test.acceptance.junit.WithPlugins$RuleImpl$1.installPlugins(WithPlugins.java:119)\n\tat org.jenkinsci.test.acceptance.junit.WithPlugins$RuleImpl$1.evaluate(WithPlugins.java:92)\n\tat org.jenkinsci.test.acceptance.junit.JenkinsAcceptanceTestRule$1$2$1.evaluate(JenkinsAcceptanceTestRule.java:129)\n\tat org.jenkinsci.test.acceptance.junit.FilterRule$1.evaluate(FilterRule.java:62)\n\tat org.jenkinsci.test.acceptance.junit.JenkinsAcceptanceTestRule$1.evaluate(JenkinsAcceptanceTestRule.java:55)\n\tat org.junit.runners.ParentRunner.runLeaf(ParentRunner.java:271)\n\tat org.junit.runners.BlockJUnit4ClassRunner.runChild(BlockJUnit4ClassRunner.java:70)\n\tat org.junit.runners.BlockJUnit4ClassRunner.runChild(BlockJUnit4ClassRunner.java:50)\n\tat org.junit.runners.ParentRunner$3.run(ParentRunner.java:238)\n\tat org.junit.runners.ParentRunner$1.schedule(ParentRunner.java:63)\n\tat org.junit.runners.ParentRunner.runChildren(ParentRunner.java:236)\n\tat org.junit.runners.ParentRunner.access$000(ParentRunner.java:53)\n\tat org.junit.runners.ParentRunner$2.evaluate(ParentRunner.java:229)\n\tat org.junit.runners.ParentRunner.run(ParentRunner.java:309)\n\tat org.apache.maven.surefire.junit4.JUnit4Provider.execute(JUnit4Provider.java:264)\n\tat org.apache.maven.surefire.junit4.JUnit4Provider.executeTestSet(JUnit4Provider.java:153)\n\tat org.apache.maven.surefire.junit4.JUnit4Provider.invoke(JUnit4Provider.java:124)\n\tat org.apache.maven.surefire.booter.ForkedBooter.invokeProviderInSameClassLoader(ForkedBooter.java:200)\n\tat org.apache.maven.surefire.booter.ForkedBooter.runSuitesInProcess(ForkedBooter.java:153)\n\tat org.apache.maven.surefire.booter.ForkedBooter.main(ForkedBooter.java:103)\n"
      },
      "steps" : {
         "step" : [ ]
      },
      "attachments" : {
         "attachment" : [ ]
      },
      "labels" : {
         "label" : [ {
            "name" : "host",
            "value" : "Abduls-MBP.home"
         }, {
            "name" : "thread",
            "value" : "35250@Abduls-MBP.home.main(1)"
         } ]
      }
   }
}
>>>REQUEST: /testdb/TestCase
[WARN] [10/01/2015 20:23:47.795] [default-akka.actor.default-dispatcher-95] [ActorSystem(default)] Illegal response header: Illegal 'etag' header: Invalid input '5', expected 'W' or '"' (line 1, column 1): 560dce93fbeaf7a200c9bfec
^
<<<RESPONSE (201 Created): /testdb/TestCase
running with given plugins: []
=== Starting should_set_result_to_failed_if_warning_found(plugins.PmdPluginTest)
Starting Jenkins: JAVA_HOME=/Library/Java/JavaVirtualMachines/jdk1.8.0_60.jdk/Contents/Home JENKINS_HOME=/Users/abduljewel/Documents/c/spiderqa/sample-test-projects/acceptance-test-harness/target/jenkins6434695434999277905home /Library/Java/JavaVirtualMachines/jdk1.8.0_60.jdk/Contents/Home/bin/java -Duser.language=en -jar ./jenkins.war --ajp13Port=-1 --httpPort=62369
master62369|Running from: /Users/abduljewel/Documents/c/spiderqa/sample-test-projects/acceptance-test-harness/jenkins.war
master62369|webroot: EnvVars.masterEnvVars.get("JENKINS_HOME")
master62369|Oct 01, 2015 8:23:49 PM winstone.Logger logInternal
master62369|INFO: Beginning extraction from war file
master62369|Oct 01, 2015 8:23:54 PM org.eclipse.jetty.util.log.JavaUtilLog info
master62369|INFO: jetty-winstone-2.8
master62369|Oct 01, 2015 8:24:00 PM org.eclipse.jetty.util.log.JavaUtilLog info
master62369|INFO: NO JSP Support for , did not find org.apache.jasper.servlet.JspServlet
master62369|Jenkins home directory: /Users/abduljewel/Documents/c/spiderqa/sample-test-projects/acceptance-test-harness/target/jenkins6434695434999277905home found at: EnvVars.masterEnvVars.get("JENKINS_HOME")
master62369|Oct 01, 2015 8:24:04 PM org.eclipse.jetty.util.log.JavaUtilLog info
master62369|INFO: Started SelectChannelConnector@0.0.0.0:62369
master62369|Oct 01, 2015 8:24:04 PM winstone.Logger logInternal
master62369|INFO: Winstone Servlet Engine v2.0 running: controlPort=disabled
master62369|Oct 01, 2015 8:24:04 PM jenkins.InitReactorRunner$1 onAttained
master62369|INFO: Started initialization
master62369|Oct 01, 2015 8:24:38 PM jenkins.InitReactorRunner$1 onAttained
master62369|INFO: Listed all plugins
master62369|Oct 01, 2015 8:24:38 PM jenkins.InitReactorRunner$1 onAttained
master62369|INFO: Prepared all plugins
master62369|Oct 01, 2015 8:24:38 PM jenkins.InitReactorRunner$1 onAttained
master62369|INFO: Started all plugins
master62369|Oct 01, 2015 8:24:38 PM jenkins.InitReactorRunner$1 onAttained
master62369|INFO: Augmented all extensions
master62369|Oct 01, 2015 8:24:42 PM jenkins.InitReactorRunner$1 onAttained
master62369|INFO: Loaded all jobs
master62369|Oct 01, 2015 8:24:47 PM hudson.model.AsyncPeriodicWork$1 run
master62369|INFO: Started Download metadata
master62369|Oct 01, 2015 8:24:48 PM org.jenkinsci.main.modules.sshd.SSHD start
master62369|INFO: Started SSHD at port 50638
master62369|Oct 01, 2015 8:24:48 PM jenkins.InitReactorRunner$1 onAttained
master62369|INFO: Completed initialization
master62369|Oct 01, 2015 8:24:48 PM hudson.UDPBroadcastThread run
master62369|WARNING: UDP handling problem
master62369|java.net.SocketException: Can't assign requested address
master62369|	at java.net.PlainDatagramSocketImpl.join(Native Method)
master62369|	at java.net.AbstractPlainDatagramSocketImpl.join(AbstractPlainDatagramSocketImpl.java:179)
master62369|	at java.net.MulticastSocket.joinGroup(MulticastSocket.java:323)
master62369|	at hudson.UDPBroadcastThread.run(UDPBroadcastThread.java:77)
master62369|
master62369|Oct 01, 2015 8:24:48 PM hudson.WebAppMain$3 run
master62369|INFO: Jenkins is fully up and running
master62369|Oct 01, 2015 8:24:52 PM hudson.model.UpdateSite updateData
master62369|INFO: Obtained the latest update center data file for UpdateSource default
master62369|Oct 01, 2015 8:24:52 PM hudson.model.DownloadService$Downloadable load
master62369|INFO: Obtained the updated data file for hudson.tasks.Maven.MavenInstaller
master62369|Oct 01, 2015 8:24:53 PM hudson.model.DownloadService$Downloadable load
master62369|INFO: Obtained the updated data file for hudson.tasks.Ant.AntInstaller
master62369|Oct 01, 2015 8:24:54 PM hudson.model.DownloadService$Downloadable load
master62369|INFO: Obtained the updated data file for hudson.tools.JDKInstaller
master62369|Oct 01, 2015 8:24:54 PM hudson.model.AsyncPeriodicWork$1 run
master62369|INFO: Finished Download metadata. 6,859 ms
Jenkins is stopped
]]></system-out>
    <system-err><![CDATA[Oct 01, 2015 8:23:47 PM org.jenkinsci.test.acceptance.controller.LocalController startNow
INFO: Waiting for Jenkins to become running in http://127.0.0.1:62369/
Oct 01, 2015 8:24:48 PM org.jenkinsci.test.acceptance.controller.LocalController startNow
INFO: Jenkins is running in http://127.0.0.1:62369/
Oct 01, 2015 8:24:56 PM org.jenkinsci.test.acceptance.po.PluginManager installationStatus
INFO: pmd is not installed
Oct 01, 2015 8:24:56 PM org.jenkinsci.test.acceptance.po.PluginManager installationStatus
INFO: pmd is not installed
Oct 01, 2015 8:24:58 PM org.jenkinsci.test.acceptance.po.PluginManager installationStatus
INFO: script-security has version 1.13 but 1.15 was requested
]]></system-err>
  </testcase>
  <testcase name="should_set_warnings_count_in_dashboard_portlet" classname="plugins.PmdPluginTest" time="70.1">
    <error message="org.apache.http.entity.ContentType.create(Ljava/lang/String;[Lorg/apache/http/NameValuePair;)Lorg/apache/http/entity/ContentType;" type="java.lang.NoSuchMethodError">java.lang.NoSuchMethodError: org.apache.http.entity.ContentType.create(Ljava/lang/String;[Lorg/apache/http/NameValuePair;)Lorg/apache/http/entity/ContentType;
	at org.apache.http.entity.mime.MultipartEntityBuilder.buildEntity(MultipartEntityBuilder.java:209)
	at org.apache.http.entity.mime.MultipartEntityBuilder.build(MultipartEntityBuilder.java:230)
	at org.jenkinsci.test.acceptance.update_center.PluginMetadata.uploadTo(PluginMetadata.java:65)
	at org.jenkinsci.test.acceptance.po.PluginManager.installPlugins(PluginManager.java:173)
	at org.jenkinsci.test.acceptance.junit.WithPlugins$RuleImpl$1.doInstall(WithPlugins.java:139)
	at org.jenkinsci.test.acceptance.junit.WithPlugins$RuleImpl$1.installPlugins(WithPlugins.java:119)
	at org.jenkinsci.test.acceptance.junit.WithPlugins$RuleImpl$1.evaluate(WithPlugins.java:91)
	at org.jenkinsci.test.acceptance.junit.JenkinsAcceptanceTestRule$1$2$1.evaluate(JenkinsAcceptanceTestRule.java:129)
	at org.jenkinsci.test.acceptance.junit.FilterRule$1.evaluate(FilterRule.java:62)
	at org.jenkinsci.test.acceptance.junit.JenkinsAcceptanceTestRule$1.evaluate(JenkinsAcceptanceTestRule.java:55)
	at org.junit.runners.ParentRunner.runLeaf(ParentRunner.java:271)
	at org.junit.runners.BlockJUnit4ClassRunner.runChild(BlockJUnit4ClassRunner.java:70)
	at org.junit.runners.BlockJUnit4ClassRunner.runChild(BlockJUnit4ClassRunner.java:50)
	at org.junit.runners.ParentRunner$3.run(ParentRunner.java:238)
	at org.junit.runners.ParentRunner$1.schedule(ParentRunner.java:63)
	at org.junit.runners.ParentRunner.runChildren(ParentRunner.java:236)
	at org.junit.runners.ParentRunner.access$000(ParentRunner.java:53)
	at org.junit.runners.ParentRunner$2.evaluate(ParentRunner.java:229)
	at org.junit.runners.ParentRunner.run(ParentRunner.java:309)
	at org.apache.maven.surefire.junit4.JUnit4Provider.execute(JUnit4Provider.java:264)
	at org.apache.maven.surefire.junit4.JUnit4Provider.executeTestSet(JUnit4Provider.java:153)
	at org.apache.maven.surefire.junit4.JUnit4Provider.invoke(JUnit4Provider.java:124)
	at org.apache.maven.surefire.booter.ForkedBooter.invokeProviderInSameClassLoader(ForkedBooter.java:200)
	at org.apache.maven.surefire.booter.ForkedBooter.runSuitesInProcess(ForkedBooter.java:153)
	at org.apache.maven.surefire.booter.ForkedBooter.main(ForkedBooter.java:103)
</error>
    <system-out><![CDATA[testCaseResult=ru.yandex.qatools.allure.model.TestCaseResult@5c33008f[
  name=should_set_result_to_failed_if_warning_found
  title=<null>
  description=<null>
  failure=ru.yandex.qatools.allure.model.Failure@45d7495e
  start=1443745427790
  stop=1443745498896
  status=BROKEN
  severity=<null>
  steps=[]
  attachments=[]
  labels=[ru.yandex.qatools.allure.model.Label@30517a57, ru.yandex.qatools.allure.model.Label@3dde5f38]
  parameters=<null>
]
testCaseResult={
   "start" : 1443745427790,
   "stop" : 1443745498896,
   "status" : "broken",
   "name" : "should_set_result_to_failed_if_warning_found",
   "failure" : {
      "message" : "NoSuchMethodError: org.apache.http.entity.ContentType.create(Ljava/lang/String;[Lorg/apache/http/NameValuePair;)Lorg/apache/http/entity/ContentType;",
      "stack-trace" : "java.lang.NoSuchMethodError: org.apache.http.entity.ContentType.create(Ljava/lang/String;[Lorg/apache/http/NameValuePair;)Lorg/apache/http/entity/ContentType;\n\tat org.apache.http.entity.mime.MultipartEntityBuilder.buildEntity(MultipartEntityBuilder.java:209)\n\tat org.apache.http.entity.mime.MultipartEntityBuilder.build(MultipartEntityBuilder.java:230)\n\tat org.jenkinsci.test.acceptance.update_center.PluginMetadata.uploadTo(PluginMetadata.java:65)\n\tat org.jenkinsci.test.acceptance.po.PluginManager.installPlugins(PluginManager.java:173)\n\tat org.jenkinsci.test.acceptance.junit.WithPlugins$RuleImpl$1.doInstall(WithPlugins.java:139)\n\tat org.jenkinsci.test.acceptance.junit.WithPlugins$RuleImpl$1.installPlugins(WithPlugins.java:119)\n\tat org.jenkinsci.test.acceptance.junit.WithPlugins$RuleImpl$1.evaluate(WithPlugins.java:92)\n\tat org.jenkinsci.test.acceptance.junit.JenkinsAcceptanceTestRule$1$2$1.evaluate(JenkinsAcceptanceTestRule.java:129)\n\tat org.jenkinsci.test.acceptance.junit.FilterRule$1.evaluate(FilterRule.java:62)\n\tat org.jenkinsci.test.acceptance.junit.JenkinsAcceptanceTestRule$1.evaluate(JenkinsAcceptanceTestRule.java:55)\n\tat org.junit.runners.ParentRunner.runLeaf(ParentRunner.java:271)\n\tat org.junit.runners.BlockJUnit4ClassRunner.runChild(BlockJUnit4ClassRunner.java:70)\n\tat org.junit.runners.BlockJUnit4ClassRunner.runChild(BlockJUnit4ClassRunner.java:50)\n\tat org.junit.runners.ParentRunner$3.run(ParentRunner.java:238)\n\tat org.junit.runners.ParentRunner$1.schedule(ParentRunner.java:63)\n\tat org.junit.runners.ParentRunner.runChildren(ParentRunner.java:236)\n\tat org.junit.runners.ParentRunner.access$000(ParentRunner.java:53)\n\tat org.junit.runners.ParentRunner$2.evaluate(ParentRunner.java:229)\n\tat org.junit.runners.ParentRunner.run(ParentRunner.java:309)\n\tat org.apache.maven.surefire.junit4.JUnit4Provider.execute(JUnit4Provider.java:264)\n\tat org.apache.maven.surefire.junit4.JUnit4Provider.executeTestSet(JUnit4Provider.java:153)\n\tat org.apache.maven.surefire.junit4.JUnit4Provider.invoke(JUnit4Provider.java:124)\n\tat org.apache.maven.surefire.booter.ForkedBooter.invokeProviderInSameClassLoader(ForkedBooter.java:200)\n\tat org.apache.maven.surefire.booter.ForkedBooter.runSuitesInProcess(ForkedBooter.java:153)\n\tat org.apache.maven.surefire.booter.ForkedBooter.main(ForkedBooter.java:103)\n"
   },
   "steps" : {
      "step" : [ ]
   },
   "attachments" : {
      "attachment" : [ ]
   },
   "labels" : {
      "label" : [ {
         "name" : "host",
         "value" : "Abduls-MBP.home"
      }, {
         "name" : "thread",
         "value" : "35250@Abduls-MBP.home.main(1)"
      } ]
   }
}
testCase=ru.yandex.qatools.allure.model.TestCase@79ad1774[
  _id=0fb10dca-dbee-4cd2-ace6-75a225c19dc5
  executionId=27f47f39-aa42-4a27-8553-fee0eadcf4f3
  result=ru.yandex.qatools.allure.model.TestCaseResult@5c33008f
]
testCase={
   "_id" : "0fb10dca-dbee-4cd2-ace6-75a225c19dc5",
   "executionId" : "27f47f39-aa42-4a27-8553-fee0eadcf4f3",
   "result" : {
      "start" : 1443745427790,
      "stop" : 1443745498896,
      "status" : "broken",
      "name" : "should_set_result_to_failed_if_warning_found",
      "failure" : {
         "message" : "NoSuchMethodError: org.apache.http.entity.ContentType.create(Ljava/lang/String;[Lorg/apache/http/NameValuePair;)Lorg/apache/http/entity/ContentType;",
         "stack-trace" : "java.lang.NoSuchMethodError: org.apache.http.entity.ContentType.create(Ljava/lang/String;[Lorg/apache/http/NameValuePair;)Lorg/apache/http/entity/ContentType;\n\tat org.apache.http.entity.mime.MultipartEntityBuilder.buildEntity(MultipartEntityBuilder.java:209)\n\tat org.apache.http.entity.mime.MultipartEntityBuilder.build(MultipartEntityBuilder.java:230)\n\tat org.jenkinsci.test.acceptance.update_center.PluginMetadata.uploadTo(PluginMetadata.java:65)\n\tat org.jenkinsci.test.acceptance.po.PluginManager.installPlugins(PluginManager.java:173)\n\tat org.jenkinsci.test.acceptance.junit.WithPlugins$RuleImpl$1.doInstall(WithPlugins.java:139)\n\tat org.jenkinsci.test.acceptance.junit.WithPlugins$RuleImpl$1.installPlugins(WithPlugins.java:119)\n\tat org.jenkinsci.test.acceptance.junit.WithPlugins$RuleImpl$1.evaluate(WithPlugins.java:92)\n\tat org.jenkinsci.test.acceptance.junit.JenkinsAcceptanceTestRule$1$2$1.evaluate(JenkinsAcceptanceTestRule.java:129)\n\tat org.jenkinsci.test.acceptance.junit.FilterRule$1.evaluate(FilterRule.java:62)\n\tat org.jenkinsci.test.acceptance.junit.JenkinsAcceptanceTestRule$1.evaluate(JenkinsAcceptanceTestRule.java:55)\n\tat org.junit.runners.ParentRunner.runLeaf(ParentRunner.java:271)\n\tat org.junit.runners.BlockJUnit4ClassRunner.runChild(BlockJUnit4ClassRunner.java:70)\n\tat org.junit.runners.BlockJUnit4ClassRunner.runChild(BlockJUnit4ClassRunner.java:50)\n\tat org.junit.runners.ParentRunner$3.run(ParentRunner.java:238)\n\tat org.junit.runners.ParentRunner$1.schedule(ParentRunner.java:63)\n\tat org.junit.runners.ParentRunner.runChildren(ParentRunner.java:236)\n\tat org.junit.runners.ParentRunner.access$000(ParentRunner.java:53)\n\tat org.junit.runners.ParentRunner$2.evaluate(ParentRunner.java:229)\n\tat org.junit.runners.ParentRunner.run(ParentRunner.java:309)\n\tat org.apache.maven.surefire.junit4.JUnit4Provider.execute(JUnit4Provider.java:264)\n\tat org.apache.maven.surefire.junit4.JUnit4Provider.executeTestSet(JUnit4Provider.java:153)\n\tat org.apache.maven.surefire.junit4.JUnit4Provider.invoke(JUnit4Provider.java:124)\n\tat org.apache.maven.surefire.booter.ForkedBooter.invokeProviderInSameClassLoader(ForkedBooter.java:200)\n\tat org.apache.maven.surefire.booter.ForkedBooter.runSuitesInProcess(ForkedBooter.java:153)\n\tat org.apache.maven.surefire.booter.ForkedBooter.main(ForkedBooter.java:103)\n"
      },
      "steps" : {
         "step" : [ ]
      },
      "attachments" : {
         "attachment" : [ ]
      },
      "labels" : {
         "label" : [ {
            "name" : "host",
            "value" : "Abduls-MBP.home"
         }, {
            "name" : "thread",
            "value" : "35250@Abduls-MBP.home.main(1)"
         } ]
      }
   }
}
>>>REQUEST: /testdb/TestCase
[WARN] [10/01/2015 20:24:58.908] [default-akka.actor.default-dispatcher-140] [ActorSystem(default)] Illegal response header: Illegal 'etag' header: Invalid input '5', expected 'W' or '"' (line 1, column 1): 560dcedafbeaf7a200c9bff1
^
<<<RESPONSE (201 Created): /testdb/TestCase
running with given plugins: []
=== Starting should_set_warnings_count_in_dashboard_portlet(plugins.PmdPluginTest)
Starting Jenkins: JAVA_HOME=/Library/Java/JavaVirtualMachines/jdk1.8.0_60.jdk/Contents/Home JENKINS_HOME=/Users/abduljewel/Documents/c/spiderqa/sample-test-projects/acceptance-test-harness/target/jenkins7331009262059577660home /Library/Java/JavaVirtualMachines/jdk1.8.0_60.jdk/Contents/Home/bin/java -Duser.language=en -jar ./jenkins.war --ajp13Port=-1 --httpPort=53338
master53338|Running from: /Users/abduljewel/Documents/c/spiderqa/sample-test-projects/acceptance-test-harness/jenkins.war
master53338|webroot: EnvVars.masterEnvVars.get("JENKINS_HOME")
master53338|Oct 01, 2015 8:24:59 PM winstone.Logger logInternal
master53338|INFO: Beginning extraction from war file
master53338|Oct 01, 2015 8:25:04 PM org.eclipse.jetty.util.log.JavaUtilLog info
master53338|INFO: jetty-winstone-2.8
master53338|Oct 01, 2015 8:25:11 PM org.eclipse.jetty.util.log.JavaUtilLog info
master53338|INFO: NO JSP Support for , did not find org.apache.jasper.servlet.JspServlet
master53338|Jenkins home directory: /Users/abduljewel/Documents/c/spiderqa/sample-test-projects/acceptance-test-harness/target/jenkins7331009262059577660home found at: EnvVars.masterEnvVars.get("JENKINS_HOME")
master53338|Oct 01, 2015 8:25:16 PM org.eclipse.jetty.util.log.JavaUtilLog info
master53338|INFO: Started SelectChannelConnector@0.0.0.0:53338
master53338|Oct 01, 2015 8:25:16 PM winstone.Logger logInternal
master53338|INFO: Winstone Servlet Engine v2.0 running: controlPort=disabled
master53338|Oct 01, 2015 8:25:16 PM jenkins.InitReactorRunner$1 onAttained
master53338|INFO: Started initialization
master53338|Oct 01, 2015 8:25:49 PM jenkins.InitReactorRunner$1 onAttained
master53338|INFO: Listed all plugins
master53338|Oct 01, 2015 8:25:50 PM jenkins.InitReactorRunner$1 onAttained
master53338|INFO: Prepared all plugins
master53338|Oct 01, 2015 8:25:50 PM jenkins.InitReactorRunner$1 onAttained
master53338|INFO: Started all plugins
master53338|Oct 01, 2015 8:25:50 PM jenkins.InitReactorRunner$1 onAttained
master53338|INFO: Augmented all extensions
master53338|Oct 01, 2015 8:25:54 PM jenkins.InitReactorRunner$1 onAttained
master53338|INFO: Loaded all jobs
master53338|Oct 01, 2015 8:25:57 PM hudson.model.AsyncPeriodicWork$1 run
master53338|INFO: Started Download metadata
master53338|Oct 01, 2015 8:25:58 PM org.jenkinsci.main.modules.sshd.SSHD start
master53338|INFO: Started SSHD at port 50965
master53338|Oct 01, 2015 8:25:58 PM jenkins.InitReactorRunner$1 onAttained
master53338|INFO: Completed initialization
master53338|Oct 01, 2015 8:25:58 PM hudson.UDPBroadcastThread run
master53338|WARNING: UDP handling problem
master53338|java.net.SocketException: Can't assign requested address
master53338|	at java.net.PlainDatagramSocketImpl.join(Native Method)
master53338|	at java.net.AbstractPlainDatagramSocketImpl.join(AbstractPlainDatagramSocketImpl.java:179)
master53338|	at java.net.MulticastSocket.joinGroup(MulticastSocket.java:323)
master53338|	at hudson.UDPBroadcastThread.run(UDPBroadcastThread.java:77)
master53338|
master53338|Oct 01, 2015 8:25:58 PM hudson.WebAppMain$3 run
master53338|INFO: Jenkins is fully up and running
master53338|Oct 01, 2015 8:26:01 PM hudson.model.UpdateSite updateData
master53338|INFO: Obtained the latest update center data file for UpdateSource default
master53338|Oct 01, 2015 8:26:01 PM hudson.model.DownloadService$Downloadable load
master53338|INFO: Obtained the updated data file for hudson.tasks.Maven.MavenInstaller
master53338|Oct 01, 2015 8:26:02 PM hudson.model.DownloadService$Downloadable load
master53338|INFO: Obtained the updated data file for hudson.tasks.Ant.AntInstaller
master53338|Oct 01, 2015 8:26:02 PM hudson.model.DownloadService$Downloadable load
master53338|INFO: Obtained the updated data file for hudson.tools.JDKInstaller
master53338|Oct 01, 2015 8:26:03 PM hudson.model.AsyncPeriodicWork$1 run
master53338|INFO: Finished Download metadata. 5,015 ms
Jenkins is stopped
]]></system-out>
    <system-err><![CDATA[Oct 01, 2015 8:24:58 PM org.jenkinsci.test.acceptance.controller.LocalController startNow
INFO: Waiting for Jenkins to become running in http://127.0.0.1:53338/
Oct 01, 2015 8:25:58 PM org.jenkinsci.test.acceptance.controller.LocalController startNow
INFO: Jenkins is running in http://127.0.0.1:53338/
Oct 01, 2015 8:26:06 PM org.jenkinsci.test.acceptance.po.PluginManager installationStatus
INFO: dashboard-view is not installed
Oct 01, 2015 8:26:06 PM org.jenkinsci.test.acceptance.po.PluginManager installationStatus
INFO: dashboard-view is not installed
Oct 01, 2015 8:26:08 PM org.jenkinsci.test.acceptance.po.PluginManager installationStatus
INFO: javadoc has version 1.1 but 1.3 was requested
]]></system-err>
  </testcase>
  <testcase name="should_send_mail_with_expanded_tokens" classname="plugins.PmdPluginTest" time="67.347">
    <error message="org.apache.http.entity.ContentType.create(Ljava/lang/String;[Lorg/apache/http/NameValuePair;)Lorg/apache/http/entity/ContentType;" type="java.lang.NoSuchMethodError">java.lang.NoSuchMethodError: org.apache.http.entity.ContentType.create(Ljava/lang/String;[Lorg/apache/http/NameValuePair;)Lorg/apache/http/entity/ContentType;
	at org.apache.http.entity.mime.MultipartEntityBuilder.buildEntity(MultipartEntityBuilder.java:209)
	at org.apache.http.entity.mime.MultipartEntityBuilder.build(MultipartEntityBuilder.java:230)
	at org.jenkinsci.test.acceptance.update_center.PluginMetadata.uploadTo(PluginMetadata.java:65)
	at org.jenkinsci.test.acceptance.po.PluginManager.installPlugins(PluginManager.java:173)
	at org.jenkinsci.test.acceptance.junit.WithPlugins$RuleImpl$1.doInstall(WithPlugins.java:139)
	at org.jenkinsci.test.acceptance.junit.WithPlugins$RuleImpl$1.installPlugins(WithPlugins.java:119)
	at org.jenkinsci.test.acceptance.junit.WithPlugins$RuleImpl$1.evaluate(WithPlugins.java:91)
	at org.jenkinsci.test.acceptance.junit.JenkinsAcceptanceTestRule$1$2$1.evaluate(JenkinsAcceptanceTestRule.java:129)
	at org.jenkinsci.test.acceptance.junit.FilterRule$1.evaluate(FilterRule.java:62)
	at org.jenkinsci.test.acceptance.junit.JenkinsAcceptanceTestRule$1.evaluate(JenkinsAcceptanceTestRule.java:55)
	at org.junit.runners.ParentRunner.runLeaf(ParentRunner.java:271)
	at org.junit.runners.BlockJUnit4ClassRunner.runChild(BlockJUnit4ClassRunner.java:70)
	at org.junit.runners.BlockJUnit4ClassRunner.runChild(BlockJUnit4ClassRunner.java:50)
	at org.junit.runners.ParentRunner$3.run(ParentRunner.java:238)
	at org.junit.runners.ParentRunner$1.schedule(ParentRunner.java:63)
	at org.junit.runners.ParentRunner.runChildren(ParentRunner.java:236)
	at org.junit.runners.ParentRunner.access$000(ParentRunner.java:53)
	at org.junit.runners.ParentRunner$2.evaluate(ParentRunner.java:229)
	at org.junit.runners.ParentRunner.run(ParentRunner.java:309)
	at org.apache.maven.surefire.junit4.JUnit4Provider.execute(JUnit4Provider.java:264)
	at org.apache.maven.surefire.junit4.JUnit4Provider.executeTestSet(JUnit4Provider.java:153)
	at org.apache.maven.surefire.junit4.JUnit4Provider.invoke(JUnit4Provider.java:124)
	at org.apache.maven.surefire.booter.ForkedBooter.invokeProviderInSameClassLoader(ForkedBooter.java:200)
	at org.apache.maven.surefire.booter.ForkedBooter.runSuitesInProcess(ForkedBooter.java:153)
	at org.apache.maven.surefire.booter.ForkedBooter.main(ForkedBooter.java:103)
</error>
    <system-out><![CDATA[testCaseResult=ru.yandex.qatools.allure.model.TestCaseResult@3212d853[
  name=should_set_warnings_count_in_dashboard_portlet
  title=<null>
  description=<null>
  failure=ru.yandex.qatools.allure.model.Failure@74c7522c
  start=1443745498906
  stop=1443745569107
  status=BROKEN
  severity=<null>
  steps=[]
  attachments=[]
  labels=[ru.yandex.qatools.allure.model.Label@77c23d90, ru.yandex.qatools.allure.model.Label@6d17914a]
  parameters=<null>
]
testCaseResult={
   "start" : 1443745498906,
   "stop" : 1443745569107,
   "status" : "broken",
   "name" : "should_set_warnings_count_in_dashboard_portlet",
   "failure" : {
      "message" : "NoSuchMethodError: org.apache.http.entity.ContentType.create(Ljava/lang/String;[Lorg/apache/http/NameValuePair;)Lorg/apache/http/entity/ContentType;",
      "stack-trace" : "java.lang.NoSuchMethodError: org.apache.http.entity.ContentType.create(Ljava/lang/String;[Lorg/apache/http/NameValuePair;)Lorg/apache/http/entity/ContentType;\n\tat org.apache.http.entity.mime.MultipartEntityBuilder.buildEntity(MultipartEntityBuilder.java:209)\n\tat org.apache.http.entity.mime.MultipartEntityBuilder.build(MultipartEntityBuilder.java:230)\n\tat org.jenkinsci.test.acceptance.update_center.PluginMetadata.uploadTo(PluginMetadata.java:65)\n\tat org.jenkinsci.test.acceptance.po.PluginManager.installPlugins(PluginManager.java:173)\n\tat org.jenkinsci.test.acceptance.junit.WithPlugins$RuleImpl$1.doInstall(WithPlugins.java:139)\n\tat org.jenkinsci.test.acceptance.junit.WithPlugins$RuleImpl$1.installPlugins(WithPlugins.java:119)\n\tat org.jenkinsci.test.acceptance.junit.WithPlugins$RuleImpl$1.evaluate(WithPlugins.java:91)\n\tat org.jenkinsci.test.acceptance.junit.JenkinsAcceptanceTestRule$1$2$1.evaluate(JenkinsAcceptanceTestRule.java:129)\n\tat org.jenkinsci.test.acceptance.junit.FilterRule$1.evaluate(FilterRule.java:62)\n\tat org.jenkinsci.test.acceptance.junit.JenkinsAcceptanceTestRule$1.evaluate(JenkinsAcceptanceTestRule.java:55)\n\tat org.junit.runners.ParentRunner.runLeaf(ParentRunner.java:271)\n\tat org.junit.runners.BlockJUnit4ClassRunner.runChild(BlockJUnit4ClassRunner.java:70)\n\tat org.junit.runners.BlockJUnit4ClassRunner.runChild(BlockJUnit4ClassRunner.java:50)\n\tat org.junit.runners.ParentRunner$3.run(ParentRunner.java:238)\n\tat org.junit.runners.ParentRunner$1.schedule(ParentRunner.java:63)\n\tat org.junit.runners.ParentRunner.runChildren(ParentRunner.java:236)\n\tat org.junit.runners.ParentRunner.access$000(ParentRunner.java:53)\n\tat org.junit.runners.ParentRunner$2.evaluate(ParentRunner.java:229)\n\tat org.junit.runners.ParentRunner.run(ParentRunner.java:309)\n\tat org.apache.maven.surefire.junit4.JUnit4Provider.execute(JUnit4Provider.java:264)\n\tat org.apache.maven.surefire.junit4.JUnit4Provider.executeTestSet(JUnit4Provider.java:153)\n\tat org.apache.maven.surefire.junit4.JUnit4Provider.invoke(JUnit4Provider.java:124)\n\tat org.apache.maven.surefire.booter.ForkedBooter.invokeProviderInSameClassLoader(ForkedBooter.java:200)\n\tat org.apache.maven.surefire.booter.ForkedBooter.runSuitesInProcess(ForkedBooter.java:153)\n\tat org.apache.maven.surefire.booter.ForkedBooter.main(ForkedBooter.java:103)\n"
   },
   "steps" : {
      "step" : [ ]
   },
   "attachments" : {
      "attachment" : [ ]
   },
   "labels" : {
      "label" : [ {
         "name" : "host",
         "value" : "Abduls-MBP.home"
      }, {
         "name" : "thread",
         "value" : "35250@Abduls-MBP.home.main(1)"
      } ]
   }
}
testCase=ru.yandex.qatools.allure.model.TestCase@49631cfb[
  _id=b4601441-8cab-4ae3-bec1-2d7e172477c3
  executionId=27f47f39-aa42-4a27-8553-fee0eadcf4f3
  result=ru.yandex.qatools.allure.model.TestCaseResult@3212d853
]
testCase={
   "_id" : "b4601441-8cab-4ae3-bec1-2d7e172477c3",
   "executionId" : "27f47f39-aa42-4a27-8553-fee0eadcf4f3",
   "result" : {
      "start" : 1443745498906,
      "stop" : 1443745569107,
      "status" : "broken",
      "name" : "should_set_warnings_count_in_dashboard_portlet",
      "failure" : {
         "message" : "NoSuchMethodError: org.apache.http.entity.ContentType.create(Ljava/lang/String;[Lorg/apache/http/NameValuePair;)Lorg/apache/http/entity/ContentType;",
         "stack-trace" : "java.lang.NoSuchMethodError: org.apache.http.entity.ContentType.create(Ljava/lang/String;[Lorg/apache/http/NameValuePair;)Lorg/apache/http/entity/ContentType;\n\tat org.apache.http.entity.mime.MultipartEntityBuilder.buildEntity(MultipartEntityBuilder.java:209)\n\tat org.apache.http.entity.mime.MultipartEntityBuilder.build(MultipartEntityBuilder.java:230)\n\tat org.jenkinsci.test.acceptance.update_center.PluginMetadata.uploadTo(PluginMetadata.java:65)\n\tat org.jenkinsci.test.acceptance.po.PluginManager.installPlugins(PluginManager.java:173)\n\tat org.jenkinsci.test.acceptance.junit.WithPlugins$RuleImpl$1.doInstall(WithPlugins.java:139)\n\tat org.jenkinsci.test.acceptance.junit.WithPlugins$RuleImpl$1.installPlugins(WithPlugins.java:119)\n\tat org.jenkinsci.test.acceptance.junit.WithPlugins$RuleImpl$1.evaluate(WithPlugins.java:91)\n\tat org.jenkinsci.test.acceptance.junit.JenkinsAcceptanceTestRule$1$2$1.evaluate(JenkinsAcceptanceTestRule.java:129)\n\tat org.jenkinsci.test.acceptance.junit.FilterRule$1.evaluate(FilterRule.java:62)\n\tat org.jenkinsci.test.acceptance.junit.JenkinsAcceptanceTestRule$1.evaluate(JenkinsAcceptanceTestRule.java:55)\n\tat org.junit.runners.ParentRunner.runLeaf(ParentRunner.java:271)\n\tat org.junit.runners.BlockJUnit4ClassRunner.runChild(BlockJUnit4ClassRunner.java:70)\n\tat org.junit.runners.BlockJUnit4ClassRunner.runChild(BlockJUnit4ClassRunner.java:50)\n\tat org.junit.runners.ParentRunner$3.run(ParentRunner.java:238)\n\tat org.junit.runners.ParentRunner$1.schedule(ParentRunner.java:63)\n\tat org.junit.runners.ParentRunner.runChildren(ParentRunner.java:236)\n\tat org.junit.runners.ParentRunner.access$000(ParentRunner.java:53)\n\tat org.junit.runners.ParentRunner$2.evaluate(ParentRunner.java:229)\n\tat org.junit.runners.ParentRunner.run(ParentRunner.java:309)\n\tat org.apache.maven.surefire.junit4.JUnit4Provider.execute(JUnit4Provider.java:264)\n\tat org.apache.maven.surefire.junit4.JUnit4Provider.executeTestSet(JUnit4Provider.java:153)\n\tat org.apache.maven.surefire.junit4.JUnit4Provider.invoke(JUnit4Provider.java:124)\n\tat org.apache.maven.surefire.booter.ForkedBooter.invokeProviderInSameClassLoader(ForkedBooter.java:200)\n\tat org.apache.maven.surefire.booter.ForkedBooter.runSuitesInProcess(ForkedBooter.java:153)\n\tat org.apache.maven.surefire.booter.ForkedBooter.main(ForkedBooter.java:103)\n"
      },
      "steps" : {
         "step" : [ ]
      },
      "attachments" : {
         "attachment" : [ ]
      },
      "labels" : {
         "label" : [ {
            "name" : "host",
            "value" : "Abduls-MBP.home"
         }, {
            "name" : "thread",
            "value" : "35250@Abduls-MBP.home.main(1)"
         } ]
      }
   }
}
>>>REQUEST: /testdb/TestCase
[WARN] [10/01/2015 20:26:09.124] [default-akka.actor.default-dispatcher-137] [ActorSystem(default)] Illegal response header: Illegal 'etag' header: Invalid input '5', expected 'W' or '"' (line 1, column 1): 560dcf21fbeaf7a200c9bff6
^
<<<RESPONSE (201 Created): /testdb/TestCase
running with given plugins: []
=== Starting should_send_mail_with_expanded_tokens(plugins.PmdPluginTest)
Starting Jenkins: JAVA_HOME=/Library/Java/JavaVirtualMachines/jdk1.8.0_60.jdk/Contents/Home JENKINS_HOME=/Users/abduljewel/Documents/c/spiderqa/sample-test-projects/acceptance-test-harness/target/jenkins2611971136500386109home /Library/Java/JavaVirtualMachines/jdk1.8.0_60.jdk/Contents/Home/bin/java -Duser.language=en -jar ./jenkins.war --ajp13Port=-1 --httpPort=55410
master55410|Running from: /Users/abduljewel/Documents/c/spiderqa/sample-test-projects/acceptance-test-harness/jenkins.war
master55410|webroot: EnvVars.masterEnvVars.get("JENKINS_HOME")
master55410|Oct 01, 2015 8:26:10 PM winstone.Logger logInternal
master55410|INFO: Beginning extraction from war file
master55410|Oct 01, 2015 8:26:15 PM org.eclipse.jetty.util.log.JavaUtilLog info
master55410|INFO: jetty-winstone-2.8
master55410|Oct 01, 2015 8:26:21 PM org.eclipse.jetty.util.log.JavaUtilLog info
master55410|INFO: NO JSP Support for , did not find org.apache.jasper.servlet.JspServlet
master55410|Jenkins home directory: /Users/abduljewel/Documents/c/spiderqa/sample-test-projects/acceptance-test-harness/target/jenkins2611971136500386109home found at: EnvVars.masterEnvVars.get("JENKINS_HOME")
master55410|Oct 01, 2015 8:26:25 PM org.eclipse.jetty.util.log.JavaUtilLog info
master55410|INFO: Started SelectChannelConnector@0.0.0.0:55410
master55410|Oct 01, 2015 8:26:25 PM winstone.Logger logInternal
master55410|INFO: Winstone Servlet Engine v2.0 running: controlPort=disabled
master55410|Oct 01, 2015 8:26:26 PM jenkins.InitReactorRunner$1 onAttained
master55410|INFO: Started initialization
master55410|Oct 01, 2015 8:26:59 PM jenkins.InitReactorRunner$1 onAttained
master55410|INFO: Listed all plugins
master55410|Oct 01, 2015 8:26:59 PM jenkins.InitReactorRunner$1 onAttained
master55410|INFO: Prepared all plugins
master55410|Oct 01, 2015 8:26:59 PM jenkins.InitReactorRunner$1 onAttained
master55410|INFO: Started all plugins
master55410|Oct 01, 2015 8:26:59 PM jenkins.InitReactorRunner$1 onAttained
master55410|INFO: Augmented all extensions
master55410|Oct 01, 2015 8:27:03 PM jenkins.InitReactorRunner$1 onAttained
master55410|INFO: Loaded all jobs
master55410|Oct 01, 2015 8:27:07 PM hudson.model.AsyncPeriodicWork$1 run
master55410|INFO: Started Download metadata
master55410|Oct 01, 2015 8:27:07 PM org.jenkinsci.main.modules.sshd.SSHD start
master55410|INFO: Started SSHD at port 51304
master55410|Oct 01, 2015 8:27:07 PM jenkins.InitReactorRunner$1 onAttained
master55410|INFO: Completed initialization
master55410|Oct 01, 2015 8:27:07 PM hudson.UDPBroadcastThread run
master55410|WARNING: UDP handling problem
master55410|java.net.SocketException: Can't assign requested address
master55410|	at java.net.PlainDatagramSocketImpl.join(Native Method)
master55410|	at java.net.AbstractPlainDatagramSocketImpl.join(AbstractPlainDatagramSocketImpl.java:179)
master55410|	at java.net.MulticastSocket.joinGroup(MulticastSocket.java:323)
master55410|	at hudson.UDPBroadcastThread.run(UDPBroadcastThread.java:77)
master55410|
master55410|Oct 01, 2015 8:27:07 PM hudson.WebAppMain$3 run
master55410|INFO: Jenkins is fully up and running
master55410|Oct 01, 2015 8:27:09 PM hudson.model.UpdateSite updateData
master55410|INFO: Obtained the latest update center data file for UpdateSource default
master55410|Oct 01, 2015 8:27:10 PM hudson.model.DownloadService$Downloadable load
master55410|INFO: Obtained the updated data file for hudson.tasks.Maven.MavenInstaller
master55410|Oct 01, 2015 8:27:10 PM hudson.model.DownloadService$Downloadable load
master55410|INFO: Obtained the updated data file for hudson.tasks.Ant.AntInstaller
master55410|Oct 01, 2015 8:27:11 PM hudson.model.DownloadService$Downloadable load
master55410|INFO: Obtained the updated data file for hudson.tools.JDKInstaller
master55410|Oct 01, 2015 8:27:11 PM hudson.model.AsyncPeriodicWork$1 run
master55410|INFO: Finished Download metadata. 4,253 ms
Jenkins is stopped
]]></system-out>
    <system-err><![CDATA[Oct 01, 2015 8:26:09 PM org.jenkinsci.test.acceptance.controller.LocalController startNow
INFO: Waiting for Jenkins to become running in http://127.0.0.1:55410/
Oct 01, 2015 8:27:07 PM org.jenkinsci.test.acceptance.controller.LocalController startNow
INFO: Jenkins is running in http://127.0.0.1:55410/
Oct 01, 2015 8:27:14 PM org.jenkinsci.test.acceptance.po.PluginManager installationStatus
INFO: email-ext is not installed
Oct 01, 2015 8:27:14 PM org.jenkinsci.test.acceptance.po.PluginManager installationStatus
INFO: email-ext is not installed
Oct 01, 2015 8:27:16 PM org.jenkinsci.test.acceptance.po.PluginManager installationStatus
INFO: junit has version 1.2-beta-4 but 1.9 was requested
]]></system-err>
  </testcase>
  <testcase name="should_retrieve_results_from_maven_job" classname="plugins.PmdPluginTest" time="62.481">
    <error message="org.apache.http.entity.ContentType.create(Ljava/lang/String;[Lorg/apache/http/NameValuePair;)Lorg/apache/http/entity/ContentType;" type="java.lang.NoSuchMethodError">java.lang.NoSuchMethodError: org.apache.http.entity.ContentType.create(Ljava/lang/String;[Lorg/apache/http/NameValuePair;)Lorg/apache/http/entity/ContentType;
	at org.apache.http.entity.mime.MultipartEntityBuilder.buildEntity(MultipartEntityBuilder.java:209)
	at org.apache.http.entity.mime.MultipartEntityBuilder.build(MultipartEntityBuilder.java:230)
	at org.jenkinsci.test.acceptance.update_center.PluginMetadata.uploadTo(PluginMetadata.java:65)
	at org.jenkinsci.test.acceptance.po.PluginManager.installPlugins(PluginManager.java:173)
	at org.jenkinsci.test.acceptance.junit.WithPlugins$RuleImpl$1.doInstall(WithPlugins.java:139)
	at org.jenkinsci.test.acceptance.junit.WithPlugins$RuleImpl$1.installPlugins(WithPlugins.java:119)
	at org.jenkinsci.test.acceptance.junit.WithPlugins$RuleImpl$1.evaluate(WithPlugins.java:92)
	at org.jenkinsci.test.acceptance.junit.JenkinsAcceptanceTestRule$1$2$1.evaluate(JenkinsAcceptanceTestRule.java:129)
	at org.jenkinsci.test.acceptance.junit.FilterRule$1.evaluate(FilterRule.java:62)
	at org.jenkinsci.test.acceptance.junit.JenkinsAcceptanceTestRule$1.evaluate(JenkinsAcceptanceTestRule.java:55)
	at org.junit.runners.ParentRunner.runLeaf(ParentRunner.java:271)
	at org.junit.runners.BlockJUnit4ClassRunner.runChild(BlockJUnit4ClassRunner.java:70)
	at org.junit.runners.BlockJUnit4ClassRunner.runChild(BlockJUnit4ClassRunner.java:50)
	at org.junit.runners.ParentRunner$3.run(ParentRunner.java:238)
	at org.junit.runners.ParentRunner$1.schedule(ParentRunner.java:63)
	at org.junit.runners.ParentRunner.runChildren(ParentRunner.java:236)
	at org.junit.runners.ParentRunner.access$000(ParentRunner.java:53)
	at org.junit.runners.ParentRunner$2.evaluate(ParentRunner.java:229)
	at org.junit.runners.ParentRunner.run(ParentRunner.java:309)
	at org.apache.maven.surefire.junit4.JUnit4Provider.execute(JUnit4Provider.java:264)
	at org.apache.maven.surefire.junit4.JUnit4Provider.executeTestSet(JUnit4Provider.java:153)
	at org.apache.maven.surefire.junit4.JUnit4Provider.invoke(JUnit4Provider.java:124)
	at org.apache.maven.surefire.booter.ForkedBooter.invokeProviderInSameClassLoader(ForkedBooter.java:200)
	at org.apache.maven.surefire.booter.ForkedBooter.runSuitesInProcess(ForkedBooter.java:153)
	at org.apache.maven.surefire.booter.ForkedBooter.main(ForkedBooter.java:103)
</error>
    <system-out><![CDATA[testCaseResult=ru.yandex.qatools.allure.model.TestCaseResult@6f0a4e30[
  name=should_send_mail_with_expanded_tokens
  title=<null>
  description=<null>
  failure=ru.yandex.qatools.allure.model.Failure@50ff7063
  start=1443745569119
  stop=1443745636466
  status=BROKEN
  severity=<null>
  steps=[]
  attachments=[]
  labels=[ru.yandex.qatools.allure.model.Label@67a8bcbb, ru.yandex.qatools.allure.model.Label@1bb96449]
  parameters=<null>
]
testCaseResult={
   "start" : 1443745569119,
   "stop" : 1443745636466,
   "status" : "broken",
   "name" : "should_send_mail_with_expanded_tokens",
   "failure" : {
      "message" : "NoSuchMethodError: org.apache.http.entity.ContentType.create(Ljava/lang/String;[Lorg/apache/http/NameValuePair;)Lorg/apache/http/entity/ContentType;",
      "stack-trace" : "java.lang.NoSuchMethodError: org.apache.http.entity.ContentType.create(Ljava/lang/String;[Lorg/apache/http/NameValuePair;)Lorg/apache/http/entity/ContentType;\n\tat org.apache.http.entity.mime.MultipartEntityBuilder.buildEntity(MultipartEntityBuilder.java:209)\n\tat org.apache.http.entity.mime.MultipartEntityBuilder.build(MultipartEntityBuilder.java:230)\n\tat org.jenkinsci.test.acceptance.update_center.PluginMetadata.uploadTo(PluginMetadata.java:65)\n\tat org.jenkinsci.test.acceptance.po.PluginManager.installPlugins(PluginManager.java:173)\n\tat org.jenkinsci.test.acceptance.junit.WithPlugins$RuleImpl$1.doInstall(WithPlugins.java:139)\n\tat org.jenkinsci.test.acceptance.junit.WithPlugins$RuleImpl$1.installPlugins(WithPlugins.java:119)\n\tat org.jenkinsci.test.acceptance.junit.WithPlugins$RuleImpl$1.evaluate(WithPlugins.java:91)\n\tat org.jenkinsci.test.acceptance.junit.JenkinsAcceptanceTestRule$1$2$1.evaluate(JenkinsAcceptanceTestRule.java:129)\n\tat org.jenkinsci.test.acceptance.junit.FilterRule$1.evaluate(FilterRule.java:62)\n\tat org.jenkinsci.test.acceptance.junit.JenkinsAcceptanceTestRule$1.evaluate(JenkinsAcceptanceTestRule.java:55)\n\tat org.junit.runners.ParentRunner.runLeaf(ParentRunner.java:271)\n\tat org.junit.runners.BlockJUnit4ClassRunner.runChild(BlockJUnit4ClassRunner.java:70)\n\tat org.junit.runners.BlockJUnit4ClassRunner.runChild(BlockJUnit4ClassRunner.java:50)\n\tat org.junit.runners.ParentRunner$3.run(ParentRunner.java:238)\n\tat org.junit.runners.ParentRunner$1.schedule(ParentRunner.java:63)\n\tat org.junit.runners.ParentRunner.runChildren(ParentRunner.java:236)\n\tat org.junit.runners.ParentRunner.access$000(ParentRunner.java:53)\n\tat org.junit.runners.ParentRunner$2.evaluate(ParentRunner.java:229)\n\tat org.junit.runners.ParentRunner.run(ParentRunner.java:309)\n\tat org.apache.maven.surefire.junit4.JUnit4Provider.execute(JUnit4Provider.java:264)\n\tat org.apache.maven.surefire.junit4.JUnit4Provider.executeTestSet(JUnit4Provider.java:153)\n\tat org.apache.maven.surefire.junit4.JUnit4Provider.invoke(JUnit4Provider.java:124)\n\tat org.apache.maven.surefire.booter.ForkedBooter.invokeProviderInSameClassLoader(ForkedBooter.java:200)\n\tat org.apache.maven.surefire.booter.ForkedBooter.runSuitesInProcess(ForkedBooter.java:153)\n\tat org.apache.maven.surefire.booter.ForkedBooter.main(ForkedBooter.java:103)\n"
   },
   "steps" : {
      "step" : [ ]
   },
   "attachments" : {
      "attachment" : [ ]
   },
   "labels" : {
      "label" : [ {
         "name" : "host",
         "value" : "Abduls-MBP.home"
      }, {
         "name" : "thread",
         "value" : "35250@Abduls-MBP.home.main(1)"
      } ]
   }
}
testCase=ru.yandex.qatools.allure.model.TestCase@26ffd2c0[
  _id=9e600e41-5509-44dd-ad34-0fb1a92a0268
  executionId=27f47f39-aa42-4a27-8553-fee0eadcf4f3
  result=ru.yandex.qatools.allure.model.TestCaseResult@6f0a4e30
]
testCase={
   "_id" : "9e600e41-5509-44dd-ad34-0fb1a92a0268",
   "executionId" : "27f47f39-aa42-4a27-8553-fee0eadcf4f3",
   "result" : {
      "start" : 1443745569119,
      "stop" : 1443745636466,
      "status" : "broken",
      "name" : "should_send_mail_with_expanded_tokens",
      "failure" : {
         "message" : "NoSuchMethodError: org.apache.http.entity.ContentType.create(Ljava/lang/String;[Lorg/apache/http/NameValuePair;)Lorg/apache/http/entity/ContentType;",
         "stack-trace" : "java.lang.NoSuchMethodError: org.apache.http.entity.ContentType.create(Ljava/lang/String;[Lorg/apache/http/NameValuePair;)Lorg/apache/http/entity/ContentType;\n\tat org.apache.http.entity.mime.MultipartEntityBuilder.buildEntity(MultipartEntityBuilder.java:209)\n\tat org.apache.http.entity.mime.MultipartEntityBuilder.build(MultipartEntityBuilder.java:230)\n\tat org.jenkinsci.test.acceptance.update_center.PluginMetadata.uploadTo(PluginMetadata.java:65)\n\tat org.jenkinsci.test.acceptance.po.PluginManager.installPlugins(PluginManager.java:173)\n\tat org.jenkinsci.test.acceptance.junit.WithPlugins$RuleImpl$1.doInstall(WithPlugins.java:139)\n\tat org.jenkinsci.test.acceptance.junit.WithPlugins$RuleImpl$1.installPlugins(WithPlugins.java:119)\n\tat org.jenkinsci.test.acceptance.junit.WithPlugins$RuleImpl$1.evaluate(WithPlugins.java:91)\n\tat org.jenkinsci.test.acceptance.junit.JenkinsAcceptanceTestRule$1$2$1.evaluate(JenkinsAcceptanceTestRule.java:129)\n\tat org.jenkinsci.test.acceptance.junit.FilterRule$1.evaluate(FilterRule.java:62)\n\tat org.jenkinsci.test.acceptance.junit.JenkinsAcceptanceTestRule$1.evaluate(JenkinsAcceptanceTestRule.java:55)\n\tat org.junit.runners.ParentRunner.runLeaf(ParentRunner.java:271)\n\tat org.junit.runners.BlockJUnit4ClassRunner.runChild(BlockJUnit4ClassRunner.java:70)\n\tat org.junit.runners.BlockJUnit4ClassRunner.runChild(BlockJUnit4ClassRunner.java:50)\n\tat org.junit.runners.ParentRunner$3.run(ParentRunner.java:238)\n\tat org.junit.runners.ParentRunner$1.schedule(ParentRunner.java:63)\n\tat org.junit.runners.ParentRunner.runChildren(ParentRunner.java:236)\n\tat org.junit.runners.ParentRunner.access$000(ParentRunner.java:53)\n\tat org.junit.runners.ParentRunner$2.evaluate(ParentRunner.java:229)\n\tat org.junit.runners.ParentRunner.run(ParentRunner.java:309)\n\tat org.apache.maven.surefire.junit4.JUnit4Provider.execute(JUnit4Provider.java:264)\n\tat org.apache.maven.surefire.junit4.JUnit4Provider.executeTestSet(JUnit4Provider.java:153)\n\tat org.apache.maven.surefire.junit4.JUnit4Provider.invoke(JUnit4Provider.java:124)\n\tat org.apache.maven.surefire.booter.ForkedBooter.invokeProviderInSameClassLoader(ForkedBooter.java:200)\n\tat org.apache.maven.surefire.booter.ForkedBooter.runSuitesInProcess(ForkedBooter.java:153)\n\tat org.apache.maven.surefire.booter.ForkedBooter.main(ForkedBooter.java:103)\n"
      },
      "steps" : {
         "step" : [ ]
      },
      "attachments" : {
         "attachment" : [ ]
      },
      "labels" : {
         "label" : [ {
            "name" : "host",
            "value" : "Abduls-MBP.home"
         }, {
            "name" : "thread",
            "value" : "35250@Abduls-MBP.home.main(1)"
         } ]
      }
   }
}
>>>REQUEST: /testdb/TestCase
[WARN] [10/01/2015 20:27:16.502] [default-akka.actor.default-dispatcher-144] [ActorSystem(default)] Illegal response header: Illegal 'etag' header: Invalid input '5', expected 'W' or '"' (line 1, column 1): 560dcf64fbeaf7a200c9bffb
^
<<<RESPONSE (201 Created): /testdb/TestCase
running with given plugins: []
=== Starting should_retrieve_results_from_maven_job(plugins.PmdPluginTest)
Starting Jenkins: JAVA_HOME=/Library/Java/JavaVirtualMachines/jdk1.8.0_60.jdk/Contents/Home JENKINS_HOME=/Users/abduljewel/Documents/c/spiderqa/sample-test-projects/acceptance-test-harness/target/jenkins7660269344449350907home /Library/Java/JavaVirtualMachines/jdk1.8.0_60.jdk/Contents/Home/bin/java -Duser.language=en -jar ./jenkins.war --ajp13Port=-1 --httpPort=63105
master63105|Running from: /Users/abduljewel/Documents/c/spiderqa/sample-test-projects/acceptance-test-harness/jenkins.war
master63105|webroot: EnvVars.masterEnvVars.get("JENKINS_HOME")
master63105|Oct 01, 2015 8:27:17 PM winstone.Logger logInternal
master63105|INFO: Beginning extraction from war file
master63105|Oct 01, 2015 8:27:21 PM org.eclipse.jetty.util.log.JavaUtilLog info
master63105|INFO: jetty-winstone-2.8
master63105|Oct 01, 2015 8:27:27 PM org.eclipse.jetty.util.log.JavaUtilLog info
master63105|INFO: NO JSP Support for , did not find org.apache.jasper.servlet.JspServlet
master63105|Jenkins home directory: /Users/abduljewel/Documents/c/spiderqa/sample-test-projects/acceptance-test-harness/target/jenkins7660269344449350907home found at: EnvVars.masterEnvVars.get("JENKINS_HOME")
master63105|Oct 01, 2015 8:27:31 PM org.eclipse.jetty.util.log.JavaUtilLog info
master63105|INFO: Started SelectChannelConnector@0.0.0.0:63105
master63105|Oct 01, 2015 8:27:31 PM winstone.Logger logInternal
master63105|INFO: Winstone Servlet Engine v2.0 running: controlPort=disabled
master63105|Oct 01, 2015 8:27:31 PM jenkins.InitReactorRunner$1 onAttained
master63105|INFO: Started initialization
master63105|Oct 01, 2015 8:28:04 PM jenkins.InitReactorRunner$1 onAttained
master63105|INFO: Listed all plugins
master63105|Oct 01, 2015 8:28:04 PM jenkins.InitReactorRunner$1 onAttained
master63105|INFO: Prepared all plugins
master63105|Oct 01, 2015 8:28:04 PM jenkins.InitReactorRunner$1 onAttained
master63105|INFO: Started all plugins
master63105|Oct 01, 2015 8:28:04 PM jenkins.InitReactorRunner$1 onAttained
master63105|INFO: Augmented all extensions
master63105|Oct 01, 2015 8:28:08 PM jenkins.InitReactorRunner$1 onAttained
master63105|INFO: Loaded all jobs
master63105|Oct 01, 2015 8:28:11 PM hudson.model.AsyncPeriodicWork$1 run
master63105|INFO: Started Download metadata
master63105|Oct 01, 2015 8:28:11 PM org.jenkinsci.main.modules.sshd.SSHD start
master63105|INFO: Started SSHD at port 51653
master63105|Oct 01, 2015 8:28:11 PM jenkins.InitReactorRunner$1 onAttained
master63105|INFO: Completed initialization
master63105|Oct 01, 2015 8:28:11 PM hudson.UDPBroadcastThread run
master63105|WARNING: UDP handling problem
master63105|java.net.SocketException: Can't assign requested address
master63105|	at java.net.PlainDatagramSocketImpl.join(Native Method)
master63105|	at java.net.AbstractPlainDatagramSocketImpl.join(AbstractPlainDatagramSocketImpl.java:179)
master63105|	at java.net.MulticastSocket.joinGroup(MulticastSocket.java:323)
master63105|	at hudson.UDPBroadcastThread.run(UDPBroadcastThread.java:77)
master63105|
master63105|Oct 01, 2015 8:28:11 PM hudson.WebAppMain$3 run
master63105|INFO: Jenkins is fully up and running
master63105|Oct 01, 2015 8:28:16 PM hudson.model.UpdateSite updateData
master63105|INFO: Obtained the latest update center data file for UpdateSource default
master63105|Oct 01, 2015 8:28:17 PM hudson.model.DownloadService$Downloadable load
master63105|INFO: Obtained the updated data file for hudson.tasks.Maven.MavenInstaller
master63105|Oct 01, 2015 8:28:17 PM hudson.model.DownloadService$Downloadable load
master63105|INFO: Obtained the updated data file for hudson.tasks.Ant.AntInstaller
master63105|Oct 01, 2015 8:28:18 PM hudson.model.DownloadService$Downloadable load
master63105|INFO: Obtained the updated data file for hudson.tools.JDKInstaller
master63105|Oct 01, 2015 8:28:18 PM hudson.model.AsyncPeriodicWork$1 run
master63105|INFO: Finished Download metadata. 7,011 ms
Jenkins is stopped
]]></system-out>
    <system-err><![CDATA[Oct 01, 2015 8:27:16 PM org.jenkinsci.test.acceptance.controller.LocalController startNow
INFO: Waiting for Jenkins to become running in http://127.0.0.1:63105/
Oct 01, 2015 8:28:11 PM org.jenkinsci.test.acceptance.controller.LocalController startNow
INFO: Jenkins is running in http://127.0.0.1:63105/
Oct 01, 2015 8:28:17 PM org.jenkinsci.test.acceptance.po.PluginManager installationStatus
INFO: pmd is not installed
Oct 01, 2015 8:28:17 PM org.jenkinsci.test.acceptance.po.PluginManager installationStatus
INFO: pmd is not installed
Oct 01, 2015 8:28:18 PM org.jenkinsci.test.acceptance.po.PluginManager installationStatus
INFO: script-security has version 1.13 but 1.15 was requested
]]></system-err>
  </testcase>
  <testcase name="should_have_trend_graph_with_relative_links" classname="plugins.PmdPluginTest" time="48.96">
    <error message="org.apache.http.entity.ContentType.create(Ljava/lang/String;[Lorg/apache/http/NameValuePair;)Lorg/apache/http/entity/ContentType;" type="java.lang.NoSuchMethodError">java.lang.NoSuchMethodError: org.apache.http.entity.ContentType.create(Ljava/lang/String;[Lorg/apache/http/NameValuePair;)Lorg/apache/http/entity/ContentType;
	at org.apache.http.entity.mime.MultipartEntityBuilder.buildEntity(MultipartEntityBuilder.java:209)
	at org.apache.http.entity.mime.MultipartEntityBuilder.build(MultipartEntityBuilder.java:230)
	at org.jenkinsci.test.acceptance.update_center.PluginMetadata.uploadTo(PluginMetadata.java:65)
	at org.jenkinsci.test.acceptance.po.PluginManager.installPlugins(PluginManager.java:173)
	at org.jenkinsci.test.acceptance.junit.WithPlugins$RuleImpl$1.doInstall(WithPlugins.java:139)
	at org.jenkinsci.test.acceptance.junit.WithPlugins$RuleImpl$1.installPlugins(WithPlugins.java:119)
	at org.jenkinsci.test.acceptance.junit.WithPlugins$RuleImpl$1.evaluate(WithPlugins.java:92)
	at org.jenkinsci.test.acceptance.junit.JenkinsAcceptanceTestRule$1$2$1.evaluate(JenkinsAcceptanceTestRule.java:129)
	at org.jenkinsci.test.acceptance.junit.FilterRule$1.evaluate(FilterRule.java:62)
	at org.jenkinsci.test.acceptance.junit.JenkinsAcceptanceTestRule$1.evaluate(JenkinsAcceptanceTestRule.java:55)
	at org.junit.runners.ParentRunner.runLeaf(ParentRunner.java:271)
	at org.junit.runners.BlockJUnit4ClassRunner.runChild(BlockJUnit4ClassRunner.java:70)
	at org.junit.runners.BlockJUnit4ClassRunner.runChild(BlockJUnit4ClassRunner.java:50)
	at org.junit.runners.ParentRunner$3.run(ParentRunner.java:238)
	at org.junit.runners.ParentRunner$1.schedule(ParentRunner.java:63)
	at org.junit.runners.ParentRunner.runChildren(ParentRunner.java:236)
	at org.junit.runners.ParentRunner.access$000(ParentRunner.java:53)
	at org.junit.runners.ParentRunner$2.evaluate(ParentRunner.java:229)
	at org.junit.runners.ParentRunner.run(ParentRunner.java:309)
	at org.apache.maven.surefire.junit4.JUnit4Provider.execute(JUnit4Provider.java:264)
	at org.apache.maven.surefire.junit4.JUnit4Provider.executeTestSet(JUnit4Provider.java:153)
	at org.apache.maven.surefire.junit4.JUnit4Provider.invoke(JUnit4Provider.java:124)
	at org.apache.maven.surefire.booter.ForkedBooter.invokeProviderInSameClassLoader(ForkedBooter.java:200)
	at org.apache.maven.surefire.booter.ForkedBooter.runSuitesInProcess(ForkedBooter.java:153)
	at org.apache.maven.surefire.booter.ForkedBooter.main(ForkedBooter.java:103)
</error>
    <system-out><![CDATA[testCaseResult=ru.yandex.qatools.allure.model.TestCaseResult@5a899811[
  name=should_retrieve_results_from_maven_job
  title=<null>
  description=<null>
  failure=ru.yandex.qatools.allure.model.Failure@6a51ae7c
  start=1443745636516
  stop=1443745699179
  status=BROKEN
  severity=<null>
  steps=[]
  attachments=[]
  labels=[ru.yandex.qatools.allure.model.Label@171aa66, ru.yandex.qatools.allure.model.Label@58739e5e]
  parameters=<null>
]
testCaseResult={
   "start" : 1443745636516,
   "stop" : 1443745699179,
   "status" : "broken",
   "name" : "should_retrieve_results_from_maven_job",
   "failure" : {
      "message" : "NoSuchMethodError: org.apache.http.entity.ContentType.create(Ljava/lang/String;[Lorg/apache/http/NameValuePair;)Lorg/apache/http/entity/ContentType;",
      "stack-trace" : "java.lang.NoSuchMethodError: org.apache.http.entity.ContentType.create(Ljava/lang/String;[Lorg/apache/http/NameValuePair;)Lorg/apache/http/entity/ContentType;\n\tat org.apache.http.entity.mime.MultipartEntityBuilder.buildEntity(MultipartEntityBuilder.java:209)\n\tat org.apache.http.entity.mime.MultipartEntityBuilder.build(MultipartEntityBuilder.java:230)\n\tat org.jenkinsci.test.acceptance.update_center.PluginMetadata.uploadTo(PluginMetadata.java:65)\n\tat org.jenkinsci.test.acceptance.po.PluginManager.installPlugins(PluginManager.java:173)\n\tat org.jenkinsci.test.acceptance.junit.WithPlugins$RuleImpl$1.doInstall(WithPlugins.java:139)\n\tat org.jenkinsci.test.acceptance.junit.WithPlugins$RuleImpl$1.installPlugins(WithPlugins.java:119)\n\tat org.jenkinsci.test.acceptance.junit.WithPlugins$RuleImpl$1.evaluate(WithPlugins.java:92)\n\tat org.jenkinsci.test.acceptance.junit.JenkinsAcceptanceTestRule$1$2$1.evaluate(JenkinsAcceptanceTestRule.java:129)\n\tat org.jenkinsci.test.acceptance.junit.FilterRule$1.evaluate(FilterRule.java:62)\n\tat org.jenkinsci.test.acceptance.junit.JenkinsAcceptanceTestRule$1.evaluate(JenkinsAcceptanceTestRule.java:55)\n\tat org.junit.runners.ParentRunner.runLeaf(ParentRunner.java:271)\n\tat org.junit.runners.BlockJUnit4ClassRunner.runChild(BlockJUnit4ClassRunner.java:70)\n\tat org.junit.runners.BlockJUnit4ClassRunner.runChild(BlockJUnit4ClassRunner.java:50)\n\tat org.junit.runners.ParentRunner$3.run(ParentRunner.java:238)\n\tat org.junit.runners.ParentRunner$1.schedule(ParentRunner.java:63)\n\tat org.junit.runners.ParentRunner.runChildren(ParentRunner.java:236)\n\tat org.junit.runners.ParentRunner.access$000(ParentRunner.java:53)\n\tat org.junit.runners.ParentRunner$2.evaluate(ParentRunner.java:229)\n\tat org.junit.runners.ParentRunner.run(ParentRunner.java:309)\n\tat org.apache.maven.surefire.junit4.JUnit4Provider.execute(JUnit4Provider.java:264)\n\tat org.apache.maven.surefire.junit4.JUnit4Provider.executeTestSet(JUnit4Provider.java:153)\n\tat org.apache.maven.surefire.junit4.JUnit4Provider.invoke(JUnit4Provider.java:124)\n\tat org.apache.maven.surefire.booter.ForkedBooter.invokeProviderInSameClassLoader(ForkedBooter.java:200)\n\tat org.apache.maven.surefire.booter.ForkedBooter.runSuitesInProcess(ForkedBooter.java:153)\n\tat org.apache.maven.surefire.booter.ForkedBooter.main(ForkedBooter.java:103)\n"
   },
   "steps" : {
      "step" : [ ]
   },
   "attachments" : {
      "attachment" : [ ]
   },
   "labels" : {
      "label" : [ {
         "name" : "host",
         "value" : "Abduls-MBP.home"
      }, {
         "name" : "thread",
         "value" : "35250@Abduls-MBP.home.main(1)"
      } ]
   }
}
testCase=ru.yandex.qatools.allure.model.TestCase@4e2cdc51[
  _id=ee37dda3-ffa2-43c3-a0b5-631c2b5e16b5
  executionId=27f47f39-aa42-4a27-8553-fee0eadcf4f3
  result=ru.yandex.qatools.allure.model.TestCaseResult@5a899811
]
testCase={
   "_id" : "ee37dda3-ffa2-43c3-a0b5-631c2b5e16b5",
   "executionId" : "27f47f39-aa42-4a27-8553-fee0eadcf4f3",
   "result" : {
      "start" : 1443745636516,
      "stop" : 1443745699179,
      "status" : "broken",
      "name" : "should_retrieve_results_from_maven_job",
      "failure" : {
         "message" : "NoSuchMethodError: org.apache.http.entity.ContentType.create(Ljava/lang/String;[Lorg/apache/http/NameValuePair;)Lorg/apache/http/entity/ContentType;",
         "stack-trace" : "java.lang.NoSuchMethodError: org.apache.http.entity.ContentType.create(Ljava/lang/String;[Lorg/apache/http/NameValuePair;)Lorg/apache/http/entity/ContentType;\n\tat org.apache.http.entity.mime.MultipartEntityBuilder.buildEntity(MultipartEntityBuilder.java:209)\n\tat org.apache.http.entity.mime.MultipartEntityBuilder.build(MultipartEntityBuilder.java:230)\n\tat org.jenkinsci.test.acceptance.update_center.PluginMetadata.uploadTo(PluginMetadata.java:65)\n\tat org.jenkinsci.test.acceptance.po.PluginManager.installPlugins(PluginManager.java:173)\n\tat org.jenkinsci.test.acceptance.junit.WithPlugins$RuleImpl$1.doInstall(WithPlugins.java:139)\n\tat org.jenkinsci.test.acceptance.junit.WithPlugins$RuleImpl$1.installPlugins(WithPlugins.java:119)\n\tat org.jenkinsci.test.acceptance.junit.WithPlugins$RuleImpl$1.evaluate(WithPlugins.java:92)\n\tat org.jenkinsci.test.acceptance.junit.JenkinsAcceptanceTestRule$1$2$1.evaluate(JenkinsAcceptanceTestRule.java:129)\n\tat org.jenkinsci.test.acceptance.junit.FilterRule$1.evaluate(FilterRule.java:62)\n\tat org.jenkinsci.test.acceptance.junit.JenkinsAcceptanceTestRule$1.evaluate(JenkinsAcceptanceTestRule.java:55)\n\tat org.junit.runners.ParentRunner.runLeaf(ParentRunner.java:271)\n\tat org.junit.runners.BlockJUnit4ClassRunner.runChild(BlockJUnit4ClassRunner.java:70)\n\tat org.junit.runners.BlockJUnit4ClassRunner.runChild(BlockJUnit4ClassRunner.java:50)\n\tat org.junit.runners.ParentRunner$3.run(ParentRunner.java:238)\n\tat org.junit.runners.ParentRunner$1.schedule(ParentRunner.java:63)\n\tat org.junit.runners.ParentRunner.runChildren(ParentRunner.java:236)\n\tat org.junit.runners.ParentRunner.access$000(ParentRunner.java:53)\n\tat org.junit.runners.ParentRunner$2.evaluate(ParentRunner.java:229)\n\tat org.junit.runners.ParentRunner.run(ParentRunner.java:309)\n\tat org.apache.maven.surefire.junit4.JUnit4Provider.execute(JUnit4Provider.java:264)\n\tat org.apache.maven.surefire.junit4.JUnit4Provider.executeTestSet(JUnit4Provider.java:153)\n\tat org.apache.maven.surefire.junit4.JUnit4Provider.invoke(JUnit4Provider.java:124)\n\tat org.apache.maven.surefire.booter.ForkedBooter.invokeProviderInSameClassLoader(ForkedBooter.java:200)\n\tat org.apache.maven.surefire.booter.ForkedBooter.runSuitesInProcess(ForkedBooter.java:153)\n\tat org.apache.maven.surefire.booter.ForkedBooter.main(ForkedBooter.java:103)\n"
      },
      "steps" : {
         "step" : [ ]
      },
      "attachments" : {
         "attachment" : [ ]
      },
      "labels" : {
         "label" : [ {
            "name" : "host",
            "value" : "Abduls-MBP.home"
         }, {
            "name" : "thread",
            "value" : "35250@Abduls-MBP.home.main(1)"
         } ]
      }
   }
}
>>>REQUEST: /testdb/TestCase
[WARN] [10/01/2015 20:28:19.191] [default-akka.actor.default-dispatcher-144] [ActorSystem(default)] Illegal response header: Illegal 'etag' header: Invalid input '5', expected 'W' or '"' (line 1, column 1): 560dcfa3fbeaf7a200c9c004
^
<<<RESPONSE (201 Created): /testdb/TestCase
running with given plugins: []
=== Starting should_have_trend_graph_with_relative_links(plugins.PmdPluginTest)
Starting Jenkins: JAVA_HOME=/Library/Java/JavaVirtualMachines/jdk1.8.0_60.jdk/Contents/Home JENKINS_HOME=/Users/abduljewel/Documents/c/spiderqa/sample-test-projects/acceptance-test-harness/target/jenkins2095120104469900592home /Library/Java/JavaVirtualMachines/jdk1.8.0_60.jdk/Contents/Home/bin/java -Duser.language=en -jar ./jenkins.war --ajp13Port=-1 --httpPort=62599
master62599|Running from: /Users/abduljewel/Documents/c/spiderqa/sample-test-projects/acceptance-test-harness/jenkins.war
master62599|webroot: EnvVars.masterEnvVars.get("JENKINS_HOME")
master62599|Oct 01, 2015 8:28:19 PM winstone.Logger logInternal
master62599|INFO: Beginning extraction from war file
master62599|Oct 01, 2015 8:28:22 PM org.eclipse.jetty.util.log.JavaUtilLog info
master62599|INFO: jetty-winstone-2.8
master62599|Oct 01, 2015 8:28:25 PM org.eclipse.jetty.util.log.JavaUtilLog info
master62599|INFO: NO JSP Support for , did not find org.apache.jasper.servlet.JspServlet
master62599|Jenkins home directory: /Users/abduljewel/Documents/c/spiderqa/sample-test-projects/acceptance-test-harness/target/jenkins2095120104469900592home found at: EnvVars.masterEnvVars.get("JENKINS_HOME")
master62599|Oct 01, 2015 8:28:28 PM org.eclipse.jetty.util.log.JavaUtilLog info
master62599|INFO: Started SelectChannelConnector@0.0.0.0:62599
master62599|Oct 01, 2015 8:28:28 PM winstone.Logger logInternal
master62599|INFO: Winstone Servlet Engine v2.0 running: controlPort=disabled
master62599|Oct 01, 2015 8:28:28 PM jenkins.InitReactorRunner$1 onAttained
master62599|INFO: Started initialization
master62599|Oct 01, 2015 8:28:52 PM jenkins.InitReactorRunner$1 onAttained
master62599|INFO: Listed all plugins
master62599|Oct 01, 2015 8:28:52 PM jenkins.InitReactorRunner$1 onAttained
master62599|INFO: Prepared all plugins
master62599|Oct 01, 2015 8:28:52 PM jenkins.InitReactorRunner$1 onAttained
master62599|INFO: Started all plugins
master62599|Oct 01, 2015 8:28:52 PM jenkins.InitReactorRunner$1 onAttained
master62599|INFO: Augmented all extensions
master62599|Oct 01, 2015 8:28:56 PM jenkins.InitReactorRunner$1 onAttained
master62599|INFO: Loaded all jobs
master62599|Oct 01, 2015 8:29:00 PM hudson.model.AsyncPeriodicWork$1 run
master62599|INFO: Started Download metadata
master62599|Oct 01, 2015 8:29:00 PM org.jenkinsci.main.modules.sshd.SSHD start
master62599|INFO: Started SSHD at port 51880
master62599|Oct 01, 2015 8:29:00 PM jenkins.InitReactorRunner$1 onAttained
master62599|INFO: Completed initialization
master62599|Oct 01, 2015 8:29:00 PM hudson.UDPBroadcastThread run
master62599|WARNING: UDP handling problem
master62599|java.net.SocketException: Can't assign requested address
master62599|	at java.net.PlainDatagramSocketImpl.join(Native Method)
master62599|	at java.net.AbstractPlainDatagramSocketImpl.join(AbstractPlainDatagramSocketImpl.java:179)
master62599|	at java.net.MulticastSocket.joinGroup(MulticastSocket.java:323)
master62599|	at hudson.UDPBroadcastThread.run(UDPBroadcastThread.java:77)
master62599|
master62599|Oct 01, 2015 8:29:00 PM hudson.WebAppMain$3 run
master62599|INFO: Jenkins is fully up and running
master62599|Oct 01, 2015 8:29:03 PM hudson.model.UpdateSite updateData
master62599|INFO: Obtained the latest update center data file for UpdateSource default
master62599|Oct 01, 2015 8:29:03 PM hudson.model.DownloadService$Downloadable load
master62599|INFO: Obtained the updated data file for hudson.tasks.Maven.MavenInstaller
master62599|Oct 01, 2015 8:29:04 PM hudson.model.DownloadService$Downloadable load
master62599|INFO: Obtained the updated data file for hudson.tasks.Ant.AntInstaller
master62599|Oct 01, 2015 8:29:04 PM hudson.model.DownloadService$Downloadable load
master62599|INFO: Obtained the updated data file for hudson.tools.JDKInstaller
master62599|Oct 01, 2015 8:29:05 PM hudson.model.AsyncPeriodicWork$1 run
master62599|INFO: Finished Download metadata. 4,552 ms
Jenkins is stopped
]]></system-out>
    <system-err><![CDATA[Oct 01, 2015 8:28:19 PM org.jenkinsci.test.acceptance.controller.LocalController startNow
INFO: Waiting for Jenkins to become running in http://127.0.0.1:62599/
Oct 01, 2015 8:29:00 PM org.jenkinsci.test.acceptance.controller.LocalController startNow
INFO: Jenkins is running in http://127.0.0.1:62599/
Oct 01, 2015 8:29:06 PM org.jenkinsci.test.acceptance.po.PluginManager installationStatus
INFO: pmd is not installed
Oct 01, 2015 8:29:06 PM org.jenkinsci.test.acceptance.po.PluginManager installationStatus
INFO: pmd is not installed
Oct 01, 2015 8:29:07 PM org.jenkinsci.test.acceptance.po.PluginManager installationStatus
INFO: script-security has version 1.13 but 1.15 was requested
]]></system-err>
  </testcase>
  <testcase name="should_navigate_to_result_action_from_job" classname="plugins.PmdPluginTest" time="41.735">
    <error message="org.apache.http.entity.ContentType.create(Ljava/lang/String;[Lorg/apache/http/NameValuePair;)Lorg/apache/http/entity/ContentType;" type="java.lang.NoSuchMethodError">java.lang.NoSuchMethodError: org.apache.http.entity.ContentType.create(Ljava/lang/String;[Lorg/apache/http/NameValuePair;)Lorg/apache/http/entity/ContentType;
	at org.apache.http.entity.mime.MultipartEntityBuilder.buildEntity(MultipartEntityBuilder.java:209)
	at org.apache.http.entity.mime.MultipartEntityBuilder.build(MultipartEntityBuilder.java:230)
	at org.jenkinsci.test.acceptance.update_center.PluginMetadata.uploadTo(PluginMetadata.java:65)
	at org.jenkinsci.test.acceptance.po.PluginManager.installPlugins(PluginManager.java:173)
	at org.jenkinsci.test.acceptance.junit.WithPlugins$RuleImpl$1.doInstall(WithPlugins.java:139)
	at org.jenkinsci.test.acceptance.junit.WithPlugins$RuleImpl$1.installPlugins(WithPlugins.java:119)
	at org.jenkinsci.test.acceptance.junit.WithPlugins$RuleImpl$1.evaluate(WithPlugins.java:92)
	at org.jenkinsci.test.acceptance.junit.JenkinsAcceptanceTestRule$1$2$1.evaluate(JenkinsAcceptanceTestRule.java:129)
	at org.jenkinsci.test.acceptance.junit.FilterRule$1.evaluate(FilterRule.java:62)
	at org.jenkinsci.test.acceptance.junit.JenkinsAcceptanceTestRule$1.evaluate(JenkinsAcceptanceTestRule.java:55)
	at org.junit.runners.ParentRunner.runLeaf(ParentRunner.java:271)
	at org.junit.runners.BlockJUnit4ClassRunner.runChild(BlockJUnit4ClassRunner.java:70)
	at org.junit.runners.BlockJUnit4ClassRunner.runChild(BlockJUnit4ClassRunner.java:50)
	at org.junit.runners.ParentRunner$3.run(ParentRunner.java:238)
	at org.junit.runners.ParentRunner$1.schedule(ParentRunner.java:63)
	at org.junit.runners.ParentRunner.runChildren(ParentRunner.java:236)
	at org.junit.runners.ParentRunner.access$000(ParentRunner.java:53)
	at org.junit.runners.ParentRunner$2.evaluate(ParentRunner.java:229)
	at org.junit.runners.ParentRunner.run(ParentRunner.java:309)
	at org.apache.maven.surefire.junit4.JUnit4Provider.execute(JUnit4Provider.java:264)
	at org.apache.maven.surefire.junit4.JUnit4Provider.executeTestSet(JUnit4Provider.java:153)
	at org.apache.maven.surefire.junit4.JUnit4Provider.invoke(JUnit4Provider.java:124)
	at org.apache.maven.surefire.booter.ForkedBooter.invokeProviderInSameClassLoader(ForkedBooter.java:200)
	at org.apache.maven.surefire.booter.ForkedBooter.runSuitesInProcess(ForkedBooter.java:153)
	at org.apache.maven.surefire.booter.ForkedBooter.main(ForkedBooter.java:103)
</error>
    <system-out><![CDATA[testCaseResult=ru.yandex.qatools.allure.model.TestCaseResult@5c5f0edc[
  name=should_have_trend_graph_with_relative_links
  title=<null>
  description=<null>
  failure=ru.yandex.qatools.allure.model.Failure@153cfd86
  start=1443745699185
  stop=1443745748144
  status=BROKEN
  severity=<null>
  steps=[]
  attachments=[]
  labels=[ru.yandex.qatools.allure.model.Label@7e31062c, ru.yandex.qatools.allure.model.Label@595fed99]
  parameters=<null>
]
testCaseResult={
   "start" : 1443745699185,
   "stop" : 1443745748144,
   "status" : "broken",
   "name" : "should_have_trend_graph_with_relative_links",
   "failure" : {
      "message" : "NoSuchMethodError: org.apache.http.entity.ContentType.create(Ljava/lang/String;[Lorg/apache/http/NameValuePair;)Lorg/apache/http/entity/ContentType;",
      "stack-trace" : "java.lang.NoSuchMethodError: org.apache.http.entity.ContentType.create(Ljava/lang/String;[Lorg/apache/http/NameValuePair;)Lorg/apache/http/entity/ContentType;\n\tat org.apache.http.entity.mime.MultipartEntityBuilder.buildEntity(MultipartEntityBuilder.java:209)\n\tat org.apache.http.entity.mime.MultipartEntityBuilder.build(MultipartEntityBuilder.java:230)\n\tat org.jenkinsci.test.acceptance.update_center.PluginMetadata.uploadTo(PluginMetadata.java:65)\n\tat org.jenkinsci.test.acceptance.po.PluginManager.installPlugins(PluginManager.java:173)\n\tat org.jenkinsci.test.acceptance.junit.WithPlugins$RuleImpl$1.doInstall(WithPlugins.java:139)\n\tat org.jenkinsci.test.acceptance.junit.WithPlugins$RuleImpl$1.installPlugins(WithPlugins.java:119)\n\tat org.jenkinsci.test.acceptance.junit.WithPlugins$RuleImpl$1.evaluate(WithPlugins.java:92)\n\tat org.jenkinsci.test.acceptance.junit.JenkinsAcceptanceTestRule$1$2$1.evaluate(JenkinsAcceptanceTestRule.java:129)\n\tat org.jenkinsci.test.acceptance.junit.FilterRule$1.evaluate(FilterRule.java:62)\n\tat org.jenkinsci.test.acceptance.junit.JenkinsAcceptanceTestRule$1.evaluate(JenkinsAcceptanceTestRule.java:55)\n\tat org.junit.runners.ParentRunner.runLeaf(ParentRunner.java:271)\n\tat org.junit.runners.BlockJUnit4ClassRunner.runChild(BlockJUnit4ClassRunner.java:70)\n\tat org.junit.runners.BlockJUnit4ClassRunner.runChild(BlockJUnit4ClassRunner.java:50)\n\tat org.junit.runners.ParentRunner$3.run(ParentRunner.java:238)\n\tat org.junit.runners.ParentRunner$1.schedule(ParentRunner.java:63)\n\tat org.junit.runners.ParentRunner.runChildren(ParentRunner.java:236)\n\tat org.junit.runners.ParentRunner.access$000(ParentRunner.java:53)\n\tat org.junit.runners.ParentRunner$2.evaluate(ParentRunner.java:229)\n\tat org.junit.runners.ParentRunner.run(ParentRunner.java:309)\n\tat org.apache.maven.surefire.junit4.JUnit4Provider.execute(JUnit4Provider.java:264)\n\tat org.apache.maven.surefire.junit4.JUnit4Provider.executeTestSet(JUnit4Provider.java:153)\n\tat org.apache.maven.surefire.junit4.JUnit4Provider.invoke(JUnit4Provider.java:124)\n\tat org.apache.maven.surefire.booter.ForkedBooter.invokeProviderInSameClassLoader(ForkedBooter.java:200)\n\tat org.apache.maven.surefire.booter.ForkedBooter.runSuitesInProcess(ForkedBooter.java:153)\n\tat org.apache.maven.surefire.booter.ForkedBooter.main(ForkedBooter.java:103)\n"
   },
   "steps" : {
      "step" : [ ]
   },
   "attachments" : {
      "attachment" : [ ]
   },
   "labels" : {
      "label" : [ {
         "name" : "host",
         "value" : "Abduls-MBP.home"
      }, {
         "name" : "thread",
         "value" : "35250@Abduls-MBP.home.main(1)"
      } ]
   }
}
testCase=ru.yandex.qatools.allure.model.TestCase@7d522180[
  _id=da78aa9d-cbe9-4439-8f3b-bc416862c7c1
  executionId=27f47f39-aa42-4a27-8553-fee0eadcf4f3
  result=ru.yandex.qatools.allure.model.TestCaseResult@5c5f0edc
]
testCase={
   "_id" : "da78aa9d-cbe9-4439-8f3b-bc416862c7c1",
   "executionId" : "27f47f39-aa42-4a27-8553-fee0eadcf4f3",
   "result" : {
      "start" : 1443745699185,
      "stop" : 1443745748144,
      "status" : "broken",
      "name" : "should_have_trend_graph_with_relative_links",
      "failure" : {
         "message" : "NoSuchMethodError: org.apache.http.entity.ContentType.create(Ljava/lang/String;[Lorg/apache/http/NameValuePair;)Lorg/apache/http/entity/ContentType;",
         "stack-trace" : "java.lang.NoSuchMethodError: org.apache.http.entity.ContentType.create(Ljava/lang/String;[Lorg/apache/http/NameValuePair;)Lorg/apache/http/entity/ContentType;\n\tat org.apache.http.entity.mime.MultipartEntityBuilder.buildEntity(MultipartEntityBuilder.java:209)\n\tat org.apache.http.entity.mime.MultipartEntityBuilder.build(MultipartEntityBuilder.java:230)\n\tat org.jenkinsci.test.acceptance.update_center.PluginMetadata.uploadTo(PluginMetadata.java:65)\n\tat org.jenkinsci.test.acceptance.po.PluginManager.installPlugins(PluginManager.java:173)\n\tat org.jenkinsci.test.acceptance.junit.WithPlugins$RuleImpl$1.doInstall(WithPlugins.java:139)\n\tat org.jenkinsci.test.acceptance.junit.WithPlugins$RuleImpl$1.installPlugins(WithPlugins.java:119)\n\tat org.jenkinsci.test.acceptance.junit.WithPlugins$RuleImpl$1.evaluate(WithPlugins.java:92)\n\tat org.jenkinsci.test.acceptance.junit.JenkinsAcceptanceTestRule$1$2$1.evaluate(JenkinsAcceptanceTestRule.java:129)\n\tat org.jenkinsci.test.acceptance.junit.FilterRule$1.evaluate(FilterRule.java:62)\n\tat org.jenkinsci.test.acceptance.junit.JenkinsAcceptanceTestRule$1.evaluate(JenkinsAcceptanceTestRule.java:55)\n\tat org.junit.runners.ParentRunner.runLeaf(ParentRunner.java:271)\n\tat org.junit.runners.BlockJUnit4ClassRunner.runChild(BlockJUnit4ClassRunner.java:70)\n\tat org.junit.runners.BlockJUnit4ClassRunner.runChild(BlockJUnit4ClassRunner.java:50)\n\tat org.junit.runners.ParentRunner$3.run(ParentRunner.java:238)\n\tat org.junit.runners.ParentRunner$1.schedule(ParentRunner.java:63)\n\tat org.junit.runners.ParentRunner.runChildren(ParentRunner.java:236)\n\tat org.junit.runners.ParentRunner.access$000(ParentRunner.java:53)\n\tat org.junit.runners.ParentRunner$2.evaluate(ParentRunner.java:229)\n\tat org.junit.runners.ParentRunner.run(ParentRunner.java:309)\n\tat org.apache.maven.surefire.junit4.JUnit4Provider.execute(JUnit4Provider.java:264)\n\tat org.apache.maven.surefire.junit4.JUnit4Provider.executeTestSet(JUnit4Provider.java:153)\n\tat org.apache.maven.surefire.junit4.JUnit4Provider.invoke(JUnit4Provider.java:124)\n\tat org.apache.maven.surefire.booter.ForkedBooter.invokeProviderInSameClassLoader(ForkedBooter.java:200)\n\tat org.apache.maven.surefire.booter.ForkedBooter.runSuitesInProcess(ForkedBooter.java:153)\n\tat org.apache.maven.surefire.booter.ForkedBooter.main(ForkedBooter.java:103)\n"
      },
      "steps" : {
         "step" : [ ]
      },
      "attachments" : {
         "attachment" : [ ]
      },
      "labels" : {
         "label" : [ {
            "name" : "host",
            "value" : "Abduls-MBP.home"
         }, {
            "name" : "thread",
            "value" : "35250@Abduls-MBP.home.main(1)"
         } ]
      }
   }
}
>>>REQUEST: /testdb/TestCase
[WARN] [10/01/2015 20:29:08.155] [default-akka.actor.default-dispatcher-150] [ActorSystem(default)] Illegal response header: Illegal 'etag' header: Invalid input '5', expected 'W' or '"' (line 1, column 1): 560dcfd4fbeaf7a200c9c008
^
<<<RESPONSE (201 Created): /testdb/TestCase
running with given plugins: []
=== Starting should_navigate_to_result_action_from_job(plugins.PmdPluginTest)
Starting Jenkins: JAVA_HOME=/Library/Java/JavaVirtualMachines/jdk1.8.0_60.jdk/Contents/Home JENKINS_HOME=/Users/abduljewel/Documents/c/spiderqa/sample-test-projects/acceptance-test-harness/target/jenkins6184453728740132497home /Library/Java/JavaVirtualMachines/jdk1.8.0_60.jdk/Contents/Home/bin/java -Duser.language=en -jar ./jenkins.war --ajp13Port=-1 --httpPort=55376
master55376|Running from: /Users/abduljewel/Documents/c/spiderqa/sample-test-projects/acceptance-test-harness/jenkins.war
master55376|webroot: EnvVars.masterEnvVars.get("JENKINS_HOME")
master55376|Oct 01, 2015 8:29:08 PM winstone.Logger logInternal
master55376|INFO: Beginning extraction from war file
master55376|Oct 01, 2015 8:29:11 PM org.eclipse.jetty.util.log.JavaUtilLog info
master55376|INFO: jetty-winstone-2.8
master55376|Oct 01, 2015 8:29:14 PM org.eclipse.jetty.util.log.JavaUtilLog info
master55376|INFO: NO JSP Support for , did not find org.apache.jasper.servlet.JspServlet
master55376|Jenkins home directory: /Users/abduljewel/Documents/c/spiderqa/sample-test-projects/acceptance-test-harness/target/jenkins6184453728740132497home found at: EnvVars.masterEnvVars.get("JENKINS_HOME")
master55376|Oct 01, 2015 8:29:16 PM org.eclipse.jetty.util.log.JavaUtilLog info
master55376|INFO: Started SelectChannelConnector@0.0.0.0:55376
master55376|Oct 01, 2015 8:29:16 PM winstone.Logger logInternal
master55376|INFO: Winstone Servlet Engine v2.0 running: controlPort=disabled
master55376|Oct 01, 2015 8:29:16 PM jenkins.InitReactorRunner$1 onAttained
master55376|INFO: Started initialization
master55376|Oct 01, 2015 8:29:36 PM jenkins.InitReactorRunner$1 onAttained
master55376|INFO: Listed all plugins
master55376|Oct 01, 2015 8:29:36 PM jenkins.InitReactorRunner$1 onAttained
master55376|INFO: Prepared all plugins
master55376|Oct 01, 2015 8:29:36 PM jenkins.InitReactorRunner$1 onAttained
master55376|INFO: Started all plugins
master55376|Oct 01, 2015 8:29:36 PM jenkins.InitReactorRunner$1 onAttained
master55376|INFO: Augmented all extensions
master55376|Oct 01, 2015 8:29:40 PM jenkins.InitReactorRunner$1 onAttained
master55376|INFO: Loaded all jobs
master55376|Oct 01, 2015 8:29:42 PM hudson.model.AsyncPeriodicWork$1 run
master55376|INFO: Started Download metadata
master55376|Oct 01, 2015 8:29:43 PM org.jenkinsci.main.modules.sshd.SSHD start
master55376|INFO: Started SSHD at port 52047
master55376|Oct 01, 2015 8:29:43 PM jenkins.InitReactorRunner$1 onAttained
master55376|INFO: Completed initialization
master55376|Oct 01, 2015 8:29:43 PM hudson.UDPBroadcastThread run
master55376|WARNING: UDP handling problem
master55376|java.net.SocketException: Can't assign requested address
master55376|	at java.net.PlainDatagramSocketImpl.join(Native Method)
master55376|	at java.net.AbstractPlainDatagramSocketImpl.join(AbstractPlainDatagramSocketImpl.java:179)
master55376|	at java.net.MulticastSocket.joinGroup(MulticastSocket.java:323)
master55376|	at hudson.UDPBroadcastThread.run(UDPBroadcastThread.java:77)
master55376|
master55376|Oct 01, 2015 8:29:43 PM hudson.WebAppMain$3 run
master55376|INFO: Jenkins is fully up and running
master55376|Oct 01, 2015 8:29:45 PM hudson.model.UpdateSite updateData
master55376|INFO: Obtained the latest update center data file for UpdateSource default
master55376|Oct 01, 2015 8:29:45 PM hudson.model.DownloadService$Downloadable load
master55376|INFO: Obtained the updated data file for hudson.tasks.Maven.MavenInstaller
master55376|Oct 01, 2015 8:29:46 PM hudson.model.DownloadService$Downloadable load
master55376|INFO: Obtained the updated data file for hudson.tasks.Ant.AntInstaller
master55376|Oct 01, 2015 8:29:47 PM hudson.model.DownloadService$Downloadable load
master55376|INFO: Obtained the updated data file for hudson.tools.JDKInstaller
master55376|Oct 01, 2015 8:29:47 PM hudson.model.AsyncPeriodicWork$1 run
master55376|INFO: Finished Download metadata. 4,344 ms
Jenkins is stopped
]]></system-out>
    <system-err><![CDATA[Oct 01, 2015 8:29:08 PM org.jenkinsci.test.acceptance.controller.LocalController startNow
INFO: Waiting for Jenkins to become running in http://127.0.0.1:55376/
Oct 01, 2015 8:29:43 PM org.jenkinsci.test.acceptance.controller.LocalController startNow
INFO: Jenkins is running in http://127.0.0.1:55376/
Oct 01, 2015 8:29:48 PM org.jenkinsci.test.acceptance.po.PluginManager installationStatus
INFO: pmd is not installed
Oct 01, 2015 8:29:48 PM org.jenkinsci.test.acceptance.po.PluginManager installationStatus
INFO: pmd is not installed
Oct 01, 2015 8:29:49 PM org.jenkinsci.test.acceptance.po.PluginManager installationStatus
INFO: script-security has version 1.13 but 1.15 was requested
]]></system-err>
  </testcase>
  <testcase name="should_show_build_health" classname="plugins.PmdPluginTest" time="39.498">
    <error message="org.apache.http.entity.ContentType.create(Ljava/lang/String;[Lorg/apache/http/NameValuePair;)Lorg/apache/http/entity/ContentType;" type="java.lang.NoSuchMethodError">java.lang.NoSuchMethodError: org.apache.http.entity.ContentType.create(Ljava/lang/String;[Lorg/apache/http/NameValuePair;)Lorg/apache/http/entity/ContentType;
	at org.apache.http.entity.mime.MultipartEntityBuilder.buildEntity(MultipartEntityBuilder.java:209)
	at org.apache.http.entity.mime.MultipartEntityBuilder.build(MultipartEntityBuilder.java:230)
	at org.jenkinsci.test.acceptance.update_center.PluginMetadata.uploadTo(PluginMetadata.java:65)
	at org.jenkinsci.test.acceptance.po.PluginManager.installPlugins(PluginManager.java:173)
	at org.jenkinsci.test.acceptance.junit.WithPlugins$RuleImpl$1.doInstall(WithPlugins.java:139)
	at org.jenkinsci.test.acceptance.junit.WithPlugins$RuleImpl$1.installPlugins(WithPlugins.java:119)
	at org.jenkinsci.test.acceptance.junit.WithPlugins$RuleImpl$1.evaluate(WithPlugins.java:92)
	at org.jenkinsci.test.acceptance.junit.JenkinsAcceptanceTestRule$1$2$1.evaluate(JenkinsAcceptanceTestRule.java:129)
	at org.jenkinsci.test.acceptance.junit.FilterRule$1.evaluate(FilterRule.java:62)
	at org.jenkinsci.test.acceptance.junit.JenkinsAcceptanceTestRule$1.evaluate(JenkinsAcceptanceTestRule.java:55)
	at org.junit.runners.ParentRunner.runLeaf(ParentRunner.java:271)
	at org.junit.runners.BlockJUnit4ClassRunner.runChild(BlockJUnit4ClassRunner.java:70)
	at org.junit.runners.BlockJUnit4ClassRunner.runChild(BlockJUnit4ClassRunner.java:50)
	at org.junit.runners.ParentRunner$3.run(ParentRunner.java:238)
	at org.junit.runners.ParentRunner$1.schedule(ParentRunner.java:63)
	at org.junit.runners.ParentRunner.runChildren(ParentRunner.java:236)
	at org.junit.runners.ParentRunner.access$000(ParentRunner.java:53)
	at org.junit.runners.ParentRunner$2.evaluate(ParentRunner.java:229)
	at org.junit.runners.ParentRunner.run(ParentRunner.java:309)
	at org.apache.maven.surefire.junit4.JUnit4Provider.execute(JUnit4Provider.java:264)
	at org.apache.maven.surefire.junit4.JUnit4Provider.executeTestSet(JUnit4Provider.java:153)
	at org.apache.maven.surefire.junit4.JUnit4Provider.invoke(JUnit4Provider.java:124)
	at org.apache.maven.surefire.booter.ForkedBooter.invokeProviderInSameClassLoader(ForkedBooter.java:200)
	at org.apache.maven.surefire.booter.ForkedBooter.runSuitesInProcess(ForkedBooter.java:153)
	at org.apache.maven.surefire.booter.ForkedBooter.main(ForkedBooter.java:103)
</error>
    <system-out><![CDATA[testCaseResult=ru.yandex.qatools.allure.model.TestCaseResult@3cd46491[
  name=should_navigate_to_result_action_from_job
  title=<null>
  description=<null>
  failure=ru.yandex.qatools.allure.model.Failure@27d98bef
  start=1443745748150
  stop=1443745789883
  status=BROKEN
  severity=<null>
  steps=[]
  attachments=[]
  labels=[ru.yandex.qatools.allure.model.Label@349312d5, ru.yandex.qatools.allure.model.Label@5885e231]
  parameters=<null>
]
testCaseResult={
   "start" : 1443745748150,
   "stop" : 1443745789883,
   "status" : "broken",
   "name" : "should_navigate_to_result_action_from_job",
   "failure" : {
      "message" : "NoSuchMethodError: org.apache.http.entity.ContentType.create(Ljava/lang/String;[Lorg/apache/http/NameValuePair;)Lorg/apache/http/entity/ContentType;",
      "stack-trace" : "java.lang.NoSuchMethodError: org.apache.http.entity.ContentType.create(Ljava/lang/String;[Lorg/apache/http/NameValuePair;)Lorg/apache/http/entity/ContentType;\n\tat org.apache.http.entity.mime.MultipartEntityBuilder.buildEntity(MultipartEntityBuilder.java:209)\n\tat org.apache.http.entity.mime.MultipartEntityBuilder.build(MultipartEntityBuilder.java:230)\n\tat org.jenkinsci.test.acceptance.update_center.PluginMetadata.uploadTo(PluginMetadata.java:65)\n\tat org.jenkinsci.test.acceptance.po.PluginManager.installPlugins(PluginManager.java:173)\n\tat org.jenkinsci.test.acceptance.junit.WithPlugins$RuleImpl$1.doInstall(WithPlugins.java:139)\n\tat org.jenkinsci.test.acceptance.junit.WithPlugins$RuleImpl$1.installPlugins(WithPlugins.java:119)\n\tat org.jenkinsci.test.acceptance.junit.WithPlugins$RuleImpl$1.evaluate(WithPlugins.java:92)\n\tat org.jenkinsci.test.acceptance.junit.JenkinsAcceptanceTestRule$1$2$1.evaluate(JenkinsAcceptanceTestRule.java:129)\n\tat org.jenkinsci.test.acceptance.junit.FilterRule$1.evaluate(FilterRule.java:62)\n\tat org.jenkinsci.test.acceptance.junit.JenkinsAcceptanceTestRule$1.evaluate(JenkinsAcceptanceTestRule.java:55)\n\tat org.junit.runners.ParentRunner.runLeaf(ParentRunner.java:271)\n\tat org.junit.runners.BlockJUnit4ClassRunner.runChild(BlockJUnit4ClassRunner.java:70)\n\tat org.junit.runners.BlockJUnit4ClassRunner.runChild(BlockJUnit4ClassRunner.java:50)\n\tat org.junit.runners.ParentRunner$3.run(ParentRunner.java:238)\n\tat org.junit.runners.ParentRunner$1.schedule(ParentRunner.java:63)\n\tat org.junit.runners.ParentRunner.runChildren(ParentRunner.java:236)\n\tat org.junit.runners.ParentRunner.access$000(ParentRunner.java:53)\n\tat org.junit.runners.ParentRunner$2.evaluate(ParentRunner.java:229)\n\tat org.junit.runners.ParentRunner.run(ParentRunner.java:309)\n\tat org.apache.maven.surefire.junit4.JUnit4Provider.execute(JUnit4Provider.java:264)\n\tat org.apache.maven.surefire.junit4.JUnit4Provider.executeTestSet(JUnit4Provider.java:153)\n\tat org.apache.maven.surefire.junit4.JUnit4Provider.invoke(JUnit4Provider.java:124)\n\tat org.apache.maven.surefire.booter.ForkedBooter.invokeProviderInSameClassLoader(ForkedBooter.java:200)\n\tat org.apache.maven.surefire.booter.ForkedBooter.runSuitesInProcess(ForkedBooter.java:153)\n\tat org.apache.maven.surefire.booter.ForkedBooter.main(ForkedBooter.java:103)\n"
   },
   "steps" : {
      "step" : [ ]
   },
   "attachments" : {
      "attachment" : [ ]
   },
   "labels" : {
      "label" : [ {
         "name" : "host",
         "value" : "Abduls-MBP.home"
      }, {
         "name" : "thread",
         "value" : "35250@Abduls-MBP.home.main(1)"
      } ]
   }
}
testCase=ru.yandex.qatools.allure.model.TestCase@47eaf55c[
  _id=e24943f9-6f1e-464a-9492-1b708c5d9017
  executionId=27f47f39-aa42-4a27-8553-fee0eadcf4f3
  result=ru.yandex.qatools.allure.model.TestCaseResult@3cd46491
]
testCase={
   "_id" : "e24943f9-6f1e-464a-9492-1b708c5d9017",
   "executionId" : "27f47f39-aa42-4a27-8553-fee0eadcf4f3",
   "result" : {
      "start" : 1443745748150,
      "stop" : 1443745789883,
      "status" : "broken",
      "name" : "should_navigate_to_result_action_from_job",
      "failure" : {
         "message" : "NoSuchMethodError: org.apache.http.entity.ContentType.create(Ljava/lang/String;[Lorg/apache/http/NameValuePair;)Lorg/apache/http/entity/ContentType;",
         "stack-trace" : "java.lang.NoSuchMethodError: org.apache.http.entity.ContentType.create(Ljava/lang/String;[Lorg/apache/http/NameValuePair;)Lorg/apache/http/entity/ContentType;\n\tat org.apache.http.entity.mime.MultipartEntityBuilder.buildEntity(MultipartEntityBuilder.java:209)\n\tat org.apache.http.entity.mime.MultipartEntityBuilder.build(MultipartEntityBuilder.java:230)\n\tat org.jenkinsci.test.acceptance.update_center.PluginMetadata.uploadTo(PluginMetadata.java:65)\n\tat org.jenkinsci.test.acceptance.po.PluginManager.installPlugins(PluginManager.java:173)\n\tat org.jenkinsci.test.acceptance.junit.WithPlugins$RuleImpl$1.doInstall(WithPlugins.java:139)\n\tat org.jenkinsci.test.acceptance.junit.WithPlugins$RuleImpl$1.installPlugins(WithPlugins.java:119)\n\tat org.jenkinsci.test.acceptance.junit.WithPlugins$RuleImpl$1.evaluate(WithPlugins.java:92)\n\tat org.jenkinsci.test.acceptance.junit.JenkinsAcceptanceTestRule$1$2$1.evaluate(JenkinsAcceptanceTestRule.java:129)\n\tat org.jenkinsci.test.acceptance.junit.FilterRule$1.evaluate(FilterRule.java:62)\n\tat org.jenkinsci.test.acceptance.junit.JenkinsAcceptanceTestRule$1.evaluate(JenkinsAcceptanceTestRule.java:55)\n\tat org.junit.runners.ParentRunner.runLeaf(ParentRunner.java:271)\n\tat org.junit.runners.BlockJUnit4ClassRunner.runChild(BlockJUnit4ClassRunner.java:70)\n\tat org.junit.runners.BlockJUnit4ClassRunner.runChild(BlockJUnit4ClassRunner.java:50)\n\tat org.junit.runners.ParentRunner$3.run(ParentRunner.java:238)\n\tat org.junit.runners.ParentRunner$1.schedule(ParentRunner.java:63)\n\tat org.junit.runners.ParentRunner.runChildren(ParentRunner.java:236)\n\tat org.junit.runners.ParentRunner.access$000(ParentRunner.java:53)\n\tat org.junit.runners.ParentRunner$2.evaluate(ParentRunner.java:229)\n\tat org.junit.runners.ParentRunner.run(ParentRunner.java:309)\n\tat org.apache.maven.surefire.junit4.JUnit4Provider.execute(JUnit4Provider.java:264)\n\tat org.apache.maven.surefire.junit4.JUnit4Provider.executeTestSet(JUnit4Provider.java:153)\n\tat org.apache.maven.surefire.junit4.JUnit4Provider.invoke(JUnit4Provider.java:124)\n\tat org.apache.maven.surefire.booter.ForkedBooter.invokeProviderInSameClassLoader(ForkedBooter.java:200)\n\tat org.apache.maven.surefire.booter.ForkedBooter.runSuitesInProcess(ForkedBooter.java:153)\n\tat org.apache.maven.surefire.booter.ForkedBooter.main(ForkedBooter.java:103)\n"
      },
      "steps" : {
         "step" : [ ]
      },
      "attachments" : {
         "attachment" : [ ]
      },
      "labels" : {
         "label" : [ {
            "name" : "host",
            "value" : "Abduls-MBP.home"
         }, {
            "name" : "thread",
            "value" : "35250@Abduls-MBP.home.main(1)"
         } ]
      }
   }
}
>>>REQUEST: /testdb/TestCase
[WARN] [10/01/2015 20:29:49.895] [default-akka.actor.default-dispatcher-144] [ActorSystem(default)] Illegal response header: Illegal 'etag' header: Invalid input '5', expected 'W' or '"' (line 1, column 1): 560dcffdfbeaf7a200c9c00b
^
<<<RESPONSE (201 Created): /testdb/TestCase
running with given plugins: []
=== Starting should_show_build_health(plugins.PmdPluginTest)
Starting Jenkins: JAVA_HOME=/Library/Java/JavaVirtualMachines/jdk1.8.0_60.jdk/Contents/Home JENKINS_HOME=/Users/abduljewel/Documents/c/spiderqa/sample-test-projects/acceptance-test-harness/target/jenkins3562412700712648656home /Library/Java/JavaVirtualMachines/jdk1.8.0_60.jdk/Contents/Home/bin/java -Duser.language=en -jar ./jenkins.war --ajp13Port=-1 --httpPort=61150
master61150|Running from: /Users/abduljewel/Documents/c/spiderqa/sample-test-projects/acceptance-test-harness/jenkins.war
master61150|webroot: EnvVars.masterEnvVars.get("JENKINS_HOME")
master61150|Oct 01, 2015 8:29:50 PM winstone.Logger logInternal
master61150|INFO: Beginning extraction from war file
master61150|Oct 01, 2015 8:29:53 PM org.eclipse.jetty.util.log.JavaUtilLog info
master61150|INFO: jetty-winstone-2.8
master61150|Oct 01, 2015 8:29:55 PM org.eclipse.jetty.util.log.JavaUtilLog info
master61150|INFO: NO JSP Support for , did not find org.apache.jasper.servlet.JspServlet
master61150|Jenkins home directory: /Users/abduljewel/Documents/c/spiderqa/sample-test-projects/acceptance-test-harness/target/jenkins3562412700712648656home found at: EnvVars.masterEnvVars.get("JENKINS_HOME")
master61150|Oct 01, 2015 8:29:58 PM org.eclipse.jetty.util.log.JavaUtilLog info
master61150|INFO: Started SelectChannelConnector@0.0.0.0:61150
master61150|Oct 01, 2015 8:29:58 PM winstone.Logger logInternal
master61150|INFO: Winstone Servlet Engine v2.0 running: controlPort=disabled
master61150|Oct 01, 2015 8:29:58 PM jenkins.InitReactorRunner$1 onAttained
master61150|INFO: Started initialization
master61150|Oct 01, 2015 8:30:18 PM jenkins.InitReactorRunner$1 onAttained
master61150|INFO: Listed all plugins
master61150|Oct 01, 2015 8:30:18 PM jenkins.InitReactorRunner$1 onAttained
master61150|INFO: Prepared all plugins
master61150|Oct 01, 2015 8:30:18 PM jenkins.InitReactorRunner$1 onAttained
master61150|INFO: Started all plugins
master61150|Oct 01, 2015 8:30:18 PM jenkins.InitReactorRunner$1 onAttained
master61150|INFO: Augmented all extensions
master61150|Oct 01, 2015 8:30:21 PM jenkins.InitReactorRunner$1 onAttained
master61150|INFO: Loaded all jobs
master61150|Oct 01, 2015 8:30:23 PM hudson.model.AsyncPeriodicWork$1 run
master61150|INFO: Started Download metadata
master61150|Oct 01, 2015 8:30:23 PM org.jenkinsci.main.modules.sshd.SSHD start
master61150|INFO: Started SSHD at port 52214
master61150|Oct 01, 2015 8:30:23 PM jenkins.InitReactorRunner$1 onAttained
master61150|INFO: Completed initialization
master61150|Oct 01, 2015 8:30:23 PM hudson.UDPBroadcastThread run
master61150|WARNING: UDP handling problem
master61150|java.net.SocketException: Can't assign requested address
master61150|	at java.net.PlainDatagramSocketImpl.join(Native Method)
master61150|	at java.net.AbstractPlainDatagramSocketImpl.join(AbstractPlainDatagramSocketImpl.java:179)
master61150|	at java.net.MulticastSocket.joinGroup(MulticastSocket.java:323)
master61150|	at hudson.UDPBroadcastThread.run(UDPBroadcastThread.java:77)
master61150|
master61150|Oct 01, 2015 8:30:23 PM hudson.WebAppMain$3 run
master61150|INFO: Jenkins is fully up and running
master61150|Oct 01, 2015 8:30:25 PM hudson.model.UpdateSite updateData
master61150|INFO: Obtained the latest update center data file for UpdateSource default
master61150|Oct 01, 2015 8:30:25 PM hudson.model.DownloadService$Downloadable load
master61150|INFO: Obtained the updated data file for hudson.tasks.Maven.MavenInstaller
master61150|Oct 01, 2015 8:30:25 PM hudson.model.DownloadService$Downloadable load
master61150|INFO: Obtained the updated data file for hudson.tasks.Ant.AntInstaller
master61150|Oct 01, 2015 8:30:26 PM hudson.model.DownloadService$Downloadable load
master61150|INFO: Obtained the updated data file for hudson.tools.JDKInstaller
master61150|Oct 01, 2015 8:30:26 PM hudson.model.AsyncPeriodicWork$1 run
master61150|INFO: Finished Download metadata. 3,601 ms
Jenkins is stopped
]]></system-out>
    <system-err><![CDATA[Oct 01, 2015 8:29:49 PM org.jenkinsci.test.acceptance.controller.LocalController startNow
INFO: Waiting for Jenkins to become running in http://127.0.0.1:61150/
Oct 01, 2015 8:30:23 PM org.jenkinsci.test.acceptance.controller.LocalController startNow
INFO: Jenkins is running in http://127.0.0.1:61150/
Oct 01, 2015 8:30:28 PM org.jenkinsci.test.acceptance.po.PluginManager installationStatus
INFO: pmd is not installed
Oct 01, 2015 8:30:28 PM org.jenkinsci.test.acceptance.po.PluginManager installationStatus
INFO: pmd is not installed
Oct 01, 2015 8:30:29 PM org.jenkinsci.test.acceptance.po.PluginManager installationStatus
INFO: script-security has version 1.13 but 1.15 was requested
]]></system-err>
  </testcase>
</testsuite>