<?xml version="1.0" encoding="UTF-8"?>
<testsuite name="core.ArtifactsTest" time="44.075" tests="2" errors="2" skipped="0" failures="0">
  <properties>
    <property name="java.runtime.name" value="Java(TM) SE Runtime Environment"/>
    <property name="sun.boot.library.path" value="/Library/Java/JavaVirtualMachines/jdk1.8.0_60.jdk/Contents/Home/jre/lib"/>
    <property name="java.vm.version" value="25.60-b23"/>
    <property name="gopherProxySet" value="false"/>
    <property name="java.vm.vendor" value="Oracle Corporation"/>
    <property name="maven.multiModuleProjectDirectory" value="/Users/abduljewel/Documents/c/spiderqa/sample-test-projects/acceptance-test-harness"/>
    <property name="java.vendor.url" value="http://java.oracle.com/"/>
    <property name="path.separator" value=":"/>
    <property name="guice.disable.misplaced.annotation.check" value="true"/>
    <property name="java.vm.name" value="Java HotSpot(TM) 64-Bit Server VM"/>
    <property name="file.encoding.pkg" value="sun.io"/>
    <property name="user.country" value="US"/>
    <property name="sun.java.launcher" value="SUN_STANDARD"/>
    <property name="sun.os.patch.level" value="unknown"/>
    <property name="java.vm.specification.name" value="Java Virtual Machine Specification"/>
    <property name="user.dir" value="/Users/abduljewel/Documents/c/spiderqa/sample-test-projects/acceptance-test-harness"/>
    <property name="java.runtime.version" value="1.8.0_60-b27"/>
    <property name="java.awt.graphicsenv" value="sun.awt.CGraphicsEnvironment"/>
    <property name="java.endorsed.dirs" value="/Library/Java/JavaVirtualMachines/jdk1.8.0_60.jdk/Contents/Home/jre/lib/endorsed"/>
    <property name="os.arch" value="x86_64"/>
    <property name="java.io.tmpdir" value="/var/folders/lk/l859yg616c9cbtgfnt9szgjc0000gn/T/"/>
    <property name="line.separator" value="&#10;"/>
    <property name="java.vm.specification.vendor" value="Oracle Corporation"/>
    <property name="os.name" value="Mac OS X"/>
    <property name="classworlds.conf" value="/usr/local/Cellar/maven/3.3.3/libexec/bin/m2.conf"/>
    <property name="sun.jnu.encoding" value="UTF-8"/>
    <property name="java.library.path" value="/Users/abduljewel/Library/Java/Extensions:/Library/Java/Extensions:/Network/Library/Java/Extensions:/System/Library/Java/Extensions:/usr/lib/java:."/>
    <property name="java.specification.name" value="Java Platform API Specification"/>
    <property name="java.class.version" value="52.0"/>
    <property name="sun.management.compiler" value="HotSpot 64-Bit Tiered Compilers"/>
    <property name="os.version" value="10.10.5"/>
    <property name="http.nonProxyHosts" value="local|*.local|169.254/16|*.169.254/16"/>
    <property name="user.home" value="/Users/abduljewel"/>
    <property name="user.timezone" value="America/New_York"/>
    <property name="java.awt.printerjob" value="sun.lwawt.macosx.CPrinterJob"/>
    <property name="java.specification.version" value="1.8"/>
    <property name="file.encoding" value="UTF-8"/>
    <property name="user.name" value="abduljewel"/>
    <property name="java.class.path" value="/usr/local/Cellar/maven/3.3.3/libexec/boot/plexus-classworlds-2.5.2.jar"/>
    <property name="java.vm.specification.version" value="1.8"/>
    <property name="sun.arch.data.model" value="64"/>
    <property name="java.home" value="/Library/Java/JavaVirtualMachines/jdk1.8.0_60.jdk/Contents/Home/jre"/>
    <property name="sun.java.command" value="org.codehaus.plexus.classworlds.launcher.Launcher clean test"/>
    <property name="java.specification.vendor" value="Oracle Corporation"/>
    <property name="user.language" value="en"/>
    <property name="awt.toolkit" value="sun.lwawt.macosx.LWCToolkit"/>
    <property name="java.vm.info" value="mixed mode"/>
    <property name="java.version" value="1.8.0_60"/>
    <property name="java.ext.dirs" value="/Users/abduljewel/Library/Java/Extensions:/Library/Java/JavaVirtualMachines/jdk1.8.0_60.jdk/Contents/Home/jre/lib/ext:/Library/Java/Extensions:/Network/Library/Java/Extensions:/System/Library/Java/Extensions:/usr/lib/java"/>
    <property name="sun.boot.class.path" value="/Library/Java/JavaVirtualMachines/jdk1.8.0_60.jdk/Contents/Home/jre/lib/resources.jar:/Library/Java/JavaVirtualMachines/jdk1.8.0_60.jdk/Contents/Home/jre/lib/rt.jar:/Library/Java/JavaVirtualMachines/jdk1.8.0_60.jdk/Contents/Home/jre/lib/sunrsasign.jar:/Library/Java/JavaVirtualMachines/jdk1.8.0_60.jdk/Contents/Home/jre/lib/jsse.jar:/Library/Java/JavaVirtualMachines/jdk1.8.0_60.jdk/Contents/Home/jre/lib/jce.jar:/Library/Java/JavaVirtualMachines/jdk1.8.0_60.jdk/Contents/Home/jre/lib/charsets.jar:/Library/Java/JavaVirtualMachines/jdk1.8.0_60.jdk/Contents/Home/jre/lib/jfr.jar:/Library/Java/JavaVirtualMachines/jdk1.8.0_60.jdk/Contents/Home/jre/classes"/>
    <property name="java.vendor" value="Oracle Corporation"/>
    <property name="maven.home" value="/usr/local/Cellar/maven/3.3.3/libexec"/>
    <property name="file.separator" value="/"/>
    <property name="java.vendor.url.bug" value="http://bugreport.sun.com/bugreport/"/>
    <property name="sun.cpu.endian" value="little"/>
    <property name="sun.io.unicode.encoding" value="UnicodeBig"/>
    <property name="socksNonProxyHosts" value="local|*.local|169.254/16|*.169.254/16"/>
    <property name="ftp.nonProxyHosts" value="local|*.local|169.254/16|*.169.254/16"/>
    <property name="sun.cpu.isalist" value=""/>
  </properties>
  <testcase name="test_many_small_files" classname="core.ArtifactsTest" time="23.507">
    <error message="Unable to locate By.xpath: .//INPUT[@type=&apos;radio&apos;][@value=&apos;hudson.slaves.DumbSlave&apos;] in http://127.0.0.1:58552/job/molecular_voter/configure&#10;&#10;&lt;!DOCTYPE html&gt;&lt;html&gt;&lt;head resurl=&quot;/static/fd2e7eb0&quot;&gt;&#10;    &#10;&#10;    &lt;title&gt;molecular_voter Config [Jenkins]&lt;/title&gt;&lt;link rel=&quot;stylesheet&quot; href=&quot;/static/fd2e7eb0/css/style.css&quot; type=&quot;text/css&quot;&gt;&lt;link rel=&quot;stylesheet&quot; href=&quot;/static/fd2e7eb0/css/color.css&quot; type=&quot;text/css&quot;&gt;&lt;link rel=&quot;stylesheet&quot; href=&quot;/static/fd2e7eb0/css/responsive-grid.css&quot; type=&quot;text/css&quot;&gt;&lt;link rel=&quot;shortcut icon&quot; href=&quot;/static/fd2e7eb0/favicon.ico&quot; type=&quot;image/vnd.microsoft.icon&quot;&gt;&lt;script&gt;var isRunAsTest=false; var rootURL=&quot;&quot;; var resURL=&quot;/static/fd2e7eb0&quot;;&lt;/script&gt;&lt;script src=&quot;/static/fd2e7eb0/scripts/prototype.js&quot; type=&quot;text/javascript&quot;&gt;&lt;/script&gt;&lt;script src=&quot;/static/fd2e7eb0/scripts/behavior.js&quot; type=&quot;text/javascript&quot;&gt;&lt;/script&gt;&lt;script src=&quot;/adjuncts/fd2e7eb0/org/kohsuke/stapler/bind.js&quot; type=&quot;text/javascript&quot;&gt;&lt;/script&gt;&lt;script src=&quot;/static/fd2e7eb0/scripts/yui/yahoo/yahoo-min.js&quot;&gt;&lt;/script&gt;&lt;script src=&quot;/static/fd2e7eb0/scripts/yui/dom/dom-min.js&quot;&gt;&lt;/script&gt;&lt;script src=&quot;/static/fd2e7eb0/scripts/yui/event/event-min.js&quot;&gt;&lt;/script&gt;&lt;script src=&quot;/static/fd2e7eb0/scripts/yui/animation/animation-min.js&quot;&gt;&lt;/script&gt;&lt;script src=&quot;/static/fd2e7eb0/scripts/yui/dragdrop/dragdrop-min.js&quot;&gt;&lt;/script&gt;&lt;script src=&quot;/static/fd2e7eb0/scripts/yui/container/container-min.js&quot;&gt;&lt;/script&gt;&lt;script src=&quot;/static/fd2e7eb0/scripts/yui/connection/connection-min.js&quot;&gt;&lt;/script&gt;&lt;script src=&quot;/static/fd2e7eb0/scripts/yui/datasource/datasource-min.js&quot;&gt;&lt;/script&gt;&lt;script src=&quot;/static/fd2e7eb0/scripts/yui/autocomplete/autocomplete-min.js&quot;&gt;&lt;/script&gt;&lt;script src=&quot;/static/fd2e7eb0/scripts/yui/menu/menu-min.js&quot;&gt;&lt;/script&gt;&lt;script src=&quot;/static/fd2e7eb0/scripts/yui/element/element-min.js&quot;&gt;&lt;/script&gt;&lt;script src=&quot;/static/fd2e7eb0/scripts/yui/button/button-min.js&quot;&gt;&lt;/script&gt;&lt;script src=&quot;/static/fd2e7eb0/scripts/yui/storage/storage-min.js&quot;&gt;&lt;/script&gt;&lt;script src=&quot;/static/fd2e7eb0/scripts/hudson-behavior.js&quot; type=&quot;text/javascript&quot;&gt;&lt;/script&gt;&lt;script src=&quot;/static/fd2e7eb0/scripts/sortable.js&quot; type=&quot;text/javascript&quot;&gt;&lt;/script&gt;&lt;script&gt;crumb.init(&quot;&quot;, &quot;&quot;);&lt;/script&gt;&lt;link rel=&quot;stylesheet&quot; href=&quot;/static/fd2e7eb0/scripts/yui/container/assets/container.css&quot; type=&quot;text/css&quot;&gt;&lt;link rel=&quot;stylesheet&quot; href=&quot;/static/fd2e7eb0/scripts/yui/assets/skins/sam/skin.css&quot; type=&quot;text/css&quot;&gt;&lt;link rel=&quot;stylesheet&quot; href=&quot;/static/fd2e7eb0/scripts/yui/container/assets/skins/sam/container.css&quot; type=&quot;text/css&quot;&gt;&lt;link rel=&quot;stylesheet&quot; href=&quot;/static/fd2e7eb0/scripts/yui/button/assets/skins/sam/button.css&quot; type=&quot;text/css&quot;&gt;&lt;link rel=&quot;stylesheet&quot; href=&quot;/static/fd2e7eb0/scripts/yui/menu/assets/skins/sam/menu.css&quot; type=&quot;text/css&quot;&gt;&lt;link rel=&quot;search&quot; href=&quot;/opensearch.xml&quot; type=&quot;application/opensearchdescription+xml&quot; title=&quot;Jenkins&quot;&gt;&lt;meta name=&quot;ROBOTS&quot; content=&quot;INDEX,NOFOLLOW&quot;&gt;&lt;link rel=&quot;alternate&quot; href=&quot;rssAll&quot; title=&quot;Jenkins:molecular_voter (all builds)&quot; type=&quot;application/rss+xml&quot;&gt;&lt;link rel=&quot;alternate&quot; href=&quot;rssAll?flavor=rss20&quot; title=&quot;Jenkins:molecular_voter (all builds) (RSS 2.0)&quot; type=&quot;application/rss+xml&quot;&gt;&lt;link rel=&quot;alternate&quot; href=&quot;rssFailed&quot; title=&quot;Jenkins:molecular_voter (failed builds)&quot; type=&quot;application/rss+xml&quot;&gt;&lt;link rel=&quot;alternate&quot; href=&quot;rssFailed?flavor=rss20&quot; title=&quot;Jenkins:molecular_voter (failed builds) (RSS 2.0)&quot; type=&quot;application/rss+xml&quot;&gt;&lt;link rel=&quot;alternate&quot; href=&quot;rssChangelog&quot; title=&quot;Jenkins:molecular_voter (changelog)&quot; type=&quot;application/rss+xml&quot;&gt;&lt;link rel=&quot;alternate&quot; href=&quot;rssChangelog?flavor=rss20&quot; title=&quot;Jenkins:molecular_voter (changelog) (RSS 2.0)&quot; type=&quot;application/rss+xml&quot;&gt;&lt;link rel=&quot;stylesheet&quot; href=&quot;/adjuncts/fd2e7eb0/lib/form/breadcrumb-config-outline/init.css&quot; type=&quot;text/css&quot;&gt;&lt;script src=&quot;/adjuncts/fd2e7eb0/lib/form/breadcrumb-config-outline/init.js&quot; type=&quot;text/javascript&quot;&gt;&lt;/script&gt;&lt;script src=&quot;/static/fd2e7eb0/scripts/yui/cookie/cookie-min.js&quot;&gt;&lt;/script&gt;&lt;/head&gt;&lt;body data-model-type=&quot;hudson.model.FreeStyleProject&quot; id=&quot;jenkins&quot; class=&quot;yui-skin-sam jenkins-1.630&quot; data-version=&quot;jenkins-1.630&quot;&gt;&lt;div id=&quot;tt&quot; class=&quot;yui-module yui-overlay yui-tt yui-overlay-hidden&quot; style=&quot;z-index: 999; visibility: hidden;&quot;&gt;&lt;div class=&quot;bd&quot;&gt;&lt;/div&gt;&lt;/div&gt;&lt;div class=&quot;yui-panel-container shadow yui-overlay-hidden&quot; id=&quot;wait14_c&quot; style=&quot;visibility: hidden; left: 486px; top: 360px; z-index: 4;&quot;&gt;&lt;div id=&quot;wait14&quot; class=&quot;yui-module yui-overlay yui-panel&quot; style=&quot;visibility: inherit;&quot;&gt;&lt;a class=&quot;container-close&quot; href=&quot;#&quot;&gt;Close&lt;/a&gt;&lt;div class=&quot;hd&quot; id=&quot;wait14_h&quot; style=&quot;cursor: move;&quot;&gt;Error&lt;/div&gt;&lt;div class=&quot;bd&quot;&gt;&lt;div id=&quot;container13&quot;&gt;&lt;/div&gt;&lt;/div&gt;&lt;/div&gt;&lt;/div&gt;&lt;iframe id=&quot;_yuiResizeMonitor&quot; title=&quot;Text Resize Monitor&quot; tabindex=&quot;-1&quot; role=&quot;presentation&quot; style=&quot;position: absolute; visibility: visible; background-color: transparent; border-width: 0px; width: 2em; height: 2em; left: 0px; top: -27px;&quot;&gt;&lt;/iframe&gt;&lt;a href=&quot;#skip2content&quot; class=&quot;skiplink&quot;&gt;Skip to content&lt;/a&gt;&lt;div id=&quot;page-head&quot;&gt;&lt;div id=&quot;header&quot;&gt;&lt;div class=&quot;logo&quot;&gt;&lt;a id=&quot;jenkins-home-link&quot; href=&quot;/&quot;&gt;&lt;img src=&quot;/static/fd2e7eb0/images/headshot.png&quot; alt=&quot;title&quot; id=&quot;jenkins-head-icon&quot;&gt;&lt;img src=&quot;/static/fd2e7eb0/images/title.png&quot; alt=&quot;title&quot; width=&quot;139&quot; id=&quot;jenkins-name-icon&quot; height=&quot;34&quot;&gt;&lt;/a&gt;&lt;/div&gt;&lt;div class=&quot;login&quot;&gt;&lt;/div&gt;&lt;div class=&quot;searchbox hidden-xs&quot;&gt;&lt;form method=&quot;get&quot; name=&quot;search&quot; action=&quot;/job/molecular_voter/search/&quot; style=&quot;position:relative;&quot; class=&quot;no-json&quot; path=&quot;&quot;&gt;&lt;div id=&quot;search-box-minWidth&quot; style=&quot;font-family: Helvetica, Arial, sans-serif; font-size: 13px; font-style: normal; font-weight: normal;&quot;&gt;&lt;/div&gt;&lt;div id=&quot;search-box-sizer&quot; style=&quot;font-family: Helvetica, Arial, sans-serif; font-size: 13px; font-style: normal; font-weight: normal;&quot;&gt;&lt;/div&gt;&lt;div id=&quot;searchform&quot; class=&quot;yui-ac&quot;&gt;&lt;input name=&quot;q&quot; placeholder=&quot;search&quot; id=&quot;search-box&quot; class=&quot;has-default-text yui-ac-input defaulted&quot; autocomplete=&quot;off&quot; style=&quot;width: 255px;&quot; path=&quot;/q&quot;&gt;&amp;nbsp;&lt;a href=&quot;http://wiki.jenkins-ci.org/display/JENKINS/Search+Box&quot;&gt;&lt;img src=&quot;/static/fd2e7eb0/images/16x16/help.png&quot; style=&quot;width: 16px; height: 16px; &quot; class=&quot;icon-help icon-sm&quot;&gt;&lt;/a&gt;&lt;div id=&quot;search-box-completion&quot; class=&quot;yui-ac-container&quot; style=&quot;width: 255px; left: 0px; top: 26px;&quot;&gt;&lt;div class=&quot;yui-ac-content&quot; style=&quot;display: none; width: 255px;&quot;&gt;&lt;div class=&quot;yui-ac-hd&quot; style=&quot;display: none;&quot;&gt;&lt;/div&gt;&lt;div class=&quot;yui-ac-bd&quot;&gt;&lt;ul&gt;&lt;li style=&quot;display: none;&quot;&gt;&lt;/li&gt;&lt;li style=&quot;display: none;&quot;&gt;&lt;/li&gt;&lt;li style=&quot;display: none;&quot;&gt;&lt;/li&gt;&lt;li style=&quot;display: none;&quot;&gt;&lt;/li&gt;&lt;li style=&quot;display: none;&quot;&gt;&lt;/li&gt;&lt;li style=&quot;display: none;&quot;&gt;&lt;/li&gt;&lt;li style=&quot;display: none;&quot;&gt;&lt;/li&gt;&lt;li style=&quot;display: none;&quot;&gt;&lt;/li&gt;&lt;li style=&quot;display: none;&quot;&gt;&lt;/li&gt;&lt;li style=&quot;display: none;&quot;&gt;&lt;/li&gt;&lt;/ul&gt;&lt;/div&gt;&lt;div class=&quot;yui-ac-ft&quot; style=&quot;display: none;&quot;&gt;&lt;/div&gt;&lt;/div&gt;&lt;/div&gt;&lt;script&gt;createSearchBox(&quot;/job/molecular_voter/search/&quot;);&lt;/script&gt;&lt;/div&gt;&lt;/form&gt;&lt;/div&gt;&lt;/div&gt;&lt;div id=&quot;breadcrumbBar&quot;&gt;&lt;link rel=&quot;stylesheet&quot; href=&quot;/adjuncts/fd2e7eb0/lib/layout/breadcrumbs.css&quot; type=&quot;text/css&quot;&gt;&lt;script src=&quot;/adjuncts/fd2e7eb0/lib/layout/breadcrumbs.js&quot; type=&quot;text/javascript&quot;&gt;&lt;/script&gt;&lt;div style=&quot;height: 26px;&quot;&gt;&lt;/div&gt;&lt;div class=&quot;top-sticker noedge&quot; style=&quot;position: fixed; top: 40px; left: 0px;&quot;&gt;&lt;div class=&quot;top-sticker-edge&quot;&gt;&lt;/div&gt;&lt;div class=&quot;top-sticker-inner&quot;&gt;&lt;div id=&quot;right-top-nav&quot;&gt;&lt;/div&gt;&lt;ul id=&quot;breadcrumbs&quot;&gt;&lt;li class=&quot;item&quot;&gt;&lt;a href=&quot;/&quot; class=&quot;model-link inside breadcrumbBarAnchor&quot;&gt;Jenkins&lt;/a&gt;&lt;/li&gt;&lt;li href=&quot;/&quot; class=&quot;children&quot;&gt;&lt;/li&gt;&lt;li class=&quot;item&quot;&gt;&lt;a href=&quot;/job/molecular_voter/&quot; class=&quot;model-link inside breadcrumbBarAnchor&quot;&gt;molecular_voter&lt;/a&gt;&lt;/li&gt;&lt;li href=&quot;/job/molecular_voter/&quot; class=&quot;children&quot;&gt;&lt;/li&gt;&lt;li id=&quot;inpage-nav&quot; class=&quot;item&quot;&gt;&lt;a class=&quot;model-link inside breadcrumbBarAnchor&quot;&gt;configuration&lt;/a&gt;&lt;/li&gt;&lt;/ul&gt;&lt;div id=&quot;breadcrumb-menu-target&quot;&gt;&lt;/div&gt;&lt;/div&gt;&lt;/div&gt;&lt;/div&gt;&lt;/div&gt;&lt;div id=&quot;menuSelector&quot;&gt;&lt;/div&gt;&lt;div id=&quot;page-body&quot;&gt;&lt;div id=&quot;side-panel&quot;&gt;&lt;div id=&quot;tasks&quot;&gt;&lt;div class=&quot;task&quot;&gt;&lt;a href=&quot;/&quot; class=&quot;task-icon-link&quot;&gt;&lt;img src=&quot;/static/fd2e7eb0/images/24x24/up.png&quot; style=&quot;width: 24px; height: 24px; width: 24px; height: 24px; margin: 2px;&quot; class=&quot;icon-up icon-md&quot;&gt;&lt;/a&gt;&amp;nbsp;&lt;a href=&quot;/&quot; class=&quot;task-link&quot;&gt;Back to Dashboard&lt;/a&gt;&lt;/div&gt;&lt;div class=&quot;task&quot;&gt;&lt;a href=&quot;/job/molecular_voter/&quot; class=&quot;task-icon-link&quot;&gt;&lt;img src=&quot;/static/fd2e7eb0/images/24x24/search.png&quot; style=&quot;width: 24px; height: 24px; width: 24px; height: 24px; margin: 2px;&quot; class=&quot;icon-search icon-md&quot;&gt;&lt;/a&gt;&amp;nbsp;&lt;a href=&quot;/job/molecular_voter/&quot; class=&quot;task-link&quot;&gt;Status&lt;/a&gt;&lt;/div&gt;&lt;div class=&quot;task&quot;&gt;&lt;a href=&quot;/job/molecular_voter/changes&quot; class=&quot;task-icon-link&quot;&gt;&lt;img src=&quot;/static/fd2e7eb0/images/24x24/notepad.png&quot; style=&quot;width: 24px; height: 24px; width: 24px; height: 24px; margin: 2px;&quot; class=&quot;icon-notepad icon-md&quot;&gt;&lt;/a&gt;&amp;nbsp;&lt;a href=&quot;/job/molecular_voter/changes&quot; class=&quot;task-link&quot;&gt;Changes&lt;/a&gt;&lt;/div&gt;&lt;div class=&quot;task&quot;&gt;&lt;a href=&quot;/job/molecular_voter/ws/&quot; class=&quot;task-icon-link&quot;&gt;&lt;img src=&quot;/static/fd2e7eb0/images/24x24/folder.png&quot; style=&quot;width: 24px; height: 24px; width: 24px; height: 24px; margin: 2px;&quot; class=&quot;icon-folder icon-md&quot;&gt;&lt;/a&gt;&amp;nbsp;&lt;a href=&quot;/job/molecular_voter/ws/&quot; class=&quot;task-link&quot;&gt;Workspace&lt;/a&gt;&lt;/div&gt;&lt;div class=&quot;task&quot;&gt;&lt;a onclick=&quot;return build_id14(this)&quot; href=&quot;/job/molecular_voter/build?delay=0sec&quot; class=&quot;task-icon-link&quot;&gt;&lt;img src=&quot;/static/fd2e7eb0/images/24x24/clock.png&quot; style=&quot;width: 24px; height: 24px; width: 24px; height: 24px; margin: 2px;&quot; class=&quot;icon-clock icon-md&quot;&gt;&lt;/a&gt;&amp;nbsp;&lt;a onclick=&quot;return build_id14(this)&quot; href=&quot;/job/molecular_voter/build?delay=0sec&quot; class=&quot;task-link&quot;&gt;Build Now&lt;/a&gt;&lt;/div&gt;&lt;script&gt;function build_id14(a) {&#10;                new Ajax.Request(a.href);&#10;                hoverNotification(&apos;Build scheduled&apos;,a.parentNode);&#10;                return false;&#10;            }&lt;/script&gt;&lt;div class=&quot;task&quot;&gt;&lt;a onclick=&quot;confirmPOST_id17(true, &apos;/job/molecular_voter/doDelete&apos;, &apos;Are you sure about deleting the Project ‘molecular_voter’?&apos;)&quot; href=&quot;#&quot;&gt;&lt;img src=&quot;/static/fd2e7eb0/images/24x24/edit-delete.png&quot; style=&quot;width: 24px; height: 24px; width: 24px; height: 24px; margin: 2px;&quot; class=&quot;icon-edit-delete icon-md&quot;&gt;&lt;/a&gt;&lt;script&gt;function confirmPOST_id17(post, href, message) {&#10;            if (confirm(message)) {&#10;                var form = document.createElement(&apos;form&apos;);&#10;                form.setAttribute(&apos;method&apos;, post ? &apos;POST&apos; : &apos;GET&apos;);&#10;                form.setAttribute(&apos;action&apos;, href);&#10;                if (post) {&#10;                    crumb.appendToForm(form);&#10;                }&#10;                document.body.appendChild(form);&#10;                form.submit();&#10;            }&#10;            return false;&#10;        }&lt;/script&gt;&amp;nbsp;&lt;a onclick=&quot;confirmPOST_id18(true, &apos;/job/molecular_voter/doDelete&apos;, &apos;Are you sure about deleting the Project ‘molecular_voter’?&apos;)&quot; href=&quot;#&quot; class=&quot;task-link&quot;&gt;Delete Project&lt;/a&gt;&lt;script&gt;function confirmPOST_id18(post, href, message) {&#10;            if (confirm(message)) {&#10;                var form = document.createElement(&apos;form&apos;);&#10;                form.setAttribute(&apos;method&apos;, post ? &apos;POST&apos; : &apos;GET&apos;);&#10;                form.setAttribute(&apos;action&apos;, href);&#10;                if (post) {&#10;                    crumb.appendToForm(form);&#10;                }&#10;                document.body.appendChild(form);&#10;                form.submit();&#10;            }&#10;            return false;&#10;        }&lt;/script&gt;&lt;/div&gt;&lt;div class=&quot;task&quot;&gt;&lt;a href=&quot;/job/molecular_voter/configure&quot; class=&quot;task-icon-link&quot;&gt;&lt;img src=&quot;/static/fd2e7eb0/images/24x24/setting.png&quot; style=&quot;width: 24px; height: 24px; width: 24px; height: 24px; margin: 2px;&quot; class=&quot;icon-setting icon-md&quot;&gt;&lt;/a&gt;&amp;nbsp;&lt;a href=&quot;/job/molecular_voter/configure&quot; class=&quot;task-link&quot;&gt;&lt;b&gt;Configure&lt;/b&gt;&lt;/a&gt;&lt;div class=&quot;subtasks&quot;&gt;&lt;/div&gt;&lt;/div&gt;&lt;/div&gt;&lt;div id=&quot;buildHistory&quot; class=&quot;container-fluid pane-frame track-mouse&quot;&gt;&lt;div class=&quot;row&quot;&gt;&lt;div class=&quot;col-xs-24 pane-header&quot;&gt;&lt;a href=&quot;/toggleCollapse?paneId=buildHistory&quot; title=&quot;collapse&quot; class=&quot;collapse&quot;&gt;&lt;img src=&quot;/static/fd2e7eb0/images/16x16/collapse.png&quot; alt=&quot;collapse&quot; style=&quot;width: 16px; height: 16px; &quot; class=&quot;icon-collapse icon-sm&quot;&gt;&lt;/a&gt;&lt;div style=&quot;float:right&quot;&gt;&lt;a href=&quot;/job/molecular_voter/buildTimeTrend&quot;&gt;trend&lt;/a&gt;&lt;/div&gt;&lt;div data=&quot;100&quot; class=&quot;healthReport&quot; onmouseover=&quot;this.className=&apos;healthReport hover&apos;;return true;&#10;        &quot; onmouseout=&quot;this.className=&apos;healthReport&apos;;return true;&quot;&gt;&lt;img src=&quot;/static/fd2e7eb0/images/16x16/health-80plus.png&quot; alt=&quot;100%&quot; style=&quot;width: 16px; height: 16px; &quot; class=&quot;icon-health-80plus icon-sm&quot;&gt;&lt;/div&gt;Build History&lt;/div&gt;&lt;/div&gt;&lt;div class=&quot;row pane-content&quot;&gt;&lt;table class=&quot;pane stripped&quot;&gt;&lt;/table&gt;&lt;/div&gt;&lt;div class=&quot;row&quot;&gt;&lt;div class=&quot;col-xs-24 pane-footer&quot;&gt;&lt;span class=&quot;build-rss-links&quot;&gt;&lt;a href=&quot;/job/molecular_voter/rssAll&quot; class=&quot;build-rss-all-icon&quot;&gt;&lt;img border=&quot;0&quot; src=&quot;/static/fd2e7eb0/images/atom.gif&quot; alt=&quot;Feed&quot; width=&quot;16&quot; height=&quot;16&quot;&gt;&lt;/a&gt;&amp;nbsp;&lt;a href=&quot;/job/molecular_voter/rssAll&quot; class=&quot;build-rss-all-link&quot;&gt;RSS for all&lt;/a&gt;&amp;nbsp;&lt;a href=&quot;/job/molecular_voter/rssFailed&quot; class=&quot;build-rss-failed-icon&quot;&gt;&lt;img border=&quot;0&quot; src=&quot;/static/fd2e7eb0/images/atom.gif&quot; alt=&quot;Feed&quot; width=&quot;16&quot; height=&quot;16&quot;&gt;&lt;/a&gt;&amp;nbsp;&lt;a href=&quot;/job/molecular_voter/rssFailed&quot; class=&quot;build-rss-failed-link&quot;&gt;RSS for failures&lt;/a&gt;&lt;/span&gt;&lt;/div&gt;&lt;/div&gt;&lt;/div&gt;&lt;script defer=&quot;true&quot;&gt;updateBuildHistory(&quot;/job/molecular_voter/buildHistory/ajax&quot;,1);&lt;/script&gt;&lt;/div&gt;&lt;div id=&quot;main-panel&quot;&gt;&lt;a name=&quot;skip2content&quot;&gt;&lt;/a&gt;&lt;div class=&quot;behavior-loading&quot; style=&quot;display: none;&quot;&gt;LOADING&lt;/div&gt;&lt;form method=&quot;post&quot; name=&quot;config&quot; action=&quot;configSubmit&quot; path=&quot;&quot;&gt;&lt;link rel=&quot;stylesheet&quot; href=&quot;/adjuncts/fd2e7eb0/lib/form/section_.css&quot; type=&quot;text/css&quot;&gt;&lt;table width=&quot;100%&quot;&gt;&lt;tbody&gt;&lt;tr&gt;&lt;td class=&quot;setting-leftspace&quot;&gt;&amp;nbsp;&lt;/td&gt;&lt;td class=&quot;setting-name&quot;&gt;Project name&lt;/td&gt;&lt;td class=&quot;setting-main&quot;&gt;&#10;   &#10;&#10;  &#10;  &lt;input name=&quot;name&quot; type=&quot;text&quot; class=&quot;setting-input   &quot; value=&quot;molecular_voter&quot; path=&quot;/name&quot;&gt;&lt;/td&gt;&lt;td class=&quot;setting-no-help&quot;&gt;&lt;/td&gt;&lt;/tr&gt;&lt;tr class=&quot;validation-error-area&quot;&gt;&lt;td colspan=&quot;2&quot;&gt;&lt;/td&gt;&lt;td&gt;&lt;/td&gt;&lt;td&gt;&lt;/td&gt;&lt;/tr&gt;&lt;tr&gt;&lt;td class=&quot;setting-leftspace&quot;&gt;&amp;nbsp;&lt;/td&gt;&lt;td class=&quot;setting-name&quot;&gt;Description&lt;/td&gt;&lt;td class=&quot;setting-main&quot;&gt;&lt;script src=&quot;/adjuncts/fd2e7eb0/lib/form/textarea/textarea.js&quot; type=&quot;text/javascript&quot;&gt;&lt;/script&gt;&lt;textarea name=&quot;description&quot; rows=&quot;5&quot; class=&quot;setting-input   &quot; path=&quot;/description&quot;&gt;&lt;/textarea&gt;&lt;div class=&quot;textarea-handle&quot;&gt;&lt;/div&gt;&lt;div class=&quot;textarea-preview-container&quot;&gt;&#10;        [Plain text]&amp;nbsp;&lt;a previewendpoint=&quot;/markupFormatter/previewDescription&quot; href=&quot;#&quot; class=&quot;textarea-show-preview&quot;&gt;Preview&lt;/a&gt;&amp;nbsp;&lt;a href=&quot;#&quot; class=&quot;textarea-hide-preview&quot; style=&quot;display: none;&quot;&gt;Hide preview&lt;/a&gt;&lt;div class=&quot;textarea-preview&quot; style=&quot;display: none;&quot;&gt;&lt;/div&gt;&lt;/div&gt;&lt;/td&gt;&lt;td class=&quot;setting-no-help&quot;&gt;&lt;/td&gt;&lt;/tr&gt;&lt;tr class=&quot;validation-error-area&quot;&gt;&lt;td colspan=&quot;2&quot;&gt;&lt;/td&gt;&lt;td&gt;&lt;/td&gt;&lt;td&gt;&lt;/td&gt;&lt;/tr&gt;&lt;tr class=&quot;optional-block-start &quot; hashelp=&quot;true&quot; ref=&quot;cb15&quot;&gt;&lt;td colspan=&quot;3&quot;&gt;&lt;input onclick=&quot;javascript:updateOptionalBlock(this,true)&quot; name=&quot;logrotate&quot; type=&quot;checkbox&quot; class=&quot; &quot; id=&quot;cb15&quot; path=&quot;/logrotate&quot;&gt;&lt;label class=&quot;attach-previous&quot;&gt;Discard Old Builds&lt;/label&gt;&lt;/td&gt;&lt;td class=&quot;setting-help&quot;&gt;&lt;a helpurl=&quot;/help/project-config/log-rotation.html&quot; href=&quot;#&quot; class=&quot;help-button&quot; tabindex=&quot;9999&quot;&gt;&lt;img src=&quot;/static/fd2e7eb0/images/16x16/help.png&quot; alt=&quot;Help for feature: Discard Old Builds&quot; style=&quot;width: 16px; height: 16px; &quot; class=&quot;icon-help icon-sm&quot;&gt;&lt;/a&gt;&lt;/td&gt;&lt;/tr&gt;&lt;tr class=&quot;help-area&quot;&gt;&lt;td&gt;&lt;/td&gt;&lt;td colspan=&quot;2&quot;&gt;&lt;div class=&quot;help&quot;&gt;Loading...&lt;/div&gt;&lt;/td&gt;&lt;td&gt;&lt;/td&gt;&lt;/tr&gt;&lt;tr class=&quot;rowvg-start&quot; style=&quot;display: none;&quot;&gt;&lt;/tr&gt;&lt;tr style=&quot;display: none;&quot;&gt;&lt;td class=&quot;setting-leftspace&quot;&gt;&amp;nbsp;&lt;/td&gt;&lt;td class=&quot;setting-name&quot;&gt;Strategy&lt;/td&gt;&lt;td class=&quot;setting-main&quot;&gt;&lt;select class=&quot;setting-input dropdownList&quot; path=&quot;/&quot;&gt;&lt;option value=&quot;0&quot;&gt;Log Rotation&lt;/option&gt;&lt;/select&gt;&lt;/td&gt;&lt;td class=&quot;setting-no-help&quot;&gt;&lt;/td&gt;&lt;/tr&gt;&lt;tr class=&quot;dropdownList-container&quot; style=&quot;display: none;&quot;&gt;&lt;td colspan=&quot;2&quot;&gt;&lt;/td&gt;&lt;td colspan=&quot;2&quot;&gt;&lt;table width=&quot;100%&quot; name=&quot;buildDiscarder&quot; path=&quot;/buildDiscarder&quot;&gt;&lt;tbody&gt;&lt;tr class=&quot;dropdownList-start rowvg-start&quot;&gt;&lt;/tr&gt;&#10;      &#10;      &lt;tr&gt;&lt;td class=&quot;setting-leftspace&quot;&gt;&amp;nbsp;&lt;/td&gt;&lt;td class=&quot;setting-name&quot;&gt;Days to keep builds&lt;/td&gt;&lt;td class=&quot;setting-main&quot;&gt;&lt;input step=&quot;1&quot; min=&quot;1&quot; name=&quot;_.daysToKeepStr&quot; type=&quot;number&quot; class=&quot;setting-input  positive-number&quot; value=&quot;&quot; path=&quot;/buildDiscarder/daysToKeepStr&quot;&gt;&lt;/td&gt;&lt;td class=&quot;setting-no-help&quot;&gt;&lt;/td&gt;&lt;/tr&gt;&lt;tr class=&quot;validation-error-area&quot;&gt;&lt;td colspan=&quot;2&quot;&gt;&lt;/td&gt;&lt;td&gt;&lt;/td&gt;&lt;td&gt;&lt;/td&gt;&lt;/tr&gt;&lt;tr&gt;&lt;td colspan=&quot;2&quot;&gt;&lt;/td&gt;&lt;td class=&quot;setting-description&quot;&gt;if not empty, build records are only kept up to this number of days&lt;/td&gt;&lt;td&gt;&lt;/td&gt;&lt;/tr&gt;&lt;tr&gt;&lt;td class=&quot;setting-leftspace&quot;&gt;&amp;nbsp;&lt;/td&gt;&lt;td class=&quot;setting-name&quot;&gt;Max # of builds to keep&lt;/td&gt;&lt;td class=&quot;setting-main&quot;&gt;&lt;input step=&quot;1&quot; min=&quot;1&quot; name=&quot;_.numToKeepStr&quot; type=&quot;number&quot; class=&quot;setting-input  positive-number&quot; value=&quot;&quot; path=&quot;/buildDiscarder/numToKeepStr&quot;&gt;&lt;/td&gt;&lt;td class=&quot;setting-no-help&quot;&gt;&lt;/td&gt;&lt;/tr&gt;&lt;tr class=&quot;validation-error-area&quot;&gt;&lt;td colspan=&quot;2&quot;&gt;&lt;/td&gt;&lt;td&gt;&lt;/td&gt;&lt;td&gt;&lt;/td&gt;&lt;/tr&gt;&lt;tr&gt;&lt;td colspan=&quot;2&quot;&gt;&lt;/td&gt;&lt;td class=&quot;setting-description&quot;&gt;if not empty, only up to this number of build records are kept&lt;/td&gt;&lt;td&gt;&lt;/td&gt;&lt;/tr&gt;&lt;tr&gt;&lt;td&gt;&lt;/td&gt;&lt;td&gt;&lt;/td&gt;&lt;td&gt;&lt;script src=&quot;/adjuncts/fd2e7eb0/lib/form/advanced/advanced.js&quot; type=&quot;text/javascript&quot;&gt;&lt;/script&gt;&lt;div style=&quot;&quot; class=&quot;advancedLink&quot;&gt;&lt;span style=&quot;display: none&quot; id=&quot;id26&quot;&gt;&lt;img src=&quot;/static/fd2e7eb0/images/24x24/notepad.png&quot; tooltip=&quot;One or more fields in this block have been edited.&quot; style=&quot;width: 24px; height: 24px; vertical-align: baseline&quot; class=&quot;icon-notepad icon-md&quot; title=&quot;One or more fields in this block have been edited.&quot;&gt;&lt;/span&gt;&amp;nbsp;&lt;span class=&quot;yui-button yui-push-button advanced-button advancedButton&quot; id=&quot;yui-gen31&quot;&gt;&lt;span class=&quot;first-child&quot;&gt;&lt;button type=&quot;button&quot; tabindex=&quot;0&quot; id=&quot;yui-gen31-button&quot; path=&quot;/buildDiscarder/advanced-button&quot;&gt;Advanced...&lt;/button&gt;&lt;/span&gt;&lt;/span&gt;&lt;/div&gt;&lt;table class=&quot;advancedBody&quot;&gt;&lt;tbody&gt;&lt;tr&gt;&lt;td class=&quot;setting-leftspace&quot;&gt;&amp;nbsp;&lt;/td&gt;&lt;td class=&quot;setting-name&quot;&gt;Days to keep artifacts&lt;/td&gt;&lt;td class=&quot;setting-main&quot;&gt;&lt;input step=&quot;1&quot; min=&quot;1&quot; name=&quot;_.artifactDaysToKeepStr&quot; type=&quot;number&quot; class=&quot;setting-input  positive-number&quot; value=&quot;&quot; path=&quot;/buildDiscarder/artifactDaysToKeepStr&quot;&gt;&lt;/td&gt;&lt;td class=&quot;setting-no-help&quot;&gt;&lt;/td&gt;&lt;/tr&gt;&lt;tr class=&quot;validation-error-area&quot;&gt;&lt;td colspan=&quot;2&quot;&gt;&lt;/td&gt;&lt;td&gt;&lt;/td&gt;&lt;td&gt;&lt;/td&gt;&lt;/tr&gt;&lt;tr&gt;&lt;td colspan=&quot;2&quot;&gt;&lt;/td&gt;&lt;td class=&quot;setting-description&quot;&gt;if not empty, artifacts from builds older than this number of days will be deleted, but the logs, history, reports, etc for the build will be kept&lt;/td&gt;&lt;td&gt;&lt;/td&gt;&lt;/tr&gt;&lt;tr&gt;&lt;td class=&quot;setting-leftspace&quot;&gt;&amp;nbsp;&lt;/td&gt;&lt;td class=&quot;setting-name&quot;&gt;Max # of builds to keep with artifacts&lt;/td&gt;&lt;td class=&quot;setting-main&quot;&gt;&lt;input step=&quot;1&quot; min=&quot;1&quot; name=&quot;_.artifactNumToKeepStr&quot; type=&quot;number&quot; class=&quot;setting-input  positive-number&quot; value=&quot;&quot; path=&quot;/buildDiscarder/artifactNumToKeepStr&quot;&gt;&lt;/td&gt;&lt;td class=&quot;setting-no-help&quot;&gt;&lt;/td&gt;&lt;/tr&gt;&lt;tr class=&quot;validation-error-area&quot;&gt;&lt;td colspan=&quot;2&quot;&gt;&lt;/td&gt;&lt;td&gt;&lt;/td&gt;&lt;td&gt;&lt;/td&gt;&lt;/tr&gt;&lt;tr&gt;&lt;td colspan=&quot;2&quot;&gt;&lt;/td&gt;&lt;td class=&quot;setting-description&quot;&gt;if not empty, only up to this number of builds have their artifacts retained&lt;/td&gt;&lt;td&gt;&lt;/td&gt;&lt;/tr&gt;&lt;/tbody&gt;&lt;/table&gt;&lt;/td&gt;&lt;td&gt;&lt;/td&gt;&lt;/tr&gt;&lt;tr style=&quot;&quot;&gt;&lt;td&gt;&lt;input name=&quot;stapler-class&quot; type=&quot;hidden&quot; value=&quot;hudson.tasks.LogRotator&quot; path=&quot;/buildDiscarder/stapler-class&quot;&gt;&lt;input name=&quot;$class&quot; type=&quot;hidden&quot; value=&quot;hudson.tasks.LogRotator&quot; path=&quot;/buildDiscarder/$class&quot;&gt;&lt;/td&gt;&lt;/tr&gt;&lt;tr class=&quot;dropdownList-end rowvg-end&quot;&gt;&lt;/tr&gt;&lt;/tbody&gt;&lt;/table&gt;&lt;/td&gt;&lt;/tr&gt;&lt;tr class=&quot; rowvg-end optional-block-end&quot;&gt;&lt;/tr&gt;&lt;script src=&quot;/adjuncts/fd2e7eb0/lib/form/section_.js&quot; type=&quot;text/javascript&quot;&gt;&lt;/script&gt;&lt;tr name=&quot;properties&quot; style=&quot;display:none&quot; class=&quot;row-set-start&quot; id=&quot;rowSetStart31&quot; path=&quot;/properties&quot;&gt;&lt;/tr&gt;&lt;tr nameref=&quot;rowSetStart31&quot;&gt;&lt;td&gt;&lt;input type=&quot;hidden&quot; name=&quot;stapler-class-bag&quot; value=&quot;true&quot; path=&quot;/properties/stapler-class-bag&quot;&gt;&lt;/td&gt;&lt;/tr&gt;&lt;tr name=&quot;hudson-model-ParametersDefinitionProperty&quot; style=&quot;display:none&quot; class=&quot;row-set-start&quot; id=&quot;rowSetStart30&quot; nameref=&quot;rowSetStart31&quot; path=&quot;/properties/hudson-model-ParametersDefinitionProperty&quot;&gt;&lt;/tr&gt;&lt;tr class=&quot;optional-block-start row-set-start&quot; hashelp=&quot;true&quot; ref=&quot;cb16&quot; nameref=&quot;rowSetStart30&quot;&gt;&lt;td colspan=&quot;3&quot;&gt;&lt;input onclick=&quot;javascript:updateOptionalBlock(this,true)&quot; name=&quot;parameterized&quot; type=&quot;checkbox&quot; class=&quot; &quot; id=&quot;cb16&quot; path=&quot;/properties/hudson-model-ParametersDefinitionProperty/parameterized&quot;&gt;&lt;label class=&quot;attach-previous&quot;&gt;This build is parameterized&lt;/label&gt;&lt;/td&gt;&lt;td class=&quot;setting-help&quot;&gt;&lt;a helpurl=&quot;/help/project-config/parameterized-build.html&quot; href=&quot;#&quot; class=&quot;help-button&quot; tabindex=&quot;9999&quot;&gt;&lt;img src=&quot;/static/fd2e7eb0/images/16x16/help.png&quot; alt=&quot;Help for feature: This build is parameterized&quot; style=&quot;width: 16px; height: 16px; &quot; class=&quot;icon-help icon-sm&quot;&gt;&lt;/a&gt;&lt;/td&gt;&lt;/tr&gt;&lt;tr class=&quot;help-area&quot; nameref=&quot;cb16&quot;&gt;&lt;td&gt;&lt;/td&gt;&lt;td colspan=&quot;2&quot;&gt;&lt;div class=&quot;help&quot;&gt;Loading...&lt;/div&gt;&lt;/td&gt;&lt;td&gt;&lt;/td&gt;&lt;/tr&gt;&lt;tr class=&quot;rowvg-start&quot; nameref=&quot;cb16&quot; style=&quot;display: none;&quot;&gt;&lt;/tr&gt;&lt;tr nameref=&quot;cb16&quot; style=&quot;display: none;&quot;&gt;&lt;td colspan=&quot;2&quot;&gt;&lt;/td&gt;&lt;td colspan=&quot;2&quot;&gt;&lt;script src=&quot;/adjuncts/fd2e7eb0/lib/form/dragdrop/dragdrop.js&quot; type=&quot;text/javascript&quot;&gt;&lt;/script&gt;&lt;script src=&quot;/adjuncts/fd2e7eb0/lib/form/hetero-list/hetero-list.js&quot; type=&quot;text/javascript&quot;&gt;&lt;/script&gt;&lt;div class=&quot;hetero-list-container with-drag-drop  &quot;&gt;&lt;div class=&quot;repeatable-insertion-point&quot;&gt;&lt;/div&gt;&lt;div&gt;&lt;span class=&quot;yui-button yui-menu-button&quot; id=&quot;yui-gen1&quot;&gt;&lt;span class=&quot;first-child&quot;&gt;&lt;button type=&quot;button&quot; tabindex=&quot;0&quot; id=&quot;yui-gen1-button&quot; class=&quot;hetero-list-add&quot; suffix=&quot;parameter&quot;&gt;Add Parameter&lt;/button&gt;&lt;/span&gt;&lt;/span&gt;&lt;/div&gt;&lt;/div&gt;&lt;/td&gt;&lt;/tr&gt;&lt;tr class=&quot;row-set-end rowvg-end optional-block-end&quot; nameref=&quot;rowSetStart30&quot;&gt;&lt;/tr&gt;&lt;tr class=&quot;row-set-end&quot; nameref=&quot;rowSetStart31&quot;&gt;&lt;/tr&gt;&lt;tr class=&quot;row-set-end&quot;&gt;&lt;/tr&gt;&lt;tr class=&quot;optional-block-start &quot; hashelp=&quot;true&quot; ref=&quot;cb17&quot;&gt;&lt;td colspan=&quot;3&quot;&gt;&lt;input onclick=&quot;javascript:updateOptionalBlock(this,true)&quot; name=&quot;disable&quot; type=&quot;checkbox&quot; class=&quot; &quot; id=&quot;cb17&quot; path=&quot;/disable&quot;&gt;&lt;label class=&quot;attach-previous&quot;&gt;Disable Build (No new builds will be executed until the project is re-enabled.)&lt;/label&gt;&lt;/td&gt;&lt;td class=&quot;setting-help&quot;&gt;&lt;a helpurl=&quot;/help/project-config/disable.html&quot; href=&quot;#&quot; class=&quot;help-button&quot; tabindex=&quot;9999&quot;&gt;&lt;img src=&quot;/static/fd2e7eb0/images/16x16/help.png&quot; alt=&quot;Help for feature: Disable Build (No new builds will be executed until the project is re-enabled.)&quot; style=&quot;width: 16px; height: 16px; &quot; class=&quot;icon-help icon-sm&quot;&gt;&lt;/a&gt;&lt;/td&gt;&lt;/tr&gt;&lt;tr class=&quot;help-area&quot;&gt;&lt;td&gt;&lt;/td&gt;&lt;td colspan=&quot;2&quot;&gt;&lt;div class=&quot;help&quot;&gt;Loading...&lt;/div&gt;&lt;/td&gt;&lt;td&gt;&lt;/td&gt;&lt;/tr&gt;&lt;tr class=&quot;rowvg-start&quot; style=&quot;display: none;&quot;&gt;&lt;/tr&gt;&lt;tr class=&quot; rowvg-end optional-block-end&quot;&gt;&lt;/tr&gt;&lt;tr class=&quot;optional-block-start &quot; hashelp=&quot;true&quot; ref=&quot;cb18&quot;&gt;&lt;td colspan=&quot;3&quot;&gt;&lt;input onclick=&quot;javascript:updateOptionalBlock(this,true)&quot; name=&quot;_.concurrentBuild&quot; type=&quot;checkbox&quot; class=&quot; &quot; id=&quot;cb18&quot; path=&quot;/concurrentBuild&quot;&gt;&lt;label class=&quot;attach-previous&quot;&gt;Execute concurrent builds if necessary&lt;/label&gt;&lt;/td&gt;&lt;td class=&quot;setting-help&quot;&gt;&lt;a helpurl=&quot;/descriptor/hudson.model.FreeStyleProject/help/concurrentBuild&quot; href=&quot;#&quot; class=&quot;help-button&quot; tabindex=&quot;9999&quot;&gt;&lt;img src=&quot;/static/fd2e7eb0/images/16x16/help.png&quot; alt=&quot;Help for feature: Execute concurrent builds if necessary&quot; style=&quot;width: 16px; height: 16px; &quot; class=&quot;icon-help icon-sm&quot;&gt;&lt;/a&gt;&lt;/td&gt;&lt;/tr&gt;&lt;tr class=&quot;help-area&quot;&gt;&lt;td&gt;&lt;/td&gt;&lt;td colspan=&quot;2&quot;&gt;&lt;div class=&quot;help&quot;&gt;Loading...&lt;/div&gt;&lt;/td&gt;&lt;td&gt;&lt;/td&gt;&lt;/tr&gt;&lt;tr class=&quot;rowvg-start&quot; style=&quot;display: none;&quot;&gt;&lt;/tr&gt;&lt;tr class=&quot; rowvg-end optional-block-end&quot;&gt;&lt;/tr&gt;&lt;tr&gt;&lt;td colspan=&quot;4&quot;&gt;&lt;div class=&quot;section-header&quot;&gt;&lt;a id=&quot;section0&quot; class=&quot;section-anchor&quot;&gt;#&lt;/a&gt;Advanced Project Options&lt;/div&gt;&lt;/td&gt;&lt;/tr&gt;&lt;tr&gt;&lt;td&gt;&lt;/td&gt;&lt;td&gt;&lt;/td&gt;&lt;td&gt;&lt;script src=&quot;/adjuncts/fd2e7eb0/lib/form/advanced/advanced.js&quot; type=&quot;text/javascript&quot;&gt;&lt;/script&gt;&lt;div style=&quot;&quot; class=&quot;advancedLink&quot;&gt;&lt;span style=&quot;display: none&quot; id=&quot;id20&quot;&gt;&lt;img src=&quot;/static/fd2e7eb0/images/24x24/notepad.png&quot; tooltip=&quot;One or more fields in this block have been edited.&quot; style=&quot;width: 24px; height: 24px; vertical-align: baseline&quot; class=&quot;icon-notepad icon-md&quot; title=&quot;One or more fields in this block have been edited.&quot;&gt;&lt;/span&gt;&amp;nbsp;&lt;span class=&quot;yui-button yui-push-button advanced-button advancedButton&quot; id=&quot;yui-gen7&quot;&gt;&lt;span class=&quot;first-child&quot;&gt;&lt;button type=&quot;button&quot; tabindex=&quot;0&quot; id=&quot;yui-gen7-button&quot; path=&quot;/advanced-button&quot;&gt;Advanced...&lt;/button&gt;&lt;/span&gt;&lt;/span&gt;&lt;/div&gt;&lt;table class=&quot;advancedBody&quot;&gt;&lt;tbody&gt;&lt;tr class=&quot;optional-block-start &quot; hashelp=&quot;true&quot; ref=&quot;cb19&quot;&gt;&lt;td colspan=&quot;3&quot;&gt;&lt;input onclick=&quot;javascript:updateOptionalBlock(this,true)&quot; name=&quot;hasCustomQuietPeriod&quot; type=&quot;checkbox&quot; class=&quot; &quot; id=&quot;cb19&quot; path=&quot;/hasCustomQuietPeriod&quot;&gt;&lt;label class=&quot;attach-previous&quot;&gt;Quiet period&lt;/label&gt;&lt;/td&gt;&lt;td class=&quot;setting-help&quot;&gt;&lt;a helpurl=&quot;/descriptor/jenkins.model.GlobalQuietPeriodConfiguration/help/quietPeriod&quot; href=&quot;#&quot; class=&quot;help-button&quot; tabindex=&quot;9999&quot;&gt;&lt;img src=&quot;/static/fd2e7eb0/images/16x16/help.png&quot; alt=&quot;Help for feature: Quiet period&quot; style=&quot;width: 16px; height: 16px; &quot; class=&quot;icon-help icon-sm&quot;&gt;&lt;/a&gt;&lt;/td&gt;&lt;/tr&gt;&lt;tr class=&quot;help-area&quot;&gt;&lt;td&gt;&lt;/td&gt;&lt;td colspan=&quot;2&quot;&gt;&lt;div class=&quot;help&quot;&gt;Loading...&lt;/div&gt;&lt;/td&gt;&lt;td&gt;&lt;/td&gt;&lt;/tr&gt;&lt;tr class=&quot;rowvg-start&quot; style=&quot;display: none;&quot;&gt;&lt;/tr&gt;&lt;tr style=&quot;display: none;&quot;&gt;&lt;td class=&quot;setting-leftspace&quot;&gt;&amp;nbsp;&lt;/td&gt;&lt;td class=&quot;setting-name&quot;&gt;Quiet period&lt;/td&gt;&lt;td class=&quot;setting-main&quot;&gt;&lt;input step=&quot;1&quot; min=&quot;0&quot; name=&quot;quiet_period&quot; type=&quot;number&quot; class=&quot;setting-input  number&quot; value=&quot;5&quot; path=&quot;/quiet_period&quot;&gt;&lt;/td&gt;&lt;td class=&quot;setting-no-help&quot;&gt;&lt;/td&gt;&lt;/tr&gt;&lt;tr class=&quot;validation-error-area&quot; style=&quot;display: none;&quot;&gt;&lt;td colspan=&quot;2&quot;&gt;&lt;/td&gt;&lt;td&gt;&lt;/td&gt;&lt;td&gt;&lt;/td&gt;&lt;/tr&gt;&lt;tr style=&quot;display: none;&quot;&gt;&lt;td colspan=&quot;2&quot;&gt;&lt;/td&gt;&lt;td class=&quot;setting-description&quot;&gt;Number of seconds&lt;/td&gt;&lt;td&gt;&lt;/td&gt;&lt;/tr&gt;&lt;tr class=&quot; rowvg-end optional-block-end&quot;&gt;&lt;/tr&gt;&lt;tr class=&quot;optional-block-start &quot; hashelp=&quot;true&quot; ref=&quot;cb20&quot;&gt;&lt;td colspan=&quot;3&quot;&gt;&lt;input onclick=&quot;javascript:updateOptionalBlock(this,true)&quot; name=&quot;hasCustomScmCheckoutRetryCount&quot; type=&quot;checkbox&quot; class=&quot; &quot; id=&quot;cb20&quot; path=&quot;/hasCustomScmCheckoutRetryCount&quot;&gt;&lt;label class=&quot;attach-previous&quot;&gt;Retry Count&lt;/label&gt;&lt;/td&gt;&lt;td class=&quot;setting-help&quot;&gt;&lt;a helpurl=&quot;/help/project-config/scmCheckoutRetryCount.html&quot; href=&quot;#&quot; class=&quot;help-button&quot; tabindex=&quot;9999&quot;&gt;&lt;img src=&quot;/static/fd2e7eb0/images/16x16/help.png&quot; alt=&quot;Help for feature: Retry Count&quot; style=&quot;width: 16px; height: 16px; &quot; class=&quot;icon-help icon-sm&quot;&gt;&lt;/a&gt;&lt;/td&gt;&lt;/tr&gt;&lt;tr class=&quot;help-area&quot;&gt;&lt;td&gt;&lt;/td&gt;&lt;td colspan=&quot;2&quot;&gt;&lt;div class=&quot;help&quot;&gt;Loading...&lt;/div&gt;&lt;/td&gt;&lt;td&gt;&lt;/td&gt;&lt;/tr&gt;&lt;tr class=&quot;rowvg-start&quot; style=&quot;display: none;&quot;&gt;&lt;/tr&gt;&lt;tr style=&quot;display: none;&quot;&gt;&lt;td class=&quot;setting-leftspace&quot;&gt;&amp;nbsp;&lt;/td&gt;&lt;td class=&quot;setting-name&quot;&gt;SCM checkout retry count&lt;/td&gt;&lt;td class=&quot;setting-main&quot;&gt;&lt;input step=&quot;1&quot; min=&quot;0&quot; name=&quot;scmCheckoutRetryCount&quot; type=&quot;number&quot; class=&quot;setting-input  number&quot; value=&quot;0&quot; path=&quot;/scmCheckoutRetryCount&quot;&gt;&lt;/td&gt;&lt;td class=&quot;setting-no-help&quot;&gt;&lt;/td&gt;&lt;/tr&gt;&lt;tr class=&quot;validation-error-area&quot; style=&quot;display: none;&quot;&gt;&lt;td colspan=&quot;2&quot;&gt;&lt;/td&gt;&lt;td&gt;&lt;/td&gt;&lt;td&gt;&lt;/td&gt;&lt;/tr&gt;&lt;tr class=&quot; rowvg-end optional-block-end&quot;&gt;&lt;/tr&gt;&lt;tr class=&quot;optional-block-start &quot; hashelp=&quot;true&quot; ref=&quot;cb21&quot;&gt;&lt;td colspan=&quot;3&quot;&gt;&lt;input onclick=&quot;javascript:updateOptionalBlock(this,true)&quot; name=&quot;blockBuildWhenUpstreamBuilding&quot; type=&quot;checkbox&quot; class=&quot; &quot; id=&quot;cb21&quot; path=&quot;/blockBuildWhenUpstreamBuilding&quot;&gt;&lt;label class=&quot;attach-previous&quot;&gt;Block build when upstream project is building&lt;/label&gt;&lt;/td&gt;&lt;td class=&quot;setting-help&quot;&gt;&lt;a helpurl=&quot;/help/project-config/block-upstream-building.html&quot; href=&quot;#&quot; class=&quot;help-button&quot; tabindex=&quot;9999&quot;&gt;&lt;img src=&quot;/static/fd2e7eb0/images/16x16/help.png&quot; alt=&quot;Help for feature: Block build when upstream project is building&quot; style=&quot;width: 16px; height: 16px; &quot; class=&quot;icon-help icon-sm&quot;&gt;&lt;/a&gt;&lt;/td&gt;&lt;/tr&gt;&lt;tr class=&quot;help-area&quot;&gt;&lt;td&gt;&lt;/td&gt;&lt;td colspan=&quot;2&quot;&gt;&lt;div class=&quot;help&quot;&gt;Loading...&lt;/div&gt;&lt;/td&gt;&lt;td&gt;&lt;/td&gt;&lt;/tr&gt;&lt;tr class=&quot;rowvg-start&quot; style=&quot;display: none;&quot;&gt;&lt;/tr&gt;&lt;tr class=&quot; rowvg-end optional-block-end&quot;&gt;&lt;/tr&gt;&lt;tr class=&quot;optional-block-start &quot; hashelp=&quot;true&quot; ref=&quot;cb22&quot;&gt;&lt;td colspan=&quot;3&quot;&gt;&lt;input onclick=&quot;javascript:updateOptionalBlock(this,true)&quot; name=&quot;blockBuildWhenDownstreamBuilding&quot; type=&quot;checkbox&quot; class=&quot; &quot; id=&quot;cb22&quot; path=&quot;/blockBuildWhenDownstreamBuilding&quot;&gt;&lt;label class=&quot;attach-previous&quot;&gt;Block build when downstream project is building&lt;/label&gt;&lt;/td&gt;&lt;td class=&quot;setting-help&quot;&gt;&lt;a helpurl=&quot;/help/project-config/block-downstream-building.html&quot; href=&quot;#&quot; class=&quot;help-button&quot; tabindex=&quot;9999&quot;&gt;&lt;img src=&quot;/static/fd2e7eb0/images/16x16/help.png&quot; alt=&quot;Help for feature: Block build when downstream project is building&quot; style=&quot;width: 16px; height: 16px; &quot; class=&quot;icon-help icon-sm&quot;&gt;&lt;/a&gt;&lt;/td&gt;&lt;/tr&gt;&lt;tr class=&quot;help-area&quot;&gt;&lt;td&gt;&lt;/td&gt;&lt;td colspan=&quot;2&quot;&gt;&lt;div class=&quot;help&quot;&gt;Loading...&lt;/div&gt;&lt;/td&gt;&lt;td&gt;&lt;/td&gt;&lt;/tr&gt;&lt;tr class=&quot;rowvg-start&quot; style=&quot;display: none;&quot;&gt;&lt;/tr&gt;&lt;tr class=&quot; rowvg-end optional-block-end&quot;&gt;&lt;/tr&gt;&lt;tr class=&quot;optional-block-start &quot; hashelp=&quot;true&quot; ref=&quot;cb23&quot;&gt;&lt;td colspan=&quot;3&quot;&gt;&lt;input onclick=&quot;javascript:updateOptionalBlock(this,true)&quot; name=&quot;hasCustomWorkspace&quot; type=&quot;checkbox&quot; class=&quot; &quot; id=&quot;cb23&quot; path=&quot;/hasCustomWorkspace&quot;&gt;&lt;label class=&quot;attach-previous&quot;&gt;Use custom workspace&lt;/label&gt;&lt;/td&gt;&lt;td class=&quot;setting-help&quot;&gt;&lt;a helpurl=&quot;/help/project-config/custom-workspace.html&quot; href=&quot;#&quot; class=&quot;help-button&quot; tabindex=&quot;9999&quot;&gt;&lt;img src=&quot;/static/fd2e7eb0/images/16x16/help.png&quot; alt=&quot;Help for feature: Use custom workspace&quot; style=&quot;width: 16px; height: 16px; &quot; class=&quot;icon-help icon-sm&quot;&gt;&lt;/a&gt;&lt;/td&gt;&lt;/tr&gt;&lt;tr class=&quot;help-area&quot;&gt;&lt;td&gt;&lt;/td&gt;&lt;td colspan=&quot;2&quot;&gt;&lt;div class=&quot;help&quot;&gt;Loading...&lt;/div&gt;&lt;/td&gt;&lt;td&gt;&lt;/td&gt;&lt;/tr&gt;&lt;tr class=&quot;rowvg-start&quot; style=&quot;display: none;&quot;&gt;&lt;/tr&gt;&lt;tr style=&quot;display: none;&quot;&gt;&lt;td class=&quot;setting-leftspace&quot;&gt;&amp;nbsp;&lt;/td&gt;&lt;td class=&quot;setting-name&quot;&gt;Directory&lt;/td&gt;&lt;td class=&quot;setting-main&quot;&gt;&#10;   &#10;&#10;  &#10;  &lt;input checkdependson=&quot;customWorkspace&quot; checkurl=&quot;/job/molecular_voter/descriptorByName/hudson.model.FreeStyleProject/checkCustomWorkspace&quot; name=&quot;_.customWorkspace&quot; type=&quot;text&quot; class=&quot;setting-input validated  &quot; value=&quot;&quot; path=&quot;/customWorkspace&quot;&gt;&lt;/td&gt;&lt;td class=&quot;setting-no-help&quot;&gt;&lt;/td&gt;&lt;/tr&gt;&lt;tr class=&quot;validation-error-area&quot; style=&quot;display: none;&quot;&gt;&lt;td colspan=&quot;2&quot;&gt;&lt;/td&gt;&lt;td&gt;&lt;div class=&quot;error&quot;&gt;&lt;img src=&quot;/static/fd2e7eb0/images/none.gif&quot; height=&quot;16&quot; width=&quot;1&quot;&gt;Custom workspace is empty.&lt;/div&gt;&lt;/td&gt;&lt;td&gt;&lt;/td&gt;&lt;/tr&gt;&lt;tr class=&quot; rowvg-end optional-block-end&quot;&gt;&lt;/tr&gt;&lt;tr&gt;&lt;td class=&quot;setting-leftspace&quot;&gt;&amp;nbsp;&lt;/td&gt;&lt;td class=&quot;setting-name&quot;&gt;Display Name&lt;/td&gt;&lt;td class=&quot;setting-main&quot;&gt;&#10;   &#10;&#10;  &#10;  &lt;input checkurl=&quot;&apos;/checkDisplayName?displayName=&apos;+encodeURIComponent(this.value)+&apos;&amp;amp;jobName=&apos;+encodeURIComponent(&apos;molecular_voter&apos;)&quot; name=&quot;_.displayNameOrNull&quot; type=&quot;text&quot; class=&quot;setting-input validated  &quot; value=&quot;&quot; path=&quot;/displayNameOrNull&quot;&gt;&lt;/td&gt;&lt;td class=&quot;setting-help&quot;&gt;&lt;a helpurl=&quot;/descriptor/hudson.model.FreeStyleProject/help/displayNameOrNull&quot; href=&quot;#&quot; class=&quot;help-button&quot; tabindex=&quot;9999&quot;&gt;&lt;img src=&quot;/static/fd2e7eb0/images/16x16/help.png&quot; alt=&quot;Help for feature: Display Name&quot; style=&quot;width: 16px; height: 16px; &quot; class=&quot;icon-help icon-sm&quot;&gt;&lt;/a&gt;&lt;/td&gt;&lt;/tr&gt;&lt;tr class=&quot;validation-error-area&quot;&gt;&lt;td colspan=&quot;2&quot;&gt;&lt;/td&gt;&lt;td&gt;&lt;div&gt;&lt;/div&gt;&lt;/td&gt;&lt;td&gt;&lt;/td&gt;&lt;/tr&gt;&lt;tr class=&quot;help-area&quot;&gt;&lt;td&gt;&lt;/td&gt;&lt;td colspan=&quot;2&quot;&gt;&lt;div class=&quot;help&quot;&gt;Loading...&lt;/div&gt;&lt;/td&gt;&lt;td&gt;&lt;/td&gt;&lt;/tr&gt;&lt;tr class=&quot;optional-block-start row-set-start&quot; hashelp=&quot;true&quot; ref=&quot;cb24&quot;&gt;&lt;td colspan=&quot;3&quot;&gt;&lt;input onclick=&quot;javascript:updateOptionalBlock(this,true)&quot; name=&quot;keepDependencies&quot; type=&quot;checkbox&quot; class=&quot; &quot; id=&quot;cb24&quot; path=&quot;/keepDependencies&quot;&gt;&lt;label class=&quot;attach-previous&quot;&gt;Keep the build logs of dependencies&lt;/label&gt;&lt;/td&gt;&lt;td class=&quot;setting-help&quot;&gt;&lt;a helpurl=&quot;/help/tasks/fingerprint/keepDependencies.html&quot; href=&quot;#&quot; class=&quot;help-button&quot; tabindex=&quot;9999&quot;&gt;&lt;img src=&quot;/static/fd2e7eb0/images/16x16/help.png&quot; alt=&quot;Help for feature: Keep the build logs of dependencies&quot; style=&quot;width: 16px; height: 16px; &quot; class=&quot;icon-help icon-sm&quot;&gt;&lt;/a&gt;&lt;/td&gt;&lt;/tr&gt;&lt;tr class=&quot;help-area&quot; nameref=&quot;cb24&quot;&gt;&lt;td&gt;&lt;/td&gt;&lt;td colspan=&quot;2&quot;&gt;&lt;div class=&quot;help&quot;&gt;Loading...&lt;/div&gt;&lt;/td&gt;&lt;td&gt;&lt;/td&gt;&lt;/tr&gt;&lt;tr class=&quot;rowvg-start&quot; nameref=&quot;cb24&quot; style=&quot;display: none;&quot;&gt;&lt;/tr&gt;&lt;tr class=&quot;row-set-end rowvg-end optional-block-end&quot;&gt;&lt;/tr&gt;&lt;/tbody&gt;&lt;/table&gt;&lt;/td&gt;&lt;td&gt;&lt;/td&gt;&lt;/tr&gt;&lt;tr&gt;&lt;td colspan=&quot;4&quot;&gt;&lt;div class=&quot;section-header&quot;&gt;&lt;a id=&quot;section1&quot; class=&quot;section-anchor&quot;&gt;#&lt;/a&gt;Source Code Management&lt;/div&gt;&lt;/td&gt;&lt;/tr&gt;&lt;script src=&quot;/adjuncts/fd2e7eb0/lib/form/radioBlock/radioBlock.js&quot; type=&quot;text/javascript&quot;&gt;&lt;/script&gt;&lt;tr class=&quot;radio-block-start row-set-start&quot; hashelp=&quot;false&quot; ref=&quot;radio-block-9&quot;&gt;&lt;td colspan=&quot;3&quot;&gt;&lt;label&gt;&lt;input name=&quot;scm&quot; checked=&quot;true&quot; type=&quot;radio&quot; value=&quot;0&quot; class=&quot;radio-block-control&quot; id=&quot;radio-block-9&quot; path=&quot;/scm[0]&quot;&gt;&#10;        None&#10;      &lt;/label&gt;&lt;/td&gt;&lt;td class=&quot;setting-no-help&quot;&gt;&lt;/td&gt;&lt;/tr&gt;&lt;tr style=&quot;display:none&quot; class=&quot;row-set-end radio-block-end&quot;&gt;&lt;/tr&gt;&lt;tr class=&quot;radio-block-start row-set-start&quot; hashelp=&quot;false&quot; ref=&quot;radio-block-10&quot;&gt;&lt;td colspan=&quot;3&quot;&gt;&lt;label&gt;&lt;input name=&quot;scm&quot; type=&quot;radio&quot; value=&quot;1&quot; class=&quot;radio-block-control&quot; id=&quot;radio-block-10&quot; path=&quot;/scm[1]&quot;&gt;&#10;        CVS&#10;      &lt;/label&gt;&lt;/td&gt;&lt;td class=&quot;setting-no-help&quot;&gt;&lt;/td&gt;&lt;/tr&gt;&lt;tr nameref=&quot;radio-block-10&quot; style=&quot;display: none;&quot;&gt;&lt;td class=&quot;setting-leftspace&quot;&gt;&amp;nbsp;&lt;/td&gt;&lt;td class=&quot;setting-name&quot;&gt;&lt;/td&gt;&lt;td class=&quot;setting-main&quot;&gt;&lt;div class=&quot;repeated-container&quot;&gt;&lt;div name=&quot;repositories&quot; class=&quot;repeated-chunk first last only&quot;&gt;&lt;table style=&quot;width:100%&quot;&gt;&lt;tbody&gt;&lt;tr&gt;&lt;td class=&quot;setting-leftspace&quot;&gt;&amp;nbsp;&lt;/td&gt;&lt;td class=&quot;setting-name&quot;&gt;CVSROOT&lt;/td&gt;&lt;td class=&quot;setting-main&quot;&gt;&#10;   &#10;&#10;  &#10;  &lt;input checkdependson=&quot;&quot; checkurl=&quot;/job/molecular_voter/descriptorByName/hudson.scm.CvsRepository/checkCvsRoot&quot; name=&quot;_.cvsRoot&quot; type=&quot;text&quot; class=&quot;setting-input validated  &quot; value=&quot;&quot;&gt;&lt;/td&gt;&lt;td class=&quot;setting-help&quot;&gt;&lt;a helpurl=&quot;/descriptor/hudson.scm.CvsRepository/help/cvsRoot&quot; href=&quot;#&quot; class=&quot;help-button&quot; tabindex=&quot;9999&quot;&gt;&lt;img src=&quot;/static/fd2e7eb0/images/16x16/help.png&quot; alt=&quot;Help for feature: CVSROOT&quot; style=&quot;width: 16px; height: 16px; &quot; class=&quot;icon-help icon-sm&quot;&gt;&lt;/a&gt;&lt;/td&gt;&lt;/tr&gt;&lt;tr class=&quot;validation-error-area&quot;&gt;&lt;td colspan=&quot;2&quot;&gt;&lt;/td&gt;&lt;td&gt;&lt;div class=&quot;error&quot;&gt;&lt;img src=&quot;/static/fd2e7eb0/images/none.gif&quot; height=&quot;16&quot; width=&quot;1&quot;&gt;CVSROOT is mandatory&lt;/div&gt;&lt;/td&gt;&lt;td&gt;&lt;/td&gt;&lt;/tr&gt;&lt;tr class=&quot;help-area&quot;&gt;&lt;td&gt;&lt;/td&gt;&lt;td colspan=&quot;2&quot;&gt;&lt;div class=&quot;help&quot;&gt;Loading...&lt;/div&gt;&lt;/td&gt;&lt;td&gt;&lt;/td&gt;&lt;/tr&gt;&lt;tr class=&quot;optional-block-start &quot; hashelp=&quot;false&quot; ref=&quot;cb25&quot;&gt;&lt;td colspan=&quot;3&quot;&gt;&lt;input onclick=&quot;javascript:updateOptionalBlock(this,true)&quot; name=&quot;passwordRequired&quot; type=&quot;checkbox&quot; class=&quot; &quot; id=&quot;cb25&quot;&gt;&lt;label class=&quot;attach-previous&quot;&gt;This Connection Requires A Password&lt;/label&gt;&lt;/td&gt;&lt;td class=&quot;setting-no-help&quot;&gt;&lt;/td&gt;&lt;/tr&gt;&lt;tr class=&quot;rowvg-start&quot; style=&quot;display: none;&quot;&gt;&lt;/tr&gt;&lt;tr style=&quot;display: none;&quot;&gt;&lt;td class=&quot;setting-leftspace&quot;&gt;&amp;nbsp;&lt;/td&gt;&lt;td class=&quot;setting-name&quot;&gt;Password&lt;/td&gt;&lt;td class=&quot;setting-main&quot;&gt;&lt;input name=&quot;_.password&quot; type=&quot;password&quot; class=&quot;setting-input &quot; value=&quot;&quot;&gt;&lt;/td&gt;&lt;td class=&quot;setting-no-help&quot;&gt;&lt;/td&gt;&lt;/tr&gt;&lt;tr class=&quot;validation-error-area&quot; style=&quot;display: none;&quot;&gt;&lt;td colspan=&quot;2&quot;&gt;&lt;/td&gt;&lt;td&gt;&lt;/td&gt;&lt;td&gt;&lt;/td&gt;&lt;/tr&gt;&lt;tr class=&quot; rowvg-end optional-block-end&quot;&gt;&lt;/tr&gt;&lt;tr&gt;&lt;td class=&quot;setting-leftspace&quot;&gt;&amp;nbsp;&lt;/td&gt;&lt;td class=&quot;setting-name&quot;&gt;&lt;/td&gt;&lt;td class=&quot;setting-main&quot;&gt;&lt;div class=&quot;repeated-container&quot;&gt;&lt;div name=&quot;repositoryItems&quot; class=&quot;repeated-chunk first last only&quot;&gt;&lt;table style=&quot;width:100%&quot;&gt;&lt;tbody&gt;&lt;tr&gt;&lt;td class=&quot;setting-leftspace&quot;&gt;&amp;nbsp;&lt;/td&gt;&lt;td class=&quot;setting-name&quot;&gt;Location&lt;/td&gt;&lt;td class=&quot;setting-main&quot;&gt;&lt;select class=&quot;setting-input dropdownList&quot;&gt;&lt;option value=&quot;0&quot;&gt;Branch&lt;/option&gt;&lt;option value=&quot;1&quot; selected=&quot;true&quot;&gt;Head&lt;/option&gt;&lt;option value=&quot;2&quot;&gt;Tag&lt;/option&gt;&lt;/select&gt;&lt;/td&gt;&lt;td class=&quot;setting-no-help&quot;&gt;&lt;/td&gt;&lt;/tr&gt;&lt;tr class=&quot;dropdownList-container&quot;&gt;&lt;td colspan=&quot;2&quot;&gt;&lt;/td&gt;&lt;td colspan=&quot;2&quot;&gt;&lt;table width=&quot;100%&quot; name=&quot;location&quot;&gt;&lt;tbody&gt;&lt;tr class=&quot;dropdownList-start rowvg-start&quot; field-disabled=&quot;true&quot; style=&quot;display: none;&quot;&gt;&lt;/tr&gt;&lt;tr field-disabled=&quot;true&quot; style=&quot;display: none;&quot;&gt;&lt;td class=&quot;setting-leftspace&quot;&gt;&amp;nbsp;&lt;/td&gt;&lt;td class=&quot;setting-name&quot;&gt;Branch Name&lt;/td&gt;&lt;td class=&quot;setting-main&quot;&gt;&#10;   &#10;&#10;  &#10;  &lt;input name=&quot;_.branchName&quot; type=&quot;text&quot; class=&quot;setting-input   &quot; value=&quot;&quot;&gt;&lt;/td&gt;&lt;td class=&quot;setting-no-help&quot;&gt;&lt;/td&gt;&lt;/tr&gt;&lt;tr class=&quot;validation-error-area&quot; field-disabled=&quot;true&quot; style=&quot;display: none;&quot;&gt;&lt;td colspan=&quot;2&quot;&gt;&lt;/td&gt;&lt;td&gt;&lt;/td&gt;&lt;td&gt;&lt;/td&gt;&lt;/tr&gt;&lt;tr field-disabled=&quot;true&quot; style=&quot;display: none;&quot;&gt;&lt;td class=&quot;setting-leftspace&quot;&gt;&amp;nbsp;&lt;/td&gt;&lt;td class=&quot;setting-name&quot;&gt;Use Head If Not Found&lt;/td&gt;&lt;td class=&quot;setting-main&quot;&gt;&lt;input name=&quot;_.useHeadIfNotFound&quot; type=&quot;checkbox&quot; class=&quot; &quot;&gt;&lt;/td&gt;&lt;td class=&quot;setting-no-help&quot;&gt;&lt;/td&gt;&lt;/tr&gt;&lt;tr class=&quot;validation-error-area&quot; field-disabled=&quot;true&quot; style=&quot;display: none;&quot;&gt;&lt;td colspan=&quot;2&quot;&gt;&lt;/td&gt;&lt;td&gt;&lt;/td&gt;&lt;td&gt;&lt;/td&gt;&lt;/tr&gt;&lt;tr style=&quot;display: none;&quot; field-disabled=&quot;true&quot;&gt;&lt;td&gt;&lt;input name=&quot;stapler-class&quot; type=&quot;hidden&quot; value=&quot;hudson.scm.CvsRepositoryLocation$BranchRepositoryLocation&quot;&gt;&lt;input name=&quot;$class&quot; type=&quot;hidden&quot; value=&quot;hudson.scm.CvsRepositoryLocation$BranchRepositoryLocation&quot;&gt;&lt;/td&gt;&lt;/tr&gt;&lt;tr class=&quot;dropdownList-end rowvg-end&quot;&gt;&lt;/tr&gt;&lt;tr class=&quot;dropdownList-start rowvg-start&quot;&gt;&lt;/tr&gt;&lt;tr style=&quot;&quot;&gt;&lt;td&gt;&lt;input name=&quot;stapler-class&quot; type=&quot;hidden&quot; value=&quot;hudson.scm.CvsRepositoryLocation$HeadRepositoryLocation&quot;&gt;&lt;input name=&quot;$class&quot; type=&quot;hidden&quot; value=&quot;hudson.scm.CvsRepositoryLocation$HeadRepositoryLocation&quot;&gt;&lt;/td&gt;&lt;/tr&gt;&lt;tr class=&quot;dropdownList-end rowvg-end&quot;&gt;&lt;/tr&gt;&lt;tr class=&quot;dropdownList-start rowvg-start&quot; field-disabled=&quot;true&quot; style=&quot;display: none;&quot;&gt;&lt;/tr&gt;&lt;tr field-disabled=&quot;true&quot; style=&quot;display: none;&quot;&gt;&lt;td class=&quot;setting-leftspace&quot;&gt;&amp;nbsp;&lt;/td&gt;&lt;td class=&quot;setting-name&quot;&gt;Tag Name&lt;/td&gt;&lt;td class=&quot;setting-main&quot;&gt;&#10;   &#10;&#10;  &#10;  &lt;input name=&quot;_.tagName&quot; type=&quot;text&quot; class=&quot;setting-input   &quot; value=&quot;&quot;&gt;&lt;/td&gt;&lt;td class=&quot;setting-no-help&quot;&gt;&lt;/td&gt;&lt;/tr&gt;&lt;tr class=&quot;validation-error-area&quot; field-disabled=&quot;true&quot; style=&quot;display: none;&quot;&gt;&lt;td colspan=&quot;2&quot;&gt;&lt;/td&gt;&lt;td&gt;&lt;/td&gt;&lt;td&gt;&lt;/td&gt;&lt;/tr&gt;&lt;tr field-disabled=&quot;true&quot; style=&quot;display: none;&quot;&gt;&lt;td class=&quot;setting-leftspace&quot;&gt;&amp;nbsp;&lt;/td&gt;&lt;td class=&quot;setting-name&quot;&gt;Use Head If Not Found&lt;/td&gt;&lt;td class=&quot;setting-main&quot;&gt;&lt;input name=&quot;_.useHeadIfNotFound&quot; type=&quot;checkbox&quot; class=&quot; &quot;&gt;&lt;/td&gt;&lt;td class=&quot;setting-no-help&quot;&gt;&lt;/td&gt;&lt;/tr&gt;&lt;tr class=&quot;validation-error-area&quot; field-disabled=&quot;true&quot; style=&quot;display: none;&quot;&gt;&lt;td colspan=&quot;2&quot;&gt;&lt;/td&gt;&lt;td&gt;&lt;/td&gt;&lt;td&gt;&lt;/td&gt;&lt;/tr&gt;&lt;tr style=&quot;display: none;&quot; field-disabled=&quot;true&quot;&gt;&lt;td&gt;&lt;input name=&quot;stapler-class&quot; type=&quot;hidden&quot; value=&quot;hudson.scm.CvsRepositoryLocation$TagRepositoryLocation&quot;&gt;&lt;input name=&quot;$class&quot; type=&quot;hidden&quot; value=&quot;hudson.scm.CvsRepositoryLocation$TagRepositoryLocation&quot;&gt;&lt;/td&gt;&lt;/tr&gt;&lt;tr class=&quot;dropdownList-end rowvg-end&quot;&gt;&lt;/tr&gt;&lt;/tbody&gt;&lt;/table&gt;&lt;/td&gt;&lt;/tr&gt;&lt;tr&gt;&lt;td class=&quot;setting-leftspace&quot;&gt;&amp;nbsp;&lt;/td&gt;&lt;td class=&quot;setting-name&quot;&gt;Modules&lt;/td&gt;&lt;td class=&quot;setting-main&quot;&gt;&lt;div class=&quot;repeated-container&quot;&gt;&lt;div name=&quot;modules&quot; class=&quot;repeated-chunk first last only&quot;&gt;&lt;table style=&quot;width:100%&quot;&gt;&lt;tbody&gt;&lt;tr&gt;&lt;td class=&quot;setting-leftspace&quot;&gt;&amp;nbsp;&lt;/td&gt;&lt;td class=&quot;setting-name&quot;&gt;Remote Name&lt;/td&gt;&lt;td class=&quot;setting-main&quot;&gt;&#10;   &#10;&#10;  &#10;  &lt;input checkdependson=&quot;&quot; checkurl=&quot;/job/molecular_voter/descriptorByName/hudson.scm.CvsModule/checkRemoteName&quot; name=&quot;_.remoteName&quot; type=&quot;text&quot; class=&quot;setting-input validated  &quot; value=&quot;&quot;&gt;&lt;/td&gt;&lt;td class=&quot;setting-help&quot;&gt;&lt;a helpurl=&quot;/descriptor/hudson.scm.CvsModule/help/remoteName&quot; href=&quot;#&quot; class=&quot;help-button&quot; tabindex=&quot;9999&quot;&gt;&lt;img src=&quot;/static/fd2e7eb0/images/16x16/help.png&quot; alt=&quot;Help for feature: Remote Name&quot; style=&quot;width: 16px; height: 16px; &quot; class=&quot;icon-help icon-sm&quot;&gt;&lt;/a&gt;&lt;/td&gt;&lt;/tr&gt;&lt;tr class=&quot;validation-error-area&quot;&gt;&lt;td colspan=&quot;2&quot;&gt;&lt;/td&gt;&lt;td&gt;&lt;div class=&quot;error&quot;&gt;&lt;img src=&quot;/static/fd2e7eb0/images/none.gif&quot; height=&quot;16&quot; width=&quot;1&quot;&gt;Remote Name is mandatory&lt;/div&gt;&lt;/td&gt;&lt;td&gt;&lt;/td&gt;&lt;/tr&gt;&lt;tr class=&quot;help-area&quot;&gt;&lt;td&gt;&lt;/td&gt;&lt;td colspan=&quot;2&quot;&gt;&lt;div class=&quot;help&quot;&gt;Loading...&lt;/div&gt;&lt;/td&gt;&lt;td&gt;&lt;/td&gt;&lt;/tr&gt;&lt;tr&gt;&lt;td class=&quot;setting-leftspace&quot;&gt;&amp;nbsp;&lt;/td&gt;&lt;td class=&quot;setting-name&quot;&gt;Local Name&lt;/td&gt;&lt;td class=&quot;setting-main&quot;&gt;&#10;   &#10;&#10;  &#10;  &lt;input name=&quot;_.localName&quot; type=&quot;text&quot; class=&quot;setting-input   &quot; value=&quot;&quot;&gt;&lt;/td&gt;&lt;td class=&quot;setting-help&quot;&gt;&lt;a helpurl=&quot;/descriptor/hudson.scm.CvsModule/help/localName&quot; href=&quot;#&quot; class=&quot;help-button&quot; tabindex=&quot;9999&quot;&gt;&lt;img src=&quot;/static/fd2e7eb0/images/16x16/help.png&quot; alt=&quot;Help for feature: Local Name&quot; style=&quot;width: 16px; height: 16px; &quot; class=&quot;icon-help icon-sm&quot;&gt;&lt;/a&gt;&lt;/td&gt;&lt;/tr&gt;&lt;tr class=&quot;validation-error-area&quot;&gt;&lt;td colspan=&quot;2&quot;&gt;&lt;/td&gt;&lt;td&gt;&lt;/td&gt;&lt;td&gt;&lt;/td&gt;&lt;/tr&gt;&lt;tr class=&quot;help-area&quot;&gt;&lt;td&gt;&lt;/td&gt;&lt;td colspan=&quot;2&quot;&gt;&lt;div class=&quot;help&quot;&gt;Loading...&lt;/div&gt;&lt;/td&gt;&lt;td&gt;&lt;/td&gt;&lt;/tr&gt;&lt;tr&gt;&lt;td class=&quot;setting-leftspace&quot;&gt;&amp;nbsp;&lt;/td&gt;&lt;td class=&quot;setting-name&quot;&gt;&lt;/td&gt;&lt;td class=&quot;setting-main&quot;&gt;&lt;div align=&quot;right&quot;&gt;&lt;span class=&quot;yui-button yui-push-button repeatable-add show-if-last&quot; id=&quot;yui-gen12&quot;&gt;&lt;span class=&quot;first-child&quot;&gt;&lt;button type=&quot;button&quot; tabindex=&quot;0&quot; id=&quot;yui-gen12-button&quot;&gt;Add more modules...&lt;/button&gt;&lt;/span&gt;&lt;/span&gt;&lt;span class=&quot;yui-button yui-push-button repeatable-delete show-if-not-only&quot; id=&quot;yui-gen21&quot;&gt;&lt;span class=&quot;first-child&quot;&gt;&lt;button type=&quot;button&quot; tabindex=&quot;0&quot; id=&quot;yui-gen21-button&quot;&gt;Delete&lt;/button&gt;&lt;/span&gt;&lt;/span&gt;&lt;/div&gt;&lt;/td&gt;&lt;td class=&quot;setting-no-help&quot;&gt;&lt;/td&gt;&lt;/tr&gt;&lt;tr class=&quot;validation-error-area&quot;&gt;&lt;td colspan=&quot;2&quot;&gt;&lt;/td&gt;&lt;td&gt;&lt;/td&gt;&lt;td&gt;&lt;/td&gt;&lt;/tr&gt;&lt;/tbody&gt;&lt;/table&gt;&lt;/div&gt;&lt;div class=&quot;repeatable-insertion-point&quot;&gt;&lt;/div&gt;&lt;/div&gt;&lt;/td&gt;&lt;td class=&quot;setting-no-help&quot;&gt;&lt;/td&gt;&lt;/tr&gt;&lt;tr class=&quot;validation-error-area&quot;&gt;&lt;td colspan=&quot;2&quot;&gt;&lt;/td&gt;&lt;td&gt;&lt;/td&gt;&lt;td&gt;&lt;/td&gt;&lt;/tr&gt;&lt;tr&gt;&lt;td class=&quot;setting-leftspace&quot;&gt;&amp;nbsp;&lt;/td&gt;&lt;td class=&quot;setting-name&quot;&gt;&lt;/td&gt;&lt;td class=&quot;setting-main&quot;&gt;&lt;div align=&quot;right&quot;&gt;&lt;span class=&quot;yui-button yui-push-button repeatable-add show-if-last&quot; id=&quot;yui-gen13&quot;&gt;&lt;span class=&quot;first-child&quot;&gt;&lt;button type=&quot;button&quot; tabindex=&quot;0&quot; id=&quot;yui-gen13-button&quot;&gt;Add more locations...&lt;/button&gt;&lt;/span&gt;&lt;/span&gt;&lt;span class=&quot;yui-button yui-push-button repeatable-delete show-if-not-only&quot; id=&quot;yui-gen22&quot;&gt;&lt;span class=&quot;first-child&quot;&gt;&lt;button type=&quot;button&quot; tabindex=&quot;0&quot; id=&quot;yui-gen22-button&quot;&gt;Delete&lt;/button&gt;&lt;/span&gt;&lt;/span&gt;&lt;/div&gt;&lt;/td&gt;&lt;td class=&quot;setting-no-help&quot;&gt;&lt;/td&gt;&lt;/tr&gt;&lt;tr class=&quot;validation-error-area&quot;&gt;&lt;td colspan=&quot;2&quot;&gt;&lt;/td&gt;&lt;td&gt;&lt;/td&gt;&lt;td&gt;&lt;/td&gt;&lt;/tr&gt;&lt;/tbody&gt;&lt;/table&gt;&lt;/div&gt;&lt;div class=&quot;repeatable-insertion-point&quot;&gt;&lt;/div&gt;&lt;/div&gt;&lt;/td&gt;&lt;td class=&quot;setting-no-help&quot;&gt;&lt;/td&gt;&lt;/tr&gt;&lt;tr class=&quot;validation-error-area&quot;&gt;&lt;td colspan=&quot;2&quot;&gt;&lt;/td&gt;&lt;td&gt;&lt;/td&gt;&lt;td&gt;&lt;/td&gt;&lt;/tr&gt;&lt;tr&gt;&lt;td&gt;&lt;/td&gt;&lt;td&gt;&lt;/td&gt;&lt;td&gt;&lt;div style=&quot;&quot; class=&quot;advancedLink&quot;&gt;&lt;span style=&quot;display: none&quot; id=&quot;id22&quot;&gt;&lt;img src=&quot;/static/fd2e7eb0/images/24x24/notepad.png&quot; tooltip=&quot;One or more fields in this block have been edited.&quot; style=&quot;width: 24px; height: 24px; vertical-align: baseline&quot; class=&quot;icon-notepad icon-md&quot; title=&quot;One or more fields in this block have been edited.&quot;&gt;&lt;/span&gt;&amp;nbsp;&lt;span class=&quot;yui-button yui-push-button advanced-button advancedButton&quot; id=&quot;yui-gen8&quot;&gt;&lt;span class=&quot;first-child&quot;&gt;&lt;button type=&quot;button&quot; tabindex=&quot;0&quot; id=&quot;yui-gen8-button&quot;&gt;Advanced...&lt;/button&gt;&lt;/span&gt;&lt;/span&gt;&lt;/div&gt;&lt;table class=&quot;advancedBody&quot;&gt;&lt;tbody&gt;&lt;tr&gt;&lt;td colspan=&quot;4&quot;&gt;&lt;div class=&quot;section-header&quot;&gt;&lt;a id=&quot;section3&quot; class=&quot;section-anchor&quot;&gt;#&lt;/a&gt;Advanced Repository Options&lt;/div&gt;&lt;/td&gt;&lt;/tr&gt;&lt;tr&gt;&lt;td class=&quot;setting-leftspace&quot;&gt;&amp;nbsp;&lt;/td&gt;&lt;td class=&quot;setting-name&quot;&gt;Repository browser&lt;/td&gt;&lt;td class=&quot;setting-main&quot;&gt;&lt;select class=&quot;setting-input dropdownList&quot;&gt;&lt;option value=&quot;auto&quot;&gt;(Auto)&lt;/option&gt;&lt;option value=&quot;0&quot;&gt;FishEye&lt;/option&gt;&lt;option value=&quot;1&quot;&gt;OpenGrok&lt;/option&gt;&lt;option value=&quot;2&quot;&gt;ViewCVS&lt;/option&gt;&lt;/select&gt;&lt;/td&gt;&lt;td class=&quot;setting-help&quot;&gt;&lt;a helpurl=&quot;/help/scm-browsers/list.html&quot; href=&quot;#&quot; class=&quot;help-button&quot; tabindex=&quot;9999&quot;&gt;&lt;img src=&quot;/static/fd2e7eb0/images/16x16/help.png&quot; alt=&quot;Help for feature: Repository browser&quot; style=&quot;width: 16px; height: 16px; &quot; class=&quot;icon-help icon-sm&quot;&gt;&lt;/a&gt;&lt;/td&gt;&lt;/tr&gt;&lt;tr class=&quot;dropdownList-container&quot;&gt;&lt;td colspan=&quot;2&quot;&gt;&lt;/td&gt;&lt;td colspan=&quot;2&quot;&gt;&lt;table width=&quot;100%&quot; name=&quot;repositoryBrowser&quot;&gt;&lt;tbody&gt;&lt;tr class=&quot;dropdownList-start rowvg-start&quot;&gt;&lt;/tr&gt;&lt;tr class=&quot;dropdownList-end rowvg-end&quot;&gt;&lt;/tr&gt;&lt;tr class=&quot;dropdownList-start rowvg-start&quot; field-disabled=&quot;true&quot; style=&quot;display: none;&quot;&gt;&lt;/tr&gt;&lt;tr class=&quot;render-on-demand &quot; proxy=&quot;makeStaplerProxy(&apos;/$stapler/bound/c362f04b-59b3-4ac0-a6bd-232ba933cfe3&apos;,&apos;d9558d1b-578e-4743-a240-8717f9f0c41e&apos;,[&apos;render&apos;])&quot; field-disabled=&quot;true&quot; style=&quot;display: none;&quot;&gt;&lt;/tr&gt;&lt;tr style=&quot;display: none;&quot; field-disabled=&quot;true&quot;&gt;&lt;td&gt;&lt;input name=&quot;stapler-class&quot; type=&quot;hidden&quot; value=&quot;hudson.scm.browsers.FishEyeCVS&quot;&gt;&lt;input name=&quot;$class&quot; type=&quot;hidden&quot; value=&quot;hudson.scm.browsers.FishEyeCVS&quot;&gt;&lt;/td&gt;&lt;/tr&gt;&lt;tr class=&quot;dropdownList-end rowvg-end&quot;&gt;&lt;/tr&gt;&lt;tr class=&quot;dropdownList-start rowvg-start&quot; field-disabled=&quot;true&quot; style=&quot;display: none;&quot;&gt;&lt;/tr&gt;&lt;tr class=&quot;render-on-demand &quot; proxy=&quot;makeStaplerProxy(&apos;/$stapler/bound/b4c29d94-1888-489c-bd88-5c2114effa9a&apos;,&apos;d9558d1b-578e-4743-a240-8717f9f0c41e&apos;,[&apos;render&apos;])&quot; field-disabled=&quot;true&quot; style=&quot;display: none;&quot;&gt;&lt;/tr&gt;&lt;tr style=&quot;display: none;&quot; field-disabled=&quot;true&quot;&gt;&lt;td&gt;&lt;input name=&quot;stapler-class&quot; type=&quot;hidden&quot; value=&quot;hudson.scm.browsers.OpenGrok&quot;&gt;&lt;input name=&quot;$class&quot; type=&quot;hidden&quot; value=&quot;hudson.scm.browsers.OpenGrok&quot;&gt;&lt;/td&gt;&lt;/tr&gt;&lt;tr class=&quot;dropdownList-end rowvg-end&quot;&gt;&lt;/tr&gt;&lt;tr class=&quot;dropdownList-start rowvg-start&quot; field-disabled=&quot;true&quot; style=&quot;display: none;&quot;&gt;&lt;/tr&gt;&lt;tr class=&quot;render-on-demand &quot; proxy=&quot;makeStaplerProxy(&apos;/$stapler/bound/b68e4818-759e-404e-bd77-4e80af51f679&apos;,&apos;d9558d1b-578e-4743-a240-8717f9f0c41e&apos;,[&apos;render&apos;])&quot; field-disabled=&quot;true&quot; style=&quot;display: none;&quot;&gt;&lt;/tr&gt;&lt;tr style=&quot;display: none;&quot; field-disabled=&quot;true&quot;&gt;&lt;td&gt;&lt;input name=&quot;stapler-class&quot; type=&quot;hidden&quot; value=&quot;hudson.scm.browsers.ViewCVS&quot;&gt;&lt;input name=&quot;$class&quot; type=&quot;hidden&quot; value=&quot;hudson.scm.browsers.ViewCVS&quot;&gt;&lt;/td&gt;&lt;/tr&gt;&lt;tr class=&quot;dropdownList-end rowvg-end&quot;&gt;&lt;/tr&gt;&lt;/tbody&gt;&lt;/table&gt;&lt;/td&gt;&lt;/tr&gt;&lt;tr class=&quot;help-area&quot;&gt;&lt;td&gt;&lt;/td&gt;&lt;td colspan=&quot;2&quot;&gt;&lt;div class=&quot;help&quot;&gt;Loading...&lt;/div&gt;&lt;/td&gt;&lt;td&gt;&lt;/td&gt;&lt;/tr&gt;&lt;tr&gt;&lt;td class=&quot;setting-leftspace&quot;&gt;&amp;nbsp;&lt;/td&gt;&lt;td class=&quot;setting-name&quot;&gt;Exclude Regions&lt;/td&gt;&lt;td class=&quot;setting-main&quot;&gt;&lt;div class=&quot;repeated-container&quot;&gt;&lt;div name=&quot;excludedRegions&quot; class=&quot;repeated-chunk first last only&quot;&gt;&lt;table style=&quot;width:100%&quot;&gt;&lt;tbody&gt;&lt;tr&gt;&lt;td class=&quot;setting-leftspace&quot;&gt;&amp;nbsp;&lt;/td&gt;&lt;td class=&quot;setting-name&quot;&gt;Pattern&lt;/td&gt;&lt;td class=&quot;setting-main&quot;&gt;&#10;   &#10;&#10;  &#10;  &lt;input checkdependson=&quot;&quot; checkurl=&quot;/job/molecular_voter/descriptorByName/hudson.scm.ExcludedRegion/checkPattern&quot; name=&quot;_.pattern&quot; type=&quot;text&quot; class=&quot;setting-input validated  &quot; value=&quot;&quot;&gt;&lt;/td&gt;&lt;td class=&quot;setting-no-help&quot;&gt;&lt;/td&gt;&lt;/tr&gt;&lt;tr class=&quot;validation-error-area&quot;&gt;&lt;td colspan=&quot;2&quot;&gt;&lt;/td&gt;&lt;td&gt;&lt;div&gt;&lt;/div&gt;&lt;/td&gt;&lt;td&gt;&lt;/td&gt;&lt;/tr&gt;&lt;tr&gt;&lt;td class=&quot;setting-leftspace&quot;&gt;&amp;nbsp;&lt;/td&gt;&lt;td class=&quot;setting-name&quot;&gt;&lt;/td&gt;&lt;td class=&quot;setting-main&quot;&gt;&lt;div align=&quot;right&quot;&gt;&lt;span class=&quot;yui-button yui-push-button repeatable-add show-if-last&quot; id=&quot;yui-gen14&quot;&gt;&lt;span class=&quot;first-child&quot;&gt;&lt;button type=&quot;button&quot; tabindex=&quot;0&quot; id=&quot;yui-gen14-button&quot;&gt;Add more patterns...&lt;/button&gt;&lt;/span&gt;&lt;/span&gt;&lt;span class=&quot;yui-button yui-push-button repeatable-delete show-if-not-only&quot; id=&quot;yui-gen23&quot;&gt;&lt;span class=&quot;first-child&quot;&gt;&lt;button type=&quot;button&quot; tabindex=&quot;0&quot; id=&quot;yui-gen23-button&quot;&gt;Delete&lt;/button&gt;&lt;/span&gt;&lt;/span&gt;&lt;/div&gt;&lt;/td&gt;&lt;td class=&quot;setting-no-help&quot;&gt;&lt;/td&gt;&lt;/tr&gt;&lt;tr class=&quot;validation-error-area&quot;&gt;&lt;td colspan=&quot;2&quot;&gt;&lt;/td&gt;&lt;td&gt;&lt;/td&gt;&lt;td&gt;&lt;/td&gt;&lt;/tr&gt;&lt;/tbody&gt;&lt;/table&gt;&lt;/div&gt;&lt;div class=&quot;repeatable-insertion-point&quot;&gt;&lt;/div&gt;&lt;/div&gt;&lt;/td&gt;&lt;td class=&quot;setting-no-help&quot;&gt;&lt;/td&gt;&lt;/tr&gt;&lt;tr class=&quot;validation-error-area&quot;&gt;&lt;td colspan=&quot;2&quot;&gt;&lt;/td&gt;&lt;td&gt;&lt;/td&gt;&lt;td&gt;&lt;/td&gt;&lt;/tr&gt;&lt;tr&gt;&lt;td class=&quot;setting-leftspace&quot;&gt;&amp;nbsp;&lt;/td&gt;&lt;td class=&quot;setting-name&quot;&gt;Compression Level&lt;/td&gt;&lt;td class=&quot;setting-main&quot;&gt;&#10;&#10;   &#10;  &lt;select fillurl=&quot;/job/molecular_voter/descriptorByName/hudson.scm.CvsRepository/fillCompressionLevelItems&quot; name=&quot;_.compressionLevel&quot; class=&quot;setting-input  select &quot; value=&quot;&quot;&gt;&lt;option value=&quot;-1&quot;&gt;System Default&lt;/option&gt;&lt;option value=&quot;0&quot;&gt;None&lt;/option&gt;&lt;option value=&quot;1&quot;&gt;1&lt;/option&gt;&lt;option value=&quot;2&quot;&gt;2&lt;/option&gt;&lt;option value=&quot;3&quot;&gt;3 (Recommended)&lt;/option&gt;&lt;option value=&quot;4&quot;&gt;4&lt;/option&gt;&lt;option value=&quot;5&quot;&gt;5&lt;/option&gt;&lt;option value=&quot;6&quot;&gt;6&lt;/option&gt;&lt;option value=&quot;7&quot;&gt;7&lt;/option&gt;&lt;option value=&quot;8&quot;&gt;8&lt;/option&gt;&lt;option value=&quot;9&quot;&gt;9&lt;/option&gt;&lt;/select&gt;&lt;/td&gt;&lt;td class=&quot;setting-no-help&quot;&gt;&lt;/td&gt;&lt;/tr&gt;&lt;tr class=&quot;validation-error-area&quot;&gt;&lt;td colspan=&quot;2&quot;&gt;&lt;/td&gt;&lt;td&gt;&lt;/td&gt;&lt;td&gt;&lt;/td&gt;&lt;/tr&gt;&lt;/tbody&gt;&lt;/table&gt;&lt;/td&gt;&lt;td&gt;&lt;/td&gt;&lt;/tr&gt;&lt;tr&gt;&lt;td class=&quot;setting-leftspace&quot;&gt;&amp;nbsp;&lt;/td&gt;&lt;td class=&quot;setting-name&quot;&gt;&lt;/td&gt;&lt;td class=&quot;setting-main&quot;&gt;&lt;div align=&quot;right&quot;&gt;&lt;span class=&quot;yui-button yui-push-button repeatable-add show-if-last&quot; id=&quot;yui-gen15&quot;&gt;&lt;span class=&quot;first-child&quot;&gt;&lt;button type=&quot;button&quot; tabindex=&quot;0&quot; id=&quot;yui-gen15-button&quot;&gt;Add more repositories...&lt;/button&gt;&lt;/span&gt;&lt;/span&gt;&lt;span class=&quot;yui-button yui-push-button repeatable-delete show-if-not-only&quot; id=&quot;yui-gen24&quot;&gt;&lt;span class=&quot;first-child&quot;&gt;&lt;button type=&quot;button&quot; tabindex=&quot;0&quot; id=&quot;yui-gen24-button&quot;&gt;Delete&lt;/button&gt;&lt;/span&gt;&lt;/span&gt;&lt;/div&gt;&lt;/td&gt;&lt;td class=&quot;setting-no-help&quot;&gt;&lt;/td&gt;&lt;/tr&gt;&lt;tr class=&quot;validation-error-area&quot;&gt;&lt;td colspan=&quot;2&quot;&gt;&lt;/td&gt;&lt;td&gt;&lt;/td&gt;&lt;td&gt;&lt;/td&gt;&lt;/tr&gt;&lt;/tbody&gt;&lt;/table&gt;&lt;/div&gt;&lt;div class=&quot;repeatable-insertion-point&quot;&gt;&lt;/div&gt;&lt;/div&gt;&lt;/td&gt;&lt;td class=&quot;setting-no-help&quot;&gt;&lt;/td&gt;&lt;/tr&gt;&lt;tr class=&quot;validation-error-area&quot; nameref=&quot;radio-block-10&quot; style=&quot;display: none;&quot;&gt;&lt;td colspan=&quot;2&quot;&gt;&lt;/td&gt;&lt;td&gt;&lt;/td&gt;&lt;td&gt;&lt;/td&gt;&lt;/tr&gt;&lt;tr nameref=&quot;radio-block-10&quot; style=&quot;display: none;&quot;&gt;&lt;td class=&quot;setting-leftspace&quot;&gt;&amp;nbsp;&lt;/td&gt;&lt;td class=&quot;setting-name&quot;&gt;Use Update&lt;/td&gt;&lt;td class=&quot;setting-main&quot;&gt;&lt;input name=&quot;_.canUseUpdate&quot; checked=&quot;true&quot; type=&quot;checkbox&quot; class=&quot; &quot;&gt;&lt;/td&gt;&lt;td class=&quot;setting-help&quot;&gt;&lt;a helpurl=&quot;/descriptor/hudson.scm.CVSSCM/help/canUseUpdate&quot; href=&quot;#&quot; class=&quot;help-button&quot; tabindex=&quot;9999&quot;&gt;&lt;img src=&quot;/static/fd2e7eb0/images/16x16/help.png&quot; alt=&quot;Help for feature: Use Update&quot; style=&quot;width: 16px; height: 16px; &quot; class=&quot;icon-help icon-sm&quot;&gt;&lt;/a&gt;&lt;/td&gt;&lt;/tr&gt;&lt;tr class=&quot;validation-error-area&quot; nameref=&quot;radio-block-10&quot; style=&quot;display: none;&quot;&gt;&lt;td colspan=&quot;2&quot;&gt;&lt;/td&gt;&lt;td&gt;&lt;/td&gt;&lt;td&gt;&lt;/td&gt;&lt;/tr&gt;&lt;tr class=&quot;help-area&quot; nameref=&quot;radio-block-10&quot; style=&quot;display: none;&quot;&gt;&lt;td&gt;&lt;/td&gt;&lt;td colspan=&quot;2&quot;&gt;&lt;div class=&quot;help&quot;&gt;Loading...&lt;/div&gt;&lt;/td&gt;&lt;td&gt;&lt;/td&gt;&lt;/tr&gt;&lt;tr nameref=&quot;radio-block-10&quot; style=&quot;display: none;&quot;&gt;&lt;td class=&quot;setting-leftspace&quot;&gt;&amp;nbsp;&lt;/td&gt;&lt;td class=&quot;setting-name&quot;&gt;Prune Empty Directories&lt;/td&gt;&lt;td class=&quot;setting-main&quot;&gt;&lt;input name=&quot;_.pruneEmptyDirectories&quot; checked=&quot;true&quot; type=&quot;checkbox&quot; class=&quot; &quot;&gt;&lt;/td&gt;&lt;td class=&quot;setting-help&quot;&gt;&lt;a helpurl=&quot;/descriptor/hudson.scm.CVSSCM/help/pruneEmptyDirectories&quot; href=&quot;#&quot; class=&quot;help-button&quot; tabindex=&quot;9999&quot;&gt;&lt;img src=&quot;/static/fd2e7eb0/images/16x16/help.png&quot; alt=&quot;Help for feature: Prune Empty Directories&quot; style=&quot;width: 16px; height: 16px; &quot; class=&quot;icon-help icon-sm&quot;&gt;&lt;/a&gt;&lt;/td&gt;&lt;/tr&gt;&lt;tr class=&quot;validation-error-area&quot; nameref=&quot;radio-block-10&quot; style=&quot;display: none;&quot;&gt;&lt;td colspan=&quot;2&quot;&gt;&lt;/td&gt;&lt;td&gt;&lt;/td&gt;&lt;td&gt;&lt;/td&gt;&lt;/tr&gt;&lt;tr class=&quot;help-area&quot; nameref=&quot;radio-block-10&quot; style=&quot;display: none;&quot;&gt;&lt;td&gt;&lt;/td&gt;&lt;td colspan=&quot;2&quot;&gt;&lt;div class=&quot;help&quot;&gt;Loading...&lt;/div&gt;&lt;/td&gt;&lt;td&gt;&lt;/td&gt;&lt;/tr&gt;&lt;tr nameref=&quot;radio-block-10&quot; style=&quot;display: none;&quot;&gt;&lt;td class=&quot;setting-leftspace&quot;&gt;&amp;nbsp;&lt;/td&gt;&lt;td class=&quot;setting-name&quot;&gt;Legacy Mode&lt;/td&gt;&lt;td class=&quot;setting-main&quot;&gt;&lt;input name=&quot;_.legacy&quot; type=&quot;checkbox&quot; class=&quot; &quot;&gt;&lt;label class=&quot;attach-previous&quot;&gt;(run CVS in a way compatible with older versions of Hudson &amp;lt;1.21)&lt;/label&gt;&lt;/td&gt;&lt;td class=&quot;setting-help&quot;&gt;&lt;a helpurl=&quot;/descriptor/hudson.scm.CVSSCM/help/legacy&quot; href=&quot;#&quot; class=&quot;help-button&quot; tabindex=&quot;9999&quot;&gt;&lt;img src=&quot;/static/fd2e7eb0/images/16x16/help.png&quot; alt=&quot;Help for feature: Legacy Mode&quot; style=&quot;width: 16px; height: 16px; &quot; class=&quot;icon-help icon-sm&quot;&gt;&lt;/a&gt;&lt;/td&gt;&lt;/tr&gt;&lt;tr class=&quot;validation-error-area&quot; nameref=&quot;radio-block-10&quot; style=&quot;display: none;&quot;&gt;&lt;td colspan=&quot;2&quot;&gt;&lt;/td&gt;&lt;td&gt;&lt;/td&gt;&lt;td&gt;&lt;/td&gt;&lt;/tr&gt;&lt;tr class=&quot;help-area&quot; nameref=&quot;radio-block-10&quot; style=&quot;display: none;&quot;&gt;&lt;td&gt;&lt;/td&gt;&lt;td colspan=&quot;2&quot;&gt;&lt;div class=&quot;help&quot;&gt;Loading...&lt;/div&gt;&lt;/td&gt;&lt;td&gt;&lt;/td&gt;&lt;/tr&gt;&lt;tr nameref=&quot;radio-block-10&quot; style=&quot;display: none;&quot;&gt;&lt;td class=&quot;setting-leftspace&quot;&gt;&amp;nbsp;&lt;/td&gt;&lt;td class=&quot;setting-name&quot;&gt;Skip Changelog&lt;/td&gt;&lt;td class=&quot;setting-main&quot;&gt;&lt;input name=&quot;_.skipChangeLog&quot; type=&quot;checkbox&quot; class=&quot; &quot;&gt;&lt;/td&gt;&lt;td class=&quot;setting-help&quot;&gt;&lt;a helpurl=&quot;/descriptor/hudson.scm.CVSSCM/help/skipChangeLog&quot; href=&quot;#&quot; class=&quot;help-button&quot; tabindex=&quot;9999&quot;&gt;&lt;img src=&quot;/static/fd2e7eb0/images/16x16/help.png&quot; alt=&quot;Help for feature: Skip Changelog&quot; style=&quot;width: 16px; height: 16px; &quot; class=&quot;icon-help icon-sm&quot;&gt;&lt;/a&gt;&lt;/td&gt;&lt;/tr&gt;&lt;tr class=&quot;validation-error-area&quot; nameref=&quot;radio-block-10&quot; style=&quot;display: none;&quot;&gt;&lt;td colspan=&quot;2&quot;&gt;&lt;/td&gt;&lt;td&gt;&lt;/td&gt;&lt;td&gt;&lt;/td&gt;&lt;/tr&gt;&lt;tr class=&quot;help-area&quot; nameref=&quot;radio-block-10&quot; style=&quot;display: none;&quot;&gt;&lt;td&gt;&lt;/td&gt;&lt;td colspan=&quot;2&quot;&gt;&lt;div class=&quot;help&quot;&gt;Loading...&lt;/div&gt;&lt;/td&gt;&lt;td&gt;&lt;/td&gt;&lt;/tr&gt;&lt;tr nameref=&quot;radio-block-10&quot; style=&quot;display: none;&quot;&gt;&lt;td class=&quot;setting-leftspace&quot;&gt;&amp;nbsp;&lt;/td&gt;&lt;td class=&quot;setting-name&quot;&gt;Show all CVS output&lt;/td&gt;&lt;td class=&quot;setting-main&quot;&gt;&lt;input name=&quot;_.disableCvsQuiet&quot; type=&quot;checkbox&quot; class=&quot; &quot;&gt;&lt;/td&gt;&lt;td class=&quot;setting-help&quot;&gt;&lt;a helpurl=&quot;/descriptor/hudson.scm.CVSSCM/help/disableCvsQuiet&quot; href=&quot;#&quot; class=&quot;help-button&quot; tabindex=&quot;9999&quot;&gt;&lt;img src=&quot;/static/fd2e7eb0/images/16x16/help.png&quot; alt=&quot;Help for feature: Show all CVS output&quot; style=&quot;width: 16px; height: 16px; &quot; class=&quot;icon-help icon-sm&quot;&gt;&lt;/a&gt;&lt;/td&gt;&lt;/tr&gt;&lt;tr class=&quot;validation-error-area&quot; nameref=&quot;radio-block-10&quot; style=&quot;display: none;&quot;&gt;&lt;td colspan=&quot;2&quot;&gt;&lt;/td&gt;&lt;td&gt;&lt;/td&gt;&lt;td&gt;&lt;/td&gt;&lt;/tr&gt;&lt;tr class=&quot;help-area&quot; nameref=&quot;radio-block-10&quot; style=&quot;display: none;&quot;&gt;&lt;td&gt;&lt;/td&gt;&lt;td colspan=&quot;2&quot;&gt;&lt;div class=&quot;help&quot;&gt;Loading...&lt;/div&gt;&lt;/td&gt;&lt;td&gt;&lt;/td&gt;&lt;/tr&gt;&lt;tr nameref=&quot;radio-block-10&quot; style=&quot;display: none;&quot;&gt;&lt;td class=&quot;setting-leftspace&quot;&gt;&amp;nbsp;&lt;/td&gt;&lt;td class=&quot;setting-name&quot;&gt;Perform clean checkout on failed update&lt;/td&gt;&lt;td class=&quot;setting-main&quot;&gt;&lt;input name=&quot;_.cleanOnFailedUpdate&quot; type=&quot;checkbox&quot; class=&quot; &quot;&gt;&lt;/td&gt;&lt;td class=&quot;setting-help&quot;&gt;&lt;a helpurl=&quot;/descriptor/hudson.scm.CVSSCM/help/cleanOnFailedUpdate&quot; href=&quot;#&quot; class=&quot;help-button&quot; tabindex=&quot;9999&quot;&gt;&lt;img src=&quot;/static/fd2e7eb0/images/16x16/help.png&quot; alt=&quot;Help for feature: Perform clean checkout on failed update&quot; style=&quot;width: 16px; height: 16px; &quot; class=&quot;icon-help icon-sm&quot;&gt;&lt;/a&gt;&lt;/td&gt;&lt;/tr&gt;&lt;tr class=&quot;validation-error-area&quot; nameref=&quot;radio-block-10&quot; style=&quot;display: none;&quot;&gt;&lt;td colspan=&quot;2&quot;&gt;&lt;/td&gt;&lt;td&gt;&lt;/td&gt;&lt;td&gt;&lt;/td&gt;&lt;/tr&gt;&lt;tr class=&quot;help-area&quot; nameref=&quot;radio-block-10&quot; style=&quot;display: none;&quot;&gt;&lt;td&gt;&lt;/td&gt;&lt;td colspan=&quot;2&quot;&gt;&lt;div class=&quot;help&quot;&gt;Loading...&lt;/div&gt;&lt;/td&gt;&lt;td&gt;&lt;/td&gt;&lt;/tr&gt;&lt;tr nameref=&quot;radio-block-10&quot; style=&quot;display: none;&quot;&gt;&lt;td class=&quot;setting-leftspace&quot;&gt;&amp;nbsp;&lt;/td&gt;&lt;td class=&quot;setting-name&quot;&gt;Force clean copy for locally modified files&lt;/td&gt;&lt;td class=&quot;setting-main&quot;&gt;&lt;input name=&quot;_.forceCleanCopy&quot; type=&quot;checkbox&quot; class=&quot; &quot;&gt;&lt;/td&gt;&lt;td class=&quot;setting-help&quot;&gt;&lt;a helpurl=&quot;/descriptor/hudson.scm.CVSSCM/help/forceCleanCopy&quot; href=&quot;#&quot; class=&quot;help-button&quot; tabindex=&quot;9999&quot;&gt;&lt;img src=&quot;/static/fd2e7eb0/images/16x16/help.png&quot; alt=&quot;Help for feature: Force clean copy for locally modified files&quot; style=&quot;width: 16px; height: 16px; &quot; class=&quot;icon-help icon-sm&quot;&gt;&lt;/a&gt;&lt;/td&gt;&lt;/tr&gt;&lt;tr class=&quot;validation-error-area&quot; nameref=&quot;radio-block-10&quot; style=&quot;display: none;&quot;&gt;&lt;td colspan=&quot;2&quot;&gt;&lt;/td&gt;&lt;td&gt;&lt;/td&gt;&lt;td&gt;&lt;/td&gt;&lt;/tr&gt;&lt;tr class=&quot;help-area&quot; nameref=&quot;radio-block-10&quot; style=&quot;display: none;&quot;&gt;&lt;td&gt;&lt;/td&gt;&lt;td colspan=&quot;2&quot;&gt;&lt;div class=&quot;help&quot;&gt;Loading...&lt;/div&gt;&lt;/td&gt;&lt;td&gt;&lt;/td&gt;&lt;/tr&gt;&lt;tr style=&quot;display:none&quot; class=&quot;row-set-end radio-block-end&quot;&gt;&lt;/tr&gt;&lt;tr class=&quot;radio-block-start row-set-start&quot; hashelp=&quot;false&quot; ref=&quot;radio-block-11&quot;&gt;&lt;td colspan=&quot;3&quot;&gt;&lt;label&gt;&lt;input name=&quot;scm&quot; type=&quot;radio&quot; value=&quot;2&quot; class=&quot;radio-block-control&quot; id=&quot;radio-block-11&quot; path=&quot;/scm[2]&quot;&gt;&#10;        CVS Projectset&#10;      &lt;/label&gt;&lt;/td&gt;&lt;td class=&quot;setting-no-help&quot;&gt;&lt;/td&gt;&lt;/tr&gt;&lt;tr nameref=&quot;radio-block-11&quot; style=&quot;display: none;&quot;&gt;&lt;td class=&quot;setting-leftspace&quot;&gt;&amp;nbsp;&lt;/td&gt;&lt;td class=&quot;setting-name&quot;&gt;&lt;/td&gt;&lt;td class=&quot;setting-main&quot;&gt;&lt;div class=&quot;repeated-container&quot;&gt;&lt;div name=&quot;repositories&quot; class=&quot;repeated-chunk first last only&quot;&gt;&lt;table style=&quot;width:100%&quot;&gt;&lt;tbody&gt;&lt;tr&gt;&lt;td class=&quot;setting-leftspace&quot;&gt;&amp;nbsp;&lt;/td&gt;&lt;td class=&quot;setting-name&quot;&gt;CVSROOT&lt;/td&gt;&lt;td class=&quot;setting-main&quot;&gt;&#10;   &#10;&#10;  &#10;  &lt;input checkdependson=&quot;&quot; checkurl=&quot;/job/molecular_voter/descriptorByName/hudson.scm.CvsRepository/checkCvsRoot&quot; name=&quot;_.cvsRoot&quot; type=&quot;text&quot; class=&quot;setting-input validated  &quot; value=&quot;&quot;&gt;&lt;/td&gt;&lt;td class=&quot;setting-help&quot;&gt;&lt;a helpurl=&quot;/descriptor/hudson.scm.CvsRepository/help/cvsRoot&quot; href=&quot;#&quot; class=&quot;help-button&quot; tabindex=&quot;9999&quot;&gt;&lt;img src=&quot;/static/fd2e7eb0/images/16x16/help.png&quot; alt=&quot;Help for feature: CVSROOT&quot; style=&quot;width: 16px; height: 16px; &quot; class=&quot;icon-help icon-sm&quot;&gt;&lt;/a&gt;&lt;/td&gt;&lt;/tr&gt;&lt;tr class=&quot;validation-error-area&quot;&gt;&lt;td colspan=&quot;2&quot;&gt;&lt;/td&gt;&lt;td&gt;&lt;div class=&quot;error&quot;&gt;&lt;img src=&quot;/static/fd2e7eb0/images/none.gif&quot; height=&quot;16&quot; width=&quot;1&quot;&gt;CVSROOT is mandatory&lt;/div&gt;&lt;/td&gt;&lt;td&gt;&lt;/td&gt;&lt;/tr&gt;&lt;tr class=&quot;help-area&quot;&gt;&lt;td&gt;&lt;/td&gt;&lt;td colspan=&quot;2&quot;&gt;&lt;div class=&quot;help&quot;&gt;Loading...&lt;/div&gt;&lt;/td&gt;&lt;td&gt;&lt;/td&gt;&lt;/tr&gt;&lt;tr class=&quot;optional-block-start &quot; hashelp=&quot;false&quot; ref=&quot;cb26&quot;&gt;&lt;td colspan=&quot;3&quot;&gt;&lt;input onclick=&quot;javascript:updateOptionalBlock(this,true)&quot; name=&quot;passwordRequired&quot; type=&quot;checkbox&quot; class=&quot; &quot; id=&quot;cb26&quot;&gt;&lt;label class=&quot;attach-previous&quot;&gt;This Connection Requires A Password&lt;/label&gt;&lt;/td&gt;&lt;td class=&quot;setting-no-help&quot;&gt;&lt;/td&gt;&lt;/tr&gt;&lt;tr class=&quot;rowvg-start&quot; style=&quot;display: none;&quot;&gt;&lt;/tr&gt;&lt;tr style=&quot;display: none;&quot;&gt;&lt;td class=&quot;setting-leftspace&quot;&gt;&amp;nbsp;&lt;/td&gt;&lt;td class=&quot;setting-name&quot;&gt;Password&lt;/td&gt;&lt;td class=&quot;setting-main&quot;&gt;&lt;input name=&quot;_.password&quot; type=&quot;password&quot; class=&quot;setting-input &quot; value=&quot;&quot;&gt;&lt;/td&gt;&lt;td class=&quot;setting-no-help&quot;&gt;&lt;/td&gt;&lt;/tr&gt;&lt;tr class=&quot;validation-error-area&quot; style=&quot;display: none;&quot;&gt;&lt;td colspan=&quot;2&quot;&gt;&lt;/td&gt;&lt;td&gt;&lt;/td&gt;&lt;td&gt;&lt;/td&gt;&lt;/tr&gt;&lt;tr class=&quot; rowvg-end optional-block-end&quot;&gt;&lt;/tr&gt;&lt;tr&gt;&lt;td class=&quot;setting-leftspace&quot;&gt;&amp;nbsp;&lt;/td&gt;&lt;td class=&quot;setting-name&quot;&gt;&lt;/td&gt;&lt;td class=&quot;setting-main&quot;&gt;&lt;div class=&quot;repeated-container&quot;&gt;&lt;div name=&quot;repositoryItems&quot; class=&quot;repeated-chunk first last only&quot;&gt;&lt;table style=&quot;width:100%&quot;&gt;&lt;tbody&gt;&lt;tr&gt;&lt;td class=&quot;setting-leftspace&quot;&gt;&amp;nbsp;&lt;/td&gt;&lt;td class=&quot;setting-name&quot;&gt;Location&lt;/td&gt;&lt;td class=&quot;setting-main&quot;&gt;&lt;select class=&quot;setting-input dropdownList&quot;&gt;&lt;option value=&quot;0&quot;&gt;Branch&lt;/option&gt;&lt;option value=&quot;1&quot; selected=&quot;true&quot;&gt;Head&lt;/option&gt;&lt;option value=&quot;2&quot;&gt;Tag&lt;/option&gt;&lt;/select&gt;&lt;/td&gt;&lt;td class=&quot;setting-no-help&quot;&gt;&lt;/td&gt;&lt;/tr&gt;&lt;tr class=&quot;dropdownList-container&quot;&gt;&lt;td colspan=&quot;2&quot;&gt;&lt;/td&gt;&lt;td colspan=&quot;2&quot;&gt;&lt;table width=&quot;100%&quot; name=&quot;location&quot;&gt;&lt;tbody&gt;&lt;tr class=&quot;dropdownList-start rowvg-start&quot; field-disabled=&quot;true&quot; style=&quot;display: none;&quot;&gt;&lt;/tr&gt;&lt;tr field-disabled=&quot;true&quot; style=&quot;display: none;&quot;&gt;&lt;td class=&quot;setting-leftspace&quot;&gt;&amp;nbsp;&lt;/td&gt;&lt;td class=&quot;setting-name&quot;&gt;Branch Name&lt;/td&gt;&lt;td class=&quot;setting-main&quot;&gt;&#10;   &#10;&#10;  &#10;  &lt;input name=&quot;_.branchName&quot; type=&quot;text&quot; class=&quot;setting-input   &quot; value=&quot;&quot;&gt;&lt;/td&gt;&lt;td class=&quot;setting-no-help&quot;&gt;&lt;/td&gt;&lt;/tr&gt;&lt;tr class=&quot;validation-error-area&quot; field-disabled=&quot;true&quot; style=&quot;display: none;&quot;&gt;&lt;td colspan=&quot;2&quot;&gt;&lt;/td&gt;&lt;td&gt;&lt;/td&gt;&lt;td&gt;&lt;/td&gt;&lt;/tr&gt;&lt;tr field-disabled=&quot;true&quot; style=&quot;display: none;&quot;&gt;&lt;td class=&quot;setting-leftspace&quot;&gt;&amp;nbsp;&lt;/td&gt;&lt;td class=&quot;setting-name&quot;&gt;Use Head If Not Found&lt;/td&gt;&lt;td class=&quot;setting-main&quot;&gt;&lt;input name=&quot;_.useHeadIfNotFound&quot; type=&quot;checkbox&quot; class=&quot; &quot;&gt;&lt;/td&gt;&lt;td class=&quot;setting-no-help&quot;&gt;&lt;/td&gt;&lt;/tr&gt;&lt;tr class=&quot;validation-error-area&quot; field-disabled=&quot;true&quot; style=&quot;display: none;&quot;&gt;&lt;td colspan=&quot;2&quot;&gt;&lt;/td&gt;&lt;td&gt;&lt;/td&gt;&lt;td&gt;&lt;/td&gt;&lt;/tr&gt;&lt;tr style=&quot;display: none;&quot; field-disabled=&quot;true&quot;&gt;&lt;td&gt;&lt;input name=&quot;stapler-class&quot; type=&quot;hidden&quot; value=&quot;hudson.scm.CvsRepositoryLocation$BranchRepositoryLocation&quot;&gt;&lt;input name=&quot;$class&quot; type=&quot;hidden&quot; value=&quot;hudson.scm.CvsRepositoryLocation$BranchRepositoryLocation&quot;&gt;&lt;/td&gt;&lt;/tr&gt;&lt;tr class=&quot;dropdownList-end rowvg-end&quot;&gt;&lt;/tr&gt;&lt;tr class=&quot;dropdownList-start rowvg-start&quot;&gt;&lt;/tr&gt;&lt;tr style=&quot;&quot;&gt;&lt;td&gt;&lt;input name=&quot;stapler-class&quot; type=&quot;hidden&quot; value=&quot;hudson.scm.CvsRepositoryLocation$HeadRepositoryLocation&quot;&gt;&lt;input name=&quot;$class&quot; type=&quot;hidden&quot; value=&quot;hudson.scm.CvsRepositoryLocation$HeadRepositoryLocation&quot;&gt;&lt;/td&gt;&lt;/tr&gt;&lt;tr class=&quot;dropdownList-end rowvg-end&quot;&gt;&lt;/tr&gt;&lt;tr class=&quot;dropdownList-start rowvg-start&quot; field-disabled=&quot;true&quot; style=&quot;display: none;&quot;&gt;&lt;/tr&gt;&lt;tr field-disabled=&quot;true&quot; style=&quot;display: none;&quot;&gt;&lt;td class=&quot;setting-leftspace&quot;&gt;&amp;nbsp;&lt;/td&gt;&lt;td class=&quot;setting-name&quot;&gt;Tag Name&lt;/td&gt;&lt;td class=&quot;setting-main&quot;&gt;&#10;   &#10;&#10;  &#10;  &lt;input name=&quot;_.tagName&quot; type=&quot;text&quot; class=&quot;setting-input   &quot; value=&quot;&quot;&gt;&lt;/td&gt;&lt;td class=&quot;setting-no-help&quot;&gt;&lt;/td&gt;&lt;/tr&gt;&lt;tr class=&quot;validation-error-area&quot; field-disabled=&quot;true&quot; style=&quot;display: none;&quot;&gt;&lt;td colspan=&quot;2&quot;&gt;&lt;/td&gt;&lt;td&gt;&lt;/td&gt;&lt;td&gt;&lt;/td&gt;&lt;/tr&gt;&lt;tr field-disabled=&quot;true&quot; style=&quot;display: none;&quot;&gt;&lt;td class=&quot;setting-leftspace&quot;&gt;&amp;nbsp;&lt;/td&gt;&lt;td class=&quot;setting-name&quot;&gt;Use Head If Not Found&lt;/td&gt;&lt;td class=&quot;setting-main&quot;&gt;&lt;input name=&quot;_.useHeadIfNotFound&quot; type=&quot;checkbox&quot; class=&quot; &quot;&gt;&lt;/td&gt;&lt;td class=&quot;setting-no-help&quot;&gt;&lt;/td&gt;&lt;/tr&gt;&lt;tr class=&quot;validation-error-area&quot; field-disabled=&quot;true&quot; style=&quot;display: none;&quot;&gt;&lt;td colspan=&quot;2&quot;&gt;&lt;/td&gt;&lt;td&gt;&lt;/td&gt;&lt;td&gt;&lt;/td&gt;&lt;/tr&gt;&lt;tr style=&quot;display: none;&quot; field-disabled=&quot;true&quot;&gt;&lt;td&gt;&lt;input name=&quot;stapler-class&quot; type=&quot;hidden&quot; value=&quot;hudson.scm.CvsRepositoryLocation$TagRepositoryLocation&quot;&gt;&lt;input name=&quot;$class&quot; type=&quot;hidden&quot; value=&quot;hudson.scm.CvsRepositoryLocation$TagRepositoryLocation&quot;&gt;&lt;/td&gt;&lt;/tr&gt;&lt;tr class=&quot;dropdownList-end rowvg-end&quot;&gt;&lt;/tr&gt;&lt;/tbody&gt;&lt;/table&gt;&lt;/td&gt;&lt;/tr&gt;&lt;tr&gt;&lt;td class=&quot;setting-leftspace&quot;&gt;&amp;nbsp;&lt;/td&gt;&lt;td class=&quot;setting-name&quot;&gt;Modules&lt;/td&gt;&lt;td class=&quot;setting-main&quot;&gt;&lt;div class=&quot;repeated-container&quot;&gt;&lt;div name=&quot;modules&quot; class=&quot;repeated-chunk first last only&quot;&gt;&lt;table style=&quot;width:100%&quot;&gt;&lt;tbody&gt;&lt;tr&gt;&lt;td class=&quot;setting-leftspace&quot;&gt;&amp;nbsp;&lt;/td&gt;&lt;td class=&quot;setting-name&quot;&gt;Remote Name&lt;/td&gt;&lt;td class=&quot;setting-main&quot;&gt;&#10;   &#10;&#10;  &#10;  &lt;input checkdependson=&quot;&quot; checkurl=&quot;/job/molecular_voter/descriptorByName/hudson.scm.CvsModule/checkRemoteName&quot; name=&quot;_.remoteName&quot; type=&quot;text&quot; class=&quot;setting-input validated  &quot; value=&quot;&quot;&gt;&lt;/td&gt;&lt;td class=&quot;setting-help&quot;&gt;&lt;a helpurl=&quot;/descriptor/hudson.scm.CvsModule/help/remoteName&quot; href=&quot;#&quot; class=&quot;help-button&quot; tabindex=&quot;9999&quot;&gt;&lt;img src=&quot;/static/fd2e7eb0/images/16x16/help.png&quot; alt=&quot;Help for feature: Remote Name&quot; style=&quot;width: 16px; height: 16px; &quot; class=&quot;icon-help icon-sm&quot;&gt;&lt;/a&gt;&lt;/td&gt;&lt;/tr&gt;&lt;tr class=&quot;validation-error-area&quot;&gt;&lt;td colspan=&quot;2&quot;&gt;&lt;/td&gt;&lt;td&gt;&lt;div class=&quot;error&quot;&gt;&lt;img src=&quot;/static/fd2e7eb0/images/none.gif&quot; height=&quot;16&quot; width=&quot;1&quot;&gt;Remote Name is mandatory&lt;/div&gt;&lt;/td&gt;&lt;td&gt;&lt;/td&gt;&lt;/tr&gt;&lt;tr class=&quot;help-area&quot;&gt;&lt;td&gt;&lt;/td&gt;&lt;td colspan=&quot;2&quot;&gt;&lt;div class=&quot;help&quot;&gt;Loading...&lt;/div&gt;&lt;/td&gt;&lt;td&gt;&lt;/td&gt;&lt;/tr&gt;&lt;tr&gt;&lt;td class=&quot;setting-leftspace&quot;&gt;&amp;nbsp;&lt;/td&gt;&lt;td class=&quot;setting-name&quot;&gt;Local Name&lt;/td&gt;&lt;td class=&quot;setting-main&quot;&gt;&#10;   &#10;&#10;  &#10;  &lt;input name=&quot;_.localName&quot; type=&quot;text&quot; class=&quot;setting-input   &quot; value=&quot;&quot;&gt;&lt;/td&gt;&lt;td class=&quot;setting-help&quot;&gt;&lt;a helpurl=&quot;/descriptor/hudson.scm.CvsModule/help/localName&quot; href=&quot;#&quot; class=&quot;help-button&quot; tabindex=&quot;9999&quot;&gt;&lt;img src=&quot;/static/fd2e7eb0/images/16x16/help.png&quot; alt=&quot;Help for feature: Local Name&quot; style=&quot;width: 16px; height: 16px; &quot; class=&quot;icon-help icon-sm&quot;&gt;&lt;/a&gt;&lt;/td&gt;&lt;/tr&gt;&lt;tr class=&quot;validation-error-area&quot;&gt;&lt;td colspan=&quot;2&quot;&gt;&lt;/td&gt;&lt;td&gt;&lt;/td&gt;&lt;td&gt;&lt;/td&gt;&lt;/tr&gt;&lt;tr class=&quot;help-area&quot;&gt;&lt;td&gt;&lt;/td&gt;&lt;td colspan=&quot;2&quot;&gt;&lt;div class=&quot;help&quot;&gt;Loading...&lt;/div&gt;&lt;/td&gt;&lt;td&gt;&lt;/td&gt;&lt;/tr&gt;&lt;tr&gt;&lt;td class=&quot;setting-leftspace&quot;&gt;&amp;nbsp;&lt;/td&gt;&lt;td class=&quot;setting-name&quot;&gt;Projectset File Name&lt;/td&gt;&lt;td class=&quot;setting-main&quot;&gt;&#10;   &#10;&#10;  &#10;  &lt;input checkdependson=&quot;&quot; checkurl=&quot;/job/molecular_voter/descriptorByName/hudson.scm.CvsModule/checkProjectsetFileName&quot; name=&quot;_.projectsetFileName&quot; type=&quot;text&quot; class=&quot;setting-input validated  &quot; value=&quot;&quot;&gt;&lt;/td&gt;&lt;td class=&quot;setting-help&quot;&gt;&lt;a helpurl=&quot;/descriptor/hudson.scm.CvsModule/help/projectsetFileName&quot; href=&quot;#&quot; class=&quot;help-button&quot; tabindex=&quot;9999&quot;&gt;&lt;img src=&quot;/static/fd2e7eb0/images/16x16/help.png&quot; alt=&quot;Help for feature: Projectset File Name&quot; style=&quot;width: 16px; height: 16px; &quot; class=&quot;icon-help icon-sm&quot;&gt;&lt;/a&gt;&lt;/td&gt;&lt;/tr&gt;&lt;tr class=&quot;validation-error-area&quot;&gt;&lt;td colspan=&quot;2&quot;&gt;&lt;/td&gt;&lt;td&gt;&lt;div class=&quot;error&quot;&gt;&lt;img src=&quot;/static/fd2e7eb0/images/none.gif&quot; height=&quot;16&quot; width=&quot;1&quot;&gt;Projectset file name is mandatory&lt;/div&gt;&lt;/td&gt;&lt;td&gt;&lt;/td&gt;&lt;/tr&gt;&lt;tr class=&quot;help-area&quot;&gt;&lt;td&gt;&lt;/td&gt;&lt;td colspan=&quot;2&quot;&gt;&lt;div class=&quot;help&quot;&gt;Loading...&lt;/div&gt;&lt;/td&gt;&lt;td&gt;&lt;/td&gt;&lt;/tr&gt;&lt;tr&gt;&lt;td class=&quot;setting-leftspace&quot;&gt;&amp;nbsp;&lt;/td&gt;&lt;td class=&quot;setting-name&quot;&gt;&lt;/td&gt;&lt;td class=&quot;setting-main&quot;&gt;&lt;div align=&quot;right&quot;&gt;&lt;span class=&quot;yui-button yui-push-button repeatable-add show-if-last&quot; id=&quot;yui-gen16&quot;&gt;&lt;span class=&quot;first-child&quot;&gt;&lt;button type=&quot;button&quot; tabindex=&quot;0&quot; id=&quot;yui-gen16-button&quot;&gt;Add more modules...&lt;/button&gt;&lt;/span&gt;&lt;/span&gt;&lt;span class=&quot;yui-button yui-push-button repeatable-delete show-if-not-only&quot; id=&quot;yui-gen25&quot;&gt;&lt;span class=&quot;first-child&quot;&gt;&lt;button type=&quot;button&quot; tabindex=&quot;0&quot; id=&quot;yui-gen25-button&quot;&gt;Delete&lt;/button&gt;&lt;/span&gt;&lt;/span&gt;&lt;/div&gt;&lt;/td&gt;&lt;td class=&quot;setting-no-help&quot;&gt;&lt;/td&gt;&lt;/tr&gt;&lt;tr class=&quot;validation-error-area&quot;&gt;&lt;td colspan=&quot;2&quot;&gt;&lt;/td&gt;&lt;td&gt;&lt;/td&gt;&lt;td&gt;&lt;/td&gt;&lt;/tr&gt;&lt;/tbody&gt;&lt;/table&gt;&lt;/div&gt;&lt;div class=&quot;repeatable-insertion-point&quot;&gt;&lt;/div&gt;&lt;/div&gt;&lt;/td&gt;&lt;td class=&quot;setting-no-help&quot;&gt;&lt;/td&gt;&lt;/tr&gt;&lt;tr class=&quot;validation-error-area&quot;&gt;&lt;td colspan=&quot;2&quot;&gt;&lt;/td&gt;&lt;td&gt;&lt;/td&gt;&lt;td&gt;&lt;/td&gt;&lt;/tr&gt;&lt;tr&gt;&lt;td class=&quot;setting-leftspace&quot;&gt;&amp;nbsp;&lt;/td&gt;&lt;td class=&quot;setting-name&quot;&gt;&lt;/td&gt;&lt;td class=&quot;setting-main&quot;&gt;&lt;div align=&quot;right&quot;&gt;&lt;span class=&quot;yui-button yui-push-button repeatable-add show-if-last&quot; id=&quot;yui-gen17&quot;&gt;&lt;span class=&quot;first-child&quot;&gt;&lt;button type=&quot;button&quot; tabindex=&quot;0&quot; id=&quot;yui-gen17-button&quot;&gt;Add more locations...&lt;/button&gt;&lt;/span&gt;&lt;/span&gt;&lt;span class=&quot;yui-button yui-push-button repeatable-delete show-if-not-only&quot; id=&quot;yui-gen26&quot;&gt;&lt;span class=&quot;first-child&quot;&gt;&lt;button type=&quot;button&quot; tabindex=&quot;0&quot; id=&quot;yui-gen26-button&quot;&gt;Delete&lt;/button&gt;&lt;/span&gt;&lt;/span&gt;&lt;/div&gt;&lt;/td&gt;&lt;td class=&quot;setting-no-help&quot;&gt;&lt;/td&gt;&lt;/tr&gt;&lt;tr class=&quot;validation-error-area&quot;&gt;&lt;td colspan=&quot;2&quot;&gt;&lt;/td&gt;&lt;td&gt;&lt;/td&gt;&lt;td&gt;&lt;/td&gt;&lt;/tr&gt;&lt;/tbody&gt;&lt;/table&gt;&lt;/div&gt;&lt;div class=&quot;repeatable-insertion-point&quot;&gt;&lt;/div&gt;&lt;/div&gt;&lt;/td&gt;&lt;td class=&quot;setting-no-help&quot;&gt;&lt;/td&gt;&lt;/tr&gt;&lt;tr class=&quot;validation-error-area&quot;&gt;&lt;td colspan=&quot;2&quot;&gt;&lt;/td&gt;&lt;td&gt;&lt;/td&gt;&lt;td&gt;&lt;/td&gt;&lt;/tr&gt;&lt;tr&gt;&lt;td&gt;&lt;/td&gt;&lt;td&gt;&lt;/td&gt;&lt;td&gt;&lt;div style=&quot;&quot; class=&quot;advancedLink&quot;&gt;&lt;span style=&quot;display: none&quot; id=&quot;id24&quot;&gt;&lt;img src=&quot;/static/fd2e7eb0/images/24x24/notepad.png&quot; tooltip=&quot;One or more fields in this block have been edited.&quot; style=&quot;width: 24px; height: 24px; vertical-align: baseline&quot; class=&quot;icon-notepad icon-md&quot; title=&quot;One or more fields in this block have been edited.&quot;&gt;&lt;/span&gt;&amp;nbsp;&lt;span class=&quot;yui-button yui-push-button advanced-button advancedButton&quot; id=&quot;yui-gen9&quot;&gt;&lt;span class=&quot;first-child&quot;&gt;&lt;button type=&quot;button&quot; tabindex=&quot;0&quot; id=&quot;yui-gen9-button&quot;&gt;Advanced...&lt;/button&gt;&lt;/span&gt;&lt;/span&gt;&lt;/div&gt;&lt;table class=&quot;advancedBody&quot;&gt;&lt;tbody&gt;&lt;tr&gt;&lt;td colspan=&quot;4&quot;&gt;&lt;div class=&quot;section-header&quot;&gt;&lt;a id=&quot;section5&quot; class=&quot;section-anchor&quot;&gt;#&lt;/a&gt;Advanced Repository Options&lt;/div&gt;&lt;/td&gt;&lt;/tr&gt;&lt;tr&gt;&lt;td class=&quot;setting-leftspace&quot;&gt;&amp;nbsp;&lt;/td&gt;&lt;td class=&quot;setting-name&quot;&gt;Repository browser&lt;/td&gt;&lt;td class=&quot;setting-main&quot;&gt;&lt;select class=&quot;setting-input dropdownList&quot;&gt;&lt;option value=&quot;auto&quot;&gt;(Auto)&lt;/option&gt;&lt;option value=&quot;0&quot;&gt;FishEye&lt;/option&gt;&lt;option value=&quot;1&quot;&gt;OpenGrok&lt;/option&gt;&lt;option value=&quot;2&quot;&gt;ViewCVS&lt;/option&gt;&lt;/select&gt;&lt;/td&gt;&lt;td class=&quot;setting-help&quot;&gt;&lt;a helpurl=&quot;/help/scm-browsers/list.html&quot; href=&quot;#&quot; class=&quot;help-button&quot; tabindex=&quot;9999&quot;&gt;&lt;img src=&quot;/static/fd2e7eb0/images/16x16/help.png&quot; alt=&quot;Help for feature: Repository browser&quot; style=&quot;width: 16px; height: 16px; &quot; class=&quot;icon-help icon-sm&quot;&gt;&lt;/a&gt;&lt;/td&gt;&lt;/tr&gt;&lt;tr class=&quot;dropdownList-container&quot;&gt;&lt;td colspan=&quot;2&quot;&gt;&lt;/td&gt;&lt;td colspan=&quot;2&quot;&gt;&lt;table width=&quot;100%&quot; name=&quot;repositoryBrowser&quot;&gt;&lt;tbody&gt;&lt;tr class=&quot;dropdownList-start rowvg-start&quot;&gt;&lt;/tr&gt;&lt;tr class=&quot;dropdownList-end rowvg-end&quot;&gt;&lt;/tr&gt;&lt;tr class=&quot;dropdownList-start rowvg-start&quot; field-disabled=&quot;true&quot; style=&quot;display: none;&quot;&gt;&lt;/tr&gt;&lt;tr class=&quot;render-on-demand &quot; proxy=&quot;makeStaplerProxy(&apos;/$stapler/bound/04062b24-6e7e-4686-9fc2-a4b53cece068&apos;,&apos;d9558d1b-578e-4743-a240-8717f9f0c41e&apos;,[&apos;render&apos;])&quot; field-disabled=&quot;true&quot; style=&quot;display: none;&quot;&gt;&lt;/tr&gt;&lt;tr style=&quot;display: none;&quot; field-disabled=&quot;true&quot;&gt;&lt;td&gt;&lt;input name=&quot;stapler-class&quot; type=&quot;hidden&quot; value=&quot;hudson.scm.browsers.FishEyeCVS&quot;&gt;&lt;input name=&quot;$class&quot; type=&quot;hidden&quot; value=&quot;hudson.scm.browsers.FishEyeCVS&quot;&gt;&lt;/td&gt;&lt;/tr&gt;&lt;tr class=&quot;dropdownList-end rowvg-end&quot;&gt;&lt;/tr&gt;&lt;tr class=&quot;dropdownList-start rowvg-start&quot; field-disabled=&quot;true&quot; style=&quot;display: none;&quot;&gt;&lt;/tr&gt;&lt;tr class=&quot;render-on-demand &quot; proxy=&quot;makeStaplerProxy(&apos;/$stapler/bound/8f7f8593-dbd6-4d0e-a93d-d42851ab5c5f&apos;,&apos;d9558d1b-578e-4743-a240-8717f9f0c41e&apos;,[&apos;render&apos;])&quot; field-disabled=&quot;true&quot; style=&quot;display: none;&quot;&gt;&lt;/tr&gt;&lt;tr style=&quot;display: none;&quot; field-disabled=&quot;true&quot;&gt;&lt;td&gt;&lt;input name=&quot;stapler-class&quot; type=&quot;hidden&quot; value=&quot;hudson.scm.browsers.OpenGrok&quot;&gt;&lt;input name=&quot;$class&quot; type=&quot;hidden&quot; value=&quot;hudson.scm.browsers.OpenGrok&quot;&gt;&lt;/td&gt;&lt;/tr&gt;&lt;tr class=&quot;dropdownList-end rowvg-end&quot;&gt;&lt;/tr&gt;&lt;tr class=&quot;dropdownList-start rowvg-start&quot; field-disabled=&quot;true&quot; style=&quot;display: none;&quot;&gt;&lt;/tr&gt;&lt;tr class=&quot;render-on-demand &quot; proxy=&quot;makeStaplerProxy(&apos;/$stapler/bound/c776ee91-08c4-4065-a5b8-cad857123a08&apos;,&apos;d9558d1b-578e-4743-a240-8717f9f0c41e&apos;,[&apos;render&apos;])&quot; field-disabled=&quot;true&quot; style=&quot;display: none;&quot;&gt;&lt;/tr&gt;&lt;tr style=&quot;display: none;&quot; field-disabled=&quot;true&quot;&gt;&lt;td&gt;&lt;input name=&quot;stapler-class&quot; type=&quot;hidden&quot; value=&quot;hudson.scm.browsers.ViewCVS&quot;&gt;&lt;input name=&quot;$class&quot; type=&quot;hidden&quot; value=&quot;hudson.scm.browsers.ViewCVS&quot;&gt;&lt;/td&gt;&lt;/tr&gt;&lt;tr class=&quot;dropdownList-end rowvg-end&quot;&gt;&lt;/tr&gt;&lt;/tbody&gt;&lt;/table&gt;&lt;/td&gt;&lt;/tr&gt;&lt;tr class=&quot;help-area&quot;&gt;&lt;td&gt;&lt;/td&gt;&lt;td colspan=&quot;2&quot;&gt;&lt;div class=&quot;help&quot;&gt;Loading...&lt;/div&gt;&lt;/td&gt;&lt;td&gt;&lt;/td&gt;&lt;/tr&gt;&lt;tr&gt;&lt;td class=&quot;setting-leftspace&quot;&gt;&amp;nbsp;&lt;/td&gt;&lt;td class=&quot;setting-name&quot;&gt;Exclude Regions&lt;/td&gt;&lt;td class=&quot;setting-main&quot;&gt;&lt;div class=&quot;repeated-container&quot;&gt;&lt;div name=&quot;excludedRegions&quot; class=&quot;repeated-chunk first last only&quot;&gt;&lt;table style=&quot;width:100%&quot;&gt;&lt;tbody&gt;&lt;tr&gt;&lt;td class=&quot;setting-leftspace&quot;&gt;&amp;nbsp;&lt;/td&gt;&lt;td class=&quot;setting-name&quot;&gt;Pattern&lt;/td&gt;&lt;td class=&quot;setting-main&quot;&gt;&#10;   &#10;&#10;  &#10;  &lt;input checkdependson=&quot;&quot; checkurl=&quot;/job/molecular_voter/descriptorByName/hudson.scm.ExcludedRegion/checkPattern&quot; name=&quot;_.pattern&quot; type=&quot;text&quot; class=&quot;setting-input validated  &quot; value=&quot;&quot;&gt;&lt;/td&gt;&lt;td class=&quot;setting-no-help&quot;&gt;&lt;/td&gt;&lt;/tr&gt;&lt;tr class=&quot;validation-error-area&quot;&gt;&lt;td colspan=&quot;2&quot;&gt;&lt;/td&gt;&lt;td&gt;&lt;div&gt;&lt;/div&gt;&lt;/td&gt;&lt;td&gt;&lt;/td&gt;&lt;/tr&gt;&lt;tr&gt;&lt;td class=&quot;setting-leftspace&quot;&gt;&amp;nbsp;&lt;/td&gt;&lt;td class=&quot;setting-name&quot;&gt;&lt;/td&gt;&lt;td class=&quot;setting-main&quot;&gt;&lt;div align=&quot;right&quot;&gt;&lt;span class=&quot;yui-button yui-push-button repeatable-add show-if-last&quot; id=&quot;yui-gen18&quot;&gt;&lt;span class=&quot;first-child&quot;&gt;&lt;button type=&quot;button&quot; tabindex=&quot;0&quot; id=&quot;yui-gen18-button&quot;&gt;Add more patterns...&lt;/button&gt;&lt;/span&gt;&lt;/span&gt;&lt;span class=&quot;yui-button yui-push-button repeatable-delete show-if-not-only&quot; id=&quot;yui-gen27&quot;&gt;&lt;span class=&quot;first-child&quot;&gt;&lt;button type=&quot;button&quot; tabindex=&quot;0&quot; id=&quot;yui-gen27-button&quot;&gt;Delete&lt;/button&gt;&lt;/span&gt;&lt;/span&gt;&lt;/div&gt;&lt;/td&gt;&lt;td class=&quot;setting-no-help&quot;&gt;&lt;/td&gt;&lt;/tr&gt;&lt;tr class=&quot;validation-error-area&quot;&gt;&lt;td colspan=&quot;2&quot;&gt;&lt;/td&gt;&lt;td&gt;&lt;/td&gt;&lt;td&gt;&lt;/td&gt;&lt;/tr&gt;&lt;/tbody&gt;&lt;/table&gt;&lt;/div&gt;&lt;div class=&quot;repeatable-insertion-point&quot;&gt;&lt;/div&gt;&lt;/div&gt;&lt;/td&gt;&lt;td class=&quot;setting-no-help&quot;&gt;&lt;/td&gt;&lt;/tr&gt;&lt;tr class=&quot;validation-error-area&quot;&gt;&lt;td colspan=&quot;2&quot;&gt;&lt;/td&gt;&lt;td&gt;&lt;/td&gt;&lt;td&gt;&lt;/td&gt;&lt;/tr&gt;&lt;tr&gt;&lt;td class=&quot;setting-leftspace&quot;&gt;&amp;nbsp;&lt;/td&gt;&lt;td class=&quot;setting-name&quot;&gt;Compression Level&lt;/td&gt;&lt;td class=&quot;setting-main&quot;&gt;&#10;&#10;   &#10;  &lt;select fillurl=&quot;/job/molecular_voter/descriptorByName/hudson.scm.CvsRepository/fillCompressionLevelItems&quot; name=&quot;_.compressionLevel&quot; class=&quot;setting-input  select &quot; value=&quot;&quot;&gt;&lt;option value=&quot;-1&quot;&gt;System Default&lt;/option&gt;&lt;option value=&quot;0&quot;&gt;None&lt;/option&gt;&lt;option value=&quot;1&quot;&gt;1&lt;/option&gt;&lt;option value=&quot;2&quot;&gt;2&lt;/option&gt;&lt;option value=&quot;3&quot;&gt;3 (Recommended)&lt;/option&gt;&lt;option value=&quot;4&quot;&gt;4&lt;/option&gt;&lt;option value=&quot;5&quot;&gt;5&lt;/option&gt;&lt;option value=&quot;6&quot;&gt;6&lt;/option&gt;&lt;option value=&quot;7&quot;&gt;7&lt;/option&gt;&lt;option value=&quot;8&quot;&gt;8&lt;/option&gt;&lt;option value=&quot;9&quot;&gt;9&lt;/option&gt;&lt;/select&gt;&lt;/td&gt;&lt;td class=&quot;setting-no-help&quot;&gt;&lt;/td&gt;&lt;/tr&gt;&lt;tr class=&quot;validation-error-area&quot;&gt;&lt;td colspan=&quot;2&quot;&gt;&lt;/td&gt;&lt;td&gt;&lt;/td&gt;&lt;td&gt;&lt;/td&gt;&lt;/tr&gt;&lt;/tbody&gt;&lt;/table&gt;&lt;/td&gt;&lt;td&gt;&lt;/td&gt;&lt;/tr&gt;&lt;tr&gt;&lt;td class=&quot;setting-leftspace&quot;&gt;&amp;nbsp;&lt;/td&gt;&lt;td class=&quot;setting-name&quot;&gt;&lt;/td&gt;&lt;td class=&quot;setting-main&quot;&gt;&lt;div align=&quot;right&quot;&gt;&lt;span class=&quot;yui-button yui-push-button repeatable-add show-if-last&quot; id=&quot;yui-gen19&quot;&gt;&lt;span class=&quot;first-child&quot;&gt;&lt;button type=&quot;button&quot; tabindex=&quot;0&quot; id=&quot;yui-gen19-button&quot;&gt;Add more repositories...&lt;/button&gt;&lt;/span&gt;&lt;/span&gt;&lt;span class=&quot;yui-button yui-push-button repeatable-delete show-if-not-only&quot; id=&quot;yui-gen28&quot;&gt;&lt;span class=&quot;first-child&quot;&gt;&lt;button type=&quot;button&quot; tabindex=&quot;0&quot; id=&quot;yui-gen28-button&quot;&gt;Delete&lt;/button&gt;&lt;/span&gt;&lt;/span&gt;&lt;/div&gt;&lt;/td&gt;&lt;td class=&quot;setting-no-help&quot;&gt;&lt;/td&gt;&lt;/tr&gt;&lt;tr class=&quot;validation-error-area&quot;&gt;&lt;td colspan=&quot;2&quot;&gt;&lt;/td&gt;&lt;td&gt;&lt;/td&gt;&lt;td&gt;&lt;/td&gt;&lt;/tr&gt;&lt;/tbody&gt;&lt;/table&gt;&lt;/div&gt;&lt;div class=&quot;repeatable-insertion-point&quot;&gt;&lt;/div&gt;&lt;/div&gt;&lt;/td&gt;&lt;td class=&quot;setting-no-help&quot;&gt;&lt;/td&gt;&lt;/tr&gt;&lt;tr class=&quot;validation-error-area&quot; nameref=&quot;radio-block-11&quot; style=&quot;display: none;&quot;&gt;&lt;td colspan=&quot;2&quot;&gt;&lt;/td&gt;&lt;td&gt;&lt;/td&gt;&lt;td&gt;&lt;/td&gt;&lt;/tr&gt;&lt;tr nameref=&quot;radio-block-11&quot; style=&quot;display: none;&quot;&gt;&lt;td class=&quot;setting-leftspace&quot;&gt;&amp;nbsp;&lt;/td&gt;&lt;td class=&quot;setting-name&quot;&gt;Use Update&lt;/td&gt;&lt;td class=&quot;setting-main&quot;&gt;&lt;input name=&quot;_.canUseUpdate&quot; checked=&quot;true&quot; type=&quot;checkbox&quot; class=&quot; &quot;&gt;&lt;/td&gt;&lt;td class=&quot;setting-help&quot;&gt;&lt;a helpurl=&quot;/descriptor/hudson.scm.CvsProjectset/help/canUseUpdate&quot; href=&quot;#&quot; class=&quot;help-button&quot; tabindex=&quot;9999&quot;&gt;&lt;img src=&quot;/static/fd2e7eb0/images/16x16/help.png&quot; alt=&quot;Help for feature: Use Update&quot; style=&quot;width: 16px; height: 16px; &quot; class=&quot;icon-help icon-sm&quot;&gt;&lt;/a&gt;&lt;/td&gt;&lt;/tr&gt;&lt;tr class=&quot;validation-error-area&quot; nameref=&quot;radio-block-11&quot; style=&quot;display: none;&quot;&gt;&lt;td colspan=&quot;2&quot;&gt;&lt;/td&gt;&lt;td&gt;&lt;/td&gt;&lt;td&gt;&lt;/td&gt;&lt;/tr&gt;&lt;tr class=&quot;help-area&quot; nameref=&quot;radio-block-11&quot; style=&quot;display: none;&quot;&gt;&lt;td&gt;&lt;/td&gt;&lt;td colspan=&quot;2&quot;&gt;&lt;div class=&quot;help&quot;&gt;Loading...&lt;/div&gt;&lt;/td&gt;&lt;td&gt;&lt;/td&gt;&lt;/tr&gt;&lt;tr nameref=&quot;radio-block-11&quot; style=&quot;display: none;&quot;&gt;&lt;td class=&quot;setting-leftspace&quot;&gt;&amp;nbsp;&lt;/td&gt;&lt;td class=&quot;setting-name&quot;&gt;Username&lt;/td&gt;&lt;td class=&quot;setting-main&quot;&gt;&#10;   &#10;&#10;  &#10;  &lt;input name=&quot;_.username&quot; type=&quot;text&quot; class=&quot;setting-input   &quot; value=&quot;&quot;&gt;&lt;/td&gt;&lt;td class=&quot;setting-help&quot;&gt;&lt;a helpurl=&quot;/descriptor/hudson.scm.CvsProjectset/help/username&quot; href=&quot;#&quot; class=&quot;help-button&quot; tabindex=&quot;9999&quot;&gt;&lt;img src=&quot;/static/fd2e7eb0/images/16x16/help.png&quot; alt=&quot;Help for feature: Username&quot; style=&quot;width: 16px; height: 16px; &quot; class=&quot;icon-help icon-sm&quot;&gt;&lt;/a&gt;&lt;/td&gt;&lt;/tr&gt;&lt;tr class=&quot;validation-error-area&quot; nameref=&quot;radio-block-11&quot; style=&quot;display: none;&quot;&gt;&lt;td colspan=&quot;2&quot;&gt;&lt;/td&gt;&lt;td&gt;&lt;/td&gt;&lt;td&gt;&lt;/td&gt;&lt;/tr&gt;&lt;tr class=&quot;help-area&quot; nameref=&quot;radio-block-11&quot; style=&quot;display: none;&quot;&gt;&lt;td&gt;&lt;/td&gt;&lt;td colspan=&quot;2&quot;&gt;&lt;div class=&quot;help&quot;&gt;Loading...&lt;/div&gt;&lt;/td&gt;&lt;td&gt;&lt;/td&gt;&lt;/tr&gt;&lt;tr nameref=&quot;radio-block-11&quot; style=&quot;display: none;&quot;&gt;&lt;td class=&quot;setting-leftspace&quot;&gt;&amp;nbsp;&lt;/td&gt;&lt;td class=&quot;setting-name&quot;&gt;Password&lt;/td&gt;&lt;td class=&quot;setting-main&quot;&gt;&lt;input name=&quot;_.password&quot; type=&quot;password&quot; class=&quot;setting-input &quot; value=&quot;&quot;&gt;&lt;/td&gt;&lt;td class=&quot;setting-help&quot;&gt;&lt;a helpurl=&quot;/descriptor/hudson.scm.CvsProjectset/help/password&quot; href=&quot;#&quot; class=&quot;help-button&quot; tabindex=&quot;9999&quot;&gt;&lt;img src=&quot;/static/fd2e7eb0/images/16x16/help.png&quot; alt=&quot;Help for feature: Password&quot; style=&quot;width: 16px; height: 16px; &quot; class=&quot;icon-help icon-sm&quot;&gt;&lt;/a&gt;&lt;/td&gt;&lt;/tr&gt;&lt;tr class=&quot;validation-error-area&quot; nameref=&quot;radio-block-11&quot; style=&quot;display: none;&quot;&gt;&lt;td colspan=&quot;2&quot;&gt;&lt;/td&gt;&lt;td&gt;&lt;/td&gt;&lt;td&gt;&lt;/td&gt;&lt;/tr&gt;&lt;tr class=&quot;help-area&quot; nameref=&quot;radio-block-11&quot; style=&quot;display: none;&quot;&gt;&lt;td&gt;&lt;/td&gt;&lt;td colspan=&quot;2&quot;&gt;&lt;div class=&quot;help&quot;&gt;Loading...&lt;/div&gt;&lt;/td&gt;&lt;td&gt;&lt;/td&gt;&lt;/tr&gt;&lt;tr nameref=&quot;radio-block-11&quot; style=&quot;display: none;&quot;&gt;&lt;td class=&quot;setting-leftspace&quot;&gt;&amp;nbsp;&lt;/td&gt;&lt;td class=&quot;setting-name&quot;&gt;Prune Empty Directories&lt;/td&gt;&lt;td class=&quot;setting-main&quot;&gt;&lt;input name=&quot;_.pruneEmptyDirectories&quot; checked=&quot;true&quot; type=&quot;checkbox&quot; class=&quot; &quot;&gt;&lt;/td&gt;&lt;td class=&quot;setting-help&quot;&gt;&lt;a helpurl=&quot;/descriptor/hudson.scm.CvsProjectset/help/pruneEmptyDirectories&quot; href=&quot;#&quot; class=&quot;help-button&quot; tabindex=&quot;9999&quot;&gt;&lt;img src=&quot;/static/fd2e7eb0/images/16x16/help.png&quot; alt=&quot;Help for feature: Prune Empty Directories&quot; style=&quot;width: 16px; height: 16px; &quot; class=&quot;icon-help icon-sm&quot;&gt;&lt;/a&gt;&lt;/td&gt;&lt;/tr&gt;&lt;tr class=&quot;validation-error-area&quot; nameref=&quot;radio-block-11&quot; style=&quot;display: none;&quot;&gt;&lt;td colspan=&quot;2&quot;&gt;&lt;/td&gt;&lt;td&gt;&lt;/td&gt;&lt;td&gt;&lt;/td&gt;&lt;/tr&gt;&lt;tr class=&quot;help-area&quot; nameref=&quot;radio-block-11&quot; style=&quot;display: none;&quot;&gt;&lt;td&gt;&lt;/td&gt;&lt;td colspan=&quot;2&quot;&gt;&lt;div class=&quot;help&quot;&gt;Loading...&lt;/div&gt;&lt;/td&gt;&lt;td&gt;&lt;/td&gt;&lt;/tr&gt;&lt;tr nameref=&quot;radio-block-11&quot; style=&quot;display: none;&quot;&gt;&lt;td class=&quot;setting-leftspace&quot;&gt;&amp;nbsp;&lt;/td&gt;&lt;td class=&quot;setting-name&quot;&gt;Skip Changelog&lt;/td&gt;&lt;td class=&quot;setting-main&quot;&gt;&lt;input name=&quot;_.skipChangeLog&quot; type=&quot;checkbox&quot; class=&quot; &quot;&gt;&lt;/td&gt;&lt;td class=&quot;setting-help&quot;&gt;&lt;a helpurl=&quot;/descriptor/hudson.scm.CvsProjectset/help/skipChangeLog&quot; href=&quot;#&quot; class=&quot;help-button&quot; tabindex=&quot;9999&quot;&gt;&lt;img src=&quot;/static/fd2e7eb0/images/16x16/help.png&quot; alt=&quot;Help for feature: Skip Changelog&quot; style=&quot;width: 16px; height: 16px; &quot; class=&quot;icon-help icon-sm&quot;&gt;&lt;/a&gt;&lt;/td&gt;&lt;/tr&gt;&lt;tr class=&quot;validation-error-area&quot; nameref=&quot;radio-block-11&quot; style=&quot;display: none;&quot;&gt;&lt;td colspan=&quot;2&quot;&gt;&lt;/td&gt;&lt;td&gt;&lt;/td&gt;&lt;td&gt;&lt;/td&gt;&lt;/tr&gt;&lt;tr class=&quot;help-area&quot; nameref=&quot;radio-block-11&quot; style=&quot;display: none;&quot;&gt;&lt;td&gt;&lt;/td&gt;&lt;td colspan=&quot;2&quot;&gt;&lt;div class=&quot;help&quot;&gt;Loading...&lt;/div&gt;&lt;/td&gt;&lt;td&gt;&lt;/td&gt;&lt;/tr&gt;&lt;tr nameref=&quot;radio-block-11&quot; style=&quot;display: none;&quot;&gt;&lt;td class=&quot;setting-leftspace&quot;&gt;&amp;nbsp;&lt;/td&gt;&lt;td class=&quot;setting-name&quot;&gt;Show all CVS output&lt;/td&gt;&lt;td class=&quot;setting-main&quot;&gt;&lt;input name=&quot;_.disableCvsQuiet&quot; type=&quot;checkbox&quot; class=&quot; &quot;&gt;&lt;/td&gt;&lt;td class=&quot;setting-help&quot;&gt;&lt;a helpurl=&quot;/descriptor/hudson.scm.CvsProjectset/help/disableCvsQuiet&quot; href=&quot;#&quot; class=&quot;help-button&quot; tabindex=&quot;9999&quot;&gt;&lt;img src=&quot;/static/fd2e7eb0/images/16x16/help.png&quot; alt=&quot;Help for feature: Show all CVS output&quot; style=&quot;width: 16px; height: 16px; &quot; class=&quot;icon-help icon-sm&quot;&gt;&lt;/a&gt;&lt;/td&gt;&lt;/tr&gt;&lt;tr class=&quot;validation-error-area&quot; nameref=&quot;radio-block-11&quot; style=&quot;display: none;&quot;&gt;&lt;td colspan=&quot;2&quot;&gt;&lt;/td&gt;&lt;td&gt;&lt;/td&gt;&lt;td&gt;&lt;/td&gt;&lt;/tr&gt;&lt;tr class=&quot;help-area&quot; nameref=&quot;radio-block-11&quot; style=&quot;display: none;&quot;&gt;&lt;td&gt;&lt;/td&gt;&lt;td colspan=&quot;2&quot;&gt;&lt;div class=&quot;help&quot;&gt;Loading...&lt;/div&gt;&lt;/td&gt;&lt;td&gt;&lt;/td&gt;&lt;/tr&gt;&lt;tr nameref=&quot;radio-block-11&quot; style=&quot;display: none;&quot;&gt;&lt;td class=&quot;setting-leftspace&quot;&gt;&amp;nbsp;&lt;/td&gt;&lt;td class=&quot;setting-name&quot;&gt;Perform clean checkout on failed update&lt;/td&gt;&lt;td class=&quot;setting-main&quot;&gt;&lt;input name=&quot;_.cleanOnFailedUpdate&quot; type=&quot;checkbox&quot; class=&quot; &quot;&gt;&lt;/td&gt;&lt;td class=&quot;setting-help&quot;&gt;&lt;a helpurl=&quot;/descriptor/hudson.scm.CvsProjectset/help/cleanOnFailedUpdate&quot; href=&quot;#&quot; class=&quot;help-button&quot; tabindex=&quot;9999&quot;&gt;&lt;img src=&quot;/static/fd2e7eb0/images/16x16/help.png&quot; alt=&quot;Help for feature: Perform clean checkout on failed update&quot; style=&quot;width: 16px; height: 16px; &quot; class=&quot;icon-help icon-sm&quot;&gt;&lt;/a&gt;&lt;/td&gt;&lt;/tr&gt;&lt;tr class=&quot;validation-error-area&quot; nameref=&quot;radio-block-11&quot; style=&quot;display: none;&quot;&gt;&lt;td colspan=&quot;2&quot;&gt;&lt;/td&gt;&lt;td&gt;&lt;/td&gt;&lt;td&gt;&lt;/td&gt;&lt;/tr&gt;&lt;tr class=&quot;help-area&quot; nameref=&quot;radio-block-11&quot; style=&quot;display: none;&quot;&gt;&lt;td&gt;&lt;/td&gt;&lt;td colspan=&quot;2&quot;&gt;&lt;div class=&quot;help&quot;&gt;Loading...&lt;/div&gt;&lt;/td&gt;&lt;td&gt;&lt;/td&gt;&lt;/tr&gt;&lt;tr nameref=&quot;radio-block-11&quot; style=&quot;display: none;&quot;&gt;&lt;td class=&quot;setting-leftspace&quot;&gt;&amp;nbsp;&lt;/td&gt;&lt;td class=&quot;setting-name&quot;&gt;Repository browser&lt;/td&gt;&lt;td class=&quot;setting-main&quot;&gt;&lt;select class=&quot;setting-input dropdownList&quot;&gt;&lt;option value=&quot;auto&quot;&gt;(Auto)&lt;/option&gt;&lt;option value=&quot;0&quot;&gt;Cvs Facade Repository Browser&lt;/option&gt;&lt;option value=&quot;1&quot;&gt;FishEye&lt;/option&gt;&lt;option value=&quot;2&quot;&gt;OpenGrok&lt;/option&gt;&lt;option value=&quot;3&quot;&gt;ViewCVS&lt;/option&gt;&lt;/select&gt;&lt;/td&gt;&lt;td class=&quot;setting-help&quot;&gt;&lt;a helpurl=&quot;/help/scm-browsers/list.html&quot; href=&quot;#&quot; class=&quot;help-button&quot; tabindex=&quot;9999&quot;&gt;&lt;img src=&quot;/static/fd2e7eb0/images/16x16/help.png&quot; alt=&quot;Help for feature: Repository browser&quot; style=&quot;width: 16px; height: 16px; &quot; class=&quot;icon-help icon-sm&quot;&gt;&lt;/a&gt;&lt;/td&gt;&lt;/tr&gt;&lt;tr class=&quot;dropdownList-container&quot; nameref=&quot;radio-block-11&quot; style=&quot;display: none;&quot;&gt;&lt;td colspan=&quot;2&quot;&gt;&lt;/td&gt;&lt;td colspan=&quot;2&quot;&gt;&lt;table width=&quot;100%&quot; name=&quot;cvs.browser&quot;&gt;&lt;tbody&gt;&lt;tr class=&quot;dropdownList-start rowvg-start&quot;&gt;&lt;/tr&gt;&lt;tr class=&quot;dropdownList-end rowvg-end&quot;&gt;&lt;/tr&gt;&lt;tr class=&quot;dropdownList-start rowvg-start&quot; field-disabled=&quot;true&quot; style=&quot;display: none;&quot;&gt;&lt;/tr&gt;&lt;tr class=&quot;render-on-demand &quot; proxy=&quot;makeStaplerProxy(&apos;/$stapler/bound/e7281308-9c37-4d04-9a1a-6f31237047cb&apos;,&apos;d9558d1b-578e-4743-a240-8717f9f0c41e&apos;,[&apos;render&apos;])&quot; field-disabled=&quot;true&quot; style=&quot;display: none;&quot;&gt;&lt;/tr&gt;&lt;tr style=&quot;display: none;&quot; field-disabled=&quot;true&quot;&gt;&lt;td&gt;&lt;input name=&quot;stapler-class&quot; type=&quot;hidden&quot; value=&quot;hudson.scm.browsers.CvsFacadeRepositoryBrowser&quot;&gt;&lt;input name=&quot;$class&quot; type=&quot;hidden&quot; value=&quot;hudson.scm.browsers.CvsFacadeRepositoryBrowser&quot;&gt;&lt;/td&gt;&lt;/tr&gt;&lt;tr class=&quot;dropdownList-end rowvg-end&quot;&gt;&lt;/tr&gt;&lt;tr class=&quot;dropdownList-start rowvg-start&quot; field-disabled=&quot;true&quot; style=&quot;display: none;&quot;&gt;&lt;/tr&gt;&lt;tr class=&quot;render-on-demand &quot; proxy=&quot;makeStaplerProxy(&apos;/$stapler/bound/63f29110-9075-41c7-a089-ecbca4f5f17b&apos;,&apos;d9558d1b-578e-4743-a240-8717f9f0c41e&apos;,[&apos;render&apos;])&quot; field-disabled=&quot;true&quot; style=&quot;display: none;&quot;&gt;&lt;/tr&gt;&lt;tr style=&quot;display: none;&quot; field-disabled=&quot;true&quot;&gt;&lt;td&gt;&lt;input name=&quot;stapler-class&quot; type=&quot;hidden&quot; value=&quot;hudson.scm.browsers.FishEyeCVS&quot;&gt;&lt;input name=&quot;$class&quot; type=&quot;hidden&quot; value=&quot;hudson.scm.browsers.FishEyeCVS&quot;&gt;&lt;/td&gt;&lt;/tr&gt;&lt;tr class=&quot;dropdownList-end rowvg-end&quot;&gt;&lt;/tr&gt;&lt;tr class=&quot;dropdownList-start rowvg-start&quot; field-disabled=&quot;true&quot; style=&quot;display: none;&quot;&gt;&lt;/tr&gt;&lt;tr class=&quot;render-on-demand &quot; proxy=&quot;makeStaplerProxy(&apos;/$stapler/bound/9f72f8ac-3680-4174-9c59-1046cdc63880&apos;,&apos;d9558d1b-578e-4743-a240-8717f9f0c41e&apos;,[&apos;render&apos;])&quot; field-disabled=&quot;true&quot; style=&quot;display: none;&quot;&gt;&lt;/tr&gt;&lt;tr style=&quot;display: none;&quot; field-disabled=&quot;true&quot;&gt;&lt;td&gt;&lt;input name=&quot;stapler-class&quot; type=&quot;hidden&quot; value=&quot;hudson.scm.browsers.OpenGrok&quot;&gt;&lt;input name=&quot;$class&quot; type=&quot;hidden&quot; value=&quot;hudson.scm.browsers.OpenGrok&quot;&gt;&lt;/td&gt;&lt;/tr&gt;&lt;tr class=&quot;dropdownList-end rowvg-end&quot;&gt;&lt;/tr&gt;&lt;tr class=&quot;dropdownList-start rowvg-start&quot; field-disabled=&quot;true&quot; style=&quot;display: none;&quot;&gt;&lt;/tr&gt;&lt;tr class=&quot;render-on-demand &quot; proxy=&quot;makeStaplerProxy(&apos;/$stapler/bound/86528b1a-2442-4353-8b3d-4c8ba7fca065&apos;,&apos;d9558d1b-578e-4743-a240-8717f9f0c41e&apos;,[&apos;render&apos;])&quot; field-disabled=&quot;true&quot; style=&quot;display: none;&quot;&gt;&lt;/tr&gt;&lt;tr style=&quot;display: none;&quot; field-disabled=&quot;true&quot;&gt;&lt;td&gt;&lt;input name=&quot;stapler-class&quot; type=&quot;hidden&quot; value=&quot;hudson.scm.browsers.ViewCVS&quot;&gt;&lt;input name=&quot;$class&quot; type=&quot;hidden&quot; value=&quot;hudson.scm.browsers.ViewCVS&quot;&gt;&lt;/td&gt;&lt;/tr&gt;&lt;tr class=&quot;dropdownList-end rowvg-end&quot;&gt;&lt;/tr&gt;&lt;/tbody&gt;&lt;/table&gt;&lt;/td&gt;&lt;/tr&gt;&lt;tr class=&quot;help-area&quot; nameref=&quot;radio-block-11&quot; style=&quot;display: none;&quot;&gt;&lt;td&gt;&lt;/td&gt;&lt;td colspan=&quot;2&quot;&gt;&lt;div class=&quot;help&quot;&gt;Loading...&lt;/div&gt;&lt;/td&gt;&lt;td&gt;&lt;/td&gt;&lt;/tr&gt;&lt;tr style=&quot;display:none&quot; class=&quot;row-set-end radio-block-end&quot;&gt;&lt;/tr&gt;&lt;tr class=&quot;radio-block-start row-set-start&quot; hashelp=&quot;false&quot; ref=&quot;radio-block-12&quot;&gt;&lt;td colspan=&quot;3&quot;&gt;&lt;label&gt;&lt;input name=&quot;scm&quot; type=&quot;radio&quot; value=&quot;3&quot; class=&quot;radio-block-control&quot; id=&quot;radio-block-12&quot; path=&quot;/scm[3]&quot;&gt;&#10;        Subversion&#10;      &lt;/label&gt;&lt;/td&gt;&lt;td class=&quot;setting-no-help&quot;&gt;&lt;/td&gt;&lt;/tr&gt;&lt;tr nameref=&quot;radio-block-12&quot; style=&quot;display: none;&quot;&gt;&lt;td class=&quot;setting-leftspace&quot;&gt;&amp;nbsp;&lt;/td&gt;&lt;td class=&quot;setting-name&quot;&gt;Modules&lt;/td&gt;&lt;td class=&quot;setting-main&quot;&gt;&lt;div class=&quot;repeated-container&quot;&gt;&lt;div name=&quot;locations&quot; class=&quot;repeated-chunk first last only&quot;&gt;&lt;table width=&quot;100%&quot;&gt;&lt;tbody&gt;&lt;tr&gt;&lt;td class=&quot;setting-leftspace&quot;&gt;&amp;nbsp;&lt;/td&gt;&lt;td class=&quot;setting-name&quot;&gt;Repository URL&lt;/td&gt;&lt;td class=&quot;setting-main&quot;&gt;&#10;   &#10;&#10;  &#10;  &lt;input checkdependson=&quot;&quot; id=&quot;svn.remote.loc&quot; checkurl=&quot;/job/molecular_voter/descriptorByName/hudson.scm.SubversionSCM/checkRemote&quot; name=&quot;_.remote&quot; type=&quot;text&quot; class=&quot;setting-input validated  &quot; value=&quot;&quot;&gt;&lt;/td&gt;&lt;td class=&quot;setting-help&quot;&gt;&lt;a helpurl=&quot;/scm/SubversionSCM/url-help&quot; href=&quot;#&quot; class=&quot;help-button&quot; tabindex=&quot;9999&quot;&gt;&lt;img src=&quot;/static/fd2e7eb0/images/16x16/help.png&quot; alt=&quot;Help for feature: Repository URL&quot; style=&quot;width: 16px; height: 16px; &quot; class=&quot;icon-help icon-sm&quot;&gt;&lt;/a&gt;&lt;/td&gt;&lt;/tr&gt;&lt;tr class=&quot;validation-error-area&quot;&gt;&lt;td colspan=&quot;2&quot;&gt;&lt;/td&gt;&lt;td&gt;&lt;div class=&quot;error&quot;&gt;&lt;img src=&quot;/static/fd2e7eb0/images/none.gif&quot; height=&quot;16&quot; width=&quot;1&quot;&gt;Repository URL is required.&lt;/div&gt;&lt;/td&gt;&lt;td&gt;&lt;/td&gt;&lt;/tr&gt;&lt;tr class=&quot;help-area&quot;&gt;&lt;td&gt;&lt;/td&gt;&lt;td colspan=&quot;2&quot;&gt;&lt;div class=&quot;help&quot;&gt;Loading...&lt;/div&gt;&lt;/td&gt;&lt;td&gt;&lt;/td&gt;&lt;/tr&gt;&lt;tr&gt;&lt;td class=&quot;setting-leftspace&quot;&gt;&amp;nbsp;&lt;/td&gt;&lt;td class=&quot;setting-name&quot;&gt;Local module directory (optional)&lt;/td&gt;&lt;td class=&quot;setting-main&quot;&gt;&#10;   &#10;&#10;  &#10;  &lt;input checkdependson=&quot;&quot; checkurl=&quot;/job/molecular_voter/descriptorByName/hudson.scm.SubversionSCM/checkLocal&quot; name=&quot;_.local&quot; type=&quot;text&quot; class=&quot;setting-input validated  &quot; value=&quot;.&quot;&gt;&lt;/td&gt;&lt;td class=&quot;setting-help&quot;&gt;&lt;a helpurl=&quot;/descriptor/hudson.scm.SubversionSCM/help/local&quot; href=&quot;#&quot; class=&quot;help-button&quot; tabindex=&quot;9999&quot;&gt;&lt;img src=&quot;/static/fd2e7eb0/images/16x16/help.png&quot; alt=&quot;Help for feature: Local module directory (optional)&quot; style=&quot;width: 16px; height: 16px; &quot; class=&quot;icon-help icon-sm&quot;&gt;&lt;/a&gt;&lt;/td&gt;&lt;/tr&gt;&lt;tr class=&quot;validation-error-area&quot;&gt;&lt;td colspan=&quot;2&quot;&gt;&lt;/td&gt;&lt;td&gt;&lt;div&gt;&lt;/div&gt;&lt;/td&gt;&lt;td&gt;&lt;/td&gt;&lt;/tr&gt;&lt;tr class=&quot;help-area&quot;&gt;&lt;td&gt;&lt;/td&gt;&lt;td colspan=&quot;2&quot;&gt;&lt;div class=&quot;help&quot;&gt;Loading...&lt;/div&gt;&lt;/td&gt;&lt;td&gt;&lt;/td&gt;&lt;/tr&gt;&lt;tr&gt;&lt;td class=&quot;setting-leftspace&quot;&gt;&amp;nbsp;&lt;/td&gt;&lt;td class=&quot;setting-name&quot;&gt;Repository depth&lt;/td&gt;&lt;td class=&quot;setting-main&quot;&gt;&lt;select name=&quot;depthOption&quot;&gt;&lt;option value=&quot;infinity&quot;&gt;infinity&lt;/option&gt;&lt;option value=&quot;empty&quot;&gt;empty&lt;/option&gt;&lt;option value=&quot;files&quot;&gt;files&lt;/option&gt;&lt;option value=&quot;immediates&quot;&gt;immediates&lt;/option&gt;&lt;option value=&quot;unknown&quot;&gt;as-it-is&lt;/option&gt;&lt;/select&gt;&lt;/td&gt;&lt;td class=&quot;setting-help&quot;&gt;&lt;a helpurl=&quot;/descriptor/hudson.scm.SubversionSCM/help/depthOption&quot; href=&quot;#&quot; class=&quot;help-button&quot; tabindex=&quot;9999&quot;&gt;&lt;img src=&quot;/static/fd2e7eb0/images/16x16/help.png&quot; alt=&quot;Help for feature: Repository depth&quot; style=&quot;width: 16px; height: 16px; &quot; class=&quot;icon-help icon-sm&quot;&gt;&lt;/a&gt;&lt;/td&gt;&lt;/tr&gt;&lt;tr class=&quot;validation-error-area&quot;&gt;&lt;td colspan=&quot;2&quot;&gt;&lt;/td&gt;&lt;td&gt;&lt;/td&gt;&lt;td&gt;&lt;/td&gt;&lt;/tr&gt;&lt;tr class=&quot;help-area&quot;&gt;&lt;td&gt;&lt;/td&gt;&lt;td colspan=&quot;2&quot;&gt;&lt;div class=&quot;help&quot;&gt;Loading...&lt;/div&gt;&lt;/td&gt;&lt;td&gt;&lt;/td&gt;&lt;/tr&gt;&lt;tr&gt;&lt;td class=&quot;setting-leftspace&quot;&gt;&amp;nbsp;&lt;/td&gt;&lt;td class=&quot;setting-name&quot;&gt;Ignore externals&lt;/td&gt;&lt;td class=&quot;setting-main&quot;&gt;&lt;input name=&quot;_.ignoreExternalsOption&quot; type=&quot;checkbox&quot; class=&quot; &quot;&gt;&lt;/td&gt;&lt;td class=&quot;setting-help&quot;&gt;&lt;a helpurl=&quot;/descriptor/hudson.scm.SubversionSCM/help/ignoreExternalsOption&quot; href=&quot;#&quot; class=&quot;help-button&quot; tabindex=&quot;9999&quot;&gt;&lt;img src=&quot;/static/fd2e7eb0/images/16x16/help.png&quot; alt=&quot;Help for feature: Ignore externals&quot; style=&quot;width: 16px; height: 16px; &quot; class=&quot;icon-help icon-sm&quot;&gt;&lt;/a&gt;&lt;/td&gt;&lt;/tr&gt;&lt;tr class=&quot;validation-error-area&quot;&gt;&lt;td colspan=&quot;2&quot;&gt;&lt;/td&gt;&lt;td&gt;&lt;/td&gt;&lt;td&gt;&lt;/td&gt;&lt;/tr&gt;&lt;tr class=&quot;help-area&quot;&gt;&lt;td&gt;&lt;/td&gt;&lt;td colspan=&quot;2&quot;&gt;&lt;div class=&quot;help&quot;&gt;Loading...&lt;/div&gt;&lt;/td&gt;&lt;td&gt;&lt;/td&gt;&lt;/tr&gt;&lt;tr&gt;&lt;td class=&quot;setting-leftspace&quot;&gt;&amp;nbsp;&lt;/td&gt;&lt;td class=&quot;setting-name&quot;&gt;&lt;/td&gt;&lt;td class=&quot;setting-main&quot;&gt;&lt;div align=&quot;right&quot;&gt;&lt;span class=&quot;yui-button yui-push-button repeatable-add show-if-last&quot; id=&quot;yui-gen20&quot;&gt;&lt;span class=&quot;first-child&quot;&gt;&lt;button type=&quot;button&quot; tabindex=&quot;0&quot; id=&quot;yui-gen20-button&quot;&gt;Add more locations...&lt;/button&gt;&lt;/span&gt;&lt;/span&gt;&lt;span class=&quot;yui-button yui-push-button repeatable-delete show-if-not-only&quot; id=&quot;yui-gen29&quot;&gt;&lt;span class=&quot;first-child&quot;&gt;&lt;button type=&quot;button&quot; tabindex=&quot;0&quot; id=&quot;yui-gen29-button&quot;&gt;Delete&lt;/button&gt;&lt;/span&gt;&lt;/span&gt;&lt;/div&gt;&lt;/td&gt;&lt;td class=&quot;setting-no-help&quot;&gt;&lt;/td&gt;&lt;/tr&gt;&lt;tr class=&quot;validation-error-area&quot;&gt;&lt;td colspan=&quot;2&quot;&gt;&lt;/td&gt;&lt;td&gt;&lt;/td&gt;&lt;td&gt;&lt;/td&gt;&lt;/tr&gt;&lt;/tbody&gt;&lt;/table&gt;&lt;/div&gt;&lt;div class=&quot;repeatable-insertion-point&quot;&gt;&lt;/div&gt;&lt;/div&gt;&lt;/td&gt;&lt;td class=&quot;setting-no-help&quot;&gt;&lt;/td&gt;&lt;/tr&gt;&lt;tr class=&quot;validation-error-area&quot; nameref=&quot;radio-block-12&quot; style=&quot;display: none;&quot;&gt;&lt;td colspan=&quot;2&quot;&gt;&lt;/td&gt;&lt;td&gt;&lt;/td&gt;&lt;td&gt;&lt;/td&gt;&lt;/tr&gt;&lt;tr nameref=&quot;radio-block-12&quot; style=&quot;display: none;&quot;&gt;&lt;td class=&quot;setting-leftspace&quot;&gt;&amp;nbsp;&lt;/td&gt;&lt;td class=&quot;setting-name&quot;&gt;Check-out Strategy&lt;/td&gt;&lt;td class=&quot;setting-main&quot;&gt;&lt;select class=&quot;setting-input dropdownList&quot;&gt;&lt;option value=&quot;0&quot;&gt;Use &apos;svn update&apos; as much as possible&lt;/option&gt;&lt;option value=&quot;1&quot;&gt;Always check out a fresh copy&lt;/option&gt;&lt;option value=&quot;2&quot;&gt;Emulate clean checkout by first deleting unversioned/ignored files, then &apos;svn update&apos;&lt;/option&gt;&lt;option value=&quot;3&quot;&gt;Use &apos;svn update&apos; as much as possible, with &apos;svn revert&apos; before update&lt;/option&gt;&lt;/select&gt;&lt;/td&gt;&lt;td class=&quot;setting-no-help&quot;&gt;&lt;/td&gt;&lt;/tr&gt;&lt;tr class=&quot;dropdownList-container&quot; nameref=&quot;radio-block-12&quot; style=&quot;display: none;&quot;&gt;&lt;td colspan=&quot;2&quot;&gt;&lt;/td&gt;&lt;td colspan=&quot;2&quot;&gt;&lt;table width=&quot;100%&quot; name=&quot;workspaceUpdater&quot;&gt;&lt;tbody&gt;&lt;tr class=&quot;dropdownList-start rowvg-start&quot;&gt;&lt;/tr&gt;&#10;      &#10;      &lt;tr&gt;&lt;td colspan=&quot;2&quot;&gt;&lt;/td&gt;&lt;td class=&quot;setting-description&quot;&gt;Use &apos;svn update&apos; whenever possible, making the build faster. But this causes the artifacts from the previous build to remain when a new build starts.&lt;/td&gt;&lt;td&gt;&lt;/td&gt;&lt;/tr&gt;&lt;tr style=&quot;&quot;&gt;&lt;td&gt;&lt;input name=&quot;stapler-class&quot; type=&quot;hidden&quot; value=&quot;hudson.scm.subversion.UpdateUpdater&quot;&gt;&lt;input name=&quot;$class&quot; type=&quot;hidden&quot; value=&quot;hudson.scm.subversion.UpdateUpdater&quot;&gt;&lt;/td&gt;&lt;/tr&gt;&lt;tr class=&quot;dropdownList-end rowvg-end&quot;&gt;&lt;/tr&gt;&lt;tr class=&quot;dropdownList-start rowvg-start&quot; field-disabled=&quot;true&quot; style=&quot;display: none;&quot;&gt;&lt;/tr&gt;&lt;tr class=&quot;render-on-demand &quot; proxy=&quot;makeStaplerProxy(&apos;/$stapler/bound/82d2422b-b2e1-449d-b4cd-48dec4b0d92a&apos;,&apos;d9558d1b-578e-4743-a240-8717f9f0c41e&apos;,[&apos;render&apos;])&quot; field-disabled=&quot;true&quot; style=&quot;display: none;&quot;&gt;&lt;/tr&gt;&lt;tr style=&quot;display: none;&quot; field-disabled=&quot;true&quot;&gt;&lt;td&gt;&lt;input name=&quot;stapler-class&quot; type=&quot;hidden&quot; value=&quot;hudson.scm.subversion.CheckoutUpdater&quot;&gt;&lt;input name=&quot;$class&quot; type=&quot;hidden&quot; value=&quot;hudson.scm.subversion.CheckoutUpdater&quot;&gt;&lt;/td&gt;&lt;/tr&gt;&lt;tr class=&quot;dropdownList-end rowvg-end&quot;&gt;&lt;/tr&gt;&lt;tr class=&quot;dropdownList-start rowvg-start&quot; field-disabled=&quot;true&quot; style=&quot;display: none;&quot;&gt;&lt;/tr&gt;&lt;tr class=&quot;render-on-demand &quot; proxy=&quot;makeStaplerProxy(&apos;/$stapler/bound/7b81285b-14a5-4648-8e1e-fa2d078bcd6a&apos;,&apos;d9558d1b-578e-4743-a240-8717f9f0c41e&apos;,[&apos;render&apos;])&quot; field-disabled=&quot;true&quot; style=&quot;display: none;&quot;&gt;&lt;/tr&gt;&lt;tr style=&quot;display: none;&quot; field-disabled=&quot;true&quot;&gt;&lt;td&gt;&lt;input name=&quot;stapler-class&quot; type=&quot;hidden&quot; value=&quot;hudson.scm.subversion.UpdateWithCleanUpdater&quot;&gt;&lt;input name=&quot;$class&quot; type=&quot;hidden&quot; value=&quot;hudson.scm.subversion.UpdateWithCleanUpdater&quot;&gt;&lt;/td&gt;&lt;/tr&gt;&lt;tr class=&quot;dropdownList-end rowvg-end&quot;&gt;&lt;/tr&gt;&lt;tr class=&quot;dropdownList-start rowvg-start&quot; field-disabled=&quot;true&quot; style=&quot;display: none;&quot;&gt;&lt;/tr&gt;&lt;tr class=&quot;render-on-demand &quot; proxy=&quot;makeStaplerProxy(&apos;/$stapler/bound/0eb44ccd-b123-4a22-a91a-0995846d3c17&apos;,&apos;d9558d1b-578e-4743-a240-8717f9f0c41e&apos;,[&apos;render&apos;])&quot; field-disabled=&quot;true&quot; style=&quot;display: none;&quot;&gt;&lt;/tr&gt;&lt;tr style=&quot;display: none;&quot; field-disabled=&quot;true&quot;&gt;&lt;td&gt;&lt;input name=&quot;stapler-class&quot; type=&quot;hidden&quot; value=&quot;hudson.scm.subversion.UpdateWithRevertUpdater&quot;&gt;&lt;input name=&quot;$class&quot; type=&quot;hidden&quot; value=&quot;hudson.scm.subversion.UpdateWithRevertUpdater&quot;&gt;&lt;/td&gt;&lt;/tr&gt;&lt;tr class=&quot;dropdownList-end rowvg-end&quot;&gt;&lt;/tr&gt;&lt;/tbody&gt;&lt;/table&gt;&lt;/td&gt;&lt;/tr&gt;&lt;tr nameref=&quot;radio-block-12&quot; style=&quot;display: none;&quot;&gt;&lt;td class=&quot;setting-leftspace&quot;&gt;&amp;nbsp;&lt;/td&gt;&lt;td class=&quot;setting-name&quot;&gt;Repository browser&lt;/td&gt;&lt;td class=&quot;setting-main&quot;&gt;&lt;select class=&quot;setting-input dropdownList&quot;&gt;&lt;option value=&quot;auto&quot;&gt;(Auto)&lt;/option&gt;&lt;option value=&quot;0&quot;&gt;Assembla&lt;/option&gt;&lt;option value=&quot;1&quot;&gt;CollabNet&lt;/option&gt;&lt;option value=&quot;2&quot;&gt;FishEye&lt;/option&gt;&lt;option value=&quot;3&quot;&gt;SVN::Web&lt;/option&gt;&lt;option value=&quot;4&quot;&gt;Sventon 1.x&lt;/option&gt;&lt;option value=&quot;5&quot;&gt;Sventon 2.x&lt;/option&gt;&lt;option value=&quot;6&quot;&gt;ViewSVN&lt;/option&gt;&lt;option value=&quot;7&quot;&gt;WebSVN&lt;/option&gt;&lt;/select&gt;&lt;/td&gt;&lt;td class=&quot;setting-help&quot;&gt;&lt;a helpurl=&quot;/help/scm-browsers/list.html&quot; href=&quot;#&quot; class=&quot;help-button&quot; tabindex=&quot;9999&quot;&gt;&lt;img src=&quot;/static/fd2e7eb0/images/16x16/help.png&quot; alt=&quot;Help for feature: Repository browser&quot; style=&quot;width: 16px; height: 16px; &quot; class=&quot;icon-help icon-sm&quot;&gt;&lt;/a&gt;&lt;/td&gt;&lt;/tr&gt;&lt;tr class=&quot;dropdownList-container&quot; nameref=&quot;radio-block-12&quot; style=&quot;display: none;&quot;&gt;&lt;td colspan=&quot;2&quot;&gt;&lt;/td&gt;&lt;td colspan=&quot;2&quot;&gt;&lt;table width=&quot;100%&quot; name=&quot;svn.browser&quot;&gt;&lt;tbody&gt;&lt;tr class=&quot;dropdownList-start rowvg-start&quot;&gt;&lt;/tr&gt;&lt;tr class=&quot;dropdownList-end rowvg-end&quot;&gt;&lt;/tr&gt;&lt;tr class=&quot;dropdownList-start rowvg-start&quot; field-disabled=&quot;true&quot; style=&quot;display: none;&quot;&gt;&lt;/tr&gt;&lt;tr class=&quot;render-on-demand &quot; proxy=&quot;makeStaplerProxy(&apos;/$stapler/bound/2d0986f1-1410-47d8-912e-500cee1505e8&apos;,&apos;d9558d1b-578e-4743-a240-8717f9f0c41e&apos;,[&apos;render&apos;])&quot; field-disabled=&quot;true&quot; style=&quot;display: none;&quot;&gt;&lt;/tr&gt;&lt;tr style=&quot;display: none;&quot; field-disabled=&quot;true&quot;&gt;&lt;td&gt;&lt;input name=&quot;stapler-class&quot; type=&quot;hidden&quot; value=&quot;hudson.scm.browsers.Assembla&quot;&gt;&lt;input name=&quot;$class&quot; type=&quot;hidden&quot; value=&quot;hudson.scm.browsers.Assembla&quot;&gt;&lt;/td&gt;&lt;/tr&gt;&lt;tr class=&quot;dropdownList-end rowvg-end&quot;&gt;&lt;/tr&gt;&lt;tr class=&quot;dropdownList-start rowvg-start&quot; field-disabled=&quot;true&quot; style=&quot;display: none;&quot;&gt;&lt;/tr&gt;&lt;tr class=&quot;render-on-demand &quot; proxy=&quot;makeStaplerProxy(&apos;/$stapler/bound/2e3572b9-1336-42f9-ab8f-8f68f1cc3b9f&apos;,&apos;d9558d1b-578e-4743-a240-8717f9f0c41e&apos;,[&apos;render&apos;])&quot; field-disabled=&quot;true&quot; style=&quot;display: none;&quot;&gt;&lt;/tr&gt;&lt;tr style=&quot;display: none;&quot; field-disabled=&quot;true&quot;&gt;&lt;td&gt;&lt;input name=&quot;stapler-class&quot; type=&quot;hidden&quot; value=&quot;hudson.scm.browsers.CollabNetSVN&quot;&gt;&lt;input name=&quot;$class&quot; type=&quot;hidden&quot; value=&quot;hudson.scm.browsers.CollabNetSVN&quot;&gt;&lt;/td&gt;&lt;/tr&gt;&lt;tr class=&quot;dropdownList-end rowvg-end&quot;&gt;&lt;/tr&gt;&lt;tr class=&quot;dropdownList-start rowvg-start&quot; field-disabled=&quot;true&quot; style=&quot;display: none;&quot;&gt;&lt;/tr&gt;&lt;tr class=&quot;render-on-demand &quot; proxy=&quot;makeStaplerProxy(&apos;/$stapler/bound/0ac55bc8-789d-4f37-9314-10a65e9c2f34&apos;,&apos;d9558d1b-578e-4743-a240-8717f9f0c41e&apos;,[&apos;render&apos;])&quot; field-disabled=&quot;true&quot; style=&quot;display: none;&quot;&gt;&lt;/tr&gt;&lt;tr style=&quot;display: none;&quot; field-disabled=&quot;true&quot;&gt;&lt;td&gt;&lt;input name=&quot;stapler-class&quot; type=&quot;hidden&quot; value=&quot;hudson.scm.browsers.FishEyeSVN&quot;&gt;&lt;input name=&quot;$class&quot; type=&quot;hidden&quot; value=&quot;hudson.scm.browsers.FishEyeSVN&quot;&gt;&lt;/td&gt;&lt;/tr&gt;&lt;tr class=&quot;dropdownList-end rowvg-end&quot;&gt;&lt;/tr&gt;&lt;tr class=&quot;dropdownList-start rowvg-start&quot; field-disabled=&quot;true&quot; style=&quot;display: none;&quot;&gt;&lt;/tr&gt;&lt;tr class=&quot;render-on-demand &quot; proxy=&quot;makeStaplerProxy(&apos;/$stapler/bound/9e5e149d-a99e-4b89-809a-9fc261090ba8&apos;,&apos;d9558d1b-578e-4743-a240-8717f9f0c41e&apos;,[&apos;render&apos;])&quot; field-disabled=&quot;true&quot; style=&quot;display: none;&quot;&gt;&lt;/tr&gt;&lt;tr style=&quot;display: none;&quot; field-disabled=&quot;true&quot;&gt;&lt;td&gt;&lt;input name=&quot;stapler-class&quot; type=&quot;hidden&quot; value=&quot;hudson.scm.browsers.SVNWeb&quot;&gt;&lt;input name=&quot;$class&quot; type=&quot;hidden&quot; value=&quot;hudson.scm.browsers.SVNWeb&quot;&gt;&lt;/td&gt;&lt;/tr&gt;&lt;tr class=&quot;dropdownList-end rowvg-end&quot;&gt;&lt;/tr&gt;&lt;tr class=&quot;dropdownList-start rowvg-start&quot; field-disabled=&quot;true&quot; style=&quot;display: none;&quot;&gt;&lt;/tr&gt;&lt;tr class=&quot;render-on-demand &quot; proxy=&quot;makeStaplerProxy(&apos;/$stapler/bound/3a704380-c5fa-4c47-9b42-f515dbb01213&apos;,&apos;d9558d1b-578e-4743-a240-8717f9f0c41e&apos;,[&apos;render&apos;])&quot; field-disabled=&quot;true&quot; style=&quot;display: none;&quot;&gt;&lt;/tr&gt;&lt;tr style=&quot;display: none;&quot; field-disabled=&quot;true&quot;&gt;&lt;td&gt;&lt;input name=&quot;stapler-class&quot; type=&quot;hidden&quot; value=&quot;hudson.scm.browsers.Sventon&quot;&gt;&lt;input name=&quot;$class&quot; type=&quot;hidden&quot; value=&quot;hudson.scm.browsers.Sventon&quot;&gt;&lt;/td&gt;&lt;/tr&gt;&lt;tr class=&quot;dropdownList-end rowvg-end&quot;&gt;&lt;/tr&gt;&lt;tr class=&quot;dropdownList-start rowvg-start&quot; field-disabled=&quot;true&quot; style=&quot;display: none;&quot;&gt;&lt;/tr&gt;&lt;tr class=&quot;render-on-demand &quot; proxy=&quot;makeStaplerProxy(&apos;/$stapler/bound/b4bc496e-9406-4b19-9f38-009085a20a58&apos;,&apos;d9558d1b-578e-4743-a240-8717f9f0c41e&apos;,[&apos;render&apos;])&quot; field-disabled=&quot;true&quot; style=&quot;display: none;&quot;&gt;&lt;/tr&gt;&lt;tr style=&quot;display: none;&quot; field-disabled=&quot;true&quot;&gt;&lt;td&gt;&lt;input name=&quot;stapler-class&quot; type=&quot;hidden&quot; value=&quot;hudson.scm.browsers.Sventon2&quot;&gt;&lt;input name=&quot;$class&quot; type=&quot;hidden&quot; value=&quot;hudson.scm.browsers.Sventon2&quot;&gt;&lt;/td&gt;&lt;/tr&gt;&lt;tr class=&quot;dropdownList-end rowvg-end&quot;&gt;&lt;/tr&gt;&lt;tr class=&quot;dropdownList-start rowvg-start&quot; field-disabled=&quot;true&quot; style=&quot;display: none;&quot;&gt;&lt;/tr&gt;&lt;tr class=&quot;render-on-demand &quot; proxy=&quot;makeStaplerProxy(&apos;/$stapler/bound/8681d607-f864-47aa-8ee5-d12dbe381368&apos;,&apos;d9558d1b-578e-4743-a240-8717f9f0c41e&apos;,[&apos;render&apos;])&quot; field-disabled=&quot;true&quot; style=&quot;display: none;&quot;&gt;&lt;/tr&gt;&lt;tr style=&quot;display: none;&quot; field-disabled=&quot;true&quot;&gt;&lt;td&gt;&lt;input name=&quot;stapler-class&quot; type=&quot;hidden&quot; value=&quot;hudson.scm.browsers.ViewSVN&quot;&gt;&lt;input name=&quot;$class&quot; type=&quot;hidden&quot; value=&quot;hudson.scm.browsers.ViewSVN&quot;&gt;&lt;/td&gt;&lt;/tr&gt;&lt;tr class=&quot;dropdownList-end rowvg-end&quot;&gt;&lt;/tr&gt;&lt;tr class=&quot;dropdownList-start rowvg-start&quot; field-disabled=&quot;true&quot; style=&quot;display: none;&quot;&gt;&lt;/tr&gt;&lt;tr class=&quot;render-on-demand &quot; proxy=&quot;makeStaplerProxy(&apos;/$stapler/bound/9b383386-ec6e-485a-bb0e-af42f654d700&apos;,&apos;d9558d1b-578e-4743-a240-8717f9f0c41e&apos;,[&apos;render&apos;])&quot; field-disabled=&quot;true&quot; style=&quot;display: none;&quot;&gt;&lt;/tr&gt;&lt;tr style=&quot;display: none;&quot; field-disabled=&quot;true&quot;&gt;&lt;td&gt;&lt;input name=&quot;stapler-class&quot; type=&quot;hidden&quot; value=&quot;hudson.scm.browsers.WebSVN&quot;&gt;&lt;input name=&quot;$class&quot; type=&quot;hidden&quot; value=&quot;hudson.scm.browsers.WebSVN&quot;&gt;&lt;/td&gt;&lt;/tr&gt;&lt;tr class=&quot;dropdownList-end rowvg-end&quot;&gt;&lt;/tr&gt;&lt;/tbody&gt;&lt;/table&gt;&lt;/td&gt;&lt;/tr&gt;&lt;tr class=&quot;help-area&quot; nameref=&quot;radio-block-12&quot; style=&quot;display: none;&quot;&gt;&lt;td&gt;&lt;/td&gt;&lt;td colspan=&quot;2&quot;&gt;&lt;div class=&quot;help&quot;&gt;Loading...&lt;/div&gt;&lt;/td&gt;&lt;td&gt;&lt;/td&gt;&lt;/tr&gt;&lt;tr nameref=&quot;radio-block-12&quot; style=&quot;display: none;&quot;&gt;&lt;td&gt;&lt;/td&gt;&lt;td&gt;&lt;/td&gt;&lt;td&gt;&lt;div style=&quot;&quot; class=&quot;advancedLink&quot;&gt;&lt;span style=&quot;display: none&quot; id=&quot;id25&quot;&gt;&lt;img src=&quot;/static/fd2e7eb0/images/24x24/notepad.png&quot; tooltip=&quot;One or more fields in this block have been edited.&quot; style=&quot;width: 24px; height: 24px; vertical-align: baseline&quot; class=&quot;icon-notepad icon-md&quot; title=&quot;One or more fields in this block have been edited.&quot;&gt;&lt;/span&gt;&amp;nbsp;&lt;span class=&quot;yui-button yui-push-button advanced-button advancedButton&quot; id=&quot;yui-gen10&quot;&gt;&lt;span class=&quot;first-child&quot;&gt;&lt;button type=&quot;button&quot; tabindex=&quot;0&quot; id=&quot;yui-gen10-button&quot;&gt;Advanced...&lt;/button&gt;&lt;/span&gt;&lt;/span&gt;&lt;/div&gt;&lt;table class=&quot;advancedBody&quot;&gt;&lt;tbody&gt;&lt;tr&gt;&lt;td class=&quot;setting-leftspace&quot;&gt;&amp;nbsp;&lt;/td&gt;&lt;td class=&quot;setting-name&quot;&gt;Ignore Property Changes on directories&lt;/td&gt;&lt;td class=&quot;setting-main&quot;&gt;&lt;input name=&quot;_.ignoreDirPropChanges&quot; type=&quot;checkbox&quot; class=&quot; &quot;&gt;&lt;/td&gt;&lt;td class=&quot;setting-help&quot;&gt;&lt;a helpurl=&quot;/descriptor/hudson.scm.SubversionSCM/help/ignoreDirPropChanges&quot; href=&quot;#&quot; class=&quot;help-button&quot; tabindex=&quot;9999&quot;&gt;&lt;img src=&quot;/static/fd2e7eb0/images/16x16/help.png&quot; alt=&quot;Help for feature: Ignore Property Changes on directories&quot; style=&quot;width: 16px; height: 16px; &quot; class=&quot;icon-help icon-sm&quot;&gt;&lt;/a&gt;&lt;/td&gt;&lt;/tr&gt;&lt;tr class=&quot;validation-error-area&quot;&gt;&lt;td colspan=&quot;2&quot;&gt;&lt;/td&gt;&lt;td&gt;&lt;/td&gt;&lt;td&gt;&lt;/td&gt;&lt;/tr&gt;&lt;tr class=&quot;help-area&quot;&gt;&lt;td&gt;&lt;/td&gt;&lt;td colspan=&quot;2&quot;&gt;&lt;div class=&quot;help&quot;&gt;Loading...&lt;/div&gt;&lt;/td&gt;&lt;td&gt;&lt;/td&gt;&lt;/tr&gt;&lt;tr&gt;&lt;td class=&quot;setting-leftspace&quot;&gt;&amp;nbsp;&lt;/td&gt;&lt;td class=&quot;setting-name&quot;&gt;Excluded Regions&lt;/td&gt;&lt;td class=&quot;setting-main&quot;&gt;&lt;textarea checkdependson=&quot;&quot; name=&quot;_.excludedRegions&quot; rows=&quot;5&quot; class=&quot;setting-input validated  &quot; checkurl=&quot;/job/molecular_voter/descriptorByName/hudson.scm.SubversionSCM/checkExcludedRegions&quot;&gt;&lt;/textarea&gt;&lt;div class=&quot;textarea-handle&quot;&gt;&lt;/div&gt;&lt;/td&gt;&lt;td class=&quot;setting-help&quot;&gt;&lt;a helpurl=&quot;/descriptor/hudson.scm.SubversionSCM/help/excludedRegions&quot; href=&quot;#&quot; class=&quot;help-button&quot; tabindex=&quot;9999&quot;&gt;&lt;img src=&quot;/static/fd2e7eb0/images/16x16/help.png&quot; alt=&quot;Help for feature: Excluded Regions&quot; style=&quot;width: 16px; height: 16px; &quot; class=&quot;icon-help icon-sm&quot;&gt;&lt;/a&gt;&lt;/td&gt;&lt;/tr&gt;&lt;tr class=&quot;validation-error-area&quot;&gt;&lt;td colspan=&quot;2&quot;&gt;&lt;/td&gt;&lt;td&gt;&lt;div&gt;&lt;/div&gt;&lt;/td&gt;&lt;td&gt;&lt;/td&gt;&lt;/tr&gt;&lt;tr class=&quot;help-area&quot;&gt;&lt;td&gt;&lt;/td&gt;&lt;td colspan=&quot;2&quot;&gt;&lt;div class=&quot;help&quot;&gt;Loading...&lt;/div&gt;&lt;/td&gt;&lt;td&gt;&lt;/td&gt;&lt;/tr&gt;&lt;tr&gt;&lt;td class=&quot;setting-leftspace&quot;&gt;&amp;nbsp;&lt;/td&gt;&lt;td class=&quot;setting-name&quot;&gt;Included Regions&lt;/td&gt;&lt;td class=&quot;setting-main&quot;&gt;&lt;textarea checkdependson=&quot;&quot; name=&quot;_.includedRegions&quot; rows=&quot;5&quot; class=&quot;setting-input validated  &quot; checkurl=&quot;/job/molecular_voter/descriptorByName/hudson.scm.SubversionSCM/checkIncludedRegions&quot;&gt;&lt;/textarea&gt;&lt;div class=&quot;textarea-handle&quot;&gt;&lt;/div&gt;&lt;/td&gt;&lt;td class=&quot;setting-help&quot;&gt;&lt;a helpurl=&quot;/descriptor/hudson.scm.SubversionSCM/help/includedRegions&quot; href=&quot;#&quot; class=&quot;help-button&quot; tabindex=&quot;9999&quot;&gt;&lt;img src=&quot;/static/fd2e7eb0/images/16x16/help.png&quot; alt=&quot;Help for feature: Included Regions&quot; style=&quot;width: 16px; height: 16px; &quot; class=&quot;icon-help icon-sm&quot;&gt;&lt;/a&gt;&lt;/td&gt;&lt;/tr&gt;&lt;tr class=&quot;validation-error-area&quot;&gt;&lt;td colspan=&quot;2&quot;&gt;&lt;/td&gt;&lt;td&gt;&lt;div&gt;&lt;/div&gt;&lt;/td&gt;&lt;td&gt;&lt;/td&gt;&lt;/tr&gt;&lt;tr class=&quot;help-area&quot;&gt;&lt;td&gt;&lt;/td&gt;&lt;td colspan=&quot;2&quot;&gt;&lt;div class=&quot;help&quot;&gt;Loading...&lt;/div&gt;&lt;/td&gt;&lt;td&gt;&lt;/td&gt;&lt;/tr&gt;&lt;tr&gt;&lt;td class=&quot;setting-leftspace&quot;&gt;&amp;nbsp;&lt;/td&gt;&lt;td class=&quot;setting-name&quot;&gt;Excluded Users&lt;/td&gt;&lt;td class=&quot;setting-main&quot;&gt;&lt;textarea checkdependson=&quot;&quot; name=&quot;_.excludedUsers&quot; rows=&quot;5&quot; class=&quot;setting-input validated  &quot; checkurl=&quot;/job/molecular_voter/descriptorByName/hudson.scm.SubversionSCM/checkExcludedUsers&quot;&gt;&lt;/textarea&gt;&lt;div class=&quot;textarea-handle&quot;&gt;&lt;/div&gt;&lt;/td&gt;&lt;td class=&quot;setting-help&quot;&gt;&lt;a helpurl=&quot;/descriptor/hudson.scm.SubversionSCM/help/excludedUsers&quot; href=&quot;#&quot; class=&quot;help-button&quot; tabindex=&quot;9999&quot;&gt;&lt;img src=&quot;/static/fd2e7eb0/images/16x16/help.png&quot; alt=&quot;Help for feature: Excluded Users&quot; style=&quot;width: 16px; height: 16px; &quot; class=&quot;icon-help icon-sm&quot;&gt;&lt;/a&gt;&lt;/td&gt;&lt;/tr&gt;&lt;tr class=&quot;validation-error-area&quot;&gt;&lt;td colspan=&quot;2&quot;&gt;&lt;/td&gt;&lt;td&gt;&lt;div&gt;&lt;/div&gt;&lt;/td&gt;&lt;td&gt;&lt;/td&gt;&lt;/tr&gt;&lt;tr class=&quot;help-area&quot;&gt;&lt;td&gt;&lt;/td&gt;&lt;td colspan=&quot;2&quot;&gt;&lt;div class=&quot;help&quot;&gt;Loading...&lt;/div&gt;&lt;/td&gt;&lt;td&gt;&lt;/td&gt;&lt;/tr&gt;&lt;tr&gt;&lt;td class=&quot;setting-leftspace&quot;&gt;&amp;nbsp;&lt;/td&gt;&lt;td class=&quot;setting-name&quot;&gt;Excluded Commit Messages&lt;/td&gt;&lt;td class=&quot;setting-main&quot;&gt;&lt;textarea checkdependson=&quot;&quot; name=&quot;_.excludedCommitMessages&quot; rows=&quot;5&quot; class=&quot;setting-input validated  &quot; checkurl=&quot;/job/molecular_voter/descriptorByName/hudson.scm.SubversionSCM/checkExcludedCommitMessages&quot;&gt;&lt;/textarea&gt;&lt;div class=&quot;textarea-handle&quot;&gt;&lt;/div&gt;&lt;/td&gt;&lt;td class=&quot;setting-help&quot;&gt;&lt;a helpurl=&quot;/descriptor/hudson.scm.SubversionSCM/help/excludedCommitMessages&quot; href=&quot;#&quot; class=&quot;help-button&quot; tabindex=&quot;9999&quot;&gt;&lt;img src=&quot;/static/fd2e7eb0/images/16x16/help.png&quot; alt=&quot;Help for feature: Excluded Commit Messages&quot; style=&quot;width: 16px; height: 16px; &quot; class=&quot;icon-help icon-sm&quot;&gt;&lt;/a&gt;&lt;/td&gt;&lt;/tr&gt;&lt;tr class=&quot;validation-error-area&quot;&gt;&lt;td colspan=&quot;2&quot;&gt;&lt;/td&gt;&lt;td&gt;&lt;div&gt;&lt;/div&gt;&lt;/td&gt;&lt;td&gt;&lt;/td&gt;&lt;/tr&gt;&lt;tr class=&quot;help-area&quot;&gt;&lt;td&gt;&lt;/td&gt;&lt;td colspan=&quot;2&quot;&gt;&lt;div class=&quot;help&quot;&gt;Loading...&lt;/div&gt;&lt;/td&gt;&lt;td&gt;&lt;/td&gt;&lt;/tr&gt;&lt;tr&gt;&lt;td class=&quot;setting-leftspace&quot;&gt;&amp;nbsp;&lt;/td&gt;&lt;td class=&quot;setting-name&quot;&gt;Exclusion revprop name&lt;/td&gt;&lt;td class=&quot;setting-main&quot;&gt;&#10;   &#10;&#10;  &#10;  &lt;input checkurl=&quot;&apos;descriptorByName/hudson.scm.SubversionSCM/checkRevisionPropertiesSupported?value=&apos;+toValue(document.getElementById(&apos;svn.remote.loc&apos;))&quot; name=&quot;_.excludedRevprop&quot; type=&quot;text&quot; class=&quot;setting-input validated  &quot; value=&quot;&quot;&gt;&lt;/td&gt;&lt;td class=&quot;setting-help&quot;&gt;&lt;a helpurl=&quot;/descriptor/hudson.scm.SubversionSCM/help/excludedRevprop&quot; href=&quot;#&quot; class=&quot;help-button&quot; tabindex=&quot;9999&quot;&gt;&lt;img src=&quot;/static/fd2e7eb0/images/16x16/help.png&quot; alt=&quot;Help for feature: Exclusion revprop name&quot; style=&quot;width: 16px; height: 16px; &quot; class=&quot;icon-help icon-sm&quot;&gt;&lt;/a&gt;&lt;/td&gt;&lt;/tr&gt;&lt;tr class=&quot;validation-error-area&quot;&gt;&lt;td colspan=&quot;2&quot;&gt;&lt;/td&gt;&lt;td&gt;&lt;div&gt;&lt;/div&gt;&lt;/td&gt;&lt;td&gt;&lt;/td&gt;&lt;/tr&gt;&lt;tr class=&quot;help-area&quot;&gt;&lt;td&gt;&lt;/td&gt;&lt;td colspan=&quot;2&quot;&gt;&lt;div class=&quot;help&quot;&gt;Loading...&lt;/div&gt;&lt;/td&gt;&lt;td&gt;&lt;/td&gt;&lt;/tr&gt;&lt;tr&gt;&lt;td class=&quot;setting-leftspace&quot;&gt;&amp;nbsp;&lt;/td&gt;&lt;td class=&quot;setting-name&quot;&gt;Filter changelog&lt;/td&gt;&lt;td class=&quot;setting-main&quot;&gt;&lt;input name=&quot;_.filterChangelog&quot; type=&quot;checkbox&quot; class=&quot; &quot;&gt;&lt;/td&gt;&lt;td class=&quot;setting-help&quot;&gt;&lt;a helpurl=&quot;/descriptor/hudson.scm.SubversionSCM/help/filterChangelog&quot; href=&quot;#&quot; class=&quot;help-button&quot; tabindex=&quot;9999&quot;&gt;&lt;img src=&quot;/static/fd2e7eb0/images/16x16/help.png&quot; alt=&quot;Help for feature: Filter changelog&quot; style=&quot;width: 16px; height: 16px; &quot; class=&quot;icon-help icon-sm&quot;&gt;&lt;/a&gt;&lt;/td&gt;&lt;/tr&gt;&lt;tr class=&quot;validation-error-area&quot;&gt;&lt;td colspan=&quot;2&quot;&gt;&lt;/td&gt;&lt;td&gt;&lt;/td&gt;&lt;td&gt;&lt;/td&gt;&lt;/tr&gt;&lt;tr class=&quot;help-area&quot;&gt;&lt;td&gt;&lt;/td&gt;&lt;td colspan=&quot;2&quot;&gt;&lt;div class=&quot;help&quot;&gt;Loading...&lt;/div&gt;&lt;/td&gt;&lt;td&gt;&lt;/td&gt;&lt;/tr&gt;&lt;/tbody&gt;&lt;/table&gt;&lt;/td&gt;&lt;td&gt;&lt;/td&gt;&lt;/tr&gt;&lt;tr style=&quot;display:none&quot; class=&quot;row-set-end radio-block-end&quot;&gt;&lt;/tr&gt;&lt;tr&gt;&lt;td colspan=&quot;4&quot;&gt;&lt;div class=&quot;section-header&quot;&gt;&lt;a id=&quot;section6&quot; class=&quot;section-anchor&quot;&gt;#&lt;/a&gt;Build Triggers&lt;/div&gt;&lt;/td&gt;&lt;/tr&gt;&lt;tr class=&quot;optional-block-start row-set-start&quot; hashelp=&quot;true&quot; ref=&quot;cb27&quot;&gt;&lt;td colspan=&quot;3&quot;&gt;&lt;input onclick=&quot;javascript:updateOptionalBlock(this,true)&quot; name=&quot;jenkins-triggers-ReverseBuildTrigger&quot; type=&quot;checkbox&quot; class=&quot; &quot; id=&quot;cb27&quot; path=&quot;/jenkins-triggers-ReverseBuildTrigger&quot;&gt;&lt;label class=&quot;attach-previous&quot;&gt;Build after other projects are built&lt;/label&gt;&lt;/td&gt;&lt;td class=&quot;setting-help&quot;&gt;&lt;a helpurl=&quot;/descriptor/jenkins.triggers.ReverseBuildTrigger/help&quot; href=&quot;#&quot; class=&quot;help-button&quot; tabindex=&quot;9999&quot;&gt;&lt;img src=&quot;/static/fd2e7eb0/images/16x16/help.png&quot; alt=&quot;Help for feature: Build after other projects are built&quot; style=&quot;width: 16px; height: 16px; &quot; class=&quot;icon-help icon-sm&quot;&gt;&lt;/a&gt;&lt;/td&gt;&lt;/tr&gt;&lt;tr class=&quot;help-area&quot; nameref=&quot;cb27&quot;&gt;&lt;td&gt;&lt;/td&gt;&lt;td colspan=&quot;2&quot;&gt;&lt;div class=&quot;help&quot;&gt;Loading...&lt;/div&gt;&lt;/td&gt;&lt;td&gt;&lt;/td&gt;&lt;/tr&gt;&lt;tr class=&quot;rowvg-start&quot; nameref=&quot;cb27&quot; style=&quot;display: none;&quot;&gt;&lt;/tr&gt;&lt;tr nameref=&quot;cb27&quot; style=&quot;display: none;&quot;&gt;&lt;td class=&quot;setting-leftspace&quot;&gt;&amp;nbsp;&lt;/td&gt;&lt;td class=&quot;setting-name&quot;&gt;Projects to watch&lt;/td&gt;&lt;td class=&quot;setting-main&quot;&gt;&#10;   &#10;&#10;  &#10;  &lt;input checkdependson=&quot;&quot; autocompleteurl=&quot;/job/molecular_voter/descriptorByName/jenkins.triggers.ReverseBuildTrigger/autoCompleteUpstreamProjects&quot; checkurl=&quot;/job/molecular_voter/descriptorByName/jenkins.triggers.ReverseBuildTrigger/checkUpstreamProjects&quot; autocompletedelimchar=&quot;,&quot; name=&quot;_.upstreamProjects&quot; type=&quot;text&quot; class=&quot;setting-input validated auto-complete  yui-ac-input&quot; value=&quot;&quot; autocomplete=&quot;off&quot; style=&quot;position: relative;&quot;&gt;&lt;div class=&quot;yui-ac-container&quot;&gt;&lt;div class=&quot;yui-ac-content&quot; style=&quot;display: none;&quot;&gt;&lt;div class=&quot;yui-ac-hd&quot; style=&quot;display: none;&quot;&gt;&lt;/div&gt;&lt;div class=&quot;yui-ac-bd&quot;&gt;&lt;ul&gt;&lt;li style=&quot;display: none;&quot;&gt;&lt;/li&gt;&lt;li style=&quot;display: none;&quot;&gt;&lt;/li&gt;&lt;li style=&quot;display: none;&quot;&gt;&lt;/li&gt;&lt;li style=&quot;display: none;&quot;&gt;&lt;/li&gt;&lt;li style=&quot;display: none;&quot;&gt;&lt;/li&gt;&lt;li style=&quot;display: none;&quot;&gt;&lt;/li&gt;&lt;li style=&quot;display: none;&quot;&gt;&lt;/li&gt;&lt;li style=&quot;display: none;&quot;&gt;&lt;/li&gt;&lt;li style=&quot;display: none;&quot;&gt;&lt;/li&gt;&lt;li style=&quot;display: none;&quot;&gt;&lt;/li&gt;&lt;/ul&gt;&lt;/div&gt;&lt;div class=&quot;yui-ac-ft&quot; style=&quot;display: none;&quot;&gt;&lt;/div&gt;&lt;/div&gt;&lt;/div&gt;&lt;/td&gt;&lt;td class=&quot;setting-no-help&quot;&gt;&lt;/td&gt;&lt;/tr&gt;&lt;tr class=&quot;validation-error-area&quot; nameref=&quot;cb27&quot; style=&quot;display: none;&quot;&gt;&lt;td colspan=&quot;2&quot;&gt;&lt;/td&gt;&lt;td&gt;&lt;div class=&quot;error&quot;&gt;&lt;img src=&quot;/static/fd2e7eb0/images/none.gif&quot; height=&quot;16&quot; width=&quot;1&quot;&gt;No project specified&lt;/div&gt;&lt;/td&gt;&lt;td&gt;&lt;/td&gt;&lt;/tr&gt;&lt;tr nameref=&quot;cb27&quot; style=&quot;display: none;&quot;&gt;&lt;td class=&quot;setting-leftspace&quot;&gt;&amp;nbsp;&lt;/td&gt;&lt;td class=&quot;setting-name&quot;&gt;&lt;/td&gt;&lt;td class=&quot;setting-main&quot;&gt;&lt;input name=&quot;ReverseBuildTrigger.threshold&quot; checked=&quot;true&quot; type=&quot;radio&quot; value=&quot;SUCCESS&quot;&gt;&lt;label class=&quot;attach-previous&quot;&gt;Trigger only if build is stable&lt;/label&gt;&lt;/td&gt;&lt;td class=&quot;setting-no-help&quot;&gt;&lt;/td&gt;&lt;/tr&gt;&lt;tr class=&quot;validation-error-area&quot; nameref=&quot;cb27&quot; style=&quot;display: none;&quot;&gt;&lt;td colspan=&quot;2&quot;&gt;&lt;/td&gt;&lt;td&gt;&lt;/td&gt;&lt;td&gt;&lt;/td&gt;&lt;/tr&gt;&lt;tr nameref=&quot;cb27&quot; style=&quot;display: none;&quot;&gt;&lt;td class=&quot;setting-leftspace&quot;&gt;&amp;nbsp;&lt;/td&gt;&lt;td class=&quot;setting-name&quot;&gt;&lt;/td&gt;&lt;td class=&quot;setting-main&quot;&gt;&lt;input name=&quot;ReverseBuildTrigger.threshold&quot; type=&quot;radio&quot; value=&quot;UNSTABLE&quot;&gt;&lt;label class=&quot;attach-previous&quot;&gt;Trigger even if the build is unstable&lt;/label&gt;&lt;/td&gt;&lt;td class=&quot;setting-no-help&quot;&gt;&lt;/td&gt;&lt;/tr&gt;&lt;tr class=&quot;validation-error-area&quot; nameref=&quot;cb27&quot; style=&quot;display: none;&quot;&gt;&lt;td colspan=&quot;2&quot;&gt;&lt;/td&gt;&lt;td&gt;&lt;/td&gt;&lt;td&gt;&lt;/td&gt;&lt;/tr&gt;&lt;tr nameref=&quot;cb27&quot; style=&quot;display: none;&quot;&gt;&lt;td class=&quot;setting-leftspace&quot;&gt;&amp;nbsp;&lt;/td&gt;&lt;td class=&quot;setting-name&quot;&gt;&lt;/td&gt;&lt;td class=&quot;setting-main&quot;&gt;&lt;input name=&quot;ReverseBuildTrigger.threshold&quot; type=&quot;radio&quot; value=&quot;FAILURE&quot;&gt;&lt;label class=&quot;attach-previous&quot;&gt;Trigger even if the build fails&lt;/label&gt;&lt;/td&gt;&lt;td class=&quot;setting-no-help&quot;&gt;&lt;/td&gt;&lt;/tr&gt;&lt;tr class=&quot;validation-error-area&quot; nameref=&quot;cb27&quot; style=&quot;display: none;&quot;&gt;&lt;td colspan=&quot;2&quot;&gt;&lt;/td&gt;&lt;td&gt;&lt;/td&gt;&lt;td&gt;&lt;/td&gt;&lt;/tr&gt;&lt;tr class=&quot;row-set-end rowvg-end optional-block-end&quot;&gt;&lt;/tr&gt;&lt;tr class=&quot;optional-block-start row-set-start&quot; hashelp=&quot;true&quot; ref=&quot;cb28&quot;&gt;&lt;td colspan=&quot;3&quot;&gt;&lt;input onclick=&quot;javascript:updateOptionalBlock(this,true)&quot; name=&quot;hudson-triggers-TimerTrigger&quot; type=&quot;checkbox&quot; class=&quot; &quot; id=&quot;cb28&quot; path=&quot;/hudson-triggers-TimerTrigger&quot;&gt;&lt;label class=&quot;attach-previous&quot;&gt;Build periodically&lt;/label&gt;&lt;/td&gt;&lt;td class=&quot;setting-help&quot;&gt;&lt;a helpurl=&quot;/descriptor/hudson.triggers.TimerTrigger/help&quot; href=&quot;#&quot; class=&quot;help-button&quot; tabindex=&quot;9999&quot;&gt;&lt;img src=&quot;/static/fd2e7eb0/images/16x16/help.png&quot; alt=&quot;Help for feature: Build periodically&quot; style=&quot;width: 16px; height: 16px; &quot; class=&quot;icon-help icon-sm&quot;&gt;&lt;/a&gt;&lt;/td&gt;&lt;/tr&gt;&lt;tr class=&quot;help-area&quot; nameref=&quot;cb28&quot;&gt;&lt;td&gt;&lt;/td&gt;&lt;td colspan=&quot;2&quot;&gt;&lt;div class=&quot;help&quot;&gt;Loading...&lt;/div&gt;&lt;/td&gt;&lt;td&gt;&lt;/td&gt;&lt;/tr&gt;&lt;tr class=&quot;rowvg-start&quot; nameref=&quot;cb28&quot; style=&quot;display: none;&quot;&gt;&lt;/tr&gt;&lt;tr nameref=&quot;cb28&quot; style=&quot;display: none;&quot;&gt;&lt;td class=&quot;setting-leftspace&quot;&gt;&amp;nbsp;&lt;/td&gt;&lt;td class=&quot;setting-name&quot;&gt;Schedule&lt;/td&gt;&lt;td class=&quot;setting-main&quot;&gt;&lt;textarea checkdependson=&quot;&quot; name=&quot;_.spec&quot; rows=&quot;5&quot; class=&quot;setting-input validated  &quot; checkurl=&quot;/job/molecular_voter/descriptorByName/hudson.triggers.TimerTrigger/checkSpec&quot;&gt;&lt;/textarea&gt;&lt;div class=&quot;textarea-handle&quot;&gt;&lt;/div&gt;&lt;/td&gt;&lt;td class=&quot;setting-help&quot;&gt;&lt;a helpurl=&quot;/descriptor/hudson.triggers.TimerTrigger/help/spec&quot; href=&quot;#&quot; class=&quot;help-button&quot; tabindex=&quot;9999&quot;&gt;&lt;img src=&quot;/static/fd2e7eb0/images/16x16/help.png&quot; alt=&quot;Help for feature: Schedule&quot; style=&quot;width: 16px; height: 16px; &quot; class=&quot;icon-help icon-sm&quot;&gt;&lt;/a&gt;&lt;/td&gt;&lt;/tr&gt;&lt;tr class=&quot;validation-error-area&quot; nameref=&quot;cb28&quot; style=&quot;display: none;&quot;&gt;&lt;td colspan=&quot;2&quot;&gt;&lt;/td&gt;&lt;td&gt;&lt;div class=&quot;warning&quot;&gt;&lt;img src=&quot;/static/fd2e7eb0/images/none.gif&quot; height=&quot;16&quot; width=&quot;1&quot;&gt;No schedules so will never run&lt;/div&gt;&lt;/td&gt;&lt;td&gt;&lt;/td&gt;&lt;/tr&gt;&lt;tr class=&quot;help-area&quot; nameref=&quot;cb28&quot; style=&quot;display: none;&quot;&gt;&lt;td&gt;&lt;/td&gt;&lt;td colspan=&quot;2&quot;&gt;&lt;div class=&quot;help&quot;&gt;Loading...&lt;/div&gt;&lt;/td&gt;&lt;td&gt;&lt;/td&gt;&lt;/tr&gt;&lt;tr class=&quot;row-set-end rowvg-end optional-block-end&quot;&gt;&lt;/tr&gt;&lt;tr class=&quot;optional-block-start row-set-start&quot; hashelp=&quot;true&quot; ref=&quot;cb29&quot;&gt;&lt;td colspan=&quot;3&quot;&gt;&lt;input onclick=&quot;javascript:updateOptionalBlock(this,true)&quot; name=&quot;hudson-triggers-SCMTrigger&quot; type=&quot;checkbox&quot; class=&quot; &quot; id=&quot;cb29&quot; path=&quot;/hudson-triggers-SCMTrigger&quot;&gt;&lt;label class=&quot;attach-previous&quot;&gt;Poll SCM&lt;/label&gt;&lt;/td&gt;&lt;td class=&quot;setting-help&quot;&gt;&lt;a helpurl=&quot;/descriptor/hudson.triggers.SCMTrigger/help&quot; href=&quot;#&quot; class=&quot;help-button&quot; tabindex=&quot;9999&quot;&gt;&lt;img src=&quot;/static/fd2e7eb0/images/16x16/help.png&quot; alt=&quot;Help for feature: Poll SCM&quot; style=&quot;width: 16px; height: 16px; &quot; class=&quot;icon-help icon-sm&quot;&gt;&lt;/a&gt;&lt;/td&gt;&lt;/tr&gt;&lt;tr class=&quot;help-area&quot; nameref=&quot;cb29&quot;&gt;&lt;td&gt;&lt;/td&gt;&lt;td colspan=&quot;2&quot;&gt;&lt;div class=&quot;help&quot;&gt;Loading...&lt;/div&gt;&lt;/td&gt;&lt;td&gt;&lt;/td&gt;&lt;/tr&gt;&lt;tr class=&quot;rowvg-start&quot; nameref=&quot;cb29&quot; style=&quot;display: none;&quot;&gt;&lt;/tr&gt;&lt;tr nameref=&quot;cb29&quot; style=&quot;display: none;&quot;&gt;&lt;td class=&quot;setting-leftspace&quot;&gt;&amp;nbsp;&lt;/td&gt;&lt;td class=&quot;setting-name&quot;&gt;Schedule&lt;/td&gt;&lt;td class=&quot;setting-main&quot;&gt;&lt;textarea name=&quot;scmpoll_spec&quot; rows=&quot;5&quot; class=&quot;setting-input validated  &quot; checkurl=&quot;&apos;/trigger/TimerTrigger/check?value=&apos;+encodeURIComponent(this.value)&quot;&gt;&lt;/textarea&gt;&lt;div class=&quot;textarea-handle&quot;&gt;&lt;/div&gt;&lt;/td&gt;&lt;td class=&quot;setting-help&quot;&gt;&lt;a helpurl=&quot;/descriptor/hudson.triggers.TimerTrigger/help/spec&quot; href=&quot;#&quot; class=&quot;help-button&quot; tabindex=&quot;9999&quot;&gt;&lt;img src=&quot;/static/fd2e7eb0/images/16x16/help.png&quot; alt=&quot;Help for feature: Schedule&quot; style=&quot;width: 16px; height: 16px; &quot; class=&quot;icon-help icon-sm&quot;&gt;&lt;/a&gt;&lt;/td&gt;&lt;/tr&gt;&lt;tr class=&quot;validation-error-area&quot; nameref=&quot;cb29&quot; style=&quot;display: none;&quot;&gt;&lt;td colspan=&quot;2&quot;&gt;&lt;/td&gt;&lt;td&gt;&lt;div class=&quot;warning&quot;&gt;&lt;img src=&quot;/static/fd2e7eb0/images/none.gif&quot; height=&quot;16&quot; width=&quot;1&quot;&gt;No schedules so will never run&lt;/div&gt;&lt;/td&gt;&lt;td&gt;&lt;/td&gt;&lt;/tr&gt;&lt;tr class=&quot;help-area&quot; nameref=&quot;cb29&quot; style=&quot;display: none;&quot;&gt;&lt;td&gt;&lt;/td&gt;&lt;td colspan=&quot;2&quot;&gt;&lt;div class=&quot;help&quot;&gt;Loading...&lt;/div&gt;&lt;/td&gt;&lt;td&gt;&lt;/td&gt;&lt;/tr&gt;&lt;tr nameref=&quot;cb29&quot; style=&quot;display: none;&quot;&gt;&lt;td class=&quot;setting-leftspace&quot;&gt;&amp;nbsp;&lt;/td&gt;&lt;td class=&quot;setting-name&quot;&gt;Ignore post-commit hooks&lt;/td&gt;&lt;td class=&quot;setting-main&quot;&gt;&lt;input name=&quot;_.ignorePostCommitHooks&quot; type=&quot;checkbox&quot; class=&quot; &quot;&gt;&lt;/td&gt;&lt;td class=&quot;setting-help&quot;&gt;&lt;a helpurl=&quot;/descriptor/hudson.triggers.SCMTrigger/help/ignorePostCommitHooks&quot; href=&quot;#&quot; class=&quot;help-button&quot; tabindex=&quot;9999&quot;&gt;&lt;img src=&quot;/static/fd2e7eb0/images/16x16/help.png&quot; alt=&quot;Help for feature: Ignore post-commit hooks&quot; style=&quot;width: 16px; height: 16px; &quot; class=&quot;icon-help icon-sm&quot;&gt;&lt;/a&gt;&lt;/td&gt;&lt;/tr&gt;&lt;tr class=&quot;validation-error-area&quot; nameref=&quot;cb29&quot; style=&quot;display: none;&quot;&gt;&lt;td colspan=&quot;2&quot;&gt;&lt;/td&gt;&lt;td&gt;&lt;/td&gt;&lt;td&gt;&lt;/td&gt;&lt;/tr&gt;&lt;tr class=&quot;help-area&quot; nameref=&quot;cb29&quot; style=&quot;display: none;&quot;&gt;&lt;td&gt;&lt;/td&gt;&lt;td colspan=&quot;2&quot;&gt;&lt;div class=&quot;help&quot;&gt;Loading...&lt;/div&gt;&lt;/td&gt;&lt;td&gt;&lt;/td&gt;&lt;/tr&gt;&lt;tr class=&quot;row-set-end rowvg-end optional-block-end&quot;&gt;&lt;/tr&gt;&lt;tr&gt;&lt;td colspan=&quot;4&quot;&gt;&lt;div class=&quot;section-header&quot;&gt;&lt;a id=&quot;section7&quot; class=&quot;section-anchor&quot;&gt;#&lt;/a&gt;Build&lt;/div&gt;&lt;/td&gt;&lt;/tr&gt;&lt;tr&gt;&lt;td colspan=&quot;4&quot;&gt;&lt;div class=&quot;hetero-list-container with-drag-drop  &quot;&gt;&lt;div class=&quot;repeatable-insertion-point&quot;&gt;&lt;/div&gt;&lt;div&gt;&lt;span class=&quot;yui-button yui-menu-button&quot; id=&quot;yui-gen3&quot;&gt;&lt;span class=&quot;first-child&quot;&gt;&lt;button type=&quot;button&quot; tabindex=&quot;0&quot; id=&quot;yui-gen3-button&quot; class=&quot;hetero-list-add&quot; suffix=&quot;builder&quot; path=&quot;/hetero-list-add[builder]&quot;&gt;Add build step&lt;/button&gt;&lt;/span&gt;&lt;/span&gt;&lt;/div&gt;&lt;/div&gt;&lt;/td&gt;&lt;/tr&gt;&lt;tr&gt;&lt;td colspan=&quot;4&quot;&gt;&lt;div class=&quot;section-header&quot;&gt;&lt;a id=&quot;section8&quot; class=&quot;section-anchor&quot;&gt;#&lt;/a&gt;Post-build Actions&lt;/div&gt;&lt;/td&gt;&lt;/tr&gt;&lt;tr&gt;&lt;td colspan=&quot;4&quot;&gt;&lt;div class=&quot;hetero-list-container with-drag-drop one-each honor-order&quot;&gt;&lt;div class=&quot;repeatable-insertion-point&quot;&gt;&lt;/div&gt;&lt;div&gt;&lt;span class=&quot;yui-button yui-menu-button&quot; id=&quot;yui-gen5&quot;&gt;&lt;span class=&quot;first-child&quot;&gt;&lt;button type=&quot;button&quot; tabindex=&quot;0&quot; id=&quot;yui-gen5-button&quot; class=&quot;hetero-list-add&quot; suffix=&quot;publisher&quot; path=&quot;/hetero-list-add[publisher]&quot;&gt;Add post-build action&lt;/button&gt;&lt;/span&gt;&lt;/span&gt;&lt;/div&gt;&lt;/div&gt;&lt;/td&gt;&lt;/tr&gt;&lt;tr&gt;&lt;td colspan=&quot;4&quot;&gt;&lt;div style=&quot;height: 74px;&quot;&gt;&lt;/div&gt;&lt;div id=&quot;bottom-sticker&quot; style=&quot;position: fixed; bottom: 0px; left: 338px;&quot;&gt;&lt;div class=&quot;bottom-sticker-edge&quot;&gt;&lt;/div&gt;&lt;div class=&quot;bottom-sticker-inner&quot;&gt;&lt;span class=&quot;yui-button yui-submit-button submit-button primary&quot; id=&quot;yui-gen30&quot; name=&quot;Submit&quot; path=&quot;/Submit&quot;&gt;&lt;span class=&quot;first-child&quot;&gt;&lt;button type=&quot;button&quot; tabindex=&quot;0&quot; id=&quot;yui-gen30-button&quot;&gt;Save&lt;/button&gt;&lt;/span&gt;&lt;/span&gt;&lt;script src=&quot;/adjuncts/fd2e7eb0/lib/form/apply/apply.js&quot; type=&quot;text/javascript&quot;&gt;&lt;/script&gt;&lt;input type=&quot;hidden&quot; name=&quot;core:apply&quot; value=&quot;&quot; path=&quot;/core:apply&quot;&gt;&lt;span class=&quot;yui-button yui-push-button apply-button applyButton&quot; id=&quot;yui-gen11&quot; name=&quot;Apply&quot; path=&quot;/Apply&quot;&gt;&lt;span class=&quot;first-child&quot;&gt;&lt;button type=&quot;button&quot; tabindex=&quot;0&quot; id=&quot;yui-gen11-button&quot; path=&quot;/Apply/apply-button&quot;&gt;Apply&lt;/button&gt;&lt;/span&gt;&lt;/span&gt;&lt;/div&gt;&lt;/div&gt;&lt;/td&gt;&lt;/tr&gt;&lt;/tbody&gt;&lt;/table&gt;&lt;div&gt;&lt;input type=&quot;hidden&quot; name=&quot;json&quot; value=&quot;init&quot;&gt;&lt;/div&gt;&lt;/form&gt;&lt;script src=&quot;/adjuncts/fd2e7eb0/lib/form/confirm.js&quot; type=&quot;text/javascript&quot;&gt;&lt;/script&gt;&lt;/div&gt;&lt;/div&gt;&lt;footer&gt;&lt;div class=&quot;container-fluid&quot;&gt;&lt;div class=&quot;row&quot;&gt;&lt;div class=&quot;col-md-6&quot; id=&quot;footer&quot;&gt;&lt;div id=&quot;l10n-footer&quot; style=&quot;display: block; float: left;&quot;&gt;&lt;a href=&quot;#&quot; onclick=&quot;return showTranslationDialog();&quot;&gt;&lt;img src=&quot;/static/fd2e7eb0/plugin/translation/flags.png&quot;&gt;&#10;      Help us localize this page&#10;    &lt;/a&gt;&lt;/div&gt;&lt;/div&gt;&lt;div class=&quot;col-md-18&quot;&gt;&lt;span class=&quot;page_generated&quot;&gt;Page generated: Oct 16, 2015 6:52:01 PM&lt;/span&gt;&lt;span class=&quot;rest_api&quot;&gt;&lt;a href=&quot;api/&quot;&gt;REST API&lt;/a&gt;&lt;/span&gt;&lt;span class=&quot;jenkins_ver&quot;&gt;&lt;a href=&quot;http://jenkins-ci.org/&quot;&gt;Jenkins ver. 1.630&lt;/a&gt;&lt;/span&gt;&lt;div id=&quot;l10n-dialog&quot; class=&quot;dialog&quot;&gt;&lt;/div&gt;&lt;script&gt;var footer = document.getElementById(&apos;l10n-footer&apos;);&#10;    var f = document.getElementById(&apos;footer&apos;);&#10;    f.insertBefore(footer,f.firstChild);&#10;    footer.style.display=&quot;block&quot;;&#10;&#10;    var translation={}; &#10;    translation.bundles = &quot;QTkugUH5uYWoYywFbBfMfCsRFi38hcOZUIpeBe4d7HdOLY0wUxSG32DLLhieIpE3qvYYvmp1Hco5pBCdqzg9rRoou59cwwc1aSHemafXC52w8UqkHpCjwF6DjNmSDAKHd8gJzMtm9lxvoCKfn8peHaxvhT6x2Cz4CJBHIKVsuUTc/lPZ508fvZP12W3pTF3blcFe6o/tuWZSQCS7LCHoWh/x5oDH38AWAXVv2iKvjC633AmMcKJVOxk0p9ujcnwj3EHvif4o3A8afcNKvRrcgoGCvJHT9evOnjIoLHQxKLxBO0AJtQ/wKKdTU9lzl+wGEXpR5nz+0txAdzG4QWHrYLCT/d3R4wvKCW9BzhWSc1MQHqBC9Ls0InQ7tpVwOxkqKoL6zHhD9rGUY1fabSctVxgCADJVGppvTNO91hEPwXlb9X6k3peRb4LSQ7sVzo7pxuVSzYzPvwg9OzZAwFjLiopDVdqhaP1MWecc8pi+hWpGy9JHsl6INtq7kdvkp9boKi85M/L5J0iM57r8PhZD1MB1YToiAlJgcazT1n754SgQjRDqMyGx0JJ3/DOi/OE567IjIhSzai+1b0v5aIzZdi/sZL0ZHndpGq/j/8HjofSRjdrfkVfTFJXjxHrxvujNIo6R22dpiP06yOmogUQrVm2XpGbTMneh8sKsdOFZ/8SscOzbwVTwgGCznmNuj4aZtoCeGFT9uNGM90QWjZRGc1kzF9ETUPTciWLy2VasX0jKE3P1r2xql4s5z0s0U3tP7///ElBARtru5EfNTzAqu6FUwcnNgT7lYir5cI4ATo2QngODTOJSuP+yufST5CdoNBLdZWlbcxMEWYp93HLrHdqDm3N/M7t0p/+sJTr+cxgJCJR/hM3H+ZHeHxuGMZ6/JprkqTtgygvRjKKo5wZg4ZwnV8YOdUM4XRvcQGIPL7b8xD3dbmh9HluZdkek3YTO0sCXNABtn+yS/Z0lQINnCAfZjJU2XYoO1k35omNFyYjGO2mO+FX7+Dxnk3NfVJTnNPsy7h0jQA3ubmO10/WxfpLAqTlKVpoDTRfk8xeVgO6KbQdDTte7/kpwx4+z8CV1kdHgRzZBMZdemdWs5D87r9wD3EZLkWh2aGCjOhCUSO57Md796M4MP7IAQC3FIQlxlr4CLKDRKWC4hWo7eSm7wV4YGYsyAZSiRGSYJyY4AY+i1AGCxG2RGL/kWYqm1w2trwZItsV82elNXXky+uFj5ao/vDaJCNQ0qabLOsROFMhP1mDcmLQgOgQ1fL23jCFSFpA2+odavFZtvoRX8cYf8Nm9weP3c8kDiQUnTiwexi6JypgBrrcdu9GlEjo/nhwcQvpviyWhMpLPSselUS5kBW98gnSoz361636Z3jKUVfKyRoSmCIFgfCSMD6KpBhoSCEQxvG+K6eT2RPAfDD3qT0e/Ss+DPkf7Z6UVfWgACeoWsw1MPYlwYurSxsLD9QadoG8IDIgPL0IgNM5j3PdT4GXH7CfENIZqJcz22F33umZfp/UZVBcPNw+V3TxTsdtaLblYciyg5f9S1eH7GeqnEyDMPzKW/krRFzRwjlLFt6lNc6fOcypXLkiUfafHH8vvMxdBkDpzgUQGCXMYlsgmlpI9pgkl0pngQ2miH5cLEd2j3mMe6xtP/YkXwn/tCL0+ot67xOsDObjBErgCD5M42EKJU9q7YI0REPEV7NB0gsCRjS8ODGVA9pOdrBEIjokD8w3afH9v52ysnxN0Yz3RG3ciljXICeNKFVtTOrerioj23yO9UBwXMpYDM9ei6sQQYbBHTotiea+0mmGEv1bQUezleukPlQHab9X8KaRuJDj0DaLPA5Bzjl/5bweq05KpeizQqzgKZAU15cPLCwnz1R8MWxk63ZfzZoyhcYiqraCpg2mQ+rfQmK/6VpgELmlWKmEhZ7JXZjQLGWE1LKoBNDuVbWfPjIW5MENwL3D5fozNfUV0egmv4eNRwWxPeWUSf15YwKNmdDWhx8k+Xv9AM36uVKeK4FaAvfcDKMD5e8lmae8+ELZVFZQJSN0kC+n2CMLlRC6Nh1s+vqGyxvsLKgs6YgeqCqltbLqO33Nbc58s/RlUha0BF6l+jpROeBFQ7MeHIp4PoLAsR0jcRSjprWcCGpZjkjrcM+22Alr19DPtuXmeHLaM8aPHCG2gX0CFk2kw8ApX0f04b76U3HgcZw+Iq77UQTTVbIVjhpMPiLiMQxoVwGMt7YGzA50aqeb52+GaUtyKognQkC84k11JP7jNJdB+pdGu3biMQZPm+ffC2rKJTLtX/bAmG57vK305tQv2ZQEw9LNTSZb/6u43a95nSl1SN0UULql5abvXznn2yr8TNY63fL6+0It0nnsI8hMEYhswPw3/MZ27kBPLGACJk8KACtFSNfHn6pywVbYL0ns8c2RBxbGEGBb3n9vNMMjPq5XL3+7L8rKn67icbu57Kx32FwBpESAyG4ROhNoeQX/h+vjSbZEbKmUfETKF&quot;;&#10;    translation.detectedLocale = &quot;&quot;;&#10;&#10;    function showTranslationDialog() {&#10;      if(!translation.launchDialog)&#10;        loadScript(&quot;/static/fd2e7eb0/plugin/translation/dialog.js&quot;);&#10;      else&#10;        translation.launchDialog();&#10;      return false; &#10;    }&lt;/script&gt;&lt;script src=&quot;/static/fd2e7eb0/plugin/form-element-path/script.js&quot;&gt;&lt;/script&gt;&lt;/div&gt;&lt;/div&gt;&lt;/div&gt;&lt;/footer&gt;&lt;/body&gt;&lt;/html&gt;&#10;For documentation on this error, please visit: http://seleniumhq.org/exceptions/no_such_element.html&#10;Build info: version: &apos;2.47.1&apos;, revision: &apos;unknown&apos;, time: &apos;2015-07-30 11:02:44&apos;&#10;System info: host: &apos;MacBook-Pro-2.home&apos;, ip: &apos;192.168.1.6&apos;, os.name: &apos;Mac OS X&apos;, os.arch: &apos;x86_64&apos;, os.version: &apos;10.10.5&apos;, java.version: &apos;1.8.0_60&apos;&#10;Driver info: driver.version: unknown" type="org.openqa.selenium.NoSuchElementException"><![CDATA[org.openqa.selenium.NoSuchElementException: Unable to locate By.xpath: .//INPUT[@type='radio'][@value='hudson.slaves.DumbSlave'] in http://127.0.0.1:58552/job/molecular_voter/configure

<!DOCTYPE html><html><head resurl="/static/fd2e7eb0">
    

    <title>molecular_voter Config [Jenkins]</title><link rel="stylesheet" href="/static/fd2e7eb0/css/style.css" type="text/css"><link rel="stylesheet" href="/static/fd2e7eb0/css/color.css" type="text/css"><link rel="stylesheet" href="/static/fd2e7eb0/css/responsive-grid.css" type="text/css"><link rel="shortcut icon" href="/static/fd2e7eb0/favicon.ico" type="image/vnd.microsoft.icon"><script>var isRunAsTest=false; var rootURL=""; var resURL="/static/fd2e7eb0";</script><script src="/static/fd2e7eb0/scripts/prototype.js" type="text/javascript"></script><script src="/static/fd2e7eb0/scripts/behavior.js" type="text/javascript"></script><script src="/adjuncts/fd2e7eb0/org/kohsuke/stapler/bind.js" type="text/javascript"></script><script src="/static/fd2e7eb0/scripts/yui/yahoo/yahoo-min.js"></script><script src="/static/fd2e7eb0/scripts/yui/dom/dom-min.js"></script><script src="/static/fd2e7eb0/scripts/yui/event/event-min.js"></script><script src="/static/fd2e7eb0/scripts/yui/animation/animation-min.js"></script><script src="/static/fd2e7eb0/scripts/yui/dragdrop/dragdrop-min.js"></script><script src="/static/fd2e7eb0/scripts/yui/container/container-min.js"></script><script src="/static/fd2e7eb0/scripts/yui/connection/connection-min.js"></script><script src="/static/fd2e7eb0/scripts/yui/datasource/datasource-min.js"></script><script src="/static/fd2e7eb0/scripts/yui/autocomplete/autocomplete-min.js"></script><script src="/static/fd2e7eb0/scripts/yui/menu/menu-min.js"></script><script src="/static/fd2e7eb0/scripts/yui/element/element-min.js"></script><script src="/static/fd2e7eb0/scripts/yui/button/button-min.js"></script><script src="/static/fd2e7eb0/scripts/yui/storage/storage-min.js"></script><script src="/static/fd2e7eb0/scripts/hudson-behavior.js" type="text/javascript"></script><script src="/static/fd2e7eb0/scripts/sortable.js" type="text/javascript"></script><script>crumb.init("", "");</script><link rel="stylesheet" href="/static/fd2e7eb0/scripts/yui/container/assets/container.css" type="text/css"><link rel="stylesheet" href="/static/fd2e7eb0/scripts/yui/assets/skins/sam/skin.css" type="text/css"><link rel="stylesheet" href="/static/fd2e7eb0/scripts/yui/container/assets/skins/sam/container.css" type="text/css"><link rel="stylesheet" href="/static/fd2e7eb0/scripts/yui/button/assets/skins/sam/button.css" type="text/css"><link rel="stylesheet" href="/static/fd2e7eb0/scripts/yui/menu/assets/skins/sam/menu.css" type="text/css"><link rel="search" href="/opensearch.xml" type="application/opensearchdescription+xml" title="Jenkins"><meta name="ROBOTS" content="INDEX,NOFOLLOW"><link rel="alternate" href="rssAll" title="Jenkins:molecular_voter (all builds)" type="application/rss+xml"><link rel="alternate" href="rssAll?flavor=rss20" title="Jenkins:molecular_voter (all builds) (RSS 2.0)" type="application/rss+xml"><link rel="alternate" href="rssFailed" title="Jenkins:molecular_voter (failed builds)" type="application/rss+xml"><link rel="alternate" href="rssFailed?flavor=rss20" title="Jenkins:molecular_voter (failed builds) (RSS 2.0)" type="application/rss+xml"><link rel="alternate" href="rssChangelog" title="Jenkins:molecular_voter (changelog)" type="application/rss+xml"><link rel="alternate" href="rssChangelog?flavor=rss20" title="Jenkins:molecular_voter (changelog) (RSS 2.0)" type="application/rss+xml"><link rel="stylesheet" href="/adjuncts/fd2e7eb0/lib/form/breadcrumb-config-outline/init.css" type="text/css"><script src="/adjuncts/fd2e7eb0/lib/form/breadcrumb-config-outline/init.js" type="text/javascript"></script><script src="/static/fd2e7eb0/scripts/yui/cookie/cookie-min.js"></script></head><body data-model-type="hudson.model.FreeStyleProject" id="jenkins" class="yui-skin-sam jenkins-1.630" data-version="jenkins-1.630"><div id="tt" class="yui-module yui-overlay yui-tt yui-overlay-hidden" style="z-index: 999; visibility: hidden;"><div class="bd"></div></div><div class="yui-panel-container shadow yui-overlay-hidden" id="wait14_c" style="visibility: hidden; left: 486px; top: 360px; z-index: 4;"><div id="wait14" class="yui-module yui-overlay yui-panel" style="visibility: inherit;"><a class="container-close" href="#">Close</a><div class="hd" id="wait14_h" style="cursor: move;">Error</div><div class="bd"><div id="container13"></div></div></div></div><iframe id="_yuiResizeMonitor" title="Text Resize Monitor" tabindex="-1" role="presentation" style="position: absolute; visibility: visible; background-color: transparent; border-width: 0px; width: 2em; height: 2em; left: 0px; top: -27px;"></iframe><a href="#skip2content" class="skiplink">Skip to content</a><div id="page-head"><div id="header"><div class="logo"><a id="jenkins-home-link" href="/"><img src="/static/fd2e7eb0/images/headshot.png" alt="title" id="jenkins-head-icon"><img src="/static/fd2e7eb0/images/title.png" alt="title" width="139" id="jenkins-name-icon" height="34"></a></div><div class="login"></div><div class="searchbox hidden-xs"><form method="get" name="search" action="/job/molecular_voter/search/" style="position:relative;" class="no-json" path=""><div id="search-box-minWidth" style="font-family: Helvetica, Arial, sans-serif; font-size: 13px; font-style: normal; font-weight: normal;"></div><div id="search-box-sizer" style="font-family: Helvetica, Arial, sans-serif; font-size: 13px; font-style: normal; font-weight: normal;"></div><div id="searchform" class="yui-ac"><input name="q" placeholder="search" id="search-box" class="has-default-text yui-ac-input defaulted" autocomplete="off" style="width: 255px;" path="/q">&nbsp;<a href="http://wiki.jenkins-ci.org/display/JENKINS/Search+Box"><img src="/static/fd2e7eb0/images/16x16/help.png" style="width: 16px; height: 16px; " class="icon-help icon-sm"></a><div id="search-box-completion" class="yui-ac-container" style="width: 255px; left: 0px; top: 26px;"><div class="yui-ac-content" style="display: none; width: 255px;"><div class="yui-ac-hd" style="display: none;"></div><div class="yui-ac-bd"><ul><li style="display: none;"></li><li style="display: none;"></li><li style="display: none;"></li><li style="display: none;"></li><li style="display: none;"></li><li style="display: none;"></li><li style="display: none;"></li><li style="display: none;"></li><li style="display: none;"></li><li style="display: none;"></li></ul></div><div class="yui-ac-ft" style="display: none;"></div></div></div><script>createSearchBox("/job/molecular_voter/search/");</script></div></form></div></div><div id="breadcrumbBar"><link rel="stylesheet" href="/adjuncts/fd2e7eb0/lib/layout/breadcrumbs.css" type="text/css"><script src="/adjuncts/fd2e7eb0/lib/layout/breadcrumbs.js" type="text/javascript"></script><div style="height: 26px;"></div><div class="top-sticker noedge" style="position: fixed; top: 40px; left: 0px;"><div class="top-sticker-edge"></div><div class="top-sticker-inner"><div id="right-top-nav"></div><ul id="breadcrumbs"><li class="item"><a href="/" class="model-link inside breadcrumbBarAnchor">Jenkins</a></li><li href="/" class="children"></li><li class="item"><a href="/job/molecular_voter/" class="model-link inside breadcrumbBarAnchor">molecular_voter</a></li><li href="/job/molecular_voter/" class="children"></li><li id="inpage-nav" class="item"><a class="model-link inside breadcrumbBarAnchor">configuration</a></li></ul><div id="breadcrumb-menu-target"></div></div></div></div></div><div id="menuSelector"></div><div id="page-body"><div id="side-panel"><div id="tasks"><div class="task"><a href="/" class="task-icon-link"><img src="/static/fd2e7eb0/images/24x24/up.png" style="width: 24px; height: 24px; width: 24px; height: 24px; margin: 2px;" class="icon-up icon-md"></a>&nbsp;<a href="/" class="task-link">Back to Dashboard</a></div><div class="task"><a href="/job/molecular_voter/" class="task-icon-link"><img src="/static/fd2e7eb0/images/24x24/search.png" style="width: 24px; height: 24px; width: 24px; height: 24px; margin: 2px;" class="icon-search icon-md"></a>&nbsp;<a href="/job/molecular_voter/" class="task-link">Status</a></div><div class="task"><a href="/job/molecular_voter/changes" class="task-icon-link"><img src="/static/fd2e7eb0/images/24x24/notepad.png" style="width: 24px; height: 24px; width: 24px; height: 24px; margin: 2px;" class="icon-notepad icon-md"></a>&nbsp;<a href="/job/molecular_voter/changes" class="task-link">Changes</a></div><div class="task"><a href="/job/molecular_voter/ws/" class="task-icon-link"><img src="/static/fd2e7eb0/images/24x24/folder.png" style="width: 24px; height: 24px; width: 24px; height: 24px; margin: 2px;" class="icon-folder icon-md"></a>&nbsp;<a href="/job/molecular_voter/ws/" class="task-link">Workspace</a></div><div class="task"><a onclick="return build_id14(this)" href="/job/molecular_voter/build?delay=0sec" class="task-icon-link"><img src="/static/fd2e7eb0/images/24x24/clock.png" style="width: 24px; height: 24px; width: 24px; height: 24px; margin: 2px;" class="icon-clock icon-md"></a>&nbsp;<a onclick="return build_id14(this)" href="/job/molecular_voter/build?delay=0sec" class="task-link">Build Now</a></div><script>function build_id14(a) {
                new Ajax.Request(a.href);
                hoverNotification('Build scheduled',a.parentNode);
                return false;
            }</script><div class="task"><a onclick="confirmPOST_id17(true, '/job/molecular_voter/doDelete', 'Are you sure about deleting the Project ‘molecular_voter’?')" href="#"><img src="/static/fd2e7eb0/images/24x24/edit-delete.png" style="width: 24px; height: 24px; width: 24px; height: 24px; margin: 2px;" class="icon-edit-delete icon-md"></a><script>function confirmPOST_id17(post, href, message) {
            if (confirm(message)) {
                var form = document.createElement('form');
                form.setAttribute('method', post ? 'POST' : 'GET');
                form.setAttribute('action', href);
                if (post) {
                    crumb.appendToForm(form);
                }
                document.body.appendChild(form);
                form.submit();
            }
            return false;
        }</script>&nbsp;<a onclick="confirmPOST_id18(true, '/job/molecular_voter/doDelete', 'Are you sure about deleting the Project ‘molecular_voter’?')" href="#" class="task-link">Delete Project</a><script>function confirmPOST_id18(post, href, message) {
            if (confirm(message)) {
                var form = document.createElement('form');
                form.setAttribute('method', post ? 'POST' : 'GET');
                form.setAttribute('action', href);
                if (post) {
                    crumb.appendToForm(form);
                }
                document.body.appendChild(form);
                form.submit();
            }
            return false;
        }</script></div><div class="task"><a href="/job/molecular_voter/configure" class="task-icon-link"><img src="/static/fd2e7eb0/images/24x24/setting.png" style="width: 24px; height: 24px; width: 24px; height: 24px; margin: 2px;" class="icon-setting icon-md"></a>&nbsp;<a href="/job/molecular_voter/configure" class="task-link"><b>Configure</b></a><div class="subtasks"></div></div></div><div id="buildHistory" class="container-fluid pane-frame track-mouse"><div class="row"><div class="col-xs-24 pane-header"><a href="/toggleCollapse?paneId=buildHistory" title="collapse" class="collapse"><img src="/static/fd2e7eb0/images/16x16/collapse.png" alt="collapse" style="width: 16px; height: 16px; " class="icon-collapse icon-sm"></a><div style="float:right"><a href="/job/molecular_voter/buildTimeTrend">trend</a></div><div data="100" class="healthReport" onmouseover="this.className='healthReport hover';return true;
        " onmouseout="this.className='healthReport';return true;"><img src="/static/fd2e7eb0/images/16x16/health-80plus.png" alt="100%" style="width: 16px; height: 16px; " class="icon-health-80plus icon-sm"></div>Build History</div></div><div class="row pane-content"><table class="pane stripped"></table></div><div class="row"><div class="col-xs-24 pane-footer"><span class="build-rss-links"><a href="/job/molecular_voter/rssAll" class="build-rss-all-icon"><img border="0" src="/static/fd2e7eb0/images/atom.gif" alt="Feed" width="16" height="16"></a>&nbsp;<a href="/job/molecular_voter/rssAll" class="build-rss-all-link">RSS for all</a>&nbsp;<a href="/job/molecular_voter/rssFailed" class="build-rss-failed-icon"><img border="0" src="/static/fd2e7eb0/images/atom.gif" alt="Feed" width="16" height="16"></a>&nbsp;<a href="/job/molecular_voter/rssFailed" class="build-rss-failed-link">RSS for failures</a></span></div></div></div><script defer="true">updateBuildHistory("/job/molecular_voter/buildHistory/ajax",1);</script></div><div id="main-panel"><a name="skip2content"></a><div class="behavior-loading" style="display: none;">LOADING</div><form method="post" name="config" action="configSubmit" path=""><link rel="stylesheet" href="/adjuncts/fd2e7eb0/lib/form/section_.css" type="text/css"><table width="100%"><tbody><tr><td class="setting-leftspace">&nbsp;</td><td class="setting-name">Project name</td><td class="setting-main">
   

  
  <input name="name" type="text" class="setting-input   " value="molecular_voter" path="/name"></td><td class="setting-no-help"></td></tr><tr class="validation-error-area"><td colspan="2"></td><td></td><td></td></tr><tr><td class="setting-leftspace">&nbsp;</td><td class="setting-name">Description</td><td class="setting-main"><script src="/adjuncts/fd2e7eb0/lib/form/textarea/textarea.js" type="text/javascript"></script><textarea name="description" rows="5" class="setting-input   " path="/description"></textarea><div class="textarea-handle"></div><div class="textarea-preview-container">
        [Plain text]&nbsp;<a previewendpoint="/markupFormatter/previewDescription" href="#" class="textarea-show-preview">Preview</a>&nbsp;<a href="#" class="textarea-hide-preview" style="display: none;">Hide preview</a><div class="textarea-preview" style="display: none;"></div></div></td><td class="setting-no-help"></td></tr><tr class="validation-error-area"><td colspan="2"></td><td></td><td></td></tr><tr class="optional-block-start " hashelp="true" ref="cb15"><td colspan="3"><input onclick="javascript:updateOptionalBlock(this,true)" name="logrotate" type="checkbox" class=" " id="cb15" path="/logrotate"><label class="attach-previous">Discard Old Builds</label></td><td class="setting-help"><a helpurl="/help/project-config/log-rotation.html" href="#" class="help-button" tabindex="9999"><img src="/static/fd2e7eb0/images/16x16/help.png" alt="Help for feature: Discard Old Builds" style="width: 16px; height: 16px; " class="icon-help icon-sm"></a></td></tr><tr class="help-area"><td></td><td colspan="2"><div class="help">Loading...</div></td><td></td></tr><tr class="rowvg-start" style="display: none;"></tr><tr style="display: none;"><td class="setting-leftspace">&nbsp;</td><td class="setting-name">Strategy</td><td class="setting-main"><select class="setting-input dropdownList" path="/"><option value="0">Log Rotation</option></select></td><td class="setting-no-help"></td></tr><tr class="dropdownList-container" style="display: none;"><td colspan="2"></td><td colspan="2"><table width="100%" name="buildDiscarder" path="/buildDiscarder"><tbody><tr class="dropdownList-start rowvg-start"></tr>
      
      <tr><td class="setting-leftspace">&nbsp;</td><td class="setting-name">Days to keep builds</td><td class="setting-main"><input step="1" min="1" name="_.daysToKeepStr" type="number" class="setting-input  positive-number" value="" path="/buildDiscarder/daysToKeepStr"></td><td class="setting-no-help"></td></tr><tr class="validation-error-area"><td colspan="2"></td><td></td><td></td></tr><tr><td colspan="2"></td><td class="setting-description">if not empty, build records are only kept up to this number of days</td><td></td></tr><tr><td class="setting-leftspace">&nbsp;</td><td class="setting-name">Max # of builds to keep</td><td class="setting-main"><input step="1" min="1" name="_.numToKeepStr" type="number" class="setting-input  positive-number" value="" path="/buildDiscarder/numToKeepStr"></td><td class="setting-no-help"></td></tr><tr class="validation-error-area"><td colspan="2"></td><td></td><td></td></tr><tr><td colspan="2"></td><td class="setting-description">if not empty, only up to this number of build records are kept</td><td></td></tr><tr><td></td><td></td><td><script src="/adjuncts/fd2e7eb0/lib/form/advanced/advanced.js" type="text/javascript"></script><div style="" class="advancedLink"><span style="display: none" id="id26"><img src="/static/fd2e7eb0/images/24x24/notepad.png" tooltip="One or more fields in this block have been edited." style="width: 24px; height: 24px; vertical-align: baseline" class="icon-notepad icon-md" title="One or more fields in this block have been edited."></span>&nbsp;<span class="yui-button yui-push-button advanced-button advancedButton" id="yui-gen31"><span class="first-child"><button type="button" tabindex="0" id="yui-gen31-button" path="/buildDiscarder/advanced-button">Advanced...</button></span></span></div><table class="advancedBody"><tbody><tr><td class="setting-leftspace">&nbsp;</td><td class="setting-name">Days to keep artifacts</td><td class="setting-main"><input step="1" min="1" name="_.artifactDaysToKeepStr" type="number" class="setting-input  positive-number" value="" path="/buildDiscarder/artifactDaysToKeepStr"></td><td class="setting-no-help"></td></tr><tr class="validation-error-area"><td colspan="2"></td><td></td><td></td></tr><tr><td colspan="2"></td><td class="setting-description">if not empty, artifacts from builds older than this number of days will be deleted, but the logs, history, reports, etc for the build will be kept</td><td></td></tr><tr><td class="setting-leftspace">&nbsp;</td><td class="setting-name">Max # of builds to keep with artifacts</td><td class="setting-main"><input step="1" min="1" name="_.artifactNumToKeepStr" type="number" class="setting-input  positive-number" value="" path="/buildDiscarder/artifactNumToKeepStr"></td><td class="setting-no-help"></td></tr><tr class="validation-error-area"><td colspan="2"></td><td></td><td></td></tr><tr><td colspan="2"></td><td class="setting-description">if not empty, only up to this number of builds have their artifacts retained</td><td></td></tr></tbody></table></td><td></td></tr><tr style=""><td><input name="stapler-class" type="hidden" value="hudson.tasks.LogRotator" path="/buildDiscarder/stapler-class"><input name="$class" type="hidden" value="hudson.tasks.LogRotator" path="/buildDiscarder/$class"></td></tr><tr class="dropdownList-end rowvg-end"></tr></tbody></table></td></tr><tr class=" rowvg-end optional-block-end"></tr><script src="/adjuncts/fd2e7eb0/lib/form/section_.js" type="text/javascript"></script><tr name="properties" style="display:none" class="row-set-start" id="rowSetStart31" path="/properties"></tr><tr nameref="rowSetStart31"><td><input type="hidden" name="stapler-class-bag" value="true" path="/properties/stapler-class-bag"></td></tr><tr name="hudson-model-ParametersDefinitionProperty" style="display:none" class="row-set-start" id="rowSetStart30" nameref="rowSetStart31" path="/properties/hudson-model-ParametersDefinitionProperty"></tr><tr class="optional-block-start row-set-start" hashelp="true" ref="cb16" nameref="rowSetStart30"><td colspan="3"><input onclick="javascript:updateOptionalBlock(this,true)" name="parameterized" type="checkbox" class=" " id="cb16" path="/properties/hudson-model-ParametersDefinitionProperty/parameterized"><label class="attach-previous">This build is parameterized</label></td><td class="setting-help"><a helpurl="/help/project-config/parameterized-build.html" href="#" class="help-button" tabindex="9999"><img src="/static/fd2e7eb0/images/16x16/help.png" alt="Help for feature: This build is parameterized" style="width: 16px; height: 16px; " class="icon-help icon-sm"></a></td></tr><tr class="help-area" nameref="cb16"><td></td><td colspan="2"><div class="help">Loading...</div></td><td></td></tr><tr class="rowvg-start" nameref="cb16" style="display: none;"></tr><tr nameref="cb16" style="display: none;"><td colspan="2"></td><td colspan="2"><script src="/adjuncts/fd2e7eb0/lib/form/dragdrop/dragdrop.js" type="text/javascript"></script><script src="/adjuncts/fd2e7eb0/lib/form/hetero-list/hetero-list.js" type="text/javascript"></script><div class="hetero-list-container with-drag-drop  "><div class="repeatable-insertion-point"></div><div><span class="yui-button yui-menu-button" id="yui-gen1"><span class="first-child"><button type="button" tabindex="0" id="yui-gen1-button" class="hetero-list-add" suffix="parameter">Add Parameter</button></span></span></div></div></td></tr><tr class="row-set-end rowvg-end optional-block-end" nameref="rowSetStart30"></tr><tr class="row-set-end" nameref="rowSetStart31"></tr><tr class="row-set-end"></tr><tr class="optional-block-start " hashelp="true" ref="cb17"><td colspan="3"><input onclick="javascript:updateOptionalBlock(this,true)" name="disable" type="checkbox" class=" " id="cb17" path="/disable"><label class="attach-previous">Disable Build (No new builds will be executed until the project is re-enabled.)</label></td><td class="setting-help"><a helpurl="/help/project-config/disable.html" href="#" class="help-button" tabindex="9999"><img src="/static/fd2e7eb0/images/16x16/help.png" alt="Help for feature: Disable Build (No new builds will be executed until the project is re-enabled.)" style="width: 16px; height: 16px; " class="icon-help icon-sm"></a></td></tr><tr class="help-area"><td></td><td colspan="2"><div class="help">Loading...</div></td><td></td></tr><tr class="rowvg-start" style="display: none;"></tr><tr class=" rowvg-end optional-block-end"></tr><tr class="optional-block-start " hashelp="true" ref="cb18"><td colspan="3"><input onclick="javascript:updateOptionalBlock(this,true)" name="_.concurrentBuild" type="checkbox" class=" " id="cb18" path="/concurrentBuild"><label class="attach-previous">Execute concurrent builds if necessary</label></td><td class="setting-help"><a helpurl="/descriptor/hudson.model.FreeStyleProject/help/concurrentBuild" href="#" class="help-button" tabindex="9999"><img src="/static/fd2e7eb0/images/16x16/help.png" alt="Help for feature: Execute concurrent builds if necessary" style="width: 16px; height: 16px; " class="icon-help icon-sm"></a></td></tr><tr class="help-area"><td></td><td colspan="2"><div class="help">Loading...</div></td><td></td></tr><tr class="rowvg-start" style="display: none;"></tr><tr class=" rowvg-end optional-block-end"></tr><tr><td colspan="4"><div class="section-header"><a id="section0" class="section-anchor">#</a>Advanced Project Options</div></td></tr><tr><td></td><td></td><td><script src="/adjuncts/fd2e7eb0/lib/form/advanced/advanced.js" type="text/javascript"></script><div style="" class="advancedLink"><span style="display: none" id="id20"><img src="/static/fd2e7eb0/images/24x24/notepad.png" tooltip="One or more fields in this block have been edited." style="width: 24px; height: 24px; vertical-align: baseline" class="icon-notepad icon-md" title="One or more fields in this block have been edited."></span>&nbsp;<span class="yui-button yui-push-button advanced-button advancedButton" id="yui-gen7"><span class="first-child"><button type="button" tabindex="0" id="yui-gen7-button" path="/advanced-button">Advanced...</button></span></span></div><table class="advancedBody"><tbody><tr class="optional-block-start " hashelp="true" ref="cb19"><td colspan="3"><input onclick="javascript:updateOptionalBlock(this,true)" name="hasCustomQuietPeriod" type="checkbox" class=" " id="cb19" path="/hasCustomQuietPeriod"><label class="attach-previous">Quiet period</label></td><td class="setting-help"><a helpurl="/descriptor/jenkins.model.GlobalQuietPeriodConfiguration/help/quietPeriod" href="#" class="help-button" tabindex="9999"><img src="/static/fd2e7eb0/images/16x16/help.png" alt="Help for feature: Quiet period" style="width: 16px; height: 16px; " class="icon-help icon-sm"></a></td></tr><tr class="help-area"><td></td><td colspan="2"><div class="help">Loading...</div></td><td></td></tr><tr class="rowvg-start" style="display: none;"></tr><tr style="display: none;"><td class="setting-leftspace">&nbsp;</td><td class="setting-name">Quiet period</td><td class="setting-main"><input step="1" min="0" name="quiet_period" type="number" class="setting-input  number" value="5" path="/quiet_period"></td><td class="setting-no-help"></td></tr><tr class="validation-error-area" style="display: none;"><td colspan="2"></td><td></td><td></td></tr><tr style="display: none;"><td colspan="2"></td><td class="setting-description">Number of seconds</td><td></td></tr><tr class=" rowvg-end optional-block-end"></tr><tr class="optional-block-start " hashelp="true" ref="cb20"><td colspan="3"><input onclick="javascript:updateOptionalBlock(this,true)" name="hasCustomScmCheckoutRetryCount" type="checkbox" class=" " id="cb20" path="/hasCustomScmCheckoutRetryCount"><label class="attach-previous">Retry Count</label></td><td class="setting-help"><a helpurl="/help/project-config/scmCheckoutRetryCount.html" href="#" class="help-button" tabindex="9999"><img src="/static/fd2e7eb0/images/16x16/help.png" alt="Help for feature: Retry Count" style="width: 16px; height: 16px; " class="icon-help icon-sm"></a></td></tr><tr class="help-area"><td></td><td colspan="2"><div class="help">Loading...</div></td><td></td></tr><tr class="rowvg-start" style="display: none;"></tr><tr style="display: none;"><td class="setting-leftspace">&nbsp;</td><td class="setting-name">SCM checkout retry count</td><td class="setting-main"><input step="1" min="0" name="scmCheckoutRetryCount" type="number" class="setting-input  number" value="0" path="/scmCheckoutRetryCount"></td><td class="setting-no-help"></td></tr><tr class="validation-error-area" style="display: none;"><td colspan="2"></td><td></td><td></td></tr><tr class=" rowvg-end optional-block-end"></tr><tr class="optional-block-start " hashelp="true" ref="cb21"><td colspan="3"><input onclick="javascript:updateOptionalBlock(this,true)" name="blockBuildWhenUpstreamBuilding" type="checkbox" class=" " id="cb21" path="/blockBuildWhenUpstreamBuilding"><label class="attach-previous">Block build when upstream project is building</label></td><td class="setting-help"><a helpurl="/help/project-config/block-upstream-building.html" href="#" class="help-button" tabindex="9999"><img src="/static/fd2e7eb0/images/16x16/help.png" alt="Help for feature: Block build when upstream project is building" style="width: 16px; height: 16px; " class="icon-help icon-sm"></a></td></tr><tr class="help-area"><td></td><td colspan="2"><div class="help">Loading...</div></td><td></td></tr><tr class="rowvg-start" style="display: none;"></tr><tr class=" rowvg-end optional-block-end"></tr><tr class="optional-block-start " hashelp="true" ref="cb22"><td colspan="3"><input onclick="javascript:updateOptionalBlock(this,true)" name="blockBuildWhenDownstreamBuilding" type="checkbox" class=" " id="cb22" path="/blockBuildWhenDownstreamBuilding"><label class="attach-previous">Block build when downstream project is building</label></td><td class="setting-help"><a helpurl="/help/project-config/block-downstream-building.html" href="#" class="help-button" tabindex="9999"><img src="/static/fd2e7eb0/images/16x16/help.png" alt="Help for feature: Block build when downstream project is building" style="width: 16px; height: 16px; " class="icon-help icon-sm"></a></td></tr><tr class="help-area"><td></td><td colspan="2"><div class="help">Loading...</div></td><td></td></tr><tr class="rowvg-start" style="display: none;"></tr><tr class=" rowvg-end optional-block-end"></tr><tr class="optional-block-start " hashelp="true" ref="cb23"><td colspan="3"><input onclick="javascript:updateOptionalBlock(this,true)" name="hasCustomWorkspace" type="checkbox" class=" " id="cb23" path="/hasCustomWorkspace"><label class="attach-previous">Use custom workspace</label></td><td class="setting-help"><a helpurl="/help/project-config/custom-workspace.html" href="#" class="help-button" tabindex="9999"><img src="/static/fd2e7eb0/images/16x16/help.png" alt="Help for feature: Use custom workspace" style="width: 16px; height: 16px; " class="icon-help icon-sm"></a></td></tr><tr class="help-area"><td></td><td colspan="2"><div class="help">Loading...</div></td><td></td></tr><tr class="rowvg-start" style="display: none;"></tr><tr style="display: none;"><td class="setting-leftspace">&nbsp;</td><td class="setting-name">Directory</td><td class="setting-main">
   

  
  <input checkdependson="customWorkspace" checkurl="/job/molecular_voter/descriptorByName/hudson.model.FreeStyleProject/checkCustomWorkspace" name="_.customWorkspace" type="text" class="setting-input validated  " value="" path="/customWorkspace"></td><td class="setting-no-help"></td></tr><tr class="validation-error-area" style="display: none;"><td colspan="2"></td><td><div class="error"><img src="/static/fd2e7eb0/images/none.gif" height="16" width="1">Custom workspace is empty.</div></td><td></td></tr><tr class=" rowvg-end optional-block-end"></tr><tr><td class="setting-leftspace">&nbsp;</td><td class="setting-name">Display Name</td><td class="setting-main">
   

  
  <input checkurl="'/checkDisplayName?displayName='+encodeURIComponent(this.value)+'&amp;jobName='+encodeURIComponent('molecular_voter')" name="_.displayNameOrNull" type="text" class="setting-input validated  " value="" path="/displayNameOrNull"></td><td class="setting-help"><a helpurl="/descriptor/hudson.model.FreeStyleProject/help/displayNameOrNull" href="#" class="help-button" tabindex="9999"><img src="/static/fd2e7eb0/images/16x16/help.png" alt="Help for feature: Display Name" style="width: 16px; height: 16px; " class="icon-help icon-sm"></a></td></tr><tr class="validation-error-area"><td colspan="2"></td><td><div></div></td><td></td></tr><tr class="help-area"><td></td><td colspan="2"><div class="help">Loading...</div></td><td></td></tr><tr class="optional-block-start row-set-start" hashelp="true" ref="cb24"><td colspan="3"><input onclick="javascript:updateOptionalBlock(this,true)" name="keepDependencies" type="checkbox" class=" " id="cb24" path="/keepDependencies"><label class="attach-previous">Keep the build logs of dependencies</label></td><td class="setting-help"><a helpurl="/help/tasks/fingerprint/keepDependencies.html" href="#" class="help-button" tabindex="9999"><img src="/static/fd2e7eb0/images/16x16/help.png" alt="Help for feature: Keep the build logs of dependencies" style="width: 16px; height: 16px; " class="icon-help icon-sm"></a></td></tr><tr class="help-area" nameref="cb24"><td></td><td colspan="2"><div class="help">Loading...</div></td><td></td></tr><tr class="rowvg-start" nameref="cb24" style="display: none;"></tr><tr class="row-set-end rowvg-end optional-block-end"></tr></tbody></table></td><td></td></tr><tr><td colspan="4"><div class="section-header"><a id="section1" class="section-anchor">#</a>Source Code Management</div></td></tr><script src="/adjuncts/fd2e7eb0/lib/form/radioBlock/radioBlock.js" type="text/javascript"></script><tr class="radio-block-start row-set-start" hashelp="false" ref="radio-block-9"><td colspan="3"><label><input name="scm" checked="true" type="radio" value="0" class="radio-block-control" id="radio-block-9" path="/scm[0]">
        None
      </label></td><td class="setting-no-help"></td></tr><tr style="display:none" class="row-set-end radio-block-end"></tr><tr class="radio-block-start row-set-start" hashelp="false" ref="radio-block-10"><td colspan="3"><label><input name="scm" type="radio" value="1" class="radio-block-control" id="radio-block-10" path="/scm[1]">
        CVS
      </label></td><td class="setting-no-help"></td></tr><tr nameref="radio-block-10" style="display: none;"><td class="setting-leftspace">&nbsp;</td><td class="setting-name"></td><td class="setting-main"><div class="repeated-container"><div name="repositories" class="repeated-chunk first last only"><table style="width:100%"><tbody><tr><td class="setting-leftspace">&nbsp;</td><td class="setting-name">CVSROOT</td><td class="setting-main">
   

  
  <input checkdependson="" checkurl="/job/molecular_voter/descriptorByName/hudson.scm.CvsRepository/checkCvsRoot" name="_.cvsRoot" type="text" class="setting-input validated  " value=""></td><td class="setting-help"><a helpurl="/descriptor/hudson.scm.CvsRepository/help/cvsRoot" href="#" class="help-button" tabindex="9999"><img src="/static/fd2e7eb0/images/16x16/help.png" alt="Help for feature: CVSROOT" style="width: 16px; height: 16px; " class="icon-help icon-sm"></a></td></tr><tr class="validation-error-area"><td colspan="2"></td><td><div class="error"><img src="/static/fd2e7eb0/images/none.gif" height="16" width="1">CVSROOT is mandatory</div></td><td></td></tr><tr class="help-area"><td></td><td colspan="2"><div class="help">Loading...</div></td><td></td></tr><tr class="optional-block-start " hashelp="false" ref="cb25"><td colspan="3"><input onclick="javascript:updateOptionalBlock(this,true)" name="passwordRequired" type="checkbox" class=" " id="cb25"><label class="attach-previous">This Connection Requires A Password</label></td><td class="setting-no-help"></td></tr><tr class="rowvg-start" style="display: none;"></tr><tr style="display: none;"><td class="setting-leftspace">&nbsp;</td><td class="setting-name">Password</td><td class="setting-main"><input name="_.password" type="password" class="setting-input " value=""></td><td class="setting-no-help"></td></tr><tr class="validation-error-area" style="display: none;"><td colspan="2"></td><td></td><td></td></tr><tr class=" rowvg-end optional-block-end"></tr><tr><td class="setting-leftspace">&nbsp;</td><td class="setting-name"></td><td class="setting-main"><div class="repeated-container"><div name="repositoryItems" class="repeated-chunk first last only"><table style="width:100%"><tbody><tr><td class="setting-leftspace">&nbsp;</td><td class="setting-name">Location</td><td class="setting-main"><select class="setting-input dropdownList"><option value="0">Branch</option><option value="1" selected="true">Head</option><option value="2">Tag</option></select></td><td class="setting-no-help"></td></tr><tr class="dropdownList-container"><td colspan="2"></td><td colspan="2"><table width="100%" name="location"><tbody><tr class="dropdownList-start rowvg-start" field-disabled="true" style="display: none;"></tr><tr field-disabled="true" style="display: none;"><td class="setting-leftspace">&nbsp;</td><td class="setting-name">Branch Name</td><td class="setting-main">
   

  
  <input name="_.branchName" type="text" class="setting-input   " value=""></td><td class="setting-no-help"></td></tr><tr class="validation-error-area" field-disabled="true" style="display: none;"><td colspan="2"></td><td></td><td></td></tr><tr field-disabled="true" style="display: none;"><td class="setting-leftspace">&nbsp;</td><td class="setting-name">Use Head If Not Found</td><td class="setting-main"><input name="_.useHeadIfNotFound" type="checkbox" class=" "></td><td class="setting-no-help"></td></tr><tr class="validation-error-area" field-disabled="true" style="display: none;"><td colspan="2"></td><td></td><td></td></tr><tr style="display: none;" field-disabled="true"><td><input name="stapler-class" type="hidden" value="hudson.scm.CvsRepositoryLocation$BranchRepositoryLocation"><input name="$class" type="hidden" value="hudson.scm.CvsRepositoryLocation$BranchRepositoryLocation"></td></tr><tr class="dropdownList-end rowvg-end"></tr><tr class="dropdownList-start rowvg-start"></tr><tr style=""><td><input name="stapler-class" type="hidden" value="hudson.scm.CvsRepositoryLocation$HeadRepositoryLocation"><input name="$class" type="hidden" value="hudson.scm.CvsRepositoryLocation$HeadRepositoryLocation"></td></tr><tr class="dropdownList-end rowvg-end"></tr><tr class="dropdownList-start rowvg-start" field-disabled="true" style="display: none;"></tr><tr field-disabled="true" style="display: none;"><td class="setting-leftspace">&nbsp;</td><td class="setting-name">Tag Name</td><td class="setting-main">
   

  
  <input name="_.tagName" type="text" class="setting-input   " value=""></td><td class="setting-no-help"></td></tr><tr class="validation-error-area" field-disabled="true" style="display: none;"><td colspan="2"></td><td></td><td></td></tr><tr field-disabled="true" style="display: none;"><td class="setting-leftspace">&nbsp;</td><td class="setting-name">Use Head If Not Found</td><td class="setting-main"><input name="_.useHeadIfNotFound" type="checkbox" class=" "></td><td class="setting-no-help"></td></tr><tr class="validation-error-area" field-disabled="true" style="display: none;"><td colspan="2"></td><td></td><td></td></tr><tr style="display: none;" field-disabled="true"><td><input name="stapler-class" type="hidden" value="hudson.scm.CvsRepositoryLocation$TagRepositoryLocation"><input name="$class" type="hidden" value="hudson.scm.CvsRepositoryLocation$TagRepositoryLocation"></td></tr><tr class="dropdownList-end rowvg-end"></tr></tbody></table></td></tr><tr><td class="setting-leftspace">&nbsp;</td><td class="setting-name">Modules</td><td class="setting-main"><div class="repeated-container"><div name="modules" class="repeated-chunk first last only"><table style="width:100%"><tbody><tr><td class="setting-leftspace">&nbsp;</td><td class="setting-name">Remote Name</td><td class="setting-main">
   

  
  <input checkdependson="" checkurl="/job/molecular_voter/descriptorByName/hudson.scm.CvsModule/checkRemoteName" name="_.remoteName" type="text" class="setting-input validated  " value=""></td><td class="setting-help"><a helpurl="/descriptor/hudson.scm.CvsModule/help/remoteName" href="#" class="help-button" tabindex="9999"><img src="/static/fd2e7eb0/images/16x16/help.png" alt="Help for feature: Remote Name" style="width: 16px; height: 16px; " class="icon-help icon-sm"></a></td></tr><tr class="validation-error-area"><td colspan="2"></td><td><div class="error"><img src="/static/fd2e7eb0/images/none.gif" height="16" width="1">Remote Name is mandatory</div></td><td></td></tr><tr class="help-area"><td></td><td colspan="2"><div class="help">Loading...</div></td><td></td></tr><tr><td class="setting-leftspace">&nbsp;</td><td class="setting-name">Local Name</td><td class="setting-main">
   

  
  <input name="_.localName" type="text" class="setting-input   " value=""></td><td class="setting-help"><a helpurl="/descriptor/hudson.scm.CvsModule/help/localName" href="#" class="help-button" tabindex="9999"><img src="/static/fd2e7eb0/images/16x16/help.png" alt="Help for feature: Local Name" style="width: 16px; height: 16px; " class="icon-help icon-sm"></a></td></tr><tr class="validation-error-area"><td colspan="2"></td><td></td><td></td></tr><tr class="help-area"><td></td><td colspan="2"><div class="help">Loading...</div></td><td></td></tr><tr><td class="setting-leftspace">&nbsp;</td><td class="setting-name"></td><td class="setting-main"><div align="right"><span class="yui-button yui-push-button repeatable-add show-if-last" id="yui-gen12"><span class="first-child"><button type="button" tabindex="0" id="yui-gen12-button">Add more modules...</button></span></span><span class="yui-button yui-push-button repeatable-delete show-if-not-only" id="yui-gen21"><span class="first-child"><button type="button" tabindex="0" id="yui-gen21-button">Delete</button></span></span></div></td><td class="setting-no-help"></td></tr><tr class="validation-error-area"><td colspan="2"></td><td></td><td></td></tr></tbody></table></div><div class="repeatable-insertion-point"></div></div></td><td class="setting-no-help"></td></tr><tr class="validation-error-area"><td colspan="2"></td><td></td><td></td></tr><tr><td class="setting-leftspace">&nbsp;</td><td class="setting-name"></td><td class="setting-main"><div align="right"><span class="yui-button yui-push-button repeatable-add show-if-last" id="yui-gen13"><span class="first-child"><button type="button" tabindex="0" id="yui-gen13-button">Add more locations...</button></span></span><span class="yui-button yui-push-button repeatable-delete show-if-not-only" id="yui-gen22"><span class="first-child"><button type="button" tabindex="0" id="yui-gen22-button">Delete</button></span></span></div></td><td class="setting-no-help"></td></tr><tr class="validation-error-area"><td colspan="2"></td><td></td><td></td></tr></tbody></table></div><div class="repeatable-insertion-point"></div></div></td><td class="setting-no-help"></td></tr><tr class="validation-error-area"><td colspan="2"></td><td></td><td></td></tr><tr><td></td><td></td><td><div style="" class="advancedLink"><span style="display: none" id="id22"><img src="/static/fd2e7eb0/images/24x24/notepad.png" tooltip="One or more fields in this block have been edited." style="width: 24px; height: 24px; vertical-align: baseline" class="icon-notepad icon-md" title="One or more fields in this block have been edited."></span>&nbsp;<span class="yui-button yui-push-button advanced-button advancedButton" id="yui-gen8"><span class="first-child"><button type="button" tabindex="0" id="yui-gen8-button">Advanced...</button></span></span></div><table class="advancedBody"><tbody><tr><td colspan="4"><div class="section-header"><a id="section3" class="section-anchor">#</a>Advanced Repository Options</div></td></tr><tr><td class="setting-leftspace">&nbsp;</td><td class="setting-name">Repository browser</td><td class="setting-main"><select class="setting-input dropdownList"><option value="auto">(Auto)</option><option value="0">FishEye</option><option value="1">OpenGrok</option><option value="2">ViewCVS</option></select></td><td class="setting-help"><a helpurl="/help/scm-browsers/list.html" href="#" class="help-button" tabindex="9999"><img src="/static/fd2e7eb0/images/16x16/help.png" alt="Help for feature: Repository browser" style="width: 16px; height: 16px; " class="icon-help icon-sm"></a></td></tr><tr class="dropdownList-container"><td colspan="2"></td><td colspan="2"><table width="100%" name="repositoryBrowser"><tbody><tr class="dropdownList-start rowvg-start"></tr><tr class="dropdownList-end rowvg-end"></tr><tr class="dropdownList-start rowvg-start" field-disabled="true" style="display: none;"></tr><tr class="render-on-demand " proxy="makeStaplerProxy('/$stapler/bound/c362f04b-59b3-4ac0-a6bd-232ba933cfe3','d9558d1b-578e-4743-a240-8717f9f0c41e',['render'])" field-disabled="true" style="display: none;"></tr><tr style="display: none;" field-disabled="true"><td><input name="stapler-class" type="hidden" value="hudson.scm.browsers.FishEyeCVS"><input name="$class" type="hidden" value="hudson.scm.browsers.FishEyeCVS"></td></tr><tr class="dropdownList-end rowvg-end"></tr><tr class="dropdownList-start rowvg-start" field-disabled="true" style="display: none;"></tr><tr class="render-on-demand " proxy="makeStaplerProxy('/$stapler/bound/b4c29d94-1888-489c-bd88-5c2114effa9a','d9558d1b-578e-4743-a240-8717f9f0c41e',['render'])" field-disabled="true" style="display: none;"></tr><tr style="display: none;" field-disabled="true"><td><input name="stapler-class" type="hidden" value="hudson.scm.browsers.OpenGrok"><input name="$class" type="hidden" value="hudson.scm.browsers.OpenGrok"></td></tr><tr class="dropdownList-end rowvg-end"></tr><tr class="dropdownList-start rowvg-start" field-disabled="true" style="display: none;"></tr><tr class="render-on-demand " proxy="makeStaplerProxy('/$stapler/bound/b68e4818-759e-404e-bd77-4e80af51f679','d9558d1b-578e-4743-a240-8717f9f0c41e',['render'])" field-disabled="true" style="display: none;"></tr><tr style="display: none;" field-disabled="true"><td><input name="stapler-class" type="hidden" value="hudson.scm.browsers.ViewCVS"><input name="$class" type="hidden" value="hudson.scm.browsers.ViewCVS"></td></tr><tr class="dropdownList-end rowvg-end"></tr></tbody></table></td></tr><tr class="help-area"><td></td><td colspan="2"><div class="help">Loading...</div></td><td></td></tr><tr><td class="setting-leftspace">&nbsp;</td><td class="setting-name">Exclude Regions</td><td class="setting-main"><div class="repeated-container"><div name="excludedRegions" class="repeated-chunk first last only"><table style="width:100%"><tbody><tr><td class="setting-leftspace">&nbsp;</td><td class="setting-name">Pattern</td><td class="setting-main">
   

  
  <input checkdependson="" checkurl="/job/molecular_voter/descriptorByName/hudson.scm.ExcludedRegion/checkPattern" name="_.pattern" type="text" class="setting-input validated  " value=""></td><td class="setting-no-help"></td></tr><tr class="validation-error-area"><td colspan="2"></td><td><div></div></td><td></td></tr><tr><td class="setting-leftspace">&nbsp;</td><td class="setting-name"></td><td class="setting-main"><div align="right"><span class="yui-button yui-push-button repeatable-add show-if-last" id="yui-gen14"><span class="first-child"><button type="button" tabindex="0" id="yui-gen14-button">Add more patterns...</button></span></span><span class="yui-button yui-push-button repeatable-delete show-if-not-only" id="yui-gen23"><span class="first-child"><button type="button" tabindex="0" id="yui-gen23-button">Delete</button></span></span></div></td><td class="setting-no-help"></td></tr><tr class="validation-error-area"><td colspan="2"></td><td></td><td></td></tr></tbody></table></div><div class="repeatable-insertion-point"></div></div></td><td class="setting-no-help"></td></tr><tr class="validation-error-area"><td colspan="2"></td><td></td><td></td></tr><tr><td class="setting-leftspace">&nbsp;</td><td class="setting-name">Compression Level</td><td class="setting-main">

   
  <select fillurl="/job/molecular_voter/descriptorByName/hudson.scm.CvsRepository/fillCompressionLevelItems" name="_.compressionLevel" class="setting-input  select " value=""><option value="-1">System Default</option><option value="0">None</option><option value="1">1</option><option value="2">2</option><option value="3">3 (Recommended)</option><option value="4">4</option><option value="5">5</option><option value="6">6</option><option value="7">7</option><option value="8">8</option><option value="9">9</option></select></td><td class="setting-no-help"></td></tr><tr class="validation-error-area"><td colspan="2"></td><td></td><td></td></tr></tbody></table></td><td></td></tr><tr><td class="setting-leftspace">&nbsp;</td><td class="setting-name"></td><td class="setting-main"><div align="right"><span class="yui-button yui-push-button repeatable-add show-if-last" id="yui-gen15"><span class="first-child"><button type="button" tabindex="0" id="yui-gen15-button">Add more repositories...</button></span></span><span class="yui-button yui-push-button repeatable-delete show-if-not-only" id="yui-gen24"><span class="first-child"><button type="button" tabindex="0" id="yui-gen24-button">Delete</button></span></span></div></td><td class="setting-no-help"></td></tr><tr class="validation-error-area"><td colspan="2"></td><td></td><td></td></tr></tbody></table></div><div class="repeatable-insertion-point"></div></div></td><td class="setting-no-help"></td></tr><tr class="validation-error-area" nameref="radio-block-10" style="display: none;"><td colspan="2"></td><td></td><td></td></tr><tr nameref="radio-block-10" style="display: none;"><td class="setting-leftspace">&nbsp;</td><td class="setting-name">Use Update</td><td class="setting-main"><input name="_.canUseUpdate" checked="true" type="checkbox" class=" "></td><td class="setting-help"><a helpurl="/descriptor/hudson.scm.CVSSCM/help/canUseUpdate" href="#" class="help-button" tabindex="9999"><img src="/static/fd2e7eb0/images/16x16/help.png" alt="Help for feature: Use Update" style="width: 16px; height: 16px; " class="icon-help icon-sm"></a></td></tr><tr class="validation-error-area" nameref="radio-block-10" style="display: none;"><td colspan="2"></td><td></td><td></td></tr><tr class="help-area" nameref="radio-block-10" style="display: none;"><td></td><td colspan="2"><div class="help">Loading...</div></td><td></td></tr><tr nameref="radio-block-10" style="display: none;"><td class="setting-leftspace">&nbsp;</td><td class="setting-name">Prune Empty Directories</td><td class="setting-main"><input name="_.pruneEmptyDirectories" checked="true" type="checkbox" class=" "></td><td class="setting-help"><a helpurl="/descriptor/hudson.scm.CVSSCM/help/pruneEmptyDirectories" href="#" class="help-button" tabindex="9999"><img src="/static/fd2e7eb0/images/16x16/help.png" alt="Help for feature: Prune Empty Directories" style="width: 16px; height: 16px; " class="icon-help icon-sm"></a></td></tr><tr class="validation-error-area" nameref="radio-block-10" style="display: none;"><td colspan="2"></td><td></td><td></td></tr><tr class="help-area" nameref="radio-block-10" style="display: none;"><td></td><td colspan="2"><div class="help">Loading...</div></td><td></td></tr><tr nameref="radio-block-10" style="display: none;"><td class="setting-leftspace">&nbsp;</td><td class="setting-name">Legacy Mode</td><td class="setting-main"><input name="_.legacy" type="checkbox" class=" "><label class="attach-previous">(run CVS in a way compatible with older versions of Hudson &lt;1.21)</label></td><td class="setting-help"><a helpurl="/descriptor/hudson.scm.CVSSCM/help/legacy" href="#" class="help-button" tabindex="9999"><img src="/static/fd2e7eb0/images/16x16/help.png" alt="Help for feature: Legacy Mode" style="width: 16px; height: 16px; " class="icon-help icon-sm"></a></td></tr><tr class="validation-error-area" nameref="radio-block-10" style="display: none;"><td colspan="2"></td><td></td><td></td></tr><tr class="help-area" nameref="radio-block-10" style="display: none;"><td></td><td colspan="2"><div class="help">Loading...</div></td><td></td></tr><tr nameref="radio-block-10" style="display: none;"><td class="setting-leftspace">&nbsp;</td><td class="setting-name">Skip Changelog</td><td class="setting-main"><input name="_.skipChangeLog" type="checkbox" class=" "></td><td class="setting-help"><a helpurl="/descriptor/hudson.scm.CVSSCM/help/skipChangeLog" href="#" class="help-button" tabindex="9999"><img src="/static/fd2e7eb0/images/16x16/help.png" alt="Help for feature: Skip Changelog" style="width: 16px; height: 16px; " class="icon-help icon-sm"></a></td></tr><tr class="validation-error-area" nameref="radio-block-10" style="display: none;"><td colspan="2"></td><td></td><td></td></tr><tr class="help-area" nameref="radio-block-10" style="display: none;"><td></td><td colspan="2"><div class="help">Loading...</div></td><td></td></tr><tr nameref="radio-block-10" style="display: none;"><td class="setting-leftspace">&nbsp;</td><td class="setting-name">Show all CVS output</td><td class="setting-main"><input name="_.disableCvsQuiet" type="checkbox" class=" "></td><td class="setting-help"><a helpurl="/descriptor/hudson.scm.CVSSCM/help/disableCvsQuiet" href="#" class="help-button" tabindex="9999"><img src="/static/fd2e7eb0/images/16x16/help.png" alt="Help for feature: Show all CVS output" style="width: 16px; height: 16px; " class="icon-help icon-sm"></a></td></tr><tr class="validation-error-area" nameref="radio-block-10" style="display: none;"><td colspan="2"></td><td></td><td></td></tr><tr class="help-area" nameref="radio-block-10" style="display: none;"><td></td><td colspan="2"><div class="help">Loading...</div></td><td></td></tr><tr nameref="radio-block-10" style="display: none;"><td class="setting-leftspace">&nbsp;</td><td class="setting-name">Perform clean checkout on failed update</td><td class="setting-main"><input name="_.cleanOnFailedUpdate" type="checkbox" class=" "></td><td class="setting-help"><a helpurl="/descriptor/hudson.scm.CVSSCM/help/cleanOnFailedUpdate" href="#" class="help-button" tabindex="9999"><img src="/static/fd2e7eb0/images/16x16/help.png" alt="Help for feature: Perform clean checkout on failed update" style="width: 16px; height: 16px; " class="icon-help icon-sm"></a></td></tr><tr class="validation-error-area" nameref="radio-block-10" style="display: none;"><td colspan="2"></td><td></td><td></td></tr><tr class="help-area" nameref="radio-block-10" style="display: none;"><td></td><td colspan="2"><div class="help">Loading...</div></td><td></td></tr><tr nameref="radio-block-10" style="display: none;"><td class="setting-leftspace">&nbsp;</td><td class="setting-name">Force clean copy for locally modified files</td><td class="setting-main"><input name="_.forceCleanCopy" type="checkbox" class=" "></td><td class="setting-help"><a helpurl="/descriptor/hudson.scm.CVSSCM/help/forceCleanCopy" href="#" class="help-button" tabindex="9999"><img src="/static/fd2e7eb0/images/16x16/help.png" alt="Help for feature: Force clean copy for locally modified files" style="width: 16px; height: 16px; " class="icon-help icon-sm"></a></td></tr><tr class="validation-error-area" nameref="radio-block-10" style="display: none;"><td colspan="2"></td><td></td><td></td></tr><tr class="help-area" nameref="radio-block-10" style="display: none;"><td></td><td colspan="2"><div class="help">Loading...</div></td><td></td></tr><tr style="display:none" class="row-set-end radio-block-end"></tr><tr class="radio-block-start row-set-start" hashelp="false" ref="radio-block-11"><td colspan="3"><label><input name="scm" type="radio" value="2" class="radio-block-control" id="radio-block-11" path="/scm[2]">
        CVS Projectset
      </label></td><td class="setting-no-help"></td></tr><tr nameref="radio-block-11" style="display: none;"><td class="setting-leftspace">&nbsp;</td><td class="setting-name"></td><td class="setting-main"><div class="repeated-container"><div name="repositories" class="repeated-chunk first last only"><table style="width:100%"><tbody><tr><td class="setting-leftspace">&nbsp;</td><td class="setting-name">CVSROOT</td><td class="setting-main">
   

  
  <input checkdependson="" checkurl="/job/molecular_voter/descriptorByName/hudson.scm.CvsRepository/checkCvsRoot" name="_.cvsRoot" type="text" class="setting-input validated  " value=""></td><td class="setting-help"><a helpurl="/descriptor/hudson.scm.CvsRepository/help/cvsRoot" href="#" class="help-button" tabindex="9999"><img src="/static/fd2e7eb0/images/16x16/help.png" alt="Help for feature: CVSROOT" style="width: 16px; height: 16px; " class="icon-help icon-sm"></a></td></tr><tr class="validation-error-area"><td colspan="2"></td><td><div class="error"><img src="/static/fd2e7eb0/images/none.gif" height="16" width="1">CVSROOT is mandatory</div></td><td></td></tr><tr class="help-area"><td></td><td colspan="2"><div class="help">Loading...</div></td><td></td></tr><tr class="optional-block-start " hashelp="false" ref="cb26"><td colspan="3"><input onclick="javascript:updateOptionalBlock(this,true)" name="passwordRequired" type="checkbox" class=" " id="cb26"><label class="attach-previous">This Connection Requires A Password</label></td><td class="setting-no-help"></td></tr><tr class="rowvg-start" style="display: none;"></tr><tr style="display: none;"><td class="setting-leftspace">&nbsp;</td><td class="setting-name">Password</td><td class="setting-main"><input name="_.password" type="password" class="setting-input " value=""></td><td class="setting-no-help"></td></tr><tr class="validation-error-area" style="display: none;"><td colspan="2"></td><td></td><td></td></tr><tr class=" rowvg-end optional-block-end"></tr><tr><td class="setting-leftspace">&nbsp;</td><td class="setting-name"></td><td class="setting-main"><div class="repeated-container"><div name="repositoryItems" class="repeated-chunk first last only"><table style="width:100%"><tbody><tr><td class="setting-leftspace">&nbsp;</td><td class="setting-name">Location</td><td class="setting-main"><select class="setting-input dropdownList"><option value="0">Branch</option><option value="1" selected="true">Head</option><option value="2">Tag</option></select></td><td class="setting-no-help"></td></tr><tr class="dropdownList-container"><td colspan="2"></td><td colspan="2"><table width="100%" name="location"><tbody><tr class="dropdownList-start rowvg-start" field-disabled="true" style="display: none;"></tr><tr field-disabled="true" style="display: none;"><td class="setting-leftspace">&nbsp;</td><td class="setting-name">Branch Name</td><td class="setting-main">
   

  
  <input name="_.branchName" type="text" class="setting-input   " value=""></td><td class="setting-no-help"></td></tr><tr class="validation-error-area" field-disabled="true" style="display: none;"><td colspan="2"></td><td></td><td></td></tr><tr field-disabled="true" style="display: none;"><td class="setting-leftspace">&nbsp;</td><td class="setting-name">Use Head If Not Found</td><td class="setting-main"><input name="_.useHeadIfNotFound" type="checkbox" class=" "></td><td class="setting-no-help"></td></tr><tr class="validation-error-area" field-disabled="true" style="display: none;"><td colspan="2"></td><td></td><td></td></tr><tr style="display: none;" field-disabled="true"><td><input name="stapler-class" type="hidden" value="hudson.scm.CvsRepositoryLocation$BranchRepositoryLocation"><input name="$class" type="hidden" value="hudson.scm.CvsRepositoryLocation$BranchRepositoryLocation"></td></tr><tr class="dropdownList-end rowvg-end"></tr><tr class="dropdownList-start rowvg-start"></tr><tr style=""><td><input name="stapler-class" type="hidden" value="hudson.scm.CvsRepositoryLocation$HeadRepositoryLocation"><input name="$class" type="hidden" value="hudson.scm.CvsRepositoryLocation$HeadRepositoryLocation"></td></tr><tr class="dropdownList-end rowvg-end"></tr><tr class="dropdownList-start rowvg-start" field-disabled="true" style="display: none;"></tr><tr field-disabled="true" style="display: none;"><td class="setting-leftspace">&nbsp;</td><td class="setting-name">Tag Name</td><td class="setting-main">
   

  
  <input name="_.tagName" type="text" class="setting-input   " value=""></td><td class="setting-no-help"></td></tr><tr class="validation-error-area" field-disabled="true" style="display: none;"><td colspan="2"></td><td></td><td></td></tr><tr field-disabled="true" style="display: none;"><td class="setting-leftspace">&nbsp;</td><td class="setting-name">Use Head If Not Found</td><td class="setting-main"><input name="_.useHeadIfNotFound" type="checkbox" class=" "></td><td class="setting-no-help"></td></tr><tr class="validation-error-area" field-disabled="true" style="display: none;"><td colspan="2"></td><td></td><td></td></tr><tr style="display: none;" field-disabled="true"><td><input name="stapler-class" type="hidden" value="hudson.scm.CvsRepositoryLocation$TagRepositoryLocation"><input name="$class" type="hidden" value="hudson.scm.CvsRepositoryLocation$TagRepositoryLocation"></td></tr><tr class="dropdownList-end rowvg-end"></tr></tbody></table></td></tr><tr><td class="setting-leftspace">&nbsp;</td><td class="setting-name">Modules</td><td class="setting-main"><div class="repeated-container"><div name="modules" class="repeated-chunk first last only"><table style="width:100%"><tbody><tr><td class="setting-leftspace">&nbsp;</td><td class="setting-name">Remote Name</td><td class="setting-main">
   

  
  <input checkdependson="" checkurl="/job/molecular_voter/descriptorByName/hudson.scm.CvsModule/checkRemoteName" name="_.remoteName" type="text" class="setting-input validated  " value=""></td><td class="setting-help"><a helpurl="/descriptor/hudson.scm.CvsModule/help/remoteName" href="#" class="help-button" tabindex="9999"><img src="/static/fd2e7eb0/images/16x16/help.png" alt="Help for feature: Remote Name" style="width: 16px; height: 16px; " class="icon-help icon-sm"></a></td></tr><tr class="validation-error-area"><td colspan="2"></td><td><div class="error"><img src="/static/fd2e7eb0/images/none.gif" height="16" width="1">Remote Name is mandatory</div></td><td></td></tr><tr class="help-area"><td></td><td colspan="2"><div class="help">Loading...</div></td><td></td></tr><tr><td class="setting-leftspace">&nbsp;</td><td class="setting-name">Local Name</td><td class="setting-main">
   

  
  <input name="_.localName" type="text" class="setting-input   " value=""></td><td class="setting-help"><a helpurl="/descriptor/hudson.scm.CvsModule/help/localName" href="#" class="help-button" tabindex="9999"><img src="/static/fd2e7eb0/images/16x16/help.png" alt="Help for feature: Local Name" style="width: 16px; height: 16px; " class="icon-help icon-sm"></a></td></tr><tr class="validation-error-area"><td colspan="2"></td><td></td><td></td></tr><tr class="help-area"><td></td><td colspan="2"><div class="help">Loading...</div></td><td></td></tr><tr><td class="setting-leftspace">&nbsp;</td><td class="setting-name">Projectset File Name</td><td class="setting-main">
   

  
  <input checkdependson="" checkurl="/job/molecular_voter/descriptorByName/hudson.scm.CvsModule/checkProjectsetFileName" name="_.projectsetFileName" type="text" class="setting-input validated  " value=""></td><td class="setting-help"><a helpurl="/descriptor/hudson.scm.CvsModule/help/projectsetFileName" href="#" class="help-button" tabindex="9999"><img src="/static/fd2e7eb0/images/16x16/help.png" alt="Help for feature: Projectset File Name" style="width: 16px; height: 16px; " class="icon-help icon-sm"></a></td></tr><tr class="validation-error-area"><td colspan="2"></td><td><div class="error"><img src="/static/fd2e7eb0/images/none.gif" height="16" width="1">Projectset file name is mandatory</div></td><td></td></tr><tr class="help-area"><td></td><td colspan="2"><div class="help">Loading...</div></td><td></td></tr><tr><td class="setting-leftspace">&nbsp;</td><td class="setting-name"></td><td class="setting-main"><div align="right"><span class="yui-button yui-push-button repeatable-add show-if-last" id="yui-gen16"><span class="first-child"><button type="button" tabindex="0" id="yui-gen16-button">Add more modules...</button></span></span><span class="yui-button yui-push-button repeatable-delete show-if-not-only" id="yui-gen25"><span class="first-child"><button type="button" tabindex="0" id="yui-gen25-button">Delete</button></span></span></div></td><td class="setting-no-help"></td></tr><tr class="validation-error-area"><td colspan="2"></td><td></td><td></td></tr></tbody></table></div><div class="repeatable-insertion-point"></div></div></td><td class="setting-no-help"></td></tr><tr class="validation-error-area"><td colspan="2"></td><td></td><td></td></tr><tr><td class="setting-leftspace">&nbsp;</td><td class="setting-name"></td><td class="setting-main"><div align="right"><span class="yui-button yui-push-button repeatable-add show-if-last" id="yui-gen17"><span class="first-child"><button type="button" tabindex="0" id="yui-gen17-button">Add more locations...</button></span></span><span class="yui-button yui-push-button repeatable-delete show-if-not-only" id="yui-gen26"><span class="first-child"><button type="button" tabindex="0" id="yui-gen26-button">Delete</button></span></span></div></td><td class="setting-no-help"></td></tr><tr class="validation-error-area"><td colspan="2"></td><td></td><td></td></tr></tbody></table></div><div class="repeatable-insertion-point"></div></div></td><td class="setting-no-help"></td></tr><tr class="validation-error-area"><td colspan="2"></td><td></td><td></td></tr><tr><td></td><td></td><td><div style="" class="advancedLink"><span style="display: none" id="id24"><img src="/static/fd2e7eb0/images/24x24/notepad.png" tooltip="One or more fields in this block have been edited." style="width: 24px; height: 24px; vertical-align: baseline" class="icon-notepad icon-md" title="One or more fields in this block have been edited."></span>&nbsp;<span class="yui-button yui-push-button advanced-button advancedButton" id="yui-gen9"><span class="first-child"><button type="button" tabindex="0" id="yui-gen9-button">Advanced...</button></span></span></div><table class="advancedBody"><tbody><tr><td colspan="4"><div class="section-header"><a id="section5" class="section-anchor">#</a>Advanced Repository Options</div></td></tr><tr><td class="setting-leftspace">&nbsp;</td><td class="setting-name">Repository browser</td><td class="setting-main"><select class="setting-input dropdownList"><option value="auto">(Auto)</option><option value="0">FishEye</option><option value="1">OpenGrok</option><option value="2">ViewCVS</option></select></td><td class="setting-help"><a helpurl="/help/scm-browsers/list.html" href="#" class="help-button" tabindex="9999"><img src="/static/fd2e7eb0/images/16x16/help.png" alt="Help for feature: Repository browser" style="width: 16px; height: 16px; " class="icon-help icon-sm"></a></td></tr><tr class="dropdownList-container"><td colspan="2"></td><td colspan="2"><table width="100%" name="repositoryBrowser"><tbody><tr class="dropdownList-start rowvg-start"></tr><tr class="dropdownList-end rowvg-end"></tr><tr class="dropdownList-start rowvg-start" field-disabled="true" style="display: none;"></tr><tr class="render-on-demand " proxy="makeStaplerProxy('/$stapler/bound/04062b24-6e7e-4686-9fc2-a4b53cece068','d9558d1b-578e-4743-a240-8717f9f0c41e',['render'])" field-disabled="true" style="display: none;"></tr><tr style="display: none;" field-disabled="true"><td><input name="stapler-class" type="hidden" value="hudson.scm.browsers.FishEyeCVS"><input name="$class" type="hidden" value="hudson.scm.browsers.FishEyeCVS"></td></tr><tr class="dropdownList-end rowvg-end"></tr><tr class="dropdownList-start rowvg-start" field-disabled="true" style="display: none;"></tr><tr class="render-on-demand " proxy="makeStaplerProxy('/$stapler/bound/8f7f8593-dbd6-4d0e-a93d-d42851ab5c5f','d9558d1b-578e-4743-a240-8717f9f0c41e',['render'])" field-disabled="true" style="display: none;"></tr><tr style="display: none;" field-disabled="true"><td><input name="stapler-class" type="hidden" value="hudson.scm.browsers.OpenGrok"><input name="$class" type="hidden" value="hudson.scm.browsers.OpenGrok"></td></tr><tr class="dropdownList-end rowvg-end"></tr><tr class="dropdownList-start rowvg-start" field-disabled="true" style="display: none;"></tr><tr class="render-on-demand " proxy="makeStaplerProxy('/$stapler/bound/c776ee91-08c4-4065-a5b8-cad857123a08','d9558d1b-578e-4743-a240-8717f9f0c41e',['render'])" field-disabled="true" style="display: none;"></tr><tr style="display: none;" field-disabled="true"><td><input name="stapler-class" type="hidden" value="hudson.scm.browsers.ViewCVS"><input name="$class" type="hidden" value="hudson.scm.browsers.ViewCVS"></td></tr><tr class="dropdownList-end rowvg-end"></tr></tbody></table></td></tr><tr class="help-area"><td></td><td colspan="2"><div class="help">Loading...</div></td><td></td></tr><tr><td class="setting-leftspace">&nbsp;</td><td class="setting-name">Exclude Regions</td><td class="setting-main"><div class="repeated-container"><div name="excludedRegions" class="repeated-chunk first last only"><table style="width:100%"><tbody><tr><td class="setting-leftspace">&nbsp;</td><td class="setting-name">Pattern</td><td class="setting-main">
   

  
  <input checkdependson="" checkurl="/job/molecular_voter/descriptorByName/hudson.scm.ExcludedRegion/checkPattern" name="_.pattern" type="text" class="setting-input validated  " value=""></td><td class="setting-no-help"></td></tr><tr class="validation-error-area"><td colspan="2"></td><td><div></div></td><td></td></tr><tr><td class="setting-leftspace">&nbsp;</td><td class="setting-name"></td><td class="setting-main"><div align="right"><span class="yui-button yui-push-button repeatable-add show-if-last" id="yui-gen18"><span class="first-child"><button type="button" tabindex="0" id="yui-gen18-button">Add more patterns...</button></span></span><span class="yui-button yui-push-button repeatable-delete show-if-not-only" id="yui-gen27"><span class="first-child"><button type="button" tabindex="0" id="yui-gen27-button">Delete</button></span></span></div></td><td class="setting-no-help"></td></tr><tr class="validation-error-area"><td colspan="2"></td><td></td><td></td></tr></tbody></table></div><div class="repeatable-insertion-point"></div></div></td><td class="setting-no-help"></td></tr><tr class="validation-error-area"><td colspan="2"></td><td></td><td></td></tr><tr><td class="setting-leftspace">&nbsp;</td><td class="setting-name">Compression Level</td><td class="setting-main">

   
  <select fillurl="/job/molecular_voter/descriptorByName/hudson.scm.CvsRepository/fillCompressionLevelItems" name="_.compressionLevel" class="setting-input  select " value=""><option value="-1">System Default</option><option value="0">None</option><option value="1">1</option><option value="2">2</option><option value="3">3 (Recommended)</option><option value="4">4</option><option value="5">5</option><option value="6">6</option><option value="7">7</option><option value="8">8</option><option value="9">9</option></select></td><td class="setting-no-help"></td></tr><tr class="validation-error-area"><td colspan="2"></td><td></td><td></td></tr></tbody></table></td><td></td></tr><tr><td class="setting-leftspace">&nbsp;</td><td class="setting-name"></td><td class="setting-main"><div align="right"><span class="yui-button yui-push-button repeatable-add show-if-last" id="yui-gen19"><span class="first-child"><button type="button" tabindex="0" id="yui-gen19-button">Add more repositories...</button></span></span><span class="yui-button yui-push-button repeatable-delete show-if-not-only" id="yui-gen28"><span class="first-child"><button type="button" tabindex="0" id="yui-gen28-button">Delete</button></span></span></div></td><td class="setting-no-help"></td></tr><tr class="validation-error-area"><td colspan="2"></td><td></td><td></td></tr></tbody></table></div><div class="repeatable-insertion-point"></div></div></td><td class="setting-no-help"></td></tr><tr class="validation-error-area" nameref="radio-block-11" style="display: none;"><td colspan="2"></td><td></td><td></td></tr><tr nameref="radio-block-11" style="display: none;"><td class="setting-leftspace">&nbsp;</td><td class="setting-name">Use Update</td><td class="setting-main"><input name="_.canUseUpdate" checked="true" type="checkbox" class=" "></td><td class="setting-help"><a helpurl="/descriptor/hudson.scm.CvsProjectset/help/canUseUpdate" href="#" class="help-button" tabindex="9999"><img src="/static/fd2e7eb0/images/16x16/help.png" alt="Help for feature: Use Update" style="width: 16px; height: 16px; " class="icon-help icon-sm"></a></td></tr><tr class="validation-error-area" nameref="radio-block-11" style="display: none;"><td colspan="2"></td><td></td><td></td></tr><tr class="help-area" nameref="radio-block-11" style="display: none;"><td></td><td colspan="2"><div class="help">Loading...</div></td><td></td></tr><tr nameref="radio-block-11" style="display: none;"><td class="setting-leftspace">&nbsp;</td><td class="setting-name">Username</td><td class="setting-main">
   

  
  <input name="_.username" type="text" class="setting-input   " value=""></td><td class="setting-help"><a helpurl="/descriptor/hudson.scm.CvsProjectset/help/username" href="#" class="help-button" tabindex="9999"><img src="/static/fd2e7eb0/images/16x16/help.png" alt="Help for feature: Username" style="width: 16px; height: 16px; " class="icon-help icon-sm"></a></td></tr><tr class="validation-error-area" nameref="radio-block-11" style="display: none;"><td colspan="2"></td><td></td><td></td></tr><tr class="help-area" nameref="radio-block-11" style="display: none;"><td></td><td colspan="2"><div class="help">Loading...</div></td><td></td></tr><tr nameref="radio-block-11" style="display: none;"><td class="setting-leftspace">&nbsp;</td><td class="setting-name">Password</td><td class="setting-main"><input name="_.password" type="password" class="setting-input " value=""></td><td class="setting-help"><a helpurl="/descriptor/hudson.scm.CvsProjectset/help/password" href="#" class="help-button" tabindex="9999"><img src="/static/fd2e7eb0/images/16x16/help.png" alt="Help for feature: Password" style="width: 16px; height: 16px; " class="icon-help icon-sm"></a></td></tr><tr class="validation-error-area" nameref="radio-block-11" style="display: none;"><td colspan="2"></td><td></td><td></td></tr><tr class="help-area" nameref="radio-block-11" style="display: none;"><td></td><td colspan="2"><div class="help">Loading...</div></td><td></td></tr><tr nameref="radio-block-11" style="display: none;"><td class="setting-leftspace">&nbsp;</td><td class="setting-name">Prune Empty Directories</td><td class="setting-main"><input name="_.pruneEmptyDirectories" checked="true" type="checkbox" class=" "></td><td class="setting-help"><a helpurl="/descriptor/hudson.scm.CvsProjectset/help/pruneEmptyDirectories" href="#" class="help-button" tabindex="9999"><img src="/static/fd2e7eb0/images/16x16/help.png" alt="Help for feature: Prune Empty Directories" style="width: 16px; height: 16px; " class="icon-help icon-sm"></a></td></tr><tr class="validation-error-area" nameref="radio-block-11" style="display: none;"><td colspan="2"></td><td></td><td></td></tr><tr class="help-area" nameref="radio-block-11" style="display: none;"><td></td><td colspan="2"><div class="help">Loading...</div></td><td></td></tr><tr nameref="radio-block-11" style="display: none;"><td class="setting-leftspace">&nbsp;</td><td class="setting-name">Skip Changelog</td><td class="setting-main"><input name="_.skipChangeLog" type="checkbox" class=" "></td><td class="setting-help"><a helpurl="/descriptor/hudson.scm.CvsProjectset/help/skipChangeLog" href="#" class="help-button" tabindex="9999"><img src="/static/fd2e7eb0/images/16x16/help.png" alt="Help for feature: Skip Changelog" style="width: 16px; height: 16px; " class="icon-help icon-sm"></a></td></tr><tr class="validation-error-area" nameref="radio-block-11" style="display: none;"><td colspan="2"></td><td></td><td></td></tr><tr class="help-area" nameref="radio-block-11" style="display: none;"><td></td><td colspan="2"><div class="help">Loading...</div></td><td></td></tr><tr nameref="radio-block-11" style="display: none;"><td class="setting-leftspace">&nbsp;</td><td class="setting-name">Show all CVS output</td><td class="setting-main"><input name="_.disableCvsQuiet" type="checkbox" class=" "></td><td class="setting-help"><a helpurl="/descriptor/hudson.scm.CvsProjectset/help/disableCvsQuiet" href="#" class="help-button" tabindex="9999"><img src="/static/fd2e7eb0/images/16x16/help.png" alt="Help for feature: Show all CVS output" style="width: 16px; height: 16px; " class="icon-help icon-sm"></a></td></tr><tr class="validation-error-area" nameref="radio-block-11" style="display: none;"><td colspan="2"></td><td></td><td></td></tr><tr class="help-area" nameref="radio-block-11" style="display: none;"><td></td><td colspan="2"><div class="help">Loading...</div></td><td></td></tr><tr nameref="radio-block-11" style="display: none;"><td class="setting-leftspace">&nbsp;</td><td class="setting-name">Perform clean checkout on failed update</td><td class="setting-main"><input name="_.cleanOnFailedUpdate" type="checkbox" class=" "></td><td class="setting-help"><a helpurl="/descriptor/hudson.scm.CvsProjectset/help/cleanOnFailedUpdate" href="#" class="help-button" tabindex="9999"><img src="/static/fd2e7eb0/images/16x16/help.png" alt="Help for feature: Perform clean checkout on failed update" style="width: 16px; height: 16px; " class="icon-help icon-sm"></a></td></tr><tr class="validation-error-area" nameref="radio-block-11" style="display: none;"><td colspan="2"></td><td></td><td></td></tr><tr class="help-area" nameref="radio-block-11" style="display: none;"><td></td><td colspan="2"><div class="help">Loading...</div></td><td></td></tr><tr nameref="radio-block-11" style="display: none;"><td class="setting-leftspace">&nbsp;</td><td class="setting-name">Repository browser</td><td class="setting-main"><select class="setting-input dropdownList"><option value="auto">(Auto)</option><option value="0">Cvs Facade Repository Browser</option><option value="1">FishEye</option><option value="2">OpenGrok</option><option value="3">ViewCVS</option></select></td><td class="setting-help"><a helpurl="/help/scm-browsers/list.html" href="#" class="help-button" tabindex="9999"><img src="/static/fd2e7eb0/images/16x16/help.png" alt="Help for feature: Repository browser" style="width: 16px; height: 16px; " class="icon-help icon-sm"></a></td></tr><tr class="dropdownList-container" nameref="radio-block-11" style="display: none;"><td colspan="2"></td><td colspan="2"><table width="100%" name="cvs.browser"><tbody><tr class="dropdownList-start rowvg-start"></tr><tr class="dropdownList-end rowvg-end"></tr><tr class="dropdownList-start rowvg-start" field-disabled="true" style="display: none;"></tr><tr class="render-on-demand " proxy="makeStaplerProxy('/$stapler/bound/e7281308-9c37-4d04-9a1a-6f31237047cb','d9558d1b-578e-4743-a240-8717f9f0c41e',['render'])" field-disabled="true" style="display: none;"></tr><tr style="display: none;" field-disabled="true"><td><input name="stapler-class" type="hidden" value="hudson.scm.browsers.CvsFacadeRepositoryBrowser"><input name="$class" type="hidden" value="hudson.scm.browsers.CvsFacadeRepositoryBrowser"></td></tr><tr class="dropdownList-end rowvg-end"></tr><tr class="dropdownList-start rowvg-start" field-disabled="true" style="display: none;"></tr><tr class="render-on-demand " proxy="makeStaplerProxy('/$stapler/bound/63f29110-9075-41c7-a089-ecbca4f5f17b','d9558d1b-578e-4743-a240-8717f9f0c41e',['render'])" field-disabled="true" style="display: none;"></tr><tr style="display: none;" field-disabled="true"><td><input name="stapler-class" type="hidden" value="hudson.scm.browsers.FishEyeCVS"><input name="$class" type="hidden" value="hudson.scm.browsers.FishEyeCVS"></td></tr><tr class="dropdownList-end rowvg-end"></tr><tr class="dropdownList-start rowvg-start" field-disabled="true" style="display: none;"></tr><tr class="render-on-demand " proxy="makeStaplerProxy('/$stapler/bound/9f72f8ac-3680-4174-9c59-1046cdc63880','d9558d1b-578e-4743-a240-8717f9f0c41e',['render'])" field-disabled="true" style="display: none;"></tr><tr style="display: none;" field-disabled="true"><td><input name="stapler-class" type="hidden" value="hudson.scm.browsers.OpenGrok"><input name="$class" type="hidden" value="hudson.scm.browsers.OpenGrok"></td></tr><tr class="dropdownList-end rowvg-end"></tr><tr class="dropdownList-start rowvg-start" field-disabled="true" style="display: none;"></tr><tr class="render-on-demand " proxy="makeStaplerProxy('/$stapler/bound/86528b1a-2442-4353-8b3d-4c8ba7fca065','d9558d1b-578e-4743-a240-8717f9f0c41e',['render'])" field-disabled="true" style="display: none;"></tr><tr style="display: none;" field-disabled="true"><td><input name="stapler-class" type="hidden" value="hudson.scm.browsers.ViewCVS"><input name="$class" type="hidden" value="hudson.scm.browsers.ViewCVS"></td></tr><tr class="dropdownList-end rowvg-end"></tr></tbody></table></td></tr><tr class="help-area" nameref="radio-block-11" style="display: none;"><td></td><td colspan="2"><div class="help">Loading...</div></td><td></td></tr><tr style="display:none" class="row-set-end radio-block-end"></tr><tr class="radio-block-start row-set-start" hashelp="false" ref="radio-block-12"><td colspan="3"><label><input name="scm" type="radio" value="3" class="radio-block-control" id="radio-block-12" path="/scm[3]">
        Subversion
      </label></td><td class="setting-no-help"></td></tr><tr nameref="radio-block-12" style="display: none;"><td class="setting-leftspace">&nbsp;</td><td class="setting-name">Modules</td><td class="setting-main"><div class="repeated-container"><div name="locations" class="repeated-chunk first last only"><table width="100%"><tbody><tr><td class="setting-leftspace">&nbsp;</td><td class="setting-name">Repository URL</td><td class="setting-main">
   

  
  <input checkdependson="" id="svn.remote.loc" checkurl="/job/molecular_voter/descriptorByName/hudson.scm.SubversionSCM/checkRemote" name="_.remote" type="text" class="setting-input validated  " value=""></td><td class="setting-help"><a helpurl="/scm/SubversionSCM/url-help" href="#" class="help-button" tabindex="9999"><img src="/static/fd2e7eb0/images/16x16/help.png" alt="Help for feature: Repository URL" style="width: 16px; height: 16px; " class="icon-help icon-sm"></a></td></tr><tr class="validation-error-area"><td colspan="2"></td><td><div class="error"><img src="/static/fd2e7eb0/images/none.gif" height="16" width="1">Repository URL is required.</div></td><td></td></tr><tr class="help-area"><td></td><td colspan="2"><div class="help">Loading...</div></td><td></td></tr><tr><td class="setting-leftspace">&nbsp;</td><td class="setting-name">Local module directory (optional)</td><td class="setting-main">
   

  
  <input checkdependson="" checkurl="/job/molecular_voter/descriptorByName/hudson.scm.SubversionSCM/checkLocal" name="_.local" type="text" class="setting-input validated  " value="."></td><td class="setting-help"><a helpurl="/descriptor/hudson.scm.SubversionSCM/help/local" href="#" class="help-button" tabindex="9999"><img src="/static/fd2e7eb0/images/16x16/help.png" alt="Help for feature: Local module directory (optional)" style="width: 16px; height: 16px; " class="icon-help icon-sm"></a></td></tr><tr class="validation-error-area"><td colspan="2"></td><td><div></div></td><td></td></tr><tr class="help-area"><td></td><td colspan="2"><div class="help">Loading...</div></td><td></td></tr><tr><td class="setting-leftspace">&nbsp;</td><td class="setting-name">Repository depth</td><td class="setting-main"><select name="depthOption"><option value="infinity">infinity</option><option value="empty">empty</option><option value="files">files</option><option value="immediates">immediates</option><option value="unknown">as-it-is</option></select></td><td class="setting-help"><a helpurl="/descriptor/hudson.scm.SubversionSCM/help/depthOption" href="#" class="help-button" tabindex="9999"><img src="/static/fd2e7eb0/images/16x16/help.png" alt="Help for feature: Repository depth" style="width: 16px; height: 16px; " class="icon-help icon-sm"></a></td></tr><tr class="validation-error-area"><td colspan="2"></td><td></td><td></td></tr><tr class="help-area"><td></td><td colspan="2"><div class="help">Loading...</div></td><td></td></tr><tr><td class="setting-leftspace">&nbsp;</td><td class="setting-name">Ignore externals</td><td class="setting-main"><input name="_.ignoreExternalsOption" type="checkbox" class=" "></td><td class="setting-help"><a helpurl="/descriptor/hudson.scm.SubversionSCM/help/ignoreExternalsOption" href="#" class="help-button" tabindex="9999"><img src="/static/fd2e7eb0/images/16x16/help.png" alt="Help for feature: Ignore externals" style="width: 16px; height: 16px; " class="icon-help icon-sm"></a></td></tr><tr class="validation-error-area"><td colspan="2"></td><td></td><td></td></tr><tr class="help-area"><td></td><td colspan="2"><div class="help">Loading...</div></td><td></td></tr><tr><td class="setting-leftspace">&nbsp;</td><td class="setting-name"></td><td class="setting-main"><div align="right"><span class="yui-button yui-push-button repeatable-add show-if-last" id="yui-gen20"><span class="first-child"><button type="button" tabindex="0" id="yui-gen20-button">Add more locations...</button></span></span><span class="yui-button yui-push-button repeatable-delete show-if-not-only" id="yui-gen29"><span class="first-child"><button type="button" tabindex="0" id="yui-gen29-button">Delete</button></span></span></div></td><td class="setting-no-help"></td></tr><tr class="validation-error-area"><td colspan="2"></td><td></td><td></td></tr></tbody></table></div><div class="repeatable-insertion-point"></div></div></td><td class="setting-no-help"></td></tr><tr class="validation-error-area" nameref="radio-block-12" style="display: none;"><td colspan="2"></td><td></td><td></td></tr><tr nameref="radio-block-12" style="display: none;"><td class="setting-leftspace">&nbsp;</td><td class="setting-name">Check-out Strategy</td><td class="setting-main"><select class="setting-input dropdownList"><option value="0">Use 'svn update' as much as possible</option><option value="1">Always check out a fresh copy</option><option value="2">Emulate clean checkout by first deleting unversioned/ignored files, then 'svn update'</option><option value="3">Use 'svn update' as much as possible, with 'svn revert' before update</option></select></td><td class="setting-no-help"></td></tr><tr class="dropdownList-container" nameref="radio-block-12" style="display: none;"><td colspan="2"></td><td colspan="2"><table width="100%" name="workspaceUpdater"><tbody><tr class="dropdownList-start rowvg-start"></tr>
      
      <tr><td colspan="2"></td><td class="setting-description">Use 'svn update' whenever possible, making the build faster. But this causes the artifacts from the previous build to remain when a new build starts.</td><td></td></tr><tr style=""><td><input name="stapler-class" type="hidden" value="hudson.scm.subversion.UpdateUpdater"><input name="$class" type="hidden" value="hudson.scm.subversion.UpdateUpdater"></td></tr><tr class="dropdownList-end rowvg-end"></tr><tr class="dropdownList-start rowvg-start" field-disabled="true" style="display: none;"></tr><tr class="render-on-demand " proxy="makeStaplerProxy('/$stapler/bound/82d2422b-b2e1-449d-b4cd-48dec4b0d92a','d9558d1b-578e-4743-a240-8717f9f0c41e',['render'])" field-disabled="true" style="display: none;"></tr><tr style="display: none;" field-disabled="true"><td><input name="stapler-class" type="hidden" value="hudson.scm.subversion.CheckoutUpdater"><input name="$class" type="hidden" value="hudson.scm.subversion.CheckoutUpdater"></td></tr><tr class="dropdownList-end rowvg-end"></tr><tr class="dropdownList-start rowvg-start" field-disabled="true" style="display: none;"></tr><tr class="render-on-demand " proxy="makeStaplerProxy('/$stapler/bound/7b81285b-14a5-4648-8e1e-fa2d078bcd6a','d9558d1b-578e-4743-a240-8717f9f0c41e',['render'])" field-disabled="true" style="display: none;"></tr><tr style="display: none;" field-disabled="true"><td><input name="stapler-class" type="hidden" value="hudson.scm.subversion.UpdateWithCleanUpdater"><input name="$class" type="hidden" value="hudson.scm.subversion.UpdateWithCleanUpdater"></td></tr><tr class="dropdownList-end rowvg-end"></tr><tr class="dropdownList-start rowvg-start" field-disabled="true" style="display: none;"></tr><tr class="render-on-demand " proxy="makeStaplerProxy('/$stapler/bound/0eb44ccd-b123-4a22-a91a-0995846d3c17','d9558d1b-578e-4743-a240-8717f9f0c41e',['render'])" field-disabled="true" style="display: none;"></tr><tr style="display: none;" field-disabled="true"><td><input name="stapler-class" type="hidden" value="hudson.scm.subversion.UpdateWithRevertUpdater"><input name="$class" type="hidden" value="hudson.scm.subversion.UpdateWithRevertUpdater"></td></tr><tr class="dropdownList-end rowvg-end"></tr></tbody></table></td></tr><tr nameref="radio-block-12" style="display: none;"><td class="setting-leftspace">&nbsp;</td><td class="setting-name">Repository browser</td><td class="setting-main"><select class="setting-input dropdownList"><option value="auto">(Auto)</option><option value="0">Assembla</option><option value="1">CollabNet</option><option value="2">FishEye</option><option value="3">SVN::Web</option><option value="4">Sventon 1.x</option><option value="5">Sventon 2.x</option><option value="6">ViewSVN</option><option value="7">WebSVN</option></select></td><td class="setting-help"><a helpurl="/help/scm-browsers/list.html" href="#" class="help-button" tabindex="9999"><img src="/static/fd2e7eb0/images/16x16/help.png" alt="Help for feature: Repository browser" style="width: 16px; height: 16px; " class="icon-help icon-sm"></a></td></tr><tr class="dropdownList-container" nameref="radio-block-12" style="display: none;"><td colspan="2"></td><td colspan="2"><table width="100%" name="svn.browser"><tbody><tr class="dropdownList-start rowvg-start"></tr><tr class="dropdownList-end rowvg-end"></tr><tr class="dropdownList-start rowvg-start" field-disabled="true" style="display: none;"></tr><tr class="render-on-demand " proxy="makeStaplerProxy('/$stapler/bound/2d0986f1-1410-47d8-912e-500cee1505e8','d9558d1b-578e-4743-a240-8717f9f0c41e',['render'])" field-disabled="true" style="display: none;"></tr><tr style="display: none;" field-disabled="true"><td><input name="stapler-class" type="hidden" value="hudson.scm.browsers.Assembla"><input name="$class" type="hidden" value="hudson.scm.browsers.Assembla"></td></tr><tr class="dropdownList-end rowvg-end"></tr><tr class="dropdownList-start rowvg-start" field-disabled="true" style="display: none;"></tr><tr class="render-on-demand " proxy="makeStaplerProxy('/$stapler/bound/2e3572b9-1336-42f9-ab8f-8f68f1cc3b9f','d9558d1b-578e-4743-a240-8717f9f0c41e',['render'])" field-disabled="true" style="display: none;"></tr><tr style="display: none;" field-disabled="true"><td><input name="stapler-class" type="hidden" value="hudson.scm.browsers.CollabNetSVN"><input name="$class" type="hidden" value="hudson.scm.browsers.CollabNetSVN"></td></tr><tr class="dropdownList-end rowvg-end"></tr><tr class="dropdownList-start rowvg-start" field-disabled="true" style="display: none;"></tr><tr class="render-on-demand " proxy="makeStaplerProxy('/$stapler/bound/0ac55bc8-789d-4f37-9314-10a65e9c2f34','d9558d1b-578e-4743-a240-8717f9f0c41e',['render'])" field-disabled="true" style="display: none;"></tr><tr style="display: none;" field-disabled="true"><td><input name="stapler-class" type="hidden" value="hudson.scm.browsers.FishEyeSVN"><input name="$class" type="hidden" value="hudson.scm.browsers.FishEyeSVN"></td></tr><tr class="dropdownList-end rowvg-end"></tr><tr class="dropdownList-start rowvg-start" field-disabled="true" style="display: none;"></tr><tr class="render-on-demand " proxy="makeStaplerProxy('/$stapler/bound/9e5e149d-a99e-4b89-809a-9fc261090ba8','d9558d1b-578e-4743-a240-8717f9f0c41e',['render'])" field-disabled="true" style="display: none;"></tr><tr style="display: none;" field-disabled="true"><td><input name="stapler-class" type="hidden" value="hudson.scm.browsers.SVNWeb"><input name="$class" type="hidden" value="hudson.scm.browsers.SVNWeb"></td></tr><tr class="dropdownList-end rowvg-end"></tr><tr class="dropdownList-start rowvg-start" field-disabled="true" style="display: none;"></tr><tr class="render-on-demand " proxy="makeStaplerProxy('/$stapler/bound/3a704380-c5fa-4c47-9b42-f515dbb01213','d9558d1b-578e-4743-a240-8717f9f0c41e',['render'])" field-disabled="true" style="display: none;"></tr><tr style="display: none;" field-disabled="true"><td><input name="stapler-class" type="hidden" value="hudson.scm.browsers.Sventon"><input name="$class" type="hidden" value="hudson.scm.browsers.Sventon"></td></tr><tr class="dropdownList-end rowvg-end"></tr><tr class="dropdownList-start rowvg-start" field-disabled="true" style="display: none;"></tr><tr class="render-on-demand " proxy="makeStaplerProxy('/$stapler/bound/b4bc496e-9406-4b19-9f38-009085a20a58','d9558d1b-578e-4743-a240-8717f9f0c41e',['render'])" field-disabled="true" style="display: none;"></tr><tr style="display: none;" field-disabled="true"><td><input name="stapler-class" type="hidden" value="hudson.scm.browsers.Sventon2"><input name="$class" type="hidden" value="hudson.scm.browsers.Sventon2"></td></tr><tr class="dropdownList-end rowvg-end"></tr><tr class="dropdownList-start rowvg-start" field-disabled="true" style="display: none;"></tr><tr class="render-on-demand " proxy="makeStaplerProxy('/$stapler/bound/8681d607-f864-47aa-8ee5-d12dbe381368','d9558d1b-578e-4743-a240-8717f9f0c41e',['render'])" field-disabled="true" style="display: none;"></tr><tr style="display: none;" field-disabled="true"><td><input name="stapler-class" type="hidden" value="hudson.scm.browsers.ViewSVN"><input name="$class" type="hidden" value="hudson.scm.browsers.ViewSVN"></td></tr><tr class="dropdownList-end rowvg-end"></tr><tr class="dropdownList-start rowvg-start" field-disabled="true" style="display: none;"></tr><tr class="render-on-demand " proxy="makeStaplerProxy('/$stapler/bound/9b383386-ec6e-485a-bb0e-af42f654d700','d9558d1b-578e-4743-a240-8717f9f0c41e',['render'])" field-disabled="true" style="display: none;"></tr><tr style="display: none;" field-disabled="true"><td><input name="stapler-class" type="hidden" value="hudson.scm.browsers.WebSVN"><input name="$class" type="hidden" value="hudson.scm.browsers.WebSVN"></td></tr><tr class="dropdownList-end rowvg-end"></tr></tbody></table></td></tr><tr class="help-area" nameref="radio-block-12" style="display: none;"><td></td><td colspan="2"><div class="help">Loading...</div></td><td></td></tr><tr nameref="radio-block-12" style="display: none;"><td></td><td></td><td><div style="" class="advancedLink"><span style="display: none" id="id25"><img src="/static/fd2e7eb0/images/24x24/notepad.png" tooltip="One or more fields in this block have been edited." style="width: 24px; height: 24px; vertical-align: baseline" class="icon-notepad icon-md" title="One or more fields in this block have been edited."></span>&nbsp;<span class="yui-button yui-push-button advanced-button advancedButton" id="yui-gen10"><span class="first-child"><button type="button" tabindex="0" id="yui-gen10-button">Advanced...</button></span></span></div><table class="advancedBody"><tbody><tr><td class="setting-leftspace">&nbsp;</td><td class="setting-name">Ignore Property Changes on directories</td><td class="setting-main"><input name="_.ignoreDirPropChanges" type="checkbox" class=" "></td><td class="setting-help"><a helpurl="/descriptor/hudson.scm.SubversionSCM/help/ignoreDirPropChanges" href="#" class="help-button" tabindex="9999"><img src="/static/fd2e7eb0/images/16x16/help.png" alt="Help for feature: Ignore Property Changes on directories" style="width: 16px; height: 16px; " class="icon-help icon-sm"></a></td></tr><tr class="validation-error-area"><td colspan="2"></td><td></td><td></td></tr><tr class="help-area"><td></td><td colspan="2"><div class="help">Loading...</div></td><td></td></tr><tr><td class="setting-leftspace">&nbsp;</td><td class="setting-name">Excluded Regions</td><td class="setting-main"><textarea checkdependson="" name="_.excludedRegions" rows="5" class="setting-input validated  " checkurl="/job/molecular_voter/descriptorByName/hudson.scm.SubversionSCM/checkExcludedRegions"></textarea><div class="textarea-handle"></div></td><td class="setting-help"><a helpurl="/descriptor/hudson.scm.SubversionSCM/help/excludedRegions" href="#" class="help-button" tabindex="9999"><img src="/static/fd2e7eb0/images/16x16/help.png" alt="Help for feature: Excluded Regions" style="width: 16px; height: 16px; " class="icon-help icon-sm"></a></td></tr><tr class="validation-error-area"><td colspan="2"></td><td><div></div></td><td></td></tr><tr class="help-area"><td></td><td colspan="2"><div class="help">Loading...</div></td><td></td></tr><tr><td class="setting-leftspace">&nbsp;</td><td class="setting-name">Included Regions</td><td class="setting-main"><textarea checkdependson="" name="_.includedRegions" rows="5" class="setting-input validated  " checkurl="/job/molecular_voter/descriptorByName/hudson.scm.SubversionSCM/checkIncludedRegions"></textarea><div class="textarea-handle"></div></td><td class="setting-help"><a helpurl="/descriptor/hudson.scm.SubversionSCM/help/includedRegions" href="#" class="help-button" tabindex="9999"><img src="/static/fd2e7eb0/images/16x16/help.png" alt="Help for feature: Included Regions" style="width: 16px; height: 16px; " class="icon-help icon-sm"></a></td></tr><tr class="validation-error-area"><td colspan="2"></td><td><div></div></td><td></td></tr><tr class="help-area"><td></td><td colspan="2"><div class="help">Loading...</div></td><td></td></tr><tr><td class="setting-leftspace">&nbsp;</td><td class="setting-name">Excluded Users</td><td class="setting-main"><textarea checkdependson="" name="_.excludedUsers" rows="5" class="setting-input validated  " checkurl="/job/molecular_voter/descriptorByName/hudson.scm.SubversionSCM/checkExcludedUsers"></textarea><div class="textarea-handle"></div></td><td class="setting-help"><a helpurl="/descriptor/hudson.scm.SubversionSCM/help/excludedUsers" href="#" class="help-button" tabindex="9999"><img src="/static/fd2e7eb0/images/16x16/help.png" alt="Help for feature: Excluded Users" style="width: 16px; height: 16px; " class="icon-help icon-sm"></a></td></tr><tr class="validation-error-area"><td colspan="2"></td><td><div></div></td><td></td></tr><tr class="help-area"><td></td><td colspan="2"><div class="help">Loading...</div></td><td></td></tr><tr><td class="setting-leftspace">&nbsp;</td><td class="setting-name">Excluded Commit Messages</td><td class="setting-main"><textarea checkdependson="" name="_.excludedCommitMessages" rows="5" class="setting-input validated  " checkurl="/job/molecular_voter/descriptorByName/hudson.scm.SubversionSCM/checkExcludedCommitMessages"></textarea><div class="textarea-handle"></div></td><td class="setting-help"><a helpurl="/descriptor/hudson.scm.SubversionSCM/help/excludedCommitMessages" href="#" class="help-button" tabindex="9999"><img src="/static/fd2e7eb0/images/16x16/help.png" alt="Help for feature: Excluded Commit Messages" style="width: 16px; height: 16px; " class="icon-help icon-sm"></a></td></tr><tr class="validation-error-area"><td colspan="2"></td><td><div></div></td><td></td></tr><tr class="help-area"><td></td><td colspan="2"><div class="help">Loading...</div></td><td></td></tr><tr><td class="setting-leftspace">&nbsp;</td><td class="setting-name">Exclusion revprop name</td><td class="setting-main">
   

  
  <input checkurl="'descriptorByName/hudson.scm.SubversionSCM/checkRevisionPropertiesSupported?value='+toValue(document.getElementById('svn.remote.loc'))" name="_.excludedRevprop" type="text" class="setting-input validated  " value=""></td><td class="setting-help"><a helpurl="/descriptor/hudson.scm.SubversionSCM/help/excludedRevprop" href="#" class="help-button" tabindex="9999"><img src="/static/fd2e7eb0/images/16x16/help.png" alt="Help for feature: Exclusion revprop name" style="width: 16px; height: 16px; " class="icon-help icon-sm"></a></td></tr><tr class="validation-error-area"><td colspan="2"></td><td><div></div></td><td></td></tr><tr class="help-area"><td></td><td colspan="2"><div class="help">Loading...</div></td><td></td></tr><tr><td class="setting-leftspace">&nbsp;</td><td class="setting-name">Filter changelog</td><td class="setting-main"><input name="_.filterChangelog" type="checkbox" class=" "></td><td class="setting-help"><a helpurl="/descriptor/hudson.scm.SubversionSCM/help/filterChangelog" href="#" class="help-button" tabindex="9999"><img src="/static/fd2e7eb0/images/16x16/help.png" alt="Help for feature: Filter changelog" style="width: 16px; height: 16px; " class="icon-help icon-sm"></a></td></tr><tr class="validation-error-area"><td colspan="2"></td><td></td><td></td></tr><tr class="help-area"><td></td><td colspan="2"><div class="help">Loading...</div></td><td></td></tr></tbody></table></td><td></td></tr><tr style="display:none" class="row-set-end radio-block-end"></tr><tr><td colspan="4"><div class="section-header"><a id="section6" class="section-anchor">#</a>Build Triggers</div></td></tr><tr class="optional-block-start row-set-start" hashelp="true" ref="cb27"><td colspan="3"><input onclick="javascript:updateOptionalBlock(this,true)" name="jenkins-triggers-ReverseBuildTrigger" type="checkbox" class=" " id="cb27" path="/jenkins-triggers-ReverseBuildTrigger"><label class="attach-previous">Build after other projects are built</label></td><td class="setting-help"><a helpurl="/descriptor/jenkins.triggers.ReverseBuildTrigger/help" href="#" class="help-button" tabindex="9999"><img src="/static/fd2e7eb0/images/16x16/help.png" alt="Help for feature: Build after other projects are built" style="width: 16px; height: 16px; " class="icon-help icon-sm"></a></td></tr><tr class="help-area" nameref="cb27"><td></td><td colspan="2"><div class="help">Loading...</div></td><td></td></tr><tr class="rowvg-start" nameref="cb27" style="display: none;"></tr><tr nameref="cb27" style="display: none;"><td class="setting-leftspace">&nbsp;</td><td class="setting-name">Projects to watch</td><td class="setting-main">
   

  
  <input checkdependson="" autocompleteurl="/job/molecular_voter/descriptorByName/jenkins.triggers.ReverseBuildTrigger/autoCompleteUpstreamProjects" checkurl="/job/molecular_voter/descriptorByName/jenkins.triggers.ReverseBuildTrigger/checkUpstreamProjects" autocompletedelimchar="," name="_.upstreamProjects" type="text" class="setting-input validated auto-complete  yui-ac-input" value="" autocomplete="off" style="position: relative;"><div class="yui-ac-container"><div class="yui-ac-content" style="display: none;"><div class="yui-ac-hd" style="display: none;"></div><div class="yui-ac-bd"><ul><li style="display: none;"></li><li style="display: none;"></li><li style="display: none;"></li><li style="display: none;"></li><li style="display: none;"></li><li style="display: none;"></li><li style="display: none;"></li><li style="display: none;"></li><li style="display: none;"></li><li style="display: none;"></li></ul></div><div class="yui-ac-ft" style="display: none;"></div></div></div></td><td class="setting-no-help"></td></tr><tr class="validation-error-area" nameref="cb27" style="display: none;"><td colspan="2"></td><td><div class="error"><img src="/static/fd2e7eb0/images/none.gif" height="16" width="1">No project specified</div></td><td></td></tr><tr nameref="cb27" style="display: none;"><td class="setting-leftspace">&nbsp;</td><td class="setting-name"></td><td class="setting-main"><input name="ReverseBuildTrigger.threshold" checked="true" type="radio" value="SUCCESS"><label class="attach-previous">Trigger only if build is stable</label></td><td class="setting-no-help"></td></tr><tr class="validation-error-area" nameref="cb27" style="display: none;"><td colspan="2"></td><td></td><td></td></tr><tr nameref="cb27" style="display: none;"><td class="setting-leftspace">&nbsp;</td><td class="setting-name"></td><td class="setting-main"><input name="ReverseBuildTrigger.threshold" type="radio" value="UNSTABLE"><label class="attach-previous">Trigger even if the build is unstable</label></td><td class="setting-no-help"></td></tr><tr class="validation-error-area" nameref="cb27" style="display: none;"><td colspan="2"></td><td></td><td></td></tr><tr nameref="cb27" style="display: none;"><td class="setting-leftspace">&nbsp;</td><td class="setting-name"></td><td class="setting-main"><input name="ReverseBuildTrigger.threshold" type="radio" value="FAILURE"><label class="attach-previous">Trigger even if the build fails</label></td><td class="setting-no-help"></td></tr><tr class="validation-error-area" nameref="cb27" style="display: none;"><td colspan="2"></td><td></td><td></td></tr><tr class="row-set-end rowvg-end optional-block-end"></tr><tr class="optional-block-start row-set-start" hashelp="true" ref="cb28"><td colspan="3"><input onclick="javascript:updateOptionalBlock(this,true)" name="hudson-triggers-TimerTrigger" type="checkbox" class=" " id="cb28" path="/hudson-triggers-TimerTrigger"><label class="attach-previous">Build periodically</label></td><td class="setting-help"><a helpurl="/descriptor/hudson.triggers.TimerTrigger/help" href="#" class="help-button" tabindex="9999"><img src="/static/fd2e7eb0/images/16x16/help.png" alt="Help for feature: Build periodically" style="width: 16px; height: 16px; " class="icon-help icon-sm"></a></td></tr><tr class="help-area" nameref="cb28"><td></td><td colspan="2"><div class="help">Loading...</div></td><td></td></tr><tr class="rowvg-start" nameref="cb28" style="display: none;"></tr><tr nameref="cb28" style="display: none;"><td class="setting-leftspace">&nbsp;</td><td class="setting-name">Schedule</td><td class="setting-main"><textarea checkdependson="" name="_.spec" rows="5" class="setting-input validated  " checkurl="/job/molecular_voter/descriptorByName/hudson.triggers.TimerTrigger/checkSpec"></textarea><div class="textarea-handle"></div></td><td class="setting-help"><a helpurl="/descriptor/hudson.triggers.TimerTrigger/help/spec" href="#" class="help-button" tabindex="9999"><img src="/static/fd2e7eb0/images/16x16/help.png" alt="Help for feature: Schedule" style="width: 16px; height: 16px; " class="icon-help icon-sm"></a></td></tr><tr class="validation-error-area" nameref="cb28" style="display: none;"><td colspan="2"></td><td><div class="warning"><img src="/static/fd2e7eb0/images/none.gif" height="16" width="1">No schedules so will never run</div></td><td></td></tr><tr class="help-area" nameref="cb28" style="display: none;"><td></td><td colspan="2"><div class="help">Loading...</div></td><td></td></tr><tr class="row-set-end rowvg-end optional-block-end"></tr><tr class="optional-block-start row-set-start" hashelp="true" ref="cb29"><td colspan="3"><input onclick="javascript:updateOptionalBlock(this,true)" name="hudson-triggers-SCMTrigger" type="checkbox" class=" " id="cb29" path="/hudson-triggers-SCMTrigger"><label class="attach-previous">Poll SCM</label></td><td class="setting-help"><a helpurl="/descriptor/hudson.triggers.SCMTrigger/help" href="#" class="help-button" tabindex="9999"><img src="/static/fd2e7eb0/images/16x16/help.png" alt="Help for feature: Poll SCM" style="width: 16px; height: 16px; " class="icon-help icon-sm"></a></td></tr><tr class="help-area" nameref="cb29"><td></td><td colspan="2"><div class="help">Loading...</div></td><td></td></tr><tr class="rowvg-start" nameref="cb29" style="display: none;"></tr><tr nameref="cb29" style="display: none;"><td class="setting-leftspace">&nbsp;</td><td class="setting-name">Schedule</td><td class="setting-main"><textarea name="scmpoll_spec" rows="5" class="setting-input validated  " checkurl="'/trigger/TimerTrigger/check?value='+encodeURIComponent(this.value)"></textarea><div class="textarea-handle"></div></td><td class="setting-help"><a helpurl="/descriptor/hudson.triggers.TimerTrigger/help/spec" href="#" class="help-button" tabindex="9999"><img src="/static/fd2e7eb0/images/16x16/help.png" alt="Help for feature: Schedule" style="width: 16px; height: 16px; " class="icon-help icon-sm"></a></td></tr><tr class="validation-error-area" nameref="cb29" style="display: none;"><td colspan="2"></td><td><div class="warning"><img src="/static/fd2e7eb0/images/none.gif" height="16" width="1">No schedules so will never run</div></td><td></td></tr><tr class="help-area" nameref="cb29" style="display: none;"><td></td><td colspan="2"><div class="help">Loading...</div></td><td></td></tr><tr nameref="cb29" style="display: none;"><td class="setting-leftspace">&nbsp;</td><td class="setting-name">Ignore post-commit hooks</td><td class="setting-main"><input name="_.ignorePostCommitHooks" type="checkbox" class=" "></td><td class="setting-help"><a helpurl="/descriptor/hudson.triggers.SCMTrigger/help/ignorePostCommitHooks" href="#" class="help-button" tabindex="9999"><img src="/static/fd2e7eb0/images/16x16/help.png" alt="Help for feature: Ignore post-commit hooks" style="width: 16px; height: 16px; " class="icon-help icon-sm"></a></td></tr><tr class="validation-error-area" nameref="cb29" style="display: none;"><td colspan="2"></td><td></td><td></td></tr><tr class="help-area" nameref="cb29" style="display: none;"><td></td><td colspan="2"><div class="help">Loading...</div></td><td></td></tr><tr class="row-set-end rowvg-end optional-block-end"></tr><tr><td colspan="4"><div class="section-header"><a id="section7" class="section-anchor">#</a>Build</div></td></tr><tr><td colspan="4"><div class="hetero-list-container with-drag-drop  "><div class="repeatable-insertion-point"></div><div><span class="yui-button yui-menu-button" id="yui-gen3"><span class="first-child"><button type="button" tabindex="0" id="yui-gen3-button" class="hetero-list-add" suffix="builder" path="/hetero-list-add[builder]">Add build step</button></span></span></div></div></td></tr><tr><td colspan="4"><div class="section-header"><a id="section8" class="section-anchor">#</a>Post-build Actions</div></td></tr><tr><td colspan="4"><div class="hetero-list-container with-drag-drop one-each honor-order"><div class="repeatable-insertion-point"></div><div><span class="yui-button yui-menu-button" id="yui-gen5"><span class="first-child"><button type="button" tabindex="0" id="yui-gen5-button" class="hetero-list-add" suffix="publisher" path="/hetero-list-add[publisher]">Add post-build action</button></span></span></div></div></td></tr><tr><td colspan="4"><div style="height: 74px;"></div><div id="bottom-sticker" style="position: fixed; bottom: 0px; left: 338px;"><div class="bottom-sticker-edge"></div><div class="bottom-sticker-inner"><span class="yui-button yui-submit-button submit-button primary" id="yui-gen30" name="Submit" path="/Submit"><span class="first-child"><button type="button" tabindex="0" id="yui-gen30-button">Save</button></span></span><script src="/adjuncts/fd2e7eb0/lib/form/apply/apply.js" type="text/javascript"></script><input type="hidden" name="core:apply" value="" path="/core:apply"><span class="yui-button yui-push-button apply-button applyButton" id="yui-gen11" name="Apply" path="/Apply"><span class="first-child"><button type="button" tabindex="0" id="yui-gen11-button" path="/Apply/apply-button">Apply</button></span></span></div></div></td></tr></tbody></table><div><input type="hidden" name="json" value="init"></div></form><script src="/adjuncts/fd2e7eb0/lib/form/confirm.js" type="text/javascript"></script></div></div><footer><div class="container-fluid"><div class="row"><div class="col-md-6" id="footer"><div id="l10n-footer" style="display: block; float: left;"><a href="#" onclick="return showTranslationDialog();"><img src="/static/fd2e7eb0/plugin/translation/flags.png">
      Help us localize this page
    </a></div></div><div class="col-md-18"><span class="page_generated">Page generated: Oct 16, 2015 6:52:01 PM</span><span class="rest_api"><a href="api/">REST API</a></span><span class="jenkins_ver"><a href="http://jenkins-ci.org/">Jenkins ver. 1.630</a></span><div id="l10n-dialog" class="dialog"></div><script>var footer = document.getElementById('l10n-footer');
    var f = document.getElementById('footer');
    f.insertBefore(footer,f.firstChild);
    footer.style.display="block";

    var translation={}; 
    translation.bundles = "QTkugUH5uYWoYywFbBfMfCsRFi38hcOZUIpeBe4d7HdOLY0wUxSG32DLLhieIpE3qvYYvmp1Hco5pBCdqzg9rRoou59cwwc1aSHemafXC52w8UqkHpCjwF6DjNmSDAKHd8gJzMtm9lxvoCKfn8peHaxvhT6x2Cz4CJBHIKVsuUTc/lPZ508fvZP12W3pTF3blcFe6o/tuWZSQCS7LCHoWh/x5oDH38AWAXVv2iKvjC633AmMcKJVOxk0p9ujcnwj3EHvif4o3A8afcNKvRrcgoGCvJHT9evOnjIoLHQxKLxBO0AJtQ/wKKdTU9lzl+wGEXpR5nz+0txAdzG4QWHrYLCT/d3R4wvKCW9BzhWSc1MQHqBC9Ls0InQ7tpVwOxkqKoL6zHhD9rGUY1fabSctVxgCADJVGppvTNO91hEPwXlb9X6k3peRb4LSQ7sVzo7pxuVSzYzPvwg9OzZAwFjLiopDVdqhaP1MWecc8pi+hWpGy9JHsl6INtq7kdvkp9boKi85M/L5J0iM57r8PhZD1MB1YToiAlJgcazT1n754SgQjRDqMyGx0JJ3/DOi/OE567IjIhSzai+1b0v5aIzZdi/sZL0ZHndpGq/j/8HjofSRjdrfkVfTFJXjxHrxvujNIo6R22dpiP06yOmogUQrVm2XpGbTMneh8sKsdOFZ/8SscOzbwVTwgGCznmNuj4aZtoCeGFT9uNGM90QWjZRGc1kzF9ETUPTciWLy2VasX0jKE3P1r2xql4s5z0s0U3tP7///ElBARtru5EfNTzAqu6FUwcnNgT7lYir5cI4ATo2QngODTOJSuP+yufST5CdoNBLdZWlbcxMEWYp93HLrHdqDm3N/M7t0p/+sJTr+cxgJCJR/hM3H+ZHeHxuGMZ6/JprkqTtgygvRjKKo5wZg4ZwnV8YOdUM4XRvcQGIPL7b8xD3dbmh9HluZdkek3YTO0sCXNABtn+yS/Z0lQINnCAfZjJU2XYoO1k35omNFyYjGO2mO+FX7+Dxnk3NfVJTnNPsy7h0jQA3ubmO10/WxfpLAqTlKVpoDTRfk8xeVgO6KbQdDTte7/kpwx4+z8CV1kdHgRzZBMZdemdWs5D87r9wD3EZLkWh2aGCjOhCUSO57Md796M4MP7IAQC3FIQlxlr4CLKDRKWC4hWo7eSm7wV4YGYsyAZSiRGSYJyY4AY+i1AGCxG2RGL/kWYqm1w2trwZItsV82elNXXky+uFj5ao/vDaJCNQ0qabLOsROFMhP1mDcmLQgOgQ1fL23jCFSFpA2+odavFZtvoRX8cYf8Nm9weP3c8kDiQUnTiwexi6JypgBrrcdu9GlEjo/nhwcQvpviyWhMpLPSselUS5kBW98gnSoz361636Z3jKUVfKyRoSmCIFgfCSMD6KpBhoSCEQxvG+K6eT2RPAfDD3qT0e/Ss+DPkf7Z6UVfWgACeoWsw1MPYlwYurSxsLD9QadoG8IDIgPL0IgNM5j3PdT4GXH7CfENIZqJcz22F33umZfp/UZVBcPNw+V3TxTsdtaLblYciyg5f9S1eH7GeqnEyDMPzKW/krRFzRwjlLFt6lNc6fOcypXLkiUfafHH8vvMxdBkDpzgUQGCXMYlsgmlpI9pgkl0pngQ2miH5cLEd2j3mMe6xtP/YkXwn/tCL0+ot67xOsDObjBErgCD5M42EKJU9q7YI0REPEV7NB0gsCRjS8ODGVA9pOdrBEIjokD8w3afH9v52ysnxN0Yz3RG3ciljXICeNKFVtTOrerioj23yO9UBwXMpYDM9ei6sQQYbBHTotiea+0mmGEv1bQUezleukPlQHab9X8KaRuJDj0DaLPA5Bzjl/5bweq05KpeizQqzgKZAU15cPLCwnz1R8MWxk63ZfzZoyhcYiqraCpg2mQ+rfQmK/6VpgELmlWKmEhZ7JXZjQLGWE1LKoBNDuVbWfPjIW5MENwL3D5fozNfUV0egmv4eNRwWxPeWUSf15YwKNmdDWhx8k+Xv9AM36uVKeK4FaAvfcDKMD5e8lmae8+ELZVFZQJSN0kC+n2CMLlRC6Nh1s+vqGyxvsLKgs6YgeqCqltbLqO33Nbc58s/RlUha0BF6l+jpROeBFQ7MeHIp4PoLAsR0jcRSjprWcCGpZjkjrcM+22Alr19DPtuXmeHLaM8aPHCG2gX0CFk2kw8ApX0f04b76U3HgcZw+Iq77UQTTVbIVjhpMPiLiMQxoVwGMt7YGzA50aqeb52+GaUtyKognQkC84k11JP7jNJdB+pdGu3biMQZPm+ffC2rKJTLtX/bAmG57vK305tQv2ZQEw9LNTSZb/6u43a95nSl1SN0UULql5abvXznn2yr8TNY63fL6+0It0nnsI8hMEYhswPw3/MZ27kBPLGACJk8KACtFSNfHn6pywVbYL0ns8c2RBxbGEGBb3n9vNMMjPq5XL3+7L8rKn67icbu57Kx32FwBpESAyG4ROhNoeQX/h+vjSbZEbKmUfETKF";
    translation.detectedLocale = "";

    function showTranslationDialog() {
      if(!translation.launchDialog)
        loadScript("/static/fd2e7eb0/plugin/translation/dialog.js");
      else
        translation.launchDialog();
      return false; 
    }</script><script src="/static/fd2e7eb0/plugin/form-element-path/script.js"></script></div></div></div></footer></body></html>
For documentation on this error, please visit: http://seleniumhq.org/exceptions/no_such_element.html
Build info: version: '2.47.1', revision: 'unknown', time: '2015-07-30 11:02:44'
System info: host: 'MacBook-Pro-2.home', ip: '192.168.1.6', os.name: 'Mac OS X', os.arch: 'x86_64', os.version: '10.10.5', java.version: '1.8.0_60'
Driver info: driver.version: unknown
	at org.openqa.selenium.remote.ErrorHandler.throwIfResponseFailed(ErrorHandler.java:138)
	at org.openqa.selenium.remote.RemoteWebDriver.execute(RemoteWebDriver.java:595)
	at org.openqa.selenium.remote.RemoteWebDriver.findElement(RemoteWebDriver.java:348)
	at org.openqa.selenium.remote.RemoteWebDriver.findElementByXPath(RemoteWebDriver.java:445)
	at org.openqa.selenium.By$ByXPath.findElement(By.java:358)
	at org.openqa.selenium.remote.RemoteWebDriver.findElement(RemoteWebDriver.java:340)
	at sun.reflect.NativeMethodAccessorImpl.invoke0(Native Method)
	at sun.reflect.NativeMethodAccessorImpl.invoke(NativeMethodAccessorImpl.java:62)
	at sun.reflect.DelegatingMethodAccessorImpl.invoke(DelegatingMethodAccessorImpl.java:43)
	at java.lang.reflect.Method.invoke(Method.java:497)
	at org.openqa.selenium.support.events.EventFiringWebDriver$2.invoke(EventFiringWebDriver.java:102)
	at com.sun.proxy.$Proxy51.findElement(Unknown Source)
	at org.openqa.selenium.support.events.EventFiringWebDriver.findElement(EventFiringWebDriver.java:185)
	at org.jenkinsci.test.acceptance.po.CapybaraPortingLayerImpl.find(CapybaraPortingLayerImpl.java:185)
	at org.jenkinsci.test.acceptance.po.SlavesMixIn.create(SlavesMixIn.java:31)
	at org.jenkinsci.test.acceptance.po.SlavesMixIn.create(SlavesMixIn.java:21)
	at org.jenkinsci.test.acceptance.slave.LocalSlaveController.install(LocalSlaveController.java:21)
	at core.ArtifactsTest.setUp(ArtifactsTest.java:32)
Caused by: org.openqa.selenium.NoSuchElementException: {"errorMessage":"Unable to find element with xpath './/INPUT[@type='radio'][@value='hudson.slaves.DumbSlave']'","request":{"headers":{"Accept-Encoding":"gzip,deflate","Connection":"Keep-Alive","Content-Length":"85","Content-Type":"application/json; charset=utf-8","Host":"localhost:25263","User-Agent":"Apache-HttpClient/4.3.3 (java 1.5)"},"httpVersion":"1.1","method":"POST","post":"{\"using\":\"xpath\",\"value\":\".//INPUT[@type='radio'][@value='hudson.slaves.DumbSlave']\"}","url":"/element","urlParsed":{"anchor":"","query":"","file":"element","directory":"/","path":"/element","relative":"/element","port":"","host":"","password":"","user":"","userInfo":"","authority":"","protocol":"","source":"/element","queryKey":{},"chunks":["element"]},"urlOriginal":"/session/81f5ecb0-7458-11e5-b6d3-97adff597207/element"}}
For documentation on this error, please visit: http://seleniumhq.org/exceptions/no_such_element.html
Build info: version: '2.47.1', revision: 'unknown', time: '2015-07-30 11:02:44'
System info: host: 'MacBook-Pro-2.home', ip: '192.168.1.6', os.name: 'Mac OS X', os.arch: 'x86_64', os.version: '10.10.5', java.version: '1.8.0_60'
Driver info: driver.version: unknown
]]></error>
    <system-out><![CDATA[running with given plugins: []
=== Starting test_many_small_files(core.ArtifactsTest)
Starting Jenkins: JAVA_HOME=/Library/Java/JavaVirtualMachines/jdk1.8.0_60.jdk/Contents/Home JENKINS_HOME=/Users/abduljewel/Documents/c/spiderqa/sample-test-projects/acceptance-test-harness/target/jenkins7836675628443849288home /Library/Java/JavaVirtualMachines/jdk1.8.0_60.jdk/Contents/Home/bin/java -Duser.language=en -jar ./jenkins.war --ajp13Port=-1 --httpPort=58552
master58552|Running from: /Users/abduljewel/Documents/c/spiderqa/sample-test-projects/acceptance-test-harness/jenkins.war
master58552|webroot: EnvVars.masterEnvVars.get("JENKINS_HOME")
master58552|Oct 16, 2015 6:51:42 PM winstone.Logger logInternal
master58552|INFO: Beginning extraction from war file
master58552|Oct 16, 2015 6:51:43 PM org.eclipse.jetty.util.log.JavaUtilLog info
master58552|INFO: jetty-winstone-2.8
master58552|Oct 16, 2015 6:51:44 PM org.eclipse.jetty.util.log.JavaUtilLog info
master58552|INFO: NO JSP Support for , did not find org.apache.jasper.servlet.JspServlet
master58552|Jenkins home directory: /Users/abduljewel/Documents/c/spiderqa/sample-test-projects/acceptance-test-harness/target/jenkins7836675628443849288home found at: EnvVars.masterEnvVars.get("JENKINS_HOME")
master58552|Oct 16, 2015 6:51:45 PM org.eclipse.jetty.util.log.JavaUtilLog info
master58552|INFO: Started SelectChannelConnector@0.0.0.0:58552
master58552|Oct 16, 2015 6:51:45 PM winstone.Logger logInternal
master58552|INFO: Winstone Servlet Engine v2.0 running: controlPort=disabled
master58552|Oct 16, 2015 6:51:45 PM jenkins.InitReactorRunner$1 onAttained
master58552|INFO: Started initialization
master58552|Oct 16, 2015 6:51:55 PM jenkins.InitReactorRunner$1 onAttained
master58552|INFO: Listed all plugins
master58552|Oct 16, 2015 6:51:55 PM jenkins.InitReactorRunner$1 onAttained
master58552|INFO: Prepared all plugins
master58552|Oct 16, 2015 6:51:55 PM jenkins.InitReactorRunner$1 onAttained
master58552|INFO: Started all plugins
master58552|Oct 16, 2015 6:51:55 PM jenkins.InitReactorRunner$1 onAttained
master58552|INFO: Augmented all extensions
master58552|Oct 16, 2015 6:51:56 PM jenkins.InitReactorRunner$1 onAttained
master58552|INFO: Loaded all jobs
master58552|Oct 16, 2015 6:51:57 PM hudson.model.AsyncPeriodicWork$1 run
master58552|INFO: Started Download metadata
master58552|Oct 16, 2015 6:51:58 PM org.jenkinsci.main.modules.sshd.SSHD start
master58552|INFO: Started SSHD at port 53061
master58552|Oct 16, 2015 6:51:58 PM jenkins.InitReactorRunner$1 onAttained
master58552|INFO: Completed initialization
master58552|Oct 16, 2015 6:51:58 PM hudson.UDPBroadcastThread run
master58552|WARNING: UDP handling problem
master58552|java.net.SocketException: Can't assign requested address
master58552|	at java.net.PlainDatagramSocketImpl.join(Native Method)
master58552|	at java.net.AbstractPlainDatagramSocketImpl.join(AbstractPlainDatagramSocketImpl.java:179)
master58552|	at java.net.MulticastSocket.joinGroup(MulticastSocket.java:323)
master58552|	at hudson.UDPBroadcastThread.run(UDPBroadcastThread.java:77)
master58552|
master58552|Oct 16, 2015 6:51:58 PM hudson.WebAppMain$3 run
master58552|INFO: Jenkins is fully up and running
master58552|Oct 16, 2015 6:51:59 PM hudson.model.UpdateSite updateData
master58552|INFO: Obtained the latest update center data file for UpdateSource default
master58552|Oct 16, 2015 6:51:59 PM hudson.model.DownloadService$Downloadable load
master58552|INFO: Obtained the updated data file for hudson.tasks.Maven.MavenInstaller
master58552|Oct 16, 2015 6:51:59 PM hudson.model.DownloadService$Downloadable load
master58552|INFO: Obtained the updated data file for hudson.tasks.Ant.AntInstaller
master58552|Oct 16, 2015 6:52:00 PM hudson.model.DownloadService$Downloadable load
master58552|INFO: Obtained the updated data file for hudson.tools.JDKInstaller
master58552|Oct 16, 2015 6:52:00 PM hudson.model.AsyncPeriodicWork$1 run
master58552|INFO: Finished Download metadata. 2,949 ms
org.openqa.selenium.NoSuchElementException: Unable to locate By.xpath: .//INPUT[@type='radio'][@value='hudson.slaves.DumbSlave'] in http://127.0.0.1:58552/job/molecular_voter/configure

<!DOCTYPE html><html><head resurl="/static/fd2e7eb0">
    

    <title>molecular_voter Config [Jenkins]</title><link rel="stylesheet" href="/static/fd2e7eb0/css/style.css" type="text/css"><link rel="stylesheet" href="/static/fd2e7eb0/css/color.css" type="text/css"><link rel="stylesheet" href="/static/fd2e7eb0/css/responsive-grid.css" type="text/css"><link rel="shortcut icon" href="/static/fd2e7eb0/favicon.ico" type="image/vnd.microsoft.icon"><script>var isRunAsTest=false; var rootURL=""; var resURL="/static/fd2e7eb0";</script><script src="/static/fd2e7eb0/scripts/prototype.js" type="text/javascript"></script><script src="/static/fd2e7eb0/scripts/behavior.js" type="text/javascript"></script><script src="/adjuncts/fd2e7eb0/org/kohsuke/stapler/bind.js" type="text/javascript"></script><script src="/static/fd2e7eb0/scripts/yui/yahoo/yahoo-min.js"></script><script src="/static/fd2e7eb0/scripts/yui/dom/dom-min.js"></script><script src="/static/fd2e7eb0/scripts/yui/event/event-min.js"></script><script src="/static/fd2e7eb0/scripts/yui/animation/animation-min.js"></script><script src="/static/fd2e7eb0/scripts/yui/dragdrop/dragdrop-min.js"></script><script src="/static/fd2e7eb0/scripts/yui/container/container-min.js"></script><script src="/static/fd2e7eb0/scripts/yui/connection/connection-min.js"></script><script src="/static/fd2e7eb0/scripts/yui/datasource/datasource-min.js"></script><script src="/static/fd2e7eb0/scripts/yui/autocomplete/autocomplete-min.js"></script><script src="/static/fd2e7eb0/scripts/yui/menu/menu-min.js"></script><script src="/static/fd2e7eb0/scripts/yui/element/element-min.js"></script><script src="/static/fd2e7eb0/scripts/yui/button/button-min.js"></script><script src="/static/fd2e7eb0/scripts/yui/storage/storage-min.js"></script><script src="/static/fd2e7eb0/scripts/hudson-behavior.js" type="text/javascript"></script><script src="/static/fd2e7eb0/scripts/sortable.js" type="text/javascript"></script><script>crumb.init("", "");</script><link rel="stylesheet" href="/static/fd2e7eb0/scripts/yui/container/assets/container.css" type="text/css"><link rel="stylesheet" href="/static/fd2e7eb0/scripts/yui/assets/skins/sam/skin.css" type="text/css"><link rel="stylesheet" href="/static/fd2e7eb0/scripts/yui/container/assets/skins/sam/container.css" type="text/css"><link rel="stylesheet" href="/static/fd2e7eb0/scripts/yui/button/assets/skins/sam/button.css" type="text/css"><link rel="stylesheet" href="/static/fd2e7eb0/scripts/yui/menu/assets/skins/sam/menu.css" type="text/css"><link rel="search" href="/opensearch.xml" type="application/opensearchdescription+xml" title="Jenkins"><meta name="ROBOTS" content="INDEX,NOFOLLOW"><link rel="alternate" href="rssAll" title="Jenkins:molecular_voter (all builds)" type="application/rss+xml"><link rel="alternate" href="rssAll?flavor=rss20" title="Jenkins:molecular_voter (all builds) (RSS 2.0)" type="application/rss+xml"><link rel="alternate" href="rssFailed" title="Jenkins:molecular_voter (failed builds)" type="application/rss+xml"><link rel="alternate" href="rssFailed?flavor=rss20" title="Jenkins:molecular_voter (failed builds) (RSS 2.0)" type="application/rss+xml"><link rel="alternate" href="rssChangelog" title="Jenkins:molecular_voter (changelog)" type="application/rss+xml"><link rel="alternate" href="rssChangelog?flavor=rss20" title="Jenkins:molecular_voter (changelog) (RSS 2.0)" type="application/rss+xml"><link rel="stylesheet" href="/adjuncts/fd2e7eb0/lib/form/breadcrumb-config-outline/init.css" type="text/css"><script src="/adjuncts/fd2e7eb0/lib/form/breadcrumb-config-outline/init.js" type="text/javascript"></script><script src="/static/fd2e7eb0/scripts/yui/cookie/cookie-min.js"></script></head><body data-model-type="hudson.model.FreeStyleProject" id="jenkins" class="yui-skin-sam jenkins-1.630" data-version="jenkins-1.630"><div id="tt" class="yui-module yui-overlay yui-tt yui-overlay-hidden" style="z-index: 999; visibility: hidden;"><div class="bd"></div></div><div class="yui-panel-container shadow yui-overlay-hidden" id="wait14_c" style="visibility: hidden; left: 486px; top: 360px; z-index: 4;"><div id="wait14" class="yui-module yui-overlay yui-panel" style="visibility: inherit;"><a class="container-close" href="#">Close</a><div class="hd" id="wait14_h" style="cursor: move;">Error</div><div class="bd"><div id="container13"></div></div></div></div><iframe id="_yuiResizeMonitor" title="Text Resize Monitor" tabindex="-1" role="presentation" style="position: absolute; visibility: visible; background-color: transparent; border-width: 0px; width: 2em; height: 2em; left: 0px; top: -27px;"></iframe><a href="#skip2content" class="skiplink">Skip to content</a><div id="page-head"><div id="header"><div class="logo"><a id="jenkins-home-link" href="/"><img src="/static/fd2e7eb0/images/headshot.png" alt="title" id="jenkins-head-icon"><img src="/static/fd2e7eb0/images/title.png" alt="title" width="139" id="jenkins-name-icon" height="34"></a></div><div class="login"></div><div class="searchbox hidden-xs"><form method="get" name="search" action="/job/molecular_voter/search/" style="position:relative;" class="no-json" path=""><div id="search-box-minWidth" style="font-family: Helvetica, Arial, sans-serif; font-size: 13px; font-style: normal; font-weight: normal;"></div><div id="search-box-sizer" style="font-family: Helvetica, Arial, sans-serif; font-size: 13px; font-style: normal; font-weight: normal;"></div><div id="searchform" class="yui-ac"><input name="q" placeholder="search" id="search-box" class="has-default-text yui-ac-input defaulted" autocomplete="off" style="width: 255px;" path="/q">&nbsp;<a href="http://wiki.jenkins-ci.org/display/JENKINS/Search+Box"><img src="/static/fd2e7eb0/images/16x16/help.png" style="width: 16px; height: 16px; " class="icon-help icon-sm"></a><div id="search-box-completion" class="yui-ac-container" style="width: 255px; left: 0px; top: 26px;"><div class="yui-ac-content" style="display: none; width: 255px;"><div class="yui-ac-hd" style="display: none;"></div><div class="yui-ac-bd"><ul><li style="display: none;"></li><li style="display: none;"></li><li style="display: none;"></li><li style="display: none;"></li><li style="display: none;"></li><li style="display: none;"></li><li style="display: none;"></li><li style="display: none;"></li><li style="display: none;"></li><li style="display: none;"></li></ul></div><div class="yui-ac-ft" style="display: none;"></div></div></div><script>createSearchBox("/job/molecular_voter/search/");</script></div></form></div></div><div id="breadcrumbBar"><link rel="stylesheet" href="/adjuncts/fd2e7eb0/lib/layout/breadcrumbs.css" type="text/css"><script src="/adjuncts/fd2e7eb0/lib/layout/breadcrumbs.js" type="text/javascript"></script><div style="height: 26px;"></div><div class="top-sticker noedge" style="position: fixed; top: 40px; left: 0px;"><div class="top-sticker-edge"></div><div class="top-sticker-inner"><div id="right-top-nav"></div><ul id="breadcrumbs"><li class="item"><a href="/" class="model-link inside breadcrumbBarAnchor">Jenkins</a></li><li href="/" class="children"></li><li class="item"><a href="/job/molecular_voter/" class="model-link inside breadcrumbBarAnchor">molecular_voter</a></li><li href="/job/molecular_voter/" class="children"></li><li id="inpage-nav" class="item"><a class="model-link inside breadcrumbBarAnchor">configuration</a></li></ul><div id="breadcrumb-menu-target"></div></div></div></div></div><div id="menuSelector"></div><div id="page-body"><div id="side-panel"><div id="tasks"><div class="task"><a href="/" class="task-icon-link"><img src="/static/fd2e7eb0/images/24x24/up.png" style="width: 24px; height: 24px; width: 24px; height: 24px; margin: 2px;" class="icon-up icon-md"></a>&nbsp;<a href="/" class="task-link">Back to Dashboard</a></div><div class="task"><a href="/job/molecular_voter/" class="task-icon-link"><img src="/static/fd2e7eb0/images/24x24/search.png" style="width: 24px; height: 24px; width: 24px; height: 24px; margin: 2px;" class="icon-search icon-md"></a>&nbsp;<a href="/job/molecular_voter/" class="task-link">Status</a></div><div class="task"><a href="/job/molecular_voter/changes" class="task-icon-link"><img src="/static/fd2e7eb0/images/24x24/notepad.png" style="width: 24px; height: 24px; width: 24px; height: 24px; margin: 2px;" class="icon-notepad icon-md"></a>&nbsp;<a href="/job/molecular_voter/changes" class="task-link">Changes</a></div><div class="task"><a href="/job/molecular_voter/ws/" class="task-icon-link"><img src="/static/fd2e7eb0/images/24x24/folder.png" style="width: 24px; height: 24px; width: 24px; height: 24px; margin: 2px;" class="icon-folder icon-md"></a>&nbsp;<a href="/job/molecular_voter/ws/" class="task-link">Workspace</a></div><div class="task"><a onclick="return build_id14(this)" href="/job/molecular_voter/build?delay=0sec" class="task-icon-link"><img src="/static/fd2e7eb0/images/24x24/clock.png" style="width: 24px; height: 24px; width: 24px; height: 24px; margin: 2px;" class="icon-clock icon-md"></a>&nbsp;<a onclick="return build_id14(this)" href="/job/molecular_voter/build?delay=0sec" class="task-link">Build Now</a></div><script>function build_id14(a) {
                new Ajax.Request(a.href);
                hoverNotification('Build scheduled',a.parentNode);
                return false;
            }</script><div class="task"><a onclick="confirmPOST_id17(true, '/job/molecular_voter/doDelete', 'Are you sure about deleting the Project ‘molecular_voter’?')" href="#"><img src="/static/fd2e7eb0/images/24x24/edit-delete.png" style="width: 24px; height: 24px; width: 24px; height: 24px; margin: 2px;" class="icon-edit-delete icon-md"></a><script>function confirmPOST_id17(post, href, message) {
            if (confirm(message)) {
                var form = document.createElement('form');
                form.setAttribute('method', post ? 'POST' : 'GET');
                form.setAttribute('action', href);
                if (post) {
                    crumb.appendToForm(form);
                }
                document.body.appendChild(form);
                form.submit();
            }
            return false;
        }</script>&nbsp;<a onclick="confirmPOST_id18(true, '/job/molecular_voter/doDelete', 'Are you sure about deleting the Project ‘molecular_voter’?')" href="#" class="task-link">Delete Project</a><script>function confirmPOST_id18(post, href, message) {
            if (confirm(message)) {
                var form = document.createElement('form');
                form.setAttribute('method', post ? 'POST' : 'GET');
                form.setAttribute('action', href);
                if (post) {
                    crumb.appendToForm(form);
                }
                document.body.appendChild(form);
                form.submit();
            }
            return false;
        }</script></div><div class="task"><a href="/job/molecular_voter/configure" class="task-icon-link"><img src="/static/fd2e7eb0/images/24x24/setting.png" style="width: 24px; height: 24px; width: 24px; height: 24px; margin: 2px;" class="icon-setting icon-md"></a>&nbsp;<a href="/job/molecular_voter/configure" class="task-link"><b>Configure</b></a><div class="subtasks"></div></div></div><div id="buildHistory" class="container-fluid pane-frame track-mouse"><div class="row"><div class="col-xs-24 pane-header"><a href="/toggleCollapse?paneId=buildHistory" title="collapse" class="collapse"><img src="/static/fd2e7eb0/images/16x16/collapse.png" alt="collapse" style="width: 16px; height: 16px; " class="icon-collapse icon-sm"></a><div style="float:right"><a href="/job/molecular_voter/buildTimeTrend">trend</a></div><div data="100" class="healthReport" onmouseover="this.className='healthReport hover';return true;
        " onmouseout="this.className='healthReport';return true;"><img src="/static/fd2e7eb0/images/16x16/health-80plus.png" alt="100%" style="width: 16px; height: 16px; " class="icon-health-80plus icon-sm"></div>Build History</div></div><div class="row pane-content"><table class="pane stripped"></table></div><div class="row"><div class="col-xs-24 pane-footer"><span class="build-rss-links"><a href="/job/molecular_voter/rssAll" class="build-rss-all-icon"><img border="0" src="/static/fd2e7eb0/images/atom.gif" alt="Feed" width="16" height="16"></a>&nbsp;<a href="/job/molecular_voter/rssAll" class="build-rss-all-link">RSS for all</a>&nbsp;<a href="/job/molecular_voter/rssFailed" class="build-rss-failed-icon"><img border="0" src="/static/fd2e7eb0/images/atom.gif" alt="Feed" width="16" height="16"></a>&nbsp;<a href="/job/molecular_voter/rssFailed" class="build-rss-failed-link">RSS for failures</a></span></div></div></div><script defer="true">updateBuildHistory("/job/molecular_voter/buildHistory/ajax",1);</script></div><div id="main-panel"><a name="skip2content"></a><div class="behavior-loading" style="display: none;">LOADING</div><form method="post" name="config" action="configSubmit" path=""><link rel="stylesheet" href="/adjuncts/fd2e7eb0/lib/form/section_.css" type="text/css"><table width="100%"><tbody><tr><td class="setting-leftspace">&nbsp;</td><td class="setting-name">Project name</td><td class="setting-main">
   

  
  <input name="name" type="text" class="setting-input   " value="molecular_voter" path="/name"></td><td class="setting-no-help"></td></tr><tr class="validation-error-area"><td colspan="2"></td><td></td><td></td></tr><tr><td class="setting-leftspace">&nbsp;</td><td class="setting-name">Description</td><td class="setting-main"><script src="/adjuncts/fd2e7eb0/lib/form/textarea/textarea.js" type="text/javascript"></script><textarea name="description" rows="5" class="setting-input   " path="/description"></textarea><div class="textarea-handle"></div><div class="textarea-preview-container">
        [Plain text]&nbsp;<a previewendpoint="/markupFormatter/previewDescription" href="#" class="textarea-show-preview">Preview</a>&nbsp;<a href="#" class="textarea-hide-preview" style="display: none;">Hide preview</a><div class="textarea-preview" style="display: none;"></div></div></td><td class="setting-no-help"></td></tr><tr class="validation-error-area"><td colspan="2"></td><td></td><td></td></tr><tr class="optional-block-start " hashelp="true" ref="cb15"><td colspan="3"><input onclick="javascript:updateOptionalBlock(this,true)" name="logrotate" type="checkbox" class=" " id="cb15" path="/logrotate"><label class="attach-previous">Discard Old Builds</label></td><td class="setting-help"><a helpurl="/help/project-config/log-rotation.html" href="#" class="help-button" tabindex="9999"><img src="/static/fd2e7eb0/images/16x16/help.png" alt="Help for feature: Discard Old Builds" style="width: 16px; height: 16px; " class="icon-help icon-sm"></a></td></tr><tr class="help-area"><td></td><td colspan="2"><div class="help">Loading...</div></td><td></td></tr><tr class="rowvg-start" style="display: none;"></tr><tr style="display: none;"><td class="setting-leftspace">&nbsp;</td><td class="setting-name">Strategy</td><td class="setting-main"><select class="setting-input dropdownList" path="/"><option value="0">Log Rotation</option></select></td><td class="setting-no-help"></td></tr><tr class="dropdownList-container" style="display: none;"><td colspan="2"></td><td colspan="2"><table width="100%" name="buildDiscarder" path="/buildDiscarder"><tbody><tr class="dropdownList-start rowvg-start"></tr>
      
      <tr><td class="setting-leftspace">&nbsp;</td><td class="setting-name">Days to keep builds</td><td class="setting-main"><input step="1" min="1" name="_.daysToKeepStr" type="number" class="setting-input  positive-number" value="" path="/buildDiscarder/daysToKeepStr"></td><td class="setting-no-help"></td></tr><tr class="validation-error-area"><td colspan="2"></td><td></td><td></td></tr><tr><td colspan="2"></td><td class="setting-description">if not empty, build records are only kept up to this number of days</td><td></td></tr><tr><td class="setting-leftspace">&nbsp;</td><td class="setting-name">Max # of builds to keep</td><td class="setting-main"><input step="1" min="1" name="_.numToKeepStr" type="number" class="setting-input  positive-number" value="" path="/buildDiscarder/numToKeepStr"></td><td class="setting-no-help"></td></tr><tr class="validation-error-area"><td colspan="2"></td><td></td><td></td></tr><tr><td colspan="2"></td><td class="setting-description">if not empty, only up to this number of build records are kept</td><td></td></tr><tr><td></td><td></td><td><script src="/adjuncts/fd2e7eb0/lib/form/advanced/advanced.js" type="text/javascript"></script><div style="" class="advancedLink"><span style="display: none" id="id26"><img src="/static/fd2e7eb0/images/24x24/notepad.png" tooltip="One or more fields in this block have been edited." style="width: 24px; height: 24px; vertical-align: baseline" class="icon-notepad icon-md" title="One or more fields in this block have been edited."></span>&nbsp;<span class="yui-button yui-push-button advanced-button advancedButton" id="yui-gen31"><span class="first-child"><button type="button" tabindex="0" id="yui-gen31-button" path="/buildDiscarder/advanced-button">Advanced...</button></span></span></div><table class="advancedBody"><tbody><tr><td class="setting-leftspace">&nbsp;</td><td class="setting-name">Days to keep artifacts</td><td class="setting-main"><input step="1" min="1" name="_.artifactDaysToKeepStr" type="number" class="setting-input  positive-number" value="" path="/buildDiscarder/artifactDaysToKeepStr"></td><td class="setting-no-help"></td></tr><tr class="validation-error-area"><td colspan="2"></td><td></td><td></td></tr><tr><td colspan="2"></td><td class="setting-description">if not empty, artifacts from builds older than this number of days will be deleted, but the logs, history, reports, etc for the build will be kept</td><td></td></tr><tr><td class="setting-leftspace">&nbsp;</td><td class="setting-name">Max # of builds to keep with artifacts</td><td class="setting-main"><input step="1" min="1" name="_.artifactNumToKeepStr" type="number" class="setting-input  positive-number" value="" path="/buildDiscarder/artifactNumToKeepStr"></td><td class="setting-no-help"></td></tr><tr class="validation-error-area"><td colspan="2"></td><td></td><td></td></tr><tr><td colspan="2"></td><td class="setting-description">if not empty, only up to this number of builds have their artifacts retained</td><td></td></tr></tbody></table></td><td></td></tr><tr style=""><td><input name="stapler-class" type="hidden" value="hudson.tasks.LogRotator" path="/buildDiscarder/stapler-class"><input name="$class" type="hidden" value="hudson.tasks.LogRotator" path="/buildDiscarder/$class"></td></tr><tr class="dropdownList-end rowvg-end"></tr></tbody></table></td></tr><tr class=" rowvg-end optional-block-end"></tr><script src="/adjuncts/fd2e7eb0/lib/form/section_.js" type="text/javascript"></script><tr name="properties" style="display:none" class="row-set-start" id="rowSetStart31" path="/properties"></tr><tr nameref="rowSetStart31"><td><input type="hidden" name="stapler-class-bag" value="true" path="/properties/stapler-class-bag"></td></tr><tr name="hudson-model-ParametersDefinitionProperty" style="display:none" class="row-set-start" id="rowSetStart30" nameref="rowSetStart31" path="/properties/hudson-model-ParametersDefinitionProperty"></tr><tr class="optional-block-start row-set-start" hashelp="true" ref="cb16" nameref="rowSetStart30"><td colspan="3"><input onclick="javascript:updateOptionalBlock(this,true)" name="parameterized" type="checkbox" class=" " id="cb16" path="/properties/hudson-model-ParametersDefinitionProperty/parameterized"><label class="attach-previous">This build is parameterized</label></td><td class="setting-help"><a helpurl="/help/project-config/parameterized-build.html" href="#" class="help-button" tabindex="9999"><img src="/static/fd2e7eb0/images/16x16/help.png" alt="Help for feature: This build is parameterized" style="width: 16px; height: 16px; " class="icon-help icon-sm"></a></td></tr><tr class="help-area" nameref="cb16"><td></td><td colspan="2"><div class="help">Loading...</div></td><td></td></tr><tr class="rowvg-start" nameref="cb16" style="display: none;"></tr><tr nameref="cb16" style="display: none;"><td colspan="2"></td><td colspan="2"><script src="/adjuncts/fd2e7eb0/lib/form/dragdrop/dragdrop.js" type="text/javascript"></script><script src="/adjuncts/fd2e7eb0/lib/form/hetero-list/hetero-list.js" type="text/javascript"></script><div class="hetero-list-container with-drag-drop  "><div class="repeatable-insertion-point"></div><div><span class="yui-button yui-menu-button" id="yui-gen1"><span class="first-child"><button type="button" tabindex="0" id="yui-gen1-button" class="hetero-list-add" suffix="parameter">Add Parameter</button></span></span></div></div></td></tr><tr class="row-set-end rowvg-end optional-block-end" nameref="rowSetStart30"></tr><tr class="row-set-end" nameref="rowSetStart31"></tr><tr class="row-set-end"></tr><tr class="optional-block-start " hashelp="true" ref="cb17"><td colspan="3"><input onclick="javascript:updateOptionalBlock(this,true)" name="disable" type="checkbox" class=" " id="cb17" path="/disable"><label class="attach-previous">Disable Build (No new builds will be executed until the project is re-enabled.)</label></td><td class="setting-help"><a helpurl="/help/project-config/disable.html" href="#" class="help-button" tabindex="9999"><img src="/static/fd2e7eb0/images/16x16/help.png" alt="Help for feature: Disable Build (No new builds will be executed until the project is re-enabled.)" style="width: 16px; height: 16px; " class="icon-help icon-sm"></a></td></tr><tr class="help-area"><td></td><td colspan="2"><div class="help">Loading...</div></td><td></td></tr><tr class="rowvg-start" style="display: none;"></tr><tr class=" rowvg-end optional-block-end"></tr><tr class="optional-block-start " hashelp="true" ref="cb18"><td colspan="3"><input onclick="javascript:updateOptionalBlock(this,true)" name="_.concurrentBuild" type="checkbox" class=" " id="cb18" path="/concurrentBuild"><label class="attach-previous">Execute concurrent builds if necessary</label></td><td class="setting-help"><a helpurl="/descriptor/hudson.model.FreeStyleProject/help/concurrentBuild" href="#" class="help-button" tabindex="9999"><img src="/static/fd2e7eb0/images/16x16/help.png" alt="Help for feature: Execute concurrent builds if necessary" style="width: 16px; height: 16px; " class="icon-help icon-sm"></a></td></tr><tr class="help-area"><td></td><td colspan="2"><div class="help">Loading...</div></td><td></td></tr><tr class="rowvg-start" style="display: none;"></tr><tr class=" rowvg-end optional-block-end"></tr><tr><td colspan="4"><div class="section-header"><a id="section0" class="section-anchor">#</a>Advanced Project Options</div></td></tr><tr><td></td><td></td><td><script src="/adjuncts/fd2e7eb0/lib/form/advanced/advanced.js" type="text/javascript"></script><div style="" class="advancedLink"><span style="display: none" id="id20"><img src="/static/fd2e7eb0/images/24x24/notepad.png" tooltip="One or more fields in this block have been edited." style="width: 24px; height: 24px; vertical-align: baseline" class="icon-notepad icon-md" title="One or more fields in this block have been edited."></span>&nbsp;<span class="yui-button yui-push-button advanced-button advancedButton" id="yui-gen7"><span class="first-child"><button type="button" tabindex="0" id="yui-gen7-button" path="/advanced-button">Advanced...</button></span></span></div><table class="advancedBody"><tbody><tr class="optional-block-start " hashelp="true" ref="cb19"><td colspan="3"><input onclick="javascript:updateOptionalBlock(this,true)" name="hasCustomQuietPeriod" type="checkbox" class=" " id="cb19" path="/hasCustomQuietPeriod"><label class="attach-previous">Quiet period</label></td><td class="setting-help"><a helpurl="/descriptor/jenkins.model.GlobalQuietPeriodConfiguration/help/quietPeriod" href="#" class="help-button" tabindex="9999"><img src="/static/fd2e7eb0/images/16x16/help.png" alt="Help for feature: Quiet period" style="width: 16px; height: 16px; " class="icon-help icon-sm"></a></td></tr><tr class="help-area"><td></td><td colspan="2"><div class="help">Loading...</div></td><td></td></tr><tr class="rowvg-start" style="display: none;"></tr><tr style="display: none;"><td class="setting-leftspace">&nbsp;</td><td class="setting-name">Quiet period</td><td class="setting-main"><input step="1" min="0" name="quiet_period" type="number" class="setting-input  number" value="5" path="/quiet_period"></td><td class="setting-no-help"></td></tr><tr class="validation-error-area" style="display: none;"><td colspan="2"></td><td></td><td></td></tr><tr style="display: none;"><td colspan="2"></td><td class="setting-description">Number of seconds</td><td></td></tr><tr class=" rowvg-end optional-block-end"></tr><tr class="optional-block-start " hashelp="true" ref="cb20"><td colspan="3"><input onclick="javascript:updateOptionalBlock(this,true)" name="hasCustomScmCheckoutRetryCount" type="checkbox" class=" " id="cb20" path="/hasCustomScmCheckoutRetryCount"><label class="attach-previous">Retry Count</label></td><td class="setting-help"><a helpurl="/help/project-config/scmCheckoutRetryCount.html" href="#" class="help-button" tabindex="9999"><img src="/static/fd2e7eb0/images/16x16/help.png" alt="Help for feature: Retry Count" style="width: 16px; height: 16px; " class="icon-help icon-sm"></a></td></tr><tr class="help-area"><td></td><td colspan="2"><div class="help">Loading...</div></td><td></td></tr><tr class="rowvg-start" style="display: none;"></tr><tr style="display: none;"><td class="setting-leftspace">&nbsp;</td><td class="setting-name">SCM checkout retry count</td><td class="setting-main"><input step="1" min="0" name="scmCheckoutRetryCount" type="number" class="setting-input  number" value="0" path="/scmCheckoutRetryCount"></td><td class="setting-no-help"></td></tr><tr class="validation-error-area" style="display: none;"><td colspan="2"></td><td></td><td></td></tr><tr class=" rowvg-end optional-block-end"></tr><tr class="optional-block-start " hashelp="true" ref="cb21"><td colspan="3"><input onclick="javascript:updateOptionalBlock(this,true)" name="blockBuildWhenUpstreamBuilding" type="checkbox" class=" " id="cb21" path="/blockBuildWhenUpstreamBuilding"><label class="attach-previous">Block build when upstream project is building</label></td><td class="setting-help"><a helpurl="/help/project-config/block-upstream-building.html" href="#" class="help-button" tabindex="9999"><img src="/static/fd2e7eb0/images/16x16/help.png" alt="Help for feature: Block build when upstream project is building" style="width: 16px; height: 16px; " class="icon-help icon-sm"></a></td></tr><tr class="help-area"><td></td><td colspan="2"><div class="help">Loading...</div></td><td></td></tr><tr class="rowvg-start" style="display: none;"></tr><tr class=" rowvg-end optional-block-end"></tr><tr class="optional-block-start " hashelp="true" ref="cb22"><td colspan="3"><input onclick="javascript:updateOptionalBlock(this,true)" name="blockBuildWhenDownstreamBuilding" type="checkbox" class=" " id="cb22" path="/blockBuildWhenDownstreamBuilding"><label class="attach-previous">Block build when downstream project is building</label></td><td class="setting-help"><a helpurl="/help/project-config/block-downstream-building.html" href="#" class="help-button" tabindex="9999"><img src="/static/fd2e7eb0/images/16x16/help.png" alt="Help for feature: Block build when downstream project is building" style="width: 16px; height: 16px; " class="icon-help icon-sm"></a></td></tr><tr class="help-area"><td></td><td colspan="2"><div class="help">Loading...</div></td><td></td></tr><tr class="rowvg-start" style="display: none;"></tr><tr class=" rowvg-end optional-block-end"></tr><tr class="optional-block-start " hashelp="true" ref="cb23"><td colspan="3"><input onclick="javascript:updateOptionalBlock(this,true)" name="hasCustomWorkspace" type="checkbox" class=" " id="cb23" path="/hasCustomWorkspace"><label class="attach-previous">Use custom workspace</label></td><td class="setting-help"><a helpurl="/help/project-config/custom-workspace.html" href="#" class="help-button" tabindex="9999"><img src="/static/fd2e7eb0/images/16x16/help.png" alt="Help for feature: Use custom workspace" style="width: 16px; height: 16px; " class="icon-help icon-sm"></a></td></tr><tr class="help-area"><td></td><td colspan="2"><div class="help">Loading...</div></td><td></td></tr><tr class="rowvg-start" style="display: none;"></tr><tr style="display: none;"><td class="setting-leftspace">&nbsp;</td><td class="setting-name">Directory</td><td class="setting-main">
   

  
  <input checkdependson="customWorkspace" checkurl="/job/molecular_voter/descriptorByName/hudson.model.FreeStyleProject/checkCustomWorkspace" name="_.customWorkspace" type="text" class="setting-input validated  " value="" path="/customWorkspace"></td><td class="setting-no-help"></td></tr><tr class="validation-error-area" style="display: none;"><td colspan="2"></td><td><div class="error"><img src="/static/fd2e7eb0/images/none.gif" height="16" width="1">Custom workspace is empty.</div></td><td></td></tr><tr class=" rowvg-end optional-block-end"></tr><tr><td class="setting-leftspace">&nbsp;</td><td class="setting-name">Display Name</td><td class="setting-main">
   

  
  <input checkurl="'/checkDisplayName?displayName='+encodeURIComponent(this.value)+'&amp;jobName='+encodeURIComponent('molecular_voter')" name="_.displayNameOrNull" type="text" class="setting-input validated  " value="" path="/displayNameOrNull"></td><td class="setting-help"><a helpurl="/descriptor/hudson.model.FreeStyleProject/help/displayNameOrNull" href="#" class="help-button" tabindex="9999"><img src="/static/fd2e7eb0/images/16x16/help.png" alt="Help for feature: Display Name" style="width: 16px; height: 16px; " class="icon-help icon-sm"></a></td></tr><tr class="validation-error-area"><td colspan="2"></td><td><div></div></td><td></td></tr><tr class="help-area"><td></td><td colspan="2"><div class="help">Loading...</div></td><td></td></tr><tr class="optional-block-start row-set-start" hashelp="true" ref="cb24"><td colspan="3"><input onclick="javascript:updateOptionalBlock(this,true)" name="keepDependencies" type="checkbox" class=" " id="cb24" path="/keepDependencies"><label class="attach-previous">Keep the build logs of dependencies</label></td><td class="setting-help"><a helpurl="/help/tasks/fingerprint/keepDependencies.html" href="#" class="help-button" tabindex="9999"><img src="/static/fd2e7eb0/images/16x16/help.png" alt="Help for feature: Keep the build logs of dependencies" style="width: 16px; height: 16px; " class="icon-help icon-sm"></a></td></tr><tr class="help-area" nameref="cb24"><td></td><td colspan="2"><div class="help">Loading...</div></td><td></td></tr><tr class="rowvg-start" nameref="cb24" style="display: none;"></tr><tr class="row-set-end rowvg-end optional-block-end"></tr></tbody></table></td><td></td></tr><tr><td colspan="4"><div class="section-header"><a id="section1" class="section-anchor">#</a>Source Code Management</div></td></tr><script src="/adjuncts/fd2e7eb0/lib/form/radioBlock/radioBlock.js" type="text/javascript"></script><tr class="radio-block-start row-set-start" hashelp="false" ref="radio-block-9"><td colspan="3"><label><input name="scm" checked="true" type="radio" value="0" class="radio-block-control" id="radio-block-9" path="/scm[0]">
        None
      </label></td><td class="setting-no-help"></td></tr><tr style="display:none" class="row-set-end radio-block-end"></tr><tr class="radio-block-start row-set-start" hashelp="false" ref="radio-block-10"><td colspan="3"><label><input name="scm" type="radio" value="1" class="radio-block-control" id="radio-block-10" path="/scm[1]">
        CVS
      </label></td><td class="setting-no-help"></td></tr><tr nameref="radio-block-10" style="display: none;"><td class="setting-leftspace">&nbsp;</td><td class="setting-name"></td><td class="setting-main"><div class="repeated-container"><div name="repositories" class="repeated-chunk first last only"><table style="width:100%"><tbody><tr><td class="setting-leftspace">&nbsp;</td><td class="setting-name">CVSROOT</td><td class="setting-main">
   

  
  <input checkdependson="" checkurl="/job/molecular_voter/descriptorByName/hudson.scm.CvsRepository/checkCvsRoot" name="_.cvsRoot" type="text" class="setting-input validated  " value=""></td><td class="setting-help"><a helpurl="/descriptor/hudson.scm.CvsRepository/help/cvsRoot" href="#" class="help-button" tabindex="9999"><img src="/static/fd2e7eb0/images/16x16/help.png" alt="Help for feature: CVSROOT" style="width: 16px; height: 16px; " class="icon-help icon-sm"></a></td></tr><tr class="validation-error-area"><td colspan="2"></td><td><div class="error"><img src="/static/fd2e7eb0/images/none.gif" height="16" width="1">CVSROOT is mandatory</div></td><td></td></tr><tr class="help-area"><td></td><td colspan="2"><div class="help">Loading...</div></td><td></td></tr><tr class="optional-block-start " hashelp="false" ref="cb25"><td colspan="3"><input onclick="javascript:updateOptionalBlock(this,true)" name="passwordRequired" type="checkbox" class=" " id="cb25"><label class="attach-previous">This Connection Requires A Password</label></td><td class="setting-no-help"></td></tr><tr class="rowvg-start" style="display: none;"></tr><tr style="display: none;"><td class="setting-leftspace">&nbsp;</td><td class="setting-name">Password</td><td class="setting-main"><input name="_.password" type="password" class="setting-input " value=""></td><td class="setting-no-help"></td></tr><tr class="validation-error-area" style="display: none;"><td colspan="2"></td><td></td><td></td></tr><tr class=" rowvg-end optional-block-end"></tr><tr><td class="setting-leftspace">&nbsp;</td><td class="setting-name"></td><td class="setting-main"><div class="repeated-container"><div name="repositoryItems" class="repeated-chunk first last only"><table style="width:100%"><tbody><tr><td class="setting-leftspace">&nbsp;</td><td class="setting-name">Location</td><td class="setting-main"><select class="setting-input dropdownList"><option value="0">Branch</option><option value="1" selected="true">Head</option><option value="2">Tag</option></select></td><td class="setting-no-help"></td></tr><tr class="dropdownList-container"><td colspan="2"></td><td colspan="2"><table width="100%" name="location"><tbody><tr class="dropdownList-start rowvg-start" field-disabled="true" style="display: none;"></tr><tr field-disabled="true" style="display: none;"><td class="setting-leftspace">&nbsp;</td><td class="setting-name">Branch Name</td><td class="setting-main">
   

  
  <input name="_.branchName" type="text" class="setting-input   " value=""></td><td class="setting-no-help"></td></tr><tr class="validation-error-area" field-disabled="true" style="display: none;"><td colspan="2"></td><td></td><td></td></tr><tr field-disabled="true" style="display: none;"><td class="setting-leftspace">&nbsp;</td><td class="setting-name">Use Head If Not Found</td><td class="setting-main"><input name="_.useHeadIfNotFound" type="checkbox" class=" "></td><td class="setting-no-help"></td></tr><tr class="validation-error-area" field-disabled="true" style="display: none;"><td colspan="2"></td><td></td><td></td></tr><tr style="display: none;" field-disabled="true"><td><input name="stapler-class" type="hidden" value="hudson.scm.CvsRepositoryLocation$BranchRepositoryLocation"><input name="$class" type="hidden" value="hudson.scm.CvsRepositoryLocation$BranchRepositoryLocation"></td></tr><tr class="dropdownList-end rowvg-end"></tr><tr class="dropdownList-start rowvg-start"></tr><tr style=""><td><input name="stapler-class" type="hidden" value="hudson.scm.CvsRepositoryLocation$HeadRepositoryLocation"><input name="$class" type="hidden" value="hudson.scm.CvsRepositoryLocation$HeadRepositoryLocation"></td></tr><tr class="dropdownList-end rowvg-end"></tr><tr class="dropdownList-start rowvg-start" field-disabled="true" style="display: none;"></tr><tr field-disabled="true" style="display: none;"><td class="setting-leftspace">&nbsp;</td><td class="setting-name">Tag Name</td><td class="setting-main">
   

  
  <input name="_.tagName" type="text" class="setting-input   " value=""></td><td class="setting-no-help"></td></tr><tr class="validation-error-area" field-disabled="true" style="display: none;"><td colspan="2"></td><td></td><td></td></tr><tr field-disabled="true" style="display: none;"><td class="setting-leftspace">&nbsp;</td><td class="setting-name">Use Head If Not Found</td><td class="setting-main"><input name="_.useHeadIfNotFound" type="checkbox" class=" "></td><td class="setting-no-help"></td></tr><tr class="validation-error-area" field-disabled="true" style="display: none;"><td colspan="2"></td><td></td><td></td></tr><tr style="display: none;" field-disabled="true"><td><input name="stapler-class" type="hidden" value="hudson.scm.CvsRepositoryLocation$TagRepositoryLocation"><input name="$class" type="hidden" value="hudson.scm.CvsRepositoryLocation$TagRepositoryLocation"></td></tr><tr class="dropdownList-end rowvg-end"></tr></tbody></table></td></tr><tr><td class="setting-leftspace">&nbsp;</td><td class="setting-name">Modules</td><td class="setting-main"><div class="repeated-container"><div name="modules" class="repeated-chunk first last only"><table style="width:100%"><tbody><tr><td class="setting-leftspace">&nbsp;</td><td class="setting-name">Remote Name</td><td class="setting-main">
   

  
  <input checkdependson="" checkurl="/job/molecular_voter/descriptorByName/hudson.scm.CvsModule/checkRemoteName" name="_.remoteName" type="text" class="setting-input validated  " value=""></td><td class="setting-help"><a helpurl="/descriptor/hudson.scm.CvsModule/help/remoteName" href="#" class="help-button" tabindex="9999"><img src="/static/fd2e7eb0/images/16x16/help.png" alt="Help for feature: Remote Name" style="width: 16px; height: 16px; " class="icon-help icon-sm"></a></td></tr><tr class="validation-error-area"><td colspan="2"></td><td><div class="error"><img src="/static/fd2e7eb0/images/none.gif" height="16" width="1">Remote Name is mandatory</div></td><td></td></tr><tr class="help-area"><td></td><td colspan="2"><div class="help">Loading...</div></td><td></td></tr><tr><td class="setting-leftspace">&nbsp;</td><td class="setting-name">Local Name</td><td class="setting-main">
   

  
  <input name="_.localName" type="text" class="setting-input   " value=""></td><td class="setting-help"><a helpurl="/descriptor/hudson.scm.CvsModule/help/localName" href="#" class="help-button" tabindex="9999"><img src="/static/fd2e7eb0/images/16x16/help.png" alt="Help for feature: Local Name" style="width: 16px; height: 16px; " class="icon-help icon-sm"></a></td></tr><tr class="validation-error-area"><td colspan="2"></td><td></td><td></td></tr><tr class="help-area"><td></td><td colspan="2"><div class="help">Loading...</div></td><td></td></tr><tr><td class="setting-leftspace">&nbsp;</td><td class="setting-name"></td><td class="setting-main"><div align="right"><span class="yui-button yui-push-button repeatable-add show-if-last" id="yui-gen12"><span class="first-child"><button type="button" tabindex="0" id="yui-gen12-button">Add more modules...</button></span></span><span class="yui-button yui-push-button repeatable-delete show-if-not-only" id="yui-gen21"><span class="first-child"><button type="button" tabindex="0" id="yui-gen21-button">Delete</button></span></span></div></td><td class="setting-no-help"></td></tr><tr class="validation-error-area"><td colspan="2"></td><td></td><td></td></tr></tbody></table></div><div class="repeatable-insertion-point"></div></div></td><td class="setting-no-help"></td></tr><tr class="validation-error-area"><td colspan="2"></td><td></td><td></td></tr><tr><td class="setting-leftspace">&nbsp;</td><td class="setting-name"></td><td class="setting-main"><div align="right"><span class="yui-button yui-push-button repeatable-add show-if-last" id="yui-gen13"><span class="first-child"><button type="button" tabindex="0" id="yui-gen13-button">Add more locations...</button></span></span><span class="yui-button yui-push-button repeatable-delete show-if-not-only" id="yui-gen22"><span class="first-child"><button type="button" tabindex="0" id="yui-gen22-button">Delete</button></span></span></div></td><td class="setting-no-help"></td></tr><tr class="validation-error-area"><td colspan="2"></td><td></td><td></td></tr></tbody></table></div><div class="repeatable-insertion-point"></div></div></td><td class="setting-no-help"></td></tr><tr class="validation-error-area"><td colspan="2"></td><td></td><td></td></tr><tr><td></td><td></td><td><div style="" class="advancedLink"><span style="display: none" id="id22"><img src="/static/fd2e7eb0/images/24x24/notepad.png" tooltip="One or more fields in this block have been edited." style="width: 24px; height: 24px; vertical-align: baseline" class="icon-notepad icon-md" title="One or more fields in this block have been edited."></span>&nbsp;<span class="yui-button yui-push-button advanced-button advancedButton" id="yui-gen8"><span class="first-child"><button type="button" tabindex="0" id="yui-gen8-button">Advanced...</button></span></span></div><table class="advancedBody"><tbody><tr><td colspan="4"><div class="section-header"><a id="section3" class="section-anchor">#</a>Advanced Repository Options</div></td></tr><tr><td class="setting-leftspace">&nbsp;</td><td class="setting-name">Repository browser</td><td class="setting-main"><select class="setting-input dropdownList"><option value="auto">(Auto)</option><option value="0">FishEye</option><option value="1">OpenGrok</option><option value="2">ViewCVS</option></select></td><td class="setting-help"><a helpurl="/help/scm-browsers/list.html" href="#" class="help-button" tabindex="9999"><img src="/static/fd2e7eb0/images/16x16/help.png" alt="Help for feature: Repository browser" style="width: 16px; height: 16px; " class="icon-help icon-sm"></a></td></tr><tr class="dropdownList-container"><td colspan="2"></td><td colspan="2"><table width="100%" name="repositoryBrowser"><tbody><tr class="dropdownList-start rowvg-start"></tr><tr class="dropdownList-end rowvg-end"></tr><tr class="dropdownList-start rowvg-start" field-disabled="true" style="display: none;"></tr><tr class="render-on-demand " proxy="makeStaplerProxy('/$stapler/bound/c362f04b-59b3-4ac0-a6bd-232ba933cfe3','d9558d1b-578e-4743-a240-8717f9f0c41e',['render'])" field-disabled="true" style="display: none;"></tr><tr style="display: none;" field-disabled="true"><td><input name="stapler-class" type="hidden" value="hudson.scm.browsers.FishEyeCVS"><input name="$class" type="hidden" value="hudson.scm.browsers.FishEyeCVS"></td></tr><tr class="dropdownList-end rowvg-end"></tr><tr class="dropdownList-start rowvg-start" field-disabled="true" style="display: none;"></tr><tr class="render-on-demand " proxy="makeStaplerProxy('/$stapler/bound/b4c29d94-1888-489c-bd88-5c2114effa9a','d9558d1b-578e-4743-a240-8717f9f0c41e',['render'])" field-disabled="true" style="display: none;"></tr><tr style="display: none;" field-disabled="true"><td><input name="stapler-class" type="hidden" value="hudson.scm.browsers.OpenGrok"><input name="$class" type="hidden" value="hudson.scm.browsers.OpenGrok"></td></tr><tr class="dropdownList-end rowvg-end"></tr><tr class="dropdownList-start rowvg-start" field-disabled="true" style="display: none;"></tr><tr class="render-on-demand " proxy="makeStaplerProxy('/$stapler/bound/b68e4818-759e-404e-bd77-4e80af51f679','d9558d1b-578e-4743-a240-8717f9f0c41e',['render'])" field-disabled="true" style="display: none;"></tr><tr style="display: none;" field-disabled="true"><td><input name="stapler-class" type="hidden" value="hudson.scm.browsers.ViewCVS"><input name="$class" type="hidden" value="hudson.scm.browsers.ViewCVS"></td></tr><tr class="dropdownList-end rowvg-end"></tr></tbody></table></td></tr><tr class="help-area"><td></td><td colspan="2"><div class="help">Loading...</div></td><td></td></tr><tr><td class="setting-leftspace">&nbsp;</td><td class="setting-name">Exclude Regions</td><td class="setting-main"><div class="repeated-container"><div name="excludedRegions" class="repeated-chunk first last only"><table style="width:100%"><tbody><tr><td class="setting-leftspace">&nbsp;</td><td class="setting-name">Pattern</td><td class="setting-main">
   

  
  <input checkdependson="" checkurl="/job/molecular_voter/descriptorByName/hudson.scm.ExcludedRegion/checkPattern" name="_.pattern" type="text" class="setting-input validated  " value=""></td><td class="setting-no-help"></td></tr><tr class="validation-error-area"><td colspan="2"></td><td><div></div></td><td></td></tr><tr><td class="setting-leftspace">&nbsp;</td><td class="setting-name"></td><td class="setting-main"><div align="right"><span class="yui-button yui-push-button repeatable-add show-if-last" id="yui-gen14"><span class="first-child"><button type="button" tabindex="0" id="yui-gen14-button">Add more patterns...</button></span></span><span class="yui-button yui-push-button repeatable-delete show-if-not-only" id="yui-gen23"><span class="first-child"><button type="button" tabindex="0" id="yui-gen23-button">Delete</button></span></span></div></td><td class="setting-no-help"></td></tr><tr class="validation-error-area"><td colspan="2"></td><td></td><td></td></tr></tbody></table></div><div class="repeatable-insertion-point"></div></div></td><td class="setting-no-help"></td></tr><tr class="validation-error-area"><td colspan="2"></td><td></td><td></td></tr><tr><td class="setting-leftspace">&nbsp;</td><td class="setting-name">Compression Level</td><td class="setting-main">

   
  <select fillurl="/job/molecular_voter/descriptorByName/hudson.scm.CvsRepository/fillCompressionLevelItems" name="_.compressionLevel" class="setting-input  select " value=""><option value="-1">System Default</option><option value="0">None</option><option value="1">1</option><option value="2">2</option><option value="3">3 (Recommended)</option><option value="4">4</option><option value="5">5</option><option value="6">6</option><option value="7">7</option><option value="8">8</option><option value="9">9</option></select></td><td class="setting-no-help"></td></tr><tr class="validation-error-area"><td colspan="2"></td><td></td><td></td></tr></tbody></table></td><td></td></tr><tr><td class="setting-leftspace">&nbsp;</td><td class="setting-name"></td><td class="setting-main"><div align="right"><span class="yui-button yui-push-button repeatable-add show-if-last" id="yui-gen15"><span class="first-child"><button type="button" tabindex="0" id="yui-gen15-button">Add more repositories...</button></span></span><span class="yui-button yui-push-button repeatable-delete show-if-not-only" id="yui-gen24"><span class="first-child"><button type="button" tabindex="0" id="yui-gen24-button">Delete</button></span></span></div></td><td class="setting-no-help"></td></tr><tr class="validation-error-area"><td colspan="2"></td><td></td><td></td></tr></tbody></table></div><div class="repeatable-insertion-point"></div></div></td><td class="setting-no-help"></td></tr><tr class="validation-error-area" nameref="radio-block-10" style="display: none;"><td colspan="2"></td><td></td><td></td></tr><tr nameref="radio-block-10" style="display: none;"><td class="setting-leftspace">&nbsp;</td><td class="setting-name">Use Update</td><td class="setting-main"><input name="_.canUseUpdate" checked="true" type="checkbox" class=" "></td><td class="setting-help"><a helpurl="/descriptor/hudson.scm.CVSSCM/help/canUseUpdate" href="#" class="help-button" tabindex="9999"><img src="/static/fd2e7eb0/images/16x16/help.png" alt="Help for feature: Use Update" style="width: 16px; height: 16px; " class="icon-help icon-sm"></a></td></tr><tr class="validation-error-area" nameref="radio-block-10" style="display: none;"><td colspan="2"></td><td></td><td></td></tr><tr class="help-area" nameref="radio-block-10" style="display: none;"><td></td><td colspan="2"><div class="help">Loading...</div></td><td></td></tr><tr nameref="radio-block-10" style="display: none;"><td class="setting-leftspace">&nbsp;</td><td class="setting-name">Prune Empty Directories</td><td class="setting-main"><input name="_.pruneEmptyDirectories" checked="true" type="checkbox" class=" "></td><td class="setting-help"><a helpurl="/descriptor/hudson.scm.CVSSCM/help/pruneEmptyDirectories" href="#" class="help-button" tabindex="9999"><img src="/static/fd2e7eb0/images/16x16/help.png" alt="Help for feature: Prune Empty Directories" style="width: 16px; height: 16px; " class="icon-help icon-sm"></a></td></tr><tr class="validation-error-area" nameref="radio-block-10" style="display: none;"><td colspan="2"></td><td></td><td></td></tr><tr class="help-area" nameref="radio-block-10" style="display: none;"><td></td><td colspan="2"><div class="help">Loading...</div></td><td></td></tr><tr nameref="radio-block-10" style="display: none;"><td class="setting-leftspace">&nbsp;</td><td class="setting-name">Legacy Mode</td><td class="setting-main"><input name="_.legacy" type="checkbox" class=" "><label class="attach-previous">(run CVS in a way compatible with older versions of Hudson &lt;1.21)</label></td><td class="setting-help"><a helpurl="/descriptor/hudson.scm.CVSSCM/help/legacy" href="#" class="help-button" tabindex="9999"><img src="/static/fd2e7eb0/images/16x16/help.png" alt="Help for feature: Legacy Mode" style="width: 16px; height: 16px; " class="icon-help icon-sm"></a></td></tr><tr class="validation-error-area" nameref="radio-block-10" style="display: none;"><td colspan="2"></td><td></td><td></td></tr><tr class="help-area" nameref="radio-block-10" style="display: none;"><td></td><td colspan="2"><div class="help">Loading...</div></td><td></td></tr><tr nameref="radio-block-10" style="display: none;"><td class="setting-leftspace">&nbsp;</td><td class="setting-name">Skip Changelog</td><td class="setting-main"><input name="_.skipChangeLog" type="checkbox" class=" "></td><td class="setting-help"><a helpurl="/descriptor/hudson.scm.CVSSCM/help/skipChangeLog" href="#" class="help-button" tabindex="9999"><img src="/static/fd2e7eb0/images/16x16/help.png" alt="Help for feature: Skip Changelog" style="width: 16px; height: 16px; " class="icon-help icon-sm"></a></td></tr><tr class="validation-error-area" nameref="radio-block-10" style="display: none;"><td colspan="2"></td><td></td><td></td></tr><tr class="help-area" nameref="radio-block-10" style="display: none;"><td></td><td colspan="2"><div class="help">Loading...</div></td><td></td></tr><tr nameref="radio-block-10" style="display: none;"><td class="setting-leftspace">&nbsp;</td><td class="setting-name">Show all CVS output</td><td class="setting-main"><input name="_.disableCvsQuiet" type="checkbox" class=" "></td><td class="setting-help"><a helpurl="/descriptor/hudson.scm.CVSSCM/help/disableCvsQuiet" href="#" class="help-button" tabindex="9999"><img src="/static/fd2e7eb0/images/16x16/help.png" alt="Help for feature: Show all CVS output" style="width: 16px; height: 16px; " class="icon-help icon-sm"></a></td></tr><tr class="validation-error-area" nameref="radio-block-10" style="display: none;"><td colspan="2"></td><td></td><td></td></tr><tr class="help-area" nameref="radio-block-10" style="display: none;"><td></td><td colspan="2"><div class="help">Loading...</div></td><td></td></tr><tr nameref="radio-block-10" style="display: none;"><td class="setting-leftspace">&nbsp;</td><td class="setting-name">Perform clean checkout on failed update</td><td class="setting-main"><input name="_.cleanOnFailedUpdate" type="checkbox" class=" "></td><td class="setting-help"><a helpurl="/descriptor/hudson.scm.CVSSCM/help/cleanOnFailedUpdate" href="#" class="help-button" tabindex="9999"><img src="/static/fd2e7eb0/images/16x16/help.png" alt="Help for feature: Perform clean checkout on failed update" style="width: 16px; height: 16px; " class="icon-help icon-sm"></a></td></tr><tr class="validation-error-area" nameref="radio-block-10" style="display: none;"><td colspan="2"></td><td></td><td></td></tr><tr class="help-area" nameref="radio-block-10" style="display: none;"><td></td><td colspan="2"><div class="help">Loading...</div></td><td></td></tr><tr nameref="radio-block-10" style="display: none;"><td class="setting-leftspace">&nbsp;</td><td class="setting-name">Force clean copy for locally modified files</td><td class="setting-main"><input name="_.forceCleanCopy" type="checkbox" class=" "></td><td class="setting-help"><a helpurl="/descriptor/hudson.scm.CVSSCM/help/forceCleanCopy" href="#" class="help-button" tabindex="9999"><img src="/static/fd2e7eb0/images/16x16/help.png" alt="Help for feature: Force clean copy for locally modified files" style="width: 16px; height: 16px; " class="icon-help icon-sm"></a></td></tr><tr class="validation-error-area" nameref="radio-block-10" style="display: none;"><td colspan="2"></td><td></td><td></td></tr><tr class="help-area" nameref="radio-block-10" style="display: none;"><td></td><td colspan="2"><div class="help">Loading...</div></td><td></td></tr><tr style="display:none" class="row-set-end radio-block-end"></tr><tr class="radio-block-start row-set-start" hashelp="false" ref="radio-block-11"><td colspan="3"><label><input name="scm" type="radio" value="2" class="radio-block-control" id="radio-block-11" path="/scm[2]">
        CVS Projectset
      </label></td><td class="setting-no-help"></td></tr><tr nameref="radio-block-11" style="display: none;"><td class="setting-leftspace">&nbsp;</td><td class="setting-name"></td><td class="setting-main"><div class="repeated-container"><div name="repositories" class="repeated-chunk first last only"><table style="width:100%"><tbody><tr><td class="setting-leftspace">&nbsp;</td><td class="setting-name">CVSROOT</td><td class="setting-main">
   

  
  <input checkdependson="" checkurl="/job/molecular_voter/descriptorByName/hudson.scm.CvsRepository/checkCvsRoot" name="_.cvsRoot" type="text" class="setting-input validated  " value=""></td><td class="setting-help"><a helpurl="/descriptor/hudson.scm.CvsRepository/help/cvsRoot" href="#" class="help-button" tabindex="9999"><img src="/static/fd2e7eb0/images/16x16/help.png" alt="Help for feature: CVSROOT" style="width: 16px; height: 16px; " class="icon-help icon-sm"></a></td></tr><tr class="validation-error-area"><td colspan="2"></td><td><div class="error"><img src="/static/fd2e7eb0/images/none.gif" height="16" width="1">CVSROOT is mandatory</div></td><td></td></tr><tr class="help-area"><td></td><td colspan="2"><div class="help">Loading...</div></td><td></td></tr><tr class="optional-block-start " hashelp="false" ref="cb26"><td colspan="3"><input onclick="javascript:updateOptionalBlock(this,true)" name="passwordRequired" type="checkbox" class=" " id="cb26"><label class="attach-previous">This Connection Requires A Password</label></td><td class="setting-no-help"></td></tr><tr class="rowvg-start" style="display: none;"></tr><tr style="display: none;"><td class="setting-leftspace">&nbsp;</td><td class="setting-name">Password</td><td class="setting-main"><input name="_.password" type="password" class="setting-input " value=""></td><td class="setting-no-help"></td></tr><tr class="validation-error-area" style="display: none;"><td colspan="2"></td><td></td><td></td></tr><tr class=" rowvg-end optional-block-end"></tr><tr><td class="setting-leftspace">&nbsp;</td><td class="setting-name"></td><td class="setting-main"><div class="repeated-container"><div name="repositoryItems" class="repeated-chunk first last only"><table style="width:100%"><tbody><tr><td class="setting-leftspace">&nbsp;</td><td class="setting-name">Location</td><td class="setting-main"><select class="setting-input dropdownList"><option value="0">Branch</option><option value="1" selected="true">Head</option><option value="2">Tag</option></select></td><td class="setting-no-help"></td></tr><tr class="dropdownList-container"><td colspan="2"></td><td colspan="2"><table width="100%" name="location"><tbody><tr class="dropdownList-start rowvg-start" field-disabled="true" style="display: none;"></tr><tr field-disabled="true" style="display: none;"><td class="setting-leftspace">&nbsp;</td><td class="setting-name">Branch Name</td><td class="setting-main">
   

  
  <input name="_.branchName" type="text" class="setting-input   " value=""></td><td class="setting-no-help"></td></tr><tr class="validation-error-area" field-disabled="true" style="display: none;"><td colspan="2"></td><td></td><td></td></tr><tr field-disabled="true" style="display: none;"><td class="setting-leftspace">&nbsp;</td><td class="setting-name">Use Head If Not Found</td><td class="setting-main"><input name="_.useHeadIfNotFound" type="checkbox" class=" "></td><td class="setting-no-help"></td></tr><tr class="validation-error-area" field-disabled="true" style="display: none;"><td colspan="2"></td><td></td><td></td></tr><tr style="display: none;" field-disabled="true"><td><input name="stapler-class" type="hidden" value="hudson.scm.CvsRepositoryLocation$BranchRepositoryLocation"><input name="$class" type="hidden" value="hudson.scm.CvsRepositoryLocation$BranchRepositoryLocation"></td></tr><tr class="dropdownList-end rowvg-end"></tr><tr class="dropdownList-start rowvg-start"></tr><tr style=""><td><input name="stapler-class" type="hidden" value="hudson.scm.CvsRepositoryLocation$HeadRepositoryLocation"><input name="$class" type="hidden" value="hudson.scm.CvsRepositoryLocation$HeadRepositoryLocation"></td></tr><tr class="dropdownList-end rowvg-end"></tr><tr class="dropdownList-start rowvg-start" field-disabled="true" style="display: none;"></tr><tr field-disabled="true" style="display: none;"><td class="setting-leftspace">&nbsp;</td><td class="setting-name">Tag Name</td><td class="setting-main">
   

  
  <input name="_.tagName" type="text" class="setting-input   " value=""></td><td class="setting-no-help"></td></tr><tr class="validation-error-area" field-disabled="true" style="display: none;"><td colspan="2"></td><td></td><td></td></tr><tr field-disabled="true" style="display: none;"><td class="setting-leftspace">&nbsp;</td><td class="setting-name">Use Head If Not Found</td><td class="setting-main"><input name="_.useHeadIfNotFound" type="checkbox" class=" "></td><td class="setting-no-help"></td></tr><tr class="validation-error-area" field-disabled="true" style="display: none;"><td colspan="2"></td><td></td><td></td></tr><tr style="display: none;" field-disabled="true"><td><input name="stapler-class" type="hidden" value="hudson.scm.CvsRepositoryLocation$TagRepositoryLocation"><input name="$class" type="hidden" value="hudson.scm.CvsRepositoryLocation$TagRepositoryLocation"></td></tr><tr class="dropdownList-end rowvg-end"></tr></tbody></table></td></tr><tr><td class="setting-leftspace">&nbsp;</td><td class="setting-name">Modules</td><td class="setting-main"><div class="repeated-container"><div name="modules" class="repeated-chunk first last only"><table style="width:100%"><tbody><tr><td class="setting-leftspace">&nbsp;</td><td class="setting-name">Remote Name</td><td class="setting-main">
   

  
  <input checkdependson="" checkurl="/job/molecular_voter/descriptorByName/hudson.scm.CvsModule/checkRemoteName" name="_.remoteName" type="text" class="setting-input validated  " value=""></td><td class="setting-help"><a helpurl="/descriptor/hudson.scm.CvsModule/help/remoteName" href="#" class="help-button" tabindex="9999"><img src="/static/fd2e7eb0/images/16x16/help.png" alt="Help for feature: Remote Name" style="width: 16px; height: 16px; " class="icon-help icon-sm"></a></td></tr><tr class="validation-error-area"><td colspan="2"></td><td><div class="error"><img src="/static/fd2e7eb0/images/none.gif" height="16" width="1">Remote Name is mandatory</div></td><td></td></tr><tr class="help-area"><td></td><td colspan="2"><div class="help">Loading...</div></td><td></td></tr><tr><td class="setting-leftspace">&nbsp;</td><td class="setting-name">Local Name</td><td class="setting-main">
   

  
  <input name="_.localName" type="text" class="setting-input   " value=""></td><td class="setting-help"><a helpurl="/descriptor/hudson.scm.CvsModule/help/localName" href="#" class="help-button" tabindex="9999"><img src="/static/fd2e7eb0/images/16x16/help.png" alt="Help for feature: Local Name" style="width: 16px; height: 16px; " class="icon-help icon-sm"></a></td></tr><tr class="validation-error-area"><td colspan="2"></td><td></td><td></td></tr><tr class="help-area"><td></td><td colspan="2"><div class="help">Loading...</div></td><td></td></tr><tr><td class="setting-leftspace">&nbsp;</td><td class="setting-name">Projectset File Name</td><td class="setting-main">
   

  
  <input checkdependson="" checkurl="/job/molecular_voter/descriptorByName/hudson.scm.CvsModule/checkProjectsetFileName" name="_.projectsetFileName" type="text" class="setting-input validated  " value=""></td><td class="setting-help"><a helpurl="/descriptor/hudson.scm.CvsModule/help/projectsetFileName" href="#" class="help-button" tabindex="9999"><img src="/static/fd2e7eb0/images/16x16/help.png" alt="Help for feature: Projectset File Name" style="width: 16px; height: 16px; " class="icon-help icon-sm"></a></td></tr><tr class="validation-error-area"><td colspan="2"></td><td><div class="error"><img src="/static/fd2e7eb0/images/none.gif" height="16" width="1">Projectset file name is mandatory</div></td><td></td></tr><tr class="help-area"><td></td><td colspan="2"><div class="help">Loading...</div></td><td></td></tr><tr><td class="setting-leftspace">&nbsp;</td><td class="setting-name"></td><td class="setting-main"><div align="right"><span class="yui-button yui-push-button repeatable-add show-if-last" id="yui-gen16"><span class="first-child"><button type="button" tabindex="0" id="yui-gen16-button">Add more modules...</button></span></span><span class="yui-button yui-push-button repeatable-delete show-if-not-only" id="yui-gen25"><span class="first-child"><button type="button" tabindex="0" id="yui-gen25-button">Delete</button></span></span></div></td><td class="setting-no-help"></td></tr><tr class="validation-error-area"><td colspan="2"></td><td></td><td></td></tr></tbody></table></div><div class="repeatable-insertion-point"></div></div></td><td class="setting-no-help"></td></tr><tr class="validation-error-area"><td colspan="2"></td><td></td><td></td></tr><tr><td class="setting-leftspace">&nbsp;</td><td class="setting-name"></td><td class="setting-main"><div align="right"><span class="yui-button yui-push-button repeatable-add show-if-last" id="yui-gen17"><span class="first-child"><button type="button" tabindex="0" id="yui-gen17-button">Add more locations...</button></span></span><span class="yui-button yui-push-button repeatable-delete show-if-not-only" id="yui-gen26"><span class="first-child"><button type="button" tabindex="0" id="yui-gen26-button">Delete</button></span></span></div></td><td class="setting-no-help"></td></tr><tr class="validation-error-area"><td colspan="2"></td><td></td><td></td></tr></tbody></table></div><div class="repeatable-insertion-point"></div></div></td><td class="setting-no-help"></td></tr><tr class="validation-error-area"><td colspan="2"></td><td></td><td></td></tr><tr><td></td><td></td><td><div style="" class="advancedLink"><span style="display: none" id="id24"><img src="/static/fd2e7eb0/images/24x24/notepad.png" tooltip="One or more fields in this block have been edited." style="width: 24px; height: 24px; vertical-align: baseline" class="icon-notepad icon-md" title="One or more fields in this block have been edited."></span>&nbsp;<span class="yui-button yui-push-button advanced-button advancedButton" id="yui-gen9"><span class="first-child"><button type="button" tabindex="0" id="yui-gen9-button">Advanced...</button></span></span></div><table class="advancedBody"><tbody><tr><td colspan="4"><div class="section-header"><a id="section5" class="section-anchor">#</a>Advanced Repository Options</div></td></tr><tr><td class="setting-leftspace">&nbsp;</td><td class="setting-name">Repository browser</td><td class="setting-main"><select class="setting-input dropdownList"><option value="auto">(Auto)</option><option value="0">FishEye</option><option value="1">OpenGrok</option><option value="2">ViewCVS</option></select></td><td class="setting-help"><a helpurl="/help/scm-browsers/list.html" href="#" class="help-button" tabindex="9999"><img src="/static/fd2e7eb0/images/16x16/help.png" alt="Help for feature: Repository browser" style="width: 16px; height: 16px; " class="icon-help icon-sm"></a></td></tr><tr class="dropdownList-container"><td colspan="2"></td><td colspan="2"><table width="100%" name="repositoryBrowser"><tbody><tr class="dropdownList-start rowvg-start"></tr><tr class="dropdownList-end rowvg-end"></tr><tr class="dropdownList-start rowvg-start" field-disabled="true" style="display: none;"></tr><tr class="render-on-demand " proxy="makeStaplerProxy('/$stapler/bound/04062b24-6e7e-4686-9fc2-a4b53cece068','d9558d1b-578e-4743-a240-8717f9f0c41e',['render'])" field-disabled="true" style="display: none;"></tr><tr style="display: none;" field-disabled="true"><td><input name="stapler-class" type="hidden" value="hudson.scm.browsers.FishEyeCVS"><input name="$class" type="hidden" value="hudson.scm.browsers.FishEyeCVS"></td></tr><tr class="dropdownList-end rowvg-end"></tr><tr class="dropdownList-start rowvg-start" field-disabled="true" style="display: none;"></tr><tr class="render-on-demand " proxy="makeStaplerProxy('/$stapler/bound/8f7f8593-dbd6-4d0e-a93d-d42851ab5c5f','d9558d1b-578e-4743-a240-8717f9f0c41e',['render'])" field-disabled="true" style="display: none;"></tr><tr style="display: none;" field-disabled="true"><td><input name="stapler-class" type="hidden" value="hudson.scm.browsers.OpenGrok"><input name="$class" type="hidden" value="hudson.scm.browsers.OpenGrok"></td></tr><tr class="dropdownList-end rowvg-end"></tr><tr class="dropdownList-start rowvg-start" field-disabled="true" style="display: none;"></tr><tr class="render-on-demand " proxy="makeStaplerProxy('/$stapler/bound/c776ee91-08c4-4065-a5b8-cad857123a08','d9558d1b-578e-4743-a240-8717f9f0c41e',['render'])" field-disabled="true" style="display: none;"></tr><tr style="display: none;" field-disabled="true"><td><input name="stapler-class" type="hidden" value="hudson.scm.browsers.ViewCVS"><input name="$class" type="hidden" value="hudson.scm.browsers.ViewCVS"></td></tr><tr class="dropdownList-end rowvg-end"></tr></tbody></table></td></tr><tr class="help-area"><td></td><td colspan="2"><div class="help">Loading...</div></td><td></td></tr><tr><td class="setting-leftspace">&nbsp;</td><td class="setting-name">Exclude Regions</td><td class="setting-main"><div class="repeated-container"><div name="excludedRegions" class="repeated-chunk first last only"><table style="width:100%"><tbody><tr><td class="setting-leftspace">&nbsp;</td><td class="setting-name">Pattern</td><td class="setting-main">
   

  
  <input checkdependson="" checkurl="/job/molecular_voter/descriptorByName/hudson.scm.ExcludedRegion/checkPattern" name="_.pattern" type="text" class="setting-input validated  " value=""></td><td class="setting-no-help"></td></tr><tr class="validation-error-area"><td colspan="2"></td><td><div></div></td><td></td></tr><tr><td class="setting-leftspace">&nbsp;</td><td class="setting-name"></td><td class="setting-main"><div align="right"><span class="yui-button yui-push-button repeatable-add show-if-last" id="yui-gen18"><span class="first-child"><button type="button" tabindex="0" id="yui-gen18-button">Add more patterns...</button></span></span><span class="yui-button yui-push-button repeatable-delete show-if-not-only" id="yui-gen27"><span class="first-child"><button type="button" tabindex="0" id="yui-gen27-button">Delete</button></span></span></div></td><td class="setting-no-help"></td></tr><tr class="validation-error-area"><td colspan="2"></td><td></td><td></td></tr></tbody></table></div><div class="repeatable-insertion-point"></div></div></td><td class="setting-no-help"></td></tr><tr class="validation-error-area"><td colspan="2"></td><td></td><td></td></tr><tr><td class="setting-leftspace">&nbsp;</td><td class="setting-name">Compression Level</td><td class="setting-main">

   
  <select fillurl="/job/molecular_voter/descriptorByName/hudson.scm.CvsRepository/fillCompressionLevelItems" name="_.compressionLevel" class="setting-input  select " value=""><option value="-1">System Default</option><option value="0">None</option><option value="1">1</option><option value="2">2</option><option value="3">3 (Recommended)</option><option value="4">4</option><option value="5">5</option><option value="6">6</option><option value="7">7</option><option value="8">8</option><option value="9">9</option></select></td><td class="setting-no-help"></td></tr><tr class="validation-error-area"><td colspan="2"></td><td></td><td></td></tr></tbody></table></td><td></td></tr><tr><td class="setting-leftspace">&nbsp;</td><td class="setting-name"></td><td class="setting-main"><div align="right"><span class="yui-button yui-push-button repeatable-add show-if-last" id="yui-gen19"><span class="first-child"><button type="button" tabindex="0" id="yui-gen19-button">Add more repositories...</button></span></span><span class="yui-button yui-push-button repeatable-delete show-if-not-only" id="yui-gen28"><span class="first-child"><button type="button" tabindex="0" id="yui-gen28-button">Delete</button></span></span></div></td><td class="setting-no-help"></td></tr><tr class="validation-error-area"><td colspan="2"></td><td></td><td></td></tr></tbody></table></div><div class="repeatable-insertion-point"></div></div></td><td class="setting-no-help"></td></tr><tr class="validation-error-area" nameref="radio-block-11" style="display: none;"><td colspan="2"></td><td></td><td></td></tr><tr nameref="radio-block-11" style="display: none;"><td class="setting-leftspace">&nbsp;</td><td class="setting-name">Use Update</td><td class="setting-main"><input name="_.canUseUpdate" checked="true" type="checkbox" class=" "></td><td class="setting-help"><a helpurl="/descriptor/hudson.scm.CvsProjectset/help/canUseUpdate" href="#" class="help-button" tabindex="9999"><img src="/static/fd2e7eb0/images/16x16/help.png" alt="Help for feature: Use Update" style="width: 16px; height: 16px; " class="icon-help icon-sm"></a></td></tr><tr class="validation-error-area" nameref="radio-block-11" style="display: none;"><td colspan="2"></td><td></td><td></td></tr><tr class="help-area" nameref="radio-block-11" style="display: none;"><td></td><td colspan="2"><div class="help">Loading...</div></td><td></td></tr><tr nameref="radio-block-11" style="display: none;"><td class="setting-leftspace">&nbsp;</td><td class="setting-name">Username</td><td class="setting-main">
   

  
  <input name="_.username" type="text" class="setting-input   " value=""></td><td class="setting-help"><a helpurl="/descriptor/hudson.scm.CvsProjectset/help/username" href="#" class="help-button" tabindex="9999"><img src="/static/fd2e7eb0/images/16x16/help.png" alt="Help for feature: Username" style="width: 16px; height: 16px; " class="icon-help icon-sm"></a></td></tr><tr class="validation-error-area" nameref="radio-block-11" style="display: none;"><td colspan="2"></td><td></td><td></td></tr><tr class="help-area" nameref="radio-block-11" style="display: none;"><td></td><td colspan="2"><div class="help">Loading...</div></td><td></td></tr><tr nameref="radio-block-11" style="display: none;"><td class="setting-leftspace">&nbsp;</td><td class="setting-name">Password</td><td class="setting-main"><input name="_.password" type="password" class="setting-input " value=""></td><td class="setting-help"><a helpurl="/descriptor/hudson.scm.CvsProjectset/help/password" href="#" class="help-button" tabindex="9999"><img src="/static/fd2e7eb0/images/16x16/help.png" alt="Help for feature: Password" style="width: 16px; height: 16px; " class="icon-help icon-sm"></a></td></tr><tr class="validation-error-area" nameref="radio-block-11" style="display: none;"><td colspan="2"></td><td></td><td></td></tr><tr class="help-area" nameref="radio-block-11" style="display: none;"><td></td><td colspan="2"><div class="help">Loading...</div></td><td></td></tr><tr nameref="radio-block-11" style="display: none;"><td class="setting-leftspace">&nbsp;</td><td class="setting-name">Prune Empty Directories</td><td class="setting-main"><input name="_.pruneEmptyDirectories" checked="true" type="checkbox" class=" "></td><td class="setting-help"><a helpurl="/descriptor/hudson.scm.CvsProjectset/help/pruneEmptyDirectories" href="#" class="help-button" tabindex="9999"><img src="/static/fd2e7eb0/images/16x16/help.png" alt="Help for feature: Prune Empty Directories" style="width: 16px; height: 16px; " class="icon-help icon-sm"></a></td></tr><tr class="validation-error-area" nameref="radio-block-11" style="display: none;"><td colspan="2"></td><td></td><td></td></tr><tr class="help-area" nameref="radio-block-11" style="display: none;"><td></td><td colspan="2"><div class="help">Loading...</div></td><td></td></tr><tr nameref="radio-block-11" style="display: none;"><td class="setting-leftspace">&nbsp;</td><td class="setting-name">Skip Changelog</td><td class="setting-main"><input name="_.skipChangeLog" type="checkbox" class=" "></td><td class="setting-help"><a helpurl="/descriptor/hudson.scm.CvsProjectset/help/skipChangeLog" href="#" class="help-button" tabindex="9999"><img src="/static/fd2e7eb0/images/16x16/help.png" alt="Help for feature: Skip Changelog" style="width: 16px; height: 16px; " class="icon-help icon-sm"></a></td></tr><tr class="validation-error-area" nameref="radio-block-11" style="display: none;"><td colspan="2"></td><td></td><td></td></tr><tr class="help-area" nameref="radio-block-11" style="display: none;"><td></td><td colspan="2"><div class="help">Loading...</div></td><td></td></tr><tr nameref="radio-block-11" style="display: none;"><td class="setting-leftspace">&nbsp;</td><td class="setting-name">Show all CVS output</td><td class="setting-main"><input name="_.disableCvsQuiet" type="checkbox" class=" "></td><td class="setting-help"><a helpurl="/descriptor/hudson.scm.CvsProjectset/help/disableCvsQuiet" href="#" class="help-button" tabindex="9999"><img src="/static/fd2e7eb0/images/16x16/help.png" alt="Help for feature: Show all CVS output" style="width: 16px; height: 16px; " class="icon-help icon-sm"></a></td></tr><tr class="validation-error-area" nameref="radio-block-11" style="display: none;"><td colspan="2"></td><td></td><td></td></tr><tr class="help-area" nameref="radio-block-11" style="display: none;"><td></td><td colspan="2"><div class="help">Loading...</div></td><td></td></tr><tr nameref="radio-block-11" style="display: none;"><td class="setting-leftspace">&nbsp;</td><td class="setting-name">Perform clean checkout on failed update</td><td class="setting-main"><input name="_.cleanOnFailedUpdate" type="checkbox" class=" "></td><td class="setting-help"><a helpurl="/descriptor/hudson.scm.CvsProjectset/help/cleanOnFailedUpdate" href="#" class="help-button" tabindex="9999"><img src="/static/fd2e7eb0/images/16x16/help.png" alt="Help for feature: Perform clean checkout on failed update" style="width: 16px; height: 16px; " class="icon-help icon-sm"></a></td></tr><tr class="validation-error-area" nameref="radio-block-11" style="display: none;"><td colspan="2"></td><td></td><td></td></tr><tr class="help-area" nameref="radio-block-11" style="display: none;"><td></td><td colspan="2"><div class="help">Loading...</div></td><td></td></tr><tr nameref="radio-block-11" style="display: none;"><td class="setting-leftspace">&nbsp;</td><td class="setting-name">Repository browser</td><td class="setting-main"><select class="setting-input dropdownList"><option value="auto">(Auto)</option><option value="0">Cvs Facade Repository Browser</option><option value="1">FishEye</option><option value="2">OpenGrok</option><option value="3">ViewCVS</option></select></td><td class="setting-help"><a helpurl="/help/scm-browsers/list.html" href="#" class="help-button" tabindex="9999"><img src="/static/fd2e7eb0/images/16x16/help.png" alt="Help for feature: Repository browser" style="width: 16px; height: 16px; " class="icon-help icon-sm"></a></td></tr><tr class="dropdownList-container" nameref="radio-block-11" style="display: none;"><td colspan="2"></td><td colspan="2"><table width="100%" name="cvs.browser"><tbody><tr class="dropdownList-start rowvg-start"></tr><tr class="dropdownList-end rowvg-end"></tr><tr class="dropdownList-start rowvg-start" field-disabled="true" style="display: none;"></tr><tr class="render-on-demand " proxy="makeStaplerProxy('/$stapler/bound/e7281308-9c37-4d04-9a1a-6f31237047cb','d9558d1b-578e-4743-a240-8717f9f0c41e',['render'])" field-disabled="true" style="display: none;"></tr><tr style="display: none;" field-disabled="true"><td><input name="stapler-class" type="hidden" value="hudson.scm.browsers.CvsFacadeRepositoryBrowser"><input name="$class" type="hidden" value="hudson.scm.browsers.CvsFacadeRepositoryBrowser"></td></tr><tr class="dropdownList-end rowvg-end"></tr><tr class="dropdownList-start rowvg-start" field-disabled="true" style="display: none;"></tr><tr class="render-on-demand " proxy="makeStaplerProxy('/$stapler/bound/63f29110-9075-41c7-a089-ecbca4f5f17b','d9558d1b-578e-4743-a240-8717f9f0c41e',['render'])" field-disabled="true" style="display: none;"></tr><tr style="display: none;" field-disabled="true"><td><input name="stapler-class" type="hidden" value="hudson.scm.browsers.FishEyeCVS"><input name="$class" type="hidden" value="hudson.scm.browsers.FishEyeCVS"></td></tr><tr class="dropdownList-end rowvg-end"></tr><tr class="dropdownList-start rowvg-start" field-disabled="true" style="display: none;"></tr><tr class="render-on-demand " proxy="makeStaplerProxy('/$stapler/bound/9f72f8ac-3680-4174-9c59-1046cdc63880','d9558d1b-578e-4743-a240-8717f9f0c41e',['render'])" field-disabled="true" style="display: none;"></tr><tr style="display: none;" field-disabled="true"><td><input name="stapler-class" type="hidden" value="hudson.scm.browsers.OpenGrok"><input name="$class" type="hidden" value="hudson.scm.browsers.OpenGrok"></td></tr><tr class="dropdownList-end rowvg-end"></tr><tr class="dropdownList-start rowvg-start" field-disabled="true" style="display: none;"></tr><tr class="render-on-demand " proxy="makeStaplerProxy('/$stapler/bound/86528b1a-2442-4353-8b3d-4c8ba7fca065','d9558d1b-578e-4743-a240-8717f9f0c41e',['render'])" field-disabled="true" style="display: none;"></tr><tr style="display: none;" field-disabled="true"><td><input name="stapler-class" type="hidden" value="hudson.scm.browsers.ViewCVS"><input name="$class" type="hidden" value="hudson.scm.browsers.ViewCVS"></td></tr><tr class="dropdownList-end rowvg-end"></tr></tbody></table></td></tr><tr class="help-area" nameref="radio-block-11" style="display: none;"><td></td><td colspan="2"><div class="help">Loading...</div></td><td></td></tr><tr style="display:none" class="row-set-end radio-block-end"></tr><tr class="radio-block-start row-set-start" hashelp="false" ref="radio-block-12"><td colspan="3"><label><input name="scm" type="radio" value="3" class="radio-block-control" id="radio-block-12" path="/scm[3]">
        Subversion
      </label></td><td class="setting-no-help"></td></tr><tr nameref="radio-block-12" style="display: none;"><td class="setting-leftspace">&nbsp;</td><td class="setting-name">Modules</td><td class="setting-main"><div class="repeated-container"><div name="locations" class="repeated-chunk first last only"><table width="100%"><tbody><tr><td class="setting-leftspace">&nbsp;</td><td class="setting-name">Repository URL</td><td class="setting-main">
   

  
  <input checkdependson="" id="svn.remote.loc" checkurl="/job/molecular_voter/descriptorByName/hudson.scm.SubversionSCM/checkRemote" name="_.remote" type="text" class="setting-input validated  " value=""></td><td class="setting-help"><a helpurl="/scm/SubversionSCM/url-help" href="#" class="help-button" tabindex="9999"><img src="/static/fd2e7eb0/images/16x16/help.png" alt="Help for feature: Repository URL" style="width: 16px; height: 16px; " class="icon-help icon-sm"></a></td></tr><tr class="validation-error-area"><td colspan="2"></td><td><div class="error"><img src="/static/fd2e7eb0/images/none.gif" height="16" width="1">Repository URL is required.</div></td><td></td></tr><tr class="help-area"><td></td><td colspan="2"><div class="help">Loading...</div></td><td></td></tr><tr><td class="setting-leftspace">&nbsp;</td><td class="setting-name">Local module directory (optional)</td><td class="setting-main">
   

  
  <input checkdependson="" checkurl="/job/molecular_voter/descriptorByName/hudson.scm.SubversionSCM/checkLocal" name="_.local" type="text" class="setting-input validated  " value="."></td><td class="setting-help"><a helpurl="/descriptor/hudson.scm.SubversionSCM/help/local" href="#" class="help-button" tabindex="9999"><img src="/static/fd2e7eb0/images/16x16/help.png" alt="Help for feature: Local module directory (optional)" style="width: 16px; height: 16px; " class="icon-help icon-sm"></a></td></tr><tr class="validation-error-area"><td colspan="2"></td><td><div></div></td><td></td></tr><tr class="help-area"><td></td><td colspan="2"><div class="help">Loading...</div></td><td></td></tr><tr><td class="setting-leftspace">&nbsp;</td><td class="setting-name">Repository depth</td><td class="setting-main"><select name="depthOption"><option value="infinity">infinity</option><option value="empty">empty</option><option value="files">files</option><option value="immediates">immediates</option><option value="unknown">as-it-is</option></select></td><td class="setting-help"><a helpurl="/descriptor/hudson.scm.SubversionSCM/help/depthOption" href="#" class="help-button" tabindex="9999"><img src="/static/fd2e7eb0/images/16x16/help.png" alt="Help for feature: Repository depth" style="width: 16px; height: 16px; " class="icon-help icon-sm"></a></td></tr><tr class="validation-error-area"><td colspan="2"></td><td></td><td></td></tr><tr class="help-area"><td></td><td colspan="2"><div class="help">Loading...</div></td><td></td></tr><tr><td class="setting-leftspace">&nbsp;</td><td class="setting-name">Ignore externals</td><td class="setting-main"><input name="_.ignoreExternalsOption" type="checkbox" class=" "></td><td class="setting-help"><a helpurl="/descriptor/hudson.scm.SubversionSCM/help/ignoreExternalsOption" href="#" class="help-button" tabindex="9999"><img src="/static/fd2e7eb0/images/16x16/help.png" alt="Help for feature: Ignore externals" style="width: 16px; height: 16px; " class="icon-help icon-sm"></a></td></tr><tr class="validation-error-area"><td colspan="2"></td><td></td><td></td></tr><tr class="help-area"><td></td><td colspan="2"><div class="help">Loading...</div></td><td></td></tr><tr><td class="setting-leftspace">&nbsp;</td><td class="setting-name"></td><td class="setting-main"><div align="right"><span class="yui-button yui-push-button repeatable-add show-if-last" id="yui-gen20"><span class="first-child"><button type="button" tabindex="0" id="yui-gen20-button">Add more locations...</button></span></span><span class="yui-button yui-push-button repeatable-delete show-if-not-only" id="yui-gen29"><span class="first-child"><button type="button" tabindex="0" id="yui-gen29-button">Delete</button></span></span></div></td><td class="setting-no-help"></td></tr><tr class="validation-error-area"><td colspan="2"></td><td></td><td></td></tr></tbody></table></div><div class="repeatable-insertion-point"></div></div></td><td class="setting-no-help"></td></tr><tr class="validation-error-area" nameref="radio-block-12" style="display: none;"><td colspan="2"></td><td></td><td></td></tr><tr nameref="radio-block-12" style="display: none;"><td class="setting-leftspace">&nbsp;</td><td class="setting-name">Check-out Strategy</td><td class="setting-main"><select class="setting-input dropdownList"><option value="0">Use 'svn update' as much as possible</option><option value="1">Always check out a fresh copy</option><option value="2">Emulate clean checkout by first deleting unversioned/ignored files, then 'svn update'</option><option value="3">Use 'svn update' as much as possible, with 'svn revert' before update</option></select></td><td class="setting-no-help"></td></tr><tr class="dropdownList-container" nameref="radio-block-12" style="display: none;"><td colspan="2"></td><td colspan="2"><table width="100%" name="workspaceUpdater"><tbody><tr class="dropdownList-start rowvg-start"></tr>
      
      <tr><td colspan="2"></td><td class="setting-description">Use 'svn update' whenever possible, making the build faster. But this causes the artifacts from the previous build to remain when a new build starts.</td><td></td></tr><tr style=""><td><input name="stapler-class" type="hidden" value="hudson.scm.subversion.UpdateUpdater"><input name="$class" type="hidden" value="hudson.scm.subversion.UpdateUpdater"></td></tr><tr class="dropdownList-end rowvg-end"></tr><tr class="dropdownList-start rowvg-start" field-disabled="true" style="display: none;"></tr><tr class="render-on-demand " proxy="makeStaplerProxy('/$stapler/bound/82d2422b-b2e1-449d-b4cd-48dec4b0d92a','d9558d1b-578e-4743-a240-8717f9f0c41e',['render'])" field-disabled="true" style="display: none;"></tr><tr style="display: none;" field-disabled="true"><td><input name="stapler-class" type="hidden" value="hudson.scm.subversion.CheckoutUpdater"><input name="$class" type="hidden" value="hudson.scm.subversion.CheckoutUpdater"></td></tr><tr class="dropdownList-end rowvg-end"></tr><tr class="dropdownList-start rowvg-start" field-disabled="true" style="display: none;"></tr><tr class="render-on-demand " proxy="makeStaplerProxy('/$stapler/bound/7b81285b-14a5-4648-8e1e-fa2d078bcd6a','d9558d1b-578e-4743-a240-8717f9f0c41e',['render'])" field-disabled="true" style="display: none;"></tr><tr style="display: none;" field-disabled="true"><td><input name="stapler-class" type="hidden" value="hudson.scm.subversion.UpdateWithCleanUpdater"><input name="$class" type="hidden" value="hudson.scm.subversion.UpdateWithCleanUpdater"></td></tr><tr class="dropdownList-end rowvg-end"></tr><tr class="dropdownList-start rowvg-start" field-disabled="true" style="display: none;"></tr><tr class="render-on-demand " proxy="makeStaplerProxy('/$stapler/bound/0eb44ccd-b123-4a22-a91a-0995846d3c17','d9558d1b-578e-4743-a240-8717f9f0c41e',['render'])" field-disabled="true" style="display: none;"></tr><tr style="display: none;" field-disabled="true"><td><input name="stapler-class" type="hidden" value="hudson.scm.subversion.UpdateWithRevertUpdater"><input name="$class" type="hidden" value="hudson.scm.subversion.UpdateWithRevertUpdater"></td></tr><tr class="dropdownList-end rowvg-end"></tr></tbody></table></td></tr><tr nameref="radio-block-12" style="display: none;"><td class="setting-leftspace">&nbsp;</td><td class="setting-name">Repository browser</td><td class="setting-main"><select class="setting-input dropdownList"><option value="auto">(Auto)</option><option value="0">Assembla</option><option value="1">CollabNet</option><option value="2">FishEye</option><option value="3">SVN::Web</option><option value="4">Sventon 1.x</option><option value="5">Sventon 2.x</option><option value="6">ViewSVN</option><option value="7">WebSVN</option></select></td><td class="setting-help"><a helpurl="/help/scm-browsers/list.html" href="#" class="help-button" tabindex="9999"><img src="/static/fd2e7eb0/images/16x16/help.png" alt="Help for feature: Repository browser" style="width: 16px; height: 16px; " class="icon-help icon-sm"></a></td></tr><tr class="dropdownList-container" nameref="radio-block-12" style="display: none;"><td colspan="2"></td><td colspan="2"><table width="100%" name="svn.browser"><tbody><tr class="dropdownList-start rowvg-start"></tr><tr class="dropdownList-end rowvg-end"></tr><tr class="dropdownList-start rowvg-start" field-disabled="true" style="display: none;"></tr><tr class="render-on-demand " proxy="makeStaplerProxy('/$stapler/bound/2d0986f1-1410-47d8-912e-500cee1505e8','d9558d1b-578e-4743-a240-8717f9f0c41e',['render'])" field-disabled="true" style="display: none;"></tr><tr style="display: none;" field-disabled="true"><td><input name="stapler-class" type="hidden" value="hudson.scm.browsers.Assembla"><input name="$class" type="hidden" value="hudson.scm.browsers.Assembla"></td></tr><tr class="dropdownList-end rowvg-end"></tr><tr class="dropdownList-start rowvg-start" field-disabled="true" style="display: none;"></tr><tr class="render-on-demand " proxy="makeStaplerProxy('/$stapler/bound/2e3572b9-1336-42f9-ab8f-8f68f1cc3b9f','d9558d1b-578e-4743-a240-8717f9f0c41e',['render'])" field-disabled="true" style="display: none;"></tr><tr style="display: none;" field-disabled="true"><td><input name="stapler-class" type="hidden" value="hudson.scm.browsers.CollabNetSVN"><input name="$class" type="hidden" value="hudson.scm.browsers.CollabNetSVN"></td></tr><tr class="dropdownList-end rowvg-end"></tr><tr class="dropdownList-start rowvg-start" field-disabled="true" style="display: none;"></tr><tr class="render-on-demand " proxy="makeStaplerProxy('/$stapler/bound/0ac55bc8-789d-4f37-9314-10a65e9c2f34','d9558d1b-578e-4743-a240-8717f9f0c41e',['render'])" field-disabled="true" style="display: none;"></tr><tr style="display: none;" field-disabled="true"><td><input name="stapler-class" type="hidden" value="hudson.scm.browsers.FishEyeSVN"><input name="$class" type="hidden" value="hudson.scm.browsers.FishEyeSVN"></td></tr><tr class="dropdownList-end rowvg-end"></tr><tr class="dropdownList-start rowvg-start" field-disabled="true" style="display: none;"></tr><tr class="render-on-demand " proxy="makeStaplerProxy('/$stapler/bound/9e5e149d-a99e-4b89-809a-9fc261090ba8','d9558d1b-578e-4743-a240-8717f9f0c41e',['render'])" field-disabled="true" style="display: none;"></tr><tr style="display: none;" field-disabled="true"><td><input name="stapler-class" type="hidden" value="hudson.scm.browsers.SVNWeb"><input name="$class" type="hidden" value="hudson.scm.browsers.SVNWeb"></td></tr><tr class="dropdownList-end rowvg-end"></tr><tr class="dropdownList-start rowvg-start" field-disabled="true" style="display: none;"></tr><tr class="render-on-demand " proxy="makeStaplerProxy('/$stapler/bound/3a704380-c5fa-4c47-9b42-f515dbb01213','d9558d1b-578e-4743-a240-8717f9f0c41e',['render'])" field-disabled="true" style="display: none;"></tr><tr style="display: none;" field-disabled="true"><td><input name="stapler-class" type="hidden" value="hudson.scm.browsers.Sventon"><input name="$class" type="hidden" value="hudson.scm.browsers.Sventon"></td></tr><tr class="dropdownList-end rowvg-end"></tr><tr class="dropdownList-start rowvg-start" field-disabled="true" style="display: none;"></tr><tr class="render-on-demand " proxy="makeStaplerProxy('/$stapler/bound/b4bc496e-9406-4b19-9f38-009085a20a58','d9558d1b-578e-4743-a240-8717f9f0c41e',['render'])" field-disabled="true" style="display: none;"></tr><tr style="display: none;" field-disabled="true"><td><input name="stapler-class" type="hidden" value="hudson.scm.browsers.Sventon2"><input name="$class" type="hidden" value="hudson.scm.browsers.Sventon2"></td></tr><tr class="dropdownList-end rowvg-end"></tr><tr class="dropdownList-start rowvg-start" field-disabled="true" style="display: none;"></tr><tr class="render-on-demand " proxy="makeStaplerProxy('/$stapler/bound/8681d607-f864-47aa-8ee5-d12dbe381368','d9558d1b-578e-4743-a240-8717f9f0c41e',['render'])" field-disabled="true" style="display: none;"></tr><tr style="display: none;" field-disabled="true"><td><input name="stapler-class" type="hidden" value="hudson.scm.browsers.ViewSVN"><input name="$class" type="hidden" value="hudson.scm.browsers.ViewSVN"></td></tr><tr class="dropdownList-end rowvg-end"></tr><tr class="dropdownList-start rowvg-start" field-disabled="true" style="display: none;"></tr><tr class="render-on-demand " proxy="makeStaplerProxy('/$stapler/bound/9b383386-ec6e-485a-bb0e-af42f654d700','d9558d1b-578e-4743-a240-8717f9f0c41e',['render'])" field-disabled="true" style="display: none;"></tr><tr style="display: none;" field-disabled="true"><td><input name="stapler-class" type="hidden" value="hudson.scm.browsers.WebSVN"><input name="$class" type="hidden" value="hudson.scm.browsers.WebSVN"></td></tr><tr class="dropdownList-end rowvg-end"></tr></tbody></table></td></tr><tr class="help-area" nameref="radio-block-12" style="display: none;"><td></td><td colspan="2"><div class="help">Loading...</div></td><td></td></tr><tr nameref="radio-block-12" style="display: none;"><td></td><td></td><td><div style="" class="advancedLink"><span style="display: none" id="id25"><img src="/static/fd2e7eb0/images/24x24/notepad.png" tooltip="One or more fields in this block have been edited." style="width: 24px; height: 24px; vertical-align: baseline" class="icon-notepad icon-md" title="One or more fields in this block have been edited."></span>&nbsp;<span class="yui-button yui-push-button advanced-button advancedButton" id="yui-gen10"><span class="first-child"><button type="button" tabindex="0" id="yui-gen10-button">Advanced...</button></span></span></div><table class="advancedBody"><tbody><tr><td class="setting-leftspace">&nbsp;</td><td class="setting-name">Ignore Property Changes on directories</td><td class="setting-main"><input name="_.ignoreDirPropChanges" type="checkbox" class=" "></td><td class="setting-help"><a helpurl="/descriptor/hudson.scm.SubversionSCM/help/ignoreDirPropChanges" href="#" class="help-button" tabindex="9999"><img src="/static/fd2e7eb0/images/16x16/help.png" alt="Help for feature: Ignore Property Changes on directories" style="width: 16px; height: 16px; " class="icon-help icon-sm"></a></td></tr><tr class="validation-error-area"><td colspan="2"></td><td></td><td></td></tr><tr class="help-area"><td></td><td colspan="2"><div class="help">Loading...</div></td><td></td></tr><tr><td class="setting-leftspace">&nbsp;</td><td class="setting-name">Excluded Regions</td><td class="setting-main"><textarea checkdependson="" name="_.excludedRegions" rows="5" class="setting-input validated  " checkurl="/job/molecular_voter/descriptorByName/hudson.scm.SubversionSCM/checkExcludedRegions"></textarea><div class="textarea-handle"></div></td><td class="setting-help"><a helpurl="/descriptor/hudson.scm.SubversionSCM/help/excludedRegions" href="#" class="help-button" tabindex="9999"><img src="/static/fd2e7eb0/images/16x16/help.png" alt="Help for feature: Excluded Regions" style="width: 16px; height: 16px; " class="icon-help icon-sm"></a></td></tr><tr class="validation-error-area"><td colspan="2"></td><td><div></div></td><td></td></tr><tr class="help-area"><td></td><td colspan="2"><div class="help">Loading...</div></td><td></td></tr><tr><td class="setting-leftspace">&nbsp;</td><td class="setting-name">Included Regions</td><td class="setting-main"><textarea checkdependson="" name="_.includedRegions" rows="5" class="setting-input validated  " checkurl="/job/molecular_voter/descriptorByName/hudson.scm.SubversionSCM/checkIncludedRegions"></textarea><div class="textarea-handle"></div></td><td class="setting-help"><a helpurl="/descriptor/hudson.scm.SubversionSCM/help/includedRegions" href="#" class="help-button" tabindex="9999"><img src="/static/fd2e7eb0/images/16x16/help.png" alt="Help for feature: Included Regions" style="width: 16px; height: 16px; " class="icon-help icon-sm"></a></td></tr><tr class="validation-error-area"><td colspan="2"></td><td><div></div></td><td></td></tr><tr class="help-area"><td></td><td colspan="2"><div class="help">Loading...</div></td><td></td></tr><tr><td class="setting-leftspace">&nbsp;</td><td class="setting-name">Excluded Users</td><td class="setting-main"><textarea checkdependson="" name="_.excludedUsers" rows="5" class="setting-input validated  " checkurl="/job/molecular_voter/descriptorByName/hudson.scm.SubversionSCM/checkExcludedUsers"></textarea><div class="textarea-handle"></div></td><td class="setting-help"><a helpurl="/descriptor/hudson.scm.SubversionSCM/help/excludedUsers" href="#" class="help-button" tabindex="9999"><img src="/static/fd2e7eb0/images/16x16/help.png" alt="Help for feature: Excluded Users" style="width: 16px; height: 16px; " class="icon-help icon-sm"></a></td></tr><tr class="validation-error-area"><td colspan="2"></td><td><div></div></td><td></td></tr><tr class="help-area"><td></td><td colspan="2"><div class="help">Loading...</div></td><td></td></tr><tr><td class="setting-leftspace">&nbsp;</td><td class="setting-name">Excluded Commit Messages</td><td class="setting-main"><textarea checkdependson="" name="_.excludedCommitMessages" rows="5" class="setting-input validated  " checkurl="/job/molecular_voter/descriptorByName/hudson.scm.SubversionSCM/checkExcludedCommitMessages"></textarea><div class="textarea-handle"></div></td><td class="setting-help"><a helpurl="/descriptor/hudson.scm.SubversionSCM/help/excludedCommitMessages" href="#" class="help-button" tabindex="9999"><img src="/static/fd2e7eb0/images/16x16/help.png" alt="Help for feature: Excluded Commit Messages" style="width: 16px; height: 16px; " class="icon-help icon-sm"></a></td></tr><tr class="validation-error-area"><td colspan="2"></td><td><div></div></td><td></td></tr><tr class="help-area"><td></td><td colspan="2"><div class="help">Loading...</div></td><td></td></tr><tr><td class="setting-leftspace">&nbsp;</td><td class="setting-name">Exclusion revprop name</td><td class="setting-main">
   

  
  <input checkurl="'descriptorByName/hudson.scm.SubversionSCM/checkRevisionPropertiesSupported?value='+toValue(document.getElementById('svn.remote.loc'))" name="_.excludedRevprop" type="text" class="setting-input validated  " value=""></td><td class="setting-help"><a helpurl="/descriptor/hudson.scm.SubversionSCM/help/excludedRevprop" href="#" class="help-button" tabindex="9999"><img src="/static/fd2e7eb0/images/16x16/help.png" alt="Help for feature: Exclusion revprop name" style="width: 16px; height: 16px; " class="icon-help icon-sm"></a></td></tr><tr class="validation-error-area"><td colspan="2"></td><td><div></div></td><td></td></tr><tr class="help-area"><td></td><td colspan="2"><div class="help">Loading...</div></td><td></td></tr><tr><td class="setting-leftspace">&nbsp;</td><td class="setting-name">Filter changelog</td><td class="setting-main"><input name="_.filterChangelog" type="checkbox" class=" "></td><td class="setting-help"><a helpurl="/descriptor/hudson.scm.SubversionSCM/help/filterChangelog" href="#" class="help-button" tabindex="9999"><img src="/static/fd2e7eb0/images/16x16/help.png" alt="Help for feature: Filter changelog" style="width: 16px; height: 16px; " class="icon-help icon-sm"></a></td></tr><tr class="validation-error-area"><td colspan="2"></td><td></td><td></td></tr><tr class="help-area"><td></td><td colspan="2"><div class="help">Loading...</div></td><td></td></tr></tbody></table></td><td></td></tr><tr style="display:none" class="row-set-end radio-block-end"></tr><tr><td colspan="4"><div class="section-header"><a id="section6" class="section-anchor">#</a>Build Triggers</div></td></tr><tr class="optional-block-start row-set-start" hashelp="true" ref="cb27"><td colspan="3"><input onclick="javascript:updateOptionalBlock(this,true)" name="jenkins-triggers-ReverseBuildTrigger" type="checkbox" class=" " id="cb27" path="/jenkins-triggers-ReverseBuildTrigger"><label class="attach-previous">Build after other projects are built</label></td><td class="setting-help"><a helpurl="/descriptor/jenkins.triggers.ReverseBuildTrigger/help" href="#" class="help-button" tabindex="9999"><img src="/static/fd2e7eb0/images/16x16/help.png" alt="Help for feature: Build after other projects are built" style="width: 16px; height: 16px; " class="icon-help icon-sm"></a></td></tr><tr class="help-area" nameref="cb27"><td></td><td colspan="2"><div class="help">Loading...</div></td><td></td></tr><tr class="rowvg-start" nameref="cb27" style="display: none;"></tr><tr nameref="cb27" style="display: none;"><td class="setting-leftspace">&nbsp;</td><td class="setting-name">Projects to watch</td><td class="setting-main">
   

  
  <input checkdependson="" autocompleteurl="/job/molecular_voter/descriptorByName/jenkins.triggers.ReverseBuildTrigger/autoCompleteUpstreamProjects" checkurl="/job/molecular_voter/descriptorByName/jenkins.triggers.ReverseBuildTrigger/checkUpstreamProjects" autocompletedelimchar="," name="_.upstreamProjects" type="text" class="setting-input validated auto-complete  yui-ac-input" value="" autocomplete="off" style="position: relative;"><div class="yui-ac-container"><div class="yui-ac-content" style="display: none;"><div class="yui-ac-hd" style="display: none;"></div><div class="yui-ac-bd"><ul><li style="display: none;"></li><li style="display: none;"></li><li style="display: none;"></li><li style="display: none;"></li><li style="display: none;"></li><li style="display: none;"></li><li style="display: none;"></li><li style="display: none;"></li><li style="display: none;"></li><li style="display: none;"></li></ul></div><div class="yui-ac-ft" style="display: none;"></div></div></div></td><td class="setting-no-help"></td></tr><tr class="validation-error-area" nameref="cb27" style="display: none;"><td colspan="2"></td><td><div class="error"><img src="/static/fd2e7eb0/images/none.gif" height="16" width="1">No project specified</div></td><td></td></tr><tr nameref="cb27" style="display: none;"><td class="setting-leftspace">&nbsp;</td><td class="setting-name"></td><td class="setting-main"><input name="ReverseBuildTrigger.threshold" checked="true" type="radio" value="SUCCESS"><label class="attach-previous">Trigger only if build is stable</label></td><td class="setting-no-help"></td></tr><tr class="validation-error-area" nameref="cb27" style="display: none;"><td colspan="2"></td><td></td><td></td></tr><tr nameref="cb27" style="display: none;"><td class="setting-leftspace">&nbsp;</td><td class="setting-name"></td><td class="setting-main"><input name="ReverseBuildTrigger.threshold" type="radio" value="UNSTABLE"><label class="attach-previous">Trigger even if the build is unstable</label></td><td class="setting-no-help"></td></tr><tr class="validation-error-area" nameref="cb27" style="display: none;"><td colspan="2"></td><td></td><td></td></tr><tr nameref="cb27" style="display: none;"><td class="setting-leftspace">&nbsp;</td><td class="setting-name"></td><td class="setting-main"><input name="ReverseBuildTrigger.threshold" type="radio" value="FAILURE"><label class="attach-previous">Trigger even if the build fails</label></td><td class="setting-no-help"></td></tr><tr class="validation-error-area" nameref="cb27" style="display: none;"><td colspan="2"></td><td></td><td></td></tr><tr class="row-set-end rowvg-end optional-block-end"></tr><tr class="optional-block-start row-set-start" hashelp="true" ref="cb28"><td colspan="3"><input onclick="javascript:updateOptionalBlock(this,true)" name="hudson-triggers-TimerTrigger" type="checkbox" class=" " id="cb28" path="/hudson-triggers-TimerTrigger"><label class="attach-previous">Build periodically</label></td><td class="setting-help"><a helpurl="/descriptor/hudson.triggers.TimerTrigger/help" href="#" class="help-button" tabindex="9999"><img src="/static/fd2e7eb0/images/16x16/help.png" alt="Help for feature: Build periodically" style="width: 16px; height: 16px; " class="icon-help icon-sm"></a></td></tr><tr class="help-area" nameref="cb28"><td></td><td colspan="2"><div class="help">Loading...</div></td><td></td></tr><tr class="rowvg-start" nameref="cb28" style="display: none;"></tr><tr nameref="cb28" style="display: none;"><td class="setting-leftspace">&nbsp;</td><td class="setting-name">Schedule</td><td class="setting-main"><textarea checkdependson="" name="_.spec" rows="5" class="setting-input validated  " checkurl="/job/molecular_voter/descriptorByName/hudson.triggers.TimerTrigger/checkSpec"></textarea><div class="textarea-handle"></div></td><td class="setting-help"><a helpurl="/descriptor/hudson.triggers.TimerTrigger/help/spec" href="#" class="help-button" tabindex="9999"><img src="/static/fd2e7eb0/images/16x16/help.png" alt="Help for feature: Schedule" style="width: 16px; height: 16px; " class="icon-help icon-sm"></a></td></tr><tr class="validation-error-area" nameref="cb28" style="display: none;"><td colspan="2"></td><td><div class="warning"><img src="/static/fd2e7eb0/images/none.gif" height="16" width="1">No schedules so will never run</div></td><td></td></tr><tr class="help-area" nameref="cb28" style="display: none;"><td></td><td colspan="2"><div class="help">Loading...</div></td><td></td></tr><tr class="row-set-end rowvg-end optional-block-end"></tr><tr class="optional-block-start row-set-start" hashelp="true" ref="cb29"><td colspan="3"><input onclick="javascript:updateOptionalBlock(this,true)" name="hudson-triggers-SCMTrigger" type="checkbox" class=" " id="cb29" path="/hudson-triggers-SCMTrigger"><label class="attach-previous">Poll SCM</label></td><td class="setting-help"><a helpurl="/descriptor/hudson.triggers.SCMTrigger/help" href="#" class="help-button" tabindex="9999"><img src="/static/fd2e7eb0/images/16x16/help.png" alt="Help for feature: Poll SCM" style="width: 16px; height: 16px; " class="icon-help icon-sm"></a></td></tr><tr class="help-area" nameref="cb29"><td></td><td colspan="2"><div class="help">Loading...</div></td><td></td></tr><tr class="rowvg-start" nameref="cb29" style="display: none;"></tr><tr nameref="cb29" style="display: none;"><td class="setting-leftspace">&nbsp;</td><td class="setting-name">Schedule</td><td class="setting-main"><textarea name="scmpoll_spec" rows="5" class="setting-input validated  " checkurl="'/trigger/TimerTrigger/check?value='+encodeURIComponent(this.value)"></textarea><div class="textarea-handle"></div></td><td class="setting-help"><a helpurl="/descriptor/hudson.triggers.TimerTrigger/help/spec" href="#" class="help-button" tabindex="9999"><img src="/static/fd2e7eb0/images/16x16/help.png" alt="Help for feature: Schedule" style="width: 16px; height: 16px; " class="icon-help icon-sm"></a></td></tr><tr class="validation-error-area" nameref="cb29" style="display: none;"><td colspan="2"></td><td><div class="warning"><img src="/static/fd2e7eb0/images/none.gif" height="16" width="1">No schedules so will never run</div></td><td></td></tr><tr class="help-area" nameref="cb29" style="display: none;"><td></td><td colspan="2"><div class="help">Loading...</div></td><td></td></tr><tr nameref="cb29" style="display: none;"><td class="setting-leftspace">&nbsp;</td><td class="setting-name">Ignore post-commit hooks</td><td class="setting-main"><input name="_.ignorePostCommitHooks" type="checkbox" class=" "></td><td class="setting-help"><a helpurl="/descriptor/hudson.triggers.SCMTrigger/help/ignorePostCommitHooks" href="#" class="help-button" tabindex="9999"><img src="/static/fd2e7eb0/images/16x16/help.png" alt="Help for feature: Ignore post-commit hooks" style="width: 16px; height: 16px; " class="icon-help icon-sm"></a></td></tr><tr class="validation-error-area" nameref="cb29" style="display: none;"><td colspan="2"></td><td></td><td></td></tr><tr class="help-area" nameref="cb29" style="display: none;"><td></td><td colspan="2"><div class="help">Loading...</div></td><td></td></tr><tr class="row-set-end rowvg-end optional-block-end"></tr><tr><td colspan="4"><div class="section-header"><a id="section7" class="section-anchor">#</a>Build</div></td></tr><tr><td colspan="4"><div class="hetero-list-container with-drag-drop  "><div class="repeatable-insertion-point"></div><div><span class="yui-button yui-menu-button" id="yui-gen3"><span class="first-child"><button type="button" tabindex="0" id="yui-gen3-button" class="hetero-list-add" suffix="builder" path="/hetero-list-add[builder]">Add build step</button></span></span></div></div></td></tr><tr><td colspan="4"><div class="section-header"><a id="section8" class="section-anchor">#</a>Post-build Actions</div></td></tr><tr><td colspan="4"><div class="hetero-list-container with-drag-drop one-each honor-order"><div class="repeatable-insertion-point"></div><div><span class="yui-button yui-menu-button" id="yui-gen5"><span class="first-child"><button type="button" tabindex="0" id="yui-gen5-button" class="hetero-list-add" suffix="publisher" path="/hetero-list-add[publisher]">Add post-build action</button></span></span></div></div></td></tr><tr><td colspan="4"><div style="height: 74px;"></div><div id="bottom-sticker" style="position: fixed; bottom: 0px; left: 338px;"><div class="bottom-sticker-edge"></div><div class="bottom-sticker-inner"><span class="yui-button yui-submit-button submit-button primary" id="yui-gen30" name="Submit" path="/Submit"><span class="first-child"><button type="button" tabindex="0" id="yui-gen30-button">Save</button></span></span><script src="/adjuncts/fd2e7eb0/lib/form/apply/apply.js" type="text/javascript"></script><input type="hidden" name="core:apply" value="" path="/core:apply"><span class="yui-button yui-push-button apply-button applyButton" id="yui-gen11" name="Apply" path="/Apply"><span class="first-child"><button type="button" tabindex="0" id="yui-gen11-button" path="/Apply/apply-button">Apply</button></span></span></div></div></td></tr></tbody></table><div><input type="hidden" name="json" value="init"></div></form><script src="/adjuncts/fd2e7eb0/lib/form/confirm.js" type="text/javascript"></script></div></div><footer><div class="container-fluid"><div class="row"><div class="col-md-6" id="footer"><div id="l10n-footer" style="display: block; float: left;"><a href="#" onclick="return showTranslationDialog();"><img src="/static/fd2e7eb0/plugin/translation/flags.png">
      Help us localize this page
    </a></div></div><div class="col-md-18"><span class="page_generated">Page generated: Oct 16, 2015 6:52:01 PM</span><span class="rest_api"><a href="api/">REST API</a></span><span class="jenkins_ver"><a href="http://jenkins-ci.org/">Jenkins ver. 1.630</a></span><div id="l10n-dialog" class="dialog"></div><script>var footer = document.getElementById('l10n-footer');
    var f = document.getElementById('footer');
    f.insertBefore(footer,f.firstChild);
    footer.style.display="block";

    var translation={}; 
    translation.bundles = "QTkugUH5uYWoYywFbBfMfCsRFi38hcOZUIpeBe4d7HdOLY0wUxSG32DLLhieIpE3qvYYvmp1Hco5pBCdqzg9rRoou59cwwc1aSHemafXC52w8UqkHpCjwF6DjNmSDAKHd8gJzMtm9lxvoCKfn8peHaxvhT6x2Cz4CJBHIKVsuUTc/lPZ508fvZP12W3pTF3blcFe6o/tuWZSQCS7LCHoWh/x5oDH38AWAXVv2iKvjC633AmMcKJVOxk0p9ujcnwj3EHvif4o3A8afcNKvRrcgoGCvJHT9evOnjIoLHQxKLxBO0AJtQ/wKKdTU9lzl+wGEXpR5nz+0txAdzG4QWHrYLCT/d3R4wvKCW9BzhWSc1MQHqBC9Ls0InQ7tpVwOxkqKoL6zHhD9rGUY1fabSctVxgCADJVGppvTNO91hEPwXlb9X6k3peRb4LSQ7sVzo7pxuVSzYzPvwg9OzZAwFjLiopDVdqhaP1MWecc8pi+hWpGy9JHsl6INtq7kdvkp9boKi85M/L5J0iM57r8PhZD1MB1YToiAlJgcazT1n754SgQjRDqMyGx0JJ3/DOi/OE567IjIhSzai+1b0v5aIzZdi/sZL0ZHndpGq/j/8HjofSRjdrfkVfTFJXjxHrxvujNIo6R22dpiP06yOmogUQrVm2XpGbTMneh8sKsdOFZ/8SscOzbwVTwgGCznmNuj4aZtoCeGFT9uNGM90QWjZRGc1kzF9ETUPTciWLy2VasX0jKE3P1r2xql4s5z0s0U3tP7///ElBARtru5EfNTzAqu6FUwcnNgT7lYir5cI4ATo2QngODTOJSuP+yufST5CdoNBLdZWlbcxMEWYp93HLrHdqDm3N/M7t0p/+sJTr+cxgJCJR/hM3H+ZHeHxuGMZ6/JprkqTtgygvRjKKo5wZg4ZwnV8YOdUM4XRvcQGIPL7b8xD3dbmh9HluZdkek3YTO0sCXNABtn+yS/Z0lQINnCAfZjJU2XYoO1k35omNFyYjGO2mO+FX7+Dxnk3NfVJTnNPsy7h0jQA3ubmO10/WxfpLAqTlKVpoDTRfk8xeVgO6KbQdDTte7/kpwx4+z8CV1kdHgRzZBMZdemdWs5D87r9wD3EZLkWh2aGCjOhCUSO57Md796M4MP7IAQC3FIQlxlr4CLKDRKWC4hWo7eSm7wV4YGYsyAZSiRGSYJyY4AY+i1AGCxG2RGL/kWYqm1w2trwZItsV82elNXXky+uFj5ao/vDaJCNQ0qabLOsROFMhP1mDcmLQgOgQ1fL23jCFSFpA2+odavFZtvoRX8cYf8Nm9weP3c8kDiQUnTiwexi6JypgBrrcdu9GlEjo/nhwcQvpviyWhMpLPSselUS5kBW98gnSoz361636Z3jKUVfKyRoSmCIFgfCSMD6KpBhoSCEQxvG+K6eT2RPAfDD3qT0e/Ss+DPkf7Z6UVfWgACeoWsw1MPYlwYurSxsLD9QadoG8IDIgPL0IgNM5j3PdT4GXH7CfENIZqJcz22F33umZfp/UZVBcPNw+V3TxTsdtaLblYciyg5f9S1eH7GeqnEyDMPzKW/krRFzRwjlLFt6lNc6fOcypXLkiUfafHH8vvMxdBkDpzgUQGCXMYlsgmlpI9pgkl0pngQ2miH5cLEd2j3mMe6xtP/YkXwn/tCL0+ot67xOsDObjBErgCD5M42EKJU9q7YI0REPEV7NB0gsCRjS8ODGVA9pOdrBEIjokD8w3afH9v52ysnxN0Yz3RG3ciljXICeNKFVtTOrerioj23yO9UBwXMpYDM9ei6sQQYbBHTotiea+0mmGEv1bQUezleukPlQHab9X8KaRuJDj0DaLPA5Bzjl/5bweq05KpeizQqzgKZAU15cPLCwnz1R8MWxk63ZfzZoyhcYiqraCpg2mQ+rfQmK/6VpgELmlWKmEhZ7JXZjQLGWE1LKoBNDuVbWfPjIW5MENwL3D5fozNfUV0egmv4eNRwWxPeWUSf15YwKNmdDWhx8k+Xv9AM36uVKeK4FaAvfcDKMD5e8lmae8+ELZVFZQJSN0kC+n2CMLlRC6Nh1s+vqGyxvsLKgs6YgeqCqltbLqO33Nbc58s/RlUha0BF6l+jpROeBFQ7MeHIp4PoLAsR0jcRSjprWcCGpZjkjrcM+22Alr19DPtuXmeHLaM8aPHCG2gX0CFk2kw8ApX0f04b76U3HgcZw+Iq77UQTTVbIVjhpMPiLiMQxoVwGMt7YGzA50aqeb52+GaUtyKognQkC84k11JP7jNJdB+pdGu3biMQZPm+ffC2rKJTLtX/bAmG57vK305tQv2ZQEw9LNTSZb/6u43a95nSl1SN0UULql5abvXznn2yr8TNY63fL6+0It0nnsI8hMEYhswPw3/MZ27kBPLGACJk8KACtFSNfHn6pywVbYL0ns8c2RBxbGEGBb3n9vNMMjPq5XL3+7L8rKn67icbu57Kx32FwBpESAyG4ROhNoeQX/h+vjSbZEbKmUfETKF";
    translation.detectedLocale = "";

    function showTranslationDialog() {
      if(!translation.launchDialog)
        loadScript("/static/fd2e7eb0/plugin/translation/dialog.js");
      else
        translation.launchDialog();
      return false; 
    }</script><script src="/static/fd2e7eb0/plugin/form-element-path/script.js"></script></div></div></div></footer></body></html>
For documentation on this error, please visit: http://seleniumhq.org/exceptions/no_such_element.html
Build info: version: '2.47.1', revision: 'unknown', time: '2015-07-30 11:02:44'
System info: host: 'MacBook-Pro-2.home', ip: '192.168.1.6', os.name: 'Mac OS X', os.arch: 'x86_64', os.version: '10.10.5', java.version: '1.8.0_60'
Driver info: driver.version: unknown
	at org.jenkinsci.test.acceptance.po.CapybaraPortingLayerImpl.find(CapybaraPortingLayerImpl.java:204)
	at org.jenkinsci.test.acceptance.po.SlavesMixIn.create(SlavesMixIn.java:31)
	at org.jenkinsci.test.acceptance.po.SlavesMixIn.create(SlavesMixIn.java:21)
	at org.jenkinsci.test.acceptance.slave.LocalSlaveController.install(LocalSlaveController.java:21)
	at core.ArtifactsTest.setUp(ArtifactsTest.java:32)
	at sun.reflect.NativeMethodAccessorImpl.invoke0(Native Method)
	at sun.reflect.NativeMethodAccessorImpl.invoke(NativeMethodAccessorImpl.java:62)
	at sun.reflect.DelegatingMethodAccessorImpl.invoke(DelegatingMethodAccessorImpl.java:43)
	at java.lang.reflect.Method.invoke(Method.java:497)
	at org.junit.runners.model.FrameworkMethod$1.runReflectiveCall(FrameworkMethod.java:47)
	at org.junit.internal.runners.model.ReflectiveCallable.run(ReflectiveCallable.java:12)
	at org.junit.runners.model.FrameworkMethod.invokeExplosively(FrameworkMethod.java:44)
	at org.junit.internal.runners.statements.RunBefores.evaluate(RunBefores.java:24)
	at org.jenkinsci.test.acceptance.junit.JenkinsAcceptanceTestRule$1$2$1.evaluate(JenkinsAcceptanceTestRule.java:129)
	at org.jenkinsci.test.acceptance.junit.FilterRule$1.evaluate(FilterRule.java:62)
	at org.jenkinsci.test.acceptance.junit.JenkinsAcceptanceTestRule$1.evaluate(JenkinsAcceptanceTestRule.java:55)
	at org.junit.runners.ParentRunner.runLeaf(ParentRunner.java:271)
	at org.junit.runners.BlockJUnit4ClassRunner.runChild(BlockJUnit4ClassRunner.java:70)
	at org.junit.runners.BlockJUnit4ClassRunner.runChild(BlockJUnit4ClassRunner.java:50)
	at org.junit.runners.ParentRunner$3.run(ParentRunner.java:238)
	at org.junit.runners.ParentRunner$1.schedule(ParentRunner.java:63)
	at org.junit.runners.ParentRunner.runChildren(ParentRunner.java:236)
	at org.junit.runners.ParentRunner.access$000(ParentRunner.java:53)
	at org.junit.runners.ParentRunner$2.evaluate(ParentRunner.java:229)
	at org.junit.runners.ParentRunner.run(ParentRunner.java:309)
	at org.apache.maven.surefire.junit4.JUnit4Provider.execute(JUnit4Provider.java:264)
	at org.apache.maven.surefire.junit4.JUnit4Provider.executeTestSet(JUnit4Provider.java:153)
	at org.apache.maven.surefire.junit4.JUnit4Provider.invoke(JUnit4Provider.java:124)
	at org.apache.maven.surefire.booter.ForkedBooter.invokeProviderInSameClassLoader(ForkedBooter.java:200)
	at org.apache.maven.surefire.booter.ForkedBooter.runSuitesInProcess(ForkedBooter.java:153)
	at org.apache.maven.surefire.booter.ForkedBooter.main(ForkedBooter.java:103)
Caused by: org.openqa.selenium.NoSuchElementException: {"errorMessage":"Unable to find element with xpath './/INPUT[@type='radio'][@value='hudson.slaves.DumbSlave']'","request":{"headers":{"Accept-Encoding":"gzip,deflate","Connection":"Keep-Alive","Content-Length":"85","Content-Type":"application/json; charset=utf-8","Host":"localhost:25263","User-Agent":"Apache-HttpClient/4.3.3 (java 1.5)"},"httpVersion":"1.1","method":"POST","post":"{\"using\":\"xpath\",\"value\":\".//INPUT[@type='radio'][@value='hudson.slaves.DumbSlave']\"}","url":"/element","urlParsed":{"anchor":"","query":"","file":"element","directory":"/","path":"/element","relative":"/element","port":"","host":"","password":"","user":"","userInfo":"","authority":"","protocol":"","source":"/element","queryKey":{},"chunks":["element"]},"urlOriginal":"/session/81f5ecb0-7458-11e5-b6d3-97adff597207/element"}}
Command duration or timeout: 1.17 seconds
For documentation on this error, please visit: http://seleniumhq.org/exceptions/no_such_element.html
Build info: version: '2.47.1', revision: 'unknown', time: '2015-07-30 11:02:44'
System info: host: 'MacBook-Pro-2.home', ip: '192.168.1.6', os.name: 'Mac OS X', os.arch: 'x86_64', os.version: '10.10.5', java.version: '1.8.0_60'
Driver info: org.openqa.selenium.phantomjs.PhantomJSDriver
Capabilities [{applicationCacheEnabled=false, rotatable=false, handlesAlerts=false, databaseEnabled=false, version=2.0.0, platform=OS X 10.9, browserConnectionEnabled=false, proxy={proxyType=direct}, nativeEvents=true, acceptSslCerts=false, driverVersion=1.2.0, locationContextEnabled=false, webStorageEnabled=false, browserName=phantomjs, takesScreenshot=true, driverName=ghostdriver, javascriptEnabled=true, cssSelectorsEnabled=true, phantomjs.page.customHeaders.Accept-Language=en}]
Session ID: 81f5ecb0-7458-11e5-b6d3-97adff597207
*** Element info: {Using=xpath, value=.//INPUT[@type='radio'][@value='hudson.slaves.DumbSlave']}
	at sun.reflect.NativeConstructorAccessorImpl.newInstance0(Native Method)
	at sun.reflect.NativeConstructorAccessorImpl.newInstance(NativeConstructorAccessorImpl.java:62)
	at sun.reflect.DelegatingConstructorAccessorImpl.newInstance(DelegatingConstructorAccessorImpl.java:45)
	at java.lang.reflect.Constructor.newInstance(Constructor.java:422)
	at org.openqa.selenium.remote.ErrorHandler.createThrowable(ErrorHandler.java:206)
	at org.openqa.selenium.remote.ErrorHandler.throwIfResponseFailed(ErrorHandler.java:158)
	at org.openqa.selenium.remote.RemoteWebDriver.execute(RemoteWebDriver.java:595)
	at org.openqa.selenium.remote.RemoteWebDriver.findElement(RemoteWebDriver.java:348)
	at org.openqa.selenium.remote.RemoteWebDriver.findElementByXPath(RemoteWebDriver.java:445)
	at org.openqa.selenium.By$ByXPath.findElement(By.java:358)
	at org.openqa.selenium.remote.RemoteWebDriver.findElement(RemoteWebDriver.java:340)
	at sun.reflect.NativeMethodAccessorImpl.invoke0(Native Method)
	at sun.reflect.NativeMethodAccessorImpl.invoke(NativeMethodAccessorImpl.java:62)
	at sun.reflect.DelegatingMethodAccessorImpl.invoke(DelegatingMethodAccessorImpl.java:43)
	at java.lang.reflect.Method.invoke(Method.java:497)
	at org.openqa.selenium.support.events.EventFiringWebDriver$2.invoke(EventFiringWebDriver.java:102)
	at com.sun.proxy.$Proxy51.findElement(Unknown Source)
	at org.openqa.selenium.support.events.EventFiringWebDriver.findElement(EventFiringWebDriver.java:185)
	at org.jenkinsci.test.acceptance.po.CapybaraPortingLayerImpl.find(CapybaraPortingLayerImpl.java:185)
	... 30 more
Caused by: org.openqa.selenium.remote.ScreenshotException: Screen shot has been taken
Build info: version: '2.47.1', revision: 'unknown', time: '2015-07-30 11:02:44'
System info: host: 'MacBook-Pro-2.home', ip: '192.168.1.6', os.name: 'Mac OS X', os.arch: 'x86_64', os.version: '10.10.5', java.version: '1.8.0_60'
Driver info: driver.version: EventFiringWebDriver
	at org.openqa.selenium.remote.ErrorHandler.throwIfResponseFailed(ErrorHandler.java:138)
	... 43 more
Caused by: org.openqa.selenium.NoSuchElementException: {"errorMessage":"Unable to find element with xpath './/INPUT[@type='radio'][@value='hudson.slaves.DumbSlave']'","request":{"headers":{"Accept-Encoding":"gzip,deflate","Connection":"Keep-Alive","Content-Length":"85","Content-Type":"application/json; charset=utf-8","Host":"localhost:25263","User-Agent":"Apache-HttpClient/4.3.3 (java 1.5)"},"httpVersion":"1.1","method":"POST","post":"{\"using\":\"xpath\",\"value\":\".//INPUT[@type='radio'][@value='hudson.slaves.DumbSlave']\"}","url":"/element","urlParsed":{"anchor":"","query":"","file":"element","directory":"/","path":"/element","relative":"/element","port":"","host":"","password":"","user":"","userInfo":"","authority":"","protocol":"","source":"/element","queryKey":{},"chunks":["element"]},"urlOriginal":"/session/81f5ecb0-7458-11e5-b6d3-97adff597207/element"}}
For documentation on this error, please visit: http://seleniumhq.org/exceptions/no_such_element.html
Build info: version: '2.47.1', revision: 'unknown', time: '2015-07-30 11:02:44'
System info: host: 'MacBook-Pro-2.home', ip: '192.168.1.6', os.name: 'Mac OS X', os.arch: 'x86_64', os.version: '10.10.5', java.version: '1.8.0_60'
Driver info: driver.version: unknown
It looks like the test failed/errored, so here's the console from Jenkins:
--------------------------------------------------------------------------

Jenkins is stopped
]]></system-out>
    <system-err><![CDATA[Oct 16, 2015 6:51:42 PM org.jenkinsci.test.acceptance.controller.LocalController startNow
INFO: Waiting for Jenkins to become running in http://127.0.0.1:58552/
Oct 16, 2015 6:51:58 PM org.jenkinsci.test.acceptance.controller.LocalController startNow
INFO: Jenkins is running in http://127.0.0.1:58552/
Oct 16, 2015 6:51:58 PM org.openqa.selenium.phantomjs.PhantomJSDriverService <init>
INFO: executable: /usr/local/bin/phantomjs
Oct 16, 2015 6:51:58 PM org.openqa.selenium.phantomjs.PhantomJSDriverService <init>
INFO: port: 25263
Oct 16, 2015 6:51:58 PM org.openqa.selenium.phantomjs.PhantomJSDriverService <init>
INFO: arguments: [--webdriver=25263, --webdriver-logfile=/Users/abduljewel/Documents/c/spiderqa/sample-test-projects/acceptance-test-harness/phantomjsdriver.log]
Oct 16, 2015 6:51:58 PM org.openqa.selenium.phantomjs.PhantomJSDriverService <init>
INFO: environment: {}
[INFO  - 2015-10-16T22:51:58.643Z] GhostDriver - Main - running on port 25263
[INFO  - 2015-10-16T22:51:59.105Z] Session [81f5ecb0-7458-11e5-b6d3-97adff597207] - page.settings - {"XSSAuditingEnabled":false,"javascriptCanCloseWindows":true,"javascriptCanOpenWindows":true,"javascriptEnabled":true,"loadImages":true,"localToRemoteUrlAccessEnabled":false,"userAgent":"Mozilla/5.0 (Macintosh; Intel Mac OS X) AppleWebKit/538.1 (KHTML, like Gecko) PhantomJS/2.0.0 Safari/538.1","webSecurityEnabled":true}
[INFO  - 2015-10-16T22:51:59.105Z] Session [81f5ecb0-7458-11e5-b6d3-97adff597207] - page.customHeaders:  - {"Accept-Language":"en"}
[INFO  - 2015-10-16T22:51:59.105Z] Session [81f5ecb0-7458-11e5-b6d3-97adff597207] - Session.negotiatedCapabilities - {"browserName":"phantomjs","version":"2.0.0","driverName":"ghostdriver","driverVersion":"1.2.0","platform":"mac-10.9 (Mavericks)-64bit","javascriptEnabled":true,"takesScreenshot":true,"handlesAlerts":false,"databaseEnabled":false,"locationContextEnabled":false,"applicationCacheEnabled":false,"browserConnectionEnabled":false,"cssSelectorsEnabled":true,"webStorageEnabled":false,"rotatable":false,"acceptSslCerts":false,"nativeEvents":true,"proxy":{"proxyType":"direct"},"phantomjs.page.customHeaders.Accept-Language":"en"}
[INFO  - 2015-10-16T22:51:59.105Z] SessionManagerReqHand - _postNewSessionCommand - New Session Created: 81f5ecb0-7458-11e5-b6d3-97adff597207
[ERROR - 2015-10-16T22:52:03.419Z] WebElementLocator - _handleLocateCommand - Element(s) NOT Found: GAVE UP. Search Stop Time: 1445035923407

  :262 in error
[INFO  - 2015-10-16T22:52:03.611Z] ShutdownReqHand - _handle - About to shutdown
]]></system-err>
  </testcase>
  <testcase name="test_large_file" classname="core.ArtifactsTest" time="20.568">
    <error message="Unable to locate By.xpath: .//INPUT[@type=&apos;radio&apos;][@value=&apos;hudson.slaves.DumbSlave&apos;] in http://127.0.0.1:53853/job/thoughtful_credit/configure&#10;&#10;&lt;!DOCTYPE html&gt;&lt;html&gt;&lt;head resurl=&quot;/static/dd0ae236&quot;&gt;&#10;    &#10;&#10;    &lt;title&gt;thoughtful_credit Config [Jenkins]&lt;/title&gt;&lt;link rel=&quot;stylesheet&quot; href=&quot;/static/dd0ae236/css/style.css&quot; type=&quot;text/css&quot;&gt;&lt;link rel=&quot;stylesheet&quot; href=&quot;/static/dd0ae236/css/color.css&quot; type=&quot;text/css&quot;&gt;&lt;link rel=&quot;stylesheet&quot; href=&quot;/static/dd0ae236/css/responsive-grid.css&quot; type=&quot;text/css&quot;&gt;&lt;link rel=&quot;shortcut icon&quot; href=&quot;/static/dd0ae236/favicon.ico&quot; type=&quot;image/vnd.microsoft.icon&quot;&gt;&lt;script&gt;var isRunAsTest=false; var rootURL=&quot;&quot;; var resURL=&quot;/static/dd0ae236&quot;;&lt;/script&gt;&lt;script src=&quot;/static/dd0ae236/scripts/prototype.js&quot; type=&quot;text/javascript&quot;&gt;&lt;/script&gt;&lt;script src=&quot;/static/dd0ae236/scripts/behavior.js&quot; type=&quot;text/javascript&quot;&gt;&lt;/script&gt;&lt;script src=&quot;/adjuncts/dd0ae236/org/kohsuke/stapler/bind.js&quot; type=&quot;text/javascript&quot;&gt;&lt;/script&gt;&lt;script src=&quot;/static/dd0ae236/scripts/yui/yahoo/yahoo-min.js&quot;&gt;&lt;/script&gt;&lt;script src=&quot;/static/dd0ae236/scripts/yui/dom/dom-min.js&quot;&gt;&lt;/script&gt;&lt;script src=&quot;/static/dd0ae236/scripts/yui/event/event-min.js&quot;&gt;&lt;/script&gt;&lt;script src=&quot;/static/dd0ae236/scripts/yui/animation/animation-min.js&quot;&gt;&lt;/script&gt;&lt;script src=&quot;/static/dd0ae236/scripts/yui/dragdrop/dragdrop-min.js&quot;&gt;&lt;/script&gt;&lt;script src=&quot;/static/dd0ae236/scripts/yui/container/container-min.js&quot;&gt;&lt;/script&gt;&lt;script src=&quot;/static/dd0ae236/scripts/yui/connection/connection-min.js&quot;&gt;&lt;/script&gt;&lt;script src=&quot;/static/dd0ae236/scripts/yui/datasource/datasource-min.js&quot;&gt;&lt;/script&gt;&lt;script src=&quot;/static/dd0ae236/scripts/yui/autocomplete/autocomplete-min.js&quot;&gt;&lt;/script&gt;&lt;script src=&quot;/static/dd0ae236/scripts/yui/menu/menu-min.js&quot;&gt;&lt;/script&gt;&lt;script src=&quot;/static/dd0ae236/scripts/yui/element/element-min.js&quot;&gt;&lt;/script&gt;&lt;script src=&quot;/static/dd0ae236/scripts/yui/button/button-min.js&quot;&gt;&lt;/script&gt;&lt;script src=&quot;/static/dd0ae236/scripts/yui/storage/storage-min.js&quot;&gt;&lt;/script&gt;&lt;script src=&quot;/static/dd0ae236/scripts/hudson-behavior.js&quot; type=&quot;text/javascript&quot;&gt;&lt;/script&gt;&lt;script src=&quot;/static/dd0ae236/scripts/sortable.js&quot; type=&quot;text/javascript&quot;&gt;&lt;/script&gt;&lt;script&gt;crumb.init(&quot;&quot;, &quot;&quot;);&lt;/script&gt;&lt;link rel=&quot;stylesheet&quot; href=&quot;/static/dd0ae236/scripts/yui/container/assets/container.css&quot; type=&quot;text/css&quot;&gt;&lt;link rel=&quot;stylesheet&quot; href=&quot;/static/dd0ae236/scripts/yui/assets/skins/sam/skin.css&quot; type=&quot;text/css&quot;&gt;&lt;link rel=&quot;stylesheet&quot; href=&quot;/static/dd0ae236/scripts/yui/container/assets/skins/sam/container.css&quot; type=&quot;text/css&quot;&gt;&lt;link rel=&quot;stylesheet&quot; href=&quot;/static/dd0ae236/scripts/yui/button/assets/skins/sam/button.css&quot; type=&quot;text/css&quot;&gt;&lt;link rel=&quot;stylesheet&quot; href=&quot;/static/dd0ae236/scripts/yui/menu/assets/skins/sam/menu.css&quot; type=&quot;text/css&quot;&gt;&lt;link rel=&quot;search&quot; href=&quot;/opensearch.xml&quot; type=&quot;application/opensearchdescription+xml&quot; title=&quot;Jenkins&quot;&gt;&lt;meta name=&quot;ROBOTS&quot; content=&quot;INDEX,NOFOLLOW&quot;&gt;&lt;link rel=&quot;alternate&quot; href=&quot;rssAll&quot; title=&quot;Jenkins:thoughtful_credit (all builds)&quot; type=&quot;application/rss+xml&quot;&gt;&lt;link rel=&quot;alternate&quot; href=&quot;rssAll?flavor=rss20&quot; title=&quot;Jenkins:thoughtful_credit (all builds) (RSS 2.0)&quot; type=&quot;application/rss+xml&quot;&gt;&lt;link rel=&quot;alternate&quot; href=&quot;rssFailed&quot; title=&quot;Jenkins:thoughtful_credit (failed builds)&quot; type=&quot;application/rss+xml&quot;&gt;&lt;link rel=&quot;alternate&quot; href=&quot;rssFailed?flavor=rss20&quot; title=&quot;Jenkins:thoughtful_credit (failed builds) (RSS 2.0)&quot; type=&quot;application/rss+xml&quot;&gt;&lt;link rel=&quot;alternate&quot; href=&quot;rssChangelog&quot; title=&quot;Jenkins:thoughtful_credit (changelog)&quot; type=&quot;application/rss+xml&quot;&gt;&lt;link rel=&quot;alternate&quot; href=&quot;rssChangelog?flavor=rss20&quot; title=&quot;Jenkins:thoughtful_credit (changelog) (RSS 2.0)&quot; type=&quot;application/rss+xml&quot;&gt;&lt;link rel=&quot;stylesheet&quot; href=&quot;/adjuncts/dd0ae236/lib/form/breadcrumb-config-outline/init.css&quot; type=&quot;text/css&quot;&gt;&lt;script src=&quot;/adjuncts/dd0ae236/lib/form/breadcrumb-config-outline/init.js&quot; type=&quot;text/javascript&quot;&gt;&lt;/script&gt;&lt;script src=&quot;/static/dd0ae236/scripts/yui/cookie/cookie-min.js&quot;&gt;&lt;/script&gt;&lt;/head&gt;&lt;body data-model-type=&quot;hudson.model.FreeStyleProject&quot; id=&quot;jenkins&quot; class=&quot;yui-skin-sam jenkins-1.630&quot; data-version=&quot;jenkins-1.630&quot;&gt;&lt;div id=&quot;tt&quot; class=&quot;yui-module yui-overlay yui-tt yui-overlay-hidden&quot; style=&quot;z-index: 999; visibility: hidden;&quot;&gt;&lt;div class=&quot;bd&quot;&gt;&lt;/div&gt;&lt;/div&gt;&lt;div class=&quot;yui-panel-container shadow yui-overlay-hidden&quot; id=&quot;wait14_c&quot; style=&quot;visibility: hidden; left: 486px; top: 360px; z-index: 4;&quot;&gt;&lt;div id=&quot;wait14&quot; class=&quot;yui-module yui-overlay yui-panel&quot; style=&quot;visibility: inherit;&quot;&gt;&lt;a class=&quot;container-close&quot; href=&quot;#&quot;&gt;Close&lt;/a&gt;&lt;div class=&quot;hd&quot; id=&quot;wait14_h&quot; style=&quot;cursor: move;&quot;&gt;Error&lt;/div&gt;&lt;div class=&quot;bd&quot;&gt;&lt;div id=&quot;container13&quot;&gt;&lt;/div&gt;&lt;/div&gt;&lt;/div&gt;&lt;/div&gt;&lt;iframe id=&quot;_yuiResizeMonitor&quot; title=&quot;Text Resize Monitor&quot; tabindex=&quot;-1&quot; role=&quot;presentation&quot; style=&quot;position: absolute; visibility: visible; background-color: transparent; border-width: 0px; width: 2em; height: 2em; left: 0px; top: -27px;&quot;&gt;&lt;/iframe&gt;&lt;a href=&quot;#skip2content&quot; class=&quot;skiplink&quot;&gt;Skip to content&lt;/a&gt;&lt;div id=&quot;page-head&quot;&gt;&lt;div id=&quot;header&quot;&gt;&lt;div class=&quot;logo&quot;&gt;&lt;a id=&quot;jenkins-home-link&quot; href=&quot;/&quot;&gt;&lt;img src=&quot;/static/dd0ae236/images/headshot.png&quot; alt=&quot;title&quot; id=&quot;jenkins-head-icon&quot;&gt;&lt;img src=&quot;/static/dd0ae236/images/title.png&quot; alt=&quot;title&quot; width=&quot;139&quot; id=&quot;jenkins-name-icon&quot; height=&quot;34&quot;&gt;&lt;/a&gt;&lt;/div&gt;&lt;div class=&quot;login&quot;&gt;&lt;/div&gt;&lt;div class=&quot;searchbox hidden-xs&quot;&gt;&lt;form method=&quot;get&quot; name=&quot;search&quot; action=&quot;/job/thoughtful_credit/search/&quot; style=&quot;position:relative;&quot; class=&quot;no-json&quot; path=&quot;&quot;&gt;&lt;div id=&quot;search-box-minWidth&quot; style=&quot;font-family: Helvetica, Arial, sans-serif; font-size: 13px; font-style: normal; font-weight: normal;&quot;&gt;&lt;/div&gt;&lt;div id=&quot;search-box-sizer&quot; style=&quot;font-family: Helvetica, Arial, sans-serif; font-size: 13px; font-style: normal; font-weight: normal;&quot;&gt;&lt;/div&gt;&lt;div id=&quot;searchform&quot; class=&quot;yui-ac&quot;&gt;&lt;input name=&quot;q&quot; placeholder=&quot;search&quot; id=&quot;search-box&quot; class=&quot;has-default-text yui-ac-input defaulted&quot; autocomplete=&quot;off&quot; style=&quot;width: 255px;&quot; path=&quot;/q&quot;&gt;&amp;nbsp;&lt;a href=&quot;http://wiki.jenkins-ci.org/display/JENKINS/Search+Box&quot;&gt;&lt;img src=&quot;/static/dd0ae236/images/16x16/help.png&quot; style=&quot;width: 16px; height: 16px; &quot; class=&quot;icon-help icon-sm&quot;&gt;&lt;/a&gt;&lt;div id=&quot;search-box-completion&quot; class=&quot;yui-ac-container&quot; style=&quot;width: 255px; left: 0px; top: 26px;&quot;&gt;&lt;div class=&quot;yui-ac-content&quot; style=&quot;display: none; width: 255px;&quot;&gt;&lt;div class=&quot;yui-ac-hd&quot; style=&quot;display: none;&quot;&gt;&lt;/div&gt;&lt;div class=&quot;yui-ac-bd&quot;&gt;&lt;ul&gt;&lt;li style=&quot;display: none;&quot;&gt;&lt;/li&gt;&lt;li style=&quot;display: none;&quot;&gt;&lt;/li&gt;&lt;li style=&quot;display: none;&quot;&gt;&lt;/li&gt;&lt;li style=&quot;display: none;&quot;&gt;&lt;/li&gt;&lt;li style=&quot;display: none;&quot;&gt;&lt;/li&gt;&lt;li style=&quot;display: none;&quot;&gt;&lt;/li&gt;&lt;li style=&quot;display: none;&quot;&gt;&lt;/li&gt;&lt;li style=&quot;display: none;&quot;&gt;&lt;/li&gt;&lt;li style=&quot;display: none;&quot;&gt;&lt;/li&gt;&lt;li style=&quot;display: none;&quot;&gt;&lt;/li&gt;&lt;/ul&gt;&lt;/div&gt;&lt;div class=&quot;yui-ac-ft&quot; style=&quot;display: none;&quot;&gt;&lt;/div&gt;&lt;/div&gt;&lt;/div&gt;&lt;script&gt;createSearchBox(&quot;/job/thoughtful_credit/search/&quot;);&lt;/script&gt;&lt;/div&gt;&lt;/form&gt;&lt;/div&gt;&lt;/div&gt;&lt;div id=&quot;breadcrumbBar&quot;&gt;&lt;link rel=&quot;stylesheet&quot; href=&quot;/adjuncts/dd0ae236/lib/layout/breadcrumbs.css&quot; type=&quot;text/css&quot;&gt;&lt;script src=&quot;/adjuncts/dd0ae236/lib/layout/breadcrumbs.js&quot; type=&quot;text/javascript&quot;&gt;&lt;/script&gt;&lt;div style=&quot;height: 26px;&quot;&gt;&lt;/div&gt;&lt;div class=&quot;top-sticker noedge&quot; style=&quot;position: fixed; top: 40px; left: 0px;&quot;&gt;&lt;div class=&quot;top-sticker-edge&quot;&gt;&lt;/div&gt;&lt;div class=&quot;top-sticker-inner&quot;&gt;&lt;div id=&quot;right-top-nav&quot;&gt;&lt;/div&gt;&lt;ul id=&quot;breadcrumbs&quot;&gt;&lt;li class=&quot;item&quot;&gt;&lt;a href=&quot;/&quot; class=&quot;model-link inside breadcrumbBarAnchor&quot;&gt;Jenkins&lt;/a&gt;&lt;/li&gt;&lt;li href=&quot;/&quot; class=&quot;children&quot;&gt;&lt;/li&gt;&lt;li class=&quot;item&quot;&gt;&lt;a href=&quot;/job/thoughtful_credit/&quot; class=&quot;model-link inside breadcrumbBarAnchor&quot;&gt;thoughtful_credit&lt;/a&gt;&lt;/li&gt;&lt;li href=&quot;/job/thoughtful_credit/&quot; class=&quot;children&quot;&gt;&lt;/li&gt;&lt;li id=&quot;inpage-nav&quot; class=&quot;item&quot;&gt;&lt;a class=&quot;model-link inside breadcrumbBarAnchor&quot;&gt;configuration&lt;/a&gt;&lt;/li&gt;&lt;/ul&gt;&lt;div id=&quot;breadcrumb-menu-target&quot;&gt;&lt;/div&gt;&lt;/div&gt;&lt;/div&gt;&lt;/div&gt;&lt;/div&gt;&lt;div id=&quot;menuSelector&quot;&gt;&lt;/div&gt;&lt;div id=&quot;page-body&quot;&gt;&lt;div id=&quot;side-panel&quot;&gt;&lt;div id=&quot;tasks&quot;&gt;&lt;div class=&quot;task&quot;&gt;&lt;a href=&quot;/&quot; class=&quot;task-icon-link&quot;&gt;&lt;img src=&quot;/static/dd0ae236/images/24x24/up.png&quot; style=&quot;width: 24px; height: 24px; width: 24px; height: 24px; margin: 2px;&quot; class=&quot;icon-up icon-md&quot;&gt;&lt;/a&gt;&amp;nbsp;&lt;a href=&quot;/&quot; class=&quot;task-link&quot;&gt;Back to Dashboard&lt;/a&gt;&lt;/div&gt;&lt;div class=&quot;task&quot;&gt;&lt;a href=&quot;/job/thoughtful_credit/&quot; class=&quot;task-icon-link&quot;&gt;&lt;img src=&quot;/static/dd0ae236/images/24x24/search.png&quot; style=&quot;width: 24px; height: 24px; width: 24px; height: 24px; margin: 2px;&quot; class=&quot;icon-search icon-md&quot;&gt;&lt;/a&gt;&amp;nbsp;&lt;a href=&quot;/job/thoughtful_credit/&quot; class=&quot;task-link&quot;&gt;Status&lt;/a&gt;&lt;/div&gt;&lt;div class=&quot;task&quot;&gt;&lt;a href=&quot;/job/thoughtful_credit/changes&quot; class=&quot;task-icon-link&quot;&gt;&lt;img src=&quot;/static/dd0ae236/images/24x24/notepad.png&quot; style=&quot;width: 24px; height: 24px; width: 24px; height: 24px; margin: 2px;&quot; class=&quot;icon-notepad icon-md&quot;&gt;&lt;/a&gt;&amp;nbsp;&lt;a href=&quot;/job/thoughtful_credit/changes&quot; class=&quot;task-link&quot;&gt;Changes&lt;/a&gt;&lt;/div&gt;&lt;div class=&quot;task&quot;&gt;&lt;a href=&quot;/job/thoughtful_credit/ws/&quot; class=&quot;task-icon-link&quot;&gt;&lt;img src=&quot;/static/dd0ae236/images/24x24/folder.png&quot; style=&quot;width: 24px; height: 24px; width: 24px; height: 24px; margin: 2px;&quot; class=&quot;icon-folder icon-md&quot;&gt;&lt;/a&gt;&amp;nbsp;&lt;a href=&quot;/job/thoughtful_credit/ws/&quot; class=&quot;task-link&quot;&gt;Workspace&lt;/a&gt;&lt;/div&gt;&lt;div class=&quot;task&quot;&gt;&lt;a onclick=&quot;return build_id14(this)&quot; href=&quot;/job/thoughtful_credit/build?delay=0sec&quot; class=&quot;task-icon-link&quot;&gt;&lt;img src=&quot;/static/dd0ae236/images/24x24/clock.png&quot; style=&quot;width: 24px; height: 24px; width: 24px; height: 24px; margin: 2px;&quot; class=&quot;icon-clock icon-md&quot;&gt;&lt;/a&gt;&amp;nbsp;&lt;a onclick=&quot;return build_id14(this)&quot; href=&quot;/job/thoughtful_credit/build?delay=0sec&quot; class=&quot;task-link&quot;&gt;Build Now&lt;/a&gt;&lt;/div&gt;&lt;script&gt;function build_id14(a) {&#10;                new Ajax.Request(a.href);&#10;                hoverNotification(&apos;Build scheduled&apos;,a.parentNode);&#10;                return false;&#10;            }&lt;/script&gt;&lt;div class=&quot;task&quot;&gt;&lt;a onclick=&quot;confirmPOST_id17(true, &apos;/job/thoughtful_credit/doDelete&apos;, &apos;Are you sure about deleting the Project ‘thoughtful_credit’?&apos;)&quot; href=&quot;#&quot;&gt;&lt;img src=&quot;/static/dd0ae236/images/24x24/edit-delete.png&quot; style=&quot;width: 24px; height: 24px; width: 24px; height: 24px; margin: 2px;&quot; class=&quot;icon-edit-delete icon-md&quot;&gt;&lt;/a&gt;&lt;script&gt;function confirmPOST_id17(post, href, message) {&#10;            if (confirm(message)) {&#10;                var form = document.createElement(&apos;form&apos;);&#10;                form.setAttribute(&apos;method&apos;, post ? &apos;POST&apos; : &apos;GET&apos;);&#10;                form.setAttribute(&apos;action&apos;, href);&#10;                if (post) {&#10;                    crumb.appendToForm(form);&#10;                }&#10;                document.body.appendChild(form);&#10;                form.submit();&#10;            }&#10;            return false;&#10;        }&lt;/script&gt;&amp;nbsp;&lt;a onclick=&quot;confirmPOST_id18(true, &apos;/job/thoughtful_credit/doDelete&apos;, &apos;Are you sure about deleting the Project ‘thoughtful_credit’?&apos;)&quot; href=&quot;#&quot; class=&quot;task-link&quot;&gt;Delete Project&lt;/a&gt;&lt;script&gt;function confirmPOST_id18(post, href, message) {&#10;            if (confirm(message)) {&#10;                var form = document.createElement(&apos;form&apos;);&#10;                form.setAttribute(&apos;method&apos;, post ? &apos;POST&apos; : &apos;GET&apos;);&#10;                form.setAttribute(&apos;action&apos;, href);&#10;                if (post) {&#10;                    crumb.appendToForm(form);&#10;                }&#10;                document.body.appendChild(form);&#10;                form.submit();&#10;            }&#10;            return false;&#10;        }&lt;/script&gt;&lt;/div&gt;&lt;div class=&quot;task&quot;&gt;&lt;a href=&quot;/job/thoughtful_credit/configure&quot; class=&quot;task-icon-link&quot;&gt;&lt;img src=&quot;/static/dd0ae236/images/24x24/setting.png&quot; style=&quot;width: 24px; height: 24px; width: 24px; height: 24px; margin: 2px;&quot; class=&quot;icon-setting icon-md&quot;&gt;&lt;/a&gt;&amp;nbsp;&lt;a href=&quot;/job/thoughtful_credit/configure&quot; class=&quot;task-link&quot;&gt;&lt;b&gt;Configure&lt;/b&gt;&lt;/a&gt;&lt;div class=&quot;subtasks&quot;&gt;&lt;/div&gt;&lt;/div&gt;&lt;/div&gt;&lt;div id=&quot;buildHistory&quot; class=&quot;container-fluid pane-frame track-mouse&quot;&gt;&lt;div class=&quot;row&quot;&gt;&lt;div class=&quot;col-xs-24 pane-header&quot;&gt;&lt;a href=&quot;/toggleCollapse?paneId=buildHistory&quot; title=&quot;collapse&quot; class=&quot;collapse&quot;&gt;&lt;img src=&quot;/static/dd0ae236/images/16x16/collapse.png&quot; alt=&quot;collapse&quot; style=&quot;width: 16px; height: 16px; &quot; class=&quot;icon-collapse icon-sm&quot;&gt;&lt;/a&gt;&lt;div style=&quot;float:right&quot;&gt;&lt;a href=&quot;/job/thoughtful_credit/buildTimeTrend&quot;&gt;trend&lt;/a&gt;&lt;/div&gt;&lt;div data=&quot;100&quot; class=&quot;healthReport&quot; onmouseover=&quot;this.className=&apos;healthReport hover&apos;;return true;&#10;        &quot; onmouseout=&quot;this.className=&apos;healthReport&apos;;return true;&quot;&gt;&lt;img src=&quot;/static/dd0ae236/images/16x16/health-80plus.png&quot; alt=&quot;100%&quot; style=&quot;width: 16px; height: 16px; &quot; class=&quot;icon-health-80plus icon-sm&quot;&gt;&lt;/div&gt;Build History&lt;/div&gt;&lt;/div&gt;&lt;div class=&quot;row pane-content&quot;&gt;&lt;table class=&quot;pane stripped&quot;&gt;&lt;/table&gt;&lt;/div&gt;&lt;div class=&quot;row&quot;&gt;&lt;div class=&quot;col-xs-24 pane-footer&quot;&gt;&lt;span class=&quot;build-rss-links&quot;&gt;&lt;a href=&quot;/job/thoughtful_credit/rssAll&quot; class=&quot;build-rss-all-icon&quot;&gt;&lt;img border=&quot;0&quot; src=&quot;/static/dd0ae236/images/atom.gif&quot; alt=&quot;Feed&quot; width=&quot;16&quot; height=&quot;16&quot;&gt;&lt;/a&gt;&amp;nbsp;&lt;a href=&quot;/job/thoughtful_credit/rssAll&quot; class=&quot;build-rss-all-link&quot;&gt;RSS for all&lt;/a&gt;&amp;nbsp;&lt;a href=&quot;/job/thoughtful_credit/rssFailed&quot; class=&quot;build-rss-failed-icon&quot;&gt;&lt;img border=&quot;0&quot; src=&quot;/static/dd0ae236/images/atom.gif&quot; alt=&quot;Feed&quot; width=&quot;16&quot; height=&quot;16&quot;&gt;&lt;/a&gt;&amp;nbsp;&lt;a href=&quot;/job/thoughtful_credit/rssFailed&quot; class=&quot;build-rss-failed-link&quot;&gt;RSS for failures&lt;/a&gt;&lt;/span&gt;&lt;/div&gt;&lt;/div&gt;&lt;/div&gt;&lt;script defer=&quot;true&quot;&gt;updateBuildHistory(&quot;/job/thoughtful_credit/buildHistory/ajax&quot;,1);&lt;/script&gt;&lt;/div&gt;&lt;div id=&quot;main-panel&quot;&gt;&lt;a name=&quot;skip2content&quot;&gt;&lt;/a&gt;&lt;div class=&quot;behavior-loading&quot; style=&quot;display: none;&quot;&gt;LOADING&lt;/div&gt;&lt;form method=&quot;post&quot; name=&quot;config&quot; action=&quot;configSubmit&quot; path=&quot;&quot;&gt;&lt;link rel=&quot;stylesheet&quot; href=&quot;/adjuncts/dd0ae236/lib/form/section_.css&quot; type=&quot;text/css&quot;&gt;&lt;table width=&quot;100%&quot;&gt;&lt;tbody&gt;&lt;tr&gt;&lt;td class=&quot;setting-leftspace&quot;&gt;&amp;nbsp;&lt;/td&gt;&lt;td class=&quot;setting-name&quot;&gt;Project name&lt;/td&gt;&lt;td class=&quot;setting-main&quot;&gt;&#10;   &#10;&#10;  &#10;  &lt;input name=&quot;name&quot; type=&quot;text&quot; class=&quot;setting-input   &quot; value=&quot;thoughtful_credit&quot; path=&quot;/name&quot;&gt;&lt;/td&gt;&lt;td class=&quot;setting-no-help&quot;&gt;&lt;/td&gt;&lt;/tr&gt;&lt;tr class=&quot;validation-error-area&quot;&gt;&lt;td colspan=&quot;2&quot;&gt;&lt;/td&gt;&lt;td&gt;&lt;/td&gt;&lt;td&gt;&lt;/td&gt;&lt;/tr&gt;&lt;tr&gt;&lt;td class=&quot;setting-leftspace&quot;&gt;&amp;nbsp;&lt;/td&gt;&lt;td class=&quot;setting-name&quot;&gt;Description&lt;/td&gt;&lt;td class=&quot;setting-main&quot;&gt;&lt;script src=&quot;/adjuncts/dd0ae236/lib/form/textarea/textarea.js&quot; type=&quot;text/javascript&quot;&gt;&lt;/script&gt;&lt;textarea name=&quot;description&quot; rows=&quot;5&quot; class=&quot;setting-input   &quot; path=&quot;/description&quot;&gt;&lt;/textarea&gt;&lt;div class=&quot;textarea-handle&quot;&gt;&lt;/div&gt;&lt;div class=&quot;textarea-preview-container&quot;&gt;&#10;        [Plain text]&amp;nbsp;&lt;a previewendpoint=&quot;/markupFormatter/previewDescription&quot; href=&quot;#&quot; class=&quot;textarea-show-preview&quot;&gt;Preview&lt;/a&gt;&amp;nbsp;&lt;a href=&quot;#&quot; class=&quot;textarea-hide-preview&quot; style=&quot;display: none;&quot;&gt;Hide preview&lt;/a&gt;&lt;div class=&quot;textarea-preview&quot; style=&quot;display: none;&quot;&gt;&lt;/div&gt;&lt;/div&gt;&lt;/td&gt;&lt;td class=&quot;setting-no-help&quot;&gt;&lt;/td&gt;&lt;/tr&gt;&lt;tr class=&quot;validation-error-area&quot;&gt;&lt;td colspan=&quot;2&quot;&gt;&lt;/td&gt;&lt;td&gt;&lt;/td&gt;&lt;td&gt;&lt;/td&gt;&lt;/tr&gt;&lt;tr class=&quot;optional-block-start &quot; hashelp=&quot;true&quot; ref=&quot;cb15&quot;&gt;&lt;td colspan=&quot;3&quot;&gt;&lt;input onclick=&quot;javascript:updateOptionalBlock(this,true)&quot; name=&quot;logrotate&quot; type=&quot;checkbox&quot; class=&quot; &quot; id=&quot;cb15&quot; path=&quot;/logrotate&quot;&gt;&lt;label class=&quot;attach-previous&quot;&gt;Discard Old Builds&lt;/label&gt;&lt;/td&gt;&lt;td class=&quot;setting-help&quot;&gt;&lt;a helpurl=&quot;/help/project-config/log-rotation.html&quot; href=&quot;#&quot; class=&quot;help-button&quot; tabindex=&quot;9999&quot;&gt;&lt;img src=&quot;/static/dd0ae236/images/16x16/help.png&quot; alt=&quot;Help for feature: Discard Old Builds&quot; style=&quot;width: 16px; height: 16px; &quot; class=&quot;icon-help icon-sm&quot;&gt;&lt;/a&gt;&lt;/td&gt;&lt;/tr&gt;&lt;tr class=&quot;help-area&quot;&gt;&lt;td&gt;&lt;/td&gt;&lt;td colspan=&quot;2&quot;&gt;&lt;div class=&quot;help&quot;&gt;Loading...&lt;/div&gt;&lt;/td&gt;&lt;td&gt;&lt;/td&gt;&lt;/tr&gt;&lt;tr class=&quot;rowvg-start&quot; style=&quot;display: none;&quot;&gt;&lt;/tr&gt;&lt;tr style=&quot;display: none;&quot;&gt;&lt;td class=&quot;setting-leftspace&quot;&gt;&amp;nbsp;&lt;/td&gt;&lt;td class=&quot;setting-name&quot;&gt;Strategy&lt;/td&gt;&lt;td class=&quot;setting-main&quot;&gt;&lt;select class=&quot;setting-input dropdownList&quot; path=&quot;/&quot;&gt;&lt;option value=&quot;0&quot;&gt;Log Rotation&lt;/option&gt;&lt;/select&gt;&lt;/td&gt;&lt;td class=&quot;setting-no-help&quot;&gt;&lt;/td&gt;&lt;/tr&gt;&lt;tr class=&quot;dropdownList-container&quot; style=&quot;display: none;&quot;&gt;&lt;td colspan=&quot;2&quot;&gt;&lt;/td&gt;&lt;td colspan=&quot;2&quot;&gt;&lt;table width=&quot;100%&quot; name=&quot;buildDiscarder&quot; path=&quot;/buildDiscarder&quot;&gt;&lt;tbody&gt;&lt;tr class=&quot;dropdownList-start rowvg-start&quot;&gt;&lt;/tr&gt;&#10;      &#10;      &lt;tr&gt;&lt;td class=&quot;setting-leftspace&quot;&gt;&amp;nbsp;&lt;/td&gt;&lt;td class=&quot;setting-name&quot;&gt;Days to keep builds&lt;/td&gt;&lt;td class=&quot;setting-main&quot;&gt;&lt;input step=&quot;1&quot; min=&quot;1&quot; name=&quot;_.daysToKeepStr&quot; type=&quot;number&quot; class=&quot;setting-input  positive-number&quot; value=&quot;&quot; path=&quot;/buildDiscarder/daysToKeepStr&quot;&gt;&lt;/td&gt;&lt;td class=&quot;setting-no-help&quot;&gt;&lt;/td&gt;&lt;/tr&gt;&lt;tr class=&quot;validation-error-area&quot;&gt;&lt;td colspan=&quot;2&quot;&gt;&lt;/td&gt;&lt;td&gt;&lt;/td&gt;&lt;td&gt;&lt;/td&gt;&lt;/tr&gt;&lt;tr&gt;&lt;td colspan=&quot;2&quot;&gt;&lt;/td&gt;&lt;td class=&quot;setting-description&quot;&gt;if not empty, build records are only kept up to this number of days&lt;/td&gt;&lt;td&gt;&lt;/td&gt;&lt;/tr&gt;&lt;tr&gt;&lt;td class=&quot;setting-leftspace&quot;&gt;&amp;nbsp;&lt;/td&gt;&lt;td class=&quot;setting-name&quot;&gt;Max # of builds to keep&lt;/td&gt;&lt;td class=&quot;setting-main&quot;&gt;&lt;input step=&quot;1&quot; min=&quot;1&quot; name=&quot;_.numToKeepStr&quot; type=&quot;number&quot; class=&quot;setting-input  positive-number&quot; value=&quot;&quot; path=&quot;/buildDiscarder/numToKeepStr&quot;&gt;&lt;/td&gt;&lt;td class=&quot;setting-no-help&quot;&gt;&lt;/td&gt;&lt;/tr&gt;&lt;tr class=&quot;validation-error-area&quot;&gt;&lt;td colspan=&quot;2&quot;&gt;&lt;/td&gt;&lt;td&gt;&lt;/td&gt;&lt;td&gt;&lt;/td&gt;&lt;/tr&gt;&lt;tr&gt;&lt;td colspan=&quot;2&quot;&gt;&lt;/td&gt;&lt;td class=&quot;setting-description&quot;&gt;if not empty, only up to this number of build records are kept&lt;/td&gt;&lt;td&gt;&lt;/td&gt;&lt;/tr&gt;&lt;tr&gt;&lt;td&gt;&lt;/td&gt;&lt;td&gt;&lt;/td&gt;&lt;td&gt;&lt;script src=&quot;/adjuncts/dd0ae236/lib/form/advanced/advanced.js&quot; type=&quot;text/javascript&quot;&gt;&lt;/script&gt;&lt;div style=&quot;&quot; class=&quot;advancedLink&quot;&gt;&lt;span style=&quot;display: none&quot; id=&quot;id26&quot;&gt;&lt;img src=&quot;/static/dd0ae236/images/24x24/notepad.png&quot; tooltip=&quot;One or more fields in this block have been edited.&quot; style=&quot;width: 24px; height: 24px; vertical-align: baseline&quot; class=&quot;icon-notepad icon-md&quot; title=&quot;One or more fields in this block have been edited.&quot;&gt;&lt;/span&gt;&amp;nbsp;&lt;span class=&quot;yui-button yui-push-button advanced-button advancedButton&quot; id=&quot;yui-gen31&quot;&gt;&lt;span class=&quot;first-child&quot;&gt;&lt;button type=&quot;button&quot; tabindex=&quot;0&quot; id=&quot;yui-gen31-button&quot; path=&quot;/buildDiscarder/advanced-button&quot;&gt;Advanced...&lt;/button&gt;&lt;/span&gt;&lt;/span&gt;&lt;/div&gt;&lt;table class=&quot;advancedBody&quot;&gt;&lt;tbody&gt;&lt;tr&gt;&lt;td class=&quot;setting-leftspace&quot;&gt;&amp;nbsp;&lt;/td&gt;&lt;td class=&quot;setting-name&quot;&gt;Days to keep artifacts&lt;/td&gt;&lt;td class=&quot;setting-main&quot;&gt;&lt;input step=&quot;1&quot; min=&quot;1&quot; name=&quot;_.artifactDaysToKeepStr&quot; type=&quot;number&quot; class=&quot;setting-input  positive-number&quot; value=&quot;&quot; path=&quot;/buildDiscarder/artifactDaysToKeepStr&quot;&gt;&lt;/td&gt;&lt;td class=&quot;setting-no-help&quot;&gt;&lt;/td&gt;&lt;/tr&gt;&lt;tr class=&quot;validation-error-area&quot;&gt;&lt;td colspan=&quot;2&quot;&gt;&lt;/td&gt;&lt;td&gt;&lt;/td&gt;&lt;td&gt;&lt;/td&gt;&lt;/tr&gt;&lt;tr&gt;&lt;td colspan=&quot;2&quot;&gt;&lt;/td&gt;&lt;td class=&quot;setting-description&quot;&gt;if not empty, artifacts from builds older than this number of days will be deleted, but the logs, history, reports, etc for the build will be kept&lt;/td&gt;&lt;td&gt;&lt;/td&gt;&lt;/tr&gt;&lt;tr&gt;&lt;td class=&quot;setting-leftspace&quot;&gt;&amp;nbsp;&lt;/td&gt;&lt;td class=&quot;setting-name&quot;&gt;Max # of builds to keep with artifacts&lt;/td&gt;&lt;td class=&quot;setting-main&quot;&gt;&lt;input step=&quot;1&quot; min=&quot;1&quot; name=&quot;_.artifactNumToKeepStr&quot; type=&quot;number&quot; class=&quot;setting-input  positive-number&quot; value=&quot;&quot; path=&quot;/buildDiscarder/artifactNumToKeepStr&quot;&gt;&lt;/td&gt;&lt;td class=&quot;setting-no-help&quot;&gt;&lt;/td&gt;&lt;/tr&gt;&lt;tr class=&quot;validation-error-area&quot;&gt;&lt;td colspan=&quot;2&quot;&gt;&lt;/td&gt;&lt;td&gt;&lt;/td&gt;&lt;td&gt;&lt;/td&gt;&lt;/tr&gt;&lt;tr&gt;&lt;td colspan=&quot;2&quot;&gt;&lt;/td&gt;&lt;td class=&quot;setting-description&quot;&gt;if not empty, only up to this number of builds have their artifacts retained&lt;/td&gt;&lt;td&gt;&lt;/td&gt;&lt;/tr&gt;&lt;/tbody&gt;&lt;/table&gt;&lt;/td&gt;&lt;td&gt;&lt;/td&gt;&lt;/tr&gt;&lt;tr style=&quot;&quot;&gt;&lt;td&gt;&lt;input name=&quot;stapler-class&quot; type=&quot;hidden&quot; value=&quot;hudson.tasks.LogRotator&quot; path=&quot;/buildDiscarder/stapler-class&quot;&gt;&lt;input name=&quot;$class&quot; type=&quot;hidden&quot; value=&quot;hudson.tasks.LogRotator&quot; path=&quot;/buildDiscarder/$class&quot;&gt;&lt;/td&gt;&lt;/tr&gt;&lt;tr class=&quot;dropdownList-end rowvg-end&quot;&gt;&lt;/tr&gt;&lt;/tbody&gt;&lt;/table&gt;&lt;/td&gt;&lt;/tr&gt;&lt;tr class=&quot; rowvg-end optional-block-end&quot;&gt;&lt;/tr&gt;&lt;script src=&quot;/adjuncts/dd0ae236/lib/form/section_.js&quot; type=&quot;text/javascript&quot;&gt;&lt;/script&gt;&lt;tr name=&quot;properties&quot; style=&quot;display:none&quot; class=&quot;row-set-start&quot; id=&quot;rowSetStart31&quot; path=&quot;/properties&quot;&gt;&lt;/tr&gt;&lt;tr nameref=&quot;rowSetStart31&quot;&gt;&lt;td&gt;&lt;input type=&quot;hidden&quot; name=&quot;stapler-class-bag&quot; value=&quot;true&quot; path=&quot;/properties/stapler-class-bag&quot;&gt;&lt;/td&gt;&lt;/tr&gt;&lt;tr name=&quot;hudson-model-ParametersDefinitionProperty&quot; style=&quot;display:none&quot; class=&quot;row-set-start&quot; id=&quot;rowSetStart30&quot; nameref=&quot;rowSetStart31&quot; path=&quot;/properties/hudson-model-ParametersDefinitionProperty&quot;&gt;&lt;/tr&gt;&lt;tr class=&quot;optional-block-start row-set-start&quot; hashelp=&quot;true&quot; ref=&quot;cb16&quot; nameref=&quot;rowSetStart30&quot;&gt;&lt;td colspan=&quot;3&quot;&gt;&lt;input onclick=&quot;javascript:updateOptionalBlock(this,true)&quot; name=&quot;parameterized&quot; type=&quot;checkbox&quot; class=&quot; &quot; id=&quot;cb16&quot; path=&quot;/properties/hudson-model-ParametersDefinitionProperty/parameterized&quot;&gt;&lt;label class=&quot;attach-previous&quot;&gt;This build is parameterized&lt;/label&gt;&lt;/td&gt;&lt;td class=&quot;setting-help&quot;&gt;&lt;a helpurl=&quot;/help/project-config/parameterized-build.html&quot; href=&quot;#&quot; class=&quot;help-button&quot; tabindex=&quot;9999&quot;&gt;&lt;img src=&quot;/static/dd0ae236/images/16x16/help.png&quot; alt=&quot;Help for feature: This build is parameterized&quot; style=&quot;width: 16px; height: 16px; &quot; class=&quot;icon-help icon-sm&quot;&gt;&lt;/a&gt;&lt;/td&gt;&lt;/tr&gt;&lt;tr class=&quot;help-area&quot; nameref=&quot;cb16&quot;&gt;&lt;td&gt;&lt;/td&gt;&lt;td colspan=&quot;2&quot;&gt;&lt;div class=&quot;help&quot;&gt;Loading...&lt;/div&gt;&lt;/td&gt;&lt;td&gt;&lt;/td&gt;&lt;/tr&gt;&lt;tr class=&quot;rowvg-start&quot; nameref=&quot;cb16&quot; style=&quot;display: none;&quot;&gt;&lt;/tr&gt;&lt;tr nameref=&quot;cb16&quot; style=&quot;display: none;&quot;&gt;&lt;td colspan=&quot;2&quot;&gt;&lt;/td&gt;&lt;td colspan=&quot;2&quot;&gt;&lt;script src=&quot;/adjuncts/dd0ae236/lib/form/dragdrop/dragdrop.js&quot; type=&quot;text/javascript&quot;&gt;&lt;/script&gt;&lt;script src=&quot;/adjuncts/dd0ae236/lib/form/hetero-list/hetero-list.js&quot; type=&quot;text/javascript&quot;&gt;&lt;/script&gt;&lt;div class=&quot;hetero-list-container with-drag-drop  &quot;&gt;&lt;div class=&quot;repeatable-insertion-point&quot;&gt;&lt;/div&gt;&lt;div&gt;&lt;span class=&quot;yui-button yui-menu-button&quot; id=&quot;yui-gen1&quot;&gt;&lt;span class=&quot;first-child&quot;&gt;&lt;button type=&quot;button&quot; tabindex=&quot;0&quot; id=&quot;yui-gen1-button&quot; class=&quot;hetero-list-add&quot; suffix=&quot;parameter&quot;&gt;Add Parameter&lt;/button&gt;&lt;/span&gt;&lt;/span&gt;&lt;/div&gt;&lt;/div&gt;&lt;/td&gt;&lt;/tr&gt;&lt;tr class=&quot;row-set-end rowvg-end optional-block-end&quot; nameref=&quot;rowSetStart30&quot;&gt;&lt;/tr&gt;&lt;tr class=&quot;row-set-end&quot; nameref=&quot;rowSetStart31&quot;&gt;&lt;/tr&gt;&lt;tr class=&quot;row-set-end&quot;&gt;&lt;/tr&gt;&lt;tr class=&quot;optional-block-start &quot; hashelp=&quot;true&quot; ref=&quot;cb17&quot;&gt;&lt;td colspan=&quot;3&quot;&gt;&lt;input onclick=&quot;javascript:updateOptionalBlock(this,true)&quot; name=&quot;disable&quot; type=&quot;checkbox&quot; class=&quot; &quot; id=&quot;cb17&quot; path=&quot;/disable&quot;&gt;&lt;label class=&quot;attach-previous&quot;&gt;Disable Build (No new builds will be executed until the project is re-enabled.)&lt;/label&gt;&lt;/td&gt;&lt;td class=&quot;setting-help&quot;&gt;&lt;a helpurl=&quot;/help/project-config/disable.html&quot; href=&quot;#&quot; class=&quot;help-button&quot; tabindex=&quot;9999&quot;&gt;&lt;img src=&quot;/static/dd0ae236/images/16x16/help.png&quot; alt=&quot;Help for feature: Disable Build (No new builds will be executed until the project is re-enabled.)&quot; style=&quot;width: 16px; height: 16px; &quot; class=&quot;icon-help icon-sm&quot;&gt;&lt;/a&gt;&lt;/td&gt;&lt;/tr&gt;&lt;tr class=&quot;help-area&quot;&gt;&lt;td&gt;&lt;/td&gt;&lt;td colspan=&quot;2&quot;&gt;&lt;div class=&quot;help&quot;&gt;Loading...&lt;/div&gt;&lt;/td&gt;&lt;td&gt;&lt;/td&gt;&lt;/tr&gt;&lt;tr class=&quot;rowvg-start&quot; style=&quot;display: none;&quot;&gt;&lt;/tr&gt;&lt;tr class=&quot; rowvg-end optional-block-end&quot;&gt;&lt;/tr&gt;&lt;tr class=&quot;optional-block-start &quot; hashelp=&quot;true&quot; ref=&quot;cb18&quot;&gt;&lt;td colspan=&quot;3&quot;&gt;&lt;input onclick=&quot;javascript:updateOptionalBlock(this,true)&quot; name=&quot;_.concurrentBuild&quot; type=&quot;checkbox&quot; class=&quot; &quot; id=&quot;cb18&quot; path=&quot;/concurrentBuild&quot;&gt;&lt;label class=&quot;attach-previous&quot;&gt;Execute concurrent builds if necessary&lt;/label&gt;&lt;/td&gt;&lt;td class=&quot;setting-help&quot;&gt;&lt;a helpurl=&quot;/descriptor/hudson.model.FreeStyleProject/help/concurrentBuild&quot; href=&quot;#&quot; class=&quot;help-button&quot; tabindex=&quot;9999&quot;&gt;&lt;img src=&quot;/static/dd0ae236/images/16x16/help.png&quot; alt=&quot;Help for feature: Execute concurrent builds if necessary&quot; style=&quot;width: 16px; height: 16px; &quot; class=&quot;icon-help icon-sm&quot;&gt;&lt;/a&gt;&lt;/td&gt;&lt;/tr&gt;&lt;tr class=&quot;help-area&quot;&gt;&lt;td&gt;&lt;/td&gt;&lt;td colspan=&quot;2&quot;&gt;&lt;div class=&quot;help&quot;&gt;Loading...&lt;/div&gt;&lt;/td&gt;&lt;td&gt;&lt;/td&gt;&lt;/tr&gt;&lt;tr class=&quot;rowvg-start&quot; style=&quot;display: none;&quot;&gt;&lt;/tr&gt;&lt;tr class=&quot; rowvg-end optional-block-end&quot;&gt;&lt;/tr&gt;&lt;tr&gt;&lt;td colspan=&quot;4&quot;&gt;&lt;div class=&quot;section-header&quot;&gt;&lt;a id=&quot;section0&quot; class=&quot;section-anchor&quot;&gt;#&lt;/a&gt;Advanced Project Options&lt;/div&gt;&lt;/td&gt;&lt;/tr&gt;&lt;tr&gt;&lt;td&gt;&lt;/td&gt;&lt;td&gt;&lt;/td&gt;&lt;td&gt;&lt;script src=&quot;/adjuncts/dd0ae236/lib/form/advanced/advanced.js&quot; type=&quot;text/javascript&quot;&gt;&lt;/script&gt;&lt;div style=&quot;&quot; class=&quot;advancedLink&quot;&gt;&lt;span style=&quot;display: none&quot; id=&quot;id20&quot;&gt;&lt;img src=&quot;/static/dd0ae236/images/24x24/notepad.png&quot; tooltip=&quot;One or more fields in this block have been edited.&quot; style=&quot;width: 24px; height: 24px; vertical-align: baseline&quot; class=&quot;icon-notepad icon-md&quot; title=&quot;One or more fields in this block have been edited.&quot;&gt;&lt;/span&gt;&amp;nbsp;&lt;span class=&quot;yui-button yui-push-button advanced-button advancedButton&quot; id=&quot;yui-gen7&quot;&gt;&lt;span class=&quot;first-child&quot;&gt;&lt;button type=&quot;button&quot; tabindex=&quot;0&quot; id=&quot;yui-gen7-button&quot; path=&quot;/advanced-button&quot;&gt;Advanced...&lt;/button&gt;&lt;/span&gt;&lt;/span&gt;&lt;/div&gt;&lt;table class=&quot;advancedBody&quot;&gt;&lt;tbody&gt;&lt;tr class=&quot;optional-block-start &quot; hashelp=&quot;true&quot; ref=&quot;cb19&quot;&gt;&lt;td colspan=&quot;3&quot;&gt;&lt;input onclick=&quot;javascript:updateOptionalBlock(this,true)&quot; name=&quot;hasCustomQuietPeriod&quot; type=&quot;checkbox&quot; class=&quot; &quot; id=&quot;cb19&quot; path=&quot;/hasCustomQuietPeriod&quot;&gt;&lt;label class=&quot;attach-previous&quot;&gt;Quiet period&lt;/label&gt;&lt;/td&gt;&lt;td class=&quot;setting-help&quot;&gt;&lt;a helpurl=&quot;/descriptor/jenkins.model.GlobalQuietPeriodConfiguration/help/quietPeriod&quot; href=&quot;#&quot; class=&quot;help-button&quot; tabindex=&quot;9999&quot;&gt;&lt;img src=&quot;/static/dd0ae236/images/16x16/help.png&quot; alt=&quot;Help for feature: Quiet period&quot; style=&quot;width: 16px; height: 16px; &quot; class=&quot;icon-help icon-sm&quot;&gt;&lt;/a&gt;&lt;/td&gt;&lt;/tr&gt;&lt;tr class=&quot;help-area&quot;&gt;&lt;td&gt;&lt;/td&gt;&lt;td colspan=&quot;2&quot;&gt;&lt;div class=&quot;help&quot;&gt;Loading...&lt;/div&gt;&lt;/td&gt;&lt;td&gt;&lt;/td&gt;&lt;/tr&gt;&lt;tr class=&quot;rowvg-start&quot; style=&quot;display: none;&quot;&gt;&lt;/tr&gt;&lt;tr style=&quot;display: none;&quot;&gt;&lt;td class=&quot;setting-leftspace&quot;&gt;&amp;nbsp;&lt;/td&gt;&lt;td class=&quot;setting-name&quot;&gt;Quiet period&lt;/td&gt;&lt;td class=&quot;setting-main&quot;&gt;&lt;input step=&quot;1&quot; min=&quot;0&quot; name=&quot;quiet_period&quot; type=&quot;number&quot; class=&quot;setting-input  number&quot; value=&quot;5&quot; path=&quot;/quiet_period&quot;&gt;&lt;/td&gt;&lt;td class=&quot;setting-no-help&quot;&gt;&lt;/td&gt;&lt;/tr&gt;&lt;tr class=&quot;validation-error-area&quot; style=&quot;display: none;&quot;&gt;&lt;td colspan=&quot;2&quot;&gt;&lt;/td&gt;&lt;td&gt;&lt;/td&gt;&lt;td&gt;&lt;/td&gt;&lt;/tr&gt;&lt;tr style=&quot;display: none;&quot;&gt;&lt;td colspan=&quot;2&quot;&gt;&lt;/td&gt;&lt;td class=&quot;setting-description&quot;&gt;Number of seconds&lt;/td&gt;&lt;td&gt;&lt;/td&gt;&lt;/tr&gt;&lt;tr class=&quot; rowvg-end optional-block-end&quot;&gt;&lt;/tr&gt;&lt;tr class=&quot;optional-block-start &quot; hashelp=&quot;true&quot; ref=&quot;cb20&quot;&gt;&lt;td colspan=&quot;3&quot;&gt;&lt;input onclick=&quot;javascript:updateOptionalBlock(this,true)&quot; name=&quot;hasCustomScmCheckoutRetryCount&quot; type=&quot;checkbox&quot; class=&quot; &quot; id=&quot;cb20&quot; path=&quot;/hasCustomScmCheckoutRetryCount&quot;&gt;&lt;label class=&quot;attach-previous&quot;&gt;Retry Count&lt;/label&gt;&lt;/td&gt;&lt;td class=&quot;setting-help&quot;&gt;&lt;a helpurl=&quot;/help/project-config/scmCheckoutRetryCount.html&quot; href=&quot;#&quot; class=&quot;help-button&quot; tabindex=&quot;9999&quot;&gt;&lt;img src=&quot;/static/dd0ae236/images/16x16/help.png&quot; alt=&quot;Help for feature: Retry Count&quot; style=&quot;width: 16px; height: 16px; &quot; class=&quot;icon-help icon-sm&quot;&gt;&lt;/a&gt;&lt;/td&gt;&lt;/tr&gt;&lt;tr class=&quot;help-area&quot;&gt;&lt;td&gt;&lt;/td&gt;&lt;td colspan=&quot;2&quot;&gt;&lt;div class=&quot;help&quot;&gt;Loading...&lt;/div&gt;&lt;/td&gt;&lt;td&gt;&lt;/td&gt;&lt;/tr&gt;&lt;tr class=&quot;rowvg-start&quot; style=&quot;display: none;&quot;&gt;&lt;/tr&gt;&lt;tr style=&quot;display: none;&quot;&gt;&lt;td class=&quot;setting-leftspace&quot;&gt;&amp;nbsp;&lt;/td&gt;&lt;td class=&quot;setting-name&quot;&gt;SCM checkout retry count&lt;/td&gt;&lt;td class=&quot;setting-main&quot;&gt;&lt;input step=&quot;1&quot; min=&quot;0&quot; name=&quot;scmCheckoutRetryCount&quot; type=&quot;number&quot; class=&quot;setting-input  number&quot; value=&quot;0&quot; path=&quot;/scmCheckoutRetryCount&quot;&gt;&lt;/td&gt;&lt;td class=&quot;setting-no-help&quot;&gt;&lt;/td&gt;&lt;/tr&gt;&lt;tr class=&quot;validation-error-area&quot; style=&quot;display: none;&quot;&gt;&lt;td colspan=&quot;2&quot;&gt;&lt;/td&gt;&lt;td&gt;&lt;/td&gt;&lt;td&gt;&lt;/td&gt;&lt;/tr&gt;&lt;tr class=&quot; rowvg-end optional-block-end&quot;&gt;&lt;/tr&gt;&lt;tr class=&quot;optional-block-start &quot; hashelp=&quot;true&quot; ref=&quot;cb21&quot;&gt;&lt;td colspan=&quot;3&quot;&gt;&lt;input onclick=&quot;javascript:updateOptionalBlock(this,true)&quot; name=&quot;blockBuildWhenUpstreamBuilding&quot; type=&quot;checkbox&quot; class=&quot; &quot; id=&quot;cb21&quot; path=&quot;/blockBuildWhenUpstreamBuilding&quot;&gt;&lt;label class=&quot;attach-previous&quot;&gt;Block build when upstream project is building&lt;/label&gt;&lt;/td&gt;&lt;td class=&quot;setting-help&quot;&gt;&lt;a helpurl=&quot;/help/project-config/block-upstream-building.html&quot; href=&quot;#&quot; class=&quot;help-button&quot; tabindex=&quot;9999&quot;&gt;&lt;img src=&quot;/static/dd0ae236/images/16x16/help.png&quot; alt=&quot;Help for feature: Block build when upstream project is building&quot; style=&quot;width: 16px; height: 16px; &quot; class=&quot;icon-help icon-sm&quot;&gt;&lt;/a&gt;&lt;/td&gt;&lt;/tr&gt;&lt;tr class=&quot;help-area&quot;&gt;&lt;td&gt;&lt;/td&gt;&lt;td colspan=&quot;2&quot;&gt;&lt;div class=&quot;help&quot;&gt;Loading...&lt;/div&gt;&lt;/td&gt;&lt;td&gt;&lt;/td&gt;&lt;/tr&gt;&lt;tr class=&quot;rowvg-start&quot; style=&quot;display: none;&quot;&gt;&lt;/tr&gt;&lt;tr class=&quot; rowvg-end optional-block-end&quot;&gt;&lt;/tr&gt;&lt;tr class=&quot;optional-block-start &quot; hashelp=&quot;true&quot; ref=&quot;cb22&quot;&gt;&lt;td colspan=&quot;3&quot;&gt;&lt;input onclick=&quot;javascript:updateOptionalBlock(this,true)&quot; name=&quot;blockBuildWhenDownstreamBuilding&quot; type=&quot;checkbox&quot; class=&quot; &quot; id=&quot;cb22&quot; path=&quot;/blockBuildWhenDownstreamBuilding&quot;&gt;&lt;label class=&quot;attach-previous&quot;&gt;Block build when downstream project is building&lt;/label&gt;&lt;/td&gt;&lt;td class=&quot;setting-help&quot;&gt;&lt;a helpurl=&quot;/help/project-config/block-downstream-building.html&quot; href=&quot;#&quot; class=&quot;help-button&quot; tabindex=&quot;9999&quot;&gt;&lt;img src=&quot;/static/dd0ae236/images/16x16/help.png&quot; alt=&quot;Help for feature: Block build when downstream project is building&quot; style=&quot;width: 16px; height: 16px; &quot; class=&quot;icon-help icon-sm&quot;&gt;&lt;/a&gt;&lt;/td&gt;&lt;/tr&gt;&lt;tr class=&quot;help-area&quot;&gt;&lt;td&gt;&lt;/td&gt;&lt;td colspan=&quot;2&quot;&gt;&lt;div class=&quot;help&quot;&gt;Loading...&lt;/div&gt;&lt;/td&gt;&lt;td&gt;&lt;/td&gt;&lt;/tr&gt;&lt;tr class=&quot;rowvg-start&quot; style=&quot;display: none;&quot;&gt;&lt;/tr&gt;&lt;tr class=&quot; rowvg-end optional-block-end&quot;&gt;&lt;/tr&gt;&lt;tr class=&quot;optional-block-start &quot; hashelp=&quot;true&quot; ref=&quot;cb23&quot;&gt;&lt;td colspan=&quot;3&quot;&gt;&lt;input onclick=&quot;javascript:updateOptionalBlock(this,true)&quot; name=&quot;hasCustomWorkspace&quot; type=&quot;checkbox&quot; class=&quot; &quot; id=&quot;cb23&quot; path=&quot;/hasCustomWorkspace&quot;&gt;&lt;label class=&quot;attach-previous&quot;&gt;Use custom workspace&lt;/label&gt;&lt;/td&gt;&lt;td class=&quot;setting-help&quot;&gt;&lt;a helpurl=&quot;/help/project-config/custom-workspace.html&quot; href=&quot;#&quot; class=&quot;help-button&quot; tabindex=&quot;9999&quot;&gt;&lt;img src=&quot;/static/dd0ae236/images/16x16/help.png&quot; alt=&quot;Help for feature: Use custom workspace&quot; style=&quot;width: 16px; height: 16px; &quot; class=&quot;icon-help icon-sm&quot;&gt;&lt;/a&gt;&lt;/td&gt;&lt;/tr&gt;&lt;tr class=&quot;help-area&quot;&gt;&lt;td&gt;&lt;/td&gt;&lt;td colspan=&quot;2&quot;&gt;&lt;div class=&quot;help&quot;&gt;Loading...&lt;/div&gt;&lt;/td&gt;&lt;td&gt;&lt;/td&gt;&lt;/tr&gt;&lt;tr class=&quot;rowvg-start&quot; style=&quot;display: none;&quot;&gt;&lt;/tr&gt;&lt;tr style=&quot;display: none;&quot;&gt;&lt;td class=&quot;setting-leftspace&quot;&gt;&amp;nbsp;&lt;/td&gt;&lt;td class=&quot;setting-name&quot;&gt;Directory&lt;/td&gt;&lt;td class=&quot;setting-main&quot;&gt;&#10;   &#10;&#10;  &#10;  &lt;input checkdependson=&quot;customWorkspace&quot; checkurl=&quot;/job/thoughtful_credit/descriptorByName/hudson.model.FreeStyleProject/checkCustomWorkspace&quot; name=&quot;_.customWorkspace&quot; type=&quot;text&quot; class=&quot;setting-input validated  &quot; value=&quot;&quot; path=&quot;/customWorkspace&quot;&gt;&lt;/td&gt;&lt;td class=&quot;setting-no-help&quot;&gt;&lt;/td&gt;&lt;/tr&gt;&lt;tr class=&quot;validation-error-area&quot; style=&quot;display: none;&quot;&gt;&lt;td colspan=&quot;2&quot;&gt;&lt;/td&gt;&lt;td&gt;&lt;div class=&quot;error&quot;&gt;&lt;img src=&quot;/static/dd0ae236/images/none.gif&quot; height=&quot;16&quot; width=&quot;1&quot;&gt;Custom workspace is empty.&lt;/div&gt;&lt;/td&gt;&lt;td&gt;&lt;/td&gt;&lt;/tr&gt;&lt;tr class=&quot; rowvg-end optional-block-end&quot;&gt;&lt;/tr&gt;&lt;tr&gt;&lt;td class=&quot;setting-leftspace&quot;&gt;&amp;nbsp;&lt;/td&gt;&lt;td class=&quot;setting-name&quot;&gt;Display Name&lt;/td&gt;&lt;td class=&quot;setting-main&quot;&gt;&#10;   &#10;&#10;  &#10;  &lt;input checkurl=&quot;&apos;/checkDisplayName?displayName=&apos;+encodeURIComponent(this.value)+&apos;&amp;amp;jobName=&apos;+encodeURIComponent(&apos;thoughtful_credit&apos;)&quot; name=&quot;_.displayNameOrNull&quot; type=&quot;text&quot; class=&quot;setting-input validated  &quot; value=&quot;&quot; path=&quot;/displayNameOrNull&quot;&gt;&lt;/td&gt;&lt;td class=&quot;setting-help&quot;&gt;&lt;a helpurl=&quot;/descriptor/hudson.model.FreeStyleProject/help/displayNameOrNull&quot; href=&quot;#&quot; class=&quot;help-button&quot; tabindex=&quot;9999&quot;&gt;&lt;img src=&quot;/static/dd0ae236/images/16x16/help.png&quot; alt=&quot;Help for feature: Display Name&quot; style=&quot;width: 16px; height: 16px; &quot; class=&quot;icon-help icon-sm&quot;&gt;&lt;/a&gt;&lt;/td&gt;&lt;/tr&gt;&lt;tr class=&quot;validation-error-area&quot;&gt;&lt;td colspan=&quot;2&quot;&gt;&lt;/td&gt;&lt;td&gt;&lt;div&gt;&lt;/div&gt;&lt;/td&gt;&lt;td&gt;&lt;/td&gt;&lt;/tr&gt;&lt;tr class=&quot;help-area&quot;&gt;&lt;td&gt;&lt;/td&gt;&lt;td colspan=&quot;2&quot;&gt;&lt;div class=&quot;help&quot;&gt;Loading...&lt;/div&gt;&lt;/td&gt;&lt;td&gt;&lt;/td&gt;&lt;/tr&gt;&lt;tr class=&quot;optional-block-start row-set-start&quot; hashelp=&quot;true&quot; ref=&quot;cb24&quot;&gt;&lt;td colspan=&quot;3&quot;&gt;&lt;input onclick=&quot;javascript:updateOptionalBlock(this,true)&quot; name=&quot;keepDependencies&quot; type=&quot;checkbox&quot; class=&quot; &quot; id=&quot;cb24&quot; path=&quot;/keepDependencies&quot;&gt;&lt;label class=&quot;attach-previous&quot;&gt;Keep the build logs of dependencies&lt;/label&gt;&lt;/td&gt;&lt;td class=&quot;setting-help&quot;&gt;&lt;a helpurl=&quot;/help/tasks/fingerprint/keepDependencies.html&quot; href=&quot;#&quot; class=&quot;help-button&quot; tabindex=&quot;9999&quot;&gt;&lt;img src=&quot;/static/dd0ae236/images/16x16/help.png&quot; alt=&quot;Help for feature: Keep the build logs of dependencies&quot; style=&quot;width: 16px; height: 16px; &quot; class=&quot;icon-help icon-sm&quot;&gt;&lt;/a&gt;&lt;/td&gt;&lt;/tr&gt;&lt;tr class=&quot;help-area&quot; nameref=&quot;cb24&quot;&gt;&lt;td&gt;&lt;/td&gt;&lt;td colspan=&quot;2&quot;&gt;&lt;div class=&quot;help&quot;&gt;Loading...&lt;/div&gt;&lt;/td&gt;&lt;td&gt;&lt;/td&gt;&lt;/tr&gt;&lt;tr class=&quot;rowvg-start&quot; nameref=&quot;cb24&quot; style=&quot;display: none;&quot;&gt;&lt;/tr&gt;&lt;tr class=&quot;row-set-end rowvg-end optional-block-end&quot;&gt;&lt;/tr&gt;&lt;/tbody&gt;&lt;/table&gt;&lt;/td&gt;&lt;td&gt;&lt;/td&gt;&lt;/tr&gt;&lt;tr&gt;&lt;td colspan=&quot;4&quot;&gt;&lt;div class=&quot;section-header&quot;&gt;&lt;a id=&quot;section1&quot; class=&quot;section-anchor&quot;&gt;#&lt;/a&gt;Source Code Management&lt;/div&gt;&lt;/td&gt;&lt;/tr&gt;&lt;script src=&quot;/adjuncts/dd0ae236/lib/form/radioBlock/radioBlock.js&quot; type=&quot;text/javascript&quot;&gt;&lt;/script&gt;&lt;tr class=&quot;radio-block-start row-set-start&quot; hashelp=&quot;false&quot; ref=&quot;radio-block-9&quot;&gt;&lt;td colspan=&quot;3&quot;&gt;&lt;label&gt;&lt;input name=&quot;scm&quot; checked=&quot;true&quot; type=&quot;radio&quot; value=&quot;0&quot; class=&quot;radio-block-control&quot; id=&quot;radio-block-9&quot; path=&quot;/scm[0]&quot;&gt;&#10;        None&#10;      &lt;/label&gt;&lt;/td&gt;&lt;td class=&quot;setting-no-help&quot;&gt;&lt;/td&gt;&lt;/tr&gt;&lt;tr style=&quot;display:none&quot; class=&quot;row-set-end radio-block-end&quot;&gt;&lt;/tr&gt;&lt;tr class=&quot;radio-block-start row-set-start&quot; hashelp=&quot;false&quot; ref=&quot;radio-block-10&quot;&gt;&lt;td colspan=&quot;3&quot;&gt;&lt;label&gt;&lt;input name=&quot;scm&quot; type=&quot;radio&quot; value=&quot;1&quot; class=&quot;radio-block-control&quot; id=&quot;radio-block-10&quot; path=&quot;/scm[1]&quot;&gt;&#10;        CVS&#10;      &lt;/label&gt;&lt;/td&gt;&lt;td class=&quot;setting-no-help&quot;&gt;&lt;/td&gt;&lt;/tr&gt;&lt;tr nameref=&quot;radio-block-10&quot; style=&quot;display: none;&quot;&gt;&lt;td class=&quot;setting-leftspace&quot;&gt;&amp;nbsp;&lt;/td&gt;&lt;td class=&quot;setting-name&quot;&gt;&lt;/td&gt;&lt;td class=&quot;setting-main&quot;&gt;&lt;div class=&quot;repeated-container&quot;&gt;&lt;div name=&quot;repositories&quot; class=&quot;repeated-chunk first last only&quot;&gt;&lt;table style=&quot;width:100%&quot;&gt;&lt;tbody&gt;&lt;tr&gt;&lt;td class=&quot;setting-leftspace&quot;&gt;&amp;nbsp;&lt;/td&gt;&lt;td class=&quot;setting-name&quot;&gt;CVSROOT&lt;/td&gt;&lt;td class=&quot;setting-main&quot;&gt;&#10;   &#10;&#10;  &#10;  &lt;input checkdependson=&quot;&quot; checkurl=&quot;/job/thoughtful_credit/descriptorByName/hudson.scm.CvsRepository/checkCvsRoot&quot; name=&quot;_.cvsRoot&quot; type=&quot;text&quot; class=&quot;setting-input validated  &quot; value=&quot;&quot;&gt;&lt;/td&gt;&lt;td class=&quot;setting-help&quot;&gt;&lt;a helpurl=&quot;/descriptor/hudson.scm.CvsRepository/help/cvsRoot&quot; href=&quot;#&quot; class=&quot;help-button&quot; tabindex=&quot;9999&quot;&gt;&lt;img src=&quot;/static/dd0ae236/images/16x16/help.png&quot; alt=&quot;Help for feature: CVSROOT&quot; style=&quot;width: 16px; height: 16px; &quot; class=&quot;icon-help icon-sm&quot;&gt;&lt;/a&gt;&lt;/td&gt;&lt;/tr&gt;&lt;tr class=&quot;validation-error-area&quot;&gt;&lt;td colspan=&quot;2&quot;&gt;&lt;/td&gt;&lt;td&gt;&lt;div class=&quot;error&quot;&gt;&lt;img src=&quot;/static/dd0ae236/images/none.gif&quot; height=&quot;16&quot; width=&quot;1&quot;&gt;CVSROOT is mandatory&lt;/div&gt;&lt;/td&gt;&lt;td&gt;&lt;/td&gt;&lt;/tr&gt;&lt;tr class=&quot;help-area&quot;&gt;&lt;td&gt;&lt;/td&gt;&lt;td colspan=&quot;2&quot;&gt;&lt;div class=&quot;help&quot;&gt;Loading...&lt;/div&gt;&lt;/td&gt;&lt;td&gt;&lt;/td&gt;&lt;/tr&gt;&lt;tr class=&quot;optional-block-start &quot; hashelp=&quot;false&quot; ref=&quot;cb25&quot;&gt;&lt;td colspan=&quot;3&quot;&gt;&lt;input onclick=&quot;javascript:updateOptionalBlock(this,true)&quot; name=&quot;passwordRequired&quot; type=&quot;checkbox&quot; class=&quot; &quot; id=&quot;cb25&quot;&gt;&lt;label class=&quot;attach-previous&quot;&gt;This Connection Requires A Password&lt;/label&gt;&lt;/td&gt;&lt;td class=&quot;setting-no-help&quot;&gt;&lt;/td&gt;&lt;/tr&gt;&lt;tr class=&quot;rowvg-start&quot; style=&quot;display: none;&quot;&gt;&lt;/tr&gt;&lt;tr style=&quot;display: none;&quot;&gt;&lt;td class=&quot;setting-leftspace&quot;&gt;&amp;nbsp;&lt;/td&gt;&lt;td class=&quot;setting-name&quot;&gt;Password&lt;/td&gt;&lt;td class=&quot;setting-main&quot;&gt;&lt;input name=&quot;_.password&quot; type=&quot;password&quot; class=&quot;setting-input &quot; value=&quot;&quot;&gt;&lt;/td&gt;&lt;td class=&quot;setting-no-help&quot;&gt;&lt;/td&gt;&lt;/tr&gt;&lt;tr class=&quot;validation-error-area&quot; style=&quot;display: none;&quot;&gt;&lt;td colspan=&quot;2&quot;&gt;&lt;/td&gt;&lt;td&gt;&lt;/td&gt;&lt;td&gt;&lt;/td&gt;&lt;/tr&gt;&lt;tr class=&quot; rowvg-end optional-block-end&quot;&gt;&lt;/tr&gt;&lt;tr&gt;&lt;td class=&quot;setting-leftspace&quot;&gt;&amp;nbsp;&lt;/td&gt;&lt;td class=&quot;setting-name&quot;&gt;&lt;/td&gt;&lt;td class=&quot;setting-main&quot;&gt;&lt;div class=&quot;repeated-container&quot;&gt;&lt;div name=&quot;repositoryItems&quot; class=&quot;repeated-chunk first last only&quot;&gt;&lt;table style=&quot;width:100%&quot;&gt;&lt;tbody&gt;&lt;tr&gt;&lt;td class=&quot;setting-leftspace&quot;&gt;&amp;nbsp;&lt;/td&gt;&lt;td class=&quot;setting-name&quot;&gt;Location&lt;/td&gt;&lt;td class=&quot;setting-main&quot;&gt;&lt;select class=&quot;setting-input dropdownList&quot;&gt;&lt;option value=&quot;0&quot;&gt;Branch&lt;/option&gt;&lt;option value=&quot;1&quot; selected=&quot;true&quot;&gt;Head&lt;/option&gt;&lt;option value=&quot;2&quot;&gt;Tag&lt;/option&gt;&lt;/select&gt;&lt;/td&gt;&lt;td class=&quot;setting-no-help&quot;&gt;&lt;/td&gt;&lt;/tr&gt;&lt;tr class=&quot;dropdownList-container&quot;&gt;&lt;td colspan=&quot;2&quot;&gt;&lt;/td&gt;&lt;td colspan=&quot;2&quot;&gt;&lt;table width=&quot;100%&quot; name=&quot;location&quot;&gt;&lt;tbody&gt;&lt;tr class=&quot;dropdownList-start rowvg-start&quot; field-disabled=&quot;true&quot; style=&quot;display: none;&quot;&gt;&lt;/tr&gt;&lt;tr field-disabled=&quot;true&quot; style=&quot;display: none;&quot;&gt;&lt;td class=&quot;setting-leftspace&quot;&gt;&amp;nbsp;&lt;/td&gt;&lt;td class=&quot;setting-name&quot;&gt;Branch Name&lt;/td&gt;&lt;td class=&quot;setting-main&quot;&gt;&#10;   &#10;&#10;  &#10;  &lt;input name=&quot;_.branchName&quot; type=&quot;text&quot; class=&quot;setting-input   &quot; value=&quot;&quot;&gt;&lt;/td&gt;&lt;td class=&quot;setting-no-help&quot;&gt;&lt;/td&gt;&lt;/tr&gt;&lt;tr class=&quot;validation-error-area&quot; field-disabled=&quot;true&quot; style=&quot;display: none;&quot;&gt;&lt;td colspan=&quot;2&quot;&gt;&lt;/td&gt;&lt;td&gt;&lt;/td&gt;&lt;td&gt;&lt;/td&gt;&lt;/tr&gt;&lt;tr field-disabled=&quot;true&quot; style=&quot;display: none;&quot;&gt;&lt;td class=&quot;setting-leftspace&quot;&gt;&amp;nbsp;&lt;/td&gt;&lt;td class=&quot;setting-name&quot;&gt;Use Head If Not Found&lt;/td&gt;&lt;td class=&quot;setting-main&quot;&gt;&lt;input name=&quot;_.useHeadIfNotFound&quot; type=&quot;checkbox&quot; class=&quot; &quot;&gt;&lt;/td&gt;&lt;td class=&quot;setting-no-help&quot;&gt;&lt;/td&gt;&lt;/tr&gt;&lt;tr class=&quot;validation-error-area&quot; field-disabled=&quot;true&quot; style=&quot;display: none;&quot;&gt;&lt;td colspan=&quot;2&quot;&gt;&lt;/td&gt;&lt;td&gt;&lt;/td&gt;&lt;td&gt;&lt;/td&gt;&lt;/tr&gt;&lt;tr style=&quot;display: none;&quot; field-disabled=&quot;true&quot;&gt;&lt;td&gt;&lt;input name=&quot;stapler-class&quot; type=&quot;hidden&quot; value=&quot;hudson.scm.CvsRepositoryLocation$BranchRepositoryLocation&quot;&gt;&lt;input name=&quot;$class&quot; type=&quot;hidden&quot; value=&quot;hudson.scm.CvsRepositoryLocation$BranchRepositoryLocation&quot;&gt;&lt;/td&gt;&lt;/tr&gt;&lt;tr class=&quot;dropdownList-end rowvg-end&quot;&gt;&lt;/tr&gt;&lt;tr class=&quot;dropdownList-start rowvg-start&quot;&gt;&lt;/tr&gt;&lt;tr style=&quot;&quot;&gt;&lt;td&gt;&lt;input name=&quot;stapler-class&quot; type=&quot;hidden&quot; value=&quot;hudson.scm.CvsRepositoryLocation$HeadRepositoryLocation&quot;&gt;&lt;input name=&quot;$class&quot; type=&quot;hidden&quot; value=&quot;hudson.scm.CvsRepositoryLocation$HeadRepositoryLocation&quot;&gt;&lt;/td&gt;&lt;/tr&gt;&lt;tr class=&quot;dropdownList-end rowvg-end&quot;&gt;&lt;/tr&gt;&lt;tr class=&quot;dropdownList-start rowvg-start&quot; field-disabled=&quot;true&quot; style=&quot;display: none;&quot;&gt;&lt;/tr&gt;&lt;tr field-disabled=&quot;true&quot; style=&quot;display: none;&quot;&gt;&lt;td class=&quot;setting-leftspace&quot;&gt;&amp;nbsp;&lt;/td&gt;&lt;td class=&quot;setting-name&quot;&gt;Tag Name&lt;/td&gt;&lt;td class=&quot;setting-main&quot;&gt;&#10;   &#10;&#10;  &#10;  &lt;input name=&quot;_.tagName&quot; type=&quot;text&quot; class=&quot;setting-input   &quot; value=&quot;&quot;&gt;&lt;/td&gt;&lt;td class=&quot;setting-no-help&quot;&gt;&lt;/td&gt;&lt;/tr&gt;&lt;tr class=&quot;validation-error-area&quot; field-disabled=&quot;true&quot; style=&quot;display: none;&quot;&gt;&lt;td colspan=&quot;2&quot;&gt;&lt;/td&gt;&lt;td&gt;&lt;/td&gt;&lt;td&gt;&lt;/td&gt;&lt;/tr&gt;&lt;tr field-disabled=&quot;true&quot; style=&quot;display: none;&quot;&gt;&lt;td class=&quot;setting-leftspace&quot;&gt;&amp;nbsp;&lt;/td&gt;&lt;td class=&quot;setting-name&quot;&gt;Use Head If Not Found&lt;/td&gt;&lt;td class=&quot;setting-main&quot;&gt;&lt;input name=&quot;_.useHeadIfNotFound&quot; type=&quot;checkbox&quot; class=&quot; &quot;&gt;&lt;/td&gt;&lt;td class=&quot;setting-no-help&quot;&gt;&lt;/td&gt;&lt;/tr&gt;&lt;tr class=&quot;validation-error-area&quot; field-disabled=&quot;true&quot; style=&quot;display: none;&quot;&gt;&lt;td colspan=&quot;2&quot;&gt;&lt;/td&gt;&lt;td&gt;&lt;/td&gt;&lt;td&gt;&lt;/td&gt;&lt;/tr&gt;&lt;tr style=&quot;display: none;&quot; field-disabled=&quot;true&quot;&gt;&lt;td&gt;&lt;input name=&quot;stapler-class&quot; type=&quot;hidden&quot; value=&quot;hudson.scm.CvsRepositoryLocation$TagRepositoryLocation&quot;&gt;&lt;input name=&quot;$class&quot; type=&quot;hidden&quot; value=&quot;hudson.scm.CvsRepositoryLocation$TagRepositoryLocation&quot;&gt;&lt;/td&gt;&lt;/tr&gt;&lt;tr class=&quot;dropdownList-end rowvg-end&quot;&gt;&lt;/tr&gt;&lt;/tbody&gt;&lt;/table&gt;&lt;/td&gt;&lt;/tr&gt;&lt;tr&gt;&lt;td class=&quot;setting-leftspace&quot;&gt;&amp;nbsp;&lt;/td&gt;&lt;td class=&quot;setting-name&quot;&gt;Modules&lt;/td&gt;&lt;td class=&quot;setting-main&quot;&gt;&lt;div class=&quot;repeated-container&quot;&gt;&lt;div name=&quot;modules&quot; class=&quot;repeated-chunk first last only&quot;&gt;&lt;table style=&quot;width:100%&quot;&gt;&lt;tbody&gt;&lt;tr&gt;&lt;td class=&quot;setting-leftspace&quot;&gt;&amp;nbsp;&lt;/td&gt;&lt;td class=&quot;setting-name&quot;&gt;Remote Name&lt;/td&gt;&lt;td class=&quot;setting-main&quot;&gt;&#10;   &#10;&#10;  &#10;  &lt;input checkdependson=&quot;&quot; checkurl=&quot;/job/thoughtful_credit/descriptorByName/hudson.scm.CvsModule/checkRemoteName&quot; name=&quot;_.remoteName&quot; type=&quot;text&quot; class=&quot;setting-input validated  &quot; value=&quot;&quot;&gt;&lt;/td&gt;&lt;td class=&quot;setting-help&quot;&gt;&lt;a helpurl=&quot;/descriptor/hudson.scm.CvsModule/help/remoteName&quot; href=&quot;#&quot; class=&quot;help-button&quot; tabindex=&quot;9999&quot;&gt;&lt;img src=&quot;/static/dd0ae236/images/16x16/help.png&quot; alt=&quot;Help for feature: Remote Name&quot; style=&quot;width: 16px; height: 16px; &quot; class=&quot;icon-help icon-sm&quot;&gt;&lt;/a&gt;&lt;/td&gt;&lt;/tr&gt;&lt;tr class=&quot;validation-error-area&quot;&gt;&lt;td colspan=&quot;2&quot;&gt;&lt;/td&gt;&lt;td&gt;&lt;div class=&quot;error&quot;&gt;&lt;img src=&quot;/static/dd0ae236/images/none.gif&quot; height=&quot;16&quot; width=&quot;1&quot;&gt;Remote Name is mandatory&lt;/div&gt;&lt;/td&gt;&lt;td&gt;&lt;/td&gt;&lt;/tr&gt;&lt;tr class=&quot;help-area&quot;&gt;&lt;td&gt;&lt;/td&gt;&lt;td colspan=&quot;2&quot;&gt;&lt;div class=&quot;help&quot;&gt;Loading...&lt;/div&gt;&lt;/td&gt;&lt;td&gt;&lt;/td&gt;&lt;/tr&gt;&lt;tr&gt;&lt;td class=&quot;setting-leftspace&quot;&gt;&amp;nbsp;&lt;/td&gt;&lt;td class=&quot;setting-name&quot;&gt;Local Name&lt;/td&gt;&lt;td class=&quot;setting-main&quot;&gt;&#10;   &#10;&#10;  &#10;  &lt;input name=&quot;_.localName&quot; type=&quot;text&quot; class=&quot;setting-input   &quot; value=&quot;&quot;&gt;&lt;/td&gt;&lt;td class=&quot;setting-help&quot;&gt;&lt;a helpurl=&quot;/descriptor/hudson.scm.CvsModule/help/localName&quot; href=&quot;#&quot; class=&quot;help-button&quot; tabindex=&quot;9999&quot;&gt;&lt;img src=&quot;/static/dd0ae236/images/16x16/help.png&quot; alt=&quot;Help for feature: Local Name&quot; style=&quot;width: 16px; height: 16px; &quot; class=&quot;icon-help icon-sm&quot;&gt;&lt;/a&gt;&lt;/td&gt;&lt;/tr&gt;&lt;tr class=&quot;validation-error-area&quot;&gt;&lt;td colspan=&quot;2&quot;&gt;&lt;/td&gt;&lt;td&gt;&lt;/td&gt;&lt;td&gt;&lt;/td&gt;&lt;/tr&gt;&lt;tr class=&quot;help-area&quot;&gt;&lt;td&gt;&lt;/td&gt;&lt;td colspan=&quot;2&quot;&gt;&lt;div class=&quot;help&quot;&gt;Loading...&lt;/div&gt;&lt;/td&gt;&lt;td&gt;&lt;/td&gt;&lt;/tr&gt;&lt;tr&gt;&lt;td class=&quot;setting-leftspace&quot;&gt;&amp;nbsp;&lt;/td&gt;&lt;td class=&quot;setting-name&quot;&gt;&lt;/td&gt;&lt;td class=&quot;setting-main&quot;&gt;&lt;div align=&quot;right&quot;&gt;&lt;span class=&quot;yui-button yui-push-button repeatable-add show-if-last&quot; id=&quot;yui-gen12&quot;&gt;&lt;span class=&quot;first-child&quot;&gt;&lt;button type=&quot;button&quot; tabindex=&quot;0&quot; id=&quot;yui-gen12-button&quot;&gt;Add more modules...&lt;/button&gt;&lt;/span&gt;&lt;/span&gt;&lt;span class=&quot;yui-button yui-push-button repeatable-delete show-if-not-only&quot; id=&quot;yui-gen21&quot;&gt;&lt;span class=&quot;first-child&quot;&gt;&lt;button type=&quot;button&quot; tabindex=&quot;0&quot; id=&quot;yui-gen21-button&quot;&gt;Delete&lt;/button&gt;&lt;/span&gt;&lt;/span&gt;&lt;/div&gt;&lt;/td&gt;&lt;td class=&quot;setting-no-help&quot;&gt;&lt;/td&gt;&lt;/tr&gt;&lt;tr class=&quot;validation-error-area&quot;&gt;&lt;td colspan=&quot;2&quot;&gt;&lt;/td&gt;&lt;td&gt;&lt;/td&gt;&lt;td&gt;&lt;/td&gt;&lt;/tr&gt;&lt;/tbody&gt;&lt;/table&gt;&lt;/div&gt;&lt;div class=&quot;repeatable-insertion-point&quot;&gt;&lt;/div&gt;&lt;/div&gt;&lt;/td&gt;&lt;td class=&quot;setting-no-help&quot;&gt;&lt;/td&gt;&lt;/tr&gt;&lt;tr class=&quot;validation-error-area&quot;&gt;&lt;td colspan=&quot;2&quot;&gt;&lt;/td&gt;&lt;td&gt;&lt;/td&gt;&lt;td&gt;&lt;/td&gt;&lt;/tr&gt;&lt;tr&gt;&lt;td class=&quot;setting-leftspace&quot;&gt;&amp;nbsp;&lt;/td&gt;&lt;td class=&quot;setting-name&quot;&gt;&lt;/td&gt;&lt;td class=&quot;setting-main&quot;&gt;&lt;div align=&quot;right&quot;&gt;&lt;span class=&quot;yui-button yui-push-button repeatable-add show-if-last&quot; id=&quot;yui-gen13&quot;&gt;&lt;span class=&quot;first-child&quot;&gt;&lt;button type=&quot;button&quot; tabindex=&quot;0&quot; id=&quot;yui-gen13-button&quot;&gt;Add more locations...&lt;/button&gt;&lt;/span&gt;&lt;/span&gt;&lt;span class=&quot;yui-button yui-push-button repeatable-delete show-if-not-only&quot; id=&quot;yui-gen22&quot;&gt;&lt;span class=&quot;first-child&quot;&gt;&lt;button type=&quot;button&quot; tabindex=&quot;0&quot; id=&quot;yui-gen22-button&quot;&gt;Delete&lt;/button&gt;&lt;/span&gt;&lt;/span&gt;&lt;/div&gt;&lt;/td&gt;&lt;td class=&quot;setting-no-help&quot;&gt;&lt;/td&gt;&lt;/tr&gt;&lt;tr class=&quot;validation-error-area&quot;&gt;&lt;td colspan=&quot;2&quot;&gt;&lt;/td&gt;&lt;td&gt;&lt;/td&gt;&lt;td&gt;&lt;/td&gt;&lt;/tr&gt;&lt;/tbody&gt;&lt;/table&gt;&lt;/div&gt;&lt;div class=&quot;repeatable-insertion-point&quot;&gt;&lt;/div&gt;&lt;/div&gt;&lt;/td&gt;&lt;td class=&quot;setting-no-help&quot;&gt;&lt;/td&gt;&lt;/tr&gt;&lt;tr class=&quot;validation-error-area&quot;&gt;&lt;td colspan=&quot;2&quot;&gt;&lt;/td&gt;&lt;td&gt;&lt;/td&gt;&lt;td&gt;&lt;/td&gt;&lt;/tr&gt;&lt;tr&gt;&lt;td&gt;&lt;/td&gt;&lt;td&gt;&lt;/td&gt;&lt;td&gt;&lt;div style=&quot;&quot; class=&quot;advancedLink&quot;&gt;&lt;span style=&quot;display: none&quot; id=&quot;id22&quot;&gt;&lt;img src=&quot;/static/dd0ae236/images/24x24/notepad.png&quot; tooltip=&quot;One or more fields in this block have been edited.&quot; style=&quot;width: 24px; height: 24px; vertical-align: baseline&quot; class=&quot;icon-notepad icon-md&quot; title=&quot;One or more fields in this block have been edited.&quot;&gt;&lt;/span&gt;&amp;nbsp;&lt;span class=&quot;yui-button yui-push-button advanced-button advancedButton&quot; id=&quot;yui-gen8&quot;&gt;&lt;span class=&quot;first-child&quot;&gt;&lt;button type=&quot;button&quot; tabindex=&quot;0&quot; id=&quot;yui-gen8-button&quot;&gt;Advanced...&lt;/button&gt;&lt;/span&gt;&lt;/span&gt;&lt;/div&gt;&lt;table class=&quot;advancedBody&quot;&gt;&lt;tbody&gt;&lt;tr&gt;&lt;td colspan=&quot;4&quot;&gt;&lt;div class=&quot;section-header&quot;&gt;&lt;a id=&quot;section3&quot; class=&quot;section-anchor&quot;&gt;#&lt;/a&gt;Advanced Repository Options&lt;/div&gt;&lt;/td&gt;&lt;/tr&gt;&lt;tr&gt;&lt;td class=&quot;setting-leftspace&quot;&gt;&amp;nbsp;&lt;/td&gt;&lt;td class=&quot;setting-name&quot;&gt;Repository browser&lt;/td&gt;&lt;td class=&quot;setting-main&quot;&gt;&lt;select class=&quot;setting-input dropdownList&quot;&gt;&lt;option value=&quot;auto&quot;&gt;(Auto)&lt;/option&gt;&lt;option value=&quot;0&quot;&gt;FishEye&lt;/option&gt;&lt;option value=&quot;1&quot;&gt;OpenGrok&lt;/option&gt;&lt;option value=&quot;2&quot;&gt;ViewCVS&lt;/option&gt;&lt;/select&gt;&lt;/td&gt;&lt;td class=&quot;setting-help&quot;&gt;&lt;a helpurl=&quot;/help/scm-browsers/list.html&quot; href=&quot;#&quot; class=&quot;help-button&quot; tabindex=&quot;9999&quot;&gt;&lt;img src=&quot;/static/dd0ae236/images/16x16/help.png&quot; alt=&quot;Help for feature: Repository browser&quot; style=&quot;width: 16px; height: 16px; &quot; class=&quot;icon-help icon-sm&quot;&gt;&lt;/a&gt;&lt;/td&gt;&lt;/tr&gt;&lt;tr class=&quot;dropdownList-container&quot;&gt;&lt;td colspan=&quot;2&quot;&gt;&lt;/td&gt;&lt;td colspan=&quot;2&quot;&gt;&lt;table width=&quot;100%&quot; name=&quot;repositoryBrowser&quot;&gt;&lt;tbody&gt;&lt;tr class=&quot;dropdownList-start rowvg-start&quot;&gt;&lt;/tr&gt;&lt;tr class=&quot;dropdownList-end rowvg-end&quot;&gt;&lt;/tr&gt;&lt;tr class=&quot;dropdownList-start rowvg-start&quot; field-disabled=&quot;true&quot; style=&quot;display: none;&quot;&gt;&lt;/tr&gt;&lt;tr class=&quot;render-on-demand &quot; proxy=&quot;makeStaplerProxy(&apos;/$stapler/bound/ca740689-4993-4c7d-a429-18b538aea894&apos;,&apos;1c4ca511-47cd-4867-b625-610dfbbe2ece&apos;,[&apos;render&apos;])&quot; field-disabled=&quot;true&quot; style=&quot;display: none;&quot;&gt;&lt;/tr&gt;&lt;tr style=&quot;display: none;&quot; field-disabled=&quot;true&quot;&gt;&lt;td&gt;&lt;input name=&quot;stapler-class&quot; type=&quot;hidden&quot; value=&quot;hudson.scm.browsers.FishEyeCVS&quot;&gt;&lt;input name=&quot;$class&quot; type=&quot;hidden&quot; value=&quot;hudson.scm.browsers.FishEyeCVS&quot;&gt;&lt;/td&gt;&lt;/tr&gt;&lt;tr class=&quot;dropdownList-end rowvg-end&quot;&gt;&lt;/tr&gt;&lt;tr class=&quot;dropdownList-start rowvg-start&quot; field-disabled=&quot;true&quot; style=&quot;display: none;&quot;&gt;&lt;/tr&gt;&lt;tr class=&quot;render-on-demand &quot; proxy=&quot;makeStaplerProxy(&apos;/$stapler/bound/b1effc1d-8d41-4207-b2c1-f56d1cac8411&apos;,&apos;1c4ca511-47cd-4867-b625-610dfbbe2ece&apos;,[&apos;render&apos;])&quot; field-disabled=&quot;true&quot; style=&quot;display: none;&quot;&gt;&lt;/tr&gt;&lt;tr style=&quot;display: none;&quot; field-disabled=&quot;true&quot;&gt;&lt;td&gt;&lt;input name=&quot;stapler-class&quot; type=&quot;hidden&quot; value=&quot;hudson.scm.browsers.OpenGrok&quot;&gt;&lt;input name=&quot;$class&quot; type=&quot;hidden&quot; value=&quot;hudson.scm.browsers.OpenGrok&quot;&gt;&lt;/td&gt;&lt;/tr&gt;&lt;tr class=&quot;dropdownList-end rowvg-end&quot;&gt;&lt;/tr&gt;&lt;tr class=&quot;dropdownList-start rowvg-start&quot; field-disabled=&quot;true&quot; style=&quot;display: none;&quot;&gt;&lt;/tr&gt;&lt;tr class=&quot;render-on-demand &quot; proxy=&quot;makeStaplerProxy(&apos;/$stapler/bound/073676bb-dfb3-4c3e-9a37-024abaf41bc9&apos;,&apos;1c4ca511-47cd-4867-b625-610dfbbe2ece&apos;,[&apos;render&apos;])&quot; field-disabled=&quot;true&quot; style=&quot;display: none;&quot;&gt;&lt;/tr&gt;&lt;tr style=&quot;display: none;&quot; field-disabled=&quot;true&quot;&gt;&lt;td&gt;&lt;input name=&quot;stapler-class&quot; type=&quot;hidden&quot; value=&quot;hudson.scm.browsers.ViewCVS&quot;&gt;&lt;input name=&quot;$class&quot; type=&quot;hidden&quot; value=&quot;hudson.scm.browsers.ViewCVS&quot;&gt;&lt;/td&gt;&lt;/tr&gt;&lt;tr class=&quot;dropdownList-end rowvg-end&quot;&gt;&lt;/tr&gt;&lt;/tbody&gt;&lt;/table&gt;&lt;/td&gt;&lt;/tr&gt;&lt;tr class=&quot;help-area&quot;&gt;&lt;td&gt;&lt;/td&gt;&lt;td colspan=&quot;2&quot;&gt;&lt;div class=&quot;help&quot;&gt;Loading...&lt;/div&gt;&lt;/td&gt;&lt;td&gt;&lt;/td&gt;&lt;/tr&gt;&lt;tr&gt;&lt;td class=&quot;setting-leftspace&quot;&gt;&amp;nbsp;&lt;/td&gt;&lt;td class=&quot;setting-name&quot;&gt;Exclude Regions&lt;/td&gt;&lt;td class=&quot;setting-main&quot;&gt;&lt;div class=&quot;repeated-container&quot;&gt;&lt;div name=&quot;excludedRegions&quot; class=&quot;repeated-chunk first last only&quot;&gt;&lt;table style=&quot;width:100%&quot;&gt;&lt;tbody&gt;&lt;tr&gt;&lt;td class=&quot;setting-leftspace&quot;&gt;&amp;nbsp;&lt;/td&gt;&lt;td class=&quot;setting-name&quot;&gt;Pattern&lt;/td&gt;&lt;td class=&quot;setting-main&quot;&gt;&#10;   &#10;&#10;  &#10;  &lt;input checkdependson=&quot;&quot; checkurl=&quot;/job/thoughtful_credit/descriptorByName/hudson.scm.ExcludedRegion/checkPattern&quot; name=&quot;_.pattern&quot; type=&quot;text&quot; class=&quot;setting-input validated  &quot; value=&quot;&quot;&gt;&lt;/td&gt;&lt;td class=&quot;setting-no-help&quot;&gt;&lt;/td&gt;&lt;/tr&gt;&lt;tr class=&quot;validation-error-area&quot;&gt;&lt;td colspan=&quot;2&quot;&gt;&lt;/td&gt;&lt;td&gt;&lt;div&gt;&lt;/div&gt;&lt;/td&gt;&lt;td&gt;&lt;/td&gt;&lt;/tr&gt;&lt;tr&gt;&lt;td class=&quot;setting-leftspace&quot;&gt;&amp;nbsp;&lt;/td&gt;&lt;td class=&quot;setting-name&quot;&gt;&lt;/td&gt;&lt;td class=&quot;setting-main&quot;&gt;&lt;div align=&quot;right&quot;&gt;&lt;span class=&quot;yui-button yui-push-button repeatable-add show-if-last&quot; id=&quot;yui-gen14&quot;&gt;&lt;span class=&quot;first-child&quot;&gt;&lt;button type=&quot;button&quot; tabindex=&quot;0&quot; id=&quot;yui-gen14-button&quot;&gt;Add more patterns...&lt;/button&gt;&lt;/span&gt;&lt;/span&gt;&lt;span class=&quot;yui-button yui-push-button repeatable-delete show-if-not-only&quot; id=&quot;yui-gen23&quot;&gt;&lt;span class=&quot;first-child&quot;&gt;&lt;button type=&quot;button&quot; tabindex=&quot;0&quot; id=&quot;yui-gen23-button&quot;&gt;Delete&lt;/button&gt;&lt;/span&gt;&lt;/span&gt;&lt;/div&gt;&lt;/td&gt;&lt;td class=&quot;setting-no-help&quot;&gt;&lt;/td&gt;&lt;/tr&gt;&lt;tr class=&quot;validation-error-area&quot;&gt;&lt;td colspan=&quot;2&quot;&gt;&lt;/td&gt;&lt;td&gt;&lt;/td&gt;&lt;td&gt;&lt;/td&gt;&lt;/tr&gt;&lt;/tbody&gt;&lt;/table&gt;&lt;/div&gt;&lt;div class=&quot;repeatable-insertion-point&quot;&gt;&lt;/div&gt;&lt;/div&gt;&lt;/td&gt;&lt;td class=&quot;setting-no-help&quot;&gt;&lt;/td&gt;&lt;/tr&gt;&lt;tr class=&quot;validation-error-area&quot;&gt;&lt;td colspan=&quot;2&quot;&gt;&lt;/td&gt;&lt;td&gt;&lt;/td&gt;&lt;td&gt;&lt;/td&gt;&lt;/tr&gt;&lt;tr&gt;&lt;td class=&quot;setting-leftspace&quot;&gt;&amp;nbsp;&lt;/td&gt;&lt;td class=&quot;setting-name&quot;&gt;Compression Level&lt;/td&gt;&lt;td class=&quot;setting-main&quot;&gt;&#10;&#10;   &#10;  &lt;select fillurl=&quot;/job/thoughtful_credit/descriptorByName/hudson.scm.CvsRepository/fillCompressionLevelItems&quot; name=&quot;_.compressionLevel&quot; class=&quot;setting-input  select &quot; value=&quot;&quot;&gt;&lt;option value=&quot;-1&quot;&gt;System Default&lt;/option&gt;&lt;option value=&quot;0&quot;&gt;None&lt;/option&gt;&lt;option value=&quot;1&quot;&gt;1&lt;/option&gt;&lt;option value=&quot;2&quot;&gt;2&lt;/option&gt;&lt;option value=&quot;3&quot;&gt;3 (Recommended)&lt;/option&gt;&lt;option value=&quot;4&quot;&gt;4&lt;/option&gt;&lt;option value=&quot;5&quot;&gt;5&lt;/option&gt;&lt;option value=&quot;6&quot;&gt;6&lt;/option&gt;&lt;option value=&quot;7&quot;&gt;7&lt;/option&gt;&lt;option value=&quot;8&quot;&gt;8&lt;/option&gt;&lt;option value=&quot;9&quot;&gt;9&lt;/option&gt;&lt;/select&gt;&lt;/td&gt;&lt;td class=&quot;setting-no-help&quot;&gt;&lt;/td&gt;&lt;/tr&gt;&lt;tr class=&quot;validation-error-area&quot;&gt;&lt;td colspan=&quot;2&quot;&gt;&lt;/td&gt;&lt;td&gt;&lt;/td&gt;&lt;td&gt;&lt;/td&gt;&lt;/tr&gt;&lt;/tbody&gt;&lt;/table&gt;&lt;/td&gt;&lt;td&gt;&lt;/td&gt;&lt;/tr&gt;&lt;tr&gt;&lt;td class=&quot;setting-leftspace&quot;&gt;&amp;nbsp;&lt;/td&gt;&lt;td class=&quot;setting-name&quot;&gt;&lt;/td&gt;&lt;td class=&quot;setting-main&quot;&gt;&lt;div align=&quot;right&quot;&gt;&lt;span class=&quot;yui-button yui-push-button repeatable-add show-if-last&quot; id=&quot;yui-gen15&quot;&gt;&lt;span class=&quot;first-child&quot;&gt;&lt;button type=&quot;button&quot; tabindex=&quot;0&quot; id=&quot;yui-gen15-button&quot;&gt;Add more repositories...&lt;/button&gt;&lt;/span&gt;&lt;/span&gt;&lt;span class=&quot;yui-button yui-push-button repeatable-delete show-if-not-only&quot; id=&quot;yui-gen24&quot;&gt;&lt;span class=&quot;first-child&quot;&gt;&lt;button type=&quot;button&quot; tabindex=&quot;0&quot; id=&quot;yui-gen24-button&quot;&gt;Delete&lt;/button&gt;&lt;/span&gt;&lt;/span&gt;&lt;/div&gt;&lt;/td&gt;&lt;td class=&quot;setting-no-help&quot;&gt;&lt;/td&gt;&lt;/tr&gt;&lt;tr class=&quot;validation-error-area&quot;&gt;&lt;td colspan=&quot;2&quot;&gt;&lt;/td&gt;&lt;td&gt;&lt;/td&gt;&lt;td&gt;&lt;/td&gt;&lt;/tr&gt;&lt;/tbody&gt;&lt;/table&gt;&lt;/div&gt;&lt;div class=&quot;repeatable-insertion-point&quot;&gt;&lt;/div&gt;&lt;/div&gt;&lt;/td&gt;&lt;td class=&quot;setting-no-help&quot;&gt;&lt;/td&gt;&lt;/tr&gt;&lt;tr class=&quot;validation-error-area&quot; nameref=&quot;radio-block-10&quot; style=&quot;display: none;&quot;&gt;&lt;td colspan=&quot;2&quot;&gt;&lt;/td&gt;&lt;td&gt;&lt;/td&gt;&lt;td&gt;&lt;/td&gt;&lt;/tr&gt;&lt;tr nameref=&quot;radio-block-10&quot; style=&quot;display: none;&quot;&gt;&lt;td class=&quot;setting-leftspace&quot;&gt;&amp;nbsp;&lt;/td&gt;&lt;td class=&quot;setting-name&quot;&gt;Use Update&lt;/td&gt;&lt;td class=&quot;setting-main&quot;&gt;&lt;input name=&quot;_.canUseUpdate&quot; checked=&quot;true&quot; type=&quot;checkbox&quot; class=&quot; &quot;&gt;&lt;/td&gt;&lt;td class=&quot;setting-help&quot;&gt;&lt;a helpurl=&quot;/descriptor/hudson.scm.CVSSCM/help/canUseUpdate&quot; href=&quot;#&quot; class=&quot;help-button&quot; tabindex=&quot;9999&quot;&gt;&lt;img src=&quot;/static/dd0ae236/images/16x16/help.png&quot; alt=&quot;Help for feature: Use Update&quot; style=&quot;width: 16px; height: 16px; &quot; class=&quot;icon-help icon-sm&quot;&gt;&lt;/a&gt;&lt;/td&gt;&lt;/tr&gt;&lt;tr class=&quot;validation-error-area&quot; nameref=&quot;radio-block-10&quot; style=&quot;display: none;&quot;&gt;&lt;td colspan=&quot;2&quot;&gt;&lt;/td&gt;&lt;td&gt;&lt;/td&gt;&lt;td&gt;&lt;/td&gt;&lt;/tr&gt;&lt;tr class=&quot;help-area&quot; nameref=&quot;radio-block-10&quot; style=&quot;display: none;&quot;&gt;&lt;td&gt;&lt;/td&gt;&lt;td colspan=&quot;2&quot;&gt;&lt;div class=&quot;help&quot;&gt;Loading...&lt;/div&gt;&lt;/td&gt;&lt;td&gt;&lt;/td&gt;&lt;/tr&gt;&lt;tr nameref=&quot;radio-block-10&quot; style=&quot;display: none;&quot;&gt;&lt;td class=&quot;setting-leftspace&quot;&gt;&amp;nbsp;&lt;/td&gt;&lt;td class=&quot;setting-name&quot;&gt;Prune Empty Directories&lt;/td&gt;&lt;td class=&quot;setting-main&quot;&gt;&lt;input name=&quot;_.pruneEmptyDirectories&quot; checked=&quot;true&quot; type=&quot;checkbox&quot; class=&quot; &quot;&gt;&lt;/td&gt;&lt;td class=&quot;setting-help&quot;&gt;&lt;a helpurl=&quot;/descriptor/hudson.scm.CVSSCM/help/pruneEmptyDirectories&quot; href=&quot;#&quot; class=&quot;help-button&quot; tabindex=&quot;9999&quot;&gt;&lt;img src=&quot;/static/dd0ae236/images/16x16/help.png&quot; alt=&quot;Help for feature: Prune Empty Directories&quot; style=&quot;width: 16px; height: 16px; &quot; class=&quot;icon-help icon-sm&quot;&gt;&lt;/a&gt;&lt;/td&gt;&lt;/tr&gt;&lt;tr class=&quot;validation-error-area&quot; nameref=&quot;radio-block-10&quot; style=&quot;display: none;&quot;&gt;&lt;td colspan=&quot;2&quot;&gt;&lt;/td&gt;&lt;td&gt;&lt;/td&gt;&lt;td&gt;&lt;/td&gt;&lt;/tr&gt;&lt;tr class=&quot;help-area&quot; nameref=&quot;radio-block-10&quot; style=&quot;display: none;&quot;&gt;&lt;td&gt;&lt;/td&gt;&lt;td colspan=&quot;2&quot;&gt;&lt;div class=&quot;help&quot;&gt;Loading...&lt;/div&gt;&lt;/td&gt;&lt;td&gt;&lt;/td&gt;&lt;/tr&gt;&lt;tr nameref=&quot;radio-block-10&quot; style=&quot;display: none;&quot;&gt;&lt;td class=&quot;setting-leftspace&quot;&gt;&amp;nbsp;&lt;/td&gt;&lt;td class=&quot;setting-name&quot;&gt;Legacy Mode&lt;/td&gt;&lt;td class=&quot;setting-main&quot;&gt;&lt;input name=&quot;_.legacy&quot; type=&quot;checkbox&quot; class=&quot; &quot;&gt;&lt;label class=&quot;attach-previous&quot;&gt;(run CVS in a way compatible with older versions of Hudson &amp;lt;1.21)&lt;/label&gt;&lt;/td&gt;&lt;td class=&quot;setting-help&quot;&gt;&lt;a helpurl=&quot;/descriptor/hudson.scm.CVSSCM/help/legacy&quot; href=&quot;#&quot; class=&quot;help-button&quot; tabindex=&quot;9999&quot;&gt;&lt;img src=&quot;/static/dd0ae236/images/16x16/help.png&quot; alt=&quot;Help for feature: Legacy Mode&quot; style=&quot;width: 16px; height: 16px; &quot; class=&quot;icon-help icon-sm&quot;&gt;&lt;/a&gt;&lt;/td&gt;&lt;/tr&gt;&lt;tr class=&quot;validation-error-area&quot; nameref=&quot;radio-block-10&quot; style=&quot;display: none;&quot;&gt;&lt;td colspan=&quot;2&quot;&gt;&lt;/td&gt;&lt;td&gt;&lt;/td&gt;&lt;td&gt;&lt;/td&gt;&lt;/tr&gt;&lt;tr class=&quot;help-area&quot; nameref=&quot;radio-block-10&quot; style=&quot;display: none;&quot;&gt;&lt;td&gt;&lt;/td&gt;&lt;td colspan=&quot;2&quot;&gt;&lt;div class=&quot;help&quot;&gt;Loading...&lt;/div&gt;&lt;/td&gt;&lt;td&gt;&lt;/td&gt;&lt;/tr&gt;&lt;tr nameref=&quot;radio-block-10&quot; style=&quot;display: none;&quot;&gt;&lt;td class=&quot;setting-leftspace&quot;&gt;&amp;nbsp;&lt;/td&gt;&lt;td class=&quot;setting-name&quot;&gt;Skip Changelog&lt;/td&gt;&lt;td class=&quot;setting-main&quot;&gt;&lt;input name=&quot;_.skipChangeLog&quot; type=&quot;checkbox&quot; class=&quot; &quot;&gt;&lt;/td&gt;&lt;td class=&quot;setting-help&quot;&gt;&lt;a helpurl=&quot;/descriptor/hudson.scm.CVSSCM/help/skipChangeLog&quot; href=&quot;#&quot; class=&quot;help-button&quot; tabindex=&quot;9999&quot;&gt;&lt;img src=&quot;/static/dd0ae236/images/16x16/help.png&quot; alt=&quot;Help for feature: Skip Changelog&quot; style=&quot;width: 16px; height: 16px; &quot; class=&quot;icon-help icon-sm&quot;&gt;&lt;/a&gt;&lt;/td&gt;&lt;/tr&gt;&lt;tr class=&quot;validation-error-area&quot; nameref=&quot;radio-block-10&quot; style=&quot;display: none;&quot;&gt;&lt;td colspan=&quot;2&quot;&gt;&lt;/td&gt;&lt;td&gt;&lt;/td&gt;&lt;td&gt;&lt;/td&gt;&lt;/tr&gt;&lt;tr class=&quot;help-area&quot; nameref=&quot;radio-block-10&quot; style=&quot;display: none;&quot;&gt;&lt;td&gt;&lt;/td&gt;&lt;td colspan=&quot;2&quot;&gt;&lt;div class=&quot;help&quot;&gt;Loading...&lt;/div&gt;&lt;/td&gt;&lt;td&gt;&lt;/td&gt;&lt;/tr&gt;&lt;tr nameref=&quot;radio-block-10&quot; style=&quot;display: none;&quot;&gt;&lt;td class=&quot;setting-leftspace&quot;&gt;&amp;nbsp;&lt;/td&gt;&lt;td class=&quot;setting-name&quot;&gt;Show all CVS output&lt;/td&gt;&lt;td class=&quot;setting-main&quot;&gt;&lt;input name=&quot;_.disableCvsQuiet&quot; type=&quot;checkbox&quot; class=&quot; &quot;&gt;&lt;/td&gt;&lt;td class=&quot;setting-help&quot;&gt;&lt;a helpurl=&quot;/descriptor/hudson.scm.CVSSCM/help/disableCvsQuiet&quot; href=&quot;#&quot; class=&quot;help-button&quot; tabindex=&quot;9999&quot;&gt;&lt;img src=&quot;/static/dd0ae236/images/16x16/help.png&quot; alt=&quot;Help for feature: Show all CVS output&quot; style=&quot;width: 16px; height: 16px; &quot; class=&quot;icon-help icon-sm&quot;&gt;&lt;/a&gt;&lt;/td&gt;&lt;/tr&gt;&lt;tr class=&quot;validation-error-area&quot; nameref=&quot;radio-block-10&quot; style=&quot;display: none;&quot;&gt;&lt;td colspan=&quot;2&quot;&gt;&lt;/td&gt;&lt;td&gt;&lt;/td&gt;&lt;td&gt;&lt;/td&gt;&lt;/tr&gt;&lt;tr class=&quot;help-area&quot; nameref=&quot;radio-block-10&quot; style=&quot;display: none;&quot;&gt;&lt;td&gt;&lt;/td&gt;&lt;td colspan=&quot;2&quot;&gt;&lt;div class=&quot;help&quot;&gt;Loading...&lt;/div&gt;&lt;/td&gt;&lt;td&gt;&lt;/td&gt;&lt;/tr&gt;&lt;tr nameref=&quot;radio-block-10&quot; style=&quot;display: none;&quot;&gt;&lt;td class=&quot;setting-leftspace&quot;&gt;&amp;nbsp;&lt;/td&gt;&lt;td class=&quot;setting-name&quot;&gt;Perform clean checkout on failed update&lt;/td&gt;&lt;td class=&quot;setting-main&quot;&gt;&lt;input name=&quot;_.cleanOnFailedUpdate&quot; type=&quot;checkbox&quot; class=&quot; &quot;&gt;&lt;/td&gt;&lt;td class=&quot;setting-help&quot;&gt;&lt;a helpurl=&quot;/descriptor/hudson.scm.CVSSCM/help/cleanOnFailedUpdate&quot; href=&quot;#&quot; class=&quot;help-button&quot; tabindex=&quot;9999&quot;&gt;&lt;img src=&quot;/static/dd0ae236/images/16x16/help.png&quot; alt=&quot;Help for feature: Perform clean checkout on failed update&quot; style=&quot;width: 16px; height: 16px; &quot; class=&quot;icon-help icon-sm&quot;&gt;&lt;/a&gt;&lt;/td&gt;&lt;/tr&gt;&lt;tr class=&quot;validation-error-area&quot; nameref=&quot;radio-block-10&quot; style=&quot;display: none;&quot;&gt;&lt;td colspan=&quot;2&quot;&gt;&lt;/td&gt;&lt;td&gt;&lt;/td&gt;&lt;td&gt;&lt;/td&gt;&lt;/tr&gt;&lt;tr class=&quot;help-area&quot; nameref=&quot;radio-block-10&quot; style=&quot;display: none;&quot;&gt;&lt;td&gt;&lt;/td&gt;&lt;td colspan=&quot;2&quot;&gt;&lt;div class=&quot;help&quot;&gt;Loading...&lt;/div&gt;&lt;/td&gt;&lt;td&gt;&lt;/td&gt;&lt;/tr&gt;&lt;tr nameref=&quot;radio-block-10&quot; style=&quot;display: none;&quot;&gt;&lt;td class=&quot;setting-leftspace&quot;&gt;&amp;nbsp;&lt;/td&gt;&lt;td class=&quot;setting-name&quot;&gt;Force clean copy for locally modified files&lt;/td&gt;&lt;td class=&quot;setting-main&quot;&gt;&lt;input name=&quot;_.forceCleanCopy&quot; type=&quot;checkbox&quot; class=&quot; &quot;&gt;&lt;/td&gt;&lt;td class=&quot;setting-help&quot;&gt;&lt;a helpurl=&quot;/descriptor/hudson.scm.CVSSCM/help/forceCleanCopy&quot; href=&quot;#&quot; class=&quot;help-button&quot; tabindex=&quot;9999&quot;&gt;&lt;img src=&quot;/static/dd0ae236/images/16x16/help.png&quot; alt=&quot;Help for feature: Force clean copy for locally modified files&quot; style=&quot;width: 16px; height: 16px; &quot; class=&quot;icon-help icon-sm&quot;&gt;&lt;/a&gt;&lt;/td&gt;&lt;/tr&gt;&lt;tr class=&quot;validation-error-area&quot; nameref=&quot;radio-block-10&quot; style=&quot;display: none;&quot;&gt;&lt;td colspan=&quot;2&quot;&gt;&lt;/td&gt;&lt;td&gt;&lt;/td&gt;&lt;td&gt;&lt;/td&gt;&lt;/tr&gt;&lt;tr class=&quot;help-area&quot; nameref=&quot;radio-block-10&quot; style=&quot;display: none;&quot;&gt;&lt;td&gt;&lt;/td&gt;&lt;td colspan=&quot;2&quot;&gt;&lt;div class=&quot;help&quot;&gt;Loading...&lt;/div&gt;&lt;/td&gt;&lt;td&gt;&lt;/td&gt;&lt;/tr&gt;&lt;tr style=&quot;display:none&quot; class=&quot;row-set-end radio-block-end&quot;&gt;&lt;/tr&gt;&lt;tr class=&quot;radio-block-start row-set-start&quot; hashelp=&quot;false&quot; ref=&quot;radio-block-11&quot;&gt;&lt;td colspan=&quot;3&quot;&gt;&lt;label&gt;&lt;input name=&quot;scm&quot; type=&quot;radio&quot; value=&quot;2&quot; class=&quot;radio-block-control&quot; id=&quot;radio-block-11&quot; path=&quot;/scm[2]&quot;&gt;&#10;        CVS Projectset&#10;      &lt;/label&gt;&lt;/td&gt;&lt;td class=&quot;setting-no-help&quot;&gt;&lt;/td&gt;&lt;/tr&gt;&lt;tr nameref=&quot;radio-block-11&quot; style=&quot;display: none;&quot;&gt;&lt;td class=&quot;setting-leftspace&quot;&gt;&amp;nbsp;&lt;/td&gt;&lt;td class=&quot;setting-name&quot;&gt;&lt;/td&gt;&lt;td class=&quot;setting-main&quot;&gt;&lt;div class=&quot;repeated-container&quot;&gt;&lt;div name=&quot;repositories&quot; class=&quot;repeated-chunk first last only&quot;&gt;&lt;table style=&quot;width:100%&quot;&gt;&lt;tbody&gt;&lt;tr&gt;&lt;td class=&quot;setting-leftspace&quot;&gt;&amp;nbsp;&lt;/td&gt;&lt;td class=&quot;setting-name&quot;&gt;CVSROOT&lt;/td&gt;&lt;td class=&quot;setting-main&quot;&gt;&#10;   &#10;&#10;  &#10;  &lt;input checkdependson=&quot;&quot; checkurl=&quot;/job/thoughtful_credit/descriptorByName/hudson.scm.CvsRepository/checkCvsRoot&quot; name=&quot;_.cvsRoot&quot; type=&quot;text&quot; class=&quot;setting-input validated  &quot; value=&quot;&quot;&gt;&lt;/td&gt;&lt;td class=&quot;setting-help&quot;&gt;&lt;a helpurl=&quot;/descriptor/hudson.scm.CvsRepository/help/cvsRoot&quot; href=&quot;#&quot; class=&quot;help-button&quot; tabindex=&quot;9999&quot;&gt;&lt;img src=&quot;/static/dd0ae236/images/16x16/help.png&quot; alt=&quot;Help for feature: CVSROOT&quot; style=&quot;width: 16px; height: 16px; &quot; class=&quot;icon-help icon-sm&quot;&gt;&lt;/a&gt;&lt;/td&gt;&lt;/tr&gt;&lt;tr class=&quot;validation-error-area&quot;&gt;&lt;td colspan=&quot;2&quot;&gt;&lt;/td&gt;&lt;td&gt;&lt;div class=&quot;error&quot;&gt;&lt;img src=&quot;/static/dd0ae236/images/none.gif&quot; height=&quot;16&quot; width=&quot;1&quot;&gt;CVSROOT is mandatory&lt;/div&gt;&lt;/td&gt;&lt;td&gt;&lt;/td&gt;&lt;/tr&gt;&lt;tr class=&quot;help-area&quot;&gt;&lt;td&gt;&lt;/td&gt;&lt;td colspan=&quot;2&quot;&gt;&lt;div class=&quot;help&quot;&gt;Loading...&lt;/div&gt;&lt;/td&gt;&lt;td&gt;&lt;/td&gt;&lt;/tr&gt;&lt;tr class=&quot;optional-block-start &quot; hashelp=&quot;false&quot; ref=&quot;cb26&quot;&gt;&lt;td colspan=&quot;3&quot;&gt;&lt;input onclick=&quot;javascript:updateOptionalBlock(this,true)&quot; name=&quot;passwordRequired&quot; type=&quot;checkbox&quot; class=&quot; &quot; id=&quot;cb26&quot;&gt;&lt;label class=&quot;attach-previous&quot;&gt;This Connection Requires A Password&lt;/label&gt;&lt;/td&gt;&lt;td class=&quot;setting-no-help&quot;&gt;&lt;/td&gt;&lt;/tr&gt;&lt;tr class=&quot;rowvg-start&quot; style=&quot;display: none;&quot;&gt;&lt;/tr&gt;&lt;tr style=&quot;display: none;&quot;&gt;&lt;td class=&quot;setting-leftspace&quot;&gt;&amp;nbsp;&lt;/td&gt;&lt;td class=&quot;setting-name&quot;&gt;Password&lt;/td&gt;&lt;td class=&quot;setting-main&quot;&gt;&lt;input name=&quot;_.password&quot; type=&quot;password&quot; class=&quot;setting-input &quot; value=&quot;&quot;&gt;&lt;/td&gt;&lt;td class=&quot;setting-no-help&quot;&gt;&lt;/td&gt;&lt;/tr&gt;&lt;tr class=&quot;validation-error-area&quot; style=&quot;display: none;&quot;&gt;&lt;td colspan=&quot;2&quot;&gt;&lt;/td&gt;&lt;td&gt;&lt;/td&gt;&lt;td&gt;&lt;/td&gt;&lt;/tr&gt;&lt;tr class=&quot; rowvg-end optional-block-end&quot;&gt;&lt;/tr&gt;&lt;tr&gt;&lt;td class=&quot;setting-leftspace&quot;&gt;&amp;nbsp;&lt;/td&gt;&lt;td class=&quot;setting-name&quot;&gt;&lt;/td&gt;&lt;td class=&quot;setting-main&quot;&gt;&lt;div class=&quot;repeated-container&quot;&gt;&lt;div name=&quot;repositoryItems&quot; class=&quot;repeated-chunk first last only&quot;&gt;&lt;table style=&quot;width:100%&quot;&gt;&lt;tbody&gt;&lt;tr&gt;&lt;td class=&quot;setting-leftspace&quot;&gt;&amp;nbsp;&lt;/td&gt;&lt;td class=&quot;setting-name&quot;&gt;Location&lt;/td&gt;&lt;td class=&quot;setting-main&quot;&gt;&lt;select class=&quot;setting-input dropdownList&quot;&gt;&lt;option value=&quot;0&quot;&gt;Branch&lt;/option&gt;&lt;option value=&quot;1&quot; selected=&quot;true&quot;&gt;Head&lt;/option&gt;&lt;option value=&quot;2&quot;&gt;Tag&lt;/option&gt;&lt;/select&gt;&lt;/td&gt;&lt;td class=&quot;setting-no-help&quot;&gt;&lt;/td&gt;&lt;/tr&gt;&lt;tr class=&quot;dropdownList-container&quot;&gt;&lt;td colspan=&quot;2&quot;&gt;&lt;/td&gt;&lt;td colspan=&quot;2&quot;&gt;&lt;table width=&quot;100%&quot; name=&quot;location&quot;&gt;&lt;tbody&gt;&lt;tr class=&quot;dropdownList-start rowvg-start&quot; field-disabled=&quot;true&quot; style=&quot;display: none;&quot;&gt;&lt;/tr&gt;&lt;tr field-disabled=&quot;true&quot; style=&quot;display: none;&quot;&gt;&lt;td class=&quot;setting-leftspace&quot;&gt;&amp;nbsp;&lt;/td&gt;&lt;td class=&quot;setting-name&quot;&gt;Branch Name&lt;/td&gt;&lt;td class=&quot;setting-main&quot;&gt;&#10;   &#10;&#10;  &#10;  &lt;input name=&quot;_.branchName&quot; type=&quot;text&quot; class=&quot;setting-input   &quot; value=&quot;&quot;&gt;&lt;/td&gt;&lt;td class=&quot;setting-no-help&quot;&gt;&lt;/td&gt;&lt;/tr&gt;&lt;tr class=&quot;validation-error-area&quot; field-disabled=&quot;true&quot; style=&quot;display: none;&quot;&gt;&lt;td colspan=&quot;2&quot;&gt;&lt;/td&gt;&lt;td&gt;&lt;/td&gt;&lt;td&gt;&lt;/td&gt;&lt;/tr&gt;&lt;tr field-disabled=&quot;true&quot; style=&quot;display: none;&quot;&gt;&lt;td class=&quot;setting-leftspace&quot;&gt;&amp;nbsp;&lt;/td&gt;&lt;td class=&quot;setting-name&quot;&gt;Use Head If Not Found&lt;/td&gt;&lt;td class=&quot;setting-main&quot;&gt;&lt;input name=&quot;_.useHeadIfNotFound&quot; type=&quot;checkbox&quot; class=&quot; &quot;&gt;&lt;/td&gt;&lt;td class=&quot;setting-no-help&quot;&gt;&lt;/td&gt;&lt;/tr&gt;&lt;tr class=&quot;validation-error-area&quot; field-disabled=&quot;true&quot; style=&quot;display: none;&quot;&gt;&lt;td colspan=&quot;2&quot;&gt;&lt;/td&gt;&lt;td&gt;&lt;/td&gt;&lt;td&gt;&lt;/td&gt;&lt;/tr&gt;&lt;tr style=&quot;display: none;&quot; field-disabled=&quot;true&quot;&gt;&lt;td&gt;&lt;input name=&quot;stapler-class&quot; type=&quot;hidden&quot; value=&quot;hudson.scm.CvsRepositoryLocation$BranchRepositoryLocation&quot;&gt;&lt;input name=&quot;$class&quot; type=&quot;hidden&quot; value=&quot;hudson.scm.CvsRepositoryLocation$BranchRepositoryLocation&quot;&gt;&lt;/td&gt;&lt;/tr&gt;&lt;tr class=&quot;dropdownList-end rowvg-end&quot;&gt;&lt;/tr&gt;&lt;tr class=&quot;dropdownList-start rowvg-start&quot;&gt;&lt;/tr&gt;&lt;tr style=&quot;&quot;&gt;&lt;td&gt;&lt;input name=&quot;stapler-class&quot; type=&quot;hidden&quot; value=&quot;hudson.scm.CvsRepositoryLocation$HeadRepositoryLocation&quot;&gt;&lt;input name=&quot;$class&quot; type=&quot;hidden&quot; value=&quot;hudson.scm.CvsRepositoryLocation$HeadRepositoryLocation&quot;&gt;&lt;/td&gt;&lt;/tr&gt;&lt;tr class=&quot;dropdownList-end rowvg-end&quot;&gt;&lt;/tr&gt;&lt;tr class=&quot;dropdownList-start rowvg-start&quot; field-disabled=&quot;true&quot; style=&quot;display: none;&quot;&gt;&lt;/tr&gt;&lt;tr field-disabled=&quot;true&quot; style=&quot;display: none;&quot;&gt;&lt;td class=&quot;setting-leftspace&quot;&gt;&amp;nbsp;&lt;/td&gt;&lt;td class=&quot;setting-name&quot;&gt;Tag Name&lt;/td&gt;&lt;td class=&quot;setting-main&quot;&gt;&#10;   &#10;&#10;  &#10;  &lt;input name=&quot;_.tagName&quot; type=&quot;text&quot; class=&quot;setting-input   &quot; value=&quot;&quot;&gt;&lt;/td&gt;&lt;td class=&quot;setting-no-help&quot;&gt;&lt;/td&gt;&lt;/tr&gt;&lt;tr class=&quot;validation-error-area&quot; field-disabled=&quot;true&quot; style=&quot;display: none;&quot;&gt;&lt;td colspan=&quot;2&quot;&gt;&lt;/td&gt;&lt;td&gt;&lt;/td&gt;&lt;td&gt;&lt;/td&gt;&lt;/tr&gt;&lt;tr field-disabled=&quot;true&quot; style=&quot;display: none;&quot;&gt;&lt;td class=&quot;setting-leftspace&quot;&gt;&amp;nbsp;&lt;/td&gt;&lt;td class=&quot;setting-name&quot;&gt;Use Head If Not Found&lt;/td&gt;&lt;td class=&quot;setting-main&quot;&gt;&lt;input name=&quot;_.useHeadIfNotFound&quot; type=&quot;checkbox&quot; class=&quot; &quot;&gt;&lt;/td&gt;&lt;td class=&quot;setting-no-help&quot;&gt;&lt;/td&gt;&lt;/tr&gt;&lt;tr class=&quot;validation-error-area&quot; field-disabled=&quot;true&quot; style=&quot;display: none;&quot;&gt;&lt;td colspan=&quot;2&quot;&gt;&lt;/td&gt;&lt;td&gt;&lt;/td&gt;&lt;td&gt;&lt;/td&gt;&lt;/tr&gt;&lt;tr style=&quot;display: none;&quot; field-disabled=&quot;true&quot;&gt;&lt;td&gt;&lt;input name=&quot;stapler-class&quot; type=&quot;hidden&quot; value=&quot;hudson.scm.CvsRepositoryLocation$TagRepositoryLocation&quot;&gt;&lt;input name=&quot;$class&quot; type=&quot;hidden&quot; value=&quot;hudson.scm.CvsRepositoryLocation$TagRepositoryLocation&quot;&gt;&lt;/td&gt;&lt;/tr&gt;&lt;tr class=&quot;dropdownList-end rowvg-end&quot;&gt;&lt;/tr&gt;&lt;/tbody&gt;&lt;/table&gt;&lt;/td&gt;&lt;/tr&gt;&lt;tr&gt;&lt;td class=&quot;setting-leftspace&quot;&gt;&amp;nbsp;&lt;/td&gt;&lt;td class=&quot;setting-name&quot;&gt;Modules&lt;/td&gt;&lt;td class=&quot;setting-main&quot;&gt;&lt;div class=&quot;repeated-container&quot;&gt;&lt;div name=&quot;modules&quot; class=&quot;repeated-chunk first last only&quot;&gt;&lt;table style=&quot;width:100%&quot;&gt;&lt;tbody&gt;&lt;tr&gt;&lt;td class=&quot;setting-leftspace&quot;&gt;&amp;nbsp;&lt;/td&gt;&lt;td class=&quot;setting-name&quot;&gt;Remote Name&lt;/td&gt;&lt;td class=&quot;setting-main&quot;&gt;&#10;   &#10;&#10;  &#10;  &lt;input checkdependson=&quot;&quot; checkurl=&quot;/job/thoughtful_credit/descriptorByName/hudson.scm.CvsModule/checkRemoteName&quot; name=&quot;_.remoteName&quot; type=&quot;text&quot; class=&quot;setting-input validated  &quot; value=&quot;&quot;&gt;&lt;/td&gt;&lt;td class=&quot;setting-help&quot;&gt;&lt;a helpurl=&quot;/descriptor/hudson.scm.CvsModule/help/remoteName&quot; href=&quot;#&quot; class=&quot;help-button&quot; tabindex=&quot;9999&quot;&gt;&lt;img src=&quot;/static/dd0ae236/images/16x16/help.png&quot; alt=&quot;Help for feature: Remote Name&quot; style=&quot;width: 16px; height: 16px; &quot; class=&quot;icon-help icon-sm&quot;&gt;&lt;/a&gt;&lt;/td&gt;&lt;/tr&gt;&lt;tr class=&quot;validation-error-area&quot;&gt;&lt;td colspan=&quot;2&quot;&gt;&lt;/td&gt;&lt;td&gt;&lt;div class=&quot;error&quot;&gt;&lt;img src=&quot;/static/dd0ae236/images/none.gif&quot; height=&quot;16&quot; width=&quot;1&quot;&gt;Remote Name is mandatory&lt;/div&gt;&lt;/td&gt;&lt;td&gt;&lt;/td&gt;&lt;/tr&gt;&lt;tr class=&quot;help-area&quot;&gt;&lt;td&gt;&lt;/td&gt;&lt;td colspan=&quot;2&quot;&gt;&lt;div class=&quot;help&quot;&gt;Loading...&lt;/div&gt;&lt;/td&gt;&lt;td&gt;&lt;/td&gt;&lt;/tr&gt;&lt;tr&gt;&lt;td class=&quot;setting-leftspace&quot;&gt;&amp;nbsp;&lt;/td&gt;&lt;td class=&quot;setting-name&quot;&gt;Local Name&lt;/td&gt;&lt;td class=&quot;setting-main&quot;&gt;&#10;   &#10;&#10;  &#10;  &lt;input name=&quot;_.localName&quot; type=&quot;text&quot; class=&quot;setting-input   &quot; value=&quot;&quot;&gt;&lt;/td&gt;&lt;td class=&quot;setting-help&quot;&gt;&lt;a helpurl=&quot;/descriptor/hudson.scm.CvsModule/help/localName&quot; href=&quot;#&quot; class=&quot;help-button&quot; tabindex=&quot;9999&quot;&gt;&lt;img src=&quot;/static/dd0ae236/images/16x16/help.png&quot; alt=&quot;Help for feature: Local Name&quot; style=&quot;width: 16px; height: 16px; &quot; class=&quot;icon-help icon-sm&quot;&gt;&lt;/a&gt;&lt;/td&gt;&lt;/tr&gt;&lt;tr class=&quot;validation-error-area&quot;&gt;&lt;td colspan=&quot;2&quot;&gt;&lt;/td&gt;&lt;td&gt;&lt;/td&gt;&lt;td&gt;&lt;/td&gt;&lt;/tr&gt;&lt;tr class=&quot;help-area&quot;&gt;&lt;td&gt;&lt;/td&gt;&lt;td colspan=&quot;2&quot;&gt;&lt;div class=&quot;help&quot;&gt;Loading...&lt;/div&gt;&lt;/td&gt;&lt;td&gt;&lt;/td&gt;&lt;/tr&gt;&lt;tr&gt;&lt;td class=&quot;setting-leftspace&quot;&gt;&amp;nbsp;&lt;/td&gt;&lt;td class=&quot;setting-name&quot;&gt;Projectset File Name&lt;/td&gt;&lt;td class=&quot;setting-main&quot;&gt;&#10;   &#10;&#10;  &#10;  &lt;input checkdependson=&quot;&quot; checkurl=&quot;/job/thoughtful_credit/descriptorByName/hudson.scm.CvsModule/checkProjectsetFileName&quot; name=&quot;_.projectsetFileName&quot; type=&quot;text&quot; class=&quot;setting-input validated  &quot; value=&quot;&quot;&gt;&lt;/td&gt;&lt;td class=&quot;setting-help&quot;&gt;&lt;a helpurl=&quot;/descriptor/hudson.scm.CvsModule/help/projectsetFileName&quot; href=&quot;#&quot; class=&quot;help-button&quot; tabindex=&quot;9999&quot;&gt;&lt;img src=&quot;/static/dd0ae236/images/16x16/help.png&quot; alt=&quot;Help for feature: Projectset File Name&quot; style=&quot;width: 16px; height: 16px; &quot; class=&quot;icon-help icon-sm&quot;&gt;&lt;/a&gt;&lt;/td&gt;&lt;/tr&gt;&lt;tr class=&quot;validation-error-area&quot;&gt;&lt;td colspan=&quot;2&quot;&gt;&lt;/td&gt;&lt;td&gt;&lt;a href=&quot;&quot; onclick=&quot;document.getElementById(&apos;valerr32&apos;).style.display=&apos;block&apos;;return false&quot;&gt;ERROR&lt;/a&gt;&lt;div id=&quot;valerr32&quot; style=&quot;display:none&quot;&gt;&lt;/div&gt;&lt;/td&gt;&lt;td&gt;&lt;/td&gt;&lt;/tr&gt;&lt;tr class=&quot;help-area&quot;&gt;&lt;td&gt;&lt;/td&gt;&lt;td colspan=&quot;2&quot;&gt;&lt;div class=&quot;help&quot;&gt;Loading...&lt;/div&gt;&lt;/td&gt;&lt;td&gt;&lt;/td&gt;&lt;/tr&gt;&lt;tr&gt;&lt;td class=&quot;setting-leftspace&quot;&gt;&amp;nbsp;&lt;/td&gt;&lt;td class=&quot;setting-name&quot;&gt;&lt;/td&gt;&lt;td class=&quot;setting-main&quot;&gt;&lt;div align=&quot;right&quot;&gt;&lt;span class=&quot;yui-button yui-push-button repeatable-add show-if-last&quot; id=&quot;yui-gen16&quot;&gt;&lt;span class=&quot;first-child&quot;&gt;&lt;button type=&quot;button&quot; tabindex=&quot;0&quot; id=&quot;yui-gen16-button&quot;&gt;Add more modules...&lt;/button&gt;&lt;/span&gt;&lt;/span&gt;&lt;span class=&quot;yui-button yui-push-button repeatable-delete show-if-not-only&quot; id=&quot;yui-gen25&quot;&gt;&lt;span class=&quot;first-child&quot;&gt;&lt;button type=&quot;button&quot; tabindex=&quot;0&quot; id=&quot;yui-gen25-button&quot;&gt;Delete&lt;/button&gt;&lt;/span&gt;&lt;/span&gt;&lt;/div&gt;&lt;/td&gt;&lt;td class=&quot;setting-no-help&quot;&gt;&lt;/td&gt;&lt;/tr&gt;&lt;tr class=&quot;validation-error-area&quot;&gt;&lt;td colspan=&quot;2&quot;&gt;&lt;/td&gt;&lt;td&gt;&lt;/td&gt;&lt;td&gt;&lt;/td&gt;&lt;/tr&gt;&lt;/tbody&gt;&lt;/table&gt;&lt;/div&gt;&lt;div class=&quot;repeatable-insertion-point&quot;&gt;&lt;/div&gt;&lt;/div&gt;&lt;/td&gt;&lt;td class=&quot;setting-no-help&quot;&gt;&lt;/td&gt;&lt;/tr&gt;&lt;tr class=&quot;validation-error-area&quot;&gt;&lt;td colspan=&quot;2&quot;&gt;&lt;/td&gt;&lt;td&gt;&lt;/td&gt;&lt;td&gt;&lt;/td&gt;&lt;/tr&gt;&lt;tr&gt;&lt;td class=&quot;setting-leftspace&quot;&gt;&amp;nbsp;&lt;/td&gt;&lt;td class=&quot;setting-name&quot;&gt;&lt;/td&gt;&lt;td class=&quot;setting-main&quot;&gt;&lt;div align=&quot;right&quot;&gt;&lt;span class=&quot;yui-button yui-push-button repeatable-add show-if-last&quot; id=&quot;yui-gen17&quot;&gt;&lt;span class=&quot;first-child&quot;&gt;&lt;button type=&quot;button&quot; tabindex=&quot;0&quot; id=&quot;yui-gen17-button&quot;&gt;Add more locations...&lt;/button&gt;&lt;/span&gt;&lt;/span&gt;&lt;span class=&quot;yui-button yui-push-button repeatable-delete show-if-not-only&quot; id=&quot;yui-gen26&quot;&gt;&lt;span class=&quot;first-child&quot;&gt;&lt;button type=&quot;button&quot; tabindex=&quot;0&quot; id=&quot;yui-gen26-button&quot;&gt;Delete&lt;/button&gt;&lt;/span&gt;&lt;/span&gt;&lt;/div&gt;&lt;/td&gt;&lt;td class=&quot;setting-no-help&quot;&gt;&lt;/td&gt;&lt;/tr&gt;&lt;tr class=&quot;validation-error-area&quot;&gt;&lt;td colspan=&quot;2&quot;&gt;&lt;/td&gt;&lt;td&gt;&lt;/td&gt;&lt;td&gt;&lt;/td&gt;&lt;/tr&gt;&lt;/tbody&gt;&lt;/table&gt;&lt;/div&gt;&lt;div class=&quot;repeatable-insertion-point&quot;&gt;&lt;/div&gt;&lt;/div&gt;&lt;/td&gt;&lt;td class=&quot;setting-no-help&quot;&gt;&lt;/td&gt;&lt;/tr&gt;&lt;tr class=&quot;validation-error-area&quot;&gt;&lt;td colspan=&quot;2&quot;&gt;&lt;/td&gt;&lt;td&gt;&lt;/td&gt;&lt;td&gt;&lt;/td&gt;&lt;/tr&gt;&lt;tr&gt;&lt;td&gt;&lt;/td&gt;&lt;td&gt;&lt;/td&gt;&lt;td&gt;&lt;div style=&quot;&quot; class=&quot;advancedLink&quot;&gt;&lt;span style=&quot;display: none&quot; id=&quot;id24&quot;&gt;&lt;img src=&quot;/static/dd0ae236/images/24x24/notepad.png&quot; tooltip=&quot;One or more fields in this block have been edited.&quot; style=&quot;width: 24px; height: 24px; vertical-align: baseline&quot; class=&quot;icon-notepad icon-md&quot; title=&quot;One or more fields in this block have been edited.&quot;&gt;&lt;/span&gt;&amp;nbsp;&lt;span class=&quot;yui-button yui-push-button advanced-button advancedButton&quot; id=&quot;yui-gen9&quot;&gt;&lt;span class=&quot;first-child&quot;&gt;&lt;button type=&quot;button&quot; tabindex=&quot;0&quot; id=&quot;yui-gen9-button&quot;&gt;Advanced...&lt;/button&gt;&lt;/span&gt;&lt;/span&gt;&lt;/div&gt;&lt;table class=&quot;advancedBody&quot;&gt;&lt;tbody&gt;&lt;tr&gt;&lt;td colspan=&quot;4&quot;&gt;&lt;div class=&quot;section-header&quot;&gt;&lt;a id=&quot;section5&quot; class=&quot;section-anchor&quot;&gt;#&lt;/a&gt;Advanced Repository Options&lt;/div&gt;&lt;/td&gt;&lt;/tr&gt;&lt;tr&gt;&lt;td class=&quot;setting-leftspace&quot;&gt;&amp;nbsp;&lt;/td&gt;&lt;td class=&quot;setting-name&quot;&gt;Repository browser&lt;/td&gt;&lt;td class=&quot;setting-main&quot;&gt;&lt;select class=&quot;setting-input dropdownList&quot;&gt;&lt;option value=&quot;auto&quot;&gt;(Auto)&lt;/option&gt;&lt;option value=&quot;0&quot;&gt;FishEye&lt;/option&gt;&lt;option value=&quot;1&quot;&gt;OpenGrok&lt;/option&gt;&lt;option value=&quot;2&quot;&gt;ViewCVS&lt;/option&gt;&lt;/select&gt;&lt;/td&gt;&lt;td class=&quot;setting-help&quot;&gt;&lt;a helpurl=&quot;/help/scm-browsers/list.html&quot; href=&quot;#&quot; class=&quot;help-button&quot; tabindex=&quot;9999&quot;&gt;&lt;img src=&quot;/static/dd0ae236/images/16x16/help.png&quot; alt=&quot;Help for feature: Repository browser&quot; style=&quot;width: 16px; height: 16px; &quot; class=&quot;icon-help icon-sm&quot;&gt;&lt;/a&gt;&lt;/td&gt;&lt;/tr&gt;&lt;tr class=&quot;dropdownList-container&quot;&gt;&lt;td colspan=&quot;2&quot;&gt;&lt;/td&gt;&lt;td colspan=&quot;2&quot;&gt;&lt;table width=&quot;100%&quot; name=&quot;repositoryBrowser&quot;&gt;&lt;tbody&gt;&lt;tr class=&quot;dropdownList-start rowvg-start&quot;&gt;&lt;/tr&gt;&lt;tr class=&quot;dropdownList-end rowvg-end&quot;&gt;&lt;/tr&gt;&lt;tr class=&quot;dropdownList-start rowvg-start&quot; field-disabled=&quot;true&quot; style=&quot;display: none;&quot;&gt;&lt;/tr&gt;&lt;tr class=&quot;render-on-demand &quot; proxy=&quot;makeStaplerProxy(&apos;/$stapler/bound/049ff5c7-9ba3-422b-90c6-a5e8e90cffab&apos;,&apos;1c4ca511-47cd-4867-b625-610dfbbe2ece&apos;,[&apos;render&apos;])&quot; field-disabled=&quot;true&quot; style=&quot;display: none;&quot;&gt;&lt;/tr&gt;&lt;tr style=&quot;display: none;&quot; field-disabled=&quot;true&quot;&gt;&lt;td&gt;&lt;input name=&quot;stapler-class&quot; type=&quot;hidden&quot; value=&quot;hudson.scm.browsers.FishEyeCVS&quot;&gt;&lt;input name=&quot;$class&quot; type=&quot;hidden&quot; value=&quot;hudson.scm.browsers.FishEyeCVS&quot;&gt;&lt;/td&gt;&lt;/tr&gt;&lt;tr class=&quot;dropdownList-end rowvg-end&quot;&gt;&lt;/tr&gt;&lt;tr class=&quot;dropdownList-start rowvg-start&quot; field-disabled=&quot;true&quot; style=&quot;display: none;&quot;&gt;&lt;/tr&gt;&lt;tr class=&quot;render-on-demand &quot; proxy=&quot;makeStaplerProxy(&apos;/$stapler/bound/c20abdab-321a-421c-ad6f-577ff3b8a1a9&apos;,&apos;1c4ca511-47cd-4867-b625-610dfbbe2ece&apos;,[&apos;render&apos;])&quot; field-disabled=&quot;true&quot; style=&quot;display: none;&quot;&gt;&lt;/tr&gt;&lt;tr style=&quot;display: none;&quot; field-disabled=&quot;true&quot;&gt;&lt;td&gt;&lt;input name=&quot;stapler-class&quot; type=&quot;hidden&quot; value=&quot;hudson.scm.browsers.OpenGrok&quot;&gt;&lt;input name=&quot;$class&quot; type=&quot;hidden&quot; value=&quot;hudson.scm.browsers.OpenGrok&quot;&gt;&lt;/td&gt;&lt;/tr&gt;&lt;tr class=&quot;dropdownList-end rowvg-end&quot;&gt;&lt;/tr&gt;&lt;tr class=&quot;dropdownList-start rowvg-start&quot; field-disabled=&quot;true&quot; style=&quot;display: none;&quot;&gt;&lt;/tr&gt;&lt;tr class=&quot;render-on-demand &quot; proxy=&quot;makeStaplerProxy(&apos;/$stapler/bound/e121d4ac-54d5-44d0-9164-f7b0ec892aa2&apos;,&apos;1c4ca511-47cd-4867-b625-610dfbbe2ece&apos;,[&apos;render&apos;])&quot; field-disabled=&quot;true&quot; style=&quot;display: none;&quot;&gt;&lt;/tr&gt;&lt;tr style=&quot;display: none;&quot; field-disabled=&quot;true&quot;&gt;&lt;td&gt;&lt;input name=&quot;stapler-class&quot; type=&quot;hidden&quot; value=&quot;hudson.scm.browsers.ViewCVS&quot;&gt;&lt;input name=&quot;$class&quot; type=&quot;hidden&quot; value=&quot;hudson.scm.browsers.ViewCVS&quot;&gt;&lt;/td&gt;&lt;/tr&gt;&lt;tr class=&quot;dropdownList-end rowvg-end&quot;&gt;&lt;/tr&gt;&lt;/tbody&gt;&lt;/table&gt;&lt;/td&gt;&lt;/tr&gt;&lt;tr class=&quot;help-area&quot;&gt;&lt;td&gt;&lt;/td&gt;&lt;td colspan=&quot;2&quot;&gt;&lt;div class=&quot;help&quot;&gt;Loading...&lt;/div&gt;&lt;/td&gt;&lt;td&gt;&lt;/td&gt;&lt;/tr&gt;&lt;tr&gt;&lt;td class=&quot;setting-leftspace&quot;&gt;&amp;nbsp;&lt;/td&gt;&lt;td class=&quot;setting-name&quot;&gt;Exclude Regions&lt;/td&gt;&lt;td class=&quot;setting-main&quot;&gt;&lt;div class=&quot;repeated-container&quot;&gt;&lt;div name=&quot;excludedRegions&quot; class=&quot;repeated-chunk first last only&quot;&gt;&lt;table style=&quot;width:100%&quot;&gt;&lt;tbody&gt;&lt;tr&gt;&lt;td class=&quot;setting-leftspace&quot;&gt;&amp;nbsp;&lt;/td&gt;&lt;td class=&quot;setting-name&quot;&gt;Pattern&lt;/td&gt;&lt;td class=&quot;setting-main&quot;&gt;&#10;   &#10;&#10;  &#10;  &lt;input checkdependson=&quot;&quot; checkurl=&quot;/job/thoughtful_credit/descriptorByName/hudson.scm.ExcludedRegion/checkPattern&quot; name=&quot;_.pattern&quot; type=&quot;text&quot; class=&quot;setting-input validated  &quot; value=&quot;&quot;&gt;&lt;/td&gt;&lt;td class=&quot;setting-no-help&quot;&gt;&lt;/td&gt;&lt;/tr&gt;&lt;tr class=&quot;validation-error-area&quot;&gt;&lt;td colspan=&quot;2&quot;&gt;&lt;/td&gt;&lt;td&gt;&lt;/td&gt;&lt;td&gt;&lt;/td&gt;&lt;/tr&gt;&lt;tr&gt;&lt;td class=&quot;setting-leftspace&quot;&gt;&amp;nbsp;&lt;/td&gt;&lt;td class=&quot;setting-name&quot;&gt;&lt;/td&gt;&lt;td class=&quot;setting-main&quot;&gt;&lt;div align=&quot;right&quot;&gt;&lt;span class=&quot;yui-button yui-push-button repeatable-add show-if-last&quot; id=&quot;yui-gen18&quot;&gt;&lt;span class=&quot;first-child&quot;&gt;&lt;button type=&quot;button&quot; tabindex=&quot;0&quot; id=&quot;yui-gen18-button&quot;&gt;Add more patterns...&lt;/button&gt;&lt;/span&gt;&lt;/span&gt;&lt;span class=&quot;yui-button yui-push-button repeatable-delete show-if-not-only&quot; id=&quot;yui-gen27&quot;&gt;&lt;span class=&quot;first-child&quot;&gt;&lt;button type=&quot;button&quot; tabindex=&quot;0&quot; id=&quot;yui-gen27-button&quot;&gt;Delete&lt;/button&gt;&lt;/span&gt;&lt;/span&gt;&lt;/div&gt;&lt;/td&gt;&lt;td class=&quot;setting-no-help&quot;&gt;&lt;/td&gt;&lt;/tr&gt;&lt;tr class=&quot;validation-error-area&quot;&gt;&lt;td colspan=&quot;2&quot;&gt;&lt;/td&gt;&lt;td&gt;&lt;/td&gt;&lt;td&gt;&lt;/td&gt;&lt;/tr&gt;&lt;/tbody&gt;&lt;/table&gt;&lt;/div&gt;&lt;div class=&quot;repeatable-insertion-point&quot;&gt;&lt;/div&gt;&lt;/div&gt;&lt;/td&gt;&lt;td class=&quot;setting-no-help&quot;&gt;&lt;/td&gt;&lt;/tr&gt;&lt;tr class=&quot;validation-error-area&quot;&gt;&lt;td colspan=&quot;2&quot;&gt;&lt;/td&gt;&lt;td&gt;&lt;/td&gt;&lt;td&gt;&lt;/td&gt;&lt;/tr&gt;&lt;tr&gt;&lt;td class=&quot;setting-leftspace&quot;&gt;&amp;nbsp;&lt;/td&gt;&lt;td class=&quot;setting-name&quot;&gt;Compression Level&lt;/td&gt;&lt;td class=&quot;setting-main&quot;&gt;&#10;&#10;   &#10;  &lt;select fillurl=&quot;/job/thoughtful_credit/descriptorByName/hudson.scm.CvsRepository/fillCompressionLevelItems&quot; name=&quot;_.compressionLevel&quot; class=&quot;setting-input  select &quot; value=&quot;&quot;&gt;&lt;option value=&quot;-1&quot;&gt;System Default&lt;/option&gt;&lt;option value=&quot;0&quot;&gt;None&lt;/option&gt;&lt;option value=&quot;1&quot;&gt;1&lt;/option&gt;&lt;option value=&quot;2&quot;&gt;2&lt;/option&gt;&lt;option value=&quot;3&quot;&gt;3 (Recommended)&lt;/option&gt;&lt;option value=&quot;4&quot;&gt;4&lt;/option&gt;&lt;option value=&quot;5&quot;&gt;5&lt;/option&gt;&lt;option value=&quot;6&quot;&gt;6&lt;/option&gt;&lt;option value=&quot;7&quot;&gt;7&lt;/option&gt;&lt;option value=&quot;8&quot;&gt;8&lt;/option&gt;&lt;option value=&quot;9&quot;&gt;9&lt;/option&gt;&lt;/select&gt;&lt;/td&gt;&lt;td class=&quot;setting-no-help&quot;&gt;&lt;/td&gt;&lt;/tr&gt;&lt;tr class=&quot;validation-error-area&quot;&gt;&lt;td colspan=&quot;2&quot;&gt;&lt;/td&gt;&lt;td&gt;&lt;/td&gt;&lt;td&gt;&lt;/td&gt;&lt;/tr&gt;&lt;/tbody&gt;&lt;/table&gt;&lt;/td&gt;&lt;td&gt;&lt;/td&gt;&lt;/tr&gt;&lt;tr&gt;&lt;td class=&quot;setting-leftspace&quot;&gt;&amp;nbsp;&lt;/td&gt;&lt;td class=&quot;setting-name&quot;&gt;&lt;/td&gt;&lt;td class=&quot;setting-main&quot;&gt;&lt;div align=&quot;right&quot;&gt;&lt;span class=&quot;yui-button yui-push-button repeatable-add show-if-last&quot; id=&quot;yui-gen19&quot;&gt;&lt;span class=&quot;first-child&quot;&gt;&lt;button type=&quot;button&quot; tabindex=&quot;0&quot; id=&quot;yui-gen19-button&quot;&gt;Add more repositories...&lt;/button&gt;&lt;/span&gt;&lt;/span&gt;&lt;span class=&quot;yui-button yui-push-button repeatable-delete show-if-not-only&quot; id=&quot;yui-gen28&quot;&gt;&lt;span class=&quot;first-child&quot;&gt;&lt;button type=&quot;button&quot; tabindex=&quot;0&quot; id=&quot;yui-gen28-button&quot;&gt;Delete&lt;/button&gt;&lt;/span&gt;&lt;/span&gt;&lt;/div&gt;&lt;/td&gt;&lt;td class=&quot;setting-no-help&quot;&gt;&lt;/td&gt;&lt;/tr&gt;&lt;tr class=&quot;validation-error-area&quot;&gt;&lt;td colspan=&quot;2&quot;&gt;&lt;/td&gt;&lt;td&gt;&lt;/td&gt;&lt;td&gt;&lt;/td&gt;&lt;/tr&gt;&lt;/tbody&gt;&lt;/table&gt;&lt;/div&gt;&lt;div class=&quot;repeatable-insertion-point&quot;&gt;&lt;/div&gt;&lt;/div&gt;&lt;/td&gt;&lt;td class=&quot;setting-no-help&quot;&gt;&lt;/td&gt;&lt;/tr&gt;&lt;tr class=&quot;validation-error-area&quot; nameref=&quot;radio-block-11&quot; style=&quot;display: none;&quot;&gt;&lt;td colspan=&quot;2&quot;&gt;&lt;/td&gt;&lt;td&gt;&lt;/td&gt;&lt;td&gt;&lt;/td&gt;&lt;/tr&gt;&lt;tr nameref=&quot;radio-block-11&quot; style=&quot;display: none;&quot;&gt;&lt;td class=&quot;setting-leftspace&quot;&gt;&amp;nbsp;&lt;/td&gt;&lt;td class=&quot;setting-name&quot;&gt;Use Update&lt;/td&gt;&lt;td class=&quot;setting-main&quot;&gt;&lt;input name=&quot;_.canUseUpdate&quot; checked=&quot;true&quot; type=&quot;checkbox&quot; class=&quot; &quot;&gt;&lt;/td&gt;&lt;td class=&quot;setting-help&quot;&gt;&lt;a helpurl=&quot;/descriptor/hudson.scm.CvsProjectset/help/canUseUpdate&quot; href=&quot;#&quot; class=&quot;help-button&quot; tabindex=&quot;9999&quot;&gt;&lt;img src=&quot;/static/dd0ae236/images/16x16/help.png&quot; alt=&quot;Help for feature: Use Update&quot; style=&quot;width: 16px; height: 16px; &quot; class=&quot;icon-help icon-sm&quot;&gt;&lt;/a&gt;&lt;/td&gt;&lt;/tr&gt;&lt;tr class=&quot;validation-error-area&quot; nameref=&quot;radio-block-11&quot; style=&quot;display: none;&quot;&gt;&lt;td colspan=&quot;2&quot;&gt;&lt;/td&gt;&lt;td&gt;&lt;/td&gt;&lt;td&gt;&lt;/td&gt;&lt;/tr&gt;&lt;tr class=&quot;help-area&quot; nameref=&quot;radio-block-11&quot; style=&quot;display: none;&quot;&gt;&lt;td&gt;&lt;/td&gt;&lt;td colspan=&quot;2&quot;&gt;&lt;div class=&quot;help&quot;&gt;Loading...&lt;/div&gt;&lt;/td&gt;&lt;td&gt;&lt;/td&gt;&lt;/tr&gt;&lt;tr nameref=&quot;radio-block-11&quot; style=&quot;display: none;&quot;&gt;&lt;td class=&quot;setting-leftspace&quot;&gt;&amp;nbsp;&lt;/td&gt;&lt;td class=&quot;setting-name&quot;&gt;Username&lt;/td&gt;&lt;td class=&quot;setting-main&quot;&gt;&#10;   &#10;&#10;  &#10;  &lt;input name=&quot;_.username&quot; type=&quot;text&quot; class=&quot;setting-input   &quot; value=&quot;&quot;&gt;&lt;/td&gt;&lt;td class=&quot;setting-help&quot;&gt;&lt;a helpurl=&quot;/descriptor/hudson.scm.CvsProjectset/help/username&quot; href=&quot;#&quot; class=&quot;help-button&quot; tabindex=&quot;9999&quot;&gt;&lt;img src=&quot;/static/dd0ae236/images/16x16/help.png&quot; alt=&quot;Help for feature: Username&quot; style=&quot;width: 16px; height: 16px; &quot; class=&quot;icon-help icon-sm&quot;&gt;&lt;/a&gt;&lt;/td&gt;&lt;/tr&gt;&lt;tr class=&quot;validation-error-area&quot; nameref=&quot;radio-block-11&quot; style=&quot;display: none;&quot;&gt;&lt;td colspan=&quot;2&quot;&gt;&lt;/td&gt;&lt;td&gt;&lt;/td&gt;&lt;td&gt;&lt;/td&gt;&lt;/tr&gt;&lt;tr class=&quot;help-area&quot; nameref=&quot;radio-block-11&quot; style=&quot;display: none;&quot;&gt;&lt;td&gt;&lt;/td&gt;&lt;td colspan=&quot;2&quot;&gt;&lt;div class=&quot;help&quot;&gt;Loading...&lt;/div&gt;&lt;/td&gt;&lt;td&gt;&lt;/td&gt;&lt;/tr&gt;&lt;tr nameref=&quot;radio-block-11&quot; style=&quot;display: none;&quot;&gt;&lt;td class=&quot;setting-leftspace&quot;&gt;&amp;nbsp;&lt;/td&gt;&lt;td class=&quot;setting-name&quot;&gt;Password&lt;/td&gt;&lt;td class=&quot;setting-main&quot;&gt;&lt;input name=&quot;_.password&quot; type=&quot;password&quot; class=&quot;setting-input &quot; value=&quot;&quot;&gt;&lt;/td&gt;&lt;td class=&quot;setting-help&quot;&gt;&lt;a helpurl=&quot;/descriptor/hudson.scm.CvsProjectset/help/password&quot; href=&quot;#&quot; class=&quot;help-button&quot; tabindex=&quot;9999&quot;&gt;&lt;img src=&quot;/static/dd0ae236/images/16x16/help.png&quot; alt=&quot;Help for feature: Password&quot; style=&quot;width: 16px; height: 16px; &quot; class=&quot;icon-help icon-sm&quot;&gt;&lt;/a&gt;&lt;/td&gt;&lt;/tr&gt;&lt;tr class=&quot;validation-error-area&quot; nameref=&quot;radio-block-11&quot; style=&quot;display: none;&quot;&gt;&lt;td colspan=&quot;2&quot;&gt;&lt;/td&gt;&lt;td&gt;&lt;/td&gt;&lt;td&gt;&lt;/td&gt;&lt;/tr&gt;&lt;tr class=&quot;help-area&quot; nameref=&quot;radio-block-11&quot; style=&quot;display: none;&quot;&gt;&lt;td&gt;&lt;/td&gt;&lt;td colspan=&quot;2&quot;&gt;&lt;div class=&quot;help&quot;&gt;Loading...&lt;/div&gt;&lt;/td&gt;&lt;td&gt;&lt;/td&gt;&lt;/tr&gt;&lt;tr nameref=&quot;radio-block-11&quot; style=&quot;display: none;&quot;&gt;&lt;td class=&quot;setting-leftspace&quot;&gt;&amp;nbsp;&lt;/td&gt;&lt;td class=&quot;setting-name&quot;&gt;Prune Empty Directories&lt;/td&gt;&lt;td class=&quot;setting-main&quot;&gt;&lt;input name=&quot;_.pruneEmptyDirectories&quot; checked=&quot;true&quot; type=&quot;checkbox&quot; class=&quot; &quot;&gt;&lt;/td&gt;&lt;td class=&quot;setting-help&quot;&gt;&lt;a helpurl=&quot;/descriptor/hudson.scm.CvsProjectset/help/pruneEmptyDirectories&quot; href=&quot;#&quot; class=&quot;help-button&quot; tabindex=&quot;9999&quot;&gt;&lt;img src=&quot;/static/dd0ae236/images/16x16/help.png&quot; alt=&quot;Help for feature: Prune Empty Directories&quot; style=&quot;width: 16px; height: 16px; &quot; class=&quot;icon-help icon-sm&quot;&gt;&lt;/a&gt;&lt;/td&gt;&lt;/tr&gt;&lt;tr class=&quot;validation-error-area&quot; nameref=&quot;radio-block-11&quot; style=&quot;display: none;&quot;&gt;&lt;td colspan=&quot;2&quot;&gt;&lt;/td&gt;&lt;td&gt;&lt;/td&gt;&lt;td&gt;&lt;/td&gt;&lt;/tr&gt;&lt;tr class=&quot;help-area&quot; nameref=&quot;radio-block-11&quot; style=&quot;display: none;&quot;&gt;&lt;td&gt;&lt;/td&gt;&lt;td colspan=&quot;2&quot;&gt;&lt;div class=&quot;help&quot;&gt;Loading...&lt;/div&gt;&lt;/td&gt;&lt;td&gt;&lt;/td&gt;&lt;/tr&gt;&lt;tr nameref=&quot;radio-block-11&quot; style=&quot;display: none;&quot;&gt;&lt;td class=&quot;setting-leftspace&quot;&gt;&amp;nbsp;&lt;/td&gt;&lt;td class=&quot;setting-name&quot;&gt;Skip Changelog&lt;/td&gt;&lt;td class=&quot;setting-main&quot;&gt;&lt;input name=&quot;_.skipChangeLog&quot; type=&quot;checkbox&quot; class=&quot; &quot;&gt;&lt;/td&gt;&lt;td class=&quot;setting-help&quot;&gt;&lt;a helpurl=&quot;/descriptor/hudson.scm.CvsProjectset/help/skipChangeLog&quot; href=&quot;#&quot; class=&quot;help-button&quot; tabindex=&quot;9999&quot;&gt;&lt;img src=&quot;/static/dd0ae236/images/16x16/help.png&quot; alt=&quot;Help for feature: Skip Changelog&quot; style=&quot;width: 16px; height: 16px; &quot; class=&quot;icon-help icon-sm&quot;&gt;&lt;/a&gt;&lt;/td&gt;&lt;/tr&gt;&lt;tr class=&quot;validation-error-area&quot; nameref=&quot;radio-block-11&quot; style=&quot;display: none;&quot;&gt;&lt;td colspan=&quot;2&quot;&gt;&lt;/td&gt;&lt;td&gt;&lt;/td&gt;&lt;td&gt;&lt;/td&gt;&lt;/tr&gt;&lt;tr class=&quot;help-area&quot; nameref=&quot;radio-block-11&quot; style=&quot;display: none;&quot;&gt;&lt;td&gt;&lt;/td&gt;&lt;td colspan=&quot;2&quot;&gt;&lt;div class=&quot;help&quot;&gt;Loading...&lt;/div&gt;&lt;/td&gt;&lt;td&gt;&lt;/td&gt;&lt;/tr&gt;&lt;tr nameref=&quot;radio-block-11&quot; style=&quot;display: none;&quot;&gt;&lt;td class=&quot;setting-leftspace&quot;&gt;&amp;nbsp;&lt;/td&gt;&lt;td class=&quot;setting-name&quot;&gt;Show all CVS output&lt;/td&gt;&lt;td class=&quot;setting-main&quot;&gt;&lt;input name=&quot;_.disableCvsQuiet&quot; type=&quot;checkbox&quot; class=&quot; &quot;&gt;&lt;/td&gt;&lt;td class=&quot;setting-help&quot;&gt;&lt;a helpurl=&quot;/descriptor/hudson.scm.CvsProjectset/help/disableCvsQuiet&quot; href=&quot;#&quot; class=&quot;help-button&quot; tabindex=&quot;9999&quot;&gt;&lt;img src=&quot;/static/dd0ae236/images/16x16/help.png&quot; alt=&quot;Help for feature: Show all CVS output&quot; style=&quot;width: 16px; height: 16px; &quot; class=&quot;icon-help icon-sm&quot;&gt;&lt;/a&gt;&lt;/td&gt;&lt;/tr&gt;&lt;tr class=&quot;validation-error-area&quot; nameref=&quot;radio-block-11&quot; style=&quot;display: none;&quot;&gt;&lt;td colspan=&quot;2&quot;&gt;&lt;/td&gt;&lt;td&gt;&lt;/td&gt;&lt;td&gt;&lt;/td&gt;&lt;/tr&gt;&lt;tr class=&quot;help-area&quot; nameref=&quot;radio-block-11&quot; style=&quot;display: none;&quot;&gt;&lt;td&gt;&lt;/td&gt;&lt;td colspan=&quot;2&quot;&gt;&lt;div class=&quot;help&quot;&gt;Loading...&lt;/div&gt;&lt;/td&gt;&lt;td&gt;&lt;/td&gt;&lt;/tr&gt;&lt;tr nameref=&quot;radio-block-11&quot; style=&quot;display: none;&quot;&gt;&lt;td class=&quot;setting-leftspace&quot;&gt;&amp;nbsp;&lt;/td&gt;&lt;td class=&quot;setting-name&quot;&gt;Perform clean checkout on failed update&lt;/td&gt;&lt;td class=&quot;setting-main&quot;&gt;&lt;input name=&quot;_.cleanOnFailedUpdate&quot; type=&quot;checkbox&quot; class=&quot; &quot;&gt;&lt;/td&gt;&lt;td class=&quot;setting-help&quot;&gt;&lt;a helpurl=&quot;/descriptor/hudson.scm.CvsProjectset/help/cleanOnFailedUpdate&quot; href=&quot;#&quot; class=&quot;help-button&quot; tabindex=&quot;9999&quot;&gt;&lt;img src=&quot;/static/dd0ae236/images/16x16/help.png&quot; alt=&quot;Help for feature: Perform clean checkout on failed update&quot; style=&quot;width: 16px; height: 16px; &quot; class=&quot;icon-help icon-sm&quot;&gt;&lt;/a&gt;&lt;/td&gt;&lt;/tr&gt;&lt;tr class=&quot;validation-error-area&quot; nameref=&quot;radio-block-11&quot; style=&quot;display: none;&quot;&gt;&lt;td colspan=&quot;2&quot;&gt;&lt;/td&gt;&lt;td&gt;&lt;/td&gt;&lt;td&gt;&lt;/td&gt;&lt;/tr&gt;&lt;tr class=&quot;help-area&quot; nameref=&quot;radio-block-11&quot; style=&quot;display: none;&quot;&gt;&lt;td&gt;&lt;/td&gt;&lt;td colspan=&quot;2&quot;&gt;&lt;div class=&quot;help&quot;&gt;Loading...&lt;/div&gt;&lt;/td&gt;&lt;td&gt;&lt;/td&gt;&lt;/tr&gt;&lt;tr nameref=&quot;radio-block-11&quot; style=&quot;display: none;&quot;&gt;&lt;td class=&quot;setting-leftspace&quot;&gt;&amp;nbsp;&lt;/td&gt;&lt;td class=&quot;setting-name&quot;&gt;Repository browser&lt;/td&gt;&lt;td class=&quot;setting-main&quot;&gt;&lt;select class=&quot;setting-input dropdownList&quot;&gt;&lt;option value=&quot;auto&quot;&gt;(Auto)&lt;/option&gt;&lt;option value=&quot;0&quot;&gt;Cvs Facade Repository Browser&lt;/option&gt;&lt;option value=&quot;1&quot;&gt;FishEye&lt;/option&gt;&lt;option value=&quot;2&quot;&gt;OpenGrok&lt;/option&gt;&lt;option value=&quot;3&quot;&gt;ViewCVS&lt;/option&gt;&lt;/select&gt;&lt;/td&gt;&lt;td class=&quot;setting-help&quot;&gt;&lt;a helpurl=&quot;/help/scm-browsers/list.html&quot; href=&quot;#&quot; class=&quot;help-button&quot; tabindex=&quot;9999&quot;&gt;&lt;img src=&quot;/static/dd0ae236/images/16x16/help.png&quot; alt=&quot;Help for feature: Repository browser&quot; style=&quot;width: 16px; height: 16px; &quot; class=&quot;icon-help icon-sm&quot;&gt;&lt;/a&gt;&lt;/td&gt;&lt;/tr&gt;&lt;tr class=&quot;dropdownList-container&quot; nameref=&quot;radio-block-11&quot; style=&quot;display: none;&quot;&gt;&lt;td colspan=&quot;2&quot;&gt;&lt;/td&gt;&lt;td colspan=&quot;2&quot;&gt;&lt;table width=&quot;100%&quot; name=&quot;cvs.browser&quot;&gt;&lt;tbody&gt;&lt;tr class=&quot;dropdownList-start rowvg-start&quot;&gt;&lt;/tr&gt;&lt;tr class=&quot;dropdownList-end rowvg-end&quot;&gt;&lt;/tr&gt;&lt;tr class=&quot;dropdownList-start rowvg-start&quot; field-disabled=&quot;true&quot; style=&quot;display: none;&quot;&gt;&lt;/tr&gt;&lt;tr class=&quot;render-on-demand &quot; proxy=&quot;makeStaplerProxy(&apos;/$stapler/bound/82ed3660-8aa0-4eb7-ac37-900d69213bd3&apos;,&apos;1c4ca511-47cd-4867-b625-610dfbbe2ece&apos;,[&apos;render&apos;])&quot; field-disabled=&quot;true&quot; style=&quot;display: none;&quot;&gt;&lt;/tr&gt;&lt;tr style=&quot;display: none;&quot; field-disabled=&quot;true&quot;&gt;&lt;td&gt;&lt;input name=&quot;stapler-class&quot; type=&quot;hidden&quot; value=&quot;hudson.scm.browsers.CvsFacadeRepositoryBrowser&quot;&gt;&lt;input name=&quot;$class&quot; type=&quot;hidden&quot; value=&quot;hudson.scm.browsers.CvsFacadeRepositoryBrowser&quot;&gt;&lt;/td&gt;&lt;/tr&gt;&lt;tr class=&quot;dropdownList-end rowvg-end&quot;&gt;&lt;/tr&gt;&lt;tr class=&quot;dropdownList-start rowvg-start&quot; field-disabled=&quot;true&quot; style=&quot;display: none;&quot;&gt;&lt;/tr&gt;&lt;tr class=&quot;render-on-demand &quot; proxy=&quot;makeStaplerProxy(&apos;/$stapler/bound/4ca88f1d-ed5e-45ac-808a-3f0168aef409&apos;,&apos;1c4ca511-47cd-4867-b625-610dfbbe2ece&apos;,[&apos;render&apos;])&quot; field-disabled=&quot;true&quot; style=&quot;display: none;&quot;&gt;&lt;/tr&gt;&lt;tr style=&quot;display: none;&quot; field-disabled=&quot;true&quot;&gt;&lt;td&gt;&lt;input name=&quot;stapler-class&quot; type=&quot;hidden&quot; value=&quot;hudson.scm.browsers.FishEyeCVS&quot;&gt;&lt;input name=&quot;$class&quot; type=&quot;hidden&quot; value=&quot;hudson.scm.browsers.FishEyeCVS&quot;&gt;&lt;/td&gt;&lt;/tr&gt;&lt;tr class=&quot;dropdownList-end rowvg-end&quot;&gt;&lt;/tr&gt;&lt;tr class=&quot;dropdownList-start rowvg-start&quot; field-disabled=&quot;true&quot; style=&quot;display: none;&quot;&gt;&lt;/tr&gt;&lt;tr class=&quot;render-on-demand &quot; proxy=&quot;makeStaplerProxy(&apos;/$stapler/bound/5cb96135-f171-4f82-904a-f12de08b7eda&apos;,&apos;1c4ca511-47cd-4867-b625-610dfbbe2ece&apos;,[&apos;render&apos;])&quot; field-disabled=&quot;true&quot; style=&quot;display: none;&quot;&gt;&lt;/tr&gt;&lt;tr style=&quot;display: none;&quot; field-disabled=&quot;true&quot;&gt;&lt;td&gt;&lt;input name=&quot;stapler-class&quot; type=&quot;hidden&quot; value=&quot;hudson.scm.browsers.OpenGrok&quot;&gt;&lt;input name=&quot;$class&quot; type=&quot;hidden&quot; value=&quot;hudson.scm.browsers.OpenGrok&quot;&gt;&lt;/td&gt;&lt;/tr&gt;&lt;tr class=&quot;dropdownList-end rowvg-end&quot;&gt;&lt;/tr&gt;&lt;tr class=&quot;dropdownList-start rowvg-start&quot; field-disabled=&quot;true&quot; style=&quot;display: none;&quot;&gt;&lt;/tr&gt;&lt;tr class=&quot;render-on-demand &quot; proxy=&quot;makeStaplerProxy(&apos;/$stapler/bound/de79cd2c-3417-4a24-8cbe-e4dc18e4ac89&apos;,&apos;1c4ca511-47cd-4867-b625-610dfbbe2ece&apos;,[&apos;render&apos;])&quot; field-disabled=&quot;true&quot; style=&quot;display: none;&quot;&gt;&lt;/tr&gt;&lt;tr style=&quot;display: none;&quot; field-disabled=&quot;true&quot;&gt;&lt;td&gt;&lt;input name=&quot;stapler-class&quot; type=&quot;hidden&quot; value=&quot;hudson.scm.browsers.ViewCVS&quot;&gt;&lt;input name=&quot;$class&quot; type=&quot;hidden&quot; value=&quot;hudson.scm.browsers.ViewCVS&quot;&gt;&lt;/td&gt;&lt;/tr&gt;&lt;tr class=&quot;dropdownList-end rowvg-end&quot;&gt;&lt;/tr&gt;&lt;/tbody&gt;&lt;/table&gt;&lt;/td&gt;&lt;/tr&gt;&lt;tr class=&quot;help-area&quot; nameref=&quot;radio-block-11&quot; style=&quot;display: none;&quot;&gt;&lt;td&gt;&lt;/td&gt;&lt;td colspan=&quot;2&quot;&gt;&lt;div class=&quot;help&quot;&gt;Loading...&lt;/div&gt;&lt;/td&gt;&lt;td&gt;&lt;/td&gt;&lt;/tr&gt;&lt;tr style=&quot;display:none&quot; class=&quot;row-set-end radio-block-end&quot;&gt;&lt;/tr&gt;&lt;tr class=&quot;radio-block-start row-set-start&quot; hashelp=&quot;false&quot; ref=&quot;radio-block-12&quot;&gt;&lt;td colspan=&quot;3&quot;&gt;&lt;label&gt;&lt;input name=&quot;scm&quot; type=&quot;radio&quot; value=&quot;3&quot; class=&quot;radio-block-control&quot; id=&quot;radio-block-12&quot; path=&quot;/scm[3]&quot;&gt;&#10;        Subversion&#10;      &lt;/label&gt;&lt;/td&gt;&lt;td class=&quot;setting-no-help&quot;&gt;&lt;/td&gt;&lt;/tr&gt;&lt;tr nameref=&quot;radio-block-12&quot; style=&quot;display: none;&quot;&gt;&lt;td class=&quot;setting-leftspace&quot;&gt;&amp;nbsp;&lt;/td&gt;&lt;td class=&quot;setting-name&quot;&gt;Modules&lt;/td&gt;&lt;td class=&quot;setting-main&quot;&gt;&lt;div class=&quot;repeated-container&quot;&gt;&lt;div name=&quot;locations&quot; class=&quot;repeated-chunk first last only&quot;&gt;&lt;table width=&quot;100%&quot;&gt;&lt;tbody&gt;&lt;tr&gt;&lt;td class=&quot;setting-leftspace&quot;&gt;&amp;nbsp;&lt;/td&gt;&lt;td class=&quot;setting-name&quot;&gt;Repository URL&lt;/td&gt;&lt;td class=&quot;setting-main&quot;&gt;&#10;   &#10;&#10;  &#10;  &lt;input checkdependson=&quot;&quot; id=&quot;svn.remote.loc&quot; checkurl=&quot;/job/thoughtful_credit/descriptorByName/hudson.scm.SubversionSCM/checkRemote&quot; name=&quot;_.remote&quot; type=&quot;text&quot; class=&quot;setting-input validated  &quot; value=&quot;&quot;&gt;&lt;/td&gt;&lt;td class=&quot;setting-help&quot;&gt;&lt;a helpurl=&quot;/scm/SubversionSCM/url-help&quot; href=&quot;#&quot; class=&quot;help-button&quot; tabindex=&quot;9999&quot;&gt;&lt;img src=&quot;/static/dd0ae236/images/16x16/help.png&quot; alt=&quot;Help for feature: Repository URL&quot; style=&quot;width: 16px; height: 16px; &quot; class=&quot;icon-help icon-sm&quot;&gt;&lt;/a&gt;&lt;/td&gt;&lt;/tr&gt;&lt;tr class=&quot;validation-error-area&quot;&gt;&lt;td colspan=&quot;2&quot;&gt;&lt;/td&gt;&lt;td&gt;&lt;/td&gt;&lt;td&gt;&lt;/td&gt;&lt;/tr&gt;&lt;tr class=&quot;help-area&quot;&gt;&lt;td&gt;&lt;/td&gt;&lt;td colspan=&quot;2&quot;&gt;&lt;div class=&quot;help&quot;&gt;Loading...&lt;/div&gt;&lt;/td&gt;&lt;td&gt;&lt;/td&gt;&lt;/tr&gt;&lt;tr&gt;&lt;td class=&quot;setting-leftspace&quot;&gt;&amp;nbsp;&lt;/td&gt;&lt;td class=&quot;setting-name&quot;&gt;Local module directory (optional)&lt;/td&gt;&lt;td class=&quot;setting-main&quot;&gt;&#10;   &#10;&#10;  &#10;  &lt;input checkdependson=&quot;&quot; checkurl=&quot;/job/thoughtful_credit/descriptorByName/hudson.scm.SubversionSCM/checkLocal&quot; name=&quot;_.local&quot; type=&quot;text&quot; class=&quot;setting-input validated  &quot; value=&quot;.&quot;&gt;&lt;/td&gt;&lt;td class=&quot;setting-help&quot;&gt;&lt;a helpurl=&quot;/descriptor/hudson.scm.SubversionSCM/help/local&quot; href=&quot;#&quot; class=&quot;help-button&quot; tabindex=&quot;9999&quot;&gt;&lt;img src=&quot;/static/dd0ae236/images/16x16/help.png&quot; alt=&quot;Help for feature: Local module directory (optional)&quot; style=&quot;width: 16px; height: 16px; &quot; class=&quot;icon-help icon-sm&quot;&gt;&lt;/a&gt;&lt;/td&gt;&lt;/tr&gt;&lt;tr class=&quot;validation-error-area&quot;&gt;&lt;td colspan=&quot;2&quot;&gt;&lt;/td&gt;&lt;td&gt;&lt;/td&gt;&lt;td&gt;&lt;/td&gt;&lt;/tr&gt;&lt;tr class=&quot;help-area&quot;&gt;&lt;td&gt;&lt;/td&gt;&lt;td colspan=&quot;2&quot;&gt;&lt;div class=&quot;help&quot;&gt;Loading...&lt;/div&gt;&lt;/td&gt;&lt;td&gt;&lt;/td&gt;&lt;/tr&gt;&lt;tr&gt;&lt;td class=&quot;setting-leftspace&quot;&gt;&amp;nbsp;&lt;/td&gt;&lt;td class=&quot;setting-name&quot;&gt;Repository depth&lt;/td&gt;&lt;td class=&quot;setting-main&quot;&gt;&lt;select name=&quot;depthOption&quot;&gt;&lt;option value=&quot;infinity&quot;&gt;infinity&lt;/option&gt;&lt;option value=&quot;empty&quot;&gt;empty&lt;/option&gt;&lt;option value=&quot;files&quot;&gt;files&lt;/option&gt;&lt;option value=&quot;immediates&quot;&gt;immediates&lt;/option&gt;&lt;option value=&quot;unknown&quot;&gt;as-it-is&lt;/option&gt;&lt;/select&gt;&lt;/td&gt;&lt;td class=&quot;setting-help&quot;&gt;&lt;a helpurl=&quot;/descriptor/hudson.scm.SubversionSCM/help/depthOption&quot; href=&quot;#&quot; class=&quot;help-button&quot; tabindex=&quot;9999&quot;&gt;&lt;img src=&quot;/static/dd0ae236/images/16x16/help.png&quot; alt=&quot;Help for feature: Repository depth&quot; style=&quot;width: 16px; height: 16px; &quot; class=&quot;icon-help icon-sm&quot;&gt;&lt;/a&gt;&lt;/td&gt;&lt;/tr&gt;&lt;tr class=&quot;validation-error-area&quot;&gt;&lt;td colspan=&quot;2&quot;&gt;&lt;/td&gt;&lt;td&gt;&lt;/td&gt;&lt;td&gt;&lt;/td&gt;&lt;/tr&gt;&lt;tr class=&quot;help-area&quot;&gt;&lt;td&gt;&lt;/td&gt;&lt;td colspan=&quot;2&quot;&gt;&lt;div class=&quot;help&quot;&gt;Loading...&lt;/div&gt;&lt;/td&gt;&lt;td&gt;&lt;/td&gt;&lt;/tr&gt;&lt;tr&gt;&lt;td class=&quot;setting-leftspace&quot;&gt;&amp;nbsp;&lt;/td&gt;&lt;td class=&quot;setting-name&quot;&gt;Ignore externals&lt;/td&gt;&lt;td class=&quot;setting-main&quot;&gt;&lt;input name=&quot;_.ignoreExternalsOption&quot; type=&quot;checkbox&quot; class=&quot; &quot;&gt;&lt;/td&gt;&lt;td class=&quot;setting-help&quot;&gt;&lt;a helpurl=&quot;/descriptor/hudson.scm.SubversionSCM/help/ignoreExternalsOption&quot; href=&quot;#&quot; class=&quot;help-button&quot; tabindex=&quot;9999&quot;&gt;&lt;img src=&quot;/static/dd0ae236/images/16x16/help.png&quot; alt=&quot;Help for feature: Ignore externals&quot; style=&quot;width: 16px; height: 16px; &quot; class=&quot;icon-help icon-sm&quot;&gt;&lt;/a&gt;&lt;/td&gt;&lt;/tr&gt;&lt;tr class=&quot;validation-error-area&quot;&gt;&lt;td colspan=&quot;2&quot;&gt;&lt;/td&gt;&lt;td&gt;&lt;/td&gt;&lt;td&gt;&lt;/td&gt;&lt;/tr&gt;&lt;tr class=&quot;help-area&quot;&gt;&lt;td&gt;&lt;/td&gt;&lt;td colspan=&quot;2&quot;&gt;&lt;div class=&quot;help&quot;&gt;Loading...&lt;/div&gt;&lt;/td&gt;&lt;td&gt;&lt;/td&gt;&lt;/tr&gt;&lt;tr&gt;&lt;td class=&quot;setting-leftspace&quot;&gt;&amp;nbsp;&lt;/td&gt;&lt;td class=&quot;setting-name&quot;&gt;&lt;/td&gt;&lt;td class=&quot;setting-main&quot;&gt;&lt;div align=&quot;right&quot;&gt;&lt;span class=&quot;yui-button yui-push-button repeatable-add show-if-last&quot; id=&quot;yui-gen20&quot;&gt;&lt;span class=&quot;first-child&quot;&gt;&lt;button type=&quot;button&quot; tabindex=&quot;0&quot; id=&quot;yui-gen20-button&quot;&gt;Add more locations...&lt;/button&gt;&lt;/span&gt;&lt;/span&gt;&lt;span class=&quot;yui-button yui-push-button repeatable-delete show-if-not-only&quot; id=&quot;yui-gen29&quot;&gt;&lt;span class=&quot;first-child&quot;&gt;&lt;button type=&quot;button&quot; tabindex=&quot;0&quot; id=&quot;yui-gen29-button&quot;&gt;Delete&lt;/button&gt;&lt;/span&gt;&lt;/span&gt;&lt;/div&gt;&lt;/td&gt;&lt;td class=&quot;setting-no-help&quot;&gt;&lt;/td&gt;&lt;/tr&gt;&lt;tr class=&quot;validation-error-area&quot;&gt;&lt;td colspan=&quot;2&quot;&gt;&lt;/td&gt;&lt;td&gt;&lt;/td&gt;&lt;td&gt;&lt;/td&gt;&lt;/tr&gt;&lt;/tbody&gt;&lt;/table&gt;&lt;/div&gt;&lt;div class=&quot;repeatable-insertion-point&quot;&gt;&lt;/div&gt;&lt;/div&gt;&lt;/td&gt;&lt;td class=&quot;setting-no-help&quot;&gt;&lt;/td&gt;&lt;/tr&gt;&lt;tr class=&quot;validation-error-area&quot; nameref=&quot;radio-block-12&quot; style=&quot;display: none;&quot;&gt;&lt;td colspan=&quot;2&quot;&gt;&lt;/td&gt;&lt;td&gt;&lt;/td&gt;&lt;td&gt;&lt;/td&gt;&lt;/tr&gt;&lt;tr nameref=&quot;radio-block-12&quot; style=&quot;display: none;&quot;&gt;&lt;td class=&quot;setting-leftspace&quot;&gt;&amp;nbsp;&lt;/td&gt;&lt;td class=&quot;setting-name&quot;&gt;Check-out Strategy&lt;/td&gt;&lt;td class=&quot;setting-main&quot;&gt;&lt;select class=&quot;setting-input dropdownList&quot;&gt;&lt;option value=&quot;0&quot;&gt;Use &apos;svn update&apos; as much as possible&lt;/option&gt;&lt;option value=&quot;1&quot;&gt;Always check out a fresh copy&lt;/option&gt;&lt;option value=&quot;2&quot;&gt;Emulate clean checkout by first deleting unversioned/ignored files, then &apos;svn update&apos;&lt;/option&gt;&lt;option value=&quot;3&quot;&gt;Use &apos;svn update&apos; as much as possible, with &apos;svn revert&apos; before update&lt;/option&gt;&lt;/select&gt;&lt;/td&gt;&lt;td class=&quot;setting-no-help&quot;&gt;&lt;/td&gt;&lt;/tr&gt;&lt;tr class=&quot;dropdownList-container&quot; nameref=&quot;radio-block-12&quot; style=&quot;display: none;&quot;&gt;&lt;td colspan=&quot;2&quot;&gt;&lt;/td&gt;&lt;td colspan=&quot;2&quot;&gt;&lt;table width=&quot;100%&quot; name=&quot;workspaceUpdater&quot;&gt;&lt;tbody&gt;&lt;tr class=&quot;dropdownList-start rowvg-start&quot;&gt;&lt;/tr&gt;&#10;      &#10;      &lt;tr&gt;&lt;td colspan=&quot;2&quot;&gt;&lt;/td&gt;&lt;td class=&quot;setting-description&quot;&gt;Use &apos;svn update&apos; whenever possible, making the build faster. But this causes the artifacts from the previous build to remain when a new build starts.&lt;/td&gt;&lt;td&gt;&lt;/td&gt;&lt;/tr&gt;&lt;tr style=&quot;&quot;&gt;&lt;td&gt;&lt;input name=&quot;stapler-class&quot; type=&quot;hidden&quot; value=&quot;hudson.scm.subversion.UpdateUpdater&quot;&gt;&lt;input name=&quot;$class&quot; type=&quot;hidden&quot; value=&quot;hudson.scm.subversion.UpdateUpdater&quot;&gt;&lt;/td&gt;&lt;/tr&gt;&lt;tr class=&quot;dropdownList-end rowvg-end&quot;&gt;&lt;/tr&gt;&lt;tr class=&quot;dropdownList-start rowvg-start&quot; field-disabled=&quot;true&quot; style=&quot;display: none;&quot;&gt;&lt;/tr&gt;&lt;tr class=&quot;render-on-demand &quot; proxy=&quot;makeStaplerProxy(&apos;/$stapler/bound/780300f7-9852-4919-bd62-45dbf118d8bf&apos;,&apos;1c4ca511-47cd-4867-b625-610dfbbe2ece&apos;,[&apos;render&apos;])&quot; field-disabled=&quot;true&quot; style=&quot;display: none;&quot;&gt;&lt;/tr&gt;&lt;tr style=&quot;display: none;&quot; field-disabled=&quot;true&quot;&gt;&lt;td&gt;&lt;input name=&quot;stapler-class&quot; type=&quot;hidden&quot; value=&quot;hudson.scm.subversion.CheckoutUpdater&quot;&gt;&lt;input name=&quot;$class&quot; type=&quot;hidden&quot; value=&quot;hudson.scm.subversion.CheckoutUpdater&quot;&gt;&lt;/td&gt;&lt;/tr&gt;&lt;tr class=&quot;dropdownList-end rowvg-end&quot;&gt;&lt;/tr&gt;&lt;tr class=&quot;dropdownList-start rowvg-start&quot; field-disabled=&quot;true&quot; style=&quot;display: none;&quot;&gt;&lt;/tr&gt;&lt;tr class=&quot;render-on-demand &quot; proxy=&quot;makeStaplerProxy(&apos;/$stapler/bound/99fd9340-8d1d-492b-917f-4323e1a42b8e&apos;,&apos;1c4ca511-47cd-4867-b625-610dfbbe2ece&apos;,[&apos;render&apos;])&quot; field-disabled=&quot;true&quot; style=&quot;display: none;&quot;&gt;&lt;/tr&gt;&lt;tr style=&quot;display: none;&quot; field-disabled=&quot;true&quot;&gt;&lt;td&gt;&lt;input name=&quot;stapler-class&quot; type=&quot;hidden&quot; value=&quot;hudson.scm.subversion.UpdateWithCleanUpdater&quot;&gt;&lt;input name=&quot;$class&quot; type=&quot;hidden&quot; value=&quot;hudson.scm.subversion.UpdateWithCleanUpdater&quot;&gt;&lt;/td&gt;&lt;/tr&gt;&lt;tr class=&quot;dropdownList-end rowvg-end&quot;&gt;&lt;/tr&gt;&lt;tr class=&quot;dropdownList-start rowvg-start&quot; field-disabled=&quot;true&quot; style=&quot;display: none;&quot;&gt;&lt;/tr&gt;&lt;tr class=&quot;render-on-demand &quot; proxy=&quot;makeStaplerProxy(&apos;/$stapler/bound/8afb50d2-7a52-4609-983b-3c0cb8257697&apos;,&apos;1c4ca511-47cd-4867-b625-610dfbbe2ece&apos;,[&apos;render&apos;])&quot; field-disabled=&quot;true&quot; style=&quot;display: none;&quot;&gt;&lt;/tr&gt;&lt;tr style=&quot;display: none;&quot; field-disabled=&quot;true&quot;&gt;&lt;td&gt;&lt;input name=&quot;stapler-class&quot; type=&quot;hidden&quot; value=&quot;hudson.scm.subversion.UpdateWithRevertUpdater&quot;&gt;&lt;input name=&quot;$class&quot; type=&quot;hidden&quot; value=&quot;hudson.scm.subversion.UpdateWithRevertUpdater&quot;&gt;&lt;/td&gt;&lt;/tr&gt;&lt;tr class=&quot;dropdownList-end rowvg-end&quot;&gt;&lt;/tr&gt;&lt;/tbody&gt;&lt;/table&gt;&lt;/td&gt;&lt;/tr&gt;&lt;tr nameref=&quot;radio-block-12&quot; style=&quot;display: none;&quot;&gt;&lt;td class=&quot;setting-leftspace&quot;&gt;&amp;nbsp;&lt;/td&gt;&lt;td class=&quot;setting-name&quot;&gt;Repository browser&lt;/td&gt;&lt;td class=&quot;setting-main&quot;&gt;&lt;select class=&quot;setting-input dropdownList&quot;&gt;&lt;option value=&quot;auto&quot;&gt;(Auto)&lt;/option&gt;&lt;option value=&quot;0&quot;&gt;Assembla&lt;/option&gt;&lt;option value=&quot;1&quot;&gt;CollabNet&lt;/option&gt;&lt;option value=&quot;2&quot;&gt;FishEye&lt;/option&gt;&lt;option value=&quot;3&quot;&gt;SVN::Web&lt;/option&gt;&lt;option value=&quot;4&quot;&gt;Sventon 1.x&lt;/option&gt;&lt;option value=&quot;5&quot;&gt;Sventon 2.x&lt;/option&gt;&lt;option value=&quot;6&quot;&gt;ViewSVN&lt;/option&gt;&lt;option value=&quot;7&quot;&gt;WebSVN&lt;/option&gt;&lt;/select&gt;&lt;/td&gt;&lt;td class=&quot;setting-help&quot;&gt;&lt;a helpurl=&quot;/help/scm-browsers/list.html&quot; href=&quot;#&quot; class=&quot;help-button&quot; tabindex=&quot;9999&quot;&gt;&lt;img src=&quot;/static/dd0ae236/images/16x16/help.png&quot; alt=&quot;Help for feature: Repository browser&quot; style=&quot;width: 16px; height: 16px; &quot; class=&quot;icon-help icon-sm&quot;&gt;&lt;/a&gt;&lt;/td&gt;&lt;/tr&gt;&lt;tr class=&quot;dropdownList-container&quot; nameref=&quot;radio-block-12&quot; style=&quot;display: none;&quot;&gt;&lt;td colspan=&quot;2&quot;&gt;&lt;/td&gt;&lt;td colspan=&quot;2&quot;&gt;&lt;table width=&quot;100%&quot; name=&quot;svn.browser&quot;&gt;&lt;tbody&gt;&lt;tr class=&quot;dropdownList-start rowvg-start&quot;&gt;&lt;/tr&gt;&lt;tr class=&quot;dropdownList-end rowvg-end&quot;&gt;&lt;/tr&gt;&lt;tr class=&quot;dropdownList-start rowvg-start&quot; field-disabled=&quot;true&quot; style=&quot;display: none;&quot;&gt;&lt;/tr&gt;&lt;tr class=&quot;render-on-demand &quot; proxy=&quot;makeStaplerProxy(&apos;/$stapler/bound/72e8a331-ff72-42b9-a1f4-bf512ae6dd12&apos;,&apos;1c4ca511-47cd-4867-b625-610dfbbe2ece&apos;,[&apos;render&apos;])&quot; field-disabled=&quot;true&quot; style=&quot;display: none;&quot;&gt;&lt;/tr&gt;&lt;tr style=&quot;display: none;&quot; field-disabled=&quot;true&quot;&gt;&lt;td&gt;&lt;input name=&quot;stapler-class&quot; type=&quot;hidden&quot; value=&quot;hudson.scm.browsers.Assembla&quot;&gt;&lt;input name=&quot;$class&quot; type=&quot;hidden&quot; value=&quot;hudson.scm.browsers.Assembla&quot;&gt;&lt;/td&gt;&lt;/tr&gt;&lt;tr class=&quot;dropdownList-end rowvg-end&quot;&gt;&lt;/tr&gt;&lt;tr class=&quot;dropdownList-start rowvg-start&quot; field-disabled=&quot;true&quot; style=&quot;display: none;&quot;&gt;&lt;/tr&gt;&lt;tr class=&quot;render-on-demand &quot; proxy=&quot;makeStaplerProxy(&apos;/$stapler/bound/68cc1fb9-dfc8-46a6-9579-464ce1a59e7e&apos;,&apos;1c4ca511-47cd-4867-b625-610dfbbe2ece&apos;,[&apos;render&apos;])&quot; field-disabled=&quot;true&quot; style=&quot;display: none;&quot;&gt;&lt;/tr&gt;&lt;tr style=&quot;display: none;&quot; field-disabled=&quot;true&quot;&gt;&lt;td&gt;&lt;input name=&quot;stapler-class&quot; type=&quot;hidden&quot; value=&quot;hudson.scm.browsers.CollabNetSVN&quot;&gt;&lt;input name=&quot;$class&quot; type=&quot;hidden&quot; value=&quot;hudson.scm.browsers.CollabNetSVN&quot;&gt;&lt;/td&gt;&lt;/tr&gt;&lt;tr class=&quot;dropdownList-end rowvg-end&quot;&gt;&lt;/tr&gt;&lt;tr class=&quot;dropdownList-start rowvg-start&quot; field-disabled=&quot;true&quot; style=&quot;display: none;&quot;&gt;&lt;/tr&gt;&lt;tr class=&quot;render-on-demand &quot; proxy=&quot;makeStaplerProxy(&apos;/$stapler/bound/bbd827c9-68ef-4ea1-8dd6-7b9e46ab7d02&apos;,&apos;1c4ca511-47cd-4867-b625-610dfbbe2ece&apos;,[&apos;render&apos;])&quot; field-disabled=&quot;true&quot; style=&quot;display: none;&quot;&gt;&lt;/tr&gt;&lt;tr style=&quot;display: none;&quot; field-disabled=&quot;true&quot;&gt;&lt;td&gt;&lt;input name=&quot;stapler-class&quot; type=&quot;hidden&quot; value=&quot;hudson.scm.browsers.FishEyeSVN&quot;&gt;&lt;input name=&quot;$class&quot; type=&quot;hidden&quot; value=&quot;hudson.scm.browsers.FishEyeSVN&quot;&gt;&lt;/td&gt;&lt;/tr&gt;&lt;tr class=&quot;dropdownList-end rowvg-end&quot;&gt;&lt;/tr&gt;&lt;tr class=&quot;dropdownList-start rowvg-start&quot; field-disabled=&quot;true&quot; style=&quot;display: none;&quot;&gt;&lt;/tr&gt;&lt;tr class=&quot;render-on-demand &quot; proxy=&quot;makeStaplerProxy(&apos;/$stapler/bound/271ecc6d-298f-4f2c-b123-4513447a7008&apos;,&apos;1c4ca511-47cd-4867-b625-610dfbbe2ece&apos;,[&apos;render&apos;])&quot; field-disabled=&quot;true&quot; style=&quot;display: none;&quot;&gt;&lt;/tr&gt;&lt;tr style=&quot;display: none;&quot; field-disabled=&quot;true&quot;&gt;&lt;td&gt;&lt;input name=&quot;stapler-class&quot; type=&quot;hidden&quot; value=&quot;hudson.scm.browsers.SVNWeb&quot;&gt;&lt;input name=&quot;$class&quot; type=&quot;hidden&quot; value=&quot;hudson.scm.browsers.SVNWeb&quot;&gt;&lt;/td&gt;&lt;/tr&gt;&lt;tr class=&quot;dropdownList-end rowvg-end&quot;&gt;&lt;/tr&gt;&lt;tr class=&quot;dropdownList-start rowvg-start&quot; field-disabled=&quot;true&quot; style=&quot;display: none;&quot;&gt;&lt;/tr&gt;&lt;tr class=&quot;render-on-demand &quot; proxy=&quot;makeStaplerProxy(&apos;/$stapler/bound/1b50fbb5-4bf6-4091-bc83-6ecfe5e801fd&apos;,&apos;1c4ca511-47cd-4867-b625-610dfbbe2ece&apos;,[&apos;render&apos;])&quot; field-disabled=&quot;true&quot; style=&quot;display: none;&quot;&gt;&lt;/tr&gt;&lt;tr style=&quot;display: none;&quot; field-disabled=&quot;true&quot;&gt;&lt;td&gt;&lt;input name=&quot;stapler-class&quot; type=&quot;hidden&quot; value=&quot;hudson.scm.browsers.Sventon&quot;&gt;&lt;input name=&quot;$class&quot; type=&quot;hidden&quot; value=&quot;hudson.scm.browsers.Sventon&quot;&gt;&lt;/td&gt;&lt;/tr&gt;&lt;tr class=&quot;dropdownList-end rowvg-end&quot;&gt;&lt;/tr&gt;&lt;tr class=&quot;dropdownList-start rowvg-start&quot; field-disabled=&quot;true&quot; style=&quot;display: none;&quot;&gt;&lt;/tr&gt;&lt;tr class=&quot;render-on-demand &quot; proxy=&quot;makeStaplerProxy(&apos;/$stapler/bound/82cb58a2-f7e9-41e8-9c03-bc9a2962be8a&apos;,&apos;1c4ca511-47cd-4867-b625-610dfbbe2ece&apos;,[&apos;render&apos;])&quot; field-disabled=&quot;true&quot; style=&quot;display: none;&quot;&gt;&lt;/tr&gt;&lt;tr style=&quot;display: none;&quot; field-disabled=&quot;true&quot;&gt;&lt;td&gt;&lt;input name=&quot;stapler-class&quot; type=&quot;hidden&quot; value=&quot;hudson.scm.browsers.Sventon2&quot;&gt;&lt;input name=&quot;$class&quot; type=&quot;hidden&quot; value=&quot;hudson.scm.browsers.Sventon2&quot;&gt;&lt;/td&gt;&lt;/tr&gt;&lt;tr class=&quot;dropdownList-end rowvg-end&quot;&gt;&lt;/tr&gt;&lt;tr class=&quot;dropdownList-start rowvg-start&quot; field-disabled=&quot;true&quot; style=&quot;display: none;&quot;&gt;&lt;/tr&gt;&lt;tr class=&quot;render-on-demand &quot; proxy=&quot;makeStaplerProxy(&apos;/$stapler/bound/48da9fd4-64ca-449d-bf25-180f0de5710d&apos;,&apos;1c4ca511-47cd-4867-b625-610dfbbe2ece&apos;,[&apos;render&apos;])&quot; field-disabled=&quot;true&quot; style=&quot;display: none;&quot;&gt;&lt;/tr&gt;&lt;tr style=&quot;display: none;&quot; field-disabled=&quot;true&quot;&gt;&lt;td&gt;&lt;input name=&quot;stapler-class&quot; type=&quot;hidden&quot; value=&quot;hudson.scm.browsers.ViewSVN&quot;&gt;&lt;input name=&quot;$class&quot; type=&quot;hidden&quot; value=&quot;hudson.scm.browsers.ViewSVN&quot;&gt;&lt;/td&gt;&lt;/tr&gt;&lt;tr class=&quot;dropdownList-end rowvg-end&quot;&gt;&lt;/tr&gt;&lt;tr class=&quot;dropdownList-start rowvg-start&quot; field-disabled=&quot;true&quot; style=&quot;display: none;&quot;&gt;&lt;/tr&gt;&lt;tr class=&quot;render-on-demand &quot; proxy=&quot;makeStaplerProxy(&apos;/$stapler/bound/ce2a762e-57d3-4a84-91d5-0d528d9f307a&apos;,&apos;1c4ca511-47cd-4867-b625-610dfbbe2ece&apos;,[&apos;render&apos;])&quot; field-disabled=&quot;true&quot; style=&quot;display: none;&quot;&gt;&lt;/tr&gt;&lt;tr style=&quot;display: none;&quot; field-disabled=&quot;true&quot;&gt;&lt;td&gt;&lt;input name=&quot;stapler-class&quot; type=&quot;hidden&quot; value=&quot;hudson.scm.browsers.WebSVN&quot;&gt;&lt;input name=&quot;$class&quot; type=&quot;hidden&quot; value=&quot;hudson.scm.browsers.WebSVN&quot;&gt;&lt;/td&gt;&lt;/tr&gt;&lt;tr class=&quot;dropdownList-end rowvg-end&quot;&gt;&lt;/tr&gt;&lt;/tbody&gt;&lt;/table&gt;&lt;/td&gt;&lt;/tr&gt;&lt;tr class=&quot;help-area&quot; nameref=&quot;radio-block-12&quot; style=&quot;display: none;&quot;&gt;&lt;td&gt;&lt;/td&gt;&lt;td colspan=&quot;2&quot;&gt;&lt;div class=&quot;help&quot;&gt;Loading...&lt;/div&gt;&lt;/td&gt;&lt;td&gt;&lt;/td&gt;&lt;/tr&gt;&lt;tr nameref=&quot;radio-block-12&quot; style=&quot;display: none;&quot;&gt;&lt;td&gt;&lt;/td&gt;&lt;td&gt;&lt;/td&gt;&lt;td&gt;&lt;div style=&quot;&quot; class=&quot;advancedLink&quot;&gt;&lt;span style=&quot;display: none&quot; id=&quot;id25&quot;&gt;&lt;img src=&quot;/static/dd0ae236/images/24x24/notepad.png&quot; tooltip=&quot;One or more fields in this block have been edited.&quot; style=&quot;width: 24px; height: 24px; vertical-align: baseline&quot; class=&quot;icon-notepad icon-md&quot; title=&quot;One or more fields in this block have been edited.&quot;&gt;&lt;/span&gt;&amp;nbsp;&lt;span class=&quot;yui-button yui-push-button advanced-button advancedButton&quot; id=&quot;yui-gen10&quot;&gt;&lt;span class=&quot;first-child&quot;&gt;&lt;button type=&quot;button&quot; tabindex=&quot;0&quot; id=&quot;yui-gen10-button&quot;&gt;Advanced...&lt;/button&gt;&lt;/span&gt;&lt;/span&gt;&lt;/div&gt;&lt;table class=&quot;advancedBody&quot;&gt;&lt;tbody&gt;&lt;tr&gt;&lt;td class=&quot;setting-leftspace&quot;&gt;&amp;nbsp;&lt;/td&gt;&lt;td class=&quot;setting-name&quot;&gt;Ignore Property Changes on directories&lt;/td&gt;&lt;td class=&quot;setting-main&quot;&gt;&lt;input name=&quot;_.ignoreDirPropChanges&quot; type=&quot;checkbox&quot; class=&quot; &quot;&gt;&lt;/td&gt;&lt;td class=&quot;setting-help&quot;&gt;&lt;a helpurl=&quot;/descriptor/hudson.scm.SubversionSCM/help/ignoreDirPropChanges&quot; href=&quot;#&quot; class=&quot;help-button&quot; tabindex=&quot;9999&quot;&gt;&lt;img src=&quot;/static/dd0ae236/images/16x16/help.png&quot; alt=&quot;Help for feature: Ignore Property Changes on directories&quot; style=&quot;width: 16px; height: 16px; &quot; class=&quot;icon-help icon-sm&quot;&gt;&lt;/a&gt;&lt;/td&gt;&lt;/tr&gt;&lt;tr class=&quot;validation-error-area&quot;&gt;&lt;td colspan=&quot;2&quot;&gt;&lt;/td&gt;&lt;td&gt;&lt;/td&gt;&lt;td&gt;&lt;/td&gt;&lt;/tr&gt;&lt;tr class=&quot;help-area&quot;&gt;&lt;td&gt;&lt;/td&gt;&lt;td colspan=&quot;2&quot;&gt;&lt;div class=&quot;help&quot;&gt;Loading...&lt;/div&gt;&lt;/td&gt;&lt;td&gt;&lt;/td&gt;&lt;/tr&gt;&lt;tr&gt;&lt;td class=&quot;setting-leftspace&quot;&gt;&amp;nbsp;&lt;/td&gt;&lt;td class=&quot;setting-name&quot;&gt;Excluded Regions&lt;/td&gt;&lt;td class=&quot;setting-main&quot;&gt;&lt;textarea checkdependson=&quot;&quot; name=&quot;_.excludedRegions&quot; rows=&quot;5&quot; class=&quot;setting-input validated  &quot; checkurl=&quot;/job/thoughtful_credit/descriptorByName/hudson.scm.SubversionSCM/checkExcludedRegions&quot;&gt;&lt;/textarea&gt;&lt;div class=&quot;textarea-handle&quot;&gt;&lt;/div&gt;&lt;/td&gt;&lt;td class=&quot;setting-help&quot;&gt;&lt;a helpurl=&quot;/descriptor/hudson.scm.SubversionSCM/help/excludedRegions&quot; href=&quot;#&quot; class=&quot;help-button&quot; tabindex=&quot;9999&quot;&gt;&lt;img src=&quot;/static/dd0ae236/images/16x16/help.png&quot; alt=&quot;Help for feature: Excluded Regions&quot; style=&quot;width: 16px; height: 16px; &quot; class=&quot;icon-help icon-sm&quot;&gt;&lt;/a&gt;&lt;/td&gt;&lt;/tr&gt;&lt;tr class=&quot;validation-error-area&quot;&gt;&lt;td colspan=&quot;2&quot;&gt;&lt;/td&gt;&lt;td&gt;&lt;/td&gt;&lt;td&gt;&lt;/td&gt;&lt;/tr&gt;&lt;tr class=&quot;help-area&quot;&gt;&lt;td&gt;&lt;/td&gt;&lt;td colspan=&quot;2&quot;&gt;&lt;div class=&quot;help&quot;&gt;Loading...&lt;/div&gt;&lt;/td&gt;&lt;td&gt;&lt;/td&gt;&lt;/tr&gt;&lt;tr&gt;&lt;td class=&quot;setting-leftspace&quot;&gt;&amp;nbsp;&lt;/td&gt;&lt;td class=&quot;setting-name&quot;&gt;Included Regions&lt;/td&gt;&lt;td class=&quot;setting-main&quot;&gt;&lt;textarea checkdependson=&quot;&quot; name=&quot;_.includedRegions&quot; rows=&quot;5&quot; class=&quot;setting-input validated  &quot; checkurl=&quot;/job/thoughtful_credit/descriptorByName/hudson.scm.SubversionSCM/checkIncludedRegions&quot;&gt;&lt;/textarea&gt;&lt;div class=&quot;textarea-handle&quot;&gt;&lt;/div&gt;&lt;/td&gt;&lt;td class=&quot;setting-help&quot;&gt;&lt;a helpurl=&quot;/descriptor/hudson.scm.SubversionSCM/help/includedRegions&quot; href=&quot;#&quot; class=&quot;help-button&quot; tabindex=&quot;9999&quot;&gt;&lt;img src=&quot;/static/dd0ae236/images/16x16/help.png&quot; alt=&quot;Help for feature: Included Regions&quot; style=&quot;width: 16px; height: 16px; &quot; class=&quot;icon-help icon-sm&quot;&gt;&lt;/a&gt;&lt;/td&gt;&lt;/tr&gt;&lt;tr class=&quot;validation-error-area&quot;&gt;&lt;td colspan=&quot;2&quot;&gt;&lt;/td&gt;&lt;td&gt;&lt;/td&gt;&lt;td&gt;&lt;/td&gt;&lt;/tr&gt;&lt;tr class=&quot;help-area&quot;&gt;&lt;td&gt;&lt;/td&gt;&lt;td colspan=&quot;2&quot;&gt;&lt;div class=&quot;help&quot;&gt;Loading...&lt;/div&gt;&lt;/td&gt;&lt;td&gt;&lt;/td&gt;&lt;/tr&gt;&lt;tr&gt;&lt;td class=&quot;setting-leftspace&quot;&gt;&amp;nbsp;&lt;/td&gt;&lt;td class=&quot;setting-name&quot;&gt;Excluded Users&lt;/td&gt;&lt;td class=&quot;setting-main&quot;&gt;&lt;textarea checkdependson=&quot;&quot; name=&quot;_.excludedUsers&quot; rows=&quot;5&quot; class=&quot;setting-input validated  &quot; checkurl=&quot;/job/thoughtful_credit/descriptorByName/hudson.scm.SubversionSCM/checkExcludedUsers&quot;&gt;&lt;/textarea&gt;&lt;div class=&quot;textarea-handle&quot;&gt;&lt;/div&gt;&lt;/td&gt;&lt;td class=&quot;setting-help&quot;&gt;&lt;a helpurl=&quot;/descriptor/hudson.scm.SubversionSCM/help/excludedUsers&quot; href=&quot;#&quot; class=&quot;help-button&quot; tabindex=&quot;9999&quot;&gt;&lt;img src=&quot;/static/dd0ae236/images/16x16/help.png&quot; alt=&quot;Help for feature: Excluded Users&quot; style=&quot;width: 16px; height: 16px; &quot; class=&quot;icon-help icon-sm&quot;&gt;&lt;/a&gt;&lt;/td&gt;&lt;/tr&gt;&lt;tr class=&quot;validation-error-area&quot;&gt;&lt;td colspan=&quot;2&quot;&gt;&lt;/td&gt;&lt;td&gt;&lt;/td&gt;&lt;td&gt;&lt;/td&gt;&lt;/tr&gt;&lt;tr class=&quot;help-area&quot;&gt;&lt;td&gt;&lt;/td&gt;&lt;td colspan=&quot;2&quot;&gt;&lt;div class=&quot;help&quot;&gt;Loading...&lt;/div&gt;&lt;/td&gt;&lt;td&gt;&lt;/td&gt;&lt;/tr&gt;&lt;tr&gt;&lt;td class=&quot;setting-leftspace&quot;&gt;&amp;nbsp;&lt;/td&gt;&lt;td class=&quot;setting-name&quot;&gt;Excluded Commit Messages&lt;/td&gt;&lt;td class=&quot;setting-main&quot;&gt;&lt;textarea checkdependson=&quot;&quot; name=&quot;_.excludedCommitMessages&quot; rows=&quot;5&quot; class=&quot;setting-input validated  &quot; checkurl=&quot;/job/thoughtful_credit/descriptorByName/hudson.scm.SubversionSCM/checkExcludedCommitMessages&quot;&gt;&lt;/textarea&gt;&lt;div class=&quot;textarea-handle&quot;&gt;&lt;/div&gt;&lt;/td&gt;&lt;td class=&quot;setting-help&quot;&gt;&lt;a helpurl=&quot;/descriptor/hudson.scm.SubversionSCM/help/excludedCommitMessages&quot; href=&quot;#&quot; class=&quot;help-button&quot; tabindex=&quot;9999&quot;&gt;&lt;img src=&quot;/static/dd0ae236/images/16x16/help.png&quot; alt=&quot;Help for feature: Excluded Commit Messages&quot; style=&quot;width: 16px; height: 16px; &quot; class=&quot;icon-help icon-sm&quot;&gt;&lt;/a&gt;&lt;/td&gt;&lt;/tr&gt;&lt;tr class=&quot;validation-error-area&quot;&gt;&lt;td colspan=&quot;2&quot;&gt;&lt;/td&gt;&lt;td&gt;&lt;/td&gt;&lt;td&gt;&lt;/td&gt;&lt;/tr&gt;&lt;tr class=&quot;help-area&quot;&gt;&lt;td&gt;&lt;/td&gt;&lt;td colspan=&quot;2&quot;&gt;&lt;div class=&quot;help&quot;&gt;Loading...&lt;/div&gt;&lt;/td&gt;&lt;td&gt;&lt;/td&gt;&lt;/tr&gt;&lt;tr&gt;&lt;td class=&quot;setting-leftspace&quot;&gt;&amp;nbsp;&lt;/td&gt;&lt;td class=&quot;setting-name&quot;&gt;Exclusion revprop name&lt;/td&gt;&lt;td class=&quot;setting-main&quot;&gt;&#10;   &#10;&#10;  &#10;  &lt;input checkurl=&quot;&apos;descriptorByName/hudson.scm.SubversionSCM/checkRevisionPropertiesSupported?value=&apos;+toValue(document.getElementById(&apos;svn.remote.loc&apos;))&quot; name=&quot;_.excludedRevprop&quot; type=&quot;text&quot; class=&quot;setting-input validated  &quot; value=&quot;&quot;&gt;&lt;/td&gt;&lt;td class=&quot;setting-help&quot;&gt;&lt;a helpurl=&quot;/descriptor/hudson.scm.SubversionSCM/help/excludedRevprop&quot; href=&quot;#&quot; class=&quot;help-button&quot; tabindex=&quot;9999&quot;&gt;&lt;img src=&quot;/static/dd0ae236/images/16x16/help.png&quot; alt=&quot;Help for feature: Exclusion revprop name&quot; style=&quot;width: 16px; height: 16px; &quot; class=&quot;icon-help icon-sm&quot;&gt;&lt;/a&gt;&lt;/td&gt;&lt;/tr&gt;&lt;tr class=&quot;validation-error-area&quot;&gt;&lt;td colspan=&quot;2&quot;&gt;&lt;/td&gt;&lt;td&gt;&lt;/td&gt;&lt;td&gt;&lt;/td&gt;&lt;/tr&gt;&lt;tr class=&quot;help-area&quot;&gt;&lt;td&gt;&lt;/td&gt;&lt;td colspan=&quot;2&quot;&gt;&lt;div class=&quot;help&quot;&gt;Loading...&lt;/div&gt;&lt;/td&gt;&lt;td&gt;&lt;/td&gt;&lt;/tr&gt;&lt;tr&gt;&lt;td class=&quot;setting-leftspace&quot;&gt;&amp;nbsp;&lt;/td&gt;&lt;td class=&quot;setting-name&quot;&gt;Filter changelog&lt;/td&gt;&lt;td class=&quot;setting-main&quot;&gt;&lt;input name=&quot;_.filterChangelog&quot; type=&quot;checkbox&quot; class=&quot; &quot;&gt;&lt;/td&gt;&lt;td class=&quot;setting-help&quot;&gt;&lt;a helpurl=&quot;/descriptor/hudson.scm.SubversionSCM/help/filterChangelog&quot; href=&quot;#&quot; class=&quot;help-button&quot; tabindex=&quot;9999&quot;&gt;&lt;img src=&quot;/static/dd0ae236/images/16x16/help.png&quot; alt=&quot;Help for feature: Filter changelog&quot; style=&quot;width: 16px; height: 16px; &quot; class=&quot;icon-help icon-sm&quot;&gt;&lt;/a&gt;&lt;/td&gt;&lt;/tr&gt;&lt;tr class=&quot;validation-error-area&quot;&gt;&lt;td colspan=&quot;2&quot;&gt;&lt;/td&gt;&lt;td&gt;&lt;/td&gt;&lt;td&gt;&lt;/td&gt;&lt;/tr&gt;&lt;tr class=&quot;help-area&quot;&gt;&lt;td&gt;&lt;/td&gt;&lt;td colspan=&quot;2&quot;&gt;&lt;div class=&quot;help&quot;&gt;Loading...&lt;/div&gt;&lt;/td&gt;&lt;td&gt;&lt;/td&gt;&lt;/tr&gt;&lt;/tbody&gt;&lt;/table&gt;&lt;/td&gt;&lt;td&gt;&lt;/td&gt;&lt;/tr&gt;&lt;tr style=&quot;display:none&quot; class=&quot;row-set-end radio-block-end&quot;&gt;&lt;/tr&gt;&lt;tr&gt;&lt;td colspan=&quot;4&quot;&gt;&lt;div class=&quot;section-header&quot;&gt;&lt;a id=&quot;section6&quot; class=&quot;section-anchor&quot;&gt;#&lt;/a&gt;Build Triggers&lt;/div&gt;&lt;/td&gt;&lt;/tr&gt;&lt;tr class=&quot;optional-block-start row-set-start&quot; hashelp=&quot;true&quot; ref=&quot;cb27&quot;&gt;&lt;td colspan=&quot;3&quot;&gt;&lt;input onclick=&quot;javascript:updateOptionalBlock(this,true)&quot; name=&quot;jenkins-triggers-ReverseBuildTrigger&quot; type=&quot;checkbox&quot; class=&quot; &quot; id=&quot;cb27&quot; path=&quot;/jenkins-triggers-ReverseBuildTrigger&quot;&gt;&lt;label class=&quot;attach-previous&quot;&gt;Build after other projects are built&lt;/label&gt;&lt;/td&gt;&lt;td class=&quot;setting-help&quot;&gt;&lt;a helpurl=&quot;/descriptor/jenkins.triggers.ReverseBuildTrigger/help&quot; href=&quot;#&quot; class=&quot;help-button&quot; tabindex=&quot;9999&quot;&gt;&lt;img src=&quot;/static/dd0ae236/images/16x16/help.png&quot; alt=&quot;Help for feature: Build after other projects are built&quot; style=&quot;width: 16px; height: 16px; &quot; class=&quot;icon-help icon-sm&quot;&gt;&lt;/a&gt;&lt;/td&gt;&lt;/tr&gt;&lt;tr class=&quot;help-area&quot; nameref=&quot;cb27&quot;&gt;&lt;td&gt;&lt;/td&gt;&lt;td colspan=&quot;2&quot;&gt;&lt;div class=&quot;help&quot;&gt;Loading...&lt;/div&gt;&lt;/td&gt;&lt;td&gt;&lt;/td&gt;&lt;/tr&gt;&lt;tr class=&quot;rowvg-start&quot; nameref=&quot;cb27&quot; style=&quot;display: none;&quot;&gt;&lt;/tr&gt;&lt;tr nameref=&quot;cb27&quot; style=&quot;display: none;&quot;&gt;&lt;td class=&quot;setting-leftspace&quot;&gt;&amp;nbsp;&lt;/td&gt;&lt;td class=&quot;setting-name&quot;&gt;Projects to watch&lt;/td&gt;&lt;td class=&quot;setting-main&quot;&gt;&#10;   &#10;&#10;  &#10;  &lt;input checkdependson=&quot;&quot; autocompleteurl=&quot;/job/thoughtful_credit/descriptorByName/jenkins.triggers.ReverseBuildTrigger/autoCompleteUpstreamProjects&quot; checkurl=&quot;/job/thoughtful_credit/descriptorByName/jenkins.triggers.ReverseBuildTrigger/checkUpstreamProjects&quot; autocompletedelimchar=&quot;,&quot; name=&quot;_.upstreamProjects&quot; type=&quot;text&quot; class=&quot;setting-input validated auto-complete  yui-ac-input&quot; value=&quot;&quot; autocomplete=&quot;off&quot; style=&quot;position: relative;&quot;&gt;&lt;div class=&quot;yui-ac-container&quot;&gt;&lt;div class=&quot;yui-ac-content&quot; style=&quot;display: none;&quot;&gt;&lt;div class=&quot;yui-ac-hd&quot; style=&quot;display: none;&quot;&gt;&lt;/div&gt;&lt;div class=&quot;yui-ac-bd&quot;&gt;&lt;ul&gt;&lt;li style=&quot;display: none;&quot;&gt;&lt;/li&gt;&lt;li style=&quot;display: none;&quot;&gt;&lt;/li&gt;&lt;li style=&quot;display: none;&quot;&gt;&lt;/li&gt;&lt;li style=&quot;display: none;&quot;&gt;&lt;/li&gt;&lt;li style=&quot;display: none;&quot;&gt;&lt;/li&gt;&lt;li style=&quot;display: none;&quot;&gt;&lt;/li&gt;&lt;li style=&quot;display: none;&quot;&gt;&lt;/li&gt;&lt;li style=&quot;display: none;&quot;&gt;&lt;/li&gt;&lt;li style=&quot;display: none;&quot;&gt;&lt;/li&gt;&lt;li style=&quot;display: none;&quot;&gt;&lt;/li&gt;&lt;/ul&gt;&lt;/div&gt;&lt;div class=&quot;yui-ac-ft&quot; style=&quot;display: none;&quot;&gt;&lt;/div&gt;&lt;/div&gt;&lt;/div&gt;&lt;/td&gt;&lt;td class=&quot;setting-no-help&quot;&gt;&lt;/td&gt;&lt;/tr&gt;&lt;tr class=&quot;validation-error-area&quot; nameref=&quot;cb27&quot; style=&quot;display: none;&quot;&gt;&lt;td colspan=&quot;2&quot;&gt;&lt;/td&gt;&lt;td&gt;&lt;/td&gt;&lt;td&gt;&lt;/td&gt;&lt;/tr&gt;&lt;tr nameref=&quot;cb27&quot; style=&quot;display: none;&quot;&gt;&lt;td class=&quot;setting-leftspace&quot;&gt;&amp;nbsp;&lt;/td&gt;&lt;td class=&quot;setting-name&quot;&gt;&lt;/td&gt;&lt;td class=&quot;setting-main&quot;&gt;&lt;input name=&quot;ReverseBuildTrigger.threshold&quot; checked=&quot;true&quot; type=&quot;radio&quot; value=&quot;SUCCESS&quot;&gt;&lt;label class=&quot;attach-previous&quot;&gt;Trigger only if build is stable&lt;/label&gt;&lt;/td&gt;&lt;td class=&quot;setting-no-help&quot;&gt;&lt;/td&gt;&lt;/tr&gt;&lt;tr class=&quot;validation-error-area&quot; nameref=&quot;cb27&quot; style=&quot;display: none;&quot;&gt;&lt;td colspan=&quot;2&quot;&gt;&lt;/td&gt;&lt;td&gt;&lt;/td&gt;&lt;td&gt;&lt;/td&gt;&lt;/tr&gt;&lt;tr nameref=&quot;cb27&quot; style=&quot;display: none;&quot;&gt;&lt;td class=&quot;setting-leftspace&quot;&gt;&amp;nbsp;&lt;/td&gt;&lt;td class=&quot;setting-name&quot;&gt;&lt;/td&gt;&lt;td class=&quot;setting-main&quot;&gt;&lt;input name=&quot;ReverseBuildTrigger.threshold&quot; type=&quot;radio&quot; value=&quot;UNSTABLE&quot;&gt;&lt;label class=&quot;attach-previous&quot;&gt;Trigger even if the build is unstable&lt;/label&gt;&lt;/td&gt;&lt;td class=&quot;setting-no-help&quot;&gt;&lt;/td&gt;&lt;/tr&gt;&lt;tr class=&quot;validation-error-area&quot; nameref=&quot;cb27&quot; style=&quot;display: none;&quot;&gt;&lt;td colspan=&quot;2&quot;&gt;&lt;/td&gt;&lt;td&gt;&lt;/td&gt;&lt;td&gt;&lt;/td&gt;&lt;/tr&gt;&lt;tr nameref=&quot;cb27&quot; style=&quot;display: none;&quot;&gt;&lt;td class=&quot;setting-leftspace&quot;&gt;&amp;nbsp;&lt;/td&gt;&lt;td class=&quot;setting-name&quot;&gt;&lt;/td&gt;&lt;td class=&quot;setting-main&quot;&gt;&lt;input name=&quot;ReverseBuildTrigger.threshold&quot; type=&quot;radio&quot; value=&quot;FAILURE&quot;&gt;&lt;label class=&quot;attach-previous&quot;&gt;Trigger even if the build fails&lt;/label&gt;&lt;/td&gt;&lt;td class=&quot;setting-no-help&quot;&gt;&lt;/td&gt;&lt;/tr&gt;&lt;tr class=&quot;validation-error-area&quot; nameref=&quot;cb27&quot; style=&quot;display: none;&quot;&gt;&lt;td colspan=&quot;2&quot;&gt;&lt;/td&gt;&lt;td&gt;&lt;/td&gt;&lt;td&gt;&lt;/td&gt;&lt;/tr&gt;&lt;tr class=&quot;row-set-end rowvg-end optional-block-end&quot;&gt;&lt;/tr&gt;&lt;tr class=&quot;optional-block-start row-set-start&quot; hashelp=&quot;true&quot; ref=&quot;cb28&quot;&gt;&lt;td colspan=&quot;3&quot;&gt;&lt;input onclick=&quot;javascript:updateOptionalBlock(this,true)&quot; name=&quot;hudson-triggers-TimerTrigger&quot; type=&quot;checkbox&quot; class=&quot; &quot; id=&quot;cb28&quot; path=&quot;/hudson-triggers-TimerTrigger&quot;&gt;&lt;label class=&quot;attach-previous&quot;&gt;Build periodically&lt;/label&gt;&lt;/td&gt;&lt;td class=&quot;setting-help&quot;&gt;&lt;a helpurl=&quot;/descriptor/hudson.triggers.TimerTrigger/help&quot; href=&quot;#&quot; class=&quot;help-button&quot; tabindex=&quot;9999&quot;&gt;&lt;img src=&quot;/static/dd0ae236/images/16x16/help.png&quot; alt=&quot;Help for feature: Build periodically&quot; style=&quot;width: 16px; height: 16px; &quot; class=&quot;icon-help icon-sm&quot;&gt;&lt;/a&gt;&lt;/td&gt;&lt;/tr&gt;&lt;tr class=&quot;help-area&quot; nameref=&quot;cb28&quot;&gt;&lt;td&gt;&lt;/td&gt;&lt;td colspan=&quot;2&quot;&gt;&lt;div class=&quot;help&quot;&gt;Loading...&lt;/div&gt;&lt;/td&gt;&lt;td&gt;&lt;/td&gt;&lt;/tr&gt;&lt;tr class=&quot;rowvg-start&quot; nameref=&quot;cb28&quot; style=&quot;display: none;&quot;&gt;&lt;/tr&gt;&lt;tr nameref=&quot;cb28&quot; style=&quot;display: none;&quot;&gt;&lt;td class=&quot;setting-leftspace&quot;&gt;&amp;nbsp;&lt;/td&gt;&lt;td class=&quot;setting-name&quot;&gt;Schedule&lt;/td&gt;&lt;td class=&quot;setting-main&quot;&gt;&lt;textarea checkdependson=&quot;&quot; name=&quot;_.spec&quot; rows=&quot;5&quot; class=&quot;setting-input validated  &quot; checkurl=&quot;/job/thoughtful_credit/descriptorByName/hudson.triggers.TimerTrigger/checkSpec&quot;&gt;&lt;/textarea&gt;&lt;div class=&quot;textarea-handle&quot;&gt;&lt;/div&gt;&lt;/td&gt;&lt;td class=&quot;setting-help&quot;&gt;&lt;a helpurl=&quot;/descriptor/hudson.triggers.TimerTrigger/help/spec&quot; href=&quot;#&quot; class=&quot;help-button&quot; tabindex=&quot;9999&quot;&gt;&lt;img src=&quot;/static/dd0ae236/images/16x16/help.png&quot; alt=&quot;Help for feature: Schedule&quot; style=&quot;width: 16px; height: 16px; &quot; class=&quot;icon-help icon-sm&quot;&gt;&lt;/a&gt;&lt;/td&gt;&lt;/tr&gt;&lt;tr class=&quot;validation-error-area&quot; nameref=&quot;cb28&quot; style=&quot;display: none;&quot;&gt;&lt;td colspan=&quot;2&quot;&gt;&lt;/td&gt;&lt;td&gt;&lt;/td&gt;&lt;td&gt;&lt;/td&gt;&lt;/tr&gt;&lt;tr class=&quot;help-area&quot; nameref=&quot;cb28&quot; style=&quot;display: none;&quot;&gt;&lt;td&gt;&lt;/td&gt;&lt;td colspan=&quot;2&quot;&gt;&lt;div class=&quot;help&quot;&gt;Loading...&lt;/div&gt;&lt;/td&gt;&lt;td&gt;&lt;/td&gt;&lt;/tr&gt;&lt;tr class=&quot;row-set-end rowvg-end optional-block-end&quot;&gt;&lt;/tr&gt;&lt;tr class=&quot;optional-block-start row-set-start&quot; hashelp=&quot;true&quot; ref=&quot;cb29&quot;&gt;&lt;td colspan=&quot;3&quot;&gt;&lt;input onclick=&quot;javascript:updateOptionalBlock(this,true)&quot; name=&quot;hudson-triggers-SCMTrigger&quot; type=&quot;checkbox&quot; class=&quot; &quot; id=&quot;cb29&quot; path=&quot;/hudson-triggers-SCMTrigger&quot;&gt;&lt;label class=&quot;attach-previous&quot;&gt;Poll SCM&lt;/label&gt;&lt;/td&gt;&lt;td class=&quot;setting-help&quot;&gt;&lt;a helpurl=&quot;/descriptor/hudson.triggers.SCMTrigger/help&quot; href=&quot;#&quot; class=&quot;help-button&quot; tabindex=&quot;9999&quot;&gt;&lt;img src=&quot;/static/dd0ae236/images/16x16/help.png&quot; alt=&quot;Help for feature: Poll SCM&quot; style=&quot;width: 16px; height: 16px; &quot; class=&quot;icon-help icon-sm&quot;&gt;&lt;/a&gt;&lt;/td&gt;&lt;/tr&gt;&lt;tr class=&quot;help-area&quot; nameref=&quot;cb29&quot;&gt;&lt;td&gt;&lt;/td&gt;&lt;td colspan=&quot;2&quot;&gt;&lt;div class=&quot;help&quot;&gt;Loading...&lt;/div&gt;&lt;/td&gt;&lt;td&gt;&lt;/td&gt;&lt;/tr&gt;&lt;tr class=&quot;rowvg-start&quot; nameref=&quot;cb29&quot; style=&quot;display: none;&quot;&gt;&lt;/tr&gt;&lt;tr nameref=&quot;cb29&quot; style=&quot;display: none;&quot;&gt;&lt;td class=&quot;setting-leftspace&quot;&gt;&amp;nbsp;&lt;/td&gt;&lt;td class=&quot;setting-name&quot;&gt;Schedule&lt;/td&gt;&lt;td class=&quot;setting-main&quot;&gt;&lt;textarea name=&quot;scmpoll_spec&quot; rows=&quot;5&quot; class=&quot;setting-input validated  &quot; checkurl=&quot;&apos;/trigger/TimerTrigger/check?value=&apos;+encodeURIComponent(this.value)&quot;&gt;&lt;/textarea&gt;&lt;div class=&quot;textarea-handle&quot;&gt;&lt;/div&gt;&lt;/td&gt;&lt;td class=&quot;setting-help&quot;&gt;&lt;a helpurl=&quot;/descriptor/hudson.triggers.TimerTrigger/help/spec&quot; href=&quot;#&quot; class=&quot;help-button&quot; tabindex=&quot;9999&quot;&gt;&lt;img src=&quot;/static/dd0ae236/images/16x16/help.png&quot; alt=&quot;Help for feature: Schedule&quot; style=&quot;width: 16px; height: 16px; &quot; class=&quot;icon-help icon-sm&quot;&gt;&lt;/a&gt;&lt;/td&gt;&lt;/tr&gt;&lt;tr class=&quot;validation-error-area&quot; nameref=&quot;cb29&quot; style=&quot;display: none;&quot;&gt;&lt;td colspan=&quot;2&quot;&gt;&lt;/td&gt;&lt;td&gt;&lt;/td&gt;&lt;td&gt;&lt;/td&gt;&lt;/tr&gt;&lt;tr class=&quot;help-area&quot; nameref=&quot;cb29&quot; style=&quot;display: none;&quot;&gt;&lt;td&gt;&lt;/td&gt;&lt;td colspan=&quot;2&quot;&gt;&lt;div class=&quot;help&quot;&gt;Loading...&lt;/div&gt;&lt;/td&gt;&lt;td&gt;&lt;/td&gt;&lt;/tr&gt;&lt;tr nameref=&quot;cb29&quot; style=&quot;display: none;&quot;&gt;&lt;td class=&quot;setting-leftspace&quot;&gt;&amp;nbsp;&lt;/td&gt;&lt;td class=&quot;setting-name&quot;&gt;Ignore post-commit hooks&lt;/td&gt;&lt;td class=&quot;setting-main&quot;&gt;&lt;input name=&quot;_.ignorePostCommitHooks&quot; type=&quot;checkbox&quot; class=&quot; &quot;&gt;&lt;/td&gt;&lt;td class=&quot;setting-help&quot;&gt;&lt;a helpurl=&quot;/descriptor/hudson.triggers.SCMTrigger/help/ignorePostCommitHooks&quot; href=&quot;#&quot; class=&quot;help-button&quot; tabindex=&quot;9999&quot;&gt;&lt;img src=&quot;/static/dd0ae236/images/16x16/help.png&quot; alt=&quot;Help for feature: Ignore post-commit hooks&quot; style=&quot;width: 16px; height: 16px; &quot; class=&quot;icon-help icon-sm&quot;&gt;&lt;/a&gt;&lt;/td&gt;&lt;/tr&gt;&lt;tr class=&quot;validation-error-area&quot; nameref=&quot;cb29&quot; style=&quot;display: none;&quot;&gt;&lt;td colspan=&quot;2&quot;&gt;&lt;/td&gt;&lt;td&gt;&lt;/td&gt;&lt;td&gt;&lt;/td&gt;&lt;/tr&gt;&lt;tr class=&quot;help-area&quot; nameref=&quot;cb29&quot; style=&quot;display: none;&quot;&gt;&lt;td&gt;&lt;/td&gt;&lt;td colspan=&quot;2&quot;&gt;&lt;div class=&quot;help&quot;&gt;Loading...&lt;/div&gt;&lt;/td&gt;&lt;td&gt;&lt;/td&gt;&lt;/tr&gt;&lt;tr class=&quot;row-set-end rowvg-end optional-block-end&quot;&gt;&lt;/tr&gt;&lt;tr&gt;&lt;td colspan=&quot;4&quot;&gt;&lt;div class=&quot;section-header&quot;&gt;&lt;a id=&quot;section7&quot; class=&quot;section-anchor&quot;&gt;#&lt;/a&gt;Build&lt;/div&gt;&lt;/td&gt;&lt;/tr&gt;&lt;tr&gt;&lt;td colspan=&quot;4&quot;&gt;&lt;div class=&quot;hetero-list-container with-drag-drop  &quot;&gt;&lt;div class=&quot;repeatable-insertion-point&quot;&gt;&lt;/div&gt;&lt;div&gt;&lt;span class=&quot;yui-button yui-menu-button&quot; id=&quot;yui-gen3&quot;&gt;&lt;span class=&quot;first-child&quot;&gt;&lt;button type=&quot;button&quot; tabindex=&quot;0&quot; id=&quot;yui-gen3-button&quot; class=&quot;hetero-list-add&quot; suffix=&quot;builder&quot; path=&quot;/hetero-list-add[builder]&quot;&gt;Add build step&lt;/button&gt;&lt;/span&gt;&lt;/span&gt;&lt;/div&gt;&lt;/div&gt;&lt;/td&gt;&lt;/tr&gt;&lt;tr&gt;&lt;td colspan=&quot;4&quot;&gt;&lt;div class=&quot;section-header&quot;&gt;&lt;a id=&quot;section8&quot; class=&quot;section-anchor&quot;&gt;#&lt;/a&gt;Post-build Actions&lt;/div&gt;&lt;/td&gt;&lt;/tr&gt;&lt;tr&gt;&lt;td colspan=&quot;4&quot;&gt;&lt;div class=&quot;hetero-list-container with-drag-drop one-each honor-order&quot;&gt;&lt;div class=&quot;repeatable-insertion-point&quot;&gt;&lt;/div&gt;&lt;div&gt;&lt;span class=&quot;yui-button yui-menu-button&quot; id=&quot;yui-gen5&quot;&gt;&lt;span class=&quot;first-child&quot;&gt;&lt;button type=&quot;button&quot; tabindex=&quot;0&quot; id=&quot;yui-gen5-button&quot; class=&quot;hetero-list-add&quot; suffix=&quot;publisher&quot; path=&quot;/hetero-list-add[publisher]&quot;&gt;Add post-build action&lt;/button&gt;&lt;/span&gt;&lt;/span&gt;&lt;/div&gt;&lt;/div&gt;&lt;/td&gt;&lt;/tr&gt;&lt;tr&gt;&lt;td colspan=&quot;4&quot;&gt;&lt;div style=&quot;height: 74px;&quot;&gt;&lt;/div&gt;&lt;div id=&quot;bottom-sticker&quot; style=&quot;position: fixed; bottom: 0px; left: 338px;&quot;&gt;&lt;div class=&quot;bottom-sticker-edge&quot;&gt;&lt;/div&gt;&lt;div class=&quot;bottom-sticker-inner&quot;&gt;&lt;span class=&quot;yui-button yui-submit-button submit-button primary&quot; id=&quot;yui-gen30&quot; name=&quot;Submit&quot; path=&quot;/Submit&quot;&gt;&lt;span class=&quot;first-child&quot;&gt;&lt;button type=&quot;button&quot; tabindex=&quot;0&quot; id=&quot;yui-gen30-button&quot;&gt;Save&lt;/button&gt;&lt;/span&gt;&lt;/span&gt;&lt;script src=&quot;/adjuncts/dd0ae236/lib/form/apply/apply.js&quot; type=&quot;text/javascript&quot;&gt;&lt;/script&gt;&lt;input type=&quot;hidden&quot; name=&quot;core:apply&quot; value=&quot;&quot; path=&quot;/core:apply&quot;&gt;&lt;span class=&quot;yui-button yui-push-button apply-button applyButton&quot; id=&quot;yui-gen11&quot; name=&quot;Apply&quot; path=&quot;/Apply&quot;&gt;&lt;span class=&quot;first-child&quot;&gt;&lt;button type=&quot;button&quot; tabindex=&quot;0&quot; id=&quot;yui-gen11-button&quot; path=&quot;/Apply/apply-button&quot;&gt;Apply&lt;/button&gt;&lt;/span&gt;&lt;/span&gt;&lt;/div&gt;&lt;/div&gt;&lt;/td&gt;&lt;/tr&gt;&lt;/tbody&gt;&lt;/table&gt;&lt;div&gt;&lt;input type=&quot;hidden&quot; name=&quot;json&quot; value=&quot;init&quot;&gt;&lt;/div&gt;&lt;/form&gt;&lt;script src=&quot;/adjuncts/dd0ae236/lib/form/confirm.js&quot; type=&quot;text/javascript&quot;&gt;&lt;/script&gt;&lt;/div&gt;&lt;/div&gt;&lt;footer&gt;&lt;div class=&quot;container-fluid&quot;&gt;&lt;div class=&quot;row&quot;&gt;&lt;div class=&quot;col-md-6&quot; id=&quot;footer&quot;&gt;&lt;div id=&quot;l10n-footer&quot; style=&quot;display: block; float: left;&quot;&gt;&lt;a href=&quot;#&quot; onclick=&quot;return showTranslationDialog();&quot;&gt;&lt;img src=&quot;/static/dd0ae236/plugin/translation/flags.png&quot;&gt;&#10;      Help us localize this page&#10;    &lt;/a&gt;&lt;/div&gt;&lt;/div&gt;&lt;div class=&quot;col-md-18&quot;&gt;&lt;span class=&quot;page_generated&quot;&gt;Page generated: Oct 16, 2015 6:52:24 PM&lt;/span&gt;&lt;span class=&quot;rest_api&quot;&gt;&lt;a href=&quot;api/&quot;&gt;REST API&lt;/a&gt;&lt;/span&gt;&lt;span class=&quot;jenkins_ver&quot;&gt;&lt;a href=&quot;http://jenkins-ci.org/&quot;&gt;Jenkins ver. 1.630&lt;/a&gt;&lt;/span&gt;&lt;div id=&quot;l10n-dialog&quot; class=&quot;dialog&quot;&gt;&lt;/div&gt;&lt;script&gt;var footer = document.getElementById(&apos;l10n-footer&apos;);&#10;    var f = document.getElementById(&apos;footer&apos;);&#10;    f.insertBefore(footer,f.firstChild);&#10;    footer.style.display=&quot;block&quot;;&#10;&#10;    var translation={}; &#10;    translation.bundles = &quot;kcpaRnglkcMVU7doMQSDmEFZUeIU2E6crbRdCfd+bIDAS1I7EzToSPbfpcMdlsjS5CjFCO9fbSAy8Vg4eGTd6zS13RtjKFoeQ3jKVyhbPEX6OVmrBanVslOPCWvTwxeaUMA8ZyiFANABKgIO/Ejp/x7sAOv/UIlKMcRAuRxMrsbqnDzwf/Av9ceQ7icgYGOIAnupgd21PclsfiPKGHWeHc2XLCIGvVDNRgNtluGUrpyGa1qVIQXBI6WkbdNnjKNsGKIR1fraQf2x7uZq7RuJtGYapVhJgLHqSlZ2k7GrwzAi6sdGEBoTts94bSGsM3ivVpD7Ao2XvloxvjYMX1OqMm+XibeJjQeogo1kQHJQ4NWTfgsMRqmjwhrDP0c4ink7Xvt3+2TXVsO5rpP03SWntOGV8eoDOCpDizxj83oNZHTq8BGaJ0Z0jmW52MyMwHdfG0qKkOU7CNvalC7jvZW/dYfq51g+OIQA/Dh2tqc3UH9wFGOiNTr8Np76i/dAILSQILHcJ8gHA8o8pT/G/fI82HlCJh/Bbi+SZDYdtXb4Mk3WehzuKsa78mgHNu2aDYuuPf8YCjI2ijBS8+lSTdyWNyOwN+L17ZkbiylfYig99hfydqJREXlSJaY0DqWw83h8o2VoQxPj9sMabGkfmW0kyTcxqAzirxrVKl5eV1AKhgCjvU3Kf4OwhIcdftvTn0R8Vjse2cy02gxF2c3FVoBOSWoFDpNZq3RkRlGTeE+QtEqjmqcD5I72RA8aP0zs/IthAv/LqQKzLzhzUJhzR8bPpDA4i23dEG/1W6dibKfUZ9vLBTYbQ1Sjk4VWO1XAgBUX5LU+gWtUIUWTLzWkiMQxdXD9tH0vdPR6LPO1zYT7L9dYqf4M7HBE/hTO5bxjdZqR6Dqf+UegRObvfP3945IGM+jNU8aX59/j6xc8TkMCht/EB97DbmHDAi+MKNf1cZh7DlZZm6PwwYpia0kU/XUOi+SuENE19NUj2sRSbiLKQJ8FJ8w/19tiRtHj1aVGROOvkq1Cve1KbsN9Yl/Jjg9OQRJpAdMhD7PXhF3xgKr9IdzxeO7joEQ7f1o8ToUwalGHuV1RCtqBy5lfbrJjzEa+728jQTrqQzCl8Jb7rYKJNBCrt3Ns8icpc8PKI1aDjaLWUp6RcjjP7wbkF7eMbWleqkFZmmJQhfKq18plTwrclU9qzuRUiPerJw84N1LGvDX/+U6RIl4/h9dodaNH7trWj2bt1JQfCWSDNZj4s/G5DCORS+rI6W/xMB+Nwl7VfqUjolmIGm7otqQY4578/Fr6Id8YsCQ9h3c2h5El0Lk0J78/PskphqQ6zeVq+tsr3zsWaIRiKtq04t3FB9AogY2JU2axwDzySE2Hy+20kOeTqCMP61lCtYs1fl50toHkfdzvP1n6W9vOp7pLo2J1C08J8WPV/W/koL0ORH3TBeUkUqrRn0Z3GW4q9mnNLUeltdhnHpaMSDQ5qJaa9R19IXXJJ18JpfE+ZCQqjIROacMCZaOxTlmnDcgjq8YNTMRkn4T9/LNO8100zrHcplBFw2drDOpCrE4pTZoIqS39LoRbcrWJ657BGTdlWiIhD/MBJgis5i4t2aANMV6VhjHAPNbl2FCxf2d1tpQpFwqCfWqWMeoGmeV61webaun+RbmqtewJPJXkOPNCWbmr9i8NSHGzJ8kvLRzsE/VuNSaZwIqRGk0KfkwGeYQSNpKtlST5mBZVgpIrjqIlxtL/mnWkmXrFULf9pn3RbeK+/8RIbYt+17u8in/kzwqb/DKskzJK/qrilnvCMud/YbesWjjkm2Huzpjt6AqPGfS16OmsL7n3JwQ78s8eOEAGowBVP78QyUiCTv4F4eCWB/kqy4gVLFJc8fw7X1NRxNOFeqEy+GEMqr78WxE8u8yByhBmPzi78YCxiVpxy4C9j+8481MKGk/1LCYjUruGLOPLc2bfQGTWNQVs3t/HEzYyAk+R5kschGPBk8LQhVQ/A0ghICfZAIadw8PuQ95uCCYZqFQfr0c2ZMgzMV8HgoVd1HRlaXWhW9+uA/dNyOvQS6L74Rcp1fDE2uC280osfRlMPvpUOgEIFAAJfzF2c7z56PeWW0htIpOogB17rnKeHkFu/QQ6ez692jP0sGfME7XkHt1gjQKkJUVeWsCuxZ36MSFfKTn6xrUVtgG/5AAxa1xa0dDLcU2BSbUVk3Pa/rTWKi/irxB77aVGd/xd3A4qiwvCerOtR19uQ3a0LS+ogqLMFBAcwXbtdDgQXMPRublWJtb/dTfikAr4IgRCpT/D8PQmU4L8COURSzvk6jivAH3qXdfWI1gljE+wCmAf63CoelMLwZkpSu0Ynx/rsQzXwnnPMlSe+KG1g/IwFSpJrmUoJ/f/r13BVgWuLOgWsmNHIXRV6SuIZ5HhjzCE/IG4/zWIRsAivX9j+WLVWlhKyh2WYXn9t3yEVNeF82agzNIC+mlMPuBYKVF8el69qoxDQDFwsTzwN8Bm&quot;;&#10;    translation.detectedLocale = &quot;&quot;;&#10;&#10;    function showTranslationDialog() {&#10;      if(!translation.launchDialog)&#10;        loadScript(&quot;/static/dd0ae236/plugin/translation/dialog.js&quot;);&#10;      else&#10;        translation.launchDialog();&#10;      return false; &#10;    }&lt;/script&gt;&lt;script src=&quot;/static/dd0ae236/plugin/form-element-path/script.js&quot;&gt;&lt;/script&gt;&lt;/div&gt;&lt;/div&gt;&lt;/div&gt;&lt;/footer&gt;&lt;/body&gt;&lt;/html&gt;&#10;For documentation on this error, please visit: http://seleniumhq.org/exceptions/no_such_element.html&#10;Build info: version: &apos;2.47.1&apos;, revision: &apos;unknown&apos;, time: &apos;2015-07-30 11:02:44&apos;&#10;System info: host: &apos;MacBook-Pro-2.home&apos;, ip: &apos;192.168.1.6&apos;, os.name: &apos;Mac OS X&apos;, os.arch: &apos;x86_64&apos;, os.version: &apos;10.10.5&apos;, java.version: &apos;1.8.0_60&apos;&#10;Driver info: driver.version: unknown" type="org.openqa.selenium.NoSuchElementException"><![CDATA[org.openqa.selenium.NoSuchElementException: Unable to locate By.xpath: .//INPUT[@type='radio'][@value='hudson.slaves.DumbSlave'] in http://127.0.0.1:53853/job/thoughtful_credit/configure

<!DOCTYPE html><html><head resurl="/static/dd0ae236">
    

    <title>thoughtful_credit Config [Jenkins]</title><link rel="stylesheet" href="/static/dd0ae236/css/style.css" type="text/css"><link rel="stylesheet" href="/static/dd0ae236/css/color.css" type="text/css"><link rel="stylesheet" href="/static/dd0ae236/css/responsive-grid.css" type="text/css"><link rel="shortcut icon" href="/static/dd0ae236/favicon.ico" type="image/vnd.microsoft.icon"><script>var isRunAsTest=false; var rootURL=""; var resURL="/static/dd0ae236";</script><script src="/static/dd0ae236/scripts/prototype.js" type="text/javascript"></script><script src="/static/dd0ae236/scripts/behavior.js" type="text/javascript"></script><script src="/adjuncts/dd0ae236/org/kohsuke/stapler/bind.js" type="text/javascript"></script><script src="/static/dd0ae236/scripts/yui/yahoo/yahoo-min.js"></script><script src="/static/dd0ae236/scripts/yui/dom/dom-min.js"></script><script src="/static/dd0ae236/scripts/yui/event/event-min.js"></script><script src="/static/dd0ae236/scripts/yui/animation/animation-min.js"></script><script src="/static/dd0ae236/scripts/yui/dragdrop/dragdrop-min.js"></script><script src="/static/dd0ae236/scripts/yui/container/container-min.js"></script><script src="/static/dd0ae236/scripts/yui/connection/connection-min.js"></script><script src="/static/dd0ae236/scripts/yui/datasource/datasource-min.js"></script><script src="/static/dd0ae236/scripts/yui/autocomplete/autocomplete-min.js"></script><script src="/static/dd0ae236/scripts/yui/menu/menu-min.js"></script><script src="/static/dd0ae236/scripts/yui/element/element-min.js"></script><script src="/static/dd0ae236/scripts/yui/button/button-min.js"></script><script src="/static/dd0ae236/scripts/yui/storage/storage-min.js"></script><script src="/static/dd0ae236/scripts/hudson-behavior.js" type="text/javascript"></script><script src="/static/dd0ae236/scripts/sortable.js" type="text/javascript"></script><script>crumb.init("", "");</script><link rel="stylesheet" href="/static/dd0ae236/scripts/yui/container/assets/container.css" type="text/css"><link rel="stylesheet" href="/static/dd0ae236/scripts/yui/assets/skins/sam/skin.css" type="text/css"><link rel="stylesheet" href="/static/dd0ae236/scripts/yui/container/assets/skins/sam/container.css" type="text/css"><link rel="stylesheet" href="/static/dd0ae236/scripts/yui/button/assets/skins/sam/button.css" type="text/css"><link rel="stylesheet" href="/static/dd0ae236/scripts/yui/menu/assets/skins/sam/menu.css" type="text/css"><link rel="search" href="/opensearch.xml" type="application/opensearchdescription+xml" title="Jenkins"><meta name="ROBOTS" content="INDEX,NOFOLLOW"><link rel="alternate" href="rssAll" title="Jenkins:thoughtful_credit (all builds)" type="application/rss+xml"><link rel="alternate" href="rssAll?flavor=rss20" title="Jenkins:thoughtful_credit (all builds) (RSS 2.0)" type="application/rss+xml"><link rel="alternate" href="rssFailed" title="Jenkins:thoughtful_credit (failed builds)" type="application/rss+xml"><link rel="alternate" href="rssFailed?flavor=rss20" title="Jenkins:thoughtful_credit (failed builds) (RSS 2.0)" type="application/rss+xml"><link rel="alternate" href="rssChangelog" title="Jenkins:thoughtful_credit (changelog)" type="application/rss+xml"><link rel="alternate" href="rssChangelog?flavor=rss20" title="Jenkins:thoughtful_credit (changelog) (RSS 2.0)" type="application/rss+xml"><link rel="stylesheet" href="/adjuncts/dd0ae236/lib/form/breadcrumb-config-outline/init.css" type="text/css"><script src="/adjuncts/dd0ae236/lib/form/breadcrumb-config-outline/init.js" type="text/javascript"></script><script src="/static/dd0ae236/scripts/yui/cookie/cookie-min.js"></script></head><body data-model-type="hudson.model.FreeStyleProject" id="jenkins" class="yui-skin-sam jenkins-1.630" data-version="jenkins-1.630"><div id="tt" class="yui-module yui-overlay yui-tt yui-overlay-hidden" style="z-index: 999; visibility: hidden;"><div class="bd"></div></div><div class="yui-panel-container shadow yui-overlay-hidden" id="wait14_c" style="visibility: hidden; left: 486px; top: 360px; z-index: 4;"><div id="wait14" class="yui-module yui-overlay yui-panel" style="visibility: inherit;"><a class="container-close" href="#">Close</a><div class="hd" id="wait14_h" style="cursor: move;">Error</div><div class="bd"><div id="container13"></div></div></div></div><iframe id="_yuiResizeMonitor" title="Text Resize Monitor" tabindex="-1" role="presentation" style="position: absolute; visibility: visible; background-color: transparent; border-width: 0px; width: 2em; height: 2em; left: 0px; top: -27px;"></iframe><a href="#skip2content" class="skiplink">Skip to content</a><div id="page-head"><div id="header"><div class="logo"><a id="jenkins-home-link" href="/"><img src="/static/dd0ae236/images/headshot.png" alt="title" id="jenkins-head-icon"><img src="/static/dd0ae236/images/title.png" alt="title" width="139" id="jenkins-name-icon" height="34"></a></div><div class="login"></div><div class="searchbox hidden-xs"><form method="get" name="search" action="/job/thoughtful_credit/search/" style="position:relative;" class="no-json" path=""><div id="search-box-minWidth" style="font-family: Helvetica, Arial, sans-serif; font-size: 13px; font-style: normal; font-weight: normal;"></div><div id="search-box-sizer" style="font-family: Helvetica, Arial, sans-serif; font-size: 13px; font-style: normal; font-weight: normal;"></div><div id="searchform" class="yui-ac"><input name="q" placeholder="search" id="search-box" class="has-default-text yui-ac-input defaulted" autocomplete="off" style="width: 255px;" path="/q">&nbsp;<a href="http://wiki.jenkins-ci.org/display/JENKINS/Search+Box"><img src="/static/dd0ae236/images/16x16/help.png" style="width: 16px; height: 16px; " class="icon-help icon-sm"></a><div id="search-box-completion" class="yui-ac-container" style="width: 255px; left: 0px; top: 26px;"><div class="yui-ac-content" style="display: none; width: 255px;"><div class="yui-ac-hd" style="display: none;"></div><div class="yui-ac-bd"><ul><li style="display: none;"></li><li style="display: none;"></li><li style="display: none;"></li><li style="display: none;"></li><li style="display: none;"></li><li style="display: none;"></li><li style="display: none;"></li><li style="display: none;"></li><li style="display: none;"></li><li style="display: none;"></li></ul></div><div class="yui-ac-ft" style="display: none;"></div></div></div><script>createSearchBox("/job/thoughtful_credit/search/");</script></div></form></div></div><div id="breadcrumbBar"><link rel="stylesheet" href="/adjuncts/dd0ae236/lib/layout/breadcrumbs.css" type="text/css"><script src="/adjuncts/dd0ae236/lib/layout/breadcrumbs.js" type="text/javascript"></script><div style="height: 26px;"></div><div class="top-sticker noedge" style="position: fixed; top: 40px; left: 0px;"><div class="top-sticker-edge"></div><div class="top-sticker-inner"><div id="right-top-nav"></div><ul id="breadcrumbs"><li class="item"><a href="/" class="model-link inside breadcrumbBarAnchor">Jenkins</a></li><li href="/" class="children"></li><li class="item"><a href="/job/thoughtful_credit/" class="model-link inside breadcrumbBarAnchor">thoughtful_credit</a></li><li href="/job/thoughtful_credit/" class="children"></li><li id="inpage-nav" class="item"><a class="model-link inside breadcrumbBarAnchor">configuration</a></li></ul><div id="breadcrumb-menu-target"></div></div></div></div></div><div id="menuSelector"></div><div id="page-body"><div id="side-panel"><div id="tasks"><div class="task"><a href="/" class="task-icon-link"><img src="/static/dd0ae236/images/24x24/up.png" style="width: 24px; height: 24px; width: 24px; height: 24px; margin: 2px;" class="icon-up icon-md"></a>&nbsp;<a href="/" class="task-link">Back to Dashboard</a></div><div class="task"><a href="/job/thoughtful_credit/" class="task-icon-link"><img src="/static/dd0ae236/images/24x24/search.png" style="width: 24px; height: 24px; width: 24px; height: 24px; margin: 2px;" class="icon-search icon-md"></a>&nbsp;<a href="/job/thoughtful_credit/" class="task-link">Status</a></div><div class="task"><a href="/job/thoughtful_credit/changes" class="task-icon-link"><img src="/static/dd0ae236/images/24x24/notepad.png" style="width: 24px; height: 24px; width: 24px; height: 24px; margin: 2px;" class="icon-notepad icon-md"></a>&nbsp;<a href="/job/thoughtful_credit/changes" class="task-link">Changes</a></div><div class="task"><a href="/job/thoughtful_credit/ws/" class="task-icon-link"><img src="/static/dd0ae236/images/24x24/folder.png" style="width: 24px; height: 24px; width: 24px; height: 24px; margin: 2px;" class="icon-folder icon-md"></a>&nbsp;<a href="/job/thoughtful_credit/ws/" class="task-link">Workspace</a></div><div class="task"><a onclick="return build_id14(this)" href="/job/thoughtful_credit/build?delay=0sec" class="task-icon-link"><img src="/static/dd0ae236/images/24x24/clock.png" style="width: 24px; height: 24px; width: 24px; height: 24px; margin: 2px;" class="icon-clock icon-md"></a>&nbsp;<a onclick="return build_id14(this)" href="/job/thoughtful_credit/build?delay=0sec" class="task-link">Build Now</a></div><script>function build_id14(a) {
                new Ajax.Request(a.href);
                hoverNotification('Build scheduled',a.parentNode);
                return false;
            }</script><div class="task"><a onclick="confirmPOST_id17(true, '/job/thoughtful_credit/doDelete', 'Are you sure about deleting the Project ‘thoughtful_credit’?')" href="#"><img src="/static/dd0ae236/images/24x24/edit-delete.png" style="width: 24px; height: 24px; width: 24px; height: 24px; margin: 2px;" class="icon-edit-delete icon-md"></a><script>function confirmPOST_id17(post, href, message) {
            if (confirm(message)) {
                var form = document.createElement('form');
                form.setAttribute('method', post ? 'POST' : 'GET');
                form.setAttribute('action', href);
                if (post) {
                    crumb.appendToForm(form);
                }
                document.body.appendChild(form);
                form.submit();
            }
            return false;
        }</script>&nbsp;<a onclick="confirmPOST_id18(true, '/job/thoughtful_credit/doDelete', 'Are you sure about deleting the Project ‘thoughtful_credit’?')" href="#" class="task-link">Delete Project</a><script>function confirmPOST_id18(post, href, message) {
            if (confirm(message)) {
                var form = document.createElement('form');
                form.setAttribute('method', post ? 'POST' : 'GET');
                form.setAttribute('action', href);
                if (post) {
                    crumb.appendToForm(form);
                }
                document.body.appendChild(form);
                form.submit();
            }
            return false;
        }</script></div><div class="task"><a href="/job/thoughtful_credit/configure" class="task-icon-link"><img src="/static/dd0ae236/images/24x24/setting.png" style="width: 24px; height: 24px; width: 24px; height: 24px; margin: 2px;" class="icon-setting icon-md"></a>&nbsp;<a href="/job/thoughtful_credit/configure" class="task-link"><b>Configure</b></a><div class="subtasks"></div></div></div><div id="buildHistory" class="container-fluid pane-frame track-mouse"><div class="row"><div class="col-xs-24 pane-header"><a href="/toggleCollapse?paneId=buildHistory" title="collapse" class="collapse"><img src="/static/dd0ae236/images/16x16/collapse.png" alt="collapse" style="width: 16px; height: 16px; " class="icon-collapse icon-sm"></a><div style="float:right"><a href="/job/thoughtful_credit/buildTimeTrend">trend</a></div><div data="100" class="healthReport" onmouseover="this.className='healthReport hover';return true;
        " onmouseout="this.className='healthReport';return true;"><img src="/static/dd0ae236/images/16x16/health-80plus.png" alt="100%" style="width: 16px; height: 16px; " class="icon-health-80plus icon-sm"></div>Build History</div></div><div class="row pane-content"><table class="pane stripped"></table></div><div class="row"><div class="col-xs-24 pane-footer"><span class="build-rss-links"><a href="/job/thoughtful_credit/rssAll" class="build-rss-all-icon"><img border="0" src="/static/dd0ae236/images/atom.gif" alt="Feed" width="16" height="16"></a>&nbsp;<a href="/job/thoughtful_credit/rssAll" class="build-rss-all-link">RSS for all</a>&nbsp;<a href="/job/thoughtful_credit/rssFailed" class="build-rss-failed-icon"><img border="0" src="/static/dd0ae236/images/atom.gif" alt="Feed" width="16" height="16"></a>&nbsp;<a href="/job/thoughtful_credit/rssFailed" class="build-rss-failed-link">RSS for failures</a></span></div></div></div><script defer="true">updateBuildHistory("/job/thoughtful_credit/buildHistory/ajax",1);</script></div><div id="main-panel"><a name="skip2content"></a><div class="behavior-loading" style="display: none;">LOADING</div><form method="post" name="config" action="configSubmit" path=""><link rel="stylesheet" href="/adjuncts/dd0ae236/lib/form/section_.css" type="text/css"><table width="100%"><tbody><tr><td class="setting-leftspace">&nbsp;</td><td class="setting-name">Project name</td><td class="setting-main">
   

  
  <input name="name" type="text" class="setting-input   " value="thoughtful_credit" path="/name"></td><td class="setting-no-help"></td></tr><tr class="validation-error-area"><td colspan="2"></td><td></td><td></td></tr><tr><td class="setting-leftspace">&nbsp;</td><td class="setting-name">Description</td><td class="setting-main"><script src="/adjuncts/dd0ae236/lib/form/textarea/textarea.js" type="text/javascript"></script><textarea name="description" rows="5" class="setting-input   " path="/description"></textarea><div class="textarea-handle"></div><div class="textarea-preview-container">
        [Plain text]&nbsp;<a previewendpoint="/markupFormatter/previewDescription" href="#" class="textarea-show-preview">Preview</a>&nbsp;<a href="#" class="textarea-hide-preview" style="display: none;">Hide preview</a><div class="textarea-preview" style="display: none;"></div></div></td><td class="setting-no-help"></td></tr><tr class="validation-error-area"><td colspan="2"></td><td></td><td></td></tr><tr class="optional-block-start " hashelp="true" ref="cb15"><td colspan="3"><input onclick="javascript:updateOptionalBlock(this,true)" name="logrotate" type="checkbox" class=" " id="cb15" path="/logrotate"><label class="attach-previous">Discard Old Builds</label></td><td class="setting-help"><a helpurl="/help/project-config/log-rotation.html" href="#" class="help-button" tabindex="9999"><img src="/static/dd0ae236/images/16x16/help.png" alt="Help for feature: Discard Old Builds" style="width: 16px; height: 16px; " class="icon-help icon-sm"></a></td></tr><tr class="help-area"><td></td><td colspan="2"><div class="help">Loading...</div></td><td></td></tr><tr class="rowvg-start" style="display: none;"></tr><tr style="display: none;"><td class="setting-leftspace">&nbsp;</td><td class="setting-name">Strategy</td><td class="setting-main"><select class="setting-input dropdownList" path="/"><option value="0">Log Rotation</option></select></td><td class="setting-no-help"></td></tr><tr class="dropdownList-container" style="display: none;"><td colspan="2"></td><td colspan="2"><table width="100%" name="buildDiscarder" path="/buildDiscarder"><tbody><tr class="dropdownList-start rowvg-start"></tr>
      
      <tr><td class="setting-leftspace">&nbsp;</td><td class="setting-name">Days to keep builds</td><td class="setting-main"><input step="1" min="1" name="_.daysToKeepStr" type="number" class="setting-input  positive-number" value="" path="/buildDiscarder/daysToKeepStr"></td><td class="setting-no-help"></td></tr><tr class="validation-error-area"><td colspan="2"></td><td></td><td></td></tr><tr><td colspan="2"></td><td class="setting-description">if not empty, build records are only kept up to this number of days</td><td></td></tr><tr><td class="setting-leftspace">&nbsp;</td><td class="setting-name">Max # of builds to keep</td><td class="setting-main"><input step="1" min="1" name="_.numToKeepStr" type="number" class="setting-input  positive-number" value="" path="/buildDiscarder/numToKeepStr"></td><td class="setting-no-help"></td></tr><tr class="validation-error-area"><td colspan="2"></td><td></td><td></td></tr><tr><td colspan="2"></td><td class="setting-description">if not empty, only up to this number of build records are kept</td><td></td></tr><tr><td></td><td></td><td><script src="/adjuncts/dd0ae236/lib/form/advanced/advanced.js" type="text/javascript"></script><div style="" class="advancedLink"><span style="display: none" id="id26"><img src="/static/dd0ae236/images/24x24/notepad.png" tooltip="One or more fields in this block have been edited." style="width: 24px; height: 24px; vertical-align: baseline" class="icon-notepad icon-md" title="One or more fields in this block have been edited."></span>&nbsp;<span class="yui-button yui-push-button advanced-button advancedButton" id="yui-gen31"><span class="first-child"><button type="button" tabindex="0" id="yui-gen31-button" path="/buildDiscarder/advanced-button">Advanced...</button></span></span></div><table class="advancedBody"><tbody><tr><td class="setting-leftspace">&nbsp;</td><td class="setting-name">Days to keep artifacts</td><td class="setting-main"><input step="1" min="1" name="_.artifactDaysToKeepStr" type="number" class="setting-input  positive-number" value="" path="/buildDiscarder/artifactDaysToKeepStr"></td><td class="setting-no-help"></td></tr><tr class="validation-error-area"><td colspan="2"></td><td></td><td></td></tr><tr><td colspan="2"></td><td class="setting-description">if not empty, artifacts from builds older than this number of days will be deleted, but the logs, history, reports, etc for the build will be kept</td><td></td></tr><tr><td class="setting-leftspace">&nbsp;</td><td class="setting-name">Max # of builds to keep with artifacts</td><td class="setting-main"><input step="1" min="1" name="_.artifactNumToKeepStr" type="number" class="setting-input  positive-number" value="" path="/buildDiscarder/artifactNumToKeepStr"></td><td class="setting-no-help"></td></tr><tr class="validation-error-area"><td colspan="2"></td><td></td><td></td></tr><tr><td colspan="2"></td><td class="setting-description">if not empty, only up to this number of builds have their artifacts retained</td><td></td></tr></tbody></table></td><td></td></tr><tr style=""><td><input name="stapler-class" type="hidden" value="hudson.tasks.LogRotator" path="/buildDiscarder/stapler-class"><input name="$class" type="hidden" value="hudson.tasks.LogRotator" path="/buildDiscarder/$class"></td></tr><tr class="dropdownList-end rowvg-end"></tr></tbody></table></td></tr><tr class=" rowvg-end optional-block-end"></tr><script src="/adjuncts/dd0ae236/lib/form/section_.js" type="text/javascript"></script><tr name="properties" style="display:none" class="row-set-start" id="rowSetStart31" path="/properties"></tr><tr nameref="rowSetStart31"><td><input type="hidden" name="stapler-class-bag" value="true" path="/properties/stapler-class-bag"></td></tr><tr name="hudson-model-ParametersDefinitionProperty" style="display:none" class="row-set-start" id="rowSetStart30" nameref="rowSetStart31" path="/properties/hudson-model-ParametersDefinitionProperty"></tr><tr class="optional-block-start row-set-start" hashelp="true" ref="cb16" nameref="rowSetStart30"><td colspan="3"><input onclick="javascript:updateOptionalBlock(this,true)" name="parameterized" type="checkbox" class=" " id="cb16" path="/properties/hudson-model-ParametersDefinitionProperty/parameterized"><label class="attach-previous">This build is parameterized</label></td><td class="setting-help"><a helpurl="/help/project-config/parameterized-build.html" href="#" class="help-button" tabindex="9999"><img src="/static/dd0ae236/images/16x16/help.png" alt="Help for feature: This build is parameterized" style="width: 16px; height: 16px; " class="icon-help icon-sm"></a></td></tr><tr class="help-area" nameref="cb16"><td></td><td colspan="2"><div class="help">Loading...</div></td><td></td></tr><tr class="rowvg-start" nameref="cb16" style="display: none;"></tr><tr nameref="cb16" style="display: none;"><td colspan="2"></td><td colspan="2"><script src="/adjuncts/dd0ae236/lib/form/dragdrop/dragdrop.js" type="text/javascript"></script><script src="/adjuncts/dd0ae236/lib/form/hetero-list/hetero-list.js" type="text/javascript"></script><div class="hetero-list-container with-drag-drop  "><div class="repeatable-insertion-point"></div><div><span class="yui-button yui-menu-button" id="yui-gen1"><span class="first-child"><button type="button" tabindex="0" id="yui-gen1-button" class="hetero-list-add" suffix="parameter">Add Parameter</button></span></span></div></div></td></tr><tr class="row-set-end rowvg-end optional-block-end" nameref="rowSetStart30"></tr><tr class="row-set-end" nameref="rowSetStart31"></tr><tr class="row-set-end"></tr><tr class="optional-block-start " hashelp="true" ref="cb17"><td colspan="3"><input onclick="javascript:updateOptionalBlock(this,true)" name="disable" type="checkbox" class=" " id="cb17" path="/disable"><label class="attach-previous">Disable Build (No new builds will be executed until the project is re-enabled.)</label></td><td class="setting-help"><a helpurl="/help/project-config/disable.html" href="#" class="help-button" tabindex="9999"><img src="/static/dd0ae236/images/16x16/help.png" alt="Help for feature: Disable Build (No new builds will be executed until the project is re-enabled.)" style="width: 16px; height: 16px; " class="icon-help icon-sm"></a></td></tr><tr class="help-area"><td></td><td colspan="2"><div class="help">Loading...</div></td><td></td></tr><tr class="rowvg-start" style="display: none;"></tr><tr class=" rowvg-end optional-block-end"></tr><tr class="optional-block-start " hashelp="true" ref="cb18"><td colspan="3"><input onclick="javascript:updateOptionalBlock(this,true)" name="_.concurrentBuild" type="checkbox" class=" " id="cb18" path="/concurrentBuild"><label class="attach-previous">Execute concurrent builds if necessary</label></td><td class="setting-help"><a helpurl="/descriptor/hudson.model.FreeStyleProject/help/concurrentBuild" href="#" class="help-button" tabindex="9999"><img src="/static/dd0ae236/images/16x16/help.png" alt="Help for feature: Execute concurrent builds if necessary" style="width: 16px; height: 16px; " class="icon-help icon-sm"></a></td></tr><tr class="help-area"><td></td><td colspan="2"><div class="help">Loading...</div></td><td></td></tr><tr class="rowvg-start" style="display: none;"></tr><tr class=" rowvg-end optional-block-end"></tr><tr><td colspan="4"><div class="section-header"><a id="section0" class="section-anchor">#</a>Advanced Project Options</div></td></tr><tr><td></td><td></td><td><script src="/adjuncts/dd0ae236/lib/form/advanced/advanced.js" type="text/javascript"></script><div style="" class="advancedLink"><span style="display: none" id="id20"><img src="/static/dd0ae236/images/24x24/notepad.png" tooltip="One or more fields in this block have been edited." style="width: 24px; height: 24px; vertical-align: baseline" class="icon-notepad icon-md" title="One or more fields in this block have been edited."></span>&nbsp;<span class="yui-button yui-push-button advanced-button advancedButton" id="yui-gen7"><span class="first-child"><button type="button" tabindex="0" id="yui-gen7-button" path="/advanced-button">Advanced...</button></span></span></div><table class="advancedBody"><tbody><tr class="optional-block-start " hashelp="true" ref="cb19"><td colspan="3"><input onclick="javascript:updateOptionalBlock(this,true)" name="hasCustomQuietPeriod" type="checkbox" class=" " id="cb19" path="/hasCustomQuietPeriod"><label class="attach-previous">Quiet period</label></td><td class="setting-help"><a helpurl="/descriptor/jenkins.model.GlobalQuietPeriodConfiguration/help/quietPeriod" href="#" class="help-button" tabindex="9999"><img src="/static/dd0ae236/images/16x16/help.png" alt="Help for feature: Quiet period" style="width: 16px; height: 16px; " class="icon-help icon-sm"></a></td></tr><tr class="help-area"><td></td><td colspan="2"><div class="help">Loading...</div></td><td></td></tr><tr class="rowvg-start" style="display: none;"></tr><tr style="display: none;"><td class="setting-leftspace">&nbsp;</td><td class="setting-name">Quiet period</td><td class="setting-main"><input step="1" min="0" name="quiet_period" type="number" class="setting-input  number" value="5" path="/quiet_period"></td><td class="setting-no-help"></td></tr><tr class="validation-error-area" style="display: none;"><td colspan="2"></td><td></td><td></td></tr><tr style="display: none;"><td colspan="2"></td><td class="setting-description">Number of seconds</td><td></td></tr><tr class=" rowvg-end optional-block-end"></tr><tr class="optional-block-start " hashelp="true" ref="cb20"><td colspan="3"><input onclick="javascript:updateOptionalBlock(this,true)" name="hasCustomScmCheckoutRetryCount" type="checkbox" class=" " id="cb20" path="/hasCustomScmCheckoutRetryCount"><label class="attach-previous">Retry Count</label></td><td class="setting-help"><a helpurl="/help/project-config/scmCheckoutRetryCount.html" href="#" class="help-button" tabindex="9999"><img src="/static/dd0ae236/images/16x16/help.png" alt="Help for feature: Retry Count" style="width: 16px; height: 16px; " class="icon-help icon-sm"></a></td></tr><tr class="help-area"><td></td><td colspan="2"><div class="help">Loading...</div></td><td></td></tr><tr class="rowvg-start" style="display: none;"></tr><tr style="display: none;"><td class="setting-leftspace">&nbsp;</td><td class="setting-name">SCM checkout retry count</td><td class="setting-main"><input step="1" min="0" name="scmCheckoutRetryCount" type="number" class="setting-input  number" value="0" path="/scmCheckoutRetryCount"></td><td class="setting-no-help"></td></tr><tr class="validation-error-area" style="display: none;"><td colspan="2"></td><td></td><td></td></tr><tr class=" rowvg-end optional-block-end"></tr><tr class="optional-block-start " hashelp="true" ref="cb21"><td colspan="3"><input onclick="javascript:updateOptionalBlock(this,true)" name="blockBuildWhenUpstreamBuilding" type="checkbox" class=" " id="cb21" path="/blockBuildWhenUpstreamBuilding"><label class="attach-previous">Block build when upstream project is building</label></td><td class="setting-help"><a helpurl="/help/project-config/block-upstream-building.html" href="#" class="help-button" tabindex="9999"><img src="/static/dd0ae236/images/16x16/help.png" alt="Help for feature: Block build when upstream project is building" style="width: 16px; height: 16px; " class="icon-help icon-sm"></a></td></tr><tr class="help-area"><td></td><td colspan="2"><div class="help">Loading...</div></td><td></td></tr><tr class="rowvg-start" style="display: none;"></tr><tr class=" rowvg-end optional-block-end"></tr><tr class="optional-block-start " hashelp="true" ref="cb22"><td colspan="3"><input onclick="javascript:updateOptionalBlock(this,true)" name="blockBuildWhenDownstreamBuilding" type="checkbox" class=" " id="cb22" path="/blockBuildWhenDownstreamBuilding"><label class="attach-previous">Block build when downstream project is building</label></td><td class="setting-help"><a helpurl="/help/project-config/block-downstream-building.html" href="#" class="help-button" tabindex="9999"><img src="/static/dd0ae236/images/16x16/help.png" alt="Help for feature: Block build when downstream project is building" style="width: 16px; height: 16px; " class="icon-help icon-sm"></a></td></tr><tr class="help-area"><td></td><td colspan="2"><div class="help">Loading...</div></td><td></td></tr><tr class="rowvg-start" style="display: none;"></tr><tr class=" rowvg-end optional-block-end"></tr><tr class="optional-block-start " hashelp="true" ref="cb23"><td colspan="3"><input onclick="javascript:updateOptionalBlock(this,true)" name="hasCustomWorkspace" type="checkbox" class=" " id="cb23" path="/hasCustomWorkspace"><label class="attach-previous">Use custom workspace</label></td><td class="setting-help"><a helpurl="/help/project-config/custom-workspace.html" href="#" class="help-button" tabindex="9999"><img src="/static/dd0ae236/images/16x16/help.png" alt="Help for feature: Use custom workspace" style="width: 16px; height: 16px; " class="icon-help icon-sm"></a></td></tr><tr class="help-area"><td></td><td colspan="2"><div class="help">Loading...</div></td><td></td></tr><tr class="rowvg-start" style="display: none;"></tr><tr style="display: none;"><td class="setting-leftspace">&nbsp;</td><td class="setting-name">Directory</td><td class="setting-main">
   

  
  <input checkdependson="customWorkspace" checkurl="/job/thoughtful_credit/descriptorByName/hudson.model.FreeStyleProject/checkCustomWorkspace" name="_.customWorkspace" type="text" class="setting-input validated  " value="" path="/customWorkspace"></td><td class="setting-no-help"></td></tr><tr class="validation-error-area" style="display: none;"><td colspan="2"></td><td><div class="error"><img src="/static/dd0ae236/images/none.gif" height="16" width="1">Custom workspace is empty.</div></td><td></td></tr><tr class=" rowvg-end optional-block-end"></tr><tr><td class="setting-leftspace">&nbsp;</td><td class="setting-name">Display Name</td><td class="setting-main">
   

  
  <input checkurl="'/checkDisplayName?displayName='+encodeURIComponent(this.value)+'&amp;jobName='+encodeURIComponent('thoughtful_credit')" name="_.displayNameOrNull" type="text" class="setting-input validated  " value="" path="/displayNameOrNull"></td><td class="setting-help"><a helpurl="/descriptor/hudson.model.FreeStyleProject/help/displayNameOrNull" href="#" class="help-button" tabindex="9999"><img src="/static/dd0ae236/images/16x16/help.png" alt="Help for feature: Display Name" style="width: 16px; height: 16px; " class="icon-help icon-sm"></a></td></tr><tr class="validation-error-area"><td colspan="2"></td><td><div></div></td><td></td></tr><tr class="help-area"><td></td><td colspan="2"><div class="help">Loading...</div></td><td></td></tr><tr class="optional-block-start row-set-start" hashelp="true" ref="cb24"><td colspan="3"><input onclick="javascript:updateOptionalBlock(this,true)" name="keepDependencies" type="checkbox" class=" " id="cb24" path="/keepDependencies"><label class="attach-previous">Keep the build logs of dependencies</label></td><td class="setting-help"><a helpurl="/help/tasks/fingerprint/keepDependencies.html" href="#" class="help-button" tabindex="9999"><img src="/static/dd0ae236/images/16x16/help.png" alt="Help for feature: Keep the build logs of dependencies" style="width: 16px; height: 16px; " class="icon-help icon-sm"></a></td></tr><tr class="help-area" nameref="cb24"><td></td><td colspan="2"><div class="help">Loading...</div></td><td></td></tr><tr class="rowvg-start" nameref="cb24" style="display: none;"></tr><tr class="row-set-end rowvg-end optional-block-end"></tr></tbody></table></td><td></td></tr><tr><td colspan="4"><div class="section-header"><a id="section1" class="section-anchor">#</a>Source Code Management</div></td></tr><script src="/adjuncts/dd0ae236/lib/form/radioBlock/radioBlock.js" type="text/javascript"></script><tr class="radio-block-start row-set-start" hashelp="false" ref="radio-block-9"><td colspan="3"><label><input name="scm" checked="true" type="radio" value="0" class="radio-block-control" id="radio-block-9" path="/scm[0]">
        None
      </label></td><td class="setting-no-help"></td></tr><tr style="display:none" class="row-set-end radio-block-end"></tr><tr class="radio-block-start row-set-start" hashelp="false" ref="radio-block-10"><td colspan="3"><label><input name="scm" type="radio" value="1" class="radio-block-control" id="radio-block-10" path="/scm[1]">
        CVS
      </label></td><td class="setting-no-help"></td></tr><tr nameref="radio-block-10" style="display: none;"><td class="setting-leftspace">&nbsp;</td><td class="setting-name"></td><td class="setting-main"><div class="repeated-container"><div name="repositories" class="repeated-chunk first last only"><table style="width:100%"><tbody><tr><td class="setting-leftspace">&nbsp;</td><td class="setting-name">CVSROOT</td><td class="setting-main">
   

  
  <input checkdependson="" checkurl="/job/thoughtful_credit/descriptorByName/hudson.scm.CvsRepository/checkCvsRoot" name="_.cvsRoot" type="text" class="setting-input validated  " value=""></td><td class="setting-help"><a helpurl="/descriptor/hudson.scm.CvsRepository/help/cvsRoot" href="#" class="help-button" tabindex="9999"><img src="/static/dd0ae236/images/16x16/help.png" alt="Help for feature: CVSROOT" style="width: 16px; height: 16px; " class="icon-help icon-sm"></a></td></tr><tr class="validation-error-area"><td colspan="2"></td><td><div class="error"><img src="/static/dd0ae236/images/none.gif" height="16" width="1">CVSROOT is mandatory</div></td><td></td></tr><tr class="help-area"><td></td><td colspan="2"><div class="help">Loading...</div></td><td></td></tr><tr class="optional-block-start " hashelp="false" ref="cb25"><td colspan="3"><input onclick="javascript:updateOptionalBlock(this,true)" name="passwordRequired" type="checkbox" class=" " id="cb25"><label class="attach-previous">This Connection Requires A Password</label></td><td class="setting-no-help"></td></tr><tr class="rowvg-start" style="display: none;"></tr><tr style="display: none;"><td class="setting-leftspace">&nbsp;</td><td class="setting-name">Password</td><td class="setting-main"><input name="_.password" type="password" class="setting-input " value=""></td><td class="setting-no-help"></td></tr><tr class="validation-error-area" style="display: none;"><td colspan="2"></td><td></td><td></td></tr><tr class=" rowvg-end optional-block-end"></tr><tr><td class="setting-leftspace">&nbsp;</td><td class="setting-name"></td><td class="setting-main"><div class="repeated-container"><div name="repositoryItems" class="repeated-chunk first last only"><table style="width:100%"><tbody><tr><td class="setting-leftspace">&nbsp;</td><td class="setting-name">Location</td><td class="setting-main"><select class="setting-input dropdownList"><option value="0">Branch</option><option value="1" selected="true">Head</option><option value="2">Tag</option></select></td><td class="setting-no-help"></td></tr><tr class="dropdownList-container"><td colspan="2"></td><td colspan="2"><table width="100%" name="location"><tbody><tr class="dropdownList-start rowvg-start" field-disabled="true" style="display: none;"></tr><tr field-disabled="true" style="display: none;"><td class="setting-leftspace">&nbsp;</td><td class="setting-name">Branch Name</td><td class="setting-main">
   

  
  <input name="_.branchName" type="text" class="setting-input   " value=""></td><td class="setting-no-help"></td></tr><tr class="validation-error-area" field-disabled="true" style="display: none;"><td colspan="2"></td><td></td><td></td></tr><tr field-disabled="true" style="display: none;"><td class="setting-leftspace">&nbsp;</td><td class="setting-name">Use Head If Not Found</td><td class="setting-main"><input name="_.useHeadIfNotFound" type="checkbox" class=" "></td><td class="setting-no-help"></td></tr><tr class="validation-error-area" field-disabled="true" style="display: none;"><td colspan="2"></td><td></td><td></td></tr><tr style="display: none;" field-disabled="true"><td><input name="stapler-class" type="hidden" value="hudson.scm.CvsRepositoryLocation$BranchRepositoryLocation"><input name="$class" type="hidden" value="hudson.scm.CvsRepositoryLocation$BranchRepositoryLocation"></td></tr><tr class="dropdownList-end rowvg-end"></tr><tr class="dropdownList-start rowvg-start"></tr><tr style=""><td><input name="stapler-class" type="hidden" value="hudson.scm.CvsRepositoryLocation$HeadRepositoryLocation"><input name="$class" type="hidden" value="hudson.scm.CvsRepositoryLocation$HeadRepositoryLocation"></td></tr><tr class="dropdownList-end rowvg-end"></tr><tr class="dropdownList-start rowvg-start" field-disabled="true" style="display: none;"></tr><tr field-disabled="true" style="display: none;"><td class="setting-leftspace">&nbsp;</td><td class="setting-name">Tag Name</td><td class="setting-main">
   

  
  <input name="_.tagName" type="text" class="setting-input   " value=""></td><td class="setting-no-help"></td></tr><tr class="validation-error-area" field-disabled="true" style="display: none;"><td colspan="2"></td><td></td><td></td></tr><tr field-disabled="true" style="display: none;"><td class="setting-leftspace">&nbsp;</td><td class="setting-name">Use Head If Not Found</td><td class="setting-main"><input name="_.useHeadIfNotFound" type="checkbox" class=" "></td><td class="setting-no-help"></td></tr><tr class="validation-error-area" field-disabled="true" style="display: none;"><td colspan="2"></td><td></td><td></td></tr><tr style="display: none;" field-disabled="true"><td><input name="stapler-class" type="hidden" value="hudson.scm.CvsRepositoryLocation$TagRepositoryLocation"><input name="$class" type="hidden" value="hudson.scm.CvsRepositoryLocation$TagRepositoryLocation"></td></tr><tr class="dropdownList-end rowvg-end"></tr></tbody></table></td></tr><tr><td class="setting-leftspace">&nbsp;</td><td class="setting-name">Modules</td><td class="setting-main"><div class="repeated-container"><div name="modules" class="repeated-chunk first last only"><table style="width:100%"><tbody><tr><td class="setting-leftspace">&nbsp;</td><td class="setting-name">Remote Name</td><td class="setting-main">
   

  
  <input checkdependson="" checkurl="/job/thoughtful_credit/descriptorByName/hudson.scm.CvsModule/checkRemoteName" name="_.remoteName" type="text" class="setting-input validated  " value=""></td><td class="setting-help"><a helpurl="/descriptor/hudson.scm.CvsModule/help/remoteName" href="#" class="help-button" tabindex="9999"><img src="/static/dd0ae236/images/16x16/help.png" alt="Help for feature: Remote Name" style="width: 16px; height: 16px; " class="icon-help icon-sm"></a></td></tr><tr class="validation-error-area"><td colspan="2"></td><td><div class="error"><img src="/static/dd0ae236/images/none.gif" height="16" width="1">Remote Name is mandatory</div></td><td></td></tr><tr class="help-area"><td></td><td colspan="2"><div class="help">Loading...</div></td><td></td></tr><tr><td class="setting-leftspace">&nbsp;</td><td class="setting-name">Local Name</td><td class="setting-main">
   

  
  <input name="_.localName" type="text" class="setting-input   " value=""></td><td class="setting-help"><a helpurl="/descriptor/hudson.scm.CvsModule/help/localName" href="#" class="help-button" tabindex="9999"><img src="/static/dd0ae236/images/16x16/help.png" alt="Help for feature: Local Name" style="width: 16px; height: 16px; " class="icon-help icon-sm"></a></td></tr><tr class="validation-error-area"><td colspan="2"></td><td></td><td></td></tr><tr class="help-area"><td></td><td colspan="2"><div class="help">Loading...</div></td><td></td></tr><tr><td class="setting-leftspace">&nbsp;</td><td class="setting-name"></td><td class="setting-main"><div align="right"><span class="yui-button yui-push-button repeatable-add show-if-last" id="yui-gen12"><span class="first-child"><button type="button" tabindex="0" id="yui-gen12-button">Add more modules...</button></span></span><span class="yui-button yui-push-button repeatable-delete show-if-not-only" id="yui-gen21"><span class="first-child"><button type="button" tabindex="0" id="yui-gen21-button">Delete</button></span></span></div></td><td class="setting-no-help"></td></tr><tr class="validation-error-area"><td colspan="2"></td><td></td><td></td></tr></tbody></table></div><div class="repeatable-insertion-point"></div></div></td><td class="setting-no-help"></td></tr><tr class="validation-error-area"><td colspan="2"></td><td></td><td></td></tr><tr><td class="setting-leftspace">&nbsp;</td><td class="setting-name"></td><td class="setting-main"><div align="right"><span class="yui-button yui-push-button repeatable-add show-if-last" id="yui-gen13"><span class="first-child"><button type="button" tabindex="0" id="yui-gen13-button">Add more locations...</button></span></span><span class="yui-button yui-push-button repeatable-delete show-if-not-only" id="yui-gen22"><span class="first-child"><button type="button" tabindex="0" id="yui-gen22-button">Delete</button></span></span></div></td><td class="setting-no-help"></td></tr><tr class="validation-error-area"><td colspan="2"></td><td></td><td></td></tr></tbody></table></div><div class="repeatable-insertion-point"></div></div></td><td class="setting-no-help"></td></tr><tr class="validation-error-area"><td colspan="2"></td><td></td><td></td></tr><tr><td></td><td></td><td><div style="" class="advancedLink"><span style="display: none" id="id22"><img src="/static/dd0ae236/images/24x24/notepad.png" tooltip="One or more fields in this block have been edited." style="width: 24px; height: 24px; vertical-align: baseline" class="icon-notepad icon-md" title="One or more fields in this block have been edited."></span>&nbsp;<span class="yui-button yui-push-button advanced-button advancedButton" id="yui-gen8"><span class="first-child"><button type="button" tabindex="0" id="yui-gen8-button">Advanced...</button></span></span></div><table class="advancedBody"><tbody><tr><td colspan="4"><div class="section-header"><a id="section3" class="section-anchor">#</a>Advanced Repository Options</div></td></tr><tr><td class="setting-leftspace">&nbsp;</td><td class="setting-name">Repository browser</td><td class="setting-main"><select class="setting-input dropdownList"><option value="auto">(Auto)</option><option value="0">FishEye</option><option value="1">OpenGrok</option><option value="2">ViewCVS</option></select></td><td class="setting-help"><a helpurl="/help/scm-browsers/list.html" href="#" class="help-button" tabindex="9999"><img src="/static/dd0ae236/images/16x16/help.png" alt="Help for feature: Repository browser" style="width: 16px; height: 16px; " class="icon-help icon-sm"></a></td></tr><tr class="dropdownList-container"><td colspan="2"></td><td colspan="2"><table width="100%" name="repositoryBrowser"><tbody><tr class="dropdownList-start rowvg-start"></tr><tr class="dropdownList-end rowvg-end"></tr><tr class="dropdownList-start rowvg-start" field-disabled="true" style="display: none;"></tr><tr class="render-on-demand " proxy="makeStaplerProxy('/$stapler/bound/ca740689-4993-4c7d-a429-18b538aea894','1c4ca511-47cd-4867-b625-610dfbbe2ece',['render'])" field-disabled="true" style="display: none;"></tr><tr style="display: none;" field-disabled="true"><td><input name="stapler-class" type="hidden" value="hudson.scm.browsers.FishEyeCVS"><input name="$class" type="hidden" value="hudson.scm.browsers.FishEyeCVS"></td></tr><tr class="dropdownList-end rowvg-end"></tr><tr class="dropdownList-start rowvg-start" field-disabled="true" style="display: none;"></tr><tr class="render-on-demand " proxy="makeStaplerProxy('/$stapler/bound/b1effc1d-8d41-4207-b2c1-f56d1cac8411','1c4ca511-47cd-4867-b625-610dfbbe2ece',['render'])" field-disabled="true" style="display: none;"></tr><tr style="display: none;" field-disabled="true"><td><input name="stapler-class" type="hidden" value="hudson.scm.browsers.OpenGrok"><input name="$class" type="hidden" value="hudson.scm.browsers.OpenGrok"></td></tr><tr class="dropdownList-end rowvg-end"></tr><tr class="dropdownList-start rowvg-start" field-disabled="true" style="display: none;"></tr><tr class="render-on-demand " proxy="makeStaplerProxy('/$stapler/bound/073676bb-dfb3-4c3e-9a37-024abaf41bc9','1c4ca511-47cd-4867-b625-610dfbbe2ece',['render'])" field-disabled="true" style="display: none;"></tr><tr style="display: none;" field-disabled="true"><td><input name="stapler-class" type="hidden" value="hudson.scm.browsers.ViewCVS"><input name="$class" type="hidden" value="hudson.scm.browsers.ViewCVS"></td></tr><tr class="dropdownList-end rowvg-end"></tr></tbody></table></td></tr><tr class="help-area"><td></td><td colspan="2"><div class="help">Loading...</div></td><td></td></tr><tr><td class="setting-leftspace">&nbsp;</td><td class="setting-name">Exclude Regions</td><td class="setting-main"><div class="repeated-container"><div name="excludedRegions" class="repeated-chunk first last only"><table style="width:100%"><tbody><tr><td class="setting-leftspace">&nbsp;</td><td class="setting-name">Pattern</td><td class="setting-main">
   

  
  <input checkdependson="" checkurl="/job/thoughtful_credit/descriptorByName/hudson.scm.ExcludedRegion/checkPattern" name="_.pattern" type="text" class="setting-input validated  " value=""></td><td class="setting-no-help"></td></tr><tr class="validation-error-area"><td colspan="2"></td><td><div></div></td><td></td></tr><tr><td class="setting-leftspace">&nbsp;</td><td class="setting-name"></td><td class="setting-main"><div align="right"><span class="yui-button yui-push-button repeatable-add show-if-last" id="yui-gen14"><span class="first-child"><button type="button" tabindex="0" id="yui-gen14-button">Add more patterns...</button></span></span><span class="yui-button yui-push-button repeatable-delete show-if-not-only" id="yui-gen23"><span class="first-child"><button type="button" tabindex="0" id="yui-gen23-button">Delete</button></span></span></div></td><td class="setting-no-help"></td></tr><tr class="validation-error-area"><td colspan="2"></td><td></td><td></td></tr></tbody></table></div><div class="repeatable-insertion-point"></div></div></td><td class="setting-no-help"></td></tr><tr class="validation-error-area"><td colspan="2"></td><td></td><td></td></tr><tr><td class="setting-leftspace">&nbsp;</td><td class="setting-name">Compression Level</td><td class="setting-main">

   
  <select fillurl="/job/thoughtful_credit/descriptorByName/hudson.scm.CvsRepository/fillCompressionLevelItems" name="_.compressionLevel" class="setting-input  select " value=""><option value="-1">System Default</option><option value="0">None</option><option value="1">1</option><option value="2">2</option><option value="3">3 (Recommended)</option><option value="4">4</option><option value="5">5</option><option value="6">6</option><option value="7">7</option><option value="8">8</option><option value="9">9</option></select></td><td class="setting-no-help"></td></tr><tr class="validation-error-area"><td colspan="2"></td><td></td><td></td></tr></tbody></table></td><td></td></tr><tr><td class="setting-leftspace">&nbsp;</td><td class="setting-name"></td><td class="setting-main"><div align="right"><span class="yui-button yui-push-button repeatable-add show-if-last" id="yui-gen15"><span class="first-child"><button type="button" tabindex="0" id="yui-gen15-button">Add more repositories...</button></span></span><span class="yui-button yui-push-button repeatable-delete show-if-not-only" id="yui-gen24"><span class="first-child"><button type="button" tabindex="0" id="yui-gen24-button">Delete</button></span></span></div></td><td class="setting-no-help"></td></tr><tr class="validation-error-area"><td colspan="2"></td><td></td><td></td></tr></tbody></table></div><div class="repeatable-insertion-point"></div></div></td><td class="setting-no-help"></td></tr><tr class="validation-error-area" nameref="radio-block-10" style="display: none;"><td colspan="2"></td><td></td><td></td></tr><tr nameref="radio-block-10" style="display: none;"><td class="setting-leftspace">&nbsp;</td><td class="setting-name">Use Update</td><td class="setting-main"><input name="_.canUseUpdate" checked="true" type="checkbox" class=" "></td><td class="setting-help"><a helpurl="/descriptor/hudson.scm.CVSSCM/help/canUseUpdate" href="#" class="help-button" tabindex="9999"><img src="/static/dd0ae236/images/16x16/help.png" alt="Help for feature: Use Update" style="width: 16px; height: 16px; " class="icon-help icon-sm"></a></td></tr><tr class="validation-error-area" nameref="radio-block-10" style="display: none;"><td colspan="2"></td><td></td><td></td></tr><tr class="help-area" nameref="radio-block-10" style="display: none;"><td></td><td colspan="2"><div class="help">Loading...</div></td><td></td></tr><tr nameref="radio-block-10" style="display: none;"><td class="setting-leftspace">&nbsp;</td><td class="setting-name">Prune Empty Directories</td><td class="setting-main"><input name="_.pruneEmptyDirectories" checked="true" type="checkbox" class=" "></td><td class="setting-help"><a helpurl="/descriptor/hudson.scm.CVSSCM/help/pruneEmptyDirectories" href="#" class="help-button" tabindex="9999"><img src="/static/dd0ae236/images/16x16/help.png" alt="Help for feature: Prune Empty Directories" style="width: 16px; height: 16px; " class="icon-help icon-sm"></a></td></tr><tr class="validation-error-area" nameref="radio-block-10" style="display: none;"><td colspan="2"></td><td></td><td></td></tr><tr class="help-area" nameref="radio-block-10" style="display: none;"><td></td><td colspan="2"><div class="help">Loading...</div></td><td></td></tr><tr nameref="radio-block-10" style="display: none;"><td class="setting-leftspace">&nbsp;</td><td class="setting-name">Legacy Mode</td><td class="setting-main"><input name="_.legacy" type="checkbox" class=" "><label class="attach-previous">(run CVS in a way compatible with older versions of Hudson &lt;1.21)</label></td><td class="setting-help"><a helpurl="/descriptor/hudson.scm.CVSSCM/help/legacy" href="#" class="help-button" tabindex="9999"><img src="/static/dd0ae236/images/16x16/help.png" alt="Help for feature: Legacy Mode" style="width: 16px; height: 16px; " class="icon-help icon-sm"></a></td></tr><tr class="validation-error-area" nameref="radio-block-10" style="display: none;"><td colspan="2"></td><td></td><td></td></tr><tr class="help-area" nameref="radio-block-10" style="display: none;"><td></td><td colspan="2"><div class="help">Loading...</div></td><td></td></tr><tr nameref="radio-block-10" style="display: none;"><td class="setting-leftspace">&nbsp;</td><td class="setting-name">Skip Changelog</td><td class="setting-main"><input name="_.skipChangeLog" type="checkbox" class=" "></td><td class="setting-help"><a helpurl="/descriptor/hudson.scm.CVSSCM/help/skipChangeLog" href="#" class="help-button" tabindex="9999"><img src="/static/dd0ae236/images/16x16/help.png" alt="Help for feature: Skip Changelog" style="width: 16px; height: 16px; " class="icon-help icon-sm"></a></td></tr><tr class="validation-error-area" nameref="radio-block-10" style="display: none;"><td colspan="2"></td><td></td><td></td></tr><tr class="help-area" nameref="radio-block-10" style="display: none;"><td></td><td colspan="2"><div class="help">Loading...</div></td><td></td></tr><tr nameref="radio-block-10" style="display: none;"><td class="setting-leftspace">&nbsp;</td><td class="setting-name">Show all CVS output</td><td class="setting-main"><input name="_.disableCvsQuiet" type="checkbox" class=" "></td><td class="setting-help"><a helpurl="/descriptor/hudson.scm.CVSSCM/help/disableCvsQuiet" href="#" class="help-button" tabindex="9999"><img src="/static/dd0ae236/images/16x16/help.png" alt="Help for feature: Show all CVS output" style="width: 16px; height: 16px; " class="icon-help icon-sm"></a></td></tr><tr class="validation-error-area" nameref="radio-block-10" style="display: none;"><td colspan="2"></td><td></td><td></td></tr><tr class="help-area" nameref="radio-block-10" style="display: none;"><td></td><td colspan="2"><div class="help">Loading...</div></td><td></td></tr><tr nameref="radio-block-10" style="display: none;"><td class="setting-leftspace">&nbsp;</td><td class="setting-name">Perform clean checkout on failed update</td><td class="setting-main"><input name="_.cleanOnFailedUpdate" type="checkbox" class=" "></td><td class="setting-help"><a helpurl="/descriptor/hudson.scm.CVSSCM/help/cleanOnFailedUpdate" href="#" class="help-button" tabindex="9999"><img src="/static/dd0ae236/images/16x16/help.png" alt="Help for feature: Perform clean checkout on failed update" style="width: 16px; height: 16px; " class="icon-help icon-sm"></a></td></tr><tr class="validation-error-area" nameref="radio-block-10" style="display: none;"><td colspan="2"></td><td></td><td></td></tr><tr class="help-area" nameref="radio-block-10" style="display: none;"><td></td><td colspan="2"><div class="help">Loading...</div></td><td></td></tr><tr nameref="radio-block-10" style="display: none;"><td class="setting-leftspace">&nbsp;</td><td class="setting-name">Force clean copy for locally modified files</td><td class="setting-main"><input name="_.forceCleanCopy" type="checkbox" class=" "></td><td class="setting-help"><a helpurl="/descriptor/hudson.scm.CVSSCM/help/forceCleanCopy" href="#" class="help-button" tabindex="9999"><img src="/static/dd0ae236/images/16x16/help.png" alt="Help for feature: Force clean copy for locally modified files" style="width: 16px; height: 16px; " class="icon-help icon-sm"></a></td></tr><tr class="validation-error-area" nameref="radio-block-10" style="display: none;"><td colspan="2"></td><td></td><td></td></tr><tr class="help-area" nameref="radio-block-10" style="display: none;"><td></td><td colspan="2"><div class="help">Loading...</div></td><td></td></tr><tr style="display:none" class="row-set-end radio-block-end"></tr><tr class="radio-block-start row-set-start" hashelp="false" ref="radio-block-11"><td colspan="3"><label><input name="scm" type="radio" value="2" class="radio-block-control" id="radio-block-11" path="/scm[2]">
        CVS Projectset
      </label></td><td class="setting-no-help"></td></tr><tr nameref="radio-block-11" style="display: none;"><td class="setting-leftspace">&nbsp;</td><td class="setting-name"></td><td class="setting-main"><div class="repeated-container"><div name="repositories" class="repeated-chunk first last only"><table style="width:100%"><tbody><tr><td class="setting-leftspace">&nbsp;</td><td class="setting-name">CVSROOT</td><td class="setting-main">
   

  
  <input checkdependson="" checkurl="/job/thoughtful_credit/descriptorByName/hudson.scm.CvsRepository/checkCvsRoot" name="_.cvsRoot" type="text" class="setting-input validated  " value=""></td><td class="setting-help"><a helpurl="/descriptor/hudson.scm.CvsRepository/help/cvsRoot" href="#" class="help-button" tabindex="9999"><img src="/static/dd0ae236/images/16x16/help.png" alt="Help for feature: CVSROOT" style="width: 16px; height: 16px; " class="icon-help icon-sm"></a></td></tr><tr class="validation-error-area"><td colspan="2"></td><td><div class="error"><img src="/static/dd0ae236/images/none.gif" height="16" width="1">CVSROOT is mandatory</div></td><td></td></tr><tr class="help-area"><td></td><td colspan="2"><div class="help">Loading...</div></td><td></td></tr><tr class="optional-block-start " hashelp="false" ref="cb26"><td colspan="3"><input onclick="javascript:updateOptionalBlock(this,true)" name="passwordRequired" type="checkbox" class=" " id="cb26"><label class="attach-previous">This Connection Requires A Password</label></td><td class="setting-no-help"></td></tr><tr class="rowvg-start" style="display: none;"></tr><tr style="display: none;"><td class="setting-leftspace">&nbsp;</td><td class="setting-name">Password</td><td class="setting-main"><input name="_.password" type="password" class="setting-input " value=""></td><td class="setting-no-help"></td></tr><tr class="validation-error-area" style="display: none;"><td colspan="2"></td><td></td><td></td></tr><tr class=" rowvg-end optional-block-end"></tr><tr><td class="setting-leftspace">&nbsp;</td><td class="setting-name"></td><td class="setting-main"><div class="repeated-container"><div name="repositoryItems" class="repeated-chunk first last only"><table style="width:100%"><tbody><tr><td class="setting-leftspace">&nbsp;</td><td class="setting-name">Location</td><td class="setting-main"><select class="setting-input dropdownList"><option value="0">Branch</option><option value="1" selected="true">Head</option><option value="2">Tag</option></select></td><td class="setting-no-help"></td></tr><tr class="dropdownList-container"><td colspan="2"></td><td colspan="2"><table width="100%" name="location"><tbody><tr class="dropdownList-start rowvg-start" field-disabled="true" style="display: none;"></tr><tr field-disabled="true" style="display: none;"><td class="setting-leftspace">&nbsp;</td><td class="setting-name">Branch Name</td><td class="setting-main">
   

  
  <input name="_.branchName" type="text" class="setting-input   " value=""></td><td class="setting-no-help"></td></tr><tr class="validation-error-area" field-disabled="true" style="display: none;"><td colspan="2"></td><td></td><td></td></tr><tr field-disabled="true" style="display: none;"><td class="setting-leftspace">&nbsp;</td><td class="setting-name">Use Head If Not Found</td><td class="setting-main"><input name="_.useHeadIfNotFound" type="checkbox" class=" "></td><td class="setting-no-help"></td></tr><tr class="validation-error-area" field-disabled="true" style="display: none;"><td colspan="2"></td><td></td><td></td></tr><tr style="display: none;" field-disabled="true"><td><input name="stapler-class" type="hidden" value="hudson.scm.CvsRepositoryLocation$BranchRepositoryLocation"><input name="$class" type="hidden" value="hudson.scm.CvsRepositoryLocation$BranchRepositoryLocation"></td></tr><tr class="dropdownList-end rowvg-end"></tr><tr class="dropdownList-start rowvg-start"></tr><tr style=""><td><input name="stapler-class" type="hidden" value="hudson.scm.CvsRepositoryLocation$HeadRepositoryLocation"><input name="$class" type="hidden" value="hudson.scm.CvsRepositoryLocation$HeadRepositoryLocation"></td></tr><tr class="dropdownList-end rowvg-end"></tr><tr class="dropdownList-start rowvg-start" field-disabled="true" style="display: none;"></tr><tr field-disabled="true" style="display: none;"><td class="setting-leftspace">&nbsp;</td><td class="setting-name">Tag Name</td><td class="setting-main">
   

  
  <input name="_.tagName" type="text" class="setting-input   " value=""></td><td class="setting-no-help"></td></tr><tr class="validation-error-area" field-disabled="true" style="display: none;"><td colspan="2"></td><td></td><td></td></tr><tr field-disabled="true" style="display: none;"><td class="setting-leftspace">&nbsp;</td><td class="setting-name">Use Head If Not Found</td><td class="setting-main"><input name="_.useHeadIfNotFound" type="checkbox" class=" "></td><td class="setting-no-help"></td></tr><tr class="validation-error-area" field-disabled="true" style="display: none;"><td colspan="2"></td><td></td><td></td></tr><tr style="display: none;" field-disabled="true"><td><input name="stapler-class" type="hidden" value="hudson.scm.CvsRepositoryLocation$TagRepositoryLocation"><input name="$class" type="hidden" value="hudson.scm.CvsRepositoryLocation$TagRepositoryLocation"></td></tr><tr class="dropdownList-end rowvg-end"></tr></tbody></table></td></tr><tr><td class="setting-leftspace">&nbsp;</td><td class="setting-name">Modules</td><td class="setting-main"><div class="repeated-container"><div name="modules" class="repeated-chunk first last only"><table style="width:100%"><tbody><tr><td class="setting-leftspace">&nbsp;</td><td class="setting-name">Remote Name</td><td class="setting-main">
   

  
  <input checkdependson="" checkurl="/job/thoughtful_credit/descriptorByName/hudson.scm.CvsModule/checkRemoteName" name="_.remoteName" type="text" class="setting-input validated  " value=""></td><td class="setting-help"><a helpurl="/descriptor/hudson.scm.CvsModule/help/remoteName" href="#" class="help-button" tabindex="9999"><img src="/static/dd0ae236/images/16x16/help.png" alt="Help for feature: Remote Name" style="width: 16px; height: 16px; " class="icon-help icon-sm"></a></td></tr><tr class="validation-error-area"><td colspan="2"></td><td><div class="error"><img src="/static/dd0ae236/images/none.gif" height="16" width="1">Remote Name is mandatory</div></td><td></td></tr><tr class="help-area"><td></td><td colspan="2"><div class="help">Loading...</div></td><td></td></tr><tr><td class="setting-leftspace">&nbsp;</td><td class="setting-name">Local Name</td><td class="setting-main">
   

  
  <input name="_.localName" type="text" class="setting-input   " value=""></td><td class="setting-help"><a helpurl="/descriptor/hudson.scm.CvsModule/help/localName" href="#" class="help-button" tabindex="9999"><img src="/static/dd0ae236/images/16x16/help.png" alt="Help for feature: Local Name" style="width: 16px; height: 16px; " class="icon-help icon-sm"></a></td></tr><tr class="validation-error-area"><td colspan="2"></td><td></td><td></td></tr><tr class="help-area"><td></td><td colspan="2"><div class="help">Loading...</div></td><td></td></tr><tr><td class="setting-leftspace">&nbsp;</td><td class="setting-name">Projectset File Name</td><td class="setting-main">
   

  
  <input checkdependson="" checkurl="/job/thoughtful_credit/descriptorByName/hudson.scm.CvsModule/checkProjectsetFileName" name="_.projectsetFileName" type="text" class="setting-input validated  " value=""></td><td class="setting-help"><a helpurl="/descriptor/hudson.scm.CvsModule/help/projectsetFileName" href="#" class="help-button" tabindex="9999"><img src="/static/dd0ae236/images/16x16/help.png" alt="Help for feature: Projectset File Name" style="width: 16px; height: 16px; " class="icon-help icon-sm"></a></td></tr><tr class="validation-error-area"><td colspan="2"></td><td><a href="" onclick="document.getElementById('valerr32').style.display='block';return false">ERROR</a><div id="valerr32" style="display:none"></div></td><td></td></tr><tr class="help-area"><td></td><td colspan="2"><div class="help">Loading...</div></td><td></td></tr><tr><td class="setting-leftspace">&nbsp;</td><td class="setting-name"></td><td class="setting-main"><div align="right"><span class="yui-button yui-push-button repeatable-add show-if-last" id="yui-gen16"><span class="first-child"><button type="button" tabindex="0" id="yui-gen16-button">Add more modules...</button></span></span><span class="yui-button yui-push-button repeatable-delete show-if-not-only" id="yui-gen25"><span class="first-child"><button type="button" tabindex="0" id="yui-gen25-button">Delete</button></span></span></div></td><td class="setting-no-help"></td></tr><tr class="validation-error-area"><td colspan="2"></td><td></td><td></td></tr></tbody></table></div><div class="repeatable-insertion-point"></div></div></td><td class="setting-no-help"></td></tr><tr class="validation-error-area"><td colspan="2"></td><td></td><td></td></tr><tr><td class="setting-leftspace">&nbsp;</td><td class="setting-name"></td><td class="setting-main"><div align="right"><span class="yui-button yui-push-button repeatable-add show-if-last" id="yui-gen17"><span class="first-child"><button type="button" tabindex="0" id="yui-gen17-button">Add more locations...</button></span></span><span class="yui-button yui-push-button repeatable-delete show-if-not-only" id="yui-gen26"><span class="first-child"><button type="button" tabindex="0" id="yui-gen26-button">Delete</button></span></span></div></td><td class="setting-no-help"></td></tr><tr class="validation-error-area"><td colspan="2"></td><td></td><td></td></tr></tbody></table></div><div class="repeatable-insertion-point"></div></div></td><td class="setting-no-help"></td></tr><tr class="validation-error-area"><td colspan="2"></td><td></td><td></td></tr><tr><td></td><td></td><td><div style="" class="advancedLink"><span style="display: none" id="id24"><img src="/static/dd0ae236/images/24x24/notepad.png" tooltip="One or more fields in this block have been edited." style="width: 24px; height: 24px; vertical-align: baseline" class="icon-notepad icon-md" title="One or more fields in this block have been edited."></span>&nbsp;<span class="yui-button yui-push-button advanced-button advancedButton" id="yui-gen9"><span class="first-child"><button type="button" tabindex="0" id="yui-gen9-button">Advanced...</button></span></span></div><table class="advancedBody"><tbody><tr><td colspan="4"><div class="section-header"><a id="section5" class="section-anchor">#</a>Advanced Repository Options</div></td></tr><tr><td class="setting-leftspace">&nbsp;</td><td class="setting-name">Repository browser</td><td class="setting-main"><select class="setting-input dropdownList"><option value="auto">(Auto)</option><option value="0">FishEye</option><option value="1">OpenGrok</option><option value="2">ViewCVS</option></select></td><td class="setting-help"><a helpurl="/help/scm-browsers/list.html" href="#" class="help-button" tabindex="9999"><img src="/static/dd0ae236/images/16x16/help.png" alt="Help for feature: Repository browser" style="width: 16px; height: 16px; " class="icon-help icon-sm"></a></td></tr><tr class="dropdownList-container"><td colspan="2"></td><td colspan="2"><table width="100%" name="repositoryBrowser"><tbody><tr class="dropdownList-start rowvg-start"></tr><tr class="dropdownList-end rowvg-end"></tr><tr class="dropdownList-start rowvg-start" field-disabled="true" style="display: none;"></tr><tr class="render-on-demand " proxy="makeStaplerProxy('/$stapler/bound/049ff5c7-9ba3-422b-90c6-a5e8e90cffab','1c4ca511-47cd-4867-b625-610dfbbe2ece',['render'])" field-disabled="true" style="display: none;"></tr><tr style="display: none;" field-disabled="true"><td><input name="stapler-class" type="hidden" value="hudson.scm.browsers.FishEyeCVS"><input name="$class" type="hidden" value="hudson.scm.browsers.FishEyeCVS"></td></tr><tr class="dropdownList-end rowvg-end"></tr><tr class="dropdownList-start rowvg-start" field-disabled="true" style="display: none;"></tr><tr class="render-on-demand " proxy="makeStaplerProxy('/$stapler/bound/c20abdab-321a-421c-ad6f-577ff3b8a1a9','1c4ca511-47cd-4867-b625-610dfbbe2ece',['render'])" field-disabled="true" style="display: none;"></tr><tr style="display: none;" field-disabled="true"><td><input name="stapler-class" type="hidden" value="hudson.scm.browsers.OpenGrok"><input name="$class" type="hidden" value="hudson.scm.browsers.OpenGrok"></td></tr><tr class="dropdownList-end rowvg-end"></tr><tr class="dropdownList-start rowvg-start" field-disabled="true" style="display: none;"></tr><tr class="render-on-demand " proxy="makeStaplerProxy('/$stapler/bound/e121d4ac-54d5-44d0-9164-f7b0ec892aa2','1c4ca511-47cd-4867-b625-610dfbbe2ece',['render'])" field-disabled="true" style="display: none;"></tr><tr style="display: none;" field-disabled="true"><td><input name="stapler-class" type="hidden" value="hudson.scm.browsers.ViewCVS"><input name="$class" type="hidden" value="hudson.scm.browsers.ViewCVS"></td></tr><tr class="dropdownList-end rowvg-end"></tr></tbody></table></td></tr><tr class="help-area"><td></td><td colspan="2"><div class="help">Loading...</div></td><td></td></tr><tr><td class="setting-leftspace">&nbsp;</td><td class="setting-name">Exclude Regions</td><td class="setting-main"><div class="repeated-container"><div name="excludedRegions" class="repeated-chunk first last only"><table style="width:100%"><tbody><tr><td class="setting-leftspace">&nbsp;</td><td class="setting-name">Pattern</td><td class="setting-main">
   

  
  <input checkdependson="" checkurl="/job/thoughtful_credit/descriptorByName/hudson.scm.ExcludedRegion/checkPattern" name="_.pattern" type="text" class="setting-input validated  " value=""></td><td class="setting-no-help"></td></tr><tr class="validation-error-area"><td colspan="2"></td><td></td><td></td></tr><tr><td class="setting-leftspace">&nbsp;</td><td class="setting-name"></td><td class="setting-main"><div align="right"><span class="yui-button yui-push-button repeatable-add show-if-last" id="yui-gen18"><span class="first-child"><button type="button" tabindex="0" id="yui-gen18-button">Add more patterns...</button></span></span><span class="yui-button yui-push-button repeatable-delete show-if-not-only" id="yui-gen27"><span class="first-child"><button type="button" tabindex="0" id="yui-gen27-button">Delete</button></span></span></div></td><td class="setting-no-help"></td></tr><tr class="validation-error-area"><td colspan="2"></td><td></td><td></td></tr></tbody></table></div><div class="repeatable-insertion-point"></div></div></td><td class="setting-no-help"></td></tr><tr class="validation-error-area"><td colspan="2"></td><td></td><td></td></tr><tr><td class="setting-leftspace">&nbsp;</td><td class="setting-name">Compression Level</td><td class="setting-main">

   
  <select fillurl="/job/thoughtful_credit/descriptorByName/hudson.scm.CvsRepository/fillCompressionLevelItems" name="_.compressionLevel" class="setting-input  select " value=""><option value="-1">System Default</option><option value="0">None</option><option value="1">1</option><option value="2">2</option><option value="3">3 (Recommended)</option><option value="4">4</option><option value="5">5</option><option value="6">6</option><option value="7">7</option><option value="8">8</option><option value="9">9</option></select></td><td class="setting-no-help"></td></tr><tr class="validation-error-area"><td colspan="2"></td><td></td><td></td></tr></tbody></table></td><td></td></tr><tr><td class="setting-leftspace">&nbsp;</td><td class="setting-name"></td><td class="setting-main"><div align="right"><span class="yui-button yui-push-button repeatable-add show-if-last" id="yui-gen19"><span class="first-child"><button type="button" tabindex="0" id="yui-gen19-button">Add more repositories...</button></span></span><span class="yui-button yui-push-button repeatable-delete show-if-not-only" id="yui-gen28"><span class="first-child"><button type="button" tabindex="0" id="yui-gen28-button">Delete</button></span></span></div></td><td class="setting-no-help"></td></tr><tr class="validation-error-area"><td colspan="2"></td><td></td><td></td></tr></tbody></table></div><div class="repeatable-insertion-point"></div></div></td><td class="setting-no-help"></td></tr><tr class="validation-error-area" nameref="radio-block-11" style="display: none;"><td colspan="2"></td><td></td><td></td></tr><tr nameref="radio-block-11" style="display: none;"><td class="setting-leftspace">&nbsp;</td><td class="setting-name">Use Update</td><td class="setting-main"><input name="_.canUseUpdate" checked="true" type="checkbox" class=" "></td><td class="setting-help"><a helpurl="/descriptor/hudson.scm.CvsProjectset/help/canUseUpdate" href="#" class="help-button" tabindex="9999"><img src="/static/dd0ae236/images/16x16/help.png" alt="Help for feature: Use Update" style="width: 16px; height: 16px; " class="icon-help icon-sm"></a></td></tr><tr class="validation-error-area" nameref="radio-block-11" style="display: none;"><td colspan="2"></td><td></td><td></td></tr><tr class="help-area" nameref="radio-block-11" style="display: none;"><td></td><td colspan="2"><div class="help">Loading...</div></td><td></td></tr><tr nameref="radio-block-11" style="display: none;"><td class="setting-leftspace">&nbsp;</td><td class="setting-name">Username</td><td class="setting-main">
   

  
  <input name="_.username" type="text" class="setting-input   " value=""></td><td class="setting-help"><a helpurl="/descriptor/hudson.scm.CvsProjectset/help/username" href="#" class="help-button" tabindex="9999"><img src="/static/dd0ae236/images/16x16/help.png" alt="Help for feature: Username" style="width: 16px; height: 16px; " class="icon-help icon-sm"></a></td></tr><tr class="validation-error-area" nameref="radio-block-11" style="display: none;"><td colspan="2"></td><td></td><td></td></tr><tr class="help-area" nameref="radio-block-11" style="display: none;"><td></td><td colspan="2"><div class="help">Loading...</div></td><td></td></tr><tr nameref="radio-block-11" style="display: none;"><td class="setting-leftspace">&nbsp;</td><td class="setting-name">Password</td><td class="setting-main"><input name="_.password" type="password" class="setting-input " value=""></td><td class="setting-help"><a helpurl="/descriptor/hudson.scm.CvsProjectset/help/password" href="#" class="help-button" tabindex="9999"><img src="/static/dd0ae236/images/16x16/help.png" alt="Help for feature: Password" style="width: 16px; height: 16px; " class="icon-help icon-sm"></a></td></tr><tr class="validation-error-area" nameref="radio-block-11" style="display: none;"><td colspan="2"></td><td></td><td></td></tr><tr class="help-area" nameref="radio-block-11" style="display: none;"><td></td><td colspan="2"><div class="help">Loading...</div></td><td></td></tr><tr nameref="radio-block-11" style="display: none;"><td class="setting-leftspace">&nbsp;</td><td class="setting-name">Prune Empty Directories</td><td class="setting-main"><input name="_.pruneEmptyDirectories" checked="true" type="checkbox" class=" "></td><td class="setting-help"><a helpurl="/descriptor/hudson.scm.CvsProjectset/help/pruneEmptyDirectories" href="#" class="help-button" tabindex="9999"><img src="/static/dd0ae236/images/16x16/help.png" alt="Help for feature: Prune Empty Directories" style="width: 16px; height: 16px; " class="icon-help icon-sm"></a></td></tr><tr class="validation-error-area" nameref="radio-block-11" style="display: none;"><td colspan="2"></td><td></td><td></td></tr><tr class="help-area" nameref="radio-block-11" style="display: none;"><td></td><td colspan="2"><div class="help">Loading...</div></td><td></td></tr><tr nameref="radio-block-11" style="display: none;"><td class="setting-leftspace">&nbsp;</td><td class="setting-name">Skip Changelog</td><td class="setting-main"><input name="_.skipChangeLog" type="checkbox" class=" "></td><td class="setting-help"><a helpurl="/descriptor/hudson.scm.CvsProjectset/help/skipChangeLog" href="#" class="help-button" tabindex="9999"><img src="/static/dd0ae236/images/16x16/help.png" alt="Help for feature: Skip Changelog" style="width: 16px; height: 16px; " class="icon-help icon-sm"></a></td></tr><tr class="validation-error-area" nameref="radio-block-11" style="display: none;"><td colspan="2"></td><td></td><td></td></tr><tr class="help-area" nameref="radio-block-11" style="display: none;"><td></td><td colspan="2"><div class="help">Loading...</div></td><td></td></tr><tr nameref="radio-block-11" style="display: none;"><td class="setting-leftspace">&nbsp;</td><td class="setting-name">Show all CVS output</td><td class="setting-main"><input name="_.disableCvsQuiet" type="checkbox" class=" "></td><td class="setting-help"><a helpurl="/descriptor/hudson.scm.CvsProjectset/help/disableCvsQuiet" href="#" class="help-button" tabindex="9999"><img src="/static/dd0ae236/images/16x16/help.png" alt="Help for feature: Show all CVS output" style="width: 16px; height: 16px; " class="icon-help icon-sm"></a></td></tr><tr class="validation-error-area" nameref="radio-block-11" style="display: none;"><td colspan="2"></td><td></td><td></td></tr><tr class="help-area" nameref="radio-block-11" style="display: none;"><td></td><td colspan="2"><div class="help">Loading...</div></td><td></td></tr><tr nameref="radio-block-11" style="display: none;"><td class="setting-leftspace">&nbsp;</td><td class="setting-name">Perform clean checkout on failed update</td><td class="setting-main"><input name="_.cleanOnFailedUpdate" type="checkbox" class=" "></td><td class="setting-help"><a helpurl="/descriptor/hudson.scm.CvsProjectset/help/cleanOnFailedUpdate" href="#" class="help-button" tabindex="9999"><img src="/static/dd0ae236/images/16x16/help.png" alt="Help for feature: Perform clean checkout on failed update" style="width: 16px; height: 16px; " class="icon-help icon-sm"></a></td></tr><tr class="validation-error-area" nameref="radio-block-11" style="display: none;"><td colspan="2"></td><td></td><td></td></tr><tr class="help-area" nameref="radio-block-11" style="display: none;"><td></td><td colspan="2"><div class="help">Loading...</div></td><td></td></tr><tr nameref="radio-block-11" style="display: none;"><td class="setting-leftspace">&nbsp;</td><td class="setting-name">Repository browser</td><td class="setting-main"><select class="setting-input dropdownList"><option value="auto">(Auto)</option><option value="0">Cvs Facade Repository Browser</option><option value="1">FishEye</option><option value="2">OpenGrok</option><option value="3">ViewCVS</option></select></td><td class="setting-help"><a helpurl="/help/scm-browsers/list.html" href="#" class="help-button" tabindex="9999"><img src="/static/dd0ae236/images/16x16/help.png" alt="Help for feature: Repository browser" style="width: 16px; height: 16px; " class="icon-help icon-sm"></a></td></tr><tr class="dropdownList-container" nameref="radio-block-11" style="display: none;"><td colspan="2"></td><td colspan="2"><table width="100%" name="cvs.browser"><tbody><tr class="dropdownList-start rowvg-start"></tr><tr class="dropdownList-end rowvg-end"></tr><tr class="dropdownList-start rowvg-start" field-disabled="true" style="display: none;"></tr><tr class="render-on-demand " proxy="makeStaplerProxy('/$stapler/bound/82ed3660-8aa0-4eb7-ac37-900d69213bd3','1c4ca511-47cd-4867-b625-610dfbbe2ece',['render'])" field-disabled="true" style="display: none;"></tr><tr style="display: none;" field-disabled="true"><td><input name="stapler-class" type="hidden" value="hudson.scm.browsers.CvsFacadeRepositoryBrowser"><input name="$class" type="hidden" value="hudson.scm.browsers.CvsFacadeRepositoryBrowser"></td></tr><tr class="dropdownList-end rowvg-end"></tr><tr class="dropdownList-start rowvg-start" field-disabled="true" style="display: none;"></tr><tr class="render-on-demand " proxy="makeStaplerProxy('/$stapler/bound/4ca88f1d-ed5e-45ac-808a-3f0168aef409','1c4ca511-47cd-4867-b625-610dfbbe2ece',['render'])" field-disabled="true" style="display: none;"></tr><tr style="display: none;" field-disabled="true"><td><input name="stapler-class" type="hidden" value="hudson.scm.browsers.FishEyeCVS"><input name="$class" type="hidden" value="hudson.scm.browsers.FishEyeCVS"></td></tr><tr class="dropdownList-end rowvg-end"></tr><tr class="dropdownList-start rowvg-start" field-disabled="true" style="display: none;"></tr><tr class="render-on-demand " proxy="makeStaplerProxy('/$stapler/bound/5cb96135-f171-4f82-904a-f12de08b7eda','1c4ca511-47cd-4867-b625-610dfbbe2ece',['render'])" field-disabled="true" style="display: none;"></tr><tr style="display: none;" field-disabled="true"><td><input name="stapler-class" type="hidden" value="hudson.scm.browsers.OpenGrok"><input name="$class" type="hidden" value="hudson.scm.browsers.OpenGrok"></td></tr><tr class="dropdownList-end rowvg-end"></tr><tr class="dropdownList-start rowvg-start" field-disabled="true" style="display: none;"></tr><tr class="render-on-demand " proxy="makeStaplerProxy('/$stapler/bound/de79cd2c-3417-4a24-8cbe-e4dc18e4ac89','1c4ca511-47cd-4867-b625-610dfbbe2ece',['render'])" field-disabled="true" style="display: none;"></tr><tr style="display: none;" field-disabled="true"><td><input name="stapler-class" type="hidden" value="hudson.scm.browsers.ViewCVS"><input name="$class" type="hidden" value="hudson.scm.browsers.ViewCVS"></td></tr><tr class="dropdownList-end rowvg-end"></tr></tbody></table></td></tr><tr class="help-area" nameref="radio-block-11" style="display: none;"><td></td><td colspan="2"><div class="help">Loading...</div></td><td></td></tr><tr style="display:none" class="row-set-end radio-block-end"></tr><tr class="radio-block-start row-set-start" hashelp="false" ref="radio-block-12"><td colspan="3"><label><input name="scm" type="radio" value="3" class="radio-block-control" id="radio-block-12" path="/scm[3]">
        Subversion
      </label></td><td class="setting-no-help"></td></tr><tr nameref="radio-block-12" style="display: none;"><td class="setting-leftspace">&nbsp;</td><td class="setting-name">Modules</td><td class="setting-main"><div class="repeated-container"><div name="locations" class="repeated-chunk first last only"><table width="100%"><tbody><tr><td class="setting-leftspace">&nbsp;</td><td class="setting-name">Repository URL</td><td class="setting-main">
   

  
  <input checkdependson="" id="svn.remote.loc" checkurl="/job/thoughtful_credit/descriptorByName/hudson.scm.SubversionSCM/checkRemote" name="_.remote" type="text" class="setting-input validated  " value=""></td><td class="setting-help"><a helpurl="/scm/SubversionSCM/url-help" href="#" class="help-button" tabindex="9999"><img src="/static/dd0ae236/images/16x16/help.png" alt="Help for feature: Repository URL" style="width: 16px; height: 16px; " class="icon-help icon-sm"></a></td></tr><tr class="validation-error-area"><td colspan="2"></td><td></td><td></td></tr><tr class="help-area"><td></td><td colspan="2"><div class="help">Loading...</div></td><td></td></tr><tr><td class="setting-leftspace">&nbsp;</td><td class="setting-name">Local module directory (optional)</td><td class="setting-main">
   

  
  <input checkdependson="" checkurl="/job/thoughtful_credit/descriptorByName/hudson.scm.SubversionSCM/checkLocal" name="_.local" type="text" class="setting-input validated  " value="."></td><td class="setting-help"><a helpurl="/descriptor/hudson.scm.SubversionSCM/help/local" href="#" class="help-button" tabindex="9999"><img src="/static/dd0ae236/images/16x16/help.png" alt="Help for feature: Local module directory (optional)" style="width: 16px; height: 16px; " class="icon-help icon-sm"></a></td></tr><tr class="validation-error-area"><td colspan="2"></td><td></td><td></td></tr><tr class="help-area"><td></td><td colspan="2"><div class="help">Loading...</div></td><td></td></tr><tr><td class="setting-leftspace">&nbsp;</td><td class="setting-name">Repository depth</td><td class="setting-main"><select name="depthOption"><option value="infinity">infinity</option><option value="empty">empty</option><option value="files">files</option><option value="immediates">immediates</option><option value="unknown">as-it-is</option></select></td><td class="setting-help"><a helpurl="/descriptor/hudson.scm.SubversionSCM/help/depthOption" href="#" class="help-button" tabindex="9999"><img src="/static/dd0ae236/images/16x16/help.png" alt="Help for feature: Repository depth" style="width: 16px; height: 16px; " class="icon-help icon-sm"></a></td></tr><tr class="validation-error-area"><td colspan="2"></td><td></td><td></td></tr><tr class="help-area"><td></td><td colspan="2"><div class="help">Loading...</div></td><td></td></tr><tr><td class="setting-leftspace">&nbsp;</td><td class="setting-name">Ignore externals</td><td class="setting-main"><input name="_.ignoreExternalsOption" type="checkbox" class=" "></td><td class="setting-help"><a helpurl="/descriptor/hudson.scm.SubversionSCM/help/ignoreExternalsOption" href="#" class="help-button" tabindex="9999"><img src="/static/dd0ae236/images/16x16/help.png" alt="Help for feature: Ignore externals" style="width: 16px; height: 16px; " class="icon-help icon-sm"></a></td></tr><tr class="validation-error-area"><td colspan="2"></td><td></td><td></td></tr><tr class="help-area"><td></td><td colspan="2"><div class="help">Loading...</div></td><td></td></tr><tr><td class="setting-leftspace">&nbsp;</td><td class="setting-name"></td><td class="setting-main"><div align="right"><span class="yui-button yui-push-button repeatable-add show-if-last" id="yui-gen20"><span class="first-child"><button type="button" tabindex="0" id="yui-gen20-button">Add more locations...</button></span></span><span class="yui-button yui-push-button repeatable-delete show-if-not-only" id="yui-gen29"><span class="first-child"><button type="button" tabindex="0" id="yui-gen29-button">Delete</button></span></span></div></td><td class="setting-no-help"></td></tr><tr class="validation-error-area"><td colspan="2"></td><td></td><td></td></tr></tbody></table></div><div class="repeatable-insertion-point"></div></div></td><td class="setting-no-help"></td></tr><tr class="validation-error-area" nameref="radio-block-12" style="display: none;"><td colspan="2"></td><td></td><td></td></tr><tr nameref="radio-block-12" style="display: none;"><td class="setting-leftspace">&nbsp;</td><td class="setting-name">Check-out Strategy</td><td class="setting-main"><select class="setting-input dropdownList"><option value="0">Use 'svn update' as much as possible</option><option value="1">Always check out a fresh copy</option><option value="2">Emulate clean checkout by first deleting unversioned/ignored files, then 'svn update'</option><option value="3">Use 'svn update' as much as possible, with 'svn revert' before update</option></select></td><td class="setting-no-help"></td></tr><tr class="dropdownList-container" nameref="radio-block-12" style="display: none;"><td colspan="2"></td><td colspan="2"><table width="100%" name="workspaceUpdater"><tbody><tr class="dropdownList-start rowvg-start"></tr>
      
      <tr><td colspan="2"></td><td class="setting-description">Use 'svn update' whenever possible, making the build faster. But this causes the artifacts from the previous build to remain when a new build starts.</td><td></td></tr><tr style=""><td><input name="stapler-class" type="hidden" value="hudson.scm.subversion.UpdateUpdater"><input name="$class" type="hidden" value="hudson.scm.subversion.UpdateUpdater"></td></tr><tr class="dropdownList-end rowvg-end"></tr><tr class="dropdownList-start rowvg-start" field-disabled="true" style="display: none;"></tr><tr class="render-on-demand " proxy="makeStaplerProxy('/$stapler/bound/780300f7-9852-4919-bd62-45dbf118d8bf','1c4ca511-47cd-4867-b625-610dfbbe2ece',['render'])" field-disabled="true" style="display: none;"></tr><tr style="display: none;" field-disabled="true"><td><input name="stapler-class" type="hidden" value="hudson.scm.subversion.CheckoutUpdater"><input name="$class" type="hidden" value="hudson.scm.subversion.CheckoutUpdater"></td></tr><tr class="dropdownList-end rowvg-end"></tr><tr class="dropdownList-start rowvg-start" field-disabled="true" style="display: none;"></tr><tr class="render-on-demand " proxy="makeStaplerProxy('/$stapler/bound/99fd9340-8d1d-492b-917f-4323e1a42b8e','1c4ca511-47cd-4867-b625-610dfbbe2ece',['render'])" field-disabled="true" style="display: none;"></tr><tr style="display: none;" field-disabled="true"><td><input name="stapler-class" type="hidden" value="hudson.scm.subversion.UpdateWithCleanUpdater"><input name="$class" type="hidden" value="hudson.scm.subversion.UpdateWithCleanUpdater"></td></tr><tr class="dropdownList-end rowvg-end"></tr><tr class="dropdownList-start rowvg-start" field-disabled="true" style="display: none;"></tr><tr class="render-on-demand " proxy="makeStaplerProxy('/$stapler/bound/8afb50d2-7a52-4609-983b-3c0cb8257697','1c4ca511-47cd-4867-b625-610dfbbe2ece',['render'])" field-disabled="true" style="display: none;"></tr><tr style="display: none;" field-disabled="true"><td><input name="stapler-class" type="hidden" value="hudson.scm.subversion.UpdateWithRevertUpdater"><input name="$class" type="hidden" value="hudson.scm.subversion.UpdateWithRevertUpdater"></td></tr><tr class="dropdownList-end rowvg-end"></tr></tbody></table></td></tr><tr nameref="radio-block-12" style="display: none;"><td class="setting-leftspace">&nbsp;</td><td class="setting-name">Repository browser</td><td class="setting-main"><select class="setting-input dropdownList"><option value="auto">(Auto)</option><option value="0">Assembla</option><option value="1">CollabNet</option><option value="2">FishEye</option><option value="3">SVN::Web</option><option value="4">Sventon 1.x</option><option value="5">Sventon 2.x</option><option value="6">ViewSVN</option><option value="7">WebSVN</option></select></td><td class="setting-help"><a helpurl="/help/scm-browsers/list.html" href="#" class="help-button" tabindex="9999"><img src="/static/dd0ae236/images/16x16/help.png" alt="Help for feature: Repository browser" style="width: 16px; height: 16px; " class="icon-help icon-sm"></a></td></tr><tr class="dropdownList-container" nameref="radio-block-12" style="display: none;"><td colspan="2"></td><td colspan="2"><table width="100%" name="svn.browser"><tbody><tr class="dropdownList-start rowvg-start"></tr><tr class="dropdownList-end rowvg-end"></tr><tr class="dropdownList-start rowvg-start" field-disabled="true" style="display: none;"></tr><tr class="render-on-demand " proxy="makeStaplerProxy('/$stapler/bound/72e8a331-ff72-42b9-a1f4-bf512ae6dd12','1c4ca511-47cd-4867-b625-610dfbbe2ece',['render'])" field-disabled="true" style="display: none;"></tr><tr style="display: none;" field-disabled="true"><td><input name="stapler-class" type="hidden" value="hudson.scm.browsers.Assembla"><input name="$class" type="hidden" value="hudson.scm.browsers.Assembla"></td></tr><tr class="dropdownList-end rowvg-end"></tr><tr class="dropdownList-start rowvg-start" field-disabled="true" style="display: none;"></tr><tr class="render-on-demand " proxy="makeStaplerProxy('/$stapler/bound/68cc1fb9-dfc8-46a6-9579-464ce1a59e7e','1c4ca511-47cd-4867-b625-610dfbbe2ece',['render'])" field-disabled="true" style="display: none;"></tr><tr style="display: none;" field-disabled="true"><td><input name="stapler-class" type="hidden" value="hudson.scm.browsers.CollabNetSVN"><input name="$class" type="hidden" value="hudson.scm.browsers.CollabNetSVN"></td></tr><tr class="dropdownList-end rowvg-end"></tr><tr class="dropdownList-start rowvg-start" field-disabled="true" style="display: none;"></tr><tr class="render-on-demand " proxy="makeStaplerProxy('/$stapler/bound/bbd827c9-68ef-4ea1-8dd6-7b9e46ab7d02','1c4ca511-47cd-4867-b625-610dfbbe2ece',['render'])" field-disabled="true" style="display: none;"></tr><tr style="display: none;" field-disabled="true"><td><input name="stapler-class" type="hidden" value="hudson.scm.browsers.FishEyeSVN"><input name="$class" type="hidden" value="hudson.scm.browsers.FishEyeSVN"></td></tr><tr class="dropdownList-end rowvg-end"></tr><tr class="dropdownList-start rowvg-start" field-disabled="true" style="display: none;"></tr><tr class="render-on-demand " proxy="makeStaplerProxy('/$stapler/bound/271ecc6d-298f-4f2c-b123-4513447a7008','1c4ca511-47cd-4867-b625-610dfbbe2ece',['render'])" field-disabled="true" style="display: none;"></tr><tr style="display: none;" field-disabled="true"><td><input name="stapler-class" type="hidden" value="hudson.scm.browsers.SVNWeb"><input name="$class" type="hidden" value="hudson.scm.browsers.SVNWeb"></td></tr><tr class="dropdownList-end rowvg-end"></tr><tr class="dropdownList-start rowvg-start" field-disabled="true" style="display: none;"></tr><tr class="render-on-demand " proxy="makeStaplerProxy('/$stapler/bound/1b50fbb5-4bf6-4091-bc83-6ecfe5e801fd','1c4ca511-47cd-4867-b625-610dfbbe2ece',['render'])" field-disabled="true" style="display: none;"></tr><tr style="display: none;" field-disabled="true"><td><input name="stapler-class" type="hidden" value="hudson.scm.browsers.Sventon"><input name="$class" type="hidden" value="hudson.scm.browsers.Sventon"></td></tr><tr class="dropdownList-end rowvg-end"></tr><tr class="dropdownList-start rowvg-start" field-disabled="true" style="display: none;"></tr><tr class="render-on-demand " proxy="makeStaplerProxy('/$stapler/bound/82cb58a2-f7e9-41e8-9c03-bc9a2962be8a','1c4ca511-47cd-4867-b625-610dfbbe2ece',['render'])" field-disabled="true" style="display: none;"></tr><tr style="display: none;" field-disabled="true"><td><input name="stapler-class" type="hidden" value="hudson.scm.browsers.Sventon2"><input name="$class" type="hidden" value="hudson.scm.browsers.Sventon2"></td></tr><tr class="dropdownList-end rowvg-end"></tr><tr class="dropdownList-start rowvg-start" field-disabled="true" style="display: none;"></tr><tr class="render-on-demand " proxy="makeStaplerProxy('/$stapler/bound/48da9fd4-64ca-449d-bf25-180f0de5710d','1c4ca511-47cd-4867-b625-610dfbbe2ece',['render'])" field-disabled="true" style="display: none;"></tr><tr style="display: none;" field-disabled="true"><td><input name="stapler-class" type="hidden" value="hudson.scm.browsers.ViewSVN"><input name="$class" type="hidden" value="hudson.scm.browsers.ViewSVN"></td></tr><tr class="dropdownList-end rowvg-end"></tr><tr class="dropdownList-start rowvg-start" field-disabled="true" style="display: none;"></tr><tr class="render-on-demand " proxy="makeStaplerProxy('/$stapler/bound/ce2a762e-57d3-4a84-91d5-0d528d9f307a','1c4ca511-47cd-4867-b625-610dfbbe2ece',['render'])" field-disabled="true" style="display: none;"></tr><tr style="display: none;" field-disabled="true"><td><input name="stapler-class" type="hidden" value="hudson.scm.browsers.WebSVN"><input name="$class" type="hidden" value="hudson.scm.browsers.WebSVN"></td></tr><tr class="dropdownList-end rowvg-end"></tr></tbody></table></td></tr><tr class="help-area" nameref="radio-block-12" style="display: none;"><td></td><td colspan="2"><div class="help">Loading...</div></td><td></td></tr><tr nameref="radio-block-12" style="display: none;"><td></td><td></td><td><div style="" class="advancedLink"><span style="display: none" id="id25"><img src="/static/dd0ae236/images/24x24/notepad.png" tooltip="One or more fields in this block have been edited." style="width: 24px; height: 24px; vertical-align: baseline" class="icon-notepad icon-md" title="One or more fields in this block have been edited."></span>&nbsp;<span class="yui-button yui-push-button advanced-button advancedButton" id="yui-gen10"><span class="first-child"><button type="button" tabindex="0" id="yui-gen10-button">Advanced...</button></span></span></div><table class="advancedBody"><tbody><tr><td class="setting-leftspace">&nbsp;</td><td class="setting-name">Ignore Property Changes on directories</td><td class="setting-main"><input name="_.ignoreDirPropChanges" type="checkbox" class=" "></td><td class="setting-help"><a helpurl="/descriptor/hudson.scm.SubversionSCM/help/ignoreDirPropChanges" href="#" class="help-button" tabindex="9999"><img src="/static/dd0ae236/images/16x16/help.png" alt="Help for feature: Ignore Property Changes on directories" style="width: 16px; height: 16px; " class="icon-help icon-sm"></a></td></tr><tr class="validation-error-area"><td colspan="2"></td><td></td><td></td></tr><tr class="help-area"><td></td><td colspan="2"><div class="help">Loading...</div></td><td></td></tr><tr><td class="setting-leftspace">&nbsp;</td><td class="setting-name">Excluded Regions</td><td class="setting-main"><textarea checkdependson="" name="_.excludedRegions" rows="5" class="setting-input validated  " checkurl="/job/thoughtful_credit/descriptorByName/hudson.scm.SubversionSCM/checkExcludedRegions"></textarea><div class="textarea-handle"></div></td><td class="setting-help"><a helpurl="/descriptor/hudson.scm.SubversionSCM/help/excludedRegions" href="#" class="help-button" tabindex="9999"><img src="/static/dd0ae236/images/16x16/help.png" alt="Help for feature: Excluded Regions" style="width: 16px; height: 16px; " class="icon-help icon-sm"></a></td></tr><tr class="validation-error-area"><td colspan="2"></td><td></td><td></td></tr><tr class="help-area"><td></td><td colspan="2"><div class="help">Loading...</div></td><td></td></tr><tr><td class="setting-leftspace">&nbsp;</td><td class="setting-name">Included Regions</td><td class="setting-main"><textarea checkdependson="" name="_.includedRegions" rows="5" class="setting-input validated  " checkurl="/job/thoughtful_credit/descriptorByName/hudson.scm.SubversionSCM/checkIncludedRegions"></textarea><div class="textarea-handle"></div></td><td class="setting-help"><a helpurl="/descriptor/hudson.scm.SubversionSCM/help/includedRegions" href="#" class="help-button" tabindex="9999"><img src="/static/dd0ae236/images/16x16/help.png" alt="Help for feature: Included Regions" style="width: 16px; height: 16px; " class="icon-help icon-sm"></a></td></tr><tr class="validation-error-area"><td colspan="2"></td><td></td><td></td></tr><tr class="help-area"><td></td><td colspan="2"><div class="help">Loading...</div></td><td></td></tr><tr><td class="setting-leftspace">&nbsp;</td><td class="setting-name">Excluded Users</td><td class="setting-main"><textarea checkdependson="" name="_.excludedUsers" rows="5" class="setting-input validated  " checkurl="/job/thoughtful_credit/descriptorByName/hudson.scm.SubversionSCM/checkExcludedUsers"></textarea><div class="textarea-handle"></div></td><td class="setting-help"><a helpurl="/descriptor/hudson.scm.SubversionSCM/help/excludedUsers" href="#" class="help-button" tabindex="9999"><img src="/static/dd0ae236/images/16x16/help.png" alt="Help for feature: Excluded Users" style="width: 16px; height: 16px; " class="icon-help icon-sm"></a></td></tr><tr class="validation-error-area"><td colspan="2"></td><td></td><td></td></tr><tr class="help-area"><td></td><td colspan="2"><div class="help">Loading...</div></td><td></td></tr><tr><td class="setting-leftspace">&nbsp;</td><td class="setting-name">Excluded Commit Messages</td><td class="setting-main"><textarea checkdependson="" name="_.excludedCommitMessages" rows="5" class="setting-input validated  " checkurl="/job/thoughtful_credit/descriptorByName/hudson.scm.SubversionSCM/checkExcludedCommitMessages"></textarea><div class="textarea-handle"></div></td><td class="setting-help"><a helpurl="/descriptor/hudson.scm.SubversionSCM/help/excludedCommitMessages" href="#" class="help-button" tabindex="9999"><img src="/static/dd0ae236/images/16x16/help.png" alt="Help for feature: Excluded Commit Messages" style="width: 16px; height: 16px; " class="icon-help icon-sm"></a></td></tr><tr class="validation-error-area"><td colspan="2"></td><td></td><td></td></tr><tr class="help-area"><td></td><td colspan="2"><div class="help">Loading...</div></td><td></td></tr><tr><td class="setting-leftspace">&nbsp;</td><td class="setting-name">Exclusion revprop name</td><td class="setting-main">
   

  
  <input checkurl="'descriptorByName/hudson.scm.SubversionSCM/checkRevisionPropertiesSupported?value='+toValue(document.getElementById('svn.remote.loc'))" name="_.excludedRevprop" type="text" class="setting-input validated  " value=""></td><td class="setting-help"><a helpurl="/descriptor/hudson.scm.SubversionSCM/help/excludedRevprop" href="#" class="help-button" tabindex="9999"><img src="/static/dd0ae236/images/16x16/help.png" alt="Help for feature: Exclusion revprop name" style="width: 16px; height: 16px; " class="icon-help icon-sm"></a></td></tr><tr class="validation-error-area"><td colspan="2"></td><td></td><td></td></tr><tr class="help-area"><td></td><td colspan="2"><div class="help">Loading...</div></td><td></td></tr><tr><td class="setting-leftspace">&nbsp;</td><td class="setting-name">Filter changelog</td><td class="setting-main"><input name="_.filterChangelog" type="checkbox" class=" "></td><td class="setting-help"><a helpurl="/descriptor/hudson.scm.SubversionSCM/help/filterChangelog" href="#" class="help-button" tabindex="9999"><img src="/static/dd0ae236/images/16x16/help.png" alt="Help for feature: Filter changelog" style="width: 16px; height: 16px; " class="icon-help icon-sm"></a></td></tr><tr class="validation-error-area"><td colspan="2"></td><td></td><td></td></tr><tr class="help-area"><td></td><td colspan="2"><div class="help">Loading...</div></td><td></td></tr></tbody></table></td><td></td></tr><tr style="display:none" class="row-set-end radio-block-end"></tr><tr><td colspan="4"><div class="section-header"><a id="section6" class="section-anchor">#</a>Build Triggers</div></td></tr><tr class="optional-block-start row-set-start" hashelp="true" ref="cb27"><td colspan="3"><input onclick="javascript:updateOptionalBlock(this,true)" name="jenkins-triggers-ReverseBuildTrigger" type="checkbox" class=" " id="cb27" path="/jenkins-triggers-ReverseBuildTrigger"><label class="attach-previous">Build after other projects are built</label></td><td class="setting-help"><a helpurl="/descriptor/jenkins.triggers.ReverseBuildTrigger/help" href="#" class="help-button" tabindex="9999"><img src="/static/dd0ae236/images/16x16/help.png" alt="Help for feature: Build after other projects are built" style="width: 16px; height: 16px; " class="icon-help icon-sm"></a></td></tr><tr class="help-area" nameref="cb27"><td></td><td colspan="2"><div class="help">Loading...</div></td><td></td></tr><tr class="rowvg-start" nameref="cb27" style="display: none;"></tr><tr nameref="cb27" style="display: none;"><td class="setting-leftspace">&nbsp;</td><td class="setting-name">Projects to watch</td><td class="setting-main">
   

  
  <input checkdependson="" autocompleteurl="/job/thoughtful_credit/descriptorByName/jenkins.triggers.ReverseBuildTrigger/autoCompleteUpstreamProjects" checkurl="/job/thoughtful_credit/descriptorByName/jenkins.triggers.ReverseBuildTrigger/checkUpstreamProjects" autocompletedelimchar="," name="_.upstreamProjects" type="text" class="setting-input validated auto-complete  yui-ac-input" value="" autocomplete="off" style="position: relative;"><div class="yui-ac-container"><div class="yui-ac-content" style="display: none;"><div class="yui-ac-hd" style="display: none;"></div><div class="yui-ac-bd"><ul><li style="display: none;"></li><li style="display: none;"></li><li style="display: none;"></li><li style="display: none;"></li><li style="display: none;"></li><li style="display: none;"></li><li style="display: none;"></li><li style="display: none;"></li><li style="display: none;"></li><li style="display: none;"></li></ul></div><div class="yui-ac-ft" style="display: none;"></div></div></div></td><td class="setting-no-help"></td></tr><tr class="validation-error-area" nameref="cb27" style="display: none;"><td colspan="2"></td><td></td><td></td></tr><tr nameref="cb27" style="display: none;"><td class="setting-leftspace">&nbsp;</td><td class="setting-name"></td><td class="setting-main"><input name="ReverseBuildTrigger.threshold" checked="true" type="radio" value="SUCCESS"><label class="attach-previous">Trigger only if build is stable</label></td><td class="setting-no-help"></td></tr><tr class="validation-error-area" nameref="cb27" style="display: none;"><td colspan="2"></td><td></td><td></td></tr><tr nameref="cb27" style="display: none;"><td class="setting-leftspace">&nbsp;</td><td class="setting-name"></td><td class="setting-main"><input name="ReverseBuildTrigger.threshold" type="radio" value="UNSTABLE"><label class="attach-previous">Trigger even if the build is unstable</label></td><td class="setting-no-help"></td></tr><tr class="validation-error-area" nameref="cb27" style="display: none;"><td colspan="2"></td><td></td><td></td></tr><tr nameref="cb27" style="display: none;"><td class="setting-leftspace">&nbsp;</td><td class="setting-name"></td><td class="setting-main"><input name="ReverseBuildTrigger.threshold" type="radio" value="FAILURE"><label class="attach-previous">Trigger even if the build fails</label></td><td class="setting-no-help"></td></tr><tr class="validation-error-area" nameref="cb27" style="display: none;"><td colspan="2"></td><td></td><td></td></tr><tr class="row-set-end rowvg-end optional-block-end"></tr><tr class="optional-block-start row-set-start" hashelp="true" ref="cb28"><td colspan="3"><input onclick="javascript:updateOptionalBlock(this,true)" name="hudson-triggers-TimerTrigger" type="checkbox" class=" " id="cb28" path="/hudson-triggers-TimerTrigger"><label class="attach-previous">Build periodically</label></td><td class="setting-help"><a helpurl="/descriptor/hudson.triggers.TimerTrigger/help" href="#" class="help-button" tabindex="9999"><img src="/static/dd0ae236/images/16x16/help.png" alt="Help for feature: Build periodically" style="width: 16px; height: 16px; " class="icon-help icon-sm"></a></td></tr><tr class="help-area" nameref="cb28"><td></td><td colspan="2"><div class="help">Loading...</div></td><td></td></tr><tr class="rowvg-start" nameref="cb28" style="display: none;"></tr><tr nameref="cb28" style="display: none;"><td class="setting-leftspace">&nbsp;</td><td class="setting-name">Schedule</td><td class="setting-main"><textarea checkdependson="" name="_.spec" rows="5" class="setting-input validated  " checkurl="/job/thoughtful_credit/descriptorByName/hudson.triggers.TimerTrigger/checkSpec"></textarea><div class="textarea-handle"></div></td><td class="setting-help"><a helpurl="/descriptor/hudson.triggers.TimerTrigger/help/spec" href="#" class="help-button" tabindex="9999"><img src="/static/dd0ae236/images/16x16/help.png" alt="Help for feature: Schedule" style="width: 16px; height: 16px; " class="icon-help icon-sm"></a></td></tr><tr class="validation-error-area" nameref="cb28" style="display: none;"><td colspan="2"></td><td></td><td></td></tr><tr class="help-area" nameref="cb28" style="display: none;"><td></td><td colspan="2"><div class="help">Loading...</div></td><td></td></tr><tr class="row-set-end rowvg-end optional-block-end"></tr><tr class="optional-block-start row-set-start" hashelp="true" ref="cb29"><td colspan="3"><input onclick="javascript:updateOptionalBlock(this,true)" name="hudson-triggers-SCMTrigger" type="checkbox" class=" " id="cb29" path="/hudson-triggers-SCMTrigger"><label class="attach-previous">Poll SCM</label></td><td class="setting-help"><a helpurl="/descriptor/hudson.triggers.SCMTrigger/help" href="#" class="help-button" tabindex="9999"><img src="/static/dd0ae236/images/16x16/help.png" alt="Help for feature: Poll SCM" style="width: 16px; height: 16px; " class="icon-help icon-sm"></a></td></tr><tr class="help-area" nameref="cb29"><td></td><td colspan="2"><div class="help">Loading...</div></td><td></td></tr><tr class="rowvg-start" nameref="cb29" style="display: none;"></tr><tr nameref="cb29" style="display: none;"><td class="setting-leftspace">&nbsp;</td><td class="setting-name">Schedule</td><td class="setting-main"><textarea name="scmpoll_spec" rows="5" class="setting-input validated  " checkurl="'/trigger/TimerTrigger/check?value='+encodeURIComponent(this.value)"></textarea><div class="textarea-handle"></div></td><td class="setting-help"><a helpurl="/descriptor/hudson.triggers.TimerTrigger/help/spec" href="#" class="help-button" tabindex="9999"><img src="/static/dd0ae236/images/16x16/help.png" alt="Help for feature: Schedule" style="width: 16px; height: 16px; " class="icon-help icon-sm"></a></td></tr><tr class="validation-error-area" nameref="cb29" style="display: none;"><td colspan="2"></td><td></td><td></td></tr><tr class="help-area" nameref="cb29" style="display: none;"><td></td><td colspan="2"><div class="help">Loading...</div></td><td></td></tr><tr nameref="cb29" style="display: none;"><td class="setting-leftspace">&nbsp;</td><td class="setting-name">Ignore post-commit hooks</td><td class="setting-main"><input name="_.ignorePostCommitHooks" type="checkbox" class=" "></td><td class="setting-help"><a helpurl="/descriptor/hudson.triggers.SCMTrigger/help/ignorePostCommitHooks" href="#" class="help-button" tabindex="9999"><img src="/static/dd0ae236/images/16x16/help.png" alt="Help for feature: Ignore post-commit hooks" style="width: 16px; height: 16px; " class="icon-help icon-sm"></a></td></tr><tr class="validation-error-area" nameref="cb29" style="display: none;"><td colspan="2"></td><td></td><td></td></tr><tr class="help-area" nameref="cb29" style="display: none;"><td></td><td colspan="2"><div class="help">Loading...</div></td><td></td></tr><tr class="row-set-end rowvg-end optional-block-end"></tr><tr><td colspan="4"><div class="section-header"><a id="section7" class="section-anchor">#</a>Build</div></td></tr><tr><td colspan="4"><div class="hetero-list-container with-drag-drop  "><div class="repeatable-insertion-point"></div><div><span class="yui-button yui-menu-button" id="yui-gen3"><span class="first-child"><button type="button" tabindex="0" id="yui-gen3-button" class="hetero-list-add" suffix="builder" path="/hetero-list-add[builder]">Add build step</button></span></span></div></div></td></tr><tr><td colspan="4"><div class="section-header"><a id="section8" class="section-anchor">#</a>Post-build Actions</div></td></tr><tr><td colspan="4"><div class="hetero-list-container with-drag-drop one-each honor-order"><div class="repeatable-insertion-point"></div><div><span class="yui-button yui-menu-button" id="yui-gen5"><span class="first-child"><button type="button" tabindex="0" id="yui-gen5-button" class="hetero-list-add" suffix="publisher" path="/hetero-list-add[publisher]">Add post-build action</button></span></span></div></div></td></tr><tr><td colspan="4"><div style="height: 74px;"></div><div id="bottom-sticker" style="position: fixed; bottom: 0px; left: 338px;"><div class="bottom-sticker-edge"></div><div class="bottom-sticker-inner"><span class="yui-button yui-submit-button submit-button primary" id="yui-gen30" name="Submit" path="/Submit"><span class="first-child"><button type="button" tabindex="0" id="yui-gen30-button">Save</button></span></span><script src="/adjuncts/dd0ae236/lib/form/apply/apply.js" type="text/javascript"></script><input type="hidden" name="core:apply" value="" path="/core:apply"><span class="yui-button yui-push-button apply-button applyButton" id="yui-gen11" name="Apply" path="/Apply"><span class="first-child"><button type="button" tabindex="0" id="yui-gen11-button" path="/Apply/apply-button">Apply</button></span></span></div></div></td></tr></tbody></table><div><input type="hidden" name="json" value="init"></div></form><script src="/adjuncts/dd0ae236/lib/form/confirm.js" type="text/javascript"></script></div></div><footer><div class="container-fluid"><div class="row"><div class="col-md-6" id="footer"><div id="l10n-footer" style="display: block; float: left;"><a href="#" onclick="return showTranslationDialog();"><img src="/static/dd0ae236/plugin/translation/flags.png">
      Help us localize this page
    </a></div></div><div class="col-md-18"><span class="page_generated">Page generated: Oct 16, 2015 6:52:24 PM</span><span class="rest_api"><a href="api/">REST API</a></span><span class="jenkins_ver"><a href="http://jenkins-ci.org/">Jenkins ver. 1.630</a></span><div id="l10n-dialog" class="dialog"></div><script>var footer = document.getElementById('l10n-footer');
    var f = document.getElementById('footer');
    f.insertBefore(footer,f.firstChild);
    footer.style.display="block";

    var translation={}; 
    translation.bundles = "kcpaRnglkcMVU7doMQSDmEFZUeIU2E6crbRdCfd+bIDAS1I7EzToSPbfpcMdlsjS5CjFCO9fbSAy8Vg4eGTd6zS13RtjKFoeQ3jKVyhbPEX6OVmrBanVslOPCWvTwxeaUMA8ZyiFANABKgIO/Ejp/x7sAOv/UIlKMcRAuRxMrsbqnDzwf/Av9ceQ7icgYGOIAnupgd21PclsfiPKGHWeHc2XLCIGvVDNRgNtluGUrpyGa1qVIQXBI6WkbdNnjKNsGKIR1fraQf2x7uZq7RuJtGYapVhJgLHqSlZ2k7GrwzAi6sdGEBoTts94bSGsM3ivVpD7Ao2XvloxvjYMX1OqMm+XibeJjQeogo1kQHJQ4NWTfgsMRqmjwhrDP0c4ink7Xvt3+2TXVsO5rpP03SWntOGV8eoDOCpDizxj83oNZHTq8BGaJ0Z0jmW52MyMwHdfG0qKkOU7CNvalC7jvZW/dYfq51g+OIQA/Dh2tqc3UH9wFGOiNTr8Np76i/dAILSQILHcJ8gHA8o8pT/G/fI82HlCJh/Bbi+SZDYdtXb4Mk3WehzuKsa78mgHNu2aDYuuPf8YCjI2ijBS8+lSTdyWNyOwN+L17ZkbiylfYig99hfydqJREXlSJaY0DqWw83h8o2VoQxPj9sMabGkfmW0kyTcxqAzirxrVKl5eV1AKhgCjvU3Kf4OwhIcdftvTn0R8Vjse2cy02gxF2c3FVoBOSWoFDpNZq3RkRlGTeE+QtEqjmqcD5I72RA8aP0zs/IthAv/LqQKzLzhzUJhzR8bPpDA4i23dEG/1W6dibKfUZ9vLBTYbQ1Sjk4VWO1XAgBUX5LU+gWtUIUWTLzWkiMQxdXD9tH0vdPR6LPO1zYT7L9dYqf4M7HBE/hTO5bxjdZqR6Dqf+UegRObvfP3945IGM+jNU8aX59/j6xc8TkMCht/EB97DbmHDAi+MKNf1cZh7DlZZm6PwwYpia0kU/XUOi+SuENE19NUj2sRSbiLKQJ8FJ8w/19tiRtHj1aVGROOvkq1Cve1KbsN9Yl/Jjg9OQRJpAdMhD7PXhF3xgKr9IdzxeO7joEQ7f1o8ToUwalGHuV1RCtqBy5lfbrJjzEa+728jQTrqQzCl8Jb7rYKJNBCrt3Ns8icpc8PKI1aDjaLWUp6RcjjP7wbkF7eMbWleqkFZmmJQhfKq18plTwrclU9qzuRUiPerJw84N1LGvDX/+U6RIl4/h9dodaNH7trWj2bt1JQfCWSDNZj4s/G5DCORS+rI6W/xMB+Nwl7VfqUjolmIGm7otqQY4578/Fr6Id8YsCQ9h3c2h5El0Lk0J78/PskphqQ6zeVq+tsr3zsWaIRiKtq04t3FB9AogY2JU2axwDzySE2Hy+20kOeTqCMP61lCtYs1fl50toHkfdzvP1n6W9vOp7pLo2J1C08J8WPV/W/koL0ORH3TBeUkUqrRn0Z3GW4q9mnNLUeltdhnHpaMSDQ5qJaa9R19IXXJJ18JpfE+ZCQqjIROacMCZaOxTlmnDcgjq8YNTMRkn4T9/LNO8100zrHcplBFw2drDOpCrE4pTZoIqS39LoRbcrWJ657BGTdlWiIhD/MBJgis5i4t2aANMV6VhjHAPNbl2FCxf2d1tpQpFwqCfWqWMeoGmeV61webaun+RbmqtewJPJXkOPNCWbmr9i8NSHGzJ8kvLRzsE/VuNSaZwIqRGk0KfkwGeYQSNpKtlST5mBZVgpIrjqIlxtL/mnWkmXrFULf9pn3RbeK+/8RIbYt+17u8in/kzwqb/DKskzJK/qrilnvCMud/YbesWjjkm2Huzpjt6AqPGfS16OmsL7n3JwQ78s8eOEAGowBVP78QyUiCTv4F4eCWB/kqy4gVLFJc8fw7X1NRxNOFeqEy+GEMqr78WxE8u8yByhBmPzi78YCxiVpxy4C9j+8481MKGk/1LCYjUruGLOPLc2bfQGTWNQVs3t/HEzYyAk+R5kschGPBk8LQhVQ/A0ghICfZAIadw8PuQ95uCCYZqFQfr0c2ZMgzMV8HgoVd1HRlaXWhW9+uA/dNyOvQS6L74Rcp1fDE2uC280osfRlMPvpUOgEIFAAJfzF2c7z56PeWW0htIpOogB17rnKeHkFu/QQ6ez692jP0sGfME7XkHt1gjQKkJUVeWsCuxZ36MSFfKTn6xrUVtgG/5AAxa1xa0dDLcU2BSbUVk3Pa/rTWKi/irxB77aVGd/xd3A4qiwvCerOtR19uQ3a0LS+ogqLMFBAcwXbtdDgQXMPRublWJtb/dTfikAr4IgRCpT/D8PQmU4L8COURSzvk6jivAH3qXdfWI1gljE+wCmAf63CoelMLwZkpSu0Ynx/rsQzXwnnPMlSe+KG1g/IwFSpJrmUoJ/f/r13BVgWuLOgWsmNHIXRV6SuIZ5HhjzCE/IG4/zWIRsAivX9j+WLVWlhKyh2WYXn9t3yEVNeF82agzNIC+mlMPuBYKVF8el69qoxDQDFwsTzwN8Bm";
    translation.detectedLocale = "";

    function showTranslationDialog() {
      if(!translation.launchDialog)
        loadScript("/static/dd0ae236/plugin/translation/dialog.js");
      else
        translation.launchDialog();
      return false; 
    }</script><script src="/static/dd0ae236/plugin/form-element-path/script.js"></script></div></div></div></footer></body></html>
For documentation on this error, please visit: http://seleniumhq.org/exceptions/no_such_element.html
Build info: version: '2.47.1', revision: 'unknown', time: '2015-07-30 11:02:44'
System info: host: 'MacBook-Pro-2.home', ip: '192.168.1.6', os.name: 'Mac OS X', os.arch: 'x86_64', os.version: '10.10.5', java.version: '1.8.0_60'
Driver info: driver.version: unknown
	at org.openqa.selenium.remote.ErrorHandler.throwIfResponseFailed(ErrorHandler.java:138)
	at org.openqa.selenium.remote.RemoteWebDriver.execute(RemoteWebDriver.java:595)
	at org.openqa.selenium.remote.RemoteWebDriver.findElement(RemoteWebDriver.java:348)
	at org.openqa.selenium.remote.RemoteWebDriver.findElementByXPath(RemoteWebDriver.java:445)
	at org.openqa.selenium.By$ByXPath.findElement(By.java:358)
	at org.openqa.selenium.remote.RemoteWebDriver.findElement(RemoteWebDriver.java:340)
	at sun.reflect.NativeMethodAccessorImpl.invoke0(Native Method)
	at sun.reflect.NativeMethodAccessorImpl.invoke(NativeMethodAccessorImpl.java:62)
	at sun.reflect.DelegatingMethodAccessorImpl.invoke(DelegatingMethodAccessorImpl.java:43)
	at java.lang.reflect.Method.invoke(Method.java:497)
	at org.openqa.selenium.support.events.EventFiringWebDriver$2.invoke(EventFiringWebDriver.java:102)
	at com.sun.proxy.$Proxy51.findElement(Unknown Source)
	at org.openqa.selenium.support.events.EventFiringWebDriver.findElement(EventFiringWebDriver.java:185)
	at org.jenkinsci.test.acceptance.po.CapybaraPortingLayerImpl.find(CapybaraPortingLayerImpl.java:185)
	at org.jenkinsci.test.acceptance.po.SlavesMixIn.create(SlavesMixIn.java:31)
	at org.jenkinsci.test.acceptance.po.SlavesMixIn.create(SlavesMixIn.java:21)
	at org.jenkinsci.test.acceptance.slave.LocalSlaveController.install(LocalSlaveController.java:21)
	at core.ArtifactsTest.setUp(ArtifactsTest.java:32)
Caused by: org.openqa.selenium.NoSuchElementException: {"errorMessage":"Unable to find element with xpath './/INPUT[@type='radio'][@value='hudson.slaves.DumbSlave']'","request":{"headers":{"Accept-Encoding":"gzip,deflate","Connection":"Keep-Alive","Content-Length":"85","Content-Type":"application/json; charset=utf-8","Host":"localhost:7059","User-Agent":"Apache-HttpClient/4.3.3 (java 1.5)"},"httpVersion":"1.1","method":"POST","post":"{\"using\":\"xpath\",\"value\":\".//INPUT[@type='radio'][@value='hudson.slaves.DumbSlave']\"}","url":"/element","urlParsed":{"anchor":"","query":"","file":"element","directory":"/","path":"/element","relative":"/element","port":"","host":"","password":"","user":"","userInfo":"","authority":"","protocol":"","source":"/element","queryKey":{},"chunks":["element"]},"urlOriginal":"/session/8fc19240-7458-11e5-a24e-8934d6f0f118/element"}}
For documentation on this error, please visit: http://seleniumhq.org/exceptions/no_such_element.html
Build info: version: '2.47.1', revision: 'unknown', time: '2015-07-30 11:02:44'
System info: host: 'MacBook-Pro-2.home', ip: '192.168.1.6', os.name: 'Mac OS X', os.arch: 'x86_64', os.version: '10.10.5', java.version: '1.8.0_60'
Driver info: driver.version: unknown
]]></error>
    <system-out><![CDATA[testCaseResult=ru.yandex.qatools.allure.model.TestCaseResult@483f19a3[
  name=test_many_small_files
  title=<null>
  description=<null>
  failure=ru.yandex.qatools.allure.model.Failure@764a1e3d
  start=1445035900839
  stop=1445035924314
  status=BROKEN
  severity=<null>
  steps=[]
  attachments=[]
  labels=[ru.yandex.qatools.allure.model.Label@5ba64c76, ru.yandex.qatools.allure.model.Label@68d2b518]
  parameters=<null>
]
testCaseResult={
   "start" : 1445035900839,
   "stop" : 1445035924314,
   "status" : "broken",
   "name" : "test_many_small_files",
   "failure" : {
      "message" : "NoSuchElementException: Unable to locate By.xpath: .//INPUT[@type='radio'][@value='hudson.slaves.DumbSlave'] in http://127.0.0.1:58552/job/molecular_voter/configure\n\n<!DOCTYPE html><html><head resurl=\"/static/fd2e7eb0\">\n    \n\n    <title>molecular_voter Config [Jenkins]</title><link rel=\"stylesheet\" href=\"/static/fd2e7eb0/css/style.css\" type=\"text/css\"><link rel=\"stylesheet\" href=\"/static/fd2e7eb0/css/color.css\" type=\"text/css\"><link rel=\"stylesheet\" href=\"/static/fd2e7eb0/css/responsive-grid.css\" type=\"text/css\"><link rel=\"shortcut icon\" href=\"/static/fd2e7eb0/favicon.ico\" type=\"image/vnd.microsoft.icon\"><script>var isRunAsTest=false; var rootURL=\"\"; var resURL=\"/static/fd2e7eb0\";</script><script src=\"/static/fd2e7eb0/scripts/prototype.js\" type=\"text/javascript\"></script><script src=\"/static/fd2e7eb0/scripts/behavior.js\" type=\"text/javascript\"></script><script src=\"/adjuncts/fd2e7eb0/org/kohsuke/stapler/bind.js\" type=\"text/javascript\"></script><script src=\"/static/fd2e7eb0/scripts/yui/yahoo/yahoo-min.js\"></script><script src=\"/static/fd2e7eb0/scripts/yui/dom/dom-min.js\"></script><script src=\"/static/fd2e7eb0/scripts/yui/event/event-min.js\"></script><script src=\"/static/fd2e7eb0/scripts/yui/animation/animation-min.js\"></script><script src=\"/static/fd2e7eb0/scripts/yui/dragdrop/dragdrop-min.js\"></script><script src=\"/static/fd2e7eb0/scripts/yui/container/container-min.js\"></script><script src=\"/static/fd2e7eb0/scripts/yui/connection/connection-min.js\"></script><script src=\"/static/fd2e7eb0/scripts/yui/datasource/datasource-min.js\"></script><script src=\"/static/fd2e7eb0/scripts/yui/autocomplete/autocomplete-min.js\"></script><script src=\"/static/fd2e7eb0/scripts/yui/menu/menu-min.js\"></script><script src=\"/static/fd2e7eb0/scripts/yui/element/element-min.js\"></script><script src=\"/static/fd2e7eb0/scripts/yui/button/button-min.js\"></script><script src=\"/static/fd2e7eb0/scripts/yui/storage/storage-min.js\"></script><script src=\"/static/fd2e7eb0/scripts/hudson-behavior.js\" type=\"text/javascript\"></script><script src=\"/static/fd2e7eb0/scripts/sortable.js\" type=\"text/javascript\"></script><script>crumb.init(\"\", \"\");</script><link rel=\"stylesheet\" href=\"/static/fd2e7eb0/scripts/yui/container/assets/container.css\" type=\"text/css\"><link rel=\"stylesheet\" href=\"/static/fd2e7eb0/scripts/yui/assets/skins/sam/skin.css\" type=\"text/css\"><link rel=\"stylesheet\" href=\"/static/fd2e7eb0/scripts/yui/container/assets/skins/sam/container.css\" type=\"text/css\"><link rel=\"stylesheet\" href=\"/static/fd2e7eb0/scripts/yui/button/assets/skins/sam/button.css\" type=\"text/css\"><link rel=\"stylesheet\" href=\"/static/fd2e7eb0/scripts/yui/menu/assets/skins/sam/menu.css\" type=\"text/css\"><link rel=\"search\" href=\"/opensearch.xml\" type=\"application/opensearchdescription+xml\" title=\"Jenkins\"><meta name=\"ROBOTS\" content=\"INDEX,NOFOLLOW\"><link rel=\"alternate\" href=\"rssAll\" title=\"Jenkins:molecular_voter (all builds)\" type=\"application/rss+xml\"><link rel=\"alternate\" href=\"rssAll?flavor=rss20\" title=\"Jenkins:molecular_voter (all builds) (RSS 2.0)\" type=\"application/rss+xml\"><link rel=\"alternate\" href=\"rssFailed\" title=\"Jenkins:molecular_voter (failed builds)\" type=\"application/rss+xml\"><link rel=\"alternate\" href=\"rssFailed?flavor=rss20\" title=\"Jenkins:molecular_voter (failed builds) (RSS 2.0)\" type=\"application/rss+xml\"><link rel=\"alternate\" href=\"rssChangelog\" title=\"Jenkins:molecular_voter (changelog)\" type=\"application/rss+xml\"><link rel=\"alternate\" href=\"rssChangelog?flavor=rss20\" title=\"Jenkins:molecular_voter (changelog) (RSS 2.0)\" type=\"application/rss+xml\"><link rel=\"stylesheet\" href=\"/adjuncts/fd2e7eb0/lib/form/breadcrumb-config-outline/init.css\" type=\"text/css\"><script src=\"/adjuncts/fd2e7eb0/lib/form/breadcrumb-config-outline/init.js\" type=\"text/javascript\"></script><script src=\"/static/fd2e7eb0/scripts/yui/cookie/cookie-min.js\"></script></head><body data-model-type=\"hudson.model.FreeStyleProject\" id=\"jenkins\" class=\"yui-skin-sam jenkins-1.630\" data-version=\"jenkins-1.630\"><div id=\"tt\" class=\"yui-module yui-overlay yui-tt yui-overlay-hidden\" style=\"z-index: 999; visibility: hidden;\"><div class=\"bd\"></div></div><div class=\"yui-panel-container shadow yui-overlay-hidden\" id=\"wait14_c\" style=\"visibility: hidden; left: 486px; top: 360px; z-index: 4;\"><div id=\"wait14\" class=\"yui-module yui-overlay yui-panel\" style=\"visibility: inherit;\"><a class=\"container-close\" href=\"#\">Close</a><div class=\"hd\" id=\"wait14_h\" style=\"cursor: move;\">Error</div><div class=\"bd\"><div id=\"container13\"></div></div></div></div><iframe id=\"_yuiResizeMonitor\" title=\"Text Resize Monitor\" tabindex=\"-1\" role=\"presentation\" style=\"position: absolute; visibility: visible; background-color: transparent; border-width: 0px; width: 2em; height: 2em; left: 0px; top: -27px;\"></iframe><a href=\"#skip2content\" class=\"skiplink\">Skip to content</a><div id=\"page-head\"><div id=\"header\"><div class=\"logo\"><a id=\"jenkins-home-link\" href=\"/\"><img src=\"/static/fd2e7eb0/images/headshot.png\" alt=\"title\" id=\"jenkins-head-icon\"><img src=\"/static/fd2e7eb0/images/title.png\" alt=\"title\" width=\"139\" id=\"jenkins-name-icon\" height=\"34\"></a></div><div class=\"login\"></div><div class=\"searchbox hidden-xs\"><form method=\"get\" name=\"search\" action=\"/job/molecular_voter/search/\" style=\"position:relative;\" class=\"no-json\" path=\"\"><div id=\"search-box-minWidth\" style=\"font-family: Helvetica, Arial, sans-serif; font-size: 13px; font-style: normal; font-weight: normal;\"></div><div id=\"search-box-sizer\" style=\"font-family: Helvetica, Arial, sans-serif; font-size: 13px; font-style: normal; font-weight: normal;\"></div><div id=\"searchform\" class=\"yui-ac\"><input name=\"q\" placeholder=\"search\" id=\"search-box\" class=\"has-default-text yui-ac-input defaulted\" autocomplete=\"off\" style=\"width: 255px;\" path=\"/q\">&nbsp;<a href=\"http://wiki.jenkins-ci.org/display/JENKINS/Search+Box\"><img src=\"/static/fd2e7eb0/images/16x16/help.png\" style=\"width: 16px; height: 16px; \" class=\"icon-help icon-sm\"></a><div id=\"search-box-completion\" class=\"yui-ac-container\" style=\"width: 255px; left: 0px; top: 26px;\"><div class=\"yui-ac-content\" style=\"display: none; width: 255px;\"><div class=\"yui-ac-hd\" style=\"display: none;\"></div><div class=\"yui-ac-bd\"><ul><li style=\"display: none;\"></li><li style=\"display: none;\"></li><li style=\"display: none;\"></li><li style=\"display: none;\"></li><li style=\"display: none;\"></li><li style=\"display: none;\"></li><li style=\"display: none;\"></li><li style=\"display: none;\"></li><li style=\"display: none;\"></li><li style=\"display: none;\"></li></ul></div><div class=\"yui-ac-ft\" style=\"display: none;\"></div></div></div><script>createSearchBox(\"/job/molecular_voter/search/\");</script></div></form></div></div><div id=\"breadcrumbBar\"><link rel=\"stylesheet\" href=\"/adjuncts/fd2e7eb0/lib/layout/breadcrumbs.css\" type=\"text/css\"><script src=\"/adjuncts/fd2e7eb0/lib/layout/breadcrumbs.js\" type=\"text/javascript\"></script><div style=\"height: 26px;\"></div><div class=\"top-sticker noedge\" style=\"position: fixed; top: 40px; left: 0px;\"><div class=\"top-sticker-edge\"></div><div class=\"top-sticker-inner\"><div id=\"right-top-nav\"></div><ul id=\"breadcrumbs\"><li class=\"item\"><a href=\"/\" class=\"model-link inside breadcrumbBarAnchor\">Jenkins</a></li><li href=\"/\" class=\"children\"></li><li class=\"item\"><a href=\"/job/molecular_voter/\" class=\"model-link inside breadcrumbBarAnchor\">molecular_voter</a></li><li href=\"/job/molecular_voter/\" class=\"children\"></li><li id=\"inpage-nav\" class=\"item\"><a class=\"model-link inside breadcrumbBarAnchor\">configuration</a></li></ul><div id=\"breadcrumb-menu-target\"></div></div></div></div></div><div id=\"menuSelector\"></div><div id=\"page-body\"><div id=\"side-panel\"><div id=\"tasks\"><div class=\"task\"><a href=\"/\" class=\"task-icon-link\"><img src=\"/static/fd2e7eb0/images/24x24/up.png\" style=\"width: 24px; height: 24px; width: 24px; height: 24px; margin: 2px;\" class=\"icon-up icon-md\"></a>&nbsp;<a href=\"/\" class=\"task-link\">Back to Dashboard</a></div><div class=\"task\"><a href=\"/job/molecular_voter/\" class=\"task-icon-link\"><img src=\"/static/fd2e7eb0/images/24x24/search.png\" style=\"width: 24px; height: 24px; width: 24px; height: 24px; margin: 2px;\" class=\"icon-search icon-md\"></a>&nbsp;<a href=\"/job/molecular_voter/\" class=\"task-link\">Status</a></div><div class=\"task\"><a href=\"/job/molecular_voter/changes\" class=\"task-icon-link\"><img src=\"/static/fd2e7eb0/images/24x24/notepad.png\" style=\"width: 24px; height: 24px; width: 24px; height: 24px; margin: 2px;\" class=\"icon-notepad icon-md\"></a>&nbsp;<a href=\"/job/molecular_voter/changes\" class=\"task-link\">Changes</a></div><div class=\"task\"><a href=\"/job/molecular_voter/ws/\" class=\"task-icon-link\"><img src=\"/static/fd2e7eb0/images/24x24/folder.png\" style=\"width: 24px; height: 24px; width: 24px; height: 24px; margin: 2px;\" class=\"icon-folder icon-md\"></a>&nbsp;<a href=\"/job/molecular_voter/ws/\" class=\"task-link\">Workspace</a></div><div class=\"task\"><a onclick=\"return build_id14(this)\" href=\"/job/molecular_voter/build?delay=0sec\" class=\"task-icon-link\"><img src=\"/static/fd2e7eb0/images/24x24/clock.png\" style=\"width: 24px; height: 24px; width: 24px; height: 24px; margin: 2px;\" class=\"icon-clock icon-md\"></a>&nbsp;<a onclick=\"return build_id14(this)\" href=\"/job/molecular_voter/build?delay=0sec\" class=\"task-link\">Build Now</a></div><script>function build_id14(a) {\n                new Ajax.Request(a.href);\n                hoverNotification('Build scheduled',a.parentNode);\n                return false;\n            }</script><div class=\"task\"><a onclick=\"confirmPOST_id17(true, '/job/molecular_voter/doDelete', 'Are you sure about deleting the Project ‘molecular_voter’?')\" href=\"#\"><img src=\"/static/fd2e7eb0/images/24x24/edit-delete.png\" style=\"width: 24px; height: 24px; width: 24px; height: 24px; margin: 2px;\" class=\"icon-edit-delete icon-md\"></a><script>function confirmPOST_id17(post, href, message) {\n            if (confirm(message)) {\n                var form = document.createElement('form');\n                form.setAttribute('method', post ? 'POST' : 'GET');\n                form.setAttribute('action', href);\n                if (post) {\n                    crumb.appendToForm(form);\n                }\n                document.body.appendChild(form);\n                form.submit();\n            }\n            return false;\n        }</script>&nbsp;<a onclick=\"confirmPOST_id18(true, '/job/molecular_voter/doDelete', 'Are you sure about deleting the Project ‘molecular_voter’?')\" href=\"#\" class=\"task-link\">Delete Project</a><script>function confirmPOST_id18(post, href, message) {\n            if (confirm(message)) {\n                var form = document.createElement('form');\n                form.setAttribute('method', post ? 'POST' : 'GET');\n                form.setAttribute('action', href);\n                if (post) {\n                    crumb.appendToForm(form);\n                }\n                document.body.appendChild(form);\n                form.submit();\n            }\n            return false;\n        }</script></div><div class=\"task\"><a href=\"/job/molecular_voter/configure\" class=\"task-icon-link\"><img src=\"/static/fd2e7eb0/images/24x24/setting.png\" style=\"width: 24px; height: 24px; width: 24px; height: 24px; margin: 2px;\" class=\"icon-setting icon-md\"></a>&nbsp;<a href=\"/job/molecular_voter/configure\" class=\"task-link\"><b>Configure</b></a><div class=\"subtasks\"></div></div></div><div id=\"buildHistory\" class=\"container-fluid pane-frame track-mouse\"><div class=\"row\"><div class=\"col-xs-24 pane-header\"><a href=\"/toggleCollapse?paneId=buildHistory\" title=\"collapse\" class=\"collapse\"><img src=\"/static/fd2e7eb0/images/16x16/collapse.png\" alt=\"collapse\" style=\"width: 16px; height: 16px; \" class=\"icon-collapse icon-sm\"></a><div style=\"float:right\"><a href=\"/job/molecular_voter/buildTimeTrend\">trend</a></div><div data=\"100\" class=\"healthReport\" onmouseover=\"this.className='healthReport hover';return true;\n        \" onmouseout=\"this.className='healthReport';return true;\"><img src=\"/static/fd2e7eb0/images/16x16/health-80plus.png\" alt=\"100%\" style=\"width: 16px; height: 16px; \" class=\"icon-health-80plus icon-sm\"></div>Build History</div></div><div class=\"row pane-content\"><table class=\"pane stripped\"></table></div><div class=\"row\"><div class=\"col-xs-24 pane-footer\"><span class=\"build-rss-links\"><a href=\"/job/molecular_voter/rssAll\" class=\"build-rss-all-icon\"><img border=\"0\" src=\"/static/fd2e7eb0/images/atom.gif\" alt=\"Feed\" width=\"16\" height=\"16\"></a>&nbsp;<a href=\"/job/molecular_voter/rssAll\" class=\"build-rss-all-link\">RSS for all</a>&nbsp;<a href=\"/job/molecular_voter/rssFailed\" class=\"build-rss-failed-icon\"><img border=\"0\" src=\"/static/fd2e7eb0/images/atom.gif\" alt=\"Feed\" width=\"16\" height=\"16\"></a>&nbsp;<a href=\"/job/molecular_voter/rssFailed\" class=\"build-rss-failed-link\">RSS for failures</a></span></div></div></div><script defer=\"true\">updateBuildHistory(\"/job/molecular_voter/buildHistory/ajax\",1);</script></div><div id=\"main-panel\"><a name=\"skip2content\"></a><div class=\"behavior-loading\" style=\"display: none;\">LOADING</div><form method=\"post\" name=\"config\" action=\"configSubmit\" path=\"\"><link rel=\"stylesheet\" href=\"/adjuncts/fd2e7eb0/lib/form/section_.css\" type=\"text/css\"><table width=\"100%\"><tbody><tr><td class=\"setting-leftspace\">&nbsp;</td><td class=\"setting-name\">Project name</td><td class=\"setting-main\">\n   \n\n  \n  <input name=\"name\" type=\"text\" class=\"setting-input   \" value=\"molecular_voter\" path=\"/name\"></td><td class=\"setting-no-help\"></td></tr><tr class=\"validation-error-area\"><td colspan=\"2\"></td><td></td><td></td></tr><tr><td class=\"setting-leftspace\">&nbsp;</td><td class=\"setting-name\">Description</td><td class=\"setting-main\"><script src=\"/adjuncts/fd2e7eb0/lib/form/textarea/textarea.js\" type=\"text/javascript\"></script><textarea name=\"description\" rows=\"5\" class=\"setting-input   \" path=\"/description\"></textarea><div class=\"textarea-handle\"></div><div class=\"textarea-preview-container\">\n        [Plain text]&nbsp;<a previewendpoint=\"/markupFormatter/previewDescription\" href=\"#\" class=\"textarea-show-preview\">Preview</a>&nbsp;<a href=\"#\" class=\"textarea-hide-preview\" style=\"display: none;\">Hide preview</a><div class=\"textarea-preview\" style=\"display: none;\"></div></div></td><td class=\"setting-no-help\"></td></tr><tr class=\"validation-error-area\"><td colspan=\"2\"></td><td></td><td></td></tr><tr class=\"optional-block-start \" hashelp=\"true\" ref=\"cb15\"><td colspan=\"3\"><input onclick=\"javascript:updateOptionalBlock(this,true)\" name=\"logrotate\" type=\"checkbox\" class=\" \" id=\"cb15\" path=\"/logrotate\"><label class=\"attach-previous\">Discard Old Builds</label></td><td class=\"setting-help\"><a helpurl=\"/help/project-config/log-rotation.html\" href=\"#\" class=\"help-button\" tabindex=\"9999\"><img src=\"/static/fd2e7eb0/images/16x16/help.png\" alt=\"Help for feature: Discard Old Builds\" style=\"width: 16px; height: 16px; \" class=\"icon-help icon-sm\"></a></td></tr><tr class=\"help-area\"><td></td><td colspan=\"2\"><div class=\"help\">Loading...</div></td><td></td></tr><tr class=\"rowvg-start\" style=\"display: none;\"></tr><tr style=\"display: none;\"><td class=\"setting-leftspace\">&nbsp;</td><td class=\"setting-name\">Strategy</td><td class=\"setting-main\"><select class=\"setting-input dropdownList\" path=\"/\"><option value=\"0\">Log Rotation</option></select></td><td class=\"setting-no-help\"></td></tr><tr class=\"dropdownList-container\" style=\"display: none;\"><td colspan=\"2\"></td><td colspan=\"2\"><table width=\"100%\" name=\"buildDiscarder\" path=\"/buildDiscarder\"><tbody><tr class=\"dropdownList-start rowvg-start\"></tr>\n      \n      <tr><td class=\"setting-leftspace\">&nbsp;</td><td class=\"setting-name\">Days to keep builds</td><td class=\"setting-main\"><input step=\"1\" min=\"1\" name=\"_.daysToKeepStr\" type=\"number\" class=\"setting-input  positive-number\" value=\"\" path=\"/buildDiscarder/daysToKeepStr\"></td><td class=\"setting-no-help\"></td></tr><tr class=\"validation-error-area\"><td colspan=\"2\"></td><td></td><td></td></tr><tr><td colspan=\"2\"></td><td class=\"setting-description\">if not empty, build records are only kept up to this number of days</td><td></td></tr><tr><td class=\"setting-leftspace\">&nbsp;</td><td class=\"setting-name\">Max # of builds to keep</td><td class=\"setting-main\"><input step=\"1\" min=\"1\" name=\"_.numToKeepStr\" type=\"number\" class=\"setting-input  positive-number\" value=\"\" path=\"/buildDiscarder/numToKeepStr\"></td><td class=\"setting-no-help\"></td></tr><tr class=\"validation-error-area\"><td colspan=\"2\"></td><td></td><td></td></tr><tr><td colspan=\"2\"></td><td class=\"setting-description\">if not empty, only up to this number of build records are kept</td><td></td></tr><tr><td></td><td></td><td><script src=\"/adjuncts/fd2e7eb0/lib/form/advanced/advanced.js\" type=\"text/javascript\"></script><div style=\"\" class=\"advancedLink\"><span style=\"display: none\" id=\"id26\"><img src=\"/static/fd2e7eb0/images/24x24/notepad.png\" tooltip=\"One or more fields in this block have been edited.\" style=\"width: 24px; height: 24px; vertical-align: baseline\" class=\"icon-notepad icon-md\" title=\"One or more fields in this block have been edited.\"></span>&nbsp;<span class=\"yui-button yui-push-button advanced-button advancedButton\" id=\"yui-gen31\"><span class=\"first-child\"><button type=\"button\" tabindex=\"0\" id=\"yui-gen31-button\" path=\"/buildDiscarder/advanced-button\">Advanced...</button></span></span></div><table class=\"advancedBody\"><tbody><tr><td class=\"setting-leftspace\">&nbsp;</td><td class=\"setting-name\">Days to keep artifacts</td><td class=\"setting-main\"><input step=\"1\" min=\"1\" name=\"_.artifactDaysToKeepStr\" type=\"number\" class=\"setting-input  positive-number\" value=\"\" path=\"/buildDiscarder/artifactDaysToKeepStr\"></td><td class=\"setting-no-help\"></td></tr><tr class=\"validation-error-area\"><td colspan=\"2\"></td><td></td><td></td></tr><tr><td colspan=\"2\"></td><td class=\"setting-description\">if not empty, artifacts from builds older than this number of days will be deleted, but the logs, history, reports, etc for the build will be kept</td><td></td></tr><tr><td class=\"setting-leftspace\">&nbsp;</td><td class=\"setting-name\">Max # of builds to keep with artifacts</td><td class=\"setting-main\"><input step=\"1\" min=\"1\" name=\"_.artifactNumToKeepStr\" type=\"number\" class=\"setting-input  positive-number\" value=\"\" path=\"/buildDiscarder/artifactNumToKeepStr\"></td><td class=\"setting-no-help\"></td></tr><tr class=\"validation-error-area\"><td colspan=\"2\"></td><td></td><td></td></tr><tr><td colspan=\"2\"></td><td class=\"setting-description\">if not empty, only up to this number of builds have their artifacts retained</td><td></td></tr></tbody></table></td><td></td></tr><tr style=\"\"><td><input name=\"stapler-class\" type=\"hidden\" value=\"hudson.tasks.LogRotator\" path=\"/buildDiscarder/stapler-class\"><input name=\"$class\" type=\"hidden\" value=\"hudson.tasks.LogRotator\" path=\"/buildDiscarder/$class\"></td></tr><tr class=\"dropdownList-end rowvg-end\"></tr></tbody></table></td></tr><tr class=\" rowvg-end optional-block-end\"></tr><script src=\"/adjuncts/fd2e7eb0/lib/form/section_.js\" type=\"text/javascript\"></script><tr name=\"properties\" style=\"display:none\" class=\"row-set-start\" id=\"rowSetStart31\" path=\"/properties\"></tr><tr nameref=\"rowSetStart31\"><td><input type=\"hidden\" name=\"stapler-class-bag\" value=\"true\" path=\"/properties/stapler-class-bag\"></td></tr><tr name=\"hudson-model-ParametersDefinitionProperty\" style=\"display:none\" class=\"row-set-start\" id=\"rowSetStart30\" nameref=\"rowSetStart31\" path=\"/properties/hudson-model-ParametersDefinitionProperty\"></tr><tr class=\"optional-block-start row-set-start\" hashelp=\"true\" ref=\"cb16\" nameref=\"rowSetStart30\"><td colspan=\"3\"><input onclick=\"javascript:updateOptionalBlock(this,true)\" name=\"parameterized\" type=\"checkbox\" class=\" \" id=\"cb16\" path=\"/properties/hudson-model-ParametersDefinitionProperty/parameterized\"><label class=\"attach-previous\">This build is parameterized</label></td><td class=\"setting-help\"><a helpurl=\"/help/project-config/parameterized-build.html\" href=\"#\" class=\"help-button\" tabindex=\"9999\"><img src=\"/static/fd2e7eb0/images/16x16/help.png\" alt=\"Help for feature: This build is parameterized\" style=\"width: 16px; height: 16px; \" class=\"icon-help icon-sm\"></a></td></tr><tr class=\"help-area\" nameref=\"cb16\"><td></td><td colspan=\"2\"><div class=\"help\">Loading...</div></td><td></td></tr><tr class=\"rowvg-start\" nameref=\"cb16\" style=\"display: none;\"></tr><tr nameref=\"cb16\" style=\"display: none;\"><td colspan=\"2\"></td><td colspan=\"2\"><script src=\"/adjuncts/fd2e7eb0/lib/form/dragdrop/dragdrop.js\" type=\"text/javascript\"></script><script src=\"/adjuncts/fd2e7eb0/lib/form/hetero-list/hetero-list.js\" type=\"text/javascript\"></script><div class=\"hetero-list-container with-drag-drop  \"><div class=\"repeatable-insertion-point\"></div><div><span class=\"yui-button yui-menu-button\" id=\"yui-gen1\"><span class=\"first-child\"><button type=\"button\" tabindex=\"0\" id=\"yui-gen1-button\" class=\"hetero-list-add\" suffix=\"parameter\">Add Parameter</button></span></span></div></div></td></tr><tr class=\"row-set-end rowvg-end optional-block-end\" nameref=\"rowSetStart30\"></tr><tr class=\"row-set-end\" nameref=\"rowSetStart31\"></tr><tr class=\"row-set-end\"></tr><tr class=\"optional-block-start \" hashelp=\"true\" ref=\"cb17\"><td colspan=\"3\"><input onclick=\"javascript:updateOptionalBlock(this,true)\" name=\"disable\" type=\"checkbox\" class=\" \" id=\"cb17\" path=\"/disable\"><label class=\"attach-previous\">Disable Build (No new builds will be executed until the project is re-enabled.)</label></td><td class=\"setting-help\"><a helpurl=\"/help/project-config/disable.html\" href=\"#\" class=\"help-button\" tabindex=\"9999\"><img src=\"/static/fd2e7eb0/images/16x16/help.png\" alt=\"Help for feature: Disable Build (No new builds will be executed until the project is re-enabled.)\" style=\"width: 16px; height: 16px; \" class=\"icon-help icon-sm\"></a></td></tr><tr class=\"help-area\"><td></td><td colspan=\"2\"><div class=\"help\">Loading...</div></td><td></td></tr><tr class=\"rowvg-start\" style=\"display: none;\"></tr><tr class=\" rowvg-end optional-block-end\"></tr><tr class=\"optional-block-start \" hashelp=\"true\" ref=\"cb18\"><td colspan=\"3\"><input onclick=\"javascript:updateOptionalBlock(this,true)\" name=\"_.concurrentBuild\" type=\"checkbox\" class=\" \" id=\"cb18\" path=\"/concurrentBuild\"><label class=\"attach-previous\">Execute concurrent builds if necessary</label></td><td class=\"setting-help\"><a helpurl=\"/descriptor/hudson.model.FreeStyleProject/help/concurrentBuild\" href=\"#\" class=\"help-button\" tabindex=\"9999\"><img src=\"/static/fd2e7eb0/images/16x16/help.png\" alt=\"Help for feature: Execute concurrent builds if necessary\" style=\"width: 16px; height: 16px; \" class=\"icon-help icon-sm\"></a></td></tr><tr class=\"help-area\"><td></td><td colspan=\"2\"><div class=\"help\">Loading...</div></td><td></td></tr><tr class=\"rowvg-start\" style=\"display: none;\"></tr><tr class=\" rowvg-end optional-block-end\"></tr><tr><td colspan=\"4\"><div class=\"section-header\"><a id=\"section0\" class=\"section-anchor\">#</a>Advanced Project Options</div></td></tr><tr><td></td><td></td><td><script src=\"/adjuncts/fd2e7eb0/lib/form/advanced/advanced.js\" type=\"text/javascript\"></script><div style=\"\" class=\"advancedLink\"><span style=\"display: none\" id=\"id20\"><img src=\"/static/fd2e7eb0/images/24x24/notepad.png\" tooltip=\"One or more fields in this block have been edited.\" style=\"width: 24px; height: 24px; vertical-align: baseline\" class=\"icon-notepad icon-md\" title=\"One or more fields in this block have been edited.\"></span>&nbsp;<span class=\"yui-button yui-push-button advanced-button advancedButton\" id=\"yui-gen7\"><span class=\"first-child\"><button type=\"button\" tabindex=\"0\" id=\"yui-gen7-button\" path=\"/advanced-button\">Advanced...</button></span></span></div><table class=\"advancedBody\"><tbody><tr class=\"optional-block-start \" hashelp=\"true\" ref=\"cb19\"><td colspan=\"3\"><input onclick=\"javascript:updateOptionalBlock(this,true)\" name=\"hasCustomQuietPeriod\" type=\"checkbox\" class=\" \" id=\"cb19\" path=\"/hasCustomQuietPeriod\"><label class=\"attach-previous\">Quiet period</label></td><td class=\"setting-help\"><a helpurl=\"/descriptor/jenkins.model.GlobalQuietPeriodConfiguration/help/quietPeriod\" href=\"#\" class=\"help-button\" tabindex=\"9999\"><img src=\"/static/fd2e7eb0/images/16x16/help.png\" alt=\"Help for feature: Quiet period\" style=\"width: 16px; height: 16px; \" class=\"icon-help icon-sm\"></a></td></tr><tr class=\"help-area\"><td></td><td colspan=\"2\"><div class=\"help\">Loading...</div></td><td></td></tr><tr class=\"rowvg-start\" style=\"display: none;\"></tr><tr style=\"display: none;\"><td class=\"setting-leftspace\">&nbsp;</td><td class=\"setting-name\">Quiet period</td><td class=\"setting-main\"><input step=\"1\" min=\"0\" name=\"quiet_period\" type=\"number\" class=\"setting-input  number\" value=\"5\" path=\"/quiet_period\"></td><td class=\"setting-no-help\"></td></tr><tr class=\"validation-error-area\" style=\"display: none;\"><td colspan=\"2\"></td><td></td><td></td></tr><tr style=\"display: none;\"><td colspan=\"2\"></td><td class=\"setting-description\">Number of seconds</td><td></td></tr><tr class=\" rowvg-end optional-block-end\"></tr><tr class=\"optional-block-start \" hashelp=\"true\" ref=\"cb20\"><td colspan=\"3\"><input onclick=\"javascript:updateOptionalBlock(this,true)\" name=\"hasCustomScmCheckoutRetryCount\" type=\"checkbox\" class=\" \" id=\"cb20\" path=\"/hasCustomScmCheckoutRetryCount\"><label class=\"attach-previous\">Retry Count</label></td><td class=\"setting-help\"><a helpurl=\"/help/project-config/scmCheckoutRetryCount.html\" href=\"#\" class=\"help-button\" tabindex=\"9999\"><img src=\"/static/fd2e7eb0/images/16x16/help.png\" alt=\"Help for feature: Retry Count\" style=\"width: 16px; height: 16px; \" class=\"icon-help icon-sm\"></a></td></tr><tr class=\"help-area\"><td></td><td colspan=\"2\"><div class=\"help\">Loading...</div></td><td></td></tr><tr class=\"rowvg-start\" style=\"display: none;\"></tr><tr style=\"display: none;\"><td class=\"setting-leftspace\">&nbsp;</td><td class=\"setting-name\">SCM checkout retry count</td><td class=\"setting-main\"><input step=\"1\" min=\"0\" name=\"scmCheckoutRetryCount\" type=\"number\" class=\"setting-input  number\" value=\"0\" path=\"/scmCheckoutRetryCount\"></td><td class=\"setting-no-help\"></td></tr><tr class=\"validation-error-area\" style=\"display: none;\"><td colspan=\"2\"></td><td></td><td></td></tr><tr class=\" rowvg-end optional-block-end\"></tr><tr class=\"optional-block-start \" hashelp=\"true\" ref=\"cb21\"><td colspan=\"3\"><input onclick=\"javascript:updateOptionalBlock(this,true)\" name=\"blockBuildWhenUpstreamBuilding\" type=\"checkbox\" class=\" \" id=\"cb21\" path=\"/blockBuildWhenUpstreamBuilding\"><label class=\"attach-previous\">Block build when upstream project is building</label></td><td class=\"setting-help\"><a helpurl=\"/help/project-config/block-upstream-building.html\" href=\"#\" class=\"help-button\" tabindex=\"9999\"><img src=\"/static/fd2e7eb0/images/16x16/help.png\" alt=\"Help for feature: Block build when upstream project is building\" style=\"width: 16px; height: 16px; \" class=\"icon-help icon-sm\"></a></td></tr><tr class=\"help-area\"><td></td><td colspan=\"2\"><div class=\"help\">Loading...</div></td><td></td></tr><tr class=\"rowvg-start\" style=\"display: none;\"></tr><tr class=\" rowvg-end optional-block-end\"></tr><tr class=\"optional-block-start \" hashelp=\"true\" ref=\"cb22\"><td colspan=\"3\"><input onclick=\"javascript:updateOptionalBlock(this,true)\" name=\"blockBuildWhenDownstreamBuilding\" type=\"checkbox\" class=\" \" id=\"cb22\" path=\"/blockBuildWhenDownstreamBuilding\"><label class=\"attach-previous\">Block build when downstream project is building</label></td><td class=\"setting-help\"><a helpurl=\"/help/project-config/block-downstream-building.html\" href=\"#\" class=\"help-button\" tabindex=\"9999\"><img src=\"/static/fd2e7eb0/images/16x16/help.png\" alt=\"Help for feature: Block build when downstream project is building\" style=\"width: 16px; height: 16px; \" class=\"icon-help icon-sm\"></a></td></tr><tr class=\"help-area\"><td></td><td colspan=\"2\"><div class=\"help\">Loading...</div></td><td></td></tr><tr class=\"rowvg-start\" style=\"display: none;\"></tr><tr class=\" rowvg-end optional-block-end\"></tr><tr class=\"optional-block-start \" hashelp=\"true\" ref=\"cb23\"><td colspan=\"3\"><input onclick=\"javascript:updateOptionalBlock(this,true)\" name=\"hasCustomWorkspace\" type=\"checkbox\" class=\" \" id=\"cb23\" path=\"/hasCustomWorkspace\"><label class=\"attach-previous\">Use custom workspace</label></td><td class=\"setting-help\"><a helpurl=\"/help/project-config/custom-workspace.html\" href=\"#\" class=\"help-button\" tabindex=\"9999\"><img src=\"/static/fd2e7eb0/images/16x16/help.png\" alt=\"Help for feature: Use custom workspace\" style=\"width: 16px; height: 16px; \" class=\"icon-help icon-sm\"></a></td></tr><tr class=\"help-area\"><td></td><td colspan=\"2\"><div class=\"help\">Loading...</div></td><td></td></tr><tr class=\"rowvg-start\" style=\"display: none;\"></tr><tr style=\"display: none;\"><td class=\"setting-leftspace\">&nbsp;</td><td class=\"setting-name\">Directory</td><td class=\"setting-main\">\n   \n\n  \n  <input checkdependson=\"customWorkspace\" checkurl=\"/job/molecular_voter/descriptorByName/hudson.model.FreeStyleProject/checkCustomWorkspace\" name=\"_.customWorkspace\" type=\"text\" class=\"setting-input validated  \" value=\"\" path=\"/customWorkspace\"></td><td class=\"setting-no-help\"></td></tr><tr class=\"validation-error-area\" style=\"display: none;\"><td colspan=\"2\"></td><td><div class=\"error\"><img src=\"/static/fd2e7eb0/images/none.gif\" height=\"16\" width=\"1\">Custom workspace is empty.</div></td><td></td></tr><tr class=\" rowvg-end optional-block-end\"></tr><tr><td class=\"setting-leftspace\">&nbsp;</td><td class=\"setting-name\">Display Name</td><td class=\"setting-main\">\n   \n\n  \n  <input checkurl=\"'/checkDisplayName?displayName='+encodeURIComponent(this.value)+'&amp;jobName='+encodeURIComponent('molecular_voter')\" name=\"_.displayNameOrNull\" type=\"text\" class=\"setting-input validated  \" value=\"\" path=\"/displayNameOrNull\"></td><td class=\"setting-help\"><a helpurl=\"/descriptor/hudson.model.FreeStyleProject/help/displayNameOrNull\" href=\"#\" class=\"help-button\" tabindex=\"9999\"><img src=\"/static/fd2e7eb0/images/16x16/help.png\" alt=\"Help for feature: Display Name\" style=\"width: 16px; height: 16px; \" class=\"icon-help icon-sm\"></a></td></tr><tr class=\"validation-error-area\"><td colspan=\"2\"></td><td><div></div></td><td></td></tr><tr class=\"help-area\"><td></td><td colspan=\"2\"><div class=\"help\">Loading...</div></td><td></td></tr><tr class=\"optional-block-start row-set-start\" hashelp=\"true\" ref=\"cb24\"><td colspan=\"3\"><input onclick=\"javascript:updateOptionalBlock(this,true)\" name=\"keepDependencies\" type=\"checkbox\" class=\" \" id=\"cb24\" path=\"/keepDependencies\"><label class=\"attach-previous\">Keep the build logs of dependencies</label></td><td class=\"setting-help\"><a helpurl=\"/help/tasks/fingerprint/keepDependencies.html\" href=\"#\" class=\"help-button\" tabindex=\"9999\"><img src=\"/static/fd2e7eb0/images/16x16/help.png\" alt=\"Help for feature: Keep the build logs of dependencies\" style=\"width: 16px; height: 16px; \" class=\"icon-help icon-sm\"></a></td></tr><tr class=\"help-area\" nameref=\"cb24\"><td></td><td colspan=\"2\"><div class=\"help\">Loading...</div></td><td></td></tr><tr class=\"rowvg-start\" nameref=\"cb24\" style=\"display: none;\"></tr><tr class=\"row-set-end rowvg-end optional-block-end\"></tr></tbody></table></td><td></td></tr><tr><td colspan=\"4\"><div class=\"section-header\"><a id=\"section1\" class=\"section-anchor\">#</a>Source Code Management</div></td></tr><script src=\"/adjuncts/fd2e7eb0/lib/form/radioBlock/radioBlock.js\" type=\"text/javascript\"></script><tr class=\"radio-block-start row-set-start\" hashelp=\"false\" ref=\"radio-block-9\"><td colspan=\"3\"><label><input name=\"scm\" checked=\"true\" type=\"radio\" value=\"0\" class=\"radio-block-control\" id=\"radio-block-9\" path=\"/scm[0]\">\n        None\n      </label></td><td class=\"setting-no-help\"></td></tr><tr style=\"display:none\" class=\"row-set-end radio-block-end\"></tr><tr class=\"radio-block-start row-set-start\" hashelp=\"false\" ref=\"radio-block-10\"><td colspan=\"3\"><label><input name=\"scm\" type=\"radio\" value=\"1\" class=\"radio-block-control\" id=\"radio-block-10\" path=\"/scm[1]\">\n        CVS\n      </label></td><td class=\"setting-no-help\"></td></tr><tr nameref=\"radio-block-10\" style=\"display: none;\"><td class=\"setting-leftspace\">&nbsp;</td><td class=\"setting-name\"></td><td class=\"setting-main\"><div class=\"repeated-container\"><div name=\"repositories\" class=\"repeated-chunk first last only\"><table style=\"width:100%\"><tbody><tr><td class=\"setting-leftspace\">&nbsp;</td><td class=\"setting-name\">CVSROOT</td><td class=\"setting-main\">\n   \n\n  \n  <input checkdependson=\"\" checkurl=\"/job/molecular_voter/descriptorByName/hudson.scm.CvsRepository/checkCvsRoot\" name=\"_.cvsRoot\" type=\"text\" class=\"setting-input validated  \" value=\"\"></td><td class=\"setting-help\"><a helpurl=\"/descriptor/hudson.scm.CvsRepository/help/cvsRoot\" href=\"#\" class=\"help-button\" tabindex=\"9999\"><img src=\"/static/fd2e7eb0/images/16x16/help.png\" alt=\"Help for feature: CVSROOT\" style=\"width: 16px; height: 16px; \" class=\"icon-help icon-sm\"></a></td></tr><tr class=\"validation-error-area\"><td colspan=\"2\"></td><td><div class=\"error\"><img src=\"/static/fd2e7eb0/images/none.gif\" height=\"16\" width=\"1\">CVSROOT is mandatory</div></td><td></td></tr><tr class=\"help-area\"><td></td><td colspan=\"2\"><div class=\"help\">Loading...</div></td><td></td></tr><tr class=\"optional-block-start \" hashelp=\"false\" ref=\"cb25\"><td colspan=\"3\"><input onclick=\"javascript:updateOptionalBlock(this,true)\" name=\"passwordRequired\" type=\"checkbox\" class=\" \" id=\"cb25\"><label class=\"attach-previous\">This Connection Requires A Password</label></td><td class=\"setting-no-help\"></td></tr><tr class=\"rowvg-start\" style=\"display: none;\"></tr><tr style=\"display: none;\"><td class=\"setting-leftspace\">&nbsp;</td><td class=\"setting-name\">Password</td><td class=\"setting-main\"><input name=\"_.password\" type=\"password\" class=\"setting-input \" value=\"\"></td><td class=\"setting-no-help\"></td></tr><tr class=\"validation-error-area\" style=\"display: none;\"><td colspan=\"2\"></td><td></td><td></td></tr><tr class=\" rowvg-end optional-block-end\"></tr><tr><td class=\"setting-leftspace\">&nbsp;</td><td class=\"setting-name\"></td><td class=\"setting-main\"><div class=\"repeated-container\"><div name=\"repositoryItems\" class=\"repeated-chunk first last only\"><table style=\"width:100%\"><tbody><tr><td class=\"setting-leftspace\">&nbsp;</td><td class=\"setting-name\">Location</td><td class=\"setting-main\"><select class=\"setting-input dropdownList\"><option value=\"0\">Branch</option><option value=\"1\" selected=\"true\">Head</option><option value=\"2\">Tag</option></select></td><td class=\"setting-no-help\"></td></tr><tr class=\"dropdownList-container\"><td colspan=\"2\"></td><td colspan=\"2\"><table width=\"100%\" name=\"location\"><tbody><tr class=\"dropdownList-start rowvg-start\" field-disabled=\"true\" style=\"display: none;\"></tr><tr field-disabled=\"true\" style=\"display: none;\"><td class=\"setting-leftspace\">&nbsp;</td><td class=\"setting-name\">Branch Name</td><td class=\"setting-main\">\n   \n\n  \n  <input name=\"_.branchName\" type=\"text\" class=\"setting-input   \" value=\"\"></td><td class=\"setting-no-help\"></td></tr><tr class=\"validation-error-area\" field-disabled=\"true\" style=\"display: none;\"><td colspan=\"2\"></td><td></td><td></td></tr><tr field-disabled=\"true\" style=\"display: none;\"><td class=\"setting-leftspace\">&nbsp;</td><td class=\"setting-name\">Use Head If Not Found</td><td class=\"setting-main\"><input name=\"_.useHeadIfNotFound\" type=\"checkbox\" class=\" \"></td><td class=\"setting-no-help\"></td></tr><tr class=\"validation-error-area\" field-disabled=\"true\" style=\"display: none;\"><td colspan=\"2\"></td><td></td><td></td></tr><tr style=\"display: none;\" field-disabled=\"true\"><td><input name=\"stapler-class\" type=\"hidden\" value=\"hudson.scm.CvsRepositoryLocation$BranchRepositoryLocation\"><input name=\"$class\" type=\"hidden\" value=\"hudson.scm.CvsRepositoryLocation$BranchRepositoryLocation\"></td></tr><tr class=\"dropdownList-end rowvg-end\"></tr><tr class=\"dropdownList-start rowvg-start\"></tr><tr style=\"\"><td><input name=\"stapler-class\" type=\"hidden\" value=\"hudson.scm.CvsRepositoryLocation$HeadRepositoryLocation\"><input name=\"$class\" type=\"hidden\" value=\"hudson.scm.CvsRepositoryLocation$HeadRepositoryLocation\"></td></tr><tr class=\"dropdownList-end rowvg-end\"></tr><tr class=\"dropdownList-start rowvg-start\" field-disabled=\"true\" style=\"display: none;\"></tr><tr field-disabled=\"true\" style=\"display: none;\"><td class=\"setting-leftspace\">&nbsp;</td><td class=\"setting-name\">Tag Name</td><td class=\"setting-main\">\n   \n\n  \n  <input name=\"_.tagName\" type=\"text\" class=\"setting-input   \" value=\"\"></td><td class=\"setting-no-help\"></td></tr><tr class=\"validation-error-area\" field-disabled=\"true\" style=\"display: none;\"><td colspan=\"2\"></td><td></td><td></td></tr><tr field-disabled=\"true\" style=\"display: none;\"><td class=\"setting-leftspace\">&nbsp;</td><td class=\"setting-name\">Use Head If Not Found</td><td class=\"setting-main\"><input name=\"_.useHeadIfNotFound\" type=\"checkbox\" class=\" \"></td><td class=\"setting-no-help\"></td></tr><tr class=\"validation-error-area\" field-disabled=\"true\" style=\"display: none;\"><td colspan=\"2\"></td><td></td><td></td></tr><tr style=\"display: none;\" field-disabled=\"true\"><td><input name=\"stapler-class\" type=\"hidden\" value=\"hudson.scm.CvsRepositoryLocation$TagRepositoryLocation\"><input name=\"$class\" type=\"hidden\" value=\"hudson.scm.CvsRepositoryLocation$TagRepositoryLocation\"></td></tr><tr class=\"dropdownList-end rowvg-end\"></tr></tbody></table></td></tr><tr><td class=\"setting-leftspace\">&nbsp;</td><td class=\"setting-name\">Modules</td><td class=\"setting-main\"><div class=\"repeated-container\"><div name=\"modules\" class=\"repeated-chunk first last only\"><table style=\"width:100%\"><tbody><tr><td class=\"setting-leftspace\">&nbsp;</td><td class=\"setting-name\">Remote Name</td><td class=\"setting-main\">\n   \n\n  \n  <input checkdependson=\"\" checkurl=\"/job/molecular_voter/descriptorByName/hudson.scm.CvsModule/checkRemoteName\" name=\"_.remoteName\" type=\"text\" class=\"setting-input validated  \" value=\"\"></td><td class=\"setting-help\"><a helpurl=\"/descriptor/hudson.scm.CvsModule/help/remoteName\" href=\"#\" class=\"help-button\" tabindex=\"9999\"><img src=\"/static/fd2e7eb0/images/16x16/help.png\" alt=\"Help for feature: Remote Name\" style=\"width: 16px; height: 16px; \" class=\"icon-help icon-sm\"></a></td></tr><tr class=\"validation-error-area\"><td colspan=\"2\"></td><td><div class=\"error\"><img src=\"/static/fd2e7eb0/images/none.gif\" height=\"16\" width=\"1\">Remote Name is mandatory</div></td><td></td></tr><tr class=\"help-area\"><td></td><td colspan=\"2\"><div class=\"help\">Loading...</div></td><td></td></tr><tr><td class=\"setting-leftspace\">&nbsp;</td><td class=\"setting-name\">Local Name</td><td class=\"setting-main\">\n   \n\n  \n  <input name=\"_.localName\" type=\"text\" class=\"setting-input   \" value=\"\"></td><td class=\"setting-help\"><a helpurl=\"/descriptor/hudson.scm.CvsModule/help/localName\" href=\"#\" class=\"help-button\" tabindex=\"9999\"><img src=\"/static/fd2e7eb0/images/16x16/help.png\" alt=\"Help for feature: Local Name\" style=\"width: 16px; height: 16px; \" class=\"icon-help icon-sm\"></a></td></tr><tr class=\"validation-error-area\"><td colspan=\"2\"></td><td></td><td></td></tr><tr class=\"help-area\"><td></td><td colspan=\"2\"><div class=\"help\">Loading...</div></td><td></td></tr><tr><td class=\"setting-leftspace\">&nbsp;</td><td class=\"setting-name\"></td><td class=\"setting-main\"><div align=\"right\"><span class=\"yui-button yui-push-button repeatable-add show-if-last\" id=\"yui-gen12\"><span class=\"first-child\"><button type=\"button\" tabindex=\"0\" id=\"yui-gen12-button\">Add more modules...</button></span></span><span class=\"yui-button yui-push-button repeatable-delete show-if-not-only\" id=\"yui-gen21\"><span class=\"first-child\"><button type=\"button\" tabindex=\"0\" id=\"yui-gen21-button\">Delete</button></span></span></div></td><td class=\"setting-no-help\"></td></tr><tr class=\"validation-error-area\"><td colspan=\"2\"></td><td></td><td></td></tr></tbody></table></div><div class=\"repeatable-insertion-point\"></div></div></td><td class=\"setting-no-help\"></td></tr><tr class=\"validation-error-area\"><td colspan=\"2\"></td><td></td><td></td></tr><tr><td class=\"setting-leftspace\">&nbsp;</td><td class=\"setting-name\"></td><td class=\"setting-main\"><div align=\"right\"><span class=\"yui-button yui-push-button repeatable-add show-if-last\" id=\"yui-gen13\"><span class=\"first-child\"><button type=\"button\" tabindex=\"0\" id=\"yui-gen13-button\">Add more locations...</button></span></span><span class=\"yui-button yui-push-button repeatable-delete show-if-not-only\" id=\"yui-gen22\"><span class=\"first-child\"><button type=\"button\" tabindex=\"0\" id=\"yui-gen22-button\">Delete</button></span></span></div></td><td class=\"setting-no-help\"></td></tr><tr class=\"validation-error-area\"><td colspan=\"2\"></td><td></td><td></td></tr></tbody></table></div><div class=\"repeatable-insertion-point\"></div></div></td><td class=\"setting-no-help\"></td></tr><tr class=\"validation-error-area\"><td colspan=\"2\"></td><td></td><td></td></tr><tr><td></td><td></td><td><div style=\"\" class=\"advancedLink\"><span style=\"display: none\" id=\"id22\"><img src=\"/static/fd2e7eb0/images/24x24/notepad.png\" tooltip=\"One or more fields in this block have been edited.\" style=\"width: 24px; height: 24px; vertical-align: baseline\" class=\"icon-notepad icon-md\" title=\"One or more fields in this block have been edited.\"></span>&nbsp;<span class=\"yui-button yui-push-button advanced-button advancedButton\" id=\"yui-gen8\"><span class=\"first-child\"><button type=\"button\" tabindex=\"0\" id=\"yui-gen8-button\">Advanced...</button></span></span></div><table class=\"advancedBody\"><tbody><tr><td colspan=\"4\"><div class=\"section-header\"><a id=\"section3\" class=\"section-anchor\">#</a>Advanced Repository Options</div></td></tr><tr><td class=\"setting-leftspace\">&nbsp;</td><td class=\"setting-name\">Repository browser</td><td class=\"setting-main\"><select class=\"setting-input dropdownList\"><option value=\"auto\">(Auto)</option><option value=\"0\">FishEye</option><option value=\"1\">OpenGrok</option><option value=\"2\">ViewCVS</option></select></td><td class=\"setting-help\"><a helpurl=\"/help/scm-browsers/list.html\" href=\"#\" class=\"help-button\" tabindex=\"9999\"><img src=\"/static/fd2e7eb0/images/16x16/help.png\" alt=\"Help for feature: Repository browser\" style=\"width: 16px; height: 16px; \" class=\"icon-help icon-sm\"></a></td></tr><tr class=\"dropdownList-container\"><td colspan=\"2\"></td><td colspan=\"2\"><table width=\"100%\" name=\"repositoryBrowser\"><tbody><tr class=\"dropdownList-start rowvg-start\"></tr><tr class=\"dropdownList-end rowvg-end\"></tr><tr class=\"dropdownList-start rowvg-start\" field-disabled=\"true\" style=\"display: none;\"></tr><tr class=\"render-on-demand \" proxy=\"makeStaplerProxy('/$stapler/bound/c362f04b-59b3-4ac0-a6bd-232ba933cfe3','d9558d1b-578e-4743-a240-8717f9f0c41e',['render'])\" field-disabled=\"true\" style=\"display: none;\"></tr><tr style=\"display: none;\" field-disabled=\"true\"><td><input name=\"stapler-class\" type=\"hidden\" value=\"hudson.scm.browsers.FishEyeCVS\"><input name=\"$class\" type=\"hidden\" value=\"hudson.scm.browsers.FishEyeCVS\"></td></tr><tr class=\"dropdownList-end rowvg-end\"></tr><tr class=\"dropdownList-start rowvg-start\" field-disabled=\"true\" style=\"display: none;\"></tr><tr class=\"render-on-demand \" proxy=\"makeStaplerProxy('/$stapler/bound/b4c29d94-1888-489c-bd88-5c2114effa9a','d9558d1b-578e-4743-a240-8717f9f0c41e',['render'])\" field-disabled=\"true\" style=\"display: none;\"></tr><tr style=\"display: none;\" field-disabled=\"true\"><td><input name=\"stapler-class\" type=\"hidden\" value=\"hudson.scm.browsers.OpenGrok\"><input name=\"$class\" type=\"hidden\" value=\"hudson.scm.browsers.OpenGrok\"></td></tr><tr class=\"dropdownList-end rowvg-end\"></tr><tr class=\"dropdownList-start rowvg-start\" field-disabled=\"true\" style=\"display: none;\"></tr><tr class=\"render-on-demand \" proxy=\"makeStaplerProxy('/$stapler/bound/b68e4818-759e-404e-bd77-4e80af51f679','d9558d1b-578e-4743-a240-8717f9f0c41e',['render'])\" field-disabled=\"true\" style=\"display: none;\"></tr><tr style=\"display: none;\" field-disabled=\"true\"><td><input name=\"stapler-class\" type=\"hidden\" value=\"hudson.scm.browsers.ViewCVS\"><input name=\"$class\" type=\"hidden\" value=\"hudson.scm.browsers.ViewCVS\"></td></tr><tr class=\"dropdownList-end rowvg-end\"></tr></tbody></table></td></tr><tr class=\"help-area\"><td></td><td colspan=\"2\"><div class=\"help\">Loading...</div></td><td></td></tr><tr><td class=\"setting-leftspace\">&nbsp;</td><td class=\"setting-name\">Exclude Regions</td><td class=\"setting-main\"><div class=\"repeated-container\"><div name=\"excludedRegions\" class=\"repeated-chunk first last only\"><table style=\"width:100%\"><tbody><tr><td class=\"setting-leftspace\">&nbsp;</td><td class=\"setting-name\">Pattern</td><td class=\"setting-main\">\n   \n\n  \n  <input checkdependson=\"\" checkurl=\"/job/molecular_voter/descriptorByName/hudson.scm.ExcludedRegion/checkPattern\" name=\"_.pattern\" type=\"text\" class=\"setting-input validated  \" value=\"\"></td><td class=\"setting-no-help\"></td></tr><tr class=\"validation-error-area\"><td colspan=\"2\"></td><td><div></div></td><td></td></tr><tr><td class=\"setting-leftspace\">&nbsp;</td><td class=\"setting-name\"></td><td class=\"setting-main\"><div align=\"right\"><span class=\"yui-button yui-push-button repeatable-add show-if-last\" id=\"yui-gen14\"><span class=\"first-child\"><button type=\"button\" tabindex=\"0\" id=\"yui-gen14-button\">Add more patterns...</button></span></span><span class=\"yui-button yui-push-button repeatable-delete show-if-not-only\" id=\"yui-gen23\"><span class=\"first-child\"><button type=\"button\" tabindex=\"0\" id=\"yui-gen23-button\">Delete</button></span></span></div></td><td class=\"setting-no-help\"></td></tr><tr class=\"validation-error-area\"><td colspan=\"2\"></td><td></td><td></td></tr></tbody></table></div><div class=\"repeatable-insertion-point\"></div></div></td><td class=\"setting-no-help\"></td></tr><tr class=\"validation-error-area\"><td colspan=\"2\"></td><td></td><td></td></tr><tr><td class=\"setting-leftspace\">&nbsp;</td><td class=\"setting-name\">Compression Level</td><td class=\"setting-main\">\n\n   \n  <select fillurl=\"/job/molecular_voter/descriptorByName/hudson.scm.CvsRepository/fillCompressionLevelItems\" name=\"_.compressionLevel\" class=\"setting-input  select \" value=\"\"><option value=\"-1\">System Default</option><option value=\"0\">None</option><option value=\"1\">1</option><option value=\"2\">2</option><option value=\"3\">3 (Recommended)</option><option value=\"4\">4</option><option value=\"5\">5</option><option value=\"6\">6</option><option value=\"7\">7</option><option value=\"8\">8</option><option value=\"9\">9</option></select></td><td class=\"setting-no-help\"></td></tr><tr class=\"validation-error-area\"><td colspan=\"2\"></td><td></td><td></td></tr></tbody></table></td><td></td></tr><tr><td class=\"setting-leftspace\">&nbsp;</td><td class=\"setting-name\"></td><td class=\"setting-main\"><div align=\"right\"><span class=\"yui-button yui-push-button repeatable-add show-if-last\" id=\"yui-gen15\"><span class=\"first-child\"><button type=\"button\" tabindex=\"0\" id=\"yui-gen15-button\">Add more repositories...</button></span></span><span class=\"yui-button yui-push-button repeatable-delete show-if-not-only\" id=\"yui-gen24\"><span class=\"first-child\"><button type=\"button\" tabindex=\"0\" id=\"yui-gen24-button\">Delete</button></span></span></div></td><td class=\"setting-no-help\"></td></tr><tr class=\"validation-error-area\"><td colspan=\"2\"></td><td></td><td></td></tr></tbody></table></div><div class=\"repeatable-insertion-point\"></div></div></td><td class=\"setting-no-help\"></td></tr><tr class=\"validation-error-area\" nameref=\"radio-block-10\" style=\"display: none;\"><td colspan=\"2\"></td><td></td><td></td></tr><tr nameref=\"radio-block-10\" style=\"display: none;\"><td class=\"setting-leftspace\">&nbsp;</td><td class=\"setting-name\">Use Update</td><td class=\"setting-main\"><input name=\"_.canUseUpdate\" checked=\"true\" type=\"checkbox\" class=\" \"></td><td class=\"setting-help\"><a helpurl=\"/descriptor/hudson.scm.CVSSCM/help/canUseUpdate\" href=\"#\" class=\"help-button\" tabindex=\"9999\"><img src=\"/static/fd2e7eb0/images/16x16/help.png\" alt=\"Help for feature: Use Update\" style=\"width: 16px; height: 16px; \" class=\"icon-help icon-sm\"></a></td></tr><tr class=\"validation-error-area\" nameref=\"radio-block-10\" style=\"display: none;\"><td colspan=\"2\"></td><td></td><td></td></tr><tr class=\"help-area\" nameref=\"radio-block-10\" style=\"display: none;\"><td></td><td colspan=\"2\"><div class=\"help\">Loading...</div></td><td></td></tr><tr nameref=\"radio-block-10\" style=\"display: none;\"><td class=\"setting-leftspace\">&nbsp;</td><td class=\"setting-name\">Prune Empty Directories</td><td class=\"setting-main\"><input name=\"_.pruneEmptyDirectories\" checked=\"true\" type=\"checkbox\" class=\" \"></td><td class=\"setting-help\"><a helpurl=\"/descriptor/hudson.scm.CVSSCM/help/pruneEmptyDirectories\" href=\"#\" class=\"help-button\" tabindex=\"9999\"><img src=\"/static/fd2e7eb0/images/16x16/help.png\" alt=\"Help for feature: Prune Empty Directories\" style=\"width: 16px; height: 16px; \" class=\"icon-help icon-sm\"></a></td></tr><tr class=\"validation-error-area\" nameref=\"radio-block-10\" style=\"display: none;\"><td colspan=\"2\"></td><td></td><td></td></tr><tr class=\"help-area\" nameref=\"radio-block-10\" style=\"display: none;\"><td></td><td colspan=\"2\"><div class=\"help\">Loading...</div></td><td></td></tr><tr nameref=\"radio-block-10\" style=\"display: none;\"><td class=\"setting-leftspace\">&nbsp;</td><td class=\"setting-name\">Legacy Mode</td><td class=\"setting-main\"><input name=\"_.legacy\" type=\"checkbox\" class=\" \"><label class=\"attach-previous\">(run CVS in a way compatible with older versions of Hudson &lt;1.21)</label></td><td class=\"setting-help\"><a helpurl=\"/descriptor/hudson.scm.CVSSCM/help/legacy\" href=\"#\" class=\"help-button\" tabindex=\"9999\"><img src=\"/static/fd2e7eb0/images/16x16/help.png\" alt=\"Help for feature: Legacy Mode\" style=\"width: 16px; height: 16px; \" class=\"icon-help icon-sm\"></a></td></tr><tr class=\"validation-error-area\" nameref=\"radio-block-10\" style=\"display: none;\"><td colspan=\"2\"></td><td></td><td></td></tr><tr class=\"help-area\" nameref=\"radio-block-10\" style=\"display: none;\"><td></td><td colspan=\"2\"><div class=\"help\">Loading...</div></td><td></td></tr><tr nameref=\"radio-block-10\" style=\"display: none;\"><td class=\"setting-leftspace\">&nbsp;</td><td class=\"setting-name\">Skip Changelog</td><td class=\"setting-main\"><input name=\"_.skipChangeLog\" type=\"checkbox\" class=\" \"></td><td class=\"setting-help\"><a helpurl=\"/descriptor/hudson.scm.CVSSCM/help/skipChangeLog\" href=\"#\" class=\"help-button\" tabindex=\"9999\"><img src=\"/static/fd2e7eb0/images/16x16/help.png\" alt=\"Help for feature: Skip Changelog\" style=\"width: 16px; height: 16px; \" class=\"icon-help icon-sm\"></a></td></tr><tr class=\"validation-error-area\" nameref=\"radio-block-10\" style=\"display: none;\"><td colspan=\"2\"></td><td></td><td></td></tr><tr class=\"help-area\" nameref=\"radio-block-10\" style=\"display: none;\"><td></td><td colspan=\"2\"><div class=\"help\">Loading...</div></td><td></td></tr><tr nameref=\"radio-block-10\" style=\"display: none;\"><td class=\"setting-leftspace\">&nbsp;</td><td class=\"setting-name\">Show all CVS output</td><td class=\"setting-main\"><input name=\"_.disableCvsQuiet\" type=\"checkbox\" class=\" \"></td><td class=\"setting-help\"><a helpurl=\"/descriptor/hudson.scm.CVSSCM/help/disableCvsQuiet\" href=\"#\" class=\"help-button\" tabindex=\"9999\"><img src=\"/static/fd2e7eb0/images/16x16/help.png\" alt=\"Help for feature: Show all CVS output\" style=\"width: 16px; height: 16px; \" class=\"icon-help icon-sm\"></a></td></tr><tr class=\"validation-error-area\" nameref=\"radio-block-10\" style=\"display: none;\"><td colspan=\"2\"></td><td></td><td></td></tr><tr class=\"help-area\" nameref=\"radio-block-10\" style=\"display: none;\"><td></td><td colspan=\"2\"><div class=\"help\">Loading...</div></td><td></td></tr><tr nameref=\"radio-block-10\" style=\"display: none;\"><td class=\"setting-leftspace\">&nbsp;</td><td class=\"setting-name\">Perform clean checkout on failed update</td><td class=\"setting-main\"><input name=\"_.cleanOnFailedUpdate\" type=\"checkbox\" class=\" \"></td><td class=\"setting-help\"><a helpurl=\"/descriptor/hudson.scm.CVSSCM/help/cleanOnFailedUpdate\" href=\"#\" class=\"help-button\" tabindex=\"9999\"><img src=\"/static/fd2e7eb0/images/16x16/help.png\" alt=\"Help for feature: Perform clean checkout on failed update\" style=\"width: 16px; height: 16px; \" class=\"icon-help icon-sm\"></a></td></tr><tr class=\"validation-error-area\" nameref=\"radio-block-10\" style=\"display: none;\"><td colspan=\"2\"></td><td></td><td></td></tr><tr class=\"help-area\" nameref=\"radio-block-10\" style=\"display: none;\"><td></td><td colspan=\"2\"><div class=\"help\">Loading...</div></td><td></td></tr><tr nameref=\"radio-block-10\" style=\"display: none;\"><td class=\"setting-leftspace\">&nbsp;</td><td class=\"setting-name\">Force clean copy for locally modified files</td><td class=\"setting-main\"><input name=\"_.forceCleanCopy\" type=\"checkbox\" class=\" \"></td><td class=\"setting-help\"><a helpurl=\"/descriptor/hudson.scm.CVSSCM/help/forceCleanCopy\" href=\"#\" class=\"help-button\" tabindex=\"9999\"><img src=\"/static/fd2e7eb0/images/16x16/help.png\" alt=\"Help for feature: Force clean copy for locally modified files\" style=\"width: 16px; height: 16px; \" class=\"icon-help icon-sm\"></a></td></tr><tr class=\"validation-error-area\" nameref=\"radio-block-10\" style=\"display: none;\"><td colspan=\"2\"></td><td></td><td></td></tr><tr class=\"help-area\" nameref=\"radio-block-10\" style=\"display: none;\"><td></td><td colspan=\"2\"><div class=\"help\">Loading...</div></td><td></td></tr><tr style=\"display:none\" class=\"row-set-end radio-block-end\"></tr><tr class=\"radio-block-start row-set-start\" hashelp=\"false\" ref=\"radio-block-11\"><td colspan=\"3\"><label><input name=\"scm\" type=\"radio\" value=\"2\" class=\"radio-block-control\" id=\"radio-block-11\" path=\"/scm[2]\">\n        CVS Projectset\n      </label></td><td class=\"setting-no-help\"></td></tr><tr nameref=\"radio-block-11\" style=\"display: none;\"><td class=\"setting-leftspace\">&nbsp;</td><td class=\"setting-name\"></td><td class=\"setting-main\"><div class=\"repeated-container\"><div name=\"repositories\" class=\"repeated-chunk first last only\"><table style=\"width:100%\"><tbody><tr><td class=\"setting-leftspace\">&nbsp;</td><td class=\"setting-name\">CVSROOT</td><td class=\"setting-main\">\n   \n\n  \n  <input checkdependson=\"\" checkurl=\"/job/molecular_voter/descriptorByName/hudson.scm.CvsRepository/checkCvsRoot\" name=\"_.cvsRoot\" type=\"text\" class=\"setting-input validated  \" value=\"\"></td><td class=\"setting-help\"><a helpurl=\"/descriptor/hudson.scm.CvsRepository/help/cvsRoot\" href=\"#\" class=\"help-button\" tabindex=\"9999\"><img src=\"/static/fd2e7eb0/images/16x16/help.png\" alt=\"Help for feature: CVSROOT\" style=\"width: 16px; height: 16px; \" class=\"icon-help icon-sm\"></a></td></tr><tr class=\"validation-error-area\"><td colspan=\"2\"></td><td><div class=\"error\"><img src=\"/static/fd2e7eb0/images/none.gif\" height=\"16\" width=\"1\">CVSROOT is mandatory</div></td><td></td></tr><tr class=\"help-area\"><td></td><td colspan=\"2\"><div class=\"help\">Loading...</div></td><td></td></tr><tr class=\"optional-block-start \" hashelp=\"false\" ref=\"cb26\"><td colspan=\"3\"><input onclick=\"javascript:updateOptionalBlock(this,true)\" name=\"passwordRequired\" type=\"checkbox\" class=\" \" id=\"cb26\"><label class=\"attach-previous\">This Connection Requires A Password</label></td><td class=\"setting-no-help\"></td></tr><tr class=\"rowvg-start\" style=\"display: none;\"></tr><tr style=\"display: none;\"><td class=\"setting-leftspace\">&nbsp;</td><td class=\"setting-name\">Password</td><td class=\"setting-main\"><input name=\"_.password\" type=\"password\" class=\"setting-input \" value=\"\"></td><td class=\"setting-no-help\"></td></tr><tr class=\"validation-error-area\" style=\"display: none;\"><td colspan=\"2\"></td><td></td><td></td></tr><tr class=\" rowvg-end optional-block-end\"></tr><tr><td class=\"setting-leftspace\">&nbsp;</td><td class=\"setting-name\"></td><td class=\"setting-main\"><div class=\"repeated-container\"><div name=\"repositoryItems\" class=\"repeated-chunk first last only\"><table style=\"width:100%\"><tbody><tr><td class=\"setting-leftspace\">&nbsp;</td><td class=\"setting-name\">Location</td><td class=\"setting-main\"><select class=\"setting-input dropdownList\"><option value=\"0\">Branch</option><option value=\"1\" selected=\"true\">Head</option><option value=\"2\">Tag</option></select></td><td class=\"setting-no-help\"></td></tr><tr class=\"dropdownList-container\"><td colspan=\"2\"></td><td colspan=\"2\"><table width=\"100%\" name=\"location\"><tbody><tr class=\"dropdownList-start rowvg-start\" field-disabled=\"true\" style=\"display: none;\"></tr><tr field-disabled=\"true\" style=\"display: none;\"><td class=\"setting-leftspace\">&nbsp;</td><td class=\"setting-name\">Branch Name</td><td class=\"setting-main\">\n   \n\n  \n  <input name=\"_.branchName\" type=\"text\" class=\"setting-input   \" value=\"\"></td><td class=\"setting-no-help\"></td></tr><tr class=\"validation-error-area\" field-disabled=\"true\" style=\"display: none;\"><td colspan=\"2\"></td><td></td><td></td></tr><tr field-disabled=\"true\" style=\"display: none;\"><td class=\"setting-leftspace\">&nbsp;</td><td class=\"setting-name\">Use Head If Not Found</td><td class=\"setting-main\"><input name=\"_.useHeadIfNotFound\" type=\"checkbox\" class=\" \"></td><td class=\"setting-no-help\"></td></tr><tr class=\"validation-error-area\" field-disabled=\"true\" style=\"display: none;\"><td colspan=\"2\"></td><td></td><td></td></tr><tr style=\"display: none;\" field-disabled=\"true\"><td><input name=\"stapler-class\" type=\"hidden\" value=\"hudson.scm.CvsRepositoryLocation$BranchRepositoryLocation\"><input name=\"$class\" type=\"hidden\" value=\"hudson.scm.CvsRepositoryLocation$BranchRepositoryLocation\"></td></tr><tr class=\"dropdownList-end rowvg-end\"></tr><tr class=\"dropdownList-start rowvg-start\"></tr><tr style=\"\"><td><input name=\"stapler-class\" type=\"hidden\" value=\"hudson.scm.CvsRepositoryLocation$HeadRepositoryLocation\"><input name=\"$class\" type=\"hidden\" value=\"hudson.scm.CvsRepositoryLocation$HeadRepositoryLocation\"></td></tr><tr class=\"dropdownList-end rowvg-end\"></tr><tr class=\"dropdownList-start rowvg-start\" field-disabled=\"true\" style=\"display: none;\"></tr><tr field-disabled=\"true\" style=\"display: none;\"><td class=\"setting-leftspace\">&nbsp;</td><td class=\"setting-name\">Tag Name</td><td class=\"setting-main\">\n   \n\n  \n  <input name=\"_.tagName\" type=\"text\" class=\"setting-input   \" value=\"\"></td><td class=\"setting-no-help\"></td></tr><tr class=\"validation-error-area\" field-disabled=\"true\" style=\"display: none;\"><td colspan=\"2\"></td><td></td><td></td></tr><tr field-disabled=\"true\" style=\"display: none;\"><td class=\"setting-leftspace\">&nbsp;</td><td class=\"setting-name\">Use Head If Not Found</td><td class=\"setting-main\"><input name=\"_.useHeadIfNotFound\" type=\"checkbox\" class=\" \"></td><td class=\"setting-no-help\"></td></tr><tr class=\"validation-error-area\" field-disabled=\"true\" style=\"display: none;\"><td colspan=\"2\"></td><td></td><td></td></tr><tr style=\"display: none;\" field-disabled=\"true\"><td><input name=\"stapler-class\" type=\"hidden\" value=\"hudson.scm.CvsRepositoryLocation$TagRepositoryLocation\"><input name=\"$class\" type=\"hidden\" value=\"hudson.scm.CvsRepositoryLocation$TagRepositoryLocation\"></td></tr><tr class=\"dropdownList-end rowvg-end\"></tr></tbody></table></td></tr><tr><td class=\"setting-leftspace\">&nbsp;</td><td class=\"setting-name\">Modules</td><td class=\"setting-main\"><div class=\"repeated-container\"><div name=\"modules\" class=\"repeated-chunk first last only\"><table style=\"width:100%\"><tbody><tr><td class=\"setting-leftspace\">&nbsp;</td><td class=\"setting-name\">Remote Name</td><td class=\"setting-main\">\n   \n\n  \n  <input checkdependson=\"\" checkurl=\"/job/molecular_voter/descriptorByName/hudson.scm.CvsModule/checkRemoteName\" name=\"_.remoteName\" type=\"text\" class=\"setting-input validated  \" value=\"\"></td><td class=\"setting-help\"><a helpurl=\"/descriptor/hudson.scm.CvsModule/help/remoteName\" href=\"#\" class=\"help-button\" tabindex=\"9999\"><img src=\"/static/fd2e7eb0/images/16x16/help.png\" alt=\"Help for feature: Remote Name\" style=\"width: 16px; height: 16px; \" class=\"icon-help icon-sm\"></a></td></tr><tr class=\"validation-error-area\"><td colspan=\"2\"></td><td><div class=\"error\"><img src=\"/static/fd2e7eb0/images/none.gif\" height=\"16\" width=\"1\">Remote Name is mandatory</div></td><td></td></tr><tr class=\"help-area\"><td></td><td colspan=\"2\"><div class=\"help\">Loading...</div></td><td></td></tr><tr><td class=\"setting-leftspace\">&nbsp;</td><td class=\"setting-name\">Local Name</td><td class=\"setting-main\">\n   \n\n  \n  <input name=\"_.localName\" type=\"text\" class=\"setting-input   \" value=\"\"></td><td class=\"setting-help\"><a helpurl=\"/descriptor/hudson.scm.CvsModule/help/localName\" href=\"#\" class=\"help-button\" tabindex=\"9999\"><img src=\"/static/fd2e7eb0/images/16x16/help.png\" alt=\"Help for feature: Local Name\" style=\"width: 16px; height: 16px; \" class=\"icon-help icon-sm\"></a></td></tr><tr class=\"validation-error-area\"><td colspan=\"2\"></td><td></td><td></td></tr><tr class=\"help-area\"><td></td><td colspan=\"2\"><div class=\"help\">Loading...</div></td><td></td></tr><tr><td class=\"setting-leftspace\">&nbsp;</td><td class=\"setting-name\">Projectset File Name</td><td class=\"setting-main\">\n   \n\n  \n  <input checkdependson=\"\" checkurl=\"/job/molecular_voter/descriptorByName/hudson.scm.CvsModule/checkProjectsetFileName\" name=\"_.projectsetFileName\" type=\"text\" class=\"setting-input validated  \" value=\"\"></td><td class=\"setting-help\"><a helpurl=\"/descriptor/hudson.scm.CvsModule/help/projectsetFileName\" href=\"#\" class=\"help-button\" tabindex=\"9999\"><img src=\"/static/fd2e7eb0/images/16x16/help.png\" alt=\"Help for feature: Projectset File Name\" style=\"width: 16px; height: 16px; \" class=\"icon-help icon-sm\"></a></td></tr><tr class=\"validation-error-area\"><td colspan=\"2\"></td><td><div class=\"error\"><img src=\"/static/fd2e7eb0/images/none.gif\" height=\"16\" width=\"1\">Projectset file name is mandatory</div></td><td></td></tr><tr class=\"help-area\"><td></td><td colspan=\"2\"><div class=\"help\">Loading...</div></td><td></td></tr><tr><td class=\"setting-leftspace\">&nbsp;</td><td class=\"setting-name\"></td><td class=\"setting-main\"><div align=\"right\"><span class=\"yui-button yui-push-button repeatable-add show-if-last\" id=\"yui-gen16\"><span class=\"first-child\"><button type=\"button\" tabindex=\"0\" id=\"yui-gen16-button\">Add more modules...</button></span></span><span class=\"yui-button yui-push-button repeatable-delete show-if-not-only\" id=\"yui-gen25\"><span class=\"first-child\"><button type=\"button\" tabindex=\"0\" id=\"yui-gen25-button\">Delete</button></span></span></div></td><td class=\"setting-no-help\"></td></tr><tr class=\"validation-error-area\"><td colspan=\"2\"></td><td></td><td></td></tr></tbody></table></div><div class=\"repeatable-insertion-point\"></div></div></td><td class=\"setting-no-help\"></td></tr><tr class=\"validation-error-area\"><td colspan=\"2\"></td><td></td><td></td></tr><tr><td class=\"setting-leftspace\">&nbsp;</td><td class=\"setting-name\"></td><td class=\"setting-main\"><div align=\"right\"><span class=\"yui-button yui-push-button repeatable-add show-if-last\" id=\"yui-gen17\"><span class=\"first-child\"><button type=\"button\" tabindex=\"0\" id=\"yui-gen17-button\">Add more locations...</button></span></span><span class=\"yui-button yui-push-button repeatable-delete show-if-not-only\" id=\"yui-gen26\"><span class=\"first-child\"><button type=\"button\" tabindex=\"0\" id=\"yui-gen26-button\">Delete</button></span></span></div></td><td class=\"setting-no-help\"></td></tr><tr class=\"validation-error-area\"><td colspan=\"2\"></td><td></td><td></td></tr></tbody></table></div><div class=\"repeatable-insertion-point\"></div></div></td><td class=\"setting-no-help\"></td></tr><tr class=\"validation-error-area\"><td colspan=\"2\"></td><td></td><td></td></tr><tr><td></td><td></td><td><div style=\"\" class=\"advancedLink\"><span style=\"display: none\" id=\"id24\"><img src=\"/static/fd2e7eb0/images/24x24/notepad.png\" tooltip=\"One or more fields in this block have been edited.\" style=\"width: 24px; height: 24px; vertical-align: baseline\" class=\"icon-notepad icon-md\" title=\"One or more fields in this block have been edited.\"></span>&nbsp;<span class=\"yui-button yui-push-button advanced-button advancedButton\" id=\"yui-gen9\"><span class=\"first-child\"><button type=\"button\" tabindex=\"0\" id=\"yui-gen9-button\">Advanced...</button></span></span></div><table class=\"advancedBody\"><tbody><tr><td colspan=\"4\"><div class=\"section-header\"><a id=\"section5\" class=\"section-anchor\">#</a>Advanced Repository Options</div></td></tr><tr><td class=\"setting-leftspace\">&nbsp;</td><td class=\"setting-name\">Repository browser</td><td class=\"setting-main\"><select class=\"setting-input dropdownList\"><option value=\"auto\">(Auto)</option><option value=\"0\">FishEye</option><option value=\"1\">OpenGrok</option><option value=\"2\">ViewCVS</option></select></td><td class=\"setting-help\"><a helpurl=\"/help/scm-browsers/list.html\" href=\"#\" class=\"help-button\" tabindex=\"9999\"><img src=\"/static/fd2e7eb0/images/16x16/help.png\" alt=\"Help for feature: Repository browser\" style=\"width: 16px; height: 16px; \" class=\"icon-help icon-sm\"></a></td></tr><tr class=\"dropdownList-container\"><td colspan=\"2\"></td><td colspan=\"2\"><table width=\"100%\" name=\"repositoryBrowser\"><tbody><tr class=\"dropdownList-start rowvg-start\"></tr><tr class=\"dropdownList-end rowvg-end\"></tr><tr class=\"dropdownList-start rowvg-start\" field-disabled=\"true\" style=\"display: none;\"></tr><tr class=\"render-on-demand \" proxy=\"makeStaplerProxy('/$stapler/bound/04062b24-6e7e-4686-9fc2-a4b53cece068','d9558d1b-578e-4743-a240-8717f9f0c41e',['render'])\" field-disabled=\"true\" style=\"display: none;\"></tr><tr style=\"display: none;\" field-disabled=\"true\"><td><input name=\"stapler-class\" type=\"hidden\" value=\"hudson.scm.browsers.FishEyeCVS\"><input name=\"$class\" type=\"hidden\" value=\"hudson.scm.browsers.FishEyeCVS\"></td></tr><tr class=\"dropdownList-end rowvg-end\"></tr><tr class=\"dropdownList-start rowvg-start\" field-disabled=\"true\" style=\"display: none;\"></tr><tr class=\"render-on-demand \" proxy=\"makeStaplerProxy('/$stapler/bound/8f7f8593-dbd6-4d0e-a93d-d42851ab5c5f','d9558d1b-578e-4743-a240-8717f9f0c41e',['render'])\" field-disabled=\"true\" style=\"display: none;\"></tr><tr style=\"display: none;\" field-disabled=\"true\"><td><input name=\"stapler-class\" type=\"hidden\" value=\"hudson.scm.browsers.OpenGrok\"><input name=\"$class\" type=\"hidden\" value=\"hudson.scm.browsers.OpenGrok\"></td></tr><tr class=\"dropdownList-end rowvg-end\"></tr><tr class=\"dropdownList-start rowvg-start\" field-disabled=\"true\" style=\"display: none;\"></tr><tr class=\"render-on-demand \" proxy=\"makeStaplerProxy('/$stapler/bound/c776ee91-08c4-4065-a5b8-cad857123a08','d9558d1b-578e-4743-a240-8717f9f0c41e',['render'])\" field-disabled=\"true\" style=\"display: none;\"></tr><tr style=\"display: none;\" field-disabled=\"true\"><td><input name=\"stapler-class\" type=\"hidden\" value=\"hudson.scm.browsers.ViewCVS\"><input name=\"$class\" type=\"hidden\" value=\"hudson.scm.browsers.ViewCVS\"></td></tr><tr class=\"dropdownList-end rowvg-end\"></tr></tbody></table></td></tr><tr class=\"help-area\"><td></td><td colspan=\"2\"><div class=\"help\">Loading...</div></td><td></td></tr><tr><td class=\"setting-leftspace\">&nbsp;</td><td class=\"setting-name\">Exclude Regions</td><td class=\"setting-main\"><div class=\"repeated-container\"><div name=\"excludedRegions\" class=\"repeated-chunk first last only\"><table style=\"width:100%\"><tbody><tr><td class=\"setting-leftspace\">&nbsp;</td><td class=\"setting-name\">Pattern</td><td class=\"setting-main\">\n   \n\n  \n  <input checkdependson=\"\" checkurl=\"/job/molecular_voter/descriptorByName/hudson.scm.ExcludedRegion/checkPattern\" name=\"_.pattern\" type=\"text\" class=\"setting-input validated  \" value=\"\"></td><td class=\"setting-no-help\"></td></tr><tr class=\"validation-error-area\"><td colspan=\"2\"></td><td><div></div></td><td></td></tr><tr><td class=\"setting-leftspace\">&nbsp;</td><td class=\"setting-name\"></td><td class=\"setting-main\"><div align=\"right\"><span class=\"yui-button yui-push-button repeatable-add show-if-last\" id=\"yui-gen18\"><span class=\"first-child\"><button type=\"button\" tabindex=\"0\" id=\"yui-gen18-button\">Add more patterns...</button></span></span><span class=\"yui-button yui-push-button repeatable-delete show-if-not-only\" id=\"yui-gen27\"><span class=\"first-child\"><button type=\"button\" tabindex=\"0\" id=\"yui-gen27-button\">Delete</button></span></span></div></td><td class=\"setting-no-help\"></td></tr><tr class=\"validation-error-area\"><td colspan=\"2\"></td><td></td><td></td></tr></tbody></table></div><div class=\"repeatable-insertion-point\"></div></div></td><td class=\"setting-no-help\"></td></tr><tr class=\"validation-error-area\"><td colspan=\"2\"></td><td></td><td></td></tr><tr><td class=\"setting-leftspace\">&nbsp;</td><td class=\"setting-name\">Compression Level</td><td class=\"setting-main\">\n\n   \n  <select fillurl=\"/job/molecular_voter/descriptorByName/hudson.scm.CvsRepository/fillCompressionLevelItems\" name=\"_.compressionLevel\" class=\"setting-input  select \" value=\"\"><option value=\"-1\">System Default</option><option value=\"0\">None</option><option value=\"1\">1</option><option value=\"2\">2</option><option value=\"3\">3 (Recommended)</option><option value=\"4\">4</option><option value=\"5\">5</option><option value=\"6\">6</option><option value=\"7\">7</option><option value=\"8\">8</option><option value=\"9\">9</option></select></td><td class=\"setting-no-help\"></td></tr><tr class=\"validation-error-area\"><td colspan=\"2\"></td><td></td><td></td></tr></tbody></table></td><td></td></tr><tr><td class=\"setting-leftspace\">&nbsp;</td><td class=\"setting-name\"></td><td class=\"setting-main\"><div align=\"right\"><span class=\"yui-button yui-push-button repeatable-add show-if-last\" id=\"yui-gen19\"><span class=\"first-child\"><button type=\"button\" tabindex=\"0\" id=\"yui-gen19-button\">Add more repositories...</button></span></span><span class=\"yui-button yui-push-button repeatable-delete show-if-not-only\" id=\"yui-gen28\"><span class=\"first-child\"><button type=\"button\" tabindex=\"0\" id=\"yui-gen28-button\">Delete</button></span></span></div></td><td class=\"setting-no-help\"></td></tr><tr class=\"validation-error-area\"><td colspan=\"2\"></td><td></td><td></td></tr></tbody></table></div><div class=\"repeatable-insertion-point\"></div></div></td><td class=\"setting-no-help\"></td></tr><tr class=\"validation-error-area\" nameref=\"radio-block-11\" style=\"display: none;\"><td colspan=\"2\"></td><td></td><td></td></tr><tr nameref=\"radio-block-11\" style=\"display: none;\"><td class=\"setting-leftspace\">&nbsp;</td><td class=\"setting-name\">Use Update</td><td class=\"setting-main\"><input name=\"_.canUseUpdate\" checked=\"true\" type=\"checkbox\" class=\" \"></td><td class=\"setting-help\"><a helpurl=\"/descriptor/hudson.scm.CvsProjectset/help/canUseUpdate\" href=\"#\" class=\"help-button\" tabindex=\"9999\"><img src=\"/static/fd2e7eb0/images/16x16/help.png\" alt=\"Help for feature: Use Update\" style=\"width: 16px; height: 16px; \" class=\"icon-help icon-sm\"></a></td></tr><tr class=\"validation-error-area\" nameref=\"radio-block-11\" style=\"display: none;\"><td colspan=\"2\"></td><td></td><td></td></tr><tr class=\"help-area\" nameref=\"radio-block-11\" style=\"display: none;\"><td></td><td colspan=\"2\"><div class=\"help\">Loading...</div></td><td></td></tr><tr nameref=\"radio-block-11\" style=\"display: none;\"><td class=\"setting-leftspace\">&nbsp;</td><td class=\"setting-name\">Username</td><td class=\"setting-main\">\n   \n\n  \n  <input name=\"_.username\" type=\"text\" class=\"setting-input   \" value=\"\"></td><td class=\"setting-help\"><a helpurl=\"/descriptor/hudson.scm.CvsProjectset/help/username\" href=\"#\" class=\"help-button\" tabindex=\"9999\"><img src=\"/static/fd2e7eb0/images/16x16/help.png\" alt=\"Help for feature: Username\" style=\"width: 16px; height: 16px; \" class=\"icon-help icon-sm\"></a></td></tr><tr class=\"validation-error-area\" nameref=\"radio-block-11\" style=\"display: none;\"><td colspan=\"2\"></td><td></td><td></td></tr><tr class=\"help-area\" nameref=\"radio-block-11\" style=\"display: none;\"><td></td><td colspan=\"2\"><div class=\"help\">Loading...</div></td><td></td></tr><tr nameref=\"radio-block-11\" style=\"display: none;\"><td class=\"setting-leftspace\">&nbsp;</td><td class=\"setting-name\">Password</td><td class=\"setting-main\"><input name=\"_.password\" type=\"password\" class=\"setting-input \" value=\"\"></td><td class=\"setting-help\"><a helpurl=\"/descriptor/hudson.scm.CvsProjectset/help/password\" href=\"#\" class=\"help-button\" tabindex=\"9999\"><img src=\"/static/fd2e7eb0/images/16x16/help.png\" alt=\"Help for feature: Password\" style=\"width: 16px; height: 16px; \" class=\"icon-help icon-sm\"></a></td></tr><tr class=\"validation-error-area\" nameref=\"radio-block-11\" style=\"display: none;\"><td colspan=\"2\"></td><td></td><td></td></tr><tr class=\"help-area\" nameref=\"radio-block-11\" style=\"display: none;\"><td></td><td colspan=\"2\"><div class=\"help\">Loading...</div></td><td></td></tr><tr nameref=\"radio-block-11\" style=\"display: none;\"><td class=\"setting-leftspace\">&nbsp;</td><td class=\"setting-name\">Prune Empty Directories</td><td class=\"setting-main\"><input name=\"_.pruneEmptyDirectories\" checked=\"true\" type=\"checkbox\" class=\" \"></td><td class=\"setting-help\"><a helpurl=\"/descriptor/hudson.scm.CvsProjectset/help/pruneEmptyDirectories\" href=\"#\" class=\"help-button\" tabindex=\"9999\"><img src=\"/static/fd2e7eb0/images/16x16/help.png\" alt=\"Help for feature: Prune Empty Directories\" style=\"width: 16px; height: 16px; \" class=\"icon-help icon-sm\"></a></td></tr><tr class=\"validation-error-area\" nameref=\"radio-block-11\" style=\"display: none;\"><td colspan=\"2\"></td><td></td><td></td></tr><tr class=\"help-area\" nameref=\"radio-block-11\" style=\"display: none;\"><td></td><td colspan=\"2\"><div class=\"help\">Loading...</div></td><td></td></tr><tr nameref=\"radio-block-11\" style=\"display: none;\"><td class=\"setting-leftspace\">&nbsp;</td><td class=\"setting-name\">Skip Changelog</td><td class=\"setting-main\"><input name=\"_.skipChangeLog\" type=\"checkbox\" class=\" \"></td><td class=\"setting-help\"><a helpurl=\"/descriptor/hudson.scm.CvsProjectset/help/skipChangeLog\" href=\"#\" class=\"help-button\" tabindex=\"9999\"><img src=\"/static/fd2e7eb0/images/16x16/help.png\" alt=\"Help for feature: Skip Changelog\" style=\"width: 16px; height: 16px; \" class=\"icon-help icon-sm\"></a></td></tr><tr class=\"validation-error-area\" nameref=\"radio-block-11\" style=\"display: none;\"><td colspan=\"2\"></td><td></td><td></td></tr><tr class=\"help-area\" nameref=\"radio-block-11\" style=\"display: none;\"><td></td><td colspan=\"2\"><div class=\"help\">Loading...</div></td><td></td></tr><tr nameref=\"radio-block-11\" style=\"display: none;\"><td class=\"setting-leftspace\">&nbsp;</td><td class=\"setting-name\">Show all CVS output</td><td class=\"setting-main\"><input name=\"_.disableCvsQuiet\" type=\"checkbox\" class=\" \"></td><td class=\"setting-help\"><a helpurl=\"/descriptor/hudson.scm.CvsProjectset/help/disableCvsQuiet\" href=\"#\" class=\"help-button\" tabindex=\"9999\"><img src=\"/static/fd2e7eb0/images/16x16/help.png\" alt=\"Help for feature: Show all CVS output\" style=\"width: 16px; height: 16px; \" class=\"icon-help icon-sm\"></a></td></tr><tr class=\"validation-error-area\" nameref=\"radio-block-11\" style=\"display: none;\"><td colspan=\"2\"></td><td></td><td></td></tr><tr class=\"help-area\" nameref=\"radio-block-11\" style=\"display: none;\"><td></td><td colspan=\"2\"><div class=\"help\">Loading...</div></td><td></td></tr><tr nameref=\"radio-block-11\" style=\"display: none;\"><td class=\"setting-leftspace\">&nbsp;</td><td class=\"setting-name\">Perform clean checkout on failed update</td><td class=\"setting-main\"><input name=\"_.cleanOnFailedUpdate\" type=\"checkbox\" class=\" \"></td><td class=\"setting-help\"><a helpurl=\"/descriptor/hudson.scm.CvsProjectset/help/cleanOnFailedUpdate\" href=\"#\" class=\"help-button\" tabindex=\"9999\"><img src=\"/static/fd2e7eb0/images/16x16/help.png\" alt=\"Help for feature: Perform clean checkout on failed update\" style=\"width: 16px; height: 16px; \" class=\"icon-help icon-sm\"></a></td></tr><tr class=\"validation-error-area\" nameref=\"radio-block-11\" style=\"display: none;\"><td colspan=\"2\"></td><td></td><td></td></tr><tr class=\"help-area\" nameref=\"radio-block-11\" style=\"display: none;\"><td></td><td colspan=\"2\"><div class=\"help\">Loading...</div></td><td></td></tr><tr nameref=\"radio-block-11\" style=\"display: none;\"><td class=\"setting-leftspace\">&nbsp;</td><td class=\"setting-name\">Repository browser</td><td class=\"setting-main\"><select class=\"setting-input dropdownList\"><option value=\"auto\">(Auto)</option><option value=\"0\">Cvs Facade Repository Browser</option><option value=\"1\">FishEye</option><option value=\"2\">OpenGrok</option><option value=\"3\">ViewCVS</option></select></td><td class=\"setting-help\"><a helpurl=\"/help/scm-browsers/list.html\" href=\"#\" class=\"help-button\" tabindex=\"9999\"><img src=\"/static/fd2e7eb0/images/16x16/help.png\" alt=\"Help for feature: Repository browser\" style=\"width: 16px; height: 16px; \" class=\"icon-help icon-sm\"></a></td></tr><tr class=\"dropdownList-container\" nameref=\"radio-block-11\" style=\"display: none;\"><td colspan=\"2\"></td><td colspan=\"2\"><table width=\"100%\" name=\"cvs.browser\"><tbody><tr class=\"dropdownList-start rowvg-start\"></tr><tr class=\"dropdownList-end rowvg-end\"></tr><tr class=\"dropdownList-start rowvg-start\" field-disabled=\"true\" style=\"display: none;\"></tr><tr class=\"render-on-demand \" proxy=\"makeStaplerProxy('/$stapler/bound/e7281308-9c37-4d04-9a1a-6f31237047cb','d9558d1b-578e-4743-a240-8717f9f0c41e',['render'])\" field-disabled=\"true\" style=\"display: none;\"></tr><tr style=\"display: none;\" field-disabled=\"true\"><td><input name=\"stapler-class\" type=\"hidden\" value=\"hudson.scm.browsers.CvsFacadeRepositoryBrowser\"><input name=\"$class\" type=\"hidden\" value=\"hudson.scm.browsers.CvsFacadeRepositoryBrowser\"></td></tr><tr class=\"dropdownList-end rowvg-end\"></tr><tr class=\"dropdownList-start rowvg-start\" field-disabled=\"true\" style=\"display: none;\"></tr><tr class=\"render-on-demand \" proxy=\"makeStaplerProxy('/$stapler/bound/63f29110-9075-41c7-a089-ecbca4f5f17b','d9558d1b-578e-4743-a240-8717f9f0c41e',['render'])\" field-disabled=\"true\" style=\"display: none;\"></tr><tr style=\"display: none;\" field-disabled=\"true\"><td><input name=\"stapler-class\" type=\"hidden\" value=\"hudson.scm.browsers.FishEyeCVS\"><input name=\"$class\" type=\"hidden\" value=\"hudson.scm.browsers.FishEyeCVS\"></td></tr><tr class=\"dropdownList-end rowvg-end\"></tr><tr class=\"dropdownList-start rowvg-start\" field-disabled=\"true\" style=\"display: none;\"></tr><tr class=\"render-on-demand \" proxy=\"makeStaplerProxy('/$stapler/bound/9f72f8ac-3680-4174-9c59-1046cdc63880','d9558d1b-578e-4743-a240-8717f9f0c41e',['render'])\" field-disabled=\"true\" style=\"display: none;\"></tr><tr style=\"display: none;\" field-disabled=\"true\"><td><input name=\"stapler-class\" type=\"hidden\" value=\"hudson.scm.browsers.OpenGrok\"><input name=\"$class\" type=\"hidden\" value=\"hudson.scm.browsers.OpenGrok\"></td></tr><tr class=\"dropdownList-end rowvg-end\"></tr><tr class=\"dropdownList-start rowvg-start\" field-disabled=\"true\" style=\"display: none;\"></tr><tr class=\"render-on-demand \" proxy=\"makeStaplerProxy('/$stapler/bound/86528b1a-2442-4353-8b3d-4c8ba7fca065','d9558d1b-578e-4743-a240-8717f9f0c41e',['render'])\" field-disabled=\"true\" style=\"display: none;\"></tr><tr style=\"display: none;\" field-disabled=\"true\"><td><input name=\"stapler-class\" type=\"hidden\" value=\"hudson.scm.browsers.ViewCVS\"><input name=\"$class\" type=\"hidden\" value=\"hudson.scm.browsers.ViewCVS\"></td></tr><tr class=\"dropdownList-end rowvg-end\"></tr></tbody></table></td></tr><tr class=\"help-area\" nameref=\"radio-block-11\" style=\"display: none;\"><td></td><td colspan=\"2\"><div class=\"help\">Loading...</div></td><td></td></tr><tr style=\"display:none\" class=\"row-set-end radio-block-end\"></tr><tr class=\"radio-block-start row-set-start\" hashelp=\"false\" ref=\"radio-block-12\"><td colspan=\"3\"><label><input name=\"scm\" type=\"radio\" value=\"3\" class=\"radio-block-control\" id=\"radio-block-12\" path=\"/scm[3]\">\n        Subversion\n      </label></td><td class=\"setting-no-help\"></td></tr><tr nameref=\"radio-block-12\" style=\"display: none;\"><td class=\"setting-leftspace\">&nbsp;</td><td class=\"setting-name\">Modules</td><td class=\"setting-main\"><div class=\"repeated-container\"><div name=\"locations\" class=\"repeated-chunk first last only\"><table width=\"100%\"><tbody><tr><td class=\"setting-leftspace\">&nbsp;</td><td class=\"setting-name\">Repository URL</td><td class=\"setting-main\">\n   \n\n  \n  <input checkdependson=\"\" id=\"svn.remote.loc\" checkurl=\"/job/molecular_voter/descriptorByName/hudson.scm.SubversionSCM/checkRemote\" name=\"_.remote\" type=\"text\" class=\"setting-input validated  \" value=\"\"></td><td class=\"setting-help\"><a helpurl=\"/scm/SubversionSCM/url-help\" href=\"#\" class=\"help-button\" tabindex=\"9999\"><img src=\"/static/fd2e7eb0/images/16x16/help.png\" alt=\"Help for feature: Repository URL\" style=\"width: 16px; height: 16px; \" class=\"icon-help icon-sm\"></a></td></tr><tr class=\"validation-error-area\"><td colspan=\"2\"></td><td><div class=\"error\"><img src=\"/static/fd2e7eb0/images/none.gif\" height=\"16\" width=\"1\">Repository URL is required.</div></td><td></td></tr><tr class=\"help-area\"><td></td><td colspan=\"2\"><div class=\"help\">Loading...</div></td><td></td></tr><tr><td class=\"setting-leftspace\">&nbsp;</td><td class=\"setting-name\">Local module directory (optional)</td><td class=\"setting-main\">\n   \n\n  \n  <input checkdependson=\"\" checkurl=\"/job/molecular_voter/descriptorByName/hudson.scm.SubversionSCM/checkLocal\" name=\"_.local\" type=\"text\" class=\"setting-input validated  \" value=\".\"></td><td class=\"setting-help\"><a helpurl=\"/descriptor/hudson.scm.SubversionSCM/help/local\" href=\"#\" class=\"help-button\" tabindex=\"9999\"><img src=\"/static/fd2e7eb0/images/16x16/help.png\" alt=\"Help for feature: Local module directory (optional)\" style=\"width: 16px; height: 16px; \" class=\"icon-help icon-sm\"></a></td></tr><tr class=\"validation-error-area\"><td colspan=\"2\"></td><td><div></div></td><td></td></tr><tr class=\"help-area\"><td></td><td colspan=\"2\"><div class=\"help\">Loading...</div></td><td></td></tr><tr><td class=\"setting-leftspace\">&nbsp;</td><td class=\"setting-name\">Repository depth</td><td class=\"setting-main\"><select name=\"depthOption\"><option value=\"infinity\">infinity</option><option value=\"empty\">empty</option><option value=\"files\">files</option><option value=\"immediates\">immediates</option><option value=\"unknown\">as-it-is</option></select></td><td class=\"setting-help\"><a helpurl=\"/descriptor/hudson.scm.SubversionSCM/help/depthOption\" href=\"#\" class=\"help-button\" tabindex=\"9999\"><img src=\"/static/fd2e7eb0/images/16x16/help.png\" alt=\"Help for feature: Repository depth\" style=\"width: 16px; height: 16px; \" class=\"icon-help icon-sm\"></a></td></tr><tr class=\"validation-error-area\"><td colspan=\"2\"></td><td></td><td></td></tr><tr class=\"help-area\"><td></td><td colspan=\"2\"><div class=\"help\">Loading...</div></td><td></td></tr><tr><td class=\"setting-leftspace\">&nbsp;</td><td class=\"setting-name\">Ignore externals</td><td class=\"setting-main\"><input name=\"_.ignoreExternalsOption\" type=\"checkbox\" class=\" \"></td><td class=\"setting-help\"><a helpurl=\"/descriptor/hudson.scm.SubversionSCM/help/ignoreExternalsOption\" href=\"#\" class=\"help-button\" tabindex=\"9999\"><img src=\"/static/fd2e7eb0/images/16x16/help.png\" alt=\"Help for feature: Ignore externals\" style=\"width: 16px; height: 16px; \" class=\"icon-help icon-sm\"></a></td></tr><tr class=\"validation-error-area\"><td colspan=\"2\"></td><td></td><td></td></tr><tr class=\"help-area\"><td></td><td colspan=\"2\"><div class=\"help\">Loading...</div></td><td></td></tr><tr><td class=\"setting-leftspace\">&nbsp;</td><td class=\"setting-name\"></td><td class=\"setting-main\"><div align=\"right\"><span class=\"yui-button yui-push-button repeatable-add show-if-last\" id=\"yui-gen20\"><span class=\"first-child\"><button type=\"button\" tabindex=\"0\" id=\"yui-gen20-button\">Add more locations...</button></span></span><span class=\"yui-button yui-push-button repeatable-delete show-if-not-only\" id=\"yui-gen29\"><span class=\"first-child\"><button type=\"button\" tabindex=\"0\" id=\"yui-gen29-button\">Delete</button></span></span></div></td><td class=\"setting-no-help\"></td></tr><tr class=\"validation-error-area\"><td colspan=\"2\"></td><td></td><td></td></tr></tbody></table></div><div class=\"repeatable-insertion-point\"></div></div></td><td class=\"setting-no-help\"></td></tr><tr class=\"validation-error-area\" nameref=\"radio-block-12\" style=\"display: none;\"><td colspan=\"2\"></td><td></td><td></td></tr><tr nameref=\"radio-block-12\" style=\"display: none;\"><td class=\"setting-leftspace\">&nbsp;</td><td class=\"setting-name\">Check-out Strategy</td><td class=\"setting-main\"><select class=\"setting-input dropdownList\"><option value=\"0\">Use 'svn update' as much as possible</option><option value=\"1\">Always check out a fresh copy</option><option value=\"2\">Emulate clean checkout by first deleting unversioned/ignored files, then 'svn update'</option><option value=\"3\">Use 'svn update' as much as possible, with 'svn revert' before update</option></select></td><td class=\"setting-no-help\"></td></tr><tr class=\"dropdownList-container\" nameref=\"radio-block-12\" style=\"display: none;\"><td colspan=\"2\"></td><td colspan=\"2\"><table width=\"100%\" name=\"workspaceUpdater\"><tbody><tr class=\"dropdownList-start rowvg-start\"></tr>\n      \n      <tr><td colspan=\"2\"></td><td class=\"setting-description\">Use 'svn update' whenever possible, making the build faster. But this causes the artifacts from the previous build to remain when a new build starts.</td><td></td></tr><tr style=\"\"><td><input name=\"stapler-class\" type=\"hidden\" value=\"hudson.scm.subversion.UpdateUpdater\"><input name=\"$class\" type=\"hidden\" value=\"hudson.scm.subversion.UpdateUpdater\"></td></tr><tr class=\"dropdownList-end rowvg-end\"></tr><tr class=\"dropdownList-start rowvg-start\" field-disabled=\"true\" style=\"display: none;\"></tr><tr class=\"render-on-demand \" proxy=\"makeStaplerProxy('/$stapler/bound/82d2422b-b2e1-449d-b4cd-48dec4b0d92a','d9558d1b-578e-4743-a240-8717f9f0c41e',['render'])\" field-disabled=\"true\" style=\"display: none;\"></tr><tr style=\"display: none;\" field-disabled=\"true\"><td><input name=\"stapler-class\" type=\"hidden\" value=\"hudson.scm.subversion.CheckoutUpdater\"><input name=\"$class\" type=\"hidden\" value=\"hudson.scm.subversion.CheckoutUpdater\"></td></tr><tr class=\"dropdownList-end rowvg-end\"></tr><tr class=\"dropdownList-start rowvg-start\" field-disabled=\"true\" style=\"display: none;\"></tr><tr class=\"render-on-demand \" proxy=\"makeStaplerProxy('/$stapler/bound/7b81285b-14a5-4648-8e1e-fa2d078bcd6a','d9558d1b-578e-4743-a240-8717f9f0c41e',['render'])\" field-disabled=\"true\" style=\"display: none;\"></tr><tr style=\"display: none;\" field-disabled=\"true\"><td><input name=\"stapler-class\" type=\"hidden\" value=\"hudson.scm.subversion.UpdateWithCleanUpdater\"><input name=\"$class\" type=\"hidden\" value=\"hudson.scm.subversion.UpdateWithCleanUpdater\"></td></tr><tr class=\"dropdownList-end rowvg-end\"></tr><tr class=\"dropdownList-start rowvg-start\" field-disabled=\"true\" style=\"display: none;\"></tr><tr class=\"render-on-demand \" proxy=\"makeStaplerProxy('/$stapler/bound/0eb44ccd-b123-4a22-a91a-0995846d3c17','d9558d1b-578e-4743-a240-8717f9f0c41e',['render'])\" field-disabled=\"true\" style=\"display: none;\"></tr><tr style=\"display: none;\" field-disabled=\"true\"><td><input name=\"stapler-class\" type=\"hidden\" value=\"hudson.scm.subversion.UpdateWithRevertUpdater\"><input name=\"$class\" type=\"hidden\" value=\"hudson.scm.subversion.UpdateWithRevertUpdater\"></td></tr><tr class=\"dropdownList-end rowvg-end\"></tr></tbody></table></td></tr><tr nameref=\"radio-block-12\" style=\"display: none;\"><td class=\"setting-leftspace\">&nbsp;</td><td class=\"setting-name\">Repository browser</td><td class=\"setting-main\"><select class=\"setting-input dropdownList\"><option value=\"auto\">(Auto)</option><option value=\"0\">Assembla</option><option value=\"1\">CollabNet</option><option value=\"2\">FishEye</option><option value=\"3\">SVN::Web</option><option value=\"4\">Sventon 1.x</option><option value=\"5\">Sventon 2.x</option><option value=\"6\">ViewSVN</option><option value=\"7\">WebSVN</option></select></td><td class=\"setting-help\"><a helpurl=\"/help/scm-browsers/list.html\" href=\"#\" class=\"help-button\" tabindex=\"9999\"><img src=\"/static/fd2e7eb0/images/16x16/help.png\" alt=\"Help for feature: Repository browser\" style=\"width: 16px; height: 16px; \" class=\"icon-help icon-sm\"></a></td></tr><tr class=\"dropdownList-container\" nameref=\"radio-block-12\" style=\"display: none;\"><td colspan=\"2\"></td><td colspan=\"2\"><table width=\"100%\" name=\"svn.browser\"><tbody><tr class=\"dropdownList-start rowvg-start\"></tr><tr class=\"dropdownList-end rowvg-end\"></tr><tr class=\"dropdownList-start rowvg-start\" field-disabled=\"true\" style=\"display: none;\"></tr><tr class=\"render-on-demand \" proxy=\"makeStaplerProxy('/$stapler/bound/2d0986f1-1410-47d8-912e-500cee1505e8','d9558d1b-578e-4743-a240-8717f9f0c41e',['render'])\" field-disabled=\"true\" style=\"display: none;\"></tr><tr style=\"display: none;\" field-disabled=\"true\"><td><input name=\"stapler-class\" type=\"hidden\" value=\"hudson.scm.browsers.Assembla\"><input name=\"$class\" type=\"hidden\" value=\"hudson.scm.browsers.Assembla\"></td></tr><tr class=\"dropdownList-end rowvg-end\"></tr><tr class=\"dropdownList-start rowvg-start\" field-disabled=\"true\" style=\"display: none;\"></tr><tr class=\"render-on-demand \" proxy=\"makeStaplerProxy('/$stapler/bound/2e3572b9-1336-42f9-ab8f-8f68f1cc3b9f','d9558d1b-578e-4743-a240-8717f9f0c41e',['render'])\" field-disabled=\"true\" style=\"display: none;\"></tr><tr style=\"display: none;\" field-disabled=\"true\"><td><input name=\"stapler-class\" type=\"hidden\" value=\"hudson.scm.browsers.CollabNetSVN\"><input name=\"$class\" type=\"hidden\" value=\"hudson.scm.browsers.CollabNetSVN\"></td></tr><tr class=\"dropdownList-end rowvg-end\"></tr><tr class=\"dropdownList-start rowvg-start\" field-disabled=\"true\" style=\"display: none;\"></tr><tr class=\"render-on-demand \" proxy=\"makeStaplerProxy('/$stapler/bound/0ac55bc8-789d-4f37-9314-10a65e9c2f34','d9558d1b-578e-4743-a240-8717f9f0c41e',['render'])\" field-disabled=\"true\" style=\"display: none;\"></tr><tr style=\"display: none;\" field-disabled=\"true\"><td><input name=\"stapler-class\" type=\"hidden\" value=\"hudson.scm.browsers.FishEyeSVN\"><input name=\"$class\" type=\"hidden\" value=\"hudson.scm.browsers.FishEyeSVN\"></td></tr><tr class=\"dropdownList-end rowvg-end\"></tr><tr class=\"dropdownList-start rowvg-start\" field-disabled=\"true\" style=\"display: none;\"></tr><tr class=\"render-on-demand \" proxy=\"makeStaplerProxy('/$stapler/bound/9e5e149d-a99e-4b89-809a-9fc261090ba8','d9558d1b-578e-4743-a240-8717f9f0c41e',['render'])\" field-disabled=\"true\" style=\"display: none;\"></tr><tr style=\"display: none;\" field-disabled=\"true\"><td><input name=\"stapler-class\" type=\"hidden\" value=\"hudson.scm.browsers.SVNWeb\"><input name=\"$class\" type=\"hidden\" value=\"hudson.scm.browsers.SVNWeb\"></td></tr><tr class=\"dropdownList-end rowvg-end\"></tr><tr class=\"dropdownList-start rowvg-start\" field-disabled=\"true\" style=\"display: none;\"></tr><tr class=\"render-on-demand \" proxy=\"makeStaplerProxy('/$stapler/bound/3a704380-c5fa-4c47-9b42-f515dbb01213','d9558d1b-578e-4743-a240-8717f9f0c41e',['render'])\" field-disabled=\"true\" style=\"display: none;\"></tr><tr style=\"display: none;\" field-disabled=\"true\"><td><input name=\"stapler-class\" type=\"hidden\" value=\"hudson.scm.browsers.Sventon\"><input name=\"$class\" type=\"hidden\" value=\"hudson.scm.browsers.Sventon\"></td></tr><tr class=\"dropdownList-end rowvg-end\"></tr><tr class=\"dropdownList-start rowvg-start\" field-disabled=\"true\" style=\"display: none;\"></tr><tr class=\"render-on-demand \" proxy=\"makeStaplerProxy('/$stapler/bound/b4bc496e-9406-4b19-9f38-009085a20a58','d9558d1b-578e-4743-a240-8717f9f0c41e',['render'])\" field-disabled=\"true\" style=\"display: none;\"></tr><tr style=\"display: none;\" field-disabled=\"true\"><td><input name=\"stapler-class\" type=\"hidden\" value=\"hudson.scm.browsers.Sventon2\"><input name=\"$class\" type=\"hidden\" value=\"hudson.scm.browsers.Sventon2\"></td></tr><tr class=\"dropdownList-end rowvg-end\"></tr><tr class=\"dropdownList-start rowvg-start\" field-disabled=\"true\" style=\"display: none;\"></tr><tr class=\"render-on-demand \" proxy=\"makeStaplerProxy('/$stapler/bound/8681d607-f864-47aa-8ee5-d12dbe381368','d9558d1b-578e-4743-a240-8717f9f0c41e',['render'])\" field-disabled=\"true\" style=\"display: none;\"></tr><tr style=\"display: none;\" field-disabled=\"true\"><td><input name=\"stapler-class\" type=\"hidden\" value=\"hudson.scm.browsers.ViewSVN\"><input name=\"$class\" type=\"hidden\" value=\"hudson.scm.browsers.ViewSVN\"></td></tr><tr class=\"dropdownList-end rowvg-end\"></tr><tr class=\"dropdownList-start rowvg-start\" field-disabled=\"true\" style=\"display: none;\"></tr><tr class=\"render-on-demand \" proxy=\"makeStaplerProxy('/$stapler/bound/9b383386-ec6e-485a-bb0e-af42f654d700','d9558d1b-578e-4743-a240-8717f9f0c41e',['render'])\" field-disabled=\"true\" style=\"display: none;\"></tr><tr style=\"display: none;\" field-disabled=\"true\"><td><input name=\"stapler-class\" type=\"hidden\" value=\"hudson.scm.browsers.WebSVN\"><input name=\"$class\" type=\"hidden\" value=\"hudson.scm.browsers.WebSVN\"></td></tr><tr class=\"dropdownList-end rowvg-end\"></tr></tbody></table></td></tr><tr class=\"help-area\" nameref=\"radio-block-12\" style=\"display: none;\"><td></td><td colspan=\"2\"><div class=\"help\">Loading...</div></td><td></td></tr><tr nameref=\"radio-block-12\" style=\"display: none;\"><td></td><td></td><td><div style=\"\" class=\"advancedLink\"><span style=\"display: none\" id=\"id25\"><img src=\"/static/fd2e7eb0/images/24x24/notepad.png\" tooltip=\"One or more fields in this block have been edited.\" style=\"width: 24px; height: 24px; vertical-align: baseline\" class=\"icon-notepad icon-md\" title=\"One or more fields in this block have been edited.\"></span>&nbsp;<span class=\"yui-button yui-push-button advanced-button advancedButton\" id=\"yui-gen10\"><span class=\"first-child\"><button type=\"button\" tabindex=\"0\" id=\"yui-gen10-button\">Advanced...</button></span></span></div><table class=\"advancedBody\"><tbody><tr><td class=\"setting-leftspace\">&nbsp;</td><td class=\"setting-name\">Ignore Property Changes on directories</td><td class=\"setting-main\"><input name=\"_.ignoreDirPropChanges\" type=\"checkbox\" class=\" \"></td><td class=\"setting-help\"><a helpurl=\"/descriptor/hudson.scm.SubversionSCM/help/ignoreDirPropChanges\" href=\"#\" class=\"help-button\" tabindex=\"9999\"><img src=\"/static/fd2e7eb0/images/16x16/help.png\" alt=\"Help for feature: Ignore Property Changes on directories\" style=\"width: 16px; height: 16px; \" class=\"icon-help icon-sm\"></a></td></tr><tr class=\"validation-error-area\"><td colspan=\"2\"></td><td></td><td></td></tr><tr class=\"help-area\"><td></td><td colspan=\"2\"><div class=\"help\">Loading...</div></td><td></td></tr><tr><td class=\"setting-leftspace\">&nbsp;</td><td class=\"setting-name\">Excluded Regions</td><td class=\"setting-main\"><textarea checkdependson=\"\" name=\"_.excludedRegions\" rows=\"5\" class=\"setting-input validated  \" checkurl=\"/job/molecular_voter/descriptorByName/hudson.scm.SubversionSCM/checkExcludedRegions\"></textarea><div class=\"textarea-handle\"></div></td><td class=\"setting-help\"><a helpurl=\"/descriptor/hudson.scm.SubversionSCM/help/excludedRegions\" href=\"#\" class=\"help-button\" tabindex=\"9999\"><img src=\"/static/fd2e7eb0/images/16x16/help.png\" alt=\"Help for feature: Excluded Regions\" style=\"width: 16px; height: 16px; \" class=\"icon-help icon-sm\"></a></td></tr><tr class=\"validation-error-area\"><td colspan=\"2\"></td><td><div></div></td><td></td></tr><tr class=\"help-area\"><td></td><td colspan=\"2\"><div class=\"help\">Loading...</div></td><td></td></tr><tr><td class=\"setting-leftspace\">&nbsp;</td><td class=\"setting-name\">Included Regions</td><td class=\"setting-main\"><textarea checkdependson=\"\" name=\"_.includedRegions\" rows=\"5\" class=\"setting-input validated  \" checkurl=\"/job/molecular_voter/descriptorByName/hudson.scm.SubversionSCM/checkIncludedRegions\"></textarea><div class=\"textarea-handle\"></div></td><td class=\"setting-help\"><a helpurl=\"/descriptor/hudson.scm.SubversionSCM/help/includedRegions\" href=\"#\" class=\"help-button\" tabindex=\"9999\"><img src=\"/static/fd2e7eb0/images/16x16/help.png\" alt=\"Help for feature: Included Regions\" style=\"width: 16px; height: 16px; \" class=\"icon-help icon-sm\"></a></td></tr><tr class=\"validation-error-area\"><td colspan=\"2\"></td><td><div></div></td><td></td></tr><tr class=\"help-area\"><td></td><td colspan=\"2\"><div class=\"help\">Loading...</div></td><td></td></tr><tr><td class=\"setting-leftspace\">&nbsp;</td><td class=\"setting-name\">Excluded Users</td><td class=\"setting-main\"><textarea checkdependson=\"\" name=\"_.excludedUsers\" rows=\"5\" class=\"setting-input validated  \" checkurl=\"/job/molecular_voter/descriptorByName/hudson.scm.SubversionSCM/checkExcludedUsers\"></textarea><div class=\"textarea-handle\"></div></td><td class=\"setting-help\"><a helpurl=\"/descriptor/hudson.scm.SubversionSCM/help/excludedUsers\" href=\"#\" class=\"help-button\" tabindex=\"9999\"><img src=\"/static/fd2e7eb0/images/16x16/help.png\" alt=\"Help for feature: Excluded Users\" style=\"width: 16px; height: 16px; \" class=\"icon-help icon-sm\"></a></td></tr><tr class=\"validation-error-area\"><td colspan=\"2\"></td><td><div></div></td><td></td></tr><tr class=\"help-area\"><td></td><td colspan=\"2\"><div class=\"help\">Loading...</div></td><td></td></tr><tr><td class=\"setting-leftspace\">&nbsp;</td><td class=\"setting-name\">Excluded Commit Messages</td><td class=\"setting-main\"><textarea checkdependson=\"\" name=\"_.excludedCommitMessages\" rows=\"5\" class=\"setting-input validated  \" checkurl=\"/job/molecular_voter/descriptorByName/hudson.scm.SubversionSCM/checkExcludedCommitMessages\"></textarea><div class=\"textarea-handle\"></div></td><td class=\"setting-help\"><a helpurl=\"/descriptor/hudson.scm.SubversionSCM/help/excludedCommitMessages\" href=\"#\" class=\"help-button\" tabindex=\"9999\"><img src=\"/static/fd2e7eb0/images/16x16/help.png\" alt=\"Help for feature: Excluded Commit Messages\" style=\"width: 16px; height: 16px; \" class=\"icon-help icon-sm\"></a></td></tr><tr class=\"validation-error-area\"><td colspan=\"2\"></td><td><div></div></td><td></td></tr><tr class=\"help-area\"><td></td><td colspan=\"2\"><div class=\"help\">Loading...</div></td><td></td></tr><tr><td class=\"setting-leftspace\">&nbsp;</td><td class=\"setting-name\">Exclusion revprop name</td><td class=\"setting-main\">\n   \n\n  \n  <input checkurl=\"'descriptorByName/hudson.scm.SubversionSCM/checkRevisionPropertiesSupported?value='+toValue(document.getElementById('svn.remote.loc'))\" name=\"_.excludedRevprop\" type=\"text\" class=\"setting-input validated  \" value=\"\"></td><td class=\"setting-help\"><a helpurl=\"/descriptor/hudson.scm.SubversionSCM/help/excludedRevprop\" href=\"#\" class=\"help-button\" tabindex=\"9999\"><img src=\"/static/fd2e7eb0/images/16x16/help.png\" alt=\"Help for feature: Exclusion revprop name\" style=\"width: 16px; height: 16px; \" class=\"icon-help icon-sm\"></a></td></tr><tr class=\"validation-error-area\"><td colspan=\"2\"></td><td><div></div></td><td></td></tr><tr class=\"help-area\"><td></td><td colspan=\"2\"><div class=\"help\">Loading...</div></td><td></td></tr><tr><td class=\"setting-leftspace\">&nbsp;</td><td class=\"setting-name\">Filter changelog</td><td class=\"setting-main\"><input name=\"_.filterChangelog\" type=\"checkbox\" class=\" \"></td><td class=\"setting-help\"><a helpurl=\"/descriptor/hudson.scm.SubversionSCM/help/filterChangelog\" href=\"#\" class=\"help-button\" tabindex=\"9999\"><img src=\"/static/fd2e7eb0/images/16x16/help.png\" alt=\"Help for feature: Filter changelog\" style=\"width: 16px; height: 16px; \" class=\"icon-help icon-sm\"></a></td></tr><tr class=\"validation-error-area\"><td colspan=\"2\"></td><td></td><td></td></tr><tr class=\"help-area\"><td></td><td colspan=\"2\"><div class=\"help\">Loading...</div></td><td></td></tr></tbody></table></td><td></td></tr><tr style=\"display:none\" class=\"row-set-end radio-block-end\"></tr><tr><td colspan=\"4\"><div class=\"section-header\"><a id=\"section6\" class=\"section-anchor\">#</a>Build Triggers</div></td></tr><tr class=\"optional-block-start row-set-start\" hashelp=\"true\" ref=\"cb27\"><td colspan=\"3\"><input onclick=\"javascript:updateOptionalBlock(this,true)\" name=\"jenkins-triggers-ReverseBuildTrigger\" type=\"checkbox\" class=\" \" id=\"cb27\" path=\"/jenkins-triggers-ReverseBuildTrigger\"><label class=\"attach-previous\">Build after other projects are built</label></td><td class=\"setting-help\"><a helpurl=\"/descriptor/jenkins.triggers.ReverseBuildTrigger/help\" href=\"#\" class=\"help-button\" tabindex=\"9999\"><img src=\"/static/fd2e7eb0/images/16x16/help.png\" alt=\"Help for feature: Build after other projects are built\" style=\"width: 16px; height: 16px; \" class=\"icon-help icon-sm\"></a></td></tr><tr class=\"help-area\" nameref=\"cb27\"><td></td><td colspan=\"2\"><div class=\"help\">Loading...</div></td><td></td></tr><tr class=\"rowvg-start\" nameref=\"cb27\" style=\"display: none;\"></tr><tr nameref=\"cb27\" style=\"display: none;\"><td class=\"setting-leftspace\">&nbsp;</td><td class=\"setting-name\">Projects to watch</td><td class=\"setting-main\">\n   \n\n  \n  <input checkdependson=\"\" autocompleteurl=\"/job/molecular_voter/descriptorByName/jenkins.triggers.ReverseBuildTrigger/autoCompleteUpstreamProjects\" checkurl=\"/job/molecular_voter/descriptorByName/jenkins.triggers.ReverseBuildTrigger/checkUpstreamProjects\" autocompletedelimchar=\",\" name=\"_.upstreamProjects\" type=\"text\" class=\"setting-input validated auto-complete  yui-ac-input\" value=\"\" autocomplete=\"off\" style=\"position: relative;\"><div class=\"yui-ac-container\"><div class=\"yui-ac-content\" style=\"display: none;\"><div class=\"yui-ac-hd\" style=\"display: none;\"></div><div class=\"yui-ac-bd\"><ul><li style=\"display: none;\"></li><li style=\"display: none;\"></li><li style=\"display: none;\"></li><li style=\"display: none;\"></li><li style=\"display: none;\"></li><li style=\"display: none;\"></li><li style=\"display: none;\"></li><li style=\"display: none;\"></li><li style=\"display: none;\"></li><li style=\"display: none;\"></li></ul></div><div class=\"yui-ac-ft\" style=\"display: none;\"></div></div></div></td><td class=\"setting-no-help\"></td></tr><tr class=\"validation-error-area\" nameref=\"cb27\" style=\"display: none;\"><td colspan=\"2\"></td><td><div class=\"error\"><img src=\"/static/fd2e7eb0/images/none.gif\" height=\"16\" width=\"1\">No project specified</div></td><td></td></tr><tr nameref=\"cb27\" style=\"display: none;\"><td class=\"setting-leftspace\">&nbsp;</td><td class=\"setting-name\"></td><td class=\"setting-main\"><input name=\"ReverseBuildTrigger.threshold\" checked=\"true\" type=\"radio\" value=\"SUCCESS\"><label class=\"attach-previous\">Trigger only if build is stable</label></td><td class=\"setting-no-help\"></td></tr><tr class=\"validation-error-area\" nameref=\"cb27\" style=\"display: none;\"><td colspan=\"2\"></td><td></td><td></td></tr><tr nameref=\"cb27\" style=\"display: none;\"><td class=\"setting-leftspace\">&nbsp;</td><td class=\"setting-name\"></td><td class=\"setting-main\"><input name=\"ReverseBuildTrigger.threshold\" type=\"radio\" value=\"UNSTABLE\"><label class=\"attach-previous\">Trigger even if the build is unstable</label></td><td class=\"setting-no-help\"></td></tr><tr class=\"validation-error-area\" nameref=\"cb27\" style=\"display: none;\"><td colspan=\"2\"></td><td></td><td></td></tr><tr nameref=\"cb27\" style=\"display: none;\"><td class=\"setting-leftspace\">&nbsp;</td><td class=\"setting-name\"></td><td class=\"setting-main\"><input name=\"ReverseBuildTrigger.threshold\" type=\"radio\" value=\"FAILURE\"><label class=\"attach-previous\">Trigger even if the build fails</label></td><td class=\"setting-no-help\"></td></tr><tr class=\"validation-error-area\" nameref=\"cb27\" style=\"display: none;\"><td colspan=\"2\"></td><td></td><td></td></tr><tr class=\"row-set-end rowvg-end optional-block-end\"></tr><tr class=\"optional-block-start row-set-start\" hashelp=\"true\" ref=\"cb28\"><td colspan=\"3\"><input onclick=\"javascript:updateOptionalBlock(this,true)\" name=\"hudson-triggers-TimerTrigger\" type=\"checkbox\" class=\" \" id=\"cb28\" path=\"/hudson-triggers-TimerTrigger\"><label class=\"attach-previous\">Build periodically</label></td><td class=\"setting-help\"><a helpurl=\"/descriptor/hudson.triggers.TimerTrigger/help\" href=\"#\" class=\"help-button\" tabindex=\"9999\"><img src=\"/static/fd2e7eb0/images/16x16/help.png\" alt=\"Help for feature: Build periodically\" style=\"width: 16px; height: 16px; \" class=\"icon-help icon-sm\"></a></td></tr><tr class=\"help-area\" nameref=\"cb28\"><td></td><td colspan=\"2\"><div class=\"help\">Loading...</div></td><td></td></tr><tr class=\"rowvg-start\" nameref=\"cb28\" style=\"display: none;\"></tr><tr nameref=\"cb28\" style=\"display: none;\"><td class=\"setting-leftspace\">&nbsp;</td><td class=\"setting-name\">Schedule</td><td class=\"setting-main\"><textarea checkdependson=\"\" name=\"_.spec\" rows=\"5\" class=\"setting-input validated  \" checkurl=\"/job/molecular_voter/descriptorByName/hudson.triggers.TimerTrigger/checkSpec\"></textarea><div class=\"textarea-handle\"></div></td><td class=\"setting-help\"><a helpurl=\"/descriptor/hudson.triggers.TimerTrigger/help/spec\" href=\"#\" class=\"help-button\" tabindex=\"9999\"><img src=\"/static/fd2e7eb0/images/16x16/help.png\" alt=\"Help for feature: Schedule\" style=\"width: 16px; height: 16px; \" class=\"icon-help icon-sm\"></a></td></tr><tr class=\"validation-error-area\" nameref=\"cb28\" style=\"display: none;\"><td colspan=\"2\"></td><td><div class=\"warning\"><img src=\"/static/fd2e7eb0/images/none.gif\" height=\"16\" width=\"1\">No schedules so will never run</div></td><td></td></tr><tr class=\"help-area\" nameref=\"cb28\" style=\"display: none;\"><td></td><td colspan=\"2\"><div class=\"help\">Loading...</div></td><td></td></tr><tr class=\"row-set-end rowvg-end optional-block-end\"></tr><tr class=\"optional-block-start row-set-start\" hashelp=\"true\" ref=\"cb29\"><td colspan=\"3\"><input onclick=\"javascript:updateOptionalBlock(this,true)\" name=\"hudson-triggers-SCMTrigger\" type=\"checkbox\" class=\" \" id=\"cb29\" path=\"/hudson-triggers-SCMTrigger\"><label class=\"attach-previous\">Poll SCM</label></td><td class=\"setting-help\"><a helpurl=\"/descriptor/hudson.triggers.SCMTrigger/help\" href=\"#\" class=\"help-button\" tabindex=\"9999\"><img src=\"/static/fd2e7eb0/images/16x16/help.png\" alt=\"Help for feature: Poll SCM\" style=\"width: 16px; height: 16px; \" class=\"icon-help icon-sm\"></a></td></tr><tr class=\"help-area\" nameref=\"cb29\"><td></td><td colspan=\"2\"><div class=\"help\">Loading...</div></td><td></td></tr><tr class=\"rowvg-start\" nameref=\"cb29\" style=\"display: none;\"></tr><tr nameref=\"cb29\" style=\"display: none;\"><td class=\"setting-leftspace\">&nbsp;</td><td class=\"setting-name\">Schedule</td><td class=\"setting-main\"><textarea name=\"scmpoll_spec\" rows=\"5\" class=\"setting-input validated  \" checkurl=\"'/trigger/TimerTrigger/check?value='+encodeURIComponent(this.value)\"></textarea><div class=\"textarea-handle\"></div></td><td class=\"setting-help\"><a helpurl=\"/descriptor/hudson.triggers.TimerTrigger/help/spec\" href=\"#\" class=\"help-button\" tabindex=\"9999\"><img src=\"/static/fd2e7eb0/images/16x16/help.png\" alt=\"Help for feature: Schedule\" style=\"width: 16px; height: 16px; \" class=\"icon-help icon-sm\"></a></td></tr><tr class=\"validation-error-area\" nameref=\"cb29\" style=\"display: none;\"><td colspan=\"2\"></td><td><div class=\"warning\"><img src=\"/static/fd2e7eb0/images/none.gif\" height=\"16\" width=\"1\">No schedules so will never run</div></td><td></td></tr><tr class=\"help-area\" nameref=\"cb29\" style=\"display: none;\"><td></td><td colspan=\"2\"><div class=\"help\">Loading...</div></td><td></td></tr><tr nameref=\"cb29\" style=\"display: none;\"><td class=\"setting-leftspace\">&nbsp;</td><td class=\"setting-name\">Ignore post-commit hooks</td><td class=\"setting-main\"><input name=\"_.ignorePostCommitHooks\" type=\"checkbox\" class=\" \"></td><td class=\"setting-help\"><a helpurl=\"/descriptor/hudson.triggers.SCMTrigger/help/ignorePostCommitHooks\" href=\"#\" class=\"help-button\" tabindex=\"9999\"><img src=\"/static/fd2e7eb0/images/16x16/help.png\" alt=\"Help for feature: Ignore post-commit hooks\" style=\"width: 16px; height: 16px; \" class=\"icon-help icon-sm\"></a></td></tr><tr class=\"validation-error-area\" nameref=\"cb29\" style=\"display: none;\"><td colspan=\"2\"></td><td></td><td></td></tr><tr class=\"help-area\" nameref=\"cb29\" style=\"display: none;\"><td></td><td colspan=\"2\"><div class=\"help\">Loading...</div></td><td></td></tr><tr class=\"row-set-end rowvg-end optional-block-end\"></tr><tr><td colspan=\"4\"><div class=\"section-header\"><a id=\"section7\" class=\"section-anchor\">#</a>Build</div></td></tr><tr><td colspan=\"4\"><div class=\"hetero-list-container with-drag-drop  \"><div class=\"repeatable-insertion-point\"></div><div><span class=\"yui-button yui-menu-button\" id=\"yui-gen3\"><span class=\"first-child\"><button type=\"button\" tabindex=\"0\" id=\"yui-gen3-button\" class=\"hetero-list-add\" suffix=\"builder\" path=\"/hetero-list-add[builder]\">Add build step</button></span></span></div></div></td></tr><tr><td colspan=\"4\"><div class=\"section-header\"><a id=\"section8\" class=\"section-anchor\">#</a>Post-build Actions</div></td></tr><tr><td colspan=\"4\"><div class=\"hetero-list-container with-drag-drop one-each honor-order\"><div class=\"repeatable-insertion-point\"></div><div><span class=\"yui-button yui-menu-button\" id=\"yui-gen5\"><span class=\"first-child\"><button type=\"button\" tabindex=\"0\" id=\"yui-gen5-button\" class=\"hetero-list-add\" suffix=\"publisher\" path=\"/hetero-list-add[publisher]\">Add post-build action</button></span></span></div></div></td></tr><tr><td colspan=\"4\"><div style=\"height: 74px;\"></div><div id=\"bottom-sticker\" style=\"position: fixed; bottom: 0px; left: 338px;\"><div class=\"bottom-sticker-edge\"></div><div class=\"bottom-sticker-inner\"><span class=\"yui-button yui-submit-button submit-button primary\" id=\"yui-gen30\" name=\"Submit\" path=\"/Submit\"><span class=\"first-child\"><button type=\"button\" tabindex=\"0\" id=\"yui-gen30-button\">Save</button></span></span><script src=\"/adjuncts/fd2e7eb0/lib/form/apply/apply.js\" type=\"text/javascript\"></script><input type=\"hidden\" name=\"core:apply\" value=\"\" path=\"/core:apply\"><span class=\"yui-button yui-push-button apply-button applyButton\" id=\"yui-gen11\" name=\"Apply\" path=\"/Apply\"><span class=\"first-child\"><button type=\"button\" tabindex=\"0\" id=\"yui-gen11-button\" path=\"/Apply/apply-button\">Apply</button></span></span></div></div></td></tr></tbody></table><div><input type=\"hidden\" name=\"json\" value=\"init\"></div></form><script src=\"/adjuncts/fd2e7eb0/lib/form/confirm.js\" type=\"text/javascript\"></script></div></div><footer><div class=\"container-fluid\"><div class=\"row\"><div class=\"col-md-6\" id=\"footer\"><div id=\"l10n-footer\" style=\"display: block; float: left;\"><a href=\"#\" onclick=\"return showTranslationDialog();\"><img src=\"/static/fd2e7eb0/plugin/translation/flags.png\">\n      Help us localize this page\n    </a></div></div><div class=\"col-md-18\"><span class=\"page_generated\">Page generated: Oct 16, 2015 6:52:01 PM</span><span class=\"rest_api\"><a href=\"api/\">REST API</a></span><span class=\"jenkins_ver\"><a href=\"http://jenkins-ci.org/\">Jenkins ver. 1.630</a></span><div id=\"l10n-dialog\" class=\"dialog\"></div><script>var footer = document.getElementById('l10n-footer');\n    var f = document.getElementById('footer');\n    f.insertBefore(footer,f.firstChild);\n    footer.style.display=\"block\";\n\n    var translation={}; \n    translation.bundles = \"QTkugUH5uYWoYywFbBfMfCsRFi38hcOZUIpeBe4d7HdOLY0wUxSG32DLLhieIpE3qvYYvmp1Hco5pBCdqzg9rRoou59cwwc1aSHemafXC52w8UqkHpCjwF6DjNmSDAKHd8gJzMtm9lxvoCKfn8peHaxvhT6x2Cz4CJBHIKVsuUTc/lPZ508fvZP12W3pTF3blcFe6o/tuWZSQCS7LCHoWh/x5oDH38AWAXVv2iKvjC633AmMcKJVOxk0p9ujcnwj3EHvif4o3A8afcNKvRrcgoGCvJHT9evOnjIoLHQxKLxBO0AJtQ/wKKdTU9lzl+wGEXpR5nz+0txAdzG4QWHrYLCT/d3R4wvKCW9BzhWSc1MQHqBC9Ls0InQ7tpVwOxkqKoL6zHhD9rGUY1fabSctVxgCADJVGppvTNO91hEPwXlb9X6k3peRb4LSQ7sVzo7pxuVSzYzPvwg9OzZAwFjLiopDVdqhaP1MWecc8pi+hWpGy9JHsl6INtq7kdvkp9boKi85M/L5J0iM57r8PhZD1MB1YToiAlJgcazT1n754SgQjRDqMyGx0JJ3/DOi/OE567IjIhSzai+1b0v5aIzZdi/sZL0ZHndpGq/j/8HjofSRjdrfkVfTFJXjxHrxvujNIo6R22dpiP06yOmogUQrVm2XpGbTMneh8sKsdOFZ/8SscOzbwVTwgGCznmNuj4aZtoCeGFT9uNGM90QWjZRGc1kzF9ETUPTciWLy2VasX0jKE3P1r2xql4s5z0s0U3tP7///ElBARtru5EfNTzAqu6FUwcnNgT7lYir5cI4ATo2QngODTOJSuP+yufST5CdoNBLdZWlbcxMEWYp93HLrHdqDm3N/M7t0p/+sJTr+cxgJCJR/hM3H+ZHeHxuGMZ6/JprkqTtgygvRjKKo5wZg4ZwnV8YOdUM4XRvcQGIPL7b8xD3dbmh9HluZdkek3YTO0sCXNABtn+yS/Z0lQINnCAfZjJU2XYoO1k35omNFyYjGO2mO+FX7+Dxnk3NfVJTnNPsy7h0jQA3ubmO10/WxfpLAqTlKVpoDTRfk8xeVgO6KbQdDTte7/kpwx4+z8CV1kdHgRzZBMZdemdWs5D87r9wD3EZLkWh2aGCjOhCUSO57Md796M4MP7IAQC3FIQlxlr4CLKDRKWC4hWo7eSm7wV4YGYsyAZSiRGSYJyY4AY+i1AGCxG2RGL/kWYqm1w2trwZItsV82elNXXky+uFj5ao/vDaJCNQ0qabLOsROFMhP1mDcmLQgOgQ1fL23jCFSFpA2+odavFZtvoRX8cYf8Nm9weP3c8kDiQUnTiwexi6JypgBrrcdu9GlEjo/nhwcQvpviyWhMpLPSselUS5kBW98gnSoz361636Z3jKUVfKyRoSmCIFgfCSMD6KpBhoSCEQxvG+K6eT2RPAfDD3qT0e/Ss+DPkf7Z6UVfWgACeoWsw1MPYlwYurSxsLD9QadoG8IDIgPL0IgNM5j3PdT4GXH7CfENIZqJcz22F33umZfp/UZVBcPNw+V3TxTsdtaLblYciyg5f9S1eH7GeqnEyDMPzKW/krRFzRwjlLFt6lNc6fOcypXLkiUfafHH8vvMxdBkDpzgUQGCXMYlsgmlpI9pgkl0pngQ2miH5cLEd2j3mMe6xtP/YkXwn/tCL0+ot67xOsDObjBErgCD5M42EKJU9q7YI0REPEV7NB0gsCRjS8ODGVA9pOdrBEIjokD8w3afH9v52ysnxN0Yz3RG3ciljXICeNKFVtTOrerioj23yO9UBwXMpYDM9ei6sQQYbBHTotiea+0mmGEv1bQUezleukPlQHab9X8KaRuJDj0DaLPA5Bzjl/5bweq05KpeizQqzgKZAU15cPLCwnz1R8MWxk63ZfzZoyhcYiqraCpg2mQ+rfQmK/6VpgELmlWKmEhZ7JXZjQLGWE1LKoBNDuVbWfPjIW5MENwL3D5fozNfUV0egmv4eNRwWxPeWUSf15YwKNmdDWhx8k+Xv9AM36uVKeK4FaAvfcDKMD5e8lmae8+ELZVFZQJSN0kC+n2CMLlRC6Nh1s+vqGyxvsLKgs6YgeqCqltbLqO33Nbc58s/RlUha0BF6l+jpROeBFQ7MeHIp4PoLAsR0jcRSjprWcCGpZjkjrcM+22Alr19DPtuXmeHLaM8aPHCG2gX0CFk2kw8ApX0f04b76U3HgcZw+Iq77UQTTVbIVjhpMPiLiMQxoVwGMt7YGzA50aqeb52+GaUtyKognQkC84k11JP7jNJdB+pdGu3biMQZPm+ffC2rKJTLtX/bAmG57vK305tQv2ZQEw9LNTSZb/6u43a95nSl1SN0UULql5abvXznn2yr8TNY63fL6+0It0nnsI8hMEYhswPw3/MZ27kBPLGACJk8KACtFSNfHn6pywVbYL0ns8c2RBxbGEGBb3n9vNMMjPq5XL3+7L8rKn67icbu57Kx32FwBpESAyG4ROhNoeQX/h+vjSbZEbKmUfETKF\";\n    translation.detectedLocale = \"\";\n\n    function showTranslationDialog() {\n      if(!translation.launchDialog)\n        loadScript(\"/static/fd2e7eb0/plugin/translation/dialog.js\");\n      else\n        translation.launchDialog();\n      return false; \n    }</script><script src=\"/static/fd2e7eb0/plugin/form-element-path/script.js\"></script></div></div></div></footer></body></html>\nFor documentation on this error, please visit: http://seleniumhq.org/exceptions/no_such_element.html\nBuild info: version: '2.47.1', revision: 'unknown', time: '2015-07-30 11:02:44'\nSystem info: host: 'MacBook-Pro-2.home', ip: '192.168.1.6', os.name: 'Mac OS X', os.arch: 'x86_64', os.version: '10.10.5', java.version: '1.8.0_60'\nDriver info: driver.version: unknown",
      "stack-trace" : "org.openqa.selenium.NoSuchElementException: Unable to locate By.xpath: .//INPUT[@type='radio'][@value='hudson.slaves.DumbSlave'] in http://127.0.0.1:58552/job/molecular_voter/configure\n\n<!DOCTYPE html><html><head resurl=\"/static/fd2e7eb0\">\n    \n\n    <title>molecular_voter Config [Jenkins]</title><link rel=\"stylesheet\" href=\"/static/fd2e7eb0/css/style.css\" type=\"text/css\"><link rel=\"stylesheet\" href=\"/static/fd2e7eb0/css/color.css\" type=\"text/css\"><link rel=\"stylesheet\" href=\"/static/fd2e7eb0/css/responsive-grid.css\" type=\"text/css\"><link rel=\"shortcut icon\" href=\"/static/fd2e7eb0/favicon.ico\" type=\"image/vnd.microsoft.icon\"><script>var isRunAsTest=false; var rootURL=\"\"; var resURL=\"/static/fd2e7eb0\";</script><script src=\"/static/fd2e7eb0/scripts/prototype.js\" type=\"text/javascript\"></script><script src=\"/static/fd2e7eb0/scripts/behavior.js\" type=\"text/javascript\"></script><script src=\"/adjuncts/fd2e7eb0/org/kohsuke/stapler/bind.js\" type=\"text/javascript\"></script><script src=\"/static/fd2e7eb0/scripts/yui/yahoo/yahoo-min.js\"></script><script src=\"/static/fd2e7eb0/scripts/yui/dom/dom-min.js\"></script><script src=\"/static/fd2e7eb0/scripts/yui/event/event-min.js\"></script><script src=\"/static/fd2e7eb0/scripts/yui/animation/animation-min.js\"></script><script src=\"/static/fd2e7eb0/scripts/yui/dragdrop/dragdrop-min.js\"></script><script src=\"/static/fd2e7eb0/scripts/yui/container/container-min.js\"></script><script src=\"/static/fd2e7eb0/scripts/yui/connection/connection-min.js\"></script><script src=\"/static/fd2e7eb0/scripts/yui/datasource/datasource-min.js\"></script><script src=\"/static/fd2e7eb0/scripts/yui/autocomplete/autocomplete-min.js\"></script><script src=\"/static/fd2e7eb0/scripts/yui/menu/menu-min.js\"></script><script src=\"/static/fd2e7eb0/scripts/yui/element/element-min.js\"></script><script src=\"/static/fd2e7eb0/scripts/yui/button/button-min.js\"></script><script src=\"/static/fd2e7eb0/scripts/yui/storage/storage-min.js\"></script><script src=\"/static/fd2e7eb0/scripts/hudson-behavior.js\" type=\"text/javascript\"></script><script src=\"/static/fd2e7eb0/scripts/sortable.js\" type=\"text/javascript\"></script><script>crumb.init(\"\", \"\");</script><link rel=\"stylesheet\" href=\"/static/fd2e7eb0/scripts/yui/container/assets/container.css\" type=\"text/css\"><link rel=\"stylesheet\" href=\"/static/fd2e7eb0/scripts/yui/assets/skins/sam/skin.css\" type=\"text/css\"><link rel=\"stylesheet\" href=\"/static/fd2e7eb0/scripts/yui/container/assets/skins/sam/container.css\" type=\"text/css\"><link rel=\"stylesheet\" href=\"/static/fd2e7eb0/scripts/yui/button/assets/skins/sam/button.css\" type=\"text/css\"><link rel=\"stylesheet\" href=\"/static/fd2e7eb0/scripts/yui/menu/assets/skins/sam/menu.css\" type=\"text/css\"><link rel=\"search\" href=\"/opensearch.xml\" type=\"application/opensearchdescription+xml\" title=\"Jenkins\"><meta name=\"ROBOTS\" content=\"INDEX,NOFOLLOW\"><link rel=\"alternate\" href=\"rssAll\" title=\"Jenkins:molecular_voter (all builds)\" type=\"application/rss+xml\"><link rel=\"alternate\" href=\"rssAll?flavor=rss20\" title=\"Jenkins:molecular_voter (all builds) (RSS 2.0)\" type=\"application/rss+xml\"><link rel=\"alternate\" href=\"rssFailed\" title=\"Jenkins:molecular_voter (failed builds)\" type=\"application/rss+xml\"><link rel=\"alternate\" href=\"rssFailed?flavor=rss20\" title=\"Jenkins:molecular_voter (failed builds) (RSS 2.0)\" type=\"application/rss+xml\"><link rel=\"alternate\" href=\"rssChangelog\" title=\"Jenkins:molecular_voter (changelog)\" type=\"application/rss+xml\"><link rel=\"alternate\" href=\"rssChangelog?flavor=rss20\" title=\"Jenkins:molecular_voter (changelog) (RSS 2.0)\" type=\"application/rss+xml\"><link rel=\"stylesheet\" href=\"/adjuncts/fd2e7eb0/lib/form/breadcrumb-config-outline/init.css\" type=\"text/css\"><script src=\"/adjuncts/fd2e7eb0/lib/form/breadcrumb-config-outline/init.js\" type=\"text/javascript\"></script><script src=\"/static/fd2e7eb0/scripts/yui/cookie/cookie-min.js\"></script></head><body data-model-type=\"hudson.model.FreeStyleProject\" id=\"jenkins\" class=\"yui-skin-sam jenkins-1.630\" data-version=\"jenkins-1.630\"><div id=\"tt\" class=\"yui-module yui-overlay yui-tt yui-overlay-hidden\" style=\"z-index: 999; visibility: hidden;\"><div class=\"bd\"></div></div><div class=\"yui-panel-container shadow yui-overlay-hidden\" id=\"wait14_c\" style=\"visibility: hidden; left: 486px; top: 360px; z-index: 4;\"><div id=\"wait14\" class=\"yui-module yui-overlay yui-panel\" style=\"visibility: inherit;\"><a class=\"container-close\" href=\"#\">Close</a><div class=\"hd\" id=\"wait14_h\" style=\"cursor: move;\">Error</div><div class=\"bd\"><div id=\"container13\"></div></div></div></div><iframe id=\"_yuiResizeMonitor\" title=\"Text Resize Monitor\" tabindex=\"-1\" role=\"presentation\" style=\"position: absolute; visibility: visible; background-color: transparent; border-width: 0px; width: 2em; height: 2em; left: 0px; top: -27px;\"></iframe><a href=\"#skip2content\" class=\"skiplink\">Skip to content</a><div id=\"page-head\"><div id=\"header\"><div class=\"logo\"><a id=\"jenkins-home-link\" href=\"/\"><img src=\"/static/fd2e7eb0/images/headshot.png\" alt=\"title\" id=\"jenkins-head-icon\"><img src=\"/static/fd2e7eb0/images/title.png\" alt=\"title\" width=\"139\" id=\"jenkins-name-icon\" height=\"34\"></a></div><div class=\"login\"></div><div class=\"searchbox hidden-xs\"><form method=\"get\" name=\"search\" action=\"/job/molecular_voter/search/\" style=\"position:relative;\" class=\"no-json\" path=\"\"><div id=\"search-box-minWidth\" style=\"font-family: Helvetica, Arial, sans-serif; font-size: 13px; font-style: normal; font-weight: normal;\"></div><div id=\"search-box-sizer\" style=\"font-family: Helvetica, Arial, sans-serif; font-size: 13px; font-style: normal; font-weight: normal;\"></div><div id=\"searchform\" class=\"yui-ac\"><input name=\"q\" placeholder=\"search\" id=\"search-box\" class=\"has-default-text yui-ac-input defaulted\" autocomplete=\"off\" style=\"width: 255px;\" path=\"/q\">&nbsp;<a href=\"http://wiki.jenkins-ci.org/display/JENKINS/Search+Box\"><img src=\"/static/fd2e7eb0/images/16x16/help.png\" style=\"width: 16px; height: 16px; \" class=\"icon-help icon-sm\"></a><div id=\"search-box-completion\" class=\"yui-ac-container\" style=\"width: 255px; left: 0px; top: 26px;\"><div class=\"yui-ac-content\" style=\"display: none; width: 255px;\"><div class=\"yui-ac-hd\" style=\"display: none;\"></div><div class=\"yui-ac-bd\"><ul><li style=\"display: none;\"></li><li style=\"display: none;\"></li><li style=\"display: none;\"></li><li style=\"display: none;\"></li><li style=\"display: none;\"></li><li style=\"display: none;\"></li><li style=\"display: none;\"></li><li style=\"display: none;\"></li><li style=\"display: none;\"></li><li style=\"display: none;\"></li></ul></div><div class=\"yui-ac-ft\" style=\"display: none;\"></div></div></div><script>createSearchBox(\"/job/molecular_voter/search/\");</script></div></form></div></div><div id=\"breadcrumbBar\"><link rel=\"stylesheet\" href=\"/adjuncts/fd2e7eb0/lib/layout/breadcrumbs.css\" type=\"text/css\"><script src=\"/adjuncts/fd2e7eb0/lib/layout/breadcrumbs.js\" type=\"text/javascript\"></script><div style=\"height: 26px;\"></div><div class=\"top-sticker noedge\" style=\"position: fixed; top: 40px; left: 0px;\"><div class=\"top-sticker-edge\"></div><div class=\"top-sticker-inner\"><div id=\"right-top-nav\"></div><ul id=\"breadcrumbs\"><li class=\"item\"><a href=\"/\" class=\"model-link inside breadcrumbBarAnchor\">Jenkins</a></li><li href=\"/\" class=\"children\"></li><li class=\"item\"><a href=\"/job/molecular_voter/\" class=\"model-link inside breadcrumbBarAnchor\">molecular_voter</a></li><li href=\"/job/molecular_voter/\" class=\"children\"></li><li id=\"inpage-nav\" class=\"item\"><a class=\"model-link inside breadcrumbBarAnchor\">configuration</a></li></ul><div id=\"breadcrumb-menu-target\"></div></div></div></div></div><div id=\"menuSelector\"></div><div id=\"page-body\"><div id=\"side-panel\"><div id=\"tasks\"><div class=\"task\"><a href=\"/\" class=\"task-icon-link\"><img src=\"/static/fd2e7eb0/images/24x24/up.png\" style=\"width: 24px; height: 24px; width: 24px; height: 24px; margin: 2px;\" class=\"icon-up icon-md\"></a>&nbsp;<a href=\"/\" class=\"task-link\">Back to Dashboard</a></div><div class=\"task\"><a href=\"/job/molecular_voter/\" class=\"task-icon-link\"><img src=\"/static/fd2e7eb0/images/24x24/search.png\" style=\"width: 24px; height: 24px; width: 24px; height: 24px; margin: 2px;\" class=\"icon-search icon-md\"></a>&nbsp;<a href=\"/job/molecular_voter/\" class=\"task-link\">Status</a></div><div class=\"task\"><a href=\"/job/molecular_voter/changes\" class=\"task-icon-link\"><img src=\"/static/fd2e7eb0/images/24x24/notepad.png\" style=\"width: 24px; height: 24px; width: 24px; height: 24px; margin: 2px;\" class=\"icon-notepad icon-md\"></a>&nbsp;<a href=\"/job/molecular_voter/changes\" class=\"task-link\">Changes</a></div><div class=\"task\"><a href=\"/job/molecular_voter/ws/\" class=\"task-icon-link\"><img src=\"/static/fd2e7eb0/images/24x24/folder.png\" style=\"width: 24px; height: 24px; width: 24px; height: 24px; margin: 2px;\" class=\"icon-folder icon-md\"></a>&nbsp;<a href=\"/job/molecular_voter/ws/\" class=\"task-link\">Workspace</a></div><div class=\"task\"><a onclick=\"return build_id14(this)\" href=\"/job/molecular_voter/build?delay=0sec\" class=\"task-icon-link\"><img src=\"/static/fd2e7eb0/images/24x24/clock.png\" style=\"width: 24px; height: 24px; width: 24px; height: 24px; margin: 2px;\" class=\"icon-clock icon-md\"></a>&nbsp;<a onclick=\"return build_id14(this)\" href=\"/job/molecular_voter/build?delay=0sec\" class=\"task-link\">Build Now</a></div><script>function build_id14(a) {\n                new Ajax.Request(a.href);\n                hoverNotification('Build scheduled',a.parentNode);\n                return false;\n            }</script><div class=\"task\"><a onclick=\"confirmPOST_id17(true, '/job/molecular_voter/doDelete', 'Are you sure about deleting the Project ‘molecular_voter’?')\" href=\"#\"><img src=\"/static/fd2e7eb0/images/24x24/edit-delete.png\" style=\"width: 24px; height: 24px; width: 24px; height: 24px; margin: 2px;\" class=\"icon-edit-delete icon-md\"></a><script>function confirmPOST_id17(post, href, message) {\n            if (confirm(message)) {\n                var form = document.createElement('form');\n                form.setAttribute('method', post ? 'POST' : 'GET');\n                form.setAttribute('action', href);\n                if (post) {\n                    crumb.appendToForm(form);\n                }\n                document.body.appendChild(form);\n                form.submit();\n            }\n            return false;\n        }</script>&nbsp;<a onclick=\"confirmPOST_id18(true, '/job/molecular_voter/doDelete', 'Are you sure about deleting the Project ‘molecular_voter’?')\" href=\"#\" class=\"task-link\">Delete Project</a><script>function confirmPOST_id18(post, href, message) {\n            if (confirm(message)) {\n                var form = document.createElement('form');\n                form.setAttribute('method', post ? 'POST' : 'GET');\n                form.setAttribute('action', href);\n                if (post) {\n                    crumb.appendToForm(form);\n                }\n                document.body.appendChild(form);\n                form.submit();\n            }\n            return false;\n        }</script></div><div class=\"task\"><a href=\"/job/molecular_voter/configure\" class=\"task-icon-link\"><img src=\"/static/fd2e7eb0/images/24x24/setting.png\" style=\"width: 24px; height: 24px; width: 24px; height: 24px; margin: 2px;\" class=\"icon-setting icon-md\"></a>&nbsp;<a href=\"/job/molecular_voter/configure\" class=\"task-link\"><b>Configure</b></a><div class=\"subtasks\"></div></div></div><div id=\"buildHistory\" class=\"container-fluid pane-frame track-mouse\"><div class=\"row\"><div class=\"col-xs-24 pane-header\"><a href=\"/toggleCollapse?paneId=buildHistory\" title=\"collapse\" class=\"collapse\"><img src=\"/static/fd2e7eb0/images/16x16/collapse.png\" alt=\"collapse\" style=\"width: 16px; height: 16px; \" class=\"icon-collapse icon-sm\"></a><div style=\"float:right\"><a href=\"/job/molecular_voter/buildTimeTrend\">trend</a></div><div data=\"100\" class=\"healthReport\" onmouseover=\"this.className='healthReport hover';return true;\n        \" onmouseout=\"this.className='healthReport';return true;\"><img src=\"/static/fd2e7eb0/images/16x16/health-80plus.png\" alt=\"100%\" style=\"width: 16px; height: 16px; \" class=\"icon-health-80plus icon-sm\"></div>Build History</div></div><div class=\"row pane-content\"><table class=\"pane stripped\"></table></div><div class=\"row\"><div class=\"col-xs-24 pane-footer\"><span class=\"build-rss-links\"><a href=\"/job/molecular_voter/rssAll\" class=\"build-rss-all-icon\"><img border=\"0\" src=\"/static/fd2e7eb0/images/atom.gif\" alt=\"Feed\" width=\"16\" height=\"16\"></a>&nbsp;<a href=\"/job/molecular_voter/rssAll\" class=\"build-rss-all-link\">RSS for all</a>&nbsp;<a href=\"/job/molecular_voter/rssFailed\" class=\"build-rss-failed-icon\"><img border=\"0\" src=\"/static/fd2e7eb0/images/atom.gif\" alt=\"Feed\" width=\"16\" height=\"16\"></a>&nbsp;<a href=\"/job/molecular_voter/rssFailed\" class=\"build-rss-failed-link\">RSS for failures</a></span></div></div></div><script defer=\"true\">updateBuildHistory(\"/job/molecular_voter/buildHistory/ajax\",1);</script></div><div id=\"main-panel\"><a name=\"skip2content\"></a><div class=\"behavior-loading\" style=\"display: none;\">LOADING</div><form method=\"post\" name=\"config\" action=\"configSubmit\" path=\"\"><link rel=\"stylesheet\" href=\"/adjuncts/fd2e7eb0/lib/form/section_.css\" type=\"text/css\"><table width=\"100%\"><tbody><tr><td class=\"setting-leftspace\">&nbsp;</td><td class=\"setting-name\">Project name</td><td class=\"setting-main\">\n   \n\n  \n  <input name=\"name\" type=\"text\" class=\"setting-input   \" value=\"molecular_voter\" path=\"/name\"></td><td class=\"setting-no-help\"></td></tr><tr class=\"validation-error-area\"><td colspan=\"2\"></td><td></td><td></td></tr><tr><td class=\"setting-leftspace\">&nbsp;</td><td class=\"setting-name\">Description</td><td class=\"setting-main\"><script src=\"/adjuncts/fd2e7eb0/lib/form/textarea/textarea.js\" type=\"text/javascript\"></script><textarea name=\"description\" rows=\"5\" class=\"setting-input   \" path=\"/description\"></textarea><div class=\"textarea-handle\"></div><div class=\"textarea-preview-container\">\n        [Plain text]&nbsp;<a previewendpoint=\"/markupFormatter/previewDescription\" href=\"#\" class=\"textarea-show-preview\">Preview</a>&nbsp;<a href=\"#\" class=\"textarea-hide-preview\" style=\"display: none;\">Hide preview</a><div class=\"textarea-preview\" style=\"display: none;\"></div></div></td><td class=\"setting-no-help\"></td></tr><tr class=\"validation-error-area\"><td colspan=\"2\"></td><td></td><td></td></tr><tr class=\"optional-block-start \" hashelp=\"true\" ref=\"cb15\"><td colspan=\"3\"><input onclick=\"javascript:updateOptionalBlock(this,true)\" name=\"logrotate\" type=\"checkbox\" class=\" \" id=\"cb15\" path=\"/logrotate\"><label class=\"attach-previous\">Discard Old Builds</label></td><td class=\"setting-help\"><a helpurl=\"/help/project-config/log-rotation.html\" href=\"#\" class=\"help-button\" tabindex=\"9999\"><img src=\"/static/fd2e7eb0/images/16x16/help.png\" alt=\"Help for feature: Discard Old Builds\" style=\"width: 16px; height: 16px; \" class=\"icon-help icon-sm\"></a></td></tr><tr class=\"help-area\"><td></td><td colspan=\"2\"><div class=\"help\">Loading...</div></td><td></td></tr><tr class=\"rowvg-start\" style=\"display: none;\"></tr><tr style=\"display: none;\"><td class=\"setting-leftspace\">&nbsp;</td><td class=\"setting-name\">Strategy</td><td class=\"setting-main\"><select class=\"setting-input dropdownList\" path=\"/\"><option value=\"0\">Log Rotation</option></select></td><td class=\"setting-no-help\"></td></tr><tr class=\"dropdownList-container\" style=\"display: none;\"><td colspan=\"2\"></td><td colspan=\"2\"><table width=\"100%\" name=\"buildDiscarder\" path=\"/buildDiscarder\"><tbody><tr class=\"dropdownList-start rowvg-start\"></tr>\n      \n      <tr><td class=\"setting-leftspace\">&nbsp;</td><td class=\"setting-name\">Days to keep builds</td><td class=\"setting-main\"><input step=\"1\" min=\"1\" name=\"_.daysToKeepStr\" type=\"number\" class=\"setting-input  positive-number\" value=\"\" path=\"/buildDiscarder/daysToKeepStr\"></td><td class=\"setting-no-help\"></td></tr><tr class=\"validation-error-area\"><td colspan=\"2\"></td><td></td><td></td></tr><tr><td colspan=\"2\"></td><td class=\"setting-description\">if not empty, build records are only kept up to this number of days</td><td></td></tr><tr><td class=\"setting-leftspace\">&nbsp;</td><td class=\"setting-name\">Max # of builds to keep</td><td class=\"setting-main\"><input step=\"1\" min=\"1\" name=\"_.numToKeepStr\" type=\"number\" class=\"setting-input  positive-number\" value=\"\" path=\"/buildDiscarder/numToKeepStr\"></td><td class=\"setting-no-help\"></td></tr><tr class=\"validation-error-area\"><td colspan=\"2\"></td><td></td><td></td></tr><tr><td colspan=\"2\"></td><td class=\"setting-description\">if not empty, only up to this number of build records are kept</td><td></td></tr><tr><td></td><td></td><td><script src=\"/adjuncts/fd2e7eb0/lib/form/advanced/advanced.js\" type=\"text/javascript\"></script><div style=\"\" class=\"advancedLink\"><span style=\"display: none\" id=\"id26\"><img src=\"/static/fd2e7eb0/images/24x24/notepad.png\" tooltip=\"One or more fields in this block have been edited.\" style=\"width: 24px; height: 24px; vertical-align: baseline\" class=\"icon-notepad icon-md\" title=\"One or more fields in this block have been edited.\"></span>&nbsp;<span class=\"yui-button yui-push-button advanced-button advancedButton\" id=\"yui-gen31\"><span class=\"first-child\"><button type=\"button\" tabindex=\"0\" id=\"yui-gen31-button\" path=\"/buildDiscarder/advanced-button\">Advanced...</button></span></span></div><table class=\"advancedBody\"><tbody><tr><td class=\"setting-leftspace\">&nbsp;</td><td class=\"setting-name\">Days to keep artifacts</td><td class=\"setting-main\"><input step=\"1\" min=\"1\" name=\"_.artifactDaysToKeepStr\" type=\"number\" class=\"setting-input  positive-number\" value=\"\" path=\"/buildDiscarder/artifactDaysToKeepStr\"></td><td class=\"setting-no-help\"></td></tr><tr class=\"validation-error-area\"><td colspan=\"2\"></td><td></td><td></td></tr><tr><td colspan=\"2\"></td><td class=\"setting-description\">if not empty, artifacts from builds older than this number of days will be deleted, but the logs, history, reports, etc for the build will be kept</td><td></td></tr><tr><td class=\"setting-leftspace\">&nbsp;</td><td class=\"setting-name\">Max # of builds to keep with artifacts</td><td class=\"setting-main\"><input step=\"1\" min=\"1\" name=\"_.artifactNumToKeepStr\" type=\"number\" class=\"setting-input  positive-number\" value=\"\" path=\"/buildDiscarder/artifactNumToKeepStr\"></td><td class=\"setting-no-help\"></td></tr><tr class=\"validation-error-area\"><td colspan=\"2\"></td><td></td><td></td></tr><tr><td colspan=\"2\"></td><td class=\"setting-description\">if not empty, only up to this number of builds have their artifacts retained</td><td></td></tr></tbody></table></td><td></td></tr><tr style=\"\"><td><input name=\"stapler-class\" type=\"hidden\" value=\"hudson.tasks.LogRotator\" path=\"/buildDiscarder/stapler-class\"><input name=\"$class\" type=\"hidden\" value=\"hudson.tasks.LogRotator\" path=\"/buildDiscarder/$class\"></td></tr><tr class=\"dropdownList-end rowvg-end\"></tr></tbody></table></td></tr><tr class=\" rowvg-end optional-block-end\"></tr><script src=\"/adjuncts/fd2e7eb0/lib/form/section_.js\" type=\"text/javascript\"></script><tr name=\"properties\" style=\"display:none\" class=\"row-set-start\" id=\"rowSetStart31\" path=\"/properties\"></tr><tr nameref=\"rowSetStart31\"><td><input type=\"hidden\" name=\"stapler-class-bag\" value=\"true\" path=\"/properties/stapler-class-bag\"></td></tr><tr name=\"hudson-model-ParametersDefinitionProperty\" style=\"display:none\" class=\"row-set-start\" id=\"rowSetStart30\" nameref=\"rowSetStart31\" path=\"/properties/hudson-model-ParametersDefinitionProperty\"></tr><tr class=\"optional-block-start row-set-start\" hashelp=\"true\" ref=\"cb16\" nameref=\"rowSetStart30\"><td colspan=\"3\"><input onclick=\"javascript:updateOptionalBlock(this,true)\" name=\"parameterized\" type=\"checkbox\" class=\" \" id=\"cb16\" path=\"/properties/hudson-model-ParametersDefinitionProperty/parameterized\"><label class=\"attach-previous\">This build is parameterized</label></td><td class=\"setting-help\"><a helpurl=\"/help/project-config/parameterized-build.html\" href=\"#\" class=\"help-button\" tabindex=\"9999\"><img src=\"/static/fd2e7eb0/images/16x16/help.png\" alt=\"Help for feature: This build is parameterized\" style=\"width: 16px; height: 16px; \" class=\"icon-help icon-sm\"></a></td></tr><tr class=\"help-area\" nameref=\"cb16\"><td></td><td colspan=\"2\"><div class=\"help\">Loading...</div></td><td></td></tr><tr class=\"rowvg-start\" nameref=\"cb16\" style=\"display: none;\"></tr><tr nameref=\"cb16\" style=\"display: none;\"><td colspan=\"2\"></td><td colspan=\"2\"><script src=\"/adjuncts/fd2e7eb0/lib/form/dragdrop/dragdrop.js\" type=\"text/javascript\"></script><script src=\"/adjuncts/fd2e7eb0/lib/form/hetero-list/hetero-list.js\" type=\"text/javascript\"></script><div class=\"hetero-list-container with-drag-drop  \"><div class=\"repeatable-insertion-point\"></div><div><span class=\"yui-button yui-menu-button\" id=\"yui-gen1\"><span class=\"first-child\"><button type=\"button\" tabindex=\"0\" id=\"yui-gen1-button\" class=\"hetero-list-add\" suffix=\"parameter\">Add Parameter</button></span></span></div></div></td></tr><tr class=\"row-set-end rowvg-end optional-block-end\" nameref=\"rowSetStart30\"></tr><tr class=\"row-set-end\" nameref=\"rowSetStart31\"></tr><tr class=\"row-set-end\"></tr><tr class=\"optional-block-start \" hashelp=\"true\" ref=\"cb17\"><td colspan=\"3\"><input onclick=\"javascript:updateOptionalBlock(this,true)\" name=\"disable\" type=\"checkbox\" class=\" \" id=\"cb17\" path=\"/disable\"><label class=\"attach-previous\">Disable Build (No new builds will be executed until the project is re-enabled.)</label></td><td class=\"setting-help\"><a helpurl=\"/help/project-config/disable.html\" href=\"#\" class=\"help-button\" tabindex=\"9999\"><img src=\"/static/fd2e7eb0/images/16x16/help.png\" alt=\"Help for feature: Disable Build (No new builds will be executed until the project is re-enabled.)\" style=\"width: 16px; height: 16px; \" class=\"icon-help icon-sm\"></a></td></tr><tr class=\"help-area\"><td></td><td colspan=\"2\"><div class=\"help\">Loading...</div></td><td></td></tr><tr class=\"rowvg-start\" style=\"display: none;\"></tr><tr class=\" rowvg-end optional-block-end\"></tr><tr class=\"optional-block-start \" hashelp=\"true\" ref=\"cb18\"><td colspan=\"3\"><input onclick=\"javascript:updateOptionalBlock(this,true)\" name=\"_.concurrentBuild\" type=\"checkbox\" class=\" \" id=\"cb18\" path=\"/concurrentBuild\"><label class=\"attach-previous\">Execute concurrent builds if necessary</label></td><td class=\"setting-help\"><a helpurl=\"/descriptor/hudson.model.FreeStyleProject/help/concurrentBuild\" href=\"#\" class=\"help-button\" tabindex=\"9999\"><img src=\"/static/fd2e7eb0/images/16x16/help.png\" alt=\"Help for feature: Execute concurrent builds if necessary\" style=\"width: 16px; height: 16px; \" class=\"icon-help icon-sm\"></a></td></tr><tr class=\"help-area\"><td></td><td colspan=\"2\"><div class=\"help\">Loading...</div></td><td></td></tr><tr class=\"rowvg-start\" style=\"display: none;\"></tr><tr class=\" rowvg-end optional-block-end\"></tr><tr><td colspan=\"4\"><div class=\"section-header\"><a id=\"section0\" class=\"section-anchor\">#</a>Advanced Project Options</div></td></tr><tr><td></td><td></td><td><script src=\"/adjuncts/fd2e7eb0/lib/form/advanced/advanced.js\" type=\"text/javascript\"></script><div style=\"\" class=\"advancedLink\"><span style=\"display: none\" id=\"id20\"><img src=\"/static/fd2e7eb0/images/24x24/notepad.png\" tooltip=\"One or more fields in this block have been edited.\" style=\"width: 24px; height: 24px; vertical-align: baseline\" class=\"icon-notepad icon-md\" title=\"One or more fields in this block have been edited.\"></span>&nbsp;<span class=\"yui-button yui-push-button advanced-button advancedButton\" id=\"yui-gen7\"><span class=\"first-child\"><button type=\"button\" tabindex=\"0\" id=\"yui-gen7-button\" path=\"/advanced-button\">Advanced...</button></span></span></div><table class=\"advancedBody\"><tbody><tr class=\"optional-block-start \" hashelp=\"true\" ref=\"cb19\"><td colspan=\"3\"><input onclick=\"javascript:updateOptionalBlock(this,true)\" name=\"hasCustomQuietPeriod\" type=\"checkbox\" class=\" \" id=\"cb19\" path=\"/hasCustomQuietPeriod\"><label class=\"attach-previous\">Quiet period</label></td><td class=\"setting-help\"><a helpurl=\"/descriptor/jenkins.model.GlobalQuietPeriodConfiguration/help/quietPeriod\" href=\"#\" class=\"help-button\" tabindex=\"9999\"><img src=\"/static/fd2e7eb0/images/16x16/help.png\" alt=\"Help for feature: Quiet period\" style=\"width: 16px; height: 16px; \" class=\"icon-help icon-sm\"></a></td></tr><tr class=\"help-area\"><td></td><td colspan=\"2\"><div class=\"help\">Loading...</div></td><td></td></tr><tr class=\"rowvg-start\" style=\"display: none;\"></tr><tr style=\"display: none;\"><td class=\"setting-leftspace\">&nbsp;</td><td class=\"setting-name\">Quiet period</td><td class=\"setting-main\"><input step=\"1\" min=\"0\" name=\"quiet_period\" type=\"number\" class=\"setting-input  number\" value=\"5\" path=\"/quiet_period\"></td><td class=\"setting-no-help\"></td></tr><tr class=\"validation-error-area\" style=\"display: none;\"><td colspan=\"2\"></td><td></td><td></td></tr><tr style=\"display: none;\"><td colspan=\"2\"></td><td class=\"setting-description\">Number of seconds</td><td></td></tr><tr class=\" rowvg-end optional-block-end\"></tr><tr class=\"optional-block-start \" hashelp=\"true\" ref=\"cb20\"><td colspan=\"3\"><input onclick=\"javascript:updateOptionalBlock(this,true)\" name=\"hasCustomScmCheckoutRetryCount\" type=\"checkbox\" class=\" \" id=\"cb20\" path=\"/hasCustomScmCheckoutRetryCount\"><label class=\"attach-previous\">Retry Count</label></td><td class=\"setting-help\"><a helpurl=\"/help/project-config/scmCheckoutRetryCount.html\" href=\"#\" class=\"help-button\" tabindex=\"9999\"><img src=\"/static/fd2e7eb0/images/16x16/help.png\" alt=\"Help for feature: Retry Count\" style=\"width: 16px; height: 16px; \" class=\"icon-help icon-sm\"></a></td></tr><tr class=\"help-area\"><td></td><td colspan=\"2\"><div class=\"help\">Loading...</div></td><td></td></tr><tr class=\"rowvg-start\" style=\"display: none;\"></tr><tr style=\"display: none;\"><td class=\"setting-leftspace\">&nbsp;</td><td class=\"setting-name\">SCM checkout retry count</td><td class=\"setting-main\"><input step=\"1\" min=\"0\" name=\"scmCheckoutRetryCount\" type=\"number\" class=\"setting-input  number\" value=\"0\" path=\"/scmCheckoutRetryCount\"></td><td class=\"setting-no-help\"></td></tr><tr class=\"validation-error-area\" style=\"display: none;\"><td colspan=\"2\"></td><td></td><td></td></tr><tr class=\" rowvg-end optional-block-end\"></tr><tr class=\"optional-block-start \" hashelp=\"true\" ref=\"cb21\"><td colspan=\"3\"><input onclick=\"javascript:updateOptionalBlock(this,true)\" name=\"blockBuildWhenUpstreamBuilding\" type=\"checkbox\" class=\" \" id=\"cb21\" path=\"/blockBuildWhenUpstreamBuilding\"><label class=\"attach-previous\">Block build when upstream project is building</label></td><td class=\"setting-help\"><a helpurl=\"/help/project-config/block-upstream-building.html\" href=\"#\" class=\"help-button\" tabindex=\"9999\"><img src=\"/static/fd2e7eb0/images/16x16/help.png\" alt=\"Help for feature: Block build when upstream project is building\" style=\"width: 16px; height: 16px; \" class=\"icon-help icon-sm\"></a></td></tr><tr class=\"help-area\"><td></td><td colspan=\"2\"><div class=\"help\">Loading...</div></td><td></td></tr><tr class=\"rowvg-start\" style=\"display: none;\"></tr><tr class=\" rowvg-end optional-block-end\"></tr><tr class=\"optional-block-start \" hashelp=\"true\" ref=\"cb22\"><td colspan=\"3\"><input onclick=\"javascript:updateOptionalBlock(this,true)\" name=\"blockBuildWhenDownstreamBuilding\" type=\"checkbox\" class=\" \" id=\"cb22\" path=\"/blockBuildWhenDownstreamBuilding\"><label class=\"attach-previous\">Block build when downstream project is building</label></td><td class=\"setting-help\"><a helpurl=\"/help/project-config/block-downstream-building.html\" href=\"#\" class=\"help-button\" tabindex=\"9999\"><img src=\"/static/fd2e7eb0/images/16x16/help.png\" alt=\"Help for feature: Block build when downstream project is building\" style=\"width: 16px; height: 16px; \" class=\"icon-help icon-sm\"></a></td></tr><tr class=\"help-area\"><td></td><td colspan=\"2\"><div class=\"help\">Loading...</div></td><td></td></tr><tr class=\"rowvg-start\" style=\"display: none;\"></tr><tr class=\" rowvg-end optional-block-end\"></tr><tr class=\"optional-block-start \" hashelp=\"true\" ref=\"cb23\"><td colspan=\"3\"><input onclick=\"javascript:updateOptionalBlock(this,true)\" name=\"hasCustomWorkspace\" type=\"checkbox\" class=\" \" id=\"cb23\" path=\"/hasCustomWorkspace\"><label class=\"attach-previous\">Use custom workspace</label></td><td class=\"setting-help\"><a helpurl=\"/help/project-config/custom-workspace.html\" href=\"#\" class=\"help-button\" tabindex=\"9999\"><img src=\"/static/fd2e7eb0/images/16x16/help.png\" alt=\"Help for feature: Use custom workspace\" style=\"width: 16px; height: 16px; \" class=\"icon-help icon-sm\"></a></td></tr><tr class=\"help-area\"><td></td><td colspan=\"2\"><div class=\"help\">Loading...</div></td><td></td></tr><tr class=\"rowvg-start\" style=\"display: none;\"></tr><tr style=\"display: none;\"><td class=\"setting-leftspace\">&nbsp;</td><td class=\"setting-name\">Directory</td><td class=\"setting-main\">\n   \n\n  \n  <input checkdependson=\"customWorkspace\" checkurl=\"/job/molecular_voter/descriptorByName/hudson.model.FreeStyleProject/checkCustomWorkspace\" name=\"_.customWorkspace\" type=\"text\" class=\"setting-input validated  \" value=\"\" path=\"/customWorkspace\"></td><td class=\"setting-no-help\"></td></tr><tr class=\"validation-error-area\" style=\"display: none;\"><td colspan=\"2\"></td><td><div class=\"error\"><img src=\"/static/fd2e7eb0/images/none.gif\" height=\"16\" width=\"1\">Custom workspace is empty.</div></td><td></td></tr><tr class=\" rowvg-end optional-block-end\"></tr><tr><td class=\"setting-leftspace\">&nbsp;</td><td class=\"setting-name\">Display Name</td><td class=\"setting-main\">\n   \n\n  \n  <input checkurl=\"'/checkDisplayName?displayName='+encodeURIComponent(this.value)+'&amp;jobName='+encodeURIComponent('molecular_voter')\" name=\"_.displayNameOrNull\" type=\"text\" class=\"setting-input validated  \" value=\"\" path=\"/displayNameOrNull\"></td><td class=\"setting-help\"><a helpurl=\"/descriptor/hudson.model.FreeStyleProject/help/displayNameOrNull\" href=\"#\" class=\"help-button\" tabindex=\"9999\"><img src=\"/static/fd2e7eb0/images/16x16/help.png\" alt=\"Help for feature: Display Name\" style=\"width: 16px; height: 16px; \" class=\"icon-help icon-sm\"></a></td></tr><tr class=\"validation-error-area\"><td colspan=\"2\"></td><td><div></div></td><td></td></tr><tr class=\"help-area\"><td></td><td colspan=\"2\"><div class=\"help\">Loading...</div></td><td></td></tr><tr class=\"optional-block-start row-set-start\" hashelp=\"true\" ref=\"cb24\"><td colspan=\"3\"><input onclick=\"javascript:updateOptionalBlock(this,true)\" name=\"keepDependencies\" type=\"checkbox\" class=\" \" id=\"cb24\" path=\"/keepDependencies\"><label class=\"attach-previous\">Keep the build logs of dependencies</label></td><td class=\"setting-help\"><a helpurl=\"/help/tasks/fingerprint/keepDependencies.html\" href=\"#\" class=\"help-button\" tabindex=\"9999\"><img src=\"/static/fd2e7eb0/images/16x16/help.png\" alt=\"Help for feature: Keep the build logs of dependencies\" style=\"width: 16px; height: 16px; \" class=\"icon-help icon-sm\"></a></td></tr><tr class=\"help-area\" nameref=\"cb24\"><td></td><td colspan=\"2\"><div class=\"help\">Loading...</div></td><td></td></tr><tr class=\"rowvg-start\" nameref=\"cb24\" style=\"display: none;\"></tr><tr class=\"row-set-end rowvg-end optional-block-end\"></tr></tbody></table></td><td></td></tr><tr><td colspan=\"4\"><div class=\"section-header\"><a id=\"section1\" class=\"section-anchor\">#</a>Source Code Management</div></td></tr><script src=\"/adjuncts/fd2e7eb0/lib/form/radioBlock/radioBlock.js\" type=\"text/javascript\"></script><tr class=\"radio-block-start row-set-start\" hashelp=\"false\" ref=\"radio-block-9\"><td colspan=\"3\"><label><input name=\"scm\" checked=\"true\" type=\"radio\" value=\"0\" class=\"radio-block-control\" id=\"radio-block-9\" path=\"/scm[0]\">\n        None\n      </label></td><td class=\"setting-no-help\"></td></tr><tr style=\"display:none\" class=\"row-set-end radio-block-end\"></tr><tr class=\"radio-block-start row-set-start\" hashelp=\"false\" ref=\"radio-block-10\"><td colspan=\"3\"><label><input name=\"scm\" type=\"radio\" value=\"1\" class=\"radio-block-control\" id=\"radio-block-10\" path=\"/scm[1]\">\n        CVS\n      </label></td><td class=\"setting-no-help\"></td></tr><tr nameref=\"radio-block-10\" style=\"display: none;\"><td class=\"setting-leftspace\">&nbsp;</td><td class=\"setting-name\"></td><td class=\"setting-main\"><div class=\"repeated-container\"><div name=\"repositories\" class=\"repeated-chunk first last only\"><table style=\"width:100%\"><tbody><tr><td class=\"setting-leftspace\">&nbsp;</td><td class=\"setting-name\">CVSROOT</td><td class=\"setting-main\">\n   \n\n  \n  <input checkdependson=\"\" checkurl=\"/job/molecular_voter/descriptorByName/hudson.scm.CvsRepository/checkCvsRoot\" name=\"_.cvsRoot\" type=\"text\" class=\"setting-input validated  \" value=\"\"></td><td class=\"setting-help\"><a helpurl=\"/descriptor/hudson.scm.CvsRepository/help/cvsRoot\" href=\"#\" class=\"help-button\" tabindex=\"9999\"><img src=\"/static/fd2e7eb0/images/16x16/help.png\" alt=\"Help for feature: CVSROOT\" style=\"width: 16px; height: 16px; \" class=\"icon-help icon-sm\"></a></td></tr><tr class=\"validation-error-area\"><td colspan=\"2\"></td><td><div class=\"error\"><img src=\"/static/fd2e7eb0/images/none.gif\" height=\"16\" width=\"1\">CVSROOT is mandatory</div></td><td></td></tr><tr class=\"help-area\"><td></td><td colspan=\"2\"><div class=\"help\">Loading...</div></td><td></td></tr><tr class=\"optional-block-start \" hashelp=\"false\" ref=\"cb25\"><td colspan=\"3\"><input onclick=\"javascript:updateOptionalBlock(this,true)\" name=\"passwordRequired\" type=\"checkbox\" class=\" \" id=\"cb25\"><label class=\"attach-previous\">This Connection Requires A Password</label></td><td class=\"setting-no-help\"></td></tr><tr class=\"rowvg-start\" style=\"display: none;\"></tr><tr style=\"display: none;\"><td class=\"setting-leftspace\">&nbsp;</td><td class=\"setting-name\">Password</td><td class=\"setting-main\"><input name=\"_.password\" type=\"password\" class=\"setting-input \" value=\"\"></td><td class=\"setting-no-help\"></td></tr><tr class=\"validation-error-area\" style=\"display: none;\"><td colspan=\"2\"></td><td></td><td></td></tr><tr class=\" rowvg-end optional-block-end\"></tr><tr><td class=\"setting-leftspace\">&nbsp;</td><td class=\"setting-name\"></td><td class=\"setting-main\"><div class=\"repeated-container\"><div name=\"repositoryItems\" class=\"repeated-chunk first last only\"><table style=\"width:100%\"><tbody><tr><td class=\"setting-leftspace\">&nbsp;</td><td class=\"setting-name\">Location</td><td class=\"setting-main\"><select class=\"setting-input dropdownList\"><option value=\"0\">Branch</option><option value=\"1\" selected=\"true\">Head</option><option value=\"2\">Tag</option></select></td><td class=\"setting-no-help\"></td></tr><tr class=\"dropdownList-container\"><td colspan=\"2\"></td><td colspan=\"2\"><table width=\"100%\" name=\"location\"><tbody><tr class=\"dropdownList-start rowvg-start\" field-disabled=\"true\" style=\"display: none;\"></tr><tr field-disabled=\"true\" style=\"display: none;\"><td class=\"setting-leftspace\">&nbsp;</td><td class=\"setting-name\">Branch Name</td><td class=\"setting-main\">\n   \n\n  \n  <input name=\"_.branchName\" type=\"text\" class=\"setting-input   \" value=\"\"></td><td class=\"setting-no-help\"></td></tr><tr class=\"validation-error-area\" field-disabled=\"true\" style=\"display: none;\"><td colspan=\"2\"></td><td></td><td></td></tr><tr field-disabled=\"true\" style=\"display: none;\"><td class=\"setting-leftspace\">&nbsp;</td><td class=\"setting-name\">Use Head If Not Found</td><td class=\"setting-main\"><input name=\"_.useHeadIfNotFound\" type=\"checkbox\" class=\" \"></td><td class=\"setting-no-help\"></td></tr><tr class=\"validation-error-area\" field-disabled=\"true\" style=\"display: none;\"><td colspan=\"2\"></td><td></td><td></td></tr><tr style=\"display: none;\" field-disabled=\"true\"><td><input name=\"stapler-class\" type=\"hidden\" value=\"hudson.scm.CvsRepositoryLocation$BranchRepositoryLocation\"><input name=\"$class\" type=\"hidden\" value=\"hudson.scm.CvsRepositoryLocation$BranchRepositoryLocation\"></td></tr><tr class=\"dropdownList-end rowvg-end\"></tr><tr class=\"dropdownList-start rowvg-start\"></tr><tr style=\"\"><td><input name=\"stapler-class\" type=\"hidden\" value=\"hudson.scm.CvsRepositoryLocation$HeadRepositoryLocation\"><input name=\"$class\" type=\"hidden\" value=\"hudson.scm.CvsRepositoryLocation$HeadRepositoryLocation\"></td></tr><tr class=\"dropdownList-end rowvg-end\"></tr><tr class=\"dropdownList-start rowvg-start\" field-disabled=\"true\" style=\"display: none;\"></tr><tr field-disabled=\"true\" style=\"display: none;\"><td class=\"setting-leftspace\">&nbsp;</td><td class=\"setting-name\">Tag Name</td><td class=\"setting-main\">\n   \n\n  \n  <input name=\"_.tagName\" type=\"text\" class=\"setting-input   \" value=\"\"></td><td class=\"setting-no-help\"></td></tr><tr class=\"validation-error-area\" field-disabled=\"true\" style=\"display: none;\"><td colspan=\"2\"></td><td></td><td></td></tr><tr field-disabled=\"true\" style=\"display: none;\"><td class=\"setting-leftspace\">&nbsp;</td><td class=\"setting-name\">Use Head If Not Found</td><td class=\"setting-main\"><input name=\"_.useHeadIfNotFound\" type=\"checkbox\" class=\" \"></td><td class=\"setting-no-help\"></td></tr><tr class=\"validation-error-area\" field-disabled=\"true\" style=\"display: none;\"><td colspan=\"2\"></td><td></td><td></td></tr><tr style=\"display: none;\" field-disabled=\"true\"><td><input name=\"stapler-class\" type=\"hidden\" value=\"hudson.scm.CvsRepositoryLocation$TagRepositoryLocation\"><input name=\"$class\" type=\"hidden\" value=\"hudson.scm.CvsRepositoryLocation$TagRepositoryLocation\"></td></tr><tr class=\"dropdownList-end rowvg-end\"></tr></tbody></table></td></tr><tr><td class=\"setting-leftspace\">&nbsp;</td><td class=\"setting-name\">Modules</td><td class=\"setting-main\"><div class=\"repeated-container\"><div name=\"modules\" class=\"repeated-chunk first last only\"><table style=\"width:100%\"><tbody><tr><td class=\"setting-leftspace\">&nbsp;</td><td class=\"setting-name\">Remote Name</td><td class=\"setting-main\">\n   \n\n  \n  <input checkdependson=\"\" checkurl=\"/job/molecular_voter/descriptorByName/hudson.scm.CvsModule/checkRemoteName\" name=\"_.remoteName\" type=\"text\" class=\"setting-input validated  \" value=\"\"></td><td class=\"setting-help\"><a helpurl=\"/descriptor/hudson.scm.CvsModule/help/remoteName\" href=\"#\" class=\"help-button\" tabindex=\"9999\"><img src=\"/static/fd2e7eb0/images/16x16/help.png\" alt=\"Help for feature: Remote Name\" style=\"width: 16px; height: 16px; \" class=\"icon-help icon-sm\"></a></td></tr><tr class=\"validation-error-area\"><td colspan=\"2\"></td><td><div class=\"error\"><img src=\"/static/fd2e7eb0/images/none.gif\" height=\"16\" width=\"1\">Remote Name is mandatory</div></td><td></td></tr><tr class=\"help-area\"><td></td><td colspan=\"2\"><div class=\"help\">Loading...</div></td><td></td></tr><tr><td class=\"setting-leftspace\">&nbsp;</td><td class=\"setting-name\">Local Name</td><td class=\"setting-main\">\n   \n\n  \n  <input name=\"_.localName\" type=\"text\" class=\"setting-input   \" value=\"\"></td><td class=\"setting-help\"><a helpurl=\"/descriptor/hudson.scm.CvsModule/help/localName\" href=\"#\" class=\"help-button\" tabindex=\"9999\"><img src=\"/static/fd2e7eb0/images/16x16/help.png\" alt=\"Help for feature: Local Name\" style=\"width: 16px; height: 16px; \" class=\"icon-help icon-sm\"></a></td></tr><tr class=\"validation-error-area\"><td colspan=\"2\"></td><td></td><td></td></tr><tr class=\"help-area\"><td></td><td colspan=\"2\"><div class=\"help\">Loading...</div></td><td></td></tr><tr><td class=\"setting-leftspace\">&nbsp;</td><td class=\"setting-name\"></td><td class=\"setting-main\"><div align=\"right\"><span class=\"yui-button yui-push-button repeatable-add show-if-last\" id=\"yui-gen12\"><span class=\"first-child\"><button type=\"button\" tabindex=\"0\" id=\"yui-gen12-button\">Add more modules...</button></span></span><span class=\"yui-button yui-push-button repeatable-delete show-if-not-only\" id=\"yui-gen21\"><span class=\"first-child\"><button type=\"button\" tabindex=\"0\" id=\"yui-gen21-button\">Delete</button></span></span></div></td><td class=\"setting-no-help\"></td></tr><tr class=\"validation-error-area\"><td colspan=\"2\"></td><td></td><td></td></tr></tbody></table></div><div class=\"repeatable-insertion-point\"></div></div></td><td class=\"setting-no-help\"></td></tr><tr class=\"validation-error-area\"><td colspan=\"2\"></td><td></td><td></td></tr><tr><td class=\"setting-leftspace\">&nbsp;</td><td class=\"setting-name\"></td><td class=\"setting-main\"><div align=\"right\"><span class=\"yui-button yui-push-button repeatable-add show-if-last\" id=\"yui-gen13\"><span class=\"first-child\"><button type=\"button\" tabindex=\"0\" id=\"yui-gen13-button\">Add more locations...</button></span></span><span class=\"yui-button yui-push-button repeatable-delete show-if-not-only\" id=\"yui-gen22\"><span class=\"first-child\"><button type=\"button\" tabindex=\"0\" id=\"yui-gen22-button\">Delete</button></span></span></div></td><td class=\"setting-no-help\"></td></tr><tr class=\"validation-error-area\"><td colspan=\"2\"></td><td></td><td></td></tr></tbody></table></div><div class=\"repeatable-insertion-point\"></div></div></td><td class=\"setting-no-help\"></td></tr><tr class=\"validation-error-area\"><td colspan=\"2\"></td><td></td><td></td></tr><tr><td></td><td></td><td><div style=\"\" class=\"advancedLink\"><span style=\"display: none\" id=\"id22\"><img src=\"/static/fd2e7eb0/images/24x24/notepad.png\" tooltip=\"One or more fields in this block have been edited.\" style=\"width: 24px; height: 24px; vertical-align: baseline\" class=\"icon-notepad icon-md\" title=\"One or more fields in this block have been edited.\"></span>&nbsp;<span class=\"yui-button yui-push-button advanced-button advancedButton\" id=\"yui-gen8\"><span class=\"first-child\"><button type=\"button\" tabindex=\"0\" id=\"yui-gen8-button\">Advanced...</button></span></span></div><table class=\"advancedBody\"><tbody><tr><td colspan=\"4\"><div class=\"section-header\"><a id=\"section3\" class=\"section-anchor\">#</a>Advanced Repository Options</div></td></tr><tr><td class=\"setting-leftspace\">&nbsp;</td><td class=\"setting-name\">Repository browser</td><td class=\"setting-main\"><select class=\"setting-input dropdownList\"><option value=\"auto\">(Auto)</option><option value=\"0\">FishEye</option><option value=\"1\">OpenGrok</option><option value=\"2\">ViewCVS</option></select></td><td class=\"setting-help\"><a helpurl=\"/help/scm-browsers/list.html\" href=\"#\" class=\"help-button\" tabindex=\"9999\"><img src=\"/static/fd2e7eb0/images/16x16/help.png\" alt=\"Help for feature: Repository browser\" style=\"width: 16px; height: 16px; \" class=\"icon-help icon-sm\"></a></td></tr><tr class=\"dropdownList-container\"><td colspan=\"2\"></td><td colspan=\"2\"><table width=\"100%\" name=\"repositoryBrowser\"><tbody><tr class=\"dropdownList-start rowvg-start\"></tr><tr class=\"dropdownList-end rowvg-end\"></tr><tr class=\"dropdownList-start rowvg-start\" field-disabled=\"true\" style=\"display: none;\"></tr><tr class=\"render-on-demand \" proxy=\"makeStaplerProxy('/$stapler/bound/c362f04b-59b3-4ac0-a6bd-232ba933cfe3','d9558d1b-578e-4743-a240-8717f9f0c41e',['render'])\" field-disabled=\"true\" style=\"display: none;\"></tr><tr style=\"display: none;\" field-disabled=\"true\"><td><input name=\"stapler-class\" type=\"hidden\" value=\"hudson.scm.browsers.FishEyeCVS\"><input name=\"$class\" type=\"hidden\" value=\"hudson.scm.browsers.FishEyeCVS\"></td></tr><tr class=\"dropdownList-end rowvg-end\"></tr><tr class=\"dropdownList-start rowvg-start\" field-disabled=\"true\" style=\"display: none;\"></tr><tr class=\"render-on-demand \" proxy=\"makeStaplerProxy('/$stapler/bound/b4c29d94-1888-489c-bd88-5c2114effa9a','d9558d1b-578e-4743-a240-8717f9f0c41e',['render'])\" field-disabled=\"true\" style=\"display: none;\"></tr><tr style=\"display: none;\" field-disabled=\"true\"><td><input name=\"stapler-class\" type=\"hidden\" value=\"hudson.scm.browsers.OpenGrok\"><input name=\"$class\" type=\"hidden\" value=\"hudson.scm.browsers.OpenGrok\"></td></tr><tr class=\"dropdownList-end rowvg-end\"></tr><tr class=\"dropdownList-start rowvg-start\" field-disabled=\"true\" style=\"display: none;\"></tr><tr class=\"render-on-demand \" proxy=\"makeStaplerProxy('/$stapler/bound/b68e4818-759e-404e-bd77-4e80af51f679','d9558d1b-578e-4743-a240-8717f9f0c41e',['render'])\" field-disabled=\"true\" style=\"display: none;\"></tr><tr style=\"display: none;\" field-disabled=\"true\"><td><input name=\"stapler-class\" type=\"hidden\" value=\"hudson.scm.browsers.ViewCVS\"><input name=\"$class\" type=\"hidden\" value=\"hudson.scm.browsers.ViewCVS\"></td></tr><tr class=\"dropdownList-end rowvg-end\"></tr></tbody></table></td></tr><tr class=\"help-area\"><td></td><td colspan=\"2\"><div class=\"help\">Loading...</div></td><td></td></tr><tr><td class=\"setting-leftspace\">&nbsp;</td><td class=\"setting-name\">Exclude Regions</td><td class=\"setting-main\"><div class=\"repeated-container\"><div name=\"excludedRegions\" class=\"repeated-chunk first last only\"><table style=\"width:100%\"><tbody><tr><td class=\"setting-leftspace\">&nbsp;</td><td class=\"setting-name\">Pattern</td><td class=\"setting-main\">\n   \n\n  \n  <input checkdependson=\"\" checkurl=\"/job/molecular_voter/descriptorByName/hudson.scm.ExcludedRegion/checkPattern\" name=\"_.pattern\" type=\"text\" class=\"setting-input validated  \" value=\"\"></td><td class=\"setting-no-help\"></td></tr><tr class=\"validation-error-area\"><td colspan=\"2\"></td><td><div></div></td><td></td></tr><tr><td class=\"setting-leftspace\">&nbsp;</td><td class=\"setting-name\"></td><td class=\"setting-main\"><div align=\"right\"><span class=\"yui-button yui-push-button repeatable-add show-if-last\" id=\"yui-gen14\"><span class=\"first-child\"><button type=\"button\" tabindex=\"0\" id=\"yui-gen14-button\">Add more patterns...</button></span></span><span class=\"yui-button yui-push-button repeatable-delete show-if-not-only\" id=\"yui-gen23\"><span class=\"first-child\"><button type=\"button\" tabindex=\"0\" id=\"yui-gen23-button\">Delete</button></span></span></div></td><td class=\"setting-no-help\"></td></tr><tr class=\"validation-error-area\"><td colspan=\"2\"></td><td></td><td></td></tr></tbody></table></div><div class=\"repeatable-insertion-point\"></div></div></td><td class=\"setting-no-help\"></td></tr><tr class=\"validation-error-area\"><td colspan=\"2\"></td><td></td><td></td></tr><tr><td class=\"setting-leftspace\">&nbsp;</td><td class=\"setting-name\">Compression Level</td><td class=\"setting-main\">\n\n   \n  <select fillurl=\"/job/molecular_voter/descriptorByName/hudson.scm.CvsRepository/fillCompressionLevelItems\" name=\"_.compressionLevel\" class=\"setting-input  select \" value=\"\"><option value=\"-1\">System Default</option><option value=\"0\">None</option><option value=\"1\">1</option><option value=\"2\">2</option><option value=\"3\">3 (Recommended)</option><option value=\"4\">4</option><option value=\"5\">5</option><option value=\"6\">6</option><option value=\"7\">7</option><option value=\"8\">8</option><option value=\"9\">9</option></select></td><td class=\"setting-no-help\"></td></tr><tr class=\"validation-error-area\"><td colspan=\"2\"></td><td></td><td></td></tr></tbody></table></td><td></td></tr><tr><td class=\"setting-leftspace\">&nbsp;</td><td class=\"setting-name\"></td><td class=\"setting-main\"><div align=\"right\"><span class=\"yui-button yui-push-button repeatable-add show-if-last\" id=\"yui-gen15\"><span class=\"first-child\"><button type=\"button\" tabindex=\"0\" id=\"yui-gen15-button\">Add more repositories...</button></span></span><span class=\"yui-button yui-push-button repeatable-delete show-if-not-only\" id=\"yui-gen24\"><span class=\"first-child\"><button type=\"button\" tabindex=\"0\" id=\"yui-gen24-button\">Delete</button></span></span></div></td><td class=\"setting-no-help\"></td></tr><tr class=\"validation-error-area\"><td colspan=\"2\"></td><td></td><td></td></tr></tbody></table></div><div class=\"repeatable-insertion-point\"></div></div></td><td class=\"setting-no-help\"></td></tr><tr class=\"validation-error-area\" nameref=\"radio-block-10\" style=\"display: none;\"><td colspan=\"2\"></td><td></td><td></td></tr><tr nameref=\"radio-block-10\" style=\"display: none;\"><td class=\"setting-leftspace\">&nbsp;</td><td class=\"setting-name\">Use Update</td><td class=\"setting-main\"><input name=\"_.canUseUpdate\" checked=\"true\" type=\"checkbox\" class=\" \"></td><td class=\"setting-help\"><a helpurl=\"/descriptor/hudson.scm.CVSSCM/help/canUseUpdate\" href=\"#\" class=\"help-button\" tabindex=\"9999\"><img src=\"/static/fd2e7eb0/images/16x16/help.png\" alt=\"Help for feature: Use Update\" style=\"width: 16px; height: 16px; \" class=\"icon-help icon-sm\"></a></td></tr><tr class=\"validation-error-area\" nameref=\"radio-block-10\" style=\"display: none;\"><td colspan=\"2\"></td><td></td><td></td></tr><tr class=\"help-area\" nameref=\"radio-block-10\" style=\"display: none;\"><td></td><td colspan=\"2\"><div class=\"help\">Loading...</div></td><td></td></tr><tr nameref=\"radio-block-10\" style=\"display: none;\"><td class=\"setting-leftspace\">&nbsp;</td><td class=\"setting-name\">Prune Empty Directories</td><td class=\"setting-main\"><input name=\"_.pruneEmptyDirectories\" checked=\"true\" type=\"checkbox\" class=\" \"></td><td class=\"setting-help\"><a helpurl=\"/descriptor/hudson.scm.CVSSCM/help/pruneEmptyDirectories\" href=\"#\" class=\"help-button\" tabindex=\"9999\"><img src=\"/static/fd2e7eb0/images/16x16/help.png\" alt=\"Help for feature: Prune Empty Directories\" style=\"width: 16px; height: 16px; \" class=\"icon-help icon-sm\"></a></td></tr><tr class=\"validation-error-area\" nameref=\"radio-block-10\" style=\"display: none;\"><td colspan=\"2\"></td><td></td><td></td></tr><tr class=\"help-area\" nameref=\"radio-block-10\" style=\"display: none;\"><td></td><td colspan=\"2\"><div class=\"help\">Loading...</div></td><td></td></tr><tr nameref=\"radio-block-10\" style=\"display: none;\"><td class=\"setting-leftspace\">&nbsp;</td><td class=\"setting-name\">Legacy Mode</td><td class=\"setting-main\"><input name=\"_.legacy\" type=\"checkbox\" class=\" \"><label class=\"attach-previous\">(run CVS in a way compatible with older versions of Hudson &lt;1.21)</label></td><td class=\"setting-help\"><a helpurl=\"/descriptor/hudson.scm.CVSSCM/help/legacy\" href=\"#\" class=\"help-button\" tabindex=\"9999\"><img src=\"/static/fd2e7eb0/images/16x16/help.png\" alt=\"Help for feature: Legacy Mode\" style=\"width: 16px; height: 16px; \" class=\"icon-help icon-sm\"></a></td></tr><tr class=\"validation-error-area\" nameref=\"radio-block-10\" style=\"display: none;\"><td colspan=\"2\"></td><td></td><td></td></tr><tr class=\"help-area\" nameref=\"radio-block-10\" style=\"display: none;\"><td></td><td colspan=\"2\"><div class=\"help\">Loading...</div></td><td></td></tr><tr nameref=\"radio-block-10\" style=\"display: none;\"><td class=\"setting-leftspace\">&nbsp;</td><td class=\"setting-name\">Skip Changelog</td><td class=\"setting-main\"><input name=\"_.skipChangeLog\" type=\"checkbox\" class=\" \"></td><td class=\"setting-help\"><a helpurl=\"/descriptor/hudson.scm.CVSSCM/help/skipChangeLog\" href=\"#\" class=\"help-button\" tabindex=\"9999\"><img src=\"/static/fd2e7eb0/images/16x16/help.png\" alt=\"Help for feature: Skip Changelog\" style=\"width: 16px; height: 16px; \" class=\"icon-help icon-sm\"></a></td></tr><tr class=\"validation-error-area\" nameref=\"radio-block-10\" style=\"display: none;\"><td colspan=\"2\"></td><td></td><td></td></tr><tr class=\"help-area\" nameref=\"radio-block-10\" style=\"display: none;\"><td></td><td colspan=\"2\"><div class=\"help\">Loading...</div></td><td></td></tr><tr nameref=\"radio-block-10\" style=\"display: none;\"><td class=\"setting-leftspace\">&nbsp;</td><td class=\"setting-name\">Show all CVS output</td><td class=\"setting-main\"><input name=\"_.disableCvsQuiet\" type=\"checkbox\" class=\" \"></td><td class=\"setting-help\"><a helpurl=\"/descriptor/hudson.scm.CVSSCM/help/disableCvsQuiet\" href=\"#\" class=\"help-button\" tabindex=\"9999\"><img src=\"/static/fd2e7eb0/images/16x16/help.png\" alt=\"Help for feature: Show all CVS output\" style=\"width: 16px; height: 16px; \" class=\"icon-help icon-sm\"></a></td></tr><tr class=\"validation-error-area\" nameref=\"radio-block-10\" style=\"display: none;\"><td colspan=\"2\"></td><td></td><td></td></tr><tr class=\"help-area\" nameref=\"radio-block-10\" style=\"display: none;\"><td></td><td colspan=\"2\"><div class=\"help\">Loading...</div></td><td></td></tr><tr nameref=\"radio-block-10\" style=\"display: none;\"><td class=\"setting-leftspace\">&nbsp;</td><td class=\"setting-name\">Perform clean checkout on failed update</td><td class=\"setting-main\"><input name=\"_.cleanOnFailedUpdate\" type=\"checkbox\" class=\" \"></td><td class=\"setting-help\"><a helpurl=\"/descriptor/hudson.scm.CVSSCM/help/cleanOnFailedUpdate\" href=\"#\" class=\"help-button\" tabindex=\"9999\"><img src=\"/static/fd2e7eb0/images/16x16/help.png\" alt=\"Help for feature: Perform clean checkout on failed update\" style=\"width: 16px; height: 16px; \" class=\"icon-help icon-sm\"></a></td></tr><tr class=\"validation-error-area\" nameref=\"radio-block-10\" style=\"display: none;\"><td colspan=\"2\"></td><td></td><td></td></tr><tr class=\"help-area\" nameref=\"radio-block-10\" style=\"display: none;\"><td></td><td colspan=\"2\"><div class=\"help\">Loading...</div></td><td></td></tr><tr nameref=\"radio-block-10\" style=\"display: none;\"><td class=\"setting-leftspace\">&nbsp;</td><td class=\"setting-name\">Force clean copy for locally modified files</td><td class=\"setting-main\"><input name=\"_.forceCleanCopy\" type=\"checkbox\" class=\" \"></td><td class=\"setting-help\"><a helpurl=\"/descriptor/hudson.scm.CVSSCM/help/forceCleanCopy\" href=\"#\" class=\"help-button\" tabindex=\"9999\"><img src=\"/static/fd2e7eb0/images/16x16/help.png\" alt=\"Help for feature: Force clean copy for locally modified files\" style=\"width: 16px; height: 16px; \" class=\"icon-help icon-sm\"></a></td></tr><tr class=\"validation-error-area\" nameref=\"radio-block-10\" style=\"display: none;\"><td colspan=\"2\"></td><td></td><td></td></tr><tr class=\"help-area\" nameref=\"radio-block-10\" style=\"display: none;\"><td></td><td colspan=\"2\"><div class=\"help\">Loading...</div></td><td></td></tr><tr style=\"display:none\" class=\"row-set-end radio-block-end\"></tr><tr class=\"radio-block-start row-set-start\" hashelp=\"false\" ref=\"radio-block-11\"><td colspan=\"3\"><label><input name=\"scm\" type=\"radio\" value=\"2\" class=\"radio-block-control\" id=\"radio-block-11\" path=\"/scm[2]\">\n        CVS Projectset\n      </label></td><td class=\"setting-no-help\"></td></tr><tr nameref=\"radio-block-11\" style=\"display: none;\"><td class=\"setting-leftspace\">&nbsp;</td><td class=\"setting-name\"></td><td class=\"setting-main\"><div class=\"repeated-container\"><div name=\"repositories\" class=\"repeated-chunk first last only\"><table style=\"width:100%\"><tbody><tr><td class=\"setting-leftspace\">&nbsp;</td><td class=\"setting-name\">CVSROOT</td><td class=\"setting-main\">\n   \n\n  \n  <input checkdependson=\"\" checkurl=\"/job/molecular_voter/descriptorByName/hudson.scm.CvsRepository/checkCvsRoot\" name=\"_.cvsRoot\" type=\"text\" class=\"setting-input validated  \" value=\"\"></td><td class=\"setting-help\"><a helpurl=\"/descriptor/hudson.scm.CvsRepository/help/cvsRoot\" href=\"#\" class=\"help-button\" tabindex=\"9999\"><img src=\"/static/fd2e7eb0/images/16x16/help.png\" alt=\"Help for feature: CVSROOT\" style=\"width: 16px; height: 16px; \" class=\"icon-help icon-sm\"></a></td></tr><tr class=\"validation-error-area\"><td colspan=\"2\"></td><td><div class=\"error\"><img src=\"/static/fd2e7eb0/images/none.gif\" height=\"16\" width=\"1\">CVSROOT is mandatory</div></td><td></td></tr><tr class=\"help-area\"><td></td><td colspan=\"2\"><div class=\"help\">Loading...</div></td><td></td></tr><tr class=\"optional-block-start \" hashelp=\"false\" ref=\"cb26\"><td colspan=\"3\"><input onclick=\"javascript:updateOptionalBlock(this,true)\" name=\"passwordRequired\" type=\"checkbox\" class=\" \" id=\"cb26\"><label class=\"attach-previous\">This Connection Requires A Password</label></td><td class=\"setting-no-help\"></td></tr><tr class=\"rowvg-start\" style=\"display: none;\"></tr><tr style=\"display: none;\"><td class=\"setting-leftspace\">&nbsp;</td><td class=\"setting-name\">Password</td><td class=\"setting-main\"><input name=\"_.password\" type=\"password\" class=\"setting-input \" value=\"\"></td><td class=\"setting-no-help\"></td></tr><tr class=\"validation-error-area\" style=\"display: none;\"><td colspan=\"2\"></td><td></td><td></td></tr><tr class=\" rowvg-end optional-block-end\"></tr><tr><td class=\"setting-leftspace\">&nbsp;</td><td class=\"setting-name\"></td><td class=\"setting-main\"><div class=\"repeated-container\"><div name=\"repositoryItems\" class=\"repeated-chunk first last only\"><table style=\"width:100%\"><tbody><tr><td class=\"setting-leftspace\">&nbsp;</td><td class=\"setting-name\">Location</td><td class=\"setting-main\"><select class=\"setting-input dropdownList\"><option value=\"0\">Branch</option><option value=\"1\" selected=\"true\">Head</option><option value=\"2\">Tag</option></select></td><td class=\"setting-no-help\"></td></tr><tr class=\"dropdownList-container\"><td colspan=\"2\"></td><td colspan=\"2\"><table width=\"100%\" name=\"location\"><tbody><tr class=\"dropdownList-start rowvg-start\" field-disabled=\"true\" style=\"display: none;\"></tr><tr field-disabled=\"true\" style=\"display: none;\"><td class=\"setting-leftspace\">&nbsp;</td><td class=\"setting-name\">Branch Name</td><td class=\"setting-main\">\n   \n\n  \n  <input name=\"_.branchName\" type=\"text\" class=\"setting-input   \" value=\"\"></td><td class=\"setting-no-help\"></td></tr><tr class=\"validation-error-area\" field-disabled=\"true\" style=\"display: none;\"><td colspan=\"2\"></td><td></td><td></td></tr><tr field-disabled=\"true\" style=\"display: none;\"><td class=\"setting-leftspace\">&nbsp;</td><td class=\"setting-name\">Use Head If Not Found</td><td class=\"setting-main\"><input name=\"_.useHeadIfNotFound\" type=\"checkbox\" class=\" \"></td><td class=\"setting-no-help\"></td></tr><tr class=\"validation-error-area\" field-disabled=\"true\" style=\"display: none;\"><td colspan=\"2\"></td><td></td><td></td></tr><tr style=\"display: none;\" field-disabled=\"true\"><td><input name=\"stapler-class\" type=\"hidden\" value=\"hudson.scm.CvsRepositoryLocation$BranchRepositoryLocation\"><input name=\"$class\" type=\"hidden\" value=\"hudson.scm.CvsRepositoryLocation$BranchRepositoryLocation\"></td></tr><tr class=\"dropdownList-end rowvg-end\"></tr><tr class=\"dropdownList-start rowvg-start\"></tr><tr style=\"\"><td><input name=\"stapler-class\" type=\"hidden\" value=\"hudson.scm.CvsRepositoryLocation$HeadRepositoryLocation\"><input name=\"$class\" type=\"hidden\" value=\"hudson.scm.CvsRepositoryLocation$HeadRepositoryLocation\"></td></tr><tr class=\"dropdownList-end rowvg-end\"></tr><tr class=\"dropdownList-start rowvg-start\" field-disabled=\"true\" style=\"display: none;\"></tr><tr field-disabled=\"true\" style=\"display: none;\"><td class=\"setting-leftspace\">&nbsp;</td><td class=\"setting-name\">Tag Name</td><td class=\"setting-main\">\n   \n\n  \n  <input name=\"_.tagName\" type=\"text\" class=\"setting-input   \" value=\"\"></td><td class=\"setting-no-help\"></td></tr><tr class=\"validation-error-area\" field-disabled=\"true\" style=\"display: none;\"><td colspan=\"2\"></td><td></td><td></td></tr><tr field-disabled=\"true\" style=\"display: none;\"><td class=\"setting-leftspace\">&nbsp;</td><td class=\"setting-name\">Use Head If Not Found</td><td class=\"setting-main\"><input name=\"_.useHeadIfNotFound\" type=\"checkbox\" class=\" \"></td><td class=\"setting-no-help\"></td></tr><tr class=\"validation-error-area\" field-disabled=\"true\" style=\"display: none;\"><td colspan=\"2\"></td><td></td><td></td></tr><tr style=\"display: none;\" field-disabled=\"true\"><td><input name=\"stapler-class\" type=\"hidden\" value=\"hudson.scm.CvsRepositoryLocation$TagRepositoryLocation\"><input name=\"$class\" type=\"hidden\" value=\"hudson.scm.CvsRepositoryLocation$TagRepositoryLocation\"></td></tr><tr class=\"dropdownList-end rowvg-end\"></tr></tbody></table></td></tr><tr><td class=\"setting-leftspace\">&nbsp;</td><td class=\"setting-name\">Modules</td><td class=\"setting-main\"><div class=\"repeated-container\"><div name=\"modules\" class=\"repeated-chunk first last only\"><table style=\"width:100%\"><tbody><tr><td class=\"setting-leftspace\">&nbsp;</td><td class=\"setting-name\">Remote Name</td><td class=\"setting-main\">\n   \n\n  \n  <input checkdependson=\"\" checkurl=\"/job/molecular_voter/descriptorByName/hudson.scm.CvsModule/checkRemoteName\" name=\"_.remoteName\" type=\"text\" class=\"setting-input validated  \" value=\"\"></td><td class=\"setting-help\"><a helpurl=\"/descriptor/hudson.scm.CvsModule/help/remoteName\" href=\"#\" class=\"help-button\" tabindex=\"9999\"><img src=\"/static/fd2e7eb0/images/16x16/help.png\" alt=\"Help for feature: Remote Name\" style=\"width: 16px; height: 16px; \" class=\"icon-help icon-sm\"></a></td></tr><tr class=\"validation-error-area\"><td colspan=\"2\"></td><td><div class=\"error\"><img src=\"/static/fd2e7eb0/images/none.gif\" height=\"16\" width=\"1\">Remote Name is mandatory</div></td><td></td></tr><tr class=\"help-area\"><td></td><td colspan=\"2\"><div class=\"help\">Loading...</div></td><td></td></tr><tr><td class=\"setting-leftspace\">&nbsp;</td><td class=\"setting-name\">Local Name</td><td class=\"setting-main\">\n   \n\n  \n  <input name=\"_.localName\" type=\"text\" class=\"setting-input   \" value=\"\"></td><td class=\"setting-help\"><a helpurl=\"/descriptor/hudson.scm.CvsModule/help/localName\" href=\"#\" class=\"help-button\" tabindex=\"9999\"><img src=\"/static/fd2e7eb0/images/16x16/help.png\" alt=\"Help for feature: Local Name\" style=\"width: 16px; height: 16px; \" class=\"icon-help icon-sm\"></a></td></tr><tr class=\"validation-error-area\"><td colspan=\"2\"></td><td></td><td></td></tr><tr class=\"help-area\"><td></td><td colspan=\"2\"><div class=\"help\">Loading...</div></td><td></td></tr><tr><td class=\"setting-leftspace\">&nbsp;</td><td class=\"setting-name\">Projectset File Name</td><td class=\"setting-main\">\n   \n\n  \n  <input checkdependson=\"\" checkurl=\"/job/molecular_voter/descriptorByName/hudson.scm.CvsModule/checkProjectsetFileName\" name=\"_.projectsetFileName\" type=\"text\" class=\"setting-input validated  \" value=\"\"></td><td class=\"setting-help\"><a helpurl=\"/descriptor/hudson.scm.CvsModule/help/projectsetFileName\" href=\"#\" class=\"help-button\" tabindex=\"9999\"><img src=\"/static/fd2e7eb0/images/16x16/help.png\" alt=\"Help for feature: Projectset File Name\" style=\"width: 16px; height: 16px; \" class=\"icon-help icon-sm\"></a></td></tr><tr class=\"validation-error-area\"><td colspan=\"2\"></td><td><div class=\"error\"><img src=\"/static/fd2e7eb0/images/none.gif\" height=\"16\" width=\"1\">Projectset file name is mandatory</div></td><td></td></tr><tr class=\"help-area\"><td></td><td colspan=\"2\"><div class=\"help\">Loading...</div></td><td></td></tr><tr><td class=\"setting-leftspace\">&nbsp;</td><td class=\"setting-name\"></td><td class=\"setting-main\"><div align=\"right\"><span class=\"yui-button yui-push-button repeatable-add show-if-last\" id=\"yui-gen16\"><span class=\"first-child\"><button type=\"button\" tabindex=\"0\" id=\"yui-gen16-button\">Add more modules...</button></span></span><span class=\"yui-button yui-push-button repeatable-delete show-if-not-only\" id=\"yui-gen25\"><span class=\"first-child\"><button type=\"button\" tabindex=\"0\" id=\"yui-gen25-button\">Delete</button></span></span></div></td><td class=\"setting-no-help\"></td></tr><tr class=\"validation-error-area\"><td colspan=\"2\"></td><td></td><td></td></tr></tbody></table></div><div class=\"repeatable-insertion-point\"></div></div></td><td class=\"setting-no-help\"></td></tr><tr class=\"validation-error-area\"><td colspan=\"2\"></td><td></td><td></td></tr><tr><td class=\"setting-leftspace\">&nbsp;</td><td class=\"setting-name\"></td><td class=\"setting-main\"><div align=\"right\"><span class=\"yui-button yui-push-button repeatable-add show-if-last\" id=\"yui-gen17\"><span class=\"first-child\"><button type=\"button\" tabindex=\"0\" id=\"yui-gen17-button\">Add more locations...</button></span></span><span class=\"yui-button yui-push-button repeatable-delete show-if-not-only\" id=\"yui-gen26\"><span class=\"first-child\"><button type=\"button\" tabindex=\"0\" id=\"yui-gen26-button\">Delete</button></span></span></div></td><td class=\"setting-no-help\"></td></tr><tr class=\"validation-error-area\"><td colspan=\"2\"></td><td></td><td></td></tr></tbody></table></div><div class=\"repeatable-insertion-point\"></div></div></td><td class=\"setting-no-help\"></td></tr><tr class=\"validation-error-area\"><td colspan=\"2\"></td><td></td><td></td></tr><tr><td></td><td></td><td><div style=\"\" class=\"advancedLink\"><span style=\"display: none\" id=\"id24\"><img src=\"/static/fd2e7eb0/images/24x24/notepad.png\" tooltip=\"One or more fields in this block have been edited.\" style=\"width: 24px; height: 24px; vertical-align: baseline\" class=\"icon-notepad icon-md\" title=\"One or more fields in this block have been edited.\"></span>&nbsp;<span class=\"yui-button yui-push-button advanced-button advancedButton\" id=\"yui-gen9\"><span class=\"first-child\"><button type=\"button\" tabindex=\"0\" id=\"yui-gen9-button\">Advanced...</button></span></span></div><table class=\"advancedBody\"><tbody><tr><td colspan=\"4\"><div class=\"section-header\"><a id=\"section5\" class=\"section-anchor\">#</a>Advanced Repository Options</div></td></tr><tr><td class=\"setting-leftspace\">&nbsp;</td><td class=\"setting-name\">Repository browser</td><td class=\"setting-main\"><select class=\"setting-input dropdownList\"><option value=\"auto\">(Auto)</option><option value=\"0\">FishEye</option><option value=\"1\">OpenGrok</option><option value=\"2\">ViewCVS</option></select></td><td class=\"setting-help\"><a helpurl=\"/help/scm-browsers/list.html\" href=\"#\" class=\"help-button\" tabindex=\"9999\"><img src=\"/static/fd2e7eb0/images/16x16/help.png\" alt=\"Help for feature: Repository browser\" style=\"width: 16px; height: 16px; \" class=\"icon-help icon-sm\"></a></td></tr><tr class=\"dropdownList-container\"><td colspan=\"2\"></td><td colspan=\"2\"><table width=\"100%\" name=\"repositoryBrowser\"><tbody><tr class=\"dropdownList-start rowvg-start\"></tr><tr class=\"dropdownList-end rowvg-end\"></tr><tr class=\"dropdownList-start rowvg-start\" field-disabled=\"true\" style=\"display: none;\"></tr><tr class=\"render-on-demand \" proxy=\"makeStaplerProxy('/$stapler/bound/04062b24-6e7e-4686-9fc2-a4b53cece068','d9558d1b-578e-4743-a240-8717f9f0c41e',['render'])\" field-disabled=\"true\" style=\"display: none;\"></tr><tr style=\"display: none;\" field-disabled=\"true\"><td><input name=\"stapler-class\" type=\"hidden\" value=\"hudson.scm.browsers.FishEyeCVS\"><input name=\"$class\" type=\"hidden\" value=\"hudson.scm.browsers.FishEyeCVS\"></td></tr><tr class=\"dropdownList-end rowvg-end\"></tr><tr class=\"dropdownList-start rowvg-start\" field-disabled=\"true\" style=\"display: none;\"></tr><tr class=\"render-on-demand \" proxy=\"makeStaplerProxy('/$stapler/bound/8f7f8593-dbd6-4d0e-a93d-d42851ab5c5f','d9558d1b-578e-4743-a240-8717f9f0c41e',['render'])\" field-disabled=\"true\" style=\"display: none;\"></tr><tr style=\"display: none;\" field-disabled=\"true\"><td><input name=\"stapler-class\" type=\"hidden\" value=\"hudson.scm.browsers.OpenGrok\"><input name=\"$class\" type=\"hidden\" value=\"hudson.scm.browsers.OpenGrok\"></td></tr><tr class=\"dropdownList-end rowvg-end\"></tr><tr class=\"dropdownList-start rowvg-start\" field-disabled=\"true\" style=\"display: none;\"></tr><tr class=\"render-on-demand \" proxy=\"makeStaplerProxy('/$stapler/bound/c776ee91-08c4-4065-a5b8-cad857123a08','d9558d1b-578e-4743-a240-8717f9f0c41e',['render'])\" field-disabled=\"true\" style=\"display: none;\"></tr><tr style=\"display: none;\" field-disabled=\"true\"><td><input name=\"stapler-class\" type=\"hidden\" value=\"hudson.scm.browsers.ViewCVS\"><input name=\"$class\" type=\"hidden\" value=\"hudson.scm.browsers.ViewCVS\"></td></tr><tr class=\"dropdownList-end rowvg-end\"></tr></tbody></table></td></tr><tr class=\"help-area\"><td></td><td colspan=\"2\"><div class=\"help\">Loading...</div></td><td></td></tr><tr><td class=\"setting-leftspace\">&nbsp;</td><td class=\"setting-name\">Exclude Regions</td><td class=\"setting-main\"><div class=\"repeated-container\"><div name=\"excludedRegions\" class=\"repeated-chunk first last only\"><table style=\"width:100%\"><tbody><tr><td class=\"setting-leftspace\">&nbsp;</td><td class=\"setting-name\">Pattern</td><td class=\"setting-main\">\n   \n\n  \n  <input checkdependson=\"\" checkurl=\"/job/molecular_voter/descriptorByName/hudson.scm.ExcludedRegion/checkPattern\" name=\"_.pattern\" type=\"text\" class=\"setting-input validated  \" value=\"\"></td><td class=\"setting-no-help\"></td></tr><tr class=\"validation-error-area\"><td colspan=\"2\"></td><td><div></div></td><td></td></tr><tr><td class=\"setting-leftspace\">&nbsp;</td><td class=\"setting-name\"></td><td class=\"setting-main\"><div align=\"right\"><span class=\"yui-button yui-push-button repeatable-add show-if-last\" id=\"yui-gen18\"><span class=\"first-child\"><button type=\"button\" tabindex=\"0\" id=\"yui-gen18-button\">Add more patterns...</button></span></span><span class=\"yui-button yui-push-button repeatable-delete show-if-not-only\" id=\"yui-gen27\"><span class=\"first-child\"><button type=\"button\" tabindex=\"0\" id=\"yui-gen27-button\">Delete</button></span></span></div></td><td class=\"setting-no-help\"></td></tr><tr class=\"validation-error-area\"><td colspan=\"2\"></td><td></td><td></td></tr></tbody></table></div><div class=\"repeatable-insertion-point\"></div></div></td><td class=\"setting-no-help\"></td></tr><tr class=\"validation-error-area\"><td colspan=\"2\"></td><td></td><td></td></tr><tr><td class=\"setting-leftspace\">&nbsp;</td><td class=\"setting-name\">Compression Level</td><td class=\"setting-main\">\n\n   \n  <select fillurl=\"/job/molecular_voter/descriptorByName/hudson.scm.CvsRepository/fillCompressionLevelItems\" name=\"_.compressionLevel\" class=\"setting-input  select \" value=\"\"><option value=\"-1\">System Default</option><option value=\"0\">None</option><option value=\"1\">1</option><option value=\"2\">2</option><option value=\"3\">3 (Recommended)</option><option value=\"4\">4</option><option value=\"5\">5</option><option value=\"6\">6</option><option value=\"7\">7</option><option value=\"8\">8</option><option value=\"9\">9</option></select></td><td class=\"setting-no-help\"></td></tr><tr class=\"validation-error-area\"><td colspan=\"2\"></td><td></td><td></td></tr></tbody></table></td><td></td></tr><tr><td class=\"setting-leftspace\">&nbsp;</td><td class=\"setting-name\"></td><td class=\"setting-main\"><div align=\"right\"><span class=\"yui-button yui-push-button repeatable-add show-if-last\" id=\"yui-gen19\"><span class=\"first-child\"><button type=\"button\" tabindex=\"0\" id=\"yui-gen19-button\">Add more repositories...</button></span></span><span class=\"yui-button yui-push-button repeatable-delete show-if-not-only\" id=\"yui-gen28\"><span class=\"first-child\"><button type=\"button\" tabindex=\"0\" id=\"yui-gen28-button\">Delete</button></span></span></div></td><td class=\"setting-no-help\"></td></tr><tr class=\"validation-error-area\"><td colspan=\"2\"></td><td></td><td></td></tr></tbody></table></div><div class=\"repeatable-insertion-point\"></div></div></td><td class=\"setting-no-help\"></td></tr><tr class=\"validation-error-area\" nameref=\"radio-block-11\" style=\"display: none;\"><td colspan=\"2\"></td><td></td><td></td></tr><tr nameref=\"radio-block-11\" style=\"display: none;\"><td class=\"setting-leftspace\">&nbsp;</td><td class=\"setting-name\">Use Update</td><td class=\"setting-main\"><input name=\"_.canUseUpdate\" checked=\"true\" type=\"checkbox\" class=\" \"></td><td class=\"setting-help\"><a helpurl=\"/descriptor/hudson.scm.CvsProjectset/help/canUseUpdate\" href=\"#\" class=\"help-button\" tabindex=\"9999\"><img src=\"/static/fd2e7eb0/images/16x16/help.png\" alt=\"Help for feature: Use Update\" style=\"width: 16px; height: 16px; \" class=\"icon-help icon-sm\"></a></td></tr><tr class=\"validation-error-area\" nameref=\"radio-block-11\" style=\"display: none;\"><td colspan=\"2\"></td><td></td><td></td></tr><tr class=\"help-area\" nameref=\"radio-block-11\" style=\"display: none;\"><td></td><td colspan=\"2\"><div class=\"help\">Loading...</div></td><td></td></tr><tr nameref=\"radio-block-11\" style=\"display: none;\"><td class=\"setting-leftspace\">&nbsp;</td><td class=\"setting-name\">Username</td><td class=\"setting-main\">\n   \n\n  \n  <input name=\"_.username\" type=\"text\" class=\"setting-input   \" value=\"\"></td><td class=\"setting-help\"><a helpurl=\"/descriptor/hudson.scm.CvsProjectset/help/username\" href=\"#\" class=\"help-button\" tabindex=\"9999\"><img src=\"/static/fd2e7eb0/images/16x16/help.png\" alt=\"Help for feature: Username\" style=\"width: 16px; height: 16px; \" class=\"icon-help icon-sm\"></a></td></tr><tr class=\"validation-error-area\" nameref=\"radio-block-11\" style=\"display: none;\"><td colspan=\"2\"></td><td></td><td></td></tr><tr class=\"help-area\" nameref=\"radio-block-11\" style=\"display: none;\"><td></td><td colspan=\"2\"><div class=\"help\">Loading...</div></td><td></td></tr><tr nameref=\"radio-block-11\" style=\"display: none;\"><td class=\"setting-leftspace\">&nbsp;</td><td class=\"setting-name\">Password</td><td class=\"setting-main\"><input name=\"_.password\" type=\"password\" class=\"setting-input \" value=\"\"></td><td class=\"setting-help\"><a helpurl=\"/descriptor/hudson.scm.CvsProjectset/help/password\" href=\"#\" class=\"help-button\" tabindex=\"9999\"><img src=\"/static/fd2e7eb0/images/16x16/help.png\" alt=\"Help for feature: Password\" style=\"width: 16px; height: 16px; \" class=\"icon-help icon-sm\"></a></td></tr><tr class=\"validation-error-area\" nameref=\"radio-block-11\" style=\"display: none;\"><td colspan=\"2\"></td><td></td><td></td></tr><tr class=\"help-area\" nameref=\"radio-block-11\" style=\"display: none;\"><td></td><td colspan=\"2\"><div class=\"help\">Loading...</div></td><td></td></tr><tr nameref=\"radio-block-11\" style=\"display: none;\"><td class=\"setting-leftspace\">&nbsp;</td><td class=\"setting-name\">Prune Empty Directories</td><td class=\"setting-main\"><input name=\"_.pruneEmptyDirectories\" checked=\"true\" type=\"checkbox\" class=\" \"></td><td class=\"setting-help\"><a helpurl=\"/descriptor/hudson.scm.CvsProjectset/help/pruneEmptyDirectories\" href=\"#\" class=\"help-button\" tabindex=\"9999\"><img src=\"/static/fd2e7eb0/images/16x16/help.png\" alt=\"Help for feature: Prune Empty Directories\" style=\"width: 16px; height: 16px; \" class=\"icon-help icon-sm\"></a></td></tr><tr class=\"validation-error-area\" nameref=\"radio-block-11\" style=\"display: none;\"><td colspan=\"2\"></td><td></td><td></td></tr><tr class=\"help-area\" nameref=\"radio-block-11\" style=\"display: none;\"><td></td><td colspan=\"2\"><div class=\"help\">Loading...</div></td><td></td></tr><tr nameref=\"radio-block-11\" style=\"display: none;\"><td class=\"setting-leftspace\">&nbsp;</td><td class=\"setting-name\">Skip Changelog</td><td class=\"setting-main\"><input name=\"_.skipChangeLog\" type=\"checkbox\" class=\" \"></td><td class=\"setting-help\"><a helpurl=\"/descriptor/hudson.scm.CvsProjectset/help/skipChangeLog\" href=\"#\" class=\"help-button\" tabindex=\"9999\"><img src=\"/static/fd2e7eb0/images/16x16/help.png\" alt=\"Help for feature: Skip Changelog\" style=\"width: 16px; height: 16px; \" class=\"icon-help icon-sm\"></a></td></tr><tr class=\"validation-error-area\" nameref=\"radio-block-11\" style=\"display: none;\"><td colspan=\"2\"></td><td></td><td></td></tr><tr class=\"help-area\" nameref=\"radio-block-11\" style=\"display: none;\"><td></td><td colspan=\"2\"><div class=\"help\">Loading...</div></td><td></td></tr><tr nameref=\"radio-block-11\" style=\"display: none;\"><td class=\"setting-leftspace\">&nbsp;</td><td class=\"setting-name\">Show all CVS output</td><td class=\"setting-main\"><input name=\"_.disableCvsQuiet\" type=\"checkbox\" class=\" \"></td><td class=\"setting-help\"><a helpurl=\"/descriptor/hudson.scm.CvsProjectset/help/disableCvsQuiet\" href=\"#\" class=\"help-button\" tabindex=\"9999\"><img src=\"/static/fd2e7eb0/images/16x16/help.png\" alt=\"Help for feature: Show all CVS output\" style=\"width: 16px; height: 16px; \" class=\"icon-help icon-sm\"></a></td></tr><tr class=\"validation-error-area\" nameref=\"radio-block-11\" style=\"display: none;\"><td colspan=\"2\"></td><td></td><td></td></tr><tr class=\"help-area\" nameref=\"radio-block-11\" style=\"display: none;\"><td></td><td colspan=\"2\"><div class=\"help\">Loading...</div></td><td></td></tr><tr nameref=\"radio-block-11\" style=\"display: none;\"><td class=\"setting-leftspace\">&nbsp;</td><td class=\"setting-name\">Perform clean checkout on failed update</td><td class=\"setting-main\"><input name=\"_.cleanOnFailedUpdate\" type=\"checkbox\" class=\" \"></td><td class=\"setting-help\"><a helpurl=\"/descriptor/hudson.scm.CvsProjectset/help/cleanOnFailedUpdate\" href=\"#\" class=\"help-button\" tabindex=\"9999\"><img src=\"/static/fd2e7eb0/images/16x16/help.png\" alt=\"Help for feature: Perform clean checkout on failed update\" style=\"width: 16px; height: 16px; \" class=\"icon-help icon-sm\"></a></td></tr><tr class=\"validation-error-area\" nameref=\"radio-block-11\" style=\"display: none;\"><td colspan=\"2\"></td><td></td><td></td></tr><tr class=\"help-area\" nameref=\"radio-block-11\" style=\"display: none;\"><td></td><td colspan=\"2\"><div class=\"help\">Loading...</div></td><td></td></tr><tr nameref=\"radio-block-11\" style=\"display: none;\"><td class=\"setting-leftspace\">&nbsp;</td><td class=\"setting-name\">Repository browser</td><td class=\"setting-main\"><select class=\"setting-input dropdownList\"><option value=\"auto\">(Auto)</option><option value=\"0\">Cvs Facade Repository Browser</option><option value=\"1\">FishEye</option><option value=\"2\">OpenGrok</option><option value=\"3\">ViewCVS</option></select></td><td class=\"setting-help\"><a helpurl=\"/help/scm-browsers/list.html\" href=\"#\" class=\"help-button\" tabindex=\"9999\"><img src=\"/static/fd2e7eb0/images/16x16/help.png\" alt=\"Help for feature: Repository browser\" style=\"width: 16px; height: 16px; \" class=\"icon-help icon-sm\"></a></td></tr><tr class=\"dropdownList-container\" nameref=\"radio-block-11\" style=\"display: none;\"><td colspan=\"2\"></td><td colspan=\"2\"><table width=\"100%\" name=\"cvs.browser\"><tbody><tr class=\"dropdownList-start rowvg-start\"></tr><tr class=\"dropdownList-end rowvg-end\"></tr><tr class=\"dropdownList-start rowvg-start\" field-disabled=\"true\" style=\"display: none;\"></tr><tr class=\"render-on-demand \" proxy=\"makeStaplerProxy('/$stapler/bound/e7281308-9c37-4d04-9a1a-6f31237047cb','d9558d1b-578e-4743-a240-8717f9f0c41e',['render'])\" field-disabled=\"true\" style=\"display: none;\"></tr><tr style=\"display: none;\" field-disabled=\"true\"><td><input name=\"stapler-class\" type=\"hidden\" value=\"hudson.scm.browsers.CvsFacadeRepositoryBrowser\"><input name=\"$class\" type=\"hidden\" value=\"hudson.scm.browsers.CvsFacadeRepositoryBrowser\"></td></tr><tr class=\"dropdownList-end rowvg-end\"></tr><tr class=\"dropdownList-start rowvg-start\" field-disabled=\"true\" style=\"display: none;\"></tr><tr class=\"render-on-demand \" proxy=\"makeStaplerProxy('/$stapler/bound/63f29110-9075-41c7-a089-ecbca4f5f17b','d9558d1b-578e-4743-a240-8717f9f0c41e',['render'])\" field-disabled=\"true\" style=\"display: none;\"></tr><tr style=\"display: none;\" field-disabled=\"true\"><td><input name=\"stapler-class\" type=\"hidden\" value=\"hudson.scm.browsers.FishEyeCVS\"><input name=\"$class\" type=\"hidden\" value=\"hudson.scm.browsers.FishEyeCVS\"></td></tr><tr class=\"dropdownList-end rowvg-end\"></tr><tr class=\"dropdownList-start rowvg-start\" field-disabled=\"true\" style=\"display: none;\"></tr><tr class=\"render-on-demand \" proxy=\"makeStaplerProxy('/$stapler/bound/9f72f8ac-3680-4174-9c59-1046cdc63880','d9558d1b-578e-4743-a240-8717f9f0c41e',['render'])\" field-disabled=\"true\" style=\"display: none;\"></tr><tr style=\"display: none;\" field-disabled=\"true\"><td><input name=\"stapler-class\" type=\"hidden\" value=\"hudson.scm.browsers.OpenGrok\"><input name=\"$class\" type=\"hidden\" value=\"hudson.scm.browsers.OpenGrok\"></td></tr><tr class=\"dropdownList-end rowvg-end\"></tr><tr class=\"dropdownList-start rowvg-start\" field-disabled=\"true\" style=\"display: none;\"></tr><tr class=\"render-on-demand \" proxy=\"makeStaplerProxy('/$stapler/bound/86528b1a-2442-4353-8b3d-4c8ba7fca065','d9558d1b-578e-4743-a240-8717f9f0c41e',['render'])\" field-disabled=\"true\" style=\"display: none;\"></tr><tr style=\"display: none;\" field-disabled=\"true\"><td><input name=\"stapler-class\" type=\"hidden\" value=\"hudson.scm.browsers.ViewCVS\"><input name=\"$class\" type=\"hidden\" value=\"hudson.scm.browsers.ViewCVS\"></td></tr><tr class=\"dropdownList-end rowvg-end\"></tr></tbody></table></td></tr><tr class=\"help-area\" nameref=\"radio-block-11\" style=\"display: none;\"><td></td><td colspan=\"2\"><div class=\"help\">Loading...</div></td><td></td></tr><tr style=\"display:none\" class=\"row-set-end radio-block-end\"></tr><tr class=\"radio-block-start row-set-start\" hashelp=\"false\" ref=\"radio-block-12\"><td colspan=\"3\"><label><input name=\"scm\" type=\"radio\" value=\"3\" class=\"radio-block-control\" id=\"radio-block-12\" path=\"/scm[3]\">\n        Subversion\n      </label></td><td class=\"setting-no-help\"></td></tr><tr nameref=\"radio-block-12\" style=\"display: none;\"><td class=\"setting-leftspace\">&nbsp;</td><td class=\"setting-name\">Modules</td><td class=\"setting-main\"><div class=\"repeated-container\"><div name=\"locations\" class=\"repeated-chunk first last only\"><table width=\"100%\"><tbody><tr><td class=\"setting-leftspace\">&nbsp;</td><td class=\"setting-name\">Repository URL</td><td class=\"setting-main\">\n   \n\n  \n  <input checkdependson=\"\" id=\"svn.remote.loc\" checkurl=\"/job/molecular_voter/descriptorByName/hudson.scm.SubversionSCM/checkRemote\" name=\"_.remote\" type=\"text\" class=\"setting-input validated  \" value=\"\"></td><td class=\"setting-help\"><a helpurl=\"/scm/SubversionSCM/url-help\" href=\"#\" class=\"help-button\" tabindex=\"9999\"><img src=\"/static/fd2e7eb0/images/16x16/help.png\" alt=\"Help for feature: Repository URL\" style=\"width: 16px; height: 16px; \" class=\"icon-help icon-sm\"></a></td></tr><tr class=\"validation-error-area\"><td colspan=\"2\"></td><td><div class=\"error\"><img src=\"/static/fd2e7eb0/images/none.gif\" height=\"16\" width=\"1\">Repository URL is required.</div></td><td></td></tr><tr class=\"help-area\"><td></td><td colspan=\"2\"><div class=\"help\">Loading...</div></td><td></td></tr><tr><td class=\"setting-leftspace\">&nbsp;</td><td class=\"setting-name\">Local module directory (optional)</td><td class=\"setting-main\">\n   \n\n  \n  <input checkdependson=\"\" checkurl=\"/job/molecular_voter/descriptorByName/hudson.scm.SubversionSCM/checkLocal\" name=\"_.local\" type=\"text\" class=\"setting-input validated  \" value=\".\"></td><td class=\"setting-help\"><a helpurl=\"/descriptor/hudson.scm.SubversionSCM/help/local\" href=\"#\" class=\"help-button\" tabindex=\"9999\"><img src=\"/static/fd2e7eb0/images/16x16/help.png\" alt=\"Help for feature: Local module directory (optional)\" style=\"width: 16px; height: 16px; \" class=\"icon-help icon-sm\"></a></td></tr><tr class=\"validation-error-area\"><td colspan=\"2\"></td><td><div></div></td><td></td></tr><tr class=\"help-area\"><td></td><td colspan=\"2\"><div class=\"help\">Loading...</div></td><td></td></tr><tr><td class=\"setting-leftspace\">&nbsp;</td><td class=\"setting-name\">Repository depth</td><td class=\"setting-main\"><select name=\"depthOption\"><option value=\"infinity\">infinity</option><option value=\"empty\">empty</option><option value=\"files\">files</option><option value=\"immediates\">immediates</option><option value=\"unknown\">as-it-is</option></select></td><td class=\"setting-help\"><a helpurl=\"/descriptor/hudson.scm.SubversionSCM/help/depthOption\" href=\"#\" class=\"help-button\" tabindex=\"9999\"><img src=\"/static/fd2e7eb0/images/16x16/help.png\" alt=\"Help for feature: Repository depth\" style=\"width: 16px; height: 16px; \" class=\"icon-help icon-sm\"></a></td></tr><tr class=\"validation-error-area\"><td colspan=\"2\"></td><td></td><td></td></tr><tr class=\"help-area\"><td></td><td colspan=\"2\"><div class=\"help\">Loading...</div></td><td></td></tr><tr><td class=\"setting-leftspace\">&nbsp;</td><td class=\"setting-name\">Ignore externals</td><td class=\"setting-main\"><input name=\"_.ignoreExternalsOption\" type=\"checkbox\" class=\" \"></td><td class=\"setting-help\"><a helpurl=\"/descriptor/hudson.scm.SubversionSCM/help/ignoreExternalsOption\" href=\"#\" class=\"help-button\" tabindex=\"9999\"><img src=\"/static/fd2e7eb0/images/16x16/help.png\" alt=\"Help for feature: Ignore externals\" style=\"width: 16px; height: 16px; \" class=\"icon-help icon-sm\"></a></td></tr><tr class=\"validation-error-area\"><td colspan=\"2\"></td><td></td><td></td></tr><tr class=\"help-area\"><td></td><td colspan=\"2\"><div class=\"help\">Loading...</div></td><td></td></tr><tr><td class=\"setting-leftspace\">&nbsp;</td><td class=\"setting-name\"></td><td class=\"setting-main\"><div align=\"right\"><span class=\"yui-button yui-push-button repeatable-add show-if-last\" id=\"yui-gen20\"><span class=\"first-child\"><button type=\"button\" tabindex=\"0\" id=\"yui-gen20-button\">Add more locations...</button></span></span><span class=\"yui-button yui-push-button repeatable-delete show-if-not-only\" id=\"yui-gen29\"><span class=\"first-child\"><button type=\"button\" tabindex=\"0\" id=\"yui-gen29-button\">Delete</button></span></span></div></td><td class=\"setting-no-help\"></td></tr><tr class=\"validation-error-area\"><td colspan=\"2\"></td><td></td><td></td></tr></tbody></table></div><div class=\"repeatable-insertion-point\"></div></div></td><td class=\"setting-no-help\"></td></tr><tr class=\"validation-error-area\" nameref=\"radio-block-12\" style=\"display: none;\"><td colspan=\"2\"></td><td></td><td></td></tr><tr nameref=\"radio-block-12\" style=\"display: none;\"><td class=\"setting-leftspace\">&nbsp;</td><td class=\"setting-name\">Check-out Strategy</td><td class=\"setting-main\"><select class=\"setting-input dropdownList\"><option value=\"0\">Use 'svn update' as much as possible</option><option value=\"1\">Always check out a fresh copy</option><option value=\"2\">Emulate clean checkout by first deleting unversioned/ignored files, then 'svn update'</option><option value=\"3\">Use 'svn update' as much as possible, with 'svn revert' before update</option></select></td><td class=\"setting-no-help\"></td></tr><tr class=\"dropdownList-container\" nameref=\"radio-block-12\" style=\"display: none;\"><td colspan=\"2\"></td><td colspan=\"2\"><table width=\"100%\" name=\"workspaceUpdater\"><tbody><tr class=\"dropdownList-start rowvg-start\"></tr>\n      \n      <tr><td colspan=\"2\"></td><td class=\"setting-description\">Use 'svn update' whenever possible, making the build faster. But this causes the artifacts from the previous build to remain when a new build starts.</td><td></td></tr><tr style=\"\"><td><input name=\"stapler-class\" type=\"hidden\" value=\"hudson.scm.subversion.UpdateUpdater\"><input name=\"$class\" type=\"hidden\" value=\"hudson.scm.subversion.UpdateUpdater\"></td></tr><tr class=\"dropdownList-end rowvg-end\"></tr><tr class=\"dropdownList-start rowvg-start\" field-disabled=\"true\" style=\"display: none;\"></tr><tr class=\"render-on-demand \" proxy=\"makeStaplerProxy('/$stapler/bound/82d2422b-b2e1-449d-b4cd-48dec4b0d92a','d9558d1b-578e-4743-a240-8717f9f0c41e',['render'])\" field-disabled=\"true\" style=\"display: none;\"></tr><tr style=\"display: none;\" field-disabled=\"true\"><td><input name=\"stapler-class\" type=\"hidden\" value=\"hudson.scm.subversion.CheckoutUpdater\"><input name=\"$class\" type=\"hidden\" value=\"hudson.scm.subversion.CheckoutUpdater\"></td></tr><tr class=\"dropdownList-end rowvg-end\"></tr><tr class=\"dropdownList-start rowvg-start\" field-disabled=\"true\" style=\"display: none;\"></tr><tr class=\"render-on-demand \" proxy=\"makeStaplerProxy('/$stapler/bound/7b81285b-14a5-4648-8e1e-fa2d078bcd6a','d9558d1b-578e-4743-a240-8717f9f0c41e',['render'])\" field-disabled=\"true\" style=\"display: none;\"></tr><tr style=\"display: none;\" field-disabled=\"true\"><td><input name=\"stapler-class\" type=\"hidden\" value=\"hudson.scm.subversion.UpdateWithCleanUpdater\"><input name=\"$class\" type=\"hidden\" value=\"hudson.scm.subversion.UpdateWithCleanUpdater\"></td></tr><tr class=\"dropdownList-end rowvg-end\"></tr><tr class=\"dropdownList-start rowvg-start\" field-disabled=\"true\" style=\"display: none;\"></tr><tr class=\"render-on-demand \" proxy=\"makeStaplerProxy('/$stapler/bound/0eb44ccd-b123-4a22-a91a-0995846d3c17','d9558d1b-578e-4743-a240-8717f9f0c41e',['render'])\" field-disabled=\"true\" style=\"display: none;\"></tr><tr style=\"display: none;\" field-disabled=\"true\"><td><input name=\"stapler-class\" type=\"hidden\" value=\"hudson.scm.subversion.UpdateWithRevertUpdater\"><input name=\"$class\" type=\"hidden\" value=\"hudson.scm.subversion.UpdateWithRevertUpdater\"></td></tr><tr class=\"dropdownList-end rowvg-end\"></tr></tbody></table></td></tr><tr nameref=\"radio-block-12\" style=\"display: none;\"><td class=\"setting-leftspace\">&nbsp;</td><td class=\"setting-name\">Repository browser</td><td class=\"setting-main\"><select class=\"setting-input dropdownList\"><option value=\"auto\">(Auto)</option><option value=\"0\">Assembla</option><option value=\"1\">CollabNet</option><option value=\"2\">FishEye</option><option value=\"3\">SVN::Web</option><option value=\"4\">Sventon 1.x</option><option value=\"5\">Sventon 2.x</option><option value=\"6\">ViewSVN</option><option value=\"7\">WebSVN</option></select></td><td class=\"setting-help\"><a helpurl=\"/help/scm-browsers/list.html\" href=\"#\" class=\"help-button\" tabindex=\"9999\"><img src=\"/static/fd2e7eb0/images/16x16/help.png\" alt=\"Help for feature: Repository browser\" style=\"width: 16px; height: 16px; \" class=\"icon-help icon-sm\"></a></td></tr><tr class=\"dropdownList-container\" nameref=\"radio-block-12\" style=\"display: none;\"><td colspan=\"2\"></td><td colspan=\"2\"><table width=\"100%\" name=\"svn.browser\"><tbody><tr class=\"dropdownList-start rowvg-start\"></tr><tr class=\"dropdownList-end rowvg-end\"></tr><tr class=\"dropdownList-start rowvg-start\" field-disabled=\"true\" style=\"display: none;\"></tr><tr class=\"render-on-demand \" proxy=\"makeStaplerProxy('/$stapler/bound/2d0986f1-1410-47d8-912e-500cee1505e8','d9558d1b-578e-4743-a240-8717f9f0c41e',['render'])\" field-disabled=\"true\" style=\"display: none;\"></tr><tr style=\"display: none;\" field-disabled=\"true\"><td><input name=\"stapler-class\" type=\"hidden\" value=\"hudson.scm.browsers.Assembla\"><input name=\"$class\" type=\"hidden\" value=\"hudson.scm.browsers.Assembla\"></td></tr><tr class=\"dropdownList-end rowvg-end\"></tr><tr class=\"dropdownList-start rowvg-start\" field-disabled=\"true\" style=\"display: none;\"></tr><tr class=\"render-on-demand \" proxy=\"makeStaplerProxy('/$stapler/bound/2e3572b9-1336-42f9-ab8f-8f68f1cc3b9f','d9558d1b-578e-4743-a240-8717f9f0c41e',['render'])\" field-disabled=\"true\" style=\"display: none;\"></tr><tr style=\"display: none;\" field-disabled=\"true\"><td><input name=\"stapler-class\" type=\"hidden\" value=\"hudson.scm.browsers.CollabNetSVN\"><input name=\"$class\" type=\"hidden\" value=\"hudson.scm.browsers.CollabNetSVN\"></td></tr><tr class=\"dropdownList-end rowvg-end\"></tr><tr class=\"dropdownList-start rowvg-start\" field-disabled=\"true\" style=\"display: none;\"></tr><tr class=\"render-on-demand \" proxy=\"makeStaplerProxy('/$stapler/bound/0ac55bc8-789d-4f37-9314-10a65e9c2f34','d9558d1b-578e-4743-a240-8717f9f0c41e',['render'])\" field-disabled=\"true\" style=\"display: none;\"></tr><tr style=\"display: none;\" field-disabled=\"true\"><td><input name=\"stapler-class\" type=\"hidden\" value=\"hudson.scm.browsers.FishEyeSVN\"><input name=\"$class\" type=\"hidden\" value=\"hudson.scm.browsers.FishEyeSVN\"></td></tr><tr class=\"dropdownList-end rowvg-end\"></tr><tr class=\"dropdownList-start rowvg-start\" field-disabled=\"true\" style=\"display: none;\"></tr><tr class=\"render-on-demand \" proxy=\"makeStaplerProxy('/$stapler/bound/9e5e149d-a99e-4b89-809a-9fc261090ba8','d9558d1b-578e-4743-a240-8717f9f0c41e',['render'])\" field-disabled=\"true\" style=\"display: none;\"></tr><tr style=\"display: none;\" field-disabled=\"true\"><td><input name=\"stapler-class\" type=\"hidden\" value=\"hudson.scm.browsers.SVNWeb\"><input name=\"$class\" type=\"hidden\" value=\"hudson.scm.browsers.SVNWeb\"></td></tr><tr class=\"dropdownList-end rowvg-end\"></tr><tr class=\"dropdownList-start rowvg-start\" field-disabled=\"true\" style=\"display: none;\"></tr><tr class=\"render-on-demand \" proxy=\"makeStaplerProxy('/$stapler/bound/3a704380-c5fa-4c47-9b42-f515dbb01213','d9558d1b-578e-4743-a240-8717f9f0c41e',['render'])\" field-disabled=\"true\" style=\"display: none;\"></tr><tr style=\"display: none;\" field-disabled=\"true\"><td><input name=\"stapler-class\" type=\"hidden\" value=\"hudson.scm.browsers.Sventon\"><input name=\"$class\" type=\"hidden\" value=\"hudson.scm.browsers.Sventon\"></td></tr><tr class=\"dropdownList-end rowvg-end\"></tr><tr class=\"dropdownList-start rowvg-start\" field-disabled=\"true\" style=\"display: none;\"></tr><tr class=\"render-on-demand \" proxy=\"makeStaplerProxy('/$stapler/bound/b4bc496e-9406-4b19-9f38-009085a20a58','d9558d1b-578e-4743-a240-8717f9f0c41e',['render'])\" field-disabled=\"true\" style=\"display: none;\"></tr><tr style=\"display: none;\" field-disabled=\"true\"><td><input name=\"stapler-class\" type=\"hidden\" value=\"hudson.scm.browsers.Sventon2\"><input name=\"$class\" type=\"hidden\" value=\"hudson.scm.browsers.Sventon2\"></td></tr><tr class=\"dropdownList-end rowvg-end\"></tr><tr class=\"dropdownList-start rowvg-start\" field-disabled=\"true\" style=\"display: none;\"></tr><tr class=\"render-on-demand \" proxy=\"makeStaplerProxy('/$stapler/bound/8681d607-f864-47aa-8ee5-d12dbe381368','d9558d1b-578e-4743-a240-8717f9f0c41e',['render'])\" field-disabled=\"true\" style=\"display: none;\"></tr><tr style=\"display: none;\" field-disabled=\"true\"><td><input name=\"stapler-class\" type=\"hidden\" value=\"hudson.scm.browsers.ViewSVN\"><input name=\"$class\" type=\"hidden\" value=\"hudson.scm.browsers.ViewSVN\"></td></tr><tr class=\"dropdownList-end rowvg-end\"></tr><tr class=\"dropdownList-start rowvg-start\" field-disabled=\"true\" style=\"display: none;\"></tr><tr class=\"render-on-demand \" proxy=\"makeStaplerProxy('/$stapler/bound/9b383386-ec6e-485a-bb0e-af42f654d700','d9558d1b-578e-4743-a240-8717f9f0c41e',['render'])\" field-disabled=\"true\" style=\"display: none;\"></tr><tr style=\"display: none;\" field-disabled=\"true\"><td><input name=\"stapler-class\" type=\"hidden\" value=\"hudson.scm.browsers.WebSVN\"><input name=\"$class\" type=\"hidden\" value=\"hudson.scm.browsers.WebSVN\"></td></tr><tr class=\"dropdownList-end rowvg-end\"></tr></tbody></table></td></tr><tr class=\"help-area\" nameref=\"radio-block-12\" style=\"display: none;\"><td></td><td colspan=\"2\"><div class=\"help\">Loading...</div></td><td></td></tr><tr nameref=\"radio-block-12\" style=\"display: none;\"><td></td><td></td><td><div style=\"\" class=\"advancedLink\"><span style=\"display: none\" id=\"id25\"><img src=\"/static/fd2e7eb0/images/24x24/notepad.png\" tooltip=\"One or more fields in this block have been edited.\" style=\"width: 24px; height: 24px; vertical-align: baseline\" class=\"icon-notepad icon-md\" title=\"One or more fields in this block have been edited.\"></span>&nbsp;<span class=\"yui-button yui-push-button advanced-button advancedButton\" id=\"yui-gen10\"><span class=\"first-child\"><button type=\"button\" tabindex=\"0\" id=\"yui-gen10-button\">Advanced...</button></span></span></div><table class=\"advancedBody\"><tbody><tr><td class=\"setting-leftspace\">&nbsp;</td><td class=\"setting-name\">Ignore Property Changes on directories</td><td class=\"setting-main\"><input name=\"_.ignoreDirPropChanges\" type=\"checkbox\" class=\" \"></td><td class=\"setting-help\"><a helpurl=\"/descriptor/hudson.scm.SubversionSCM/help/ignoreDirPropChanges\" href=\"#\" class=\"help-button\" tabindex=\"9999\"><img src=\"/static/fd2e7eb0/images/16x16/help.png\" alt=\"Help for feature: Ignore Property Changes on directories\" style=\"width: 16px; height: 16px; \" class=\"icon-help icon-sm\"></a></td></tr><tr class=\"validation-error-area\"><td colspan=\"2\"></td><td></td><td></td></tr><tr class=\"help-area\"><td></td><td colspan=\"2\"><div class=\"help\">Loading...</div></td><td></td></tr><tr><td class=\"setting-leftspace\">&nbsp;</td><td class=\"setting-name\">Excluded Regions</td><td class=\"setting-main\"><textarea checkdependson=\"\" name=\"_.excludedRegions\" rows=\"5\" class=\"setting-input validated  \" checkurl=\"/job/molecular_voter/descriptorByName/hudson.scm.SubversionSCM/checkExcludedRegions\"></textarea><div class=\"textarea-handle\"></div></td><td class=\"setting-help\"><a helpurl=\"/descriptor/hudson.scm.SubversionSCM/help/excludedRegions\" href=\"#\" class=\"help-button\" tabindex=\"9999\"><img src=\"/static/fd2e7eb0/images/16x16/help.png\" alt=\"Help for feature: Excluded Regions\" style=\"width: 16px; height: 16px; \" class=\"icon-help icon-sm\"></a></td></tr><tr class=\"validation-error-area\"><td colspan=\"2\"></td><td><div></div></td><td></td></tr><tr class=\"help-area\"><td></td><td colspan=\"2\"><div class=\"help\">Loading...</div></td><td></td></tr><tr><td class=\"setting-leftspace\">&nbsp;</td><td class=\"setting-name\">Included Regions</td><td class=\"setting-main\"><textarea checkdependson=\"\" name=\"_.includedRegions\" rows=\"5\" class=\"setting-input validated  \" checkurl=\"/job/molecular_voter/descriptorByName/hudson.scm.SubversionSCM/checkIncludedRegions\"></textarea><div class=\"textarea-handle\"></div></td><td class=\"setting-help\"><a helpurl=\"/descriptor/hudson.scm.SubversionSCM/help/includedRegions\" href=\"#\" class=\"help-button\" tabindex=\"9999\"><img src=\"/static/fd2e7eb0/images/16x16/help.png\" alt=\"Help for feature: Included Regions\" style=\"width: 16px; height: 16px; \" class=\"icon-help icon-sm\"></a></td></tr><tr class=\"validation-error-area\"><td colspan=\"2\"></td><td><div></div></td><td></td></tr><tr class=\"help-area\"><td></td><td colspan=\"2\"><div class=\"help\">Loading...</div></td><td></td></tr><tr><td class=\"setting-leftspace\">&nbsp;</td><td class=\"setting-name\">Excluded Users</td><td class=\"setting-main\"><textarea checkdependson=\"\" name=\"_.excludedUsers\" rows=\"5\" class=\"setting-input validated  \" checkurl=\"/job/molecular_voter/descriptorByName/hudson.scm.SubversionSCM/checkExcludedUsers\"></textarea><div class=\"textarea-handle\"></div></td><td class=\"setting-help\"><a helpurl=\"/descriptor/hudson.scm.SubversionSCM/help/excludedUsers\" href=\"#\" class=\"help-button\" tabindex=\"9999\"><img src=\"/static/fd2e7eb0/images/16x16/help.png\" alt=\"Help for feature: Excluded Users\" style=\"width: 16px; height: 16px; \" class=\"icon-help icon-sm\"></a></td></tr><tr class=\"validation-error-area\"><td colspan=\"2\"></td><td><div></div></td><td></td></tr><tr class=\"help-area\"><td></td><td colspan=\"2\"><div class=\"help\">Loading...</div></td><td></td></tr><tr><td class=\"setting-leftspace\">&nbsp;</td><td class=\"setting-name\">Excluded Commit Messages</td><td class=\"setting-main\"><textarea checkdependson=\"\" name=\"_.excludedCommitMessages\" rows=\"5\" class=\"setting-input validated  \" checkurl=\"/job/molecular_voter/descriptorByName/hudson.scm.SubversionSCM/checkExcludedCommitMessages\"></textarea><div class=\"textarea-handle\"></div></td><td class=\"setting-help\"><a helpurl=\"/descriptor/hudson.scm.SubversionSCM/help/excludedCommitMessages\" href=\"#\" class=\"help-button\" tabindex=\"9999\"><img src=\"/static/fd2e7eb0/images/16x16/help.png\" alt=\"Help for feature: Excluded Commit Messages\" style=\"width: 16px; height: 16px; \" class=\"icon-help icon-sm\"></a></td></tr><tr class=\"validation-error-area\"><td colspan=\"2\"></td><td><div></div></td><td></td></tr><tr class=\"help-area\"><td></td><td colspan=\"2\"><div class=\"help\">Loading...</div></td><td></td></tr><tr><td class=\"setting-leftspace\">&nbsp;</td><td class=\"setting-name\">Exclusion revprop name</td><td class=\"setting-main\">\n   \n\n  \n  <input checkurl=\"'descriptorByName/hudson.scm.SubversionSCM/checkRevisionPropertiesSupported?value='+toValue(document.getElementById('svn.remote.loc'))\" name=\"_.excludedRevprop\" type=\"text\" class=\"setting-input validated  \" value=\"\"></td><td class=\"setting-help\"><a helpurl=\"/descriptor/hudson.scm.SubversionSCM/help/excludedRevprop\" href=\"#\" class=\"help-button\" tabindex=\"9999\"><img src=\"/static/fd2e7eb0/images/16x16/help.png\" alt=\"Help for feature: Exclusion revprop name\" style=\"width: 16px; height: 16px; \" class=\"icon-help icon-sm\"></a></td></tr><tr class=\"validation-error-area\"><td colspan=\"2\"></td><td><div></div></td><td></td></tr><tr class=\"help-area\"><td></td><td colspan=\"2\"><div class=\"help\">Loading...</div></td><td></td></tr><tr><td class=\"setting-leftspace\">&nbsp;</td><td class=\"setting-name\">Filter changelog</td><td class=\"setting-main\"><input name=\"_.filterChangelog\" type=\"checkbox\" class=\" \"></td><td class=\"setting-help\"><a helpurl=\"/descriptor/hudson.scm.SubversionSCM/help/filterChangelog\" href=\"#\" class=\"help-button\" tabindex=\"9999\"><img src=\"/static/fd2e7eb0/images/16x16/help.png\" alt=\"Help for feature: Filter changelog\" style=\"width: 16px; height: 16px; \" class=\"icon-help icon-sm\"></a></td></tr><tr class=\"validation-error-area\"><td colspan=\"2\"></td><td></td><td></td></tr><tr class=\"help-area\"><td></td><td colspan=\"2\"><div class=\"help\">Loading...</div></td><td></td></tr></tbody></table></td><td></td></tr><tr style=\"display:none\" class=\"row-set-end radio-block-end\"></tr><tr><td colspan=\"4\"><div class=\"section-header\"><a id=\"section6\" class=\"section-anchor\">#</a>Build Triggers</div></td></tr><tr class=\"optional-block-start row-set-start\" hashelp=\"true\" ref=\"cb27\"><td colspan=\"3\"><input onclick=\"javascript:updateOptionalBlock(this,true)\" name=\"jenkins-triggers-ReverseBuildTrigger\" type=\"checkbox\" class=\" \" id=\"cb27\" path=\"/jenkins-triggers-ReverseBuildTrigger\"><label class=\"attach-previous\">Build after other projects are built</label></td><td class=\"setting-help\"><a helpurl=\"/descriptor/jenkins.triggers.ReverseBuildTrigger/help\" href=\"#\" class=\"help-button\" tabindex=\"9999\"><img src=\"/static/fd2e7eb0/images/16x16/help.png\" alt=\"Help for feature: Build after other projects are built\" style=\"width: 16px; height: 16px; \" class=\"icon-help icon-sm\"></a></td></tr><tr class=\"help-area\" nameref=\"cb27\"><td></td><td colspan=\"2\"><div class=\"help\">Loading...</div></td><td></td></tr><tr class=\"rowvg-start\" nameref=\"cb27\" style=\"display: none;\"></tr><tr nameref=\"cb27\" style=\"display: none;\"><td class=\"setting-leftspace\">&nbsp;</td><td class=\"setting-name\">Projects to watch</td><td class=\"setting-main\">\n   \n\n  \n  <input checkdependson=\"\" autocompleteurl=\"/job/molecular_voter/descriptorByName/jenkins.triggers.ReverseBuildTrigger/autoCompleteUpstreamProjects\" checkurl=\"/job/molecular_voter/descriptorByName/jenkins.triggers.ReverseBuildTrigger/checkUpstreamProjects\" autocompletedelimchar=\",\" name=\"_.upstreamProjects\" type=\"text\" class=\"setting-input validated auto-complete  yui-ac-input\" value=\"\" autocomplete=\"off\" style=\"position: relative;\"><div class=\"yui-ac-container\"><div class=\"yui-ac-content\" style=\"display: none;\"><div class=\"yui-ac-hd\" style=\"display: none;\"></div><div class=\"yui-ac-bd\"><ul><li style=\"display: none;\"></li><li style=\"display: none;\"></li><li style=\"display: none;\"></li><li style=\"display: none;\"></li><li style=\"display: none;\"></li><li style=\"display: none;\"></li><li style=\"display: none;\"></li><li style=\"display: none;\"></li><li style=\"display: none;\"></li><li style=\"display: none;\"></li></ul></div><div class=\"yui-ac-ft\" style=\"display: none;\"></div></div></div></td><td class=\"setting-no-help\"></td></tr><tr class=\"validation-error-area\" nameref=\"cb27\" style=\"display: none;\"><td colspan=\"2\"></td><td><div class=\"error\"><img src=\"/static/fd2e7eb0/images/none.gif\" height=\"16\" width=\"1\">No project specified</div></td><td></td></tr><tr nameref=\"cb27\" style=\"display: none;\"><td class=\"setting-leftspace\">&nbsp;</td><td class=\"setting-name\"></td><td class=\"setting-main\"><input name=\"ReverseBuildTrigger.threshold\" checked=\"true\" type=\"radio\" value=\"SUCCESS\"><label class=\"attach-previous\">Trigger only if build is stable</label></td><td class=\"setting-no-help\"></td></tr><tr class=\"validation-error-area\" nameref=\"cb27\" style=\"display: none;\"><td colspan=\"2\"></td><td></td><td></td></tr><tr nameref=\"cb27\" style=\"display: none;\"><td class=\"setting-leftspace\">&nbsp;</td><td class=\"setting-name\"></td><td class=\"setting-main\"><input name=\"ReverseBuildTrigger.threshold\" type=\"radio\" value=\"UNSTABLE\"><label class=\"attach-previous\">Trigger even if the build is unstable</label></td><td class=\"setting-no-help\"></td></tr><tr class=\"validation-error-area\" nameref=\"cb27\" style=\"display: none;\"><td colspan=\"2\"></td><td></td><td></td></tr><tr nameref=\"cb27\" style=\"display: none;\"><td class=\"setting-leftspace\">&nbsp;</td><td class=\"setting-name\"></td><td class=\"setting-main\"><input name=\"ReverseBuildTrigger.threshold\" type=\"radio\" value=\"FAILURE\"><label class=\"attach-previous\">Trigger even if the build fails</label></td><td class=\"setting-no-help\"></td></tr><tr class=\"validation-error-area\" nameref=\"cb27\" style=\"display: none;\"><td colspan=\"2\"></td><td></td><td></td></tr><tr class=\"row-set-end rowvg-end optional-block-end\"></tr><tr class=\"optional-block-start row-set-start\" hashelp=\"true\" ref=\"cb28\"><td colspan=\"3\"><input onclick=\"javascript:updateOptionalBlock(this,true)\" name=\"hudson-triggers-TimerTrigger\" type=\"checkbox\" class=\" \" id=\"cb28\" path=\"/hudson-triggers-TimerTrigger\"><label class=\"attach-previous\">Build periodically</label></td><td class=\"setting-help\"><a helpurl=\"/descriptor/hudson.triggers.TimerTrigger/help\" href=\"#\" class=\"help-button\" tabindex=\"9999\"><img src=\"/static/fd2e7eb0/images/16x16/help.png\" alt=\"Help for feature: Build periodically\" style=\"width: 16px; height: 16px; \" class=\"icon-help icon-sm\"></a></td></tr><tr class=\"help-area\" nameref=\"cb28\"><td></td><td colspan=\"2\"><div class=\"help\">Loading...</div></td><td></td></tr><tr class=\"rowvg-start\" nameref=\"cb28\" style=\"display: none;\"></tr><tr nameref=\"cb28\" style=\"display: none;\"><td class=\"setting-leftspace\">&nbsp;</td><td class=\"setting-name\">Schedule</td><td class=\"setting-main\"><textarea checkdependson=\"\" name=\"_.spec\" rows=\"5\" class=\"setting-input validated  \" checkurl=\"/job/molecular_voter/descriptorByName/hudson.triggers.TimerTrigger/checkSpec\"></textarea><div class=\"textarea-handle\"></div></td><td class=\"setting-help\"><a helpurl=\"/descriptor/hudson.triggers.TimerTrigger/help/spec\" href=\"#\" class=\"help-button\" tabindex=\"9999\"><img src=\"/static/fd2e7eb0/images/16x16/help.png\" alt=\"Help for feature: Schedule\" style=\"width: 16px; height: 16px; \" class=\"icon-help icon-sm\"></a></td></tr><tr class=\"validation-error-area\" nameref=\"cb28\" style=\"display: none;\"><td colspan=\"2\"></td><td><div class=\"warning\"><img src=\"/static/fd2e7eb0/images/none.gif\" height=\"16\" width=\"1\">No schedules so will never run</div></td><td></td></tr><tr class=\"help-area\" nameref=\"cb28\" style=\"display: none;\"><td></td><td colspan=\"2\"><div class=\"help\">Loading...</div></td><td></td></tr><tr class=\"row-set-end rowvg-end optional-block-end\"></tr><tr class=\"optional-block-start row-set-start\" hashelp=\"true\" ref=\"cb29\"><td colspan=\"3\"><input onclick=\"javascript:updateOptionalBlock(this,true)\" name=\"hudson-triggers-SCMTrigger\" type=\"checkbox\" class=\" \" id=\"cb29\" path=\"/hudson-triggers-SCMTrigger\"><label class=\"attach-previous\">Poll SCM</label></td><td class=\"setting-help\"><a helpurl=\"/descriptor/hudson.triggers.SCMTrigger/help\" href=\"#\" class=\"help-button\" tabindex=\"9999\"><img src=\"/static/fd2e7eb0/images/16x16/help.png\" alt=\"Help for feature: Poll SCM\" style=\"width: 16px; height: 16px; \" class=\"icon-help icon-sm\"></a></td></tr><tr class=\"help-area\" nameref=\"cb29\"><td></td><td colspan=\"2\"><div class=\"help\">Loading...</div></td><td></td></tr><tr class=\"rowvg-start\" nameref=\"cb29\" style=\"display: none;\"></tr><tr nameref=\"cb29\" style=\"display: none;\"><td class=\"setting-leftspace\">&nbsp;</td><td class=\"setting-name\">Schedule</td><td class=\"setting-main\"><textarea name=\"scmpoll_spec\" rows=\"5\" class=\"setting-input validated  \" checkurl=\"'/trigger/TimerTrigger/check?value='+encodeURIComponent(this.value)\"></textarea><div class=\"textarea-handle\"></div></td><td class=\"setting-help\"><a helpurl=\"/descriptor/hudson.triggers.TimerTrigger/help/spec\" href=\"#\" class=\"help-button\" tabindex=\"9999\"><img src=\"/static/fd2e7eb0/images/16x16/help.png\" alt=\"Help for feature: Schedule\" style=\"width: 16px; height: 16px; \" class=\"icon-help icon-sm\"></a></td></tr><tr class=\"validation-error-area\" nameref=\"cb29\" style=\"display: none;\"><td colspan=\"2\"></td><td><div class=\"warning\"><img src=\"/static/fd2e7eb0/images/none.gif\" height=\"16\" width=\"1\">No schedules so will never run</div></td><td></td></tr><tr class=\"help-area\" nameref=\"cb29\" style=\"display: none;\"><td></td><td colspan=\"2\"><div class=\"help\">Loading...</div></td><td></td></tr><tr nameref=\"cb29\" style=\"display: none;\"><td class=\"setting-leftspace\">&nbsp;</td><td class=\"setting-name\">Ignore post-commit hooks</td><td class=\"setting-main\"><input name=\"_.ignorePostCommitHooks\" type=\"checkbox\" class=\" \"></td><td class=\"setting-help\"><a helpurl=\"/descriptor/hudson.triggers.SCMTrigger/help/ignorePostCommitHooks\" href=\"#\" class=\"help-button\" tabindex=\"9999\"><img src=\"/static/fd2e7eb0/images/16x16/help.png\" alt=\"Help for feature: Ignore post-commit hooks\" style=\"width: 16px; height: 16px; \" class=\"icon-help icon-sm\"></a></td></tr><tr class=\"validation-error-area\" nameref=\"cb29\" style=\"display: none;\"><td colspan=\"2\"></td><td></td><td></td></tr><tr class=\"help-area\" nameref=\"cb29\" style=\"display: none;\"><td></td><td colspan=\"2\"><div class=\"help\">Loading...</div></td><td></td></tr><tr class=\"row-set-end rowvg-end optional-block-end\"></tr><tr><td colspan=\"4\"><div class=\"section-header\"><a id=\"section7\" class=\"section-anchor\">#</a>Build</div></td></tr><tr><td colspan=\"4\"><div class=\"hetero-list-container with-drag-drop  \"><div class=\"repeatable-insertion-point\"></div><div><span class=\"yui-button yui-menu-button\" id=\"yui-gen3\"><span class=\"first-child\"><button type=\"button\" tabindex=\"0\" id=\"yui-gen3-button\" class=\"hetero-list-add\" suffix=\"builder\" path=\"/hetero-list-add[builder]\">Add build step</button></span></span></div></div></td></tr><tr><td colspan=\"4\"><div class=\"section-header\"><a id=\"section8\" class=\"section-anchor\">#</a>Post-build Actions</div></td></tr><tr><td colspan=\"4\"><div class=\"hetero-list-container with-drag-drop one-each honor-order\"><div class=\"repeatable-insertion-point\"></div><div><span class=\"yui-button yui-menu-button\" id=\"yui-gen5\"><span class=\"first-child\"><button type=\"button\" tabindex=\"0\" id=\"yui-gen5-button\" class=\"hetero-list-add\" suffix=\"publisher\" path=\"/hetero-list-add[publisher]\">Add post-build action</button></span></span></div></div></td></tr><tr><td colspan=\"4\"><div style=\"height: 74px;\"></div><div id=\"bottom-sticker\" style=\"position: fixed; bottom: 0px; left: 338px;\"><div class=\"bottom-sticker-edge\"></div><div class=\"bottom-sticker-inner\"><span class=\"yui-button yui-submit-button submit-button primary\" id=\"yui-gen30\" name=\"Submit\" path=\"/Submit\"><span class=\"first-child\"><button type=\"button\" tabindex=\"0\" id=\"yui-gen30-button\">Save</button></span></span><script src=\"/adjuncts/fd2e7eb0/lib/form/apply/apply.js\" type=\"text/javascript\"></script><input type=\"hidden\" name=\"core:apply\" value=\"\" path=\"/core:apply\"><span class=\"yui-button yui-push-button apply-button applyButton\" id=\"yui-gen11\" name=\"Apply\" path=\"/Apply\"><span class=\"first-child\"><button type=\"button\" tabindex=\"0\" id=\"yui-gen11-button\" path=\"/Apply/apply-button\">Apply</button></span></span></div></div></td></tr></tbody></table><div><input type=\"hidden\" name=\"json\" value=\"init\"></div></form><script src=\"/adjuncts/fd2e7eb0/lib/form/confirm.js\" type=\"text/javascript\"></script></div></div><footer><div class=\"container-fluid\"><div class=\"row\"><div class=\"col-md-6\" id=\"footer\"><div id=\"l10n-footer\" style=\"display: block; float: left;\"><a href=\"#\" onclick=\"return showTranslationDialog();\"><img src=\"/static/fd2e7eb0/plugin/translation/flags.png\">\n      Help us localize this page\n    </a></div></div><div class=\"col-md-18\"><span class=\"page_generated\">Page generated: Oct 16, 2015 6:52:01 PM</span><span class=\"rest_api\"><a href=\"api/\">REST API</a></span><span class=\"jenkins_ver\"><a href=\"http://jenkins-ci.org/\">Jenkins ver. 1.630</a></span><div id=\"l10n-dialog\" class=\"dialog\"></div><script>var footer = document.getElementById('l10n-footer');\n    var f = document.getElementById('footer');\n    f.insertBefore(footer,f.firstChild);\n    footer.style.display=\"block\";\n\n    var translation={}; \n    translation.bundles = \"QTkugUH5uYWoYywFbBfMfCsRFi38hcOZUIpeBe4d7HdOLY0wUxSG32DLLhieIpE3qvYYvmp1Hco5pBCdqzg9rRoou59cwwc1aSHemafXC52w8UqkHpCjwF6DjNmSDAKHd8gJzMtm9lxvoCKfn8peHaxvhT6x2Cz4CJBHIKVsuUTc/lPZ508fvZP12W3pTF3blcFe6o/tuWZSQCS7LCHoWh/x5oDH38AWAXVv2iKvjC633AmMcKJVOxk0p9ujcnwj3EHvif4o3A8afcNKvRrcgoGCvJHT9evOnjIoLHQxKLxBO0AJtQ/wKKdTU9lzl+wGEXpR5nz+0txAdzG4QWHrYLCT/d3R4wvKCW9BzhWSc1MQHqBC9Ls0InQ7tpVwOxkqKoL6zHhD9rGUY1fabSctVxgCADJVGppvTNO91hEPwXlb9X6k3peRb4LSQ7sVzo7pxuVSzYzPvwg9OzZAwFjLiopDVdqhaP1MWecc8pi+hWpGy9JHsl6INtq7kdvkp9boKi85M/L5J0iM57r8PhZD1MB1YToiAlJgcazT1n754SgQjRDqMyGx0JJ3/DOi/OE567IjIhSzai+1b0v5aIzZdi/sZL0ZHndpGq/j/8HjofSRjdrfkVfTFJXjxHrxvujNIo6R22dpiP06yOmogUQrVm2XpGbTMneh8sKsdOFZ/8SscOzbwVTwgGCznmNuj4aZtoCeGFT9uNGM90QWjZRGc1kzF9ETUPTciWLy2VasX0jKE3P1r2xql4s5z0s0U3tP7///ElBARtru5EfNTzAqu6FUwcnNgT7lYir5cI4ATo2QngODTOJSuP+yufST5CdoNBLdZWlbcxMEWYp93HLrHdqDm3N/M7t0p/+sJTr+cxgJCJR/hM3H+ZHeHxuGMZ6/JprkqTtgygvRjKKo5wZg4ZwnV8YOdUM4XRvcQGIPL7b8xD3dbmh9HluZdkek3YTO0sCXNABtn+yS/Z0lQINnCAfZjJU2XYoO1k35omNFyYjGO2mO+FX7+Dxnk3NfVJTnNPsy7h0jQA3ubmO10/WxfpLAqTlKVpoDTRfk8xeVgO6KbQdDTte7/kpwx4+z8CV1kdHgRzZBMZdemdWs5D87r9wD3EZLkWh2aGCjOhCUSO57Md796M4MP7IAQC3FIQlxlr4CLKDRKWC4hWo7eSm7wV4YGYsyAZSiRGSYJyY4AY+i1AGCxG2RGL/kWYqm1w2trwZItsV82elNXXky+uFj5ao/vDaJCNQ0qabLOsROFMhP1mDcmLQgOgQ1fL23jCFSFpA2+odavFZtvoRX8cYf8Nm9weP3c8kDiQUnTiwexi6JypgBrrcdu9GlEjo/nhwcQvpviyWhMpLPSselUS5kBW98gnSoz361636Z3jKUVfKyRoSmCIFgfCSMD6KpBhoSCEQxvG+K6eT2RPAfDD3qT0e/Ss+DPkf7Z6UVfWgACeoWsw1MPYlwYurSxsLD9QadoG8IDIgPL0IgNM5j3PdT4GXH7CfENIZqJcz22F33umZfp/UZVBcPNw+V3TxTsdtaLblYciyg5f9S1eH7GeqnEyDMPzKW/krRFzRwjlLFt6lNc6fOcypXLkiUfafHH8vvMxdBkDpzgUQGCXMYlsgmlpI9pgkl0pngQ2miH5cLEd2j3mMe6xtP/YkXwn/tCL0+ot67xOsDObjBErgCD5M42EKJU9q7YI0REPEV7NB0gsCRjS8ODGVA9pOdrBEIjokD8w3afH9v52ysnxN0Yz3RG3ciljXICeNKFVtTOrerioj23yO9UBwXMpYDM9ei6sQQYbBHTotiea+0mmGEv1bQUezleukPlQHab9X8KaRuJDj0DaLPA5Bzjl/5bweq05KpeizQqzgKZAU15cPLCwnz1R8MWxk63ZfzZoyhcYiqraCpg2mQ+rfQmK/6VpgELmlWKmEhZ7JXZjQLGWE1LKoBNDuVbWfPjIW5MENwL3D5fozNfUV0egmv4eNRwWxPeWUSf15YwKNmdDWhx8k+Xv9AM36uVKeK4FaAvfcDKMD5e8lmae8+ELZVFZQJSN0kC+n2CMLlRC6Nh1s+vqGyxvsLKgs6YgeqCqltbLqO33Nbc58s/RlUha0BF6l+jpROeBFQ7MeHIp4PoLAsR0jcRSjprWcCGpZjkjrcM+22Alr19DPtuXmeHLaM8aPHCG2gX0CFk2kw8ApX0f04b76U3HgcZw+Iq77UQTTVbIVjhpMPiLiMQxoVwGMt7YGzA50aqeb52+GaUtyKognQkC84k11JP7jNJdB+pdGu3biMQZPm+ffC2rKJTLtX/bAmG57vK305tQv2ZQEw9LNTSZb/6u43a95nSl1SN0UULql5abvXznn2yr8TNY63fL6+0It0nnsI8hMEYhswPw3/MZ27kBPLGACJk8KACtFSNfHn6pywVbYL0ns8c2RBxbGEGBb3n9vNMMjPq5XL3+7L8rKn67icbu57Kx32FwBpESAyG4ROhNoeQX/h+vjSbZEbKmUfETKF\";\n    translation.detectedLocale = \"\";\n\n    function showTranslationDialog() {\n      if(!translation.launchDialog)\n        loadScript(\"/static/fd2e7eb0/plugin/translation/dialog.js\");\n      else\n        translation.launchDialog();\n      return false; \n    }</script><script src=\"/static/fd2e7eb0/plugin/form-element-path/script.js\"></script></div></div></div></footer></body></html>\nFor documentation on this error, please visit: http://seleniumhq.org/exceptions/no_such_element.html\nBuild info: version: '2.47.1', revision: 'unknown', time: '2015-07-30 11:02:44'\nSystem info: host: 'MacBook-Pro-2.home', ip: '192.168.1.6', os.name: 'Mac OS X', os.arch: 'x86_64', os.version: '10.10.5', java.version: '1.8.0_60'\nDriver info: driver.version: unknown\n\tat org.jenkinsci.test.acceptance.po.CapybaraPortingLayerImpl.find(CapybaraPortingLayerImpl.java:204)\n\tat org.jenkinsci.test.acceptance.po.SlavesMixIn.create(SlavesMixIn.java:31)\n\tat org.jenkinsci.test.acceptance.po.SlavesMixIn.create(SlavesMixIn.java:21)\n\tat org.jenkinsci.test.acceptance.slave.LocalSlaveController.install(LocalSlaveController.java:21)\n\tat core.ArtifactsTest.setUp(ArtifactsTest.java:32)\n\tat sun.reflect.NativeMethodAccessorImpl.invoke0(Native Method)\n\tat sun.reflect.NativeMethodAccessorImpl.invoke(NativeMethodAccessorImpl.java:62)\n\tat sun.reflect.DelegatingMethodAccessorImpl.invoke(DelegatingMethodAccessorImpl.java:43)\n\tat java.lang.reflect.Method.invoke(Method.java:497)\n\tat org.junit.runners.model.FrameworkMethod$1.runReflectiveCall(FrameworkMethod.java:47)\n\tat org.junit.internal.runners.model.ReflectiveCallable.run(ReflectiveCallable.java:12)\n\tat org.junit.runners.model.FrameworkMethod.invokeExplosively(FrameworkMethod.java:44)\n\tat org.junit.internal.runners.statements.RunBefores.evaluate(RunBefores.java:24)\n\tat org.jenkinsci.test.acceptance.junit.JenkinsAcceptanceTestRule$1$2$1.evaluate(JenkinsAcceptanceTestRule.java:129)\n\tat org.jenkinsci.test.acceptance.junit.FilterRule$1.evaluate(FilterRule.java:62)\n\tat org.jenkinsci.test.acceptance.junit.JenkinsAcceptanceTestRule$1.evaluate(JenkinsAcceptanceTestRule.java:55)\n\tat org.junit.runners.ParentRunner.runLeaf(ParentRunner.java:271)\n\tat org.junit.runners.BlockJUnit4ClassRunner.runChild(BlockJUnit4ClassRunner.java:70)\n\tat org.junit.runners.BlockJUnit4ClassRunner.runChild(BlockJUnit4ClassRunner.java:50)\n\tat org.junit.runners.ParentRunner$3.run(ParentRunner.java:238)\n\tat org.junit.runners.ParentRunner$1.schedule(ParentRunner.java:63)\n\tat org.junit.runners.ParentRunner.runChildren(ParentRunner.java:236)\n\tat org.junit.runners.ParentRunner.access$000(ParentRunner.java:53)\n\tat org.junit.runners.ParentRunner$2.evaluate(ParentRunner.java:229)\n\tat org.junit.runners.ParentRunner.run(ParentRunner.java:309)\n\tat org.apache.maven.surefire.junit4.JUnit4Provider.execute(JUnit4Provider.java:264)\n\tat org.apache.maven.surefire.junit4.JUnit4Provider.executeTestSet(JUnit4Provider.java:153)\n\tat org.apache.maven.surefire.junit4.JUnit4Provider.invoke(JUnit4Provider.java:124)\n\tat org.apache.maven.surefire.booter.ForkedBooter.invokeProviderInSameClassLoader(ForkedBooter.java:200)\n\tat org.apache.maven.surefire.booter.ForkedBooter.runSuitesInProcess(ForkedBooter.java:153)\n\tat org.apache.maven.surefire.booter.ForkedBooter.main(ForkedBooter.java:103)\nCaused by: org.openqa.selenium.NoSuchElementException: {\"errorMessage\":\"Unable to find element with xpath './/INPUT[@type='radio'][@value='hudson.slaves.DumbSlave']'\",\"request\":{\"headers\":{\"Accept-Encoding\":\"gzip,deflate\",\"Connection\":\"Keep-Alive\",\"Content-Length\":\"85\",\"Content-Type\":\"application/json; charset=utf-8\",\"Host\":\"localhost:25263\",\"User-Agent\":\"Apache-HttpClient/4.3.3 (java 1.5)\"},\"httpVersion\":\"1.1\",\"method\":\"POST\",\"post\":\"{\\\"using\\\":\\\"xpath\\\",\\\"value\\\":\\\".//INPUT[@type='radio'][@value='hudson.slaves.DumbSlave']\\\"}\",\"url\":\"/element\",\"urlParsed\":{\"anchor\":\"\",\"query\":\"\",\"file\":\"element\",\"directory\":\"/\",\"path\":\"/element\",\"relative\":\"/element\",\"port\":\"\",\"host\":\"\",\"password\":\"\",\"user\":\"\",\"userInfo\":\"\",\"authority\":\"\",\"protocol\":\"\",\"source\":\"/element\",\"queryKey\":{},\"chunks\":[\"element\"]},\"urlOriginal\":\"/session/81f5ecb0-7458-11e5-b6d3-97adff597207/element\"}}\nCommand duration or timeout: 1.17 seconds\nFor documentation on this error, please visit: http://seleniumhq.org/exceptions/no_such_element.html\nBuild info: version: '2.47.1', revision: 'unknown', time: '2015-07-30 11:02:44'\nSystem info: host: 'MacBook-Pro-2.home', ip: '192.168.1.6', os.name: 'Mac OS X', os.arch: 'x86_64', os.version: '10.10.5', java.version: '1.8.0_60'\nDriver info: org.openqa.selenium.phantomjs.PhantomJSDriver\nCapabilities [{applicationCacheEnabled=false, rotatable=false, handlesAlerts=false, databaseEnabled=false, version=2.0.0, platform=OS X 10.9, browserConnectionEnabled=false, proxy={proxyType=direct}, nativeEvents=true, acceptSslCerts=false, driverVersion=1.2.0, locationContextEnabled=false, webStorageEnabled=false, browserName=phantomjs, takesScreenshot=true, driverName=ghostdriver, javascriptEnabled=true, cssSelectorsEnabled=true, phantomjs.page.customHeaders.Accept-Language=en}]\nSession ID: 81f5ecb0-7458-11e5-b6d3-97adff597207\n*** Element info: {Using=xpath, value=.//INPUT[@type='radio'][@value='hudson.slaves.DumbSlave']}\n\tat sun.reflect.NativeConstructorAccessorImpl.newInstance0(Native Method)\n\tat sun.reflect.NativeConstructorAccessorImpl.newInstance(NativeConstructorAccessorImpl.java:62)\n\tat sun.reflect.DelegatingConstructorAccessorImpl.newInstance(DelegatingConstructorAccessorImpl.java:45)\n\tat java.lang.reflect.Constructor.newInstance(Constructor.java:422)\n\tat org.openqa.selenium.remote.ErrorHandler.createThrowable(ErrorHandler.java:206)\n\tat org.openqa.selenium.remote.ErrorHandler.throwIfResponseFailed(ErrorHandler.java:158)\n\tat org.openqa.selenium.remote.RemoteWebDriver.execute(RemoteWebDriver.java:595)\n\tat org.openqa.selenium.remote.RemoteWebDriver.findElement(RemoteWebDriver.java:348)\n\tat org.openqa.selenium.remote.RemoteWebDriver.findElementByXPath(RemoteWebDriver.java:445)\n\tat org.openqa.selenium.By$ByXPath.findElement(By.java:358)\n\tat org.openqa.selenium.remote.RemoteWebDriver.findElement(RemoteWebDriver.java:340)\n\tat sun.reflect.NativeMethodAccessorImpl.invoke0(Native Method)\n\tat sun.reflect.NativeMethodAccessorImpl.invoke(NativeMethodAccessorImpl.java:62)\n\tat sun.reflect.DelegatingMethodAccessorImpl.invoke(DelegatingMethodAccessorImpl.java:43)\n\tat java.lang.reflect.Method.invoke(Method.java:497)\n\tat org.openqa.selenium.support.events.EventFiringWebDriver$2.invoke(EventFiringWebDriver.java:102)\n\tat com.sun.proxy.$Proxy51.findElement(Unknown Source)\n\tat org.openqa.selenium.support.events.EventFiringWebDriver.findElement(EventFiringWebDriver.java:185)\n\tat org.jenkinsci.test.acceptance.po.CapybaraPortingLayerImpl.find(CapybaraPortingLayerImpl.java:185)\n\t... 30 more\nCaused by: org.openqa.selenium.remote.ScreenshotException: Screen shot has been taken\nBuild info: version: '2.47.1', revision: 'unknown', time: '2015-07-30 11:02:44'\nSystem info: host: 'MacBook-Pro-2.home', ip: '192.168.1.6', os.name: 'Mac OS X', os.arch: 'x86_64', os.version: '10.10.5', java.version: '1.8.0_60'\nDriver info: driver.version: EventFiringWebDriver\n\tat org.openqa.selenium.remote.ErrorHandler.throwIfResponseFailed(ErrorHandler.java:138)\n\t... 43 more\nCaused by: org.openqa.selenium.NoSuchElementException: {\"errorMessage\":\"Unable to find element with xpath './/INPUT[@type='radio'][@value='hudson.slaves.DumbSlave']'\",\"request\":{\"headers\":{\"Accept-Encoding\":\"gzip,deflate\",\"Connection\":\"Keep-Alive\",\"Content-Length\":\"85\",\"Content-Type\":\"application/json; charset=utf-8\",\"Host\":\"localhost:25263\",\"User-Agent\":\"Apache-HttpClient/4.3.3 (java 1.5)\"},\"httpVersion\":\"1.1\",\"method\":\"POST\",\"post\":\"{\\\"using\\\":\\\"xpath\\\",\\\"value\\\":\\\".//INPUT[@type='radio'][@value='hudson.slaves.DumbSlave']\\\"}\",\"url\":\"/element\",\"urlParsed\":{\"anchor\":\"\",\"query\":\"\",\"file\":\"element\",\"directory\":\"/\",\"path\":\"/element\",\"relative\":\"/element\",\"port\":\"\",\"host\":\"\",\"password\":\"\",\"user\":\"\",\"userInfo\":\"\",\"authority\":\"\",\"protocol\":\"\",\"source\":\"/element\",\"queryKey\":{},\"chunks\":[\"element\"]},\"urlOriginal\":\"/session/81f5ecb0-7458-11e5-b6d3-97adff597207/element\"}}\nFor documentation on this error, please visit: http://seleniumhq.org/exceptions/no_such_element.html\nBuild info: version: '2.47.1', revision: 'unknown', time: '2015-07-30 11:02:44'\nSystem info: host: 'MacBook-Pro-2.home', ip: '192.168.1.6', os.name: 'Mac OS X', os.arch: 'x86_64', os.version: '10.10.5', java.version: '1.8.0_60'\nDriver info: driver.version: unknown\n"
   },
   "steps" : {
      "step" : [ ]
   },
   "attachments" : {
      "attachment" : [ ]
   },
   "labels" : {
      "label" : [ {
         "name" : "host",
         "value" : "MacBook-Pro-2.home"
      }, {
         "name" : "thread",
         "value" : "1771@MacBook-Pro-2.home.main(1)"
      } ]
   }
}
testCase=ru.yandex.qatools.allure.model.TestCase@3dc1ba9d[
  _id=c8c3aa6a-74b5-4b8e-afb2-ff71de842f94
  executionId=7a8626ac-7b8d-4761-8bff-776519219d78
  threadName=thread_15005794375463
  name=test_many_small_files
  title=<null>
  description=<null>
  failure=ru.yandex.qatools.allure.model.Failure@764a1e3d
  start=1445035900839
  stop=1445035924314
  status=BROKEN
  severity=<null>
  steps=[]
  attachments=[]
  labels=[ru.yandex.qatools.allure.model.Label@5ba64c76, ru.yandex.qatools.allure.model.Label@68d2b518]
  parameters=<null>
]
testCase={
   "start" : 1445035900839,
   "stop" : 1445035924314,
   "status" : "broken",
   "_id" : "c8c3aa6a-74b5-4b8e-afb2-ff71de842f94",
   "executionId" : "7a8626ac-7b8d-4761-8bff-776519219d78",
   "threadName" : "thread_15005794375463",
   "name" : "test_many_small_files",
   "failure" : {
      "message" : "NoSuchElementException: Unable to locate By.xpath: .//INPUT[@type='radio'][@value='hudson.slaves.DumbSlave'] in http://127.0.0.1:58552/job/molecular_voter/configure\n\n<!DOCTYPE html><html><head resurl=\"/static/fd2e7eb0\">\n    \n\n    <title>molecular_voter Config [Jenkins]</title><link rel=\"stylesheet\" href=\"/static/fd2e7eb0/css/style.css\" type=\"text/css\"><link rel=\"stylesheet\" href=\"/static/fd2e7eb0/css/color.css\" type=\"text/css\"><link rel=\"stylesheet\" href=\"/static/fd2e7eb0/css/responsive-grid.css\" type=\"text/css\"><link rel=\"shortcut icon\" href=\"/static/fd2e7eb0/favicon.ico\" type=\"image/vnd.microsoft.icon\"><script>var isRunAsTest=false; var rootURL=\"\"; var resURL=\"/static/fd2e7eb0\";</script><script src=\"/static/fd2e7eb0/scripts/prototype.js\" type=\"text/javascript\"></script><script src=\"/static/fd2e7eb0/scripts/behavior.js\" type=\"text/javascript\"></script><script src=\"/adjuncts/fd2e7eb0/org/kohsuke/stapler/bind.js\" type=\"text/javascript\"></script><script src=\"/static/fd2e7eb0/scripts/yui/yahoo/yahoo-min.js\"></script><script src=\"/static/fd2e7eb0/scripts/yui/dom/dom-min.js\"></script><script src=\"/static/fd2e7eb0/scripts/yui/event/event-min.js\"></script><script src=\"/static/fd2e7eb0/scripts/yui/animation/animation-min.js\"></script><script src=\"/static/fd2e7eb0/scripts/yui/dragdrop/dragdrop-min.js\"></script><script src=\"/static/fd2e7eb0/scripts/yui/container/container-min.js\"></script><script src=\"/static/fd2e7eb0/scripts/yui/connection/connection-min.js\"></script><script src=\"/static/fd2e7eb0/scripts/yui/datasource/datasource-min.js\"></script><script src=\"/static/fd2e7eb0/scripts/yui/autocomplete/autocomplete-min.js\"></script><script src=\"/static/fd2e7eb0/scripts/yui/menu/menu-min.js\"></script><script src=\"/static/fd2e7eb0/scripts/yui/element/element-min.js\"></script><script src=\"/static/fd2e7eb0/scripts/yui/button/button-min.js\"></script><script src=\"/static/fd2e7eb0/scripts/yui/storage/storage-min.js\"></script><script src=\"/static/fd2e7eb0/scripts/hudson-behavior.js\" type=\"text/javascript\"></script><script src=\"/static/fd2e7eb0/scripts/sortable.js\" type=\"text/javascript\"></script><script>crumb.init(\"\", \"\");</script><link rel=\"stylesheet\" href=\"/static/fd2e7eb0/scripts/yui/container/assets/container.css\" type=\"text/css\"><link rel=\"stylesheet\" href=\"/static/fd2e7eb0/scripts/yui/assets/skins/sam/skin.css\" type=\"text/css\"><link rel=\"stylesheet\" href=\"/static/fd2e7eb0/scripts/yui/container/assets/skins/sam/container.css\" type=\"text/css\"><link rel=\"stylesheet\" href=\"/static/fd2e7eb0/scripts/yui/button/assets/skins/sam/button.css\" type=\"text/css\"><link rel=\"stylesheet\" href=\"/static/fd2e7eb0/scripts/yui/menu/assets/skins/sam/menu.css\" type=\"text/css\"><link rel=\"search\" href=\"/opensearch.xml\" type=\"application/opensearchdescription+xml\" title=\"Jenkins\"><meta name=\"ROBOTS\" content=\"INDEX,NOFOLLOW\"><link rel=\"alternate\" href=\"rssAll\" title=\"Jenkins:molecular_voter (all builds)\" type=\"application/rss+xml\"><link rel=\"alternate\" href=\"rssAll?flavor=rss20\" title=\"Jenkins:molecular_voter (all builds) (RSS 2.0)\" type=\"application/rss+xml\"><link rel=\"alternate\" href=\"rssFailed\" title=\"Jenkins:molecular_voter (failed builds)\" type=\"application/rss+xml\"><link rel=\"alternate\" href=\"rssFailed?flavor=rss20\" title=\"Jenkins:molecular_voter (failed builds) (RSS 2.0)\" type=\"application/rss+xml\"><link rel=\"alternate\" href=\"rssChangelog\" title=\"Jenkins:molecular_voter (changelog)\" type=\"application/rss+xml\"><link rel=\"alternate\" href=\"rssChangelog?flavor=rss20\" title=\"Jenkins:molecular_voter (changelog) (RSS 2.0)\" type=\"application/rss+xml\"><link rel=\"stylesheet\" href=\"/adjuncts/fd2e7eb0/lib/form/breadcrumb-config-outline/init.css\" type=\"text/css\"><script src=\"/adjuncts/fd2e7eb0/lib/form/breadcrumb-config-outline/init.js\" type=\"text/javascript\"></script><script src=\"/static/fd2e7eb0/scripts/yui/cookie/cookie-min.js\"></script></head><body data-model-type=\"hudson.model.FreeStyleProject\" id=\"jenkins\" class=\"yui-skin-sam jenkins-1.630\" data-version=\"jenkins-1.630\"><div id=\"tt\" class=\"yui-module yui-overlay yui-tt yui-overlay-hidden\" style=\"z-index: 999; visibility: hidden;\"><div class=\"bd\"></div></div><div class=\"yui-panel-container shadow yui-overlay-hidden\" id=\"wait14_c\" style=\"visibility: hidden; left: 486px; top: 360px; z-index: 4;\"><div id=\"wait14\" class=\"yui-module yui-overlay yui-panel\" style=\"visibility: inherit;\"><a class=\"container-close\" href=\"#\">Close</a><div class=\"hd\" id=\"wait14_h\" style=\"cursor: move;\">Error</div><div class=\"bd\"><div id=\"container13\"></div></div></div></div><iframe id=\"_yuiResizeMonitor\" title=\"Text Resize Monitor\" tabindex=\"-1\" role=\"presentation\" style=\"position: absolute; visibility: visible; background-color: transparent; border-width: 0px; width: 2em; height: 2em; left: 0px; top: -27px;\"></iframe><a href=\"#skip2content\" class=\"skiplink\">Skip to content</a><div id=\"page-head\"><div id=\"header\"><div class=\"logo\"><a id=\"jenkins-home-link\" href=\"/\"><img src=\"/static/fd2e7eb0/images/headshot.png\" alt=\"title\" id=\"jenkins-head-icon\"><img src=\"/static/fd2e7eb0/images/title.png\" alt=\"title\" width=\"139\" id=\"jenkins-name-icon\" height=\"34\"></a></div><div class=\"login\"></div><div class=\"searchbox hidden-xs\"><form method=\"get\" name=\"search\" action=\"/job/molecular_voter/search/\" style=\"position:relative;\" class=\"no-json\" path=\"\"><div id=\"search-box-minWidth\" style=\"font-family: Helvetica, Arial, sans-serif; font-size: 13px; font-style: normal; font-weight: normal;\"></div><div id=\"search-box-sizer\" style=\"font-family: Helvetica, Arial, sans-serif; font-size: 13px; font-style: normal; font-weight: normal;\"></div><div id=\"searchform\" class=\"yui-ac\"><input name=\"q\" placeholder=\"search\" id=\"search-box\" class=\"has-default-text yui-ac-input defaulted\" autocomplete=\"off\" style=\"width: 255px;\" path=\"/q\">&nbsp;<a href=\"http://wiki.jenkins-ci.org/display/JENKINS/Search+Box\"><img src=\"/static/fd2e7eb0/images/16x16/help.png\" style=\"width: 16px; height: 16px; \" class=\"icon-help icon-sm\"></a><div id=\"search-box-completion\" class=\"yui-ac-container\" style=\"width: 255px; left: 0px; top: 26px;\"><div class=\"yui-ac-content\" style=\"display: none; width: 255px;\"><div class=\"yui-ac-hd\" style=\"display: none;\"></div><div class=\"yui-ac-bd\"><ul><li style=\"display: none;\"></li><li style=\"display: none;\"></li><li style=\"display: none;\"></li><li style=\"display: none;\"></li><li style=\"display: none;\"></li><li style=\"display: none;\"></li><li style=\"display: none;\"></li><li style=\"display: none;\"></li><li style=\"display: none;\"></li><li style=\"display: none;\"></li></ul></div><div class=\"yui-ac-ft\" style=\"display: none;\"></div></div></div><script>createSearchBox(\"/job/molecular_voter/search/\");</script></div></form></div></div><div id=\"breadcrumbBar\"><link rel=\"stylesheet\" href=\"/adjuncts/fd2e7eb0/lib/layout/breadcrumbs.css\" type=\"text/css\"><script src=\"/adjuncts/fd2e7eb0/lib/layout/breadcrumbs.js\" type=\"text/javascript\"></script><div style=\"height: 26px;\"></div><div class=\"top-sticker noedge\" style=\"position: fixed; top: 40px; left: 0px;\"><div class=\"top-sticker-edge\"></div><div class=\"top-sticker-inner\"><div id=\"right-top-nav\"></div><ul id=\"breadcrumbs\"><li class=\"item\"><a href=\"/\" class=\"model-link inside breadcrumbBarAnchor\">Jenkins</a></li><li href=\"/\" class=\"children\"></li><li class=\"item\"><a href=\"/job/molecular_voter/\" class=\"model-link inside breadcrumbBarAnchor\">molecular_voter</a></li><li href=\"/job/molecular_voter/\" class=\"children\"></li><li id=\"inpage-nav\" class=\"item\"><a class=\"model-link inside breadcrumbBarAnchor\">configuration</a></li></ul><div id=\"breadcrumb-menu-target\"></div></div></div></div></div><div id=\"menuSelector\"></div><div id=\"page-body\"><div id=\"side-panel\"><div id=\"tasks\"><div class=\"task\"><a href=\"/\" class=\"task-icon-link\"><img src=\"/static/fd2e7eb0/images/24x24/up.png\" style=\"width: 24px; height: 24px; width: 24px; height: 24px; margin: 2px;\" class=\"icon-up icon-md\"></a>&nbsp;<a href=\"/\" class=\"task-link\">Back to Dashboard</a></div><div class=\"task\"><a href=\"/job/molecular_voter/\" class=\"task-icon-link\"><img src=\"/static/fd2e7eb0/images/24x24/search.png\" style=\"width: 24px; height: 24px; width: 24px; height: 24px; margin: 2px;\" class=\"icon-search icon-md\"></a>&nbsp;<a href=\"/job/molecular_voter/\" class=\"task-link\">Status</a></div><div class=\"task\"><a href=\"/job/molecular_voter/changes\" class=\"task-icon-link\"><img src=\"/static/fd2e7eb0/images/24x24/notepad.png\" style=\"width: 24px; height: 24px; width: 24px; height: 24px; margin: 2px;\" class=\"icon-notepad icon-md\"></a>&nbsp;<a href=\"/job/molecular_voter/changes\" class=\"task-link\">Changes</a></div><div class=\"task\"><a href=\"/job/molecular_voter/ws/\" class=\"task-icon-link\"><img src=\"/static/fd2e7eb0/images/24x24/folder.png\" style=\"width: 24px; height: 24px; width: 24px; height: 24px; margin: 2px;\" class=\"icon-folder icon-md\"></a>&nbsp;<a href=\"/job/molecular_voter/ws/\" class=\"task-link\">Workspace</a></div><div class=\"task\"><a onclick=\"return build_id14(this)\" href=\"/job/molecular_voter/build?delay=0sec\" class=\"task-icon-link\"><img src=\"/static/fd2e7eb0/images/24x24/clock.png\" style=\"width: 24px; height: 24px; width: 24px; height: 24px; margin: 2px;\" class=\"icon-clock icon-md\"></a>&nbsp;<a onclick=\"return build_id14(this)\" href=\"/job/molecular_voter/build?delay=0sec\" class=\"task-link\">Build Now</a></div><script>function build_id14(a) {\n                new Ajax.Request(a.href);\n                hoverNotification('Build scheduled',a.parentNode);\n                return false;\n            }</script><div class=\"task\"><a onclick=\"confirmPOST_id17(true, '/job/molecular_voter/doDelete', 'Are you sure about deleting the Project ‘molecular_voter’?')\" href=\"#\"><img src=\"/static/fd2e7eb0/images/24x24/edit-delete.png\" style=\"width: 24px; height: 24px; width: 24px; height: 24px; margin: 2px;\" class=\"icon-edit-delete icon-md\"></a><script>function confirmPOST_id17(post, href, message) {\n            if (confirm(message)) {\n                var form = document.createElement('form');\n                form.setAttribute('method', post ? 'POST' : 'GET');\n                form.setAttribute('action', href);\n                if (post) {\n                    crumb.appendToForm(form);\n                }\n                document.body.appendChild(form);\n                form.submit();\n            }\n            return false;\n        }</script>&nbsp;<a onclick=\"confirmPOST_id18(true, '/job/molecular_voter/doDelete', 'Are you sure about deleting the Project ‘molecular_voter’?')\" href=\"#\" class=\"task-link\">Delete Project</a><script>function confirmPOST_id18(post, href, message) {\n            if (confirm(message)) {\n                var form = document.createElement('form');\n                form.setAttribute('method', post ? 'POST' : 'GET');\n                form.setAttribute('action', href);\n                if (post) {\n                    crumb.appendToForm(form);\n                }\n                document.body.appendChild(form);\n                form.submit();\n            }\n            return false;\n        }</script></div><div class=\"task\"><a href=\"/job/molecular_voter/configure\" class=\"task-icon-link\"><img src=\"/static/fd2e7eb0/images/24x24/setting.png\" style=\"width: 24px; height: 24px; width: 24px; height: 24px; margin: 2px;\" class=\"icon-setting icon-md\"></a>&nbsp;<a href=\"/job/molecular_voter/configure\" class=\"task-link\"><b>Configure</b></a><div class=\"subtasks\"></div></div></div><div id=\"buildHistory\" class=\"container-fluid pane-frame track-mouse\"><div class=\"row\"><div class=\"col-xs-24 pane-header\"><a href=\"/toggleCollapse?paneId=buildHistory\" title=\"collapse\" class=\"collapse\"><img src=\"/static/fd2e7eb0/images/16x16/collapse.png\" alt=\"collapse\" style=\"width: 16px; height: 16px; \" class=\"icon-collapse icon-sm\"></a><div style=\"float:right\"><a href=\"/job/molecular_voter/buildTimeTrend\">trend</a></div><div data=\"100\" class=\"healthReport\" onmouseover=\"this.className='healthReport hover';return true;\n        \" onmouseout=\"this.className='healthReport';return true;\"><img src=\"/static/fd2e7eb0/images/16x16/health-80plus.png\" alt=\"100%\" style=\"width: 16px; height: 16px; \" class=\"icon-health-80plus icon-sm\"></div>Build History</div></div><div class=\"row pane-content\"><table class=\"pane stripped\"></table></div><div class=\"row\"><div class=\"col-xs-24 pane-footer\"><span class=\"build-rss-links\"><a href=\"/job/molecular_voter/rssAll\" class=\"build-rss-all-icon\"><img border=\"0\" src=\"/static/fd2e7eb0/images/atom.gif\" alt=\"Feed\" width=\"16\" height=\"16\"></a>&nbsp;<a href=\"/job/molecular_voter/rssAll\" class=\"build-rss-all-link\">RSS for all</a>&nbsp;<a href=\"/job/molecular_voter/rssFailed\" class=\"build-rss-failed-icon\"><img border=\"0\" src=\"/static/fd2e7eb0/images/atom.gif\" alt=\"Feed\" width=\"16\" height=\"16\"></a>&nbsp;<a href=\"/job/molecular_voter/rssFailed\" class=\"build-rss-failed-link\">RSS for failures</a></span></div></div></div><script defer=\"true\">updateBuildHistory(\"/job/molecular_voter/buildHistory/ajax\",1);</script></div><div id=\"main-panel\"><a name=\"skip2content\"></a><div class=\"behavior-loading\" style=\"display: none;\">LOADING</div><form method=\"post\" name=\"config\" action=\"configSubmit\" path=\"\"><link rel=\"stylesheet\" href=\"/adjuncts/fd2e7eb0/lib/form/section_.css\" type=\"text/css\"><table width=\"100%\"><tbody><tr><td class=\"setting-leftspace\">&nbsp;</td><td class=\"setting-name\">Project name</td><td class=\"setting-main\">\n   \n\n  \n  <input name=\"name\" type=\"text\" class=\"setting-input   \" value=\"molecular_voter\" path=\"/name\"></td><td class=\"setting-no-help\"></td></tr><tr class=\"validation-error-area\"><td colspan=\"2\"></td><td></td><td></td></tr><tr><td class=\"setting-leftspace\">&nbsp;</td><td class=\"setting-name\">Description</td><td class=\"setting-main\"><script src=\"/adjuncts/fd2e7eb0/lib/form/textarea/textarea.js\" type=\"text/javascript\"></script><textarea name=\"description\" rows=\"5\" class=\"setting-input   \" path=\"/description\"></textarea><div class=\"textarea-handle\"></div><div class=\"textarea-preview-container\">\n        [Plain text]&nbsp;<a previewendpoint=\"/markupFormatter/previewDescription\" href=\"#\" class=\"textarea-show-preview\">Preview</a>&nbsp;<a href=\"#\" class=\"textarea-hide-preview\" style=\"display: none;\">Hide preview</a><div class=\"textarea-preview\" style=\"display: none;\"></div></div></td><td class=\"setting-no-help\"></td></tr><tr class=\"validation-error-area\"><td colspan=\"2\"></td><td></td><td></td></tr><tr class=\"optional-block-start \" hashelp=\"true\" ref=\"cb15\"><td colspan=\"3\"><input onclick=\"javascript:updateOptionalBlock(this,true)\" name=\"logrotate\" type=\"checkbox\" class=\" \" id=\"cb15\" path=\"/logrotate\"><label class=\"attach-previous\">Discard Old Builds</label></td><td class=\"setting-help\"><a helpurl=\"/help/project-config/log-rotation.html\" href=\"#\" class=\"help-button\" tabindex=\"9999\"><img src=\"/static/fd2e7eb0/images/16x16/help.png\" alt=\"Help for feature: Discard Old Builds\" style=\"width: 16px; height: 16px; \" class=\"icon-help icon-sm\"></a></td></tr><tr class=\"help-area\"><td></td><td colspan=\"2\"><div class=\"help\">Loading...</div></td><td></td></tr><tr class=\"rowvg-start\" style=\"display: none;\"></tr><tr style=\"display: none;\"><td class=\"setting-leftspace\">&nbsp;</td><td class=\"setting-name\">Strategy</td><td class=\"setting-main\"><select class=\"setting-input dropdownList\" path=\"/\"><option value=\"0\">Log Rotation</option></select></td><td class=\"setting-no-help\"></td></tr><tr class=\"dropdownList-container\" style=\"display: none;\"><td colspan=\"2\"></td><td colspan=\"2\"><table width=\"100%\" name=\"buildDiscarder\" path=\"/buildDiscarder\"><tbody><tr class=\"dropdownList-start rowvg-start\"></tr>\n      \n      <tr><td class=\"setting-leftspace\">&nbsp;</td><td class=\"setting-name\">Days to keep builds</td><td class=\"setting-main\"><input step=\"1\" min=\"1\" name=\"_.daysToKeepStr\" type=\"number\" class=\"setting-input  positive-number\" value=\"\" path=\"/buildDiscarder/daysToKeepStr\"></td><td class=\"setting-no-help\"></td></tr><tr class=\"validation-error-area\"><td colspan=\"2\"></td><td></td><td></td></tr><tr><td colspan=\"2\"></td><td class=\"setting-description\">if not empty, build records are only kept up to this number of days</td><td></td></tr><tr><td class=\"setting-leftspace\">&nbsp;</td><td class=\"setting-name\">Max # of builds to keep</td><td class=\"setting-main\"><input step=\"1\" min=\"1\" name=\"_.numToKeepStr\" type=\"number\" class=\"setting-input  positive-number\" value=\"\" path=\"/buildDiscarder/numToKeepStr\"></td><td class=\"setting-no-help\"></td></tr><tr class=\"validation-error-area\"><td colspan=\"2\"></td><td></td><td></td></tr><tr><td colspan=\"2\"></td><td class=\"setting-description\">if not empty, only up to this number of build records are kept</td><td></td></tr><tr><td></td><td></td><td><script src=\"/adjuncts/fd2e7eb0/lib/form/advanced/advanced.js\" type=\"text/javascript\"></script><div style=\"\" class=\"advancedLink\"><span style=\"display: none\" id=\"id26\"><img src=\"/static/fd2e7eb0/images/24x24/notepad.png\" tooltip=\"One or more fields in this block have been edited.\" style=\"width: 24px; height: 24px; vertical-align: baseline\" class=\"icon-notepad icon-md\" title=\"One or more fields in this block have been edited.\"></span>&nbsp;<span class=\"yui-button yui-push-button advanced-button advancedButton\" id=\"yui-gen31\"><span class=\"first-child\"><button type=\"button\" tabindex=\"0\" id=\"yui-gen31-button\" path=\"/buildDiscarder/advanced-button\">Advanced...</button></span></span></div><table class=\"advancedBody\"><tbody><tr><td class=\"setting-leftspace\">&nbsp;</td><td class=\"setting-name\">Days to keep artifacts</td><td class=\"setting-main\"><input step=\"1\" min=\"1\" name=\"_.artifactDaysToKeepStr\" type=\"number\" class=\"setting-input  positive-number\" value=\"\" path=\"/buildDiscarder/artifactDaysToKeepStr\"></td><td class=\"setting-no-help\"></td></tr><tr class=\"validation-error-area\"><td colspan=\"2\"></td><td></td><td></td></tr><tr><td colspan=\"2\"></td><td class=\"setting-description\">if not empty, artifacts from builds older than this number of days will be deleted, but the logs, history, reports, etc for the build will be kept</td><td></td></tr><tr><td class=\"setting-leftspace\">&nbsp;</td><td class=\"setting-name\">Max # of builds to keep with artifacts</td><td class=\"setting-main\"><input step=\"1\" min=\"1\" name=\"_.artifactNumToKeepStr\" type=\"number\" class=\"setting-input  positive-number\" value=\"\" path=\"/buildDiscarder/artifactNumToKeepStr\"></td><td class=\"setting-no-help\"></td></tr><tr class=\"validation-error-area\"><td colspan=\"2\"></td><td></td><td></td></tr><tr><td colspan=\"2\"></td><td class=\"setting-description\">if not empty, only up to this number of builds have their artifacts retained</td><td></td></tr></tbody></table></td><td></td></tr><tr style=\"\"><td><input name=\"stapler-class\" type=\"hidden\" value=\"hudson.tasks.LogRotator\" path=\"/buildDiscarder/stapler-class\"><input name=\"$class\" type=\"hidden\" value=\"hudson.tasks.LogRotator\" path=\"/buildDiscarder/$class\"></td></tr><tr class=\"dropdownList-end rowvg-end\"></tr></tbody></table></td></tr><tr class=\" rowvg-end optional-block-end\"></tr><script src=\"/adjuncts/fd2e7eb0/lib/form/section_.js\" type=\"text/javascript\"></script><tr name=\"properties\" style=\"display:none\" class=\"row-set-start\" id=\"rowSetStart31\" path=\"/properties\"></tr><tr nameref=\"rowSetStart31\"><td><input type=\"hidden\" name=\"stapler-class-bag\" value=\"true\" path=\"/properties/stapler-class-bag\"></td></tr><tr name=\"hudson-model-ParametersDefinitionProperty\" style=\"display:none\" class=\"row-set-start\" id=\"rowSetStart30\" nameref=\"rowSetStart31\" path=\"/properties/hudson-model-ParametersDefinitionProperty\"></tr><tr class=\"optional-block-start row-set-start\" hashelp=\"true\" ref=\"cb16\" nameref=\"rowSetStart30\"><td colspan=\"3\"><input onclick=\"javascript:updateOptionalBlock(this,true)\" name=\"parameterized\" type=\"checkbox\" class=\" \" id=\"cb16\" path=\"/properties/hudson-model-ParametersDefinitionProperty/parameterized\"><label class=\"attach-previous\">This build is parameterized</label></td><td class=\"setting-help\"><a helpurl=\"/help/project-config/parameterized-build.html\" href=\"#\" class=\"help-button\" tabindex=\"9999\"><img src=\"/static/fd2e7eb0/images/16x16/help.png\" alt=\"Help for feature: This build is parameterized\" style=\"width: 16px; height: 16px; \" class=\"icon-help icon-sm\"></a></td></tr><tr class=\"help-area\" nameref=\"cb16\"><td></td><td colspan=\"2\"><div class=\"help\">Loading...</div></td><td></td></tr><tr class=\"rowvg-start\" nameref=\"cb16\" style=\"display: none;\"></tr><tr nameref=\"cb16\" style=\"display: none;\"><td colspan=\"2\"></td><td colspan=\"2\"><script src=\"/adjuncts/fd2e7eb0/lib/form/dragdrop/dragdrop.js\" type=\"text/javascript\"></script><script src=\"/adjuncts/fd2e7eb0/lib/form/hetero-list/hetero-list.js\" type=\"text/javascript\"></script><div class=\"hetero-list-container with-drag-drop  \"><div class=\"repeatable-insertion-point\"></div><div><span class=\"yui-button yui-menu-button\" id=\"yui-gen1\"><span class=\"first-child\"><button type=\"button\" tabindex=\"0\" id=\"yui-gen1-button\" class=\"hetero-list-add\" suffix=\"parameter\">Add Parameter</button></span></span></div></div></td></tr><tr class=\"row-set-end rowvg-end optional-block-end\" nameref=\"rowSetStart30\"></tr><tr class=\"row-set-end\" nameref=\"rowSetStart31\"></tr><tr class=\"row-set-end\"></tr><tr class=\"optional-block-start \" hashelp=\"true\" ref=\"cb17\"><td colspan=\"3\"><input onclick=\"javascript:updateOptionalBlock(this,true)\" name=\"disable\" type=\"checkbox\" class=\" \" id=\"cb17\" path=\"/disable\"><label class=\"attach-previous\">Disable Build (No new builds will be executed until the project is re-enabled.)</label></td><td class=\"setting-help\"><a helpurl=\"/help/project-config/disable.html\" href=\"#\" class=\"help-button\" tabindex=\"9999\"><img src=\"/static/fd2e7eb0/images/16x16/help.png\" alt=\"Help for feature: Disable Build (No new builds will be executed until the project is re-enabled.)\" style=\"width: 16px; height: 16px; \" class=\"icon-help icon-sm\"></a></td></tr><tr class=\"help-area\"><td></td><td colspan=\"2\"><div class=\"help\">Loading...</div></td><td></td></tr><tr class=\"rowvg-start\" style=\"display: none;\"></tr><tr class=\" rowvg-end optional-block-end\"></tr><tr class=\"optional-block-start \" hashelp=\"true\" ref=\"cb18\"><td colspan=\"3\"><input onclick=\"javascript:updateOptionalBlock(this,true)\" name=\"_.concurrentBuild\" type=\"checkbox\" class=\" \" id=\"cb18\" path=\"/concurrentBuild\"><label class=\"attach-previous\">Execute concurrent builds if necessary</label></td><td class=\"setting-help\"><a helpurl=\"/descriptor/hudson.model.FreeStyleProject/help/concurrentBuild\" href=\"#\" class=\"help-button\" tabindex=\"9999\"><img src=\"/static/fd2e7eb0/images/16x16/help.png\" alt=\"Help for feature: Execute concurrent builds if necessary\" style=\"width: 16px; height: 16px; \" class=\"icon-help icon-sm\"></a></td></tr><tr class=\"help-area\"><td></td><td colspan=\"2\"><div class=\"help\">Loading...</div></td><td></td></tr><tr class=\"rowvg-start\" style=\"display: none;\"></tr><tr class=\" rowvg-end optional-block-end\"></tr><tr><td colspan=\"4\"><div class=\"section-header\"><a id=\"section0\" class=\"section-anchor\">#</a>Advanced Project Options</div></td></tr><tr><td></td><td></td><td><script src=\"/adjuncts/fd2e7eb0/lib/form/advanced/advanced.js\" type=\"text/javascript\"></script><div style=\"\" class=\"advancedLink\"><span style=\"display: none\" id=\"id20\"><img src=\"/static/fd2e7eb0/images/24x24/notepad.png\" tooltip=\"One or more fields in this block have been edited.\" style=\"width: 24px; height: 24px; vertical-align: baseline\" class=\"icon-notepad icon-md\" title=\"One or more fields in this block have been edited.\"></span>&nbsp;<span class=\"yui-button yui-push-button advanced-button advancedButton\" id=\"yui-gen7\"><span class=\"first-child\"><button type=\"button\" tabindex=\"0\" id=\"yui-gen7-button\" path=\"/advanced-button\">Advanced...</button></span></span></div><table class=\"advancedBody\"><tbody><tr class=\"optional-block-start \" hashelp=\"true\" ref=\"cb19\"><td colspan=\"3\"><input onclick=\"javascript:updateOptionalBlock(this,true)\" name=\"hasCustomQuietPeriod\" type=\"checkbox\" class=\" \" id=\"cb19\" path=\"/hasCustomQuietPeriod\"><label class=\"attach-previous\">Quiet period</label></td><td class=\"setting-help\"><a helpurl=\"/descriptor/jenkins.model.GlobalQuietPeriodConfiguration/help/quietPeriod\" href=\"#\" class=\"help-button\" tabindex=\"9999\"><img src=\"/static/fd2e7eb0/images/16x16/help.png\" alt=\"Help for feature: Quiet period\" style=\"width: 16px; height: 16px; \" class=\"icon-help icon-sm\"></a></td></tr><tr class=\"help-area\"><td></td><td colspan=\"2\"><div class=\"help\">Loading...</div></td><td></td></tr><tr class=\"rowvg-start\" style=\"display: none;\"></tr><tr style=\"display: none;\"><td class=\"setting-leftspace\">&nbsp;</td><td class=\"setting-name\">Quiet period</td><td class=\"setting-main\"><input step=\"1\" min=\"0\" name=\"quiet_period\" type=\"number\" class=\"setting-input  number\" value=\"5\" path=\"/quiet_period\"></td><td class=\"setting-no-help\"></td></tr><tr class=\"validation-error-area\" style=\"display: none;\"><td colspan=\"2\"></td><td></td><td></td></tr><tr style=\"display: none;\"><td colspan=\"2\"></td><td class=\"setting-description\">Number of seconds</td><td></td></tr><tr class=\" rowvg-end optional-block-end\"></tr><tr class=\"optional-block-start \" hashelp=\"true\" ref=\"cb20\"><td colspan=\"3\"><input onclick=\"javascript:updateOptionalBlock(this,true)\" name=\"hasCustomScmCheckoutRetryCount\" type=\"checkbox\" class=\" \" id=\"cb20\" path=\"/hasCustomScmCheckoutRetryCount\"><label class=\"attach-previous\">Retry Count</label></td><td class=\"setting-help\"><a helpurl=\"/help/project-config/scmCheckoutRetryCount.html\" href=\"#\" class=\"help-button\" tabindex=\"9999\"><img src=\"/static/fd2e7eb0/images/16x16/help.png\" alt=\"Help for feature: Retry Count\" style=\"width: 16px; height: 16px; \" class=\"icon-help icon-sm\"></a></td></tr><tr class=\"help-area\"><td></td><td colspan=\"2\"><div class=\"help\">Loading...</div></td><td></td></tr><tr class=\"rowvg-start\" style=\"display: none;\"></tr><tr style=\"display: none;\"><td class=\"setting-leftspace\">&nbsp;</td><td class=\"setting-name\">SCM checkout retry count</td><td class=\"setting-main\"><input step=\"1\" min=\"0\" name=\"scmCheckoutRetryCount\" type=\"number\" class=\"setting-input  number\" value=\"0\" path=\"/scmCheckoutRetryCount\"></td><td class=\"setting-no-help\"></td></tr><tr class=\"validation-error-area\" style=\"display: none;\"><td colspan=\"2\"></td><td></td><td></td></tr><tr class=\" rowvg-end optional-block-end\"></tr><tr class=\"optional-block-start \" hashelp=\"true\" ref=\"cb21\"><td colspan=\"3\"><input onclick=\"javascript:updateOptionalBlock(this,true)\" name=\"blockBuildWhenUpstreamBuilding\" type=\"checkbox\" class=\" \" id=\"cb21\" path=\"/blockBuildWhenUpstreamBuilding\"><label class=\"attach-previous\">Block build when upstream project is building</label></td><td class=\"setting-help\"><a helpurl=\"/help/project-config/block-upstream-building.html\" href=\"#\" class=\"help-button\" tabindex=\"9999\"><img src=\"/static/fd2e7eb0/images/16x16/help.png\" alt=\"Help for feature: Block build when upstream project is building\" style=\"width: 16px; height: 16px; \" class=\"icon-help icon-sm\"></a></td></tr><tr class=\"help-area\"><td></td><td colspan=\"2\"><div class=\"help\">Loading...</div></td><td></td></tr><tr class=\"rowvg-start\" style=\"display: none;\"></tr><tr class=\" rowvg-end optional-block-end\"></tr><tr class=\"optional-block-start \" hashelp=\"true\" ref=\"cb22\"><td colspan=\"3\"><input onclick=\"javascript:updateOptionalBlock(this,true)\" name=\"blockBuildWhenDownstreamBuilding\" type=\"checkbox\" class=\" \" id=\"cb22\" path=\"/blockBuildWhenDownstreamBuilding\"><label class=\"attach-previous\">Block build when downstream project is building</label></td><td class=\"setting-help\"><a helpurl=\"/help/project-config/block-downstream-building.html\" href=\"#\" class=\"help-button\" tabindex=\"9999\"><img src=\"/static/fd2e7eb0/images/16x16/help.png\" alt=\"Help for feature: Block build when downstream project is building\" style=\"width: 16px; height: 16px; \" class=\"icon-help icon-sm\"></a></td></tr><tr class=\"help-area\"><td></td><td colspan=\"2\"><div class=\"help\">Loading...</div></td><td></td></tr><tr class=\"rowvg-start\" style=\"display: none;\"></tr><tr class=\" rowvg-end optional-block-end\"></tr><tr class=\"optional-block-start \" hashelp=\"true\" ref=\"cb23\"><td colspan=\"3\"><input onclick=\"javascript:updateOptionalBlock(this,true)\" name=\"hasCustomWorkspace\" type=\"checkbox\" class=\" \" id=\"cb23\" path=\"/hasCustomWorkspace\"><label class=\"attach-previous\">Use custom workspace</label></td><td class=\"setting-help\"><a helpurl=\"/help/project-config/custom-workspace.html\" href=\"#\" class=\"help-button\" tabindex=\"9999\"><img src=\"/static/fd2e7eb0/images/16x16/help.png\" alt=\"Help for feature: Use custom workspace\" style=\"width: 16px; height: 16px; \" class=\"icon-help icon-sm\"></a></td></tr><tr class=\"help-area\"><td></td><td colspan=\"2\"><div class=\"help\">Loading...</div></td><td></td></tr><tr class=\"rowvg-start\" style=\"display: none;\"></tr><tr style=\"display: none;\"><td class=\"setting-leftspace\">&nbsp;</td><td class=\"setting-name\">Directory</td><td class=\"setting-main\">\n   \n\n  \n  <input checkdependson=\"customWorkspace\" checkurl=\"/job/molecular_voter/descriptorByName/hudson.model.FreeStyleProject/checkCustomWorkspace\" name=\"_.customWorkspace\" type=\"text\" class=\"setting-input validated  \" value=\"\" path=\"/customWorkspace\"></td><td class=\"setting-no-help\"></td></tr><tr class=\"validation-error-area\" style=\"display: none;\"><td colspan=\"2\"></td><td><div class=\"error\"><img src=\"/static/fd2e7eb0/images/none.gif\" height=\"16\" width=\"1\">Custom workspace is empty.</div></td><td></td></tr><tr class=\" rowvg-end optional-block-end\"></tr><tr><td class=\"setting-leftspace\">&nbsp;</td><td class=\"setting-name\">Display Name</td><td class=\"setting-main\">\n   \n\n  \n  <input checkurl=\"'/checkDisplayName?displayName='+encodeURIComponent(this.value)+'&amp;jobName='+encodeURIComponent('molecular_voter')\" name=\"_.displayNameOrNull\" type=\"text\" class=\"setting-input validated  \" value=\"\" path=\"/displayNameOrNull\"></td><td class=\"setting-help\"><a helpurl=\"/descriptor/hudson.model.FreeStyleProject/help/displayNameOrNull\" href=\"#\" class=\"help-button\" tabindex=\"9999\"><img src=\"/static/fd2e7eb0/images/16x16/help.png\" alt=\"Help for feature: Display Name\" style=\"width: 16px; height: 16px; \" class=\"icon-help icon-sm\"></a></td></tr><tr class=\"validation-error-area\"><td colspan=\"2\"></td><td><div></div></td><td></td></tr><tr class=\"help-area\"><td></td><td colspan=\"2\"><div class=\"help\">Loading...</div></td><td></td></tr><tr class=\"optional-block-start row-set-start\" hashelp=\"true\" ref=\"cb24\"><td colspan=\"3\"><input onclick=\"javascript:updateOptionalBlock(this,true)\" name=\"keepDependencies\" type=\"checkbox\" class=\" \" id=\"cb24\" path=\"/keepDependencies\"><label class=\"attach-previous\">Keep the build logs of dependencies</label></td><td class=\"setting-help\"><a helpurl=\"/help/tasks/fingerprint/keepDependencies.html\" href=\"#\" class=\"help-button\" tabindex=\"9999\"><img src=\"/static/fd2e7eb0/images/16x16/help.png\" alt=\"Help for feature: Keep the build logs of dependencies\" style=\"width: 16px; height: 16px; \" class=\"icon-help icon-sm\"></a></td></tr><tr class=\"help-area\" nameref=\"cb24\"><td></td><td colspan=\"2\"><div class=\"help\">Loading...</div></td><td></td></tr><tr class=\"rowvg-start\" nameref=\"cb24\" style=\"display: none;\"></tr><tr class=\"row-set-end rowvg-end optional-block-end\"></tr></tbody></table></td><td></td></tr><tr><td colspan=\"4\"><div class=\"section-header\"><a id=\"section1\" class=\"section-anchor\">#</a>Source Code Management</div></td></tr><script src=\"/adjuncts/fd2e7eb0/lib/form/radioBlock/radioBlock.js\" type=\"text/javascript\"></script><tr class=\"radio-block-start row-set-start\" hashelp=\"false\" ref=\"radio-block-9\"><td colspan=\"3\"><label><input name=\"scm\" checked=\"true\" type=\"radio\" value=\"0\" class=\"radio-block-control\" id=\"radio-block-9\" path=\"/scm[0]\">\n        None\n      </label></td><td class=\"setting-no-help\"></td></tr><tr style=\"display:none\" class=\"row-set-end radio-block-end\"></tr><tr class=\"radio-block-start row-set-start\" hashelp=\"false\" ref=\"radio-block-10\"><td colspan=\"3\"><label><input name=\"scm\" type=\"radio\" value=\"1\" class=\"radio-block-control\" id=\"radio-block-10\" path=\"/scm[1]\">\n        CVS\n      </label></td><td class=\"setting-no-help\"></td></tr><tr nameref=\"radio-block-10\" style=\"display: none;\"><td class=\"setting-leftspace\">&nbsp;</td><td class=\"setting-name\"></td><td class=\"setting-main\"><div class=\"repeated-container\"><div name=\"repositories\" class=\"repeated-chunk first last only\"><table style=\"width:100%\"><tbody><tr><td class=\"setting-leftspace\">&nbsp;</td><td class=\"setting-name\">CVSROOT</td><td class=\"setting-main\">\n   \n\n  \n  <input checkdependson=\"\" checkurl=\"/job/molecular_voter/descriptorByName/hudson.scm.CvsRepository/checkCvsRoot\" name=\"_.cvsRoot\" type=\"text\" class=\"setting-input validated  \" value=\"\"></td><td class=\"setting-help\"><a helpurl=\"/descriptor/hudson.scm.CvsRepository/help/cvsRoot\" href=\"#\" class=\"help-button\" tabindex=\"9999\"><img src=\"/static/fd2e7eb0/images/16x16/help.png\" alt=\"Help for feature: CVSROOT\" style=\"width: 16px; height: 16px; \" class=\"icon-help icon-sm\"></a></td></tr><tr class=\"validation-error-area\"><td colspan=\"2\"></td><td><div class=\"error\"><img src=\"/static/fd2e7eb0/images/none.gif\" height=\"16\" width=\"1\">CVSROOT is mandatory</div></td><td></td></tr><tr class=\"help-area\"><td></td><td colspan=\"2\"><div class=\"help\">Loading...</div></td><td></td></tr><tr class=\"optional-block-start \" hashelp=\"false\" ref=\"cb25\"><td colspan=\"3\"><input onclick=\"javascript:updateOptionalBlock(this,true)\" name=\"passwordRequired\" type=\"checkbox\" class=\" \" id=\"cb25\"><label class=\"attach-previous\">This Connection Requires A Password</label></td><td class=\"setting-no-help\"></td></tr><tr class=\"rowvg-start\" style=\"display: none;\"></tr><tr style=\"display: none;\"><td class=\"setting-leftspace\">&nbsp;</td><td class=\"setting-name\">Password</td><td class=\"setting-main\"><input name=\"_.password\" type=\"password\" class=\"setting-input \" value=\"\"></td><td class=\"setting-no-help\"></td></tr><tr class=\"validation-error-area\" style=\"display: none;\"><td colspan=\"2\"></td><td></td><td></td></tr><tr class=\" rowvg-end optional-block-end\"></tr><tr><td class=\"setting-leftspace\">&nbsp;</td><td class=\"setting-name\"></td><td class=\"setting-main\"><div class=\"repeated-container\"><div name=\"repositoryItems\" class=\"repeated-chunk first last only\"><table style=\"width:100%\"><tbody><tr><td class=\"setting-leftspace\">&nbsp;</td><td class=\"setting-name\">Location</td><td class=\"setting-main\"><select class=\"setting-input dropdownList\"><option value=\"0\">Branch</option><option value=\"1\" selected=\"true\">Head</option><option value=\"2\">Tag</option></select></td><td class=\"setting-no-help\"></td></tr><tr class=\"dropdownList-container\"><td colspan=\"2\"></td><td colspan=\"2\"><table width=\"100%\" name=\"location\"><tbody><tr class=\"dropdownList-start rowvg-start\" field-disabled=\"true\" style=\"display: none;\"></tr><tr field-disabled=\"true\" style=\"display: none;\"><td class=\"setting-leftspace\">&nbsp;</td><td class=\"setting-name\">Branch Name</td><td class=\"setting-main\">\n   \n\n  \n  <input name=\"_.branchName\" type=\"text\" class=\"setting-input   \" value=\"\"></td><td class=\"setting-no-help\"></td></tr><tr class=\"validation-error-area\" field-disabled=\"true\" style=\"display: none;\"><td colspan=\"2\"></td><td></td><td></td></tr><tr field-disabled=\"true\" style=\"display: none;\"><td class=\"setting-leftspace\">&nbsp;</td><td class=\"setting-name\">Use Head If Not Found</td><td class=\"setting-main\"><input name=\"_.useHeadIfNotFound\" type=\"checkbox\" class=\" \"></td><td class=\"setting-no-help\"></td></tr><tr class=\"validation-error-area\" field-disabled=\"true\" style=\"display: none;\"><td colspan=\"2\"></td><td></td><td></td></tr><tr style=\"display: none;\" field-disabled=\"true\"><td><input name=\"stapler-class\" type=\"hidden\" value=\"hudson.scm.CvsRepositoryLocation$BranchRepositoryLocation\"><input name=\"$class\" type=\"hidden\" value=\"hudson.scm.CvsRepositoryLocation$BranchRepositoryLocation\"></td></tr><tr class=\"dropdownList-end rowvg-end\"></tr><tr class=\"dropdownList-start rowvg-start\"></tr><tr style=\"\"><td><input name=\"stapler-class\" type=\"hidden\" value=\"hudson.scm.CvsRepositoryLocation$HeadRepositoryLocation\"><input name=\"$class\" type=\"hidden\" value=\"hudson.scm.CvsRepositoryLocation$HeadRepositoryLocation\"></td></tr><tr class=\"dropdownList-end rowvg-end\"></tr><tr class=\"dropdownList-start rowvg-start\" field-disabled=\"true\" style=\"display: none;\"></tr><tr field-disabled=\"true\" style=\"display: none;\"><td class=\"setting-leftspace\">&nbsp;</td><td class=\"setting-name\">Tag Name</td><td class=\"setting-main\">\n   \n\n  \n  <input name=\"_.tagName\" type=\"text\" class=\"setting-input   \" value=\"\"></td><td class=\"setting-no-help\"></td></tr><tr class=\"validation-error-area\" field-disabled=\"true\" style=\"display: none;\"><td colspan=\"2\"></td><td></td><td></td></tr><tr field-disabled=\"true\" style=\"display: none;\"><td class=\"setting-leftspace\">&nbsp;</td><td class=\"setting-name\">Use Head If Not Found</td><td class=\"setting-main\"><input name=\"_.useHeadIfNotFound\" type=\"checkbox\" class=\" \"></td><td class=\"setting-no-help\"></td></tr><tr class=\"validation-error-area\" field-disabled=\"true\" style=\"display: none;\"><td colspan=\"2\"></td><td></td><td></td></tr><tr style=\"display: none;\" field-disabled=\"true\"><td><input name=\"stapler-class\" type=\"hidden\" value=\"hudson.scm.CvsRepositoryLocation$TagRepositoryLocation\"><input name=\"$class\" type=\"hidden\" value=\"hudson.scm.CvsRepositoryLocation$TagRepositoryLocation\"></td></tr><tr class=\"dropdownList-end rowvg-end\"></tr></tbody></table></td></tr><tr><td class=\"setting-leftspace\">&nbsp;</td><td class=\"setting-name\">Modules</td><td class=\"setting-main\"><div class=\"repeated-container\"><div name=\"modules\" class=\"repeated-chunk first last only\"><table style=\"width:100%\"><tbody><tr><td class=\"setting-leftspace\">&nbsp;</td><td class=\"setting-name\">Remote Name</td><td class=\"setting-main\">\n   \n\n  \n  <input checkdependson=\"\" checkurl=\"/job/molecular_voter/descriptorByName/hudson.scm.CvsModule/checkRemoteName\" name=\"_.remoteName\" type=\"text\" class=\"setting-input validated  \" value=\"\"></td><td class=\"setting-help\"><a helpurl=\"/descriptor/hudson.scm.CvsModule/help/remoteName\" href=\"#\" class=\"help-button\" tabindex=\"9999\"><img src=\"/static/fd2e7eb0/images/16x16/help.png\" alt=\"Help for feature: Remote Name\" style=\"width: 16px; height: 16px; \" class=\"icon-help icon-sm\"></a></td></tr><tr class=\"validation-error-area\"><td colspan=\"2\"></td><td><div class=\"error\"><img src=\"/static/fd2e7eb0/images/none.gif\" height=\"16\" width=\"1\">Remote Name is mandatory</div></td><td></td></tr><tr class=\"help-area\"><td></td><td colspan=\"2\"><div class=\"help\">Loading...</div></td><td></td></tr><tr><td class=\"setting-leftspace\">&nbsp;</td><td class=\"setting-name\">Local Name</td><td class=\"setting-main\">\n   \n\n  \n  <input name=\"_.localName\" type=\"text\" class=\"setting-input   \" value=\"\"></td><td class=\"setting-help\"><a helpurl=\"/descriptor/hudson.scm.CvsModule/help/localName\" href=\"#\" class=\"help-button\" tabindex=\"9999\"><img src=\"/static/fd2e7eb0/images/16x16/help.png\" alt=\"Help for feature: Local Name\" style=\"width: 16px; height: 16px; \" class=\"icon-help icon-sm\"></a></td></tr><tr class=\"validation-error-area\"><td colspan=\"2\"></td><td></td><td></td></tr><tr class=\"help-area\"><td></td><td colspan=\"2\"><div class=\"help\">Loading...</div></td><td></td></tr><tr><td class=\"setting-leftspace\">&nbsp;</td><td class=\"setting-name\"></td><td class=\"setting-main\"><div align=\"right\"><span class=\"yui-button yui-push-button repeatable-add show-if-last\" id=\"yui-gen12\"><span class=\"first-child\"><button type=\"button\" tabindex=\"0\" id=\"yui-gen12-button\">Add more modules...</button></span></span><span class=\"yui-button yui-push-button repeatable-delete show-if-not-only\" id=\"yui-gen21\"><span class=\"first-child\"><button type=\"button\" tabindex=\"0\" id=\"yui-gen21-button\">Delete</button></span></span></div></td><td class=\"setting-no-help\"></td></tr><tr class=\"validation-error-area\"><td colspan=\"2\"></td><td></td><td></td></tr></tbody></table></div><div class=\"repeatable-insertion-point\"></div></div></td><td class=\"setting-no-help\"></td></tr><tr class=\"validation-error-area\"><td colspan=\"2\"></td><td></td><td></td></tr><tr><td class=\"setting-leftspace\">&nbsp;</td><td class=\"setting-name\"></td><td class=\"setting-main\"><div align=\"right\"><span class=\"yui-button yui-push-button repeatable-add show-if-last\" id=\"yui-gen13\"><span class=\"first-child\"><button type=\"button\" tabindex=\"0\" id=\"yui-gen13-button\">Add more locations...</button></span></span><span class=\"yui-button yui-push-button repeatable-delete show-if-not-only\" id=\"yui-gen22\"><span class=\"first-child\"><button type=\"button\" tabindex=\"0\" id=\"yui-gen22-button\">Delete</button></span></span></div></td><td class=\"setting-no-help\"></td></tr><tr class=\"validation-error-area\"><td colspan=\"2\"></td><td></td><td></td></tr></tbody></table></div><div class=\"repeatable-insertion-point\"></div></div></td><td class=\"setting-no-help\"></td></tr><tr class=\"validation-error-area\"><td colspan=\"2\"></td><td></td><td></td></tr><tr><td></td><td></td><td><div style=\"\" class=\"advancedLink\"><span style=\"display: none\" id=\"id22\"><img src=\"/static/fd2e7eb0/images/24x24/notepad.png\" tooltip=\"One or more fields in this block have been edited.\" style=\"width: 24px; height: 24px; vertical-align: baseline\" class=\"icon-notepad icon-md\" title=\"One or more fields in this block have been edited.\"></span>&nbsp;<span class=\"yui-button yui-push-button advanced-button advancedButton\" id=\"yui-gen8\"><span class=\"first-child\"><button type=\"button\" tabindex=\"0\" id=\"yui-gen8-button\">Advanced...</button></span></span></div><table class=\"advancedBody\"><tbody><tr><td colspan=\"4\"><div class=\"section-header\"><a id=\"section3\" class=\"section-anchor\">#</a>Advanced Repository Options</div></td></tr><tr><td class=\"setting-leftspace\">&nbsp;</td><td class=\"setting-name\">Repository browser</td><td class=\"setting-main\"><select class=\"setting-input dropdownList\"><option value=\"auto\">(Auto)</option><option value=\"0\">FishEye</option><option value=\"1\">OpenGrok</option><option value=\"2\">ViewCVS</option></select></td><td class=\"setting-help\"><a helpurl=\"/help/scm-browsers/list.html\" href=\"#\" class=\"help-button\" tabindex=\"9999\"><img src=\"/static/fd2e7eb0/images/16x16/help.png\" alt=\"Help for feature: Repository browser\" style=\"width: 16px; height: 16px; \" class=\"icon-help icon-sm\"></a></td></tr><tr class=\"dropdownList-container\"><td colspan=\"2\"></td><td colspan=\"2\"><table width=\"100%\" name=\"repositoryBrowser\"><tbody><tr class=\"dropdownList-start rowvg-start\"></tr><tr class=\"dropdownList-end rowvg-end\"></tr><tr class=\"dropdownList-start rowvg-start\" field-disabled=\"true\" style=\"display: none;\"></tr><tr class=\"render-on-demand \" proxy=\"makeStaplerProxy('/$stapler/bound/c362f04b-59b3-4ac0-a6bd-232ba933cfe3','d9558d1b-578e-4743-a240-8717f9f0c41e',['render'])\" field-disabled=\"true\" style=\"display: none;\"></tr><tr style=\"display: none;\" field-disabled=\"true\"><td><input name=\"stapler-class\" type=\"hidden\" value=\"hudson.scm.browsers.FishEyeCVS\"><input name=\"$class\" type=\"hidden\" value=\"hudson.scm.browsers.FishEyeCVS\"></td></tr><tr class=\"dropdownList-end rowvg-end\"></tr><tr class=\"dropdownList-start rowvg-start\" field-disabled=\"true\" style=\"display: none;\"></tr><tr class=\"render-on-demand \" proxy=\"makeStaplerProxy('/$stapler/bound/b4c29d94-1888-489c-bd88-5c2114effa9a','d9558d1b-578e-4743-a240-8717f9f0c41e',['render'])\" field-disabled=\"true\" style=\"display: none;\"></tr><tr style=\"display: none;\" field-disabled=\"true\"><td><input name=\"stapler-class\" type=\"hidden\" value=\"hudson.scm.browsers.OpenGrok\"><input name=\"$class\" type=\"hidden\" value=\"hudson.scm.browsers.OpenGrok\"></td></tr><tr class=\"dropdownList-end rowvg-end\"></tr><tr class=\"dropdownList-start rowvg-start\" field-disabled=\"true\" style=\"display: none;\"></tr><tr class=\"render-on-demand \" proxy=\"makeStaplerProxy('/$stapler/bound/b68e4818-759e-404e-bd77-4e80af51f679','d9558d1b-578e-4743-a240-8717f9f0c41e',['render'])\" field-disabled=\"true\" style=\"display: none;\"></tr><tr style=\"display: none;\" field-disabled=\"true\"><td><input name=\"stapler-class\" type=\"hidden\" value=\"hudson.scm.browsers.ViewCVS\"><input name=\"$class\" type=\"hidden\" value=\"hudson.scm.browsers.ViewCVS\"></td></tr><tr class=\"dropdownList-end rowvg-end\"></tr></tbody></table></td></tr><tr class=\"help-area\"><td></td><td colspan=\"2\"><div class=\"help\">Loading...</div></td><td></td></tr><tr><td class=\"setting-leftspace\">&nbsp;</td><td class=\"setting-name\">Exclude Regions</td><td class=\"setting-main\"><div class=\"repeated-container\"><div name=\"excludedRegions\" class=\"repeated-chunk first last only\"><table style=\"width:100%\"><tbody><tr><td class=\"setting-leftspace\">&nbsp;</td><td class=\"setting-name\">Pattern</td><td class=\"setting-main\">\n   \n\n  \n  <input checkdependson=\"\" checkurl=\"/job/molecular_voter/descriptorByName/hudson.scm.ExcludedRegion/checkPattern\" name=\"_.pattern\" type=\"text\" class=\"setting-input validated  \" value=\"\"></td><td class=\"setting-no-help\"></td></tr><tr class=\"validation-error-area\"><td colspan=\"2\"></td><td><div></div></td><td></td></tr><tr><td class=\"setting-leftspace\">&nbsp;</td><td class=\"setting-name\"></td><td class=\"setting-main\"><div align=\"right\"><span class=\"yui-button yui-push-button repeatable-add show-if-last\" id=\"yui-gen14\"><span class=\"first-child\"><button type=\"button\" tabindex=\"0\" id=\"yui-gen14-button\">Add more patterns...</button></span></span><span class=\"yui-button yui-push-button repeatable-delete show-if-not-only\" id=\"yui-gen23\"><span class=\"first-child\"><button type=\"button\" tabindex=\"0\" id=\"yui-gen23-button\">Delete</button></span></span></div></td><td class=\"setting-no-help\"></td></tr><tr class=\"validation-error-area\"><td colspan=\"2\"></td><td></td><td></td></tr></tbody></table></div><div class=\"repeatable-insertion-point\"></div></div></td><td class=\"setting-no-help\"></td></tr><tr class=\"validation-error-area\"><td colspan=\"2\"></td><td></td><td></td></tr><tr><td class=\"setting-leftspace\">&nbsp;</td><td class=\"setting-name\">Compression Level</td><td class=\"setting-main\">\n\n   \n  <select fillurl=\"/job/molecular_voter/descriptorByName/hudson.scm.CvsRepository/fillCompressionLevelItems\" name=\"_.compressionLevel\" class=\"setting-input  select \" value=\"\"><option value=\"-1\">System Default</option><option value=\"0\">None</option><option value=\"1\">1</option><option value=\"2\">2</option><option value=\"3\">3 (Recommended)</option><option value=\"4\">4</option><option value=\"5\">5</option><option value=\"6\">6</option><option value=\"7\">7</option><option value=\"8\">8</option><option value=\"9\">9</option></select></td><td class=\"setting-no-help\"></td></tr><tr class=\"validation-error-area\"><td colspan=\"2\"></td><td></td><td></td></tr></tbody></table></td><td></td></tr><tr><td class=\"setting-leftspace\">&nbsp;</td><td class=\"setting-name\"></td><td class=\"setting-main\"><div align=\"right\"><span class=\"yui-button yui-push-button repeatable-add show-if-last\" id=\"yui-gen15\"><span class=\"first-child\"><button type=\"button\" tabindex=\"0\" id=\"yui-gen15-button\">Add more repositories...</button></span></span><span class=\"yui-button yui-push-button repeatable-delete show-if-not-only\" id=\"yui-gen24\"><span class=\"first-child\"><button type=\"button\" tabindex=\"0\" id=\"yui-gen24-button\">Delete</button></span></span></div></td><td class=\"setting-no-help\"></td></tr><tr class=\"validation-error-area\"><td colspan=\"2\"></td><td></td><td></td></tr></tbody></table></div><div class=\"repeatable-insertion-point\"></div></div></td><td class=\"setting-no-help\"></td></tr><tr class=\"validation-error-area\" nameref=\"radio-block-10\" style=\"display: none;\"><td colspan=\"2\"></td><td></td><td></td></tr><tr nameref=\"radio-block-10\" style=\"display: none;\"><td class=\"setting-leftspace\">&nbsp;</td><td class=\"setting-name\">Use Update</td><td class=\"setting-main\"><input name=\"_.canUseUpdate\" checked=\"true\" type=\"checkbox\" class=\" \"></td><td class=\"setting-help\"><a helpurl=\"/descriptor/hudson.scm.CVSSCM/help/canUseUpdate\" href=\"#\" class=\"help-button\" tabindex=\"9999\"><img src=\"/static/fd2e7eb0/images/16x16/help.png\" alt=\"Help for feature: Use Update\" style=\"width: 16px; height: 16px; \" class=\"icon-help icon-sm\"></a></td></tr><tr class=\"validation-error-area\" nameref=\"radio-block-10\" style=\"display: none;\"><td colspan=\"2\"></td><td></td><td></td></tr><tr class=\"help-area\" nameref=\"radio-block-10\" style=\"display: none;\"><td></td><td colspan=\"2\"><div class=\"help\">Loading...</div></td><td></td></tr><tr nameref=\"radio-block-10\" style=\"display: none;\"><td class=\"setting-leftspace\">&nbsp;</td><td class=\"setting-name\">Prune Empty Directories</td><td class=\"setting-main\"><input name=\"_.pruneEmptyDirectories\" checked=\"true\" type=\"checkbox\" class=\" \"></td><td class=\"setting-help\"><a helpurl=\"/descriptor/hudson.scm.CVSSCM/help/pruneEmptyDirectories\" href=\"#\" class=\"help-button\" tabindex=\"9999\"><img src=\"/static/fd2e7eb0/images/16x16/help.png\" alt=\"Help for feature: Prune Empty Directories\" style=\"width: 16px; height: 16px; \" class=\"icon-help icon-sm\"></a></td></tr><tr class=\"validation-error-area\" nameref=\"radio-block-10\" style=\"display: none;\"><td colspan=\"2\"></td><td></td><td></td></tr><tr class=\"help-area\" nameref=\"radio-block-10\" style=\"display: none;\"><td></td><td colspan=\"2\"><div class=\"help\">Loading...</div></td><td></td></tr><tr nameref=\"radio-block-10\" style=\"display: none;\"><td class=\"setting-leftspace\">&nbsp;</td><td class=\"setting-name\">Legacy Mode</td><td class=\"setting-main\"><input name=\"_.legacy\" type=\"checkbox\" class=\" \"><label class=\"attach-previous\">(run CVS in a way compatible with older versions of Hudson &lt;1.21)</label></td><td class=\"setting-help\"><a helpurl=\"/descriptor/hudson.scm.CVSSCM/help/legacy\" href=\"#\" class=\"help-button\" tabindex=\"9999\"><img src=\"/static/fd2e7eb0/images/16x16/help.png\" alt=\"Help for feature: Legacy Mode\" style=\"width: 16px; height: 16px; \" class=\"icon-help icon-sm\"></a></td></tr><tr class=\"validation-error-area\" nameref=\"radio-block-10\" style=\"display: none;\"><td colspan=\"2\"></td><td></td><td></td></tr><tr class=\"help-area\" nameref=\"radio-block-10\" style=\"display: none;\"><td></td><td colspan=\"2\"><div class=\"help\">Loading...</div></td><td></td></tr><tr nameref=\"radio-block-10\" style=\"display: none;\"><td class=\"setting-leftspace\">&nbsp;</td><td class=\"setting-name\">Skip Changelog</td><td class=\"setting-main\"><input name=\"_.skipChangeLog\" type=\"checkbox\" class=\" \"></td><td class=\"setting-help\"><a helpurl=\"/descriptor/hudson.scm.CVSSCM/help/skipChangeLog\" href=\"#\" class=\"help-button\" tabindex=\"9999\"><img src=\"/static/fd2e7eb0/images/16x16/help.png\" alt=\"Help for feature: Skip Changelog\" style=\"width: 16px; height: 16px; \" class=\"icon-help icon-sm\"></a></td></tr><tr class=\"validation-error-area\" nameref=\"radio-block-10\" style=\"display: none;\"><td colspan=\"2\"></td><td></td><td></td></tr><tr class=\"help-area\" nameref=\"radio-block-10\" style=\"display: none;\"><td></td><td colspan=\"2\"><div class=\"help\">Loading...</div></td><td></td></tr><tr nameref=\"radio-block-10\" style=\"display: none;\"><td class=\"setting-leftspace\">&nbsp;</td><td class=\"setting-name\">Show all CVS output</td><td class=\"setting-main\"><input name=\"_.disableCvsQuiet\" type=\"checkbox\" class=\" \"></td><td class=\"setting-help\"><a helpurl=\"/descriptor/hudson.scm.CVSSCM/help/disableCvsQuiet\" href=\"#\" class=\"help-button\" tabindex=\"9999\"><img src=\"/static/fd2e7eb0/images/16x16/help.png\" alt=\"Help for feature: Show all CVS output\" style=\"width: 16px; height: 16px; \" class=\"icon-help icon-sm\"></a></td></tr><tr class=\"validation-error-area\" nameref=\"radio-block-10\" style=\"display: none;\"><td colspan=\"2\"></td><td></td><td></td></tr><tr class=\"help-area\" nameref=\"radio-block-10\" style=\"display: none;\"><td></td><td colspan=\"2\"><div class=\"help\">Loading...</div></td><td></td></tr><tr nameref=\"radio-block-10\" style=\"display: none;\"><td class=\"setting-leftspace\">&nbsp;</td><td class=\"setting-name\">Perform clean checkout on failed update</td><td class=\"setting-main\"><input name=\"_.cleanOnFailedUpdate\" type=\"checkbox\" class=\" \"></td><td class=\"setting-help\"><a helpurl=\"/descriptor/hudson.scm.CVSSCM/help/cleanOnFailedUpdate\" href=\"#\" class=\"help-button\" tabindex=\"9999\"><img src=\"/static/fd2e7eb0/images/16x16/help.png\" alt=\"Help for feature: Perform clean checkout on failed update\" style=\"width: 16px; height: 16px; \" class=\"icon-help icon-sm\"></a></td></tr><tr class=\"validation-error-area\" nameref=\"radio-block-10\" style=\"display: none;\"><td colspan=\"2\"></td><td></td><td></td></tr><tr class=\"help-area\" nameref=\"radio-block-10\" style=\"display: none;\"><td></td><td colspan=\"2\"><div class=\"help\">Loading...</div></td><td></td></tr><tr nameref=\"radio-block-10\" style=\"display: none;\"><td class=\"setting-leftspace\">&nbsp;</td><td class=\"setting-name\">Force clean copy for locally modified files</td><td class=\"setting-main\"><input name=\"_.forceCleanCopy\" type=\"checkbox\" class=\" \"></td><td class=\"setting-help\"><a helpurl=\"/descriptor/hudson.scm.CVSSCM/help/forceCleanCopy\" href=\"#\" class=\"help-button\" tabindex=\"9999\"><img src=\"/static/fd2e7eb0/images/16x16/help.png\" alt=\"Help for feature: Force clean copy for locally modified files\" style=\"width: 16px; height: 16px; \" class=\"icon-help icon-sm\"></a></td></tr><tr class=\"validation-error-area\" nameref=\"radio-block-10\" style=\"display: none;\"><td colspan=\"2\"></td><td></td><td></td></tr><tr class=\"help-area\" nameref=\"radio-block-10\" style=\"display: none;\"><td></td><td colspan=\"2\"><div class=\"help\">Loading...</div></td><td></td></tr><tr style=\"display:none\" class=\"row-set-end radio-block-end\"></tr><tr class=\"radio-block-start row-set-start\" hashelp=\"false\" ref=\"radio-block-11\"><td colspan=\"3\"><label><input name=\"scm\" type=\"radio\" value=\"2\" class=\"radio-block-control\" id=\"radio-block-11\" path=\"/scm[2]\">\n        CVS Projectset\n      </label></td><td class=\"setting-no-help\"></td></tr><tr nameref=\"radio-block-11\" style=\"display: none;\"><td class=\"setting-leftspace\">&nbsp;</td><td class=\"setting-name\"></td><td class=\"setting-main\"><div class=\"repeated-container\"><div name=\"repositories\" class=\"repeated-chunk first last only\"><table style=\"width:100%\"><tbody><tr><td class=\"setting-leftspace\">&nbsp;</td><td class=\"setting-name\">CVSROOT</td><td class=\"setting-main\">\n   \n\n  \n  <input checkdependson=\"\" checkurl=\"/job/molecular_voter/descriptorByName/hudson.scm.CvsRepository/checkCvsRoot\" name=\"_.cvsRoot\" type=\"text\" class=\"setting-input validated  \" value=\"\"></td><td class=\"setting-help\"><a helpurl=\"/descriptor/hudson.scm.CvsRepository/help/cvsRoot\" href=\"#\" class=\"help-button\" tabindex=\"9999\"><img src=\"/static/fd2e7eb0/images/16x16/help.png\" alt=\"Help for feature: CVSROOT\" style=\"width: 16px; height: 16px; \" class=\"icon-help icon-sm\"></a></td></tr><tr class=\"validation-error-area\"><td colspan=\"2\"></td><td><div class=\"error\"><img src=\"/static/fd2e7eb0/images/none.gif\" height=\"16\" width=\"1\">CVSROOT is mandatory</div></td><td></td></tr><tr class=\"help-area\"><td></td><td colspan=\"2\"><div class=\"help\">Loading...</div></td><td></td></tr><tr class=\"optional-block-start \" hashelp=\"false\" ref=\"cb26\"><td colspan=\"3\"><input onclick=\"javascript:updateOptionalBlock(this,true)\" name=\"passwordRequired\" type=\"checkbox\" class=\" \" id=\"cb26\"><label class=\"attach-previous\">This Connection Requires A Password</label></td><td class=\"setting-no-help\"></td></tr><tr class=\"rowvg-start\" style=\"display: none;\"></tr><tr style=\"display: none;\"><td class=\"setting-leftspace\">&nbsp;</td><td class=\"setting-name\">Password</td><td class=\"setting-main\"><input name=\"_.password\" type=\"password\" class=\"setting-input \" value=\"\"></td><td class=\"setting-no-help\"></td></tr><tr class=\"validation-error-area\" style=\"display: none;\"><td colspan=\"2\"></td><td></td><td></td></tr><tr class=\" rowvg-end optional-block-end\"></tr><tr><td class=\"setting-leftspace\">&nbsp;</td><td class=\"setting-name\"></td><td class=\"setting-main\"><div class=\"repeated-container\"><div name=\"repositoryItems\" class=\"repeated-chunk first last only\"><table style=\"width:100%\"><tbody><tr><td class=\"setting-leftspace\">&nbsp;</td><td class=\"setting-name\">Location</td><td class=\"setting-main\"><select class=\"setting-input dropdownList\"><option value=\"0\">Branch</option><option value=\"1\" selected=\"true\">Head</option><option value=\"2\">Tag</option></select></td><td class=\"setting-no-help\"></td></tr><tr class=\"dropdownList-container\"><td colspan=\"2\"></td><td colspan=\"2\"><table width=\"100%\" name=\"location\"><tbody><tr class=\"dropdownList-start rowvg-start\" field-disabled=\"true\" style=\"display: none;\"></tr><tr field-disabled=\"true\" style=\"display: none;\"><td class=\"setting-leftspace\">&nbsp;</td><td class=\"setting-name\">Branch Name</td><td class=\"setting-main\">\n   \n\n  \n  <input name=\"_.branchName\" type=\"text\" class=\"setting-input   \" value=\"\"></td><td class=\"setting-no-help\"></td></tr><tr class=\"validation-error-area\" field-disabled=\"true\" style=\"display: none;\"><td colspan=\"2\"></td><td></td><td></td></tr><tr field-disabled=\"true\" style=\"display: none;\"><td class=\"setting-leftspace\">&nbsp;</td><td class=\"setting-name\">Use Head If Not Found</td><td class=\"setting-main\"><input name=\"_.useHeadIfNotFound\" type=\"checkbox\" class=\" \"></td><td class=\"setting-no-help\"></td></tr><tr class=\"validation-error-area\" field-disabled=\"true\" style=\"display: none;\"><td colspan=\"2\"></td><td></td><td></td></tr><tr style=\"display: none;\" field-disabled=\"true\"><td><input name=\"stapler-class\" type=\"hidden\" value=\"hudson.scm.CvsRepositoryLocation$BranchRepositoryLocation\"><input name=\"$class\" type=\"hidden\" value=\"hudson.scm.CvsRepositoryLocation$BranchRepositoryLocation\"></td></tr><tr class=\"dropdownList-end rowvg-end\"></tr><tr class=\"dropdownList-start rowvg-start\"></tr><tr style=\"\"><td><input name=\"stapler-class\" type=\"hidden\" value=\"hudson.scm.CvsRepositoryLocation$HeadRepositoryLocation\"><input name=\"$class\" type=\"hidden\" value=\"hudson.scm.CvsRepositoryLocation$HeadRepositoryLocation\"></td></tr><tr class=\"dropdownList-end rowvg-end\"></tr><tr class=\"dropdownList-start rowvg-start\" field-disabled=\"true\" style=\"display: none;\"></tr><tr field-disabled=\"true\" style=\"display: none;\"><td class=\"setting-leftspace\">&nbsp;</td><td class=\"setting-name\">Tag Name</td><td class=\"setting-main\">\n   \n\n  \n  <input name=\"_.tagName\" type=\"text\" class=\"setting-input   \" value=\"\"></td><td class=\"setting-no-help\"></td></tr><tr class=\"validation-error-area\" field-disabled=\"true\" style=\"display: none;\"><td colspan=\"2\"></td><td></td><td></td></tr><tr field-disabled=\"true\" style=\"display: none;\"><td class=\"setting-leftspace\">&nbsp;</td><td class=\"setting-name\">Use Head If Not Found</td><td class=\"setting-main\"><input name=\"_.useHeadIfNotFound\" type=\"checkbox\" class=\" \"></td><td class=\"setting-no-help\"></td></tr><tr class=\"validation-error-area\" field-disabled=\"true\" style=\"display: none;\"><td colspan=\"2\"></td><td></td><td></td></tr><tr style=\"display: none;\" field-disabled=\"true\"><td><input name=\"stapler-class\" type=\"hidden\" value=\"hudson.scm.CvsRepositoryLocation$TagRepositoryLocation\"><input name=\"$class\" type=\"hidden\" value=\"hudson.scm.CvsRepositoryLocation$TagRepositoryLocation\"></td></tr><tr class=\"dropdownList-end rowvg-end\"></tr></tbody></table></td></tr><tr><td class=\"setting-leftspace\">&nbsp;</td><td class=\"setting-name\">Modules</td><td class=\"setting-main\"><div class=\"repeated-container\"><div name=\"modules\" class=\"repeated-chunk first last only\"><table style=\"width:100%\"><tbody><tr><td class=\"setting-leftspace\">&nbsp;</td><td class=\"setting-name\">Remote Name</td><td class=\"setting-main\">\n   \n\n  \n  <input checkdependson=\"\" checkurl=\"/job/molecular_voter/descriptorByName/hudson.scm.CvsModule/checkRemoteName\" name=\"_.remoteName\" type=\"text\" class=\"setting-input validated  \" value=\"\"></td><td class=\"setting-help\"><a helpurl=\"/descriptor/hudson.scm.CvsModule/help/remoteName\" href=\"#\" class=\"help-button\" tabindex=\"9999\"><img src=\"/static/fd2e7eb0/images/16x16/help.png\" alt=\"Help for feature: Remote Name\" style=\"width: 16px; height: 16px; \" class=\"icon-help icon-sm\"></a></td></tr><tr class=\"validation-error-area\"><td colspan=\"2\"></td><td><div class=\"error\"><img src=\"/static/fd2e7eb0/images/none.gif\" height=\"16\" width=\"1\">Remote Name is mandatory</div></td><td></td></tr><tr class=\"help-area\"><td></td><td colspan=\"2\"><div class=\"help\">Loading...</div></td><td></td></tr><tr><td class=\"setting-leftspace\">&nbsp;</td><td class=\"setting-name\">Local Name</td><td class=\"setting-main\">\n   \n\n  \n  <input name=\"_.localName\" type=\"text\" class=\"setting-input   \" value=\"\"></td><td class=\"setting-help\"><a helpurl=\"/descriptor/hudson.scm.CvsModule/help/localName\" href=\"#\" class=\"help-button\" tabindex=\"9999\"><img src=\"/static/fd2e7eb0/images/16x16/help.png\" alt=\"Help for feature: Local Name\" style=\"width: 16px; height: 16px; \" class=\"icon-help icon-sm\"></a></td></tr><tr class=\"validation-error-area\"><td colspan=\"2\"></td><td></td><td></td></tr><tr class=\"help-area\"><td></td><td colspan=\"2\"><div class=\"help\">Loading...</div></td><td></td></tr><tr><td class=\"setting-leftspace\">&nbsp;</td><td class=\"setting-name\">Projectset File Name</td><td class=\"setting-main\">\n   \n\n  \n  <input checkdependson=\"\" checkurl=\"/job/molecular_voter/descriptorByName/hudson.scm.CvsModule/checkProjectsetFileName\" name=\"_.projectsetFileName\" type=\"text\" class=\"setting-input validated  \" value=\"\"></td><td class=\"setting-help\"><a helpurl=\"/descriptor/hudson.scm.CvsModule/help/projectsetFileName\" href=\"#\" class=\"help-button\" tabindex=\"9999\"><img src=\"/static/fd2e7eb0/images/16x16/help.png\" alt=\"Help for feature: Projectset File Name\" style=\"width: 16px; height: 16px; \" class=\"icon-help icon-sm\"></a></td></tr><tr class=\"validation-error-area\"><td colspan=\"2\"></td><td><div class=\"error\"><img src=\"/static/fd2e7eb0/images/none.gif\" height=\"16\" width=\"1\">Projectset file name is mandatory</div></td><td></td></tr><tr class=\"help-area\"><td></td><td colspan=\"2\"><div class=\"help\">Loading...</div></td><td></td></tr><tr><td class=\"setting-leftspace\">&nbsp;</td><td class=\"setting-name\"></td><td class=\"setting-main\"><div align=\"right\"><span class=\"yui-button yui-push-button repeatable-add show-if-last\" id=\"yui-gen16\"><span class=\"first-child\"><button type=\"button\" tabindex=\"0\" id=\"yui-gen16-button\">Add more modules...</button></span></span><span class=\"yui-button yui-push-button repeatable-delete show-if-not-only\" id=\"yui-gen25\"><span class=\"first-child\"><button type=\"button\" tabindex=\"0\" id=\"yui-gen25-button\">Delete</button></span></span></div></td><td class=\"setting-no-help\"></td></tr><tr class=\"validation-error-area\"><td colspan=\"2\"></td><td></td><td></td></tr></tbody></table></div><div class=\"repeatable-insertion-point\"></div></div></td><td class=\"setting-no-help\"></td></tr><tr class=\"validation-error-area\"><td colspan=\"2\"></td><td></td><td></td></tr><tr><td class=\"setting-leftspace\">&nbsp;</td><td class=\"setting-name\"></td><td class=\"setting-main\"><div align=\"right\"><span class=\"yui-button yui-push-button repeatable-add show-if-last\" id=\"yui-gen17\"><span class=\"first-child\"><button type=\"button\" tabindex=\"0\" id=\"yui-gen17-button\">Add more locations...</button></span></span><span class=\"yui-button yui-push-button repeatable-delete show-if-not-only\" id=\"yui-gen26\"><span class=\"first-child\"><button type=\"button\" tabindex=\"0\" id=\"yui-gen26-button\">Delete</button></span></span></div></td><td class=\"setting-no-help\"></td></tr><tr class=\"validation-error-area\"><td colspan=\"2\"></td><td></td><td></td></tr></tbody></table></div><div class=\"repeatable-insertion-point\"></div></div></td><td class=\"setting-no-help\"></td></tr><tr class=\"validation-error-area\"><td colspan=\"2\"></td><td></td><td></td></tr><tr><td></td><td></td><td><div style=\"\" class=\"advancedLink\"><span style=\"display: none\" id=\"id24\"><img src=\"/static/fd2e7eb0/images/24x24/notepad.png\" tooltip=\"One or more fields in this block have been edited.\" style=\"width: 24px; height: 24px; vertical-align: baseline\" class=\"icon-notepad icon-md\" title=\"One or more fields in this block have been edited.\"></span>&nbsp;<span class=\"yui-button yui-push-button advanced-button advancedButton\" id=\"yui-gen9\"><span class=\"first-child\"><button type=\"button\" tabindex=\"0\" id=\"yui-gen9-button\">Advanced...</button></span></span></div><table class=\"advancedBody\"><tbody><tr><td colspan=\"4\"><div class=\"section-header\"><a id=\"section5\" class=\"section-anchor\">#</a>Advanced Repository Options</div></td></tr><tr><td class=\"setting-leftspace\">&nbsp;</td><td class=\"setting-name\">Repository browser</td><td class=\"setting-main\"><select class=\"setting-input dropdownList\"><option value=\"auto\">(Auto)</option><option value=\"0\">FishEye</option><option value=\"1\">OpenGrok</option><option value=\"2\">ViewCVS</option></select></td><td class=\"setting-help\"><a helpurl=\"/help/scm-browsers/list.html\" href=\"#\" class=\"help-button\" tabindex=\"9999\"><img src=\"/static/fd2e7eb0/images/16x16/help.png\" alt=\"Help for feature: Repository browser\" style=\"width: 16px; height: 16px; \" class=\"icon-help icon-sm\"></a></td></tr><tr class=\"dropdownList-container\"><td colspan=\"2\"></td><td colspan=\"2\"><table width=\"100%\" name=\"repositoryBrowser\"><tbody><tr class=\"dropdownList-start rowvg-start\"></tr><tr class=\"dropdownList-end rowvg-end\"></tr><tr class=\"dropdownList-start rowvg-start\" field-disabled=\"true\" style=\"display: none;\"></tr><tr class=\"render-on-demand \" proxy=\"makeStaplerProxy('/$stapler/bound/04062b24-6e7e-4686-9fc2-a4b53cece068','d9558d1b-578e-4743-a240-8717f9f0c41e',['render'])\" field-disabled=\"true\" style=\"display: none;\"></tr><tr style=\"display: none;\" field-disabled=\"true\"><td><input name=\"stapler-class\" type=\"hidden\" value=\"hudson.scm.browsers.FishEyeCVS\"><input name=\"$class\" type=\"hidden\" value=\"hudson.scm.browsers.FishEyeCVS\"></td></tr><tr class=\"dropdownList-end rowvg-end\"></tr><tr class=\"dropdownList-start rowvg-start\" field-disabled=\"true\" style=\"display: none;\"></tr><tr class=\"render-on-demand \" proxy=\"makeStaplerProxy('/$stapler/bound/8f7f8593-dbd6-4d0e-a93d-d42851ab5c5f','d9558d1b-578e-4743-a240-8717f9f0c41e',['render'])\" field-disabled=\"true\" style=\"display: none;\"></tr><tr style=\"display: none;\" field-disabled=\"true\"><td><input name=\"stapler-class\" type=\"hidden\" value=\"hudson.scm.browsers.OpenGrok\"><input name=\"$class\" type=\"hidden\" value=\"hudson.scm.browsers.OpenGrok\"></td></tr><tr class=\"dropdownList-end rowvg-end\"></tr><tr class=\"dropdownList-start rowvg-start\" field-disabled=\"true\" style=\"display: none;\"></tr><tr class=\"render-on-demand \" proxy=\"makeStaplerProxy('/$stapler/bound/c776ee91-08c4-4065-a5b8-cad857123a08','d9558d1b-578e-4743-a240-8717f9f0c41e',['render'])\" field-disabled=\"true\" style=\"display: none;\"></tr><tr style=\"display: none;\" field-disabled=\"true\"><td><input name=\"stapler-class\" type=\"hidden\" value=\"hudson.scm.browsers.ViewCVS\"><input name=\"$class\" type=\"hidden\" value=\"hudson.scm.browsers.ViewCVS\"></td></tr><tr class=\"dropdownList-end rowvg-end\"></tr></tbody></table></td></tr><tr class=\"help-area\"><td></td><td colspan=\"2\"><div class=\"help\">Loading...</div></td><td></td></tr><tr><td class=\"setting-leftspace\">&nbsp;</td><td class=\"setting-name\">Exclude Regions</td><td class=\"setting-main\"><div class=\"repeated-container\"><div name=\"excludedRegions\" class=\"repeated-chunk first last only\"><table style=\"width:100%\"><tbody><tr><td class=\"setting-leftspace\">&nbsp;</td><td class=\"setting-name\">Pattern</td><td class=\"setting-main\">\n   \n\n  \n  <input checkdependson=\"\" checkurl=\"/job/molecular_voter/descriptorByName/hudson.scm.ExcludedRegion/checkPattern\" name=\"_.pattern\" type=\"text\" class=\"setting-input validated  \" value=\"\"></td><td class=\"setting-no-help\"></td></tr><tr class=\"validation-error-area\"><td colspan=\"2\"></td><td><div></div></td><td></td></tr><tr><td class=\"setting-leftspace\">&nbsp;</td><td class=\"setting-name\"></td><td class=\"setting-main\"><div align=\"right\"><span class=\"yui-button yui-push-button repeatable-add show-if-last\" id=\"yui-gen18\"><span class=\"first-child\"><button type=\"button\" tabindex=\"0\" id=\"yui-gen18-button\">Add more patterns...</button></span></span><span class=\"yui-button yui-push-button repeatable-delete show-if-not-only\" id=\"yui-gen27\"><span class=\"first-child\"><button type=\"button\" tabindex=\"0\" id=\"yui-gen27-button\">Delete</button></span></span></div></td><td class=\"setting-no-help\"></td></tr><tr class=\"validation-error-area\"><td colspan=\"2\"></td><td></td><td></td></tr></tbody></table></div><div class=\"repeatable-insertion-point\"></div></div></td><td class=\"setting-no-help\"></td></tr><tr class=\"validation-error-area\"><td colspan=\"2\"></td><td></td><td></td></tr><tr><td class=\"setting-leftspace\">&nbsp;</td><td class=\"setting-name\">Compression Level</td><td class=\"setting-main\">\n\n   \n  <select fillurl=\"/job/molecular_voter/descriptorByName/hudson.scm.CvsRepository/fillCompressionLevelItems\" name=\"_.compressionLevel\" class=\"setting-input  select \" value=\"\"><option value=\"-1\">System Default</option><option value=\"0\">None</option><option value=\"1\">1</option><option value=\"2\">2</option><option value=\"3\">3 (Recommended)</option><option value=\"4\">4</option><option value=\"5\">5</option><option value=\"6\">6</option><option value=\"7\">7</option><option value=\"8\">8</option><option value=\"9\">9</option></select></td><td class=\"setting-no-help\"></td></tr><tr class=\"validation-error-area\"><td colspan=\"2\"></td><td></td><td></td></tr></tbody></table></td><td></td></tr><tr><td class=\"setting-leftspace\">&nbsp;</td><td class=\"setting-name\"></td><td class=\"setting-main\"><div align=\"right\"><span class=\"yui-button yui-push-button repeatable-add show-if-last\" id=\"yui-gen19\"><span class=\"first-child\"><button type=\"button\" tabindex=\"0\" id=\"yui-gen19-button\">Add more repositories...</button></span></span><span class=\"yui-button yui-push-button repeatable-delete show-if-not-only\" id=\"yui-gen28\"><span class=\"first-child\"><button type=\"button\" tabindex=\"0\" id=\"yui-gen28-button\">Delete</button></span></span></div></td><td class=\"setting-no-help\"></td></tr><tr class=\"validation-error-area\"><td colspan=\"2\"></td><td></td><td></td></tr></tbody></table></div><div class=\"repeatable-insertion-point\"></div></div></td><td class=\"setting-no-help\"></td></tr><tr class=\"validation-error-area\" nameref=\"radio-block-11\" style=\"display: none;\"><td colspan=\"2\"></td><td></td><td></td></tr><tr nameref=\"radio-block-11\" style=\"display: none;\"><td class=\"setting-leftspace\">&nbsp;</td><td class=\"setting-name\">Use Update</td><td class=\"setting-main\"><input name=\"_.canUseUpdate\" checked=\"true\" type=\"checkbox\" class=\" \"></td><td class=\"setting-help\"><a helpurl=\"/descriptor/hudson.scm.CvsProjectset/help/canUseUpdate\" href=\"#\" class=\"help-button\" tabindex=\"9999\"><img src=\"/static/fd2e7eb0/images/16x16/help.png\" alt=\"Help for feature: Use Update\" style=\"width: 16px; height: 16px; \" class=\"icon-help icon-sm\"></a></td></tr><tr class=\"validation-error-area\" nameref=\"radio-block-11\" style=\"display: none;\"><td colspan=\"2\"></td><td></td><td></td></tr><tr class=\"help-area\" nameref=\"radio-block-11\" style=\"display: none;\"><td></td><td colspan=\"2\"><div class=\"help\">Loading...</div></td><td></td></tr><tr nameref=\"radio-block-11\" style=\"display: none;\"><td class=\"setting-leftspace\">&nbsp;</td><td class=\"setting-name\">Username</td><td class=\"setting-main\">\n   \n\n  \n  <input name=\"_.username\" type=\"text\" class=\"setting-input   \" value=\"\"></td><td class=\"setting-help\"><a helpurl=\"/descriptor/hudson.scm.CvsProjectset/help/username\" href=\"#\" class=\"help-button\" tabindex=\"9999\"><img src=\"/static/fd2e7eb0/images/16x16/help.png\" alt=\"Help for feature: Username\" style=\"width: 16px; height: 16px; \" class=\"icon-help icon-sm\"></a></td></tr><tr class=\"validation-error-area\" nameref=\"radio-block-11\" style=\"display: none;\"><td colspan=\"2\"></td><td></td><td></td></tr><tr class=\"help-area\" nameref=\"radio-block-11\" style=\"display: none;\"><td></td><td colspan=\"2\"><div class=\"help\">Loading...</div></td><td></td></tr><tr nameref=\"radio-block-11\" style=\"display: none;\"><td class=\"setting-leftspace\">&nbsp;</td><td class=\"setting-name\">Password</td><td class=\"setting-main\"><input name=\"_.password\" type=\"password\" class=\"setting-input \" value=\"\"></td><td class=\"setting-help\"><a helpurl=\"/descriptor/hudson.scm.CvsProjectset/help/password\" href=\"#\" class=\"help-button\" tabindex=\"9999\"><img src=\"/static/fd2e7eb0/images/16x16/help.png\" alt=\"Help for feature: Password\" style=\"width: 16px; height: 16px; \" class=\"icon-help icon-sm\"></a></td></tr><tr class=\"validation-error-area\" nameref=\"radio-block-11\" style=\"display: none;\"><td colspan=\"2\"></td><td></td><td></td></tr><tr class=\"help-area\" nameref=\"radio-block-11\" style=\"display: none;\"><td></td><td colspan=\"2\"><div class=\"help\">Loading...</div></td><td></td></tr><tr nameref=\"radio-block-11\" style=\"display: none;\"><td class=\"setting-leftspace\">&nbsp;</td><td class=\"setting-name\">Prune Empty Directories</td><td class=\"setting-main\"><input name=\"_.pruneEmptyDirectories\" checked=\"true\" type=\"checkbox\" class=\" \"></td><td class=\"setting-help\"><a helpurl=\"/descriptor/hudson.scm.CvsProjectset/help/pruneEmptyDirectories\" href=\"#\" class=\"help-button\" tabindex=\"9999\"><img src=\"/static/fd2e7eb0/images/16x16/help.png\" alt=\"Help for feature: Prune Empty Directories\" style=\"width: 16px; height: 16px; \" class=\"icon-help icon-sm\"></a></td></tr><tr class=\"validation-error-area\" nameref=\"radio-block-11\" style=\"display: none;\"><td colspan=\"2\"></td><td></td><td></td></tr><tr class=\"help-area\" nameref=\"radio-block-11\" style=\"display: none;\"><td></td><td colspan=\"2\"><div class=\"help\">Loading...</div></td><td></td></tr><tr nameref=\"radio-block-11\" style=\"display: none;\"><td class=\"setting-leftspace\">&nbsp;</td><td class=\"setting-name\">Skip Changelog</td><td class=\"setting-main\"><input name=\"_.skipChangeLog\" type=\"checkbox\" class=\" \"></td><td class=\"setting-help\"><a helpurl=\"/descriptor/hudson.scm.CvsProjectset/help/skipChangeLog\" href=\"#\" class=\"help-button\" tabindex=\"9999\"><img src=\"/static/fd2e7eb0/images/16x16/help.png\" alt=\"Help for feature: Skip Changelog\" style=\"width: 16px; height: 16px; \" class=\"icon-help icon-sm\"></a></td></tr><tr class=\"validation-error-area\" nameref=\"radio-block-11\" style=\"display: none;\"><td colspan=\"2\"></td><td></td><td></td></tr><tr class=\"help-area\" nameref=\"radio-block-11\" style=\"display: none;\"><td></td><td colspan=\"2\"><div class=\"help\">Loading...</div></td><td></td></tr><tr nameref=\"radio-block-11\" style=\"display: none;\"><td class=\"setting-leftspace\">&nbsp;</td><td class=\"setting-name\">Show all CVS output</td><td class=\"setting-main\"><input name=\"_.disableCvsQuiet\" type=\"checkbox\" class=\" \"></td><td class=\"setting-help\"><a helpurl=\"/descriptor/hudson.scm.CvsProjectset/help/disableCvsQuiet\" href=\"#\" class=\"help-button\" tabindex=\"9999\"><img src=\"/static/fd2e7eb0/images/16x16/help.png\" alt=\"Help for feature: Show all CVS output\" style=\"width: 16px; height: 16px; \" class=\"icon-help icon-sm\"></a></td></tr><tr class=\"validation-error-area\" nameref=\"radio-block-11\" style=\"display: none;\"><td colspan=\"2\"></td><td></td><td></td></tr><tr class=\"help-area\" nameref=\"radio-block-11\" style=\"display: none;\"><td></td><td colspan=\"2\"><div class=\"help\">Loading...</div></td><td></td></tr><tr nameref=\"radio-block-11\" style=\"display: none;\"><td class=\"setting-leftspace\">&nbsp;</td><td class=\"setting-name\">Perform clean checkout on failed update</td><td class=\"setting-main\"><input name=\"_.cleanOnFailedUpdate\" type=\"checkbox\" class=\" \"></td><td class=\"setting-help\"><a helpurl=\"/descriptor/hudson.scm.CvsProjectset/help/cleanOnFailedUpdate\" href=\"#\" class=\"help-button\" tabindex=\"9999\"><img src=\"/static/fd2e7eb0/images/16x16/help.png\" alt=\"Help for feature: Perform clean checkout on failed update\" style=\"width: 16px; height: 16px; \" class=\"icon-help icon-sm\"></a></td></tr><tr class=\"validation-error-area\" nameref=\"radio-block-11\" style=\"display: none;\"><td colspan=\"2\"></td><td></td><td></td></tr><tr class=\"help-area\" nameref=\"radio-block-11\" style=\"display: none;\"><td></td><td colspan=\"2\"><div class=\"help\">Loading...</div></td><td></td></tr><tr nameref=\"radio-block-11\" style=\"display: none;\"><td class=\"setting-leftspace\">&nbsp;</td><td class=\"setting-name\">Repository browser</td><td class=\"setting-main\"><select class=\"setting-input dropdownList\"><option value=\"auto\">(Auto)</option><option value=\"0\">Cvs Facade Repository Browser</option><option value=\"1\">FishEye</option><option value=\"2\">OpenGrok</option><option value=\"3\">ViewCVS</option></select></td><td class=\"setting-help\"><a helpurl=\"/help/scm-browsers/list.html\" href=\"#\" class=\"help-button\" tabindex=\"9999\"><img src=\"/static/fd2e7eb0/images/16x16/help.png\" alt=\"Help for feature: Repository browser\" style=\"width: 16px; height: 16px; \" class=\"icon-help icon-sm\"></a></td></tr><tr class=\"dropdownList-container\" nameref=\"radio-block-11\" style=\"display: none;\"><td colspan=\"2\"></td><td colspan=\"2\"><table width=\"100%\" name=\"cvs.browser\"><tbody><tr class=\"dropdownList-start rowvg-start\"></tr><tr class=\"dropdownList-end rowvg-end\"></tr><tr class=\"dropdownList-start rowvg-start\" field-disabled=\"true\" style=\"display: none;\"></tr><tr class=\"render-on-demand \" proxy=\"makeStaplerProxy('/$stapler/bound/e7281308-9c37-4d04-9a1a-6f31237047cb','d9558d1b-578e-4743-a240-8717f9f0c41e',['render'])\" field-disabled=\"true\" style=\"display: none;\"></tr><tr style=\"display: none;\" field-disabled=\"true\"><td><input name=\"stapler-class\" type=\"hidden\" value=\"hudson.scm.browsers.CvsFacadeRepositoryBrowser\"><input name=\"$class\" type=\"hidden\" value=\"hudson.scm.browsers.CvsFacadeRepositoryBrowser\"></td></tr><tr class=\"dropdownList-end rowvg-end\"></tr><tr class=\"dropdownList-start rowvg-start\" field-disabled=\"true\" style=\"display: none;\"></tr><tr class=\"render-on-demand \" proxy=\"makeStaplerProxy('/$stapler/bound/63f29110-9075-41c7-a089-ecbca4f5f17b','d9558d1b-578e-4743-a240-8717f9f0c41e',['render'])\" field-disabled=\"true\" style=\"display: none;\"></tr><tr style=\"display: none;\" field-disabled=\"true\"><td><input name=\"stapler-class\" type=\"hidden\" value=\"hudson.scm.browsers.FishEyeCVS\"><input name=\"$class\" type=\"hidden\" value=\"hudson.scm.browsers.FishEyeCVS\"></td></tr><tr class=\"dropdownList-end rowvg-end\"></tr><tr class=\"dropdownList-start rowvg-start\" field-disabled=\"true\" style=\"display: none;\"></tr><tr class=\"render-on-demand \" proxy=\"makeStaplerProxy('/$stapler/bound/9f72f8ac-3680-4174-9c59-1046cdc63880','d9558d1b-578e-4743-a240-8717f9f0c41e',['render'])\" field-disabled=\"true\" style=\"display: none;\"></tr><tr style=\"display: none;\" field-disabled=\"true\"><td><input name=\"stapler-class\" type=\"hidden\" value=\"hudson.scm.browsers.OpenGrok\"><input name=\"$class\" type=\"hidden\" value=\"hudson.scm.browsers.OpenGrok\"></td></tr><tr class=\"dropdownList-end rowvg-end\"></tr><tr class=\"dropdownList-start rowvg-start\" field-disabled=\"true\" style=\"display: none;\"></tr><tr class=\"render-on-demand \" proxy=\"makeStaplerProxy('/$stapler/bound/86528b1a-2442-4353-8b3d-4c8ba7fca065','d9558d1b-578e-4743-a240-8717f9f0c41e',['render'])\" field-disabled=\"true\" style=\"display: none;\"></tr><tr style=\"display: none;\" field-disabled=\"true\"><td><input name=\"stapler-class\" type=\"hidden\" value=\"hudson.scm.browsers.ViewCVS\"><input name=\"$class\" type=\"hidden\" value=\"hudson.scm.browsers.ViewCVS\"></td></tr><tr class=\"dropdownList-end rowvg-end\"></tr></tbody></table></td></tr><tr class=\"help-area\" nameref=\"radio-block-11\" style=\"display: none;\"><td></td><td colspan=\"2\"><div class=\"help\">Loading...</div></td><td></td></tr><tr style=\"display:none\" class=\"row-set-end radio-block-end\"></tr><tr class=\"radio-block-start row-set-start\" hashelp=\"false\" ref=\"radio-block-12\"><td colspan=\"3\"><label><input name=\"scm\" type=\"radio\" value=\"3\" class=\"radio-block-control\" id=\"radio-block-12\" path=\"/scm[3]\">\n        Subversion\n      </label></td><td class=\"setting-no-help\"></td></tr><tr nameref=\"radio-block-12\" style=\"display: none;\"><td class=\"setting-leftspace\">&nbsp;</td><td class=\"setting-name\">Modules</td><td class=\"setting-main\"><div class=\"repeated-container\"><div name=\"locations\" class=\"repeated-chunk first last only\"><table width=\"100%\"><tbody><tr><td class=\"setting-leftspace\">&nbsp;</td><td class=\"setting-name\">Repository URL</td><td class=\"setting-main\">\n   \n\n  \n  <input checkdependson=\"\" id=\"svn.remote.loc\" checkurl=\"/job/molecular_voter/descriptorByName/hudson.scm.SubversionSCM/checkRemote\" name=\"_.remote\" type=\"text\" class=\"setting-input validated  \" value=\"\"></td><td class=\"setting-help\"><a helpurl=\"/scm/SubversionSCM/url-help\" href=\"#\" class=\"help-button\" tabindex=\"9999\"><img src=\"/static/fd2e7eb0/images/16x16/help.png\" alt=\"Help for feature: Repository URL\" style=\"width: 16px; height: 16px; \" class=\"icon-help icon-sm\"></a></td></tr><tr class=\"validation-error-area\"><td colspan=\"2\"></td><td><div class=\"error\"><img src=\"/static/fd2e7eb0/images/none.gif\" height=\"16\" width=\"1\">Repository URL is required.</div></td><td></td></tr><tr class=\"help-area\"><td></td><td colspan=\"2\"><div class=\"help\">Loading...</div></td><td></td></tr><tr><td class=\"setting-leftspace\">&nbsp;</td><td class=\"setting-name\">Local module directory (optional)</td><td class=\"setting-main\">\n   \n\n  \n  <input checkdependson=\"\" checkurl=\"/job/molecular_voter/descriptorByName/hudson.scm.SubversionSCM/checkLocal\" name=\"_.local\" type=\"text\" class=\"setting-input validated  \" value=\".\"></td><td class=\"setting-help\"><a helpurl=\"/descriptor/hudson.scm.SubversionSCM/help/local\" href=\"#\" class=\"help-button\" tabindex=\"9999\"><img src=\"/static/fd2e7eb0/images/16x16/help.png\" alt=\"Help for feature: Local module directory (optional)\" style=\"width: 16px; height: 16px; \" class=\"icon-help icon-sm\"></a></td></tr><tr class=\"validation-error-area\"><td colspan=\"2\"></td><td><div></div></td><td></td></tr><tr class=\"help-area\"><td></td><td colspan=\"2\"><div class=\"help\">Loading...</div></td><td></td></tr><tr><td class=\"setting-leftspace\">&nbsp;</td><td class=\"setting-name\">Repository depth</td><td class=\"setting-main\"><select name=\"depthOption\"><option value=\"infinity\">infinity</option><option value=\"empty\">empty</option><option value=\"files\">files</option><option value=\"immediates\">immediates</option><option value=\"unknown\">as-it-is</option></select></td><td class=\"setting-help\"><a helpurl=\"/descriptor/hudson.scm.SubversionSCM/help/depthOption\" href=\"#\" class=\"help-button\" tabindex=\"9999\"><img src=\"/static/fd2e7eb0/images/16x16/help.png\" alt=\"Help for feature: Repository depth\" style=\"width: 16px; height: 16px; \" class=\"icon-help icon-sm\"></a></td></tr><tr class=\"validation-error-area\"><td colspan=\"2\"></td><td></td><td></td></tr><tr class=\"help-area\"><td></td><td colspan=\"2\"><div class=\"help\">Loading...</div></td><td></td></tr><tr><td class=\"setting-leftspace\">&nbsp;</td><td class=\"setting-name\">Ignore externals</td><td class=\"setting-main\"><input name=\"_.ignoreExternalsOption\" type=\"checkbox\" class=\" \"></td><td class=\"setting-help\"><a helpurl=\"/descriptor/hudson.scm.SubversionSCM/help/ignoreExternalsOption\" href=\"#\" class=\"help-button\" tabindex=\"9999\"><img src=\"/static/fd2e7eb0/images/16x16/help.png\" alt=\"Help for feature: Ignore externals\" style=\"width: 16px; height: 16px; \" class=\"icon-help icon-sm\"></a></td></tr><tr class=\"validation-error-area\"><td colspan=\"2\"></td><td></td><td></td></tr><tr class=\"help-area\"><td></td><td colspan=\"2\"><div class=\"help\">Loading...</div></td><td></td></tr><tr><td class=\"setting-leftspace\">&nbsp;</td><td class=\"setting-name\"></td><td class=\"setting-main\"><div align=\"right\"><span class=\"yui-button yui-push-button repeatable-add show-if-last\" id=\"yui-gen20\"><span class=\"first-child\"><button type=\"button\" tabindex=\"0\" id=\"yui-gen20-button\">Add more locations...</button></span></span><span class=\"yui-button yui-push-button repeatable-delete show-if-not-only\" id=\"yui-gen29\"><span class=\"first-child\"><button type=\"button\" tabindex=\"0\" id=\"yui-gen29-button\">Delete</button></span></span></div></td><td class=\"setting-no-help\"></td></tr><tr class=\"validation-error-area\"><td colspan=\"2\"></td><td></td><td></td></tr></tbody></table></div><div class=\"repeatable-insertion-point\"></div></div></td><td class=\"setting-no-help\"></td></tr><tr class=\"validation-error-area\" nameref=\"radio-block-12\" style=\"display: none;\"><td colspan=\"2\"></td><td></td><td></td></tr><tr nameref=\"radio-block-12\" style=\"display: none;\"><td class=\"setting-leftspace\">&nbsp;</td><td class=\"setting-name\">Check-out Strategy</td><td class=\"setting-main\"><select class=\"setting-input dropdownList\"><option value=\"0\">Use 'svn update' as much as possible</option><option value=\"1\">Always check out a fresh copy</option><option value=\"2\">Emulate clean checkout by first deleting unversioned/ignored files, then 'svn update'</option><option value=\"3\">Use 'svn update' as much as possible, with 'svn revert' before update</option></select></td><td class=\"setting-no-help\"></td></tr><tr class=\"dropdownList-container\" nameref=\"radio-block-12\" style=\"display: none;\"><td colspan=\"2\"></td><td colspan=\"2\"><table width=\"100%\" name=\"workspaceUpdater\"><tbody><tr class=\"dropdownList-start rowvg-start\"></tr>\n      \n      <tr><td colspan=\"2\"></td><td class=\"setting-description\">Use 'svn update' whenever possible, making the build faster. But this causes the artifacts from the previous build to remain when a new build starts.</td><td></td></tr><tr style=\"\"><td><input name=\"stapler-class\" type=\"hidden\" value=\"hudson.scm.subversion.UpdateUpdater\"><input name=\"$class\" type=\"hidden\" value=\"hudson.scm.subversion.UpdateUpdater\"></td></tr><tr class=\"dropdownList-end rowvg-end\"></tr><tr class=\"dropdownList-start rowvg-start\" field-disabled=\"true\" style=\"display: none;\"></tr><tr class=\"render-on-demand \" proxy=\"makeStaplerProxy('/$stapler/bound/82d2422b-b2e1-449d-b4cd-48dec4b0d92a','d9558d1b-578e-4743-a240-8717f9f0c41e',['render'])\" field-disabled=\"true\" style=\"display: none;\"></tr><tr style=\"display: none;\" field-disabled=\"true\"><td><input name=\"stapler-class\" type=\"hidden\" value=\"hudson.scm.subversion.CheckoutUpdater\"><input name=\"$class\" type=\"hidden\" value=\"hudson.scm.subversion.CheckoutUpdater\"></td></tr><tr class=\"dropdownList-end rowvg-end\"></tr><tr class=\"dropdownList-start rowvg-start\" field-disabled=\"true\" style=\"display: none;\"></tr><tr class=\"render-on-demand \" proxy=\"makeStaplerProxy('/$stapler/bound/7b81285b-14a5-4648-8e1e-fa2d078bcd6a','d9558d1b-578e-4743-a240-8717f9f0c41e',['render'])\" field-disabled=\"true\" style=\"display: none;\"></tr><tr style=\"display: none;\" field-disabled=\"true\"><td><input name=\"stapler-class\" type=\"hidden\" value=\"hudson.scm.subversion.UpdateWithCleanUpdater\"><input name=\"$class\" type=\"hidden\" value=\"hudson.scm.subversion.UpdateWithCleanUpdater\"></td></tr><tr class=\"dropdownList-end rowvg-end\"></tr><tr class=\"dropdownList-start rowvg-start\" field-disabled=\"true\" style=\"display: none;\"></tr><tr class=\"render-on-demand \" proxy=\"makeStaplerProxy('/$stapler/bound/0eb44ccd-b123-4a22-a91a-0995846d3c17','d9558d1b-578e-4743-a240-8717f9f0c41e',['render'])\" field-disabled=\"true\" style=\"display: none;\"></tr><tr style=\"display: none;\" field-disabled=\"true\"><td><input name=\"stapler-class\" type=\"hidden\" value=\"hudson.scm.subversion.UpdateWithRevertUpdater\"><input name=\"$class\" type=\"hidden\" value=\"hudson.scm.subversion.UpdateWithRevertUpdater\"></td></tr><tr class=\"dropdownList-end rowvg-end\"></tr></tbody></table></td></tr><tr nameref=\"radio-block-12\" style=\"display: none;\"><td class=\"setting-leftspace\">&nbsp;</td><td class=\"setting-name\">Repository browser</td><td class=\"setting-main\"><select class=\"setting-input dropdownList\"><option value=\"auto\">(Auto)</option><option value=\"0\">Assembla</option><option value=\"1\">CollabNet</option><option value=\"2\">FishEye</option><option value=\"3\">SVN::Web</option><option value=\"4\">Sventon 1.x</option><option value=\"5\">Sventon 2.x</option><option value=\"6\">ViewSVN</option><option value=\"7\">WebSVN</option></select></td><td class=\"setting-help\"><a helpurl=\"/help/scm-browsers/list.html\" href=\"#\" class=\"help-button\" tabindex=\"9999\"><img src=\"/static/fd2e7eb0/images/16x16/help.png\" alt=\"Help for feature: Repository browser\" style=\"width: 16px; height: 16px; \" class=\"icon-help icon-sm\"></a></td></tr><tr class=\"dropdownList-container\" nameref=\"radio-block-12\" style=\"display: none;\"><td colspan=\"2\"></td><td colspan=\"2\"><table width=\"100%\" name=\"svn.browser\"><tbody><tr class=\"dropdownList-start rowvg-start\"></tr><tr class=\"dropdownList-end rowvg-end\"></tr><tr class=\"dropdownList-start rowvg-start\" field-disabled=\"true\" style=\"display: none;\"></tr><tr class=\"render-on-demand \" proxy=\"makeStaplerProxy('/$stapler/bound/2d0986f1-1410-47d8-912e-500cee1505e8','d9558d1b-578e-4743-a240-8717f9f0c41e',['render'])\" field-disabled=\"true\" style=\"display: none;\"></tr><tr style=\"display: none;\" field-disabled=\"true\"><td><input name=\"stapler-class\" type=\"hidden\" value=\"hudson.scm.browsers.Assembla\"><input name=\"$class\" type=\"hidden\" value=\"hudson.scm.browsers.Assembla\"></td></tr><tr class=\"dropdownList-end rowvg-end\"></tr><tr class=\"dropdownList-start rowvg-start\" field-disabled=\"true\" style=\"display: none;\"></tr><tr class=\"render-on-demand \" proxy=\"makeStaplerProxy('/$stapler/bound/2e3572b9-1336-42f9-ab8f-8f68f1cc3b9f','d9558d1b-578e-4743-a240-8717f9f0c41e',['render'])\" field-disabled=\"true\" style=\"display: none;\"></tr><tr style=\"display: none;\" field-disabled=\"true\"><td><input name=\"stapler-class\" type=\"hidden\" value=\"hudson.scm.browsers.CollabNetSVN\"><input name=\"$class\" type=\"hidden\" value=\"hudson.scm.browsers.CollabNetSVN\"></td></tr><tr class=\"dropdownList-end rowvg-end\"></tr><tr class=\"dropdownList-start rowvg-start\" field-disabled=\"true\" style=\"display: none;\"></tr><tr class=\"render-on-demand \" proxy=\"makeStaplerProxy('/$stapler/bound/0ac55bc8-789d-4f37-9314-10a65e9c2f34','d9558d1b-578e-4743-a240-8717f9f0c41e',['render'])\" field-disabled=\"true\" style=\"display: none;\"></tr><tr style=\"display: none;\" field-disabled=\"true\"><td><input name=\"stapler-class\" type=\"hidden\" value=\"hudson.scm.browsers.FishEyeSVN\"><input name=\"$class\" type=\"hidden\" value=\"hudson.scm.browsers.FishEyeSVN\"></td></tr><tr class=\"dropdownList-end rowvg-end\"></tr><tr class=\"dropdownList-start rowvg-start\" field-disabled=\"true\" style=\"display: none;\"></tr><tr class=\"render-on-demand \" proxy=\"makeStaplerProxy('/$stapler/bound/9e5e149d-a99e-4b89-809a-9fc261090ba8','d9558d1b-578e-4743-a240-8717f9f0c41e',['render'])\" field-disabled=\"true\" style=\"display: none;\"></tr><tr style=\"display: none;\" field-disabled=\"true\"><td><input name=\"stapler-class\" type=\"hidden\" value=\"hudson.scm.browsers.SVNWeb\"><input name=\"$class\" type=\"hidden\" value=\"hudson.scm.browsers.SVNWeb\"></td></tr><tr class=\"dropdownList-end rowvg-end\"></tr><tr class=\"dropdownList-start rowvg-start\" field-disabled=\"true\" style=\"display: none;\"></tr><tr class=\"render-on-demand \" proxy=\"makeStaplerProxy('/$stapler/bound/3a704380-c5fa-4c47-9b42-f515dbb01213','d9558d1b-578e-4743-a240-8717f9f0c41e',['render'])\" field-disabled=\"true\" style=\"display: none;\"></tr><tr style=\"display: none;\" field-disabled=\"true\"><td><input name=\"stapler-class\" type=\"hidden\" value=\"hudson.scm.browsers.Sventon\"><input name=\"$class\" type=\"hidden\" value=\"hudson.scm.browsers.Sventon\"></td></tr><tr class=\"dropdownList-end rowvg-end\"></tr><tr class=\"dropdownList-start rowvg-start\" field-disabled=\"true\" style=\"display: none;\"></tr><tr class=\"render-on-demand \" proxy=\"makeStaplerProxy('/$stapler/bound/b4bc496e-9406-4b19-9f38-009085a20a58','d9558d1b-578e-4743-a240-8717f9f0c41e',['render'])\" field-disabled=\"true\" style=\"display: none;\"></tr><tr style=\"display: none;\" field-disabled=\"true\"><td><input name=\"stapler-class\" type=\"hidden\" value=\"hudson.scm.browsers.Sventon2\"><input name=\"$class\" type=\"hidden\" value=\"hudson.scm.browsers.Sventon2\"></td></tr><tr class=\"dropdownList-end rowvg-end\"></tr><tr class=\"dropdownList-start rowvg-start\" field-disabled=\"true\" style=\"display: none;\"></tr><tr class=\"render-on-demand \" proxy=\"makeStaplerProxy('/$stapler/bound/8681d607-f864-47aa-8ee5-d12dbe381368','d9558d1b-578e-4743-a240-8717f9f0c41e',['render'])\" field-disabled=\"true\" style=\"display: none;\"></tr><tr style=\"display: none;\" field-disabled=\"true\"><td><input name=\"stapler-class\" type=\"hidden\" value=\"hudson.scm.browsers.ViewSVN\"><input name=\"$class\" type=\"hidden\" value=\"hudson.scm.browsers.ViewSVN\"></td></tr><tr class=\"dropdownList-end rowvg-end\"></tr><tr class=\"dropdownList-start rowvg-start\" field-disabled=\"true\" style=\"display: none;\"></tr><tr class=\"render-on-demand \" proxy=\"makeStaplerProxy('/$stapler/bound/9b383386-ec6e-485a-bb0e-af42f654d700','d9558d1b-578e-4743-a240-8717f9f0c41e',['render'])\" field-disabled=\"true\" style=\"display: none;\"></tr><tr style=\"display: none;\" field-disabled=\"true\"><td><input name=\"stapler-class\" type=\"hidden\" value=\"hudson.scm.browsers.WebSVN\"><input name=\"$class\" type=\"hidden\" value=\"hudson.scm.browsers.WebSVN\"></td></tr><tr class=\"dropdownList-end rowvg-end\"></tr></tbody></table></td></tr><tr class=\"help-area\" nameref=\"radio-block-12\" style=\"display: none;\"><td></td><td colspan=\"2\"><div class=\"help\">Loading...</div></td><td></td></tr><tr nameref=\"radio-block-12\" style=\"display: none;\"><td></td><td></td><td><div style=\"\" class=\"advancedLink\"><span style=\"display: none\" id=\"id25\"><img src=\"/static/fd2e7eb0/images/24x24/notepad.png\" tooltip=\"One or more fields in this block have been edited.\" style=\"width: 24px; height: 24px; vertical-align: baseline\" class=\"icon-notepad icon-md\" title=\"One or more fields in this block have been edited.\"></span>&nbsp;<span class=\"yui-button yui-push-button advanced-button advancedButton\" id=\"yui-gen10\"><span class=\"first-child\"><button type=\"button\" tabindex=\"0\" id=\"yui-gen10-button\">Advanced...</button></span></span></div><table class=\"advancedBody\"><tbody><tr><td class=\"setting-leftspace\">&nbsp;</td><td class=\"setting-name\">Ignore Property Changes on directories</td><td class=\"setting-main\"><input name=\"_.ignoreDirPropChanges\" type=\"checkbox\" class=\" \"></td><td class=\"setting-help\"><a helpurl=\"/descriptor/hudson.scm.SubversionSCM/help/ignoreDirPropChanges\" href=\"#\" class=\"help-button\" tabindex=\"9999\"><img src=\"/static/fd2e7eb0/images/16x16/help.png\" alt=\"Help for feature: Ignore Property Changes on directories\" style=\"width: 16px; height: 16px; \" class=\"icon-help icon-sm\"></a></td></tr><tr class=\"validation-error-area\"><td colspan=\"2\"></td><td></td><td></td></tr><tr class=\"help-area\"><td></td><td colspan=\"2\"><div class=\"help\">Loading...</div></td><td></td></tr><tr><td class=\"setting-leftspace\">&nbsp;</td><td class=\"setting-name\">Excluded Regions</td><td class=\"setting-main\"><textarea checkdependson=\"\" name=\"_.excludedRegions\" rows=\"5\" class=\"setting-input validated  \" checkurl=\"/job/molecular_voter/descriptorByName/hudson.scm.SubversionSCM/checkExcludedRegions\"></textarea><div class=\"textarea-handle\"></div></td><td class=\"setting-help\"><a helpurl=\"/descriptor/hudson.scm.SubversionSCM/help/excludedRegions\" href=\"#\" class=\"help-button\" tabindex=\"9999\"><img src=\"/static/fd2e7eb0/images/16x16/help.png\" alt=\"Help for feature: Excluded Regions\" style=\"width: 16px; height: 16px; \" class=\"icon-help icon-sm\"></a></td></tr><tr class=\"validation-error-area\"><td colspan=\"2\"></td><td><div></div></td><td></td></tr><tr class=\"help-area\"><td></td><td colspan=\"2\"><div class=\"help\">Loading...</div></td><td></td></tr><tr><td class=\"setting-leftspace\">&nbsp;</td><td class=\"setting-name\">Included Regions</td><td class=\"setting-main\"><textarea checkdependson=\"\" name=\"_.includedRegions\" rows=\"5\" class=\"setting-input validated  \" checkurl=\"/job/molecular_voter/descriptorByName/hudson.scm.SubversionSCM/checkIncludedRegions\"></textarea><div class=\"textarea-handle\"></div></td><td class=\"setting-help\"><a helpurl=\"/descriptor/hudson.scm.SubversionSCM/help/includedRegions\" href=\"#\" class=\"help-button\" tabindex=\"9999\"><img src=\"/static/fd2e7eb0/images/16x16/help.png\" alt=\"Help for feature: Included Regions\" style=\"width: 16px; height: 16px; \" class=\"icon-help icon-sm\"></a></td></tr><tr class=\"validation-error-area\"><td colspan=\"2\"></td><td><div></div></td><td></td></tr><tr class=\"help-area\"><td></td><td colspan=\"2\"><div class=\"help\">Loading...</div></td><td></td></tr><tr><td class=\"setting-leftspace\">&nbsp;</td><td class=\"setting-name\">Excluded Users</td><td class=\"setting-main\"><textarea checkdependson=\"\" name=\"_.excludedUsers\" rows=\"5\" class=\"setting-input validated  \" checkurl=\"/job/molecular_voter/descriptorByName/hudson.scm.SubversionSCM/checkExcludedUsers\"></textarea><div class=\"textarea-handle\"></div></td><td class=\"setting-help\"><a helpurl=\"/descriptor/hudson.scm.SubversionSCM/help/excludedUsers\" href=\"#\" class=\"help-button\" tabindex=\"9999\"><img src=\"/static/fd2e7eb0/images/16x16/help.png\" alt=\"Help for feature: Excluded Users\" style=\"width: 16px; height: 16px; \" class=\"icon-help icon-sm\"></a></td></tr><tr class=\"validation-error-area\"><td colspan=\"2\"></td><td><div></div></td><td></td></tr><tr class=\"help-area\"><td></td><td colspan=\"2\"><div class=\"help\">Loading...</div></td><td></td></tr><tr><td class=\"setting-leftspace\">&nbsp;</td><td class=\"setting-name\">Excluded Commit Messages</td><td class=\"setting-main\"><textarea checkdependson=\"\" name=\"_.excludedCommitMessages\" rows=\"5\" class=\"setting-input validated  \" checkurl=\"/job/molecular_voter/descriptorByName/hudson.scm.SubversionSCM/checkExcludedCommitMessages\"></textarea><div class=\"textarea-handle\"></div></td><td class=\"setting-help\"><a helpurl=\"/descriptor/hudson.scm.SubversionSCM/help/excludedCommitMessages\" href=\"#\" class=\"help-button\" tabindex=\"9999\"><img src=\"/static/fd2e7eb0/images/16x16/help.png\" alt=\"Help for feature: Excluded Commit Messages\" style=\"width: 16px; height: 16px; \" class=\"icon-help icon-sm\"></a></td></tr><tr class=\"validation-error-area\"><td colspan=\"2\"></td><td><div></div></td><td></td></tr><tr class=\"help-area\"><td></td><td colspan=\"2\"><div class=\"help\">Loading...</div></td><td></td></tr><tr><td class=\"setting-leftspace\">&nbsp;</td><td class=\"setting-name\">Exclusion revprop name</td><td class=\"setting-main\">\n   \n\n  \n  <input checkurl=\"'descriptorByName/hudson.scm.SubversionSCM/checkRevisionPropertiesSupported?value='+toValue(document.getElementById('svn.remote.loc'))\" name=\"_.excludedRevprop\" type=\"text\" class=\"setting-input validated  \" value=\"\"></td><td class=\"setting-help\"><a helpurl=\"/descriptor/hudson.scm.SubversionSCM/help/excludedRevprop\" href=\"#\" class=\"help-button\" tabindex=\"9999\"><img src=\"/static/fd2e7eb0/images/16x16/help.png\" alt=\"Help for feature: Exclusion revprop name\" style=\"width: 16px; height: 16px; \" class=\"icon-help icon-sm\"></a></td></tr><tr class=\"validation-error-area\"><td colspan=\"2\"></td><td><div></div></td><td></td></tr><tr class=\"help-area\"><td></td><td colspan=\"2\"><div class=\"help\">Loading...</div></td><td></td></tr><tr><td class=\"setting-leftspace\">&nbsp;</td><td class=\"setting-name\">Filter changelog</td><td class=\"setting-main\"><input name=\"_.filterChangelog\" type=\"checkbox\" class=\" \"></td><td class=\"setting-help\"><a helpurl=\"/descriptor/hudson.scm.SubversionSCM/help/filterChangelog\" href=\"#\" class=\"help-button\" tabindex=\"9999\"><img src=\"/static/fd2e7eb0/images/16x16/help.png\" alt=\"Help for feature: Filter changelog\" style=\"width: 16px; height: 16px; \" class=\"icon-help icon-sm\"></a></td></tr><tr class=\"validation-error-area\"><td colspan=\"2\"></td><td></td><td></td></tr><tr class=\"help-area\"><td></td><td colspan=\"2\"><div class=\"help\">Loading...</div></td><td></td></tr></tbody></table></td><td></td></tr><tr style=\"display:none\" class=\"row-set-end radio-block-end\"></tr><tr><td colspan=\"4\"><div class=\"section-header\"><a id=\"section6\" class=\"section-anchor\">#</a>Build Triggers</div></td></tr><tr class=\"optional-block-start row-set-start\" hashelp=\"true\" ref=\"cb27\"><td colspan=\"3\"><input onclick=\"javascript:updateOptionalBlock(this,true)\" name=\"jenkins-triggers-ReverseBuildTrigger\" type=\"checkbox\" class=\" \" id=\"cb27\" path=\"/jenkins-triggers-ReverseBuildTrigger\"><label class=\"attach-previous\">Build after other projects are built</label></td><td class=\"setting-help\"><a helpurl=\"/descriptor/jenkins.triggers.ReverseBuildTrigger/help\" href=\"#\" class=\"help-button\" tabindex=\"9999\"><img src=\"/static/fd2e7eb0/images/16x16/help.png\" alt=\"Help for feature: Build after other projects are built\" style=\"width: 16px; height: 16px; \" class=\"icon-help icon-sm\"></a></td></tr><tr class=\"help-area\" nameref=\"cb27\"><td></td><td colspan=\"2\"><div class=\"help\">Loading...</div></td><td></td></tr><tr class=\"rowvg-start\" nameref=\"cb27\" style=\"display: none;\"></tr><tr nameref=\"cb27\" style=\"display: none;\"><td class=\"setting-leftspace\">&nbsp;</td><td class=\"setting-name\">Projects to watch</td><td class=\"setting-main\">\n   \n\n  \n  <input checkdependson=\"\" autocompleteurl=\"/job/molecular_voter/descriptorByName/jenkins.triggers.ReverseBuildTrigger/autoCompleteUpstreamProjects\" checkurl=\"/job/molecular_voter/descriptorByName/jenkins.triggers.ReverseBuildTrigger/checkUpstreamProjects\" autocompletedelimchar=\",\" name=\"_.upstreamProjects\" type=\"text\" class=\"setting-input validated auto-complete  yui-ac-input\" value=\"\" autocomplete=\"off\" style=\"position: relative;\"><div class=\"yui-ac-container\"><div class=\"yui-ac-content\" style=\"display: none;\"><div class=\"yui-ac-hd\" style=\"display: none;\"></div><div class=\"yui-ac-bd\"><ul><li style=\"display: none;\"></li><li style=\"display: none;\"></li><li style=\"display: none;\"></li><li style=\"display: none;\"></li><li style=\"display: none;\"></li><li style=\"display: none;\"></li><li style=\"display: none;\"></li><li style=\"display: none;\"></li><li style=\"display: none;\"></li><li style=\"display: none;\"></li></ul></div><div class=\"yui-ac-ft\" style=\"display: none;\"></div></div></div></td><td class=\"setting-no-help\"></td></tr><tr class=\"validation-error-area\" nameref=\"cb27\" style=\"display: none;\"><td colspan=\"2\"></td><td><div class=\"error\"><img src=\"/static/fd2e7eb0/images/none.gif\" height=\"16\" width=\"1\">No project specified</div></td><td></td></tr><tr nameref=\"cb27\" style=\"display: none;\"><td class=\"setting-leftspace\">&nbsp;</td><td class=\"setting-name\"></td><td class=\"setting-main\"><input name=\"ReverseBuildTrigger.threshold\" checked=\"true\" type=\"radio\" value=\"SUCCESS\"><label class=\"attach-previous\">Trigger only if build is stable</label></td><td class=\"setting-no-help\"></td></tr><tr class=\"validation-error-area\" nameref=\"cb27\" style=\"display: none;\"><td colspan=\"2\"></td><td></td><td></td></tr><tr nameref=\"cb27\" style=\"display: none;\"><td class=\"setting-leftspace\">&nbsp;</td><td class=\"setting-name\"></td><td class=\"setting-main\"><input name=\"ReverseBuildTrigger.threshold\" type=\"radio\" value=\"UNSTABLE\"><label class=\"attach-previous\">Trigger even if the build is unstable</label></td><td class=\"setting-no-help\"></td></tr><tr class=\"validation-error-area\" nameref=\"cb27\" style=\"display: none;\"><td colspan=\"2\"></td><td></td><td></td></tr><tr nameref=\"cb27\" style=\"display: none;\"><td class=\"setting-leftspace\">&nbsp;</td><td class=\"setting-name\"></td><td class=\"setting-main\"><input name=\"ReverseBuildTrigger.threshold\" type=\"radio\" value=\"FAILURE\"><label class=\"attach-previous\">Trigger even if the build fails</label></td><td class=\"setting-no-help\"></td></tr><tr class=\"validation-error-area\" nameref=\"cb27\" style=\"display: none;\"><td colspan=\"2\"></td><td></td><td></td></tr><tr class=\"row-set-end rowvg-end optional-block-end\"></tr><tr class=\"optional-block-start row-set-start\" hashelp=\"true\" ref=\"cb28\"><td colspan=\"3\"><input onclick=\"javascript:updateOptionalBlock(this,true)\" name=\"hudson-triggers-TimerTrigger\" type=\"checkbox\" class=\" \" id=\"cb28\" path=\"/hudson-triggers-TimerTrigger\"><label class=\"attach-previous\">Build periodically</label></td><td class=\"setting-help\"><a helpurl=\"/descriptor/hudson.triggers.TimerTrigger/help\" href=\"#\" class=\"help-button\" tabindex=\"9999\"><img src=\"/static/fd2e7eb0/images/16x16/help.png\" alt=\"Help for feature: Build periodically\" style=\"width: 16px; height: 16px; \" class=\"icon-help icon-sm\"></a></td></tr><tr class=\"help-area\" nameref=\"cb28\"><td></td><td colspan=\"2\"><div class=\"help\">Loading...</div></td><td></td></tr><tr class=\"rowvg-start\" nameref=\"cb28\" style=\"display: none;\"></tr><tr nameref=\"cb28\" style=\"display: none;\"><td class=\"setting-leftspace\">&nbsp;</td><td class=\"setting-name\">Schedule</td><td class=\"setting-main\"><textarea checkdependson=\"\" name=\"_.spec\" rows=\"5\" class=\"setting-input validated  \" checkurl=\"/job/molecular_voter/descriptorByName/hudson.triggers.TimerTrigger/checkSpec\"></textarea><div class=\"textarea-handle\"></div></td><td class=\"setting-help\"><a helpurl=\"/descriptor/hudson.triggers.TimerTrigger/help/spec\" href=\"#\" class=\"help-button\" tabindex=\"9999\"><img src=\"/static/fd2e7eb0/images/16x16/help.png\" alt=\"Help for feature: Schedule\" style=\"width: 16px; height: 16px; \" class=\"icon-help icon-sm\"></a></td></tr><tr class=\"validation-error-area\" nameref=\"cb28\" style=\"display: none;\"><td colspan=\"2\"></td><td><div class=\"warning\"><img src=\"/static/fd2e7eb0/images/none.gif\" height=\"16\" width=\"1\">No schedules so will never run</div></td><td></td></tr><tr class=\"help-area\" nameref=\"cb28\" style=\"display: none;\"><td></td><td colspan=\"2\"><div class=\"help\">Loading...</div></td><td></td></tr><tr class=\"row-set-end rowvg-end optional-block-end\"></tr><tr class=\"optional-block-start row-set-start\" hashelp=\"true\" ref=\"cb29\"><td colspan=\"3\"><input onclick=\"javascript:updateOptionalBlock(this,true)\" name=\"hudson-triggers-SCMTrigger\" type=\"checkbox\" class=\" \" id=\"cb29\" path=\"/hudson-triggers-SCMTrigger\"><label class=\"attach-previous\">Poll SCM</label></td><td class=\"setting-help\"><a helpurl=\"/descriptor/hudson.triggers.SCMTrigger/help\" href=\"#\" class=\"help-button\" tabindex=\"9999\"><img src=\"/static/fd2e7eb0/images/16x16/help.png\" alt=\"Help for feature: Poll SCM\" style=\"width: 16px; height: 16px; \" class=\"icon-help icon-sm\"></a></td></tr><tr class=\"help-area\" nameref=\"cb29\"><td></td><td colspan=\"2\"><div class=\"help\">Loading...</div></td><td></td></tr><tr class=\"rowvg-start\" nameref=\"cb29\" style=\"display: none;\"></tr><tr nameref=\"cb29\" style=\"display: none;\"><td class=\"setting-leftspace\">&nbsp;</td><td class=\"setting-name\">Schedule</td><td class=\"setting-main\"><textarea name=\"scmpoll_spec\" rows=\"5\" class=\"setting-input validated  \" checkurl=\"'/trigger/TimerTrigger/check?value='+encodeURIComponent(this.value)\"></textarea><div class=\"textarea-handle\"></div></td><td class=\"setting-help\"><a helpurl=\"/descriptor/hudson.triggers.TimerTrigger/help/spec\" href=\"#\" class=\"help-button\" tabindex=\"9999\"><img src=\"/static/fd2e7eb0/images/16x16/help.png\" alt=\"Help for feature: Schedule\" style=\"width: 16px; height: 16px; \" class=\"icon-help icon-sm\"></a></td></tr><tr class=\"validation-error-area\" nameref=\"cb29\" style=\"display: none;\"><td colspan=\"2\"></td><td><div class=\"warning\"><img src=\"/static/fd2e7eb0/images/none.gif\" height=\"16\" width=\"1\">No schedules so will never run</div></td><td></td></tr><tr class=\"help-area\" nameref=\"cb29\" style=\"display: none;\"><td></td><td colspan=\"2\"><div class=\"help\">Loading...</div></td><td></td></tr><tr nameref=\"cb29\" style=\"display: none;\"><td class=\"setting-leftspace\">&nbsp;</td><td class=\"setting-name\">Ignore post-commit hooks</td><td class=\"setting-main\"><input name=\"_.ignorePostCommitHooks\" type=\"checkbox\" class=\" \"></td><td class=\"setting-help\"><a helpurl=\"/descriptor/hudson.triggers.SCMTrigger/help/ignorePostCommitHooks\" href=\"#\" class=\"help-button\" tabindex=\"9999\"><img src=\"/static/fd2e7eb0/images/16x16/help.png\" alt=\"Help for feature: Ignore post-commit hooks\" style=\"width: 16px; height: 16px; \" class=\"icon-help icon-sm\"></a></td></tr><tr class=\"validation-error-area\" nameref=\"cb29\" style=\"display: none;\"><td colspan=\"2\"></td><td></td><td></td></tr><tr class=\"help-area\" nameref=\"cb29\" style=\"display: none;\"><td></td><td colspan=\"2\"><div class=\"help\">Loading...</div></td><td></td></tr><tr class=\"row-set-end rowvg-end optional-block-end\"></tr><tr><td colspan=\"4\"><div class=\"section-header\"><a id=\"section7\" class=\"section-anchor\">#</a>Build</div></td></tr><tr><td colspan=\"4\"><div class=\"hetero-list-container with-drag-drop  \"><div class=\"repeatable-insertion-point\"></div><div><span class=\"yui-button yui-menu-button\" id=\"yui-gen3\"><span class=\"first-child\"><button type=\"button\" tabindex=\"0\" id=\"yui-gen3-button\" class=\"hetero-list-add\" suffix=\"builder\" path=\"/hetero-list-add[builder]\">Add build step</button></span></span></div></div></td></tr><tr><td colspan=\"4\"><div class=\"section-header\"><a id=\"section8\" class=\"section-anchor\">#</a>Post-build Actions</div></td></tr><tr><td colspan=\"4\"><div class=\"hetero-list-container with-drag-drop one-each honor-order\"><div class=\"repeatable-insertion-point\"></div><div><span class=\"yui-button yui-menu-button\" id=\"yui-gen5\"><span class=\"first-child\"><button type=\"button\" tabindex=\"0\" id=\"yui-gen5-button\" class=\"hetero-list-add\" suffix=\"publisher\" path=\"/hetero-list-add[publisher]\">Add post-build action</button></span></span></div></div></td></tr><tr><td colspan=\"4\"><div style=\"height: 74px;\"></div><div id=\"bottom-sticker\" style=\"position: fixed; bottom: 0px; left: 338px;\"><div class=\"bottom-sticker-edge\"></div><div class=\"bottom-sticker-inner\"><span class=\"yui-button yui-submit-button submit-button primary\" id=\"yui-gen30\" name=\"Submit\" path=\"/Submit\"><span class=\"first-child\"><button type=\"button\" tabindex=\"0\" id=\"yui-gen30-button\">Save</button></span></span><script src=\"/adjuncts/fd2e7eb0/lib/form/apply/apply.js\" type=\"text/javascript\"></script><input type=\"hidden\" name=\"core:apply\" value=\"\" path=\"/core:apply\"><span class=\"yui-button yui-push-button apply-button applyButton\" id=\"yui-gen11\" name=\"Apply\" path=\"/Apply\"><span class=\"first-child\"><button type=\"button\" tabindex=\"0\" id=\"yui-gen11-button\" path=\"/Apply/apply-button\">Apply</button></span></span></div></div></td></tr></tbody></table><div><input type=\"hidden\" name=\"json\" value=\"init\"></div></form><script src=\"/adjuncts/fd2e7eb0/lib/form/confirm.js\" type=\"text/javascript\"></script></div></div><footer><div class=\"container-fluid\"><div class=\"row\"><div class=\"col-md-6\" id=\"footer\"><div id=\"l10n-footer\" style=\"display: block; float: left;\"><a href=\"#\" onclick=\"return showTranslationDialog();\"><img src=\"/static/fd2e7eb0/plugin/translation/flags.png\">\n      Help us localize this page\n    </a></div></div><div class=\"col-md-18\"><span class=\"page_generated\">Page generated: Oct 16, 2015 6:52:01 PM</span><span class=\"rest_api\"><a href=\"api/\">REST API</a></span><span class=\"jenkins_ver\"><a href=\"http://jenkins-ci.org/\">Jenkins ver. 1.630</a></span><div id=\"l10n-dialog\" class=\"dialog\"></div><script>var footer = document.getElementById('l10n-footer');\n    var f = document.getElementById('footer');\n    f.insertBefore(footer,f.firstChild);\n    footer.style.display=\"block\";\n\n    var translation={}; \n    translation.bundles = \"QTkugUH5uYWoYywFbBfMfCsRFi38hcOZUIpeBe4d7HdOLY0wUxSG32DLLhieIpE3qvYYvmp1Hco5pBCdqzg9rRoou59cwwc1aSHemafXC52w8UqkHpCjwF6DjNmSDAKHd8gJzMtm9lxvoCKfn8peHaxvhT6x2Cz4CJBHIKVsuUTc/lPZ508fvZP12W3pTF3blcFe6o/tuWZSQCS7LCHoWh/x5oDH38AWAXVv2iKvjC633AmMcKJVOxk0p9ujcnwj3EHvif4o3A8afcNKvRrcgoGCvJHT9evOnjIoLHQxKLxBO0AJtQ/wKKdTU9lzl+wGEXpR5nz+0txAdzG4QWHrYLCT/d3R4wvKCW9BzhWSc1MQHqBC9Ls0InQ7tpVwOxkqKoL6zHhD9rGUY1fabSctVxgCADJVGppvTNO91hEPwXlb9X6k3peRb4LSQ7sVzo7pxuVSzYzPvwg9OzZAwFjLiopDVdqhaP1MWecc8pi+hWpGy9JHsl6INtq7kdvkp9boKi85M/L5J0iM57r8PhZD1MB1YToiAlJgcazT1n754SgQjRDqMyGx0JJ3/DOi/OE567IjIhSzai+1b0v5aIzZdi/sZL0ZHndpGq/j/8HjofSRjdrfkVfTFJXjxHrxvujNIo6R22dpiP06yOmogUQrVm2XpGbTMneh8sKsdOFZ/8SscOzbwVTwgGCznmNuj4aZtoCeGFT9uNGM90QWjZRGc1kzF9ETUPTciWLy2VasX0jKE3P1r2xql4s5z0s0U3tP7///ElBARtru5EfNTzAqu6FUwcnNgT7lYir5cI4ATo2QngODTOJSuP+yufST5CdoNBLdZWlbcxMEWYp93HLrHdqDm3N/M7t0p/+sJTr+cxgJCJR/hM3H+ZHeHxuGMZ6/JprkqTtgygvRjKKo5wZg4ZwnV8YOdUM4XRvcQGIPL7b8xD3dbmh9HluZdkek3YTO0sCXNABtn+yS/Z0lQINnCAfZjJU2XYoO1k35omNFyYjGO2mO+FX7+Dxnk3NfVJTnNPsy7h0jQA3ubmO10/WxfpLAqTlKVpoDTRfk8xeVgO6KbQdDTte7/kpwx4+z8CV1kdHgRzZBMZdemdWs5D87r9wD3EZLkWh2aGCjOhCUSO57Md796M4MP7IAQC3FIQlxlr4CLKDRKWC4hWo7eSm7wV4YGYsyAZSiRGSYJyY4AY+i1AGCxG2RGL/kWYqm1w2trwZItsV82elNXXky+uFj5ao/vDaJCNQ0qabLOsROFMhP1mDcmLQgOgQ1fL23jCFSFpA2+odavFZtvoRX8cYf8Nm9weP3c8kDiQUnTiwexi6JypgBrrcdu9GlEjo/nhwcQvpviyWhMpLPSselUS5kBW98gnSoz361636Z3jKUVfKyRoSmCIFgfCSMD6KpBhoSCEQxvG+K6eT2RPAfDD3qT0e/Ss+DPkf7Z6UVfWgACeoWsw1MPYlwYurSxsLD9QadoG8IDIgPL0IgNM5j3PdT4GXH7CfENIZqJcz22F33umZfp/UZVBcPNw+V3TxTsdtaLblYciyg5f9S1eH7GeqnEyDMPzKW/krRFzRwjlLFt6lNc6fOcypXLkiUfafHH8vvMxdBkDpzgUQGCXMYlsgmlpI9pgkl0pngQ2miH5cLEd2j3mMe6xtP/YkXwn/tCL0+ot67xOsDObjBErgCD5M42EKJU9q7YI0REPEV7NB0gsCRjS8ODGVA9pOdrBEIjokD8w3afH9v52ysnxN0Yz3RG3ciljXICeNKFVtTOrerioj23yO9UBwXMpYDM9ei6sQQYbBHTotiea+0mmGEv1bQUezleukPlQHab9X8KaRuJDj0DaLPA5Bzjl/5bweq05KpeizQqzgKZAU15cPLCwnz1R8MWxk63ZfzZoyhcYiqraCpg2mQ+rfQmK/6VpgELmlWKmEhZ7JXZjQLGWE1LKoBNDuVbWfPjIW5MENwL3D5fozNfUV0egmv4eNRwWxPeWUSf15YwKNmdDWhx8k+Xv9AM36uVKeK4FaAvfcDKMD5e8lmae8+ELZVFZQJSN0kC+n2CMLlRC6Nh1s+vqGyxvsLKgs6YgeqCqltbLqO33Nbc58s/RlUha0BF6l+jpROeBFQ7MeHIp4PoLAsR0jcRSjprWcCGpZjkjrcM+22Alr19DPtuXmeHLaM8aPHCG2gX0CFk2kw8ApX0f04b76U3HgcZw+Iq77UQTTVbIVjhpMPiLiMQxoVwGMt7YGzA50aqeb52+GaUtyKognQkC84k11JP7jNJdB+pdGu3biMQZPm+ffC2rKJTLtX/bAmG57vK305tQv2ZQEw9LNTSZb/6u43a95nSl1SN0UULql5abvXznn2yr8TNY63fL6+0It0nnsI8hMEYhswPw3/MZ27kBPLGACJk8KACtFSNfHn6pywVbYL0ns8c2RBxbGEGBb3n9vNMMjPq5XL3+7L8rKn67icbu57Kx32FwBpESAyG4ROhNoeQX/h+vjSbZEbKmUfETKF\";\n    translation.detectedLocale = \"\";\n\n    function showTranslationDialog() {\n      if(!translation.launchDialog)\n        loadScript(\"/static/fd2e7eb0/plugin/translation/dialog.js\");\n      else\n        translation.launchDialog();\n      return false; \n    }</script><script src=\"/static/fd2e7eb0/plugin/form-element-path/script.js\"></script></div></div></div></footer></body></html>\nFor documentation on this error, please visit: http://seleniumhq.org/exceptions/no_such_element.html\nBuild info: version: '2.47.1', revision: 'unknown', time: '2015-07-30 11:02:44'\nSystem info: host: 'MacBook-Pro-2.home', ip: '192.168.1.6', os.name: 'Mac OS X', os.arch: 'x86_64', os.version: '10.10.5', java.version: '1.8.0_60'\nDriver info: driver.version: unknown",
      "stack-trace" : "org.openqa.selenium.NoSuchElementException: Unable to locate By.xpath: .//INPUT[@type='radio'][@value='hudson.slaves.DumbSlave'] in http://127.0.0.1:58552/job/molecular_voter/configure\n\n<!DOCTYPE html><html><head resurl=\"/static/fd2e7eb0\">\n    \n\n    <title>molecular_voter Config [Jenkins]</title><link rel=\"stylesheet\" href=\"/static/fd2e7eb0/css/style.css\" type=\"text/css\"><link rel=\"stylesheet\" href=\"/static/fd2e7eb0/css/color.css\" type=\"text/css\"><link rel=\"stylesheet\" href=\"/static/fd2e7eb0/css/responsive-grid.css\" type=\"text/css\"><link rel=\"shortcut icon\" href=\"/static/fd2e7eb0/favicon.ico\" type=\"image/vnd.microsoft.icon\"><script>var isRunAsTest=false; var rootURL=\"\"; var resURL=\"/static/fd2e7eb0\";</script><script src=\"/static/fd2e7eb0/scripts/prototype.js\" type=\"text/javascript\"></script><script src=\"/static/fd2e7eb0/scripts/behavior.js\" type=\"text/javascript\"></script><script src=\"/adjuncts/fd2e7eb0/org/kohsuke/stapler/bind.js\" type=\"text/javascript\"></script><script src=\"/static/fd2e7eb0/scripts/yui/yahoo/yahoo-min.js\"></script><script src=\"/static/fd2e7eb0/scripts/yui/dom/dom-min.js\"></script><script src=\"/static/fd2e7eb0/scripts/yui/event/event-min.js\"></script><script src=\"/static/fd2e7eb0/scripts/yui/animation/animation-min.js\"></script><script src=\"/static/fd2e7eb0/scripts/yui/dragdrop/dragdrop-min.js\"></script><script src=\"/static/fd2e7eb0/scripts/yui/container/container-min.js\"></script><script src=\"/static/fd2e7eb0/scripts/yui/connection/connection-min.js\"></script><script src=\"/static/fd2e7eb0/scripts/yui/datasource/datasource-min.js\"></script><script src=\"/static/fd2e7eb0/scripts/yui/autocomplete/autocomplete-min.js\"></script><script src=\"/static/fd2e7eb0/scripts/yui/menu/menu-min.js\"></script><script src=\"/static/fd2e7eb0/scripts/yui/element/element-min.js\"></script><script src=\"/static/fd2e7eb0/scripts/yui/button/button-min.js\"></script><script src=\"/static/fd2e7eb0/scripts/yui/storage/storage-min.js\"></script><script src=\"/static/fd2e7eb0/scripts/hudson-behavior.js\" type=\"text/javascript\"></script><script src=\"/static/fd2e7eb0/scripts/sortable.js\" type=\"text/javascript\"></script><script>crumb.init(\"\", \"\");</script><link rel=\"stylesheet\" href=\"/static/fd2e7eb0/scripts/yui/container/assets/container.css\" type=\"text/css\"><link rel=\"stylesheet\" href=\"/static/fd2e7eb0/scripts/yui/assets/skins/sam/skin.css\" type=\"text/css\"><link rel=\"stylesheet\" href=\"/static/fd2e7eb0/scripts/yui/container/assets/skins/sam/container.css\" type=\"text/css\"><link rel=\"stylesheet\" href=\"/static/fd2e7eb0/scripts/yui/button/assets/skins/sam/button.css\" type=\"text/css\"><link rel=\"stylesheet\" href=\"/static/fd2e7eb0/scripts/yui/menu/assets/skins/sam/menu.css\" type=\"text/css\"><link rel=\"search\" href=\"/opensearch.xml\" type=\"application/opensearchdescription+xml\" title=\"Jenkins\"><meta name=\"ROBOTS\" content=\"INDEX,NOFOLLOW\"><link rel=\"alternate\" href=\"rssAll\" title=\"Jenkins:molecular_voter (all builds)\" type=\"application/rss+xml\"><link rel=\"alternate\" href=\"rssAll?flavor=rss20\" title=\"Jenkins:molecular_voter (all builds) (RSS 2.0)\" type=\"application/rss+xml\"><link rel=\"alternate\" href=\"rssFailed\" title=\"Jenkins:molecular_voter (failed builds)\" type=\"application/rss+xml\"><link rel=\"alternate\" href=\"rssFailed?flavor=rss20\" title=\"Jenkins:molecular_voter (failed builds) (RSS 2.0)\" type=\"application/rss+xml\"><link rel=\"alternate\" href=\"rssChangelog\" title=\"Jenkins:molecular_voter (changelog)\" type=\"application/rss+xml\"><link rel=\"alternate\" href=\"rssChangelog?flavor=rss20\" title=\"Jenkins:molecular_voter (changelog) (RSS 2.0)\" type=\"application/rss+xml\"><link rel=\"stylesheet\" href=\"/adjuncts/fd2e7eb0/lib/form/breadcrumb-config-outline/init.css\" type=\"text/css\"><script src=\"/adjuncts/fd2e7eb0/lib/form/breadcrumb-config-outline/init.js\" type=\"text/javascript\"></script><script src=\"/static/fd2e7eb0/scripts/yui/cookie/cookie-min.js\"></script></head><body data-model-type=\"hudson.model.FreeStyleProject\" id=\"jenkins\" class=\"yui-skin-sam jenkins-1.630\" data-version=\"jenkins-1.630\"><div id=\"tt\" class=\"yui-module yui-overlay yui-tt yui-overlay-hidden\" style=\"z-index: 999; visibility: hidden;\"><div class=\"bd\"></div></div><div class=\"yui-panel-container shadow yui-overlay-hidden\" id=\"wait14_c\" style=\"visibility: hidden; left: 486px; top: 360px; z-index: 4;\"><div id=\"wait14\" class=\"yui-module yui-overlay yui-panel\" style=\"visibility: inherit;\"><a class=\"container-close\" href=\"#\">Close</a><div class=\"hd\" id=\"wait14_h\" style=\"cursor: move;\">Error</div><div class=\"bd\"><div id=\"container13\"></div></div></div></div><iframe id=\"_yuiResizeMonitor\" title=\"Text Resize Monitor\" tabindex=\"-1\" role=\"presentation\" style=\"position: absolute; visibility: visible; background-color: transparent; border-width: 0px; width: 2em; height: 2em; left: 0px; top: -27px;\"></iframe><a href=\"#skip2content\" class=\"skiplink\">Skip to content</a><div id=\"page-head\"><div id=\"header\"><div class=\"logo\"><a id=\"jenkins-home-link\" href=\"/\"><img src=\"/static/fd2e7eb0/images/headshot.png\" alt=\"title\" id=\"jenkins-head-icon\"><img src=\"/static/fd2e7eb0/images/title.png\" alt=\"title\" width=\"139\" id=\"jenkins-name-icon\" height=\"34\"></a></div><div class=\"login\"></div><div class=\"searchbox hidden-xs\"><form method=\"get\" name=\"search\" action=\"/job/molecular_voter/search/\" style=\"position:relative;\" class=\"no-json\" path=\"\"><div id=\"search-box-minWidth\" style=\"font-family: Helvetica, Arial, sans-serif; font-size: 13px; font-style: normal; font-weight: normal;\"></div><div id=\"search-box-sizer\" style=\"font-family: Helvetica, Arial, sans-serif; font-size: 13px; font-style: normal; font-weight: normal;\"></div><div id=\"searchform\" class=\"yui-ac\"><input name=\"q\" placeholder=\"search\" id=\"search-box\" class=\"has-default-text yui-ac-input defaulted\" autocomplete=\"off\" style=\"width: 255px;\" path=\"/q\">&nbsp;<a href=\"http://wiki.jenkins-ci.org/display/JENKINS/Search+Box\"><img src=\"/static/fd2e7eb0/images/16x16/help.png\" style=\"width: 16px; height: 16px; \" class=\"icon-help icon-sm\"></a><div id=\"search-box-completion\" class=\"yui-ac-container\" style=\"width: 255px; left: 0px; top: 26px;\"><div class=\"yui-ac-content\" style=\"display: none; width: 255px;\"><div class=\"yui-ac-hd\" style=\"display: none;\"></div><div class=\"yui-ac-bd\"><ul><li style=\"display: none;\"></li><li style=\"display: none;\"></li><li style=\"display: none;\"></li><li style=\"display: none;\"></li><li style=\"display: none;\"></li><li style=\"display: none;\"></li><li style=\"display: none;\"></li><li style=\"display: none;\"></li><li style=\"display: none;\"></li><li style=\"display: none;\"></li></ul></div><div class=\"yui-ac-ft\" style=\"display: none;\"></div></div></div><script>createSearchBox(\"/job/molecular_voter/search/\");</script></div></form></div></div><div id=\"breadcrumbBar\"><link rel=\"stylesheet\" href=\"/adjuncts/fd2e7eb0/lib/layout/breadcrumbs.css\" type=\"text/css\"><script src=\"/adjuncts/fd2e7eb0/lib/layout/breadcrumbs.js\" type=\"text/javascript\"></script><div style=\"height: 26px;\"></div><div class=\"top-sticker noedge\" style=\"position: fixed; top: 40px; left: 0px;\"><div class=\"top-sticker-edge\"></div><div class=\"top-sticker-inner\"><div id=\"right-top-nav\"></div><ul id=\"breadcrumbs\"><li class=\"item\"><a href=\"/\" class=\"model-link inside breadcrumbBarAnchor\">Jenkins</a></li><li href=\"/\" class=\"children\"></li><li class=\"item\"><a href=\"/job/molecular_voter/\" class=\"model-link inside breadcrumbBarAnchor\">molecular_voter</a></li><li href=\"/job/molecular_voter/\" class=\"children\"></li><li id=\"inpage-nav\" class=\"item\"><a class=\"model-link inside breadcrumbBarAnchor\">configuration</a></li></ul><div id=\"breadcrumb-menu-target\"></div></div></div></div></div><div id=\"menuSelector\"></div><div id=\"page-body\"><div id=\"side-panel\"><div id=\"tasks\"><div class=\"task\"><a href=\"/\" class=\"task-icon-link\"><img src=\"/static/fd2e7eb0/images/24x24/up.png\" style=\"width: 24px; height: 24px; width: 24px; height: 24px; margin: 2px;\" class=\"icon-up icon-md\"></a>&nbsp;<a href=\"/\" class=\"task-link\">Back to Dashboard</a></div><div class=\"task\"><a href=\"/job/molecular_voter/\" class=\"task-icon-link\"><img src=\"/static/fd2e7eb0/images/24x24/search.png\" style=\"width: 24px; height: 24px; width: 24px; height: 24px; margin: 2px;\" class=\"icon-search icon-md\"></a>&nbsp;<a href=\"/job/molecular_voter/\" class=\"task-link\">Status</a></div><div class=\"task\"><a href=\"/job/molecular_voter/changes\" class=\"task-icon-link\"><img src=\"/static/fd2e7eb0/images/24x24/notepad.png\" style=\"width: 24px; height: 24px; width: 24px; height: 24px; margin: 2px;\" class=\"icon-notepad icon-md\"></a>&nbsp;<a href=\"/job/molecular_voter/changes\" class=\"task-link\">Changes</a></div><div class=\"task\"><a href=\"/job/molecular_voter/ws/\" class=\"task-icon-link\"><img src=\"/static/fd2e7eb0/images/24x24/folder.png\" style=\"width: 24px; height: 24px; width: 24px; height: 24px; margin: 2px;\" class=\"icon-folder icon-md\"></a>&nbsp;<a href=\"/job/molecular_voter/ws/\" class=\"task-link\">Workspace</a></div><div class=\"task\"><a onclick=\"return build_id14(this)\" href=\"/job/molecular_voter/build?delay=0sec\" class=\"task-icon-link\"><img src=\"/static/fd2e7eb0/images/24x24/clock.png\" style=\"width: 24px; height: 24px; width: 24px; height: 24px; margin: 2px;\" class=\"icon-clock icon-md\"></a>&nbsp;<a onclick=\"return build_id14(this)\" href=\"/job/molecular_voter/build?delay=0sec\" class=\"task-link\">Build Now</a></div><script>function build_id14(a) {\n                new Ajax.Request(a.href);\n                hoverNotification('Build scheduled',a.parentNode);\n                return false;\n            }</script><div class=\"task\"><a onclick=\"confirmPOST_id17(true, '/job/molecular_voter/doDelete', 'Are you sure about deleting the Project ‘molecular_voter’?')\" href=\"#\"><img src=\"/static/fd2e7eb0/images/24x24/edit-delete.png\" style=\"width: 24px; height: 24px; width: 24px; height: 24px; margin: 2px;\" class=\"icon-edit-delete icon-md\"></a><script>function confirmPOST_id17(post, href, message) {\n            if (confirm(message)) {\n                var form = document.createElement('form');\n                form.setAttribute('method', post ? 'POST' : 'GET');\n                form.setAttribute('action', href);\n                if (post) {\n                    crumb.appendToForm(form);\n                }\n                document.body.appendChild(form);\n                form.submit();\n            }\n            return false;\n        }</script>&nbsp;<a onclick=\"confirmPOST_id18(true, '/job/molecular_voter/doDelete', 'Are you sure about deleting the Project ‘molecular_voter’?')\" href=\"#\" class=\"task-link\">Delete Project</a><script>function confirmPOST_id18(post, href, message) {\n            if (confirm(message)) {\n                var form = document.createElement('form');\n                form.setAttribute('method', post ? 'POST' : 'GET');\n                form.setAttribute('action', href);\n                if (post) {\n                    crumb.appendToForm(form);\n                }\n                document.body.appendChild(form);\n                form.submit();\n            }\n            return false;\n        }</script></div><div class=\"task\"><a href=\"/job/molecular_voter/configure\" class=\"task-icon-link\"><img src=\"/static/fd2e7eb0/images/24x24/setting.png\" style=\"width: 24px; height: 24px; width: 24px; height: 24px; margin: 2px;\" class=\"icon-setting icon-md\"></a>&nbsp;<a href=\"/job/molecular_voter/configure\" class=\"task-link\"><b>Configure</b></a><div class=\"subtasks\"></div></div></div><div id=\"buildHistory\" class=\"container-fluid pane-frame track-mouse\"><div class=\"row\"><div class=\"col-xs-24 pane-header\"><a href=\"/toggleCollapse?paneId=buildHistory\" title=\"collapse\" class=\"collapse\"><img src=\"/static/fd2e7eb0/images/16x16/collapse.png\" alt=\"collapse\" style=\"width: 16px; height: 16px; \" class=\"icon-collapse icon-sm\"></a><div style=\"float:right\"><a href=\"/job/molecular_voter/buildTimeTrend\">trend</a></div><div data=\"100\" class=\"healthReport\" onmouseover=\"this.className='healthReport hover';return true;\n        \" onmouseout=\"this.className='healthReport';return true;\"><img src=\"/static/fd2e7eb0/images/16x16/health-80plus.png\" alt=\"100%\" style=\"width: 16px; height: 16px; \" class=\"icon-health-80plus icon-sm\"></div>Build History</div></div><div class=\"row pane-content\"><table class=\"pane stripped\"></table></div><div class=\"row\"><div class=\"col-xs-24 pane-footer\"><span class=\"build-rss-links\"><a href=\"/job/molecular_voter/rssAll\" class=\"build-rss-all-icon\"><img border=\"0\" src=\"/static/fd2e7eb0/images/atom.gif\" alt=\"Feed\" width=\"16\" height=\"16\"></a>&nbsp;<a href=\"/job/molecular_voter/rssAll\" class=\"build-rss-all-link\">RSS for all</a>&nbsp;<a href=\"/job/molecular_voter/rssFailed\" class=\"build-rss-failed-icon\"><img border=\"0\" src=\"/static/fd2e7eb0/images/atom.gif\" alt=\"Feed\" width=\"16\" height=\"16\"></a>&nbsp;<a href=\"/job/molecular_voter/rssFailed\" class=\"build-rss-failed-link\">RSS for failures</a></span></div></div></div><script defer=\"true\">updateBuildHistory(\"/job/molecular_voter/buildHistory/ajax\",1);</script></div><div id=\"main-panel\"><a name=\"skip2content\"></a><div class=\"behavior-loading\" style=\"display: none;\">LOADING</div><form method=\"post\" name=\"config\" action=\"configSubmit\" path=\"\"><link rel=\"stylesheet\" href=\"/adjuncts/fd2e7eb0/lib/form/section_.css\" type=\"text/css\"><table width=\"100%\"><tbody><tr><td class=\"setting-leftspace\">&nbsp;</td><td class=\"setting-name\">Project name</td><td class=\"setting-main\">\n   \n\n  \n  <input name=\"name\" type=\"text\" class=\"setting-input   \" value=\"molecular_voter\" path=\"/name\"></td><td class=\"setting-no-help\"></td></tr><tr class=\"validation-error-area\"><td colspan=\"2\"></td><td></td><td></td></tr><tr><td class=\"setting-leftspace\">&nbsp;</td><td class=\"setting-name\">Description</td><td class=\"setting-main\"><script src=\"/adjuncts/fd2e7eb0/lib/form/textarea/textarea.js\" type=\"text/javascript\"></script><textarea name=\"description\" rows=\"5\" class=\"setting-input   \" path=\"/description\"></textarea><div class=\"textarea-handle\"></div><div class=\"textarea-preview-container\">\n        [Plain text]&nbsp;<a previewendpoint=\"/markupFormatter/previewDescription\" href=\"#\" class=\"textarea-show-preview\">Preview</a>&nbsp;<a href=\"#\" class=\"textarea-hide-preview\" style=\"display: none;\">Hide preview</a><div class=\"textarea-preview\" style=\"display: none;\"></div></div></td><td class=\"setting-no-help\"></td></tr><tr class=\"validation-error-area\"><td colspan=\"2\"></td><td></td><td></td></tr><tr class=\"optional-block-start \" hashelp=\"true\" ref=\"cb15\"><td colspan=\"3\"><input onclick=\"javascript:updateOptionalBlock(this,true)\" name=\"logrotate\" type=\"checkbox\" class=\" \" id=\"cb15\" path=\"/logrotate\"><label class=\"attach-previous\">Discard Old Builds</label></td><td class=\"setting-help\"><a helpurl=\"/help/project-config/log-rotation.html\" href=\"#\" class=\"help-button\" tabindex=\"9999\"><img src=\"/static/fd2e7eb0/images/16x16/help.png\" alt=\"Help for feature: Discard Old Builds\" style=\"width: 16px; height: 16px; \" class=\"icon-help icon-sm\"></a></td></tr><tr class=\"help-area\"><td></td><td colspan=\"2\"><div class=\"help\">Loading...</div></td><td></td></tr><tr class=\"rowvg-start\" style=\"display: none;\"></tr><tr style=\"display: none;\"><td class=\"setting-leftspace\">&nbsp;</td><td class=\"setting-name\">Strategy</td><td class=\"setting-main\"><select class=\"setting-input dropdownList\" path=\"/\"><option value=\"0\">Log Rotation</option></select></td><td class=\"setting-no-help\"></td></tr><tr class=\"dropdownList-container\" style=\"display: none;\"><td colspan=\"2\"></td><td colspan=\"2\"><table width=\"100%\" name=\"buildDiscarder\" path=\"/buildDiscarder\"><tbody><tr class=\"dropdownList-start rowvg-start\"></tr>\n      \n      <tr><td class=\"setting-leftspace\">&nbsp;</td><td class=\"setting-name\">Days to keep builds</td><td class=\"setting-main\"><input step=\"1\" min=\"1\" name=\"_.daysToKeepStr\" type=\"number\" class=\"setting-input  positive-number\" value=\"\" path=\"/buildDiscarder/daysToKeepStr\"></td><td class=\"setting-no-help\"></td></tr><tr class=\"validation-error-area\"><td colspan=\"2\"></td><td></td><td></td></tr><tr><td colspan=\"2\"></td><td class=\"setting-description\">if not empty, build records are only kept up to this number of days</td><td></td></tr><tr><td class=\"setting-leftspace\">&nbsp;</td><td class=\"setting-name\">Max # of builds to keep</td><td class=\"setting-main\"><input step=\"1\" min=\"1\" name=\"_.numToKeepStr\" type=\"number\" class=\"setting-input  positive-number\" value=\"\" path=\"/buildDiscarder/numToKeepStr\"></td><td class=\"setting-no-help\"></td></tr><tr class=\"validation-error-area\"><td colspan=\"2\"></td><td></td><td></td></tr><tr><td colspan=\"2\"></td><td class=\"setting-description\">if not empty, only up to this number of build records are kept</td><td></td></tr><tr><td></td><td></td><td><script src=\"/adjuncts/fd2e7eb0/lib/form/advanced/advanced.js\" type=\"text/javascript\"></script><div style=\"\" class=\"advancedLink\"><span style=\"display: none\" id=\"id26\"><img src=\"/static/fd2e7eb0/images/24x24/notepad.png\" tooltip=\"One or more fields in this block have been edited.\" style=\"width: 24px; height: 24px; vertical-align: baseline\" class=\"icon-notepad icon-md\" title=\"One or more fields in this block have been edited.\"></span>&nbsp;<span class=\"yui-button yui-push-button advanced-button advancedButton\" id=\"yui-gen31\"><span class=\"first-child\"><button type=\"button\" tabindex=\"0\" id=\"yui-gen31-button\" path=\"/buildDiscarder/advanced-button\">Advanced...</button></span></span></div><table class=\"advancedBody\"><tbody><tr><td class=\"setting-leftspace\">&nbsp;</td><td class=\"setting-name\">Days to keep artifacts</td><td class=\"setting-main\"><input step=\"1\" min=\"1\" name=\"_.artifactDaysToKeepStr\" type=\"number\" class=\"setting-input  positive-number\" value=\"\" path=\"/buildDiscarder/artifactDaysToKeepStr\"></td><td class=\"setting-no-help\"></td></tr><tr class=\"validation-error-area\"><td colspan=\"2\"></td><td></td><td></td></tr><tr><td colspan=\"2\"></td><td class=\"setting-description\">if not empty, artifacts from builds older than this number of days will be deleted, but the logs, history, reports, etc for the build will be kept</td><td></td></tr><tr><td class=\"setting-leftspace\">&nbsp;</td><td class=\"setting-name\">Max # of builds to keep with artifacts</td><td class=\"setting-main\"><input step=\"1\" min=\"1\" name=\"_.artifactNumToKeepStr\" type=\"number\" class=\"setting-input  positive-number\" value=\"\" path=\"/buildDiscarder/artifactNumToKeepStr\"></td><td class=\"setting-no-help\"></td></tr><tr class=\"validation-error-area\"><td colspan=\"2\"></td><td></td><td></td></tr><tr><td colspan=\"2\"></td><td class=\"setting-description\">if not empty, only up to this number of builds have their artifacts retained</td><td></td></tr></tbody></table></td><td></td></tr><tr style=\"\"><td><input name=\"stapler-class\" type=\"hidden\" value=\"hudson.tasks.LogRotator\" path=\"/buildDiscarder/stapler-class\"><input name=\"$class\" type=\"hidden\" value=\"hudson.tasks.LogRotator\" path=\"/buildDiscarder/$class\"></td></tr><tr class=\"dropdownList-end rowvg-end\"></tr></tbody></table></td></tr><tr class=\" rowvg-end optional-block-end\"></tr><script src=\"/adjuncts/fd2e7eb0/lib/form/section_.js\" type=\"text/javascript\"></script><tr name=\"properties\" style=\"display:none\" class=\"row-set-start\" id=\"rowSetStart31\" path=\"/properties\"></tr><tr nameref=\"rowSetStart31\"><td><input type=\"hidden\" name=\"stapler-class-bag\" value=\"true\" path=\"/properties/stapler-class-bag\"></td></tr><tr name=\"hudson-model-ParametersDefinitionProperty\" style=\"display:none\" class=\"row-set-start\" id=\"rowSetStart30\" nameref=\"rowSetStart31\" path=\"/properties/hudson-model-ParametersDefinitionProperty\"></tr><tr class=\"optional-block-start row-set-start\" hashelp=\"true\" ref=\"cb16\" nameref=\"rowSetStart30\"><td colspan=\"3\"><input onclick=\"javascript:updateOptionalBlock(this,true)\" name=\"parameterized\" type=\"checkbox\" class=\" \" id=\"cb16\" path=\"/properties/hudson-model-ParametersDefinitionProperty/parameterized\"><label class=\"attach-previous\">This build is parameterized</label></td><td class=\"setting-help\"><a helpurl=\"/help/project-config/parameterized-build.html\" href=\"#\" class=\"help-button\" tabindex=\"9999\"><img src=\"/static/fd2e7eb0/images/16x16/help.png\" alt=\"Help for feature: This build is parameterized\" style=\"width: 16px; height: 16px; \" class=\"icon-help icon-sm\"></a></td></tr><tr class=\"help-area\" nameref=\"cb16\"><td></td><td colspan=\"2\"><div class=\"help\">Loading...</div></td><td></td></tr><tr class=\"rowvg-start\" nameref=\"cb16\" style=\"display: none;\"></tr><tr nameref=\"cb16\" style=\"display: none;\"><td colspan=\"2\"></td><td colspan=\"2\"><script src=\"/adjuncts/fd2e7eb0/lib/form/dragdrop/dragdrop.js\" type=\"text/javascript\"></script><script src=\"/adjuncts/fd2e7eb0/lib/form/hetero-list/hetero-list.js\" type=\"text/javascript\"></script><div class=\"hetero-list-container with-drag-drop  \"><div class=\"repeatable-insertion-point\"></div><div><span class=\"yui-button yui-menu-button\" id=\"yui-gen1\"><span class=\"first-child\"><button type=\"button\" tabindex=\"0\" id=\"yui-gen1-button\" class=\"hetero-list-add\" suffix=\"parameter\">Add Parameter</button></span></span></div></div></td></tr><tr class=\"row-set-end rowvg-end optional-block-end\" nameref=\"rowSetStart30\"></tr><tr class=\"row-set-end\" nameref=\"rowSetStart31\"></tr><tr class=\"row-set-end\"></tr><tr class=\"optional-block-start \" hashelp=\"true\" ref=\"cb17\"><td colspan=\"3\"><input onclick=\"javascript:updateOptionalBlock(this,true)\" name=\"disable\" type=\"checkbox\" class=\" \" id=\"cb17\" path=\"/disable\"><label class=\"attach-previous\">Disable Build (No new builds will be executed until the project is re-enabled.)</label></td><td class=\"setting-help\"><a helpurl=\"/help/project-config/disable.html\" href=\"#\" class=\"help-button\" tabindex=\"9999\"><img src=\"/static/fd2e7eb0/images/16x16/help.png\" alt=\"Help for feature: Disable Build (No new builds will be executed until the project is re-enabled.)\" style=\"width: 16px; height: 16px; \" class=\"icon-help icon-sm\"></a></td></tr><tr class=\"help-area\"><td></td><td colspan=\"2\"><div class=\"help\">Loading...</div></td><td></td></tr><tr class=\"rowvg-start\" style=\"display: none;\"></tr><tr class=\" rowvg-end optional-block-end\"></tr><tr class=\"optional-block-start \" hashelp=\"true\" ref=\"cb18\"><td colspan=\"3\"><input onclick=\"javascript:updateOptionalBlock(this,true)\" name=\"_.concurrentBuild\" type=\"checkbox\" class=\" \" id=\"cb18\" path=\"/concurrentBuild\"><label class=\"attach-previous\">Execute concurrent builds if necessary</label></td><td class=\"setting-help\"><a helpurl=\"/descriptor/hudson.model.FreeStyleProject/help/concurrentBuild\" href=\"#\" class=\"help-button\" tabindex=\"9999\"><img src=\"/static/fd2e7eb0/images/16x16/help.png\" alt=\"Help for feature: Execute concurrent builds if necessary\" style=\"width: 16px; height: 16px; \" class=\"icon-help icon-sm\"></a></td></tr><tr class=\"help-area\"><td></td><td colspan=\"2\"><div class=\"help\">Loading...</div></td><td></td></tr><tr class=\"rowvg-start\" style=\"display: none;\"></tr><tr class=\" rowvg-end optional-block-end\"></tr><tr><td colspan=\"4\"><div class=\"section-header\"><a id=\"section0\" class=\"section-anchor\">#</a>Advanced Project Options</div></td></tr><tr><td></td><td></td><td><script src=\"/adjuncts/fd2e7eb0/lib/form/advanced/advanced.js\" type=\"text/javascript\"></script><div style=\"\" class=\"advancedLink\"><span style=\"display: none\" id=\"id20\"><img src=\"/static/fd2e7eb0/images/24x24/notepad.png\" tooltip=\"One or more fields in this block have been edited.\" style=\"width: 24px; height: 24px; vertical-align: baseline\" class=\"icon-notepad icon-md\" title=\"One or more fields in this block have been edited.\"></span>&nbsp;<span class=\"yui-button yui-push-button advanced-button advancedButton\" id=\"yui-gen7\"><span class=\"first-child\"><button type=\"button\" tabindex=\"0\" id=\"yui-gen7-button\" path=\"/advanced-button\">Advanced...</button></span></span></div><table class=\"advancedBody\"><tbody><tr class=\"optional-block-start \" hashelp=\"true\" ref=\"cb19\"><td colspan=\"3\"><input onclick=\"javascript:updateOptionalBlock(this,true)\" name=\"hasCustomQuietPeriod\" type=\"checkbox\" class=\" \" id=\"cb19\" path=\"/hasCustomQuietPeriod\"><label class=\"attach-previous\">Quiet period</label></td><td class=\"setting-help\"><a helpurl=\"/descriptor/jenkins.model.GlobalQuietPeriodConfiguration/help/quietPeriod\" href=\"#\" class=\"help-button\" tabindex=\"9999\"><img src=\"/static/fd2e7eb0/images/16x16/help.png\" alt=\"Help for feature: Quiet period\" style=\"width: 16px; height: 16px; \" class=\"icon-help icon-sm\"></a></td></tr><tr class=\"help-area\"><td></td><td colspan=\"2\"><div class=\"help\">Loading...</div></td><td></td></tr><tr class=\"rowvg-start\" style=\"display: none;\"></tr><tr style=\"display: none;\"><td class=\"setting-leftspace\">&nbsp;</td><td class=\"setting-name\">Quiet period</td><td class=\"setting-main\"><input step=\"1\" min=\"0\" name=\"quiet_period\" type=\"number\" class=\"setting-input  number\" value=\"5\" path=\"/quiet_period\"></td><td class=\"setting-no-help\"></td></tr><tr class=\"validation-error-area\" style=\"display: none;\"><td colspan=\"2\"></td><td></td><td></td></tr><tr style=\"display: none;\"><td colspan=\"2\"></td><td class=\"setting-description\">Number of seconds</td><td></td></tr><tr class=\" rowvg-end optional-block-end\"></tr><tr class=\"optional-block-start \" hashelp=\"true\" ref=\"cb20\"><td colspan=\"3\"><input onclick=\"javascript:updateOptionalBlock(this,true)\" name=\"hasCustomScmCheckoutRetryCount\" type=\"checkbox\" class=\" \" id=\"cb20\" path=\"/hasCustomScmCheckoutRetryCount\"><label class=\"attach-previous\">Retry Count</label></td><td class=\"setting-help\"><a helpurl=\"/help/project-config/scmCheckoutRetryCount.html\" href=\"#\" class=\"help-button\" tabindex=\"9999\"><img src=\"/static/fd2e7eb0/images/16x16/help.png\" alt=\"Help for feature: Retry Count\" style=\"width: 16px; height: 16px; \" class=\"icon-help icon-sm\"></a></td></tr><tr class=\"help-area\"><td></td><td colspan=\"2\"><div class=\"help\">Loading...</div></td><td></td></tr><tr class=\"rowvg-start\" style=\"display: none;\"></tr><tr style=\"display: none;\"><td class=\"setting-leftspace\">&nbsp;</td><td class=\"setting-name\">SCM checkout retry count</td><td class=\"setting-main\"><input step=\"1\" min=\"0\" name=\"scmCheckoutRetryCount\" type=\"number\" class=\"setting-input  number\" value=\"0\" path=\"/scmCheckoutRetryCount\"></td><td class=\"setting-no-help\"></td></tr><tr class=\"validation-error-area\" style=\"display: none;\"><td colspan=\"2\"></td><td></td><td></td></tr><tr class=\" rowvg-end optional-block-end\"></tr><tr class=\"optional-block-start \" hashelp=\"true\" ref=\"cb21\"><td colspan=\"3\"><input onclick=\"javascript:updateOptionalBlock(this,true)\" name=\"blockBuildWhenUpstreamBuilding\" type=\"checkbox\" class=\" \" id=\"cb21\" path=\"/blockBuildWhenUpstreamBuilding\"><label class=\"attach-previous\">Block build when upstream project is building</label></td><td class=\"setting-help\"><a helpurl=\"/help/project-config/block-upstream-building.html\" href=\"#\" class=\"help-button\" tabindex=\"9999\"><img src=\"/static/fd2e7eb0/images/16x16/help.png\" alt=\"Help for feature: Block build when upstream project is building\" style=\"width: 16px; height: 16px; \" class=\"icon-help icon-sm\"></a></td></tr><tr class=\"help-area\"><td></td><td colspan=\"2\"><div class=\"help\">Loading...</div></td><td></td></tr><tr class=\"rowvg-start\" style=\"display: none;\"></tr><tr class=\" rowvg-end optional-block-end\"></tr><tr class=\"optional-block-start \" hashelp=\"true\" ref=\"cb22\"><td colspan=\"3\"><input onclick=\"javascript:updateOptionalBlock(this,true)\" name=\"blockBuildWhenDownstreamBuilding\" type=\"checkbox\" class=\" \" id=\"cb22\" path=\"/blockBuildWhenDownstreamBuilding\"><label class=\"attach-previous\">Block build when downstream project is building</label></td><td class=\"setting-help\"><a helpurl=\"/help/project-config/block-downstream-building.html\" href=\"#\" class=\"help-button\" tabindex=\"9999\"><img src=\"/static/fd2e7eb0/images/16x16/help.png\" alt=\"Help for feature: Block build when downstream project is building\" style=\"width: 16px; height: 16px; \" class=\"icon-help icon-sm\"></a></td></tr><tr class=\"help-area\"><td></td><td colspan=\"2\"><div class=\"help\">Loading...</div></td><td></td></tr><tr class=\"rowvg-start\" style=\"display: none;\"></tr><tr class=\" rowvg-end optional-block-end\"></tr><tr class=\"optional-block-start \" hashelp=\"true\" ref=\"cb23\"><td colspan=\"3\"><input onclick=\"javascript:updateOptionalBlock(this,true)\" name=\"hasCustomWorkspace\" type=\"checkbox\" class=\" \" id=\"cb23\" path=\"/hasCustomWorkspace\"><label class=\"attach-previous\">Use custom workspace</label></td><td class=\"setting-help\"><a helpurl=\"/help/project-config/custom-workspace.html\" href=\"#\" class=\"help-button\" tabindex=\"9999\"><img src=\"/static/fd2e7eb0/images/16x16/help.png\" alt=\"Help for feature: Use custom workspace\" style=\"width: 16px; height: 16px; \" class=\"icon-help icon-sm\"></a></td></tr><tr class=\"help-area\"><td></td><td colspan=\"2\"><div class=\"help\">Loading...</div></td><td></td></tr><tr class=\"rowvg-start\" style=\"display: none;\"></tr><tr style=\"display: none;\"><td class=\"setting-leftspace\">&nbsp;</td><td class=\"setting-name\">Directory</td><td class=\"setting-main\">\n   \n\n  \n  <input checkdependson=\"customWorkspace\" checkurl=\"/job/molecular_voter/descriptorByName/hudson.model.FreeStyleProject/checkCustomWorkspace\" name=\"_.customWorkspace\" type=\"text\" class=\"setting-input validated  \" value=\"\" path=\"/customWorkspace\"></td><td class=\"setting-no-help\"></td></tr><tr class=\"validation-error-area\" style=\"display: none;\"><td colspan=\"2\"></td><td><div class=\"error\"><img src=\"/static/fd2e7eb0/images/none.gif\" height=\"16\" width=\"1\">Custom workspace is empty.</div></td><td></td></tr><tr class=\" rowvg-end optional-block-end\"></tr><tr><td class=\"setting-leftspace\">&nbsp;</td><td class=\"setting-name\">Display Name</td><td class=\"setting-main\">\n   \n\n  \n  <input checkurl=\"'/checkDisplayName?displayName='+encodeURIComponent(this.value)+'&amp;jobName='+encodeURIComponent('molecular_voter')\" name=\"_.displayNameOrNull\" type=\"text\" class=\"setting-input validated  \" value=\"\" path=\"/displayNameOrNull\"></td><td class=\"setting-help\"><a helpurl=\"/descriptor/hudson.model.FreeStyleProject/help/displayNameOrNull\" href=\"#\" class=\"help-button\" tabindex=\"9999\"><img src=\"/static/fd2e7eb0/images/16x16/help.png\" alt=\"Help for feature: Display Name\" style=\"width: 16px; height: 16px; \" class=\"icon-help icon-sm\"></a></td></tr><tr class=\"validation-error-area\"><td colspan=\"2\"></td><td><div></div></td><td></td></tr><tr class=\"help-area\"><td></td><td colspan=\"2\"><div class=\"help\">Loading...</div></td><td></td></tr><tr class=\"optional-block-start row-set-start\" hashelp=\"true\" ref=\"cb24\"><td colspan=\"3\"><input onclick=\"javascript:updateOptionalBlock(this,true)\" name=\"keepDependencies\" type=\"checkbox\" class=\" \" id=\"cb24\" path=\"/keepDependencies\"><label class=\"attach-previous\">Keep the build logs of dependencies</label></td><td class=\"setting-help\"><a helpurl=\"/help/tasks/fingerprint/keepDependencies.html\" href=\"#\" class=\"help-button\" tabindex=\"9999\"><img src=\"/static/fd2e7eb0/images/16x16/help.png\" alt=\"Help for feature: Keep the build logs of dependencies\" style=\"width: 16px; height: 16px; \" class=\"icon-help icon-sm\"></a></td></tr><tr class=\"help-area\" nameref=\"cb24\"><td></td><td colspan=\"2\"><div class=\"help\">Loading...</div></td><td></td></tr><tr class=\"rowvg-start\" nameref=\"cb24\" style=\"display: none;\"></tr><tr class=\"row-set-end rowvg-end optional-block-end\"></tr></tbody></table></td><td></td></tr><tr><td colspan=\"4\"><div class=\"section-header\"><a id=\"section1\" class=\"section-anchor\">#</a>Source Code Management</div></td></tr><script src=\"/adjuncts/fd2e7eb0/lib/form/radioBlock/radioBlock.js\" type=\"text/javascript\"></script><tr class=\"radio-block-start row-set-start\" hashelp=\"false\" ref=\"radio-block-9\"><td colspan=\"3\"><label><input name=\"scm\" checked=\"true\" type=\"radio\" value=\"0\" class=\"radio-block-control\" id=\"radio-block-9\" path=\"/scm[0]\">\n        None\n      </label></td><td class=\"setting-no-help\"></td></tr><tr style=\"display:none\" class=\"row-set-end radio-block-end\"></tr><tr class=\"radio-block-start row-set-start\" hashelp=\"false\" ref=\"radio-block-10\"><td colspan=\"3\"><label><input name=\"scm\" type=\"radio\" value=\"1\" class=\"radio-block-control\" id=\"radio-block-10\" path=\"/scm[1]\">\n        CVS\n      </label></td><td class=\"setting-no-help\"></td></tr><tr nameref=\"radio-block-10\" style=\"display: none;\"><td class=\"setting-leftspace\">&nbsp;</td><td class=\"setting-name\"></td><td class=\"setting-main\"><div class=\"repeated-container\"><div name=\"repositories\" class=\"repeated-chunk first last only\"><table style=\"width:100%\"><tbody><tr><td class=\"setting-leftspace\">&nbsp;</td><td class=\"setting-name\">CVSROOT</td><td class=\"setting-main\">\n   \n\n  \n  <input checkdependson=\"\" checkurl=\"/job/molecular_voter/descriptorByName/hudson.scm.CvsRepository/checkCvsRoot\" name=\"_.cvsRoot\" type=\"text\" class=\"setting-input validated  \" value=\"\"></td><td class=\"setting-help\"><a helpurl=\"/descriptor/hudson.scm.CvsRepository/help/cvsRoot\" href=\"#\" class=\"help-button\" tabindex=\"9999\"><img src=\"/static/fd2e7eb0/images/16x16/help.png\" alt=\"Help for feature: CVSROOT\" style=\"width: 16px; height: 16px; \" class=\"icon-help icon-sm\"></a></td></tr><tr class=\"validation-error-area\"><td colspan=\"2\"></td><td><div class=\"error\"><img src=\"/static/fd2e7eb0/images/none.gif\" height=\"16\" width=\"1\">CVSROOT is mandatory</div></td><td></td></tr><tr class=\"help-area\"><td></td><td colspan=\"2\"><div class=\"help\">Loading...</div></td><td></td></tr><tr class=\"optional-block-start \" hashelp=\"false\" ref=\"cb25\"><td colspan=\"3\"><input onclick=\"javascript:updateOptionalBlock(this,true)\" name=\"passwordRequired\" type=\"checkbox\" class=\" \" id=\"cb25\"><label class=\"attach-previous\">This Connection Requires A Password</label></td><td class=\"setting-no-help\"></td></tr><tr class=\"rowvg-start\" style=\"display: none;\"></tr><tr style=\"display: none;\"><td class=\"setting-leftspace\">&nbsp;</td><td class=\"setting-name\">Password</td><td class=\"setting-main\"><input name=\"_.password\" type=\"password\" class=\"setting-input \" value=\"\"></td><td class=\"setting-no-help\"></td></tr><tr class=\"validation-error-area\" style=\"display: none;\"><td colspan=\"2\"></td><td></td><td></td></tr><tr class=\" rowvg-end optional-block-end\"></tr><tr><td class=\"setting-leftspace\">&nbsp;</td><td class=\"setting-name\"></td><td class=\"setting-main\"><div class=\"repeated-container\"><div name=\"repositoryItems\" class=\"repeated-chunk first last only\"><table style=\"width:100%\"><tbody><tr><td class=\"setting-leftspace\">&nbsp;</td><td class=\"setting-name\">Location</td><td class=\"setting-main\"><select class=\"setting-input dropdownList\"><option value=\"0\">Branch</option><option value=\"1\" selected=\"true\">Head</option><option value=\"2\">Tag</option></select></td><td class=\"setting-no-help\"></td></tr><tr class=\"dropdownList-container\"><td colspan=\"2\"></td><td colspan=\"2\"><table width=\"100%\" name=\"location\"><tbody><tr class=\"dropdownList-start rowvg-start\" field-disabled=\"true\" style=\"display: none;\"></tr><tr field-disabled=\"true\" style=\"display: none;\"><td class=\"setting-leftspace\">&nbsp;</td><td class=\"setting-name\">Branch Name</td><td class=\"setting-main\">\n   \n\n  \n  <input name=\"_.branchName\" type=\"text\" class=\"setting-input   \" value=\"\"></td><td class=\"setting-no-help\"></td></tr><tr class=\"validation-error-area\" field-disabled=\"true\" style=\"display: none;\"><td colspan=\"2\"></td><td></td><td></td></tr><tr field-disabled=\"true\" style=\"display: none;\"><td class=\"setting-leftspace\">&nbsp;</td><td class=\"setting-name\">Use Head If Not Found</td><td class=\"setting-main\"><input name=\"_.useHeadIfNotFound\" type=\"checkbox\" class=\" \"></td><td class=\"setting-no-help\"></td></tr><tr class=\"validation-error-area\" field-disabled=\"true\" style=\"display: none;\"><td colspan=\"2\"></td><td></td><td></td></tr><tr style=\"display: none;\" field-disabled=\"true\"><td><input name=\"stapler-class\" type=\"hidden\" value=\"hudson.scm.CvsRepositoryLocation$BranchRepositoryLocation\"><input name=\"$class\" type=\"hidden\" value=\"hudson.scm.CvsRepositoryLocation$BranchRepositoryLocation\"></td></tr><tr class=\"dropdownList-end rowvg-end\"></tr><tr class=\"dropdownList-start rowvg-start\"></tr><tr style=\"\"><td><input name=\"stapler-class\" type=\"hidden\" value=\"hudson.scm.CvsRepositoryLocation$HeadRepositoryLocation\"><input name=\"$class\" type=\"hidden\" value=\"hudson.scm.CvsRepositoryLocation$HeadRepositoryLocation\"></td></tr><tr class=\"dropdownList-end rowvg-end\"></tr><tr class=\"dropdownList-start rowvg-start\" field-disabled=\"true\" style=\"display: none;\"></tr><tr field-disabled=\"true\" style=\"display: none;\"><td class=\"setting-leftspace\">&nbsp;</td><td class=\"setting-name\">Tag Name</td><td class=\"setting-main\">\n   \n\n  \n  <input name=\"_.tagName\" type=\"text\" class=\"setting-input   \" value=\"\"></td><td class=\"setting-no-help\"></td></tr><tr class=\"validation-error-area\" field-disabled=\"true\" style=\"display: none;\"><td colspan=\"2\"></td><td></td><td></td></tr><tr field-disabled=\"true\" style=\"display: none;\"><td class=\"setting-leftspace\">&nbsp;</td><td class=\"setting-name\">Use Head If Not Found</td><td class=\"setting-main\"><input name=\"_.useHeadIfNotFound\" type=\"checkbox\" class=\" \"></td><td class=\"setting-no-help\"></td></tr><tr class=\"validation-error-area\" field-disabled=\"true\" style=\"display: none;\"><td colspan=\"2\"></td><td></td><td></td></tr><tr style=\"display: none;\" field-disabled=\"true\"><td><input name=\"stapler-class\" type=\"hidden\" value=\"hudson.scm.CvsRepositoryLocation$TagRepositoryLocation\"><input name=\"$class\" type=\"hidden\" value=\"hudson.scm.CvsRepositoryLocation$TagRepositoryLocation\"></td></tr><tr class=\"dropdownList-end rowvg-end\"></tr></tbody></table></td></tr><tr><td class=\"setting-leftspace\">&nbsp;</td><td class=\"setting-name\">Modules</td><td class=\"setting-main\"><div class=\"repeated-container\"><div name=\"modules\" class=\"repeated-chunk first last only\"><table style=\"width:100%\"><tbody><tr><td class=\"setting-leftspace\">&nbsp;</td><td class=\"setting-name\">Remote Name</td><td class=\"setting-main\">\n   \n\n  \n  <input checkdependson=\"\" checkurl=\"/job/molecular_voter/descriptorByName/hudson.scm.CvsModule/checkRemoteName\" name=\"_.remoteName\" type=\"text\" class=\"setting-input validated  \" value=\"\"></td><td class=\"setting-help\"><a helpurl=\"/descriptor/hudson.scm.CvsModule/help/remoteName\" href=\"#\" class=\"help-button\" tabindex=\"9999\"><img src=\"/static/fd2e7eb0/images/16x16/help.png\" alt=\"Help for feature: Remote Name\" style=\"width: 16px; height: 16px; \" class=\"icon-help icon-sm\"></a></td></tr><tr class=\"validation-error-area\"><td colspan=\"2\"></td><td><div class=\"error\"><img src=\"/static/fd2e7eb0/images/none.gif\" height=\"16\" width=\"1\">Remote Name is mandatory</div></td><td></td></tr><tr class=\"help-area\"><td></td><td colspan=\"2\"><div class=\"help\">Loading...</div></td><td></td></tr><tr><td class=\"setting-leftspace\">&nbsp;</td><td class=\"setting-name\">Local Name</td><td class=\"setting-main\">\n   \n\n  \n  <input name=\"_.localName\" type=\"text\" class=\"setting-input   \" value=\"\"></td><td class=\"setting-help\"><a helpurl=\"/descriptor/hudson.scm.CvsModule/help/localName\" href=\"#\" class=\"help-button\" tabindex=\"9999\"><img src=\"/static/fd2e7eb0/images/16x16/help.png\" alt=\"Help for feature: Local Name\" style=\"width: 16px; height: 16px; \" class=\"icon-help icon-sm\"></a></td></tr><tr class=\"validation-error-area\"><td colspan=\"2\"></td><td></td><td></td></tr><tr class=\"help-area\"><td></td><td colspan=\"2\"><div class=\"help\">Loading...</div></td><td></td></tr><tr><td class=\"setting-leftspace\">&nbsp;</td><td class=\"setting-name\"></td><td class=\"setting-main\"><div align=\"right\"><span class=\"yui-button yui-push-button repeatable-add show-if-last\" id=\"yui-gen12\"><span class=\"first-child\"><button type=\"button\" tabindex=\"0\" id=\"yui-gen12-button\">Add more modules...</button></span></span><span class=\"yui-button yui-push-button repeatable-delete show-if-not-only\" id=\"yui-gen21\"><span class=\"first-child\"><button type=\"button\" tabindex=\"0\" id=\"yui-gen21-button\">Delete</button></span></span></div></td><td class=\"setting-no-help\"></td></tr><tr class=\"validation-error-area\"><td colspan=\"2\"></td><td></td><td></td></tr></tbody></table></div><div class=\"repeatable-insertion-point\"></div></div></td><td class=\"setting-no-help\"></td></tr><tr class=\"validation-error-area\"><td colspan=\"2\"></td><td></td><td></td></tr><tr><td class=\"setting-leftspace\">&nbsp;</td><td class=\"setting-name\"></td><td class=\"setting-main\"><div align=\"right\"><span class=\"yui-button yui-push-button repeatable-add show-if-last\" id=\"yui-gen13\"><span class=\"first-child\"><button type=\"button\" tabindex=\"0\" id=\"yui-gen13-button\">Add more locations...</button></span></span><span class=\"yui-button yui-push-button repeatable-delete show-if-not-only\" id=\"yui-gen22\"><span class=\"first-child\"><button type=\"button\" tabindex=\"0\" id=\"yui-gen22-button\">Delete</button></span></span></div></td><td class=\"setting-no-help\"></td></tr><tr class=\"validation-error-area\"><td colspan=\"2\"></td><td></td><td></td></tr></tbody></table></div><div class=\"repeatable-insertion-point\"></div></div></td><td class=\"setting-no-help\"></td></tr><tr class=\"validation-error-area\"><td colspan=\"2\"></td><td></td><td></td></tr><tr><td></td><td></td><td><div style=\"\" class=\"advancedLink\"><span style=\"display: none\" id=\"id22\"><img src=\"/static/fd2e7eb0/images/24x24/notepad.png\" tooltip=\"One or more fields in this block have been edited.\" style=\"width: 24px; height: 24px; vertical-align: baseline\" class=\"icon-notepad icon-md\" title=\"One or more fields in this block have been edited.\"></span>&nbsp;<span class=\"yui-button yui-push-button advanced-button advancedButton\" id=\"yui-gen8\"><span class=\"first-child\"><button type=\"button\" tabindex=\"0\" id=\"yui-gen8-button\">Advanced...</button></span></span></div><table class=\"advancedBody\"><tbody><tr><td colspan=\"4\"><div class=\"section-header\"><a id=\"section3\" class=\"section-anchor\">#</a>Advanced Repository Options</div></td></tr><tr><td class=\"setting-leftspace\">&nbsp;</td><td class=\"setting-name\">Repository browser</td><td class=\"setting-main\"><select class=\"setting-input dropdownList\"><option value=\"auto\">(Auto)</option><option value=\"0\">FishEye</option><option value=\"1\">OpenGrok</option><option value=\"2\">ViewCVS</option></select></td><td class=\"setting-help\"><a helpurl=\"/help/scm-browsers/list.html\" href=\"#\" class=\"help-button\" tabindex=\"9999\"><img src=\"/static/fd2e7eb0/images/16x16/help.png\" alt=\"Help for feature: Repository browser\" style=\"width: 16px; height: 16px; \" class=\"icon-help icon-sm\"></a></td></tr><tr class=\"dropdownList-container\"><td colspan=\"2\"></td><td colspan=\"2\"><table width=\"100%\" name=\"repositoryBrowser\"><tbody><tr class=\"dropdownList-start rowvg-start\"></tr><tr class=\"dropdownList-end rowvg-end\"></tr><tr class=\"dropdownList-start rowvg-start\" field-disabled=\"true\" style=\"display: none;\"></tr><tr class=\"render-on-demand \" proxy=\"makeStaplerProxy('/$stapler/bound/c362f04b-59b3-4ac0-a6bd-232ba933cfe3','d9558d1b-578e-4743-a240-8717f9f0c41e',['render'])\" field-disabled=\"true\" style=\"display: none;\"></tr><tr style=\"display: none;\" field-disabled=\"true\"><td><input name=\"stapler-class\" type=\"hidden\" value=\"hudson.scm.browsers.FishEyeCVS\"><input name=\"$class\" type=\"hidden\" value=\"hudson.scm.browsers.FishEyeCVS\"></td></tr><tr class=\"dropdownList-end rowvg-end\"></tr><tr class=\"dropdownList-start rowvg-start\" field-disabled=\"true\" style=\"display: none;\"></tr><tr class=\"render-on-demand \" proxy=\"makeStaplerProxy('/$stapler/bound/b4c29d94-1888-489c-bd88-5c2114effa9a','d9558d1b-578e-4743-a240-8717f9f0c41e',['render'])\" field-disabled=\"true\" style=\"display: none;\"></tr><tr style=\"display: none;\" field-disabled=\"true\"><td><input name=\"stapler-class\" type=\"hidden\" value=\"hudson.scm.browsers.OpenGrok\"><input name=\"$class\" type=\"hidden\" value=\"hudson.scm.browsers.OpenGrok\"></td></tr><tr class=\"dropdownList-end rowvg-end\"></tr><tr class=\"dropdownList-start rowvg-start\" field-disabled=\"true\" style=\"display: none;\"></tr><tr class=\"render-on-demand \" proxy=\"makeStaplerProxy('/$stapler/bound/b68e4818-759e-404e-bd77-4e80af51f679','d9558d1b-578e-4743-a240-8717f9f0c41e',['render'])\" field-disabled=\"true\" style=\"display: none;\"></tr><tr style=\"display: none;\" field-disabled=\"true\"><td><input name=\"stapler-class\" type=\"hidden\" value=\"hudson.scm.browsers.ViewCVS\"><input name=\"$class\" type=\"hidden\" value=\"hudson.scm.browsers.ViewCVS\"></td></tr><tr class=\"dropdownList-end rowvg-end\"></tr></tbody></table></td></tr><tr class=\"help-area\"><td></td><td colspan=\"2\"><div class=\"help\">Loading...</div></td><td></td></tr><tr><td class=\"setting-leftspace\">&nbsp;</td><td class=\"setting-name\">Exclude Regions</td><td class=\"setting-main\"><div class=\"repeated-container\"><div name=\"excludedRegions\" class=\"repeated-chunk first last only\"><table style=\"width:100%\"><tbody><tr><td class=\"setting-leftspace\">&nbsp;</td><td class=\"setting-name\">Pattern</td><td class=\"setting-main\">\n   \n\n  \n  <input checkdependson=\"\" checkurl=\"/job/molecular_voter/descriptorByName/hudson.scm.ExcludedRegion/checkPattern\" name=\"_.pattern\" type=\"text\" class=\"setting-input validated  \" value=\"\"></td><td class=\"setting-no-help\"></td></tr><tr class=\"validation-error-area\"><td colspan=\"2\"></td><td><div></div></td><td></td></tr><tr><td class=\"setting-leftspace\">&nbsp;</td><td class=\"setting-name\"></td><td class=\"setting-main\"><div align=\"right\"><span class=\"yui-button yui-push-button repeatable-add show-if-last\" id=\"yui-gen14\"><span class=\"first-child\"><button type=\"button\" tabindex=\"0\" id=\"yui-gen14-button\">Add more patterns...</button></span></span><span class=\"yui-button yui-push-button repeatable-delete show-if-not-only\" id=\"yui-gen23\"><span class=\"first-child\"><button type=\"button\" tabindex=\"0\" id=\"yui-gen23-button\">Delete</button></span></span></div></td><td class=\"setting-no-help\"></td></tr><tr class=\"validation-error-area\"><td colspan=\"2\"></td><td></td><td></td></tr></tbody></table></div><div class=\"repeatable-insertion-point\"></div></div></td><td class=\"setting-no-help\"></td></tr><tr class=\"validation-error-area\"><td colspan=\"2\"></td><td></td><td></td></tr><tr><td class=\"setting-leftspace\">&nbsp;</td><td class=\"setting-name\">Compression Level</td><td class=\"setting-main\">\n\n   \n  <select fillurl=\"/job/molecular_voter/descriptorByName/hudson.scm.CvsRepository/fillCompressionLevelItems\" name=\"_.compressionLevel\" class=\"setting-input  select \" value=\"\"><option value=\"-1\">System Default</option><option value=\"0\">None</option><option value=\"1\">1</option><option value=\"2\">2</option><option value=\"3\">3 (Recommended)</option><option value=\"4\">4</option><option value=\"5\">5</option><option value=\"6\">6</option><option value=\"7\">7</option><option value=\"8\">8</option><option value=\"9\">9</option></select></td><td class=\"setting-no-help\"></td></tr><tr class=\"validation-error-area\"><td colspan=\"2\"></td><td></td><td></td></tr></tbody></table></td><td></td></tr><tr><td class=\"setting-leftspace\">&nbsp;</td><td class=\"setting-name\"></td><td class=\"setting-main\"><div align=\"right\"><span class=\"yui-button yui-push-button repeatable-add show-if-last\" id=\"yui-gen15\"><span class=\"first-child\"><button type=\"button\" tabindex=\"0\" id=\"yui-gen15-button\">Add more repositories...</button></span></span><span class=\"yui-button yui-push-button repeatable-delete show-if-not-only\" id=\"yui-gen24\"><span class=\"first-child\"><button type=\"button\" tabindex=\"0\" id=\"yui-gen24-button\">Delete</button></span></span></div></td><td class=\"setting-no-help\"></td></tr><tr class=\"validation-error-area\"><td colspan=\"2\"></td><td></td><td></td></tr></tbody></table></div><div class=\"repeatable-insertion-point\"></div></div></td><td class=\"setting-no-help\"></td></tr><tr class=\"validation-error-area\" nameref=\"radio-block-10\" style=\"display: none;\"><td colspan=\"2\"></td><td></td><td></td></tr><tr nameref=\"radio-block-10\" style=\"display: none;\"><td class=\"setting-leftspace\">&nbsp;</td><td class=\"setting-name\">Use Update</td><td class=\"setting-main\"><input name=\"_.canUseUpdate\" checked=\"true\" type=\"checkbox\" class=\" \"></td><td class=\"setting-help\"><a helpurl=\"/descriptor/hudson.scm.CVSSCM/help/canUseUpdate\" href=\"#\" class=\"help-button\" tabindex=\"9999\"><img src=\"/static/fd2e7eb0/images/16x16/help.png\" alt=\"Help for feature: Use Update\" style=\"width: 16px; height: 16px; \" class=\"icon-help icon-sm\"></a></td></tr><tr class=\"validation-error-area\" nameref=\"radio-block-10\" style=\"display: none;\"><td colspan=\"2\"></td><td></td><td></td></tr><tr class=\"help-area\" nameref=\"radio-block-10\" style=\"display: none;\"><td></td><td colspan=\"2\"><div class=\"help\">Loading...</div></td><td></td></tr><tr nameref=\"radio-block-10\" style=\"display: none;\"><td class=\"setting-leftspace\">&nbsp;</td><td class=\"setting-name\">Prune Empty Directories</td><td class=\"setting-main\"><input name=\"_.pruneEmptyDirectories\" checked=\"true\" type=\"checkbox\" class=\" \"></td><td class=\"setting-help\"><a helpurl=\"/descriptor/hudson.scm.CVSSCM/help/pruneEmptyDirectories\" href=\"#\" class=\"help-button\" tabindex=\"9999\"><img src=\"/static/fd2e7eb0/images/16x16/help.png\" alt=\"Help for feature: Prune Empty Directories\" style=\"width: 16px; height: 16px; \" class=\"icon-help icon-sm\"></a></td></tr><tr class=\"validation-error-area\" nameref=\"radio-block-10\" style=\"display: none;\"><td colspan=\"2\"></td><td></td><td></td></tr><tr class=\"help-area\" nameref=\"radio-block-10\" style=\"display: none;\"><td></td><td colspan=\"2\"><div class=\"help\">Loading...</div></td><td></td></tr><tr nameref=\"radio-block-10\" style=\"display: none;\"><td class=\"setting-leftspace\">&nbsp;</td><td class=\"setting-name\">Legacy Mode</td><td class=\"setting-main\"><input name=\"_.legacy\" type=\"checkbox\" class=\" \"><label class=\"attach-previous\">(run CVS in a way compatible with older versions of Hudson &lt;1.21)</label></td><td class=\"setting-help\"><a helpurl=\"/descriptor/hudson.scm.CVSSCM/help/legacy\" href=\"#\" class=\"help-button\" tabindex=\"9999\"><img src=\"/static/fd2e7eb0/images/16x16/help.png\" alt=\"Help for feature: Legacy Mode\" style=\"width: 16px; height: 16px; \" class=\"icon-help icon-sm\"></a></td></tr><tr class=\"validation-error-area\" nameref=\"radio-block-10\" style=\"display: none;\"><td colspan=\"2\"></td><td></td><td></td></tr><tr class=\"help-area\" nameref=\"radio-block-10\" style=\"display: none;\"><td></td><td colspan=\"2\"><div class=\"help\">Loading...</div></td><td></td></tr><tr nameref=\"radio-block-10\" style=\"display: none;\"><td class=\"setting-leftspace\">&nbsp;</td><td class=\"setting-name\">Skip Changelog</td><td class=\"setting-main\"><input name=\"_.skipChangeLog\" type=\"checkbox\" class=\" \"></td><td class=\"setting-help\"><a helpurl=\"/descriptor/hudson.scm.CVSSCM/help/skipChangeLog\" href=\"#\" class=\"help-button\" tabindex=\"9999\"><img src=\"/static/fd2e7eb0/images/16x16/help.png\" alt=\"Help for feature: Skip Changelog\" style=\"width: 16px; height: 16px; \" class=\"icon-help icon-sm\"></a></td></tr><tr class=\"validation-error-area\" nameref=\"radio-block-10\" style=\"display: none;\"><td colspan=\"2\"></td><td></td><td></td></tr><tr class=\"help-area\" nameref=\"radio-block-10\" style=\"display: none;\"><td></td><td colspan=\"2\"><div class=\"help\">Loading...</div></td><td></td></tr><tr nameref=\"radio-block-10\" style=\"display: none;\"><td class=\"setting-leftspace\">&nbsp;</td><td class=\"setting-name\">Show all CVS output</td><td class=\"setting-main\"><input name=\"_.disableCvsQuiet\" type=\"checkbox\" class=\" \"></td><td class=\"setting-help\"><a helpurl=\"/descriptor/hudson.scm.CVSSCM/help/disableCvsQuiet\" href=\"#\" class=\"help-button\" tabindex=\"9999\"><img src=\"/static/fd2e7eb0/images/16x16/help.png\" alt=\"Help for feature: Show all CVS output\" style=\"width: 16px; height: 16px; \" class=\"icon-help icon-sm\"></a></td></tr><tr class=\"validation-error-area\" nameref=\"radio-block-10\" style=\"display: none;\"><td colspan=\"2\"></td><td></td><td></td></tr><tr class=\"help-area\" nameref=\"radio-block-10\" style=\"display: none;\"><td></td><td colspan=\"2\"><div class=\"help\">Loading...</div></td><td></td></tr><tr nameref=\"radio-block-10\" style=\"display: none;\"><td class=\"setting-leftspace\">&nbsp;</td><td class=\"setting-name\">Perform clean checkout on failed update</td><td class=\"setting-main\"><input name=\"_.cleanOnFailedUpdate\" type=\"checkbox\" class=\" \"></td><td class=\"setting-help\"><a helpurl=\"/descriptor/hudson.scm.CVSSCM/help/cleanOnFailedUpdate\" href=\"#\" class=\"help-button\" tabindex=\"9999\"><img src=\"/static/fd2e7eb0/images/16x16/help.png\" alt=\"Help for feature: Perform clean checkout on failed update\" style=\"width: 16px; height: 16px; \" class=\"icon-help icon-sm\"></a></td></tr><tr class=\"validation-error-area\" nameref=\"radio-block-10\" style=\"display: none;\"><td colspan=\"2\"></td><td></td><td></td></tr><tr class=\"help-area\" nameref=\"radio-block-10\" style=\"display: none;\"><td></td><td colspan=\"2\"><div class=\"help\">Loading...</div></td><td></td></tr><tr nameref=\"radio-block-10\" style=\"display: none;\"><td class=\"setting-leftspace\">&nbsp;</td><td class=\"setting-name\">Force clean copy for locally modified files</td><td class=\"setting-main\"><input name=\"_.forceCleanCopy\" type=\"checkbox\" class=\" \"></td><td class=\"setting-help\"><a helpurl=\"/descriptor/hudson.scm.CVSSCM/help/forceCleanCopy\" href=\"#\" class=\"help-button\" tabindex=\"9999\"><img src=\"/static/fd2e7eb0/images/16x16/help.png\" alt=\"Help for feature: Force clean copy for locally modified files\" style=\"width: 16px; height: 16px; \" class=\"icon-help icon-sm\"></a></td></tr><tr class=\"validation-error-area\" nameref=\"radio-block-10\" style=\"display: none;\"><td colspan=\"2\"></td><td></td><td></td></tr><tr class=\"help-area\" nameref=\"radio-block-10\" style=\"display: none;\"><td></td><td colspan=\"2\"><div class=\"help\">Loading...</div></td><td></td></tr><tr style=\"display:none\" class=\"row-set-end radio-block-end\"></tr><tr class=\"radio-block-start row-set-start\" hashelp=\"false\" ref=\"radio-block-11\"><td colspan=\"3\"><label><input name=\"scm\" type=\"radio\" value=\"2\" class=\"radio-block-control\" id=\"radio-block-11\" path=\"/scm[2]\">\n        CVS Projectset\n      </label></td><td class=\"setting-no-help\"></td></tr><tr nameref=\"radio-block-11\" style=\"display: none;\"><td class=\"setting-leftspace\">&nbsp;</td><td class=\"setting-name\"></td><td class=\"setting-main\"><div class=\"repeated-container\"><div name=\"repositories\" class=\"repeated-chunk first last only\"><table style=\"width:100%\"><tbody><tr><td class=\"setting-leftspace\">&nbsp;</td><td class=\"setting-name\">CVSROOT</td><td class=\"setting-main\">\n   \n\n  \n  <input checkdependson=\"\" checkurl=\"/job/molecular_voter/descriptorByName/hudson.scm.CvsRepository/checkCvsRoot\" name=\"_.cvsRoot\" type=\"text\" class=\"setting-input validated  \" value=\"\"></td><td class=\"setting-help\"><a helpurl=\"/descriptor/hudson.scm.CvsRepository/help/cvsRoot\" href=\"#\" class=\"help-button\" tabindex=\"9999\"><img src=\"/static/fd2e7eb0/images/16x16/help.png\" alt=\"Help for feature: CVSROOT\" style=\"width: 16px; height: 16px; \" class=\"icon-help icon-sm\"></a></td></tr><tr class=\"validation-error-area\"><td colspan=\"2\"></td><td><div class=\"error\"><img src=\"/static/fd2e7eb0/images/none.gif\" height=\"16\" width=\"1\">CVSROOT is mandatory</div></td><td></td></tr><tr class=\"help-area\"><td></td><td colspan=\"2\"><div class=\"help\">Loading...</div></td><td></td></tr><tr class=\"optional-block-start \" hashelp=\"false\" ref=\"cb26\"><td colspan=\"3\"><input onclick=\"javascript:updateOptionalBlock(this,true)\" name=\"passwordRequired\" type=\"checkbox\" class=\" \" id=\"cb26\"><label class=\"attach-previous\">This Connection Requires A Password</label></td><td class=\"setting-no-help\"></td></tr><tr class=\"rowvg-start\" style=\"display: none;\"></tr><tr style=\"display: none;\"><td class=\"setting-leftspace\">&nbsp;</td><td class=\"setting-name\">Password</td><td class=\"setting-main\"><input name=\"_.password\" type=\"password\" class=\"setting-input \" value=\"\"></td><td class=\"setting-no-help\"></td></tr><tr class=\"validation-error-area\" style=\"display: none;\"><td colspan=\"2\"></td><td></td><td></td></tr><tr class=\" rowvg-end optional-block-end\"></tr><tr><td class=\"setting-leftspace\">&nbsp;</td><td class=\"setting-name\"></td><td class=\"setting-main\"><div class=\"repeated-container\"><div name=\"repositoryItems\" class=\"repeated-chunk first last only\"><table style=\"width:100%\"><tbody><tr><td class=\"setting-leftspace\">&nbsp;</td><td class=\"setting-name\">Location</td><td class=\"setting-main\"><select class=\"setting-input dropdownList\"><option value=\"0\">Branch</option><option value=\"1\" selected=\"true\">Head</option><option value=\"2\">Tag</option></select></td><td class=\"setting-no-help\"></td></tr><tr class=\"dropdownList-container\"><td colspan=\"2\"></td><td colspan=\"2\"><table width=\"100%\" name=\"location\"><tbody><tr class=\"dropdownList-start rowvg-start\" field-disabled=\"true\" style=\"display: none;\"></tr><tr field-disabled=\"true\" style=\"display: none;\"><td class=\"setting-leftspace\">&nbsp;</td><td class=\"setting-name\">Branch Name</td><td class=\"setting-main\">\n   \n\n  \n  <input name=\"_.branchName\" type=\"text\" class=\"setting-input   \" value=\"\"></td><td class=\"setting-no-help\"></td></tr><tr class=\"validation-error-area\" field-disabled=\"true\" style=\"display: none;\"><td colspan=\"2\"></td><td></td><td></td></tr><tr field-disabled=\"true\" style=\"display: none;\"><td class=\"setting-leftspace\">&nbsp;</td><td class=\"setting-name\">Use Head If Not Found</td><td class=\"setting-main\"><input name=\"_.useHeadIfNotFound\" type=\"checkbox\" class=\" \"></td><td class=\"setting-no-help\"></td></tr><tr class=\"validation-error-area\" field-disabled=\"true\" style=\"display: none;\"><td colspan=\"2\"></td><td></td><td></td></tr><tr style=\"display: none;\" field-disabled=\"true\"><td><input name=\"stapler-class\" type=\"hidden\" value=\"hudson.scm.CvsRepositoryLocation$BranchRepositoryLocation\"><input name=\"$class\" type=\"hidden\" value=\"hudson.scm.CvsRepositoryLocation$BranchRepositoryLocation\"></td></tr><tr class=\"dropdownList-end rowvg-end\"></tr><tr class=\"dropdownList-start rowvg-start\"></tr><tr style=\"\"><td><input name=\"stapler-class\" type=\"hidden\" value=\"hudson.scm.CvsRepositoryLocation$HeadRepositoryLocation\"><input name=\"$class\" type=\"hidden\" value=\"hudson.scm.CvsRepositoryLocation$HeadRepositoryLocation\"></td></tr><tr class=\"dropdownList-end rowvg-end\"></tr><tr class=\"dropdownList-start rowvg-start\" field-disabled=\"true\" style=\"display: none;\"></tr><tr field-disabled=\"true\" style=\"display: none;\"><td class=\"setting-leftspace\">&nbsp;</td><td class=\"setting-name\">Tag Name</td><td class=\"setting-main\">\n   \n\n  \n  <input name=\"_.tagName\" type=\"text\" class=\"setting-input   \" value=\"\"></td><td class=\"setting-no-help\"></td></tr><tr class=\"validation-error-area\" field-disabled=\"true\" style=\"display: none;\"><td colspan=\"2\"></td><td></td><td></td></tr><tr field-disabled=\"true\" style=\"display: none;\"><td class=\"setting-leftspace\">&nbsp;</td><td class=\"setting-name\">Use Head If Not Found</td><td class=\"setting-main\"><input name=\"_.useHeadIfNotFound\" type=\"checkbox\" class=\" \"></td><td class=\"setting-no-help\"></td></tr><tr class=\"validation-error-area\" field-disabled=\"true\" style=\"display: none;\"><td colspan=\"2\"></td><td></td><td></td></tr><tr style=\"display: none;\" field-disabled=\"true\"><td><input name=\"stapler-class\" type=\"hidden\" value=\"hudson.scm.CvsRepositoryLocation$TagRepositoryLocation\"><input name=\"$class\" type=\"hidden\" value=\"hudson.scm.CvsRepositoryLocation$TagRepositoryLocation\"></td></tr><tr class=\"dropdownList-end rowvg-end\"></tr></tbody></table></td></tr><tr><td class=\"setting-leftspace\">&nbsp;</td><td class=\"setting-name\">Modules</td><td class=\"setting-main\"><div class=\"repeated-container\"><div name=\"modules\" class=\"repeated-chunk first last only\"><table style=\"width:100%\"><tbody><tr><td class=\"setting-leftspace\">&nbsp;</td><td class=\"setting-name\">Remote Name</td><td class=\"setting-main\">\n   \n\n  \n  <input checkdependson=\"\" checkurl=\"/job/molecular_voter/descriptorByName/hudson.scm.CvsModule/checkRemoteName\" name=\"_.remoteName\" type=\"text\" class=\"setting-input validated  \" value=\"\"></td><td class=\"setting-help\"><a helpurl=\"/descriptor/hudson.scm.CvsModule/help/remoteName\" href=\"#\" class=\"help-button\" tabindex=\"9999\"><img src=\"/static/fd2e7eb0/images/16x16/help.png\" alt=\"Help for feature: Remote Name\" style=\"width: 16px; height: 16px; \" class=\"icon-help icon-sm\"></a></td></tr><tr class=\"validation-error-area\"><td colspan=\"2\"></td><td><div class=\"error\"><img src=\"/static/fd2e7eb0/images/none.gif\" height=\"16\" width=\"1\">Remote Name is mandatory</div></td><td></td></tr><tr class=\"help-area\"><td></td><td colspan=\"2\"><div class=\"help\">Loading...</div></td><td></td></tr><tr><td class=\"setting-leftspace\">&nbsp;</td><td class=\"setting-name\">Local Name</td><td class=\"setting-main\">\n   \n\n  \n  <input name=\"_.localName\" type=\"text\" class=\"setting-input   \" value=\"\"></td><td class=\"setting-help\"><a helpurl=\"/descriptor/hudson.scm.CvsModule/help/localName\" href=\"#\" class=\"help-button\" tabindex=\"9999\"><img src=\"/static/fd2e7eb0/images/16x16/help.png\" alt=\"Help for feature: Local Name\" style=\"width: 16px; height: 16px; \" class=\"icon-help icon-sm\"></a></td></tr><tr class=\"validation-error-area\"><td colspan=\"2\"></td><td></td><td></td></tr><tr class=\"help-area\"><td></td><td colspan=\"2\"><div class=\"help\">Loading...</div></td><td></td></tr><tr><td class=\"setting-leftspace\">&nbsp;</td><td class=\"setting-name\">Projectset File Name</td><td class=\"setting-main\">\n   \n\n  \n  <input checkdependson=\"\" checkurl=\"/job/molecular_voter/descriptorByName/hudson.scm.CvsModule/checkProjectsetFileName\" name=\"_.projectsetFileName\" type=\"text\" class=\"setting-input validated  \" value=\"\"></td><td class=\"setting-help\"><a helpurl=\"/descriptor/hudson.scm.CvsModule/help/projectsetFileName\" href=\"#\" class=\"help-button\" tabindex=\"9999\"><img src=\"/static/fd2e7eb0/images/16x16/help.png\" alt=\"Help for feature: Projectset File Name\" style=\"width: 16px; height: 16px; \" class=\"icon-help icon-sm\"></a></td></tr><tr class=\"validation-error-area\"><td colspan=\"2\"></td><td><div class=\"error\"><img src=\"/static/fd2e7eb0/images/none.gif\" height=\"16\" width=\"1\">Projectset file name is mandatory</div></td><td></td></tr><tr class=\"help-area\"><td></td><td colspan=\"2\"><div class=\"help\">Loading...</div></td><td></td></tr><tr><td class=\"setting-leftspace\">&nbsp;</td><td class=\"setting-name\"></td><td class=\"setting-main\"><div align=\"right\"><span class=\"yui-button yui-push-button repeatable-add show-if-last\" id=\"yui-gen16\"><span class=\"first-child\"><button type=\"button\" tabindex=\"0\" id=\"yui-gen16-button\">Add more modules...</button></span></span><span class=\"yui-button yui-push-button repeatable-delete show-if-not-only\" id=\"yui-gen25\"><span class=\"first-child\"><button type=\"button\" tabindex=\"0\" id=\"yui-gen25-button\">Delete</button></span></span></div></td><td class=\"setting-no-help\"></td></tr><tr class=\"validation-error-area\"><td colspan=\"2\"></td><td></td><td></td></tr></tbody></table></div><div class=\"repeatable-insertion-point\"></div></div></td><td class=\"setting-no-help\"></td></tr><tr class=\"validation-error-area\"><td colspan=\"2\"></td><td></td><td></td></tr><tr><td class=\"setting-leftspace\">&nbsp;</td><td class=\"setting-name\"></td><td class=\"setting-main\"><div align=\"right\"><span class=\"yui-button yui-push-button repeatable-add show-if-last\" id=\"yui-gen17\"><span class=\"first-child\"><button type=\"button\" tabindex=\"0\" id=\"yui-gen17-button\">Add more locations...</button></span></span><span class=\"yui-button yui-push-button repeatable-delete show-if-not-only\" id=\"yui-gen26\"><span class=\"first-child\"><button type=\"button\" tabindex=\"0\" id=\"yui-gen26-button\">Delete</button></span></span></div></td><td class=\"setting-no-help\"></td></tr><tr class=\"validation-error-area\"><td colspan=\"2\"></td><td></td><td></td></tr></tbody></table></div><div class=\"repeatable-insertion-point\"></div></div></td><td class=\"setting-no-help\"></td></tr><tr class=\"validation-error-area\"><td colspan=\"2\"></td><td></td><td></td></tr><tr><td></td><td></td><td><div style=\"\" class=\"advancedLink\"><span style=\"display: none\" id=\"id24\"><img src=\"/static/fd2e7eb0/images/24x24/notepad.png\" tooltip=\"One or more fields in this block have been edited.\" style=\"width: 24px; height: 24px; vertical-align: baseline\" class=\"icon-notepad icon-md\" title=\"One or more fields in this block have been edited.\"></span>&nbsp;<span class=\"yui-button yui-push-button advanced-button advancedButton\" id=\"yui-gen9\"><span class=\"first-child\"><button type=\"button\" tabindex=\"0\" id=\"yui-gen9-button\">Advanced...</button></span></span></div><table class=\"advancedBody\"><tbody><tr><td colspan=\"4\"><div class=\"section-header\"><a id=\"section5\" class=\"section-anchor\">#</a>Advanced Repository Options</div></td></tr><tr><td class=\"setting-leftspace\">&nbsp;</td><td class=\"setting-name\">Repository browser</td><td class=\"setting-main\"><select class=\"setting-input dropdownList\"><option value=\"auto\">(Auto)</option><option value=\"0\">FishEye</option><option value=\"1\">OpenGrok</option><option value=\"2\">ViewCVS</option></select></td><td class=\"setting-help\"><a helpurl=\"/help/scm-browsers/list.html\" href=\"#\" class=\"help-button\" tabindex=\"9999\"><img src=\"/static/fd2e7eb0/images/16x16/help.png\" alt=\"Help for feature: Repository browser\" style=\"width: 16px; height: 16px; \" class=\"icon-help icon-sm\"></a></td></tr><tr class=\"dropdownList-container\"><td colspan=\"2\"></td><td colspan=\"2\"><table width=\"100%\" name=\"repositoryBrowser\"><tbody><tr class=\"dropdownList-start rowvg-start\"></tr><tr class=\"dropdownList-end rowvg-end\"></tr><tr class=\"dropdownList-start rowvg-start\" field-disabled=\"true\" style=\"display: none;\"></tr><tr class=\"render-on-demand \" proxy=\"makeStaplerProxy('/$stapler/bound/04062b24-6e7e-4686-9fc2-a4b53cece068','d9558d1b-578e-4743-a240-8717f9f0c41e',['render'])\" field-disabled=\"true\" style=\"display: none;\"></tr><tr style=\"display: none;\" field-disabled=\"true\"><td><input name=\"stapler-class\" type=\"hidden\" value=\"hudson.scm.browsers.FishEyeCVS\"><input name=\"$class\" type=\"hidden\" value=\"hudson.scm.browsers.FishEyeCVS\"></td></tr><tr class=\"dropdownList-end rowvg-end\"></tr><tr class=\"dropdownList-start rowvg-start\" field-disabled=\"true\" style=\"display: none;\"></tr><tr class=\"render-on-demand \" proxy=\"makeStaplerProxy('/$stapler/bound/8f7f8593-dbd6-4d0e-a93d-d42851ab5c5f','d9558d1b-578e-4743-a240-8717f9f0c41e',['render'])\" field-disabled=\"true\" style=\"display: none;\"></tr><tr style=\"display: none;\" field-disabled=\"true\"><td><input name=\"stapler-class\" type=\"hidden\" value=\"hudson.scm.browsers.OpenGrok\"><input name=\"$class\" type=\"hidden\" value=\"hudson.scm.browsers.OpenGrok\"></td></tr><tr class=\"dropdownList-end rowvg-end\"></tr><tr class=\"dropdownList-start rowvg-start\" field-disabled=\"true\" style=\"display: none;\"></tr><tr class=\"render-on-demand \" proxy=\"makeStaplerProxy('/$stapler/bound/c776ee91-08c4-4065-a5b8-cad857123a08','d9558d1b-578e-4743-a240-8717f9f0c41e',['render'])\" field-disabled=\"true\" style=\"display: none;\"></tr><tr style=\"display: none;\" field-disabled=\"true\"><td><input name=\"stapler-class\" type=\"hidden\" value=\"hudson.scm.browsers.ViewCVS\"><input name=\"$class\" type=\"hidden\" value=\"hudson.scm.browsers.ViewCVS\"></td></tr><tr class=\"dropdownList-end rowvg-end\"></tr></tbody></table></td></tr><tr class=\"help-area\"><td></td><td colspan=\"2\"><div class=\"help\">Loading...</div></td><td></td></tr><tr><td class=\"setting-leftspace\">&nbsp;</td><td class=\"setting-name\">Exclude Regions</td><td class=\"setting-main\"><div class=\"repeated-container\"><div name=\"excludedRegions\" class=\"repeated-chunk first last only\"><table style=\"width:100%\"><tbody><tr><td class=\"setting-leftspace\">&nbsp;</td><td class=\"setting-name\">Pattern</td><td class=\"setting-main\">\n   \n\n  \n  <input checkdependson=\"\" checkurl=\"/job/molecular_voter/descriptorByName/hudson.scm.ExcludedRegion/checkPattern\" name=\"_.pattern\" type=\"text\" class=\"setting-input validated  \" value=\"\"></td><td class=\"setting-no-help\"></td></tr><tr class=\"validation-error-area\"><td colspan=\"2\"></td><td><div></div></td><td></td></tr><tr><td class=\"setting-leftspace\">&nbsp;</td><td class=\"setting-name\"></td><td class=\"setting-main\"><div align=\"right\"><span class=\"yui-button yui-push-button repeatable-add show-if-last\" id=\"yui-gen18\"><span class=\"first-child\"><button type=\"button\" tabindex=\"0\" id=\"yui-gen18-button\">Add more patterns...</button></span></span><span class=\"yui-button yui-push-button repeatable-delete show-if-not-only\" id=\"yui-gen27\"><span class=\"first-child\"><button type=\"button\" tabindex=\"0\" id=\"yui-gen27-button\">Delete</button></span></span></div></td><td class=\"setting-no-help\"></td></tr><tr class=\"validation-error-area\"><td colspan=\"2\"></td><td></td><td></td></tr></tbody></table></div><div class=\"repeatable-insertion-point\"></div></div></td><td class=\"setting-no-help\"></td></tr><tr class=\"validation-error-area\"><td colspan=\"2\"></td><td></td><td></td></tr><tr><td class=\"setting-leftspace\">&nbsp;</td><td class=\"setting-name\">Compression Level</td><td class=\"setting-main\">\n\n   \n  <select fillurl=\"/job/molecular_voter/descriptorByName/hudson.scm.CvsRepository/fillCompressionLevelItems\" name=\"_.compressionLevel\" class=\"setting-input  select \" value=\"\"><option value=\"-1\">System Default</option><option value=\"0\">None</option><option value=\"1\">1</option><option value=\"2\">2</option><option value=\"3\">3 (Recommended)</option><option value=\"4\">4</option><option value=\"5\">5</option><option value=\"6\">6</option><option value=\"7\">7</option><option value=\"8\">8</option><option value=\"9\">9</option></select></td><td class=\"setting-no-help\"></td></tr><tr class=\"validation-error-area\"><td colspan=\"2\"></td><td></td><td></td></tr></tbody></table></td><td></td></tr><tr><td class=\"setting-leftspace\">&nbsp;</td><td class=\"setting-name\"></td><td class=\"setting-main\"><div align=\"right\"><span class=\"yui-button yui-push-button repeatable-add show-if-last\" id=\"yui-gen19\"><span class=\"first-child\"><button type=\"button\" tabindex=\"0\" id=\"yui-gen19-button\">Add more repositories...</button></span></span><span class=\"yui-button yui-push-button repeatable-delete show-if-not-only\" id=\"yui-gen28\"><span class=\"first-child\"><button type=\"button\" tabindex=\"0\" id=\"yui-gen28-button\">Delete</button></span></span></div></td><td class=\"setting-no-help\"></td></tr><tr class=\"validation-error-area\"><td colspan=\"2\"></td><td></td><td></td></tr></tbody></table></div><div class=\"repeatable-insertion-point\"></div></div></td><td class=\"setting-no-help\"></td></tr><tr class=\"validation-error-area\" nameref=\"radio-block-11\" style=\"display: none;\"><td colspan=\"2\"></td><td></td><td></td></tr><tr nameref=\"radio-block-11\" style=\"display: none;\"><td class=\"setting-leftspace\">&nbsp;</td><td class=\"setting-name\">Use Update</td><td class=\"setting-main\"><input name=\"_.canUseUpdate\" checked=\"true\" type=\"checkbox\" class=\" \"></td><td class=\"setting-help\"><a helpurl=\"/descriptor/hudson.scm.CvsProjectset/help/canUseUpdate\" href=\"#\" class=\"help-button\" tabindex=\"9999\"><img src=\"/static/fd2e7eb0/images/16x16/help.png\" alt=\"Help for feature: Use Update\" style=\"width: 16px; height: 16px; \" class=\"icon-help icon-sm\"></a></td></tr><tr class=\"validation-error-area\" nameref=\"radio-block-11\" style=\"display: none;\"><td colspan=\"2\"></td><td></td><td></td></tr><tr class=\"help-area\" nameref=\"radio-block-11\" style=\"display: none;\"><td></td><td colspan=\"2\"><div class=\"help\">Loading...</div></td><td></td></tr><tr nameref=\"radio-block-11\" style=\"display: none;\"><td class=\"setting-leftspace\">&nbsp;</td><td class=\"setting-name\">Username</td><td class=\"setting-main\">\n   \n\n  \n  <input name=\"_.username\" type=\"text\" class=\"setting-input   \" value=\"\"></td><td class=\"setting-help\"><a helpurl=\"/descriptor/hudson.scm.CvsProjectset/help/username\" href=\"#\" class=\"help-button\" tabindex=\"9999\"><img src=\"/static/fd2e7eb0/images/16x16/help.png\" alt=\"Help for feature: Username\" style=\"width: 16px; height: 16px; \" class=\"icon-help icon-sm\"></a></td></tr><tr class=\"validation-error-area\" nameref=\"radio-block-11\" style=\"display: none;\"><td colspan=\"2\"></td><td></td><td></td></tr><tr class=\"help-area\" nameref=\"radio-block-11\" style=\"display: none;\"><td></td><td colspan=\"2\"><div class=\"help\">Loading...</div></td><td></td></tr><tr nameref=\"radio-block-11\" style=\"display: none;\"><td class=\"setting-leftspace\">&nbsp;</td><td class=\"setting-name\">Password</td><td class=\"setting-main\"><input name=\"_.password\" type=\"password\" class=\"setting-input \" value=\"\"></td><td class=\"setting-help\"><a helpurl=\"/descriptor/hudson.scm.CvsProjectset/help/password\" href=\"#\" class=\"help-button\" tabindex=\"9999\"><img src=\"/static/fd2e7eb0/images/16x16/help.png\" alt=\"Help for feature: Password\" style=\"width: 16px; height: 16px; \" class=\"icon-help icon-sm\"></a></td></tr><tr class=\"validation-error-area\" nameref=\"radio-block-11\" style=\"display: none;\"><td colspan=\"2\"></td><td></td><td></td></tr><tr class=\"help-area\" nameref=\"radio-block-11\" style=\"display: none;\"><td></td><td colspan=\"2\"><div class=\"help\">Loading...</div></td><td></td></tr><tr nameref=\"radio-block-11\" style=\"display: none;\"><td class=\"setting-leftspace\">&nbsp;</td><td class=\"setting-name\">Prune Empty Directories</td><td class=\"setting-main\"><input name=\"_.pruneEmptyDirectories\" checked=\"true\" type=\"checkbox\" class=\" \"></td><td class=\"setting-help\"><a helpurl=\"/descriptor/hudson.scm.CvsProjectset/help/pruneEmptyDirectories\" href=\"#\" class=\"help-button\" tabindex=\"9999\"><img src=\"/static/fd2e7eb0/images/16x16/help.png\" alt=\"Help for feature: Prune Empty Directories\" style=\"width: 16px; height: 16px; \" class=\"icon-help icon-sm\"></a></td></tr><tr class=\"validation-error-area\" nameref=\"radio-block-11\" style=\"display: none;\"><td colspan=\"2\"></td><td></td><td></td></tr><tr class=\"help-area\" nameref=\"radio-block-11\" style=\"display: none;\"><td></td><td colspan=\"2\"><div class=\"help\">Loading...</div></td><td></td></tr><tr nameref=\"radio-block-11\" style=\"display: none;\"><td class=\"setting-leftspace\">&nbsp;</td><td class=\"setting-name\">Skip Changelog</td><td class=\"setting-main\"><input name=\"_.skipChangeLog\" type=\"checkbox\" class=\" \"></td><td class=\"setting-help\"><a helpurl=\"/descriptor/hudson.scm.CvsProjectset/help/skipChangeLog\" href=\"#\" class=\"help-button\" tabindex=\"9999\"><img src=\"/static/fd2e7eb0/images/16x16/help.png\" alt=\"Help for feature: Skip Changelog\" style=\"width: 16px; height: 16px; \" class=\"icon-help icon-sm\"></a></td></tr><tr class=\"validation-error-area\" nameref=\"radio-block-11\" style=\"display: none;\"><td colspan=\"2\"></td><td></td><td></td></tr><tr class=\"help-area\" nameref=\"radio-block-11\" style=\"display: none;\"><td></td><td colspan=\"2\"><div class=\"help\">Loading...</div></td><td></td></tr><tr nameref=\"radio-block-11\" style=\"display: none;\"><td class=\"setting-leftspace\">&nbsp;</td><td class=\"setting-name\">Show all CVS output</td><td class=\"setting-main\"><input name=\"_.disableCvsQuiet\" type=\"checkbox\" class=\" \"></td><td class=\"setting-help\"><a helpurl=\"/descriptor/hudson.scm.CvsProjectset/help/disableCvsQuiet\" href=\"#\" class=\"help-button\" tabindex=\"9999\"><img src=\"/static/fd2e7eb0/images/16x16/help.png\" alt=\"Help for feature: Show all CVS output\" style=\"width: 16px; height: 16px; \" class=\"icon-help icon-sm\"></a></td></tr><tr class=\"validation-error-area\" nameref=\"radio-block-11\" style=\"display: none;\"><td colspan=\"2\"></td><td></td><td></td></tr><tr class=\"help-area\" nameref=\"radio-block-11\" style=\"display: none;\"><td></td><td colspan=\"2\"><div class=\"help\">Loading...</div></td><td></td></tr><tr nameref=\"radio-block-11\" style=\"display: none;\"><td class=\"setting-leftspace\">&nbsp;</td><td class=\"setting-name\">Perform clean checkout on failed update</td><td class=\"setting-main\"><input name=\"_.cleanOnFailedUpdate\" type=\"checkbox\" class=\" \"></td><td class=\"setting-help\"><a helpurl=\"/descriptor/hudson.scm.CvsProjectset/help/cleanOnFailedUpdate\" href=\"#\" class=\"help-button\" tabindex=\"9999\"><img src=\"/static/fd2e7eb0/images/16x16/help.png\" alt=\"Help for feature: Perform clean checkout on failed update\" style=\"width: 16px; height: 16px; \" class=\"icon-help icon-sm\"></a></td></tr><tr class=\"validation-error-area\" nameref=\"radio-block-11\" style=\"display: none;\"><td colspan=\"2\"></td><td></td><td></td></tr><tr class=\"help-area\" nameref=\"radio-block-11\" style=\"display: none;\"><td></td><td colspan=\"2\"><div class=\"help\">Loading...</div></td><td></td></tr><tr nameref=\"radio-block-11\" style=\"display: none;\"><td class=\"setting-leftspace\">&nbsp;</td><td class=\"setting-name\">Repository browser</td><td class=\"setting-main\"><select class=\"setting-input dropdownList\"><option value=\"auto\">(Auto)</option><option value=\"0\">Cvs Facade Repository Browser</option><option value=\"1\">FishEye</option><option value=\"2\">OpenGrok</option><option value=\"3\">ViewCVS</option></select></td><td class=\"setting-help\"><a helpurl=\"/help/scm-browsers/list.html\" href=\"#\" class=\"help-button\" tabindex=\"9999\"><img src=\"/static/fd2e7eb0/images/16x16/help.png\" alt=\"Help for feature: Repository browser\" style=\"width: 16px; height: 16px; \" class=\"icon-help icon-sm\"></a></td></tr><tr class=\"dropdownList-container\" nameref=\"radio-block-11\" style=\"display: none;\"><td colspan=\"2\"></td><td colspan=\"2\"><table width=\"100%\" name=\"cvs.browser\"><tbody><tr class=\"dropdownList-start rowvg-start\"></tr><tr class=\"dropdownList-end rowvg-end\"></tr><tr class=\"dropdownList-start rowvg-start\" field-disabled=\"true\" style=\"display: none;\"></tr><tr class=\"render-on-demand \" proxy=\"makeStaplerProxy('/$stapler/bound/e7281308-9c37-4d04-9a1a-6f31237047cb','d9558d1b-578e-4743-a240-8717f9f0c41e',['render'])\" field-disabled=\"true\" style=\"display: none;\"></tr><tr style=\"display: none;\" field-disabled=\"true\"><td><input name=\"stapler-class\" type=\"hidden\" value=\"hudson.scm.browsers.CvsFacadeRepositoryBrowser\"><input name=\"$class\" type=\"hidden\" value=\"hudson.scm.browsers.CvsFacadeRepositoryBrowser\"></td></tr><tr class=\"dropdownList-end rowvg-end\"></tr><tr class=\"dropdownList-start rowvg-start\" field-disabled=\"true\" style=\"display: none;\"></tr><tr class=\"render-on-demand \" proxy=\"makeStaplerProxy('/$stapler/bound/63f29110-9075-41c7-a089-ecbca4f5f17b','d9558d1b-578e-4743-a240-8717f9f0c41e',['render'])\" field-disabled=\"true\" style=\"display: none;\"></tr><tr style=\"display: none;\" field-disabled=\"true\"><td><input name=\"stapler-class\" type=\"hidden\" value=\"hudson.scm.browsers.FishEyeCVS\"><input name=\"$class\" type=\"hidden\" value=\"hudson.scm.browsers.FishEyeCVS\"></td></tr><tr class=\"dropdownList-end rowvg-end\"></tr><tr class=\"dropdownList-start rowvg-start\" field-disabled=\"true\" style=\"display: none;\"></tr><tr class=\"render-on-demand \" proxy=\"makeStaplerProxy('/$stapler/bound/9f72f8ac-3680-4174-9c59-1046cdc63880','d9558d1b-578e-4743-a240-8717f9f0c41e',['render'])\" field-disabled=\"true\" style=\"display: none;\"></tr><tr style=\"display: none;\" field-disabled=\"true\"><td><input name=\"stapler-class\" type=\"hidden\" value=\"hudson.scm.browsers.OpenGrok\"><input name=\"$class\" type=\"hidden\" value=\"hudson.scm.browsers.OpenGrok\"></td></tr><tr class=\"dropdownList-end rowvg-end\"></tr><tr class=\"dropdownList-start rowvg-start\" field-disabled=\"true\" style=\"display: none;\"></tr><tr class=\"render-on-demand \" proxy=\"makeStaplerProxy('/$stapler/bound/86528b1a-2442-4353-8b3d-4c8ba7fca065','d9558d1b-578e-4743-a240-8717f9f0c41e',['render'])\" field-disabled=\"true\" style=\"display: none;\"></tr><tr style=\"display: none;\" field-disabled=\"true\"><td><input name=\"stapler-class\" type=\"hidden\" value=\"hudson.scm.browsers.ViewCVS\"><input name=\"$class\" type=\"hidden\" value=\"hudson.scm.browsers.ViewCVS\"></td></tr><tr class=\"dropdownList-end rowvg-end\"></tr></tbody></table></td></tr><tr class=\"help-area\" nameref=\"radio-block-11\" style=\"display: none;\"><td></td><td colspan=\"2\"><div class=\"help\">Loading...</div></td><td></td></tr><tr style=\"display:none\" class=\"row-set-end radio-block-end\"></tr><tr class=\"radio-block-start row-set-start\" hashelp=\"false\" ref=\"radio-block-12\"><td colspan=\"3\"><label><input name=\"scm\" type=\"radio\" value=\"3\" class=\"radio-block-control\" id=\"radio-block-12\" path=\"/scm[3]\">\n        Subversion\n      </label></td><td class=\"setting-no-help\"></td></tr><tr nameref=\"radio-block-12\" style=\"display: none;\"><td class=\"setting-leftspace\">&nbsp;</td><td class=\"setting-name\">Modules</td><td class=\"setting-main\"><div class=\"repeated-container\"><div name=\"locations\" class=\"repeated-chunk first last only\"><table width=\"100%\"><tbody><tr><td class=\"setting-leftspace\">&nbsp;</td><td class=\"setting-name\">Repository URL</td><td class=\"setting-main\">\n   \n\n  \n  <input checkdependson=\"\" id=\"svn.remote.loc\" checkurl=\"/job/molecular_voter/descriptorByName/hudson.scm.SubversionSCM/checkRemote\" name=\"_.remote\" type=\"text\" class=\"setting-input validated  \" value=\"\"></td><td class=\"setting-help\"><a helpurl=\"/scm/SubversionSCM/url-help\" href=\"#\" class=\"help-button\" tabindex=\"9999\"><img src=\"/static/fd2e7eb0/images/16x16/help.png\" alt=\"Help for feature: Repository URL\" style=\"width: 16px; height: 16px; \" class=\"icon-help icon-sm\"></a></td></tr><tr class=\"validation-error-area\"><td colspan=\"2\"></td><td><div class=\"error\"><img src=\"/static/fd2e7eb0/images/none.gif\" height=\"16\" width=\"1\">Repository URL is required.</div></td><td></td></tr><tr class=\"help-area\"><td></td><td colspan=\"2\"><div class=\"help\">Loading...</div></td><td></td></tr><tr><td class=\"setting-leftspace\">&nbsp;</td><td class=\"setting-name\">Local module directory (optional)</td><td class=\"setting-main\">\n   \n\n  \n  <input checkdependson=\"\" checkurl=\"/job/molecular_voter/descriptorByName/hudson.scm.SubversionSCM/checkLocal\" name=\"_.local\" type=\"text\" class=\"setting-input validated  \" value=\".\"></td><td class=\"setting-help\"><a helpurl=\"/descriptor/hudson.scm.SubversionSCM/help/local\" href=\"#\" class=\"help-button\" tabindex=\"9999\"><img src=\"/static/fd2e7eb0/images/16x16/help.png\" alt=\"Help for feature: Local module directory (optional)\" style=\"width: 16px; height: 16px; \" class=\"icon-help icon-sm\"></a></td></tr><tr class=\"validation-error-area\"><td colspan=\"2\"></td><td><div></div></td><td></td></tr><tr class=\"help-area\"><td></td><td colspan=\"2\"><div class=\"help\">Loading...</div></td><td></td></tr><tr><td class=\"setting-leftspace\">&nbsp;</td><td class=\"setting-name\">Repository depth</td><td class=\"setting-main\"><select name=\"depthOption\"><option value=\"infinity\">infinity</option><option value=\"empty\">empty</option><option value=\"files\">files</option><option value=\"immediates\">immediates</option><option value=\"unknown\">as-it-is</option></select></td><td class=\"setting-help\"><a helpurl=\"/descriptor/hudson.scm.SubversionSCM/help/depthOption\" href=\"#\" class=\"help-button\" tabindex=\"9999\"><img src=\"/static/fd2e7eb0/images/16x16/help.png\" alt=\"Help for feature: Repository depth\" style=\"width: 16px; height: 16px; \" class=\"icon-help icon-sm\"></a></td></tr><tr class=\"validation-error-area\"><td colspan=\"2\"></td><td></td><td></td></tr><tr class=\"help-area\"><td></td><td colspan=\"2\"><div class=\"help\">Loading...</div></td><td></td></tr><tr><td class=\"setting-leftspace\">&nbsp;</td><td class=\"setting-name\">Ignore externals</td><td class=\"setting-main\"><input name=\"_.ignoreExternalsOption\" type=\"checkbox\" class=\" \"></td><td class=\"setting-help\"><a helpurl=\"/descriptor/hudson.scm.SubversionSCM/help/ignoreExternalsOption\" href=\"#\" class=\"help-button\" tabindex=\"9999\"><img src=\"/static/fd2e7eb0/images/16x16/help.png\" alt=\"Help for feature: Ignore externals\" style=\"width: 16px; height: 16px; \" class=\"icon-help icon-sm\"></a></td></tr><tr class=\"validation-error-area\"><td colspan=\"2\"></td><td></td><td></td></tr><tr class=\"help-area\"><td></td><td colspan=\"2\"><div class=\"help\">Loading...</div></td><td></td></tr><tr><td class=\"setting-leftspace\">&nbsp;</td><td class=\"setting-name\"></td><td class=\"setting-main\"><div align=\"right\"><span class=\"yui-button yui-push-button repeatable-add show-if-last\" id=\"yui-gen20\"><span class=\"first-child\"><button type=\"button\" tabindex=\"0\" id=\"yui-gen20-button\">Add more locations...</button></span></span><span class=\"yui-button yui-push-button repeatable-delete show-if-not-only\" id=\"yui-gen29\"><span class=\"first-child\"><button type=\"button\" tabindex=\"0\" id=\"yui-gen29-button\">Delete</button></span></span></div></td><td class=\"setting-no-help\"></td></tr><tr class=\"validation-error-area\"><td colspan=\"2\"></td><td></td><td></td></tr></tbody></table></div><div class=\"repeatable-insertion-point\"></div></div></td><td class=\"setting-no-help\"></td></tr><tr class=\"validation-error-area\" nameref=\"radio-block-12\" style=\"display: none;\"><td colspan=\"2\"></td><td></td><td></td></tr><tr nameref=\"radio-block-12\" style=\"display: none;\"><td class=\"setting-leftspace\">&nbsp;</td><td class=\"setting-name\">Check-out Strategy</td><td class=\"setting-main\"><select class=\"setting-input dropdownList\"><option value=\"0\">Use 'svn update' as much as possible</option><option value=\"1\">Always check out a fresh copy</option><option value=\"2\">Emulate clean checkout by first deleting unversioned/ignored files, then 'svn update'</option><option value=\"3\">Use 'svn update' as much as possible, with 'svn revert' before update</option></select></td><td class=\"setting-no-help\"></td></tr><tr class=\"dropdownList-container\" nameref=\"radio-block-12\" style=\"display: none;\"><td colspan=\"2\"></td><td colspan=\"2\"><table width=\"100%\" name=\"workspaceUpdater\"><tbody><tr class=\"dropdownList-start rowvg-start\"></tr>\n      \n      <tr><td colspan=\"2\"></td><td class=\"setting-description\">Use 'svn update' whenever possible, making the build faster. But this causes the artifacts from the previous build to remain when a new build starts.</td><td></td></tr><tr style=\"\"><td><input name=\"stapler-class\" type=\"hidden\" value=\"hudson.scm.subversion.UpdateUpdater\"><input name=\"$class\" type=\"hidden\" value=\"hudson.scm.subversion.UpdateUpdater\"></td></tr><tr class=\"dropdownList-end rowvg-end\"></tr><tr class=\"dropdownList-start rowvg-start\" field-disabled=\"true\" style=\"display: none;\"></tr><tr class=\"render-on-demand \" proxy=\"makeStaplerProxy('/$stapler/bound/82d2422b-b2e1-449d-b4cd-48dec4b0d92a','d9558d1b-578e-4743-a240-8717f9f0c41e',['render'])\" field-disabled=\"true\" style=\"display: none;\"></tr><tr style=\"display: none;\" field-disabled=\"true\"><td><input name=\"stapler-class\" type=\"hidden\" value=\"hudson.scm.subversion.CheckoutUpdater\"><input name=\"$class\" type=\"hidden\" value=\"hudson.scm.subversion.CheckoutUpdater\"></td></tr><tr class=\"dropdownList-end rowvg-end\"></tr><tr class=\"dropdownList-start rowvg-start\" field-disabled=\"true\" style=\"display: none;\"></tr><tr class=\"render-on-demand \" proxy=\"makeStaplerProxy('/$stapler/bound/7b81285b-14a5-4648-8e1e-fa2d078bcd6a','d9558d1b-578e-4743-a240-8717f9f0c41e',['render'])\" field-disabled=\"true\" style=\"display: none;\"></tr><tr style=\"display: none;\" field-disabled=\"true\"><td><input name=\"stapler-class\" type=\"hidden\" value=\"hudson.scm.subversion.UpdateWithCleanUpdater\"><input name=\"$class\" type=\"hidden\" value=\"hudson.scm.subversion.UpdateWithCleanUpdater\"></td></tr><tr class=\"dropdownList-end rowvg-end\"></tr><tr class=\"dropdownList-start rowvg-start\" field-disabled=\"true\" style=\"display: none;\"></tr><tr class=\"render-on-demand \" proxy=\"makeStaplerProxy('/$stapler/bound/0eb44ccd-b123-4a22-a91a-0995846d3c17','d9558d1b-578e-4743-a240-8717f9f0c41e',['render'])\" field-disabled=\"true\" style=\"display: none;\"></tr><tr style=\"display: none;\" field-disabled=\"true\"><td><input name=\"stapler-class\" type=\"hidden\" value=\"hudson.scm.subversion.UpdateWithRevertUpdater\"><input name=\"$class\" type=\"hidden\" value=\"hudson.scm.subversion.UpdateWithRevertUpdater\"></td></tr><tr class=\"dropdownList-end rowvg-end\"></tr></tbody></table></td></tr><tr nameref=\"radio-block-12\" style=\"display: none;\"><td class=\"setting-leftspace\">&nbsp;</td><td class=\"setting-name\">Repository browser</td><td class=\"setting-main\"><select class=\"setting-input dropdownList\"><option value=\"auto\">(Auto)</option><option value=\"0\">Assembla</option><option value=\"1\">CollabNet</option><option value=\"2\">FishEye</option><option value=\"3\">SVN::Web</option><option value=\"4\">Sventon 1.x</option><option value=\"5\">Sventon 2.x</option><option value=\"6\">ViewSVN</option><option value=\"7\">WebSVN</option></select></td><td class=\"setting-help\"><a helpurl=\"/help/scm-browsers/list.html\" href=\"#\" class=\"help-button\" tabindex=\"9999\"><img src=\"/static/fd2e7eb0/images/16x16/help.png\" alt=\"Help for feature: Repository browser\" style=\"width: 16px; height: 16px; \" class=\"icon-help icon-sm\"></a></td></tr><tr class=\"dropdownList-container\" nameref=\"radio-block-12\" style=\"display: none;\"><td colspan=\"2\"></td><td colspan=\"2\"><table width=\"100%\" name=\"svn.browser\"><tbody><tr class=\"dropdownList-start rowvg-start\"></tr><tr class=\"dropdownList-end rowvg-end\"></tr><tr class=\"dropdownList-start rowvg-start\" field-disabled=\"true\" style=\"display: none;\"></tr><tr class=\"render-on-demand \" proxy=\"makeStaplerProxy('/$stapler/bound/2d0986f1-1410-47d8-912e-500cee1505e8','d9558d1b-578e-4743-a240-8717f9f0c41e',['render'])\" field-disabled=\"true\" style=\"display: none;\"></tr><tr style=\"display: none;\" field-disabled=\"true\"><td><input name=\"stapler-class\" type=\"hidden\" value=\"hudson.scm.browsers.Assembla\"><input name=\"$class\" type=\"hidden\" value=\"hudson.scm.browsers.Assembla\"></td></tr><tr class=\"dropdownList-end rowvg-end\"></tr><tr class=\"dropdownList-start rowvg-start\" field-disabled=\"true\" style=\"display: none;\"></tr><tr class=\"render-on-demand \" proxy=\"makeStaplerProxy('/$stapler/bound/2e3572b9-1336-42f9-ab8f-8f68f1cc3b9f','d9558d1b-578e-4743-a240-8717f9f0c41e',['render'])\" field-disabled=\"true\" style=\"display: none;\"></tr><tr style=\"display: none;\" field-disabled=\"true\"><td><input name=\"stapler-class\" type=\"hidden\" value=\"hudson.scm.browsers.CollabNetSVN\"><input name=\"$class\" type=\"hidden\" value=\"hudson.scm.browsers.CollabNetSVN\"></td></tr><tr class=\"dropdownList-end rowvg-end\"></tr><tr class=\"dropdownList-start rowvg-start\" field-disabled=\"true\" style=\"display: none;\"></tr><tr class=\"render-on-demand \" proxy=\"makeStaplerProxy('/$stapler/bound/0ac55bc8-789d-4f37-9314-10a65e9c2f34','d9558d1b-578e-4743-a240-8717f9f0c41e',['render'])\" field-disabled=\"true\" style=\"display: none;\"></tr><tr style=\"display: none;\" field-disabled=\"true\"><td><input name=\"stapler-class\" type=\"hidden\" value=\"hudson.scm.browsers.FishEyeSVN\"><input name=\"$class\" type=\"hidden\" value=\"hudson.scm.browsers.FishEyeSVN\"></td></tr><tr class=\"dropdownList-end rowvg-end\"></tr><tr class=\"dropdownList-start rowvg-start\" field-disabled=\"true\" style=\"display: none;\"></tr><tr class=\"render-on-demand \" proxy=\"makeStaplerProxy('/$stapler/bound/9e5e149d-a99e-4b89-809a-9fc261090ba8','d9558d1b-578e-4743-a240-8717f9f0c41e',['render'])\" field-disabled=\"true\" style=\"display: none;\"></tr><tr style=\"display: none;\" field-disabled=\"true\"><td><input name=\"stapler-class\" type=\"hidden\" value=\"hudson.scm.browsers.SVNWeb\"><input name=\"$class\" type=\"hidden\" value=\"hudson.scm.browsers.SVNWeb\"></td></tr><tr class=\"dropdownList-end rowvg-end\"></tr><tr class=\"dropdownList-start rowvg-start\" field-disabled=\"true\" style=\"display: none;\"></tr><tr class=\"render-on-demand \" proxy=\"makeStaplerProxy('/$stapler/bound/3a704380-c5fa-4c47-9b42-f515dbb01213','d9558d1b-578e-4743-a240-8717f9f0c41e',['render'])\" field-disabled=\"true\" style=\"display: none;\"></tr><tr style=\"display: none;\" field-disabled=\"true\"><td><input name=\"stapler-class\" type=\"hidden\" value=\"hudson.scm.browsers.Sventon\"><input name=\"$class\" type=\"hidden\" value=\"hudson.scm.browsers.Sventon\"></td></tr><tr class=\"dropdownList-end rowvg-end\"></tr><tr class=\"dropdownList-start rowvg-start\" field-disabled=\"true\" style=\"display: none;\"></tr><tr class=\"render-on-demand \" proxy=\"makeStaplerProxy('/$stapler/bound/b4bc496e-9406-4b19-9f38-009085a20a58','d9558d1b-578e-4743-a240-8717f9f0c41e',['render'])\" field-disabled=\"true\" style=\"display: none;\"></tr><tr style=\"display: none;\" field-disabled=\"true\"><td><input name=\"stapler-class\" type=\"hidden\" value=\"hudson.scm.browsers.Sventon2\"><input name=\"$class\" type=\"hidden\" value=\"hudson.scm.browsers.Sventon2\"></td></tr><tr class=\"dropdownList-end rowvg-end\"></tr><tr class=\"dropdownList-start rowvg-start\" field-disabled=\"true\" style=\"display: none;\"></tr><tr class=\"render-on-demand \" proxy=\"makeStaplerProxy('/$stapler/bound/8681d607-f864-47aa-8ee5-d12dbe381368','d9558d1b-578e-4743-a240-8717f9f0c41e',['render'])\" field-disabled=\"true\" style=\"display: none;\"></tr><tr style=\"display: none;\" field-disabled=\"true\"><td><input name=\"stapler-class\" type=\"hidden\" value=\"hudson.scm.browsers.ViewSVN\"><input name=\"$class\" type=\"hidden\" value=\"hudson.scm.browsers.ViewSVN\"></td></tr><tr class=\"dropdownList-end rowvg-end\"></tr><tr class=\"dropdownList-start rowvg-start\" field-disabled=\"true\" style=\"display: none;\"></tr><tr class=\"render-on-demand \" proxy=\"makeStaplerProxy('/$stapler/bound/9b383386-ec6e-485a-bb0e-af42f654d700','d9558d1b-578e-4743-a240-8717f9f0c41e',['render'])\" field-disabled=\"true\" style=\"display: none;\"></tr><tr style=\"display: none;\" field-disabled=\"true\"><td><input name=\"stapler-class\" type=\"hidden\" value=\"hudson.scm.browsers.WebSVN\"><input name=\"$class\" type=\"hidden\" value=\"hudson.scm.browsers.WebSVN\"></td></tr><tr class=\"dropdownList-end rowvg-end\"></tr></tbody></table></td></tr><tr class=\"help-area\" nameref=\"radio-block-12\" style=\"display: none;\"><td></td><td colspan=\"2\"><div class=\"help\">Loading...</div></td><td></td></tr><tr nameref=\"radio-block-12\" style=\"display: none;\"><td></td><td></td><td><div style=\"\" class=\"advancedLink\"><span style=\"display: none\" id=\"id25\"><img src=\"/static/fd2e7eb0/images/24x24/notepad.png\" tooltip=\"One or more fields in this block have been edited.\" style=\"width: 24px; height: 24px; vertical-align: baseline\" class=\"icon-notepad icon-md\" title=\"One or more fields in this block have been edited.\"></span>&nbsp;<span class=\"yui-button yui-push-button advanced-button advancedButton\" id=\"yui-gen10\"><span class=\"first-child\"><button type=\"button\" tabindex=\"0\" id=\"yui-gen10-button\">Advanced...</button></span></span></div><table class=\"advancedBody\"><tbody><tr><td class=\"setting-leftspace\">&nbsp;</td><td class=\"setting-name\">Ignore Property Changes on directories</td><td class=\"setting-main\"><input name=\"_.ignoreDirPropChanges\" type=\"checkbox\" class=\" \"></td><td class=\"setting-help\"><a helpurl=\"/descriptor/hudson.scm.SubversionSCM/help/ignoreDirPropChanges\" href=\"#\" class=\"help-button\" tabindex=\"9999\"><img src=\"/static/fd2e7eb0/images/16x16/help.png\" alt=\"Help for feature: Ignore Property Changes on directories\" style=\"width: 16px; height: 16px; \" class=\"icon-help icon-sm\"></a></td></tr><tr class=\"validation-error-area\"><td colspan=\"2\"></td><td></td><td></td></tr><tr class=\"help-area\"><td></td><td colspan=\"2\"><div class=\"help\">Loading...</div></td><td></td></tr><tr><td class=\"setting-leftspace\">&nbsp;</td><td class=\"setting-name\">Excluded Regions</td><td class=\"setting-main\"><textarea checkdependson=\"\" name=\"_.excludedRegions\" rows=\"5\" class=\"setting-input validated  \" checkurl=\"/job/molecular_voter/descriptorByName/hudson.scm.SubversionSCM/checkExcludedRegions\"></textarea><div class=\"textarea-handle\"></div></td><td class=\"setting-help\"><a helpurl=\"/descriptor/hudson.scm.SubversionSCM/help/excludedRegions\" href=\"#\" class=\"help-button\" tabindex=\"9999\"><img src=\"/static/fd2e7eb0/images/16x16/help.png\" alt=\"Help for feature: Excluded Regions\" style=\"width: 16px; height: 16px; \" class=\"icon-help icon-sm\"></a></td></tr><tr class=\"validation-error-area\"><td colspan=\"2\"></td><td><div></div></td><td></td></tr><tr class=\"help-area\"><td></td><td colspan=\"2\"><div class=\"help\">Loading...</div></td><td></td></tr><tr><td class=\"setting-leftspace\">&nbsp;</td><td class=\"setting-name\">Included Regions</td><td class=\"setting-main\"><textarea checkdependson=\"\" name=\"_.includedRegions\" rows=\"5\" class=\"setting-input validated  \" checkurl=\"/job/molecular_voter/descriptorByName/hudson.scm.SubversionSCM/checkIncludedRegions\"></textarea><div class=\"textarea-handle\"></div></td><td class=\"setting-help\"><a helpurl=\"/descriptor/hudson.scm.SubversionSCM/help/includedRegions\" href=\"#\" class=\"help-button\" tabindex=\"9999\"><img src=\"/static/fd2e7eb0/images/16x16/help.png\" alt=\"Help for feature: Included Regions\" style=\"width: 16px; height: 16px; \" class=\"icon-help icon-sm\"></a></td></tr><tr class=\"validation-error-area\"><td colspan=\"2\"></td><td><div></div></td><td></td></tr><tr class=\"help-area\"><td></td><td colspan=\"2\"><div class=\"help\">Loading...</div></td><td></td></tr><tr><td class=\"setting-leftspace\">&nbsp;</td><td class=\"setting-name\">Excluded Users</td><td class=\"setting-main\"><textarea checkdependson=\"\" name=\"_.excludedUsers\" rows=\"5\" class=\"setting-input validated  \" checkurl=\"/job/molecular_voter/descriptorByName/hudson.scm.SubversionSCM/checkExcludedUsers\"></textarea><div class=\"textarea-handle\"></div></td><td class=\"setting-help\"><a helpurl=\"/descriptor/hudson.scm.SubversionSCM/help/excludedUsers\" href=\"#\" class=\"help-button\" tabindex=\"9999\"><img src=\"/static/fd2e7eb0/images/16x16/help.png\" alt=\"Help for feature: Excluded Users\" style=\"width: 16px; height: 16px; \" class=\"icon-help icon-sm\"></a></td></tr><tr class=\"validation-error-area\"><td colspan=\"2\"></td><td><div></div></td><td></td></tr><tr class=\"help-area\"><td></td><td colspan=\"2\"><div class=\"help\">Loading...</div></td><td></td></tr><tr><td class=\"setting-leftspace\">&nbsp;</td><td class=\"setting-name\">Excluded Commit Messages</td><td class=\"setting-main\"><textarea checkdependson=\"\" name=\"_.excludedCommitMessages\" rows=\"5\" class=\"setting-input validated  \" checkurl=\"/job/molecular_voter/descriptorByName/hudson.scm.SubversionSCM/checkExcludedCommitMessages\"></textarea><div class=\"textarea-handle\"></div></td><td class=\"setting-help\"><a helpurl=\"/descriptor/hudson.scm.SubversionSCM/help/excludedCommitMessages\" href=\"#\" class=\"help-button\" tabindex=\"9999\"><img src=\"/static/fd2e7eb0/images/16x16/help.png\" alt=\"Help for feature: Excluded Commit Messages\" style=\"width: 16px; height: 16px; \" class=\"icon-help icon-sm\"></a></td></tr><tr class=\"validation-error-area\"><td colspan=\"2\"></td><td><div></div></td><td></td></tr><tr class=\"help-area\"><td></td><td colspan=\"2\"><div class=\"help\">Loading...</div></td><td></td></tr><tr><td class=\"setting-leftspace\">&nbsp;</td><td class=\"setting-name\">Exclusion revprop name</td><td class=\"setting-main\">\n   \n\n  \n  <input checkurl=\"'descriptorByName/hudson.scm.SubversionSCM/checkRevisionPropertiesSupported?value='+toValue(document.getElementById('svn.remote.loc'))\" name=\"_.excludedRevprop\" type=\"text\" class=\"setting-input validated  \" value=\"\"></td><td class=\"setting-help\"><a helpurl=\"/descriptor/hudson.scm.SubversionSCM/help/excludedRevprop\" href=\"#\" class=\"help-button\" tabindex=\"9999\"><img src=\"/static/fd2e7eb0/images/16x16/help.png\" alt=\"Help for feature: Exclusion revprop name\" style=\"width: 16px; height: 16px; \" class=\"icon-help icon-sm\"></a></td></tr><tr class=\"validation-error-area\"><td colspan=\"2\"></td><td><div></div></td><td></td></tr><tr class=\"help-area\"><td></td><td colspan=\"2\"><div class=\"help\">Loading...</div></td><td></td></tr><tr><td class=\"setting-leftspace\">&nbsp;</td><td class=\"setting-name\">Filter changelog</td><td class=\"setting-main\"><input name=\"_.filterChangelog\" type=\"checkbox\" class=\" \"></td><td class=\"setting-help\"><a helpurl=\"/descriptor/hudson.scm.SubversionSCM/help/filterChangelog\" href=\"#\" class=\"help-button\" tabindex=\"9999\"><img src=\"/static/fd2e7eb0/images/16x16/help.png\" alt=\"Help for feature: Filter changelog\" style=\"width: 16px; height: 16px; \" class=\"icon-help icon-sm\"></a></td></tr><tr class=\"validation-error-area\"><td colspan=\"2\"></td><td></td><td></td></tr><tr class=\"help-area\"><td></td><td colspan=\"2\"><div class=\"help\">Loading...</div></td><td></td></tr></tbody></table></td><td></td></tr><tr style=\"display:none\" class=\"row-set-end radio-block-end\"></tr><tr><td colspan=\"4\"><div class=\"section-header\"><a id=\"section6\" class=\"section-anchor\">#</a>Build Triggers</div></td></tr><tr class=\"optional-block-start row-set-start\" hashelp=\"true\" ref=\"cb27\"><td colspan=\"3\"><input onclick=\"javascript:updateOptionalBlock(this,true)\" name=\"jenkins-triggers-ReverseBuildTrigger\" type=\"checkbox\" class=\" \" id=\"cb27\" path=\"/jenkins-triggers-ReverseBuildTrigger\"><label class=\"attach-previous\">Build after other projects are built</label></td><td class=\"setting-help\"><a helpurl=\"/descriptor/jenkins.triggers.ReverseBuildTrigger/help\" href=\"#\" class=\"help-button\" tabindex=\"9999\"><img src=\"/static/fd2e7eb0/images/16x16/help.png\" alt=\"Help for feature: Build after other projects are built\" style=\"width: 16px; height: 16px; \" class=\"icon-help icon-sm\"></a></td></tr><tr class=\"help-area\" nameref=\"cb27\"><td></td><td colspan=\"2\"><div class=\"help\">Loading...</div></td><td></td></tr><tr class=\"rowvg-start\" nameref=\"cb27\" style=\"display: none;\"></tr><tr nameref=\"cb27\" style=\"display: none;\"><td class=\"setting-leftspace\">&nbsp;</td><td class=\"setting-name\">Projects to watch</td><td class=\"setting-main\">\n   \n\n  \n  <input checkdependson=\"\" autocompleteurl=\"/job/molecular_voter/descriptorByName/jenkins.triggers.ReverseBuildTrigger/autoCompleteUpstreamProjects\" checkurl=\"/job/molecular_voter/descriptorByName/jenkins.triggers.ReverseBuildTrigger/checkUpstreamProjects\" autocompletedelimchar=\",\" name=\"_.upstreamProjects\" type=\"text\" class=\"setting-input validated auto-complete  yui-ac-input\" value=\"\" autocomplete=\"off\" style=\"position: relative;\"><div class=\"yui-ac-container\"><div class=\"yui-ac-content\" style=\"display: none;\"><div class=\"yui-ac-hd\" style=\"display: none;\"></div><div class=\"yui-ac-bd\"><ul><li style=\"display: none;\"></li><li style=\"display: none;\"></li><li style=\"display: none;\"></li><li style=\"display: none;\"></li><li style=\"display: none;\"></li><li style=\"display: none;\"></li><li style=\"display: none;\"></li><li style=\"display: none;\"></li><li style=\"display: none;\"></li><li style=\"display: none;\"></li></ul></div><div class=\"yui-ac-ft\" style=\"display: none;\"></div></div></div></td><td class=\"setting-no-help\"></td></tr><tr class=\"validation-error-area\" nameref=\"cb27\" style=\"display: none;\"><td colspan=\"2\"></td><td><div class=\"error\"><img src=\"/static/fd2e7eb0/images/none.gif\" height=\"16\" width=\"1\">No project specified</div></td><td></td></tr><tr nameref=\"cb27\" style=\"display: none;\"><td class=\"setting-leftspace\">&nbsp;</td><td class=\"setting-name\"></td><td class=\"setting-main\"><input name=\"ReverseBuildTrigger.threshold\" checked=\"true\" type=\"radio\" value=\"SUCCESS\"><label class=\"attach-previous\">Trigger only if build is stable</label></td><td class=\"setting-no-help\"></td></tr><tr class=\"validation-error-area\" nameref=\"cb27\" style=\"display: none;\"><td colspan=\"2\"></td><td></td><td></td></tr><tr nameref=\"cb27\" style=\"display: none;\"><td class=\"setting-leftspace\">&nbsp;</td><td class=\"setting-name\"></td><td class=\"setting-main\"><input name=\"ReverseBuildTrigger.threshold\" type=\"radio\" value=\"UNSTABLE\"><label class=\"attach-previous\">Trigger even if the build is unstable</label></td><td class=\"setting-no-help\"></td></tr><tr class=\"validation-error-area\" nameref=\"cb27\" style=\"display: none;\"><td colspan=\"2\"></td><td></td><td></td></tr><tr nameref=\"cb27\" style=\"display: none;\"><td class=\"setting-leftspace\">&nbsp;</td><td class=\"setting-name\"></td><td class=\"setting-main\"><input name=\"ReverseBuildTrigger.threshold\" type=\"radio\" value=\"FAILURE\"><label class=\"attach-previous\">Trigger even if the build fails</label></td><td class=\"setting-no-help\"></td></tr><tr class=\"validation-error-area\" nameref=\"cb27\" style=\"display: none;\"><td colspan=\"2\"></td><td></td><td></td></tr><tr class=\"row-set-end rowvg-end optional-block-end\"></tr><tr class=\"optional-block-start row-set-start\" hashelp=\"true\" ref=\"cb28\"><td colspan=\"3\"><input onclick=\"javascript:updateOptionalBlock(this,true)\" name=\"hudson-triggers-TimerTrigger\" type=\"checkbox\" class=\" \" id=\"cb28\" path=\"/hudson-triggers-TimerTrigger\"><label class=\"attach-previous\">Build periodically</label></td><td class=\"setting-help\"><a helpurl=\"/descriptor/hudson.triggers.TimerTrigger/help\" href=\"#\" class=\"help-button\" tabindex=\"9999\"><img src=\"/static/fd2e7eb0/images/16x16/help.png\" alt=\"Help for feature: Build periodically\" style=\"width: 16px; height: 16px; \" class=\"icon-help icon-sm\"></a></td></tr><tr class=\"help-area\" nameref=\"cb28\"><td></td><td colspan=\"2\"><div class=\"help\">Loading...</div></td><td></td></tr><tr class=\"rowvg-start\" nameref=\"cb28\" style=\"display: none;\"></tr><tr nameref=\"cb28\" style=\"display: none;\"><td class=\"setting-leftspace\">&nbsp;</td><td class=\"setting-name\">Schedule</td><td class=\"setting-main\"><textarea checkdependson=\"\" name=\"_.spec\" rows=\"5\" class=\"setting-input validated  \" checkurl=\"/job/molecular_voter/descriptorByName/hudson.triggers.TimerTrigger/checkSpec\"></textarea><div class=\"textarea-handle\"></div></td><td class=\"setting-help\"><a helpurl=\"/descriptor/hudson.triggers.TimerTrigger/help/spec\" href=\"#\" class=\"help-button\" tabindex=\"9999\"><img src=\"/static/fd2e7eb0/images/16x16/help.png\" alt=\"Help for feature: Schedule\" style=\"width: 16px; height: 16px; \" class=\"icon-help icon-sm\"></a></td></tr><tr class=\"validation-error-area\" nameref=\"cb28\" style=\"display: none;\"><td colspan=\"2\"></td><td><div class=\"warning\"><img src=\"/static/fd2e7eb0/images/none.gif\" height=\"16\" width=\"1\">No schedules so will never run</div></td><td></td></tr><tr class=\"help-area\" nameref=\"cb28\" style=\"display: none;\"><td></td><td colspan=\"2\"><div class=\"help\">Loading...</div></td><td></td></tr><tr class=\"row-set-end rowvg-end optional-block-end\"></tr><tr class=\"optional-block-start row-set-start\" hashelp=\"true\" ref=\"cb29\"><td colspan=\"3\"><input onclick=\"javascript:updateOptionalBlock(this,true)\" name=\"hudson-triggers-SCMTrigger\" type=\"checkbox\" class=\" \" id=\"cb29\" path=\"/hudson-triggers-SCMTrigger\"><label class=\"attach-previous\">Poll SCM</label></td><td class=\"setting-help\"><a helpurl=\"/descriptor/hudson.triggers.SCMTrigger/help\" href=\"#\" class=\"help-button\" tabindex=\"9999\"><img src=\"/static/fd2e7eb0/images/16x16/help.png\" alt=\"Help for feature: Poll SCM\" style=\"width: 16px; height: 16px; \" class=\"icon-help icon-sm\"></a></td></tr><tr class=\"help-area\" nameref=\"cb29\"><td></td><td colspan=\"2\"><div class=\"help\">Loading...</div></td><td></td></tr><tr class=\"rowvg-start\" nameref=\"cb29\" style=\"display: none;\"></tr><tr nameref=\"cb29\" style=\"display: none;\"><td class=\"setting-leftspace\">&nbsp;</td><td class=\"setting-name\">Schedule</td><td class=\"setting-main\"><textarea name=\"scmpoll_spec\" rows=\"5\" class=\"setting-input validated  \" checkurl=\"'/trigger/TimerTrigger/check?value='+encodeURIComponent(this.value)\"></textarea><div class=\"textarea-handle\"></div></td><td class=\"setting-help\"><a helpurl=\"/descriptor/hudson.triggers.TimerTrigger/help/spec\" href=\"#\" class=\"help-button\" tabindex=\"9999\"><img src=\"/static/fd2e7eb0/images/16x16/help.png\" alt=\"Help for feature: Schedule\" style=\"width: 16px; height: 16px; \" class=\"icon-help icon-sm\"></a></td></tr><tr class=\"validation-error-area\" nameref=\"cb29\" style=\"display: none;\"><td colspan=\"2\"></td><td><div class=\"warning\"><img src=\"/static/fd2e7eb0/images/none.gif\" height=\"16\" width=\"1\">No schedules so will never run</div></td><td></td></tr><tr class=\"help-area\" nameref=\"cb29\" style=\"display: none;\"><td></td><td colspan=\"2\"><div class=\"help\">Loading...</div></td><td></td></tr><tr nameref=\"cb29\" style=\"display: none;\"><td class=\"setting-leftspace\">&nbsp;</td><td class=\"setting-name\">Ignore post-commit hooks</td><td class=\"setting-main\"><input name=\"_.ignorePostCommitHooks\" type=\"checkbox\" class=\" \"></td><td class=\"setting-help\"><a helpurl=\"/descriptor/hudson.triggers.SCMTrigger/help/ignorePostCommitHooks\" href=\"#\" class=\"help-button\" tabindex=\"9999\"><img src=\"/static/fd2e7eb0/images/16x16/help.png\" alt=\"Help for feature: Ignore post-commit hooks\" style=\"width: 16px; height: 16px; \" class=\"icon-help icon-sm\"></a></td></tr><tr class=\"validation-error-area\" nameref=\"cb29\" style=\"display: none;\"><td colspan=\"2\"></td><td></td><td></td></tr><tr class=\"help-area\" nameref=\"cb29\" style=\"display: none;\"><td></td><td colspan=\"2\"><div class=\"help\">Loading...</div></td><td></td></tr><tr class=\"row-set-end rowvg-end optional-block-end\"></tr><tr><td colspan=\"4\"><div class=\"section-header\"><a id=\"section7\" class=\"section-anchor\">#</a>Build</div></td></tr><tr><td colspan=\"4\"><div class=\"hetero-list-container with-drag-drop  \"><div class=\"repeatable-insertion-point\"></div><div><span class=\"yui-button yui-menu-button\" id=\"yui-gen3\"><span class=\"first-child\"><button type=\"button\" tabindex=\"0\" id=\"yui-gen3-button\" class=\"hetero-list-add\" suffix=\"builder\" path=\"/hetero-list-add[builder]\">Add build step</button></span></span></div></div></td></tr><tr><td colspan=\"4\"><div class=\"section-header\"><a id=\"section8\" class=\"section-anchor\">#</a>Post-build Actions</div></td></tr><tr><td colspan=\"4\"><div class=\"hetero-list-container with-drag-drop one-each honor-order\"><div class=\"repeatable-insertion-point\"></div><div><span class=\"yui-button yui-menu-button\" id=\"yui-gen5\"><span class=\"first-child\"><button type=\"button\" tabindex=\"0\" id=\"yui-gen5-button\" class=\"hetero-list-add\" suffix=\"publisher\" path=\"/hetero-list-add[publisher]\">Add post-build action</button></span></span></div></div></td></tr><tr><td colspan=\"4\"><div style=\"height: 74px;\"></div><div id=\"bottom-sticker\" style=\"position: fixed; bottom: 0px; left: 338px;\"><div class=\"bottom-sticker-edge\"></div><div class=\"bottom-sticker-inner\"><span class=\"yui-button yui-submit-button submit-button primary\" id=\"yui-gen30\" name=\"Submit\" path=\"/Submit\"><span class=\"first-child\"><button type=\"button\" tabindex=\"0\" id=\"yui-gen30-button\">Save</button></span></span><script src=\"/adjuncts/fd2e7eb0/lib/form/apply/apply.js\" type=\"text/javascript\"></script><input type=\"hidden\" name=\"core:apply\" value=\"\" path=\"/core:apply\"><span class=\"yui-button yui-push-button apply-button applyButton\" id=\"yui-gen11\" name=\"Apply\" path=\"/Apply\"><span class=\"first-child\"><button type=\"button\" tabindex=\"0\" id=\"yui-gen11-button\" path=\"/Apply/apply-button\">Apply</button></span></span></div></div></td></tr></tbody></table><div><input type=\"hidden\" name=\"json\" value=\"init\"></div></form><script src=\"/adjuncts/fd2e7eb0/lib/form/confirm.js\" type=\"text/javascript\"></script></div></div><footer><div class=\"container-fluid\"><div class=\"row\"><div class=\"col-md-6\" id=\"footer\"><div id=\"l10n-footer\" style=\"display: block; float: left;\"><a href=\"#\" onclick=\"return showTranslationDialog();\"><img src=\"/static/fd2e7eb0/plugin/translation/flags.png\">\n      Help us localize this page\n    </a></div></div><div class=\"col-md-18\"><span class=\"page_generated\">Page generated: Oct 16, 2015 6:52:01 PM</span><span class=\"rest_api\"><a href=\"api/\">REST API</a></span><span class=\"jenkins_ver\"><a href=\"http://jenkins-ci.org/\">Jenkins ver. 1.630</a></span><div id=\"l10n-dialog\" class=\"dialog\"></div><script>var footer = document.getElementById('l10n-footer');\n    var f = document.getElementById('footer');\n    f.insertBefore(footer,f.firstChild);\n    footer.style.display=\"block\";\n\n    var translation={}; \n    translation.bundles = \"QTkugUH5uYWoYywFbBfMfCsRFi38hcOZUIpeBe4d7HdOLY0wUxSG32DLLhieIpE3qvYYvmp1Hco5pBCdqzg9rRoou59cwwc1aSHemafXC52w8UqkHpCjwF6DjNmSDAKHd8gJzMtm9lxvoCKfn8peHaxvhT6x2Cz4CJBHIKVsuUTc/lPZ508fvZP12W3pTF3blcFe6o/tuWZSQCS7LCHoWh/x5oDH38AWAXVv2iKvjC633AmMcKJVOxk0p9ujcnwj3EHvif4o3A8afcNKvRrcgoGCvJHT9evOnjIoLHQxKLxBO0AJtQ/wKKdTU9lzl+wGEXpR5nz+0txAdzG4QWHrYLCT/d3R4wvKCW9BzhWSc1MQHqBC9Ls0InQ7tpVwOxkqKoL6zHhD9rGUY1fabSctVxgCADJVGppvTNO91hEPwXlb9X6k3peRb4LSQ7sVzo7pxuVSzYzPvwg9OzZAwFjLiopDVdqhaP1MWecc8pi+hWpGy9JHsl6INtq7kdvkp9boKi85M/L5J0iM57r8PhZD1MB1YToiAlJgcazT1n754SgQjRDqMyGx0JJ3/DOi/OE567IjIhSzai+1b0v5aIzZdi/sZL0ZHndpGq/j/8HjofSRjdrfkVfTFJXjxHrxvujNIo6R22dpiP06yOmogUQrVm2XpGbTMneh8sKsdOFZ/8SscOzbwVTwgGCznmNuj4aZtoCeGFT9uNGM90QWjZRGc1kzF9ETUPTciWLy2VasX0jKE3P1r2xql4s5z0s0U3tP7///ElBARtru5EfNTzAqu6FUwcnNgT7lYir5cI4ATo2QngODTOJSuP+yufST5CdoNBLdZWlbcxMEWYp93HLrHdqDm3N/M7t0p/+sJTr+cxgJCJR/hM3H+ZHeHxuGMZ6/JprkqTtgygvRjKKo5wZg4ZwnV8YOdUM4XRvcQGIPL7b8xD3dbmh9HluZdkek3YTO0sCXNABtn+yS/Z0lQINnCAfZjJU2XYoO1k35omNFyYjGO2mO+FX7+Dxnk3NfVJTnNPsy7h0jQA3ubmO10/WxfpLAqTlKVpoDTRfk8xeVgO6KbQdDTte7/kpwx4+z8CV1kdHgRzZBMZdemdWs5D87r9wD3EZLkWh2aGCjOhCUSO57Md796M4MP7IAQC3FIQlxlr4CLKDRKWC4hWo7eSm7wV4YGYsyAZSiRGSYJyY4AY+i1AGCxG2RGL/kWYqm1w2trwZItsV82elNXXky+uFj5ao/vDaJCNQ0qabLOsROFMhP1mDcmLQgOgQ1fL23jCFSFpA2+odavFZtvoRX8cYf8Nm9weP3c8kDiQUnTiwexi6JypgBrrcdu9GlEjo/nhwcQvpviyWhMpLPSselUS5kBW98gnSoz361636Z3jKUVfKyRoSmCIFgfCSMD6KpBhoSCEQxvG+K6eT2RPAfDD3qT0e/Ss+DPkf7Z6UVfWgACeoWsw1MPYlwYurSxsLD9QadoG8IDIgPL0IgNM5j3PdT4GXH7CfENIZqJcz22F33umZfp/UZVBcPNw+V3TxTsdtaLblYciyg5f9S1eH7GeqnEyDMPzKW/krRFzRwjlLFt6lNc6fOcypXLkiUfafHH8vvMxdBkDpzgUQGCXMYlsgmlpI9pgkl0pngQ2miH5cLEd2j3mMe6xtP/YkXwn/tCL0+ot67xOsDObjBErgCD5M42EKJU9q7YI0REPEV7NB0gsCRjS8ODGVA9pOdrBEIjokD8w3afH9v52ysnxN0Yz3RG3ciljXICeNKFVtTOrerioj23yO9UBwXMpYDM9ei6sQQYbBHTotiea+0mmGEv1bQUezleukPlQHab9X8KaRuJDj0DaLPA5Bzjl/5bweq05KpeizQqzgKZAU15cPLCwnz1R8MWxk63ZfzZoyhcYiqraCpg2mQ+rfQmK/6VpgELmlWKmEhZ7JXZjQLGWE1LKoBNDuVbWfPjIW5MENwL3D5fozNfUV0egmv4eNRwWxPeWUSf15YwKNmdDWhx8k+Xv9AM36uVKeK4FaAvfcDKMD5e8lmae8+ELZVFZQJSN0kC+n2CMLlRC6Nh1s+vqGyxvsLKgs6YgeqCqltbLqO33Nbc58s/RlUha0BF6l+jpROeBFQ7MeHIp4PoLAsR0jcRSjprWcCGpZjkjrcM+22Alr19DPtuXmeHLaM8aPHCG2gX0CFk2kw8ApX0f04b76U3HgcZw+Iq77UQTTVbIVjhpMPiLiMQxoVwGMt7YGzA50aqeb52+GaUtyKognQkC84k11JP7jNJdB+pdGu3biMQZPm+ffC2rKJTLtX/bAmG57vK305tQv2ZQEw9LNTSZb/6u43a95nSl1SN0UULql5abvXznn2yr8TNY63fL6+0It0nnsI8hMEYhswPw3/MZ27kBPLGACJk8KACtFSNfHn6pywVbYL0ns8c2RBxbGEGBb3n9vNMMjPq5XL3+7L8rKn67icbu57Kx32FwBpESAyG4ROhNoeQX/h+vjSbZEbKmUfETKF\";\n    translation.detectedLocale = \"\";\n\n    function showTranslationDialog() {\n      if(!translation.launchDialog)\n        loadScript(\"/static/fd2e7eb0/plugin/translation/dialog.js\");\n      else\n        translation.launchDialog();\n      return false; \n    }</script><script src=\"/static/fd2e7eb0/plugin/form-element-path/script.js\"></script></div></div></div></footer></body></html>\nFor documentation on this error, please visit: http://seleniumhq.org/exceptions/no_such_element.html\nBuild info: version: '2.47.1', revision: 'unknown', time: '2015-07-30 11:02:44'\nSystem info: host: 'MacBook-Pro-2.home', ip: '192.168.1.6', os.name: 'Mac OS X', os.arch: 'x86_64', os.version: '10.10.5', java.version: '1.8.0_60'\nDriver info: driver.version: unknown\n\tat org.jenkinsci.test.acceptance.po.CapybaraPortingLayerImpl.find(CapybaraPortingLayerImpl.java:204)\n\tat org.jenkinsci.test.acceptance.po.SlavesMixIn.create(SlavesMixIn.java:31)\n\tat org.jenkinsci.test.acceptance.po.SlavesMixIn.create(SlavesMixIn.java:21)\n\tat org.jenkinsci.test.acceptance.slave.LocalSlaveController.install(LocalSlaveController.java:21)\n\tat core.ArtifactsTest.setUp(ArtifactsTest.java:32)\n\tat sun.reflect.NativeMethodAccessorImpl.invoke0(Native Method)\n\tat sun.reflect.NativeMethodAccessorImpl.invoke(NativeMethodAccessorImpl.java:62)\n\tat sun.reflect.DelegatingMethodAccessorImpl.invoke(DelegatingMethodAccessorImpl.java:43)\n\tat java.lang.reflect.Method.invoke(Method.java:497)\n\tat org.junit.runners.model.FrameworkMethod$1.runReflectiveCall(FrameworkMethod.java:47)\n\tat org.junit.internal.runners.model.ReflectiveCallable.run(ReflectiveCallable.java:12)\n\tat org.junit.runners.model.FrameworkMethod.invokeExplosively(FrameworkMethod.java:44)\n\tat org.junit.internal.runners.statements.RunBefores.evaluate(RunBefores.java:24)\n\tat org.jenkinsci.test.acceptance.junit.JenkinsAcceptanceTestRule$1$2$1.evaluate(JenkinsAcceptanceTestRule.java:129)\n\tat org.jenkinsci.test.acceptance.junit.FilterRule$1.evaluate(FilterRule.java:62)\n\tat org.jenkinsci.test.acceptance.junit.JenkinsAcceptanceTestRule$1.evaluate(JenkinsAcceptanceTestRule.java:55)\n\tat org.junit.runners.ParentRunner.runLeaf(ParentRunner.java:271)\n\tat org.junit.runners.BlockJUnit4ClassRunner.runChild(BlockJUnit4ClassRunner.java:70)\n\tat org.junit.runners.BlockJUnit4ClassRunner.runChild(BlockJUnit4ClassRunner.java:50)\n\tat org.junit.runners.ParentRunner$3.run(ParentRunner.java:238)\n\tat org.junit.runners.ParentRunner$1.schedule(ParentRunner.java:63)\n\tat org.junit.runners.ParentRunner.runChildren(ParentRunner.java:236)\n\tat org.junit.runners.ParentRunner.access$000(ParentRunner.java:53)\n\tat org.junit.runners.ParentRunner$2.evaluate(ParentRunner.java:229)\n\tat org.junit.runners.ParentRunner.run(ParentRunner.java:309)\n\tat org.apache.maven.surefire.junit4.JUnit4Provider.execute(JUnit4Provider.java:264)\n\tat org.apache.maven.surefire.junit4.JUnit4Provider.executeTestSet(JUnit4Provider.java:153)\n\tat org.apache.maven.surefire.junit4.JUnit4Provider.invoke(JUnit4Provider.java:124)\n\tat org.apache.maven.surefire.booter.ForkedBooter.invokeProviderInSameClassLoader(ForkedBooter.java:200)\n\tat org.apache.maven.surefire.booter.ForkedBooter.runSuitesInProcess(ForkedBooter.java:153)\n\tat org.apache.maven.surefire.booter.ForkedBooter.main(ForkedBooter.java:103)\nCaused by: org.openqa.selenium.NoSuchElementException: {\"errorMessage\":\"Unable to find element with xpath './/INPUT[@type='radio'][@value='hudson.slaves.DumbSlave']'\",\"request\":{\"headers\":{\"Accept-Encoding\":\"gzip,deflate\",\"Connection\":\"Keep-Alive\",\"Content-Length\":\"85\",\"Content-Type\":\"application/json; charset=utf-8\",\"Host\":\"localhost:25263\",\"User-Agent\":\"Apache-HttpClient/4.3.3 (java 1.5)\"},\"httpVersion\":\"1.1\",\"method\":\"POST\",\"post\":\"{\\\"using\\\":\\\"xpath\\\",\\\"value\\\":\\\".//INPUT[@type='radio'][@value='hudson.slaves.DumbSlave']\\\"}\",\"url\":\"/element\",\"urlParsed\":{\"anchor\":\"\",\"query\":\"\",\"file\":\"element\",\"directory\":\"/\",\"path\":\"/element\",\"relative\":\"/element\",\"port\":\"\",\"host\":\"\",\"password\":\"\",\"user\":\"\",\"userInfo\":\"\",\"authority\":\"\",\"protocol\":\"\",\"source\":\"/element\",\"queryKey\":{},\"chunks\":[\"element\"]},\"urlOriginal\":\"/session/81f5ecb0-7458-11e5-b6d3-97adff597207/element\"}}\nCommand duration or timeout: 1.17 seconds\nFor documentation on this error, please visit: http://seleniumhq.org/exceptions/no_such_element.html\nBuild info: version: '2.47.1', revision: 'unknown', time: '2015-07-30 11:02:44'\nSystem info: host: 'MacBook-Pro-2.home', ip: '192.168.1.6', os.name: 'Mac OS X', os.arch: 'x86_64', os.version: '10.10.5', java.version: '1.8.0_60'\nDriver info: org.openqa.selenium.phantomjs.PhantomJSDriver\nCapabilities [{applicationCacheEnabled=false, rotatable=false, handlesAlerts=false, databaseEnabled=false, version=2.0.0, platform=OS X 10.9, browserConnectionEnabled=false, proxy={proxyType=direct}, nativeEvents=true, acceptSslCerts=false, driverVersion=1.2.0, locationContextEnabled=false, webStorageEnabled=false, browserName=phantomjs, takesScreenshot=true, driverName=ghostdriver, javascriptEnabled=true, cssSelectorsEnabled=true, phantomjs.page.customHeaders.Accept-Language=en}]\nSession ID: 81f5ecb0-7458-11e5-b6d3-97adff597207\n*** Element info: {Using=xpath, value=.//INPUT[@type='radio'][@value='hudson.slaves.DumbSlave']}\n\tat sun.reflect.NativeConstructorAccessorImpl.newInstance0(Native Method)\n\tat sun.reflect.NativeConstructorAccessorImpl.newInstance(NativeConstructorAccessorImpl.java:62)\n\tat sun.reflect.DelegatingConstructorAccessorImpl.newInstance(DelegatingConstructorAccessorImpl.java:45)\n\tat java.lang.reflect.Constructor.newInstance(Constructor.java:422)\n\tat org.openqa.selenium.remote.ErrorHandler.createThrowable(ErrorHandler.java:206)\n\tat org.openqa.selenium.remote.ErrorHandler.throwIfResponseFailed(ErrorHandler.java:158)\n\tat org.openqa.selenium.remote.RemoteWebDriver.execute(RemoteWebDriver.java:595)\n\tat org.openqa.selenium.remote.RemoteWebDriver.findElement(RemoteWebDriver.java:348)\n\tat org.openqa.selenium.remote.RemoteWebDriver.findElementByXPath(RemoteWebDriver.java:445)\n\tat org.openqa.selenium.By$ByXPath.findElement(By.java:358)\n\tat org.openqa.selenium.remote.RemoteWebDriver.findElement(RemoteWebDriver.java:340)\n\tat sun.reflect.NativeMethodAccessorImpl.invoke0(Native Method)\n\tat sun.reflect.NativeMethodAccessorImpl.invoke(NativeMethodAccessorImpl.java:62)\n\tat sun.reflect.DelegatingMethodAccessorImpl.invoke(DelegatingMethodAccessorImpl.java:43)\n\tat java.lang.reflect.Method.invoke(Method.java:497)\n\tat org.openqa.selenium.support.events.EventFiringWebDriver$2.invoke(EventFiringWebDriver.java:102)\n\tat com.sun.proxy.$Proxy51.findElement(Unknown Source)\n\tat org.openqa.selenium.support.events.EventFiringWebDriver.findElement(EventFiringWebDriver.java:185)\n\tat org.jenkinsci.test.acceptance.po.CapybaraPortingLayerImpl.find(CapybaraPortingLayerImpl.java:185)\n\t... 30 more\nCaused by: org.openqa.selenium.remote.ScreenshotException: Screen shot has been taken\nBuild info: version: '2.47.1', revision: 'unknown', time: '2015-07-30 11:02:44'\nSystem info: host: 'MacBook-Pro-2.home', ip: '192.168.1.6', os.name: 'Mac OS X', os.arch: 'x86_64', os.version: '10.10.5', java.version: '1.8.0_60'\nDriver info: driver.version: EventFiringWebDriver\n\tat org.openqa.selenium.remote.ErrorHandler.throwIfResponseFailed(ErrorHandler.java:138)\n\t... 43 more\nCaused by: org.openqa.selenium.NoSuchElementException: {\"errorMessage\":\"Unable to find element with xpath './/INPUT[@type='radio'][@value='hudson.slaves.DumbSlave']'\",\"request\":{\"headers\":{\"Accept-Encoding\":\"gzip,deflate\",\"Connection\":\"Keep-Alive\",\"Content-Length\":\"85\",\"Content-Type\":\"application/json; charset=utf-8\",\"Host\":\"localhost:25263\",\"User-Agent\":\"Apache-HttpClient/4.3.3 (java 1.5)\"},\"httpVersion\":\"1.1\",\"method\":\"POST\",\"post\":\"{\\\"using\\\":\\\"xpath\\\",\\\"value\\\":\\\".//INPUT[@type='radio'][@value='hudson.slaves.DumbSlave']\\\"}\",\"url\":\"/element\",\"urlParsed\":{\"anchor\":\"\",\"query\":\"\",\"file\":\"element\",\"directory\":\"/\",\"path\":\"/element\",\"relative\":\"/element\",\"port\":\"\",\"host\":\"\",\"password\":\"\",\"user\":\"\",\"userInfo\":\"\",\"authority\":\"\",\"protocol\":\"\",\"source\":\"/element\",\"queryKey\":{},\"chunks\":[\"element\"]},\"urlOriginal\":\"/session/81f5ecb0-7458-11e5-b6d3-97adff597207/element\"}}\nFor documentation on this error, please visit: http://seleniumhq.org/exceptions/no_such_element.html\nBuild info: version: '2.47.1', revision: 'unknown', time: '2015-07-30 11:02:44'\nSystem info: host: 'MacBook-Pro-2.home', ip: '192.168.1.6', os.name: 'Mac OS X', os.arch: 'x86_64', os.version: '10.10.5', java.version: '1.8.0_60'\nDriver info: driver.version: unknown\n"
   },
   "steps" : {
      "step" : [ ]
   },
   "attachments" : {
      "attachment" : [ ]
   },
   "labels" : {
      "label" : [ {
         "name" : "host",
         "value" : "MacBook-Pro-2.home"
      }, {
         "name" : "thread",
         "value" : "1771@MacBook-Pro-2.home.main(1)"
      } ]
   }
}
>>>REQUEST: /testaspect/TestCase/c8c3aa6a-74b5-4b8e-afb2-ff71de842f94
running with given plugins: []
=== Starting test_large_file(core.ArtifactsTest)
Starting Jenkins: JAVA_HOME=/Library/Java/JavaVirtualMachines/jdk1.8.0_60.jdk/Contents/Home JENKINS_HOME=/Users/abduljewel/Documents/c/spiderqa/sample-test-projects/acceptance-test-harness/target/jenkins2480774843084489539home /Library/Java/JavaVirtualMachines/jdk1.8.0_60.jdk/Contents/Home/bin/java -Duser.language=en -jar ./jenkins.war --ajp13Port=-1 --httpPort=53853
<<<RESPONSE (201 Created): /testaspect/TestCase/c8c3aa6a-74b5-4b8e-afb2-ff71de842f94
master53853|Running from: /Users/abduljewel/Documents/c/spiderqa/sample-test-projects/acceptance-test-harness/jenkins.war
master53853|webroot: EnvVars.masterEnvVars.get("JENKINS_HOME")
master53853|Oct 16, 2015 6:52:06 PM winstone.Logger logInternal
master53853|INFO: Beginning extraction from war file
master53853|Oct 16, 2015 6:52:07 PM org.eclipse.jetty.util.log.JavaUtilLog info
master53853|INFO: jetty-winstone-2.8
master53853|Oct 16, 2015 6:52:08 PM org.eclipse.jetty.util.log.JavaUtilLog info
master53853|INFO: NO JSP Support for , did not find org.apache.jasper.servlet.JspServlet
master53853|Jenkins home directory: /Users/abduljewel/Documents/c/spiderqa/sample-test-projects/acceptance-test-harness/target/jenkins2480774843084489539home found at: EnvVars.masterEnvVars.get("JENKINS_HOME")
master53853|Oct 16, 2015 6:52:09 PM org.eclipse.jetty.util.log.JavaUtilLog info
master53853|INFO: Started SelectChannelConnector@0.0.0.0:53853
master53853|Oct 16, 2015 6:52:09 PM winstone.Logger logInternal
master53853|INFO: Winstone Servlet Engine v2.0 running: controlPort=disabled
master53853|Oct 16, 2015 6:52:09 PM jenkins.InitReactorRunner$1 onAttained
master53853|INFO: Started initialization
master53853|Oct 16, 2015 6:52:19 PM jenkins.InitReactorRunner$1 onAttained
master53853|INFO: Listed all plugins
master53853|Oct 16, 2015 6:52:19 PM jenkins.InitReactorRunner$1 onAttained
master53853|INFO: Prepared all plugins
master53853|Oct 16, 2015 6:52:19 PM jenkins.InitReactorRunner$1 onAttained
master53853|INFO: Started all plugins
master53853|Oct 16, 2015 6:52:19 PM jenkins.InitReactorRunner$1 onAttained
master53853|INFO: Augmented all extensions
master53853|Oct 16, 2015 6:52:20 PM jenkins.InitReactorRunner$1 onAttained
master53853|INFO: Loaded all jobs
master53853|Oct 16, 2015 6:52:21 PM hudson.model.AsyncPeriodicWork$1 run
master53853|INFO: Started Download metadata
master53853|Oct 16, 2015 6:52:21 PM org.jenkinsci.main.modules.sshd.SSHD start
master53853|INFO: Started SSHD at port 53088
master53853|Oct 16, 2015 6:52:21 PM jenkins.InitReactorRunner$1 onAttained
master53853|INFO: Completed initialization
master53853|Oct 16, 2015 6:52:21 PM hudson.UDPBroadcastThread run
master53853|WARNING: UDP handling problem
master53853|java.net.SocketException: Can't assign requested address
master53853|	at java.net.PlainDatagramSocketImpl.join(Native Method)
master53853|	at java.net.AbstractPlainDatagramSocketImpl.join(AbstractPlainDatagramSocketImpl.java:179)
master53853|	at java.net.MulticastSocket.joinGroup(MulticastSocket.java:323)
master53853|	at hudson.UDPBroadcastThread.run(UDPBroadcastThread.java:77)
master53853|
master53853|Oct 16, 2015 6:52:21 PM hudson.WebAppMain$3 run
master53853|INFO: Jenkins is fully up and running
master53853|Oct 16, 2015 6:52:24 PM hudson.model.UpdateSite updateData
master53853|INFO: Obtained the latest update center data file for UpdateSource default
master53853|Oct 16, 2015 6:52:24 PM hudson.model.DownloadService$Downloadable load
master53853|INFO: Obtained the updated data file for hudson.tasks.Maven.MavenInstaller
master53853|Oct 16, 2015 6:52:24 PM hudson.model.DownloadService$Downloadable load
master53853|INFO: Obtained the updated data file for hudson.tasks.Ant.AntInstaller
master53853|Oct 16, 2015 6:52:25 PM hudson.model.DownloadService$Downloadable load
master53853|INFO: Obtained the updated data file for hudson.tools.JDKInstaller
master53853|Oct 16, 2015 6:52:25 PM hudson.model.AsyncPeriodicWork$1 run
master53853|INFO: Finished Download metadata. 4,060 ms
org.openqa.selenium.NoSuchElementException: Unable to locate By.xpath: .//INPUT[@type='radio'][@value='hudson.slaves.DumbSlave'] in http://127.0.0.1:53853/job/thoughtful_credit/configure

<!DOCTYPE html><html><head resurl="/static/dd0ae236">
    

    <title>thoughtful_credit Config [Jenkins]</title><link rel="stylesheet" href="/static/dd0ae236/css/style.css" type="text/css"><link rel="stylesheet" href="/static/dd0ae236/css/color.css" type="text/css"><link rel="stylesheet" href="/static/dd0ae236/css/responsive-grid.css" type="text/css"><link rel="shortcut icon" href="/static/dd0ae236/favicon.ico" type="image/vnd.microsoft.icon"><script>var isRunAsTest=false; var rootURL=""; var resURL="/static/dd0ae236";</script><script src="/static/dd0ae236/scripts/prototype.js" type="text/javascript"></script><script src="/static/dd0ae236/scripts/behavior.js" type="text/javascript"></script><script src="/adjuncts/dd0ae236/org/kohsuke/stapler/bind.js" type="text/javascript"></script><script src="/static/dd0ae236/scripts/yui/yahoo/yahoo-min.js"></script><script src="/static/dd0ae236/scripts/yui/dom/dom-min.js"></script><script src="/static/dd0ae236/scripts/yui/event/event-min.js"></script><script src="/static/dd0ae236/scripts/yui/animation/animation-min.js"></script><script src="/static/dd0ae236/scripts/yui/dragdrop/dragdrop-min.js"></script><script src="/static/dd0ae236/scripts/yui/container/container-min.js"></script><script src="/static/dd0ae236/scripts/yui/connection/connection-min.js"></script><script src="/static/dd0ae236/scripts/yui/datasource/datasource-min.js"></script><script src="/static/dd0ae236/scripts/yui/autocomplete/autocomplete-min.js"></script><script src="/static/dd0ae236/scripts/yui/menu/menu-min.js"></script><script src="/static/dd0ae236/scripts/yui/element/element-min.js"></script><script src="/static/dd0ae236/scripts/yui/button/button-min.js"></script><script src="/static/dd0ae236/scripts/yui/storage/storage-min.js"></script><script src="/static/dd0ae236/scripts/hudson-behavior.js" type="text/javascript"></script><script src="/static/dd0ae236/scripts/sortable.js" type="text/javascript"></script><script>crumb.init("", "");</script><link rel="stylesheet" href="/static/dd0ae236/scripts/yui/container/assets/container.css" type="text/css"><link rel="stylesheet" href="/static/dd0ae236/scripts/yui/assets/skins/sam/skin.css" type="text/css"><link rel="stylesheet" href="/static/dd0ae236/scripts/yui/container/assets/skins/sam/container.css" type="text/css"><link rel="stylesheet" href="/static/dd0ae236/scripts/yui/button/assets/skins/sam/button.css" type="text/css"><link rel="stylesheet" href="/static/dd0ae236/scripts/yui/menu/assets/skins/sam/menu.css" type="text/css"><link rel="search" href="/opensearch.xml" type="application/opensearchdescription+xml" title="Jenkins"><meta name="ROBOTS" content="INDEX,NOFOLLOW"><link rel="alternate" href="rssAll" title="Jenkins:thoughtful_credit (all builds)" type="application/rss+xml"><link rel="alternate" href="rssAll?flavor=rss20" title="Jenkins:thoughtful_credit (all builds) (RSS 2.0)" type="application/rss+xml"><link rel="alternate" href="rssFailed" title="Jenkins:thoughtful_credit (failed builds)" type="application/rss+xml"><link rel="alternate" href="rssFailed?flavor=rss20" title="Jenkins:thoughtful_credit (failed builds) (RSS 2.0)" type="application/rss+xml"><link rel="alternate" href="rssChangelog" title="Jenkins:thoughtful_credit (changelog)" type="application/rss+xml"><link rel="alternate" href="rssChangelog?flavor=rss20" title="Jenkins:thoughtful_credit (changelog) (RSS 2.0)" type="application/rss+xml"><link rel="stylesheet" href="/adjuncts/dd0ae236/lib/form/breadcrumb-config-outline/init.css" type="text/css"><script src="/adjuncts/dd0ae236/lib/form/breadcrumb-config-outline/init.js" type="text/javascript"></script><script src="/static/dd0ae236/scripts/yui/cookie/cookie-min.js"></script></head><body data-model-type="hudson.model.FreeStyleProject" id="jenkins" class="yui-skin-sam jenkins-1.630" data-version="jenkins-1.630"><div id="tt" class="yui-module yui-overlay yui-tt yui-overlay-hidden" style="z-index: 999; visibility: hidden;"><div class="bd"></div></div><div class="yui-panel-container shadow yui-overlay-hidden" id="wait14_c" style="visibility: hidden; left: 486px; top: 360px; z-index: 4;"><div id="wait14" class="yui-module yui-overlay yui-panel" style="visibility: inherit;"><a class="container-close" href="#">Close</a><div class="hd" id="wait14_h" style="cursor: move;">Error</div><div class="bd"><div id="container13"></div></div></div></div><iframe id="_yuiResizeMonitor" title="Text Resize Monitor" tabindex="-1" role="presentation" style="position: absolute; visibility: visible; background-color: transparent; border-width: 0px; width: 2em; height: 2em; left: 0px; top: -27px;"></iframe><a href="#skip2content" class="skiplink">Skip to content</a><div id="page-head"><div id="header"><div class="logo"><a id="jenkins-home-link" href="/"><img src="/static/dd0ae236/images/headshot.png" alt="title" id="jenkins-head-icon"><img src="/static/dd0ae236/images/title.png" alt="title" width="139" id="jenkins-name-icon" height="34"></a></div><div class="login"></div><div class="searchbox hidden-xs"><form method="get" name="search" action="/job/thoughtful_credit/search/" style="position:relative;" class="no-json" path=""><div id="search-box-minWidth" style="font-family: Helvetica, Arial, sans-serif; font-size: 13px; font-style: normal; font-weight: normal;"></div><div id="search-box-sizer" style="font-family: Helvetica, Arial, sans-serif; font-size: 13px; font-style: normal; font-weight: normal;"></div><div id="searchform" class="yui-ac"><input name="q" placeholder="search" id="search-box" class="has-default-text yui-ac-input defaulted" autocomplete="off" style="width: 255px;" path="/q">&nbsp;<a href="http://wiki.jenkins-ci.org/display/JENKINS/Search+Box"><img src="/static/dd0ae236/images/16x16/help.png" style="width: 16px; height: 16px; " class="icon-help icon-sm"></a><div id="search-box-completion" class="yui-ac-container" style="width: 255px; left: 0px; top: 26px;"><div class="yui-ac-content" style="display: none; width: 255px;"><div class="yui-ac-hd" style="display: none;"></div><div class="yui-ac-bd"><ul><li style="display: none;"></li><li style="display: none;"></li><li style="display: none;"></li><li style="display: none;"></li><li style="display: none;"></li><li style="display: none;"></li><li style="display: none;"></li><li style="display: none;"></li><li style="display: none;"></li><li style="display: none;"></li></ul></div><div class="yui-ac-ft" style="display: none;"></div></div></div><script>createSearchBox("/job/thoughtful_credit/search/");</script></div></form></div></div><div id="breadcrumbBar"><link rel="stylesheet" href="/adjuncts/dd0ae236/lib/layout/breadcrumbs.css" type="text/css"><script src="/adjuncts/dd0ae236/lib/layout/breadcrumbs.js" type="text/javascript"></script><div style="height: 26px;"></div><div class="top-sticker noedge" style="position: fixed; top: 40px; left: 0px;"><div class="top-sticker-edge"></div><div class="top-sticker-inner"><div id="right-top-nav"></div><ul id="breadcrumbs"><li class="item"><a href="/" class="model-link inside breadcrumbBarAnchor">Jenkins</a></li><li href="/" class="children"></li><li class="item"><a href="/job/thoughtful_credit/" class="model-link inside breadcrumbBarAnchor">thoughtful_credit</a></li><li href="/job/thoughtful_credit/" class="children"></li><li id="inpage-nav" class="item"><a class="model-link inside breadcrumbBarAnchor">configuration</a></li></ul><div id="breadcrumb-menu-target"></div></div></div></div></div><div id="menuSelector"></div><div id="page-body"><div id="side-panel"><div id="tasks"><div class="task"><a href="/" class="task-icon-link"><img src="/static/dd0ae236/images/24x24/up.png" style="width: 24px; height: 24px; width: 24px; height: 24px; margin: 2px;" class="icon-up icon-md"></a>&nbsp;<a href="/" class="task-link">Back to Dashboard</a></div><div class="task"><a href="/job/thoughtful_credit/" class="task-icon-link"><img src="/static/dd0ae236/images/24x24/search.png" style="width: 24px; height: 24px; width: 24px; height: 24px; margin: 2px;" class="icon-search icon-md"></a>&nbsp;<a href="/job/thoughtful_credit/" class="task-link">Status</a></div><div class="task"><a href="/job/thoughtful_credit/changes" class="task-icon-link"><img src="/static/dd0ae236/images/24x24/notepad.png" style="width: 24px; height: 24px; width: 24px; height: 24px; margin: 2px;" class="icon-notepad icon-md"></a>&nbsp;<a href="/job/thoughtful_credit/changes" class="task-link">Changes</a></div><div class="task"><a href="/job/thoughtful_credit/ws/" class="task-icon-link"><img src="/static/dd0ae236/images/24x24/folder.png" style="width: 24px; height: 24px; width: 24px; height: 24px; margin: 2px;" class="icon-folder icon-md"></a>&nbsp;<a href="/job/thoughtful_credit/ws/" class="task-link">Workspace</a></div><div class="task"><a onclick="return build_id14(this)" href="/job/thoughtful_credit/build?delay=0sec" class="task-icon-link"><img src="/static/dd0ae236/images/24x24/clock.png" style="width: 24px; height: 24px; width: 24px; height: 24px; margin: 2px;" class="icon-clock icon-md"></a>&nbsp;<a onclick="return build_id14(this)" href="/job/thoughtful_credit/build?delay=0sec" class="task-link">Build Now</a></div><script>function build_id14(a) {
                new Ajax.Request(a.href);
                hoverNotification('Build scheduled',a.parentNode);
                return false;
            }</script><div class="task"><a onclick="confirmPOST_id17(true, '/job/thoughtful_credit/doDelete', 'Are you sure about deleting the Project ‘thoughtful_credit’?')" href="#"><img src="/static/dd0ae236/images/24x24/edit-delete.png" style="width: 24px; height: 24px; width: 24px; height: 24px; margin: 2px;" class="icon-edit-delete icon-md"></a><script>function confirmPOST_id17(post, href, message) {
            if (confirm(message)) {
                var form = document.createElement('form');
                form.setAttribute('method', post ? 'POST' : 'GET');
                form.setAttribute('action', href);
                if (post) {
                    crumb.appendToForm(form);
                }
                document.body.appendChild(form);
                form.submit();
            }
            return false;
        }</script>&nbsp;<a onclick="confirmPOST_id18(true, '/job/thoughtful_credit/doDelete', 'Are you sure about deleting the Project ‘thoughtful_credit’?')" href="#" class="task-link">Delete Project</a><script>function confirmPOST_id18(post, href, message) {
            if (confirm(message)) {
                var form = document.createElement('form');
                form.setAttribute('method', post ? 'POST' : 'GET');
                form.setAttribute('action', href);
                if (post) {
                    crumb.appendToForm(form);
                }
                document.body.appendChild(form);
                form.submit();
            }
            return false;
        }</script></div><div class="task"><a href="/job/thoughtful_credit/configure" class="task-icon-link"><img src="/static/dd0ae236/images/24x24/setting.png" style="width: 24px; height: 24px; width: 24px; height: 24px; margin: 2px;" class="icon-setting icon-md"></a>&nbsp;<a href="/job/thoughtful_credit/configure" class="task-link"><b>Configure</b></a><div class="subtasks"></div></div></div><div id="buildHistory" class="container-fluid pane-frame track-mouse"><div class="row"><div class="col-xs-24 pane-header"><a href="/toggleCollapse?paneId=buildHistory" title="collapse" class="collapse"><img src="/static/dd0ae236/images/16x16/collapse.png" alt="collapse" style="width: 16px; height: 16px; " class="icon-collapse icon-sm"></a><div style="float:right"><a href="/job/thoughtful_credit/buildTimeTrend">trend</a></div><div data="100" class="healthReport" onmouseover="this.className='healthReport hover';return true;
        " onmouseout="this.className='healthReport';return true;"><img src="/static/dd0ae236/images/16x16/health-80plus.png" alt="100%" style="width: 16px; height: 16px; " class="icon-health-80plus icon-sm"></div>Build History</div></div><div class="row pane-content"><table class="pane stripped"></table></div><div class="row"><div class="col-xs-24 pane-footer"><span class="build-rss-links"><a href="/job/thoughtful_credit/rssAll" class="build-rss-all-icon"><img border="0" src="/static/dd0ae236/images/atom.gif" alt="Feed" width="16" height="16"></a>&nbsp;<a href="/job/thoughtful_credit/rssAll" class="build-rss-all-link">RSS for all</a>&nbsp;<a href="/job/thoughtful_credit/rssFailed" class="build-rss-failed-icon"><img border="0" src="/static/dd0ae236/images/atom.gif" alt="Feed" width="16" height="16"></a>&nbsp;<a href="/job/thoughtful_credit/rssFailed" class="build-rss-failed-link">RSS for failures</a></span></div></div></div><script defer="true">updateBuildHistory("/job/thoughtful_credit/buildHistory/ajax",1);</script></div><div id="main-panel"><a name="skip2content"></a><div class="behavior-loading" style="display: none;">LOADING</div><form method="post" name="config" action="configSubmit" path=""><link rel="stylesheet" href="/adjuncts/dd0ae236/lib/form/section_.css" type="text/css"><table width="100%"><tbody><tr><td class="setting-leftspace">&nbsp;</td><td class="setting-name">Project name</td><td class="setting-main">
   

  
  <input name="name" type="text" class="setting-input   " value="thoughtful_credit" path="/name"></td><td class="setting-no-help"></td></tr><tr class="validation-error-area"><td colspan="2"></td><td></td><td></td></tr><tr><td class="setting-leftspace">&nbsp;</td><td class="setting-name">Description</td><td class="setting-main"><script src="/adjuncts/dd0ae236/lib/form/textarea/textarea.js" type="text/javascript"></script><textarea name="description" rows="5" class="setting-input   " path="/description"></textarea><div class="textarea-handle"></div><div class="textarea-preview-container">
        [Plain text]&nbsp;<a previewendpoint="/markupFormatter/previewDescription" href="#" class="textarea-show-preview">Preview</a>&nbsp;<a href="#" class="textarea-hide-preview" style="display: none;">Hide preview</a><div class="textarea-preview" style="display: none;"></div></div></td><td class="setting-no-help"></td></tr><tr class="validation-error-area"><td colspan="2"></td><td></td><td></td></tr><tr class="optional-block-start " hashelp="true" ref="cb15"><td colspan="3"><input onclick="javascript:updateOptionalBlock(this,true)" name="logrotate" type="checkbox" class=" " id="cb15" path="/logrotate"><label class="attach-previous">Discard Old Builds</label></td><td class="setting-help"><a helpurl="/help/project-config/log-rotation.html" href="#" class="help-button" tabindex="9999"><img src="/static/dd0ae236/images/16x16/help.png" alt="Help for feature: Discard Old Builds" style="width: 16px; height: 16px; " class="icon-help icon-sm"></a></td></tr><tr class="help-area"><td></td><td colspan="2"><div class="help">Loading...</div></td><td></td></tr><tr class="rowvg-start" style="display: none;"></tr><tr style="display: none;"><td class="setting-leftspace">&nbsp;</td><td class="setting-name">Strategy</td><td class="setting-main"><select class="setting-input dropdownList" path="/"><option value="0">Log Rotation</option></select></td><td class="setting-no-help"></td></tr><tr class="dropdownList-container" style="display: none;"><td colspan="2"></td><td colspan="2"><table width="100%" name="buildDiscarder" path="/buildDiscarder"><tbody><tr class="dropdownList-start rowvg-start"></tr>
      
      <tr><td class="setting-leftspace">&nbsp;</td><td class="setting-name">Days to keep builds</td><td class="setting-main"><input step="1" min="1" name="_.daysToKeepStr" type="number" class="setting-input  positive-number" value="" path="/buildDiscarder/daysToKeepStr"></td><td class="setting-no-help"></td></tr><tr class="validation-error-area"><td colspan="2"></td><td></td><td></td></tr><tr><td colspan="2"></td><td class="setting-description">if not empty, build records are only kept up to this number of days</td><td></td></tr><tr><td class="setting-leftspace">&nbsp;</td><td class="setting-name">Max # of builds to keep</td><td class="setting-main"><input step="1" min="1" name="_.numToKeepStr" type="number" class="setting-input  positive-number" value="" path="/buildDiscarder/numToKeepStr"></td><td class="setting-no-help"></td></tr><tr class="validation-error-area"><td colspan="2"></td><td></td><td></td></tr><tr><td colspan="2"></td><td class="setting-description">if not empty, only up to this number of build records are kept</td><td></td></tr><tr><td></td><td></td><td><script src="/adjuncts/dd0ae236/lib/form/advanced/advanced.js" type="text/javascript"></script><div style="" class="advancedLink"><span style="display: none" id="id26"><img src="/static/dd0ae236/images/24x24/notepad.png" tooltip="One or more fields in this block have been edited." style="width: 24px; height: 24px; vertical-align: baseline" class="icon-notepad icon-md" title="One or more fields in this block have been edited."></span>&nbsp;<span class="yui-button yui-push-button advanced-button advancedButton" id="yui-gen31"><span class="first-child"><button type="button" tabindex="0" id="yui-gen31-button" path="/buildDiscarder/advanced-button">Advanced...</button></span></span></div><table class="advancedBody"><tbody><tr><td class="setting-leftspace">&nbsp;</td><td class="setting-name">Days to keep artifacts</td><td class="setting-main"><input step="1" min="1" name="_.artifactDaysToKeepStr" type="number" class="setting-input  positive-number" value="" path="/buildDiscarder/artifactDaysToKeepStr"></td><td class="setting-no-help"></td></tr><tr class="validation-error-area"><td colspan="2"></td><td></td><td></td></tr><tr><td colspan="2"></td><td class="setting-description">if not empty, artifacts from builds older than this number of days will be deleted, but the logs, history, reports, etc for the build will be kept</td><td></td></tr><tr><td class="setting-leftspace">&nbsp;</td><td class="setting-name">Max # of builds to keep with artifacts</td><td class="setting-main"><input step="1" min="1" name="_.artifactNumToKeepStr" type="number" class="setting-input  positive-number" value="" path="/buildDiscarder/artifactNumToKeepStr"></td><td class="setting-no-help"></td></tr><tr class="validation-error-area"><td colspan="2"></td><td></td><td></td></tr><tr><td colspan="2"></td><td class="setting-description">if not empty, only up to this number of builds have their artifacts retained</td><td></td></tr></tbody></table></td><td></td></tr><tr style=""><td><input name="stapler-class" type="hidden" value="hudson.tasks.LogRotator" path="/buildDiscarder/stapler-class"><input name="$class" type="hidden" value="hudson.tasks.LogRotator" path="/buildDiscarder/$class"></td></tr><tr class="dropdownList-end rowvg-end"></tr></tbody></table></td></tr><tr class=" rowvg-end optional-block-end"></tr><script src="/adjuncts/dd0ae236/lib/form/section_.js" type="text/javascript"></script><tr name="properties" style="display:none" class="row-set-start" id="rowSetStart31" path="/properties"></tr><tr nameref="rowSetStart31"><td><input type="hidden" name="stapler-class-bag" value="true" path="/properties/stapler-class-bag"></td></tr><tr name="hudson-model-ParametersDefinitionProperty" style="display:none" class="row-set-start" id="rowSetStart30" nameref="rowSetStart31" path="/properties/hudson-model-ParametersDefinitionProperty"></tr><tr class="optional-block-start row-set-start" hashelp="true" ref="cb16" nameref="rowSetStart30"><td colspan="3"><input onclick="javascript:updateOptionalBlock(this,true)" name="parameterized" type="checkbox" class=" " id="cb16" path="/properties/hudson-model-ParametersDefinitionProperty/parameterized"><label class="attach-previous">This build is parameterized</label></td><td class="setting-help"><a helpurl="/help/project-config/parameterized-build.html" href="#" class="help-button" tabindex="9999"><img src="/static/dd0ae236/images/16x16/help.png" alt="Help for feature: This build is parameterized" style="width: 16px; height: 16px; " class="icon-help icon-sm"></a></td></tr><tr class="help-area" nameref="cb16"><td></td><td colspan="2"><div class="help">Loading...</div></td><td></td></tr><tr class="rowvg-start" nameref="cb16" style="display: none;"></tr><tr nameref="cb16" style="display: none;"><td colspan="2"></td><td colspan="2"><script src="/adjuncts/dd0ae236/lib/form/dragdrop/dragdrop.js" type="text/javascript"></script><script src="/adjuncts/dd0ae236/lib/form/hetero-list/hetero-list.js" type="text/javascript"></script><div class="hetero-list-container with-drag-drop  "><div class="repeatable-insertion-point"></div><div><span class="yui-button yui-menu-button" id="yui-gen1"><span class="first-child"><button type="button" tabindex="0" id="yui-gen1-button" class="hetero-list-add" suffix="parameter">Add Parameter</button></span></span></div></div></td></tr><tr class="row-set-end rowvg-end optional-block-end" nameref="rowSetStart30"></tr><tr class="row-set-end" nameref="rowSetStart31"></tr><tr class="row-set-end"></tr><tr class="optional-block-start " hashelp="true" ref="cb17"><td colspan="3"><input onclick="javascript:updateOptionalBlock(this,true)" name="disable" type="checkbox" class=" " id="cb17" path="/disable"><label class="attach-previous">Disable Build (No new builds will be executed until the project is re-enabled.)</label></td><td class="setting-help"><a helpurl="/help/project-config/disable.html" href="#" class="help-button" tabindex="9999"><img src="/static/dd0ae236/images/16x16/help.png" alt="Help for feature: Disable Build (No new builds will be executed until the project is re-enabled.)" style="width: 16px; height: 16px; " class="icon-help icon-sm"></a></td></tr><tr class="help-area"><td></td><td colspan="2"><div class="help">Loading...</div></td><td></td></tr><tr class="rowvg-start" style="display: none;"></tr><tr class=" rowvg-end optional-block-end"></tr><tr class="optional-block-start " hashelp="true" ref="cb18"><td colspan="3"><input onclick="javascript:updateOptionalBlock(this,true)" name="_.concurrentBuild" type="checkbox" class=" " id="cb18" path="/concurrentBuild"><label class="attach-previous">Execute concurrent builds if necessary</label></td><td class="setting-help"><a helpurl="/descriptor/hudson.model.FreeStyleProject/help/concurrentBuild" href="#" class="help-button" tabindex="9999"><img src="/static/dd0ae236/images/16x16/help.png" alt="Help for feature: Execute concurrent builds if necessary" style="width: 16px; height: 16px; " class="icon-help icon-sm"></a></td></tr><tr class="help-area"><td></td><td colspan="2"><div class="help">Loading...</div></td><td></td></tr><tr class="rowvg-start" style="display: none;"></tr><tr class=" rowvg-end optional-block-end"></tr><tr><td colspan="4"><div class="section-header"><a id="section0" class="section-anchor">#</a>Advanced Project Options</div></td></tr><tr><td></td><td></td><td><script src="/adjuncts/dd0ae236/lib/form/advanced/advanced.js" type="text/javascript"></script><div style="" class="advancedLink"><span style="display: none" id="id20"><img src="/static/dd0ae236/images/24x24/notepad.png" tooltip="One or more fields in this block have been edited." style="width: 24px; height: 24px; vertical-align: baseline" class="icon-notepad icon-md" title="One or more fields in this block have been edited."></span>&nbsp;<span class="yui-button yui-push-button advanced-button advancedButton" id="yui-gen7"><span class="first-child"><button type="button" tabindex="0" id="yui-gen7-button" path="/advanced-button">Advanced...</button></span></span></div><table class="advancedBody"><tbody><tr class="optional-block-start " hashelp="true" ref="cb19"><td colspan="3"><input onclick="javascript:updateOptionalBlock(this,true)" name="hasCustomQuietPeriod" type="checkbox" class=" " id="cb19" path="/hasCustomQuietPeriod"><label class="attach-previous">Quiet period</label></td><td class="setting-help"><a helpurl="/descriptor/jenkins.model.GlobalQuietPeriodConfiguration/help/quietPeriod" href="#" class="help-button" tabindex="9999"><img src="/static/dd0ae236/images/16x16/help.png" alt="Help for feature: Quiet period" style="width: 16px; height: 16px; " class="icon-help icon-sm"></a></td></tr><tr class="help-area"><td></td><td colspan="2"><div class="help">Loading...</div></td><td></td></tr><tr class="rowvg-start" style="display: none;"></tr><tr style="display: none;"><td class="setting-leftspace">&nbsp;</td><td class="setting-name">Quiet period</td><td class="setting-main"><input step="1" min="0" name="quiet_period" type="number" class="setting-input  number" value="5" path="/quiet_period"></td><td class="setting-no-help"></td></tr><tr class="validation-error-area" style="display: none;"><td colspan="2"></td><td></td><td></td></tr><tr style="display: none;"><td colspan="2"></td><td class="setting-description">Number of seconds</td><td></td></tr><tr class=" rowvg-end optional-block-end"></tr><tr class="optional-block-start " hashelp="true" ref="cb20"><td colspan="3"><input onclick="javascript:updateOptionalBlock(this,true)" name="hasCustomScmCheckoutRetryCount" type="checkbox" class=" " id="cb20" path="/hasCustomScmCheckoutRetryCount"><label class="attach-previous">Retry Count</label></td><td class="setting-help"><a helpurl="/help/project-config/scmCheckoutRetryCount.html" href="#" class="help-button" tabindex="9999"><img src="/static/dd0ae236/images/16x16/help.png" alt="Help for feature: Retry Count" style="width: 16px; height: 16px; " class="icon-help icon-sm"></a></td></tr><tr class="help-area"><td></td><td colspan="2"><div class="help">Loading...</div></td><td></td></tr><tr class="rowvg-start" style="display: none;"></tr><tr style="display: none;"><td class="setting-leftspace">&nbsp;</td><td class="setting-name">SCM checkout retry count</td><td class="setting-main"><input step="1" min="0" name="scmCheckoutRetryCount" type="number" class="setting-input  number" value="0" path="/scmCheckoutRetryCount"></td><td class="setting-no-help"></td></tr><tr class="validation-error-area" style="display: none;"><td colspan="2"></td><td></td><td></td></tr><tr class=" rowvg-end optional-block-end"></tr><tr class="optional-block-start " hashelp="true" ref="cb21"><td colspan="3"><input onclick="javascript:updateOptionalBlock(this,true)" name="blockBuildWhenUpstreamBuilding" type="checkbox" class=" " id="cb21" path="/blockBuildWhenUpstreamBuilding"><label class="attach-previous">Block build when upstream project is building</label></td><td class="setting-help"><a helpurl="/help/project-config/block-upstream-building.html" href="#" class="help-button" tabindex="9999"><img src="/static/dd0ae236/images/16x16/help.png" alt="Help for feature: Block build when upstream project is building" style="width: 16px; height: 16px; " class="icon-help icon-sm"></a></td></tr><tr class="help-area"><td></td><td colspan="2"><div class="help">Loading...</div></td><td></td></tr><tr class="rowvg-start" style="display: none;"></tr><tr class=" rowvg-end optional-block-end"></tr><tr class="optional-block-start " hashelp="true" ref="cb22"><td colspan="3"><input onclick="javascript:updateOptionalBlock(this,true)" name="blockBuildWhenDownstreamBuilding" type="checkbox" class=" " id="cb22" path="/blockBuildWhenDownstreamBuilding"><label class="attach-previous">Block build when downstream project is building</label></td><td class="setting-help"><a helpurl="/help/project-config/block-downstream-building.html" href="#" class="help-button" tabindex="9999"><img src="/static/dd0ae236/images/16x16/help.png" alt="Help for feature: Block build when downstream project is building" style="width: 16px; height: 16px; " class="icon-help icon-sm"></a></td></tr><tr class="help-area"><td></td><td colspan="2"><div class="help">Loading...</div></td><td></td></tr><tr class="rowvg-start" style="display: none;"></tr><tr class=" rowvg-end optional-block-end"></tr><tr class="optional-block-start " hashelp="true" ref="cb23"><td colspan="3"><input onclick="javascript:updateOptionalBlock(this,true)" name="hasCustomWorkspace" type="checkbox" class=" " id="cb23" path="/hasCustomWorkspace"><label class="attach-previous">Use custom workspace</label></td><td class="setting-help"><a helpurl="/help/project-config/custom-workspace.html" href="#" class="help-button" tabindex="9999"><img src="/static/dd0ae236/images/16x16/help.png" alt="Help for feature: Use custom workspace" style="width: 16px; height: 16px; " class="icon-help icon-sm"></a></td></tr><tr class="help-area"><td></td><td colspan="2"><div class="help">Loading...</div></td><td></td></tr><tr class="rowvg-start" style="display: none;"></tr><tr style="display: none;"><td class="setting-leftspace">&nbsp;</td><td class="setting-name">Directory</td><td class="setting-main">
   

  
  <input checkdependson="customWorkspace" checkurl="/job/thoughtful_credit/descriptorByName/hudson.model.FreeStyleProject/checkCustomWorkspace" name="_.customWorkspace" type="text" class="setting-input validated  " value="" path="/customWorkspace"></td><td class="setting-no-help"></td></tr><tr class="validation-error-area" style="display: none;"><td colspan="2"></td><td><div class="error"><img src="/static/dd0ae236/images/none.gif" height="16" width="1">Custom workspace is empty.</div></td><td></td></tr><tr class=" rowvg-end optional-block-end"></tr><tr><td class="setting-leftspace">&nbsp;</td><td class="setting-name">Display Name</td><td class="setting-main">
   

  
  <input checkurl="'/checkDisplayName?displayName='+encodeURIComponent(this.value)+'&amp;jobName='+encodeURIComponent('thoughtful_credit')" name="_.displayNameOrNull" type="text" class="setting-input validated  " value="" path="/displayNameOrNull"></td><td class="setting-help"><a helpurl="/descriptor/hudson.model.FreeStyleProject/help/displayNameOrNull" href="#" class="help-button" tabindex="9999"><img src="/static/dd0ae236/images/16x16/help.png" alt="Help for feature: Display Name" style="width: 16px; height: 16px; " class="icon-help icon-sm"></a></td></tr><tr class="validation-error-area"><td colspan="2"></td><td><div></div></td><td></td></tr><tr class="help-area"><td></td><td colspan="2"><div class="help">Loading...</div></td><td></td></tr><tr class="optional-block-start row-set-start" hashelp="true" ref="cb24"><td colspan="3"><input onclick="javascript:updateOptionalBlock(this,true)" name="keepDependencies" type="checkbox" class=" " id="cb24" path="/keepDependencies"><label class="attach-previous">Keep the build logs of dependencies</label></td><td class="setting-help"><a helpurl="/help/tasks/fingerprint/keepDependencies.html" href="#" class="help-button" tabindex="9999"><img src="/static/dd0ae236/images/16x16/help.png" alt="Help for feature: Keep the build logs of dependencies" style="width: 16px; height: 16px; " class="icon-help icon-sm"></a></td></tr><tr class="help-area" nameref="cb24"><td></td><td colspan="2"><div class="help">Loading...</div></td><td></td></tr><tr class="rowvg-start" nameref="cb24" style="display: none;"></tr><tr class="row-set-end rowvg-end optional-block-end"></tr></tbody></table></td><td></td></tr><tr><td colspan="4"><div class="section-header"><a id="section1" class="section-anchor">#</a>Source Code Management</div></td></tr><script src="/adjuncts/dd0ae236/lib/form/radioBlock/radioBlock.js" type="text/javascript"></script><tr class="radio-block-start row-set-start" hashelp="false" ref="radio-block-9"><td colspan="3"><label><input name="scm" checked="true" type="radio" value="0" class="radio-block-control" id="radio-block-9" path="/scm[0]">
        None
      </label></td><td class="setting-no-help"></td></tr><tr style="display:none" class="row-set-end radio-block-end"></tr><tr class="radio-block-start row-set-start" hashelp="false" ref="radio-block-10"><td colspan="3"><label><input name="scm" type="radio" value="1" class="radio-block-control" id="radio-block-10" path="/scm[1]">
        CVS
      </label></td><td class="setting-no-help"></td></tr><tr nameref="radio-block-10" style="display: none;"><td class="setting-leftspace">&nbsp;</td><td class="setting-name"></td><td class="setting-main"><div class="repeated-container"><div name="repositories" class="repeated-chunk first last only"><table style="width:100%"><tbody><tr><td class="setting-leftspace">&nbsp;</td><td class="setting-name">CVSROOT</td><td class="setting-main">
   

  
  <input checkdependson="" checkurl="/job/thoughtful_credit/descriptorByName/hudson.scm.CvsRepository/checkCvsRoot" name="_.cvsRoot" type="text" class="setting-input validated  " value=""></td><td class="setting-help"><a helpurl="/descriptor/hudson.scm.CvsRepository/help/cvsRoot" href="#" class="help-button" tabindex="9999"><img src="/static/dd0ae236/images/16x16/help.png" alt="Help for feature: CVSROOT" style="width: 16px; height: 16px; " class="icon-help icon-sm"></a></td></tr><tr class="validation-error-area"><td colspan="2"></td><td><div class="error"><img src="/static/dd0ae236/images/none.gif" height="16" width="1">CVSROOT is mandatory</div></td><td></td></tr><tr class="help-area"><td></td><td colspan="2"><div class="help">Loading...</div></td><td></td></tr><tr class="optional-block-start " hashelp="false" ref="cb25"><td colspan="3"><input onclick="javascript:updateOptionalBlock(this,true)" name="passwordRequired" type="checkbox" class=" " id="cb25"><label class="attach-previous">This Connection Requires A Password</label></td><td class="setting-no-help"></td></tr><tr class="rowvg-start" style="display: none;"></tr><tr style="display: none;"><td class="setting-leftspace">&nbsp;</td><td class="setting-name">Password</td><td class="setting-main"><input name="_.password" type="password" class="setting-input " value=""></td><td class="setting-no-help"></td></tr><tr class="validation-error-area" style="display: none;"><td colspan="2"></td><td></td><td></td></tr><tr class=" rowvg-end optional-block-end"></tr><tr><td class="setting-leftspace">&nbsp;</td><td class="setting-name"></td><td class="setting-main"><div class="repeated-container"><div name="repositoryItems" class="repeated-chunk first last only"><table style="width:100%"><tbody><tr><td class="setting-leftspace">&nbsp;</td><td class="setting-name">Location</td><td class="setting-main"><select class="setting-input dropdownList"><option value="0">Branch</option><option value="1" selected="true">Head</option><option value="2">Tag</option></select></td><td class="setting-no-help"></td></tr><tr class="dropdownList-container"><td colspan="2"></td><td colspan="2"><table width="100%" name="location"><tbody><tr class="dropdownList-start rowvg-start" field-disabled="true" style="display: none;"></tr><tr field-disabled="true" style="display: none;"><td class="setting-leftspace">&nbsp;</td><td class="setting-name">Branch Name</td><td class="setting-main">
   

  
  <input name="_.branchName" type="text" class="setting-input   " value=""></td><td class="setting-no-help"></td></tr><tr class="validation-error-area" field-disabled="true" style="display: none;"><td colspan="2"></td><td></td><td></td></tr><tr field-disabled="true" style="display: none;"><td class="setting-leftspace">&nbsp;</td><td class="setting-name">Use Head If Not Found</td><td class="setting-main"><input name="_.useHeadIfNotFound" type="checkbox" class=" "></td><td class="setting-no-help"></td></tr><tr class="validation-error-area" field-disabled="true" style="display: none;"><td colspan="2"></td><td></td><td></td></tr><tr style="display: none;" field-disabled="true"><td><input name="stapler-class" type="hidden" value="hudson.scm.CvsRepositoryLocation$BranchRepositoryLocation"><input name="$class" type="hidden" value="hudson.scm.CvsRepositoryLocation$BranchRepositoryLocation"></td></tr><tr class="dropdownList-end rowvg-end"></tr><tr class="dropdownList-start rowvg-start"></tr><tr style=""><td><input name="stapler-class" type="hidden" value="hudson.scm.CvsRepositoryLocation$HeadRepositoryLocation"><input name="$class" type="hidden" value="hudson.scm.CvsRepositoryLocation$HeadRepositoryLocation"></td></tr><tr class="dropdownList-end rowvg-end"></tr><tr class="dropdownList-start rowvg-start" field-disabled="true" style="display: none;"></tr><tr field-disabled="true" style="display: none;"><td class="setting-leftspace">&nbsp;</td><td class="setting-name">Tag Name</td><td class="setting-main">
   

  
  <input name="_.tagName" type="text" class="setting-input   " value=""></td><td class="setting-no-help"></td></tr><tr class="validation-error-area" field-disabled="true" style="display: none;"><td colspan="2"></td><td></td><td></td></tr><tr field-disabled="true" style="display: none;"><td class="setting-leftspace">&nbsp;</td><td class="setting-name">Use Head If Not Found</td><td class="setting-main"><input name="_.useHeadIfNotFound" type="checkbox" class=" "></td><td class="setting-no-help"></td></tr><tr class="validation-error-area" field-disabled="true" style="display: none;"><td colspan="2"></td><td></td><td></td></tr><tr style="display: none;" field-disabled="true"><td><input name="stapler-class" type="hidden" value="hudson.scm.CvsRepositoryLocation$TagRepositoryLocation"><input name="$class" type="hidden" value="hudson.scm.CvsRepositoryLocation$TagRepositoryLocation"></td></tr><tr class="dropdownList-end rowvg-end"></tr></tbody></table></td></tr><tr><td class="setting-leftspace">&nbsp;</td><td class="setting-name">Modules</td><td class="setting-main"><div class="repeated-container"><div name="modules" class="repeated-chunk first last only"><table style="width:100%"><tbody><tr><td class="setting-leftspace">&nbsp;</td><td class="setting-name">Remote Name</td><td class="setting-main">
   

  
  <input checkdependson="" checkurl="/job/thoughtful_credit/descriptorByName/hudson.scm.CvsModule/checkRemoteName" name="_.remoteName" type="text" class="setting-input validated  " value=""></td><td class="setting-help"><a helpurl="/descriptor/hudson.scm.CvsModule/help/remoteName" href="#" class="help-button" tabindex="9999"><img src="/static/dd0ae236/images/16x16/help.png" alt="Help for feature: Remote Name" style="width: 16px; height: 16px; " class="icon-help icon-sm"></a></td></tr><tr class="validation-error-area"><td colspan="2"></td><td><div class="error"><img src="/static/dd0ae236/images/none.gif" height="16" width="1">Remote Name is mandatory</div></td><td></td></tr><tr class="help-area"><td></td><td colspan="2"><div class="help">Loading...</div></td><td></td></tr><tr><td class="setting-leftspace">&nbsp;</td><td class="setting-name">Local Name</td><td class="setting-main">
   

  
  <input name="_.localName" type="text" class="setting-input   " value=""></td><td class="setting-help"><a helpurl="/descriptor/hudson.scm.CvsModule/help/localName" href="#" class="help-button" tabindex="9999"><img src="/static/dd0ae236/images/16x16/help.png" alt="Help for feature: Local Name" style="width: 16px; height: 16px; " class="icon-help icon-sm"></a></td></tr><tr class="validation-error-area"><td colspan="2"></td><td></td><td></td></tr><tr class="help-area"><td></td><td colspan="2"><div class="help">Loading...</div></td><td></td></tr><tr><td class="setting-leftspace">&nbsp;</td><td class="setting-name"></td><td class="setting-main"><div align="right"><span class="yui-button yui-push-button repeatable-add show-if-last" id="yui-gen12"><span class="first-child"><button type="button" tabindex="0" id="yui-gen12-button">Add more modules...</button></span></span><span class="yui-button yui-push-button repeatable-delete show-if-not-only" id="yui-gen21"><span class="first-child"><button type="button" tabindex="0" id="yui-gen21-button">Delete</button></span></span></div></td><td class="setting-no-help"></td></tr><tr class="validation-error-area"><td colspan="2"></td><td></td><td></td></tr></tbody></table></div><div class="repeatable-insertion-point"></div></div></td><td class="setting-no-help"></td></tr><tr class="validation-error-area"><td colspan="2"></td><td></td><td></td></tr><tr><td class="setting-leftspace">&nbsp;</td><td class="setting-name"></td><td class="setting-main"><div align="right"><span class="yui-button yui-push-button repeatable-add show-if-last" id="yui-gen13"><span class="first-child"><button type="button" tabindex="0" id="yui-gen13-button">Add more locations...</button></span></span><span class="yui-button yui-push-button repeatable-delete show-if-not-only" id="yui-gen22"><span class="first-child"><button type="button" tabindex="0" id="yui-gen22-button">Delete</button></span></span></div></td><td class="setting-no-help"></td></tr><tr class="validation-error-area"><td colspan="2"></td><td></td><td></td></tr></tbody></table></div><div class="repeatable-insertion-point"></div></div></td><td class="setting-no-help"></td></tr><tr class="validation-error-area"><td colspan="2"></td><td></td><td></td></tr><tr><td></td><td></td><td><div style="" class="advancedLink"><span style="display: none" id="id22"><img src="/static/dd0ae236/images/24x24/notepad.png" tooltip="One or more fields in this block have been edited." style="width: 24px; height: 24px; vertical-align: baseline" class="icon-notepad icon-md" title="One or more fields in this block have been edited."></span>&nbsp;<span class="yui-button yui-push-button advanced-button advancedButton" id="yui-gen8"><span class="first-child"><button type="button" tabindex="0" id="yui-gen8-button">Advanced...</button></span></span></div><table class="advancedBody"><tbody><tr><td colspan="4"><div class="section-header"><a id="section3" class="section-anchor">#</a>Advanced Repository Options</div></td></tr><tr><td class="setting-leftspace">&nbsp;</td><td class="setting-name">Repository browser</td><td class="setting-main"><select class="setting-input dropdownList"><option value="auto">(Auto)</option><option value="0">FishEye</option><option value="1">OpenGrok</option><option value="2">ViewCVS</option></select></td><td class="setting-help"><a helpurl="/help/scm-browsers/list.html" href="#" class="help-button" tabindex="9999"><img src="/static/dd0ae236/images/16x16/help.png" alt="Help for feature: Repository browser" style="width: 16px; height: 16px; " class="icon-help icon-sm"></a></td></tr><tr class="dropdownList-container"><td colspan="2"></td><td colspan="2"><table width="100%" name="repositoryBrowser"><tbody><tr class="dropdownList-start rowvg-start"></tr><tr class="dropdownList-end rowvg-end"></tr><tr class="dropdownList-start rowvg-start" field-disabled="true" style="display: none;"></tr><tr class="render-on-demand " proxy="makeStaplerProxy('/$stapler/bound/ca740689-4993-4c7d-a429-18b538aea894','1c4ca511-47cd-4867-b625-610dfbbe2ece',['render'])" field-disabled="true" style="display: none;"></tr><tr style="display: none;" field-disabled="true"><td><input name="stapler-class" type="hidden" value="hudson.scm.browsers.FishEyeCVS"><input name="$class" type="hidden" value="hudson.scm.browsers.FishEyeCVS"></td></tr><tr class="dropdownList-end rowvg-end"></tr><tr class="dropdownList-start rowvg-start" field-disabled="true" style="display: none;"></tr><tr class="render-on-demand " proxy="makeStaplerProxy('/$stapler/bound/b1effc1d-8d41-4207-b2c1-f56d1cac8411','1c4ca511-47cd-4867-b625-610dfbbe2ece',['render'])" field-disabled="true" style="display: none;"></tr><tr style="display: none;" field-disabled="true"><td><input name="stapler-class" type="hidden" value="hudson.scm.browsers.OpenGrok"><input name="$class" type="hidden" value="hudson.scm.browsers.OpenGrok"></td></tr><tr class="dropdownList-end rowvg-end"></tr><tr class="dropdownList-start rowvg-start" field-disabled="true" style="display: none;"></tr><tr class="render-on-demand " proxy="makeStaplerProxy('/$stapler/bound/073676bb-dfb3-4c3e-9a37-024abaf41bc9','1c4ca511-47cd-4867-b625-610dfbbe2ece',['render'])" field-disabled="true" style="display: none;"></tr><tr style="display: none;" field-disabled="true"><td><input name="stapler-class" type="hidden" value="hudson.scm.browsers.ViewCVS"><input name="$class" type="hidden" value="hudson.scm.browsers.ViewCVS"></td></tr><tr class="dropdownList-end rowvg-end"></tr></tbody></table></td></tr><tr class="help-area"><td></td><td colspan="2"><div class="help">Loading...</div></td><td></td></tr><tr><td class="setting-leftspace">&nbsp;</td><td class="setting-name">Exclude Regions</td><td class="setting-main"><div class="repeated-container"><div name="excludedRegions" class="repeated-chunk first last only"><table style="width:100%"><tbody><tr><td class="setting-leftspace">&nbsp;</td><td class="setting-name">Pattern</td><td class="setting-main">
   

  
  <input checkdependson="" checkurl="/job/thoughtful_credit/descriptorByName/hudson.scm.ExcludedRegion/checkPattern" name="_.pattern" type="text" class="setting-input validated  " value=""></td><td class="setting-no-help"></td></tr><tr class="validation-error-area"><td colspan="2"></td><td><div></div></td><td></td></tr><tr><td class="setting-leftspace">&nbsp;</td><td class="setting-name"></td><td class="setting-main"><div align="right"><span class="yui-button yui-push-button repeatable-add show-if-last" id="yui-gen14"><span class="first-child"><button type="button" tabindex="0" id="yui-gen14-button">Add more patterns...</button></span></span><span class="yui-button yui-push-button repeatable-delete show-if-not-only" id="yui-gen23"><span class="first-child"><button type="button" tabindex="0" id="yui-gen23-button">Delete</button></span></span></div></td><td class="setting-no-help"></td></tr><tr class="validation-error-area"><td colspan="2"></td><td></td><td></td></tr></tbody></table></div><div class="repeatable-insertion-point"></div></div></td><td class="setting-no-help"></td></tr><tr class="validation-error-area"><td colspan="2"></td><td></td><td></td></tr><tr><td class="setting-leftspace">&nbsp;</td><td class="setting-name">Compression Level</td><td class="setting-main">

   
  <select fillurl="/job/thoughtful_credit/descriptorByName/hudson.scm.CvsRepository/fillCompressionLevelItems" name="_.compressionLevel" class="setting-input  select " value=""><option value="-1">System Default</option><option value="0">None</option><option value="1">1</option><option value="2">2</option><option value="3">3 (Recommended)</option><option value="4">4</option><option value="5">5</option><option value="6">6</option><option value="7">7</option><option value="8">8</option><option value="9">9</option></select></td><td class="setting-no-help"></td></tr><tr class="validation-error-area"><td colspan="2"></td><td></td><td></td></tr></tbody></table></td><td></td></tr><tr><td class="setting-leftspace">&nbsp;</td><td class="setting-name"></td><td class="setting-main"><div align="right"><span class="yui-button yui-push-button repeatable-add show-if-last" id="yui-gen15"><span class="first-child"><button type="button" tabindex="0" id="yui-gen15-button">Add more repositories...</button></span></span><span class="yui-button yui-push-button repeatable-delete show-if-not-only" id="yui-gen24"><span class="first-child"><button type="button" tabindex="0" id="yui-gen24-button">Delete</button></span></span></div></td><td class="setting-no-help"></td></tr><tr class="validation-error-area"><td colspan="2"></td><td></td><td></td></tr></tbody></table></div><div class="repeatable-insertion-point"></div></div></td><td class="setting-no-help"></td></tr><tr class="validation-error-area" nameref="radio-block-10" style="display: none;"><td colspan="2"></td><td></td><td></td></tr><tr nameref="radio-block-10" style="display: none;"><td class="setting-leftspace">&nbsp;</td><td class="setting-name">Use Update</td><td class="setting-main"><input name="_.canUseUpdate" checked="true" type="checkbox" class=" "></td><td class="setting-help"><a helpurl="/descriptor/hudson.scm.CVSSCM/help/canUseUpdate" href="#" class="help-button" tabindex="9999"><img src="/static/dd0ae236/images/16x16/help.png" alt="Help for feature: Use Update" style="width: 16px; height: 16px; " class="icon-help icon-sm"></a></td></tr><tr class="validation-error-area" nameref="radio-block-10" style="display: none;"><td colspan="2"></td><td></td><td></td></tr><tr class="help-area" nameref="radio-block-10" style="display: none;"><td></td><td colspan="2"><div class="help">Loading...</div></td><td></td></tr><tr nameref="radio-block-10" style="display: none;"><td class="setting-leftspace">&nbsp;</td><td class="setting-name">Prune Empty Directories</td><td class="setting-main"><input name="_.pruneEmptyDirectories" checked="true" type="checkbox" class=" "></td><td class="setting-help"><a helpurl="/descriptor/hudson.scm.CVSSCM/help/pruneEmptyDirectories" href="#" class="help-button" tabindex="9999"><img src="/static/dd0ae236/images/16x16/help.png" alt="Help for feature: Prune Empty Directories" style="width: 16px; height: 16px; " class="icon-help icon-sm"></a></td></tr><tr class="validation-error-area" nameref="radio-block-10" style="display: none;"><td colspan="2"></td><td></td><td></td></tr><tr class="help-area" nameref="radio-block-10" style="display: none;"><td></td><td colspan="2"><div class="help">Loading...</div></td><td></td></tr><tr nameref="radio-block-10" style="display: none;"><td class="setting-leftspace">&nbsp;</td><td class="setting-name">Legacy Mode</td><td class="setting-main"><input name="_.legacy" type="checkbox" class=" "><label class="attach-previous">(run CVS in a way compatible with older versions of Hudson &lt;1.21)</label></td><td class="setting-help"><a helpurl="/descriptor/hudson.scm.CVSSCM/help/legacy" href="#" class="help-button" tabindex="9999"><img src="/static/dd0ae236/images/16x16/help.png" alt="Help for feature: Legacy Mode" style="width: 16px; height: 16px; " class="icon-help icon-sm"></a></td></tr><tr class="validation-error-area" nameref="radio-block-10" style="display: none;"><td colspan="2"></td><td></td><td></td></tr><tr class="help-area" nameref="radio-block-10" style="display: none;"><td></td><td colspan="2"><div class="help">Loading...</div></td><td></td></tr><tr nameref="radio-block-10" style="display: none;"><td class="setting-leftspace">&nbsp;</td><td class="setting-name">Skip Changelog</td><td class="setting-main"><input name="_.skipChangeLog" type="checkbox" class=" "></td><td class="setting-help"><a helpurl="/descriptor/hudson.scm.CVSSCM/help/skipChangeLog" href="#" class="help-button" tabindex="9999"><img src="/static/dd0ae236/images/16x16/help.png" alt="Help for feature: Skip Changelog" style="width: 16px; height: 16px; " class="icon-help icon-sm"></a></td></tr><tr class="validation-error-area" nameref="radio-block-10" style="display: none;"><td colspan="2"></td><td></td><td></td></tr><tr class="help-area" nameref="radio-block-10" style="display: none;"><td></td><td colspan="2"><div class="help">Loading...</div></td><td></td></tr><tr nameref="radio-block-10" style="display: none;"><td class="setting-leftspace">&nbsp;</td><td class="setting-name">Show all CVS output</td><td class="setting-main"><input name="_.disableCvsQuiet" type="checkbox" class=" "></td><td class="setting-help"><a helpurl="/descriptor/hudson.scm.CVSSCM/help/disableCvsQuiet" href="#" class="help-button" tabindex="9999"><img src="/static/dd0ae236/images/16x16/help.png" alt="Help for feature: Show all CVS output" style="width: 16px; height: 16px; " class="icon-help icon-sm"></a></td></tr><tr class="validation-error-area" nameref="radio-block-10" style="display: none;"><td colspan="2"></td><td></td><td></td></tr><tr class="help-area" nameref="radio-block-10" style="display: none;"><td></td><td colspan="2"><div class="help">Loading...</div></td><td></td></tr><tr nameref="radio-block-10" style="display: none;"><td class="setting-leftspace">&nbsp;</td><td class="setting-name">Perform clean checkout on failed update</td><td class="setting-main"><input name="_.cleanOnFailedUpdate" type="checkbox" class=" "></td><td class="setting-help"><a helpurl="/descriptor/hudson.scm.CVSSCM/help/cleanOnFailedUpdate" href="#" class="help-button" tabindex="9999"><img src="/static/dd0ae236/images/16x16/help.png" alt="Help for feature: Perform clean checkout on failed update" style="width: 16px; height: 16px; " class="icon-help icon-sm"></a></td></tr><tr class="validation-error-area" nameref="radio-block-10" style="display: none;"><td colspan="2"></td><td></td><td></td></tr><tr class="help-area" nameref="radio-block-10" style="display: none;"><td></td><td colspan="2"><div class="help">Loading...</div></td><td></td></tr><tr nameref="radio-block-10" style="display: none;"><td class="setting-leftspace">&nbsp;</td><td class="setting-name">Force clean copy for locally modified files</td><td class="setting-main"><input name="_.forceCleanCopy" type="checkbox" class=" "></td><td class="setting-help"><a helpurl="/descriptor/hudson.scm.CVSSCM/help/forceCleanCopy" href="#" class="help-button" tabindex="9999"><img src="/static/dd0ae236/images/16x16/help.png" alt="Help for feature: Force clean copy for locally modified files" style="width: 16px; height: 16px; " class="icon-help icon-sm"></a></td></tr><tr class="validation-error-area" nameref="radio-block-10" style="display: none;"><td colspan="2"></td><td></td><td></td></tr><tr class="help-area" nameref="radio-block-10" style="display: none;"><td></td><td colspan="2"><div class="help">Loading...</div></td><td></td></tr><tr style="display:none" class="row-set-end radio-block-end"></tr><tr class="radio-block-start row-set-start" hashelp="false" ref="radio-block-11"><td colspan="3"><label><input name="scm" type="radio" value="2" class="radio-block-control" id="radio-block-11" path="/scm[2]">
        CVS Projectset
      </label></td><td class="setting-no-help"></td></tr><tr nameref="radio-block-11" style="display: none;"><td class="setting-leftspace">&nbsp;</td><td class="setting-name"></td><td class="setting-main"><div class="repeated-container"><div name="repositories" class="repeated-chunk first last only"><table style="width:100%"><tbody><tr><td class="setting-leftspace">&nbsp;</td><td class="setting-name">CVSROOT</td><td class="setting-main">
   

  
  <input checkdependson="" checkurl="/job/thoughtful_credit/descriptorByName/hudson.scm.CvsRepository/checkCvsRoot" name="_.cvsRoot" type="text" class="setting-input validated  " value=""></td><td class="setting-help"><a helpurl="/descriptor/hudson.scm.CvsRepository/help/cvsRoot" href="#" class="help-button" tabindex="9999"><img src="/static/dd0ae236/images/16x16/help.png" alt="Help for feature: CVSROOT" style="width: 16px; height: 16px; " class="icon-help icon-sm"></a></td></tr><tr class="validation-error-area"><td colspan="2"></td><td><div class="error"><img src="/static/dd0ae236/images/none.gif" height="16" width="1">CVSROOT is mandatory</div></td><td></td></tr><tr class="help-area"><td></td><td colspan="2"><div class="help">Loading...</div></td><td></td></tr><tr class="optional-block-start " hashelp="false" ref="cb26"><td colspan="3"><input onclick="javascript:updateOptionalBlock(this,true)" name="passwordRequired" type="checkbox" class=" " id="cb26"><label class="attach-previous">This Connection Requires A Password</label></td><td class="setting-no-help"></td></tr><tr class="rowvg-start" style="display: none;"></tr><tr style="display: none;"><td class="setting-leftspace">&nbsp;</td><td class="setting-name">Password</td><td class="setting-main"><input name="_.password" type="password" class="setting-input " value=""></td><td class="setting-no-help"></td></tr><tr class="validation-error-area" style="display: none;"><td colspan="2"></td><td></td><td></td></tr><tr class=" rowvg-end optional-block-end"></tr><tr><td class="setting-leftspace">&nbsp;</td><td class="setting-name"></td><td class="setting-main"><div class="repeated-container"><div name="repositoryItems" class="repeated-chunk first last only"><table style="width:100%"><tbody><tr><td class="setting-leftspace">&nbsp;</td><td class="setting-name">Location</td><td class="setting-main"><select class="setting-input dropdownList"><option value="0">Branch</option><option value="1" selected="true">Head</option><option value="2">Tag</option></select></td><td class="setting-no-help"></td></tr><tr class="dropdownList-container"><td colspan="2"></td><td colspan="2"><table width="100%" name="location"><tbody><tr class="dropdownList-start rowvg-start" field-disabled="true" style="display: none;"></tr><tr field-disabled="true" style="display: none;"><td class="setting-leftspace">&nbsp;</td><td class="setting-name">Branch Name</td><td class="setting-main">
   

  
  <input name="_.branchName" type="text" class="setting-input   " value=""></td><td class="setting-no-help"></td></tr><tr class="validation-error-area" field-disabled="true" style="display: none;"><td colspan="2"></td><td></td><td></td></tr><tr field-disabled="true" style="display: none;"><td class="setting-leftspace">&nbsp;</td><td class="setting-name">Use Head If Not Found</td><td class="setting-main"><input name="_.useHeadIfNotFound" type="checkbox" class=" "></td><td class="setting-no-help"></td></tr><tr class="validation-error-area" field-disabled="true" style="display: none;"><td colspan="2"></td><td></td><td></td></tr><tr style="display: none;" field-disabled="true"><td><input name="stapler-class" type="hidden" value="hudson.scm.CvsRepositoryLocation$BranchRepositoryLocation"><input name="$class" type="hidden" value="hudson.scm.CvsRepositoryLocation$BranchRepositoryLocation"></td></tr><tr class="dropdownList-end rowvg-end"></tr><tr class="dropdownList-start rowvg-start"></tr><tr style=""><td><input name="stapler-class" type="hidden" value="hudson.scm.CvsRepositoryLocation$HeadRepositoryLocation"><input name="$class" type="hidden" value="hudson.scm.CvsRepositoryLocation$HeadRepositoryLocation"></td></tr><tr class="dropdownList-end rowvg-end"></tr><tr class="dropdownList-start rowvg-start" field-disabled="true" style="display: none;"></tr><tr field-disabled="true" style="display: none;"><td class="setting-leftspace">&nbsp;</td><td class="setting-name">Tag Name</td><td class="setting-main">
   

  
  <input name="_.tagName" type="text" class="setting-input   " value=""></td><td class="setting-no-help"></td></tr><tr class="validation-error-area" field-disabled="true" style="display: none;"><td colspan="2"></td><td></td><td></td></tr><tr field-disabled="true" style="display: none;"><td class="setting-leftspace">&nbsp;</td><td class="setting-name">Use Head If Not Found</td><td class="setting-main"><input name="_.useHeadIfNotFound" type="checkbox" class=" "></td><td class="setting-no-help"></td></tr><tr class="validation-error-area" field-disabled="true" style="display: none;"><td colspan="2"></td><td></td><td></td></tr><tr style="display: none;" field-disabled="true"><td><input name="stapler-class" type="hidden" value="hudson.scm.CvsRepositoryLocation$TagRepositoryLocation"><input name="$class" type="hidden" value="hudson.scm.CvsRepositoryLocation$TagRepositoryLocation"></td></tr><tr class="dropdownList-end rowvg-end"></tr></tbody></table></td></tr><tr><td class="setting-leftspace">&nbsp;</td><td class="setting-name">Modules</td><td class="setting-main"><div class="repeated-container"><div name="modules" class="repeated-chunk first last only"><table style="width:100%"><tbody><tr><td class="setting-leftspace">&nbsp;</td><td class="setting-name">Remote Name</td><td class="setting-main">
   

  
  <input checkdependson="" checkurl="/job/thoughtful_credit/descriptorByName/hudson.scm.CvsModule/checkRemoteName" name="_.remoteName" type="text" class="setting-input validated  " value=""></td><td class="setting-help"><a helpurl="/descriptor/hudson.scm.CvsModule/help/remoteName" href="#" class="help-button" tabindex="9999"><img src="/static/dd0ae236/images/16x16/help.png" alt="Help for feature: Remote Name" style="width: 16px; height: 16px; " class="icon-help icon-sm"></a></td></tr><tr class="validation-error-area"><td colspan="2"></td><td><div class="error"><img src="/static/dd0ae236/images/none.gif" height="16" width="1">Remote Name is mandatory</div></td><td></td></tr><tr class="help-area"><td></td><td colspan="2"><div class="help">Loading...</div></td><td></td></tr><tr><td class="setting-leftspace">&nbsp;</td><td class="setting-name">Local Name</td><td class="setting-main">
   

  
  <input name="_.localName" type="text" class="setting-input   " value=""></td><td class="setting-help"><a helpurl="/descriptor/hudson.scm.CvsModule/help/localName" href="#" class="help-button" tabindex="9999"><img src="/static/dd0ae236/images/16x16/help.png" alt="Help for feature: Local Name" style="width: 16px; height: 16px; " class="icon-help icon-sm"></a></td></tr><tr class="validation-error-area"><td colspan="2"></td><td></td><td></td></tr><tr class="help-area"><td></td><td colspan="2"><div class="help">Loading...</div></td><td></td></tr><tr><td class="setting-leftspace">&nbsp;</td><td class="setting-name">Projectset File Name</td><td class="setting-main">
   

  
  <input checkdependson="" checkurl="/job/thoughtful_credit/descriptorByName/hudson.scm.CvsModule/checkProjectsetFileName" name="_.projectsetFileName" type="text" class="setting-input validated  " value=""></td><td class="setting-help"><a helpurl="/descriptor/hudson.scm.CvsModule/help/projectsetFileName" href="#" class="help-button" tabindex="9999"><img src="/static/dd0ae236/images/16x16/help.png" alt="Help for feature: Projectset File Name" style="width: 16px; height: 16px; " class="icon-help icon-sm"></a></td></tr><tr class="validation-error-area"><td colspan="2"></td><td><a href="" onclick="document.getElementById('valerr32').style.display='block';return false">ERROR</a><div id="valerr32" style="display:none"></div></td><td></td></tr><tr class="help-area"><td></td><td colspan="2"><div class="help">Loading...</div></td><td></td></tr><tr><td class="setting-leftspace">&nbsp;</td><td class="setting-name"></td><td class="setting-main"><div align="right"><span class="yui-button yui-push-button repeatable-add show-if-last" id="yui-gen16"><span class="first-child"><button type="button" tabindex="0" id="yui-gen16-button">Add more modules...</button></span></span><span class="yui-button yui-push-button repeatable-delete show-if-not-only" id="yui-gen25"><span class="first-child"><button type="button" tabindex="0" id="yui-gen25-button">Delete</button></span></span></div></td><td class="setting-no-help"></td></tr><tr class="validation-error-area"><td colspan="2"></td><td></td><td></td></tr></tbody></table></div><div class="repeatable-insertion-point"></div></div></td><td class="setting-no-help"></td></tr><tr class="validation-error-area"><td colspan="2"></td><td></td><td></td></tr><tr><td class="setting-leftspace">&nbsp;</td><td class="setting-name"></td><td class="setting-main"><div align="right"><span class="yui-button yui-push-button repeatable-add show-if-last" id="yui-gen17"><span class="first-child"><button type="button" tabindex="0" id="yui-gen17-button">Add more locations...</button></span></span><span class="yui-button yui-push-button repeatable-delete show-if-not-only" id="yui-gen26"><span class="first-child"><button type="button" tabindex="0" id="yui-gen26-button">Delete</button></span></span></div></td><td class="setting-no-help"></td></tr><tr class="validation-error-area"><td colspan="2"></td><td></td><td></td></tr></tbody></table></div><div class="repeatable-insertion-point"></div></div></td><td class="setting-no-help"></td></tr><tr class="validation-error-area"><td colspan="2"></td><td></td><td></td></tr><tr><td></td><td></td><td><div style="" class="advancedLink"><span style="display: none" id="id24"><img src="/static/dd0ae236/images/24x24/notepad.png" tooltip="One or more fields in this block have been edited." style="width: 24px; height: 24px; vertical-align: baseline" class="icon-notepad icon-md" title="One or more fields in this block have been edited."></span>&nbsp;<span class="yui-button yui-push-button advanced-button advancedButton" id="yui-gen9"><span class="first-child"><button type="button" tabindex="0" id="yui-gen9-button">Advanced...</button></span></span></div><table class="advancedBody"><tbody><tr><td colspan="4"><div class="section-header"><a id="section5" class="section-anchor">#</a>Advanced Repository Options</div></td></tr><tr><td class="setting-leftspace">&nbsp;</td><td class="setting-name">Repository browser</td><td class="setting-main"><select class="setting-input dropdownList"><option value="auto">(Auto)</option><option value="0">FishEye</option><option value="1">OpenGrok</option><option value="2">ViewCVS</option></select></td><td class="setting-help"><a helpurl="/help/scm-browsers/list.html" href="#" class="help-button" tabindex="9999"><img src="/static/dd0ae236/images/16x16/help.png" alt="Help for feature: Repository browser" style="width: 16px; height: 16px; " class="icon-help icon-sm"></a></td></tr><tr class="dropdownList-container"><td colspan="2"></td><td colspan="2"><table width="100%" name="repositoryBrowser"><tbody><tr class="dropdownList-start rowvg-start"></tr><tr class="dropdownList-end rowvg-end"></tr><tr class="dropdownList-start rowvg-start" field-disabled="true" style="display: none;"></tr><tr class="render-on-demand " proxy="makeStaplerProxy('/$stapler/bound/049ff5c7-9ba3-422b-90c6-a5e8e90cffab','1c4ca511-47cd-4867-b625-610dfbbe2ece',['render'])" field-disabled="true" style="display: none;"></tr><tr style="display: none;" field-disabled="true"><td><input name="stapler-class" type="hidden" value="hudson.scm.browsers.FishEyeCVS"><input name="$class" type="hidden" value="hudson.scm.browsers.FishEyeCVS"></td></tr><tr class="dropdownList-end rowvg-end"></tr><tr class="dropdownList-start rowvg-start" field-disabled="true" style="display: none;"></tr><tr class="render-on-demand " proxy="makeStaplerProxy('/$stapler/bound/c20abdab-321a-421c-ad6f-577ff3b8a1a9','1c4ca511-47cd-4867-b625-610dfbbe2ece',['render'])" field-disabled="true" style="display: none;"></tr><tr style="display: none;" field-disabled="true"><td><input name="stapler-class" type="hidden" value="hudson.scm.browsers.OpenGrok"><input name="$class" type="hidden" value="hudson.scm.browsers.OpenGrok"></td></tr><tr class="dropdownList-end rowvg-end"></tr><tr class="dropdownList-start rowvg-start" field-disabled="true" style="display: none;"></tr><tr class="render-on-demand " proxy="makeStaplerProxy('/$stapler/bound/e121d4ac-54d5-44d0-9164-f7b0ec892aa2','1c4ca511-47cd-4867-b625-610dfbbe2ece',['render'])" field-disabled="true" style="display: none;"></tr><tr style="display: none;" field-disabled="true"><td><input name="stapler-class" type="hidden" value="hudson.scm.browsers.ViewCVS"><input name="$class" type="hidden" value="hudson.scm.browsers.ViewCVS"></td></tr><tr class="dropdownList-end rowvg-end"></tr></tbody></table></td></tr><tr class="help-area"><td></td><td colspan="2"><div class="help">Loading...</div></td><td></td></tr><tr><td class="setting-leftspace">&nbsp;</td><td class="setting-name">Exclude Regions</td><td class="setting-main"><div class="repeated-container"><div name="excludedRegions" class="repeated-chunk first last only"><table style="width:100%"><tbody><tr><td class="setting-leftspace">&nbsp;</td><td class="setting-name">Pattern</td><td class="setting-main">
   

  
  <input checkdependson="" checkurl="/job/thoughtful_credit/descriptorByName/hudson.scm.ExcludedRegion/checkPattern" name="_.pattern" type="text" class="setting-input validated  " value=""></td><td class="setting-no-help"></td></tr><tr class="validation-error-area"><td colspan="2"></td><td></td><td></td></tr><tr><td class="setting-leftspace">&nbsp;</td><td class="setting-name"></td><td class="setting-main"><div align="right"><span class="yui-button yui-push-button repeatable-add show-if-last" id="yui-gen18"><span class="first-child"><button type="button" tabindex="0" id="yui-gen18-button">Add more patterns...</button></span></span><span class="yui-button yui-push-button repeatable-delete show-if-not-only" id="yui-gen27"><span class="first-child"><button type="button" tabindex="0" id="yui-gen27-button">Delete</button></span></span></div></td><td class="setting-no-help"></td></tr><tr class="validation-error-area"><td colspan="2"></td><td></td><td></td></tr></tbody></table></div><div class="repeatable-insertion-point"></div></div></td><td class="setting-no-help"></td></tr><tr class="validation-error-area"><td colspan="2"></td><td></td><td></td></tr><tr><td class="setting-leftspace">&nbsp;</td><td class="setting-name">Compression Level</td><td class="setting-main">

   
  <select fillurl="/job/thoughtful_credit/descriptorByName/hudson.scm.CvsRepository/fillCompressionLevelItems" name="_.compressionLevel" class="setting-input  select " value=""><option value="-1">System Default</option><option value="0">None</option><option value="1">1</option><option value="2">2</option><option value="3">3 (Recommended)</option><option value="4">4</option><option value="5">5</option><option value="6">6</option><option value="7">7</option><option value="8">8</option><option value="9">9</option></select></td><td class="setting-no-help"></td></tr><tr class="validation-error-area"><td colspan="2"></td><td></td><td></td></tr></tbody></table></td><td></td></tr><tr><td class="setting-leftspace">&nbsp;</td><td class="setting-name"></td><td class="setting-main"><div align="right"><span class="yui-button yui-push-button repeatable-add show-if-last" id="yui-gen19"><span class="first-child"><button type="button" tabindex="0" id="yui-gen19-button">Add more repositories...</button></span></span><span class="yui-button yui-push-button repeatable-delete show-if-not-only" id="yui-gen28"><span class="first-child"><button type="button" tabindex="0" id="yui-gen28-button">Delete</button></span></span></div></td><td class="setting-no-help"></td></tr><tr class="validation-error-area"><td colspan="2"></td><td></td><td></td></tr></tbody></table></div><div class="repeatable-insertion-point"></div></div></td><td class="setting-no-help"></td></tr><tr class="validation-error-area" nameref="radio-block-11" style="display: none;"><td colspan="2"></td><td></td><td></td></tr><tr nameref="radio-block-11" style="display: none;"><td class="setting-leftspace">&nbsp;</td><td class="setting-name">Use Update</td><td class="setting-main"><input name="_.canUseUpdate" checked="true" type="checkbox" class=" "></td><td class="setting-help"><a helpurl="/descriptor/hudson.scm.CvsProjectset/help/canUseUpdate" href="#" class="help-button" tabindex="9999"><img src="/static/dd0ae236/images/16x16/help.png" alt="Help for feature: Use Update" style="width: 16px; height: 16px; " class="icon-help icon-sm"></a></td></tr><tr class="validation-error-area" nameref="radio-block-11" style="display: none;"><td colspan="2"></td><td></td><td></td></tr><tr class="help-area" nameref="radio-block-11" style="display: none;"><td></td><td colspan="2"><div class="help">Loading...</div></td><td></td></tr><tr nameref="radio-block-11" style="display: none;"><td class="setting-leftspace">&nbsp;</td><td class="setting-name">Username</td><td class="setting-main">
   

  
  <input name="_.username" type="text" class="setting-input   " value=""></td><td class="setting-help"><a helpurl="/descriptor/hudson.scm.CvsProjectset/help/username" href="#" class="help-button" tabindex="9999"><img src="/static/dd0ae236/images/16x16/help.png" alt="Help for feature: Username" style="width: 16px; height: 16px; " class="icon-help icon-sm"></a></td></tr><tr class="validation-error-area" nameref="radio-block-11" style="display: none;"><td colspan="2"></td><td></td><td></td></tr><tr class="help-area" nameref="radio-block-11" style="display: none;"><td></td><td colspan="2"><div class="help">Loading...</div></td><td></td></tr><tr nameref="radio-block-11" style="display: none;"><td class="setting-leftspace">&nbsp;</td><td class="setting-name">Password</td><td class="setting-main"><input name="_.password" type="password" class="setting-input " value=""></td><td class="setting-help"><a helpurl="/descriptor/hudson.scm.CvsProjectset/help/password" href="#" class="help-button" tabindex="9999"><img src="/static/dd0ae236/images/16x16/help.png" alt="Help for feature: Password" style="width: 16px; height: 16px; " class="icon-help icon-sm"></a></td></tr><tr class="validation-error-area" nameref="radio-block-11" style="display: none;"><td colspan="2"></td><td></td><td></td></tr><tr class="help-area" nameref="radio-block-11" style="display: none;"><td></td><td colspan="2"><div class="help">Loading...</div></td><td></td></tr><tr nameref="radio-block-11" style="display: none;"><td class="setting-leftspace">&nbsp;</td><td class="setting-name">Prune Empty Directories</td><td class="setting-main"><input name="_.pruneEmptyDirectories" checked="true" type="checkbox" class=" "></td><td class="setting-help"><a helpurl="/descriptor/hudson.scm.CvsProjectset/help/pruneEmptyDirectories" href="#" class="help-button" tabindex="9999"><img src="/static/dd0ae236/images/16x16/help.png" alt="Help for feature: Prune Empty Directories" style="width: 16px; height: 16px; " class="icon-help icon-sm"></a></td></tr><tr class="validation-error-area" nameref="radio-block-11" style="display: none;"><td colspan="2"></td><td></td><td></td></tr><tr class="help-area" nameref="radio-block-11" style="display: none;"><td></td><td colspan="2"><div class="help">Loading...</div></td><td></td></tr><tr nameref="radio-block-11" style="display: none;"><td class="setting-leftspace">&nbsp;</td><td class="setting-name">Skip Changelog</td><td class="setting-main"><input name="_.skipChangeLog" type="checkbox" class=" "></td><td class="setting-help"><a helpurl="/descriptor/hudson.scm.CvsProjectset/help/skipChangeLog" href="#" class="help-button" tabindex="9999"><img src="/static/dd0ae236/images/16x16/help.png" alt="Help for feature: Skip Changelog" style="width: 16px; height: 16px; " class="icon-help icon-sm"></a></td></tr><tr class="validation-error-area" nameref="radio-block-11" style="display: none;"><td colspan="2"></td><td></td><td></td></tr><tr class="help-area" nameref="radio-block-11" style="display: none;"><td></td><td colspan="2"><div class="help">Loading...</div></td><td></td></tr><tr nameref="radio-block-11" style="display: none;"><td class="setting-leftspace">&nbsp;</td><td class="setting-name">Show all CVS output</td><td class="setting-main"><input name="_.disableCvsQuiet" type="checkbox" class=" "></td><td class="setting-help"><a helpurl="/descriptor/hudson.scm.CvsProjectset/help/disableCvsQuiet" href="#" class="help-button" tabindex="9999"><img src="/static/dd0ae236/images/16x16/help.png" alt="Help for feature: Show all CVS output" style="width: 16px; height: 16px; " class="icon-help icon-sm"></a></td></tr><tr class="validation-error-area" nameref="radio-block-11" style="display: none;"><td colspan="2"></td><td></td><td></td></tr><tr class="help-area" nameref="radio-block-11" style="display: none;"><td></td><td colspan="2"><div class="help">Loading...</div></td><td></td></tr><tr nameref="radio-block-11" style="display: none;"><td class="setting-leftspace">&nbsp;</td><td class="setting-name">Perform clean checkout on failed update</td><td class="setting-main"><input name="_.cleanOnFailedUpdate" type="checkbox" class=" "></td><td class="setting-help"><a helpurl="/descriptor/hudson.scm.CvsProjectset/help/cleanOnFailedUpdate" href="#" class="help-button" tabindex="9999"><img src="/static/dd0ae236/images/16x16/help.png" alt="Help for feature: Perform clean checkout on failed update" style="width: 16px; height: 16px; " class="icon-help icon-sm"></a></td></tr><tr class="validation-error-area" nameref="radio-block-11" style="display: none;"><td colspan="2"></td><td></td><td></td></tr><tr class="help-area" nameref="radio-block-11" style="display: none;"><td></td><td colspan="2"><div class="help">Loading...</div></td><td></td></tr><tr nameref="radio-block-11" style="display: none;"><td class="setting-leftspace">&nbsp;</td><td class="setting-name">Repository browser</td><td class="setting-main"><select class="setting-input dropdownList"><option value="auto">(Auto)</option><option value="0">Cvs Facade Repository Browser</option><option value="1">FishEye</option><option value="2">OpenGrok</option><option value="3">ViewCVS</option></select></td><td class="setting-help"><a helpurl="/help/scm-browsers/list.html" href="#" class="help-button" tabindex="9999"><img src="/static/dd0ae236/images/16x16/help.png" alt="Help for feature: Repository browser" style="width: 16px; height: 16px; " class="icon-help icon-sm"></a></td></tr><tr class="dropdownList-container" nameref="radio-block-11" style="display: none;"><td colspan="2"></td><td colspan="2"><table width="100%" name="cvs.browser"><tbody><tr class="dropdownList-start rowvg-start"></tr><tr class="dropdownList-end rowvg-end"></tr><tr class="dropdownList-start rowvg-start" field-disabled="true" style="display: none;"></tr><tr class="render-on-demand " proxy="makeStaplerProxy('/$stapler/bound/82ed3660-8aa0-4eb7-ac37-900d69213bd3','1c4ca511-47cd-4867-b625-610dfbbe2ece',['render'])" field-disabled="true" style="display: none;"></tr><tr style="display: none;" field-disabled="true"><td><input name="stapler-class" type="hidden" value="hudson.scm.browsers.CvsFacadeRepositoryBrowser"><input name="$class" type="hidden" value="hudson.scm.browsers.CvsFacadeRepositoryBrowser"></td></tr><tr class="dropdownList-end rowvg-end"></tr><tr class="dropdownList-start rowvg-start" field-disabled="true" style="display: none;"></tr><tr class="render-on-demand " proxy="makeStaplerProxy('/$stapler/bound/4ca88f1d-ed5e-45ac-808a-3f0168aef409','1c4ca511-47cd-4867-b625-610dfbbe2ece',['render'])" field-disabled="true" style="display: none;"></tr><tr style="display: none;" field-disabled="true"><td><input name="stapler-class" type="hidden" value="hudson.scm.browsers.FishEyeCVS"><input name="$class" type="hidden" value="hudson.scm.browsers.FishEyeCVS"></td></tr><tr class="dropdownList-end rowvg-end"></tr><tr class="dropdownList-start rowvg-start" field-disabled="true" style="display: none;"></tr><tr class="render-on-demand " proxy="makeStaplerProxy('/$stapler/bound/5cb96135-f171-4f82-904a-f12de08b7eda','1c4ca511-47cd-4867-b625-610dfbbe2ece',['render'])" field-disabled="true" style="display: none;"></tr><tr style="display: none;" field-disabled="true"><td><input name="stapler-class" type="hidden" value="hudson.scm.browsers.OpenGrok"><input name="$class" type="hidden" value="hudson.scm.browsers.OpenGrok"></td></tr><tr class="dropdownList-end rowvg-end"></tr><tr class="dropdownList-start rowvg-start" field-disabled="true" style="display: none;"></tr><tr class="render-on-demand " proxy="makeStaplerProxy('/$stapler/bound/de79cd2c-3417-4a24-8cbe-e4dc18e4ac89','1c4ca511-47cd-4867-b625-610dfbbe2ece',['render'])" field-disabled="true" style="display: none;"></tr><tr style="display: none;" field-disabled="true"><td><input name="stapler-class" type="hidden" value="hudson.scm.browsers.ViewCVS"><input name="$class" type="hidden" value="hudson.scm.browsers.ViewCVS"></td></tr><tr class="dropdownList-end rowvg-end"></tr></tbody></table></td></tr><tr class="help-area" nameref="radio-block-11" style="display: none;"><td></td><td colspan="2"><div class="help">Loading...</div></td><td></td></tr><tr style="display:none" class="row-set-end radio-block-end"></tr><tr class="radio-block-start row-set-start" hashelp="false" ref="radio-block-12"><td colspan="3"><label><input name="scm" type="radio" value="3" class="radio-block-control" id="radio-block-12" path="/scm[3]">
        Subversion
      </label></td><td class="setting-no-help"></td></tr><tr nameref="radio-block-12" style="display: none;"><td class="setting-leftspace">&nbsp;</td><td class="setting-name">Modules</td><td class="setting-main"><div class="repeated-container"><div name="locations" class="repeated-chunk first last only"><table width="100%"><tbody><tr><td class="setting-leftspace">&nbsp;</td><td class="setting-name">Repository URL</td><td class="setting-main">
   

  
  <input checkdependson="" id="svn.remote.loc" checkurl="/job/thoughtful_credit/descriptorByName/hudson.scm.SubversionSCM/checkRemote" name="_.remote" type="text" class="setting-input validated  " value=""></td><td class="setting-help"><a helpurl="/scm/SubversionSCM/url-help" href="#" class="help-button" tabindex="9999"><img src="/static/dd0ae236/images/16x16/help.png" alt="Help for feature: Repository URL" style="width: 16px; height: 16px; " class="icon-help icon-sm"></a></td></tr><tr class="validation-error-area"><td colspan="2"></td><td></td><td></td></tr><tr class="help-area"><td></td><td colspan="2"><div class="help">Loading...</div></td><td></td></tr><tr><td class="setting-leftspace">&nbsp;</td><td class="setting-name">Local module directory (optional)</td><td class="setting-main">
   

  
  <input checkdependson="" checkurl="/job/thoughtful_credit/descriptorByName/hudson.scm.SubversionSCM/checkLocal" name="_.local" type="text" class="setting-input validated  " value="."></td><td class="setting-help"><a helpurl="/descriptor/hudson.scm.SubversionSCM/help/local" href="#" class="help-button" tabindex="9999"><img src="/static/dd0ae236/images/16x16/help.png" alt="Help for feature: Local module directory (optional)" style="width: 16px; height: 16px; " class="icon-help icon-sm"></a></td></tr><tr class="validation-error-area"><td colspan="2"></td><td></td><td></td></tr><tr class="help-area"><td></td><td colspan="2"><div class="help">Loading...</div></td><td></td></tr><tr><td class="setting-leftspace">&nbsp;</td><td class="setting-name">Repository depth</td><td class="setting-main"><select name="depthOption"><option value="infinity">infinity</option><option value="empty">empty</option><option value="files">files</option><option value="immediates">immediates</option><option value="unknown">as-it-is</option></select></td><td class="setting-help"><a helpurl="/descriptor/hudson.scm.SubversionSCM/help/depthOption" href="#" class="help-button" tabindex="9999"><img src="/static/dd0ae236/images/16x16/help.png" alt="Help for feature: Repository depth" style="width: 16px; height: 16px; " class="icon-help icon-sm"></a></td></tr><tr class="validation-error-area"><td colspan="2"></td><td></td><td></td></tr><tr class="help-area"><td></td><td colspan="2"><div class="help">Loading...</div></td><td></td></tr><tr><td class="setting-leftspace">&nbsp;</td><td class="setting-name">Ignore externals</td><td class="setting-main"><input name="_.ignoreExternalsOption" type="checkbox" class=" "></td><td class="setting-help"><a helpurl="/descriptor/hudson.scm.SubversionSCM/help/ignoreExternalsOption" href="#" class="help-button" tabindex="9999"><img src="/static/dd0ae236/images/16x16/help.png" alt="Help for feature: Ignore externals" style="width: 16px; height: 16px; " class="icon-help icon-sm"></a></td></tr><tr class="validation-error-area"><td colspan="2"></td><td></td><td></td></tr><tr class="help-area"><td></td><td colspan="2"><div class="help">Loading...</div></td><td></td></tr><tr><td class="setting-leftspace">&nbsp;</td><td class="setting-name"></td><td class="setting-main"><div align="right"><span class="yui-button yui-push-button repeatable-add show-if-last" id="yui-gen20"><span class="first-child"><button type="button" tabindex="0" id="yui-gen20-button">Add more locations...</button></span></span><span class="yui-button yui-push-button repeatable-delete show-if-not-only" id="yui-gen29"><span class="first-child"><button type="button" tabindex="0" id="yui-gen29-button">Delete</button></span></span></div></td><td class="setting-no-help"></td></tr><tr class="validation-error-area"><td colspan="2"></td><td></td><td></td></tr></tbody></table></div><div class="repeatable-insertion-point"></div></div></td><td class="setting-no-help"></td></tr><tr class="validation-error-area" nameref="radio-block-12" style="display: none;"><td colspan="2"></td><td></td><td></td></tr><tr nameref="radio-block-12" style="display: none;"><td class="setting-leftspace">&nbsp;</td><td class="setting-name">Check-out Strategy</td><td class="setting-main"><select class="setting-input dropdownList"><option value="0">Use 'svn update' as much as possible</option><option value="1">Always check out a fresh copy</option><option value="2">Emulate clean checkout by first deleting unversioned/ignored files, then 'svn update'</option><option value="3">Use 'svn update' as much as possible, with 'svn revert' before update</option></select></td><td class="setting-no-help"></td></tr><tr class="dropdownList-container" nameref="radio-block-12" style="display: none;"><td colspan="2"></td><td colspan="2"><table width="100%" name="workspaceUpdater"><tbody><tr class="dropdownList-start rowvg-start"></tr>
      
      <tr><td colspan="2"></td><td class="setting-description">Use 'svn update' whenever possible, making the build faster. But this causes the artifacts from the previous build to remain when a new build starts.</td><td></td></tr><tr style=""><td><input name="stapler-class" type="hidden" value="hudson.scm.subversion.UpdateUpdater"><input name="$class" type="hidden" value="hudson.scm.subversion.UpdateUpdater"></td></tr><tr class="dropdownList-end rowvg-end"></tr><tr class="dropdownList-start rowvg-start" field-disabled="true" style="display: none;"></tr><tr class="render-on-demand " proxy="makeStaplerProxy('/$stapler/bound/780300f7-9852-4919-bd62-45dbf118d8bf','1c4ca511-47cd-4867-b625-610dfbbe2ece',['render'])" field-disabled="true" style="display: none;"></tr><tr style="display: none;" field-disabled="true"><td><input name="stapler-class" type="hidden" value="hudson.scm.subversion.CheckoutUpdater"><input name="$class" type="hidden" value="hudson.scm.subversion.CheckoutUpdater"></td></tr><tr class="dropdownList-end rowvg-end"></tr><tr class="dropdownList-start rowvg-start" field-disabled="true" style="display: none;"></tr><tr class="render-on-demand " proxy="makeStaplerProxy('/$stapler/bound/99fd9340-8d1d-492b-917f-4323e1a42b8e','1c4ca511-47cd-4867-b625-610dfbbe2ece',['render'])" field-disabled="true" style="display: none;"></tr><tr style="display: none;" field-disabled="true"><td><input name="stapler-class" type="hidden" value="hudson.scm.subversion.UpdateWithCleanUpdater"><input name="$class" type="hidden" value="hudson.scm.subversion.UpdateWithCleanUpdater"></td></tr><tr class="dropdownList-end rowvg-end"></tr><tr class="dropdownList-start rowvg-start" field-disabled="true" style="display: none;"></tr><tr class="render-on-demand " proxy="makeStaplerProxy('/$stapler/bound/8afb50d2-7a52-4609-983b-3c0cb8257697','1c4ca511-47cd-4867-b625-610dfbbe2ece',['render'])" field-disabled="true" style="display: none;"></tr><tr style="display: none;" field-disabled="true"><td><input name="stapler-class" type="hidden" value="hudson.scm.subversion.UpdateWithRevertUpdater"><input name="$class" type="hidden" value="hudson.scm.subversion.UpdateWithRevertUpdater"></td></tr><tr class="dropdownList-end rowvg-end"></tr></tbody></table></td></tr><tr nameref="radio-block-12" style="display: none;"><td class="setting-leftspace">&nbsp;</td><td class="setting-name">Repository browser</td><td class="setting-main"><select class="setting-input dropdownList"><option value="auto">(Auto)</option><option value="0">Assembla</option><option value="1">CollabNet</option><option value="2">FishEye</option><option value="3">SVN::Web</option><option value="4">Sventon 1.x</option><option value="5">Sventon 2.x</option><option value="6">ViewSVN</option><option value="7">WebSVN</option></select></td><td class="setting-help"><a helpurl="/help/scm-browsers/list.html" href="#" class="help-button" tabindex="9999"><img src="/static/dd0ae236/images/16x16/help.png" alt="Help for feature: Repository browser" style="width: 16px; height: 16px; " class="icon-help icon-sm"></a></td></tr><tr class="dropdownList-container" nameref="radio-block-12" style="display: none;"><td colspan="2"></td><td colspan="2"><table width="100%" name="svn.browser"><tbody><tr class="dropdownList-start rowvg-start"></tr><tr class="dropdownList-end rowvg-end"></tr><tr class="dropdownList-start rowvg-start" field-disabled="true" style="display: none;"></tr><tr class="render-on-demand " proxy="makeStaplerProxy('/$stapler/bound/72e8a331-ff72-42b9-a1f4-bf512ae6dd12','1c4ca511-47cd-4867-b625-610dfbbe2ece',['render'])" field-disabled="true" style="display: none;"></tr><tr style="display: none;" field-disabled="true"><td><input name="stapler-class" type="hidden" value="hudson.scm.browsers.Assembla"><input name="$class" type="hidden" value="hudson.scm.browsers.Assembla"></td></tr><tr class="dropdownList-end rowvg-end"></tr><tr class="dropdownList-start rowvg-start" field-disabled="true" style="display: none;"></tr><tr class="render-on-demand " proxy="makeStaplerProxy('/$stapler/bound/68cc1fb9-dfc8-46a6-9579-464ce1a59e7e','1c4ca511-47cd-4867-b625-610dfbbe2ece',['render'])" field-disabled="true" style="display: none;"></tr><tr style="display: none;" field-disabled="true"><td><input name="stapler-class" type="hidden" value="hudson.scm.browsers.CollabNetSVN"><input name="$class" type="hidden" value="hudson.scm.browsers.CollabNetSVN"></td></tr><tr class="dropdownList-end rowvg-end"></tr><tr class="dropdownList-start rowvg-start" field-disabled="true" style="display: none;"></tr><tr class="render-on-demand " proxy="makeStaplerProxy('/$stapler/bound/bbd827c9-68ef-4ea1-8dd6-7b9e46ab7d02','1c4ca511-47cd-4867-b625-610dfbbe2ece',['render'])" field-disabled="true" style="display: none;"></tr><tr style="display: none;" field-disabled="true"><td><input name="stapler-class" type="hidden" value="hudson.scm.browsers.FishEyeSVN"><input name="$class" type="hidden" value="hudson.scm.browsers.FishEyeSVN"></td></tr><tr class="dropdownList-end rowvg-end"></tr><tr class="dropdownList-start rowvg-start" field-disabled="true" style="display: none;"></tr><tr class="render-on-demand " proxy="makeStaplerProxy('/$stapler/bound/271ecc6d-298f-4f2c-b123-4513447a7008','1c4ca511-47cd-4867-b625-610dfbbe2ece',['render'])" field-disabled="true" style="display: none;"></tr><tr style="display: none;" field-disabled="true"><td><input name="stapler-class" type="hidden" value="hudson.scm.browsers.SVNWeb"><input name="$class" type="hidden" value="hudson.scm.browsers.SVNWeb"></td></tr><tr class="dropdownList-end rowvg-end"></tr><tr class="dropdownList-start rowvg-start" field-disabled="true" style="display: none;"></tr><tr class="render-on-demand " proxy="makeStaplerProxy('/$stapler/bound/1b50fbb5-4bf6-4091-bc83-6ecfe5e801fd','1c4ca511-47cd-4867-b625-610dfbbe2ece',['render'])" field-disabled="true" style="display: none;"></tr><tr style="display: none;" field-disabled="true"><td><input name="stapler-class" type="hidden" value="hudson.scm.browsers.Sventon"><input name="$class" type="hidden" value="hudson.scm.browsers.Sventon"></td></tr><tr class="dropdownList-end rowvg-end"></tr><tr class="dropdownList-start rowvg-start" field-disabled="true" style="display: none;"></tr><tr class="render-on-demand " proxy="makeStaplerProxy('/$stapler/bound/82cb58a2-f7e9-41e8-9c03-bc9a2962be8a','1c4ca511-47cd-4867-b625-610dfbbe2ece',['render'])" field-disabled="true" style="display: none;"></tr><tr style="display: none;" field-disabled="true"><td><input name="stapler-class" type="hidden" value="hudson.scm.browsers.Sventon2"><input name="$class" type="hidden" value="hudson.scm.browsers.Sventon2"></td></tr><tr class="dropdownList-end rowvg-end"></tr><tr class="dropdownList-start rowvg-start" field-disabled="true" style="display: none;"></tr><tr class="render-on-demand " proxy="makeStaplerProxy('/$stapler/bound/48da9fd4-64ca-449d-bf25-180f0de5710d','1c4ca511-47cd-4867-b625-610dfbbe2ece',['render'])" field-disabled="true" style="display: none;"></tr><tr style="display: none;" field-disabled="true"><td><input name="stapler-class" type="hidden" value="hudson.scm.browsers.ViewSVN"><input name="$class" type="hidden" value="hudson.scm.browsers.ViewSVN"></td></tr><tr class="dropdownList-end rowvg-end"></tr><tr class="dropdownList-start rowvg-start" field-disabled="true" style="display: none;"></tr><tr class="render-on-demand " proxy="makeStaplerProxy('/$stapler/bound/ce2a762e-57d3-4a84-91d5-0d528d9f307a','1c4ca511-47cd-4867-b625-610dfbbe2ece',['render'])" field-disabled="true" style="display: none;"></tr><tr style="display: none;" field-disabled="true"><td><input name="stapler-class" type="hidden" value="hudson.scm.browsers.WebSVN"><input name="$class" type="hidden" value="hudson.scm.browsers.WebSVN"></td></tr><tr class="dropdownList-end rowvg-end"></tr></tbody></table></td></tr><tr class="help-area" nameref="radio-block-12" style="display: none;"><td></td><td colspan="2"><div class="help">Loading...</div></td><td></td></tr><tr nameref="radio-block-12" style="display: none;"><td></td><td></td><td><div style="" class="advancedLink"><span style="display: none" id="id25"><img src="/static/dd0ae236/images/24x24/notepad.png" tooltip="One or more fields in this block have been edited." style="width: 24px; height: 24px; vertical-align: baseline" class="icon-notepad icon-md" title="One or more fields in this block have been edited."></span>&nbsp;<span class="yui-button yui-push-button advanced-button advancedButton" id="yui-gen10"><span class="first-child"><button type="button" tabindex="0" id="yui-gen10-button">Advanced...</button></span></span></div><table class="advancedBody"><tbody><tr><td class="setting-leftspace">&nbsp;</td><td class="setting-name">Ignore Property Changes on directories</td><td class="setting-main"><input name="_.ignoreDirPropChanges" type="checkbox" class=" "></td><td class="setting-help"><a helpurl="/descriptor/hudson.scm.SubversionSCM/help/ignoreDirPropChanges" href="#" class="help-button" tabindex="9999"><img src="/static/dd0ae236/images/16x16/help.png" alt="Help for feature: Ignore Property Changes on directories" style="width: 16px; height: 16px; " class="icon-help icon-sm"></a></td></tr><tr class="validation-error-area"><td colspan="2"></td><td></td><td></td></tr><tr class="help-area"><td></td><td colspan="2"><div class="help">Loading...</div></td><td></td></tr><tr><td class="setting-leftspace">&nbsp;</td><td class="setting-name">Excluded Regions</td><td class="setting-main"><textarea checkdependson="" name="_.excludedRegions" rows="5" class="setting-input validated  " checkurl="/job/thoughtful_credit/descriptorByName/hudson.scm.SubversionSCM/checkExcludedRegions"></textarea><div class="textarea-handle"></div></td><td class="setting-help"><a helpurl="/descriptor/hudson.scm.SubversionSCM/help/excludedRegions" href="#" class="help-button" tabindex="9999"><img src="/static/dd0ae236/images/16x16/help.png" alt="Help for feature: Excluded Regions" style="width: 16px; height: 16px; " class="icon-help icon-sm"></a></td></tr><tr class="validation-error-area"><td colspan="2"></td><td></td><td></td></tr><tr class="help-area"><td></td><td colspan="2"><div class="help">Loading...</div></td><td></td></tr><tr><td class="setting-leftspace">&nbsp;</td><td class="setting-name">Included Regions</td><td class="setting-main"><textarea checkdependson="" name="_.includedRegions" rows="5" class="setting-input validated  " checkurl="/job/thoughtful_credit/descriptorByName/hudson.scm.SubversionSCM/checkIncludedRegions"></textarea><div class="textarea-handle"></div></td><td class="setting-help"><a helpurl="/descriptor/hudson.scm.SubversionSCM/help/includedRegions" href="#" class="help-button" tabindex="9999"><img src="/static/dd0ae236/images/16x16/help.png" alt="Help for feature: Included Regions" style="width: 16px; height: 16px; " class="icon-help icon-sm"></a></td></tr><tr class="validation-error-area"><td colspan="2"></td><td></td><td></td></tr><tr class="help-area"><td></td><td colspan="2"><div class="help">Loading...</div></td><td></td></tr><tr><td class="setting-leftspace">&nbsp;</td><td class="setting-name">Excluded Users</td><td class="setting-main"><textarea checkdependson="" name="_.excludedUsers" rows="5" class="setting-input validated  " checkurl="/job/thoughtful_credit/descriptorByName/hudson.scm.SubversionSCM/checkExcludedUsers"></textarea><div class="textarea-handle"></div></td><td class="setting-help"><a helpurl="/descriptor/hudson.scm.SubversionSCM/help/excludedUsers" href="#" class="help-button" tabindex="9999"><img src="/static/dd0ae236/images/16x16/help.png" alt="Help for feature: Excluded Users" style="width: 16px; height: 16px; " class="icon-help icon-sm"></a></td></tr><tr class="validation-error-area"><td colspan="2"></td><td></td><td></td></tr><tr class="help-area"><td></td><td colspan="2"><div class="help">Loading...</div></td><td></td></tr><tr><td class="setting-leftspace">&nbsp;</td><td class="setting-name">Excluded Commit Messages</td><td class="setting-main"><textarea checkdependson="" name="_.excludedCommitMessages" rows="5" class="setting-input validated  " checkurl="/job/thoughtful_credit/descriptorByName/hudson.scm.SubversionSCM/checkExcludedCommitMessages"></textarea><div class="textarea-handle"></div></td><td class="setting-help"><a helpurl="/descriptor/hudson.scm.SubversionSCM/help/excludedCommitMessages" href="#" class="help-button" tabindex="9999"><img src="/static/dd0ae236/images/16x16/help.png" alt="Help for feature: Excluded Commit Messages" style="width: 16px; height: 16px; " class="icon-help icon-sm"></a></td></tr><tr class="validation-error-area"><td colspan="2"></td><td></td><td></td></tr><tr class="help-area"><td></td><td colspan="2"><div class="help">Loading...</div></td><td></td></tr><tr><td class="setting-leftspace">&nbsp;</td><td class="setting-name">Exclusion revprop name</td><td class="setting-main">
   

  
  <input checkurl="'descriptorByName/hudson.scm.SubversionSCM/checkRevisionPropertiesSupported?value='+toValue(document.getElementById('svn.remote.loc'))" name="_.excludedRevprop" type="text" class="setting-input validated  " value=""></td><td class="setting-help"><a helpurl="/descriptor/hudson.scm.SubversionSCM/help/excludedRevprop" href="#" class="help-button" tabindex="9999"><img src="/static/dd0ae236/images/16x16/help.png" alt="Help for feature: Exclusion revprop name" style="width: 16px; height: 16px; " class="icon-help icon-sm"></a></td></tr><tr class="validation-error-area"><td colspan="2"></td><td></td><td></td></tr><tr class="help-area"><td></td><td colspan="2"><div class="help">Loading...</div></td><td></td></tr><tr><td class="setting-leftspace">&nbsp;</td><td class="setting-name">Filter changelog</td><td class="setting-main"><input name="_.filterChangelog" type="checkbox" class=" "></td><td class="setting-help"><a helpurl="/descriptor/hudson.scm.SubversionSCM/help/filterChangelog" href="#" class="help-button" tabindex="9999"><img src="/static/dd0ae236/images/16x16/help.png" alt="Help for feature: Filter changelog" style="width: 16px; height: 16px; " class="icon-help icon-sm"></a></td></tr><tr class="validation-error-area"><td colspan="2"></td><td></td><td></td></tr><tr class="help-area"><td></td><td colspan="2"><div class="help">Loading...</div></td><td></td></tr></tbody></table></td><td></td></tr><tr style="display:none" class="row-set-end radio-block-end"></tr><tr><td colspan="4"><div class="section-header"><a id="section6" class="section-anchor">#</a>Build Triggers</div></td></tr><tr class="optional-block-start row-set-start" hashelp="true" ref="cb27"><td colspan="3"><input onclick="javascript:updateOptionalBlock(this,true)" name="jenkins-triggers-ReverseBuildTrigger" type="checkbox" class=" " id="cb27" path="/jenkins-triggers-ReverseBuildTrigger"><label class="attach-previous">Build after other projects are built</label></td><td class="setting-help"><a helpurl="/descriptor/jenkins.triggers.ReverseBuildTrigger/help" href="#" class="help-button" tabindex="9999"><img src="/static/dd0ae236/images/16x16/help.png" alt="Help for feature: Build after other projects are built" style="width: 16px; height: 16px; " class="icon-help icon-sm"></a></td></tr><tr class="help-area" nameref="cb27"><td></td><td colspan="2"><div class="help">Loading...</div></td><td></td></tr><tr class="rowvg-start" nameref="cb27" style="display: none;"></tr><tr nameref="cb27" style="display: none;"><td class="setting-leftspace">&nbsp;</td><td class="setting-name">Projects to watch</td><td class="setting-main">
   

  
  <input checkdependson="" autocompleteurl="/job/thoughtful_credit/descriptorByName/jenkins.triggers.ReverseBuildTrigger/autoCompleteUpstreamProjects" checkurl="/job/thoughtful_credit/descriptorByName/jenkins.triggers.ReverseBuildTrigger/checkUpstreamProjects" autocompletedelimchar="," name="_.upstreamProjects" type="text" class="setting-input validated auto-complete  yui-ac-input" value="" autocomplete="off" style="position: relative;"><div class="yui-ac-container"><div class="yui-ac-content" style="display: none;"><div class="yui-ac-hd" style="display: none;"></div><div class="yui-ac-bd"><ul><li style="display: none;"></li><li style="display: none;"></li><li style="display: none;"></li><li style="display: none;"></li><li style="display: none;"></li><li style="display: none;"></li><li style="display: none;"></li><li style="display: none;"></li><li style="display: none;"></li><li style="display: none;"></li></ul></div><div class="yui-ac-ft" style="display: none;"></div></div></div></td><td class="setting-no-help"></td></tr><tr class="validation-error-area" nameref="cb27" style="display: none;"><td colspan="2"></td><td></td><td></td></tr><tr nameref="cb27" style="display: none;"><td class="setting-leftspace">&nbsp;</td><td class="setting-name"></td><td class="setting-main"><input name="ReverseBuildTrigger.threshold" checked="true" type="radio" value="SUCCESS"><label class="attach-previous">Trigger only if build is stable</label></td><td class="setting-no-help"></td></tr><tr class="validation-error-area" nameref="cb27" style="display: none;"><td colspan="2"></td><td></td><td></td></tr><tr nameref="cb27" style="display: none;"><td class="setting-leftspace">&nbsp;</td><td class="setting-name"></td><td class="setting-main"><input name="ReverseBuildTrigger.threshold" type="radio" value="UNSTABLE"><label class="attach-previous">Trigger even if the build is unstable</label></td><td class="setting-no-help"></td></tr><tr class="validation-error-area" nameref="cb27" style="display: none;"><td colspan="2"></td><td></td><td></td></tr><tr nameref="cb27" style="display: none;"><td class="setting-leftspace">&nbsp;</td><td class="setting-name"></td><td class="setting-main"><input name="ReverseBuildTrigger.threshold" type="radio" value="FAILURE"><label class="attach-previous">Trigger even if the build fails</label></td><td class="setting-no-help"></td></tr><tr class="validation-error-area" nameref="cb27" style="display: none;"><td colspan="2"></td><td></td><td></td></tr><tr class="row-set-end rowvg-end optional-block-end"></tr><tr class="optional-block-start row-set-start" hashelp="true" ref="cb28"><td colspan="3"><input onclick="javascript:updateOptionalBlock(this,true)" name="hudson-triggers-TimerTrigger" type="checkbox" class=" " id="cb28" path="/hudson-triggers-TimerTrigger"><label class="attach-previous">Build periodically</label></td><td class="setting-help"><a helpurl="/descriptor/hudson.triggers.TimerTrigger/help" href="#" class="help-button" tabindex="9999"><img src="/static/dd0ae236/images/16x16/help.png" alt="Help for feature: Build periodically" style="width: 16px; height: 16px; " class="icon-help icon-sm"></a></td></tr><tr class="help-area" nameref="cb28"><td></td><td colspan="2"><div class="help">Loading...</div></td><td></td></tr><tr class="rowvg-start" nameref="cb28" style="display: none;"></tr><tr nameref="cb28" style="display: none;"><td class="setting-leftspace">&nbsp;</td><td class="setting-name">Schedule</td><td class="setting-main"><textarea checkdependson="" name="_.spec" rows="5" class="setting-input validated  " checkurl="/job/thoughtful_credit/descriptorByName/hudson.triggers.TimerTrigger/checkSpec"></textarea><div class="textarea-handle"></div></td><td class="setting-help"><a helpurl="/descriptor/hudson.triggers.TimerTrigger/help/spec" href="#" class="help-button" tabindex="9999"><img src="/static/dd0ae236/images/16x16/help.png" alt="Help for feature: Schedule" style="width: 16px; height: 16px; " class="icon-help icon-sm"></a></td></tr><tr class="validation-error-area" nameref="cb28" style="display: none;"><td colspan="2"></td><td></td><td></td></tr><tr class="help-area" nameref="cb28" style="display: none;"><td></td><td colspan="2"><div class="help">Loading...</div></td><td></td></tr><tr class="row-set-end rowvg-end optional-block-end"></tr><tr class="optional-block-start row-set-start" hashelp="true" ref="cb29"><td colspan="3"><input onclick="javascript:updateOptionalBlock(this,true)" name="hudson-triggers-SCMTrigger" type="checkbox" class=" " id="cb29" path="/hudson-triggers-SCMTrigger"><label class="attach-previous">Poll SCM</label></td><td class="setting-help"><a helpurl="/descriptor/hudson.triggers.SCMTrigger/help" href="#" class="help-button" tabindex="9999"><img src="/static/dd0ae236/images/16x16/help.png" alt="Help for feature: Poll SCM" style="width: 16px; height: 16px; " class="icon-help icon-sm"></a></td></tr><tr class="help-area" nameref="cb29"><td></td><td colspan="2"><div class="help">Loading...</div></td><td></td></tr><tr class="rowvg-start" nameref="cb29" style="display: none;"></tr><tr nameref="cb29" style="display: none;"><td class="setting-leftspace">&nbsp;</td><td class="setting-name">Schedule</td><td class="setting-main"><textarea name="scmpoll_spec" rows="5" class="setting-input validated  " checkurl="'/trigger/TimerTrigger/check?value='+encodeURIComponent(this.value)"></textarea><div class="textarea-handle"></div></td><td class="setting-help"><a helpurl="/descriptor/hudson.triggers.TimerTrigger/help/spec" href="#" class="help-button" tabindex="9999"><img src="/static/dd0ae236/images/16x16/help.png" alt="Help for feature: Schedule" style="width: 16px; height: 16px; " class="icon-help icon-sm"></a></td></tr><tr class="validation-error-area" nameref="cb29" style="display: none;"><td colspan="2"></td><td></td><td></td></tr><tr class="help-area" nameref="cb29" style="display: none;"><td></td><td colspan="2"><div class="help">Loading...</div></td><td></td></tr><tr nameref="cb29" style="display: none;"><td class="setting-leftspace">&nbsp;</td><td class="setting-name">Ignore post-commit hooks</td><td class="setting-main"><input name="_.ignorePostCommitHooks" type="checkbox" class=" "></td><td class="setting-help"><a helpurl="/descriptor/hudson.triggers.SCMTrigger/help/ignorePostCommitHooks" href="#" class="help-button" tabindex="9999"><img src="/static/dd0ae236/images/16x16/help.png" alt="Help for feature: Ignore post-commit hooks" style="width: 16px; height: 16px; " class="icon-help icon-sm"></a></td></tr><tr class="validation-error-area" nameref="cb29" style="display: none;"><td colspan="2"></td><td></td><td></td></tr><tr class="help-area" nameref="cb29" style="display: none;"><td></td><td colspan="2"><div class="help">Loading...</div></td><td></td></tr><tr class="row-set-end rowvg-end optional-block-end"></tr><tr><td colspan="4"><div class="section-header"><a id="section7" class="section-anchor">#</a>Build</div></td></tr><tr><td colspan="4"><div class="hetero-list-container with-drag-drop  "><div class="repeatable-insertion-point"></div><div><span class="yui-button yui-menu-button" id="yui-gen3"><span class="first-child"><button type="button" tabindex="0" id="yui-gen3-button" class="hetero-list-add" suffix="builder" path="/hetero-list-add[builder]">Add build step</button></span></span></div></div></td></tr><tr><td colspan="4"><div class="section-header"><a id="section8" class="section-anchor">#</a>Post-build Actions</div></td></tr><tr><td colspan="4"><div class="hetero-list-container with-drag-drop one-each honor-order"><div class="repeatable-insertion-point"></div><div><span class="yui-button yui-menu-button" id="yui-gen5"><span class="first-child"><button type="button" tabindex="0" id="yui-gen5-button" class="hetero-list-add" suffix="publisher" path="/hetero-list-add[publisher]">Add post-build action</button></span></span></div></div></td></tr><tr><td colspan="4"><div style="height: 74px;"></div><div id="bottom-sticker" style="position: fixed; bottom: 0px; left: 338px;"><div class="bottom-sticker-edge"></div><div class="bottom-sticker-inner"><span class="yui-button yui-submit-button submit-button primary" id="yui-gen30" name="Submit" path="/Submit"><span class="first-child"><button type="button" tabindex="0" id="yui-gen30-button">Save</button></span></span><script src="/adjuncts/dd0ae236/lib/form/apply/apply.js" type="text/javascript"></script><input type="hidden" name="core:apply" value="" path="/core:apply"><span class="yui-button yui-push-button apply-button applyButton" id="yui-gen11" name="Apply" path="/Apply"><span class="first-child"><button type="button" tabindex="0" id="yui-gen11-button" path="/Apply/apply-button">Apply</button></span></span></div></div></td></tr></tbody></table><div><input type="hidden" name="json" value="init"></div></form><script src="/adjuncts/dd0ae236/lib/form/confirm.js" type="text/javascript"></script></div></div><footer><div class="container-fluid"><div class="row"><div class="col-md-6" id="footer"><div id="l10n-footer" style="display: block; float: left;"><a href="#" onclick="return showTranslationDialog();"><img src="/static/dd0ae236/plugin/translation/flags.png">
      Help us localize this page
    </a></div></div><div class="col-md-18"><span class="page_generated">Page generated: Oct 16, 2015 6:52:24 PM</span><span class="rest_api"><a href="api/">REST API</a></span><span class="jenkins_ver"><a href="http://jenkins-ci.org/">Jenkins ver. 1.630</a></span><div id="l10n-dialog" class="dialog"></div><script>var footer = document.getElementById('l10n-footer');
    var f = document.getElementById('footer');
    f.insertBefore(footer,f.firstChild);
    footer.style.display="block";

    var translation={}; 
    translation.bundles = "kcpaRnglkcMVU7doMQSDmEFZUeIU2E6crbRdCfd+bIDAS1I7EzToSPbfpcMdlsjS5CjFCO9fbSAy8Vg4eGTd6zS13RtjKFoeQ3jKVyhbPEX6OVmrBanVslOPCWvTwxeaUMA8ZyiFANABKgIO/Ejp/x7sAOv/UIlKMcRAuRxMrsbqnDzwf/Av9ceQ7icgYGOIAnupgd21PclsfiPKGHWeHc2XLCIGvVDNRgNtluGUrpyGa1qVIQXBI6WkbdNnjKNsGKIR1fraQf2x7uZq7RuJtGYapVhJgLHqSlZ2k7GrwzAi6sdGEBoTts94bSGsM3ivVpD7Ao2XvloxvjYMX1OqMm+XibeJjQeogo1kQHJQ4NWTfgsMRqmjwhrDP0c4ink7Xvt3+2TXVsO5rpP03SWntOGV8eoDOCpDizxj83oNZHTq8BGaJ0Z0jmW52MyMwHdfG0qKkOU7CNvalC7jvZW/dYfq51g+OIQA/Dh2tqc3UH9wFGOiNTr8Np76i/dAILSQILHcJ8gHA8o8pT/G/fI82HlCJh/Bbi+SZDYdtXb4Mk3WehzuKsa78mgHNu2aDYuuPf8YCjI2ijBS8+lSTdyWNyOwN+L17ZkbiylfYig99hfydqJREXlSJaY0DqWw83h8o2VoQxPj9sMabGkfmW0kyTcxqAzirxrVKl5eV1AKhgCjvU3Kf4OwhIcdftvTn0R8Vjse2cy02gxF2c3FVoBOSWoFDpNZq3RkRlGTeE+QtEqjmqcD5I72RA8aP0zs/IthAv/LqQKzLzhzUJhzR8bPpDA4i23dEG/1W6dibKfUZ9vLBTYbQ1Sjk4VWO1XAgBUX5LU+gWtUIUWTLzWkiMQxdXD9tH0vdPR6LPO1zYT7L9dYqf4M7HBE/hTO5bxjdZqR6Dqf+UegRObvfP3945IGM+jNU8aX59/j6xc8TkMCht/EB97DbmHDAi+MKNf1cZh7DlZZm6PwwYpia0kU/XUOi+SuENE19NUj2sRSbiLKQJ8FJ8w/19tiRtHj1aVGROOvkq1Cve1KbsN9Yl/Jjg9OQRJpAdMhD7PXhF3xgKr9IdzxeO7joEQ7f1o8ToUwalGHuV1RCtqBy5lfbrJjzEa+728jQTrqQzCl8Jb7rYKJNBCrt3Ns8icpc8PKI1aDjaLWUp6RcjjP7wbkF7eMbWleqkFZmmJQhfKq18plTwrclU9qzuRUiPerJw84N1LGvDX/+U6RIl4/h9dodaNH7trWj2bt1JQfCWSDNZj4s/G5DCORS+rI6W/xMB+Nwl7VfqUjolmIGm7otqQY4578/Fr6Id8YsCQ9h3c2h5El0Lk0J78/PskphqQ6zeVq+tsr3zsWaIRiKtq04t3FB9AogY2JU2axwDzySE2Hy+20kOeTqCMP61lCtYs1fl50toHkfdzvP1n6W9vOp7pLo2J1C08J8WPV/W/koL0ORH3TBeUkUqrRn0Z3GW4q9mnNLUeltdhnHpaMSDQ5qJaa9R19IXXJJ18JpfE+ZCQqjIROacMCZaOxTlmnDcgjq8YNTMRkn4T9/LNO8100zrHcplBFw2drDOpCrE4pTZoIqS39LoRbcrWJ657BGTdlWiIhD/MBJgis5i4t2aANMV6VhjHAPNbl2FCxf2d1tpQpFwqCfWqWMeoGmeV61webaun+RbmqtewJPJXkOPNCWbmr9i8NSHGzJ8kvLRzsE/VuNSaZwIqRGk0KfkwGeYQSNpKtlST5mBZVgpIrjqIlxtL/mnWkmXrFULf9pn3RbeK+/8RIbYt+17u8in/kzwqb/DKskzJK/qrilnvCMud/YbesWjjkm2Huzpjt6AqPGfS16OmsL7n3JwQ78s8eOEAGowBVP78QyUiCTv4F4eCWB/kqy4gVLFJc8fw7X1NRxNOFeqEy+GEMqr78WxE8u8yByhBmPzi78YCxiVpxy4C9j+8481MKGk/1LCYjUruGLOPLc2bfQGTWNQVs3t/HEzYyAk+R5kschGPBk8LQhVQ/A0ghICfZAIadw8PuQ95uCCYZqFQfr0c2ZMgzMV8HgoVd1HRlaXWhW9+uA/dNyOvQS6L74Rcp1fDE2uC280osfRlMPvpUOgEIFAAJfzF2c7z56PeWW0htIpOogB17rnKeHkFu/QQ6ez692jP0sGfME7XkHt1gjQKkJUVeWsCuxZ36MSFfKTn6xrUVtgG/5AAxa1xa0dDLcU2BSbUVk3Pa/rTWKi/irxB77aVGd/xd3A4qiwvCerOtR19uQ3a0LS+ogqLMFBAcwXbtdDgQXMPRublWJtb/dTfikAr4IgRCpT/D8PQmU4L8COURSzvk6jivAH3qXdfWI1gljE+wCmAf63CoelMLwZkpSu0Ynx/rsQzXwnnPMlSe+KG1g/IwFSpJrmUoJ/f/r13BVgWuLOgWsmNHIXRV6SuIZ5HhjzCE/IG4/zWIRsAivX9j+WLVWlhKyh2WYXn9t3yEVNeF82agzNIC+mlMPuBYKVF8el69qoxDQDFwsTzwN8Bm";
    translation.detectedLocale = "";

    function showTranslationDialog() {
      if(!translation.launchDialog)
        loadScript("/static/dd0ae236/plugin/translation/dialog.js");
      else
        translation.launchDialog();
      return false; 
    }</script><script src="/static/dd0ae236/plugin/form-element-path/script.js"></script></div></div></div></footer></body></html>
For documentation on this error, please visit: http://seleniumhq.org/exceptions/no_such_element.html
Build info: version: '2.47.1', revision: 'unknown', time: '2015-07-30 11:02:44'
System info: host: 'MacBook-Pro-2.home', ip: '192.168.1.6', os.name: 'Mac OS X', os.arch: 'x86_64', os.version: '10.10.5', java.version: '1.8.0_60'
Driver info: driver.version: unknown
	at org.jenkinsci.test.acceptance.po.CapybaraPortingLayerImpl.find(CapybaraPortingLayerImpl.java:204)
	at org.jenkinsci.test.acceptance.po.SlavesMixIn.create(SlavesMixIn.java:31)
	at org.jenkinsci.test.acceptance.po.SlavesMixIn.create(SlavesMixIn.java:21)
	at org.jenkinsci.test.acceptance.slave.LocalSlaveController.install(LocalSlaveController.java:21)
	at core.ArtifactsTest.setUp(ArtifactsTest.java:32)
	at sun.reflect.NativeMethodAccessorImpl.invoke0(Native Method)
	at sun.reflect.NativeMethodAccessorImpl.invoke(NativeMethodAccessorImpl.java:62)
	at sun.reflect.DelegatingMethodAccessorImpl.invoke(DelegatingMethodAccessorImpl.java:43)
	at java.lang.reflect.Method.invoke(Method.java:497)
	at org.junit.runners.model.FrameworkMethod$1.runReflectiveCall(FrameworkMethod.java:47)
	at org.junit.internal.runners.model.ReflectiveCallable.run(ReflectiveCallable.java:12)
	at org.junit.runners.model.FrameworkMethod.invokeExplosively(FrameworkMethod.java:44)
	at org.junit.internal.runners.statements.RunBefores.evaluate(RunBefores.java:24)
	at org.jenkinsci.test.acceptance.junit.JenkinsAcceptanceTestRule$1$2$1.evaluate(JenkinsAcceptanceTestRule.java:129)
	at org.jenkinsci.test.acceptance.junit.FilterRule$1.evaluate(FilterRule.java:62)
	at org.jenkinsci.test.acceptance.junit.JenkinsAcceptanceTestRule$1.evaluate(JenkinsAcceptanceTestRule.java:55)
	at org.junit.runners.ParentRunner.runLeaf(ParentRunner.java:271)
	at org.junit.runners.BlockJUnit4ClassRunner.runChild(BlockJUnit4ClassRunner.java:70)
	at org.junit.runners.BlockJUnit4ClassRunner.runChild(BlockJUnit4ClassRunner.java:50)
	at org.junit.runners.ParentRunner$3.run(ParentRunner.java:238)
	at org.junit.runners.ParentRunner$1.schedule(ParentRunner.java:63)
	at org.junit.runners.ParentRunner.runChildren(ParentRunner.java:236)
	at org.junit.runners.ParentRunner.access$000(ParentRunner.java:53)
	at org.junit.runners.ParentRunner$2.evaluate(ParentRunner.java:229)
	at org.junit.runners.ParentRunner.run(ParentRunner.java:309)
	at org.apache.maven.surefire.junit4.JUnit4Provider.execute(JUnit4Provider.java:264)
	at org.apache.maven.surefire.junit4.JUnit4Provider.executeTestSet(JUnit4Provider.java:153)
	at org.apache.maven.surefire.junit4.JUnit4Provider.invoke(JUnit4Provider.java:124)
	at org.apache.maven.surefire.booter.ForkedBooter.invokeProviderInSameClassLoader(ForkedBooter.java:200)
	at org.apache.maven.surefire.booter.ForkedBooter.runSuitesInProcess(ForkedBooter.java:153)
	at org.apache.maven.surefire.booter.ForkedBooter.main(ForkedBooter.java:103)
Caused by: org.openqa.selenium.NoSuchElementException: {"errorMessage":"Unable to find element with xpath './/INPUT[@type='radio'][@value='hudson.slaves.DumbSlave']'","request":{"headers":{"Accept-Encoding":"gzip,deflate","Connection":"Keep-Alive","Content-Length":"85","Content-Type":"application/json; charset=utf-8","Host":"localhost:7059","User-Agent":"Apache-HttpClient/4.3.3 (java 1.5)"},"httpVersion":"1.1","method":"POST","post":"{\"using\":\"xpath\",\"value\":\".//INPUT[@type='radio'][@value='hudson.slaves.DumbSlave']\"}","url":"/element","urlParsed":{"anchor":"","query":"","file":"element","directory":"/","path":"/element","relative":"/element","port":"","host":"","password":"","user":"","userInfo":"","authority":"","protocol":"","source":"/element","queryKey":{},"chunks":["element"]},"urlOriginal":"/session/8fc19240-7458-11e5-a24e-8934d6f0f118/element"}}
Command duration or timeout: 1.21 seconds
For documentation on this error, please visit: http://seleniumhq.org/exceptions/no_such_element.html
Build info: version: '2.47.1', revision: 'unknown', time: '2015-07-30 11:02:44'
System info: host: 'MacBook-Pro-2.home', ip: '192.168.1.6', os.name: 'Mac OS X', os.arch: 'x86_64', os.version: '10.10.5', java.version: '1.8.0_60'
Driver info: org.openqa.selenium.phantomjs.PhantomJSDriver
Capabilities [{applicationCacheEnabled=false, rotatable=false, handlesAlerts=false, databaseEnabled=false, version=2.0.0, platform=OS X 10.9, browserConnectionEnabled=false, proxy={proxyType=direct}, nativeEvents=true, acceptSslCerts=false, driverVersion=1.2.0, locationContextEnabled=false, webStorageEnabled=false, browserName=phantomjs, takesScreenshot=true, driverName=ghostdriver, javascriptEnabled=true, cssSelectorsEnabled=true, phantomjs.page.customHeaders.Accept-Language=en}]
Session ID: 8fc19240-7458-11e5-a24e-8934d6f0f118
*** Element info: {Using=xpath, value=.//INPUT[@type='radio'][@value='hudson.slaves.DumbSlave']}
	at sun.reflect.NativeConstructorAccessorImpl.newInstance0(Native Method)
	at sun.reflect.NativeConstructorAccessorImpl.newInstance(NativeConstructorAccessorImpl.java:62)
	at sun.reflect.DelegatingConstructorAccessorImpl.newInstance(DelegatingConstructorAccessorImpl.java:45)
	at java.lang.reflect.Constructor.newInstance(Constructor.java:422)
	at org.openqa.selenium.remote.ErrorHandler.createThrowable(ErrorHandler.java:206)
	at org.openqa.selenium.remote.ErrorHandler.throwIfResponseFailed(ErrorHandler.java:158)
	at org.openqa.selenium.remote.RemoteWebDriver.execute(RemoteWebDriver.java:595)
	at org.openqa.selenium.remote.RemoteWebDriver.findElement(RemoteWebDriver.java:348)
	at org.openqa.selenium.remote.RemoteWebDriver.findElementByXPath(RemoteWebDriver.java:445)
	at org.openqa.selenium.By$ByXPath.findElement(By.java:358)
	at org.openqa.selenium.remote.RemoteWebDriver.findElement(RemoteWebDriver.java:340)
	at sun.reflect.NativeMethodAccessorImpl.invoke0(Native Method)
	at sun.reflect.NativeMethodAccessorImpl.invoke(NativeMethodAccessorImpl.java:62)
	at sun.reflect.DelegatingMethodAccessorImpl.invoke(DelegatingMethodAccessorImpl.java:43)
	at java.lang.reflect.Method.invoke(Method.java:497)
	at org.openqa.selenium.support.events.EventFiringWebDriver$2.invoke(EventFiringWebDriver.java:102)
	at com.sun.proxy.$Proxy51.findElement(Unknown Source)
	at org.openqa.selenium.support.events.EventFiringWebDriver.findElement(EventFiringWebDriver.java:185)
	at org.jenkinsci.test.acceptance.po.CapybaraPortingLayerImpl.find(CapybaraPortingLayerImpl.java:185)
	... 30 more
Caused by: org.openqa.selenium.remote.ScreenshotException: Screen shot has been taken
Build info: version: '2.47.1', revision: 'unknown', time: '2015-07-30 11:02:44'
System info: host: 'MacBook-Pro-2.home', ip: '192.168.1.6', os.name: 'Mac OS X', os.arch: 'x86_64', os.version: '10.10.5', java.version: '1.8.0_60'
Driver info: driver.version: EventFiringWebDriver
	at org.openqa.selenium.remote.ErrorHandler.throwIfResponseFailed(ErrorHandler.java:138)
	... 43 more
Caused by: org.openqa.selenium.NoSuchElementException: {"errorMessage":"Unable to find element with xpath './/INPUT[@type='radio'][@value='hudson.slaves.DumbSlave']'","request":{"headers":{"Accept-Encoding":"gzip,deflate","Connection":"Keep-Alive","Content-Length":"85","Content-Type":"application/json; charset=utf-8","Host":"localhost:7059","User-Agent":"Apache-HttpClient/4.3.3 (java 1.5)"},"httpVersion":"1.1","method":"POST","post":"{\"using\":\"xpath\",\"value\":\".//INPUT[@type='radio'][@value='hudson.slaves.DumbSlave']\"}","url":"/element","urlParsed":{"anchor":"","query":"","file":"element","directory":"/","path":"/element","relative":"/element","port":"","host":"","password":"","user":"","userInfo":"","authority":"","protocol":"","source":"/element","queryKey":{},"chunks":["element"]},"urlOriginal":"/session/8fc19240-7458-11e5-a24e-8934d6f0f118/element"}}
For documentation on this error, please visit: http://seleniumhq.org/exceptions/no_such_element.html
Build info: version: '2.47.1', revision: 'unknown', time: '2015-07-30 11:02:44'
System info: host: 'MacBook-Pro-2.home', ip: '192.168.1.6', os.name: 'Mac OS X', os.arch: 'x86_64', os.version: '10.10.5', java.version: '1.8.0_60'
Driver info: driver.version: unknown
It looks like the test failed/errored, so here's the console from Jenkins:
--------------------------------------------------------------------------

Jenkins is stopped
]]></system-out>
    <system-err><![CDATA[Oct 16, 2015 6:52:06 PM org.jenkinsci.test.acceptance.controller.LocalController startNow
INFO: Waiting for Jenkins to become running in http://127.0.0.1:53853/
Oct 16, 2015 6:52:21 PM org.jenkinsci.test.acceptance.controller.LocalController startNow
INFO: Jenkins is running in http://127.0.0.1:53853/
Oct 16, 2015 6:52:21 PM org.openqa.selenium.phantomjs.PhantomJSDriverService <init>
INFO: executable: /usr/local/bin/phantomjs
Oct 16, 2015 6:52:21 PM org.openqa.selenium.phantomjs.PhantomJSDriverService <init>
INFO: port: 7059
Oct 16, 2015 6:52:21 PM org.openqa.selenium.phantomjs.PhantomJSDriverService <init>
INFO: arguments: [--webdriver=7059, --webdriver-logfile=/Users/abduljewel/Documents/c/spiderqa/sample-test-projects/acceptance-test-harness/phantomjsdriver.log]
Oct 16, 2015 6:52:21 PM org.openqa.selenium.phantomjs.PhantomJSDriverService <init>
INFO: environment: {}
[INFO  - 2015-10-16T22:52:21.957Z] GhostDriver - Main - running on port 7059
[INFO  - 2015-10-16T22:52:22.248Z] Session [8fc19240-7458-11e5-a24e-8934d6f0f118] - page.settings - {"XSSAuditingEnabled":false,"javascriptCanCloseWindows":true,"javascriptCanOpenWindows":true,"javascriptEnabled":true,"loadImages":true,"localToRemoteUrlAccessEnabled":false,"userAgent":"Mozilla/5.0 (Macintosh; Intel Mac OS X) AppleWebKit/538.1 (KHTML, like Gecko) PhantomJS/2.0.0 Safari/538.1","webSecurityEnabled":true}
[INFO  - 2015-10-16T22:52:22.249Z] Session [8fc19240-7458-11e5-a24e-8934d6f0f118] - page.customHeaders:  - {"Accept-Language":"en"}
[INFO  - 2015-10-16T22:52:22.249Z] Session [8fc19240-7458-11e5-a24e-8934d6f0f118] - Session.negotiatedCapabilities - {"browserName":"phantomjs","version":"2.0.0","driverName":"ghostdriver","driverVersion":"1.2.0","platform":"mac-10.9 (Mavericks)-64bit","javascriptEnabled":true,"takesScreenshot":true,"handlesAlerts":false,"databaseEnabled":false,"locationContextEnabled":false,"applicationCacheEnabled":false,"browserConnectionEnabled":false,"cssSelectorsEnabled":true,"webStorageEnabled":false,"rotatable":false,"acceptSslCerts":false,"nativeEvents":true,"proxy":{"proxyType":"direct"},"phantomjs.page.customHeaders.Accept-Language":"en"}
[INFO  - 2015-10-16T22:52:22.249Z] SessionManagerReqHand - _postNewSessionCommand - New Session Created: 8fc19240-7458-11e5-a24e-8934d6f0f118
[ERROR - 2015-10-16T22:52:25.951Z] WebElementLocator - _handleLocateCommand - Element(s) NOT Found: GAVE UP. Search Stop Time: 1445035945911

  :262 in error
[INFO  - 2015-10-16T22:52:26.147Z] ShutdownReqHand - _handle - About to shutdown
]]></system-err>
  </testcase>
</testsuite>