<?xml version="1.0" encoding="UTF-8"?>
<testsuite name="core.JdkTest" time="70.19" tests="2" errors="0" skipped="1" failures="0">
  <properties>
    <property name="java.runtime.name" value="Java(TM) SE Runtime Environment"/>
    <property name="sun.boot.library.path" value="/Library/Java/JavaVirtualMachines/jdk1.8.0_60.jdk/Contents/Home/jre/lib"/>
    <property name="java.vm.version" value="25.60-b23"/>
    <property name="gopherProxySet" value="false"/>
    <property name="java.vm.vendor" value="Oracle Corporation"/>
    <property name="maven.multiModuleProjectDirectory" value="/Users/abduljewel/Documents/c/spiderqa/sample-test-projects/acceptance-test-harness"/>
    <property name="java.vendor.url" value="http://java.oracle.com/"/>
    <property name="path.separator" value=":"/>
    <property name="guice.disable.misplaced.annotation.check" value="true"/>
    <property name="java.vm.name" value="Java HotSpot(TM) 64-Bit Server VM"/>
    <property name="file.encoding.pkg" value="sun.io"/>
    <property name="user.country" value="US"/>
    <property name="sun.java.launcher" value="SUN_STANDARD"/>
    <property name="sun.os.patch.level" value="unknown"/>
    <property name="java.vm.specification.name" value="Java Virtual Machine Specification"/>
    <property name="user.dir" value="/Users/abduljewel/Documents/c/spiderqa/sample-test-projects/acceptance-test-harness"/>
    <property name="java.runtime.version" value="1.8.0_60-b27"/>
    <property name="java.awt.graphicsenv" value="sun.awt.CGraphicsEnvironment"/>
    <property name="java.endorsed.dirs" value="/Library/Java/JavaVirtualMachines/jdk1.8.0_60.jdk/Contents/Home/jre/lib/endorsed"/>
    <property name="os.arch" value="x86_64"/>
    <property name="java.io.tmpdir" value="/var/folders/lk/l859yg616c9cbtgfnt9szgjc0000gn/T/"/>
    <property name="line.separator" value="&#10;"/>
    <property name="java.vm.specification.vendor" value="Oracle Corporation"/>
    <property name="os.name" value="Mac OS X"/>
    <property name="classworlds.conf" value="/usr/local/Cellar/maven/3.3.3/libexec/bin/m2.conf"/>
    <property name="sun.jnu.encoding" value="UTF-8"/>
    <property name="java.library.path" value="/Users/abduljewel/Library/Java/Extensions:/Library/Java/Extensions:/Network/Library/Java/Extensions:/System/Library/Java/Extensions:/usr/lib/java:."/>
    <property name="java.specification.name" value="Java Platform API Specification"/>
    <property name="java.class.version" value="52.0"/>
    <property name="sun.management.compiler" value="HotSpot 64-Bit Tiered Compilers"/>
    <property name="os.version" value="10.10.5"/>
    <property name="http.nonProxyHosts" value="local|*.local|169.254/16|*.169.254/16"/>
    <property name="user.home" value="/Users/abduljewel"/>
    <property name="user.timezone" value="America/New_York"/>
    <property name="java.awt.printerjob" value="sun.lwawt.macosx.CPrinterJob"/>
    <property name="java.specification.version" value="1.8"/>
    <property name="file.encoding" value="UTF-8"/>
    <property name="user.name" value="abduljewel"/>
    <property name="java.class.path" value="/usr/local/Cellar/maven/3.3.3/libexec/boot/plexus-classworlds-2.5.2.jar"/>
    <property name="java.vm.specification.version" value="1.8"/>
    <property name="sun.arch.data.model" value="64"/>
    <property name="java.home" value="/Library/Java/JavaVirtualMachines/jdk1.8.0_60.jdk/Contents/Home/jre"/>
    <property name="sun.java.command" value="org.codehaus.plexus.classworlds.launcher.Launcher clean test"/>
    <property name="java.specification.vendor" value="Oracle Corporation"/>
    <property name="user.language" value="en"/>
    <property name="awt.toolkit" value="sun.lwawt.macosx.LWCToolkit"/>
    <property name="java.vm.info" value="mixed mode"/>
    <property name="java.version" value="1.8.0_60"/>
    <property name="java.ext.dirs" value="/Users/abduljewel/Library/Java/Extensions:/Library/Java/JavaVirtualMachines/jdk1.8.0_60.jdk/Contents/Home/jre/lib/ext:/Library/Java/Extensions:/Network/Library/Java/Extensions:/System/Library/Java/Extensions:/usr/lib/java"/>
    <property name="sun.boot.class.path" value="/Library/Java/JavaVirtualMachines/jdk1.8.0_60.jdk/Contents/Home/jre/lib/resources.jar:/Library/Java/JavaVirtualMachines/jdk1.8.0_60.jdk/Contents/Home/jre/lib/rt.jar:/Library/Java/JavaVirtualMachines/jdk1.8.0_60.jdk/Contents/Home/jre/lib/sunrsasign.jar:/Library/Java/JavaVirtualMachines/jdk1.8.0_60.jdk/Contents/Home/jre/lib/jsse.jar:/Library/Java/JavaVirtualMachines/jdk1.8.0_60.jdk/Contents/Home/jre/lib/jce.jar:/Library/Java/JavaVirtualMachines/jdk1.8.0_60.jdk/Contents/Home/jre/lib/charsets.jar:/Library/Java/JavaVirtualMachines/jdk1.8.0_60.jdk/Contents/Home/jre/lib/jfr.jar:/Library/Java/JavaVirtualMachines/jdk1.8.0_60.jdk/Contents/Home/jre/classes"/>
    <property name="java.vendor" value="Oracle Corporation"/>
    <property name="maven.home" value="/usr/local/Cellar/maven/3.3.3/libexec"/>
    <property name="file.separator" value="/"/>
    <property name="java.vendor.url.bug" value="http://bugreport.sun.com/bugreport/"/>
    <property name="sun.cpu.endian" value="little"/>
    <property name="sun.io.unicode.encoding" value="UnicodeBig"/>
    <property name="socksNonProxyHosts" value="local|*.local|169.254/16|*.169.254/16"/>
    <property name="ftp.nonProxyHosts" value="local|*.local|169.254/16|*.169.254/16"/>
    <property name="sun.cpu.isalist" value=""/>
  </properties>
  <testcase name="autoinstallJdk" classname="core.JdkTest" time="0">
    <skipped/>
    <system-out><![CDATA[testCaseResult=ru.yandex.qatools.allure.model.TestCaseResult@17b64941[
  name=tie_job_to_specifid_label
  title=<null>
  description=<null>
  failure=<null>
  start=1443742204532
  stop=1443742277430
  status=PASSED
  severity=<null>
  steps=[]
  attachments=[]
  labels=[ru.yandex.qatools.allure.model.Label@53ac845a, ru.yandex.qatools.allure.model.Label@5136207f]
  parameters=<null>
]
testCaseResult={
   "start" : 1443742204532,
   "stop" : 1443742277430,
   "status" : "passed",
   "name" : "tie_job_to_specifid_label",
   "steps" : {
      "step" : [ ]
   },
   "attachments" : {
      "attachment" : [ ]
   },
   "labels" : {
      "label" : [ {
         "name" : "host",
         "value" : "Abduls-MBP.home"
      }, {
         "name" : "thread",
         "value" : "35252@Abduls-MBP.home.main(1)"
      } ]
   }
}
testCase=ru.yandex.qatools.allure.model.TestCase@4ce14f05[
  _id=63fb5047-46e8-4f8a-9589-10f6f3a423f5
  executionId=7701d757-07c3-4ee5-9df4-52c16ef79685
  result=ru.yandex.qatools.allure.model.TestCaseResult@17b64941
]
testCase={
   "_id" : "63fb5047-46e8-4f8a-9589-10f6f3a423f5",
   "executionId" : "7701d757-07c3-4ee5-9df4-52c16ef79685",
   "result" : {
      "start" : 1443742204532,
      "stop" : 1443742277430,
      "status" : "passed",
      "name" : "tie_job_to_specifid_label",
      "steps" : {
         "step" : [ ]
      },
      "attachments" : {
         "attachment" : [ ]
      },
      "labels" : {
         "label" : [ {
            "name" : "host",
            "value" : "Abduls-MBP.home"
         }, {
            "name" : "thread",
            "value" : "35252@Abduls-MBP.home.main(1)"
         } ]
      }
   }
}
>>>REQUEST(1): /testdb
>>>REQUEST(1): /testdb/TestCase
>>>REQUEST(1): /testdb/TestSuiteResult
>>>REQUEST(1): /testdb/Execution
>>>REQUEST: /testdb/TestCase
[WARN] [10/01/2015 19:31:21.359] [default-akka.actor.default-dispatcher-19] [ActorSystem(default)] Illegal response header: Illegal 'etag' header: Invalid input '5', expected 'W' or '"' (line 1, column 1): 5601cffe77c82eb98f9c6f93
^
[WARN] [10/01/2015 19:31:21.359] [default-akka.actor.default-dispatcher-15] [ActorSystem(default)] Illegal response header: Illegal 'etag' header: Invalid input '5', expected 'W' or '"' (line 1, column 1): 5604cb5d77c805cb79ec7362
^
[WARN] [10/01/2015 19:31:21.359] [default-akka.actor.default-dispatcher-12] [ActorSystem(default)] Illegal response header: Illegal 'etag' header: Invalid input '5', expected 'W' or '"' (line 1, column 1): 55f23ecfd4c6a3f68296cd8c
^
[WARN] [10/01/2015 19:31:21.359] [default-akka.actor.default-dispatcher-14] [ActorSystem(default)] Illegal response header: Illegal 'etag' header: Invalid input '5', expected 'W' or '"' (line 1, column 1): 560cb1acfbeaf7a200c9be23
^
[WARN] [10/01/2015 19:31:21.368] [default-akka.actor.default-dispatcher-2] [ActorSystem(default)] Illegal response header: Illegal 'etag' header: Invalid input '5', expected 'W' or '"' (line 1, column 1): 560dc249fbeaf7a200c9be29
^
<<<RESPONSE(1) (409 Conflict): /testdb/Execution
<<<RESPONSE(1) (409 Conflict): /testdb
<<<RESPONSE (201 Created): /testdb/TestCase
<<<RESPONSE(1) (409 Conflict): /testdb/TestSuiteResult
<<<RESPONSE(1) (409 Conflict): /testdb/TestCase
Connection=keep-alive
Access-Control-Allow-Origin=*
Connection=keep-alive
etag=560cb1acfbeaf7a200c9be23
Access-Control-Allow-Origin=*
etag=5604cb5d77c805cb79ec7362
Connection=keep-alive
Connection=keep-alive
Access-Control-Allow-Origin=*
etag=55f23ecfd4c6a3f68296cd8c
Access-Control-Allow-Origin=*
etag=5601cffe77c82eb98f9c6f93
Access-Control-Allow-Credentials=true
Access-Control-Allow-Credentials=true
Access-Control-Allow-Credentials=true
Access-Control-Allow-Credentials=true
Access-Control-Expose-Headers=Location, ETag, Auth-Token, Auth-Token-Valid-Until, Auth-Token-Location
Access-Control-Expose-Headers=Location, ETag, Auth-Token, Auth-Token-Valid-Until, Auth-Token-Location
Access-Control-Expose-Headers=Location, ETag, Auth-Token, Auth-Token-Valid-Until, Auth-Token-Location
Date=Thu, 01 Oct 2015 23:31:21 GMT
Date=Thu, 01 Oct 2015 23:31:21 GMT
Access-Control-Expose-Headers=Location, ETag, Auth-Token, Auth-Token-Valid-Until, Auth-Token-Location
Date=Thu, 01 Oct 2015 23:31:21 GMT
Date=Thu, 01 Oct 2015 23:31:21 GMT
running with given plugins: []
=== Starting autoinstallJdk(core.JdkTest)
Skipping autoinstallJdk(core.JdkTest): Required property not provided: JdkTest.ORACLE_LOGIN
]]></system-out>
  </testcase>
  <testcase name="usePreinstalledJdk" classname="core.JdkTest" time="70.19"/>
</testsuite>