<?xml version="1.0" encoding="UTF-8"?>
<testsuite name="core.UninstallPluginTest" time="56.236" tests="1" errors="1" skipped="0" failures="0">
  <properties>
    <property name="java.runtime.name" value="Java(TM) SE Runtime Environment"/>
    <property name="sun.boot.library.path" value="/Library/Java/JavaVirtualMachines/jdk1.8.0_60.jdk/Contents/Home/jre/lib"/>
    <property name="java.vm.version" value="25.60-b23"/>
    <property name="gopherProxySet" value="false"/>
    <property name="java.vm.vendor" value="Oracle Corporation"/>
    <property name="maven.multiModuleProjectDirectory" value="/Users/abduljewel/Documents/c/spiderqa/sample-test-projects/acceptance-test-harness"/>
    <property name="java.vendor.url" value="http://java.oracle.com/"/>
    <property name="path.separator" value=":"/>
    <property name="guice.disable.misplaced.annotation.check" value="true"/>
    <property name="java.vm.name" value="Java HotSpot(TM) 64-Bit Server VM"/>
    <property name="file.encoding.pkg" value="sun.io"/>
    <property name="user.country" value="US"/>
    <property name="sun.java.launcher" value="SUN_STANDARD"/>
    <property name="sun.os.patch.level" value="unknown"/>
    <property name="java.vm.specification.name" value="Java Virtual Machine Specification"/>
    <property name="user.dir" value="/Users/abduljewel/Documents/c/spiderqa/sample-test-projects/acceptance-test-harness"/>
    <property name="java.runtime.version" value="1.8.0_60-b27"/>
    <property name="java.awt.graphicsenv" value="sun.awt.CGraphicsEnvironment"/>
    <property name="java.endorsed.dirs" value="/Library/Java/JavaVirtualMachines/jdk1.8.0_60.jdk/Contents/Home/jre/lib/endorsed"/>
    <property name="os.arch" value="x86_64"/>
    <property name="java.io.tmpdir" value="/var/folders/lk/l859yg616c9cbtgfnt9szgjc0000gn/T/"/>
    <property name="line.separator" value="&#10;"/>
    <property name="java.vm.specification.vendor" value="Oracle Corporation"/>
    <property name="os.name" value="Mac OS X"/>
    <property name="classworlds.conf" value="/usr/local/Cellar/maven/3.3.3/libexec/bin/m2.conf"/>
    <property name="sun.jnu.encoding" value="UTF-8"/>
    <property name="java.library.path" value="/Users/abduljewel/Library/Java/Extensions:/Library/Java/Extensions:/Network/Library/Java/Extensions:/System/Library/Java/Extensions:/usr/lib/java:."/>
    <property name="java.specification.name" value="Java Platform API Specification"/>
    <property name="java.class.version" value="52.0"/>
    <property name="sun.management.compiler" value="HotSpot 64-Bit Tiered Compilers"/>
    <property name="os.version" value="10.10.5"/>
    <property name="http.nonProxyHosts" value="local|*.local|169.254/16|*.169.254/16"/>
    <property name="user.home" value="/Users/abduljewel"/>
    <property name="user.timezone" value="America/New_York"/>
    <property name="java.awt.printerjob" value="sun.lwawt.macosx.CPrinterJob"/>
    <property name="java.specification.version" value="1.8"/>
    <property name="file.encoding" value="UTF-8"/>
    <property name="user.name" value="abduljewel"/>
    <property name="java.class.path" value="/usr/local/Cellar/maven/3.3.3/libexec/boot/plexus-classworlds-2.5.2.jar"/>
    <property name="java.vm.specification.version" value="1.8"/>
    <property name="sun.arch.data.model" value="64"/>
    <property name="java.home" value="/Library/Java/JavaVirtualMachines/jdk1.8.0_60.jdk/Contents/Home/jre"/>
    <property name="sun.java.command" value="org.codehaus.plexus.classworlds.launcher.Launcher clean test"/>
    <property name="java.specification.vendor" value="Oracle Corporation"/>
    <property name="user.language" value="en"/>
    <property name="awt.toolkit" value="sun.lwawt.macosx.LWCToolkit"/>
    <property name="java.vm.info" value="mixed mode"/>
    <property name="java.version" value="1.8.0_60"/>
    <property name="java.ext.dirs" value="/Users/abduljewel/Library/Java/Extensions:/Library/Java/JavaVirtualMachines/jdk1.8.0_60.jdk/Contents/Home/jre/lib/ext:/Library/Java/Extensions:/Network/Library/Java/Extensions:/System/Library/Java/Extensions:/usr/lib/java"/>
    <property name="sun.boot.class.path" value="/Library/Java/JavaVirtualMachines/jdk1.8.0_60.jdk/Contents/Home/jre/lib/resources.jar:/Library/Java/JavaVirtualMachines/jdk1.8.0_60.jdk/Contents/Home/jre/lib/rt.jar:/Library/Java/JavaVirtualMachines/jdk1.8.0_60.jdk/Contents/Home/jre/lib/sunrsasign.jar:/Library/Java/JavaVirtualMachines/jdk1.8.0_60.jdk/Contents/Home/jre/lib/jsse.jar:/Library/Java/JavaVirtualMachines/jdk1.8.0_60.jdk/Contents/Home/jre/lib/jce.jar:/Library/Java/JavaVirtualMachines/jdk1.8.0_60.jdk/Contents/Home/jre/lib/charsets.jar:/Library/Java/JavaVirtualMachines/jdk1.8.0_60.jdk/Contents/Home/jre/lib/jfr.jar:/Library/Java/JavaVirtualMachines/jdk1.8.0_60.jdk/Contents/Home/jre/classes"/>
    <property name="java.vendor" value="Oracle Corporation"/>
    <property name="maven.home" value="/usr/local/Cellar/maven/3.3.3/libexec"/>
    <property name="file.separator" value="/"/>
    <property name="java.vendor.url.bug" value="http://bugreport.sun.com/bugreport/"/>
    <property name="sun.cpu.endian" value="little"/>
    <property name="sun.io.unicode.encoding" value="UnicodeBig"/>
    <property name="socksNonProxyHosts" value="local|*.local|169.254/16|*.169.254/16"/>
    <property name="ftp.nonProxyHosts" value="local|*.local|169.254/16|*.169.254/16"/>
    <property name="sun.cpu.isalist" value=""/>
  </properties>
  <testcase name="gerrit_uninstall_plugin" classname="core.UninstallPluginTest" time="56.236">
    <error message="org.apache.http.entity.ContentType.create(Ljava/lang/String;[Lorg/apache/http/NameValuePair;)Lorg/apache/http/entity/ContentType;" type="java.lang.NoSuchMethodError">java.lang.NoSuchMethodError: org.apache.http.entity.ContentType.create(Ljava/lang/String;[Lorg/apache/http/NameValuePair;)Lorg/apache/http/entity/ContentType;
	at org.apache.http.entity.mime.MultipartEntityBuilder.buildEntity(MultipartEntityBuilder.java:209)
	at org.apache.http.entity.mime.MultipartEntityBuilder.build(MultipartEntityBuilder.java:230)
	at org.jenkinsci.test.acceptance.update_center.PluginMetadata.uploadTo(PluginMetadata.java:65)
	at org.jenkinsci.test.acceptance.po.PluginManager.installPlugins(PluginManager.java:173)
	at org.jenkinsci.test.acceptance.junit.WithPlugins$RuleImpl$1.doInstall(WithPlugins.java:139)
	at org.jenkinsci.test.acceptance.junit.WithPlugins$RuleImpl$1.installPlugins(WithPlugins.java:119)
	at org.jenkinsci.test.acceptance.junit.WithPlugins$RuleImpl$1.evaluate(WithPlugins.java:92)
	at org.jenkinsci.test.acceptance.junit.JenkinsAcceptanceTestRule$1$2$1.evaluate(JenkinsAcceptanceTestRule.java:129)
	at org.jenkinsci.test.acceptance.junit.FilterRule$1.evaluate(FilterRule.java:62)
	at org.jenkinsci.test.acceptance.junit.JenkinsAcceptanceTestRule$1.evaluate(JenkinsAcceptanceTestRule.java:55)
	at org.junit.runners.ParentRunner.runLeaf(ParentRunner.java:271)
	at org.junit.runners.BlockJUnit4ClassRunner.runChild(BlockJUnit4ClassRunner.java:70)
	at org.junit.runners.BlockJUnit4ClassRunner.runChild(BlockJUnit4ClassRunner.java:50)
	at org.junit.runners.ParentRunner$3.run(ParentRunner.java:238)
	at org.junit.runners.ParentRunner$1.schedule(ParentRunner.java:63)
	at org.junit.runners.ParentRunner.runChildren(ParentRunner.java:236)
	at org.junit.runners.ParentRunner.access$000(ParentRunner.java:53)
	at org.junit.runners.ParentRunner$2.evaluate(ParentRunner.java:229)
	at org.junit.runners.ParentRunner.run(ParentRunner.java:309)
	at org.apache.maven.surefire.junit4.JUnit4Provider.execute(JUnit4Provider.java:264)
	at org.apache.maven.surefire.junit4.JUnit4Provider.executeTestSet(JUnit4Provider.java:153)
	at org.apache.maven.surefire.junit4.JUnit4Provider.invoke(JUnit4Provider.java:124)
	at org.apache.maven.surefire.booter.ForkedBooter.invokeProviderInSameClassLoader(ForkedBooter.java:200)
	at org.apache.maven.surefire.booter.ForkedBooter.runSuitesInProcess(ForkedBooter.java:153)
	at org.apache.maven.surefire.booter.ForkedBooter.main(ForkedBooter.java:103)
</error>
    <system-out><![CDATA[testCaseResult=ru.yandex.qatools.allure.model.TestCaseResult@108e9837[
  name=login_and_logout
  title=<null>
  description=<null>
  failure=<null>
  start=1443742336871
  stop=1443742402640
  status=PASSED
  severity=<null>
  steps=[]
  attachments=[]
  labels=[ru.yandex.qatools.allure.model.Label@79a201cf, ru.yandex.qatools.allure.model.Label@1cbc5693]
  parameters=<null>
]
testCaseResult={
   "start" : 1443742336871,
   "stop" : 1443742402640,
   "status" : "passed",
   "name" : "login_and_logout",
   "steps" : {
      "step" : [ ]
   },
   "attachments" : {
      "attachment" : [ ]
   },
   "labels" : {
      "label" : [ {
         "name" : "host",
         "value" : "Abduls-MBP.home"
      }, {
         "name" : "thread",
         "value" : "35253@Abduls-MBP.home.main(1)"
      } ]
   }
}
testCase=ru.yandex.qatools.allure.model.TestCase@3d2f3dcb[
  _id=edee5a1a-606c-4dca-9ba1-925701b83b6c
  executionId=1bbf0610-8745-4dcf-b9b8-2ceab706f093
  result=ru.yandex.qatools.allure.model.TestCaseResult@108e9837
]
testCase={
   "_id" : "edee5a1a-606c-4dca-9ba1-925701b83b6c",
   "executionId" : "1bbf0610-8745-4dcf-b9b8-2ceab706f093",
   "result" : {
      "start" : 1443742336871,
      "stop" : 1443742402640,
      "status" : "passed",
      "name" : "login_and_logout",
      "steps" : {
         "step" : [ ]
      },
      "attachments" : {
         "attachment" : [ ]
      },
      "labels" : {
         "label" : [ {
            "name" : "host",
            "value" : "Abduls-MBP.home"
         }, {
            "name" : "thread",
            "value" : "35253@Abduls-MBP.home.main(1)"
         } ]
      }
   }
}
>>>REQUEST: /testdb/TestCase
[WARN] [10/01/2015 19:33:22.661] [default-akka.actor.default-dispatcher-16] [ActorSystem(default)] Illegal response header: Illegal 'etag' header: Invalid input '5', expected 'W' or '"' (line 1, column 1): 560dc2c2fbeaf7a200c9be33
^
<<<RESPONSE (201 Created): /testdb/TestCase
running with given plugins: []
=== Starting gerrit_uninstall_plugin(core.UninstallPluginTest)
Starting Jenkins: JAVA_HOME=/Library/Java/JavaVirtualMachines/jdk1.8.0_60.jdk/Contents/Home JENKINS_HOME=/Users/abduljewel/Documents/c/spiderqa/sample-test-projects/acceptance-test-harness/target/jenkins3099475483896299555home /Library/Java/JavaVirtualMachines/jdk1.8.0_60.jdk/Contents/Home/bin/java -Duser.language=en -jar ./jenkins.war --ajp13Port=-1 --httpPort=55824
master55824|Running from: /Users/abduljewel/Documents/c/spiderqa/sample-test-projects/acceptance-test-harness/jenkins.war
master55824|webroot: EnvVars.masterEnvVars.get("JENKINS_HOME")
master55824|Oct 01, 2015 7:33:23 PM winstone.Logger logInternal
master55824|INFO: Beginning extraction from war file
master55824|Oct 01, 2015 7:33:25 PM org.eclipse.jetty.util.log.JavaUtilLog info
master55824|INFO: jetty-winstone-2.8
master55824|Oct 01, 2015 7:33:28 PM org.eclipse.jetty.util.log.JavaUtilLog info
master55824|INFO: NO JSP Support for , did not find org.apache.jasper.servlet.JspServlet
master55824|Jenkins home directory: /Users/abduljewel/Documents/c/spiderqa/sample-test-projects/acceptance-test-harness/target/jenkins3099475483896299555home found at: EnvVars.masterEnvVars.get("JENKINS_HOME")
master55824|Oct 01, 2015 7:33:30 PM org.eclipse.jetty.util.log.JavaUtilLog info
master55824|INFO: Started SelectChannelConnector@0.0.0.0:55824
master55824|Oct 01, 2015 7:33:30 PM winstone.Logger logInternal
master55824|INFO: Winstone Servlet Engine v2.0 running: controlPort=disabled
master55824|Oct 01, 2015 7:33:30 PM jenkins.InitReactorRunner$1 onAttained
master55824|INFO: Started initialization
master55824|Oct 01, 2015 7:33:56 PM jenkins.InitReactorRunner$1 onAttained
master55824|INFO: Listed all plugins
master55824|Oct 01, 2015 7:33:56 PM jenkins.InitReactorRunner$1 onAttained
master55824|INFO: Prepared all plugins
master55824|Oct 01, 2015 7:33:56 PM jenkins.InitReactorRunner$1 onAttained
master55824|INFO: Started all plugins
master55824|Oct 01, 2015 7:33:56 PM jenkins.InitReactorRunner$1 onAttained
master55824|INFO: Augmented all extensions
master55824|Oct 01, 2015 7:34:00 PM jenkins.InitReactorRunner$1 onAttained
master55824|INFO: Loaded all jobs
master55824|Oct 01, 2015 7:34:06 PM hudson.model.AsyncPeriodicWork$1 run
master55824|INFO: Started Download metadata
master55824|Oct 01, 2015 7:34:06 PM org.jenkinsci.main.modules.sshd.SSHD start
master55824|INFO: Started SSHD at port 60775
master55824|Oct 01, 2015 7:34:06 PM jenkins.InitReactorRunner$1 onAttained
master55824|INFO: Completed initialization
master55824|Oct 01, 2015 7:34:06 PM hudson.UDPBroadcastThread run
master55824|WARNING: UDP handling problem
master55824|java.net.SocketException: Can't assign requested address
master55824|	at java.net.PlainDatagramSocketImpl.join(Native Method)
master55824|	at java.net.AbstractPlainDatagramSocketImpl.join(AbstractPlainDatagramSocketImpl.java:179)
master55824|	at java.net.MulticastSocket.joinGroup(MulticastSocket.java:323)
master55824|	at hudson.UDPBroadcastThread.run(UDPBroadcastThread.java:77)
master55824|
master55824|Oct 01, 2015 7:34:06 PM hudson.WebAppMain$3 run
master55824|INFO: Jenkins is fully up and running
master55824|Oct 01, 2015 7:34:12 PM hudson.model.UpdateSite updateData
master55824|INFO: Obtained the latest update center data file for UpdateSource default
master55824|Oct 01, 2015 7:34:12 PM hudson.model.DownloadService$Downloadable load
master55824|INFO: Obtained the updated data file for hudson.tasks.Maven.MavenInstaller
master55824|Oct 01, 2015 7:34:12 PM hudson.model.DownloadService$Downloadable load
master55824|INFO: Obtained the updated data file for hudson.tasks.Ant.AntInstaller
master55824|Oct 01, 2015 7:34:14 PM hudson.model.DownloadService$Downloadable load
master55824|INFO: Obtained the updated data file for hudson.tools.JDKInstaller
master55824|Oct 01, 2015 7:34:14 PM hudson.model.AsyncPeriodicWork$1 run
master55824|INFO: Finished Download metadata. 7,869 ms
Downloading: http://repo.jenkins-ci.org/public/com/sonyericsson/hudson/plugins/gerrit/gerrit-trigger/2.15.2/gerrit-trigger-2.15.2.hpi
1/4227 KB   13/4227 KB   14/4227 KB   16/4227 KB   17/4227 KB   19/4227 KB   20/4227 KB   26/4227 KB   31/4227 KB   35/4227 KB   37/4227 KB   38/4227 KB   40/4227 KB   41/4227 KB   43/4227 KB   44/4227 KB   45/4227 KB   47/4227 KB   48/4227 KB   50/4227 KB   51/4227 KB   54/4227 KB   57/4227 KB   58/4227 KB   61/4227 KB   62/4227 KB   65/4227 KB   68/4227 KB   69/4227 KB   71/4227 KB   72/4227 KB   75/4227 KB   78/4227 KB   79/4227 KB   81/4227 KB   82/4227 KB   84/4227 KB   85/4227 KB   86/4227 KB   88/4227 KB   91/4227 KB   93/4227 KB   98/4227 KB   101/4227 KB   102/4227 KB   105/4227 KB   108/4227 KB   109/4227 KB   112/4227 KB   113/4227 KB   116/4227 KB   118/4227 KB   119/4227 KB   120/4227 KB   122/4227 KB   123/4227 KB   125/4227 KB   127/4227 KB   130/4227 KB   133/4227 KB   134/4227 KB   136/4227 KB   139/4227 KB   142/4227 KB   143/4227 KB   146/4227 KB   157/4227 KB   163/4227 KB   164/4227 KB   166/4227 KB   167/4227 KB   168/4227 KB   170/4227 KB   173/4227 KB   174/4227 KB   175/4227 KB   177/4227 KB   178/4227 KB   180/4227 KB   183/4227 KB   184/4227 KB   185/4227 KB   187/4227 KB   188/4227 KB   191/4227 KB   195/4227 KB   198/4227 KB   201/4227 KB   202/4227 KB   204/4227 KB   207/4227 KB   209/4227 KB   211/4227 KB   214/4227 KB   215/4227 KB   216/4227 KB   218/4227 KB   221/4227 KB   222/4227 KB   224/4227 KB   225/4227 KB   226/4227 KB   228/4227 KB   231/4227 KB   233/4227 KB   238/4227 KB   241/4227 KB   243/4227 KB   245/4227 KB   246/4227 KB   249/4227 KB   255/4227 KB   265/4227 KB   267/4227 KB   270/4227 KB   272/4227 KB   274/4227 KB   276/4227 KB   277/4227 KB   280/4227 KB   282/4227 KB   283/4227 KB   284/4227 KB   286/4227 KB   289/4227 KB   290/4227 KB   291/4227 KB   293/4227 KB   294/4227 KB   300/4227 KB   301/4227 KB   303/4227 KB   308/4227 KB   313/4227 KB   318/4227 KB   321/4227 KB   323/4227 KB   324/4227 KB   325/4227 KB   327/4227 KB   328/4227 KB   335/4227 KB   337/4227 KB   340/4227 KB   341/4227 KB   342/4227 KB   344/4227 KB   345/4227 KB   348/4227 KB   349/4227 KB   351/4227 KB   352/4227 KB   354/4227 KB   356/4227 KB   358/4227 KB   359/4227 KB   361/4227 KB   362/4227 KB   364/4227 KB   366/4227 KB   372/4227 KB   373/4227 KB   375/4227 KB   378/4227 KB   379/4227 KB   381/4227 KB   383/4227 KB   386/4227 KB   388/4227 KB   396/4227 KB   399/4227 KB   400/4227 KB   402/4227 KB   405/4227 KB   406/4227 KB   407/4227 KB   410/4227 KB   412/4227 KB   413/4227 KB   414/4227 KB   416/4227 KB   417/4227 KB   419/4227 KB   422/4227 KB   427/4227 KB   429/4227 KB   430/4227 KB   431/4227 KB   433/4227 KB   434/4227 KB   437/4227 KB   438/4227 KB   440/4227 KB   441/4227 KB   443/4227 KB   444/4227 KB   447/4227 KB   448/4227 KB   450/4227 KB   451/4227 KB   453/4227 KB   455/4227 KB   457/4227 KB   458/4227 KB   461/4227 KB   463/4227 KB   464/4227 KB   465/4227 KB   467/4227 KB   468/4227 KB   471/4227 KB   472/4227 KB   474/4227 KB   475/4227 KB   478/4227 KB   480/4227 KB   481/4227 KB   484/4227 KB   485/4227 KB   487/4227 KB   488/4227 KB   489/4227 KB   491/4227 KB   492/4227 KB   494/4227 KB   496/4227 KB   498/4227 KB   499/4227 KB   501/4227 KB   502/4227 KB   504/4227 KB   505/4227 KB   506/4227 KB   508/4227 KB   509/4227 KB   512/4227 KB   513/4227 KB   515/4227 KB   516/4227 KB   518/4227 KB   519/4227 KB   521/4227 KB   522/4227 KB   525/4227 KB   526/4227 KB   528/4227 KB   530/4227 KB   532/4227 KB   533/4227 KB   535/4227 KB   536/4227 KB   539/4227 KB   540/4227 KB   542/4227 KB   543/4227 KB   545/4227 KB   547/4227 KB   549/4227 KB   550/4227 KB   556/4227 KB   569/4227 KB   573/4227 KB   574/4227 KB   578/4227 KB   580/4227 KB   581/4227 KB   583/4227 KB   584/4227 KB   587/4227 KB   590/4227 KB   591/4227 KB   593/4227 KB   595/4227 KB   598/4227 KB   607/4227 KB   608/4227 KB   611/4227 KB   612/4227 KB   614/4227 KB   615/4227 KB   618/4227 KB   619/4227 KB   622/4227 KB   624/4227 KB   625/4227 KB   628/4227 KB   629/4227 KB   631/4227 KB   634/4227 KB   636/4227 KB   638/4227 KB   639/4227 KB   641/4227 KB   642/4227 KB   645/4227 KB   646/4227 KB   648/4227 KB   649/4227 KB   651/4227 KB   653/4227 KB   655/4227 KB   656/4227 KB   658/4227 KB   661/4227 KB   662/4227 KB   663/4227 KB   665/4227 KB   666/4227 KB   669/4227 KB   670/4227 KB   672/4227 KB   673/4227 KB   675/4227 KB   677/4227 KB   679/4227 KB   683/4227 KB   686/4227 KB   697/4227 KB   699/4227 KB   700/4227 KB   703/4227 KB   704/4227 KB   706/4227 KB   707/4227 KB   709/4227 KB   711/4227 KB   720/4227 KB   730/4227 KB   748/4227 KB   752/4227 KB   754/4227 KB   755/4227 KB   757/4227 KB   758/4227 KB   761/4227 KB   762/4227 KB   764/4227 KB   765/4227 KB   767/4227 KB   769/4227 KB   771/4227 KB   772/4227 KB   774/4227 KB   775/4227 KB   776/4227 KB   786/4227 KB   788/4227 KB   795/4227 KB   796/4227 KB   798/4227 KB   802/4227 KB   803/4227 KB   805/4227 KB   806/4227 KB   816/4227 KB   819/4227 KB   820/4227 KB   822/4227 KB   829/4227 KB   830/4227 KB   832/4227 KB   833/4227 KB   834/4227 KB   836/4227 KB   837/4227 KB   839/4227 KB   846/4227 KB   853/4227 KB   854/4227 KB   856/4227 KB   857/4227 KB   858/4227 KB   860/4227 KB   861/4227 KB   864/4227 KB   867/4227 KB   868/4227 KB   871/4227 KB   874/4227 KB   875/4227 KB   877/4227 KB   878/4227 KB   881/4227 KB   883/4227 KB   884/4227 KB   890/4227 KB   891/4227 KB   892/4227 KB   895/4227 KB   898/4227 KB   899/4227 KB   901/4227 KB   904/4227 KB   905/4227 KB   907/4227 KB   908/4227 KB   909/4227 KB   912/4227 KB   914/4227 KB   915/4227 KB   916/4227 KB   918/4227 KB   921/4227 KB   924/4227 KB   925/4227 KB   926/4227 KB   929/4227 KB   931/4227 KB   932/4227 KB   933/4227 KB   935/4227 KB   938/4227 KB   939/4227 KB   940/4227 KB   942/4227 KB   943/4227 KB   945/4227 KB   948/4227 KB   949/4227 KB   952/4227 KB   955/4227 KB   956/4227 KB   957/4227 KB   959/4227 KB   962/4227 KB   963/4227 KB   965/4227 KB   966/4227 KB   969/4227 KB   972/4227 KB   973/4227 KB   974/4227 KB   976/4227 KB   977/4227 KB   980/4227 KB   981/4227 KB   983/4227 KB   984/4227 KB   986/4227 KB   987/4227 KB   989/4227 KB   990/4227 KB   991/4227 KB   993/4227 KB   996/4227 KB   997/4227 KB   998/4227 KB   1004/4227 KB   1010/4227 KB   1013/4227 KB   1017/4227 KB   1018/4227 KB   1021/4227 KB   1023/4227 KB   1024/4227 KB   1025/4227 KB   1027/4227 KB   1028/4227 KB   1032/4227 KB   1034/4227 KB   1035/4227 KB   1037/4227 KB   1039/4227 KB   1041/4227 KB   1042/4227 KB   1044/4227 KB   1047/4227 KB   1052/4227 KB   1058/4227 KB   1064/4227 KB   1065/4227 KB   1068/4227 KB   1069/4227 KB   1071/4227 KB   1073/4227 KB   1076/4227 KB   1078/4227 KB   1080/4227 KB   1083/4227 KB   1085/4227 KB   1086/4227 KB   1089/4227 KB   1092/4227 KB   1093/4227 KB   1095/4227 KB   1096/4227 KB   1099/4227 KB   1102/4227 KB   1103/4227 KB   1105/4227 KB   1106/4227 KB   1107/4227 KB   1110/4227 KB   1112/4227 KB   1114/4227 KB   1116/4227 KB   1117/4227 KB   1119/4227 KB   1120/4227 KB   1121/4227 KB   1124/4227 KB   1126/4227 KB   1129/4227 KB   1130/4227 KB   1131/4227 KB   1133/4227 KB   1136/4227 KB   1137/4227 KB   1140/4227 KB   1143/4227 KB   1146/4227 KB   1147/4227 KB   1148/4227 KB   1153/4227 KB   1157/4227 KB   1158/4227 KB   1161/4227 KB   1162/4227 KB   1165/4227 KB   1167/4227 KB   1168/4227 KB   1171/4227 KB   1174/4227 KB   1175/4227 KB   1177/4227 KB   1179/4227 KB   1191/4227 KB   1196/4227 KB   1199/4227 KB   1201/4227 KB   1202/4227 KB   1205/4227 KB   1206/4227 KB   1208/4227 KB   1209/4227 KB   1211/4227 KB   1212/4227 KB   1215/4227 KB   1216/4227 KB   1218/4227 KB   1219/4227 KB   1220/4227 KB   1223/4227 KB   1225/4227 KB   1226/4227 KB   1228/4227 KB   1229/4227 KB   1232/4227 KB   1233/4227 KB   1235/4227 KB   1236/4227 KB   1239/4227 KB   1240/4227 KB   1242/4227 KB   1243/4227 KB   1245/4227 KB   1247/4227 KB   1249/4227 KB   1252/4227 KB   1253/4227 KB   1254/4227 KB   1256/4227 KB   1259/4227 KB   1260/4227 KB   1261/4227 KB   1264/4227 KB   1267/4227 KB   1270/4227 KB   1277/4227 KB   1278/4227 KB   1280/4227 KB   1281/4227 KB   1283/4227 KB   1287/4227 KB   1290/4227 KB   1291/4227 KB   1293/4227 KB   1294/4227 KB   1295/4227 KB   1297/4227 KB   1298/4227 KB   1300/4227 KB   1301/4227 KB   1302/4227 KB   1308/4227 KB   1318/4227 KB   1321/4227 KB   1322/4227 KB   1324/4227 KB   1325/4227 KB   1327/4227 KB   1328/4227 KB   1332/4227 KB   1334/4227 KB   1335/4227 KB   1336/4227 KB   1338/4227 KB   1341/4227 KB   1342/4227 KB   1343/4227 KB   1345/4227 KB   1346/4227 KB   1349/4227 KB   1351/4227 KB   1352/4227 KB   1353/4227 KB   1355/4227 KB   1358/4227 KB   1359/4227 KB   1360/4227 KB   1363/4227 KB   1365/4227 KB   1368/4227 KB   1370/4227 KB   1373/4227 KB   1376/4227 KB   1377/4227 KB   1379/4227 KB   1380/4227 KB   1383/4227 KB   1386/4227 KB   1389/4227 KB   1390/4227 KB   1392/4227 KB   1393/4227 KB   1394/4227 KB   1397/4227 KB   1399/4227 KB   1401/4227 KB   1407/4227 KB   1410/4227 KB   1420/4227 KB   1433/4227 KB   1435/4227 KB   1438/4227 KB   1442/4227 KB   1474/4227 KB   1479/4227 KB   1481/4227 KB   1482/4227 KB   1485/4227 KB   1486/4227 KB   1488/4227 KB   1489/4227 KB   1491/4227 KB   1493/4227 KB   1495/4227 KB   1496/4227 KB   1498/4227 KB   1499/4227 KB   1500/4227 KB   1503/4227 KB   1505/4227 KB   1506/4227 KB   1508/4227 KB   1509/4227 KB   1510/4227 KB   1513/4227 KB   1532/4227 KB   1534/4227 KB   1537/4227 KB   1539/4227 KB   1540/4227 KB   1541/4227 KB   1543/4227 KB   1546/4227 KB   1547/4227 KB   1549/4227 KB   1550/4227 KB   1551/4227 KB   1554/4227 KB   1556/4227 KB   1557/4227 KB   1558/4227 KB   1560/4227 KB   1563/4227 KB   1564/4227 KB   1566/4227 KB   1567/4227 KB   1568/4227 KB   1571/4227 KB   1573/4227 KB   1574/4227 KB   1575/4227 KB   1578/4227 KB   1580/4227 KB   1582/4227 KB   1584/4227 KB   1585/4227 KB   1590/4227 KB   1591/4227 KB   1592/4227 KB   1594/4227 KB   1597/4227 KB   1602/4227 KB   1607/4227 KB   1608/4227 KB   1609/4227 KB   1612/4227 KB   1614/4227 KB   1616/4227 KB   1618/4227 KB   1621/4227 KB   1622/4227 KB   1623/4227 KB   1625/4227 KB   1626/4227 KB   1628/4227 KB   1631/4227 KB   1633/4227 KB   1636/4227 KB   1639/4227 KB   1640/4227 KB   1642/4227 KB   1643/4227 KB   1646/4227 KB   1648/4227 KB   1650/4227 KB   1653/4227 KB   1656/4227 KB   1667/4227 KB   1670/4227 KB   1672/4227 KB   1673/4227 KB   1674/4227 KB   1676/4227 KB   1677/4227 KB   1679/4227 KB   1681/4227 KB   1683/4227 KB   1684/4227 KB   1686/4227 KB   1687/4227 KB   1690/4227 KB   1693/4227 KB   1694/4227 KB   1697/4227 KB   1700/4227 KB   1701/4227 KB   1703/4227 KB   1711/4227 KB   1714/4227 KB   1717/4227 KB   1720/4227 KB   1721/4227 KB   1722/4227 KB   1725/4227 KB   1727/4227 KB   1730/4227 KB   1731/4227 KB   1732/4227 KB   1735/4227 KB   1737/4227 KB   1739/4227 KB   1741/4227 KB   1742/4227 KB   1744/4227 KB   1747/4227 KB   1748/4227 KB   1749/4227 KB   1751/4227 KB   1752/4227 KB   1754/4227 KB   1756/4227 KB   1758/4227 KB   1759/4227 KB   1761/4227 KB   1762/4227 KB   1763/4227 KB   1766/4227 KB   1768/4227 KB   1769/4227 KB   1771/4227 KB   1772/4227 KB   1773/4227 KB   1776/4227 KB   1779/4227 KB   1780/4227 KB   1782/4227 KB   1783/4227 KB   1785/4227 KB   1788/4227 KB   1789/4227 KB   1792/4227 KB   1795/4227 KB   1799/4227 KB   1802/4227 KB   1803/4227 KB   1804/4227 KB   1806/4227 KB   1807/4227 KB   1809/4227 KB   1810/4227 KB   1813/4227 KB   1814/4227 KB   1816/4227 KB   1817/4227 KB   1819/4227 KB   1821/4227 KB   1823/4227 KB   1824/4227 KB   1826/4227 KB   1827/4227 KB   1831/4227 KB   1833/4227 KB   1834/4227 KB   1836/4227 KB   1837/4227 KB   1840/4227 KB   1841/4227 KB   1843/4227 KB   1844/4227 KB   1845/4227 KB   1848/4227 KB   1851/4227 KB   1853/4227 KB   1854/4227 KB   1855/4227 KB   1857/4227 KB   1862/4227 KB   1865/4227 KB   1867/4227 KB   1877/4227 KB   1879/4227 KB   1881/4227 KB   1882/4227 KB   1884/4227 KB   1885/4227 KB   1888/4227 KB   1889/4227 KB   1891/4227 KB   1892/4227 KB   1894/4227 KB   1896/4227 KB   1898/4227 KB   1899/4227 KB   1901/4227 KB   1902/4227 KB   1905/4227 KB   1908/4227 KB   1909/4227 KB   1911/4227 KB   1913/4227 KB   1915/4227 KB   1916/4227 KB   1919/4227 KB   1920/4227 KB   1922/4227 KB   1923/4227 KB   1925/4227 KB   1928/4227 KB   1929/4227 KB   1930/4227 KB   1932/4227 KB   1935/4227 KB   1940/4227 KB   1942/4227 KB   1943/4227 KB   1944/4227 KB   1946/4227 KB   1947/4227 KB   1950/4227 KB   1952/4227 KB   1953/4227 KB   1954/4227 KB   1956/4227 KB   1959/4227 KB   1961/4227 KB   1963/4227 KB   1964/4227 KB   1967/4227 KB   1969/4227 KB   1970/4227 KB   1971/4227 KB   1973/4227 KB   1974/4227 KB   1976/4227 KB   1977/4227 KB   1980/4227 KB   1981/4227 KB   1983/4227 KB   1991/4227 KB   1994/4227 KB   1995/4227 KB   1997/4227 KB   1998/4227 KB   2000/4227 KB   2002/4227 KB   2004/4227 KB   2005/4227 KB   2010/4227 KB   2012/4227 KB   2015/4227 KB   2017/4227 KB   2019/4227 KB   2021/4227 KB   2024/4227 KB   2026/4227 KB   2028/4227 KB   2031/4227 KB   2032/4227 KB   2034/4227 KB   2036/4227 KB   2038/4227 KB   2039/4227 KB   2041/4227 KB   2055/4227 KB   2062/4227 KB   2065/4227 KB   2066/4227 KB   2070/4227 KB   2072/4227 KB   2073/4227 KB   2076/4227 KB   2082/4227 KB   2083/4227 KB   2103/4227 KB   2106/4227 KB   2120/4227 KB   2125/4227 KB   2127/4227 KB   2133/4227 KB   2134/4227 KB   2135/4227 KB   2137/4227 KB   2138/4227 KB   2140/4227 KB   2141/4227 KB   2142/4227 KB   2144/4227 KB   2145/4227 KB   2147/4227 KB   2148/4227 KB   2150/4227 KB   2159/4227 KB   2179/4227 KB   2183/4227 KB   2185/4227 KB   2186/4227 KB   2189/4227 KB   2191/4227 KB   2192/4227 KB   2196/4227 KB   2199/4227 KB   2200/4227 KB   2203/4227 KB   2205/4227 KB   2206/4227 KB   2207/4227 KB   2209/4227 KB   2210/4227 KB   2212/4227 KB   2215/4227 KB   2216/4227 KB   2217/4227 KB   2219/4227 KB   2220/4227 KB   2223/4227 KB   2224/4227 KB   2226/4227 KB   2227/4227 KB   2229/4227 KB   2230/4227 KB   2232/4227 KB   2233/4227 KB   2234/4227 KB   2236/4227 KB   2239/4227 KB   2240/4227 KB   2241/4227 KB   2244/4227 KB   2247/4227 KB   2251/4227 KB   2254/4227 KB   2257/4227 KB   2258/4227 KB   2260/4227 KB   2263/4227 KB   2264/4227 KB   2265/4227 KB   2267/4227 KB   2268/4227 KB   2270/4227 KB   2271/4227 KB   2274/4227 KB   2275/4227 KB   2277/4227 KB   2278/4227 KB   2280/4227 KB   2281/4227 KB   2284/4227 KB   2285/4227 KB   2287/4227 KB   2288/4227 KB   2290/4227 KB   2291/4227 KB   2292/4227 KB   2294/4227 KB   2295/4227 KB   2297/4227 KB   2298/4227 KB   2301/4227 KB   2302/4227 KB   2304/4227 KB   2305/4227 KB   2308/4227 KB   2309/4227 KB   2311/4227 KB   2312/4227 KB   2314/4227 KB   2316/4227 KB   2318/4227 KB   2319/4227 KB   2321/4227 KB   2322/4227 KB   2326/4227 KB   2328/4227 KB   2331/4227 KB   2333/4227 KB   2335/4227 KB   2336/4227 KB   2338/4227 KB   2340/4227 KB   2342/4227 KB   2343/4227 KB   2346/4227 KB   2347/4227 KB   2349/4227 KB   2350/4227 KB   2353/4227 KB   2355/4227 KB   2356/4227 KB   2357/4227 KB   2359/4227 KB   2362/4227 KB   2363/4227 KB   2364/4227 KB   2366/4227 KB   2367/4227 KB   2370/4227 KB   2372/4227 KB   2373/4227 KB   2374/4227 KB   2376/4227 KB   2379/4227 KB   2380/4227 KB   2381/4227 KB   2383/4227 KB   2384/4227 KB   2387/4227 KB   2388/4227 KB   2390/4227 KB   2391/4227 KB   2394/4227 KB   2396/4227 KB   2397/4227 KB   2398/4227 KB   2401/4227 KB   2403/4227 KB   2404/4227 KB   2405/4227 KB   2407/4227 KB   2410/4227 KB   2411/4227 KB   2413/4227 KB   2414/4227 KB   2425/4227 KB   2427/4227 KB   2428/4227 KB   2431/4227 KB   2434/4227 KB   2435/4227 KB   2437/4227 KB   2439/4227 KB   2442/4227 KB   2444/4227 KB   2445/4227 KB   2446/4227 KB   2449/4227 KB   2451/4227 KB   2452/4227 KB   2455/4227 KB   2456/4227 KB   2458/4227 KB   2461/4227 KB   2462/4227 KB   2465/4227 KB   2466/4227 KB   2468/4227 KB   2469/4227 KB   2471/4227 KB   2472/4227 KB   2473/4227 KB   2475/4227 KB   2476/4227 KB   2479/4227 KB   2480/4227 KB   2482/4227 KB   2483/4227 KB   2485/4227 KB   2486/4227 KB   2489/4227 KB   2490/4227 KB   2492/4227 KB   2493/4227 KB   2495/4227 KB   2497/4227 KB   2499/4227 KB   2500/4227 KB   2502/4227 KB   2504/4227 KB   2507/4227 KB   2509/4227 KB   2512/4227 KB   2513/4227 KB   2514/4227 KB   2516/4227 KB   2517/4227 KB   2520/4227 KB   2521/4227 KB   2523/4227 KB   2524/4227 KB   2526/4227 KB   2528/4227 KB   2530/4227 KB   2531/4227 KB   2533/4227 KB   2536/4227 KB   2537/4227 KB   2538/4227 KB   2540/4227 KB   2543/4227 KB   2544/4227 KB   2545/4227 KB   2547/4227 KB   2548/4227 KB   2550/4227 KB   2551/4227 KB   2557/4227 KB   2560/4227 KB   2561/4227 KB   2562/4227 KB   2564/4227 KB   2567/4227 KB   2568/4227 KB   2571/4227 KB   2574/4227 KB   2577/4227 KB   2579/4227 KB   2581/4227 KB   2582/4227 KB   2585/4227 KB   2588/4227 KB   2591/4227 KB   2592/4227 KB   2596/4227 KB   2602/4227 KB   2613/4227 KB   2616/4227 KB   2623/4227 KB   2626/4227 KB   2627/4227 KB   2630/4227 KB   2633/4227 KB   2635/4227 KB   2636/4227 KB   2637/4227 KB   2639/4227 KB   2640/4227 KB   2643/4227 KB   2644/4227 KB   2650/4227 KB   2654/4227 KB   2667/4227 KB   2670/4227 KB   2671/4227 KB   2673/4227 KB   2674/4227 KB   2676/4227 KB   2677/4227 KB   2678/4227 KB   2680/4227 KB   2681/4227 KB   2684/4227 KB   2685/4227 KB   2687/4227 KB   2688/4227 KB   2690/4227 KB   2691/4227 KB   2694/4227 KB   2695/4227 KB   2697/4227 KB   2698/4227 KB   2700/4227 KB   2701/4227 KB   2702/4227 KB   2704/4227 KB   2705/4227 KB   2708/4227 KB   2709/4227 KB   2711/4227 KB   2714/4227 KB   2715/4227 KB   2717/4227 KB   2718/4227 KB   2719/4227 KB   2721/4227 KB   2724/4227 KB   2725/4227 KB   2726/4227 KB   2728/4227 KB   2729/4227 KB   2732/4227 KB   2734/4227 KB   2735/4227 KB   2736/4227 KB   2743/4227 KB   2746/4227 KB   2748/4227 KB   2749/4227 KB   2750/4227 KB   2753/4227 KB   2755/4227 KB   2758/4227 KB   2760/4227 KB   2762/4227 KB   2765/4227 KB   2766/4227 KB   2767/4227 KB   2769/4227 KB   2770/4227 KB   2772/4227 KB   2773/4227 KB   2775/4227 KB   2776/4227 KB   2777/4227 KB   2779/4227 KB   2780/4227 KB   2782/4227 KB   2784/4227 KB   2786/4227 KB   2789/4227 KB   2790/4227 KB   2791/4227 KB   2794/4227 KB   2796/4227 KB   2797/4227 KB   2800/4227 KB   2803/4227 KB   2804/4227 KB   2806/4227 KB   2807/4227 KB   2810/4227 KB   2821/4227 KB   2824/4227 KB   2825/4227 KB   2827/4227 KB   2828/4227 KB   2831/4227 KB   2833/4227 KB   2834/4227 KB   2835/4227 KB   2837/4227 KB   2840/4227 KB   2842/4227 KB   2844/4227 KB   2854/4227 KB   2859/4227 KB   2862/4227 KB   2865/4227 KB   2868/4227 KB   2875/4227 KB   2878/4227 KB   2879/4227 KB   2881/4227 KB   2882/4227 KB   2883/4227 KB   2886/4227 KB   2889/4227 KB   2902/4227 KB   2905/4227 KB   2907/4227 KB   2909/4227 KB   2912/4227 KB   2913/4227 KB   2915/4227 KB   2917/4227 KB   2919/4227 KB   2922/4227 KB   2927/4227 KB   2930/4227 KB   2940/4227 KB   2943/4227 KB   2944/4227 KB   2946/4227 KB   2957/4227 KB   2960/4227 KB   2961/4227 KB   2963/4227 KB   2965/4227 KB   2967/4227 KB   2970/4227 KB   2971/4227 KB   2972/4227 KB   2975/4227 KB   2978/4227 KB   2981/4227 KB   2982/4227 KB   2985/4227 KB   2988/4227 KB   3002/4227 KB   3004/4227 KB   3005/4227 KB   3008/4227 KB   3009/4227 KB   3012/4227 KB   3014/4227 KB   3015/4227 KB   3018/4227 KB   3019/4227 KB   3022/4227 KB   3023/4227 KB   3025/4227 KB   3028/4227 KB   3029/4227 KB   3030/4227 KB   3032/4227 KB   3035/4227 KB   3038/4227 KB   3039/4227 KB   3040/4227 KB   3043/4227 KB   3050/4227 KB   3056/4227 KB   3057/4227 KB   3060/4227 KB   3066/4227 KB   3067/4227 KB   3069/4227 KB   3070/4227 KB   3073/4227 KB   3074/4227 KB   3076/4227 KB   3077/4227 KB   3080/4227 KB   3083/4227 KB   3084/4227 KB   3086/4227 KB   3087/4227 KB   3090/4227 KB   3091/4227 KB   3093/4227 KB   3094/4227 KB   3097/4227 KB   3098/4227 KB   3100/4227 KB   3101/4227 KB   3104/4227 KB   3105/4227 KB   3107/4227 KB   3108/4227 KB   3110/4227 KB   3112/4227 KB   3114/4227 KB   3115/4227 KB   3117/4227 KB   3120/4227 KB   3124/4227 KB   3125/4227 KB   3128/4227 KB   3131/4227 KB   3138/4227 KB   3139/4227 KB   3141/4227 KB   3144/4227 KB   3145/4227 KB   3146/4227 KB   3152/4227 KB   3155/4227 KB   3156/4227 KB   3158/4227 KB   3159/4227 KB   3162/4227 KB   3165/4227 KB   3166/4227 KB   3168/4227 KB   3169/4227 KB   3170/4227 KB   3173/4227 KB   3175/4227 KB   3176/4227 KB   3180/4227 KB   3182/4227 KB   3183/4227 KB   3186/4227 KB   3187/4227 KB   3189/4227 KB   3190/4227 KB   3192/4227 KB   3195/4227 KB   3196/4227 KB   3197/4227 KB   3199/4227 KB   3202/4227 KB   3203/4227 KB   3204/4227 KB   3207/4227 KB   3209/4227 KB   3210/4227 KB   3211/4227 KB   3213/4227 KB   3214/4227 KB   3216/4227 KB   3217/4227 KB   3220/4227 KB   3221/4227 KB   3223/4227 KB   3224/4227 KB   3226/4227 KB   3227/4227 KB   3228/4227 KB   3230/4227 KB   3233/4227 KB   3234/4227 KB   3236/4227 KB   3238/4227 KB   3240/4227 KB   3243/4227 KB   3244/4227 KB   3245/4227 KB   3247/4227 KB   3248/4227 KB   3250/4227 KB   3251/4227 KB   3254/4227 KB   3255/4227 KB   3257/4227 KB   3260/4227 KB   3261/4227 KB   3262/4227 KB   3265/4227 KB   3267/4227 KB   3268/4227 KB   3272/4227 KB   3274/4227 KB   3277/4227 KB   3281/4227 KB   3284/4227 KB   3285/4227 KB   3286/4227 KB   3289/4227 KB   3291/4227 KB   3292/4227 KB   3293/4227 KB   3295/4227 KB   3296/4227 KB   3299/4227 KB   3301/4227 KB   3302/4227 KB   3303/4227 KB   3305/4227 KB   3308/4227 KB   3309/4227 KB   3310/4227 KB   3312/4227 KB   3313/4227 KB   3315/4227 KB   3316/4227 KB   3318/4227 KB   3320/4227 KB   3322/4227 KB   3323/4227 KB   3325/4227 KB   3326/4227 KB   3327/4227 KB   3330/4227 KB   3332/4227 KB   3334/4227 KB   3336/4227 KB   3339/4227 KB   3340/4227 KB   3342/4227 KB   3343/4227 KB   3346/4227 KB   3349/4227 KB   3350/4227 KB   3351/4227 KB   3353/4227 KB   3356/4227 KB   3357/4227 KB   3359/4227 KB   3361/4227 KB   3366/4227 KB   3367/4227 KB   3368/4227 KB   3371/4227 KB   3378/4227 KB   3383/4227 KB   3385/4227 KB   3388/4227 KB   3390/4227 KB   3391/4227 KB   3394/4227 KB   3395/4227 KB   3397/4227 KB   3398/4227 KB   3400/4227 KB   3402/4227 KB   3404/4227 KB   3405/4227 KB   3408/4227 KB   3409/4227 KB   3411/4227 KB   3412/4227 KB   3414/4227 KB   3415/4227 KB   3417/4227 KB   3418/4227 KB   3419/4227 KB   3421/4227 KB   3424/4227 KB   3425/4227 KB   3428/4227 KB   3429/4227 KB   3432/4227 KB   3433/4227 KB   3435/4227 KB   3438/4227 KB   3441/4227 KB   3442/4227 KB   3445/4227 KB   3446/4227 KB   3462/4227 KB   3466/4227 KB   3467/4227 KB   3483/4227 KB   3486/4227 KB   3491/4227 KB   3503/4227 KB   3507/4227 KB   3514/4227 KB   3518/4227 KB   3521/4227 KB   3523/4227 KB   3525/4227 KB   3527/4227 KB   3528/4227 KB   3554/4227 KB   3555/4227 KB   3558/4227 KB   3561/4227 KB   3564/4227 KB   3565/4227 KB   3566/4227 KB   3569/4227 KB   3571/4227 KB   3572/4227 KB   3573/4227 KB   3575/4227 KB   3576/4227 KB   3578/4227 KB   3579/4227 KB   3581/4227 KB   3585/4227 KB   3588/4227 KB   3589/4227 KB   3590/4227 KB   3592/4227 KB   3593/4227 KB   3596/4227 KB   3599/4227 KB   3600/4227 KB   3602/4227 KB   3603/4227 KB   3605/4227 KB   3606/4227 KB   3607/4227 KB   3609/4227 KB   3610/4227 KB   3613/4227 KB   3614/4227 KB   3616/4227 KB   3617/4227 KB   3619/4227 KB   3620/4227 KB   3623/4227 KB   3624/4227 KB   3627/4227 KB   3630/4227 KB   3631/4227 KB   3633/4227 KB   3643/4227 KB   3651/4227 KB   3655/4227 KB   3657/4227 KB   3660/4227 KB   3661/4227 KB   3665/4227 KB   3668/4227 KB   3670/4227 KB   3671/4227 KB   3672/4227 KB   3678/4227 KB   3680/4227 KB   3682/4227 KB   3684/4227 KB   3685/4227 KB   3687/4227 KB   3688/4227 KB   3689/4227 KB   3692/4227 KB   3694/4227 KB   3696/4227 KB   3698/4227 KB   3699/4227 KB   3702/4227 KB   3705/4227 KB   3709/4227 KB   3711/4227 KB   3715/4227 KB   3716/4227 KB   3718/4227 KB   3721/4227 KB   3722/4227 KB   3723/4227 KB   3725/4227 KB   3726/4227 KB   3728/4227 KB   3729/4227 KB   3730/4227 KB   3736/4227 KB   3738/4227 KB   3739/4227 KB   3742/4227 KB   3743/4227 KB   3745/4227 KB   3747/4227 KB   3749/4227 KB   3750/4227 KB   3752/4227 KB   3753/4227 KB   3756/4227 KB   3757/4227 KB   3759/4227 KB   3760/4227 KB   3762/4227 KB   3763/4227 KB   3764/4227 KB   3766/4227 KB   3769/4227 KB   3770/4227 KB   3771/4227 KB   3773/4227 KB   3774/4227 KB   3776/4227 KB   3779/4227 KB   3781/4227 KB   3784/4227 KB   3786/4227 KB   3788/4227 KB   3791/4227 KB   3793/4227 KB   3794/4227 KB   3797/4227 KB   3798/4227 KB   3800/4227 KB   3803/4227 KB   3804/4227 KB   3805/4227 KB   3807/4227 KB   3808/4227 KB   3810/4227 KB   3812/4227 KB   3814/4227 KB   3815/4227 KB   3817/4227 KB   3818/4227 KB   3820/4227 KB   3821/4227 KB   3822/4227 KB   3824/4227 KB   3825/4227 KB   3828/4227 KB   3829/4227 KB   3831/4227 KB   3832/4227 KB   3834/4227 KB   3835/4227 KB   3836/4227 KB   3838/4227 KB   3839/4227 KB   3841/4227 KB   3844/4227 KB   3845/4227 KB   3846/4227 KB   3848/4227 KB   3849/4227 KB   3851/4227 KB   3852/4227 KB   3853/4227 KB   3855/4227 KB   3856/4227 KB   3859/4227 KB   3861/4227 KB   3862/4227 KB   3863/4227 KB   3866/4227 KB   3868/4227 KB   3870/4227 KB   3872/4227 KB   3873/4227 KB   3875/4227 KB   3876/4227 KB   3877/4227 KB   3879/4227 KB   3882/4227 KB   3897/4227 KB   3900/4227 KB   3904/4227 KB   3907/4227 KB   3909/4227 KB   3910/4227 KB   3911/4227 KB   3913/4227 KB   3914/4227 KB   3923/4227 KB   3924/4227 KB   3926/4227 KB   3927/4227 KB   3928/4227 KB   3930/4227 KB   3931/4227 KB   3934/4227 KB   3937/4227 KB   3938/4227 KB   3941/4227 KB   3944/4227 KB   3945/4227 KB   3948/4227 KB   3980/4227 KB   4006/4227 KB   4020/4227 KB   4030/4227 KB   4040/4227 KB   4044/4227 KB   4046/4227 KB   4047/4227 KB   4049/4227 KB   4051/4227 KB   4053/4227 KB   4054/4227 KB   4056/4227 KB   4058/4227 KB   4060/4227 KB   4061/4227 KB   4064/4227 KB   4066/4227 KB   4067/4227 KB   4068/4227 KB   4070/4227 KB   4071/4227 KB   4074/4227 KB   4075/4227 KB   4077/4227 KB   4080/4227 KB   4083/4227 KB   4084/4227 KB   4087/4227 KB   4088/4227 KB   4090/4227 KB   4091/4227 KB   4094/4227 KB   4097/4227 KB   4100/4227 KB   4101/4227 KB   4104/4227 KB   4105/4227 KB   4108/4227 KB   4109/4227 KB   4112/4227 KB   4114/4227 KB   4115/4227 KB   4116/4227 KB   4118/4227 KB   4121/4227 KB   4122/4227 KB   4124/4227 KB   4125/4227 KB   4128/4227 KB   4129/4227 KB   4131/4227 KB   4132/4227 KB   4133/4227 KB   4136/4227 KB   4138/4227 KB   4139/4227 KB   4141/4227 KB   4148/4227 KB   4149/4227 KB   4150/4227 KB   4152/4227 KB   4155/4227 KB   4156/4227 KB   4159/4227 KB   4160/4227 KB   4172/4227 KB   4174/4227 KB   4177/4227 KB   4180/4227 KB   4182/4227 KB   4183/4227 KB   4186/4227 KB   4189/4227 KB   4190/4227 KB   4191/4227 KB   4193/4227 KB   4196/4227 KB   4198/4227 KB   4200/4227 KB   4201/4227 KB   4204/4227 KB   4206/4227 KB   4207/4227 KB   4210/4227 KB   4211/4227 KB   4213/4227 KB   4214/4227 KB   4217/4227 KB   4220/4227 KB   4227/4227 KB                  Downloaded: http://repo.jenkins-ci.org/public/com/sonyericsson/hudson/plugins/gerrit/gerrit-trigger/2.15.2/gerrit-trigger-2.15.2.hpi (4227 KB at 1774.4 KB/sec)
Jenkins is stopped
]]></system-out>
    <system-err><![CDATA[Oct 01, 2015 7:33:22 PM org.jenkinsci.test.acceptance.controller.LocalController startNow
INFO: Waiting for Jenkins to become running in http://127.0.0.1:55824/
Oct 01, 2015 7:34:06 PM org.jenkinsci.test.acceptance.controller.LocalController startNow
INFO: Jenkins is running in http://127.0.0.1:55824/
Oct 01, 2015 7:34:14 PM org.jenkinsci.test.acceptance.po.PluginManager installationStatus
INFO: gerrit-trigger is not installed
Oct 01, 2015 7:34:14 PM org.jenkinsci.test.acceptance.po.PluginManager installationStatus
INFO: gerrit-trigger is not installed
Oct 01, 2015 7:34:15 PM org.jenkinsci.test.acceptance.po.PluginManager installationStatus
INFO: gerrit-trigger@2.15.2 is not installed
]]></system-err>
  </testcase>
</testsuite>