<?xml version="1.0" encoding="UTF-8"?>
<testsuite name="plugins.EnvInjectPluginTest" time="52.578" tests="3" errors="3" skipped="0" failures="0">
  <properties>
    <property name="java.runtime.name" value="Java(TM) SE Runtime Environment"/>
    <property name="sun.boot.library.path" value="/Library/Java/JavaVirtualMachines/jdk1.8.0_60.jdk/Contents/Home/jre/lib"/>
    <property name="java.vm.version" value="25.60-b23"/>
    <property name="gopherProxySet" value="false"/>
    <property name="java.vm.vendor" value="Oracle Corporation"/>
    <property name="maven.multiModuleProjectDirectory" value="/Users/abduljewel/Documents/c/spiderqa/sample-test-projects/acceptance-test-harness"/>
    <property name="java.vendor.url" value="http://java.oracle.com/"/>
    <property name="path.separator" value=":"/>
    <property name="guice.disable.misplaced.annotation.check" value="true"/>
    <property name="java.vm.name" value="Java HotSpot(TM) 64-Bit Server VM"/>
    <property name="file.encoding.pkg" value="sun.io"/>
    <property name="user.country" value="US"/>
    <property name="sun.java.launcher" value="SUN_STANDARD"/>
    <property name="sun.os.patch.level" value="unknown"/>
    <property name="java.vm.specification.name" value="Java Virtual Machine Specification"/>
    <property name="user.dir" value="/Users/abduljewel/Documents/c/spiderqa/sample-test-projects/acceptance-test-harness"/>
    <property name="java.runtime.version" value="1.8.0_60-b27"/>
    <property name="java.awt.graphicsenv" value="sun.awt.CGraphicsEnvironment"/>
    <property name="java.endorsed.dirs" value="/Library/Java/JavaVirtualMachines/jdk1.8.0_60.jdk/Contents/Home/jre/lib/endorsed"/>
    <property name="os.arch" value="x86_64"/>
    <property name="java.io.tmpdir" value="/var/folders/lk/l859yg616c9cbtgfnt9szgjc0000gn/T/"/>
    <property name="line.separator" value="&#10;"/>
    <property name="java.vm.specification.vendor" value="Oracle Corporation"/>
    <property name="os.name" value="Mac OS X"/>
    <property name="classworlds.conf" value="/usr/local/Cellar/maven/3.3.3/libexec/bin/m2.conf"/>
    <property name="sun.jnu.encoding" value="UTF-8"/>
    <property name="java.library.path" value="/Users/abduljewel/Library/Java/Extensions:/Library/Java/Extensions:/Network/Library/Java/Extensions:/System/Library/Java/Extensions:/usr/lib/java:."/>
    <property name="java.specification.name" value="Java Platform API Specification"/>
    <property name="java.class.version" value="52.0"/>
    <property name="sun.management.compiler" value="HotSpot 64-Bit Tiered Compilers"/>
    <property name="os.version" value="10.10.5"/>
    <property name="http.nonProxyHosts" value="local|*.local|169.254/16|*.169.254/16"/>
    <property name="user.home" value="/Users/abduljewel"/>
    <property name="user.timezone" value="America/New_York"/>
    <property name="java.awt.printerjob" value="sun.lwawt.macosx.CPrinterJob"/>
    <property name="java.specification.version" value="1.8"/>
    <property name="file.encoding" value="UTF-8"/>
    <property name="user.name" value="abduljewel"/>
    <property name="java.class.path" value="/usr/local/Cellar/maven/3.3.3/libexec/boot/plexus-classworlds-2.5.2.jar"/>
    <property name="java.vm.specification.version" value="1.8"/>
    <property name="sun.arch.data.model" value="64"/>
    <property name="java.home" value="/Library/Java/JavaVirtualMachines/jdk1.8.0_60.jdk/Contents/Home/jre"/>
    <property name="sun.java.command" value="org.codehaus.plexus.classworlds.launcher.Launcher clean test"/>
    <property name="java.specification.vendor" value="Oracle Corporation"/>
    <property name="user.language" value="en"/>
    <property name="awt.toolkit" value="sun.lwawt.macosx.LWCToolkit"/>
    <property name="java.vm.info" value="mixed mode"/>
    <property name="java.version" value="1.8.0_60"/>
    <property name="java.ext.dirs" value="/Users/abduljewel/Library/Java/Extensions:/Library/Java/JavaVirtualMachines/jdk1.8.0_60.jdk/Contents/Home/jre/lib/ext:/Library/Java/Extensions:/Network/Library/Java/Extensions:/System/Library/Java/Extensions:/usr/lib/java"/>
    <property name="sun.boot.class.path" value="/Library/Java/JavaVirtualMachines/jdk1.8.0_60.jdk/Contents/Home/jre/lib/resources.jar:/Library/Java/JavaVirtualMachines/jdk1.8.0_60.jdk/Contents/Home/jre/lib/rt.jar:/Library/Java/JavaVirtualMachines/jdk1.8.0_60.jdk/Contents/Home/jre/lib/sunrsasign.jar:/Library/Java/JavaVirtualMachines/jdk1.8.0_60.jdk/Contents/Home/jre/lib/jsse.jar:/Library/Java/JavaVirtualMachines/jdk1.8.0_60.jdk/Contents/Home/jre/lib/jce.jar:/Library/Java/JavaVirtualMachines/jdk1.8.0_60.jdk/Contents/Home/jre/lib/charsets.jar:/Library/Java/JavaVirtualMachines/jdk1.8.0_60.jdk/Contents/Home/jre/lib/jfr.jar:/Library/Java/JavaVirtualMachines/jdk1.8.0_60.jdk/Contents/Home/jre/classes"/>
    <property name="java.vendor" value="Oracle Corporation"/>
    <property name="maven.home" value="/usr/local/Cellar/maven/3.3.3/libexec"/>
    <property name="file.separator" value="/"/>
    <property name="java.vendor.url.bug" value="http://bugreport.sun.com/bugreport/"/>
    <property name="sun.cpu.endian" value="little"/>
    <property name="sun.io.unicode.encoding" value="UnicodeBig"/>
    <property name="socksNonProxyHosts" value="local|*.local|169.254/16|*.169.254/16"/>
    <property name="ftp.nonProxyHosts" value="local|*.local|169.254/16|*.169.254/16"/>
    <property name="sun.cpu.isalist" value=""/>
  </properties>
  <testcase name="prepare_environment_for_run" classname="plugins.EnvInjectPluginTest" time="17.247">
    <error message="org.apache.http.entity.ContentType.create(Ljava/lang/String;[Lorg/apache/http/NameValuePair;)Lorg/apache/http/entity/ContentType;" type="java.lang.NoSuchMethodError">java.lang.NoSuchMethodError: org.apache.http.entity.ContentType.create(Ljava/lang/String;[Lorg/apache/http/NameValuePair;)Lorg/apache/http/entity/ContentType;
	at org.apache.http.entity.mime.MultipartEntityBuilder.buildEntity(MultipartEntityBuilder.java:209)
	at org.apache.http.entity.mime.MultipartEntityBuilder.build(MultipartEntityBuilder.java:230)
	at org.jenkinsci.test.acceptance.update_center.PluginMetadata.uploadTo(PluginMetadata.java:65)
	at org.jenkinsci.test.acceptance.po.PluginManager.installPlugins(PluginManager.java:173)
	at org.jenkinsci.test.acceptance.junit.WithPlugins$RuleImpl$1.doInstall(WithPlugins.java:139)
	at org.jenkinsci.test.acceptance.junit.WithPlugins$RuleImpl$1.installPlugins(WithPlugins.java:119)
	at org.jenkinsci.test.acceptance.junit.WithPlugins$RuleImpl$1.evaluate(WithPlugins.java:92)
	at org.jenkinsci.test.acceptance.junit.JenkinsAcceptanceTestRule$1$2$1.evaluate(JenkinsAcceptanceTestRule.java:129)
	at org.jenkinsci.test.acceptance.junit.FilterRule$1.evaluate(FilterRule.java:62)
	at org.jenkinsci.test.acceptance.junit.JenkinsAcceptanceTestRule$1.evaluate(JenkinsAcceptanceTestRule.java:55)
	at org.junit.runners.ParentRunner.runLeaf(ParentRunner.java:271)
	at org.junit.runners.BlockJUnit4ClassRunner.runChild(BlockJUnit4ClassRunner.java:70)
	at org.junit.runners.BlockJUnit4ClassRunner.runChild(BlockJUnit4ClassRunner.java:50)
	at org.junit.runners.ParentRunner$3.run(ParentRunner.java:238)
	at org.junit.runners.ParentRunner$1.schedule(ParentRunner.java:63)
	at org.junit.runners.ParentRunner.runChildren(ParentRunner.java:236)
	at org.junit.runners.ParentRunner.access$000(ParentRunner.java:53)
	at org.junit.runners.ParentRunner$2.evaluate(ParentRunner.java:229)
	at org.junit.runners.ParentRunner.run(ParentRunner.java:309)
	at org.apache.maven.surefire.junit4.JUnit4Provider.execute(JUnit4Provider.java:264)
	at org.apache.maven.surefire.junit4.JUnit4Provider.executeTestSet(JUnit4Provider.java:153)
	at org.apache.maven.surefire.junit4.JUnit4Provider.invoke(JUnit4Provider.java:124)
	at org.apache.maven.surefire.booter.ForkedBooter.invokeProviderInSameClassLoader(ForkedBooter.java:200)
	at org.apache.maven.surefire.booter.ForkedBooter.runSuitesInProcess(ForkedBooter.java:153)
	at org.apache.maven.surefire.booter.ForkedBooter.main(ForkedBooter.java:103)
</error>
    <system-out><![CDATA[testCaseResult=ru.yandex.qatools.allure.model.TestCaseResult@516de648[
  name=coverage_test
  title=<null>
  description=<null>
  failure=ru.yandex.qatools.allure.model.Failure@52ebc2ce
  start=1444527929210
  stop=1444527946396
  status=BROKEN
  severity=<null>
  steps=[]
  attachments=[]
  labels=[ru.yandex.qatools.allure.model.Label@7454c045, ru.yandex.qatools.allure.model.Label@473d72d8]
  parameters=<null>
]
testCaseResult={
   "start" : 1444527929210,
   "stop" : 1444527946396,
   "status" : "broken",
   "name" : "coverage_test",
   "failure" : {
      "message" : "NoSuchMethodError: org.apache.http.entity.ContentType.create(Ljava/lang/String;[Lorg/apache/http/NameValuePair;)Lorg/apache/http/entity/ContentType;",
      "stack-trace" : "java.lang.NoSuchMethodError: org.apache.http.entity.ContentType.create(Ljava/lang/String;[Lorg/apache/http/NameValuePair;)Lorg/apache/http/entity/ContentType;\n\tat org.apache.http.entity.mime.MultipartEntityBuilder.buildEntity(MultipartEntityBuilder.java:209)\n\tat org.apache.http.entity.mime.MultipartEntityBuilder.build(MultipartEntityBuilder.java:230)\n\tat org.jenkinsci.test.acceptance.update_center.PluginMetadata.uploadTo(PluginMetadata.java:65)\n\tat org.jenkinsci.test.acceptance.po.PluginManager.installPlugins(PluginManager.java:173)\n\tat org.jenkinsci.test.acceptance.junit.WithPlugins$RuleImpl$1.doInstall(WithPlugins.java:139)\n\tat org.jenkinsci.test.acceptance.junit.WithPlugins$RuleImpl$1.installPlugins(WithPlugins.java:119)\n\tat org.jenkinsci.test.acceptance.junit.WithPlugins$RuleImpl$1.evaluate(WithPlugins.java:92)\n\tat org.jenkinsci.test.acceptance.junit.JenkinsAcceptanceTestRule$1$2$1.evaluate(JenkinsAcceptanceTestRule.java:129)\n\tat org.jenkinsci.test.acceptance.junit.FilterRule$1.evaluate(FilterRule.java:62)\n\tat org.jenkinsci.test.acceptance.junit.JenkinsAcceptanceTestRule$1.evaluate(JenkinsAcceptanceTestRule.java:55)\n\tat org.junit.runners.ParentRunner.runLeaf(ParentRunner.java:271)\n\tat org.junit.runners.BlockJUnit4ClassRunner.runChild(BlockJUnit4ClassRunner.java:70)\n\tat org.junit.runners.BlockJUnit4ClassRunner.runChild(BlockJUnit4ClassRunner.java:50)\n\tat org.junit.runners.ParentRunner$3.run(ParentRunner.java:238)\n\tat org.junit.runners.ParentRunner$1.schedule(ParentRunner.java:63)\n\tat org.junit.runners.ParentRunner.runChildren(ParentRunner.java:236)\n\tat org.junit.runners.ParentRunner.access$000(ParentRunner.java:53)\n\tat org.junit.runners.ParentRunner$2.evaluate(ParentRunner.java:229)\n\tat org.junit.runners.ParentRunner.run(ParentRunner.java:309)\n\tat org.apache.maven.surefire.junit4.JUnit4Provider.execute(JUnit4Provider.java:264)\n\tat org.apache.maven.surefire.junit4.JUnit4Provider.executeTestSet(JUnit4Provider.java:153)\n\tat org.apache.maven.surefire.junit4.JUnit4Provider.invoke(JUnit4Provider.java:124)\n\tat org.apache.maven.surefire.booter.ForkedBooter.invokeProviderInSameClassLoader(ForkedBooter.java:200)\n\tat org.apache.maven.surefire.booter.ForkedBooter.runSuitesInProcess(ForkedBooter.java:153)\n\tat org.apache.maven.surefire.booter.ForkedBooter.main(ForkedBooter.java:103)\n"
   },
   "steps" : {
      "step" : [ ]
   },
   "attachments" : {
      "attachment" : [ ]
   },
   "labels" : {
      "label" : [ {
         "name" : "host",
         "value" : "MacBook-Pro-2.home"
      }, {
         "name" : "thread",
         "value" : "3426@MacBook-Pro-2.home.main(1)"
      } ]
   }
}
testCase=ru.yandex.qatools.allure.model.TestCase@79dc93d1[
  _id=0b0d4725-8f26-4420-8ab6-72f3712248c3
  executionId=8e6dd7ca-e27b-4013-bda8-bc2788640ddd
  threadName=dc7331de-b740-4ba3-9907-ee3762987799
  result=ru.yandex.qatools.allure.model.TestCaseResult@516de648
]
testCase={
   "_id" : "0b0d4725-8f26-4420-8ab6-72f3712248c3",
   "executionId" : "8e6dd7ca-e27b-4013-bda8-bc2788640ddd",
   "threadName" : "dc7331de-b740-4ba3-9907-ee3762987799",
   "result" : {
      "start" : 1444527929210,
      "stop" : 1444527946396,
      "status" : "broken",
      "name" : "coverage_test",
      "failure" : {
         "message" : "NoSuchMethodError: org.apache.http.entity.ContentType.create(Ljava/lang/String;[Lorg/apache/http/NameValuePair;)Lorg/apache/http/entity/ContentType;",
         "stack-trace" : "java.lang.NoSuchMethodError: org.apache.http.entity.ContentType.create(Ljava/lang/String;[Lorg/apache/http/NameValuePair;)Lorg/apache/http/entity/ContentType;\n\tat org.apache.http.entity.mime.MultipartEntityBuilder.buildEntity(MultipartEntityBuilder.java:209)\n\tat org.apache.http.entity.mime.MultipartEntityBuilder.build(MultipartEntityBuilder.java:230)\n\tat org.jenkinsci.test.acceptance.update_center.PluginMetadata.uploadTo(PluginMetadata.java:65)\n\tat org.jenkinsci.test.acceptance.po.PluginManager.installPlugins(PluginManager.java:173)\n\tat org.jenkinsci.test.acceptance.junit.WithPlugins$RuleImpl$1.doInstall(WithPlugins.java:139)\n\tat org.jenkinsci.test.acceptance.junit.WithPlugins$RuleImpl$1.installPlugins(WithPlugins.java:119)\n\tat org.jenkinsci.test.acceptance.junit.WithPlugins$RuleImpl$1.evaluate(WithPlugins.java:92)\n\tat org.jenkinsci.test.acceptance.junit.JenkinsAcceptanceTestRule$1$2$1.evaluate(JenkinsAcceptanceTestRule.java:129)\n\tat org.jenkinsci.test.acceptance.junit.FilterRule$1.evaluate(FilterRule.java:62)\n\tat org.jenkinsci.test.acceptance.junit.JenkinsAcceptanceTestRule$1.evaluate(JenkinsAcceptanceTestRule.java:55)\n\tat org.junit.runners.ParentRunner.runLeaf(ParentRunner.java:271)\n\tat org.junit.runners.BlockJUnit4ClassRunner.runChild(BlockJUnit4ClassRunner.java:70)\n\tat org.junit.runners.BlockJUnit4ClassRunner.runChild(BlockJUnit4ClassRunner.java:50)\n\tat org.junit.runners.ParentRunner$3.run(ParentRunner.java:238)\n\tat org.junit.runners.ParentRunner$1.schedule(ParentRunner.java:63)\n\tat org.junit.runners.ParentRunner.runChildren(ParentRunner.java:236)\n\tat org.junit.runners.ParentRunner.access$000(ParentRunner.java:53)\n\tat org.junit.runners.ParentRunner$2.evaluate(ParentRunner.java:229)\n\tat org.junit.runners.ParentRunner.run(ParentRunner.java:309)\n\tat org.apache.maven.surefire.junit4.JUnit4Provider.execute(JUnit4Provider.java:264)\n\tat org.apache.maven.surefire.junit4.JUnit4Provider.executeTestSet(JUnit4Provider.java:153)\n\tat org.apache.maven.surefire.junit4.JUnit4Provider.invoke(JUnit4Provider.java:124)\n\tat org.apache.maven.surefire.booter.ForkedBooter.invokeProviderInSameClassLoader(ForkedBooter.java:200)\n\tat org.apache.maven.surefire.booter.ForkedBooter.runSuitesInProcess(ForkedBooter.java:153)\n\tat org.apache.maven.surefire.booter.ForkedBooter.main(ForkedBooter.java:103)\n"
      },
      "steps" : {
         "step" : [ ]
      },
      "attachments" : {
         "attachment" : [ ]
      },
      "labels" : {
         "label" : [ {
            "name" : "host",
            "value" : "MacBook-Pro-2.home"
         }, {
            "name" : "thread",
            "value" : "3426@MacBook-Pro-2.home.main(1)"
         } ]
      }
   }
}
>>>REQUEST: /testaspect/TestCase/0b0d4725-8f26-4420-8ab6-72f3712248c3
running with given plugins: []
<<<RESPONSE (201 Created): /testaspect/TestCase/0b0d4725-8f26-4420-8ab6-72f3712248c3
=== Starting prepare_environment_for_run(plugins.EnvInjectPluginTest)
Starting Jenkins: JAVA_HOME=/Library/Java/JavaVirtualMachines/jdk1.8.0_60.jdk/Contents/Home JENKINS_HOME=/Users/abduljewel/Documents/c/spiderqa/sample-test-projects/acceptance-test-harness/target/jenkins6141118637268279778home /Library/Java/JavaVirtualMachines/jdk1.8.0_60.jdk/Contents/Home/bin/java -Duser.language=en -jar ./jenkins.war --ajp13Port=-1 --httpPort=52186
master52186|Running from: /Users/abduljewel/Documents/c/spiderqa/sample-test-projects/acceptance-test-harness/jenkins.war
master52186|webroot: EnvVars.masterEnvVars.get("JENKINS_HOME")
master52186|Oct 10, 2015 9:45:46 PM winstone.Logger logInternal
master52186|INFO: Beginning extraction from war file
master52186|Oct 10, 2015 9:45:47 PM org.eclipse.jetty.util.log.JavaUtilLog info
master52186|INFO: jetty-winstone-2.8
master52186|Oct 10, 2015 9:45:48 PM org.eclipse.jetty.util.log.JavaUtilLog info
master52186|INFO: NO JSP Support for , did not find org.apache.jasper.servlet.JspServlet
master52186|Jenkins home directory: /Users/abduljewel/Documents/c/spiderqa/sample-test-projects/acceptance-test-harness/target/jenkins6141118637268279778home found at: EnvVars.masterEnvVars.get("JENKINS_HOME")
master52186|Oct 10, 2015 9:45:49 PM org.eclipse.jetty.util.log.JavaUtilLog info
master52186|INFO: Started SelectChannelConnector@0.0.0.0:52186
master52186|Oct 10, 2015 9:45:49 PM winstone.Logger logInternal
master52186|INFO: Winstone Servlet Engine v2.0 running: controlPort=disabled
master52186|Oct 10, 2015 9:45:49 PM jenkins.InitReactorRunner$1 onAttained
master52186|INFO: Started initialization
master52186|Oct 10, 2015 9:45:58 PM jenkins.InitReactorRunner$1 onAttained
master52186|INFO: Listed all plugins
master52186|Oct 10, 2015 9:45:58 PM jenkins.InitReactorRunner$1 onAttained
master52186|INFO: Prepared all plugins
master52186|Oct 10, 2015 9:45:58 PM jenkins.InitReactorRunner$1 onAttained
master52186|INFO: Started all plugins
master52186|Oct 10, 2015 9:45:58 PM jenkins.InitReactorRunner$1 onAttained
master52186|INFO: Augmented all extensions
master52186|Oct 10, 2015 9:46:00 PM jenkins.InitReactorRunner$1 onAttained
master52186|INFO: Loaded all jobs
master52186|Oct 10, 2015 9:46:01 PM hudson.model.AsyncPeriodicWork$1 run
master52186|INFO: Started Download metadata
master52186|Oct 10, 2015 9:46:01 PM org.jenkinsci.main.modules.sshd.SSHD start
master52186|INFO: Started SSHD at port 63287
master52186|Oct 10, 2015 9:46:01 PM jenkins.InitReactorRunner$1 onAttained
master52186|INFO: Completed initialization
master52186|Oct 10, 2015 9:46:01 PM hudson.WebAppMain$3 run
master52186|INFO: Jenkins is fully up and running
master52186|Oct 10, 2015 9:46:02 PM hudson.model.UpdateSite updateData
master52186|INFO: Obtained the latest update center data file for UpdateSource default
master52186|Oct 10, 2015 9:46:02 PM hudson.model.DownloadService$Downloadable load
master52186|INFO: Obtained the updated data file for hudson.tasks.Maven.MavenInstaller
master52186|Oct 10, 2015 9:46:03 PM hudson.model.DownloadService$Downloadable load
master52186|INFO: Obtained the updated data file for hudson.tasks.Ant.AntInstaller
Jenkins is stopped
]]></system-out>
    <system-err><![CDATA[Oct 10, 2015 9:45:46 PM org.jenkinsci.test.acceptance.controller.LocalController startNow
INFO: Waiting for Jenkins to become running in http://127.0.0.1:52186/
Oct 10, 2015 9:46:01 PM org.jenkinsci.test.acceptance.controller.LocalController startNow
INFO: Jenkins is running in http://127.0.0.1:52186/
Oct 10, 2015 9:46:01 PM org.openqa.selenium.phantomjs.PhantomJSDriverService <init>
INFO: executable: /usr/local/bin/phantomjs
Oct 10, 2015 9:46:01 PM org.openqa.selenium.phantomjs.PhantomJSDriverService <init>
INFO: port: 31896
Oct 10, 2015 9:46:01 PM org.openqa.selenium.phantomjs.PhantomJSDriverService <init>
INFO: arguments: [--webdriver=31896, --webdriver-logfile=/Users/abduljewel/Documents/c/spiderqa/sample-test-projects/acceptance-test-harness/phantomjsdriver.log]
Oct 10, 2015 9:46:01 PM org.openqa.selenium.phantomjs.PhantomJSDriverService <init>
INFO: environment: {}
[INFO  - 2015-10-11T01:46:01.641Z] GhostDriver - Main - running on port 31896
[INFO  - 2015-10-11T01:46:01.920Z] Session [d3e2d7c0-6fb9-11e5-9c0e-33366b048a54] - page.settings - {"XSSAuditingEnabled":false,"javascriptCanCloseWindows":true,"javascriptCanOpenWindows":true,"javascriptEnabled":true,"loadImages":true,"localToRemoteUrlAccessEnabled":false,"userAgent":"Mozilla/5.0 (Macintosh; Intel Mac OS X) AppleWebKit/538.1 (KHTML, like Gecko) PhantomJS/2.0.0 Safari/538.1","webSecurityEnabled":true}
[INFO  - 2015-10-11T01:46:01.920Z] Session [d3e2d7c0-6fb9-11e5-9c0e-33366b048a54] - page.customHeaders:  - {"Accept-Language":"en"}
[INFO  - 2015-10-11T01:46:01.920Z] Session [d3e2d7c0-6fb9-11e5-9c0e-33366b048a54] - Session.negotiatedCapabilities - {"browserName":"phantomjs","version":"2.0.0","driverName":"ghostdriver","driverVersion":"1.2.0","platform":"mac-10.9 (Mavericks)-64bit","javascriptEnabled":true,"takesScreenshot":true,"handlesAlerts":false,"databaseEnabled":false,"locationContextEnabled":false,"applicationCacheEnabled":false,"browserConnectionEnabled":false,"cssSelectorsEnabled":true,"webStorageEnabled":false,"rotatable":false,"acceptSslCerts":false,"nativeEvents":true,"proxy":{"proxyType":"direct"},"phantomjs.page.customHeaders.Accept-Language":"en"}
[INFO  - 2015-10-11T01:46:01.920Z] SessionManagerReqHand - _postNewSessionCommand - New Session Created: d3e2d7c0-6fb9-11e5-9c0e-33366b048a54
Oct 10, 2015 9:46:02 PM org.jenkinsci.test.acceptance.po.PluginManager installationStatus
INFO: envinject is not installed
Oct 10, 2015 9:46:02 PM org.jenkinsci.test.acceptance.po.PluginManager installationStatus
INFO: envinject is not installed
Oct 10, 2015 9:46:02 PM org.jenkinsci.test.acceptance.po.PluginManager installationStatus
INFO: envinject@1.92.1 is not installed
[INFO  - 2015-10-11T01:46:02.999Z] ShutdownReqHand - _handle - About to shutdown
]]></system-err>
  </testcase>
  <testcase name="inject_variables_to_the_build" classname="plugins.EnvInjectPluginTest" time="17.122">
    <error message="org.apache.http.entity.ContentType.create(Ljava/lang/String;[Lorg/apache/http/NameValuePair;)Lorg/apache/http/entity/ContentType;" type="java.lang.NoSuchMethodError">java.lang.NoSuchMethodError: org.apache.http.entity.ContentType.create(Ljava/lang/String;[Lorg/apache/http/NameValuePair;)Lorg/apache/http/entity/ContentType;
	at org.apache.http.entity.mime.MultipartEntityBuilder.buildEntity(MultipartEntityBuilder.java:209)
	at org.apache.http.entity.mime.MultipartEntityBuilder.build(MultipartEntityBuilder.java:230)
	at org.jenkinsci.test.acceptance.update_center.PluginMetadata.uploadTo(PluginMetadata.java:65)
	at org.jenkinsci.test.acceptance.po.PluginManager.installPlugins(PluginManager.java:173)
	at org.jenkinsci.test.acceptance.junit.WithPlugins$RuleImpl$1.doInstall(WithPlugins.java:139)
	at org.jenkinsci.test.acceptance.junit.WithPlugins$RuleImpl$1.installPlugins(WithPlugins.java:119)
	at org.jenkinsci.test.acceptance.junit.WithPlugins$RuleImpl$1.evaluate(WithPlugins.java:92)
	at org.jenkinsci.test.acceptance.junit.JenkinsAcceptanceTestRule$1$2$1.evaluate(JenkinsAcceptanceTestRule.java:129)
	at org.jenkinsci.test.acceptance.junit.FilterRule$1.evaluate(FilterRule.java:62)
	at org.jenkinsci.test.acceptance.junit.JenkinsAcceptanceTestRule$1.evaluate(JenkinsAcceptanceTestRule.java:55)
	at org.junit.runners.ParentRunner.runLeaf(ParentRunner.java:271)
	at org.junit.runners.BlockJUnit4ClassRunner.runChild(BlockJUnit4ClassRunner.java:70)
	at org.junit.runners.BlockJUnit4ClassRunner.runChild(BlockJUnit4ClassRunner.java:50)
	at org.junit.runners.ParentRunner$3.run(ParentRunner.java:238)
	at org.junit.runners.ParentRunner$1.schedule(ParentRunner.java:63)
	at org.junit.runners.ParentRunner.runChildren(ParentRunner.java:236)
	at org.junit.runners.ParentRunner.access$000(ParentRunner.java:53)
	at org.junit.runners.ParentRunner$2.evaluate(ParentRunner.java:229)
	at org.junit.runners.ParentRunner.run(ParentRunner.java:309)
	at org.apache.maven.surefire.junit4.JUnit4Provider.execute(JUnit4Provider.java:264)
	at org.apache.maven.surefire.junit4.JUnit4Provider.executeTestSet(JUnit4Provider.java:153)
	at org.apache.maven.surefire.junit4.JUnit4Provider.invoke(JUnit4Provider.java:124)
	at org.apache.maven.surefire.booter.ForkedBooter.invokeProviderInSameClassLoader(ForkedBooter.java:200)
	at org.apache.maven.surefire.booter.ForkedBooter.runSuitesInProcess(ForkedBooter.java:153)
	at org.apache.maven.surefire.booter.ForkedBooter.main(ForkedBooter.java:103)
</error>
    <system-out><![CDATA[testCaseResult=ru.yandex.qatools.allure.model.TestCaseResult@1672cb71[
  name=prepare_environment_for_run
  title=<null>
  description=<null>
  failure=ru.yandex.qatools.allure.model.Failure@330e060c
  start=1444527946399
  stop=1444527963667
  status=BROKEN
  severity=<null>
  steps=[]
  attachments=[]
  labels=[ru.yandex.qatools.allure.model.Label@3e436470, ru.yandex.qatools.allure.model.Label@78a97ed3]
  parameters=<null>
]
testCaseResult={
   "start" : 1444527946399,
   "stop" : 1444527963667,
   "status" : "broken",
   "name" : "prepare_environment_for_run",
   "failure" : {
      "message" : "NoSuchMethodError: org.apache.http.entity.ContentType.create(Ljava/lang/String;[Lorg/apache/http/NameValuePair;)Lorg/apache/http/entity/ContentType;",
      "stack-trace" : "java.lang.NoSuchMethodError: org.apache.http.entity.ContentType.create(Ljava/lang/String;[Lorg/apache/http/NameValuePair;)Lorg/apache/http/entity/ContentType;\n\tat org.apache.http.entity.mime.MultipartEntityBuilder.buildEntity(MultipartEntityBuilder.java:209)\n\tat org.apache.http.entity.mime.MultipartEntityBuilder.build(MultipartEntityBuilder.java:230)\n\tat org.jenkinsci.test.acceptance.update_center.PluginMetadata.uploadTo(PluginMetadata.java:65)\n\tat org.jenkinsci.test.acceptance.po.PluginManager.installPlugins(PluginManager.java:173)\n\tat org.jenkinsci.test.acceptance.junit.WithPlugins$RuleImpl$1.doInstall(WithPlugins.java:139)\n\tat org.jenkinsci.test.acceptance.junit.WithPlugins$RuleImpl$1.installPlugins(WithPlugins.java:119)\n\tat org.jenkinsci.test.acceptance.junit.WithPlugins$RuleImpl$1.evaluate(WithPlugins.java:92)\n\tat org.jenkinsci.test.acceptance.junit.JenkinsAcceptanceTestRule$1$2$1.evaluate(JenkinsAcceptanceTestRule.java:129)\n\tat org.jenkinsci.test.acceptance.junit.FilterRule$1.evaluate(FilterRule.java:62)\n\tat org.jenkinsci.test.acceptance.junit.JenkinsAcceptanceTestRule$1.evaluate(JenkinsAcceptanceTestRule.java:55)\n\tat org.junit.runners.ParentRunner.runLeaf(ParentRunner.java:271)\n\tat org.junit.runners.BlockJUnit4ClassRunner.runChild(BlockJUnit4ClassRunner.java:70)\n\tat org.junit.runners.BlockJUnit4ClassRunner.runChild(BlockJUnit4ClassRunner.java:50)\n\tat org.junit.runners.ParentRunner$3.run(ParentRunner.java:238)\n\tat org.junit.runners.ParentRunner$1.schedule(ParentRunner.java:63)\n\tat org.junit.runners.ParentRunner.runChildren(ParentRunner.java:236)\n\tat org.junit.runners.ParentRunner.access$000(ParentRunner.java:53)\n\tat org.junit.runners.ParentRunner$2.evaluate(ParentRunner.java:229)\n\tat org.junit.runners.ParentRunner.run(ParentRunner.java:309)\n\tat org.apache.maven.surefire.junit4.JUnit4Provider.execute(JUnit4Provider.java:264)\n\tat org.apache.maven.surefire.junit4.JUnit4Provider.executeTestSet(JUnit4Provider.java:153)\n\tat org.apache.maven.surefire.junit4.JUnit4Provider.invoke(JUnit4Provider.java:124)\n\tat org.apache.maven.surefire.booter.ForkedBooter.invokeProviderInSameClassLoader(ForkedBooter.java:200)\n\tat org.apache.maven.surefire.booter.ForkedBooter.runSuitesInProcess(ForkedBooter.java:153)\n\tat org.apache.maven.surefire.booter.ForkedBooter.main(ForkedBooter.java:103)\n"
   },
   "steps" : {
      "step" : [ ]
   },
   "attachments" : {
      "attachment" : [ ]
   },
   "labels" : {
      "label" : [ {
         "name" : "host",
         "value" : "MacBook-Pro-2.home"
      }, {
         "name" : "thread",
         "value" : "3426@MacBook-Pro-2.home.main(1)"
      } ]
   }
}
testCase=ru.yandex.qatools.allure.model.TestCase@78000bf4[
  _id=153021b2-2c63-4f9f-a866-427709565f62
  executionId=8e6dd7ca-e27b-4013-bda8-bc2788640ddd
  threadName=dc7331de-b740-4ba3-9907-ee3762987799
  result=ru.yandex.qatools.allure.model.TestCaseResult@1672cb71
]
testCase={
   "_id" : "153021b2-2c63-4f9f-a866-427709565f62",
   "executionId" : "8e6dd7ca-e27b-4013-bda8-bc2788640ddd",
   "threadName" : "dc7331de-b740-4ba3-9907-ee3762987799",
   "result" : {
      "start" : 1444527946399,
      "stop" : 1444527963667,
      "status" : "broken",
      "name" : "prepare_environment_for_run",
      "failure" : {
         "message" : "NoSuchMethodError: org.apache.http.entity.ContentType.create(Ljava/lang/String;[Lorg/apache/http/NameValuePair;)Lorg/apache/http/entity/ContentType;",
         "stack-trace" : "java.lang.NoSuchMethodError: org.apache.http.entity.ContentType.create(Ljava/lang/String;[Lorg/apache/http/NameValuePair;)Lorg/apache/http/entity/ContentType;\n\tat org.apache.http.entity.mime.MultipartEntityBuilder.buildEntity(MultipartEntityBuilder.java:209)\n\tat org.apache.http.entity.mime.MultipartEntityBuilder.build(MultipartEntityBuilder.java:230)\n\tat org.jenkinsci.test.acceptance.update_center.PluginMetadata.uploadTo(PluginMetadata.java:65)\n\tat org.jenkinsci.test.acceptance.po.PluginManager.installPlugins(PluginManager.java:173)\n\tat org.jenkinsci.test.acceptance.junit.WithPlugins$RuleImpl$1.doInstall(WithPlugins.java:139)\n\tat org.jenkinsci.test.acceptance.junit.WithPlugins$RuleImpl$1.installPlugins(WithPlugins.java:119)\n\tat org.jenkinsci.test.acceptance.junit.WithPlugins$RuleImpl$1.evaluate(WithPlugins.java:92)\n\tat org.jenkinsci.test.acceptance.junit.JenkinsAcceptanceTestRule$1$2$1.evaluate(JenkinsAcceptanceTestRule.java:129)\n\tat org.jenkinsci.test.acceptance.junit.FilterRule$1.evaluate(FilterRule.java:62)\n\tat org.jenkinsci.test.acceptance.junit.JenkinsAcceptanceTestRule$1.evaluate(JenkinsAcceptanceTestRule.java:55)\n\tat org.junit.runners.ParentRunner.runLeaf(ParentRunner.java:271)\n\tat org.junit.runners.BlockJUnit4ClassRunner.runChild(BlockJUnit4ClassRunner.java:70)\n\tat org.junit.runners.BlockJUnit4ClassRunner.runChild(BlockJUnit4ClassRunner.java:50)\n\tat org.junit.runners.ParentRunner$3.run(ParentRunner.java:238)\n\tat org.junit.runners.ParentRunner$1.schedule(ParentRunner.java:63)\n\tat org.junit.runners.ParentRunner.runChildren(ParentRunner.java:236)\n\tat org.junit.runners.ParentRunner.access$000(ParentRunner.java:53)\n\tat org.junit.runners.ParentRunner$2.evaluate(ParentRunner.java:229)\n\tat org.junit.runners.ParentRunner.run(ParentRunner.java:309)\n\tat org.apache.maven.surefire.junit4.JUnit4Provider.execute(JUnit4Provider.java:264)\n\tat org.apache.maven.surefire.junit4.JUnit4Provider.executeTestSet(JUnit4Provider.java:153)\n\tat org.apache.maven.surefire.junit4.JUnit4Provider.invoke(JUnit4Provider.java:124)\n\tat org.apache.maven.surefire.booter.ForkedBooter.invokeProviderInSameClassLoader(ForkedBooter.java:200)\n\tat org.apache.maven.surefire.booter.ForkedBooter.runSuitesInProcess(ForkedBooter.java:153)\n\tat org.apache.maven.surefire.booter.ForkedBooter.main(ForkedBooter.java:103)\n"
      },
      "steps" : {
         "step" : [ ]
      },
      "attachments" : {
         "attachment" : [ ]
      },
      "labels" : {
         "label" : [ {
            "name" : "host",
            "value" : "MacBook-Pro-2.home"
         }, {
            "name" : "thread",
            "value" : "3426@MacBook-Pro-2.home.main(1)"
         } ]
      }
   }
}
>>>REQUEST: /testaspect/TestCase/153021b2-2c63-4f9f-a866-427709565f62
running with given plugins: []
<<<RESPONSE (201 Created): /testaspect/TestCase/153021b2-2c63-4f9f-a866-427709565f62
=== Starting inject_variables_to_the_build(plugins.EnvInjectPluginTest)
Starting Jenkins: JAVA_HOME=/Library/Java/JavaVirtualMachines/jdk1.8.0_60.jdk/Contents/Home JENKINS_HOME=/Users/abduljewel/Documents/c/spiderqa/sample-test-projects/acceptance-test-harness/target/jenkins558943371581078197home /Library/Java/JavaVirtualMachines/jdk1.8.0_60.jdk/Contents/Home/bin/java -Duser.language=en -jar ./jenkins.war --ajp13Port=-1 --httpPort=65469
master65469|Running from: /Users/abduljewel/Documents/c/spiderqa/sample-test-projects/acceptance-test-harness/jenkins.war
master65469|webroot: EnvVars.masterEnvVars.get("JENKINS_HOME")
master65469|Oct 10, 2015 9:46:03 PM winstone.Logger logInternal
master65469|INFO: Beginning extraction from war file
master65469|Oct 10, 2015 9:46:05 PM org.eclipse.jetty.util.log.JavaUtilLog info
master65469|INFO: jetty-winstone-2.8
master65469|Oct 10, 2015 9:46:06 PM org.eclipse.jetty.util.log.JavaUtilLog info
master65469|INFO: NO JSP Support for , did not find org.apache.jasper.servlet.JspServlet
master65469|Jenkins home directory: /Users/abduljewel/Documents/c/spiderqa/sample-test-projects/acceptance-test-harness/target/jenkins558943371581078197home found at: EnvVars.masterEnvVars.get("JENKINS_HOME")
master65469|Oct 10, 2015 9:46:07 PM org.eclipse.jetty.util.log.JavaUtilLog info
master65469|INFO: Started SelectChannelConnector@0.0.0.0:65469
master65469|Oct 10, 2015 9:46:07 PM winstone.Logger logInternal
master65469|INFO: Winstone Servlet Engine v2.0 running: controlPort=disabled
master65469|Oct 10, 2015 9:46:07 PM jenkins.InitReactorRunner$1 onAttained
master65469|INFO: Started initialization
master65469|Oct 10, 2015 9:46:15 PM jenkins.InitReactorRunner$1 onAttained
master65469|INFO: Listed all plugins
master65469|Oct 10, 2015 9:46:15 PM jenkins.InitReactorRunner$1 onAttained
master65469|INFO: Prepared all plugins
master65469|Oct 10, 2015 9:46:15 PM jenkins.InitReactorRunner$1 onAttained
master65469|INFO: Started all plugins
master65469|Oct 10, 2015 9:46:15 PM jenkins.InitReactorRunner$1 onAttained
master65469|INFO: Augmented all extensions
master65469|Oct 10, 2015 9:46:17 PM jenkins.InitReactorRunner$1 onAttained
master65469|INFO: Loaded all jobs
master65469|Oct 10, 2015 9:46:18 PM hudson.model.AsyncPeriodicWork$1 run
master65469|INFO: Started Download metadata
master65469|Oct 10, 2015 9:46:18 PM org.jenkinsci.main.modules.sshd.SSHD start
master65469|INFO: Started SSHD at port 63313
master65469|Oct 10, 2015 9:46:18 PM jenkins.InitReactorRunner$1 onAttained
master65469|INFO: Completed initialization
master65469|Oct 10, 2015 9:46:18 PM hudson.WebAppMain$3 run
master65469|INFO: Jenkins is fully up and running
Jenkins is stopped
]]></system-out>
    <system-err><![CDATA[Oct 10, 2015 9:46:03 PM org.jenkinsci.test.acceptance.controller.LocalController startNow
INFO: Waiting for Jenkins to become running in http://127.0.0.1:65469/
Oct 10, 2015 9:46:18 PM org.jenkinsci.test.acceptance.controller.LocalController startNow
INFO: Jenkins is running in http://127.0.0.1:65469/
Oct 10, 2015 9:46:18 PM org.openqa.selenium.phantomjs.PhantomJSDriverService <init>
INFO: executable: /usr/local/bin/phantomjs
Oct 10, 2015 9:46:18 PM org.openqa.selenium.phantomjs.PhantomJSDriverService <init>
INFO: port: 8587
Oct 10, 2015 9:46:18 PM org.openqa.selenium.phantomjs.PhantomJSDriverService <init>
INFO: arguments: [--webdriver=8587, --webdriver-logfile=/Users/abduljewel/Documents/c/spiderqa/sample-test-projects/acceptance-test-harness/phantomjsdriver.log]
Oct 10, 2015 9:46:18 PM org.openqa.selenium.phantomjs.PhantomJSDriverService <init>
INFO: environment: {}
[INFO  - 2015-10-11T01:46:18.992Z] GhostDriver - Main - running on port 8587
[INFO  - 2015-10-11T01:46:19.270Z] Session [de3a6530-6fb9-11e5-9b97-ed49b27f5117] - page.settings - {"XSSAuditingEnabled":false,"javascriptCanCloseWindows":true,"javascriptCanOpenWindows":true,"javascriptEnabled":true,"loadImages":true,"localToRemoteUrlAccessEnabled":false,"userAgent":"Mozilla/5.0 (Macintosh; Intel Mac OS X) AppleWebKit/538.1 (KHTML, like Gecko) PhantomJS/2.0.0 Safari/538.1","webSecurityEnabled":true}
[INFO  - 2015-10-11T01:46:19.271Z] Session [de3a6530-6fb9-11e5-9b97-ed49b27f5117] - page.customHeaders:  - {"Accept-Language":"en"}
[INFO  - 2015-10-11T01:46:19.271Z] Session [de3a6530-6fb9-11e5-9b97-ed49b27f5117] - Session.negotiatedCapabilities - {"browserName":"phantomjs","version":"2.0.0","driverName":"ghostdriver","driverVersion":"1.2.0","platform":"mac-10.9 (Mavericks)-64bit","javascriptEnabled":true,"takesScreenshot":true,"handlesAlerts":false,"databaseEnabled":false,"locationContextEnabled":false,"applicationCacheEnabled":false,"browserConnectionEnabled":false,"cssSelectorsEnabled":true,"webStorageEnabled":false,"rotatable":false,"acceptSslCerts":false,"nativeEvents":true,"proxy":{"proxyType":"direct"},"phantomjs.page.customHeaders.Accept-Language":"en"}
[INFO  - 2015-10-11T01:46:19.271Z] SessionManagerReqHand - _postNewSessionCommand - New Session Created: de3a6530-6fb9-11e5-9b97-ed49b27f5117
Oct 10, 2015 9:46:20 PM org.jenkinsci.test.acceptance.po.PluginManager installationStatus
INFO: envinject is not installed
Oct 10, 2015 9:46:20 PM org.jenkinsci.test.acceptance.po.PluginManager installationStatus
INFO: envinject is not installed
Oct 10, 2015 9:46:20 PM org.jenkinsci.test.acceptance.po.PluginManager installationStatus
INFO: envinject@1.92.1 is not installed
[INFO  - 2015-10-11T01:46:20.100Z] ShutdownReqHand - _handle - About to shutdown
]]></system-err>
  </testcase>
  <testcase name="inject_in_step" classname="plugins.EnvInjectPluginTest" time="18.209">
    <error message="org.apache.http.entity.ContentType.create(Ljava/lang/String;[Lorg/apache/http/NameValuePair;)Lorg/apache/http/entity/ContentType;" type="java.lang.NoSuchMethodError">java.lang.NoSuchMethodError: org.apache.http.entity.ContentType.create(Ljava/lang/String;[Lorg/apache/http/NameValuePair;)Lorg/apache/http/entity/ContentType;
	at org.apache.http.entity.mime.MultipartEntityBuilder.buildEntity(MultipartEntityBuilder.java:209)
	at org.apache.http.entity.mime.MultipartEntityBuilder.build(MultipartEntityBuilder.java:230)
	at org.jenkinsci.test.acceptance.update_center.PluginMetadata.uploadTo(PluginMetadata.java:65)
	at org.jenkinsci.test.acceptance.po.PluginManager.installPlugins(PluginManager.java:173)
	at org.jenkinsci.test.acceptance.junit.WithPlugins$RuleImpl$1.doInstall(WithPlugins.java:139)
	at org.jenkinsci.test.acceptance.junit.WithPlugins$RuleImpl$1.installPlugins(WithPlugins.java:119)
	at org.jenkinsci.test.acceptance.junit.WithPlugins$RuleImpl$1.evaluate(WithPlugins.java:92)
	at org.jenkinsci.test.acceptance.junit.JenkinsAcceptanceTestRule$1$2$1.evaluate(JenkinsAcceptanceTestRule.java:129)
	at org.jenkinsci.test.acceptance.junit.FilterRule$1.evaluate(FilterRule.java:62)
	at org.jenkinsci.test.acceptance.junit.JenkinsAcceptanceTestRule$1.evaluate(JenkinsAcceptanceTestRule.java:55)
	at org.junit.runners.ParentRunner.runLeaf(ParentRunner.java:271)
	at org.junit.runners.BlockJUnit4ClassRunner.runChild(BlockJUnit4ClassRunner.java:70)
	at org.junit.runners.BlockJUnit4ClassRunner.runChild(BlockJUnit4ClassRunner.java:50)
	at org.junit.runners.ParentRunner$3.run(ParentRunner.java:238)
	at org.junit.runners.ParentRunner$1.schedule(ParentRunner.java:63)
	at org.junit.runners.ParentRunner.runChildren(ParentRunner.java:236)
	at org.junit.runners.ParentRunner.access$000(ParentRunner.java:53)
	at org.junit.runners.ParentRunner$2.evaluate(ParentRunner.java:229)
	at org.junit.runners.ParentRunner.run(ParentRunner.java:309)
	at org.apache.maven.surefire.junit4.JUnit4Provider.execute(JUnit4Provider.java:264)
	at org.apache.maven.surefire.junit4.JUnit4Provider.executeTestSet(JUnit4Provider.java:153)
	at org.apache.maven.surefire.junit4.JUnit4Provider.invoke(JUnit4Provider.java:124)
	at org.apache.maven.surefire.booter.ForkedBooter.invokeProviderInSameClassLoader(ForkedBooter.java:200)
	at org.apache.maven.surefire.booter.ForkedBooter.runSuitesInProcess(ForkedBooter.java:153)
	at org.apache.maven.surefire.booter.ForkedBooter.main(ForkedBooter.java:103)
</error>
    <system-out><![CDATA[testCaseResult=ru.yandex.qatools.allure.model.TestCaseResult@6894c9e3[
  name=inject_variables_to_the_build
  title=<null>
  description=<null>
  failure=ru.yandex.qatools.allure.model.Failure@25099dba
  start=1444527963669
  stop=1444527980790
  status=BROKEN
  severity=<null>
  steps=[]
  attachments=[]
  labels=[ru.yandex.qatools.allure.model.Label@7c9834b1, ru.yandex.qatools.allure.model.Label@51d6e3ae]
  parameters=<null>
]
testCaseResult={
   "start" : 1444527963669,
   "stop" : 1444527980790,
   "status" : "broken",
   "name" : "inject_variables_to_the_build",
   "failure" : {
      "message" : "NoSuchMethodError: org.apache.http.entity.ContentType.create(Ljava/lang/String;[Lorg/apache/http/NameValuePair;)Lorg/apache/http/entity/ContentType;",
      "stack-trace" : "java.lang.NoSuchMethodError: org.apache.http.entity.ContentType.create(Ljava/lang/String;[Lorg/apache/http/NameValuePair;)Lorg/apache/http/entity/ContentType;\n\tat org.apache.http.entity.mime.MultipartEntityBuilder.buildEntity(MultipartEntityBuilder.java:209)\n\tat org.apache.http.entity.mime.MultipartEntityBuilder.build(MultipartEntityBuilder.java:230)\n\tat org.jenkinsci.test.acceptance.update_center.PluginMetadata.uploadTo(PluginMetadata.java:65)\n\tat org.jenkinsci.test.acceptance.po.PluginManager.installPlugins(PluginManager.java:173)\n\tat org.jenkinsci.test.acceptance.junit.WithPlugins$RuleImpl$1.doInstall(WithPlugins.java:139)\n\tat org.jenkinsci.test.acceptance.junit.WithPlugins$RuleImpl$1.installPlugins(WithPlugins.java:119)\n\tat org.jenkinsci.test.acceptance.junit.WithPlugins$RuleImpl$1.evaluate(WithPlugins.java:92)\n\tat org.jenkinsci.test.acceptance.junit.JenkinsAcceptanceTestRule$1$2$1.evaluate(JenkinsAcceptanceTestRule.java:129)\n\tat org.jenkinsci.test.acceptance.junit.FilterRule$1.evaluate(FilterRule.java:62)\n\tat org.jenkinsci.test.acceptance.junit.JenkinsAcceptanceTestRule$1.evaluate(JenkinsAcceptanceTestRule.java:55)\n\tat org.junit.runners.ParentRunner.runLeaf(ParentRunner.java:271)\n\tat org.junit.runners.BlockJUnit4ClassRunner.runChild(BlockJUnit4ClassRunner.java:70)\n\tat org.junit.runners.BlockJUnit4ClassRunner.runChild(BlockJUnit4ClassRunner.java:50)\n\tat org.junit.runners.ParentRunner$3.run(ParentRunner.java:238)\n\tat org.junit.runners.ParentRunner$1.schedule(ParentRunner.java:63)\n\tat org.junit.runners.ParentRunner.runChildren(ParentRunner.java:236)\n\tat org.junit.runners.ParentRunner.access$000(ParentRunner.java:53)\n\tat org.junit.runners.ParentRunner$2.evaluate(ParentRunner.java:229)\n\tat org.junit.runners.ParentRunner.run(ParentRunner.java:309)\n\tat org.apache.maven.surefire.junit4.JUnit4Provider.execute(JUnit4Provider.java:264)\n\tat org.apache.maven.surefire.junit4.JUnit4Provider.executeTestSet(JUnit4Provider.java:153)\n\tat org.apache.maven.surefire.junit4.JUnit4Provider.invoke(JUnit4Provider.java:124)\n\tat org.apache.maven.surefire.booter.ForkedBooter.invokeProviderInSameClassLoader(ForkedBooter.java:200)\n\tat org.apache.maven.surefire.booter.ForkedBooter.runSuitesInProcess(ForkedBooter.java:153)\n\tat org.apache.maven.surefire.booter.ForkedBooter.main(ForkedBooter.java:103)\n"
   },
   "steps" : {
      "step" : [ ]
   },
   "attachments" : {
      "attachment" : [ ]
   },
   "labels" : {
      "label" : [ {
         "name" : "host",
         "value" : "MacBook-Pro-2.home"
      }, {
         "name" : "thread",
         "value" : "3426@MacBook-Pro-2.home.main(1)"
      } ]
   }
}
testCase=ru.yandex.qatools.allure.model.TestCase@1fc3e3a6[
  _id=2e363b55-a91e-439d-822f-c6bde42b71c8
  executionId=8e6dd7ca-e27b-4013-bda8-bc2788640ddd
  threadName=dc7331de-b740-4ba3-9907-ee3762987799
  result=ru.yandex.qatools.allure.model.TestCaseResult@6894c9e3
]
testCase={
   "_id" : "2e363b55-a91e-439d-822f-c6bde42b71c8",
   "executionId" : "8e6dd7ca-e27b-4013-bda8-bc2788640ddd",
   "threadName" : "dc7331de-b740-4ba3-9907-ee3762987799",
   "result" : {
      "start" : 1444527963669,
      "stop" : 1444527980790,
      "status" : "broken",
      "name" : "inject_variables_to_the_build",
      "failure" : {
         "message" : "NoSuchMethodError: org.apache.http.entity.ContentType.create(Ljava/lang/String;[Lorg/apache/http/NameValuePair;)Lorg/apache/http/entity/ContentType;",
         "stack-trace" : "java.lang.NoSuchMethodError: org.apache.http.entity.ContentType.create(Ljava/lang/String;[Lorg/apache/http/NameValuePair;)Lorg/apache/http/entity/ContentType;\n\tat org.apache.http.entity.mime.MultipartEntityBuilder.buildEntity(MultipartEntityBuilder.java:209)\n\tat org.apache.http.entity.mime.MultipartEntityBuilder.build(MultipartEntityBuilder.java:230)\n\tat org.jenkinsci.test.acceptance.update_center.PluginMetadata.uploadTo(PluginMetadata.java:65)\n\tat org.jenkinsci.test.acceptance.po.PluginManager.installPlugins(PluginManager.java:173)\n\tat org.jenkinsci.test.acceptance.junit.WithPlugins$RuleImpl$1.doInstall(WithPlugins.java:139)\n\tat org.jenkinsci.test.acceptance.junit.WithPlugins$RuleImpl$1.installPlugins(WithPlugins.java:119)\n\tat org.jenkinsci.test.acceptance.junit.WithPlugins$RuleImpl$1.evaluate(WithPlugins.java:92)\n\tat org.jenkinsci.test.acceptance.junit.JenkinsAcceptanceTestRule$1$2$1.evaluate(JenkinsAcceptanceTestRule.java:129)\n\tat org.jenkinsci.test.acceptance.junit.FilterRule$1.evaluate(FilterRule.java:62)\n\tat org.jenkinsci.test.acceptance.junit.JenkinsAcceptanceTestRule$1.evaluate(JenkinsAcceptanceTestRule.java:55)\n\tat org.junit.runners.ParentRunner.runLeaf(ParentRunner.java:271)\n\tat org.junit.runners.BlockJUnit4ClassRunner.runChild(BlockJUnit4ClassRunner.java:70)\n\tat org.junit.runners.BlockJUnit4ClassRunner.runChild(BlockJUnit4ClassRunner.java:50)\n\tat org.junit.runners.ParentRunner$3.run(ParentRunner.java:238)\n\tat org.junit.runners.ParentRunner$1.schedule(ParentRunner.java:63)\n\tat org.junit.runners.ParentRunner.runChildren(ParentRunner.java:236)\n\tat org.junit.runners.ParentRunner.access$000(ParentRunner.java:53)\n\tat org.junit.runners.ParentRunner$2.evaluate(ParentRunner.java:229)\n\tat org.junit.runners.ParentRunner.run(ParentRunner.java:309)\n\tat org.apache.maven.surefire.junit4.JUnit4Provider.execute(JUnit4Provider.java:264)\n\tat org.apache.maven.surefire.junit4.JUnit4Provider.executeTestSet(JUnit4Provider.java:153)\n\tat org.apache.maven.surefire.junit4.JUnit4Provider.invoke(JUnit4Provider.java:124)\n\tat org.apache.maven.surefire.booter.ForkedBooter.invokeProviderInSameClassLoader(ForkedBooter.java:200)\n\tat org.apache.maven.surefire.booter.ForkedBooter.runSuitesInProcess(ForkedBooter.java:153)\n\tat org.apache.maven.surefire.booter.ForkedBooter.main(ForkedBooter.java:103)\n"
      },
      "steps" : {
         "step" : [ ]
      },
      "attachments" : {
         "attachment" : [ ]
      },
      "labels" : {
         "label" : [ {
            "name" : "host",
            "value" : "MacBook-Pro-2.home"
         }, {
            "name" : "thread",
            "value" : "3426@MacBook-Pro-2.home.main(1)"
         } ]
      }
   }
}
>>>REQUEST: /testaspect/TestCase/2e363b55-a91e-439d-822f-c6bde42b71c8
<<<RESPONSE (201 Created): /testaspect/TestCase/2e363b55-a91e-439d-822f-c6bde42b71c8
running with given plugins: []
=== Starting inject_in_step(plugins.EnvInjectPluginTest)
Starting Jenkins: JAVA_HOME=/Library/Java/JavaVirtualMachines/jdk1.8.0_60.jdk/Contents/Home JENKINS_HOME=/Users/abduljewel/Documents/c/spiderqa/sample-test-projects/acceptance-test-harness/target/jenkins5117022393483953482home /Library/Java/JavaVirtualMachines/jdk1.8.0_60.jdk/Contents/Home/bin/java -Duser.language=en -jar ./jenkins.war --ajp13Port=-1 --httpPort=53559
master53559|Running from: /Users/abduljewel/Documents/c/spiderqa/sample-test-projects/acceptance-test-harness/jenkins.war
master53559|webroot: EnvVars.masterEnvVars.get("JENKINS_HOME")
master53559|Oct 10, 2015 9:46:21 PM winstone.Logger logInternal
master53559|INFO: Beginning extraction from war file
master53559|Oct 10, 2015 9:46:22 PM org.eclipse.jetty.util.log.JavaUtilLog info
master53559|INFO: jetty-winstone-2.8
master53559|Oct 10, 2015 9:46:23 PM org.eclipse.jetty.util.log.JavaUtilLog info
master53559|INFO: NO JSP Support for , did not find org.apache.jasper.servlet.JspServlet
master53559|Jenkins home directory: /Users/abduljewel/Documents/c/spiderqa/sample-test-projects/acceptance-test-harness/target/jenkins5117022393483953482home found at: EnvVars.masterEnvVars.get("JENKINS_HOME")
master53559|Oct 10, 2015 9:46:24 PM org.eclipse.jetty.util.log.JavaUtilLog info
master53559|INFO: Started SelectChannelConnector@0.0.0.0:53559
master53559|Oct 10, 2015 9:46:24 PM winstone.Logger logInternal
master53559|INFO: Winstone Servlet Engine v2.0 running: controlPort=disabled
master53559|Oct 10, 2015 9:46:24 PM jenkins.InitReactorRunner$1 onAttained
master53559|INFO: Started initialization
master53559|Oct 10, 2015 9:46:33 PM jenkins.InitReactorRunner$1 onAttained
master53559|INFO: Listed all plugins
master53559|Oct 10, 2015 9:46:33 PM jenkins.InitReactorRunner$1 onAttained
master53559|INFO: Prepared all plugins
master53559|Oct 10, 2015 9:46:33 PM jenkins.InitReactorRunner$1 onAttained
master53559|INFO: Started all plugins
master53559|Oct 10, 2015 9:46:33 PM jenkins.InitReactorRunner$1 onAttained
master53559|INFO: Augmented all extensions
master53559|Oct 10, 2015 9:46:35 PM jenkins.InitReactorRunner$1 onAttained
master53559|INFO: Loaded all jobs
master53559|Oct 10, 2015 9:46:36 PM hudson.model.AsyncPeriodicWork$1 run
master53559|INFO: Started Download metadata
master53559|Oct 10, 2015 9:46:36 PM org.jenkinsci.main.modules.sshd.SSHD start
master53559|INFO: Started SSHD at port 63348
master53559|Oct 10, 2015 9:46:36 PM jenkins.InitReactorRunner$1 onAttained
master53559|INFO: Completed initialization
master53559|Oct 10, 2015 9:46:36 PM hudson.WebAppMain$3 run
master53559|INFO: Jenkins is fully up and running
master53559|Oct 10, 2015 9:46:37 PM hudson.model.UpdateSite updateData
master53559|INFO: Obtained the latest update center data file for UpdateSource default
master53559|Oct 10, 2015 9:46:38 PM hudson.model.DownloadService$Downloadable load
master53559|INFO: Obtained the updated data file for hudson.tasks.Maven.MavenInstaller
master53559|Oct 10, 2015 9:46:38 PM hudson.model.DownloadService$Downloadable load
master53559|INFO: Obtained the updated data file for hudson.tasks.Ant.AntInstaller
Jenkins is stopped
]]></system-out>
    <system-err><![CDATA[Oct 10, 2015 9:46:20 PM org.jenkinsci.test.acceptance.controller.LocalController startNow
INFO: Waiting for Jenkins to become running in http://127.0.0.1:53559/
Oct 10, 2015 9:46:36 PM org.jenkinsci.test.acceptance.controller.LocalController startNow
INFO: Jenkins is running in http://127.0.0.1:53559/
Oct 10, 2015 9:46:36 PM org.openqa.selenium.phantomjs.PhantomJSDriverService <init>
INFO: executable: /usr/local/bin/phantomjs
Oct 10, 2015 9:46:36 PM org.openqa.selenium.phantomjs.PhantomJSDriverService <init>
INFO: port: 29702
Oct 10, 2015 9:46:36 PM org.openqa.selenium.phantomjs.PhantomJSDriverService <init>
INFO: arguments: [--webdriver=29702, --webdriver-logfile=/Users/abduljewel/Documents/c/spiderqa/sample-test-projects/acceptance-test-harness/phantomjsdriver.log]
Oct 10, 2015 9:46:36 PM org.openqa.selenium.phantomjs.PhantomJSDriverService <init>
INFO: environment: {}
[INFO  - 2015-10-11T01:46:36.928Z] GhostDriver - Main - running on port 29702
[INFO  - 2015-10-11T01:46:37.202Z] Session [e8ea24c0-6fb9-11e5-830d-ab2bc2a25ace] - page.settings - {"XSSAuditingEnabled":false,"javascriptCanCloseWindows":true,"javascriptCanOpenWindows":true,"javascriptEnabled":true,"loadImages":true,"localToRemoteUrlAccessEnabled":false,"userAgent":"Mozilla/5.0 (Macintosh; Intel Mac OS X) AppleWebKit/538.1 (KHTML, like Gecko) PhantomJS/2.0.0 Safari/538.1","webSecurityEnabled":true}
[INFO  - 2015-10-11T01:46:37.202Z] Session [e8ea24c0-6fb9-11e5-830d-ab2bc2a25ace] - page.customHeaders:  - {"Accept-Language":"en"}
[INFO  - 2015-10-11T01:46:37.202Z] Session [e8ea24c0-6fb9-11e5-830d-ab2bc2a25ace] - Session.negotiatedCapabilities - {"browserName":"phantomjs","version":"2.0.0","driverName":"ghostdriver","driverVersion":"1.2.0","platform":"mac-10.9 (Mavericks)-64bit","javascriptEnabled":true,"takesScreenshot":true,"handlesAlerts":false,"databaseEnabled":false,"locationContextEnabled":false,"applicationCacheEnabled":false,"browserConnectionEnabled":false,"cssSelectorsEnabled":true,"webStorageEnabled":false,"rotatable":false,"acceptSslCerts":false,"nativeEvents":true,"proxy":{"proxyType":"direct"},"phantomjs.page.customHeaders.Accept-Language":"en"}
[INFO  - 2015-10-11T01:46:37.202Z] SessionManagerReqHand - _postNewSessionCommand - New Session Created: e8ea24c0-6fb9-11e5-830d-ab2bc2a25ace
Oct 10, 2015 9:46:38 PM org.jenkinsci.test.acceptance.po.PluginManager installationStatus
INFO: envinject is not installed
Oct 10, 2015 9:46:38 PM org.jenkinsci.test.acceptance.po.PluginManager installationStatus
INFO: envinject is not installed
Oct 10, 2015 9:46:38 PM org.jenkinsci.test.acceptance.po.PluginManager installationStatus
INFO: envinject@1.92.1 is not installed
[INFO  - 2015-10-11T01:46:38.327Z] ShutdownReqHand - _handle - About to shutdown
]]></system-err>
  </testcase>
</testsuite>