<?xml version="1.0" encoding="UTF-8"?>
<testsuite name="plugins.MailWatcherPluginTest" time="35.866" tests="2" errors="2" skipped="0" failures="0">
  <properties>
    <property name="java.runtime.name" value="Java(TM) SE Runtime Environment"/>
    <property name="sun.boot.library.path" value="/Library/Java/JavaVirtualMachines/jdk1.8.0_60.jdk/Contents/Home/jre/lib"/>
    <property name="java.vm.version" value="25.60-b23"/>
    <property name="gopherProxySet" value="false"/>
    <property name="java.vm.vendor" value="Oracle Corporation"/>
    <property name="maven.multiModuleProjectDirectory" value="/Users/abduljewel/Documents/c/spiderqa/sample-test-projects/acceptance-test-harness"/>
    <property name="java.vendor.url" value="http://java.oracle.com/"/>
    <property name="path.separator" value=":"/>
    <property name="guice.disable.misplaced.annotation.check" value="true"/>
    <property name="java.vm.name" value="Java HotSpot(TM) 64-Bit Server VM"/>
    <property name="file.encoding.pkg" value="sun.io"/>
    <property name="user.country" value="US"/>
    <property name="sun.java.launcher" value="SUN_STANDARD"/>
    <property name="sun.os.patch.level" value="unknown"/>
    <property name="java.vm.specification.name" value="Java Virtual Machine Specification"/>
    <property name="user.dir" value="/Users/abduljewel/Documents/c/spiderqa/sample-test-projects/acceptance-test-harness"/>
    <property name="java.runtime.version" value="1.8.0_60-b27"/>
    <property name="java.awt.graphicsenv" value="sun.awt.CGraphicsEnvironment"/>
    <property name="java.endorsed.dirs" value="/Library/Java/JavaVirtualMachines/jdk1.8.0_60.jdk/Contents/Home/jre/lib/endorsed"/>
    <property name="os.arch" value="x86_64"/>
    <property name="java.io.tmpdir" value="/var/folders/lk/l859yg616c9cbtgfnt9szgjc0000gn/T/"/>
    <property name="line.separator" value="&#10;"/>
    <property name="java.vm.specification.vendor" value="Oracle Corporation"/>
    <property name="os.name" value="Mac OS X"/>
    <property name="classworlds.conf" value="/usr/local/Cellar/maven/3.3.3/libexec/bin/m2.conf"/>
    <property name="sun.jnu.encoding" value="UTF-8"/>
    <property name="java.library.path" value="/Users/abduljewel/Library/Java/Extensions:/Library/Java/Extensions:/Network/Library/Java/Extensions:/System/Library/Java/Extensions:/usr/lib/java:."/>
    <property name="java.specification.name" value="Java Platform API Specification"/>
    <property name="java.class.version" value="52.0"/>
    <property name="sun.management.compiler" value="HotSpot 64-Bit Tiered Compilers"/>
    <property name="os.version" value="10.10.5"/>
    <property name="http.nonProxyHosts" value="local|*.local|169.254/16|*.169.254/16"/>
    <property name="user.home" value="/Users/abduljewel"/>
    <property name="user.timezone" value="America/New_York"/>
    <property name="java.awt.printerjob" value="sun.lwawt.macosx.CPrinterJob"/>
    <property name="java.specification.version" value="1.8"/>
    <property name="file.encoding" value="UTF-8"/>
    <property name="user.name" value="abduljewel"/>
    <property name="java.class.path" value="/usr/local/Cellar/maven/3.3.3/libexec/boot/plexus-classworlds-2.5.2.jar"/>
    <property name="java.vm.specification.version" value="1.8"/>
    <property name="sun.arch.data.model" value="64"/>
    <property name="java.home" value="/Library/Java/JavaVirtualMachines/jdk1.8.0_60.jdk/Contents/Home/jre"/>
    <property name="sun.java.command" value="org.codehaus.plexus.classworlds.launcher.Launcher clean test"/>
    <property name="java.specification.vendor" value="Oracle Corporation"/>
    <property name="user.language" value="en"/>
    <property name="awt.toolkit" value="sun.lwawt.macosx.LWCToolkit"/>
    <property name="java.vm.info" value="mixed mode"/>
    <property name="java.version" value="1.8.0_60"/>
    <property name="java.ext.dirs" value="/Users/abduljewel/Library/Java/Extensions:/Library/Java/JavaVirtualMachines/jdk1.8.0_60.jdk/Contents/Home/jre/lib/ext:/Library/Java/Extensions:/Network/Library/Java/Extensions:/System/Library/Java/Extensions:/usr/lib/java"/>
    <property name="sun.boot.class.path" value="/Library/Java/JavaVirtualMachines/jdk1.8.0_60.jdk/Contents/Home/jre/lib/resources.jar:/Library/Java/JavaVirtualMachines/jdk1.8.0_60.jdk/Contents/Home/jre/lib/rt.jar:/Library/Java/JavaVirtualMachines/jdk1.8.0_60.jdk/Contents/Home/jre/lib/sunrsasign.jar:/Library/Java/JavaVirtualMachines/jdk1.8.0_60.jdk/Contents/Home/jre/lib/jsse.jar:/Library/Java/JavaVirtualMachines/jdk1.8.0_60.jdk/Contents/Home/jre/lib/jce.jar:/Library/Java/JavaVirtualMachines/jdk1.8.0_60.jdk/Contents/Home/jre/lib/charsets.jar:/Library/Java/JavaVirtualMachines/jdk1.8.0_60.jdk/Contents/Home/jre/lib/jfr.jar:/Library/Java/JavaVirtualMachines/jdk1.8.0_60.jdk/Contents/Home/jre/classes"/>
    <property name="java.vendor" value="Oracle Corporation"/>
    <property name="maven.home" value="/usr/local/Cellar/maven/3.3.3/libexec"/>
    <property name="file.separator" value="/"/>
    <property name="java.vendor.url.bug" value="http://bugreport.sun.com/bugreport/"/>
    <property name="sun.cpu.endian" value="little"/>
    <property name="sun.io.unicode.encoding" value="UnicodeBig"/>
    <property name="socksNonProxyHosts" value="local|*.local|169.254/16|*.169.254/16"/>
    <property name="ftp.nonProxyHosts" value="local|*.local|169.254/16|*.169.254/16"/>
    <property name="sun.cpu.isalist" value=""/>
  </properties>
  <testcase name="notify_master_on_jenkins_restart" classname="plugins.MailWatcherPluginTest" time="17.648">
    <error message="org.apache.http.entity.ContentType.create(Ljava/lang/String;[Lorg/apache/http/NameValuePair;)Lorg/apache/http/entity/ContentType;" type="java.lang.NoSuchMethodError">java.lang.NoSuchMethodError: org.apache.http.entity.ContentType.create(Ljava/lang/String;[Lorg/apache/http/NameValuePair;)Lorg/apache/http/entity/ContentType;
	at org.apache.http.entity.mime.MultipartEntityBuilder.buildEntity(MultipartEntityBuilder.java:209)
	at org.apache.http.entity.mime.MultipartEntityBuilder.build(MultipartEntityBuilder.java:230)
	at org.jenkinsci.test.acceptance.update_center.PluginMetadata.uploadTo(PluginMetadata.java:65)
	at org.jenkinsci.test.acceptance.po.PluginManager.installPlugins(PluginManager.java:173)
	at org.jenkinsci.test.acceptance.junit.WithPlugins$RuleImpl$1.doInstall(WithPlugins.java:139)
	at org.jenkinsci.test.acceptance.junit.WithPlugins$RuleImpl$1.installPlugins(WithPlugins.java:119)
	at org.jenkinsci.test.acceptance.junit.WithPlugins$RuleImpl$1.evaluate(WithPlugins.java:91)
	at org.jenkinsci.test.acceptance.junit.Since$RuleImpl$1.evaluate(Since.java:47)
	at org.jenkinsci.test.acceptance.junit.JenkinsAcceptanceTestRule$1$2$1.evaluate(JenkinsAcceptanceTestRule.java:129)
	at org.jenkinsci.test.acceptance.junit.FilterRule$1.evaluate(FilterRule.java:62)
	at org.jenkinsci.test.acceptance.junit.JenkinsAcceptanceTestRule$1.evaluate(JenkinsAcceptanceTestRule.java:55)
	at org.junit.runners.ParentRunner.runLeaf(ParentRunner.java:271)
	at org.junit.runners.BlockJUnit4ClassRunner.runChild(BlockJUnit4ClassRunner.java:70)
	at org.junit.runners.BlockJUnit4ClassRunner.runChild(BlockJUnit4ClassRunner.java:50)
	at org.junit.runners.ParentRunner$3.run(ParentRunner.java:238)
	at org.junit.runners.ParentRunner$1.schedule(ParentRunner.java:63)
	at org.junit.runners.ParentRunner.runChildren(ParentRunner.java:236)
	at org.junit.runners.ParentRunner.access$000(ParentRunner.java:53)
	at org.junit.runners.ParentRunner$2.evaluate(ParentRunner.java:229)
	at org.junit.runners.ParentRunner.run(ParentRunner.java:309)
	at org.apache.maven.surefire.junit4.JUnit4Provider.execute(JUnit4Provider.java:264)
	at org.apache.maven.surefire.junit4.JUnit4Provider.executeTestSet(JUnit4Provider.java:153)
	at org.apache.maven.surefire.junit4.JUnit4Provider.invoke(JUnit4Provider.java:124)
	at org.apache.maven.surefire.booter.ForkedBooter.invokeProviderInSameClassLoader(ForkedBooter.java:200)
	at org.apache.maven.surefire.booter.ForkedBooter.runSuitesInProcess(ForkedBooter.java:153)
	at org.apache.maven.surefire.booter.ForkedBooter.main(ForkedBooter.java:103)
</error>
    <system-out><![CDATA[testCaseResult=ru.yandex.qatools.allure.model.TestCaseResult@2d6851b4[
  name=send_test_mail
  title=<null>
  description=<null>
  failure=<null>
  start=1444528701292
  stop=1444528724659
  status=PASSED
  severity=<null>
  steps=[]
  attachments=[]
  labels=[ru.yandex.qatools.allure.model.Label@564b7a83, ru.yandex.qatools.allure.model.Label@7018c5c4]
  parameters=<null>
]
testCaseResult={
   "start" : 1444528701292,
   "stop" : 1444528724659,
   "status" : "passed",
   "name" : "send_test_mail",
   "steps" : {
      "step" : [ ]
   },
   "attachments" : {
      "attachment" : [ ]
   },
   "labels" : {
      "label" : [ {
         "name" : "host",
         "value" : "MacBook-Pro-2.home"
      }, {
         "name" : "thread",
         "value" : "3426@MacBook-Pro-2.home.main(1)"
      } ]
   }
}
testCase=ru.yandex.qatools.allure.model.TestCase@3d3afc00[
  _id=fdaea66f-38d7-40d4-b445-be563fb7a386
  executionId=8e6dd7ca-e27b-4013-bda8-bc2788640ddd
  threadName=dc7331de-b740-4ba3-9907-ee3762987799
  result=ru.yandex.qatools.allure.model.TestCaseResult@2d6851b4
]
testCase={
   "_id" : "fdaea66f-38d7-40d4-b445-be563fb7a386",
   "executionId" : "8e6dd7ca-e27b-4013-bda8-bc2788640ddd",
   "threadName" : "dc7331de-b740-4ba3-9907-ee3762987799",
   "result" : {
      "start" : 1444528701292,
      "stop" : 1444528724659,
      "status" : "passed",
      "name" : "send_test_mail",
      "steps" : {
         "step" : [ ]
      },
      "attachments" : {
         "attachment" : [ ]
      },
      "labels" : {
         "label" : [ {
            "name" : "host",
            "value" : "MacBook-Pro-2.home"
         }, {
            "name" : "thread",
            "value" : "3426@MacBook-Pro-2.home.main(1)"
         } ]
      }
   }
}
>>>REQUEST: /testaspect/TestCase/fdaea66f-38d7-40d4-b445-be563fb7a386
<<<RESPONSE (201 Created): /testaspect/TestCase/fdaea66f-38d7-40d4-b445-be563fb7a386
running with given plugins: []
=== Starting notify_master_on_jenkins_restart(plugins.MailWatcherPluginTest)
Starting Jenkins: JAVA_HOME=/Library/Java/JavaVirtualMachines/jdk1.8.0_60.jdk/Contents/Home JENKINS_HOME=/Users/abduljewel/Documents/c/spiderqa/sample-test-projects/acceptance-test-harness/target/jenkins7456486058893801365home /Library/Java/JavaVirtualMachines/jdk1.8.0_60.jdk/Contents/Home/bin/java -Duser.language=en -jar ./jenkins.war --ajp13Port=-1 --httpPort=60256
master60256|Running from: /Users/abduljewel/Documents/c/spiderqa/sample-test-projects/acceptance-test-harness/jenkins.war
master60256|webroot: EnvVars.masterEnvVars.get("JENKINS_HOME")
master60256|Oct 10, 2015 9:58:44 PM winstone.Logger logInternal
master60256|INFO: Beginning extraction from war file
master60256|Oct 10, 2015 9:58:45 PM org.eclipse.jetty.util.log.JavaUtilLog info
master60256|INFO: jetty-winstone-2.8
master60256|Oct 10, 2015 9:58:46 PM org.eclipse.jetty.util.log.JavaUtilLog info
master60256|INFO: NO JSP Support for , did not find org.apache.jasper.servlet.JspServlet
master60256|Jenkins home directory: /Users/abduljewel/Documents/c/spiderqa/sample-test-projects/acceptance-test-harness/target/jenkins7456486058893801365home found at: EnvVars.masterEnvVars.get("JENKINS_HOME")
master60256|Oct 10, 2015 9:58:47 PM org.eclipse.jetty.util.log.JavaUtilLog info
master60256|INFO: Started SelectChannelConnector@0.0.0.0:60256
master60256|Oct 10, 2015 9:58:47 PM winstone.Logger logInternal
master60256|INFO: Winstone Servlet Engine v2.0 running: controlPort=disabled
master60256|Oct 10, 2015 9:58:48 PM jenkins.InitReactorRunner$1 onAttained
master60256|INFO: Started initialization
master60256|Oct 10, 2015 9:58:56 PM jenkins.InitReactorRunner$1 onAttained
master60256|INFO: Listed all plugins
master60256|Oct 10, 2015 9:58:56 PM jenkins.InitReactorRunner$1 onAttained
master60256|INFO: Prepared all plugins
master60256|Oct 10, 2015 9:58:56 PM jenkins.InitReactorRunner$1 onAttained
master60256|INFO: Started all plugins
master60256|Oct 10, 2015 9:58:56 PM jenkins.InitReactorRunner$1 onAttained
master60256|INFO: Augmented all extensions
master60256|Oct 10, 2015 9:58:58 PM jenkins.InitReactorRunner$1 onAttained
master60256|INFO: Loaded all jobs
master60256|Oct 10, 2015 9:58:59 PM org.jenkinsci.main.modules.sshd.SSHD start
master60256|INFO: Started SSHD at port 64453
master60256|Oct 10, 2015 9:58:59 PM hudson.model.AsyncPeriodicWork$1 run
master60256|INFO: Started Download metadata
master60256|Oct 10, 2015 9:58:59 PM jenkins.InitReactorRunner$1 onAttained
master60256|INFO: Completed initialization
master60256|Oct 10, 2015 9:58:59 PM hudson.WebAppMain$3 run
master60256|INFO: Jenkins is fully up and running
master60256|Oct 10, 2015 9:59:00 PM hudson.model.UpdateSite updateData
master60256|INFO: Obtained the latest update center data file for UpdateSource default
Version check: actual=1.630, expected=1.571
master60256|Oct 10, 2015 9:59:01 PM hudson.model.DownloadService$Downloadable load
master60256|INFO: Obtained the updated data file for hudson.tasks.Maven.MavenInstaller
master60256|Oct 10, 2015 9:59:01 PM hudson.model.DownloadService$Downloadable load
master60256|INFO: Obtained the updated data file for hudson.tasks.Ant.AntInstaller
master60256|Oct 10, 2015 9:59:02 PM hudson.model.DownloadService$Downloadable load
master60256|INFO: Obtained the updated data file for hudson.tools.JDKInstaller
master60256|Oct 10, 2015 9:59:02 PM hudson.model.AsyncPeriodicWork$1 run
master60256|INFO: Finished Download metadata. 2,697 ms
Jenkins is stopped
]]></system-out>
    <system-err><![CDATA[Oct 10, 2015 9:58:44 PM org.jenkinsci.test.acceptance.controller.LocalController startNow
INFO: Waiting for Jenkins to become running in http://127.0.0.1:60256/
Oct 10, 2015 9:58:59 PM org.jenkinsci.test.acceptance.controller.LocalController startNow
INFO: Jenkins is running in http://127.0.0.1:60256/
Oct 10, 2015 9:58:59 PM org.openqa.selenium.phantomjs.PhantomJSDriverService <init>
INFO: executable: /usr/local/bin/phantomjs
Oct 10, 2015 9:58:59 PM org.openqa.selenium.phantomjs.PhantomJSDriverService <init>
INFO: port: 12702
Oct 10, 2015 9:58:59 PM org.openqa.selenium.phantomjs.PhantomJSDriverService <init>
INFO: arguments: [--webdriver=12702, --webdriver-logfile=/Users/abduljewel/Documents/c/spiderqa/sample-test-projects/acceptance-test-harness/phantomjsdriver.log]
Oct 10, 2015 9:58:59 PM org.openqa.selenium.phantomjs.PhantomJSDriverService <init>
INFO: environment: {}
[INFO  - 2015-10-11T01:58:59.744Z] GhostDriver - Main - running on port 12702
[INFO  - 2015-10-11T01:58:59.997Z] Session [a3a7f890-6fbb-11e5-b9b6-2df52790704d] - page.settings - {"XSSAuditingEnabled":false,"javascriptCanCloseWindows":true,"javascriptCanOpenWindows":true,"javascriptEnabled":true,"loadImages":true,"localToRemoteUrlAccessEnabled":false,"userAgent":"Mozilla/5.0 (Macintosh; Intel Mac OS X) AppleWebKit/538.1 (KHTML, like Gecko) PhantomJS/2.0.0 Safari/538.1","webSecurityEnabled":true}
[INFO  - 2015-10-11T01:58:59.997Z] Session [a3a7f890-6fbb-11e5-b9b6-2df52790704d] - page.customHeaders:  - {"Accept-Language":"en"}
[INFO  - 2015-10-11T01:58:59.997Z] Session [a3a7f890-6fbb-11e5-b9b6-2df52790704d] - Session.negotiatedCapabilities - {"browserName":"phantomjs","version":"2.0.0","driverName":"ghostdriver","driverVersion":"1.2.0","platform":"mac-10.9 (Mavericks)-64bit","javascriptEnabled":true,"takesScreenshot":true,"handlesAlerts":false,"databaseEnabled":false,"locationContextEnabled":false,"applicationCacheEnabled":false,"browserConnectionEnabled":false,"cssSelectorsEnabled":true,"webStorageEnabled":false,"rotatable":false,"acceptSslCerts":false,"nativeEvents":true,"proxy":{"proxyType":"direct"},"phantomjs.page.customHeaders.Accept-Language":"en"}
[INFO  - 2015-10-11T01:58:59.997Z] SessionManagerReqHand - _postNewSessionCommand - New Session Created: a3a7f890-6fbb-11e5-b9b6-2df52790704d
Oct 10, 2015 9:59:01 PM org.jenkinsci.test.acceptance.po.PluginManager installationStatus
INFO: mail-watcher-plugin@1.7 is not installed
Oct 10, 2015 9:59:01 PM org.jenkinsci.test.acceptance.po.PluginManager installationStatus
INFO: mail-watcher-plugin@1.7 is not installed
Oct 10, 2015 9:59:01 PM org.jenkinsci.test.acceptance.po.PluginManager installationStatus
INFO: mailer has version 1.11 but 1.15 was requested
[INFO  - 2015-10-11T01:59:01.640Z] ShutdownReqHand - _handle - About to shutdown
]]></system-err>
  </testcase>
  <testcase name="notify_slave_on_restart" classname="plugins.MailWatcherPluginTest" time="18.218">
    <error message="org.apache.http.entity.ContentType.create(Ljava/lang/String;[Lorg/apache/http/NameValuePair;)Lorg/apache/http/entity/ContentType;" type="java.lang.NoSuchMethodError">java.lang.NoSuchMethodError: org.apache.http.entity.ContentType.create(Ljava/lang/String;[Lorg/apache/http/NameValuePair;)Lorg/apache/http/entity/ContentType;
	at org.apache.http.entity.mime.MultipartEntityBuilder.buildEntity(MultipartEntityBuilder.java:209)
	at org.apache.http.entity.mime.MultipartEntityBuilder.build(MultipartEntityBuilder.java:230)
	at org.jenkinsci.test.acceptance.update_center.PluginMetadata.uploadTo(PluginMetadata.java:65)
	at org.jenkinsci.test.acceptance.po.PluginManager.installPlugins(PluginManager.java:173)
	at org.jenkinsci.test.acceptance.junit.WithPlugins$RuleImpl$1.doInstall(WithPlugins.java:139)
	at org.jenkinsci.test.acceptance.junit.WithPlugins$RuleImpl$1.installPlugins(WithPlugins.java:119)
	at org.jenkinsci.test.acceptance.junit.WithPlugins$RuleImpl$1.evaluate(WithPlugins.java:92)
	at org.jenkinsci.test.acceptance.junit.JenkinsAcceptanceTestRule$1$2$1.evaluate(JenkinsAcceptanceTestRule.java:129)
	at org.jenkinsci.test.acceptance.junit.FilterRule$1.evaluate(FilterRule.java:62)
	at org.jenkinsci.test.acceptance.junit.JenkinsAcceptanceTestRule$1.evaluate(JenkinsAcceptanceTestRule.java:55)
	at org.junit.runners.ParentRunner.runLeaf(ParentRunner.java:271)
	at org.junit.runners.BlockJUnit4ClassRunner.runChild(BlockJUnit4ClassRunner.java:70)
	at org.junit.runners.BlockJUnit4ClassRunner.runChild(BlockJUnit4ClassRunner.java:50)
	at org.junit.runners.ParentRunner$3.run(ParentRunner.java:238)
	at org.junit.runners.ParentRunner$1.schedule(ParentRunner.java:63)
	at org.junit.runners.ParentRunner.runChildren(ParentRunner.java:236)
	at org.junit.runners.ParentRunner.access$000(ParentRunner.java:53)
	at org.junit.runners.ParentRunner$2.evaluate(ParentRunner.java:229)
	at org.junit.runners.ParentRunner.run(ParentRunner.java:309)
	at org.apache.maven.surefire.junit4.JUnit4Provider.execute(JUnit4Provider.java:264)
	at org.apache.maven.surefire.junit4.JUnit4Provider.executeTestSet(JUnit4Provider.java:153)
	at org.apache.maven.surefire.junit4.JUnit4Provider.invoke(JUnit4Provider.java:124)
	at org.apache.maven.surefire.booter.ForkedBooter.invokeProviderInSameClassLoader(ForkedBooter.java:200)
	at org.apache.maven.surefire.booter.ForkedBooter.runSuitesInProcess(ForkedBooter.java:153)
	at org.apache.maven.surefire.booter.ForkedBooter.main(ForkedBooter.java:103)
</error>
    <system-out><![CDATA[testCaseResult=ru.yandex.qatools.allure.model.TestCaseResult@573412f9[
  name=notify_master_on_jenkins_restart
  title=<null>
  description=<null>
  failure=ru.yandex.qatools.allure.model.Failure@5083099a
  start=1444528724661
  stop=1444528742309
  status=BROKEN
  severity=<null>
  steps=[]
  attachments=[]
  labels=[ru.yandex.qatools.allure.model.Label@2e8b4595, ru.yandex.qatools.allure.model.Label@60760881]
  parameters=<null>
]
testCaseResult={
   "start" : 1444528724661,
   "stop" : 1444528742309,
   "status" : "broken",
   "name" : "notify_master_on_jenkins_restart",
   "failure" : {
      "message" : "NoSuchMethodError: org.apache.http.entity.ContentType.create(Ljava/lang/String;[Lorg/apache/http/NameValuePair;)Lorg/apache/http/entity/ContentType;",
      "stack-trace" : "java.lang.NoSuchMethodError: org.apache.http.entity.ContentType.create(Ljava/lang/String;[Lorg/apache/http/NameValuePair;)Lorg/apache/http/entity/ContentType;\n\tat org.apache.http.entity.mime.MultipartEntityBuilder.buildEntity(MultipartEntityBuilder.java:209)\n\tat org.apache.http.entity.mime.MultipartEntityBuilder.build(MultipartEntityBuilder.java:230)\n\tat org.jenkinsci.test.acceptance.update_center.PluginMetadata.uploadTo(PluginMetadata.java:65)\n\tat org.jenkinsci.test.acceptance.po.PluginManager.installPlugins(PluginManager.java:173)\n\tat org.jenkinsci.test.acceptance.junit.WithPlugins$RuleImpl$1.doInstall(WithPlugins.java:139)\n\tat org.jenkinsci.test.acceptance.junit.WithPlugins$RuleImpl$1.installPlugins(WithPlugins.java:119)\n\tat org.jenkinsci.test.acceptance.junit.WithPlugins$RuleImpl$1.evaluate(WithPlugins.java:91)\n\tat org.jenkinsci.test.acceptance.junit.Since$RuleImpl$1.evaluate(Since.java:47)\n\tat org.jenkinsci.test.acceptance.junit.JenkinsAcceptanceTestRule$1$2$1.evaluate(JenkinsAcceptanceTestRule.java:129)\n\tat org.jenkinsci.test.acceptance.junit.FilterRule$1.evaluate(FilterRule.java:62)\n\tat org.jenkinsci.test.acceptance.junit.JenkinsAcceptanceTestRule$1.evaluate(JenkinsAcceptanceTestRule.java:55)\n\tat org.junit.runners.ParentRunner.runLeaf(ParentRunner.java:271)\n\tat org.junit.runners.BlockJUnit4ClassRunner.runChild(BlockJUnit4ClassRunner.java:70)\n\tat org.junit.runners.BlockJUnit4ClassRunner.runChild(BlockJUnit4ClassRunner.java:50)\n\tat org.junit.runners.ParentRunner$3.run(ParentRunner.java:238)\n\tat org.junit.runners.ParentRunner$1.schedule(ParentRunner.java:63)\n\tat org.junit.runners.ParentRunner.runChildren(ParentRunner.java:236)\n\tat org.junit.runners.ParentRunner.access$000(ParentRunner.java:53)\n\tat org.junit.runners.ParentRunner$2.evaluate(ParentRunner.java:229)\n\tat org.junit.runners.ParentRunner.run(ParentRunner.java:309)\n\tat org.apache.maven.surefire.junit4.JUnit4Provider.execute(JUnit4Provider.java:264)\n\tat org.apache.maven.surefire.junit4.JUnit4Provider.executeTestSet(JUnit4Provider.java:153)\n\tat org.apache.maven.surefire.junit4.JUnit4Provider.invoke(JUnit4Provider.java:124)\n\tat org.apache.maven.surefire.booter.ForkedBooter.invokeProviderInSameClassLoader(ForkedBooter.java:200)\n\tat org.apache.maven.surefire.booter.ForkedBooter.runSuitesInProcess(ForkedBooter.java:153)\n\tat org.apache.maven.surefire.booter.ForkedBooter.main(ForkedBooter.java:103)\n"
   },
   "steps" : {
      "step" : [ ]
   },
   "attachments" : {
      "attachment" : [ ]
   },
   "labels" : {
      "label" : [ {
         "name" : "host",
         "value" : "MacBook-Pro-2.home"
      }, {
         "name" : "thread",
         "value" : "3426@MacBook-Pro-2.home.main(1)"
      } ]
   }
}
testCase=ru.yandex.qatools.allure.model.TestCase@17a27dac[
  _id=302bba99-7c41-453e-8b3f-106ae49b531e
  executionId=8e6dd7ca-e27b-4013-bda8-bc2788640ddd
  threadName=dc7331de-b740-4ba3-9907-ee3762987799
  result=ru.yandex.qatools.allure.model.TestCaseResult@573412f9
]
testCase={
   "_id" : "302bba99-7c41-453e-8b3f-106ae49b531e",
   "executionId" : "8e6dd7ca-e27b-4013-bda8-bc2788640ddd",
   "threadName" : "dc7331de-b740-4ba3-9907-ee3762987799",
   "result" : {
      "start" : 1444528724661,
      "stop" : 1444528742309,
      "status" : "broken",
      "name" : "notify_master_on_jenkins_restart",
      "failure" : {
         "message" : "NoSuchMethodError: org.apache.http.entity.ContentType.create(Ljava/lang/String;[Lorg/apache/http/NameValuePair;)Lorg/apache/http/entity/ContentType;",
         "stack-trace" : "java.lang.NoSuchMethodError: org.apache.http.entity.ContentType.create(Ljava/lang/String;[Lorg/apache/http/NameValuePair;)Lorg/apache/http/entity/ContentType;\n\tat org.apache.http.entity.mime.MultipartEntityBuilder.buildEntity(MultipartEntityBuilder.java:209)\n\tat org.apache.http.entity.mime.MultipartEntityBuilder.build(MultipartEntityBuilder.java:230)\n\tat org.jenkinsci.test.acceptance.update_center.PluginMetadata.uploadTo(PluginMetadata.java:65)\n\tat org.jenkinsci.test.acceptance.po.PluginManager.installPlugins(PluginManager.java:173)\n\tat org.jenkinsci.test.acceptance.junit.WithPlugins$RuleImpl$1.doInstall(WithPlugins.java:139)\n\tat org.jenkinsci.test.acceptance.junit.WithPlugins$RuleImpl$1.installPlugins(WithPlugins.java:119)\n\tat org.jenkinsci.test.acceptance.junit.WithPlugins$RuleImpl$1.evaluate(WithPlugins.java:91)\n\tat org.jenkinsci.test.acceptance.junit.Since$RuleImpl$1.evaluate(Since.java:47)\n\tat org.jenkinsci.test.acceptance.junit.JenkinsAcceptanceTestRule$1$2$1.evaluate(JenkinsAcceptanceTestRule.java:129)\n\tat org.jenkinsci.test.acceptance.junit.FilterRule$1.evaluate(FilterRule.java:62)\n\tat org.jenkinsci.test.acceptance.junit.JenkinsAcceptanceTestRule$1.evaluate(JenkinsAcceptanceTestRule.java:55)\n\tat org.junit.runners.ParentRunner.runLeaf(ParentRunner.java:271)\n\tat org.junit.runners.BlockJUnit4ClassRunner.runChild(BlockJUnit4ClassRunner.java:70)\n\tat org.junit.runners.BlockJUnit4ClassRunner.runChild(BlockJUnit4ClassRunner.java:50)\n\tat org.junit.runners.ParentRunner$3.run(ParentRunner.java:238)\n\tat org.junit.runners.ParentRunner$1.schedule(ParentRunner.java:63)\n\tat org.junit.runners.ParentRunner.runChildren(ParentRunner.java:236)\n\tat org.junit.runners.ParentRunner.access$000(ParentRunner.java:53)\n\tat org.junit.runners.ParentRunner$2.evaluate(ParentRunner.java:229)\n\tat org.junit.runners.ParentRunner.run(ParentRunner.java:309)\n\tat org.apache.maven.surefire.junit4.JUnit4Provider.execute(JUnit4Provider.java:264)\n\tat org.apache.maven.surefire.junit4.JUnit4Provider.executeTestSet(JUnit4Provider.java:153)\n\tat org.apache.maven.surefire.junit4.JUnit4Provider.invoke(JUnit4Provider.java:124)\n\tat org.apache.maven.surefire.booter.ForkedBooter.invokeProviderInSameClassLoader(ForkedBooter.java:200)\n\tat org.apache.maven.surefire.booter.ForkedBooter.runSuitesInProcess(ForkedBooter.java:153)\n\tat org.apache.maven.surefire.booter.ForkedBooter.main(ForkedBooter.java:103)\n"
      },
      "steps" : {
         "step" : [ ]
      },
      "attachments" : {
         "attachment" : [ ]
      },
      "labels" : {
         "label" : [ {
            "name" : "host",
            "value" : "MacBook-Pro-2.home"
         }, {
            "name" : "thread",
            "value" : "3426@MacBook-Pro-2.home.main(1)"
         } ]
      }
   }
}
>>>REQUEST: /testaspect/TestCase/302bba99-7c41-453e-8b3f-106ae49b531e
running with given plugins: []
<<<RESPONSE (201 Created): /testaspect/TestCase/302bba99-7c41-453e-8b3f-106ae49b531e
=== Starting notify_slave_on_restart(plugins.MailWatcherPluginTest)
Starting Jenkins: JAVA_HOME=/Library/Java/JavaVirtualMachines/jdk1.8.0_60.jdk/Contents/Home JENKINS_HOME=/Users/abduljewel/Documents/c/spiderqa/sample-test-projects/acceptance-test-harness/target/jenkins1883806836587113620home /Library/Java/JavaVirtualMachines/jdk1.8.0_60.jdk/Contents/Home/bin/java -Duser.language=en -jar ./jenkins.war --ajp13Port=-1 --httpPort=63565
master63565|Running from: /Users/abduljewel/Documents/c/spiderqa/sample-test-projects/acceptance-test-harness/jenkins.war
master63565|webroot: EnvVars.masterEnvVars.get("JENKINS_HOME")
master63565|Oct 10, 2015 9:59:02 PM winstone.Logger logInternal
master63565|INFO: Beginning extraction from war file
master63565|Oct 10, 2015 9:59:03 PM org.eclipse.jetty.util.log.JavaUtilLog info
master63565|INFO: jetty-winstone-2.8
master63565|Oct 10, 2015 9:59:04 PM org.eclipse.jetty.util.log.JavaUtilLog info
master63565|INFO: NO JSP Support for , did not find org.apache.jasper.servlet.JspServlet
master63565|Jenkins home directory: /Users/abduljewel/Documents/c/spiderqa/sample-test-projects/acceptance-test-harness/target/jenkins1883806836587113620home found at: EnvVars.masterEnvVars.get("JENKINS_HOME")
master63565|Oct 10, 2015 9:59:05 PM org.eclipse.jetty.util.log.JavaUtilLog info
master63565|INFO: Started SelectChannelConnector@0.0.0.0:63565
master63565|Oct 10, 2015 9:59:05 PM winstone.Logger logInternal
master63565|INFO: Winstone Servlet Engine v2.0 running: controlPort=disabled
master63565|Oct 10, 2015 9:59:05 PM jenkins.InitReactorRunner$1 onAttained
master63565|INFO: Started initialization
master63565|Oct 10, 2015 9:59:14 PM jenkins.InitReactorRunner$1 onAttained
master63565|INFO: Listed all plugins
master63565|Oct 10, 2015 9:59:14 PM jenkins.InitReactorRunner$1 onAttained
master63565|INFO: Prepared all plugins
master63565|Oct 10, 2015 9:59:14 PM jenkins.InitReactorRunner$1 onAttained
master63565|INFO: Started all plugins
master63565|Oct 10, 2015 9:59:14 PM jenkins.InitReactorRunner$1 onAttained
master63565|INFO: Augmented all extensions
master63565|Oct 10, 2015 9:59:16 PM jenkins.InitReactorRunner$1 onAttained
master63565|INFO: Loaded all jobs
master63565|Oct 10, 2015 9:59:17 PM hudson.model.AsyncPeriodicWork$1 run
master63565|INFO: Started Download metadata
master63565|Oct 10, 2015 9:59:17 PM org.jenkinsci.main.modules.sshd.SSHD start
master63565|INFO: Started SSHD at port 64480
master63565|Oct 10, 2015 9:59:17 PM jenkins.InitReactorRunner$1 onAttained
master63565|INFO: Completed initialization
master63565|Oct 10, 2015 9:59:17 PM hudson.WebAppMain$3 run
master63565|INFO: Jenkins is fully up and running
master63565|Oct 10, 2015 9:59:18 PM hudson.model.UpdateSite updateData
master63565|INFO: Obtained the latest update center data file for UpdateSource default
master63565|Oct 10, 2015 9:59:19 PM hudson.model.DownloadService$Downloadable load
master63565|INFO: Obtained the updated data file for hudson.tasks.Maven.MavenInstaller
master63565|Oct 10, 2015 9:59:19 PM hudson.model.DownloadService$Downloadable load
master63565|INFO: Obtained the updated data file for hudson.tasks.Ant.AntInstaller
master63565|Oct 10, 2015 9:59:20 PM hudson.model.DownloadService$Downloadable load
master63565|INFO: Obtained the updated data file for hudson.tools.JDKInstaller
master63565|Oct 10, 2015 9:59:20 PM hudson.model.AsyncPeriodicWork$1 run
master63565|INFO: Finished Download metadata. 3,113 ms
Jenkins is stopped
]]></system-out>
    <system-err><![CDATA[Oct 10, 2015 9:59:02 PM org.jenkinsci.test.acceptance.controller.LocalController startNow
INFO: Waiting for Jenkins to become running in http://127.0.0.1:63565/
Oct 10, 2015 9:59:17 PM org.jenkinsci.test.acceptance.controller.LocalController startNow
INFO: Jenkins is running in http://127.0.0.1:63565/
Oct 10, 2015 9:59:17 PM org.openqa.selenium.phantomjs.PhantomJSDriverService <init>
INFO: executable: /usr/local/bin/phantomjs
Oct 10, 2015 9:59:17 PM org.openqa.selenium.phantomjs.PhantomJSDriverService <init>
INFO: port: 6941
Oct 10, 2015 9:59:17 PM org.openqa.selenium.phantomjs.PhantomJSDriverService <init>
INFO: arguments: [--webdriver=6941, --webdriver-logfile=/Users/abduljewel/Documents/c/spiderqa/sample-test-projects/acceptance-test-harness/phantomjsdriver.log]
Oct 10, 2015 9:59:17 PM org.openqa.selenium.phantomjs.PhantomJSDriverService <init>
INFO: environment: {}
[INFO  - 2015-10-11T01:59:17.716Z] GhostDriver - Main - running on port 6941
[INFO  - 2015-10-11T01:59:17.971Z] Session [ae5e6ee0-6fbb-11e5-9058-df81ff9e78ad] - page.settings - {"XSSAuditingEnabled":false,"javascriptCanCloseWindows":true,"javascriptCanOpenWindows":true,"javascriptEnabled":true,"loadImages":true,"localToRemoteUrlAccessEnabled":false,"userAgent":"Mozilla/5.0 (Macintosh; Intel Mac OS X) AppleWebKit/538.1 (KHTML, like Gecko) PhantomJS/2.0.0 Safari/538.1","webSecurityEnabled":true}
[INFO  - 2015-10-11T01:59:17.971Z] Session [ae5e6ee0-6fbb-11e5-9058-df81ff9e78ad] - page.customHeaders:  - {"Accept-Language":"en"}
[INFO  - 2015-10-11T01:59:17.971Z] Session [ae5e6ee0-6fbb-11e5-9058-df81ff9e78ad] - Session.negotiatedCapabilities - {"browserName":"phantomjs","version":"2.0.0","driverName":"ghostdriver","driverVersion":"1.2.0","platform":"mac-10.9 (Mavericks)-64bit","javascriptEnabled":true,"takesScreenshot":true,"handlesAlerts":false,"databaseEnabled":false,"locationContextEnabled":false,"applicationCacheEnabled":false,"browserConnectionEnabled":false,"cssSelectorsEnabled":true,"webStorageEnabled":false,"rotatable":false,"acceptSslCerts":false,"nativeEvents":true,"proxy":{"proxyType":"direct"},"phantomjs.page.customHeaders.Accept-Language":"en"}
[INFO  - 2015-10-11T01:59:17.971Z] SessionManagerReqHand - _postNewSessionCommand - New Session Created: ae5e6ee0-6fbb-11e5-9058-df81ff9e78ad
Oct 10, 2015 9:59:19 PM org.jenkinsci.test.acceptance.po.PluginManager installationStatus
INFO: mail-watcher-plugin is not installed
Oct 10, 2015 9:59:19 PM org.jenkinsci.test.acceptance.po.PluginManager installationStatus
INFO: mail-watcher-plugin is not installed
Oct 10, 2015 9:59:19 PM org.jenkinsci.test.acceptance.po.PluginManager installationStatus
INFO: mailer has version 1.11 but 1.15 was requested
[INFO  - 2015-10-11T01:59:19.852Z] ShutdownReqHand - _handle - About to shutdown
]]></system-err>
  </testcase>
</testsuite>