<?xml version="1.0" encoding="UTF-8"?>
<testsuite name="plugins.PostBuildScriptPluginTest" time="54.434" tests="3" errors="3" skipped="0" failures="0">
  <properties>
    <property name="java.runtime.name" value="Java(TM) SE Runtime Environment"/>
    <property name="sun.boot.library.path" value="/Library/Java/JavaVirtualMachines/jdk1.8.0_60.jdk/Contents/Home/jre/lib"/>
    <property name="java.vm.version" value="25.60-b23"/>
    <property name="gopherProxySet" value="false"/>
    <property name="java.vm.vendor" value="Oracle Corporation"/>
    <property name="maven.multiModuleProjectDirectory" value="/Users/abduljewel/Documents/c/spiderqa/sample-test-projects/acceptance-test-harness"/>
    <property name="java.vendor.url" value="http://java.oracle.com/"/>
    <property name="path.separator" value=":"/>
    <property name="guice.disable.misplaced.annotation.check" value="true"/>
    <property name="java.vm.name" value="Java HotSpot(TM) 64-Bit Server VM"/>
    <property name="file.encoding.pkg" value="sun.io"/>
    <property name="user.country" value="US"/>
    <property name="sun.java.launcher" value="SUN_STANDARD"/>
    <property name="sun.os.patch.level" value="unknown"/>
    <property name="java.vm.specification.name" value="Java Virtual Machine Specification"/>
    <property name="user.dir" value="/Users/abduljewel/Documents/c/spiderqa/sample-test-projects/acceptance-test-harness"/>
    <property name="java.runtime.version" value="1.8.0_60-b27"/>
    <property name="java.awt.graphicsenv" value="sun.awt.CGraphicsEnvironment"/>
    <property name="java.endorsed.dirs" value="/Library/Java/JavaVirtualMachines/jdk1.8.0_60.jdk/Contents/Home/jre/lib/endorsed"/>
    <property name="os.arch" value="x86_64"/>
    <property name="java.io.tmpdir" value="/var/folders/lk/l859yg616c9cbtgfnt9szgjc0000gn/T/"/>
    <property name="line.separator" value="&#10;"/>
    <property name="java.vm.specification.vendor" value="Oracle Corporation"/>
    <property name="os.name" value="Mac OS X"/>
    <property name="classworlds.conf" value="/usr/local/Cellar/maven/3.3.3/libexec/bin/m2.conf"/>
    <property name="sun.jnu.encoding" value="UTF-8"/>
    <property name="java.library.path" value="/Users/abduljewel/Library/Java/Extensions:/Library/Java/Extensions:/Network/Library/Java/Extensions:/System/Library/Java/Extensions:/usr/lib/java:."/>
    <property name="java.specification.name" value="Java Platform API Specification"/>
    <property name="java.class.version" value="52.0"/>
    <property name="sun.management.compiler" value="HotSpot 64-Bit Tiered Compilers"/>
    <property name="os.version" value="10.10.5"/>
    <property name="http.nonProxyHosts" value="local|*.local|169.254/16|*.169.254/16"/>
    <property name="user.home" value="/Users/abduljewel"/>
    <property name="user.timezone" value="America/New_York"/>
    <property name="java.awt.printerjob" value="sun.lwawt.macosx.CPrinterJob"/>
    <property name="java.specification.version" value="1.8"/>
    <property name="file.encoding" value="UTF-8"/>
    <property name="user.name" value="abduljewel"/>
    <property name="java.class.path" value="/usr/local/Cellar/maven/3.3.3/libexec/boot/plexus-classworlds-2.5.2.jar"/>
    <property name="java.vm.specification.version" value="1.8"/>
    <property name="sun.arch.data.model" value="64"/>
    <property name="java.home" value="/Library/Java/JavaVirtualMachines/jdk1.8.0_60.jdk/Contents/Home/jre"/>
    <property name="sun.java.command" value="org.codehaus.plexus.classworlds.launcher.Launcher clean test"/>
    <property name="java.specification.vendor" value="Oracle Corporation"/>
    <property name="user.language" value="en"/>
    <property name="awt.toolkit" value="sun.lwawt.macosx.LWCToolkit"/>
    <property name="java.vm.info" value="mixed mode"/>
    <property name="java.version" value="1.8.0_60"/>
    <property name="java.ext.dirs" value="/Users/abduljewel/Library/Java/Extensions:/Library/Java/JavaVirtualMachines/jdk1.8.0_60.jdk/Contents/Home/jre/lib/ext:/Library/Java/Extensions:/Network/Library/Java/Extensions:/System/Library/Java/Extensions:/usr/lib/java"/>
    <property name="sun.boot.class.path" value="/Library/Java/JavaVirtualMachines/jdk1.8.0_60.jdk/Contents/Home/jre/lib/resources.jar:/Library/Java/JavaVirtualMachines/jdk1.8.0_60.jdk/Contents/Home/jre/lib/rt.jar:/Library/Java/JavaVirtualMachines/jdk1.8.0_60.jdk/Contents/Home/jre/lib/sunrsasign.jar:/Library/Java/JavaVirtualMachines/jdk1.8.0_60.jdk/Contents/Home/jre/lib/jsse.jar:/Library/Java/JavaVirtualMachines/jdk1.8.0_60.jdk/Contents/Home/jre/lib/jce.jar:/Library/Java/JavaVirtualMachines/jdk1.8.0_60.jdk/Contents/Home/jre/lib/charsets.jar:/Library/Java/JavaVirtualMachines/jdk1.8.0_60.jdk/Contents/Home/jre/lib/jfr.jar:/Library/Java/JavaVirtualMachines/jdk1.8.0_60.jdk/Contents/Home/jre/classes"/>
    <property name="java.vendor" value="Oracle Corporation"/>
    <property name="maven.home" value="/usr/local/Cellar/maven/3.3.3/libexec"/>
    <property name="file.separator" value="/"/>
    <property name="java.vendor.url.bug" value="http://bugreport.sun.com/bugreport/"/>
    <property name="sun.cpu.endian" value="little"/>
    <property name="sun.io.unicode.encoding" value="UnicodeBig"/>
    <property name="socksNonProxyHosts" value="local|*.local|169.254/16|*.169.254/16"/>
    <property name="ftp.nonProxyHosts" value="local|*.local|169.254/16|*.169.254/16"/>
    <property name="sun.cpu.isalist" value=""/>
  </properties>
  <testcase name="skip_for_jobs_that_failed" classname="plugins.PostBuildScriptPluginTest" time="17.905">
    <error message="org.apache.http.entity.ContentType.create(Ljava/lang/String;[Lorg/apache/http/NameValuePair;)Lorg/apache/http/entity/ContentType;" type="java.lang.NoSuchMethodError">java.lang.NoSuchMethodError: org.apache.http.entity.ContentType.create(Ljava/lang/String;[Lorg/apache/http/NameValuePair;)Lorg/apache/http/entity/ContentType;
	at org.apache.http.entity.mime.MultipartEntityBuilder.buildEntity(MultipartEntityBuilder.java:209)
	at org.apache.http.entity.mime.MultipartEntityBuilder.build(MultipartEntityBuilder.java:230)
	at org.jenkinsci.test.acceptance.update_center.PluginMetadata.uploadTo(PluginMetadata.java:65)
	at org.jenkinsci.test.acceptance.po.PluginManager.installPlugins(PluginManager.java:173)
	at org.jenkinsci.test.acceptance.junit.WithPlugins$RuleImpl$1.doInstall(WithPlugins.java:139)
	at org.jenkinsci.test.acceptance.junit.WithPlugins$RuleImpl$1.installPlugins(WithPlugins.java:119)
	at org.jenkinsci.test.acceptance.junit.WithPlugins$RuleImpl$1.evaluate(WithPlugins.java:92)
	at org.jenkinsci.test.acceptance.junit.JenkinsAcceptanceTestRule$1$2$1.evaluate(JenkinsAcceptanceTestRule.java:129)
	at org.jenkinsci.test.acceptance.junit.FilterRule$1.evaluate(FilterRule.java:62)
	at org.jenkinsci.test.acceptance.junit.JenkinsAcceptanceTestRule$1.evaluate(JenkinsAcceptanceTestRule.java:55)
	at org.junit.runners.ParentRunner.runLeaf(ParentRunner.java:271)
	at org.junit.runners.BlockJUnit4ClassRunner.runChild(BlockJUnit4ClassRunner.java:70)
	at org.junit.runners.BlockJUnit4ClassRunner.runChild(BlockJUnit4ClassRunner.java:50)
	at org.junit.runners.ParentRunner$3.run(ParentRunner.java:238)
	at org.junit.runners.ParentRunner$1.schedule(ParentRunner.java:63)
	at org.junit.runners.ParentRunner.runChildren(ParentRunner.java:236)
	at org.junit.runners.ParentRunner.access$000(ParentRunner.java:53)
	at org.junit.runners.ParentRunner$2.evaluate(ParentRunner.java:229)
	at org.junit.runners.ParentRunner.run(ParentRunner.java:309)
	at org.apache.maven.surefire.junit4.JUnit4Provider.execute(JUnit4Provider.java:264)
	at org.apache.maven.surefire.junit4.JUnit4Provider.executeTestSet(JUnit4Provider.java:153)
	at org.apache.maven.surefire.junit4.JUnit4Provider.invoke(JUnit4Provider.java:124)
	at org.apache.maven.surefire.booter.ForkedBooter.invokeProviderInSameClassLoader(ForkedBooter.java:200)
	at org.apache.maven.surefire.booter.ForkedBooter.runSuitesInProcess(ForkedBooter.java:153)
	at org.apache.maven.surefire.booter.ForkedBooter.main(ForkedBooter.java:103)
</error>
    <system-out><![CDATA[testCaseResult=ru.yandex.qatools.allure.model.TestCaseResult@6fcbeb8e[
  name=should_show_build_health
  title=<null>
  description=<null>
  failure=ru.yandex.qatools.allure.model.Failure@25d8dd04
  start=1445040745393
  stop=1445040762985
  status=BROKEN
  severity=<null>
  steps=[]
  attachments=[]
  labels=[ru.yandex.qatools.allure.model.Label@d674617, ru.yandex.qatools.allure.model.Label@6d9cca36]
  parameters=<null>
]
testCaseResult={
   "start" : 1445040745393,
   "stop" : 1445040762985,
   "status" : "broken",
   "name" : "should_show_build_health",
   "failure" : {
      "message" : "NoSuchMethodError: org.apache.http.entity.ContentType.create(Ljava/lang/String;[Lorg/apache/http/NameValuePair;)Lorg/apache/http/entity/ContentType;",
      "stack-trace" : "java.lang.NoSuchMethodError: org.apache.http.entity.ContentType.create(Ljava/lang/String;[Lorg/apache/http/NameValuePair;)Lorg/apache/http/entity/ContentType;\n\tat org.apache.http.entity.mime.MultipartEntityBuilder.buildEntity(MultipartEntityBuilder.java:209)\n\tat org.apache.http.entity.mime.MultipartEntityBuilder.build(MultipartEntityBuilder.java:230)\n\tat org.jenkinsci.test.acceptance.update_center.PluginMetadata.uploadTo(PluginMetadata.java:65)\n\tat org.jenkinsci.test.acceptance.po.PluginManager.installPlugins(PluginManager.java:173)\n\tat org.jenkinsci.test.acceptance.junit.WithPlugins$RuleImpl$1.doInstall(WithPlugins.java:139)\n\tat org.jenkinsci.test.acceptance.junit.WithPlugins$RuleImpl$1.installPlugins(WithPlugins.java:119)\n\tat org.jenkinsci.test.acceptance.junit.WithPlugins$RuleImpl$1.evaluate(WithPlugins.java:92)\n\tat org.jenkinsci.test.acceptance.junit.JenkinsAcceptanceTestRule$1$2$1.evaluate(JenkinsAcceptanceTestRule.java:129)\n\tat org.jenkinsci.test.acceptance.junit.FilterRule$1.evaluate(FilterRule.java:62)\n\tat org.jenkinsci.test.acceptance.junit.JenkinsAcceptanceTestRule$1.evaluate(JenkinsAcceptanceTestRule.java:55)\n\tat org.junit.runners.ParentRunner.runLeaf(ParentRunner.java:271)\n\tat org.junit.runners.BlockJUnit4ClassRunner.runChild(BlockJUnit4ClassRunner.java:70)\n\tat org.junit.runners.BlockJUnit4ClassRunner.runChild(BlockJUnit4ClassRunner.java:50)\n\tat org.junit.runners.ParentRunner$3.run(ParentRunner.java:238)\n\tat org.junit.runners.ParentRunner$1.schedule(ParentRunner.java:63)\n\tat org.junit.runners.ParentRunner.runChildren(ParentRunner.java:236)\n\tat org.junit.runners.ParentRunner.access$000(ParentRunner.java:53)\n\tat org.junit.runners.ParentRunner$2.evaluate(ParentRunner.java:229)\n\tat org.junit.runners.ParentRunner.run(ParentRunner.java:309)\n\tat org.apache.maven.surefire.junit4.JUnit4Provider.execute(JUnit4Provider.java:264)\n\tat org.apache.maven.surefire.junit4.JUnit4Provider.executeTestSet(JUnit4Provider.java:153)\n\tat org.apache.maven.surefire.junit4.JUnit4Provider.invoke(JUnit4Provider.java:124)\n\tat org.apache.maven.surefire.booter.ForkedBooter.invokeProviderInSameClassLoader(ForkedBooter.java:200)\n\tat org.apache.maven.surefire.booter.ForkedBooter.runSuitesInProcess(ForkedBooter.java:153)\n\tat org.apache.maven.surefire.booter.ForkedBooter.main(ForkedBooter.java:103)\n"
   },
   "steps" : {
      "step" : [ ]
   },
   "attachments" : {
      "attachment" : [ ]
   },
   "labels" : {
      "label" : [ {
         "name" : "host",
         "value" : "MacBook-Pro-2.home"
      }, {
         "name" : "thread",
         "value" : "1771@MacBook-Pro-2.home.main(1)"
      } ]
   }
}
testCase=ru.yandex.qatools.allure.model.TestCase@5dbbdb90[
  _id=d678be86-ce02-4c2a-91fa-7d807b3d57c0
  executionId=7a8626ac-7b8d-4761-8bff-776519219d78
  threadName=thread_15005794375463
  name=should_show_build_health
  title=<null>
  description=<null>
  failure=ru.yandex.qatools.allure.model.Failure@25d8dd04
  start=1445040745393
  stop=1445040762985
  status=BROKEN
  severity=<null>
  steps=[]
  attachments=[]
  labels=[ru.yandex.qatools.allure.model.Label@d674617, ru.yandex.qatools.allure.model.Label@6d9cca36]
  parameters=<null>
]
testCase={
   "start" : 1445040745393,
   "stop" : 1445040762985,
   "status" : "broken",
   "_id" : "d678be86-ce02-4c2a-91fa-7d807b3d57c0",
   "executionId" : "7a8626ac-7b8d-4761-8bff-776519219d78",
   "threadName" : "thread_15005794375463",
   "name" : "should_show_build_health",
   "failure" : {
      "message" : "NoSuchMethodError: org.apache.http.entity.ContentType.create(Ljava/lang/String;[Lorg/apache/http/NameValuePair;)Lorg/apache/http/entity/ContentType;",
      "stack-trace" : "java.lang.NoSuchMethodError: org.apache.http.entity.ContentType.create(Ljava/lang/String;[Lorg/apache/http/NameValuePair;)Lorg/apache/http/entity/ContentType;\n\tat org.apache.http.entity.mime.MultipartEntityBuilder.buildEntity(MultipartEntityBuilder.java:209)\n\tat org.apache.http.entity.mime.MultipartEntityBuilder.build(MultipartEntityBuilder.java:230)\n\tat org.jenkinsci.test.acceptance.update_center.PluginMetadata.uploadTo(PluginMetadata.java:65)\n\tat org.jenkinsci.test.acceptance.po.PluginManager.installPlugins(PluginManager.java:173)\n\tat org.jenkinsci.test.acceptance.junit.WithPlugins$RuleImpl$1.doInstall(WithPlugins.java:139)\n\tat org.jenkinsci.test.acceptance.junit.WithPlugins$RuleImpl$1.installPlugins(WithPlugins.java:119)\n\tat org.jenkinsci.test.acceptance.junit.WithPlugins$RuleImpl$1.evaluate(WithPlugins.java:92)\n\tat org.jenkinsci.test.acceptance.junit.JenkinsAcceptanceTestRule$1$2$1.evaluate(JenkinsAcceptanceTestRule.java:129)\n\tat org.jenkinsci.test.acceptance.junit.FilterRule$1.evaluate(FilterRule.java:62)\n\tat org.jenkinsci.test.acceptance.junit.JenkinsAcceptanceTestRule$1.evaluate(JenkinsAcceptanceTestRule.java:55)\n\tat org.junit.runners.ParentRunner.runLeaf(ParentRunner.java:271)\n\tat org.junit.runners.BlockJUnit4ClassRunner.runChild(BlockJUnit4ClassRunner.java:70)\n\tat org.junit.runners.BlockJUnit4ClassRunner.runChild(BlockJUnit4ClassRunner.java:50)\n\tat org.junit.runners.ParentRunner$3.run(ParentRunner.java:238)\n\tat org.junit.runners.ParentRunner$1.schedule(ParentRunner.java:63)\n\tat org.junit.runners.ParentRunner.runChildren(ParentRunner.java:236)\n\tat org.junit.runners.ParentRunner.access$000(ParentRunner.java:53)\n\tat org.junit.runners.ParentRunner$2.evaluate(ParentRunner.java:229)\n\tat org.junit.runners.ParentRunner.run(ParentRunner.java:309)\n\tat org.apache.maven.surefire.junit4.JUnit4Provider.execute(JUnit4Provider.java:264)\n\tat org.apache.maven.surefire.junit4.JUnit4Provider.executeTestSet(JUnit4Provider.java:153)\n\tat org.apache.maven.surefire.junit4.JUnit4Provider.invoke(JUnit4Provider.java:124)\n\tat org.apache.maven.surefire.booter.ForkedBooter.invokeProviderInSameClassLoader(ForkedBooter.java:200)\n\tat org.apache.maven.surefire.booter.ForkedBooter.runSuitesInProcess(ForkedBooter.java:153)\n\tat org.apache.maven.surefire.booter.ForkedBooter.main(ForkedBooter.java:103)\n"
   },
   "steps" : {
      "step" : [ ]
   },
   "attachments" : {
      "attachment" : [ ]
   },
   "labels" : {
      "label" : [ {
         "name" : "host",
         "value" : "MacBook-Pro-2.home"
      }, {
         "name" : "thread",
         "value" : "1771@MacBook-Pro-2.home.main(1)"
      } ]
   }
}
>>>REQUEST: /testaspect/TestCase/d678be86-ce02-4c2a-91fa-7d807b3d57c0
<<<RESPONSE (201 Created): /testaspect/TestCase/d678be86-ce02-4c2a-91fa-7d807b3d57c0
running with given plugins: []
=== Starting skip_for_jobs_that_failed(plugins.PostBuildScriptPluginTest)
Starting Jenkins: JAVA_HOME=/Library/Java/JavaVirtualMachines/jdk1.8.0_60.jdk/Contents/Home JENKINS_HOME=/Users/abduljewel/Documents/c/spiderqa/sample-test-projects/acceptance-test-harness/target/jenkins8859401735365591671home /Library/Java/JavaVirtualMachines/jdk1.8.0_60.jdk/Contents/Home/bin/java -Duser.language=en -jar ./jenkins.war --ajp13Port=-1 --httpPort=55906
master55906|Running from: /Users/abduljewel/Documents/c/spiderqa/sample-test-projects/acceptance-test-harness/jenkins.war
master55906|webroot: EnvVars.masterEnvVars.get("JENKINS_HOME")
master55906|Oct 16, 2015 8:12:43 PM winstone.Logger logInternal
master55906|INFO: Beginning extraction from war file
master55906|Oct 16, 2015 8:12:44 PM org.eclipse.jetty.util.log.JavaUtilLog info
master55906|INFO: jetty-winstone-2.8
master55906|Oct 16, 2015 8:12:45 PM org.eclipse.jetty.util.log.JavaUtilLog info
master55906|INFO: NO JSP Support for , did not find org.apache.jasper.servlet.JspServlet
master55906|Jenkins home directory: /Users/abduljewel/Documents/c/spiderqa/sample-test-projects/acceptance-test-harness/target/jenkins8859401735365591671home found at: EnvVars.masterEnvVars.get("JENKINS_HOME")
master55906|Oct 16, 2015 8:12:46 PM org.eclipse.jetty.util.log.JavaUtilLog info
master55906|INFO: Started SelectChannelConnector@0.0.0.0:55906
master55906|Oct 16, 2015 8:12:46 PM winstone.Logger logInternal
master55906|INFO: Winstone Servlet Engine v2.0 running: controlPort=disabled
master55906|Oct 16, 2015 8:12:46 PM jenkins.InitReactorRunner$1 onAttained
master55906|INFO: Started initialization
master55906|Oct 16, 2015 8:12:55 PM jenkins.InitReactorRunner$1 onAttained
master55906|INFO: Listed all plugins
master55906|Oct 16, 2015 8:12:55 PM jenkins.InitReactorRunner$1 onAttained
master55906|INFO: Prepared all plugins
master55906|Oct 16, 2015 8:12:55 PM jenkins.InitReactorRunner$1 onAttained
master55906|INFO: Started all plugins
master55906|Oct 16, 2015 8:12:55 PM jenkins.InitReactorRunner$1 onAttained
master55906|INFO: Augmented all extensions
master55906|Oct 16, 2015 8:12:56 PM jenkins.InitReactorRunner$1 onAttained
master55906|INFO: Loaded all jobs
master55906|Oct 16, 2015 8:12:58 PM hudson.model.AsyncPeriodicWork$1 run
master55906|INFO: Started Download metadata
master55906|Oct 16, 2015 8:12:58 PM org.jenkinsci.main.modules.sshd.SSHD start
master55906|INFO: Started SSHD at port 59756
master55906|Oct 16, 2015 8:12:58 PM jenkins.InitReactorRunner$1 onAttained
master55906|INFO: Completed initialization
master55906|Oct 16, 2015 8:12:58 PM hudson.UDPBroadcastThread run
master55906|WARNING: UDP handling problem
master55906|java.net.SocketException: Can't assign requested address
master55906|	at java.net.PlainDatagramSocketImpl.join(Native Method)
master55906|	at java.net.AbstractPlainDatagramSocketImpl.join(AbstractPlainDatagramSocketImpl.java:179)
master55906|	at java.net.MulticastSocket.joinGroup(MulticastSocket.java:323)
master55906|	at hudson.UDPBroadcastThread.run(UDPBroadcastThread.java:77)
master55906|
master55906|Oct 16, 2015 8:12:58 PM hudson.WebAppMain$3 run
master55906|INFO: Jenkins is fully up and running
master55906|Oct 16, 2015 8:12:59 PM hudson.model.UpdateSite updateData
master55906|INFO: Obtained the latest update center data file for UpdateSource default
master55906|Oct 16, 2015 8:12:59 PM hudson.model.DownloadService$Downloadable load
master55906|INFO: Obtained the updated data file for hudson.tasks.Maven.MavenInstaller
master55906|Oct 16, 2015 8:13:00 PM hudson.model.DownloadService$Downloadable load
master55906|INFO: Obtained the updated data file for hudson.tasks.Ant.AntInstaller
master55906|Oct 16, 2015 8:13:00 PM hudson.model.DownloadService$Downloadable load
master55906|INFO: Obtained the updated data file for hudson.tools.JDKInstaller
master55906|Oct 16, 2015 8:13:00 PM hudson.model.AsyncPeriodicWork$1 run
master55906|INFO: Finished Download metadata. 2,645 ms
Jenkins is stopped
]]></system-out>
    <system-err><![CDATA[Oct 16, 2015 8:12:42 PM org.jenkinsci.test.acceptance.controller.LocalController startNow
INFO: Waiting for Jenkins to become running in http://127.0.0.1:55906/
Oct 16, 2015 8:12:58 PM org.jenkinsci.test.acceptance.controller.LocalController startNow
INFO: Jenkins is running in http://127.0.0.1:55906/
Oct 16, 2015 8:12:58 PM org.openqa.selenium.phantomjs.PhantomJSDriverService <init>
INFO: executable: /usr/local/bin/phantomjs
Oct 16, 2015 8:12:58 PM org.openqa.selenium.phantomjs.PhantomJSDriverService <init>
INFO: port: 4226
Oct 16, 2015 8:12:58 PM org.openqa.selenium.phantomjs.PhantomJSDriverService <init>
INFO: arguments: [--webdriver=4226, --webdriver-logfile=/Users/abduljewel/Documents/c/spiderqa/sample-test-projects/acceptance-test-harness/phantomjsdriver.log]
Oct 16, 2015 8:12:58 PM org.openqa.selenium.phantomjs.PhantomJSDriverService <init>
INFO: environment: {}
[INFO  - 2015-10-17T00:12:58.693Z] GhostDriver - Main - running on port 4226
[INFO  - 2015-10-17T00:12:58.954Z] Session [d2a85660-7463-11e5-b5d6-5b148dca31b5] - page.settings - {"XSSAuditingEnabled":false,"javascriptCanCloseWindows":true,"javascriptCanOpenWindows":true,"javascriptEnabled":true,"loadImages":true,"localToRemoteUrlAccessEnabled":false,"userAgent":"Mozilla/5.0 (Macintosh; Intel Mac OS X) AppleWebKit/538.1 (KHTML, like Gecko) PhantomJS/2.0.0 Safari/538.1","webSecurityEnabled":true}
[INFO  - 2015-10-17T00:12:58.954Z] Session [d2a85660-7463-11e5-b5d6-5b148dca31b5] - page.customHeaders:  - {"Accept-Language":"en"}
[INFO  - 2015-10-17T00:12:58.954Z] Session [d2a85660-7463-11e5-b5d6-5b148dca31b5] - Session.negotiatedCapabilities - {"browserName":"phantomjs","version":"2.0.0","driverName":"ghostdriver","driverVersion":"1.2.0","platform":"mac-10.9 (Mavericks)-64bit","javascriptEnabled":true,"takesScreenshot":true,"handlesAlerts":false,"databaseEnabled":false,"locationContextEnabled":false,"applicationCacheEnabled":false,"browserConnectionEnabled":false,"cssSelectorsEnabled":true,"webStorageEnabled":false,"rotatable":false,"acceptSslCerts":false,"nativeEvents":true,"proxy":{"proxyType":"direct"},"phantomjs.page.customHeaders.Accept-Language":"en"}
[INFO  - 2015-10-17T00:12:58.955Z] SessionManagerReqHand - _postNewSessionCommand - New Session Created: d2a85660-7463-11e5-b5d6-5b148dca31b5
Oct 16, 2015 8:12:59 PM org.jenkinsci.test.acceptance.po.PluginManager installationStatus
INFO: postbuildscript is not installed
Oct 16, 2015 8:12:59 PM org.jenkinsci.test.acceptance.po.PluginManager installationStatus
INFO: postbuildscript is not installed
Oct 16, 2015 8:13:00 PM org.jenkinsci.test.acceptance.po.PluginManager installationStatus
INFO: mailer has version 1.11 but 1.15 was requested
[INFO  - 2015-10-17T00:13:00.599Z] ShutdownReqHand - _handle - About to shutdown
]]></system-err>
  </testcase>
  <testcase name="skip_for_jobs_that_suceeded" classname="plugins.PostBuildScriptPluginTest" time="17.868">
    <error message="org.apache.http.entity.ContentType.create(Ljava/lang/String;[Lorg/apache/http/NameValuePair;)Lorg/apache/http/entity/ContentType;" type="java.lang.NoSuchMethodError">java.lang.NoSuchMethodError: org.apache.http.entity.ContentType.create(Ljava/lang/String;[Lorg/apache/http/NameValuePair;)Lorg/apache/http/entity/ContentType;
	at org.apache.http.entity.mime.MultipartEntityBuilder.buildEntity(MultipartEntityBuilder.java:209)
	at org.apache.http.entity.mime.MultipartEntityBuilder.build(MultipartEntityBuilder.java:230)
	at org.jenkinsci.test.acceptance.update_center.PluginMetadata.uploadTo(PluginMetadata.java:65)
	at org.jenkinsci.test.acceptance.po.PluginManager.installPlugins(PluginManager.java:173)
	at org.jenkinsci.test.acceptance.junit.WithPlugins$RuleImpl$1.doInstall(WithPlugins.java:139)
	at org.jenkinsci.test.acceptance.junit.WithPlugins$RuleImpl$1.installPlugins(WithPlugins.java:119)
	at org.jenkinsci.test.acceptance.junit.WithPlugins$RuleImpl$1.evaluate(WithPlugins.java:92)
	at org.jenkinsci.test.acceptance.junit.JenkinsAcceptanceTestRule$1$2$1.evaluate(JenkinsAcceptanceTestRule.java:129)
	at org.jenkinsci.test.acceptance.junit.FilterRule$1.evaluate(FilterRule.java:62)
	at org.jenkinsci.test.acceptance.junit.JenkinsAcceptanceTestRule$1.evaluate(JenkinsAcceptanceTestRule.java:55)
	at org.junit.runners.ParentRunner.runLeaf(ParentRunner.java:271)
	at org.junit.runners.BlockJUnit4ClassRunner.runChild(BlockJUnit4ClassRunner.java:70)
	at org.junit.runners.BlockJUnit4ClassRunner.runChild(BlockJUnit4ClassRunner.java:50)
	at org.junit.runners.ParentRunner$3.run(ParentRunner.java:238)
	at org.junit.runners.ParentRunner$1.schedule(ParentRunner.java:63)
	at org.junit.runners.ParentRunner.runChildren(ParentRunner.java:236)
	at org.junit.runners.ParentRunner.access$000(ParentRunner.java:53)
	at org.junit.runners.ParentRunner$2.evaluate(ParentRunner.java:229)
	at org.junit.runners.ParentRunner.run(ParentRunner.java:309)
	at org.apache.maven.surefire.junit4.JUnit4Provider.execute(JUnit4Provider.java:264)
	at org.apache.maven.surefire.junit4.JUnit4Provider.executeTestSet(JUnit4Provider.java:153)
	at org.apache.maven.surefire.junit4.JUnit4Provider.invoke(JUnit4Provider.java:124)
	at org.apache.maven.surefire.booter.ForkedBooter.invokeProviderInSameClassLoader(ForkedBooter.java:200)
	at org.apache.maven.surefire.booter.ForkedBooter.runSuitesInProcess(ForkedBooter.java:153)
	at org.apache.maven.surefire.booter.ForkedBooter.main(ForkedBooter.java:103)
</error>
    <system-out><![CDATA[testCaseResult=ru.yandex.qatools.allure.model.TestCaseResult@2ccc2b6[
  name=skip_for_jobs_that_failed
  title=<null>
  description=<null>
  failure=ru.yandex.qatools.allure.model.Failure@61df8644
  start=1445040762988
  stop=1445040781271
  status=BROKEN
  severity=<null>
  steps=[]
  attachments=[]
  labels=[ru.yandex.qatools.allure.model.Label@46e9258d, ru.yandex.qatools.allure.model.Label@376471]
  parameters=<null>
]
testCaseResult={
   "start" : 1445040762988,
   "stop" : 1445040781271,
   "status" : "broken",
   "name" : "skip_for_jobs_that_failed",
   "failure" : {
      "message" : "NoSuchMethodError: org.apache.http.entity.ContentType.create(Ljava/lang/String;[Lorg/apache/http/NameValuePair;)Lorg/apache/http/entity/ContentType;",
      "stack-trace" : "java.lang.NoSuchMethodError: org.apache.http.entity.ContentType.create(Ljava/lang/String;[Lorg/apache/http/NameValuePair;)Lorg/apache/http/entity/ContentType;\n\tat org.apache.http.entity.mime.MultipartEntityBuilder.buildEntity(MultipartEntityBuilder.java:209)\n\tat org.apache.http.entity.mime.MultipartEntityBuilder.build(MultipartEntityBuilder.java:230)\n\tat org.jenkinsci.test.acceptance.update_center.PluginMetadata.uploadTo(PluginMetadata.java:65)\n\tat org.jenkinsci.test.acceptance.po.PluginManager.installPlugins(PluginManager.java:173)\n\tat org.jenkinsci.test.acceptance.junit.WithPlugins$RuleImpl$1.doInstall(WithPlugins.java:139)\n\tat org.jenkinsci.test.acceptance.junit.WithPlugins$RuleImpl$1.installPlugins(WithPlugins.java:119)\n\tat org.jenkinsci.test.acceptance.junit.WithPlugins$RuleImpl$1.evaluate(WithPlugins.java:92)\n\tat org.jenkinsci.test.acceptance.junit.JenkinsAcceptanceTestRule$1$2$1.evaluate(JenkinsAcceptanceTestRule.java:129)\n\tat org.jenkinsci.test.acceptance.junit.FilterRule$1.evaluate(FilterRule.java:62)\n\tat org.jenkinsci.test.acceptance.junit.JenkinsAcceptanceTestRule$1.evaluate(JenkinsAcceptanceTestRule.java:55)\n\tat org.junit.runners.ParentRunner.runLeaf(ParentRunner.java:271)\n\tat org.junit.runners.BlockJUnit4ClassRunner.runChild(BlockJUnit4ClassRunner.java:70)\n\tat org.junit.runners.BlockJUnit4ClassRunner.runChild(BlockJUnit4ClassRunner.java:50)\n\tat org.junit.runners.ParentRunner$3.run(ParentRunner.java:238)\n\tat org.junit.runners.ParentRunner$1.schedule(ParentRunner.java:63)\n\tat org.junit.runners.ParentRunner.runChildren(ParentRunner.java:236)\n\tat org.junit.runners.ParentRunner.access$000(ParentRunner.java:53)\n\tat org.junit.runners.ParentRunner$2.evaluate(ParentRunner.java:229)\n\tat org.junit.runners.ParentRunner.run(ParentRunner.java:309)\n\tat org.apache.maven.surefire.junit4.JUnit4Provider.execute(JUnit4Provider.java:264)\n\tat org.apache.maven.surefire.junit4.JUnit4Provider.executeTestSet(JUnit4Provider.java:153)\n\tat org.apache.maven.surefire.junit4.JUnit4Provider.invoke(JUnit4Provider.java:124)\n\tat org.apache.maven.surefire.booter.ForkedBooter.invokeProviderInSameClassLoader(ForkedBooter.java:200)\n\tat org.apache.maven.surefire.booter.ForkedBooter.runSuitesInProcess(ForkedBooter.java:153)\n\tat org.apache.maven.surefire.booter.ForkedBooter.main(ForkedBooter.java:103)\n"
   },
   "steps" : {
      "step" : [ ]
   },
   "attachments" : {
      "attachment" : [ ]
   },
   "labels" : {
      "label" : [ {
         "name" : "host",
         "value" : "MacBook-Pro-2.home"
      }, {
         "name" : "thread",
         "value" : "1771@MacBook-Pro-2.home.main(1)"
      } ]
   }
}
testCase=ru.yandex.qatools.allure.model.TestCase@648acfb3[
  _id=7b129897-4ae8-488d-8465-fc7ebf8747fa
  executionId=7a8626ac-7b8d-4761-8bff-776519219d78
  threadName=thread_15005794375463
  name=skip_for_jobs_that_failed
  title=<null>
  description=<null>
  failure=ru.yandex.qatools.allure.model.Failure@61df8644
  start=1445040762988
  stop=1445040781271
  status=BROKEN
  severity=<null>
  steps=[]
  attachments=[]
  labels=[ru.yandex.qatools.allure.model.Label@46e9258d, ru.yandex.qatools.allure.model.Label@376471]
  parameters=<null>
]
testCase={
   "start" : 1445040762988,
   "stop" : 1445040781271,
   "status" : "broken",
   "_id" : "7b129897-4ae8-488d-8465-fc7ebf8747fa",
   "executionId" : "7a8626ac-7b8d-4761-8bff-776519219d78",
   "threadName" : "thread_15005794375463",
   "name" : "skip_for_jobs_that_failed",
   "failure" : {
      "message" : "NoSuchMethodError: org.apache.http.entity.ContentType.create(Ljava/lang/String;[Lorg/apache/http/NameValuePair;)Lorg/apache/http/entity/ContentType;",
      "stack-trace" : "java.lang.NoSuchMethodError: org.apache.http.entity.ContentType.create(Ljava/lang/String;[Lorg/apache/http/NameValuePair;)Lorg/apache/http/entity/ContentType;\n\tat org.apache.http.entity.mime.MultipartEntityBuilder.buildEntity(MultipartEntityBuilder.java:209)\n\tat org.apache.http.entity.mime.MultipartEntityBuilder.build(MultipartEntityBuilder.java:230)\n\tat org.jenkinsci.test.acceptance.update_center.PluginMetadata.uploadTo(PluginMetadata.java:65)\n\tat org.jenkinsci.test.acceptance.po.PluginManager.installPlugins(PluginManager.java:173)\n\tat org.jenkinsci.test.acceptance.junit.WithPlugins$RuleImpl$1.doInstall(WithPlugins.java:139)\n\tat org.jenkinsci.test.acceptance.junit.WithPlugins$RuleImpl$1.installPlugins(WithPlugins.java:119)\n\tat org.jenkinsci.test.acceptance.junit.WithPlugins$RuleImpl$1.evaluate(WithPlugins.java:92)\n\tat org.jenkinsci.test.acceptance.junit.JenkinsAcceptanceTestRule$1$2$1.evaluate(JenkinsAcceptanceTestRule.java:129)\n\tat org.jenkinsci.test.acceptance.junit.FilterRule$1.evaluate(FilterRule.java:62)\n\tat org.jenkinsci.test.acceptance.junit.JenkinsAcceptanceTestRule$1.evaluate(JenkinsAcceptanceTestRule.java:55)\n\tat org.junit.runners.ParentRunner.runLeaf(ParentRunner.java:271)\n\tat org.junit.runners.BlockJUnit4ClassRunner.runChild(BlockJUnit4ClassRunner.java:70)\n\tat org.junit.runners.BlockJUnit4ClassRunner.runChild(BlockJUnit4ClassRunner.java:50)\n\tat org.junit.runners.ParentRunner$3.run(ParentRunner.java:238)\n\tat org.junit.runners.ParentRunner$1.schedule(ParentRunner.java:63)\n\tat org.junit.runners.ParentRunner.runChildren(ParentRunner.java:236)\n\tat org.junit.runners.ParentRunner.access$000(ParentRunner.java:53)\n\tat org.junit.runners.ParentRunner$2.evaluate(ParentRunner.java:229)\n\tat org.junit.runners.ParentRunner.run(ParentRunner.java:309)\n\tat org.apache.maven.surefire.junit4.JUnit4Provider.execute(JUnit4Provider.java:264)\n\tat org.apache.maven.surefire.junit4.JUnit4Provider.executeTestSet(JUnit4Provider.java:153)\n\tat org.apache.maven.surefire.junit4.JUnit4Provider.invoke(JUnit4Provider.java:124)\n\tat org.apache.maven.surefire.booter.ForkedBooter.invokeProviderInSameClassLoader(ForkedBooter.java:200)\n\tat org.apache.maven.surefire.booter.ForkedBooter.runSuitesInProcess(ForkedBooter.java:153)\n\tat org.apache.maven.surefire.booter.ForkedBooter.main(ForkedBooter.java:103)\n"
   },
   "steps" : {
      "step" : [ ]
   },
   "attachments" : {
      "attachment" : [ ]
   },
   "labels" : {
      "label" : [ {
         "name" : "host",
         "value" : "MacBook-Pro-2.home"
      }, {
         "name" : "thread",
         "value" : "1771@MacBook-Pro-2.home.main(1)"
      } ]
   }
}
>>>REQUEST: /testaspect/TestCase/7b129897-4ae8-488d-8465-fc7ebf8747fa
<<<RESPONSE (201 Created): /testaspect/TestCase/7b129897-4ae8-488d-8465-fc7ebf8747fa
running with given plugins: []
=== Starting skip_for_jobs_that_suceeded(plugins.PostBuildScriptPluginTest)
Starting Jenkins: JAVA_HOME=/Library/Java/JavaVirtualMachines/jdk1.8.0_60.jdk/Contents/Home JENKINS_HOME=/Users/abduljewel/Documents/c/spiderqa/sample-test-projects/acceptance-test-harness/target/jenkins2415631377682149784home /Library/Java/JavaVirtualMachines/jdk1.8.0_60.jdk/Contents/Home/bin/java -Duser.language=en -jar ./jenkins.war --ajp13Port=-1 --httpPort=50942
master50942|Running from: /Users/abduljewel/Documents/c/spiderqa/sample-test-projects/acceptance-test-harness/jenkins.war
master50942|webroot: EnvVars.masterEnvVars.get("JENKINS_HOME")
master50942|Oct 16, 2015 8:13:01 PM winstone.Logger logInternal
master50942|INFO: Beginning extraction from war file
master50942|Oct 16, 2015 8:13:02 PM org.eclipse.jetty.util.log.JavaUtilLog info
master50942|INFO: jetty-winstone-2.8
master50942|Oct 16, 2015 8:13:03 PM org.eclipse.jetty.util.log.JavaUtilLog info
master50942|INFO: NO JSP Support for , did not find org.apache.jasper.servlet.JspServlet
master50942|Jenkins home directory: /Users/abduljewel/Documents/c/spiderqa/sample-test-projects/acceptance-test-harness/target/jenkins2415631377682149784home found at: EnvVars.masterEnvVars.get("JENKINS_HOME")
master50942|Oct 16, 2015 8:13:04 PM org.eclipse.jetty.util.log.JavaUtilLog info
master50942|INFO: Started SelectChannelConnector@0.0.0.0:50942
master50942|Oct 16, 2015 8:13:04 PM winstone.Logger logInternal
master50942|INFO: Winstone Servlet Engine v2.0 running: controlPort=disabled
master50942|Oct 16, 2015 8:13:04 PM jenkins.InitReactorRunner$1 onAttained
master50942|INFO: Started initialization
master50942|Oct 16, 2015 8:13:13 PM jenkins.InitReactorRunner$1 onAttained
master50942|INFO: Listed all plugins
master50942|Oct 16, 2015 8:13:13 PM jenkins.InitReactorRunner$1 onAttained
master50942|INFO: Prepared all plugins
master50942|Oct 16, 2015 8:13:13 PM jenkins.InitReactorRunner$1 onAttained
master50942|INFO: Started all plugins
master50942|Oct 16, 2015 8:13:13 PM jenkins.InitReactorRunner$1 onAttained
master50942|INFO: Augmented all extensions
master50942|Oct 16, 2015 8:13:15 PM jenkins.InitReactorRunner$1 onAttained
master50942|INFO: Loaded all jobs
master50942|Oct 16, 2015 8:13:16 PM hudson.model.AsyncPeriodicWork$1 run
master50942|INFO: Started Download metadata
master50942|Oct 16, 2015 8:13:16 PM org.jenkinsci.main.modules.sshd.SSHD start
master50942|INFO: Started SSHD at port 59778
master50942|Oct 16, 2015 8:13:16 PM jenkins.InitReactorRunner$1 onAttained
master50942|INFO: Completed initialization
master50942|Oct 16, 2015 8:13:16 PM hudson.UDPBroadcastThread run
master50942|WARNING: UDP handling problem
master50942|java.net.SocketException: Can't assign requested address
master50942|	at java.net.PlainDatagramSocketImpl.join(Native Method)
master50942|	at java.net.AbstractPlainDatagramSocketImpl.join(AbstractPlainDatagramSocketImpl.java:179)
master50942|	at java.net.MulticastSocket.joinGroup(MulticastSocket.java:323)
master50942|	at hudson.UDPBroadcastThread.run(UDPBroadcastThread.java:77)
master50942|
master50942|Oct 16, 2015 8:13:16 PM hudson.WebAppMain$3 run
master50942|INFO: Jenkins is fully up and running
Jenkins is stopped
]]></system-out>
    <system-err><![CDATA[Oct 16, 2015 8:13:01 PM org.jenkinsci.test.acceptance.controller.LocalController startNow
INFO: Waiting for Jenkins to become running in http://127.0.0.1:50942/
Oct 16, 2015 8:13:16 PM org.jenkinsci.test.acceptance.controller.LocalController startNow
INFO: Jenkins is running in http://127.0.0.1:50942/
Oct 16, 2015 8:13:16 PM org.openqa.selenium.phantomjs.PhantomJSDriverService <init>
INFO: executable: /usr/local/bin/phantomjs
Oct 16, 2015 8:13:16 PM org.openqa.selenium.phantomjs.PhantomJSDriverService <init>
INFO: port: 24112
Oct 16, 2015 8:13:16 PM org.openqa.selenium.phantomjs.PhantomJSDriverService <init>
INFO: arguments: [--webdriver=24112, --webdriver-logfile=/Users/abduljewel/Documents/c/spiderqa/sample-test-projects/acceptance-test-harness/phantomjsdriver.log]
Oct 16, 2015 8:13:16 PM org.openqa.selenium.phantomjs.PhantomJSDriverService <init>
INFO: environment: {}
[INFO  - 2015-10-17T00:13:17.168Z] GhostDriver - Main - running on port 24112
[INFO  - 2015-10-17T00:13:17.434Z] Session [ddac2960-7463-11e5-bf48-ab6a22da5b5a] - page.settings - {"XSSAuditingEnabled":false,"javascriptCanCloseWindows":true,"javascriptCanOpenWindows":true,"javascriptEnabled":true,"loadImages":true,"localToRemoteUrlAccessEnabled":false,"userAgent":"Mozilla/5.0 (Macintosh; Intel Mac OS X) AppleWebKit/538.1 (KHTML, like Gecko) PhantomJS/2.0.0 Safari/538.1","webSecurityEnabled":true}
[INFO  - 2015-10-17T00:13:17.434Z] Session [ddac2960-7463-11e5-bf48-ab6a22da5b5a] - page.customHeaders:  - {"Accept-Language":"en"}
[INFO  - 2015-10-17T00:13:17.434Z] Session [ddac2960-7463-11e5-bf48-ab6a22da5b5a] - Session.negotiatedCapabilities - {"browserName":"phantomjs","version":"2.0.0","driverName":"ghostdriver","driverVersion":"1.2.0","platform":"mac-10.9 (Mavericks)-64bit","javascriptEnabled":true,"takesScreenshot":true,"handlesAlerts":false,"databaseEnabled":false,"locationContextEnabled":false,"applicationCacheEnabled":false,"browserConnectionEnabled":false,"cssSelectorsEnabled":true,"webStorageEnabled":false,"rotatable":false,"acceptSslCerts":false,"nativeEvents":true,"proxy":{"proxyType":"direct"},"phantomjs.page.customHeaders.Accept-Language":"en"}
[INFO  - 2015-10-17T00:13:17.434Z] SessionManagerReqHand - _postNewSessionCommand - New Session Created: ddac2960-7463-11e5-bf48-ab6a22da5b5a
Oct 16, 2015 8:13:18 PM org.jenkinsci.test.acceptance.po.PluginManager installationStatus
INFO: postbuildscript is not installed
Oct 16, 2015 8:13:18 PM org.jenkinsci.test.acceptance.po.PluginManager installationStatus
INFO: postbuildscript is not installed
Oct 16, 2015 8:13:18 PM org.jenkinsci.test.acceptance.po.PluginManager installationStatus
INFO: mailer has version 1.11 but 1.15 was requested
[INFO  - 2015-10-17T00:13:18.434Z] ShutdownReqHand - _handle - About to shutdown
]]></system-err>
  </testcase>
  <testcase name="run_post_build_step" classname="plugins.PostBuildScriptPluginTest" time="18.661">
    <error message="org.apache.http.entity.ContentType.create(Ljava/lang/String;[Lorg/apache/http/NameValuePair;)Lorg/apache/http/entity/ContentType;" type="java.lang.NoSuchMethodError">java.lang.NoSuchMethodError: org.apache.http.entity.ContentType.create(Ljava/lang/String;[Lorg/apache/http/NameValuePair;)Lorg/apache/http/entity/ContentType;
	at org.apache.http.entity.mime.MultipartEntityBuilder.buildEntity(MultipartEntityBuilder.java:209)
	at org.apache.http.entity.mime.MultipartEntityBuilder.build(MultipartEntityBuilder.java:230)
	at org.jenkinsci.test.acceptance.update_center.PluginMetadata.uploadTo(PluginMetadata.java:65)
	at org.jenkinsci.test.acceptance.po.PluginManager.installPlugins(PluginManager.java:173)
	at org.jenkinsci.test.acceptance.junit.WithPlugins$RuleImpl$1.doInstall(WithPlugins.java:139)
	at org.jenkinsci.test.acceptance.junit.WithPlugins$RuleImpl$1.installPlugins(WithPlugins.java:119)
	at org.jenkinsci.test.acceptance.junit.WithPlugins$RuleImpl$1.evaluate(WithPlugins.java:92)
	at org.jenkinsci.test.acceptance.junit.JenkinsAcceptanceTestRule$1$2$1.evaluate(JenkinsAcceptanceTestRule.java:129)
	at org.jenkinsci.test.acceptance.junit.FilterRule$1.evaluate(FilterRule.java:62)
	at org.jenkinsci.test.acceptance.junit.JenkinsAcceptanceTestRule$1.evaluate(JenkinsAcceptanceTestRule.java:55)
	at org.junit.runners.ParentRunner.runLeaf(ParentRunner.java:271)
	at org.junit.runners.BlockJUnit4ClassRunner.runChild(BlockJUnit4ClassRunner.java:70)
	at org.junit.runners.BlockJUnit4ClassRunner.runChild(BlockJUnit4ClassRunner.java:50)
	at org.junit.runners.ParentRunner$3.run(ParentRunner.java:238)
	at org.junit.runners.ParentRunner$1.schedule(ParentRunner.java:63)
	at org.junit.runners.ParentRunner.runChildren(ParentRunner.java:236)
	at org.junit.runners.ParentRunner.access$000(ParentRunner.java:53)
	at org.junit.runners.ParentRunner$2.evaluate(ParentRunner.java:229)
	at org.junit.runners.ParentRunner.run(ParentRunner.java:309)
	at org.apache.maven.surefire.junit4.JUnit4Provider.execute(JUnit4Provider.java:264)
	at org.apache.maven.surefire.junit4.JUnit4Provider.executeTestSet(JUnit4Provider.java:153)
	at org.apache.maven.surefire.junit4.JUnit4Provider.invoke(JUnit4Provider.java:124)
	at org.apache.maven.surefire.booter.ForkedBooter.invokeProviderInSameClassLoader(ForkedBooter.java:200)
	at org.apache.maven.surefire.booter.ForkedBooter.runSuitesInProcess(ForkedBooter.java:153)
	at org.apache.maven.surefire.booter.ForkedBooter.main(ForkedBooter.java:103)
</error>
    <system-out><![CDATA[testCaseResult=ru.yandex.qatools.allure.model.TestCaseResult@554c99b3[
  name=skip_for_jobs_that_suceeded
  title=<null>
  description=<null>
  failure=ru.yandex.qatools.allure.model.Failure@6eda71b4
  start=1445040781273
  stop=1445040799141
  status=BROKEN
  severity=<null>
  steps=[]
  attachments=[]
  labels=[ru.yandex.qatools.allure.model.Label@58a33f60, ru.yandex.qatools.allure.model.Label@49f7cce]
  parameters=<null>
]
testCaseResult={
   "start" : 1445040781273,
   "stop" : 1445040799141,
   "status" : "broken",
   "name" : "skip_for_jobs_that_suceeded",
   "failure" : {
      "message" : "NoSuchMethodError: org.apache.http.entity.ContentType.create(Ljava/lang/String;[Lorg/apache/http/NameValuePair;)Lorg/apache/http/entity/ContentType;",
      "stack-trace" : "java.lang.NoSuchMethodError: org.apache.http.entity.ContentType.create(Ljava/lang/String;[Lorg/apache/http/NameValuePair;)Lorg/apache/http/entity/ContentType;\n\tat org.apache.http.entity.mime.MultipartEntityBuilder.buildEntity(MultipartEntityBuilder.java:209)\n\tat org.apache.http.entity.mime.MultipartEntityBuilder.build(MultipartEntityBuilder.java:230)\n\tat org.jenkinsci.test.acceptance.update_center.PluginMetadata.uploadTo(PluginMetadata.java:65)\n\tat org.jenkinsci.test.acceptance.po.PluginManager.installPlugins(PluginManager.java:173)\n\tat org.jenkinsci.test.acceptance.junit.WithPlugins$RuleImpl$1.doInstall(WithPlugins.java:139)\n\tat org.jenkinsci.test.acceptance.junit.WithPlugins$RuleImpl$1.installPlugins(WithPlugins.java:119)\n\tat org.jenkinsci.test.acceptance.junit.WithPlugins$RuleImpl$1.evaluate(WithPlugins.java:92)\n\tat org.jenkinsci.test.acceptance.junit.JenkinsAcceptanceTestRule$1$2$1.evaluate(JenkinsAcceptanceTestRule.java:129)\n\tat org.jenkinsci.test.acceptance.junit.FilterRule$1.evaluate(FilterRule.java:62)\n\tat org.jenkinsci.test.acceptance.junit.JenkinsAcceptanceTestRule$1.evaluate(JenkinsAcceptanceTestRule.java:55)\n\tat org.junit.runners.ParentRunner.runLeaf(ParentRunner.java:271)\n\tat org.junit.runners.BlockJUnit4ClassRunner.runChild(BlockJUnit4ClassRunner.java:70)\n\tat org.junit.runners.BlockJUnit4ClassRunner.runChild(BlockJUnit4ClassRunner.java:50)\n\tat org.junit.runners.ParentRunner$3.run(ParentRunner.java:238)\n\tat org.junit.runners.ParentRunner$1.schedule(ParentRunner.java:63)\n\tat org.junit.runners.ParentRunner.runChildren(ParentRunner.java:236)\n\tat org.junit.runners.ParentRunner.access$000(ParentRunner.java:53)\n\tat org.junit.runners.ParentRunner$2.evaluate(ParentRunner.java:229)\n\tat org.junit.runners.ParentRunner.run(ParentRunner.java:309)\n\tat org.apache.maven.surefire.junit4.JUnit4Provider.execute(JUnit4Provider.java:264)\n\tat org.apache.maven.surefire.junit4.JUnit4Provider.executeTestSet(JUnit4Provider.java:153)\n\tat org.apache.maven.surefire.junit4.JUnit4Provider.invoke(JUnit4Provider.java:124)\n\tat org.apache.maven.surefire.booter.ForkedBooter.invokeProviderInSameClassLoader(ForkedBooter.java:200)\n\tat org.apache.maven.surefire.booter.ForkedBooter.runSuitesInProcess(ForkedBooter.java:153)\n\tat org.apache.maven.surefire.booter.ForkedBooter.main(ForkedBooter.java:103)\n"
   },
   "steps" : {
      "step" : [ ]
   },
   "attachments" : {
      "attachment" : [ ]
   },
   "labels" : {
      "label" : [ {
         "name" : "host",
         "value" : "MacBook-Pro-2.home"
      }, {
         "name" : "thread",
         "value" : "1771@MacBook-Pro-2.home.main(1)"
      } ]
   }
}
testCase=ru.yandex.qatools.allure.model.TestCase@352ffcef[
  _id=5758ac62-d9dc-40eb-bc43-1b7b2be552e9
  executionId=7a8626ac-7b8d-4761-8bff-776519219d78
  threadName=thread_15005794375463
  name=skip_for_jobs_that_suceeded
  title=<null>
  description=<null>
  failure=ru.yandex.qatools.allure.model.Failure@6eda71b4
  start=1445040781273
  stop=1445040799141
  status=BROKEN
  severity=<null>
  steps=[]
  attachments=[]
  labels=[ru.yandex.qatools.allure.model.Label@58a33f60, ru.yandex.qatools.allure.model.Label@49f7cce]
  parameters=<null>
]
testCase={
   "start" : 1445040781273,
   "stop" : 1445040799141,
   "status" : "broken",
   "_id" : "5758ac62-d9dc-40eb-bc43-1b7b2be552e9",
   "executionId" : "7a8626ac-7b8d-4761-8bff-776519219d78",
   "threadName" : "thread_15005794375463",
   "name" : "skip_for_jobs_that_suceeded",
   "failure" : {
      "message" : "NoSuchMethodError: org.apache.http.entity.ContentType.create(Ljava/lang/String;[Lorg/apache/http/NameValuePair;)Lorg/apache/http/entity/ContentType;",
      "stack-trace" : "java.lang.NoSuchMethodError: org.apache.http.entity.ContentType.create(Ljava/lang/String;[Lorg/apache/http/NameValuePair;)Lorg/apache/http/entity/ContentType;\n\tat org.apache.http.entity.mime.MultipartEntityBuilder.buildEntity(MultipartEntityBuilder.java:209)\n\tat org.apache.http.entity.mime.MultipartEntityBuilder.build(MultipartEntityBuilder.java:230)\n\tat org.jenkinsci.test.acceptance.update_center.PluginMetadata.uploadTo(PluginMetadata.java:65)\n\tat org.jenkinsci.test.acceptance.po.PluginManager.installPlugins(PluginManager.java:173)\n\tat org.jenkinsci.test.acceptance.junit.WithPlugins$RuleImpl$1.doInstall(WithPlugins.java:139)\n\tat org.jenkinsci.test.acceptance.junit.WithPlugins$RuleImpl$1.installPlugins(WithPlugins.java:119)\n\tat org.jenkinsci.test.acceptance.junit.WithPlugins$RuleImpl$1.evaluate(WithPlugins.java:92)\n\tat org.jenkinsci.test.acceptance.junit.JenkinsAcceptanceTestRule$1$2$1.evaluate(JenkinsAcceptanceTestRule.java:129)\n\tat org.jenkinsci.test.acceptance.junit.FilterRule$1.evaluate(FilterRule.java:62)\n\tat org.jenkinsci.test.acceptance.junit.JenkinsAcceptanceTestRule$1.evaluate(JenkinsAcceptanceTestRule.java:55)\n\tat org.junit.runners.ParentRunner.runLeaf(ParentRunner.java:271)\n\tat org.junit.runners.BlockJUnit4ClassRunner.runChild(BlockJUnit4ClassRunner.java:70)\n\tat org.junit.runners.BlockJUnit4ClassRunner.runChild(BlockJUnit4ClassRunner.java:50)\n\tat org.junit.runners.ParentRunner$3.run(ParentRunner.java:238)\n\tat org.junit.runners.ParentRunner$1.schedule(ParentRunner.java:63)\n\tat org.junit.runners.ParentRunner.runChildren(ParentRunner.java:236)\n\tat org.junit.runners.ParentRunner.access$000(ParentRunner.java:53)\n\tat org.junit.runners.ParentRunner$2.evaluate(ParentRunner.java:229)\n\tat org.junit.runners.ParentRunner.run(ParentRunner.java:309)\n\tat org.apache.maven.surefire.junit4.JUnit4Provider.execute(JUnit4Provider.java:264)\n\tat org.apache.maven.surefire.junit4.JUnit4Provider.executeTestSet(JUnit4Provider.java:153)\n\tat org.apache.maven.surefire.junit4.JUnit4Provider.invoke(JUnit4Provider.java:124)\n\tat org.apache.maven.surefire.booter.ForkedBooter.invokeProviderInSameClassLoader(ForkedBooter.java:200)\n\tat org.apache.maven.surefire.booter.ForkedBooter.runSuitesInProcess(ForkedBooter.java:153)\n\tat org.apache.maven.surefire.booter.ForkedBooter.main(ForkedBooter.java:103)\n"
   },
   "steps" : {
      "step" : [ ]
   },
   "attachments" : {
      "attachment" : [ ]
   },
   "labels" : {
      "label" : [ {
         "name" : "host",
         "value" : "MacBook-Pro-2.home"
      }, {
         "name" : "thread",
         "value" : "1771@MacBook-Pro-2.home.main(1)"
      } ]
   }
}
>>>REQUEST: /testaspect/TestCase/5758ac62-d9dc-40eb-bc43-1b7b2be552e9
<<<RESPONSE (201 Created): /testaspect/TestCase/5758ac62-d9dc-40eb-bc43-1b7b2be552e9
running with given plugins: []
=== Starting run_post_build_step(plugins.PostBuildScriptPluginTest)
Starting Jenkins: JAVA_HOME=/Library/Java/JavaVirtualMachines/jdk1.8.0_60.jdk/Contents/Home JENKINS_HOME=/Users/abduljewel/Documents/c/spiderqa/sample-test-projects/acceptance-test-harness/target/jenkins7800736757478569322home /Library/Java/JavaVirtualMachines/jdk1.8.0_60.jdk/Contents/Home/bin/java -Duser.language=en -jar ./jenkins.war --ajp13Port=-1 --httpPort=60124
master60124|Running from: /Users/abduljewel/Documents/c/spiderqa/sample-test-projects/acceptance-test-harness/jenkins.war
master60124|webroot: EnvVars.masterEnvVars.get("JENKINS_HOME")
master60124|Oct 16, 2015 8:13:19 PM winstone.Logger logInternal
master60124|INFO: Beginning extraction from war file
master60124|Oct 16, 2015 8:13:20 PM org.eclipse.jetty.util.log.JavaUtilLog info
master60124|INFO: jetty-winstone-2.8
master60124|Oct 16, 2015 8:13:21 PM org.eclipse.jetty.util.log.JavaUtilLog info
master60124|INFO: NO JSP Support for , did not find org.apache.jasper.servlet.JspServlet
master60124|Jenkins home directory: /Users/abduljewel/Documents/c/spiderqa/sample-test-projects/acceptance-test-harness/target/jenkins7800736757478569322home found at: EnvVars.masterEnvVars.get("JENKINS_HOME")
master60124|Oct 16, 2015 8:13:22 PM org.eclipse.jetty.util.log.JavaUtilLog info
master60124|INFO: Started SelectChannelConnector@0.0.0.0:60124
master60124|Oct 16, 2015 8:13:22 PM winstone.Logger logInternal
master60124|INFO: Winstone Servlet Engine v2.0 running: controlPort=disabled
master60124|Oct 16, 2015 8:13:22 PM jenkins.InitReactorRunner$1 onAttained
master60124|INFO: Started initialization
master60124|Oct 16, 2015 8:13:31 PM jenkins.InitReactorRunner$1 onAttained
master60124|INFO: Listed all plugins
master60124|Oct 16, 2015 8:13:31 PM jenkins.InitReactorRunner$1 onAttained
master60124|INFO: Prepared all plugins
master60124|Oct 16, 2015 8:13:31 PM jenkins.InitReactorRunner$1 onAttained
master60124|INFO: Started all plugins
master60124|Oct 16, 2015 8:13:31 PM jenkins.InitReactorRunner$1 onAttained
master60124|INFO: Augmented all extensions
master60124|Oct 16, 2015 8:13:33 PM jenkins.InitReactorRunner$1 onAttained
master60124|INFO: Loaded all jobs
master60124|Oct 16, 2015 8:13:34 PM hudson.model.AsyncPeriodicWork$1 run
master60124|INFO: Started Download metadata
master60124|Oct 16, 2015 8:13:34 PM org.jenkinsci.main.modules.sshd.SSHD start
master60124|INFO: Started SSHD at port 59794
master60124|Oct 16, 2015 8:13:34 PM jenkins.InitReactorRunner$1 onAttained
master60124|INFO: Completed initialization
master60124|Oct 16, 2015 8:13:34 PM hudson.UDPBroadcastThread run
master60124|WARNING: UDP handling problem
master60124|java.net.SocketException: Can't assign requested address
master60124|	at java.net.PlainDatagramSocketImpl.join(Native Method)
master60124|	at java.net.AbstractPlainDatagramSocketImpl.join(AbstractPlainDatagramSocketImpl.java:179)
master60124|	at java.net.MulticastSocket.joinGroup(MulticastSocket.java:323)
master60124|	at hudson.UDPBroadcastThread.run(UDPBroadcastThread.java:77)
master60124|
master60124|Oct 16, 2015 8:13:34 PM hudson.WebAppMain$3 run
master60124|INFO: Jenkins is fully up and running
master60124|Oct 16, 2015 8:13:36 PM hudson.model.UpdateSite updateData
master60124|INFO: Obtained the latest update center data file for UpdateSource default
master60124|Oct 16, 2015 8:13:36 PM hudson.model.DownloadService$Downloadable load
master60124|INFO: Obtained the updated data file for hudson.tasks.Maven.MavenInstaller
master60124|Oct 16, 2015 8:13:36 PM hudson.model.DownloadService$Downloadable load
master60124|INFO: Obtained the updated data file for hudson.tasks.Ant.AntInstaller
master60124|Oct 16, 2015 8:13:37 PM hudson.model.DownloadService$Downloadable load
master60124|INFO: Obtained the updated data file for hudson.tools.JDKInstaller
master60124|Oct 16, 2015 8:13:37 PM hudson.model.AsyncPeriodicWork$1 run
master60124|INFO: Finished Download metadata. 2,796 ms
Jenkins is stopped
]]></system-out>
    <system-err><![CDATA[Oct 16, 2015 8:13:19 PM org.jenkinsci.test.acceptance.controller.LocalController startNow
INFO: Waiting for Jenkins to become running in http://127.0.0.1:60124/
Oct 16, 2015 8:13:34 PM org.jenkinsci.test.acceptance.controller.LocalController startNow
INFO: Jenkins is running in http://127.0.0.1:60124/
Oct 16, 2015 8:13:34 PM org.openqa.selenium.phantomjs.PhantomJSDriverService <init>
INFO: executable: /usr/local/bin/phantomjs
Oct 16, 2015 8:13:34 PM org.openqa.selenium.phantomjs.PhantomJSDriverService <init>
INFO: port: 3875
Oct 16, 2015 8:13:34 PM org.openqa.selenium.phantomjs.PhantomJSDriverService <init>
INFO: arguments: [--webdriver=3875, --webdriver-logfile=/Users/abduljewel/Documents/c/spiderqa/sample-test-projects/acceptance-test-harness/phantomjsdriver.log]
Oct 16, 2015 8:13:34 PM org.openqa.selenium.phantomjs.PhantomJSDriverService <init>
INFO: environment: {}
[INFO  - 2015-10-17T00:13:35.207Z] GhostDriver - Main - running on port 3875
[INFO  - 2015-10-17T00:13:35.465Z] Session [e86b7950-7463-11e5-9888-b5602db5161e] - page.settings - {"XSSAuditingEnabled":false,"javascriptCanCloseWindows":true,"javascriptCanOpenWindows":true,"javascriptEnabled":true,"loadImages":true,"localToRemoteUrlAccessEnabled":false,"userAgent":"Mozilla/5.0 (Macintosh; Intel Mac OS X) AppleWebKit/538.1 (KHTML, like Gecko) PhantomJS/2.0.0 Safari/538.1","webSecurityEnabled":true}
[INFO  - 2015-10-17T00:13:35.465Z] Session [e86b7950-7463-11e5-9888-b5602db5161e] - page.customHeaders:  - {"Accept-Language":"en"}
[INFO  - 2015-10-17T00:13:35.465Z] Session [e86b7950-7463-11e5-9888-b5602db5161e] - Session.negotiatedCapabilities - {"browserName":"phantomjs","version":"2.0.0","driverName":"ghostdriver","driverVersion":"1.2.0","platform":"mac-10.9 (Mavericks)-64bit","javascriptEnabled":true,"takesScreenshot":true,"handlesAlerts":false,"databaseEnabled":false,"locationContextEnabled":false,"applicationCacheEnabled":false,"browserConnectionEnabled":false,"cssSelectorsEnabled":true,"webStorageEnabled":false,"rotatable":false,"acceptSslCerts":false,"nativeEvents":true,"proxy":{"proxyType":"direct"},"phantomjs.page.customHeaders.Accept-Language":"en"}
[INFO  - 2015-10-17T00:13:35.465Z] SessionManagerReqHand - _postNewSessionCommand - New Session Created: e86b7950-7463-11e5-9888-b5602db5161e
Oct 16, 2015 8:13:36 PM org.jenkinsci.test.acceptance.po.PluginManager installationStatus
INFO: postbuildscript is not installed
Oct 16, 2015 8:13:36 PM org.jenkinsci.test.acceptance.po.PluginManager installationStatus
INFO: postbuildscript is not installed
Oct 16, 2015 8:13:37 PM org.jenkinsci.test.acceptance.po.PluginManager installationStatus
INFO: mailer has version 1.11 but 1.15 was requested
[INFO  - 2015-10-17T00:13:37.123Z] ShutdownReqHand - _handle - About to shutdown
]]></system-err>
  </testcase>
</testsuite>