<?xml version="1.0" encoding="UTF-8"?>
<testsuite name="plugins.AntPluginTest" time="36.313" tests="3" errors="0" skipped="2" failures="0">
  <properties>
    <property name="java.runtime.name" value="Java(TM) SE Runtime Environment"/>
    <property name="sun.boot.library.path" value="/Library/Java/JavaVirtualMachines/jdk1.8.0_60.jdk/Contents/Home/jre/lib"/>
    <property name="java.vm.version" value="25.60-b23"/>
    <property name="gopherProxySet" value="false"/>
    <property name="java.vm.vendor" value="Oracle Corporation"/>
    <property name="maven.multiModuleProjectDirectory" value="/Users/abduljewel/Documents/c/spiderqa/sample-test-projects/acceptance-test-harness"/>
    <property name="java.vendor.url" value="http://java.oracle.com/"/>
    <property name="path.separator" value=":"/>
    <property name="guice.disable.misplaced.annotation.check" value="true"/>
    <property name="java.vm.name" value="Java HotSpot(TM) 64-Bit Server VM"/>
    <property name="file.encoding.pkg" value="sun.io"/>
    <property name="user.country" value="US"/>
    <property name="sun.java.launcher" value="SUN_STANDARD"/>
    <property name="sun.os.patch.level" value="unknown"/>
    <property name="java.vm.specification.name" value="Java Virtual Machine Specification"/>
    <property name="user.dir" value="/Users/abduljewel/Documents/c/spiderqa/sample-test-projects/acceptance-test-harness"/>
    <property name="java.runtime.version" value="1.8.0_60-b27"/>
    <property name="java.awt.graphicsenv" value="sun.awt.CGraphicsEnvironment"/>
    <property name="java.endorsed.dirs" value="/Library/Java/JavaVirtualMachines/jdk1.8.0_60.jdk/Contents/Home/jre/lib/endorsed"/>
    <property name="os.arch" value="x86_64"/>
    <property name="java.io.tmpdir" value="/var/folders/lk/l859yg616c9cbtgfnt9szgjc0000gn/T/"/>
    <property name="line.separator" value="&#10;"/>
    <property name="java.vm.specification.vendor" value="Oracle Corporation"/>
    <property name="os.name" value="Mac OS X"/>
    <property name="classworlds.conf" value="/usr/local/Cellar/maven/3.3.3/libexec/bin/m2.conf"/>
    <property name="sun.jnu.encoding" value="UTF-8"/>
    <property name="java.library.path" value="/Users/abduljewel/Library/Java/Extensions:/Library/Java/Extensions:/Network/Library/Java/Extensions:/System/Library/Java/Extensions:/usr/lib/java:."/>
    <property name="java.specification.name" value="Java Platform API Specification"/>
    <property name="java.class.version" value="52.0"/>
    <property name="sun.management.compiler" value="HotSpot 64-Bit Tiered Compilers"/>
    <property name="os.version" value="10.10.5"/>
    <property name="http.nonProxyHosts" value="local|*.local|169.254/16|*.169.254/16"/>
    <property name="user.home" value="/Users/abduljewel"/>
    <property name="user.timezone" value="America/New_York"/>
    <property name="java.awt.printerjob" value="sun.lwawt.macosx.CPrinterJob"/>
    <property name="java.specification.version" value="1.8"/>
    <property name="file.encoding" value="UTF-8"/>
    <property name="user.name" value="abduljewel"/>
    <property name="java.class.path" value="/usr/local/Cellar/maven/3.3.3/libexec/boot/plexus-classworlds-2.5.2.jar"/>
    <property name="java.vm.specification.version" value="1.8"/>
    <property name="sun.arch.data.model" value="64"/>
    <property name="java.home" value="/Library/Java/JavaVirtualMachines/jdk1.8.0_60.jdk/Contents/Home/jre"/>
    <property name="sun.java.command" value="org.codehaus.plexus.classworlds.launcher.Launcher clean test"/>
    <property name="java.specification.vendor" value="Oracle Corporation"/>
    <property name="user.language" value="en"/>
    <property name="awt.toolkit" value="sun.lwawt.macosx.LWCToolkit"/>
    <property name="java.vm.info" value="mixed mode"/>
    <property name="java.version" value="1.8.0_60"/>
    <property name="java.ext.dirs" value="/Users/abduljewel/Library/Java/Extensions:/Library/Java/JavaVirtualMachines/jdk1.8.0_60.jdk/Contents/Home/jre/lib/ext:/Library/Java/Extensions:/Network/Library/Java/Extensions:/System/Library/Java/Extensions:/usr/lib/java"/>
    <property name="sun.boot.class.path" value="/Library/Java/JavaVirtualMachines/jdk1.8.0_60.jdk/Contents/Home/jre/lib/resources.jar:/Library/Java/JavaVirtualMachines/jdk1.8.0_60.jdk/Contents/Home/jre/lib/rt.jar:/Library/Java/JavaVirtualMachines/jdk1.8.0_60.jdk/Contents/Home/jre/lib/sunrsasign.jar:/Library/Java/JavaVirtualMachines/jdk1.8.0_60.jdk/Contents/Home/jre/lib/jsse.jar:/Library/Java/JavaVirtualMachines/jdk1.8.0_60.jdk/Contents/Home/jre/lib/jce.jar:/Library/Java/JavaVirtualMachines/jdk1.8.0_60.jdk/Contents/Home/jre/lib/charsets.jar:/Library/Java/JavaVirtualMachines/jdk1.8.0_60.jdk/Contents/Home/jre/lib/jfr.jar:/Library/Java/JavaVirtualMachines/jdk1.8.0_60.jdk/Contents/Home/jre/classes"/>
    <property name="java.vendor" value="Oracle Corporation"/>
    <property name="maven.home" value="/usr/local/Cellar/maven/3.3.3/libexec"/>
    <property name="file.separator" value="/"/>
    <property name="java.vendor.url.bug" value="http://bugreport.sun.com/bugreport/"/>
    <property name="sun.cpu.endian" value="little"/>
    <property name="sun.io.unicode.encoding" value="UnicodeBig"/>
    <property name="socksNonProxyHosts" value="local|*.local|169.254/16|*.169.254/16"/>
    <property name="ftp.nonProxyHosts" value="local|*.local|169.254/16|*.169.254/16"/>
    <property name="sun.cpu.isalist" value=""/>
  </properties>
  <testcase name="use_default_ant_installation" classname="plugins.AntPluginTest" time="0">
    <skipped/>
    <system-out><![CDATA[testCaseResult=ru.yandex.qatools.allure.model.TestCaseResult@3e61238[
  name=should_show_build_health
  title=<null>
  description=<null>
  failure=ru.yandex.qatools.allure.model.Failure@5958f57d
  start=1445037441881
  stop=1445037460616
  status=BROKEN
  severity=<null>
  steps=[]
  attachments=[]
  labels=[ru.yandex.qatools.allure.model.Label@3771d6ab, ru.yandex.qatools.allure.model.Label@1da2a600]
  parameters=<null>
]
testCaseResult={
   "start" : 1445037441881,
   "stop" : 1445037460616,
   "status" : "broken",
   "name" : "should_show_build_health",
   "failure" : {
      "message" : "NoSuchMethodError: org.apache.http.entity.ContentType.create(Ljava/lang/String;[Lorg/apache/http/NameValuePair;)Lorg/apache/http/entity/ContentType;",
      "stack-trace" : "java.lang.NoSuchMethodError: org.apache.http.entity.ContentType.create(Ljava/lang/String;[Lorg/apache/http/NameValuePair;)Lorg/apache/http/entity/ContentType;\n\tat org.apache.http.entity.mime.MultipartEntityBuilder.buildEntity(MultipartEntityBuilder.java:209)\n\tat org.apache.http.entity.mime.MultipartEntityBuilder.build(MultipartEntityBuilder.java:230)\n\tat org.jenkinsci.test.acceptance.update_center.PluginMetadata.uploadTo(PluginMetadata.java:65)\n\tat org.jenkinsci.test.acceptance.po.PluginManager.installPlugins(PluginManager.java:173)\n\tat org.jenkinsci.test.acceptance.junit.WithPlugins$RuleImpl$1.doInstall(WithPlugins.java:139)\n\tat org.jenkinsci.test.acceptance.junit.WithPlugins$RuleImpl$1.installPlugins(WithPlugins.java:119)\n\tat org.jenkinsci.test.acceptance.junit.WithPlugins$RuleImpl$1.evaluate(WithPlugins.java:92)\n\tat org.jenkinsci.test.acceptance.junit.JenkinsAcceptanceTestRule$1$2$1.evaluate(JenkinsAcceptanceTestRule.java:129)\n\tat org.jenkinsci.test.acceptance.junit.FilterRule$1.evaluate(FilterRule.java:62)\n\tat org.jenkinsci.test.acceptance.junit.JenkinsAcceptanceTestRule$1.evaluate(JenkinsAcceptanceTestRule.java:55)\n\tat org.junit.runners.ParentRunner.runLeaf(ParentRunner.java:271)\n\tat org.junit.runners.BlockJUnit4ClassRunner.runChild(BlockJUnit4ClassRunner.java:70)\n\tat org.junit.runners.BlockJUnit4ClassRunner.runChild(BlockJUnit4ClassRunner.java:50)\n\tat org.junit.runners.ParentRunner$3.run(ParentRunner.java:238)\n\tat org.junit.runners.ParentRunner$1.schedule(ParentRunner.java:63)\n\tat org.junit.runners.ParentRunner.runChildren(ParentRunner.java:236)\n\tat org.junit.runners.ParentRunner.access$000(ParentRunner.java:53)\n\tat org.junit.runners.ParentRunner$2.evaluate(ParentRunner.java:229)\n\tat org.junit.runners.ParentRunner.run(ParentRunner.java:309)\n\tat org.apache.maven.surefire.junit4.JUnit4Provider.execute(JUnit4Provider.java:264)\n\tat org.apache.maven.surefire.junit4.JUnit4Provider.executeTestSet(JUnit4Provider.java:153)\n\tat org.apache.maven.surefire.junit4.JUnit4Provider.invoke(JUnit4Provider.java:124)\n\tat org.apache.maven.surefire.booter.ForkedBooter.invokeProviderInSameClassLoader(ForkedBooter.java:200)\n\tat org.apache.maven.surefire.booter.ForkedBooter.runSuitesInProcess(ForkedBooter.java:153)\n\tat org.apache.maven.surefire.booter.ForkedBooter.main(ForkedBooter.java:103)\n"
   },
   "steps" : {
      "step" : [ ]
   },
   "attachments" : {
      "attachment" : [ ]
   },
   "labels" : {
      "label" : [ {
         "name" : "host",
         "value" : "MacBook-Pro-2.home"
      }, {
         "name" : "thread",
         "value" : "1771@MacBook-Pro-2.home.main(1)"
      } ]
   }
}
testCase=ru.yandex.qatools.allure.model.TestCase@2ee6105e[
  _id=b312c353-981e-4dc5-90a9-16c0474544ab
  executionId=7a8626ac-7b8d-4761-8bff-776519219d78
  threadName=thread_15005794375463
  name=should_show_build_health
  title=<null>
  description=<null>
  failure=ru.yandex.qatools.allure.model.Failure@5958f57d
  start=1445037441881
  stop=1445037460616
  status=BROKEN
  severity=<null>
  steps=[]
  attachments=[]
  labels=[ru.yandex.qatools.allure.model.Label@3771d6ab, ru.yandex.qatools.allure.model.Label@1da2a600]
  parameters=<null>
]
testCase={
   "start" : 1445037441881,
   "stop" : 1445037460616,
   "status" : "broken",
   "_id" : "b312c353-981e-4dc5-90a9-16c0474544ab",
   "executionId" : "7a8626ac-7b8d-4761-8bff-776519219d78",
   "threadName" : "thread_15005794375463",
   "name" : "should_show_build_health",
   "failure" : {
      "message" : "NoSuchMethodError: org.apache.http.entity.ContentType.create(Ljava/lang/String;[Lorg/apache/http/NameValuePair;)Lorg/apache/http/entity/ContentType;",
      "stack-trace" : "java.lang.NoSuchMethodError: org.apache.http.entity.ContentType.create(Ljava/lang/String;[Lorg/apache/http/NameValuePair;)Lorg/apache/http/entity/ContentType;\n\tat org.apache.http.entity.mime.MultipartEntityBuilder.buildEntity(MultipartEntityBuilder.java:209)\n\tat org.apache.http.entity.mime.MultipartEntityBuilder.build(MultipartEntityBuilder.java:230)\n\tat org.jenkinsci.test.acceptance.update_center.PluginMetadata.uploadTo(PluginMetadata.java:65)\n\tat org.jenkinsci.test.acceptance.po.PluginManager.installPlugins(PluginManager.java:173)\n\tat org.jenkinsci.test.acceptance.junit.WithPlugins$RuleImpl$1.doInstall(WithPlugins.java:139)\n\tat org.jenkinsci.test.acceptance.junit.WithPlugins$RuleImpl$1.installPlugins(WithPlugins.java:119)\n\tat org.jenkinsci.test.acceptance.junit.WithPlugins$RuleImpl$1.evaluate(WithPlugins.java:92)\n\tat org.jenkinsci.test.acceptance.junit.JenkinsAcceptanceTestRule$1$2$1.evaluate(JenkinsAcceptanceTestRule.java:129)\n\tat org.jenkinsci.test.acceptance.junit.FilterRule$1.evaluate(FilterRule.java:62)\n\tat org.jenkinsci.test.acceptance.junit.JenkinsAcceptanceTestRule$1.evaluate(JenkinsAcceptanceTestRule.java:55)\n\tat org.junit.runners.ParentRunner.runLeaf(ParentRunner.java:271)\n\tat org.junit.runners.BlockJUnit4ClassRunner.runChild(BlockJUnit4ClassRunner.java:70)\n\tat org.junit.runners.BlockJUnit4ClassRunner.runChild(BlockJUnit4ClassRunner.java:50)\n\tat org.junit.runners.ParentRunner$3.run(ParentRunner.java:238)\n\tat org.junit.runners.ParentRunner$1.schedule(ParentRunner.java:63)\n\tat org.junit.runners.ParentRunner.runChildren(ParentRunner.java:236)\n\tat org.junit.runners.ParentRunner.access$000(ParentRunner.java:53)\n\tat org.junit.runners.ParentRunner$2.evaluate(ParentRunner.java:229)\n\tat org.junit.runners.ParentRunner.run(ParentRunner.java:309)\n\tat org.apache.maven.surefire.junit4.JUnit4Provider.execute(JUnit4Provider.java:264)\n\tat org.apache.maven.surefire.junit4.JUnit4Provider.executeTestSet(JUnit4Provider.java:153)\n\tat org.apache.maven.surefire.junit4.JUnit4Provider.invoke(JUnit4Provider.java:124)\n\tat org.apache.maven.surefire.booter.ForkedBooter.invokeProviderInSameClassLoader(ForkedBooter.java:200)\n\tat org.apache.maven.surefire.booter.ForkedBooter.runSuitesInProcess(ForkedBooter.java:153)\n\tat org.apache.maven.surefire.booter.ForkedBooter.main(ForkedBooter.java:103)\n"
   },
   "steps" : {
      "step" : [ ]
   },
   "attachments" : {
      "attachment" : [ ]
   },
   "labels" : {
      "label" : [ {
         "name" : "host",
         "value" : "MacBook-Pro-2.home"
      }, {
         "name" : "thread",
         "value" : "1771@MacBook-Pro-2.home.main(1)"
      } ]
   }
}
>>>REQUEST: /testaspect/TestCase/b312c353-981e-4dc5-90a9-16c0474544ab
<<<RESPONSE (201 Created): /testaspect/TestCase/b312c353-981e-4dc5-90a9-16c0474544ab
running with given plugins: []
=== Starting use_default_ant_installation(plugins.AntPluginTest)
Starting Jenkins: JAVA_HOME=/Library/Java/JavaVirtualMachines/jdk1.8.0_60.jdk/Contents/Home JENKINS_HOME=/Users/abduljewel/Documents/c/spiderqa/sample-test-projects/acceptance-test-harness/target/jenkins6786982426712316167home /Library/Java/JavaVirtualMachines/jdk1.8.0_60.jdk/Contents/Home/bin/java -Duser.language=en -jar ./jenkins.war --ajp13Port=-1 --httpPort=61167
master61167|Running from: /Users/abduljewel/Documents/c/spiderqa/sample-test-projects/acceptance-test-harness/jenkins.war
master61167|webroot: EnvVars.masterEnvVars.get("JENKINS_HOME")
master61167|Oct 16, 2015 7:17:40 PM winstone.Logger logInternal
master61167|INFO: Beginning extraction from war file
master61167|Oct 16, 2015 7:17:41 PM org.eclipse.jetty.util.log.JavaUtilLog info
master61167|INFO: jetty-winstone-2.8
master61167|Oct 16, 2015 7:17:42 PM org.eclipse.jetty.util.log.JavaUtilLog info
master61167|INFO: NO JSP Support for , did not find org.apache.jasper.servlet.JspServlet
master61167|Jenkins home directory: /Users/abduljewel/Documents/c/spiderqa/sample-test-projects/acceptance-test-harness/target/jenkins6786982426712316167home found at: EnvVars.masterEnvVars.get("JENKINS_HOME")
master61167|Oct 16, 2015 7:17:43 PM org.eclipse.jetty.util.log.JavaUtilLog info
master61167|INFO: Started SelectChannelConnector@0.0.0.0:61167
master61167|Oct 16, 2015 7:17:43 PM winstone.Logger logInternal
master61167|INFO: Winstone Servlet Engine v2.0 running: controlPort=disabled
master61167|Oct 16, 2015 7:17:44 PM jenkins.InitReactorRunner$1 onAttained
master61167|INFO: Started initialization
master61167|Oct 16, 2015 7:17:53 PM jenkins.InitReactorRunner$1 onAttained
master61167|INFO: Listed all plugins
master61167|Oct 16, 2015 7:17:53 PM jenkins.InitReactorRunner$1 onAttained
master61167|INFO: Prepared all plugins
master61167|Oct 16, 2015 7:17:53 PM jenkins.InitReactorRunner$1 onAttained
master61167|INFO: Started all plugins
master61167|Oct 16, 2015 7:17:53 PM jenkins.InitReactorRunner$1 onAttained
master61167|INFO: Augmented all extensions
master61167|Oct 16, 2015 7:17:54 PM jenkins.InitReactorRunner$1 onAttained
master61167|INFO: Loaded all jobs
master61167|Oct 16, 2015 7:17:55 PM hudson.model.AsyncPeriodicWork$1 run
master61167|INFO: Started Download metadata
master61167|Oct 16, 2015 7:17:55 PM org.jenkinsci.main.modules.sshd.SSHD start
master61167|INFO: Started SSHD at port 55391
master61167|Oct 16, 2015 7:17:55 PM jenkins.InitReactorRunner$1 onAttained
master61167|INFO: Completed initialization
master61167|Oct 16, 2015 7:17:55 PM hudson.UDPBroadcastThread run
master61167|WARNING: UDP handling problem
master61167|java.net.SocketException: Can't assign requested address
master61167|	at java.net.PlainDatagramSocketImpl.join(Native Method)
master61167|	at java.net.AbstractPlainDatagramSocketImpl.join(AbstractPlainDatagramSocketImpl.java:179)
master61167|	at java.net.MulticastSocket.joinGroup(MulticastSocket.java:323)
master61167|	at hudson.UDPBroadcastThread.run(UDPBroadcastThread.java:77)
master61167|
master61167|Oct 16, 2015 7:17:55 PM hudson.WebAppMain$3 run
master61167|INFO: Jenkins is fully up and running
Skipping use_default_ant_installation(plugins.AntPluginTest): ant is needed for the test but doesn't exist in the system
master61167|Oct 16, 2015 7:17:57 PM hudson.model.UpdateSite updateData
master61167|INFO: Obtained the latest update center data file for UpdateSource default
Jenkins is stopped
]]></system-out>
    <system-err><![CDATA[Oct 16, 2015 7:17:40 PM org.jenkinsci.test.acceptance.controller.LocalController startNow
INFO: Waiting for Jenkins to become running in http://127.0.0.1:61167/
Oct 16, 2015 7:17:55 PM org.jenkinsci.test.acceptance.controller.LocalController startNow
INFO: Jenkins is running in http://127.0.0.1:61167/
Oct 16, 2015 7:17:55 PM org.openqa.selenium.phantomjs.PhantomJSDriverService <init>
INFO: executable: /usr/local/bin/phantomjs
Oct 16, 2015 7:17:55 PM org.openqa.selenium.phantomjs.PhantomJSDriverService <init>
INFO: port: 38335
Oct 16, 2015 7:17:55 PM org.openqa.selenium.phantomjs.PhantomJSDriverService <init>
INFO: arguments: [--webdriver=38335, --webdriver-logfile=/Users/abduljewel/Documents/c/spiderqa/sample-test-projects/acceptance-test-harness/phantomjsdriver.log]
Oct 16, 2015 7:17:55 PM org.openqa.selenium.phantomjs.PhantomJSDriverService <init>
INFO: environment: {}
[INFO  - 2015-10-16T23:17:56.026Z] GhostDriver - Main - running on port 38335
[INFO  - 2015-10-16T23:17:56.303Z] Session [221fc9b0-745c-11e5-9c84-3b30901133b1] - page.settings - {"XSSAuditingEnabled":false,"javascriptCanCloseWindows":true,"javascriptCanOpenWindows":true,"javascriptEnabled":true,"loadImages":true,"localToRemoteUrlAccessEnabled":false,"userAgent":"Mozilla/5.0 (Macintosh; Intel Mac OS X) AppleWebKit/538.1 (KHTML, like Gecko) PhantomJS/2.0.0 Safari/538.1","webSecurityEnabled":true}
[INFO  - 2015-10-16T23:17:56.303Z] Session [221fc9b0-745c-11e5-9c84-3b30901133b1] - page.customHeaders:  - {"Accept-Language":"en"}
[INFO  - 2015-10-16T23:17:56.303Z] Session [221fc9b0-745c-11e5-9c84-3b30901133b1] - Session.negotiatedCapabilities - {"browserName":"phantomjs","version":"2.0.0","driverName":"ghostdriver","driverVersion":"1.2.0","platform":"mac-10.9 (Mavericks)-64bit","javascriptEnabled":true,"takesScreenshot":true,"handlesAlerts":false,"databaseEnabled":false,"locationContextEnabled":false,"applicationCacheEnabled":false,"browserConnectionEnabled":false,"cssSelectorsEnabled":true,"webStorageEnabled":false,"rotatable":false,"acceptSslCerts":false,"nativeEvents":true,"proxy":{"proxyType":"direct"},"phantomjs.page.customHeaders.Accept-Language":"en"}
[INFO  - 2015-10-16T23:17:56.303Z] SessionManagerReqHand - _postNewSessionCommand - New Session Created: 221fc9b0-745c-11e5-9c84-3b30901133b1
[INFO  - 2015-10-16T23:17:57.368Z] ShutdownReqHand - _handle - About to shutdown
]]></system-err>
  </testcase>
  <testcase name="locallyInstalledAnt" classname="plugins.AntPluginTest" time="0">
    <skipped/>
    <system-out><![CDATA[testCaseResult=ru.yandex.qatools.allure.model.TestCaseResult@6144ed39[
  name=use_default_ant_installation
  title=<null>
  description=<null>
  failure=ru.yandex.qatools.allure.model.Failure@29135bf5
  start=1445037460619
  stop=1445037478043
  status=CANCELED
  severity=<null>
  steps=[]
  attachments=[]
  labels=[ru.yandex.qatools.allure.model.Label@1104114d, ru.yandex.qatools.allure.model.Label@7452a620]
  parameters=<null>
]
testCaseResult={
   "start" : 1445037460619,
   "stop" : 1445037478043,
   "status" : "canceled",
   "name" : "use_default_ant_installation",
   "failure" : {
      "message" : "AssumptionViolatedException: ant is needed for the test but doesn't exist in the system",
      "stack-trace" : "org.junit.internal.AssumptionViolatedException: ant is needed for the test but doesn't exist in the system\n\tat org.jenkinsci.test.acceptance.junit.Native$RuleImpl$1.verifyNativeCommandPresent(Native.java:50)\n\tat org.jenkinsci.test.acceptance.junit.Native$RuleImpl$1.evaluate(Native.java:40)\n\tat org.jenkinsci.test.acceptance.junit.JenkinsAcceptanceTestRule$1$2$1.evaluate(JenkinsAcceptanceTestRule.java:129)\n\tat org.jenkinsci.test.acceptance.junit.FilterRule$1.evaluate(FilterRule.java:62)\n\tat org.jenkinsci.test.acceptance.junit.JenkinsAcceptanceTestRule$1.evaluate(JenkinsAcceptanceTestRule.java:55)\n\tat org.junit.runners.ParentRunner.runLeaf(ParentRunner.java:271)\n\tat org.junit.runners.BlockJUnit4ClassRunner.runChild(BlockJUnit4ClassRunner.java:70)\n\tat org.junit.runners.BlockJUnit4ClassRunner.runChild(BlockJUnit4ClassRunner.java:50)\n\tat org.junit.runners.ParentRunner$3.run(ParentRunner.java:238)\n\tat org.junit.runners.ParentRunner$1.schedule(ParentRunner.java:63)\n\tat org.junit.runners.ParentRunner.runChildren(ParentRunner.java:236)\n\tat org.junit.runners.ParentRunner.access$000(ParentRunner.java:53)\n\tat org.junit.runners.ParentRunner$2.evaluate(ParentRunner.java:229)\n\tat org.junit.runners.ParentRunner.run(ParentRunner.java:309)\n\tat org.apache.maven.surefire.junit4.JUnit4Provider.execute(JUnit4Provider.java:264)\n\tat org.apache.maven.surefire.junit4.JUnit4Provider.executeTestSet(JUnit4Provider.java:153)\n\tat org.apache.maven.surefire.junit4.JUnit4Provider.invoke(JUnit4Provider.java:124)\n\tat org.apache.maven.surefire.booter.ForkedBooter.invokeProviderInSameClassLoader(ForkedBooter.java:200)\n\tat org.apache.maven.surefire.booter.ForkedBooter.runSuitesInProcess(ForkedBooter.java:153)\n\tat org.apache.maven.surefire.booter.ForkedBooter.main(ForkedBooter.java:103)\n"
   },
   "steps" : {
      "step" : [ ]
   },
   "attachments" : {
      "attachment" : [ ]
   },
   "labels" : {
      "label" : [ {
         "name" : "host",
         "value" : "MacBook-Pro-2.home"
      }, {
         "name" : "thread",
         "value" : "1771@MacBook-Pro-2.home.main(1)"
      } ]
   }
}
testCase=ru.yandex.qatools.allure.model.TestCase@3239a0b6[
  _id=62553d7f-f9f4-4ca2-b73b-054dc9b1e0c9
  executionId=7a8626ac-7b8d-4761-8bff-776519219d78
  threadName=thread_15005794375463
  name=use_default_ant_installation
  title=<null>
  description=<null>
  failure=ru.yandex.qatools.allure.model.Failure@29135bf5
  start=1445037460619
  stop=1445037478043
  status=CANCELED
  severity=<null>
  steps=[]
  attachments=[]
  labels=[ru.yandex.qatools.allure.model.Label@1104114d, ru.yandex.qatools.allure.model.Label@7452a620]
  parameters=<null>
]
testCase={
   "start" : 1445037460619,
   "stop" : 1445037478043,
   "status" : "canceled",
   "_id" : "62553d7f-f9f4-4ca2-b73b-054dc9b1e0c9",
   "executionId" : "7a8626ac-7b8d-4761-8bff-776519219d78",
   "threadName" : "thread_15005794375463",
   "name" : "use_default_ant_installation",
   "failure" : {
      "message" : "AssumptionViolatedException: ant is needed for the test but doesn't exist in the system",
      "stack-trace" : "org.junit.internal.AssumptionViolatedException: ant is needed for the test but doesn't exist in the system\n\tat org.jenkinsci.test.acceptance.junit.Native$RuleImpl$1.verifyNativeCommandPresent(Native.java:50)\n\tat org.jenkinsci.test.acceptance.junit.Native$RuleImpl$1.evaluate(Native.java:40)\n\tat org.jenkinsci.test.acceptance.junit.JenkinsAcceptanceTestRule$1$2$1.evaluate(JenkinsAcceptanceTestRule.java:129)\n\tat org.jenkinsci.test.acceptance.junit.FilterRule$1.evaluate(FilterRule.java:62)\n\tat org.jenkinsci.test.acceptance.junit.JenkinsAcceptanceTestRule$1.evaluate(JenkinsAcceptanceTestRule.java:55)\n\tat org.junit.runners.ParentRunner.runLeaf(ParentRunner.java:271)\n\tat org.junit.runners.BlockJUnit4ClassRunner.runChild(BlockJUnit4ClassRunner.java:70)\n\tat org.junit.runners.BlockJUnit4ClassRunner.runChild(BlockJUnit4ClassRunner.java:50)\n\tat org.junit.runners.ParentRunner$3.run(ParentRunner.java:238)\n\tat org.junit.runners.ParentRunner$1.schedule(ParentRunner.java:63)\n\tat org.junit.runners.ParentRunner.runChildren(ParentRunner.java:236)\n\tat org.junit.runners.ParentRunner.access$000(ParentRunner.java:53)\n\tat org.junit.runners.ParentRunner$2.evaluate(ParentRunner.java:229)\n\tat org.junit.runners.ParentRunner.run(ParentRunner.java:309)\n\tat org.apache.maven.surefire.junit4.JUnit4Provider.execute(JUnit4Provider.java:264)\n\tat org.apache.maven.surefire.junit4.JUnit4Provider.executeTestSet(JUnit4Provider.java:153)\n\tat org.apache.maven.surefire.junit4.JUnit4Provider.invoke(JUnit4Provider.java:124)\n\tat org.apache.maven.surefire.booter.ForkedBooter.invokeProviderInSameClassLoader(ForkedBooter.java:200)\n\tat org.apache.maven.surefire.booter.ForkedBooter.runSuitesInProcess(ForkedBooter.java:153)\n\tat org.apache.maven.surefire.booter.ForkedBooter.main(ForkedBooter.java:103)\n"
   },
   "steps" : {
      "step" : [ ]
   },
   "attachments" : {
      "attachment" : [ ]
   },
   "labels" : {
      "label" : [ {
         "name" : "host",
         "value" : "MacBook-Pro-2.home"
      }, {
         "name" : "thread",
         "value" : "1771@MacBook-Pro-2.home.main(1)"
      } ]
   }
}
>>>REQUEST: /testaspect/TestCase/62553d7f-f9f4-4ca2-b73b-054dc9b1e0c9
<<<RESPONSE (201 Created): /testaspect/TestCase/62553d7f-f9f4-4ca2-b73b-054dc9b1e0c9
running with given plugins: []
=== Starting locallyInstalledAnt(plugins.AntPluginTest)
Starting Jenkins: JAVA_HOME=/Library/Java/JavaVirtualMachines/jdk1.8.0_60.jdk/Contents/Home JENKINS_HOME=/Users/abduljewel/Documents/c/spiderqa/sample-test-projects/acceptance-test-harness/target/jenkins230339864229793587home /Library/Java/JavaVirtualMachines/jdk1.8.0_60.jdk/Contents/Home/bin/java -Duser.language=en -jar ./jenkins.war --ajp13Port=-1 --httpPort=56430
master56430|Running from: /Users/abduljewel/Documents/c/spiderqa/sample-test-projects/acceptance-test-harness/jenkins.war
master56430|webroot: EnvVars.masterEnvVars.get("JENKINS_HOME")
master56430|Oct 16, 2015 7:17:58 PM winstone.Logger logInternal
master56430|INFO: Beginning extraction from war file
master56430|Oct 16, 2015 7:17:59 PM org.eclipse.jetty.util.log.JavaUtilLog info
master56430|INFO: jetty-winstone-2.8
master56430|Oct 16, 2015 7:18:00 PM org.eclipse.jetty.util.log.JavaUtilLog info
master56430|INFO: NO JSP Support for , did not find org.apache.jasper.servlet.JspServlet
master56430|Jenkins home directory: /Users/abduljewel/Documents/c/spiderqa/sample-test-projects/acceptance-test-harness/target/jenkins230339864229793587home found at: EnvVars.masterEnvVars.get("JENKINS_HOME")
master56430|Oct 16, 2015 7:18:01 PM org.eclipse.jetty.util.log.JavaUtilLog info
master56430|INFO: Started SelectChannelConnector@0.0.0.0:56430
master56430|Oct 16, 2015 7:18:01 PM winstone.Logger logInternal
master56430|INFO: Winstone Servlet Engine v2.0 running: controlPort=disabled
master56430|Oct 16, 2015 7:18:01 PM jenkins.InitReactorRunner$1 onAttained
master56430|INFO: Started initialization
master56430|Oct 16, 2015 7:18:10 PM jenkins.InitReactorRunner$1 onAttained
master56430|INFO: Listed all plugins
master56430|Oct 16, 2015 7:18:10 PM jenkins.InitReactorRunner$1 onAttained
master56430|INFO: Prepared all plugins
master56430|Oct 16, 2015 7:18:10 PM jenkins.InitReactorRunner$1 onAttained
master56430|INFO: Started all plugins
master56430|Oct 16, 2015 7:18:10 PM jenkins.InitReactorRunner$1 onAttained
master56430|INFO: Augmented all extensions
master56430|Oct 16, 2015 7:18:12 PM jenkins.InitReactorRunner$1 onAttained
master56430|INFO: Loaded all jobs
master56430|Oct 16, 2015 7:18:13 PM hudson.model.AsyncPeriodicWork$1 run
master56430|INFO: Started Download metadata
master56430|Oct 16, 2015 7:18:13 PM org.jenkinsci.main.modules.sshd.SSHD start
master56430|INFO: Started SSHD at port 55409
master56430|Oct 16, 2015 7:18:13 PM jenkins.InitReactorRunner$1 onAttained
master56430|INFO: Completed initialization
master56430|Oct 16, 2015 7:18:13 PM hudson.UDPBroadcastThread run
master56430|WARNING: UDP handling problem
master56430|java.net.SocketException: Can't assign requested address
master56430|	at java.net.PlainDatagramSocketImpl.join(Native Method)
master56430|	at java.net.AbstractPlainDatagramSocketImpl.join(AbstractPlainDatagramSocketImpl.java:179)
master56430|	at java.net.MulticastSocket.joinGroup(MulticastSocket.java:323)
master56430|	at hudson.UDPBroadcastThread.run(UDPBroadcastThread.java:77)
master56430|
master56430|Oct 16, 2015 7:18:13 PM hudson.WebAppMain$3 run
master56430|INFO: Jenkins is fully up and running
Skipping locallyInstalledAnt(plugins.AntPluginTest): ant is needed for the test but doesn't exist in the system
master56430|Oct 16, 2015 7:18:15 PM hudson.model.UpdateSite updateData
master56430|INFO: Obtained the latest update center data file for UpdateSource default
Jenkins is stopped
]]></system-out>
    <system-err><![CDATA[Oct 16, 2015 7:17:58 PM org.jenkinsci.test.acceptance.controller.LocalController startNow
INFO: Waiting for Jenkins to become running in http://127.0.0.1:56430/
Oct 16, 2015 7:18:13 PM org.jenkinsci.test.acceptance.controller.LocalController startNow
INFO: Jenkins is running in http://127.0.0.1:56430/
Oct 16, 2015 7:18:13 PM org.openqa.selenium.phantomjs.PhantomJSDriverService <init>
INFO: executable: /usr/local/bin/phantomjs
Oct 16, 2015 7:18:13 PM org.openqa.selenium.phantomjs.PhantomJSDriverService <init>
INFO: port: 22808
Oct 16, 2015 7:18:13 PM org.openqa.selenium.phantomjs.PhantomJSDriverService <init>
INFO: arguments: [--webdriver=22808, --webdriver-logfile=/Users/abduljewel/Documents/c/spiderqa/sample-test-projects/acceptance-test-harness/phantomjsdriver.log]
Oct 16, 2015 7:18:13 PM org.openqa.selenium.phantomjs.PhantomJSDriverService <init>
INFO: environment: {}
[INFO  - 2015-10-16T23:18:14.197Z] GhostDriver - Main - running on port 22808
[INFO  - 2015-10-16T23:18:14.466Z] Session [2cf33de0-745c-11e5-8df1-d5da5c51a9d4] - page.settings - {"XSSAuditingEnabled":false,"javascriptCanCloseWindows":true,"javascriptCanOpenWindows":true,"javascriptEnabled":true,"loadImages":true,"localToRemoteUrlAccessEnabled":false,"userAgent":"Mozilla/5.0 (Macintosh; Intel Mac OS X) AppleWebKit/538.1 (KHTML, like Gecko) PhantomJS/2.0.0 Safari/538.1","webSecurityEnabled":true}
[INFO  - 2015-10-16T23:18:14.466Z] Session [2cf33de0-745c-11e5-8df1-d5da5c51a9d4] - page.customHeaders:  - {"Accept-Language":"en"}
[INFO  - 2015-10-16T23:18:14.466Z] Session [2cf33de0-745c-11e5-8df1-d5da5c51a9d4] - Session.negotiatedCapabilities - {"browserName":"phantomjs","version":"2.0.0","driverName":"ghostdriver","driverVersion":"1.2.0","platform":"mac-10.9 (Mavericks)-64bit","javascriptEnabled":true,"takesScreenshot":true,"handlesAlerts":false,"databaseEnabled":false,"locationContextEnabled":false,"applicationCacheEnabled":false,"browserConnectionEnabled":false,"cssSelectorsEnabled":true,"webStorageEnabled":false,"rotatable":false,"acceptSslCerts":false,"nativeEvents":true,"proxy":{"proxyType":"direct"},"phantomjs.page.customHeaders.Accept-Language":"en"}
[INFO  - 2015-10-16T23:18:14.466Z] SessionManagerReqHand - _postNewSessionCommand - New Session Created: 2cf33de0-745c-11e5-8df1-d5da5c51a9d4
[INFO  - 2015-10-16T23:18:15.540Z] ShutdownReqHand - _handle - About to shutdown
]]></system-err>
  </testcase>
  <testcase name="autoInstallAnt" classname="plugins.AntPluginTest" time="36.313"/>
</testsuite>