<?xml version="1.0" encoding="UTF-8"?>
<testsuite name="plugins.CoberturaPluginTest" time="37.166" tests="2" errors="2" skipped="0" failures="0">
  <properties>
    <property name="java.runtime.name" value="Java(TM) SE Runtime Environment"/>
    <property name="sun.boot.library.path" value="/Library/Java/JavaVirtualMachines/jdk1.8.0_60.jdk/Contents/Home/jre/lib"/>
    <property name="java.vm.version" value="25.60-b23"/>
    <property name="gopherProxySet" value="false"/>
    <property name="java.vm.vendor" value="Oracle Corporation"/>
    <property name="maven.multiModuleProjectDirectory" value="/Users/abduljewel/Documents/c/spiderqa/sample-test-projects/acceptance-test-harness"/>
    <property name="java.vendor.url" value="http://java.oracle.com/"/>
    <property name="path.separator" value=":"/>
    <property name="guice.disable.misplaced.annotation.check" value="true"/>
    <property name="java.vm.name" value="Java HotSpot(TM) 64-Bit Server VM"/>
    <property name="file.encoding.pkg" value="sun.io"/>
    <property name="user.country" value="US"/>
    <property name="sun.java.launcher" value="SUN_STANDARD"/>
    <property name="sun.os.patch.level" value="unknown"/>
    <property name="java.vm.specification.name" value="Java Virtual Machine Specification"/>
    <property name="user.dir" value="/Users/abduljewel/Documents/c/spiderqa/sample-test-projects/acceptance-test-harness"/>
    <property name="java.runtime.version" value="1.8.0_60-b27"/>
    <property name="java.awt.graphicsenv" value="sun.awt.CGraphicsEnvironment"/>
    <property name="java.endorsed.dirs" value="/Library/Java/JavaVirtualMachines/jdk1.8.0_60.jdk/Contents/Home/jre/lib/endorsed"/>
    <property name="os.arch" value="x86_64"/>
    <property name="java.io.tmpdir" value="/var/folders/lk/l859yg616c9cbtgfnt9szgjc0000gn/T/"/>
    <property name="line.separator" value="&#10;"/>
    <property name="java.vm.specification.vendor" value="Oracle Corporation"/>
    <property name="os.name" value="Mac OS X"/>
    <property name="classworlds.conf" value="/usr/local/Cellar/maven/3.3.3/libexec/bin/m2.conf"/>
    <property name="sun.jnu.encoding" value="UTF-8"/>
    <property name="java.library.path" value="/Users/abduljewel/Library/Java/Extensions:/Library/Java/Extensions:/Network/Library/Java/Extensions:/System/Library/Java/Extensions:/usr/lib/java:."/>
    <property name="java.specification.name" value="Java Platform API Specification"/>
    <property name="java.class.version" value="52.0"/>
    <property name="sun.management.compiler" value="HotSpot 64-Bit Tiered Compilers"/>
    <property name="os.version" value="10.10.5"/>
    <property name="http.nonProxyHosts" value="local|*.local|169.254/16|*.169.254/16"/>
    <property name="user.home" value="/Users/abduljewel"/>
    <property name="user.timezone" value="America/New_York"/>
    <property name="java.awt.printerjob" value="sun.lwawt.macosx.CPrinterJob"/>
    <property name="java.specification.version" value="1.8"/>
    <property name="file.encoding" value="UTF-8"/>
    <property name="user.name" value="abduljewel"/>
    <property name="java.class.path" value="/usr/local/Cellar/maven/3.3.3/libexec/boot/plexus-classworlds-2.5.2.jar"/>
    <property name="java.vm.specification.version" value="1.8"/>
    <property name="sun.arch.data.model" value="64"/>
    <property name="java.home" value="/Library/Java/JavaVirtualMachines/jdk1.8.0_60.jdk/Contents/Home/jre"/>
    <property name="sun.java.command" value="org.codehaus.plexus.classworlds.launcher.Launcher clean test"/>
    <property name="java.specification.vendor" value="Oracle Corporation"/>
    <property name="user.language" value="en"/>
    <property name="awt.toolkit" value="sun.lwawt.macosx.LWCToolkit"/>
    <property name="java.vm.info" value="mixed mode"/>
    <property name="java.version" value="1.8.0_60"/>
    <property name="java.ext.dirs" value="/Users/abduljewel/Library/Java/Extensions:/Library/Java/JavaVirtualMachines/jdk1.8.0_60.jdk/Contents/Home/jre/lib/ext:/Library/Java/Extensions:/Network/Library/Java/Extensions:/System/Library/Java/Extensions:/usr/lib/java"/>
    <property name="sun.boot.class.path" value="/Library/Java/JavaVirtualMachines/jdk1.8.0_60.jdk/Contents/Home/jre/lib/resources.jar:/Library/Java/JavaVirtualMachines/jdk1.8.0_60.jdk/Contents/Home/jre/lib/rt.jar:/Library/Java/JavaVirtualMachines/jdk1.8.0_60.jdk/Contents/Home/jre/lib/sunrsasign.jar:/Library/Java/JavaVirtualMachines/jdk1.8.0_60.jdk/Contents/Home/jre/lib/jsse.jar:/Library/Java/JavaVirtualMachines/jdk1.8.0_60.jdk/Contents/Home/jre/lib/jce.jar:/Library/Java/JavaVirtualMachines/jdk1.8.0_60.jdk/Contents/Home/jre/lib/charsets.jar:/Library/Java/JavaVirtualMachines/jdk1.8.0_60.jdk/Contents/Home/jre/lib/jfr.jar:/Library/Java/JavaVirtualMachines/jdk1.8.0_60.jdk/Contents/Home/jre/classes"/>
    <property name="java.vendor" value="Oracle Corporation"/>
    <property name="maven.home" value="/usr/local/Cellar/maven/3.3.3/libexec"/>
    <property name="file.separator" value="/"/>
    <property name="java.vendor.url.bug" value="http://bugreport.sun.com/bugreport/"/>
    <property name="sun.cpu.endian" value="little"/>
    <property name="sun.io.unicode.encoding" value="UnicodeBig"/>
    <property name="socksNonProxyHosts" value="local|*.local|169.254/16|*.169.254/16"/>
    <property name="ftp.nonProxyHosts" value="local|*.local|169.254/16|*.169.254/16"/>
    <property name="sun.cpu.isalist" value=""/>
  </properties>
  <testcase name="record_covertura_coverage_report" classname="plugins.CoberturaPluginTest" time="18.014">
    <error message="org.apache.http.entity.ContentType.create(Ljava/lang/String;[Lorg/apache/http/NameValuePair;)Lorg/apache/http/entity/ContentType;" type="java.lang.NoSuchMethodError">java.lang.NoSuchMethodError: org.apache.http.entity.ContentType.create(Ljava/lang/String;[Lorg/apache/http/NameValuePair;)Lorg/apache/http/entity/ContentType;
	at org.apache.http.entity.mime.MultipartEntityBuilder.buildEntity(MultipartEntityBuilder.java:209)
	at org.apache.http.entity.mime.MultipartEntityBuilder.build(MultipartEntityBuilder.java:230)
	at org.jenkinsci.test.acceptance.update_center.PluginMetadata.uploadTo(PluginMetadata.java:65)
	at org.jenkinsci.test.acceptance.po.PluginManager.installPlugins(PluginManager.java:173)
	at org.jenkinsci.test.acceptance.junit.WithPlugins$RuleImpl$1.doInstall(WithPlugins.java:139)
	at org.jenkinsci.test.acceptance.junit.WithPlugins$RuleImpl$1.installPlugins(WithPlugins.java:119)
	at org.jenkinsci.test.acceptance.junit.WithPlugins$RuleImpl$1.evaluate(WithPlugins.java:92)
	at org.jenkinsci.test.acceptance.junit.JenkinsAcceptanceTestRule$1$2$1.evaluate(JenkinsAcceptanceTestRule.java:129)
	at org.jenkinsci.test.acceptance.junit.FilterRule$1.evaluate(FilterRule.java:62)
	at org.jenkinsci.test.acceptance.junit.JenkinsAcceptanceTestRule$1.evaluate(JenkinsAcceptanceTestRule.java:55)
	at org.junit.runners.ParentRunner.runLeaf(ParentRunner.java:271)
	at org.junit.runners.BlockJUnit4ClassRunner.runChild(BlockJUnit4ClassRunner.java:70)
	at org.junit.runners.BlockJUnit4ClassRunner.runChild(BlockJUnit4ClassRunner.java:50)
	at org.junit.runners.ParentRunner$3.run(ParentRunner.java:238)
	at org.junit.runners.ParentRunner$1.schedule(ParentRunner.java:63)
	at org.junit.runners.ParentRunner.runChildren(ParentRunner.java:236)
	at org.junit.runners.ParentRunner.access$000(ParentRunner.java:53)
	at org.junit.runners.ParentRunner$2.evaluate(ParentRunner.java:229)
	at org.junit.runners.ParentRunner.run(ParentRunner.java:309)
	at org.apache.maven.surefire.junit4.JUnit4Provider.execute(JUnit4Provider.java:264)
	at org.apache.maven.surefire.junit4.JUnit4Provider.executeTestSet(JUnit4Provider.java:153)
	at org.apache.maven.surefire.junit4.JUnit4Provider.invoke(JUnit4Provider.java:124)
	at org.apache.maven.surefire.booter.ForkedBooter.invokeProviderInSameClassLoader(ForkedBooter.java:200)
	at org.apache.maven.surefire.booter.ForkedBooter.runSuitesInProcess(ForkedBooter.java:153)
	at org.apache.maven.surefire.booter.ForkedBooter.main(ForkedBooter.java:103)
</error>
    <system-out><![CDATA[testCaseResult=ru.yandex.qatools.allure.model.TestCaseResult@71aeb494[
  name=publish_multiple_servers
  title=<null>
  description=<null>
  failure=ru.yandex.qatools.allure.model.Failure@62a55692
  start=1445038039350
  stop=1445038039350
  status=PENDING
  severity=<null>
  steps=[]
  attachments=[]
  labels=[ru.yandex.qatools.allure.model.Label@5d43d9fd, ru.yandex.qatools.allure.model.Label@237030e5]
  parameters=<null>
]
testCaseResult={
   "start" : 1445038039350,
   "stop" : 1445038039350,
   "status" : "pending",
   "name" : "publish_multiple_servers",
   "failure" : {
      "message" : "Test ignored (without reason)!",
      "stack-trace" : "There are no stack trace"
   },
   "steps" : {
      "step" : [ ]
   },
   "attachments" : {
      "attachment" : [ ]
   },
   "labels" : {
      "label" : [ {
         "name" : "host",
         "value" : "MacBook-Pro-2.home"
      }, {
         "name" : "thread",
         "value" : "1771@MacBook-Pro-2.home.main(1)"
      } ]
   }
}
testCase=ru.yandex.qatools.allure.model.TestCase@27fe2a0b[
  _id=87b7b46e-6d6b-461b-b8eb-65f57f0218c5
  executionId=7a8626ac-7b8d-4761-8bff-776519219d78
  threadName=thread_15005794375463
  name=publish_multiple_servers
  title=<null>
  description=<null>
  failure=ru.yandex.qatools.allure.model.Failure@62a55692
  start=1445038039350
  stop=1445038039350
  status=PENDING
  severity=<null>
  steps=[]
  attachments=[]
  labels=[ru.yandex.qatools.allure.model.Label@5d43d9fd, ru.yandex.qatools.allure.model.Label@237030e5]
  parameters=<null>
]
testCase={
   "start" : 1445038039350,
   "stop" : 1445038039350,
   "status" : "pending",
   "_id" : "87b7b46e-6d6b-461b-b8eb-65f57f0218c5",
   "executionId" : "7a8626ac-7b8d-4761-8bff-776519219d78",
   "threadName" : "thread_15005794375463",
   "name" : "publish_multiple_servers",
   "failure" : {
      "message" : "Test ignored (without reason)!",
      "stack-trace" : "There are no stack trace"
   },
   "steps" : {
      "step" : [ ]
   },
   "attachments" : {
      "attachment" : [ ]
   },
   "labels" : {
      "label" : [ {
         "name" : "host",
         "value" : "MacBook-Pro-2.home"
      }, {
         "name" : "thread",
         "value" : "1771@MacBook-Pro-2.home.main(1)"
      } ]
   }
}
<<<RESPONSE (201 Created): /testaspect/TestCase/dbf9f957-60ba-43af-97c5-d8315fda6dbc
>>>REQUEST: /testaspect/TestCase/87b7b46e-6d6b-461b-b8eb-65f57f0218c5
<<<RESPONSE (201 Created): /testaspect/TestCase/87b7b46e-6d6b-461b-b8eb-65f57f0218c5
running with given plugins: []
=== Starting record_covertura_coverage_report(plugins.CoberturaPluginTest)
Starting Jenkins: JAVA_HOME=/Library/Java/JavaVirtualMachines/jdk1.8.0_60.jdk/Contents/Home JENKINS_HOME=/Users/abduljewel/Documents/c/spiderqa/sample-test-projects/acceptance-test-harness/target/jenkins6506245542170312759home /Library/Java/JavaVirtualMachines/jdk1.8.0_60.jdk/Contents/Home/bin/java -Duser.language=en -jar ./jenkins.war --ajp13Port=-1 --httpPort=50166
master50166|Running from: /Users/abduljewel/Documents/c/spiderqa/sample-test-projects/acceptance-test-harness/jenkins.war
master50166|webroot: EnvVars.masterEnvVars.get("JENKINS_HOME")
master50166|Oct 16, 2015 7:27:19 PM winstone.Logger logInternal
master50166|INFO: Beginning extraction from war file
master50166|Oct 16, 2015 7:27:20 PM org.eclipse.jetty.util.log.JavaUtilLog info
master50166|INFO: jetty-winstone-2.8
master50166|Oct 16, 2015 7:27:21 PM org.eclipse.jetty.util.log.JavaUtilLog info
master50166|INFO: NO JSP Support for , did not find org.apache.jasper.servlet.JspServlet
master50166|Jenkins home directory: /Users/abduljewel/Documents/c/spiderqa/sample-test-projects/acceptance-test-harness/target/jenkins6506245542170312759home found at: EnvVars.masterEnvVars.get("JENKINS_HOME")
master50166|Oct 16, 2015 7:27:22 PM org.eclipse.jetty.util.log.JavaUtilLog info
master50166|INFO: Started SelectChannelConnector@0.0.0.0:50166
master50166|Oct 16, 2015 7:27:22 PM winstone.Logger logInternal
master50166|INFO: Winstone Servlet Engine v2.0 running: controlPort=disabled
master50166|Oct 16, 2015 7:27:23 PM jenkins.InitReactorRunner$1 onAttained
master50166|INFO: Started initialization
master50166|Oct 16, 2015 7:27:32 PM jenkins.InitReactorRunner$1 onAttained
master50166|INFO: Listed all plugins
master50166|Oct 16, 2015 7:27:32 PM jenkins.InitReactorRunner$1 onAttained
master50166|INFO: Prepared all plugins
master50166|Oct 16, 2015 7:27:32 PM jenkins.InitReactorRunner$1 onAttained
master50166|INFO: Started all plugins
master50166|Oct 16, 2015 7:27:32 PM jenkins.InitReactorRunner$1 onAttained
master50166|INFO: Augmented all extensions
master50166|Oct 16, 2015 7:27:34 PM jenkins.InitReactorRunner$1 onAttained
master50166|INFO: Loaded all jobs
master50166|Oct 16, 2015 7:27:35 PM hudson.model.AsyncPeriodicWork$1 run
master50166|INFO: Started Download metadata
master50166|Oct 16, 2015 7:27:35 PM org.jenkinsci.main.modules.sshd.SSHD start
master50166|INFO: Started SSHD at port 56123
master50166|Oct 16, 2015 7:27:35 PM jenkins.InitReactorRunner$1 onAttained
master50166|INFO: Completed initialization
master50166|Oct 16, 2015 7:27:35 PM hudson.UDPBroadcastThread run
master50166|WARNING: UDP handling problem
master50166|java.net.SocketException: Can't assign requested address
master50166|	at java.net.PlainDatagramSocketImpl.join(Native Method)
master50166|	at java.net.AbstractPlainDatagramSocketImpl.join(AbstractPlainDatagramSocketImpl.java:179)
master50166|	at java.net.MulticastSocket.joinGroup(MulticastSocket.java:323)
master50166|	at hudson.UDPBroadcastThread.run(UDPBroadcastThread.java:77)
master50166|
master50166|Oct 16, 2015 7:27:35 PM hudson.WebAppMain$3 run
master50166|INFO: Jenkins is fully up and running
master50166|Oct 16, 2015 7:27:37 PM hudson.model.UpdateSite updateData
master50166|INFO: Obtained the latest update center data file for UpdateSource default
Jenkins is stopped
]]></system-out>
    <system-err><![CDATA[Oct 16, 2015 7:27:19 PM org.jenkinsci.test.acceptance.controller.LocalController startNow
INFO: Waiting for Jenkins to become running in http://127.0.0.1:50166/
Oct 16, 2015 7:27:35 PM org.jenkinsci.test.acceptance.controller.LocalController startNow
INFO: Jenkins is running in http://127.0.0.1:50166/
Oct 16, 2015 7:27:35 PM org.openqa.selenium.phantomjs.PhantomJSDriverService <init>
INFO: executable: /usr/local/bin/phantomjs
Oct 16, 2015 7:27:35 PM org.openqa.selenium.phantomjs.PhantomJSDriverService <init>
INFO: port: 31706
Oct 16, 2015 7:27:35 PM org.openqa.selenium.phantomjs.PhantomJSDriverService <init>
INFO: arguments: [--webdriver=31706, --webdriver-logfile=/Users/abduljewel/Documents/c/spiderqa/sample-test-projects/acceptance-test-harness/phantomjsdriver.log]
Oct 16, 2015 7:27:35 PM org.openqa.selenium.phantomjs.PhantomJSDriverService <init>
INFO: environment: {}
[INFO  - 2015-10-16T23:27:35.608Z] GhostDriver - Main - running on port 31706
[INFO  - 2015-10-16T23:27:35.877Z] Session [7b939c00-745d-11e5-911a-67f3bf7bfbdb] - page.settings - {"XSSAuditingEnabled":false,"javascriptCanCloseWindows":true,"javascriptCanOpenWindows":true,"javascriptEnabled":true,"loadImages":true,"localToRemoteUrlAccessEnabled":false,"userAgent":"Mozilla/5.0 (Macintosh; Intel Mac OS X) AppleWebKit/538.1 (KHTML, like Gecko) PhantomJS/2.0.0 Safari/538.1","webSecurityEnabled":true}
[INFO  - 2015-10-16T23:27:35.877Z] Session [7b939c00-745d-11e5-911a-67f3bf7bfbdb] - page.customHeaders:  - {"Accept-Language":"en"}
[INFO  - 2015-10-16T23:27:35.877Z] Session [7b939c00-745d-11e5-911a-67f3bf7bfbdb] - Session.negotiatedCapabilities - {"browserName":"phantomjs","version":"2.0.0","driverName":"ghostdriver","driverVersion":"1.2.0","platform":"mac-10.9 (Mavericks)-64bit","javascriptEnabled":true,"takesScreenshot":true,"handlesAlerts":false,"databaseEnabled":false,"locationContextEnabled":false,"applicationCacheEnabled":false,"browserConnectionEnabled":false,"cssSelectorsEnabled":true,"webStorageEnabled":false,"rotatable":false,"acceptSslCerts":false,"nativeEvents":true,"proxy":{"proxyType":"direct"},"phantomjs.page.customHeaders.Accept-Language":"en"}
[INFO  - 2015-10-16T23:27:35.877Z] SessionManagerReqHand - _postNewSessionCommand - New Session Created: 7b939c00-745d-11e5-911a-67f3bf7bfbdb
Oct 16, 2015 7:27:36 PM org.jenkinsci.test.acceptance.po.PluginManager installationStatus
INFO: cobertura is not installed
Oct 16, 2015 7:27:36 PM org.jenkinsci.test.acceptance.po.PluginManager installationStatus
INFO: cobertura is not installed
Oct 16, 2015 7:27:37 PM org.jenkinsci.test.acceptance.po.PluginManager installationStatus
INFO: javadoc has version 1.1 but 1.3 was requested
[INFO  - 2015-10-16T23:27:37.005Z] ShutdownReqHand - _handle - About to shutdown
]]></system-err>
  </testcase>
  <testcase name="view_cobertura_coverage_report" classname="plugins.CoberturaPluginTest" time="19.152">
    <error message="org.apache.http.entity.ContentType.create(Ljava/lang/String;[Lorg/apache/http/NameValuePair;)Lorg/apache/http/entity/ContentType;" type="java.lang.NoSuchMethodError">java.lang.NoSuchMethodError: org.apache.http.entity.ContentType.create(Ljava/lang/String;[Lorg/apache/http/NameValuePair;)Lorg/apache/http/entity/ContentType;
	at org.apache.http.entity.mime.MultipartEntityBuilder.buildEntity(MultipartEntityBuilder.java:209)
	at org.apache.http.entity.mime.MultipartEntityBuilder.build(MultipartEntityBuilder.java:230)
	at org.jenkinsci.test.acceptance.update_center.PluginMetadata.uploadTo(PluginMetadata.java:65)
	at org.jenkinsci.test.acceptance.po.PluginManager.installPlugins(PluginManager.java:173)
	at org.jenkinsci.test.acceptance.junit.WithPlugins$RuleImpl$1.doInstall(WithPlugins.java:139)
	at org.jenkinsci.test.acceptance.junit.WithPlugins$RuleImpl$1.installPlugins(WithPlugins.java:119)
	at org.jenkinsci.test.acceptance.junit.WithPlugins$RuleImpl$1.evaluate(WithPlugins.java:92)
	at org.jenkinsci.test.acceptance.junit.JenkinsAcceptanceTestRule$1$2$1.evaluate(JenkinsAcceptanceTestRule.java:129)
	at org.jenkinsci.test.acceptance.junit.FilterRule$1.evaluate(FilterRule.java:62)
	at org.jenkinsci.test.acceptance.junit.JenkinsAcceptanceTestRule$1.evaluate(JenkinsAcceptanceTestRule.java:55)
	at org.junit.runners.ParentRunner.runLeaf(ParentRunner.java:271)
	at org.junit.runners.BlockJUnit4ClassRunner.runChild(BlockJUnit4ClassRunner.java:70)
	at org.junit.runners.BlockJUnit4ClassRunner.runChild(BlockJUnit4ClassRunner.java:50)
	at org.junit.runners.ParentRunner$3.run(ParentRunner.java:238)
	at org.junit.runners.ParentRunner$1.schedule(ParentRunner.java:63)
	at org.junit.runners.ParentRunner.runChildren(ParentRunner.java:236)
	at org.junit.runners.ParentRunner.access$000(ParentRunner.java:53)
	at org.junit.runners.ParentRunner$2.evaluate(ParentRunner.java:229)
	at org.junit.runners.ParentRunner.run(ParentRunner.java:309)
	at org.apache.maven.surefire.junit4.JUnit4Provider.execute(JUnit4Provider.java:264)
	at org.apache.maven.surefire.junit4.JUnit4Provider.executeTestSet(JUnit4Provider.java:153)
	at org.apache.maven.surefire.junit4.JUnit4Provider.invoke(JUnit4Provider.java:124)
	at org.apache.maven.surefire.booter.ForkedBooter.invokeProviderInSameClassLoader(ForkedBooter.java:200)
	at org.apache.maven.surefire.booter.ForkedBooter.runSuitesInProcess(ForkedBooter.java:153)
	at org.apache.maven.surefire.booter.ForkedBooter.main(ForkedBooter.java:103)
</error>
    <system-out><![CDATA[testCaseResult=ru.yandex.qatools.allure.model.TestCaseResult@12e52ef[
  name=record_covertura_coverage_report
  title=<null>
  description=<null>
  failure=ru.yandex.qatools.allure.model.Failure@7a9d64a1
  start=1445038039352
  stop=1445038057679
  status=BROKEN
  severity=<null>
  steps=[]
  attachments=[]
  labels=[ru.yandex.qatools.allure.model.Label@6f6fb787, ru.yandex.qatools.allure.model.Label@2b0af247]
  parameters=<null>
]
testCaseResult={
   "start" : 1445038039352,
   "stop" : 1445038057679,
   "status" : "broken",
   "name" : "record_covertura_coverage_report",
   "failure" : {
      "message" : "NoSuchMethodError: org.apache.http.entity.ContentType.create(Ljava/lang/String;[Lorg/apache/http/NameValuePair;)Lorg/apache/http/entity/ContentType;",
      "stack-trace" : "java.lang.NoSuchMethodError: org.apache.http.entity.ContentType.create(Ljava/lang/String;[Lorg/apache/http/NameValuePair;)Lorg/apache/http/entity/ContentType;\n\tat org.apache.http.entity.mime.MultipartEntityBuilder.buildEntity(MultipartEntityBuilder.java:209)\n\tat org.apache.http.entity.mime.MultipartEntityBuilder.build(MultipartEntityBuilder.java:230)\n\tat org.jenkinsci.test.acceptance.update_center.PluginMetadata.uploadTo(PluginMetadata.java:65)\n\tat org.jenkinsci.test.acceptance.po.PluginManager.installPlugins(PluginManager.java:173)\n\tat org.jenkinsci.test.acceptance.junit.WithPlugins$RuleImpl$1.doInstall(WithPlugins.java:139)\n\tat org.jenkinsci.test.acceptance.junit.WithPlugins$RuleImpl$1.installPlugins(WithPlugins.java:119)\n\tat org.jenkinsci.test.acceptance.junit.WithPlugins$RuleImpl$1.evaluate(WithPlugins.java:92)\n\tat org.jenkinsci.test.acceptance.junit.JenkinsAcceptanceTestRule$1$2$1.evaluate(JenkinsAcceptanceTestRule.java:129)\n\tat org.jenkinsci.test.acceptance.junit.FilterRule$1.evaluate(FilterRule.java:62)\n\tat org.jenkinsci.test.acceptance.junit.JenkinsAcceptanceTestRule$1.evaluate(JenkinsAcceptanceTestRule.java:55)\n\tat org.junit.runners.ParentRunner.runLeaf(ParentRunner.java:271)\n\tat org.junit.runners.BlockJUnit4ClassRunner.runChild(BlockJUnit4ClassRunner.java:70)\n\tat org.junit.runners.BlockJUnit4ClassRunner.runChild(BlockJUnit4ClassRunner.java:50)\n\tat org.junit.runners.ParentRunner$3.run(ParentRunner.java:238)\n\tat org.junit.runners.ParentRunner$1.schedule(ParentRunner.java:63)\n\tat org.junit.runners.ParentRunner.runChildren(ParentRunner.java:236)\n\tat org.junit.runners.ParentRunner.access$000(ParentRunner.java:53)\n\tat org.junit.runners.ParentRunner$2.evaluate(ParentRunner.java:229)\n\tat org.junit.runners.ParentRunner.run(ParentRunner.java:309)\n\tat org.apache.maven.surefire.junit4.JUnit4Provider.execute(JUnit4Provider.java:264)\n\tat org.apache.maven.surefire.junit4.JUnit4Provider.executeTestSet(JUnit4Provider.java:153)\n\tat org.apache.maven.surefire.junit4.JUnit4Provider.invoke(JUnit4Provider.java:124)\n\tat org.apache.maven.surefire.booter.ForkedBooter.invokeProviderInSameClassLoader(ForkedBooter.java:200)\n\tat org.apache.maven.surefire.booter.ForkedBooter.runSuitesInProcess(ForkedBooter.java:153)\n\tat org.apache.maven.surefire.booter.ForkedBooter.main(ForkedBooter.java:103)\n"
   },
   "steps" : {
      "step" : [ ]
   },
   "attachments" : {
      "attachment" : [ ]
   },
   "labels" : {
      "label" : [ {
         "name" : "host",
         "value" : "MacBook-Pro-2.home"
      }, {
         "name" : "thread",
         "value" : "1771@MacBook-Pro-2.home.main(1)"
      } ]
   }
}
testCase=ru.yandex.qatools.allure.model.TestCase@584074e3[
  _id=4cfb10d8-424f-477e-9e80-3a96f282e317
  executionId=7a8626ac-7b8d-4761-8bff-776519219d78
  threadName=thread_15005794375463
  name=record_covertura_coverage_report
  title=<null>
  description=<null>
  failure=ru.yandex.qatools.allure.model.Failure@7a9d64a1
  start=1445038039352
  stop=1445038057679
  status=BROKEN
  severity=<null>
  steps=[]
  attachments=[]
  labels=[ru.yandex.qatools.allure.model.Label@6f6fb787, ru.yandex.qatools.allure.model.Label@2b0af247]
  parameters=<null>
]
testCase={
   "start" : 1445038039352,
   "stop" : 1445038057679,
   "status" : "broken",
   "_id" : "4cfb10d8-424f-477e-9e80-3a96f282e317",
   "executionId" : "7a8626ac-7b8d-4761-8bff-776519219d78",
   "threadName" : "thread_15005794375463",
   "name" : "record_covertura_coverage_report",
   "failure" : {
      "message" : "NoSuchMethodError: org.apache.http.entity.ContentType.create(Ljava/lang/String;[Lorg/apache/http/NameValuePair;)Lorg/apache/http/entity/ContentType;",
      "stack-trace" : "java.lang.NoSuchMethodError: org.apache.http.entity.ContentType.create(Ljava/lang/String;[Lorg/apache/http/NameValuePair;)Lorg/apache/http/entity/ContentType;\n\tat org.apache.http.entity.mime.MultipartEntityBuilder.buildEntity(MultipartEntityBuilder.java:209)\n\tat org.apache.http.entity.mime.MultipartEntityBuilder.build(MultipartEntityBuilder.java:230)\n\tat org.jenkinsci.test.acceptance.update_center.PluginMetadata.uploadTo(PluginMetadata.java:65)\n\tat org.jenkinsci.test.acceptance.po.PluginManager.installPlugins(PluginManager.java:173)\n\tat org.jenkinsci.test.acceptance.junit.WithPlugins$RuleImpl$1.doInstall(WithPlugins.java:139)\n\tat org.jenkinsci.test.acceptance.junit.WithPlugins$RuleImpl$1.installPlugins(WithPlugins.java:119)\n\tat org.jenkinsci.test.acceptance.junit.WithPlugins$RuleImpl$1.evaluate(WithPlugins.java:92)\n\tat org.jenkinsci.test.acceptance.junit.JenkinsAcceptanceTestRule$1$2$1.evaluate(JenkinsAcceptanceTestRule.java:129)\n\tat org.jenkinsci.test.acceptance.junit.FilterRule$1.evaluate(FilterRule.java:62)\n\tat org.jenkinsci.test.acceptance.junit.JenkinsAcceptanceTestRule$1.evaluate(JenkinsAcceptanceTestRule.java:55)\n\tat org.junit.runners.ParentRunner.runLeaf(ParentRunner.java:271)\n\tat org.junit.runners.BlockJUnit4ClassRunner.runChild(BlockJUnit4ClassRunner.java:70)\n\tat org.junit.runners.BlockJUnit4ClassRunner.runChild(BlockJUnit4ClassRunner.java:50)\n\tat org.junit.runners.ParentRunner$3.run(ParentRunner.java:238)\n\tat org.junit.runners.ParentRunner$1.schedule(ParentRunner.java:63)\n\tat org.junit.runners.ParentRunner.runChildren(ParentRunner.java:236)\n\tat org.junit.runners.ParentRunner.access$000(ParentRunner.java:53)\n\tat org.junit.runners.ParentRunner$2.evaluate(ParentRunner.java:229)\n\tat org.junit.runners.ParentRunner.run(ParentRunner.java:309)\n\tat org.apache.maven.surefire.junit4.JUnit4Provider.execute(JUnit4Provider.java:264)\n\tat org.apache.maven.surefire.junit4.JUnit4Provider.executeTestSet(JUnit4Provider.java:153)\n\tat org.apache.maven.surefire.junit4.JUnit4Provider.invoke(JUnit4Provider.java:124)\n\tat org.apache.maven.surefire.booter.ForkedBooter.invokeProviderInSameClassLoader(ForkedBooter.java:200)\n\tat org.apache.maven.surefire.booter.ForkedBooter.runSuitesInProcess(ForkedBooter.java:153)\n\tat org.apache.maven.surefire.booter.ForkedBooter.main(ForkedBooter.java:103)\n"
   },
   "steps" : {
      "step" : [ ]
   },
   "attachments" : {
      "attachment" : [ ]
   },
   "labels" : {
      "label" : [ {
         "name" : "host",
         "value" : "MacBook-Pro-2.home"
      }, {
         "name" : "thread",
         "value" : "1771@MacBook-Pro-2.home.main(1)"
      } ]
   }
}
>>>REQUEST: /testaspect/TestCase/4cfb10d8-424f-477e-9e80-3a96f282e317
<<<RESPONSE (201 Created): /testaspect/TestCase/4cfb10d8-424f-477e-9e80-3a96f282e317
running with given plugins: []
=== Starting view_cobertura_coverage_report(plugins.CoberturaPluginTest)
Starting Jenkins: JAVA_HOME=/Library/Java/JavaVirtualMachines/jdk1.8.0_60.jdk/Contents/Home JENKINS_HOME=/Users/abduljewel/Documents/c/spiderqa/sample-test-projects/acceptance-test-harness/target/jenkins7891487700581770695home /Library/Java/JavaVirtualMachines/jdk1.8.0_60.jdk/Contents/Home/bin/java -Duser.language=en -jar ./jenkins.war --ajp13Port=-1 --httpPort=61762
master61762|Running from: /Users/abduljewel/Documents/c/spiderqa/sample-test-projects/acceptance-test-harness/jenkins.war
master61762|webroot: EnvVars.masterEnvVars.get("JENKINS_HOME")
master61762|Oct 16, 2015 7:27:37 PM winstone.Logger logInternal
master61762|INFO: Beginning extraction from war file
master61762|Oct 16, 2015 7:27:39 PM org.eclipse.jetty.util.log.JavaUtilLog info
master61762|INFO: jetty-winstone-2.8
master61762|Oct 16, 2015 7:27:40 PM org.eclipse.jetty.util.log.JavaUtilLog info
master61762|INFO: NO JSP Support for , did not find org.apache.jasper.servlet.JspServlet
master61762|Jenkins home directory: /Users/abduljewel/Documents/c/spiderqa/sample-test-projects/acceptance-test-harness/target/jenkins7891487700581770695home found at: EnvVars.masterEnvVars.get("JENKINS_HOME")
master61762|Oct 16, 2015 7:27:41 PM org.eclipse.jetty.util.log.JavaUtilLog info
master61762|INFO: Started SelectChannelConnector@0.0.0.0:61762
master61762|Oct 16, 2015 7:27:41 PM winstone.Logger logInternal
master61762|INFO: Winstone Servlet Engine v2.0 running: controlPort=disabled
master61762|Oct 16, 2015 7:27:41 PM jenkins.InitReactorRunner$1 onAttained
master61762|INFO: Started initialization
master61762|Oct 16, 2015 7:27:51 PM jenkins.InitReactorRunner$1 onAttained
master61762|INFO: Listed all plugins
master61762|Oct 16, 2015 7:27:51 PM jenkins.InitReactorRunner$1 onAttained
master61762|INFO: Prepared all plugins
master61762|Oct 16, 2015 7:27:51 PM jenkins.InitReactorRunner$1 onAttained
master61762|INFO: Started all plugins
master61762|Oct 16, 2015 7:27:51 PM jenkins.InitReactorRunner$1 onAttained
master61762|INFO: Augmented all extensions
master61762|Oct 16, 2015 7:27:52 PM jenkins.InitReactorRunner$1 onAttained
master61762|INFO: Loaded all jobs
master61762|Oct 16, 2015 7:27:52 PM hudson.model.AsyncPeriodicWork$1 run
master61762|INFO: Started Download metadata
master61762|Oct 16, 2015 7:27:53 PM org.jenkinsci.main.modules.sshd.SSHD start
master61762|INFO: Started SSHD at port 56144
master61762|Oct 16, 2015 7:27:53 PM jenkins.InitReactorRunner$1 onAttained
master61762|INFO: Completed initialization
master61762|Oct 16, 2015 7:27:53 PM hudson.UDPBroadcastThread run
master61762|WARNING: UDP handling problem
master61762|java.net.SocketException: Can't assign requested address
master61762|	at java.net.PlainDatagramSocketImpl.join(Native Method)
master61762|	at java.net.AbstractPlainDatagramSocketImpl.join(AbstractPlainDatagramSocketImpl.java:179)
master61762|	at java.net.MulticastSocket.joinGroup(MulticastSocket.java:323)
master61762|	at hudson.UDPBroadcastThread.run(UDPBroadcastThread.java:77)
master61762|
master61762|Oct 16, 2015 7:27:53 PM hudson.WebAppMain$3 run
master61762|INFO: Jenkins is fully up and running
master61762|Oct 16, 2015 7:27:54 PM hudson.model.UpdateSite updateData
master61762|INFO: Obtained the latest update center data file for UpdateSource default
master61762|Oct 16, 2015 7:27:55 PM hudson.model.DownloadService$Downloadable load
master61762|INFO: Obtained the updated data file for hudson.tasks.Maven.MavenInstaller
master61762|Oct 16, 2015 7:27:55 PM hudson.model.DownloadService$Downloadable load
master61762|INFO: Obtained the updated data file for hudson.tasks.Ant.AntInstaller
master61762|Oct 16, 2015 7:27:56 PM hudson.model.DownloadService$Downloadable load
master61762|INFO: Obtained the updated data file for hudson.tools.JDKInstaller
master61762|Oct 16, 2015 7:27:56 PM hudson.model.AsyncPeriodicWork$1 run
master61762|INFO: Finished Download metadata. 3,686 ms
Jenkins is stopped
]]></system-out>
    <system-err><![CDATA[Oct 16, 2015 7:27:37 PM org.jenkinsci.test.acceptance.controller.LocalController startNow
INFO: Waiting for Jenkins to become running in http://127.0.0.1:61762/
Oct 16, 2015 7:27:53 PM org.jenkinsci.test.acceptance.controller.LocalController startNow
INFO: Jenkins is running in http://127.0.0.1:61762/
Oct 16, 2015 7:27:53 PM org.openqa.selenium.phantomjs.PhantomJSDriverService <init>
INFO: executable: /usr/local/bin/phantomjs
Oct 16, 2015 7:27:53 PM org.openqa.selenium.phantomjs.PhantomJSDriverService <init>
INFO: port: 2599
Oct 16, 2015 7:27:53 PM org.openqa.selenium.phantomjs.PhantomJSDriverService <init>
INFO: arguments: [--webdriver=2599, --webdriver-logfile=/Users/abduljewel/Documents/c/spiderqa/sample-test-projects/acceptance-test-harness/phantomjsdriver.log]
Oct 16, 2015 7:27:53 PM org.openqa.selenium.phantomjs.PhantomJSDriverService <init>
INFO: environment: {}
[INFO  - 2015-10-16T23:27:54.260Z] GhostDriver - Main - running on port 2599
[INFO  - 2015-10-16T23:27:54.503Z] Session [86addd30-745d-11e5-a1af-435e6436fe9e] - page.settings - {"XSSAuditingEnabled":false,"javascriptCanCloseWindows":true,"javascriptCanOpenWindows":true,"javascriptEnabled":true,"loadImages":true,"localToRemoteUrlAccessEnabled":false,"userAgent":"Mozilla/5.0 (Macintosh; Intel Mac OS X) AppleWebKit/538.1 (KHTML, like Gecko) PhantomJS/2.0.0 Safari/538.1","webSecurityEnabled":true}
[INFO  - 2015-10-16T23:27:54.503Z] Session [86addd30-745d-11e5-a1af-435e6436fe9e] - page.customHeaders:  - {"Accept-Language":"en"}
[INFO  - 2015-10-16T23:27:54.503Z] Session [86addd30-745d-11e5-a1af-435e6436fe9e] - Session.negotiatedCapabilities - {"browserName":"phantomjs","version":"2.0.0","driverName":"ghostdriver","driverVersion":"1.2.0","platform":"mac-10.9 (Mavericks)-64bit","javascriptEnabled":true,"takesScreenshot":true,"handlesAlerts":false,"databaseEnabled":false,"locationContextEnabled":false,"applicationCacheEnabled":false,"browserConnectionEnabled":false,"cssSelectorsEnabled":true,"webStorageEnabled":false,"rotatable":false,"acceptSslCerts":false,"nativeEvents":true,"proxy":{"proxyType":"direct"},"phantomjs.page.customHeaders.Accept-Language":"en"}
[INFO  - 2015-10-16T23:27:54.503Z] SessionManagerReqHand - _postNewSessionCommand - New Session Created: 86addd30-745d-11e5-a1af-435e6436fe9e
Oct 16, 2015 7:27:55 PM org.jenkinsci.test.acceptance.po.PluginManager installationStatus
INFO: cobertura is not installed
Oct 16, 2015 7:27:55 PM org.jenkinsci.test.acceptance.po.PluginManager installationStatus
INFO: cobertura is not installed
Oct 16, 2015 7:27:56 PM org.jenkinsci.test.acceptance.po.PluginManager installationStatus
INFO: javadoc has version 1.1 but 1.3 was requested
[INFO  - 2015-10-16T23:27:56.160Z] ShutdownReqHand - _handle - About to shutdown
]]></system-err>
  </testcase>
</testsuite>