<?xml version="1.0" encoding="UTF-8"?>
<testsuite name="plugins.no_docker.LdapPluginNoDockerTest" time="0" tests="3" errors="0" skipped="3" failures="0">
  <properties>
    <property name="java.runtime.name" value="Java(TM) SE Runtime Environment"/>
    <property name="sun.boot.library.path" value="/Library/Java/JavaVirtualMachines/jdk1.8.0_60.jdk/Contents/Home/jre/lib"/>
    <property name="java.vm.version" value="25.60-b23"/>
    <property name="gopherProxySet" value="false"/>
    <property name="java.vm.vendor" value="Oracle Corporation"/>
    <property name="maven.multiModuleProjectDirectory" value="/Users/abduljewel/Documents/c/spiderqa/sample-test-projects/acceptance-test-harness"/>
    <property name="java.vendor.url" value="http://java.oracle.com/"/>
    <property name="path.separator" value=":"/>
    <property name="guice.disable.misplaced.annotation.check" value="true"/>
    <property name="java.vm.name" value="Java HotSpot(TM) 64-Bit Server VM"/>
    <property name="file.encoding.pkg" value="sun.io"/>
    <property name="user.country" value="US"/>
    <property name="sun.java.launcher" value="SUN_STANDARD"/>
    <property name="sun.os.patch.level" value="unknown"/>
    <property name="java.vm.specification.name" value="Java Virtual Machine Specification"/>
    <property name="user.dir" value="/Users/abduljewel/Documents/c/spiderqa/sample-test-projects/acceptance-test-harness"/>
    <property name="java.runtime.version" value="1.8.0_60-b27"/>
    <property name="java.awt.graphicsenv" value="sun.awt.CGraphicsEnvironment"/>
    <property name="java.endorsed.dirs" value="/Library/Java/JavaVirtualMachines/jdk1.8.0_60.jdk/Contents/Home/jre/lib/endorsed"/>
    <property name="os.arch" value="x86_64"/>
    <property name="java.io.tmpdir" value="/var/folders/lk/l859yg616c9cbtgfnt9szgjc0000gn/T/"/>
    <property name="line.separator" value="&#10;"/>
    <property name="java.vm.specification.vendor" value="Oracle Corporation"/>
    <property name="os.name" value="Mac OS X"/>
    <property name="classworlds.conf" value="/usr/local/Cellar/maven/3.3.3/libexec/bin/m2.conf"/>
    <property name="sun.jnu.encoding" value="UTF-8"/>
    <property name="java.library.path" value="/Users/abduljewel/Library/Java/Extensions:/Library/Java/Extensions:/Network/Library/Java/Extensions:/System/Library/Java/Extensions:/usr/lib/java:."/>
    <property name="java.specification.name" value="Java Platform API Specification"/>
    <property name="java.class.version" value="52.0"/>
    <property name="sun.management.compiler" value="HotSpot 64-Bit Tiered Compilers"/>
    <property name="os.version" value="10.10.5"/>
    <property name="http.nonProxyHosts" value="local|*.local|169.254/16|*.169.254/16"/>
    <property name="user.home" value="/Users/abduljewel"/>
    <property name="user.timezone" value="America/New_York"/>
    <property name="java.awt.printerjob" value="sun.lwawt.macosx.CPrinterJob"/>
    <property name="java.specification.version" value="1.8"/>
    <property name="file.encoding" value="UTF-8"/>
    <property name="user.name" value="abduljewel"/>
    <property name="java.class.path" value="/usr/local/Cellar/maven/3.3.3/libexec/boot/plexus-classworlds-2.5.2.jar"/>
    <property name="java.vm.specification.version" value="1.8"/>
    <property name="sun.arch.data.model" value="64"/>
    <property name="java.home" value="/Library/Java/JavaVirtualMachines/jdk1.8.0_60.jdk/Contents/Home/jre"/>
    <property name="sun.java.command" value="org.codehaus.plexus.classworlds.launcher.Launcher clean test"/>
    <property name="java.specification.vendor" value="Oracle Corporation"/>
    <property name="user.language" value="en"/>
    <property name="awt.toolkit" value="sun.lwawt.macosx.LWCToolkit"/>
    <property name="java.vm.info" value="mixed mode"/>
    <property name="java.version" value="1.8.0_60"/>
    <property name="java.ext.dirs" value="/Users/abduljewel/Library/Java/Extensions:/Library/Java/JavaVirtualMachines/jdk1.8.0_60.jdk/Contents/Home/jre/lib/ext:/Library/Java/Extensions:/Network/Library/Java/Extensions:/System/Library/Java/Extensions:/usr/lib/java"/>
    <property name="sun.boot.class.path" value="/Library/Java/JavaVirtualMachines/jdk1.8.0_60.jdk/Contents/Home/jre/lib/resources.jar:/Library/Java/JavaVirtualMachines/jdk1.8.0_60.jdk/Contents/Home/jre/lib/rt.jar:/Library/Java/JavaVirtualMachines/jdk1.8.0_60.jdk/Contents/Home/jre/lib/sunrsasign.jar:/Library/Java/JavaVirtualMachines/jdk1.8.0_60.jdk/Contents/Home/jre/lib/jsse.jar:/Library/Java/JavaVirtualMachines/jdk1.8.0_60.jdk/Contents/Home/jre/lib/jce.jar:/Library/Java/JavaVirtualMachines/jdk1.8.0_60.jdk/Contents/Home/jre/lib/charsets.jar:/Library/Java/JavaVirtualMachines/jdk1.8.0_60.jdk/Contents/Home/jre/lib/jfr.jar:/Library/Java/JavaVirtualMachines/jdk1.8.0_60.jdk/Contents/Home/jre/classes"/>
    <property name="java.vendor" value="Oracle Corporation"/>
    <property name="maven.home" value="/usr/local/Cellar/maven/3.3.3/libexec"/>
    <property name="file.separator" value="/"/>
    <property name="java.vendor.url.bug" value="http://bugreport.sun.com/bugreport/"/>
    <property name="sun.cpu.endian" value="little"/>
    <property name="sun.io.unicode.encoding" value="UnicodeBig"/>
    <property name="socksNonProxyHosts" value="local|*.local|169.254/16|*.169.254/16"/>
    <property name="ftp.nonProxyHosts" value="local|*.local|169.254/16|*.169.254/16"/>
    <property name="sun.cpu.isalist" value=""/>
  </properties>
  <testcase name="wannabe_cannot_login_to_Jenkins_after_LDAP_security_configured" classname="plugins.no_docker.LdapPluginNoDockerTest" time="0">
    <skipped/>
    <system-out><![CDATA[testCaseResult=ru.yandex.qatools.allure.model.TestCaseResult@416defc0[
  name=simple_checkout
  title=<null>
  description=<null>
  failure=ru.yandex.qatools.allure.model.Failure@13d71803
  start=1444529465754
  stop=1444529482841
  status=BROKEN
  severity=<null>
  steps=[]
  attachments=[]
  labels=[ru.yandex.qatools.allure.model.Label@42c525c, ru.yandex.qatools.allure.model.Label@19ef98d]
  parameters=<null>
]
testCaseResult={
   "start" : 1444529465754,
   "stop" : 1444529482841,
   "status" : "broken",
   "name" : "simple_checkout",
   "failure" : {
      "message" : "NoSuchMethodError: org.apache.http.entity.ContentType.create(Ljava/lang/String;[Lorg/apache/http/NameValuePair;)Lorg/apache/http/entity/ContentType;",
      "stack-trace" : "java.lang.NoSuchMethodError: org.apache.http.entity.ContentType.create(Ljava/lang/String;[Lorg/apache/http/NameValuePair;)Lorg/apache/http/entity/ContentType;\n\tat org.apache.http.entity.mime.MultipartEntityBuilder.buildEntity(MultipartEntityBuilder.java:209)\n\tat org.apache.http.entity.mime.MultipartEntityBuilder.build(MultipartEntityBuilder.java:230)\n\tat org.jenkinsci.test.acceptance.update_center.PluginMetadata.uploadTo(PluginMetadata.java:65)\n\tat org.jenkinsci.test.acceptance.po.PluginManager.installPlugins(PluginManager.java:173)\n\tat org.jenkinsci.test.acceptance.junit.WithPlugins$RuleImpl$1.doInstall(WithPlugins.java:139)\n\tat org.jenkinsci.test.acceptance.junit.WithPlugins$RuleImpl$1.installPlugins(WithPlugins.java:119)\n\tat org.jenkinsci.test.acceptance.junit.WithPlugins$RuleImpl$1.evaluate(WithPlugins.java:92)\n\tat org.jenkinsci.test.acceptance.junit.JenkinsAcceptanceTestRule$1$2$1.evaluate(JenkinsAcceptanceTestRule.java:129)\n\tat org.jenkinsci.test.acceptance.junit.FilterRule$1.evaluate(FilterRule.java:62)\n\tat org.jenkinsci.test.acceptance.junit.JenkinsAcceptanceTestRule$1.evaluate(JenkinsAcceptanceTestRule.java:55)\n\tat org.junit.runners.ParentRunner.runLeaf(ParentRunner.java:271)\n\tat org.junit.runners.BlockJUnit4ClassRunner.runChild(BlockJUnit4ClassRunner.java:70)\n\tat org.junit.runners.BlockJUnit4ClassRunner.runChild(BlockJUnit4ClassRunner.java:50)\n\tat org.junit.runners.ParentRunner$3.run(ParentRunner.java:238)\n\tat org.junit.runners.ParentRunner$1.schedule(ParentRunner.java:63)\n\tat org.junit.runners.ParentRunner.runChildren(ParentRunner.java:236)\n\tat org.junit.runners.ParentRunner.access$000(ParentRunner.java:53)\n\tat org.junit.runners.ParentRunner$2.evaluate(ParentRunner.java:229)\n\tat org.junit.runners.ParentRunner.run(ParentRunner.java:309)\n\tat org.apache.maven.surefire.junit4.JUnit4Provider.execute(JUnit4Provider.java:264)\n\tat org.apache.maven.surefire.junit4.JUnit4Provider.executeTestSet(JUnit4Provider.java:153)\n\tat org.apache.maven.surefire.junit4.JUnit4Provider.invoke(JUnit4Provider.java:124)\n\tat org.apache.maven.surefire.booter.ForkedBooter.invokeProviderInSameClassLoader(ForkedBooter.java:200)\n\tat org.apache.maven.surefire.booter.ForkedBooter.runSuitesInProcess(ForkedBooter.java:153)\n\tat org.apache.maven.surefire.booter.ForkedBooter.main(ForkedBooter.java:103)\n"
   },
   "steps" : {
      "step" : [ ]
   },
   "attachments" : {
      "attachment" : [ ]
   },
   "labels" : {
      "label" : [ {
         "name" : "host",
         "value" : "MacBook-Pro-2.home"
      }, {
         "name" : "thread",
         "value" : "3426@MacBook-Pro-2.home.main(1)"
      } ]
   }
}
testCase=ru.yandex.qatools.allure.model.TestCase@2fa31591[
  _id=4da8cf3c-9ce1-4b71-a83c-ce9088aa5043
  executionId=8e6dd7ca-e27b-4013-bda8-bc2788640ddd
  threadName=dc7331de-b740-4ba3-9907-ee3762987799
  result=ru.yandex.qatools.allure.model.TestCaseResult@416defc0
]
testCase={
   "_id" : "4da8cf3c-9ce1-4b71-a83c-ce9088aa5043",
   "executionId" : "8e6dd7ca-e27b-4013-bda8-bc2788640ddd",
   "threadName" : "dc7331de-b740-4ba3-9907-ee3762987799",
   "result" : {
      "start" : 1444529465754,
      "stop" : 1444529482841,
      "status" : "broken",
      "name" : "simple_checkout",
      "failure" : {
         "message" : "NoSuchMethodError: org.apache.http.entity.ContentType.create(Ljava/lang/String;[Lorg/apache/http/NameValuePair;)Lorg/apache/http/entity/ContentType;",
         "stack-trace" : "java.lang.NoSuchMethodError: org.apache.http.entity.ContentType.create(Ljava/lang/String;[Lorg/apache/http/NameValuePair;)Lorg/apache/http/entity/ContentType;\n\tat org.apache.http.entity.mime.MultipartEntityBuilder.buildEntity(MultipartEntityBuilder.java:209)\n\tat org.apache.http.entity.mime.MultipartEntityBuilder.build(MultipartEntityBuilder.java:230)\n\tat org.jenkinsci.test.acceptance.update_center.PluginMetadata.uploadTo(PluginMetadata.java:65)\n\tat org.jenkinsci.test.acceptance.po.PluginManager.installPlugins(PluginManager.java:173)\n\tat org.jenkinsci.test.acceptance.junit.WithPlugins$RuleImpl$1.doInstall(WithPlugins.java:139)\n\tat org.jenkinsci.test.acceptance.junit.WithPlugins$RuleImpl$1.installPlugins(WithPlugins.java:119)\n\tat org.jenkinsci.test.acceptance.junit.WithPlugins$RuleImpl$1.evaluate(WithPlugins.java:92)\n\tat org.jenkinsci.test.acceptance.junit.JenkinsAcceptanceTestRule$1$2$1.evaluate(JenkinsAcceptanceTestRule.java:129)\n\tat org.jenkinsci.test.acceptance.junit.FilterRule$1.evaluate(FilterRule.java:62)\n\tat org.jenkinsci.test.acceptance.junit.JenkinsAcceptanceTestRule$1.evaluate(JenkinsAcceptanceTestRule.java:55)\n\tat org.junit.runners.ParentRunner.runLeaf(ParentRunner.java:271)\n\tat org.junit.runners.BlockJUnit4ClassRunner.runChild(BlockJUnit4ClassRunner.java:70)\n\tat org.junit.runners.BlockJUnit4ClassRunner.runChild(BlockJUnit4ClassRunner.java:50)\n\tat org.junit.runners.ParentRunner$3.run(ParentRunner.java:238)\n\tat org.junit.runners.ParentRunner$1.schedule(ParentRunner.java:63)\n\tat org.junit.runners.ParentRunner.runChildren(ParentRunner.java:236)\n\tat org.junit.runners.ParentRunner.access$000(ParentRunner.java:53)\n\tat org.junit.runners.ParentRunner$2.evaluate(ParentRunner.java:229)\n\tat org.junit.runners.ParentRunner.run(ParentRunner.java:309)\n\tat org.apache.maven.surefire.junit4.JUnit4Provider.execute(JUnit4Provider.java:264)\n\tat org.apache.maven.surefire.junit4.JUnit4Provider.executeTestSet(JUnit4Provider.java:153)\n\tat org.apache.maven.surefire.junit4.JUnit4Provider.invoke(JUnit4Provider.java:124)\n\tat org.apache.maven.surefire.booter.ForkedBooter.invokeProviderInSameClassLoader(ForkedBooter.java:200)\n\tat org.apache.maven.surefire.booter.ForkedBooter.runSuitesInProcess(ForkedBooter.java:153)\n\tat org.apache.maven.surefire.booter.ForkedBooter.main(ForkedBooter.java:103)\n"
      },
      "steps" : {
         "step" : [ ]
      },
      "attachments" : {
         "attachment" : [ ]
      },
      "labels" : {
         "label" : [ {
            "name" : "host",
            "value" : "MacBook-Pro-2.home"
         }, {
            "name" : "thread",
            "value" : "3426@MacBook-Pro-2.home.main(1)"
         } ]
      }
   }
}
>>>REQUEST: /testaspect/TestCase/4da8cf3c-9ce1-4b71-a83c-ce9088aa5043
<<<RESPONSE (201 Created): /testaspect/TestCase/4da8cf3c-9ce1-4b71-a83c-ce9088aa5043
running with given plugins: []
=== Starting wannabe_cannot_login_to_Jenkins_after_LDAP_security_configured(plugins.no_docker.LdapPluginNoDockerTest)
Starting Jenkins: JAVA_HOME=/Library/Java/JavaVirtualMachines/jdk1.8.0_60.jdk/Contents/Home JENKINS_HOME=/Users/abduljewel/Documents/c/spiderqa/sample-test-projects/acceptance-test-harness/target/jenkins3961833818586816547home /Library/Java/JavaVirtualMachines/jdk1.8.0_60.jdk/Contents/Home/bin/java -Duser.language=en -jar ./jenkins.war --ajp13Port=-1 --httpPort=57358
master57358|Running from: /Users/abduljewel/Documents/c/spiderqa/sample-test-projects/acceptance-test-harness/jenkins.war
master57358|webroot: EnvVars.masterEnvVars.get("JENKINS_HOME")
master57358|Oct 10, 2015 10:11:23 PM winstone.Logger logInternal
master57358|INFO: Beginning extraction from war file
master57358|Oct 10, 2015 10:11:24 PM org.eclipse.jetty.util.log.JavaUtilLog info
master57358|INFO: jetty-winstone-2.8
master57358|Oct 10, 2015 10:11:25 PM org.eclipse.jetty.util.log.JavaUtilLog info
master57358|INFO: NO JSP Support for , did not find org.apache.jasper.servlet.JspServlet
master57358|Jenkins home directory: /Users/abduljewel/Documents/c/spiderqa/sample-test-projects/acceptance-test-harness/target/jenkins3961833818586816547home found at: EnvVars.masterEnvVars.get("JENKINS_HOME")
master57358|Oct 10, 2015 10:11:26 PM org.eclipse.jetty.util.log.JavaUtilLog info
master57358|INFO: Started SelectChannelConnector@0.0.0.0:57358
master57358|Oct 10, 2015 10:11:26 PM winstone.Logger logInternal
master57358|INFO: Winstone Servlet Engine v2.0 running: controlPort=disabled
master57358|Oct 10, 2015 10:11:26 PM jenkins.InitReactorRunner$1 onAttained
master57358|INFO: Started initialization
master57358|Oct 10, 2015 10:11:34 PM jenkins.InitReactorRunner$1 onAttained
master57358|INFO: Listed all plugins
master57358|Oct 10, 2015 10:11:34 PM jenkins.InitReactorRunner$1 onAttained
master57358|INFO: Prepared all plugins
master57358|Oct 10, 2015 10:11:34 PM jenkins.InitReactorRunner$1 onAttained
master57358|INFO: Started all plugins
master57358|Oct 10, 2015 10:11:34 PM jenkins.InitReactorRunner$1 onAttained
master57358|INFO: Augmented all extensions
master57358|Oct 10, 2015 10:11:36 PM jenkins.InitReactorRunner$1 onAttained
master57358|INFO: Loaded all jobs
master57358|Oct 10, 2015 10:11:37 PM hudson.model.AsyncPeriodicWork$1 run
master57358|INFO: Started Download metadata
master57358|Oct 10, 2015 10:11:37 PM org.jenkinsci.main.modules.sshd.SSHD start
master57358|INFO: Started SSHD at port 65520
master57358|Oct 10, 2015 10:11:37 PM jenkins.InitReactorRunner$1 onAttained
master57358|INFO: Completed initialization
master57358|Oct 10, 2015 10:11:37 PM hudson.WebAppMain$3 run
master57358|INFO: Jenkins is fully up and running
master57358|Oct 10, 2015 10:11:39 PM hudson.model.UpdateSite updateData
master57358|INFO: Obtained the latest update center data file for UpdateSource default
master57358|Oct 10, 2015 10:11:39 PM hudson.model.DownloadService$Downloadable load
master57358|INFO: Obtained the updated data file for hudson.tasks.Maven.MavenInstaller
master57358|Oct 10, 2015 10:11:39 PM hudson.model.DownloadService$Downloadable load
master57358|INFO: Obtained the updated data file for hudson.tasks.Ant.AntInstaller
Plugin ldap/1.11 is installed
master57358|Oct 10, 2015 10:11:40 PM hudson.model.DownloadService$Downloadable load
master57358|INFO: Obtained the updated data file for hudson.tools.JDKInstaller
master57358|Oct 10, 2015 10:11:40 PM hudson.model.AsyncPeriodicWork$1 run
master57358|INFO: Finished Download metadata. 2,866 ms
Skipping wannabe_cannot_login_to_Jenkins_after_LDAP_security_configured(plugins.no_docker.LdapPluginNoDockerTest): got: <[null]>, expected: every item is not null
Jenkins is stopped
]]></system-out>
    <system-err><![CDATA[Oct 10, 2015 10:11:22 PM org.jenkinsci.test.acceptance.controller.LocalController startNow
INFO: Waiting for Jenkins to become running in http://127.0.0.1:57358/
Oct 10, 2015 10:11:37 PM org.jenkinsci.test.acceptance.controller.LocalController startNow
INFO: Jenkins is running in http://127.0.0.1:57358/
Oct 10, 2015 10:11:37 PM org.openqa.selenium.phantomjs.PhantomJSDriverService <init>
INFO: executable: /usr/local/bin/phantomjs
Oct 10, 2015 10:11:37 PM org.openqa.selenium.phantomjs.PhantomJSDriverService <init>
INFO: port: 41016
Oct 10, 2015 10:11:37 PM org.openqa.selenium.phantomjs.PhantomJSDriverService <init>
INFO: arguments: [--webdriver=41016, --webdriver-logfile=/Users/abduljewel/Documents/c/spiderqa/sample-test-projects/acceptance-test-harness/phantomjsdriver.log]
Oct 10, 2015 10:11:37 PM org.openqa.selenium.phantomjs.PhantomJSDriverService <init>
INFO: environment: {}
[INFO  - 2015-10-11T02:11:37.898Z] GhostDriver - Main - running on port 41016
[INFO  - 2015-10-11T02:11:38.187Z] Session [67929570-6fbd-11e5-a7af-dbddf42baa15] - page.settings - {"XSSAuditingEnabled":false,"javascriptCanCloseWindows":true,"javascriptCanOpenWindows":true,"javascriptEnabled":true,"loadImages":true,"localToRemoteUrlAccessEnabled":false,"userAgent":"Mozilla/5.0 (Macintosh; Intel Mac OS X) AppleWebKit/538.1 (KHTML, like Gecko) PhantomJS/2.0.0 Safari/538.1","webSecurityEnabled":true}
[INFO  - 2015-10-11T02:11:38.187Z] Session [67929570-6fbd-11e5-a7af-dbddf42baa15] - page.customHeaders:  - {"Accept-Language":"en"}
[INFO  - 2015-10-11T02:11:38.187Z] Session [67929570-6fbd-11e5-a7af-dbddf42baa15] - Session.negotiatedCapabilities - {"browserName":"phantomjs","version":"2.0.0","driverName":"ghostdriver","driverVersion":"1.2.0","platform":"mac-10.9 (Mavericks)-64bit","javascriptEnabled":true,"takesScreenshot":true,"handlesAlerts":false,"databaseEnabled":false,"locationContextEnabled":false,"applicationCacheEnabled":false,"browserConnectionEnabled":false,"cssSelectorsEnabled":true,"webStorageEnabled":false,"rotatable":false,"acceptSslCerts":false,"nativeEvents":true,"proxy":{"proxyType":"direct"},"phantomjs.page.customHeaders.Accept-Language":"en"}
[INFO  - 2015-10-11T02:11:38.188Z] SessionManagerReqHand - _postNewSessionCommand - New Session Created: 67929570-6fbd-11e5-a7af-dbddf42baa15
Oct 10, 2015 10:11:39 PM org.jenkinsci.test.acceptance.po.PluginManager installationStatus
INFO: ldap@1.10 is up to date
Oct 10, 2015 10:11:39 PM org.jenkinsci.test.acceptance.junit.WithPlugins$RuleImpl$1 evaluate
INFO: for wannabe_cannot_login_to_Jenkins_after_LDAP_security_configured(plugins.no_docker.LdapPluginNoDockerTest) asked to install [ldap]; restartRequired? false
[INFO  - 2015-10-11T02:11:40.881Z] ShutdownReqHand - _handle - About to shutdown
]]></system-err>
  </testcase>
  <testcase name="user_can_login_to_Jenkins_as_admin_group_member_after_AD_security_configured" classname="plugins.no_docker.LdapPluginNoDockerTest" time="0">
    <skipped/>
    <system-out><![CDATA[testCaseResult=ru.yandex.qatools.allure.model.TestCaseResult@7c2027de[
  name=wannabe_cannot_login_to_Jenkins_after_LDAP_security_configured
  title=<null>
  description=<null>
  failure=ru.yandex.qatools.allure.model.Failure@45476b0e
  start=1444529482848
  stop=1444529502551
  status=CANCELED
  severity=<null>
  steps=[]
  attachments=[]
  labels=[ru.yandex.qatools.allure.model.Label@37f97e54, ru.yandex.qatools.allure.model.Label@a3f3ad5]
  parameters=<null>
]
testCaseResult={
   "start" : 1444529482848,
   "stop" : 1444529502551,
   "status" : "canceled",
   "name" : "wannabe_cannot_login_to_Jenkins_after_LDAP_security_configured",
   "failure" : {
      "message" : "AssumptionViolatedException: got: <[null]>, expected: every item is not null",
      "stack-trace" : "org.junit.internal.AssumptionViolatedException: got: <[null]>, expected: every item is not null\n\tat org.junit.Assume.assumeThat(Assume.java:95)\n\tat org.junit.Assume.assumeNotNull(Assume.java:73)\n\tat org.jenkinsci.test.acceptance.plugins.ldap.LdapEnv.getUser(LdapEnv.java:78)\n\tat plugins.no_docker.LdapPluginNoDockerTest.wannabe_cannot_login_to_Jenkins_after_LDAP_security_configured(LdapPluginNoDockerTest.java:122)\n\tat sun.reflect.NativeMethodAccessorImpl.invoke0(Native Method)\n\tat sun.reflect.NativeMethodAccessorImpl.invoke(NativeMethodAccessorImpl.java:62)\n\tat sun.reflect.DelegatingMethodAccessorImpl.invoke(DelegatingMethodAccessorImpl.java:43)\n\tat java.lang.reflect.Method.invoke(Method.java:497)\n\tat org.junit.runners.model.FrameworkMethod$1.runReflectiveCall(FrameworkMethod.java:47)\n\tat org.junit.internal.runners.model.ReflectiveCallable.run(ReflectiveCallable.java:12)\n\tat org.junit.runners.model.FrameworkMethod.invokeExplosively(FrameworkMethod.java:44)\n\tat org.junit.internal.runners.statements.InvokeMethod.evaluate(InvokeMethod.java:17)\n\tat org.junit.internal.runners.statements.RunBefores.evaluate(RunBefores.java:26)\n\tat org.junit.internal.runners.statements.RunAfters.evaluate(RunAfters.java:27)\n\tat org.jenkinsci.test.acceptance.junit.WithPlugins$RuleImpl$1.evaluate(WithPlugins.java:103)\n\tat org.jenkinsci.test.acceptance.junit.JenkinsAcceptanceTestRule$1$2$1.evaluate(JenkinsAcceptanceTestRule.java:129)\n\tat org.jenkinsci.test.acceptance.junit.FilterRule$1.evaluate(FilterRule.java:62)\n\tat org.jenkinsci.test.acceptance.junit.JenkinsAcceptanceTestRule$1.evaluate(JenkinsAcceptanceTestRule.java:55)\n\tat org.junit.runners.ParentRunner.runLeaf(ParentRunner.java:271)\n\tat org.junit.runners.BlockJUnit4ClassRunner.runChild(BlockJUnit4ClassRunner.java:70)\n\tat org.junit.runners.BlockJUnit4ClassRunner.runChild(BlockJUnit4ClassRunner.java:50)\n\tat org.junit.runners.ParentRunner$3.run(ParentRunner.java:238)\n\tat org.junit.runners.ParentRunner$1.schedule(ParentRunner.java:63)\n\tat org.junit.runners.ParentRunner.runChildren(ParentRunner.java:236)\n\tat org.junit.runners.ParentRunner.access$000(ParentRunner.java:53)\n\tat org.junit.runners.ParentRunner$2.evaluate(ParentRunner.java:229)\n\tat org.junit.runners.ParentRunner.run(ParentRunner.java:309)\n\tat org.apache.maven.surefire.junit4.JUnit4Provider.execute(JUnit4Provider.java:264)\n\tat org.apache.maven.surefire.junit4.JUnit4Provider.executeTestSet(JUnit4Provider.java:153)\n\tat org.apache.maven.surefire.junit4.JUnit4Provider.invoke(JUnit4Provider.java:124)\n\tat org.apache.maven.surefire.booter.ForkedBooter.invokeProviderInSameClassLoader(ForkedBooter.java:200)\n\tat org.apache.maven.surefire.booter.ForkedBooter.runSuitesInProcess(ForkedBooter.java:153)\n\tat org.apache.maven.surefire.booter.ForkedBooter.main(ForkedBooter.java:103)\n"
   },
   "steps" : {
      "step" : [ ]
   },
   "attachments" : {
      "attachment" : [ ]
   },
   "labels" : {
      "label" : [ {
         "name" : "host",
         "value" : "MacBook-Pro-2.home"
      }, {
         "name" : "thread",
         "value" : "3426@MacBook-Pro-2.home.main(1)"
      } ]
   }
}
testCase=ru.yandex.qatools.allure.model.TestCase@77dce29b[
  _id=184e20c8-4e6e-47b6-8ffe-b8ac4eb11f73
  executionId=8e6dd7ca-e27b-4013-bda8-bc2788640ddd
  threadName=dc7331de-b740-4ba3-9907-ee3762987799
  result=ru.yandex.qatools.allure.model.TestCaseResult@7c2027de
]
testCase={
   "_id" : "184e20c8-4e6e-47b6-8ffe-b8ac4eb11f73",
   "executionId" : "8e6dd7ca-e27b-4013-bda8-bc2788640ddd",
   "threadName" : "dc7331de-b740-4ba3-9907-ee3762987799",
   "result" : {
      "start" : 1444529482848,
      "stop" : 1444529502551,
      "status" : "canceled",
      "name" : "wannabe_cannot_login_to_Jenkins_after_LDAP_security_configured",
      "failure" : {
         "message" : "AssumptionViolatedException: got: <[null]>, expected: every item is not null",
         "stack-trace" : "org.junit.internal.AssumptionViolatedException: got: <[null]>, expected: every item is not null\n\tat org.junit.Assume.assumeThat(Assume.java:95)\n\tat org.junit.Assume.assumeNotNull(Assume.java:73)\n\tat org.jenkinsci.test.acceptance.plugins.ldap.LdapEnv.getUser(LdapEnv.java:78)\n\tat plugins.no_docker.LdapPluginNoDockerTest.wannabe_cannot_login_to_Jenkins_after_LDAP_security_configured(LdapPluginNoDockerTest.java:122)\n\tat sun.reflect.NativeMethodAccessorImpl.invoke0(Native Method)\n\tat sun.reflect.NativeMethodAccessorImpl.invoke(NativeMethodAccessorImpl.java:62)\n\tat sun.reflect.DelegatingMethodAccessorImpl.invoke(DelegatingMethodAccessorImpl.java:43)\n\tat java.lang.reflect.Method.invoke(Method.java:497)\n\tat org.junit.runners.model.FrameworkMethod$1.runReflectiveCall(FrameworkMethod.java:47)\n\tat org.junit.internal.runners.model.ReflectiveCallable.run(ReflectiveCallable.java:12)\n\tat org.junit.runners.model.FrameworkMethod.invokeExplosively(FrameworkMethod.java:44)\n\tat org.junit.internal.runners.statements.InvokeMethod.evaluate(InvokeMethod.java:17)\n\tat org.junit.internal.runners.statements.RunBefores.evaluate(RunBefores.java:26)\n\tat org.junit.internal.runners.statements.RunAfters.evaluate(RunAfters.java:27)\n\tat org.jenkinsci.test.acceptance.junit.WithPlugins$RuleImpl$1.evaluate(WithPlugins.java:103)\n\tat org.jenkinsci.test.acceptance.junit.JenkinsAcceptanceTestRule$1$2$1.evaluate(JenkinsAcceptanceTestRule.java:129)\n\tat org.jenkinsci.test.acceptance.junit.FilterRule$1.evaluate(FilterRule.java:62)\n\tat org.jenkinsci.test.acceptance.junit.JenkinsAcceptanceTestRule$1.evaluate(JenkinsAcceptanceTestRule.java:55)\n\tat org.junit.runners.ParentRunner.runLeaf(ParentRunner.java:271)\n\tat org.junit.runners.BlockJUnit4ClassRunner.runChild(BlockJUnit4ClassRunner.java:70)\n\tat org.junit.runners.BlockJUnit4ClassRunner.runChild(BlockJUnit4ClassRunner.java:50)\n\tat org.junit.runners.ParentRunner$3.run(ParentRunner.java:238)\n\tat org.junit.runners.ParentRunner$1.schedule(ParentRunner.java:63)\n\tat org.junit.runners.ParentRunner.runChildren(ParentRunner.java:236)\n\tat org.junit.runners.ParentRunner.access$000(ParentRunner.java:53)\n\tat org.junit.runners.ParentRunner$2.evaluate(ParentRunner.java:229)\n\tat org.junit.runners.ParentRunner.run(ParentRunner.java:309)\n\tat org.apache.maven.surefire.junit4.JUnit4Provider.execute(JUnit4Provider.java:264)\n\tat org.apache.maven.surefire.junit4.JUnit4Provider.executeTestSet(JUnit4Provider.java:153)\n\tat org.apache.maven.surefire.junit4.JUnit4Provider.invoke(JUnit4Provider.java:124)\n\tat org.apache.maven.surefire.booter.ForkedBooter.invokeProviderInSameClassLoader(ForkedBooter.java:200)\n\tat org.apache.maven.surefire.booter.ForkedBooter.runSuitesInProcess(ForkedBooter.java:153)\n\tat org.apache.maven.surefire.booter.ForkedBooter.main(ForkedBooter.java:103)\n"
      },
      "steps" : {
         "step" : [ ]
      },
      "attachments" : {
         "attachment" : [ ]
      },
      "labels" : {
         "label" : [ {
            "name" : "host",
            "value" : "MacBook-Pro-2.home"
         }, {
            "name" : "thread",
            "value" : "3426@MacBook-Pro-2.home.main(1)"
         } ]
      }
   }
}
>>>REQUEST: /testaspect/TestCase/184e20c8-4e6e-47b6-8ffe-b8ac4eb11f73
running with given plugins: []
<<<RESPONSE (201 Created): /testaspect/TestCase/184e20c8-4e6e-47b6-8ffe-b8ac4eb11f73
=== Starting user_can_login_to_Jenkins_as_admin_group_member_after_AD_security_configured(plugins.no_docker.LdapPluginNoDockerTest)
Starting Jenkins: JAVA_HOME=/Library/Java/JavaVirtualMachines/jdk1.8.0_60.jdk/Contents/Home JENKINS_HOME=/Users/abduljewel/Documents/c/spiderqa/sample-test-projects/acceptance-test-harness/target/jenkins7672388588223204263home /Library/Java/JavaVirtualMachines/jdk1.8.0_60.jdk/Contents/Home/bin/java -Duser.language=en -jar ./jenkins.war --ajp13Port=-1 --httpPort=59662
master59662|Running from: /Users/abduljewel/Documents/c/spiderqa/sample-test-projects/acceptance-test-harness/jenkins.war
master59662|webroot: EnvVars.masterEnvVars.get("JENKINS_HOME")
master59662|Oct 10, 2015 10:11:42 PM winstone.Logger logInternal
master59662|INFO: Beginning extraction from war file
master59662|Oct 10, 2015 10:11:43 PM org.eclipse.jetty.util.log.JavaUtilLog info
master59662|INFO: jetty-winstone-2.8
master59662|Oct 10, 2015 10:11:44 PM org.eclipse.jetty.util.log.JavaUtilLog info
master59662|INFO: NO JSP Support for , did not find org.apache.jasper.servlet.JspServlet
master59662|Jenkins home directory: /Users/abduljewel/Documents/c/spiderqa/sample-test-projects/acceptance-test-harness/target/jenkins7672388588223204263home found at: EnvVars.masterEnvVars.get("JENKINS_HOME")
master59662|Oct 10, 2015 10:11:45 PM org.eclipse.jetty.util.log.JavaUtilLog info
master59662|INFO: Started SelectChannelConnector@0.0.0.0:59662
master59662|Oct 10, 2015 10:11:45 PM winstone.Logger logInternal
master59662|INFO: Winstone Servlet Engine v2.0 running: controlPort=disabled
master59662|Oct 10, 2015 10:11:45 PM jenkins.InitReactorRunner$1 onAttained
master59662|INFO: Started initialization
master59662|Oct 10, 2015 10:11:54 PM jenkins.InitReactorRunner$1 onAttained
master59662|INFO: Listed all plugins
master59662|Oct 10, 2015 10:11:54 PM jenkins.InitReactorRunner$1 onAttained
master59662|INFO: Prepared all plugins
master59662|Oct 10, 2015 10:11:54 PM jenkins.InitReactorRunner$1 onAttained
master59662|INFO: Started all plugins
master59662|Oct 10, 2015 10:11:54 PM jenkins.InitReactorRunner$1 onAttained
master59662|INFO: Augmented all extensions
master59662|Oct 10, 2015 10:11:55 PM jenkins.InitReactorRunner$1 onAttained
master59662|INFO: Loaded all jobs
master59662|Oct 10, 2015 10:11:57 PM hudson.model.AsyncPeriodicWork$1 run
master59662|INFO: Started Download metadata
master59662|Oct 10, 2015 10:11:57 PM org.jenkinsci.main.modules.sshd.SSHD start
master59662|INFO: Started SSHD at port 49162
master59662|Oct 10, 2015 10:11:57 PM jenkins.InitReactorRunner$1 onAttained
master59662|INFO: Completed initialization
master59662|Oct 10, 2015 10:11:57 PM hudson.WebAppMain$3 run
master59662|INFO: Jenkins is fully up and running
master59662|Oct 10, 2015 10:11:58 PM hudson.model.UpdateSite updateData
master59662|INFO: Obtained the latest update center data file for UpdateSource default
master59662|Oct 10, 2015 10:11:58 PM hudson.model.DownloadService$Downloadable load
master59662|INFO: Obtained the updated data file for hudson.tasks.Maven.MavenInstaller
master59662|Oct 10, 2015 10:11:59 PM hudson.model.DownloadService$Downloadable load
master59662|INFO: Obtained the updated data file for hudson.tasks.Ant.AntInstaller
Plugin ldap/1.11 is installed
master59662|Oct 10, 2015 10:11:59 PM hudson.model.DownloadService$Downloadable load
master59662|INFO: Obtained the updated data file for hudson.tools.JDKInstaller
master59662|Oct 10, 2015 10:11:59 PM hudson.model.AsyncPeriodicWork$1 run
master59662|INFO: Finished Download metadata. 2,656 ms
Skipping user_can_login_to_Jenkins_as_admin_group_member_after_AD_security_configured(plugins.no_docker.LdapPluginNoDockerTest): got: <[null]>, expected: every item is not null
Jenkins is stopped
]]></system-out>
    <system-err><![CDATA[Oct 10, 2015 10:11:42 PM org.jenkinsci.test.acceptance.controller.LocalController startNow
INFO: Waiting for Jenkins to become running in http://127.0.0.1:59662/
Oct 10, 2015 10:11:57 PM org.jenkinsci.test.acceptance.controller.LocalController startNow
INFO: Jenkins is running in http://127.0.0.1:59662/
Oct 10, 2015 10:11:57 PM org.openqa.selenium.phantomjs.PhantomJSDriverService <init>
INFO: executable: /usr/local/bin/phantomjs
Oct 10, 2015 10:11:57 PM org.openqa.selenium.phantomjs.PhantomJSDriverService <init>
INFO: port: 35125
Oct 10, 2015 10:11:57 PM org.openqa.selenium.phantomjs.PhantomJSDriverService <init>
INFO: arguments: [--webdriver=35125, --webdriver-logfile=/Users/abduljewel/Documents/c/spiderqa/sample-test-projects/acceptance-test-harness/phantomjsdriver.log]
Oct 10, 2015 10:11:57 PM org.openqa.selenium.phantomjs.PhantomJSDriverService <init>
INFO: environment: {}
[INFO  - 2015-10-11T02:11:57.602Z] GhostDriver - Main - running on port 35125
[INFO  - 2015-10-11T02:11:57.846Z] Session [734a2810-6fbd-11e5-bc10-e1ae3ef86c6a] - page.settings - {"XSSAuditingEnabled":false,"javascriptCanCloseWindows":true,"javascriptCanOpenWindows":true,"javascriptEnabled":true,"loadImages":true,"localToRemoteUrlAccessEnabled":false,"userAgent":"Mozilla/5.0 (Macintosh; Intel Mac OS X) AppleWebKit/538.1 (KHTML, like Gecko) PhantomJS/2.0.0 Safari/538.1","webSecurityEnabled":true}
[INFO  - 2015-10-11T02:11:57.846Z] Session [734a2810-6fbd-11e5-bc10-e1ae3ef86c6a] - page.customHeaders:  - {"Accept-Language":"en"}
[INFO  - 2015-10-11T02:11:57.846Z] Session [734a2810-6fbd-11e5-bc10-e1ae3ef86c6a] - Session.negotiatedCapabilities - {"browserName":"phantomjs","version":"2.0.0","driverName":"ghostdriver","driverVersion":"1.2.0","platform":"mac-10.9 (Mavericks)-64bit","javascriptEnabled":true,"takesScreenshot":true,"handlesAlerts":false,"databaseEnabled":false,"locationContextEnabled":false,"applicationCacheEnabled":false,"browserConnectionEnabled":false,"cssSelectorsEnabled":true,"webStorageEnabled":false,"rotatable":false,"acceptSslCerts":false,"nativeEvents":true,"proxy":{"proxyType":"direct"},"phantomjs.page.customHeaders.Accept-Language":"en"}
[INFO  - 2015-10-11T02:11:57.846Z] SessionManagerReqHand - _postNewSessionCommand - New Session Created: 734a2810-6fbd-11e5-bc10-e1ae3ef86c6a
Oct 10, 2015 10:11:59 PM org.jenkinsci.test.acceptance.po.PluginManager installationStatus
INFO: ldap@1.10 is up to date
Oct 10, 2015 10:11:59 PM org.jenkinsci.test.acceptance.junit.WithPlugins$RuleImpl$1 evaluate
INFO: for user_can_login_to_Jenkins_as_admin_group_member_after_AD_security_configured(plugins.no_docker.LdapPluginNoDockerTest) asked to install [ldap]; restartRequired? false
[INFO  - 2015-10-11T02:12:00.542Z] ShutdownReqHand - _handle - About to shutdown
]]></system-err>
  </testcase>
  <testcase name="user_can_login_to_Jenkins_as_admin_after_LDAP_security_configured" classname="plugins.no_docker.LdapPluginNoDockerTest" time="0">
    <skipped/>
    <system-out><![CDATA[testCaseResult=ru.yandex.qatools.allure.model.TestCaseResult@6f675563[
  name=user_can_login_to_Jenkins_as_admin_group_member_after_AD_security_configured
  title=<null>
  description=<null>
  failure=ru.yandex.qatools.allure.model.Failure@19ce27e8
  start=1444529502554
  stop=1444529521218
  status=CANCELED
  severity=<null>
  steps=[]
  attachments=[]
  labels=[ru.yandex.qatools.allure.model.Label@42286376, ru.yandex.qatools.allure.model.Label@5e3314a8]
  parameters=<null>
]
testCaseResult={
   "start" : 1444529502554,
   "stop" : 1444529521218,
   "status" : "canceled",
   "name" : "user_can_login_to_Jenkins_as_admin_group_member_after_AD_security_configured",
   "failure" : {
      "message" : "AssumptionViolatedException: got: <[null]>, expected: every item is not null",
      "stack-trace" : "org.junit.internal.AssumptionViolatedException: got: <[null]>, expected: every item is not null\n\tat org.junit.Assume.assumeThat(Assume.java:95)\n\tat org.junit.Assume.assumeNotNull(Assume.java:73)\n\tat org.jenkinsci.test.acceptance.plugins.ldap.LdapEnv.getGroup(LdapEnv.java:94)\n\tat plugins.no_docker.LdapPluginNoDockerTest.user_can_login_to_Jenkins_as_admin_group_member_after_AD_security_configured(LdapPluginNoDockerTest.java:108)\n\tat sun.reflect.NativeMethodAccessorImpl.invoke0(Native Method)\n\tat sun.reflect.NativeMethodAccessorImpl.invoke(NativeMethodAccessorImpl.java:62)\n\tat sun.reflect.DelegatingMethodAccessorImpl.invoke(DelegatingMethodAccessorImpl.java:43)\n\tat java.lang.reflect.Method.invoke(Method.java:497)\n\tat org.junit.runners.model.FrameworkMethod$1.runReflectiveCall(FrameworkMethod.java:47)\n\tat org.junit.internal.runners.model.ReflectiveCallable.run(ReflectiveCallable.java:12)\n\tat org.junit.runners.model.FrameworkMethod.invokeExplosively(FrameworkMethod.java:44)\n\tat org.junit.internal.runners.statements.InvokeMethod.evaluate(InvokeMethod.java:17)\n\tat org.junit.internal.runners.statements.RunBefores.evaluate(RunBefores.java:26)\n\tat org.junit.internal.runners.statements.RunAfters.evaluate(RunAfters.java:27)\n\tat org.jenkinsci.test.acceptance.junit.WithPlugins$RuleImpl$1.evaluate(WithPlugins.java:103)\n\tat org.jenkinsci.test.acceptance.junit.JenkinsAcceptanceTestRule$1$2$1.evaluate(JenkinsAcceptanceTestRule.java:129)\n\tat org.jenkinsci.test.acceptance.junit.FilterRule$1.evaluate(FilterRule.java:62)\n\tat org.jenkinsci.test.acceptance.junit.JenkinsAcceptanceTestRule$1.evaluate(JenkinsAcceptanceTestRule.java:55)\n\tat org.junit.runners.ParentRunner.runLeaf(ParentRunner.java:271)\n\tat org.junit.runners.BlockJUnit4ClassRunner.runChild(BlockJUnit4ClassRunner.java:70)\n\tat org.junit.runners.BlockJUnit4ClassRunner.runChild(BlockJUnit4ClassRunner.java:50)\n\tat org.junit.runners.ParentRunner$3.run(ParentRunner.java:238)\n\tat org.junit.runners.ParentRunner$1.schedule(ParentRunner.java:63)\n\tat org.junit.runners.ParentRunner.runChildren(ParentRunner.java:236)\n\tat org.junit.runners.ParentRunner.access$000(ParentRunner.java:53)\n\tat org.junit.runners.ParentRunner$2.evaluate(ParentRunner.java:229)\n\tat org.junit.runners.ParentRunner.run(ParentRunner.java:309)\n\tat org.apache.maven.surefire.junit4.JUnit4Provider.execute(JUnit4Provider.java:264)\n\tat org.apache.maven.surefire.junit4.JUnit4Provider.executeTestSet(JUnit4Provider.java:153)\n\tat org.apache.maven.surefire.junit4.JUnit4Provider.invoke(JUnit4Provider.java:124)\n\tat org.apache.maven.surefire.booter.ForkedBooter.invokeProviderInSameClassLoader(ForkedBooter.java:200)\n\tat org.apache.maven.surefire.booter.ForkedBooter.runSuitesInProcess(ForkedBooter.java:153)\n\tat org.apache.maven.surefire.booter.ForkedBooter.main(ForkedBooter.java:103)\n"
   },
   "steps" : {
      "step" : [ ]
   },
   "attachments" : {
      "attachment" : [ ]
   },
   "labels" : {
      "label" : [ {
         "name" : "host",
         "value" : "MacBook-Pro-2.home"
      }, {
         "name" : "thread",
         "value" : "3426@MacBook-Pro-2.home.main(1)"
      } ]
   }
}
testCase=ru.yandex.qatools.allure.model.TestCase@baa8e40[
  _id=5661f70d-cb0e-4844-b4fa-f9bc86548156
  executionId=8e6dd7ca-e27b-4013-bda8-bc2788640ddd
  threadName=dc7331de-b740-4ba3-9907-ee3762987799
  result=ru.yandex.qatools.allure.model.TestCaseResult@6f675563
]
testCase={
   "_id" : "5661f70d-cb0e-4844-b4fa-f9bc86548156",
   "executionId" : "8e6dd7ca-e27b-4013-bda8-bc2788640ddd",
   "threadName" : "dc7331de-b740-4ba3-9907-ee3762987799",
   "result" : {
      "start" : 1444529502554,
      "stop" : 1444529521218,
      "status" : "canceled",
      "name" : "user_can_login_to_Jenkins_as_admin_group_member_after_AD_security_configured",
      "failure" : {
         "message" : "AssumptionViolatedException: got: <[null]>, expected: every item is not null",
         "stack-trace" : "org.junit.internal.AssumptionViolatedException: got: <[null]>, expected: every item is not null\n\tat org.junit.Assume.assumeThat(Assume.java:95)\n\tat org.junit.Assume.assumeNotNull(Assume.java:73)\n\tat org.jenkinsci.test.acceptance.plugins.ldap.LdapEnv.getGroup(LdapEnv.java:94)\n\tat plugins.no_docker.LdapPluginNoDockerTest.user_can_login_to_Jenkins_as_admin_group_member_after_AD_security_configured(LdapPluginNoDockerTest.java:108)\n\tat sun.reflect.NativeMethodAccessorImpl.invoke0(Native Method)\n\tat sun.reflect.NativeMethodAccessorImpl.invoke(NativeMethodAccessorImpl.java:62)\n\tat sun.reflect.DelegatingMethodAccessorImpl.invoke(DelegatingMethodAccessorImpl.java:43)\n\tat java.lang.reflect.Method.invoke(Method.java:497)\n\tat org.junit.runners.model.FrameworkMethod$1.runReflectiveCall(FrameworkMethod.java:47)\n\tat org.junit.internal.runners.model.ReflectiveCallable.run(ReflectiveCallable.java:12)\n\tat org.junit.runners.model.FrameworkMethod.invokeExplosively(FrameworkMethod.java:44)\n\tat org.junit.internal.runners.statements.InvokeMethod.evaluate(InvokeMethod.java:17)\n\tat org.junit.internal.runners.statements.RunBefores.evaluate(RunBefores.java:26)\n\tat org.junit.internal.runners.statements.RunAfters.evaluate(RunAfters.java:27)\n\tat org.jenkinsci.test.acceptance.junit.WithPlugins$RuleImpl$1.evaluate(WithPlugins.java:103)\n\tat org.jenkinsci.test.acceptance.junit.JenkinsAcceptanceTestRule$1$2$1.evaluate(JenkinsAcceptanceTestRule.java:129)\n\tat org.jenkinsci.test.acceptance.junit.FilterRule$1.evaluate(FilterRule.java:62)\n\tat org.jenkinsci.test.acceptance.junit.JenkinsAcceptanceTestRule$1.evaluate(JenkinsAcceptanceTestRule.java:55)\n\tat org.junit.runners.ParentRunner.runLeaf(ParentRunner.java:271)\n\tat org.junit.runners.BlockJUnit4ClassRunner.runChild(BlockJUnit4ClassRunner.java:70)\n\tat org.junit.runners.BlockJUnit4ClassRunner.runChild(BlockJUnit4ClassRunner.java:50)\n\tat org.junit.runners.ParentRunner$3.run(ParentRunner.java:238)\n\tat org.junit.runners.ParentRunner$1.schedule(ParentRunner.java:63)\n\tat org.junit.runners.ParentRunner.runChildren(ParentRunner.java:236)\n\tat org.junit.runners.ParentRunner.access$000(ParentRunner.java:53)\n\tat org.junit.runners.ParentRunner$2.evaluate(ParentRunner.java:229)\n\tat org.junit.runners.ParentRunner.run(ParentRunner.java:309)\n\tat org.apache.maven.surefire.junit4.JUnit4Provider.execute(JUnit4Provider.java:264)\n\tat org.apache.maven.surefire.junit4.JUnit4Provider.executeTestSet(JUnit4Provider.java:153)\n\tat org.apache.maven.surefire.junit4.JUnit4Provider.invoke(JUnit4Provider.java:124)\n\tat org.apache.maven.surefire.booter.ForkedBooter.invokeProviderInSameClassLoader(ForkedBooter.java:200)\n\tat org.apache.maven.surefire.booter.ForkedBooter.runSuitesInProcess(ForkedBooter.java:153)\n\tat org.apache.maven.surefire.booter.ForkedBooter.main(ForkedBooter.java:103)\n"
      },
      "steps" : {
         "step" : [ ]
      },
      "attachments" : {
         "attachment" : [ ]
      },
      "labels" : {
         "label" : [ {
            "name" : "host",
            "value" : "MacBook-Pro-2.home"
         }, {
            "name" : "thread",
            "value" : "3426@MacBook-Pro-2.home.main(1)"
         } ]
      }
   }
}
>>>REQUEST: /testaspect/TestCase/5661f70d-cb0e-4844-b4fa-f9bc86548156
running with given plugins: []
<<<RESPONSE (201 Created): /testaspect/TestCase/5661f70d-cb0e-4844-b4fa-f9bc86548156
=== Starting user_can_login_to_Jenkins_as_admin_after_LDAP_security_configured(plugins.no_docker.LdapPluginNoDockerTest)
Starting Jenkins: JAVA_HOME=/Library/Java/JavaVirtualMachines/jdk1.8.0_60.jdk/Contents/Home JENKINS_HOME=/Users/abduljewel/Documents/c/spiderqa/sample-test-projects/acceptance-test-harness/target/jenkins5744602025850764664home /Library/Java/JavaVirtualMachines/jdk1.8.0_60.jdk/Contents/Home/bin/java -Duser.language=en -jar ./jenkins.war --ajp13Port=-1 --httpPort=57362
master57362|Running from: /Users/abduljewel/Documents/c/spiderqa/sample-test-projects/acceptance-test-harness/jenkins.war
master57362|webroot: EnvVars.masterEnvVars.get("JENKINS_HOME")
master57362|Oct 10, 2015 10:12:01 PM winstone.Logger logInternal
master57362|INFO: Beginning extraction from war file
master57362|Oct 10, 2015 10:12:02 PM org.eclipse.jetty.util.log.JavaUtilLog info
master57362|INFO: jetty-winstone-2.8
master57362|Oct 10, 2015 10:12:03 PM org.eclipse.jetty.util.log.JavaUtilLog info
master57362|INFO: NO JSP Support for , did not find org.apache.jasper.servlet.JspServlet
master57362|Jenkins home directory: /Users/abduljewel/Documents/c/spiderqa/sample-test-projects/acceptance-test-harness/target/jenkins5744602025850764664home found at: EnvVars.masterEnvVars.get("JENKINS_HOME")
master57362|Oct 10, 2015 10:12:04 PM org.eclipse.jetty.util.log.JavaUtilLog info
master57362|INFO: Started SelectChannelConnector@0.0.0.0:57362
master57362|Oct 10, 2015 10:12:04 PM winstone.Logger logInternal
master57362|INFO: Winstone Servlet Engine v2.0 running: controlPort=disabled
master57362|Oct 10, 2015 10:12:04 PM jenkins.InitReactorRunner$1 onAttained
master57362|INFO: Started initialization
master57362|Oct 10, 2015 10:12:12 PM jenkins.InitReactorRunner$1 onAttained
master57362|INFO: Listed all plugins
master57362|Oct 10, 2015 10:12:13 PM jenkins.InitReactorRunner$1 onAttained
master57362|INFO: Prepared all plugins
master57362|Oct 10, 2015 10:12:13 PM jenkins.InitReactorRunner$1 onAttained
master57362|INFO: Started all plugins
master57362|Oct 10, 2015 10:12:13 PM jenkins.InitReactorRunner$1 onAttained
master57362|INFO: Augmented all extensions
master57362|Oct 10, 2015 10:12:14 PM jenkins.InitReactorRunner$1 onAttained
master57362|INFO: Loaded all jobs
master57362|Oct 10, 2015 10:12:15 PM hudson.model.AsyncPeriodicWork$1 run
master57362|INFO: Started Download metadata
master57362|Oct 10, 2015 10:12:15 PM org.jenkinsci.main.modules.sshd.SSHD start
master57362|INFO: Started SSHD at port 49187
master57362|Oct 10, 2015 10:12:15 PM jenkins.InitReactorRunner$1 onAttained
master57362|INFO: Completed initialization
master57362|Oct 10, 2015 10:12:15 PM hudson.WebAppMain$3 run
master57362|INFO: Jenkins is fully up and running
Plugin ldap/1.11 is installed
master57362|Oct 10, 2015 10:12:17 PM hudson.model.UpdateSite updateData
master57362|INFO: Obtained the latest update center data file for UpdateSource default
master57362|Oct 10, 2015 10:12:17 PM hudson.model.DownloadService$Downloadable load
master57362|INFO: Obtained the updated data file for hudson.tasks.Maven.MavenInstaller
master57362|Oct 10, 2015 10:12:18 PM hudson.model.DownloadService$Downloadable load
master57362|INFO: Obtained the updated data file for hudson.tasks.Ant.AntInstaller
Skipping user_can_login_to_Jenkins_as_admin_after_LDAP_security_configured(plugins.no_docker.LdapPluginNoDockerTest): got: <[null]>, expected: every item is not null
master57362|Oct 10, 2015 10:12:18 PM hudson.model.DownloadService$Downloadable load
master57362|INFO: Obtained the updated data file for hudson.tools.JDKInstaller
master57362|Oct 10, 2015 10:12:18 PM hudson.model.AsyncPeriodicWork$1 run
master57362|INFO: Finished Download metadata. 3,485 ms
Jenkins is stopped
]]></system-out>
    <system-err><![CDATA[Oct 10, 2015 10:12:01 PM org.jenkinsci.test.acceptance.controller.LocalController startNow
INFO: Waiting for Jenkins to become running in http://127.0.0.1:57362/
Oct 10, 2015 10:12:15 PM org.jenkinsci.test.acceptance.controller.LocalController startNow
INFO: Jenkins is running in http://127.0.0.1:57362/
Oct 10, 2015 10:12:15 PM org.openqa.selenium.phantomjs.PhantomJSDriverService <init>
INFO: executable: /usr/local/bin/phantomjs
Oct 10, 2015 10:12:15 PM org.openqa.selenium.phantomjs.PhantomJSDriverService <init>
INFO: port: 25158
Oct 10, 2015 10:12:15 PM org.openqa.selenium.phantomjs.PhantomJSDriverService <init>
INFO: arguments: [--webdriver=25158, --webdriver-logfile=/Users/abduljewel/Documents/c/spiderqa/sample-test-projects/acceptance-test-harness/phantomjsdriver.log]
Oct 10, 2015 10:12:15 PM org.openqa.selenium.phantomjs.PhantomJSDriverService <init>
INFO: environment: {}
[INFO  - 2015-10-11T02:12:15.819Z] GhostDriver - Main - running on port 25158
[INFO  - 2015-10-11T02:12:16.080Z] Session [7e28bfd0-6fbd-11e5-adfd-6569b49c5ad1] - page.settings - {"XSSAuditingEnabled":false,"javascriptCanCloseWindows":true,"javascriptCanOpenWindows":true,"javascriptEnabled":true,"loadImages":true,"localToRemoteUrlAccessEnabled":false,"userAgent":"Mozilla/5.0 (Macintosh; Intel Mac OS X) AppleWebKit/538.1 (KHTML, like Gecko) PhantomJS/2.0.0 Safari/538.1","webSecurityEnabled":true}
[INFO  - 2015-10-11T02:12:16.080Z] Session [7e28bfd0-6fbd-11e5-adfd-6569b49c5ad1] - page.customHeaders:  - {"Accept-Language":"en"}
[INFO  - 2015-10-11T02:12:16.080Z] Session [7e28bfd0-6fbd-11e5-adfd-6569b49c5ad1] - Session.negotiatedCapabilities - {"browserName":"phantomjs","version":"2.0.0","driverName":"ghostdriver","driverVersion":"1.2.0","platform":"mac-10.9 (Mavericks)-64bit","javascriptEnabled":true,"takesScreenshot":true,"handlesAlerts":false,"databaseEnabled":false,"locationContextEnabled":false,"applicationCacheEnabled":false,"browserConnectionEnabled":false,"cssSelectorsEnabled":true,"webStorageEnabled":false,"rotatable":false,"acceptSslCerts":false,"nativeEvents":true,"proxy":{"proxyType":"direct"},"phantomjs.page.customHeaders.Accept-Language":"en"}
[INFO  - 2015-10-11T02:12:16.081Z] SessionManagerReqHand - _postNewSessionCommand - New Session Created: 7e28bfd0-6fbd-11e5-adfd-6569b49c5ad1
Oct 10, 2015 10:12:17 PM org.jenkinsci.test.acceptance.po.PluginManager installationStatus
INFO: ldap@1.10 is up to date
Oct 10, 2015 10:12:17 PM org.jenkinsci.test.acceptance.junit.WithPlugins$RuleImpl$1 evaluate
INFO: for user_can_login_to_Jenkins_as_admin_after_LDAP_security_configured(plugins.no_docker.LdapPluginNoDockerTest) asked to install [ldap]; restartRequired? false
[INFO  - 2015-10-11T02:12:18.365Z] ShutdownReqHand - _handle - About to shutdown
]]></system-err>
  </testcase>
</testsuite>