<?xml version="1.0" encoding="UTF-8"?>
<testsuite name="CucumberTests" time="0.328" tests="136" errors="135" skipped="1" failures="0">
  <properties>
    <property name="java.runtime.name" value="Java(TM) SE Runtime Environment"/>
    <property name="sun.boot.library.path" value="/Library/Java/JavaVirtualMachines/jdk1.8.0_60.jdk/Contents/Home/jre/lib"/>
    <property name="java.vm.version" value="25.60-b23"/>
    <property name="gopherProxySet" value="false"/>
    <property name="java.vm.vendor" value="Oracle Corporation"/>
    <property name="maven.multiModuleProjectDirectory" value="/Users/abduljewel/Documents/c/spiderqa/sample-test-projects/acceptance-test-harness"/>
    <property name="java.vendor.url" value="http://java.oracle.com/"/>
    <property name="path.separator" value=":"/>
    <property name="guice.disable.misplaced.annotation.check" value="true"/>
    <property name="java.vm.name" value="Java HotSpot(TM) 64-Bit Server VM"/>
    <property name="file.encoding.pkg" value="sun.io"/>
    <property name="user.country" value="US"/>
    <property name="sun.java.launcher" value="SUN_STANDARD"/>
    <property name="sun.os.patch.level" value="unknown"/>
    <property name="java.vm.specification.name" value="Java Virtual Machine Specification"/>
    <property name="user.dir" value="/Users/abduljewel/Documents/c/spiderqa/sample-test-projects/acceptance-test-harness"/>
    <property name="java.runtime.version" value="1.8.0_60-b27"/>
    <property name="java.awt.graphicsenv" value="sun.awt.CGraphicsEnvironment"/>
    <property name="java.endorsed.dirs" value="/Library/Java/JavaVirtualMachines/jdk1.8.0_60.jdk/Contents/Home/jre/lib/endorsed"/>
    <property name="os.arch" value="x86_64"/>
    <property name="java.io.tmpdir" value="/var/folders/lk/l859yg616c9cbtgfnt9szgjc0000gn/T/"/>
    <property name="line.separator" value="&#10;"/>
    <property name="java.vm.specification.vendor" value="Oracle Corporation"/>
    <property name="os.name" value="Mac OS X"/>
    <property name="classworlds.conf" value="/usr/local/Cellar/maven/3.3.3/libexec/bin/m2.conf"/>
    <property name="sun.jnu.encoding" value="UTF-8"/>
    <property name="java.library.path" value="/Users/abduljewel/Library/Java/Extensions:/Library/Java/Extensions:/Network/Library/Java/Extensions:/System/Library/Java/Extensions:/usr/lib/java:."/>
    <property name="java.specification.name" value="Java Platform API Specification"/>
    <property name="java.class.version" value="52.0"/>
    <property name="sun.management.compiler" value="HotSpot 64-Bit Tiered Compilers"/>
    <property name="os.version" value="10.10.5"/>
    <property name="http.nonProxyHosts" value="local|*.local|169.254/16|*.169.254/16"/>
    <property name="user.home" value="/Users/abduljewel"/>
    <property name="user.timezone" value="America/New_York"/>
    <property name="java.awt.printerjob" value="sun.lwawt.macosx.CPrinterJob"/>
    <property name="java.specification.version" value="1.8"/>
    <property name="file.encoding" value="UTF-8"/>
    <property name="user.name" value="abduljewel"/>
    <property name="java.class.path" value="/usr/local/Cellar/maven/3.3.3/libexec/boot/plexus-classworlds-2.5.2.jar"/>
    <property name="java.vm.specification.version" value="1.8"/>
    <property name="sun.arch.data.model" value="64"/>
    <property name="java.home" value="/Library/Java/JavaVirtualMachines/jdk1.8.0_60.jdk/Contents/Home/jre"/>
    <property name="sun.java.command" value="org.codehaus.plexus.classworlds.launcher.Launcher clean test"/>
    <property name="java.specification.vendor" value="Oracle Corporation"/>
    <property name="user.language" value="en"/>
    <property name="awt.toolkit" value="sun.lwawt.macosx.LWCToolkit"/>
    <property name="java.vm.info" value="mixed mode"/>
    <property name="java.version" value="1.8.0_60"/>
    <property name="java.ext.dirs" value="/Users/abduljewel/Library/Java/Extensions:/Library/Java/JavaVirtualMachines/jdk1.8.0_60.jdk/Contents/Home/jre/lib/ext:/Library/Java/Extensions:/Network/Library/Java/Extensions:/System/Library/Java/Extensions:/usr/lib/java"/>
    <property name="sun.boot.class.path" value="/Library/Java/JavaVirtualMachines/jdk1.8.0_60.jdk/Contents/Home/jre/lib/resources.jar:/Library/Java/JavaVirtualMachines/jdk1.8.0_60.jdk/Contents/Home/jre/lib/rt.jar:/Library/Java/JavaVirtualMachines/jdk1.8.0_60.jdk/Contents/Home/jre/lib/sunrsasign.jar:/Library/Java/JavaVirtualMachines/jdk1.8.0_60.jdk/Contents/Home/jre/lib/jsse.jar:/Library/Java/JavaVirtualMachines/jdk1.8.0_60.jdk/Contents/Home/jre/lib/jce.jar:/Library/Java/JavaVirtualMachines/jdk1.8.0_60.jdk/Contents/Home/jre/lib/charsets.jar:/Library/Java/JavaVirtualMachines/jdk1.8.0_60.jdk/Contents/Home/jre/lib/jfr.jar:/Library/Java/JavaVirtualMachines/jdk1.8.0_60.jdk/Contents/Home/jre/classes"/>
    <property name="java.vendor" value="Oracle Corporation"/>
    <property name="maven.home" value="/usr/local/Cellar/maven/3.3.3/libexec"/>
    <property name="file.separator" value="/"/>
    <property name="java.vendor.url.bug" value="http://bugreport.sun.com/bugreport/"/>
    <property name="sun.cpu.endian" value="little"/>
    <property name="sun.io.unicode.encoding" value="UnicodeBig"/>
    <property name="socksNonProxyHosts" value="local|*.local|169.254/16|*.169.254/16"/>
    <property name="ftp.nonProxyHosts" value="local|*.local|169.254/16|*.169.254/16"/>
    <property name="sun.cpu.isalist" value=""/>
  </properties>
  <testcase name="Test mechanism" classname="Test mechanism" time="0.002">
    <error type="java.lang.NullPointerException:">java.lang.NullPointerException: null
	at org.junit.runner.Description.createSuiteDescription(Description.java:123)
	at ru.yandex.qatools.allure.junit.AllureRunListener.getSuiteUid(AllureRunListener.java:110)
	at ru.yandex.qatools.allure.junit.AllureRunListener.testStarted(AllureRunListener.java:50)
	at org.junit.runner.notification.RunNotifier$3.notifyListener(RunNotifier.java:115)
	at org.junit.runner.notification.RunNotifier$SafeNotifier.run(RunNotifier.java:61)
	at org.junit.runner.notification.RunNotifier.fireTestStarted(RunNotifier.java:112)
	at org.junit.internal.runners.model.EachTestNotifier.fireTestStarted(EachTestNotifier.java:43)
	at cucumber.runtime.junit.JUnitReporter.startExecutionUnit(JUnitReporter.java:48)
	at cucumber.runtime.junit.ExecutionUnitRunner.run(ExecutionUnitRunner.java:81)
	at cucumber.runtime.junit.FeatureRunner.runChild(FeatureRunner.java:63)
	at cucumber.runtime.junit.FeatureRunner.runChild(FeatureRunner.java:18)
	at org.junit.runners.ParentRunner$3.run(ParentRunner.java:238)
	at org.junit.runners.ParentRunner$1.schedule(ParentRunner.java:63)
	at org.junit.runners.ParentRunner.runChildren(ParentRunner.java:236)
	at org.junit.runners.ParentRunner.access$000(ParentRunner.java:53)
	at org.junit.runners.ParentRunner$2.evaluate(ParentRunner.java:229)
	at org.junit.runners.ParentRunner.run(ParentRunner.java:309)
	at cucumber.runtime.junit.FeatureRunner.run(FeatureRunner.java:70)
	at cucumber.api.junit.Cucumber.runChild(Cucumber.java:82)
	at cucumber.api.junit.Cucumber.runChild(Cucumber.java:41)
	at org.junit.runners.ParentRunner$3.run(ParentRunner.java:238)
	at org.junit.runners.ParentRunner$1.schedule(ParentRunner.java:63)
	at org.junit.runners.ParentRunner.runChildren(ParentRunner.java:236)
	at org.junit.runners.ParentRunner.access$000(ParentRunner.java:53)
	at org.junit.runners.ParentRunner$2.evaluate(ParentRunner.java:229)
	at org.junit.runners.ParentRunner.run(ParentRunner.java:309)
	at cucumber.api.junit.Cucumber.run(Cucumber.java:87)
	at org.apache.maven.surefire.junit4.JUnit4Provider.execute(JUnit4Provider.java:264)
	at org.apache.maven.surefire.junit4.JUnit4Provider.executeTestSet(JUnit4Provider.java:153)
	at org.apache.maven.surefire.junit4.JUnit4Provider.invoke(JUnit4Provider.java:124)
	at org.apache.maven.surefire.booter.ForkedBooter.invokeProviderInSameClassLoader(ForkedBooter.java:200)
	at org.apache.maven.surefire.booter.ForkedBooter.runSuitesInProcess(ForkedBooter.java:153)
	at org.apache.maven.surefire.booter.ForkedBooter.main(ForkedBooter.java:103)
</error>
    <system-out><![CDATA[testCaseResult=ru.yandex.qatools.allure.model.TestCaseResult@5b3b13fb[
  name=findJobThroughRegexp
  title=<null>
  description=<null>
  failure=<null>
  start=1445036595579
  stop=1445036616110
  status=PASSED
  severity=<null>
  steps=[]
  attachments=[]
  labels=[ru.yandex.qatools.allure.model.Label@42360a1c, ru.yandex.qatools.allure.model.Label@43e865ba]
  parameters=<null>
]
testCaseResult={
   "start" : 1445036595579,
   "stop" : 1445036616110,
   "status" : "passed",
   "name" : "findJobThroughRegexp",
   "steps" : {
      "step" : [ ]
   },
   "attachments" : {
      "attachment" : [ ]
   },
   "labels" : {
      "label" : [ {
         "name" : "host",
         "value" : "MacBook-Pro-2.home"
      }, {
         "name" : "thread",
         "value" : "1771@MacBook-Pro-2.home.main(1)"
      } ]
   }
}
testCase=ru.yandex.qatools.allure.model.TestCase@68e4c38f[
  _id=2ba7a71a-2929-495a-80f8-ba5f5edb2b2d
  executionId=7a8626ac-7b8d-4761-8bff-776519219d78
  threadName=thread_15005794375463
  name=findJobThroughRegexp
  title=<null>
  description=<null>
  failure=<null>
  start=1445036595579
  stop=1445036616110
  status=PASSED
  severity=<null>
  steps=[]
  attachments=[]
  labels=[ru.yandex.qatools.allure.model.Label@42360a1c, ru.yandex.qatools.allure.model.Label@43e865ba]
  parameters=<null>
]
testCase={
   "start" : 1445036595579,
   "stop" : 1445036616110,
   "status" : "passed",
   "_id" : "2ba7a71a-2929-495a-80f8-ba5f5edb2b2d",
   "executionId" : "7a8626ac-7b8d-4761-8bff-776519219d78",
   "threadName" : "thread_15005794375463",
   "name" : "findJobThroughRegexp",
   "steps" : {
      "step" : [ ]
   },
   "attachments" : {
      "attachment" : [ ]
   },
   "labels" : {
      "label" : [ {
         "name" : "host",
         "value" : "MacBook-Pro-2.home"
      }, {
         "name" : "thread",
         "value" : "1771@MacBook-Pro-2.home.main(1)"
      } ]
   }
}
>>>REQUEST: /testaspect/TestCase/2ba7a71a-2929-495a-80f8-ba5f5edb2b2d
<<<RESPONSE (201 Created): /testaspect/TestCase/2ba7a71a-2929-495a-80f8-ba5f5edb2b2d
]]></system-out>
  </testcase>
  <testcase name="Test mechanism" classname="Test mechanism" time="0.001">
    <error type="java.lang.NullPointerException:">java.lang.NullPointerException: null
	at org.junit.runner.Description.createSuiteDescription(Description.java:123)
	at ru.yandex.qatools.allure.junit.AllureRunListener.getSuiteUid(AllureRunListener.java:110)
	at ru.yandex.qatools.allure.junit.AllureRunListener.testStarted(AllureRunListener.java:50)
	at org.junit.runner.notification.RunNotifier$3.notifyListener(RunNotifier.java:115)
	at org.junit.runner.notification.RunNotifier$SafeNotifier.run(RunNotifier.java:61)
	at org.junit.runner.notification.RunNotifier.fireTestStarted(RunNotifier.java:112)
	at org.junit.internal.runners.model.EachTestNotifier.fireTestStarted(EachTestNotifier.java:43)
	at cucumber.runtime.junit.JUnitReporter.result(JUnitReporter.java:83)
	at cucumber.runtime.Runtime.runStep(Runtime.java:299)
	at cucumber.runtime.model.StepContainer.runStep(StepContainer.java:44)
	at cucumber.runtime.model.StepContainer.runSteps(StepContainer.java:39)
	at cucumber.runtime.model.CucumberScenario.run(CucumberScenario.java:40)
	at cucumber.runtime.junit.ExecutionUnitRunner.run(ExecutionUnitRunner.java:83)
	at cucumber.runtime.junit.FeatureRunner.runChild(FeatureRunner.java:63)
	at cucumber.runtime.junit.FeatureRunner.runChild(FeatureRunner.java:18)
	at org.junit.runners.ParentRunner$3.run(ParentRunner.java:238)
	at org.junit.runners.ParentRunner$1.schedule(ParentRunner.java:63)
	at org.junit.runners.ParentRunner.runChildren(ParentRunner.java:236)
	at org.junit.runners.ParentRunner.access$000(ParentRunner.java:53)
	at org.junit.runners.ParentRunner$2.evaluate(ParentRunner.java:229)
	at org.junit.runners.ParentRunner.run(ParentRunner.java:309)
	at cucumber.runtime.junit.FeatureRunner.run(FeatureRunner.java:70)
	at cucumber.api.junit.Cucumber.runChild(Cucumber.java:82)
	at cucumber.api.junit.Cucumber.runChild(Cucumber.java:41)
	at org.junit.runners.ParentRunner$3.run(ParentRunner.java:238)
	at org.junit.runners.ParentRunner$1.schedule(ParentRunner.java:63)
	at org.junit.runners.ParentRunner.runChildren(ParentRunner.java:236)
	at org.junit.runners.ParentRunner.access$000(ParentRunner.java:53)
	at org.junit.runners.ParentRunner$2.evaluate(ParentRunner.java:229)
	at org.junit.runners.ParentRunner.run(ParentRunner.java:309)
	at cucumber.api.junit.Cucumber.run(Cucumber.java:87)
	at org.apache.maven.surefire.junit4.JUnit4Provider.execute(JUnit4Provider.java:264)
	at org.apache.maven.surefire.junit4.JUnit4Provider.executeTestSet(JUnit4Provider.java:153)
	at org.apache.maven.surefire.junit4.JUnit4Provider.invoke(JUnit4Provider.java:124)
	at org.apache.maven.surefire.booter.ForkedBooter.invokeProviderInSameClassLoader(ForkedBooter.java:200)
	at org.apache.maven.surefire.booter.ForkedBooter.runSuitesInProcess(ForkedBooter.java:153)
	at org.apache.maven.surefire.booter.ForkedBooter.main(ForkedBooter.java:103)
</error>
    <system-out><![CDATA[running with given plugins: []
Starting Jenkins: JAVA_HOME=/Library/Java/JavaVirtualMachines/jdk1.8.0_60.jdk/Contents/Home JENKINS_HOME=/Users/abduljewel/Documents/c/spiderqa/sample-test-projects/acceptance-test-harness/target/jenkins8664103893570971382home /Library/Java/JavaVirtualMachines/jdk1.8.0_60.jdk/Contents/Home/bin/java -Duser.language=en -jar ./jenkins.war --ajp13Port=-1 --httpPort=53337
master53337|Running from: /Users/abduljewel/Documents/c/spiderqa/sample-test-projects/acceptance-test-harness/jenkins.war
master53337|webroot: EnvVars.masterEnvVars.get("JENKINS_HOME")
master53337|Oct 16, 2015 7:03:36 PM winstone.Logger logInternal
master53337|INFO: Beginning extraction from war file
master53337|Oct 16, 2015 7:03:37 PM org.eclipse.jetty.util.log.JavaUtilLog info
master53337|INFO: jetty-winstone-2.8
master53337|Oct 16, 2015 7:03:39 PM org.eclipse.jetty.util.log.JavaUtilLog info
master53337|INFO: NO JSP Support for , did not find org.apache.jasper.servlet.JspServlet
master53337|Jenkins home directory: /Users/abduljewel/Documents/c/spiderqa/sample-test-projects/acceptance-test-harness/target/jenkins8664103893570971382home found at: EnvVars.masterEnvVars.get("JENKINS_HOME")
master53337|Oct 16, 2015 7:03:39 PM org.eclipse.jetty.util.log.JavaUtilLog info
master53337|INFO: Started SelectChannelConnector@0.0.0.0:53337
master53337|Oct 16, 2015 7:03:39 PM winstone.Logger logInternal
master53337|INFO: Winstone Servlet Engine v2.0 running: controlPort=disabled
master53337|Oct 16, 2015 7:03:40 PM jenkins.InitReactorRunner$1 onAttained
master53337|INFO: Started initialization
master53337|Oct 16, 2015 7:03:49 PM jenkins.InitReactorRunner$1 onAttained
master53337|INFO: Listed all plugins
master53337|Oct 16, 2015 7:03:49 PM jenkins.InitReactorRunner$1 onAttained
master53337|INFO: Prepared all plugins
master53337|Oct 16, 2015 7:03:49 PM jenkins.InitReactorRunner$1 onAttained
master53337|INFO: Started all plugins
master53337|Oct 16, 2015 7:03:49 PM jenkins.InitReactorRunner$1 onAttained
master53337|INFO: Augmented all extensions
master53337|Oct 16, 2015 7:03:50 PM jenkins.InitReactorRunner$1 onAttained
master53337|INFO: Loaded all jobs
master53337|Oct 16, 2015 7:03:51 PM hudson.model.AsyncPeriodicWork$1 run
master53337|INFO: Started Download metadata
master53337|Oct 16, 2015 7:03:51 PM org.jenkinsci.main.modules.sshd.SSHD start
master53337|INFO: Started SSHD at port 54324
master53337|Oct 16, 2015 7:03:51 PM jenkins.InitReactorRunner$1 onAttained
master53337|INFO: Completed initialization
master53337|Oct 16, 2015 7:03:51 PM hudson.UDPBroadcastThread run
master53337|WARNING: UDP handling problem
master53337|java.net.SocketException: Can't assign requested address
master53337|	at java.net.PlainDatagramSocketImpl.join(Native Method)
master53337|	at java.net.AbstractPlainDatagramSocketImpl.join(AbstractPlainDatagramSocketImpl.java:179)
master53337|	at java.net.MulticastSocket.joinGroup(MulticastSocket.java:323)
master53337|	at hudson.UDPBroadcastThread.run(UDPBroadcastThread.java:77)
master53337|
master53337|Oct 16, 2015 7:03:51 PM hudson.WebAppMain$3 run
master53337|INFO: Jenkins is fully up and running
master53337|Oct 16, 2015 7:03:53 PM hudson.model.UpdateSite updateData
master53337|INFO: Obtained the latest update center data file for UpdateSource default
master53337|Oct 16, 2015 7:03:53 PM hudson.model.DownloadService$Downloadable load
master53337|INFO: Obtained the updated data file for hudson.tasks.Maven.MavenInstaller
master53337|Oct 16, 2015 7:03:53 PM hudson.model.DownloadService$Downloadable load
master53337|INFO: Obtained the updated data file for hudson.tasks.Ant.AntInstaller
master53337|Oct 16, 2015 7:03:54 PM hudson.model.DownloadService$Downloadable load
master53337|INFO: Obtained the updated data file for hudson.tools.JDKInstaller
master53337|Oct 16, 2015 7:03:54 PM hudson.model.AsyncPeriodicWork$1 run
master53337|INFO: Finished Download metadata. 2,728 ms
]]></system-out>
    <system-err><![CDATA[Oct 16, 2015 7:03:36 PM org.jenkinsci.test.acceptance.controller.LocalController startNow
INFO: Waiting for Jenkins to become running in http://127.0.0.1:53337/
Oct 16, 2015 7:03:51 PM org.jenkinsci.test.acceptance.controller.LocalController startNow
INFO: Jenkins is running in http://127.0.0.1:53337/
Oct 16, 2015 7:03:51 PM org.openqa.selenium.phantomjs.PhantomJSDriverService <init>
INFO: executable: /usr/local/bin/phantomjs
Oct 16, 2015 7:03:51 PM org.openqa.selenium.phantomjs.PhantomJSDriverService <init>
INFO: port: 38153
Oct 16, 2015 7:03:51 PM org.openqa.selenium.phantomjs.PhantomJSDriverService <init>
INFO: arguments: [--webdriver=38153, --webdriver-logfile=/Users/abduljewel/Documents/c/spiderqa/sample-test-projects/acceptance-test-harness/phantomjsdriver.log]
Oct 16, 2015 7:03:51 PM org.openqa.selenium.phantomjs.PhantomJSDriverService <init>
INFO: environment: {}
[INFO  - 2015-10-16T23:03:52.228Z] GhostDriver - Main - running on port 38153
[INFO  - 2015-10-16T23:03:52.494Z] Session [2b2cc0a0-745a-11e5-abc5-196b1adbc407] - page.settings - {"XSSAuditingEnabled":false,"javascriptCanCloseWindows":true,"javascriptCanOpenWindows":true,"javascriptEnabled":true,"loadImages":true,"localToRemoteUrlAccessEnabled":false,"userAgent":"Mozilla/5.0 (Macintosh; Intel Mac OS X) AppleWebKit/538.1 (KHTML, like Gecko) PhantomJS/2.0.0 Safari/538.1","webSecurityEnabled":true}
[INFO  - 2015-10-16T23:03:52.494Z] Session [2b2cc0a0-745a-11e5-abc5-196b1adbc407] - page.customHeaders:  - {"Accept-Language":"en"}
[INFO  - 2015-10-16T23:03:52.494Z] Session [2b2cc0a0-745a-11e5-abc5-196b1adbc407] - Session.negotiatedCapabilities - {"browserName":"phantomjs","version":"2.0.0","driverName":"ghostdriver","driverVersion":"1.2.0","platform":"mac-10.9 (Mavericks)-64bit","javascriptEnabled":true,"takesScreenshot":true,"handlesAlerts":false,"databaseEnabled":false,"locationContextEnabled":false,"applicationCacheEnabled":false,"browserConnectionEnabled":false,"cssSelectorsEnabled":true,"webStorageEnabled":false,"rotatable":false,"acceptSslCerts":false,"nativeEvents":true,"proxy":{"proxyType":"direct"},"phantomjs.page.customHeaders.Accept-Language":"en"}
[INFO  - 2015-10-16T23:03:52.494Z] SessionManagerReqHand - _postNewSessionCommand - New Session Created: 2b2cc0a0-745a-11e5-abc5-196b1adbc407
]]></system-err>
  </testcase>
  <testcase name="Test mechanism" classname="Test mechanism" time="0.002">
    <error type="java.lang.NullPointerException:">java.lang.NullPointerException: null
	at org.junit.runner.Description.createSuiteDescription(Description.java:123)
	at ru.yandex.qatools.allure.junit.AllureRunListener.getSuiteUid(AllureRunListener.java:110)
	at ru.yandex.qatools.allure.junit.AllureRunListener.testStarted(AllureRunListener.java:50)
	at org.junit.runner.notification.RunNotifier$3.notifyListener(RunNotifier.java:115)
	at org.junit.runner.notification.RunNotifier$SafeNotifier.run(RunNotifier.java:61)
	at org.junit.runner.notification.RunNotifier.fireTestStarted(RunNotifier.java:112)
	at org.junit.internal.runners.model.EachTestNotifier.fireTestStarted(EachTestNotifier.java:43)
	at cucumber.runtime.junit.JUnitReporter.result(JUnitReporter.java:83)
	at cucumber.runtime.Runtime.runStep(Runtime.java:299)
	at cucumber.runtime.model.StepContainer.runStep(StepContainer.java:44)
	at cucumber.runtime.model.StepContainer.runSteps(StepContainer.java:39)
	at cucumber.runtime.model.CucumberScenario.run(CucumberScenario.java:40)
	at cucumber.runtime.junit.ExecutionUnitRunner.run(ExecutionUnitRunner.java:83)
	at cucumber.runtime.junit.FeatureRunner.runChild(FeatureRunner.java:63)
	at cucumber.runtime.junit.FeatureRunner.runChild(FeatureRunner.java:18)
	at org.junit.runners.ParentRunner$3.run(ParentRunner.java:238)
	at org.junit.runners.ParentRunner$1.schedule(ParentRunner.java:63)
	at org.junit.runners.ParentRunner.runChildren(ParentRunner.java:236)
	at org.junit.runners.ParentRunner.access$000(ParentRunner.java:53)
	at org.junit.runners.ParentRunner$2.evaluate(ParentRunner.java:229)
	at org.junit.runners.ParentRunner.run(ParentRunner.java:309)
	at cucumber.runtime.junit.FeatureRunner.run(FeatureRunner.java:70)
	at cucumber.api.junit.Cucumber.runChild(Cucumber.java:82)
	at cucumber.api.junit.Cucumber.runChild(Cucumber.java:41)
	at org.junit.runners.ParentRunner$3.run(ParentRunner.java:238)
	at org.junit.runners.ParentRunner$1.schedule(ParentRunner.java:63)
	at org.junit.runners.ParentRunner.runChildren(ParentRunner.java:236)
	at org.junit.runners.ParentRunner.access$000(ParentRunner.java:53)
	at org.junit.runners.ParentRunner$2.evaluate(ParentRunner.java:229)
	at org.junit.runners.ParentRunner.run(ParentRunner.java:309)
	at cucumber.api.junit.Cucumber.run(Cucumber.java:87)
	at org.apache.maven.surefire.junit4.JUnit4Provider.execute(JUnit4Provider.java:264)
	at org.apache.maven.surefire.junit4.JUnit4Provider.executeTestSet(JUnit4Provider.java:153)
	at org.apache.maven.surefire.junit4.JUnit4Provider.invoke(JUnit4Provider.java:124)
	at org.apache.maven.surefire.booter.ForkedBooter.invokeProviderInSameClassLoader(ForkedBooter.java:200)
	at org.apache.maven.surefire.booter.ForkedBooter.runSuitesInProcess(ForkedBooter.java:153)
	at org.apache.maven.surefire.booter.ForkedBooter.main(ForkedBooter.java:103)
</error>
    <system-out><![CDATA[testCaseResult=ru.yandex.qatools.allure.model.TestCaseResult@5b3b13fb[
  name=findJobThroughRegexp
  title=<null>
  description=<null>
  failure=<null>
  start=1445036595579
  stop=1445036616110
  status=PASSED
  severity=<null>
  steps=[]
  attachments=[]
  labels=[ru.yandex.qatools.allure.model.Label@42360a1c, ru.yandex.qatools.allure.model.Label@43e865ba]
  parameters=<null>
]
testCaseResult={
   "start" : 1445036595579,
   "stop" : 1445036616110,
   "status" : "passed",
   "name" : "findJobThroughRegexp",
   "steps" : {
      "step" : [ ]
   },
   "attachments" : {
      "attachment" : [ ]
   },
   "labels" : {
      "label" : [ {
         "name" : "host",
         "value" : "MacBook-Pro-2.home"
      }, {
         "name" : "thread",
         "value" : "1771@MacBook-Pro-2.home.main(1)"
      } ]
   }
}
testCase=ru.yandex.qatools.allure.model.TestCase@532b32ce[
  _id=4723d91d-feb5-41c1-bb30-ae9d9bcee66a
  executionId=7a8626ac-7b8d-4761-8bff-776519219d78
  threadName=thread_15005794375463
  name=findJobThroughRegexp
  title=<null>
  description=<null>
  failure=<null>
  start=1445036595579
  stop=1445036616110
  status=PASSED
  severity=<null>
  steps=[]
  attachments=[]
  labels=[ru.yandex.qatools.allure.model.Label@42360a1c, ru.yandex.qatools.allure.model.Label@43e865ba]
  parameters=<null>
]
testCase={
   "start" : 1445036595579,
   "stop" : 1445036616110,
   "status" : "passed",
   "_id" : "4723d91d-feb5-41c1-bb30-ae9d9bcee66a",
   "executionId" : "7a8626ac-7b8d-4761-8bff-776519219d78",
   "threadName" : "thread_15005794375463",
   "name" : "findJobThroughRegexp",
   "steps" : {
      "step" : [ ]
   },
   "attachments" : {
      "attachment" : [ ]
   },
   "labels" : {
      "label" : [ {
         "name" : "host",
         "value" : "MacBook-Pro-2.home"
      }, {
         "name" : "thread",
         "value" : "1771@MacBook-Pro-2.home.main(1)"
      } ]
   }
}
>>>REQUEST: /testaspect/TestCase/4723d91d-feb5-41c1-bb30-ae9d9bcee66a
<<<RESPONSE (201 Created): /testaspect/TestCase/4723d91d-feb5-41c1-bb30-ae9d9bcee66a
]]></system-out>
  </testcase>
  <testcase name="Test mechanism" classname="Test mechanism" time="0.002">
    <error type="java.lang.NullPointerException:">java.lang.NullPointerException: null
	at org.junit.runner.Description.createSuiteDescription(Description.java:123)
	at ru.yandex.qatools.allure.junit.AllureRunListener.getSuiteUid(AllureRunListener.java:110)
	at ru.yandex.qatools.allure.junit.AllureRunListener.testStarted(AllureRunListener.java:50)
	at org.junit.runner.notification.RunNotifier$3.notifyListener(RunNotifier.java:115)
	at org.junit.runner.notification.RunNotifier$SafeNotifier.run(RunNotifier.java:61)
	at org.junit.runner.notification.RunNotifier.fireTestStarted(RunNotifier.java:112)
	at org.junit.internal.runners.model.EachTestNotifier.fireTestStarted(EachTestNotifier.java:43)
	at cucumber.runtime.junit.JUnitReporter.result(JUnitReporter.java:83)
	at cucumber.runtime.Runtime.runStep(Runtime.java:299)
	at cucumber.runtime.model.StepContainer.runStep(StepContainer.java:44)
	at cucumber.runtime.model.StepContainer.runSteps(StepContainer.java:39)
	at cucumber.runtime.model.CucumberScenario.run(CucumberScenario.java:40)
	at cucumber.runtime.junit.ExecutionUnitRunner.run(ExecutionUnitRunner.java:83)
	at cucumber.runtime.junit.FeatureRunner.runChild(FeatureRunner.java:63)
	at cucumber.runtime.junit.FeatureRunner.runChild(FeatureRunner.java:18)
	at org.junit.runners.ParentRunner$3.run(ParentRunner.java:238)
	at org.junit.runners.ParentRunner$1.schedule(ParentRunner.java:63)
	at org.junit.runners.ParentRunner.runChildren(ParentRunner.java:236)
	at org.junit.runners.ParentRunner.access$000(ParentRunner.java:53)
	at org.junit.runners.ParentRunner$2.evaluate(ParentRunner.java:229)
	at org.junit.runners.ParentRunner.run(ParentRunner.java:309)
	at cucumber.runtime.junit.FeatureRunner.run(FeatureRunner.java:70)
	at cucumber.api.junit.Cucumber.runChild(Cucumber.java:82)
	at cucumber.api.junit.Cucumber.runChild(Cucumber.java:41)
	at org.junit.runners.ParentRunner$3.run(ParentRunner.java:238)
	at org.junit.runners.ParentRunner$1.schedule(ParentRunner.java:63)
	at org.junit.runners.ParentRunner.runChildren(ParentRunner.java:236)
	at org.junit.runners.ParentRunner.access$000(ParentRunner.java:53)
	at org.junit.runners.ParentRunner$2.evaluate(ParentRunner.java:229)
	at org.junit.runners.ParentRunner.run(ParentRunner.java:309)
	at cucumber.api.junit.Cucumber.run(Cucumber.java:87)
	at org.apache.maven.surefire.junit4.JUnit4Provider.execute(JUnit4Provider.java:264)
	at org.apache.maven.surefire.junit4.JUnit4Provider.executeTestSet(JUnit4Provider.java:153)
	at org.apache.maven.surefire.junit4.JUnit4Provider.invoke(JUnit4Provider.java:124)
	at org.apache.maven.surefire.booter.ForkedBooter.invokeProviderInSameClassLoader(ForkedBooter.java:200)
	at org.apache.maven.surefire.booter.ForkedBooter.runSuitesInProcess(ForkedBooter.java:153)
	at org.apache.maven.surefire.booter.ForkedBooter.main(ForkedBooter.java:103)
</error>
    <system-out><![CDATA[testCaseResult=ru.yandex.qatools.allure.model.TestCaseResult@5b3b13fb[
  name=findJobThroughRegexp
  title=<null>
  description=<null>
  failure=<null>
  start=1445036595579
  stop=1445036616110
  status=PASSED
  severity=<null>
  steps=[]
  attachments=[]
  labels=[ru.yandex.qatools.allure.model.Label@42360a1c, ru.yandex.qatools.allure.model.Label@43e865ba]
  parameters=<null>
]
testCaseResult={
   "start" : 1445036595579,
   "stop" : 1445036616110,
   "status" : "passed",
   "name" : "findJobThroughRegexp",
   "steps" : {
      "step" : [ ]
   },
   "attachments" : {
      "attachment" : [ ]
   },
   "labels" : {
      "label" : [ {
         "name" : "host",
         "value" : "MacBook-Pro-2.home"
      }, {
         "name" : "thread",
         "value" : "1771@MacBook-Pro-2.home.main(1)"
      } ]
   }
}
testCase=ru.yandex.qatools.allure.model.TestCase@39cabb83[
  _id=ba6d1abb-cc38-4578-8349-d8d2f970937f
  executionId=7a8626ac-7b8d-4761-8bff-776519219d78
  threadName=thread_15005794375463
  name=findJobThroughRegexp
  title=<null>
  description=<null>
  failure=<null>
  start=1445036595579
  stop=1445036616110
  status=PASSED
  severity=<null>
  steps=[]
  attachments=[]
  labels=[ru.yandex.qatools.allure.model.Label@42360a1c, ru.yandex.qatools.allure.model.Label@43e865ba]
  parameters=<null>
]
testCase={
   "start" : 1445036595579,
   "stop" : 1445036616110,
   "status" : "passed",
   "_id" : "ba6d1abb-cc38-4578-8349-d8d2f970937f",
   "executionId" : "7a8626ac-7b8d-4761-8bff-776519219d78",
   "threadName" : "thread_15005794375463",
   "name" : "findJobThroughRegexp",
   "steps" : {
      "step" : [ ]
   },
   "attachments" : {
      "attachment" : [ ]
   },
   "labels" : {
      "label" : [ {
         "name" : "host",
         "value" : "MacBook-Pro-2.home"
      }, {
         "name" : "thread",
         "value" : "1771@MacBook-Pro-2.home.main(1)"
      } ]
   }
}
>>>REQUEST: /testaspect/TestCase/ba6d1abb-cc38-4578-8349-d8d2f970937f
<<<RESPONSE (201 Created): /testaspect/TestCase/ba6d1abb-cc38-4578-8349-d8d2f970937f
]]></system-out>
  </testcase>
  <testcase name="Test mechanism" classname="Test mechanism" time="0">
    <error type="java.lang.NullPointerException:">java.lang.NullPointerException: null
	at org.junit.runner.Description.createSuiteDescription(Description.java:123)
	at ru.yandex.qatools.allure.junit.AllureRunListener.getSuiteUid(AllureRunListener.java:110)
	at ru.yandex.qatools.allure.junit.AllureRunListener.testStarted(AllureRunListener.java:50)
	at org.junit.runner.notification.RunNotifier$3.notifyListener(RunNotifier.java:115)
	at org.junit.runner.notification.RunNotifier$SafeNotifier.run(RunNotifier.java:61)
	at org.junit.runner.notification.RunNotifier.fireTestStarted(RunNotifier.java:112)
	at org.junit.internal.runners.model.EachTestNotifier.fireTestStarted(EachTestNotifier.java:43)
	at cucumber.runtime.junit.JUnitReporter.startExecutionUnit(JUnitReporter.java:48)
	at cucumber.runtime.junit.ExecutionUnitRunner.run(ExecutionUnitRunner.java:81)
	at cucumber.runtime.junit.FeatureRunner.runChild(FeatureRunner.java:63)
	at cucumber.runtime.junit.FeatureRunner.runChild(FeatureRunner.java:18)
	at org.junit.runners.ParentRunner$3.run(ParentRunner.java:238)
	at org.junit.runners.ParentRunner$1.schedule(ParentRunner.java:63)
	at org.junit.runners.ParentRunner.runChildren(ParentRunner.java:236)
	at org.junit.runners.ParentRunner.access$000(ParentRunner.java:53)
	at org.junit.runners.ParentRunner$2.evaluate(ParentRunner.java:229)
	at org.junit.runners.ParentRunner.run(ParentRunner.java:309)
	at cucumber.runtime.junit.FeatureRunner.run(FeatureRunner.java:70)
	at cucumber.api.junit.Cucumber.runChild(Cucumber.java:82)
	at cucumber.api.junit.Cucumber.runChild(Cucumber.java:41)
	at org.junit.runners.ParentRunner$3.run(ParentRunner.java:238)
	at org.junit.runners.ParentRunner$1.schedule(ParentRunner.java:63)
	at org.junit.runners.ParentRunner.runChildren(ParentRunner.java:236)
	at org.junit.runners.ParentRunner.access$000(ParentRunner.java:53)
	at org.junit.runners.ParentRunner$2.evaluate(ParentRunner.java:229)
	at org.junit.runners.ParentRunner.run(ParentRunner.java:309)
	at cucumber.api.junit.Cucumber.run(Cucumber.java:87)
	at org.apache.maven.surefire.junit4.JUnit4Provider.execute(JUnit4Provider.java:264)
	at org.apache.maven.surefire.junit4.JUnit4Provider.executeTestSet(JUnit4Provider.java:153)
	at org.apache.maven.surefire.junit4.JUnit4Provider.invoke(JUnit4Provider.java:124)
	at org.apache.maven.surefire.booter.ForkedBooter.invokeProviderInSameClassLoader(ForkedBooter.java:200)
	at org.apache.maven.surefire.booter.ForkedBooter.runSuitesInProcess(ForkedBooter.java:153)
	at org.apache.maven.surefire.booter.ForkedBooter.main(ForkedBooter.java:103)
</error>
    <system-out><![CDATA[testCaseResult=ru.yandex.qatools.allure.model.TestCaseResult@5b3b13fb[
  name=findJobThroughRegexp
  title=<null>
  description=<null>
  failure=<null>
  start=1445036595579
  stop=1445036616110
  status=PASSED
  severity=<null>
  steps=[]
  attachments=[]
  labels=[ru.yandex.qatools.allure.model.Label@42360a1c, ru.yandex.qatools.allure.model.Label@43e865ba]
  parameters=<null>
]
testCaseResult={
   "start" : 1445036595579,
   "stop" : 1445036616110,
   "status" : "passed",
   "name" : "findJobThroughRegexp",
   "steps" : {
      "step" : [ ]
   },
   "attachments" : {
      "attachment" : [ ]
   },
   "labels" : {
      "label" : [ {
         "name" : "host",
         "value" : "MacBook-Pro-2.home"
      }, {
         "name" : "thread",
         "value" : "1771@MacBook-Pro-2.home.main(1)"
      } ]
   }
}
testCase=ru.yandex.qatools.allure.model.TestCase@7ae3ac3b[
  _id=ba90e886-7663-4b3b-a379-d7367b3311b0
  executionId=7a8626ac-7b8d-4761-8bff-776519219d78
  threadName=thread_15005794375463
  name=findJobThroughRegexp
  title=<null>
  description=<null>
  failure=<null>
  start=1445036595579
  stop=1445036616110
  status=PASSED
  severity=<null>
  steps=[]
  attachments=[]
  labels=[ru.yandex.qatools.allure.model.Label@42360a1c, ru.yandex.qatools.allure.model.Label@43e865ba]
  parameters=<null>
]
testCase={
   "start" : 1445036595579,
   "stop" : 1445036616110,
   "status" : "passed",
   "_id" : "ba90e886-7663-4b3b-a379-d7367b3311b0",
   "executionId" : "7a8626ac-7b8d-4761-8bff-776519219d78",
   "threadName" : "thread_15005794375463",
   "name" : "findJobThroughRegexp",
   "steps" : {
      "step" : [ ]
   },
   "attachments" : {
      "attachment" : [ ]
   },
   "labels" : {
      "label" : [ {
         "name" : "host",
         "value" : "MacBook-Pro-2.home"
      }, {
         "name" : "thread",
         "value" : "1771@MacBook-Pro-2.home.main(1)"
      } ]
   }
}
>>>REQUEST: /testaspect/TestCase/ba90e886-7663-4b3b-a379-d7367b3311b0
Jenkins is stopped
<<<RESPONSE (201 Created): /testaspect/TestCase/ba90e886-7663-4b3b-a379-d7367b3311b0
testCaseResult=ru.yandex.qatools.allure.model.TestCaseResult@5b3b13fb[
  name=findJobThroughRegexp
  title=<null>
  description=<null>
  failure=<null>
  start=1445036595579
  stop=1445036616110
  status=PASSED
  severity=<null>
  steps=[]
  attachments=[]
  labels=[ru.yandex.qatools.allure.model.Label@42360a1c, ru.yandex.qatools.allure.model.Label@43e865ba]
  parameters=<null>
]
testCaseResult={
   "start" : 1445036595579,
   "stop" : 1445036616110,
   "status" : "passed",
   "name" : "findJobThroughRegexp",
   "steps" : {
      "step" : [ ]
   },
   "attachments" : {
      "attachment" : [ ]
   },
   "labels" : {
      "label" : [ {
         "name" : "host",
         "value" : "MacBook-Pro-2.home"
      }, {
         "name" : "thread",
         "value" : "1771@MacBook-Pro-2.home.main(1)"
      } ]
   }
}
testCase=ru.yandex.qatools.allure.model.TestCase@67256097[
  _id=75c8fad0-1a37-4f5b-8204-34161c7e91d8
  executionId=7a8626ac-7b8d-4761-8bff-776519219d78
  threadName=thread_15005794375463
  name=findJobThroughRegexp
  title=<null>
  description=<null>
  failure=<null>
  start=1445036595579
  stop=1445036616110
  status=PASSED
  severity=<null>
  steps=[]
  attachments=[]
  labels=[ru.yandex.qatools.allure.model.Label@42360a1c, ru.yandex.qatools.allure.model.Label@43e865ba]
  parameters=<null>
]
testCase={
   "start" : 1445036595579,
   "stop" : 1445036616110,
   "status" : "passed",
   "_id" : "75c8fad0-1a37-4f5b-8204-34161c7e91d8",
   "executionId" : "7a8626ac-7b8d-4761-8bff-776519219d78",
   "threadName" : "thread_15005794375463",
   "name" : "findJobThroughRegexp",
   "steps" : {
      "step" : [ ]
   },
   "attachments" : {
      "attachment" : [ ]
   },
   "labels" : {
      "label" : [ {
         "name" : "host",
         "value" : "MacBook-Pro-2.home"
      }, {
         "name" : "thread",
         "value" : "1771@MacBook-Pro-2.home.main(1)"
      } ]
   }
}
>>>REQUEST: /testaspect/TestCase/75c8fad0-1a37-4f5b-8204-34161c7e91d8
]]></system-out>
    <system-err><![CDATA[[INFO  - 2015-10-16T23:03:55.225Z] ShutdownReqHand - _handle - About to shutdown
]]></system-err>
  </testcase>
  <testcase name="Test mechanism" classname="Test mechanism" time="0.001">
    <error type="java.lang.NullPointerException:">java.lang.NullPointerException: null
	at org.junit.runner.Description.createSuiteDescription(Description.java:123)
	at ru.yandex.qatools.allure.junit.AllureRunListener.getSuiteUid(AllureRunListener.java:110)
	at ru.yandex.qatools.allure.junit.AllureRunListener.testStarted(AllureRunListener.java:50)
	at org.junit.runner.notification.RunNotifier$3.notifyListener(RunNotifier.java:115)
	at org.junit.runner.notification.RunNotifier$SafeNotifier.run(RunNotifier.java:61)
	at org.junit.runner.notification.RunNotifier.fireTestStarted(RunNotifier.java:112)
	at org.junit.internal.runners.model.EachTestNotifier.fireTestStarted(EachTestNotifier.java:43)
	at cucumber.runtime.junit.JUnitReporter.result(JUnitReporter.java:83)
	at cucumber.runtime.Runtime.runStep(Runtime.java:299)
	at cucumber.runtime.model.StepContainer.runStep(StepContainer.java:44)
	at cucumber.runtime.model.StepContainer.runSteps(StepContainer.java:39)
	at cucumber.runtime.model.CucumberScenario.run(CucumberScenario.java:40)
	at cucumber.runtime.junit.ExecutionUnitRunner.run(ExecutionUnitRunner.java:83)
	at cucumber.runtime.junit.FeatureRunner.runChild(FeatureRunner.java:63)
	at cucumber.runtime.junit.FeatureRunner.runChild(FeatureRunner.java:18)
	at org.junit.runners.ParentRunner$3.run(ParentRunner.java:238)
	at org.junit.runners.ParentRunner$1.schedule(ParentRunner.java:63)
	at org.junit.runners.ParentRunner.runChildren(ParentRunner.java:236)
	at org.junit.runners.ParentRunner.access$000(ParentRunner.java:53)
	at org.junit.runners.ParentRunner$2.evaluate(ParentRunner.java:229)
	at org.junit.runners.ParentRunner.run(ParentRunner.java:309)
	at cucumber.runtime.junit.FeatureRunner.run(FeatureRunner.java:70)
	at cucumber.api.junit.Cucumber.runChild(Cucumber.java:82)
	at cucumber.api.junit.Cucumber.runChild(Cucumber.java:41)
	at org.junit.runners.ParentRunner$3.run(ParentRunner.java:238)
	at org.junit.runners.ParentRunner$1.schedule(ParentRunner.java:63)
	at org.junit.runners.ParentRunner.runChildren(ParentRunner.java:236)
	at org.junit.runners.ParentRunner.access$000(ParentRunner.java:53)
	at org.junit.runners.ParentRunner$2.evaluate(ParentRunner.java:229)
	at org.junit.runners.ParentRunner.run(ParentRunner.java:309)
	at cucumber.api.junit.Cucumber.run(Cucumber.java:87)
	at org.apache.maven.surefire.junit4.JUnit4Provider.execute(JUnit4Provider.java:264)
	at org.apache.maven.surefire.junit4.JUnit4Provider.executeTestSet(JUnit4Provider.java:153)
	at org.apache.maven.surefire.junit4.JUnit4Provider.invoke(JUnit4Provider.java:124)
	at org.apache.maven.surefire.booter.ForkedBooter.invokeProviderInSameClassLoader(ForkedBooter.java:200)
	at org.apache.maven.surefire.booter.ForkedBooter.runSuitesInProcess(ForkedBooter.java:153)
	at org.apache.maven.surefire.booter.ForkedBooter.main(ForkedBooter.java:103)
</error>
    <system-out><![CDATA[<<<RESPONSE (201 Created): /testaspect/TestCase/75c8fad0-1a37-4f5b-8204-34161c7e91d8
running with given plugins: []
Starting Jenkins: JAVA_HOME=/Library/Java/JavaVirtualMachines/jdk1.8.0_60.jdk/Contents/Home JENKINS_HOME=/Users/abduljewel/Documents/c/spiderqa/sample-test-projects/acceptance-test-harness/target/jenkins6889998213865406371home /Library/Java/JavaVirtualMachines/jdk1.8.0_60.jdk/Contents/Home/bin/java -Duser.language=en -jar ./jenkins.war --ajp13Port=-1 --httpPort=63844
master63844|Running from: /Users/abduljewel/Documents/c/spiderqa/sample-test-projects/acceptance-test-harness/jenkins.war
master63844|webroot: EnvVars.masterEnvVars.get("JENKINS_HOME")
master63844|Oct 16, 2015 7:03:56 PM winstone.Logger logInternal
master63844|INFO: Beginning extraction from war file
master63844|Oct 16, 2015 7:03:57 PM org.eclipse.jetty.util.log.JavaUtilLog info
master63844|INFO: jetty-winstone-2.8
master63844|Oct 16, 2015 7:03:58 PM org.eclipse.jetty.util.log.JavaUtilLog info
master63844|INFO: NO JSP Support for , did not find org.apache.jasper.servlet.JspServlet
master63844|Jenkins home directory: /Users/abduljewel/Documents/c/spiderqa/sample-test-projects/acceptance-test-harness/target/jenkins6889998213865406371home found at: EnvVars.masterEnvVars.get("JENKINS_HOME")
master63844|Oct 16, 2015 7:03:59 PM org.eclipse.jetty.util.log.JavaUtilLog info
master63844|INFO: Started SelectChannelConnector@0.0.0.0:63844
master63844|Oct 16, 2015 7:03:59 PM winstone.Logger logInternal
master63844|INFO: Winstone Servlet Engine v2.0 running: controlPort=disabled
master63844|Oct 16, 2015 7:03:59 PM jenkins.InitReactorRunner$1 onAttained
master63844|INFO: Started initialization
master63844|Oct 16, 2015 7:04:08 PM jenkins.InitReactorRunner$1 onAttained
master63844|INFO: Listed all plugins
master63844|Oct 16, 2015 7:04:09 PM jenkins.InitReactorRunner$1 onAttained
master63844|INFO: Prepared all plugins
master63844|Oct 16, 2015 7:04:09 PM jenkins.InitReactorRunner$1 onAttained
master63844|INFO: Started all plugins
master63844|Oct 16, 2015 7:04:09 PM jenkins.InitReactorRunner$1 onAttained
master63844|INFO: Augmented all extensions
master63844|Oct 16, 2015 7:04:10 PM jenkins.InitReactorRunner$1 onAttained
master63844|INFO: Loaded all jobs
master63844|Oct 16, 2015 7:04:11 PM hudson.model.AsyncPeriodicWork$1 run
master63844|INFO: Started Download metadata
master63844|Oct 16, 2015 7:04:11 PM org.jenkinsci.main.modules.sshd.SSHD start
master63844|INFO: Started SSHD at port 54368
master63844|Oct 16, 2015 7:04:11 PM jenkins.InitReactorRunner$1 onAttained
master63844|INFO: Completed initialization
master63844|Oct 16, 2015 7:04:11 PM hudson.UDPBroadcastThread run
master63844|WARNING: UDP handling problem
master63844|java.net.SocketException: Can't assign requested address
master63844|	at java.net.PlainDatagramSocketImpl.join(Native Method)
master63844|	at java.net.AbstractPlainDatagramSocketImpl.join(AbstractPlainDatagramSocketImpl.java:179)
master63844|	at java.net.MulticastSocket.joinGroup(MulticastSocket.java:323)
master63844|	at hudson.UDPBroadcastThread.run(UDPBroadcastThread.java:77)
master63844|
master63844|Oct 16, 2015 7:04:11 PM hudson.WebAppMain$3 run
master63844|INFO: Jenkins is fully up and running
master63844|Oct 16, 2015 7:04:13 PM hudson.model.UpdateSite updateData
master63844|INFO: Obtained the latest update center data file for UpdateSource default
master63844|Oct 16, 2015 7:04:14 PM hudson.model.DownloadService$Downloadable load
master63844|INFO: Obtained the updated data file for hudson.tasks.Maven.MavenInstaller
master63844|Oct 16, 2015 7:04:14 PM hudson.model.DownloadService$Downloadable load
master63844|INFO: Obtained the updated data file for hudson.tasks.Ant.AntInstaller
]]></system-out>
    <system-err><![CDATA[Oct 16, 2015 7:03:55 PM org.jenkinsci.test.acceptance.controller.LocalController startNow
INFO: Waiting for Jenkins to become running in http://127.0.0.1:63844/
Oct 16, 2015 7:04:11 PM org.jenkinsci.test.acceptance.controller.LocalController startNow
INFO: Jenkins is running in http://127.0.0.1:63844/
Oct 16, 2015 7:04:11 PM org.openqa.selenium.phantomjs.PhantomJSDriverService <init>
INFO: executable: /usr/local/bin/phantomjs
Oct 16, 2015 7:04:11 PM org.openqa.selenium.phantomjs.PhantomJSDriverService <init>
INFO: port: 28442
Oct 16, 2015 7:04:11 PM org.openqa.selenium.phantomjs.PhantomJSDriverService <init>
INFO: arguments: [--webdriver=28442, --webdriver-logfile=/Users/abduljewel/Documents/c/spiderqa/sample-test-projects/acceptance-test-harness/phantomjsdriver.log]
Oct 16, 2015 7:04:11 PM org.openqa.selenium.phantomjs.PhantomJSDriverService <init>
INFO: environment: {}
[INFO  - 2015-10-16T23:04:12.007Z] GhostDriver - Main - running on port 28442
[INFO  - 2015-10-16T23:04:12.284Z] Session [36f87780-745a-11e5-9db2-6926401cb2af] - page.settings - {"XSSAuditingEnabled":false,"javascriptCanCloseWindows":true,"javascriptCanOpenWindows":true,"javascriptEnabled":true,"loadImages":true,"localToRemoteUrlAccessEnabled":false,"userAgent":"Mozilla/5.0 (Macintosh; Intel Mac OS X) AppleWebKit/538.1 (KHTML, like Gecko) PhantomJS/2.0.0 Safari/538.1","webSecurityEnabled":true}
[INFO  - 2015-10-16T23:04:12.284Z] Session [36f87780-745a-11e5-9db2-6926401cb2af] - page.customHeaders:  - {"Accept-Language":"en"}
[INFO  - 2015-10-16T23:04:12.284Z] Session [36f87780-745a-11e5-9db2-6926401cb2af] - Session.negotiatedCapabilities - {"browserName":"phantomjs","version":"2.0.0","driverName":"ghostdriver","driverVersion":"1.2.0","platform":"mac-10.9 (Mavericks)-64bit","javascriptEnabled":true,"takesScreenshot":true,"handlesAlerts":false,"databaseEnabled":false,"locationContextEnabled":false,"applicationCacheEnabled":false,"browserConnectionEnabled":false,"cssSelectorsEnabled":true,"webStorageEnabled":false,"rotatable":false,"acceptSslCerts":false,"nativeEvents":true,"proxy":{"proxyType":"direct"},"phantomjs.page.customHeaders.Accept-Language":"en"}
[INFO  - 2015-10-16T23:04:12.284Z] SessionManagerReqHand - _postNewSessionCommand - New Session Created: 36f87780-745a-11e5-9db2-6926401cb2af
]]></system-err>
  </testcase>
  <testcase name="Test mechanism" classname="Test mechanism" time="0.001">
    <error type="java.lang.NullPointerException:">java.lang.NullPointerException: null
	at org.junit.runner.Description.createSuiteDescription(Description.java:123)
	at ru.yandex.qatools.allure.junit.AllureRunListener.getSuiteUid(AllureRunListener.java:110)
	at ru.yandex.qatools.allure.junit.AllureRunListener.testStarted(AllureRunListener.java:50)
	at org.junit.runner.notification.RunNotifier$3.notifyListener(RunNotifier.java:115)
	at org.junit.runner.notification.RunNotifier$SafeNotifier.run(RunNotifier.java:61)
	at org.junit.runner.notification.RunNotifier.fireTestStarted(RunNotifier.java:112)
	at org.junit.internal.runners.model.EachTestNotifier.fireTestStarted(EachTestNotifier.java:43)
	at cucumber.runtime.junit.JUnitReporter.result(JUnitReporter.java:83)
	at cucumber.runtime.Runtime.runStep(Runtime.java:299)
	at cucumber.runtime.model.StepContainer.runStep(StepContainer.java:44)
	at cucumber.runtime.model.StepContainer.runSteps(StepContainer.java:39)
	at cucumber.runtime.model.CucumberScenario.run(CucumberScenario.java:40)
	at cucumber.runtime.junit.ExecutionUnitRunner.run(ExecutionUnitRunner.java:83)
	at cucumber.runtime.junit.FeatureRunner.runChild(FeatureRunner.java:63)
	at cucumber.runtime.junit.FeatureRunner.runChild(FeatureRunner.java:18)
	at org.junit.runners.ParentRunner$3.run(ParentRunner.java:238)
	at org.junit.runners.ParentRunner$1.schedule(ParentRunner.java:63)
	at org.junit.runners.ParentRunner.runChildren(ParentRunner.java:236)
	at org.junit.runners.ParentRunner.access$000(ParentRunner.java:53)
	at org.junit.runners.ParentRunner$2.evaluate(ParentRunner.java:229)
	at org.junit.runners.ParentRunner.run(ParentRunner.java:309)
	at cucumber.runtime.junit.FeatureRunner.run(FeatureRunner.java:70)
	at cucumber.api.junit.Cucumber.runChild(Cucumber.java:82)
	at cucumber.api.junit.Cucumber.runChild(Cucumber.java:41)
	at org.junit.runners.ParentRunner$3.run(ParentRunner.java:238)
	at org.junit.runners.ParentRunner$1.schedule(ParentRunner.java:63)
	at org.junit.runners.ParentRunner.runChildren(ParentRunner.java:236)
	at org.junit.runners.ParentRunner.access$000(ParentRunner.java:53)
	at org.junit.runners.ParentRunner$2.evaluate(ParentRunner.java:229)
	at org.junit.runners.ParentRunner.run(ParentRunner.java:309)
	at cucumber.api.junit.Cucumber.run(Cucumber.java:87)
	at org.apache.maven.surefire.junit4.JUnit4Provider.execute(JUnit4Provider.java:264)
	at org.apache.maven.surefire.junit4.JUnit4Provider.executeTestSet(JUnit4Provider.java:153)
	at org.apache.maven.surefire.junit4.JUnit4Provider.invoke(JUnit4Provider.java:124)
	at org.apache.maven.surefire.booter.ForkedBooter.invokeProviderInSameClassLoader(ForkedBooter.java:200)
	at org.apache.maven.surefire.booter.ForkedBooter.runSuitesInProcess(ForkedBooter.java:153)
	at org.apache.maven.surefire.booter.ForkedBooter.main(ForkedBooter.java:103)
</error>
    <system-out><![CDATA[testCaseResult=ru.yandex.qatools.allure.model.TestCaseResult@5b3b13fb[
  name=findJobThroughRegexp
  title=<null>
  description=<null>
  failure=<null>
  start=1445036595579
  stop=1445036616110
  status=PASSED
  severity=<null>
  steps=[]
  attachments=[]
  labels=[ru.yandex.qatools.allure.model.Label@42360a1c, ru.yandex.qatools.allure.model.Label@43e865ba]
  parameters=<null>
]
testCaseResult={
   "start" : 1445036595579,
   "stop" : 1445036616110,
   "status" : "passed",
   "name" : "findJobThroughRegexp",
   "steps" : {
      "step" : [ ]
   },
   "attachments" : {
      "attachment" : [ ]
   },
   "labels" : {
      "label" : [ {
         "name" : "host",
         "value" : "MacBook-Pro-2.home"
      }, {
         "name" : "thread",
         "value" : "1771@MacBook-Pro-2.home.main(1)"
      } ]
   }
}
testCase=ru.yandex.qatools.allure.model.TestCase@59f980c7[
  _id=88d33590-8818-4d0f-b1a2-eeded0291342
  executionId=7a8626ac-7b8d-4761-8bff-776519219d78
  threadName=thread_15005794375463
  name=findJobThroughRegexp
  title=<null>
  description=<null>
  failure=<null>
  start=1445036595579
  stop=1445036616110
  status=PASSED
  severity=<null>
  steps=[]
  attachments=[]
  labels=[ru.yandex.qatools.allure.model.Label@42360a1c, ru.yandex.qatools.allure.model.Label@43e865ba]
  parameters=<null>
]
testCase={
   "start" : 1445036595579,
   "stop" : 1445036616110,
   "status" : "passed",
   "_id" : "88d33590-8818-4d0f-b1a2-eeded0291342",
   "executionId" : "7a8626ac-7b8d-4761-8bff-776519219d78",
   "threadName" : "thread_15005794375463",
   "name" : "findJobThroughRegexp",
   "steps" : {
      "step" : [ ]
   },
   "attachments" : {
      "attachment" : [ ]
   },
   "labels" : {
      "label" : [ {
         "name" : "host",
         "value" : "MacBook-Pro-2.home"
      }, {
         "name" : "thread",
         "value" : "1771@MacBook-Pro-2.home.main(1)"
      } ]
   }
}
>>>REQUEST: /testaspect/TestCase/88d33590-8818-4d0f-b1a2-eeded0291342
<<<RESPONSE (201 Created): /testaspect/TestCase/88d33590-8818-4d0f-b1a2-eeded0291342
]]></system-out>
  </testcase>
  <testcase name="Test mechanism" classname="Test mechanism" time="0.003">
    <error type="java.lang.NullPointerException:">java.lang.NullPointerException: null
	at org.junit.runner.Description.createSuiteDescription(Description.java:123)
	at ru.yandex.qatools.allure.junit.AllureRunListener.getSuiteUid(AllureRunListener.java:110)
	at ru.yandex.qatools.allure.junit.AllureRunListener.testStarted(AllureRunListener.java:50)
	at org.junit.runner.notification.RunNotifier$3.notifyListener(RunNotifier.java:115)
	at org.junit.runner.notification.RunNotifier$SafeNotifier.run(RunNotifier.java:61)
	at org.junit.runner.notification.RunNotifier.fireTestStarted(RunNotifier.java:112)
	at org.junit.internal.runners.model.EachTestNotifier.fireTestStarted(EachTestNotifier.java:43)
	at cucumber.runtime.junit.JUnitReporter.result(JUnitReporter.java:83)
	at cucumber.runtime.Runtime.runStep(Runtime.java:299)
	at cucumber.runtime.model.StepContainer.runStep(StepContainer.java:44)
	at cucumber.runtime.model.StepContainer.runSteps(StepContainer.java:39)
	at cucumber.runtime.model.CucumberScenario.run(CucumberScenario.java:40)
	at cucumber.runtime.junit.ExecutionUnitRunner.run(ExecutionUnitRunner.java:83)
	at cucumber.runtime.junit.FeatureRunner.runChild(FeatureRunner.java:63)
	at cucumber.runtime.junit.FeatureRunner.runChild(FeatureRunner.java:18)
	at org.junit.runners.ParentRunner$3.run(ParentRunner.java:238)
	at org.junit.runners.ParentRunner$1.schedule(ParentRunner.java:63)
	at org.junit.runners.ParentRunner.runChildren(ParentRunner.java:236)
	at org.junit.runners.ParentRunner.access$000(ParentRunner.java:53)
	at org.junit.runners.ParentRunner$2.evaluate(ParentRunner.java:229)
	at org.junit.runners.ParentRunner.run(ParentRunner.java:309)
	at cucumber.runtime.junit.FeatureRunner.run(FeatureRunner.java:70)
	at cucumber.api.junit.Cucumber.runChild(Cucumber.java:82)
	at cucumber.api.junit.Cucumber.runChild(Cucumber.java:41)
	at org.junit.runners.ParentRunner$3.run(ParentRunner.java:238)
	at org.junit.runners.ParentRunner$1.schedule(ParentRunner.java:63)
	at org.junit.runners.ParentRunner.runChildren(ParentRunner.java:236)
	at org.junit.runners.ParentRunner.access$000(ParentRunner.java:53)
	at org.junit.runners.ParentRunner$2.evaluate(ParentRunner.java:229)
	at org.junit.runners.ParentRunner.run(ParentRunner.java:309)
	at cucumber.api.junit.Cucumber.run(Cucumber.java:87)
	at org.apache.maven.surefire.junit4.JUnit4Provider.execute(JUnit4Provider.java:264)
	at org.apache.maven.surefire.junit4.JUnit4Provider.executeTestSet(JUnit4Provider.java:153)
	at org.apache.maven.surefire.junit4.JUnit4Provider.invoke(JUnit4Provider.java:124)
	at org.apache.maven.surefire.booter.ForkedBooter.invokeProviderInSameClassLoader(ForkedBooter.java:200)
	at org.apache.maven.surefire.booter.ForkedBooter.runSuitesInProcess(ForkedBooter.java:153)
	at org.apache.maven.surefire.booter.ForkedBooter.main(ForkedBooter.java:103)
</error>
    <system-out><![CDATA[testCaseResult=ru.yandex.qatools.allure.model.TestCaseResult@5b3b13fb[
  name=findJobThroughRegexp
  title=<null>
  description=<null>
  failure=<null>
  start=1445036595579
  stop=1445036616110
  status=PASSED
  severity=<null>
  steps=[]
  attachments=[]
  labels=[ru.yandex.qatools.allure.model.Label@42360a1c, ru.yandex.qatools.allure.model.Label@43e865ba]
  parameters=<null>
]
testCaseResult={
   "start" : 1445036595579,
   "stop" : 1445036616110,
   "status" : "passed",
   "name" : "findJobThroughRegexp",
   "steps" : {
      "step" : [ ]
   },
   "attachments" : {
      "attachment" : [ ]
   },
   "labels" : {
      "label" : [ {
         "name" : "host",
         "value" : "MacBook-Pro-2.home"
      }, {
         "name" : "thread",
         "value" : "1771@MacBook-Pro-2.home.main(1)"
      } ]
   }
}
testCase=ru.yandex.qatools.allure.model.TestCase@26e515f3[
  _id=cd0b4e89-93a5-4f34-a89b-f543edf2d5c4
  executionId=7a8626ac-7b8d-4761-8bff-776519219d78
  threadName=thread_15005794375463
  name=findJobThroughRegexp
  title=<null>
  description=<null>
  failure=<null>
  start=1445036595579
  stop=1445036616110
  status=PASSED
  severity=<null>
  steps=[]
  attachments=[]
  labels=[ru.yandex.qatools.allure.model.Label@42360a1c, ru.yandex.qatools.allure.model.Label@43e865ba]
  parameters=<null>
]
testCase={
   "start" : 1445036595579,
   "stop" : 1445036616110,
   "status" : "passed",
   "_id" : "cd0b4e89-93a5-4f34-a89b-f543edf2d5c4",
   "executionId" : "7a8626ac-7b8d-4761-8bff-776519219d78",
   "threadName" : "thread_15005794375463",
   "name" : "findJobThroughRegexp",
   "steps" : {
      "step" : [ ]
   },
   "attachments" : {
      "attachment" : [ ]
   },
   "labels" : {
      "label" : [ {
         "name" : "host",
         "value" : "MacBook-Pro-2.home"
      }, {
         "name" : "thread",
         "value" : "1771@MacBook-Pro-2.home.main(1)"
      } ]
   }
}
>>>REQUEST: /testaspect/TestCase/cd0b4e89-93a5-4f34-a89b-f543edf2d5c4
<<<RESPONSE (201 Created): /testaspect/TestCase/cd0b4e89-93a5-4f34-a89b-f543edf2d5c4
master63844|Oct 16, 2015 7:04:15 PM hudson.model.DownloadService$Downloadable load
master63844|INFO: Obtained the updated data file for hudson.tools.JDKInstaller
master63844|Oct 16, 2015 7:04:15 PM hudson.model.AsyncPeriodicWork$1 run
master63844|INFO: Finished Download metadata. 3,780 ms
]]></system-out>
  </testcase>
  <testcase name="Test mechanism" classname="Test mechanism" time="0.003">
    <error type="java.lang.NullPointerException:">java.lang.NullPointerException: null
	at org.junit.runner.Description.createSuiteDescription(Description.java:123)
	at ru.yandex.qatools.allure.junit.AllureRunListener.getSuiteUid(AllureRunListener.java:110)
	at ru.yandex.qatools.allure.junit.AllureRunListener.testStarted(AllureRunListener.java:50)
	at org.junit.runner.notification.RunNotifier$3.notifyListener(RunNotifier.java:115)
	at org.junit.runner.notification.RunNotifier$SafeNotifier.run(RunNotifier.java:61)
	at org.junit.runner.notification.RunNotifier.fireTestStarted(RunNotifier.java:112)
	at org.junit.internal.runners.model.EachTestNotifier.fireTestStarted(EachTestNotifier.java:43)
	at cucumber.runtime.junit.JUnitReporter.result(JUnitReporter.java:83)
	at cucumber.runtime.Runtime.runStep(Runtime.java:299)
	at cucumber.runtime.model.StepContainer.runStep(StepContainer.java:44)
	at cucumber.runtime.model.StepContainer.runSteps(StepContainer.java:39)
	at cucumber.runtime.model.CucumberScenario.run(CucumberScenario.java:40)
	at cucumber.runtime.junit.ExecutionUnitRunner.run(ExecutionUnitRunner.java:83)
	at cucumber.runtime.junit.FeatureRunner.runChild(FeatureRunner.java:63)
	at cucumber.runtime.junit.FeatureRunner.runChild(FeatureRunner.java:18)
	at org.junit.runners.ParentRunner$3.run(ParentRunner.java:238)
	at org.junit.runners.ParentRunner$1.schedule(ParentRunner.java:63)
	at org.junit.runners.ParentRunner.runChildren(ParentRunner.java:236)
	at org.junit.runners.ParentRunner.access$000(ParentRunner.java:53)
	at org.junit.runners.ParentRunner$2.evaluate(ParentRunner.java:229)
	at org.junit.runners.ParentRunner.run(ParentRunner.java:309)
	at cucumber.runtime.junit.FeatureRunner.run(FeatureRunner.java:70)
	at cucumber.api.junit.Cucumber.runChild(Cucumber.java:82)
	at cucumber.api.junit.Cucumber.runChild(Cucumber.java:41)
	at org.junit.runners.ParentRunner$3.run(ParentRunner.java:238)
	at org.junit.runners.ParentRunner$1.schedule(ParentRunner.java:63)
	at org.junit.runners.ParentRunner.runChildren(ParentRunner.java:236)
	at org.junit.runners.ParentRunner.access$000(ParentRunner.java:53)
	at org.junit.runners.ParentRunner$2.evaluate(ParentRunner.java:229)
	at org.junit.runners.ParentRunner.run(ParentRunner.java:309)
	at cucumber.api.junit.Cucumber.run(Cucumber.java:87)
	at org.apache.maven.surefire.junit4.JUnit4Provider.execute(JUnit4Provider.java:264)
	at org.apache.maven.surefire.junit4.JUnit4Provider.executeTestSet(JUnit4Provider.java:153)
	at org.apache.maven.surefire.junit4.JUnit4Provider.invoke(JUnit4Provider.java:124)
	at org.apache.maven.surefire.booter.ForkedBooter.invokeProviderInSameClassLoader(ForkedBooter.java:200)
	at org.apache.maven.surefire.booter.ForkedBooter.runSuitesInProcess(ForkedBooter.java:153)
	at org.apache.maven.surefire.booter.ForkedBooter.main(ForkedBooter.java:103)
</error>
    <system-out><![CDATA[testCaseResult=ru.yandex.qatools.allure.model.TestCaseResult@5b3b13fb[
  name=findJobThroughRegexp
  title=<null>
  description=<null>
  failure=<null>
  start=1445036595579
  stop=1445036616110
  status=PASSED
  severity=<null>
  steps=[]
  attachments=[]
  labels=[ru.yandex.qatools.allure.model.Label@42360a1c, ru.yandex.qatools.allure.model.Label@43e865ba]
  parameters=<null>
]
testCaseResult={
   "start" : 1445036595579,
   "stop" : 1445036616110,
   "status" : "passed",
   "name" : "findJobThroughRegexp",
   "steps" : {
      "step" : [ ]
   },
   "attachments" : {
      "attachment" : [ ]
   },
   "labels" : {
      "label" : [ {
         "name" : "host",
         "value" : "MacBook-Pro-2.home"
      }, {
         "name" : "thread",
         "value" : "1771@MacBook-Pro-2.home.main(1)"
      } ]
   }
}
testCase=ru.yandex.qatools.allure.model.TestCase@2dcbae58[
  _id=82c86b4a-147d-48c3-b0a2-4c6fcc1fdea1
  executionId=7a8626ac-7b8d-4761-8bff-776519219d78
  threadName=thread_15005794375463
  name=findJobThroughRegexp
  title=<null>
  description=<null>
  failure=<null>
  start=1445036595579
  stop=1445036616110
  status=PASSED
  severity=<null>
  steps=[]
  attachments=[]
  labels=[ru.yandex.qatools.allure.model.Label@42360a1c, ru.yandex.qatools.allure.model.Label@43e865ba]
  parameters=<null>
]
testCase={
   "start" : 1445036595579,
   "stop" : 1445036616110,
   "status" : "passed",
   "_id" : "82c86b4a-147d-48c3-b0a2-4c6fcc1fdea1",
   "executionId" : "7a8626ac-7b8d-4761-8bff-776519219d78",
   "threadName" : "thread_15005794375463",
   "name" : "findJobThroughRegexp",
   "steps" : {
      "step" : [ ]
   },
   "attachments" : {
      "attachment" : [ ]
   },
   "labels" : {
      "label" : [ {
         "name" : "host",
         "value" : "MacBook-Pro-2.home"
      }, {
         "name" : "thread",
         "value" : "1771@MacBook-Pro-2.home.main(1)"
      } ]
   }
}
>>>REQUEST: /testaspect/TestCase/82c86b4a-147d-48c3-b0a2-4c6fcc1fdea1
<<<RESPONSE (201 Created): /testaspect/TestCase/82c86b4a-147d-48c3-b0a2-4c6fcc1fdea1
]]></system-out>
  </testcase>
  <testcase name="Test mechanism" classname="Test mechanism" time="0.003">
    <error type="java.lang.NullPointerException:">java.lang.NullPointerException: null
	at org.junit.runner.Description.createSuiteDescription(Description.java:123)
	at ru.yandex.qatools.allure.junit.AllureRunListener.getSuiteUid(AllureRunListener.java:110)
	at ru.yandex.qatools.allure.junit.AllureRunListener.testStarted(AllureRunListener.java:50)
	at org.junit.runner.notification.RunNotifier$3.notifyListener(RunNotifier.java:115)
	at org.junit.runner.notification.RunNotifier$SafeNotifier.run(RunNotifier.java:61)
	at org.junit.runner.notification.RunNotifier.fireTestStarted(RunNotifier.java:112)
	at org.junit.internal.runners.model.EachTestNotifier.fireTestStarted(EachTestNotifier.java:43)
	at cucumber.runtime.junit.JUnitReporter.result(JUnitReporter.java:83)
	at cucumber.runtime.Runtime.runStep(Runtime.java:299)
	at cucumber.runtime.model.StepContainer.runStep(StepContainer.java:44)
	at cucumber.runtime.model.StepContainer.runSteps(StepContainer.java:39)
	at cucumber.runtime.model.CucumberScenario.run(CucumberScenario.java:40)
	at cucumber.runtime.junit.ExecutionUnitRunner.run(ExecutionUnitRunner.java:83)
	at cucumber.runtime.junit.FeatureRunner.runChild(FeatureRunner.java:63)
	at cucumber.runtime.junit.FeatureRunner.runChild(FeatureRunner.java:18)
	at org.junit.runners.ParentRunner$3.run(ParentRunner.java:238)
	at org.junit.runners.ParentRunner$1.schedule(ParentRunner.java:63)
	at org.junit.runners.ParentRunner.runChildren(ParentRunner.java:236)
	at org.junit.runners.ParentRunner.access$000(ParentRunner.java:53)
	at org.junit.runners.ParentRunner$2.evaluate(ParentRunner.java:229)
	at org.junit.runners.ParentRunner.run(ParentRunner.java:309)
	at cucumber.runtime.junit.FeatureRunner.run(FeatureRunner.java:70)
	at cucumber.api.junit.Cucumber.runChild(Cucumber.java:82)
	at cucumber.api.junit.Cucumber.runChild(Cucumber.java:41)
	at org.junit.runners.ParentRunner$3.run(ParentRunner.java:238)
	at org.junit.runners.ParentRunner$1.schedule(ParentRunner.java:63)
	at org.junit.runners.ParentRunner.runChildren(ParentRunner.java:236)
	at org.junit.runners.ParentRunner.access$000(ParentRunner.java:53)
	at org.junit.runners.ParentRunner$2.evaluate(ParentRunner.java:229)
	at org.junit.runners.ParentRunner.run(ParentRunner.java:309)
	at cucumber.api.junit.Cucumber.run(Cucumber.java:87)
	at org.apache.maven.surefire.junit4.JUnit4Provider.execute(JUnit4Provider.java:264)
	at org.apache.maven.surefire.junit4.JUnit4Provider.executeTestSet(JUnit4Provider.java:153)
	at org.apache.maven.surefire.junit4.JUnit4Provider.invoke(JUnit4Provider.java:124)
	at org.apache.maven.surefire.booter.ForkedBooter.invokeProviderInSameClassLoader(ForkedBooter.java:200)
	at org.apache.maven.surefire.booter.ForkedBooter.runSuitesInProcess(ForkedBooter.java:153)
	at org.apache.maven.surefire.booter.ForkedBooter.main(ForkedBooter.java:103)
</error>
    <system-out><![CDATA[testCaseResult=ru.yandex.qatools.allure.model.TestCaseResult@5b3b13fb[
  name=findJobThroughRegexp
  title=<null>
  description=<null>
  failure=<null>
  start=1445036595579
  stop=1445036616110
  status=PASSED
  severity=<null>
  steps=[]
  attachments=[]
  labels=[ru.yandex.qatools.allure.model.Label@42360a1c, ru.yandex.qatools.allure.model.Label@43e865ba]
  parameters=<null>
]
testCaseResult={
   "start" : 1445036595579,
   "stop" : 1445036616110,
   "status" : "passed",
   "name" : "findJobThroughRegexp",
   "steps" : {
      "step" : [ ]
   },
   "attachments" : {
      "attachment" : [ ]
   },
   "labels" : {
      "label" : [ {
         "name" : "host",
         "value" : "MacBook-Pro-2.home"
      }, {
         "name" : "thread",
         "value" : "1771@MacBook-Pro-2.home.main(1)"
      } ]
   }
}
testCase=ru.yandex.qatools.allure.model.TestCase@51166478[
  _id=95d19b92-273c-4576-b628-13f00f39371a
  executionId=7a8626ac-7b8d-4761-8bff-776519219d78
  threadName=thread_15005794375463
  name=findJobThroughRegexp
  title=<null>
  description=<null>
  failure=<null>
  start=1445036595579
  stop=1445036616110
  status=PASSED
  severity=<null>
  steps=[]
  attachments=[]
  labels=[ru.yandex.qatools.allure.model.Label@42360a1c, ru.yandex.qatools.allure.model.Label@43e865ba]
  parameters=<null>
]
testCase={
   "start" : 1445036595579,
   "stop" : 1445036616110,
   "status" : "passed",
   "_id" : "95d19b92-273c-4576-b628-13f00f39371a",
   "executionId" : "7a8626ac-7b8d-4761-8bff-776519219d78",
   "threadName" : "thread_15005794375463",
   "name" : "findJobThroughRegexp",
   "steps" : {
      "step" : [ ]
   },
   "attachments" : {
      "attachment" : [ ]
   },
   "labels" : {
      "label" : [ {
         "name" : "host",
         "value" : "MacBook-Pro-2.home"
      }, {
         "name" : "thread",
         "value" : "1771@MacBook-Pro-2.home.main(1)"
      } ]
   }
}
>>>REQUEST: /testaspect/TestCase/95d19b92-273c-4576-b628-13f00f39371a
<<<RESPONSE (201 Created): /testaspect/TestCase/95d19b92-273c-4576-b628-13f00f39371a
master63844|Oct 16, 2015 7:04:19 PM hudson.model.Run execute
master63844|INFO: respectable_finance #1 main build action completed: SUCCESS
]]></system-out>
  </testcase>
  <testcase name="Test mechanism" classname="Test mechanism" time="0.002">
    <error type="java.lang.NullPointerException:">java.lang.NullPointerException: null
	at org.junit.runner.Description.createSuiteDescription(Description.java:123)
	at ru.yandex.qatools.allure.junit.AllureRunListener.getSuiteUid(AllureRunListener.java:110)
	at ru.yandex.qatools.allure.junit.AllureRunListener.testStarted(AllureRunListener.java:50)
	at org.junit.runner.notification.RunNotifier$3.notifyListener(RunNotifier.java:115)
	at org.junit.runner.notification.RunNotifier$SafeNotifier.run(RunNotifier.java:61)
	at org.junit.runner.notification.RunNotifier.fireTestStarted(RunNotifier.java:112)
	at org.junit.internal.runners.model.EachTestNotifier.fireTestStarted(EachTestNotifier.java:43)
	at cucumber.runtime.junit.JUnitReporter.result(JUnitReporter.java:83)
	at cucumber.runtime.Runtime.runStep(Runtime.java:299)
	at cucumber.runtime.model.StepContainer.runStep(StepContainer.java:44)
	at cucumber.runtime.model.StepContainer.runSteps(StepContainer.java:39)
	at cucumber.runtime.model.CucumberScenario.run(CucumberScenario.java:40)
	at cucumber.runtime.junit.ExecutionUnitRunner.run(ExecutionUnitRunner.java:83)
	at cucumber.runtime.junit.FeatureRunner.runChild(FeatureRunner.java:63)
	at cucumber.runtime.junit.FeatureRunner.runChild(FeatureRunner.java:18)
	at org.junit.runners.ParentRunner$3.run(ParentRunner.java:238)
	at org.junit.runners.ParentRunner$1.schedule(ParentRunner.java:63)
	at org.junit.runners.ParentRunner.runChildren(ParentRunner.java:236)
	at org.junit.runners.ParentRunner.access$000(ParentRunner.java:53)
	at org.junit.runners.ParentRunner$2.evaluate(ParentRunner.java:229)
	at org.junit.runners.ParentRunner.run(ParentRunner.java:309)
	at cucumber.runtime.junit.FeatureRunner.run(FeatureRunner.java:70)
	at cucumber.api.junit.Cucumber.runChild(Cucumber.java:82)
	at cucumber.api.junit.Cucumber.runChild(Cucumber.java:41)
	at org.junit.runners.ParentRunner$3.run(ParentRunner.java:238)
	at org.junit.runners.ParentRunner$1.schedule(ParentRunner.java:63)
	at org.junit.runners.ParentRunner.runChildren(ParentRunner.java:236)
	at org.junit.runners.ParentRunner.access$000(ParentRunner.java:53)
	at org.junit.runners.ParentRunner$2.evaluate(ParentRunner.java:229)
	at org.junit.runners.ParentRunner.run(ParentRunner.java:309)
	at cucumber.api.junit.Cucumber.run(Cucumber.java:87)
	at org.apache.maven.surefire.junit4.JUnit4Provider.execute(JUnit4Provider.java:264)
	at org.apache.maven.surefire.junit4.JUnit4Provider.executeTestSet(JUnit4Provider.java:153)
	at org.apache.maven.surefire.junit4.JUnit4Provider.invoke(JUnit4Provider.java:124)
	at org.apache.maven.surefire.booter.ForkedBooter.invokeProviderInSameClassLoader(ForkedBooter.java:200)
	at org.apache.maven.surefire.booter.ForkedBooter.runSuitesInProcess(ForkedBooter.java:153)
	at org.apache.maven.surefire.booter.ForkedBooter.main(ForkedBooter.java:103)
</error>
    <system-out><![CDATA[testCaseResult=ru.yandex.qatools.allure.model.TestCaseResult@5b3b13fb[
  name=findJobThroughRegexp
  title=<null>
  description=<null>
  failure=<null>
  start=1445036595579
  stop=1445036616110
  status=PASSED
  severity=<null>
  steps=[]
  attachments=[]
  labels=[ru.yandex.qatools.allure.model.Label@42360a1c, ru.yandex.qatools.allure.model.Label@43e865ba]
  parameters=<null>
]
testCaseResult={
   "start" : 1445036595579,
   "stop" : 1445036616110,
   "status" : "passed",
   "name" : "findJobThroughRegexp",
   "steps" : {
      "step" : [ ]
   },
   "attachments" : {
      "attachment" : [ ]
   },
   "labels" : {
      "label" : [ {
         "name" : "host",
         "value" : "MacBook-Pro-2.home"
      }, {
         "name" : "thread",
         "value" : "1771@MacBook-Pro-2.home.main(1)"
      } ]
   }
}
testCase=ru.yandex.qatools.allure.model.TestCase@6a2575af[
  _id=42b4aab1-786f-4be5-969f-cb9512c7c523
  executionId=7a8626ac-7b8d-4761-8bff-776519219d78
  threadName=thread_15005794375463
  name=findJobThroughRegexp
  title=<null>
  description=<null>
  failure=<null>
  start=1445036595579
  stop=1445036616110
  status=PASSED
  severity=<null>
  steps=[]
  attachments=[]
  labels=[ru.yandex.qatools.allure.model.Label@42360a1c, ru.yandex.qatools.allure.model.Label@43e865ba]
  parameters=<null>
]
testCase={
   "start" : 1445036595579,
   "stop" : 1445036616110,
   "status" : "passed",
   "_id" : "42b4aab1-786f-4be5-969f-cb9512c7c523",
   "executionId" : "7a8626ac-7b8d-4761-8bff-776519219d78",
   "threadName" : "thread_15005794375463",
   "name" : "findJobThroughRegexp",
   "steps" : {
      "step" : [ ]
   },
   "attachments" : {
      "attachment" : [ ]
   },
   "labels" : {
      "label" : [ {
         "name" : "host",
         "value" : "MacBook-Pro-2.home"
      }, {
         "name" : "thread",
         "value" : "1771@MacBook-Pro-2.home.main(1)"
      } ]
   }
}
>>>REQUEST: /testaspect/TestCase/42b4aab1-786f-4be5-969f-cb9512c7c523
<<<RESPONSE (201 Created): /testaspect/TestCase/42b4aab1-786f-4be5-969f-cb9512c7c523
]]></system-out>
  </testcase>
  <testcase name="Test mechanism" classname="Test mechanism" time="0.002">
    <error type="java.lang.NullPointerException:">java.lang.NullPointerException: null
	at org.junit.runner.Description.createSuiteDescription(Description.java:123)
	at ru.yandex.qatools.allure.junit.AllureRunListener.getSuiteUid(AllureRunListener.java:110)
	at ru.yandex.qatools.allure.junit.AllureRunListener.testStarted(AllureRunListener.java:50)
	at org.junit.runner.notification.RunNotifier$3.notifyListener(RunNotifier.java:115)
	at org.junit.runner.notification.RunNotifier$SafeNotifier.run(RunNotifier.java:61)
	at org.junit.runner.notification.RunNotifier.fireTestStarted(RunNotifier.java:112)
	at org.junit.internal.runners.model.EachTestNotifier.fireTestStarted(EachTestNotifier.java:43)
	at cucumber.runtime.junit.JUnitReporter.startExecutionUnit(JUnitReporter.java:48)
	at cucumber.runtime.junit.ExecutionUnitRunner.run(ExecutionUnitRunner.java:81)
	at cucumber.runtime.junit.FeatureRunner.runChild(FeatureRunner.java:63)
	at cucumber.runtime.junit.FeatureRunner.runChild(FeatureRunner.java:18)
	at org.junit.runners.ParentRunner$3.run(ParentRunner.java:238)
	at org.junit.runners.ParentRunner$1.schedule(ParentRunner.java:63)
	at org.junit.runners.ParentRunner.runChildren(ParentRunner.java:236)
	at org.junit.runners.ParentRunner.access$000(ParentRunner.java:53)
	at org.junit.runners.ParentRunner$2.evaluate(ParentRunner.java:229)
	at org.junit.runners.ParentRunner.run(ParentRunner.java:309)
	at cucumber.runtime.junit.FeatureRunner.run(FeatureRunner.java:70)
	at cucumber.api.junit.Cucumber.runChild(Cucumber.java:82)
	at cucumber.api.junit.Cucumber.runChild(Cucumber.java:41)
	at org.junit.runners.ParentRunner$3.run(ParentRunner.java:238)
	at org.junit.runners.ParentRunner$1.schedule(ParentRunner.java:63)
	at org.junit.runners.ParentRunner.runChildren(ParentRunner.java:236)
	at org.junit.runners.ParentRunner.access$000(ParentRunner.java:53)
	at org.junit.runners.ParentRunner$2.evaluate(ParentRunner.java:229)
	at org.junit.runners.ParentRunner.run(ParentRunner.java:309)
	at cucumber.api.junit.Cucumber.run(Cucumber.java:87)
	at org.apache.maven.surefire.junit4.JUnit4Provider.execute(JUnit4Provider.java:264)
	at org.apache.maven.surefire.junit4.JUnit4Provider.executeTestSet(JUnit4Provider.java:153)
	at org.apache.maven.surefire.junit4.JUnit4Provider.invoke(JUnit4Provider.java:124)
	at org.apache.maven.surefire.booter.ForkedBooter.invokeProviderInSameClassLoader(ForkedBooter.java:200)
	at org.apache.maven.surefire.booter.ForkedBooter.runSuitesInProcess(ForkedBooter.java:153)
	at org.apache.maven.surefire.booter.ForkedBooter.main(ForkedBooter.java:103)
</error>
    <system-out><![CDATA[testCaseResult=ru.yandex.qatools.allure.model.TestCaseResult@5b3b13fb[
  name=findJobThroughRegexp
  title=<null>
  description=<null>
  failure=<null>
  start=1445036595579
  stop=1445036616110
  status=PASSED
  severity=<null>
  steps=[]
  attachments=[]
  labels=[ru.yandex.qatools.allure.model.Label@42360a1c, ru.yandex.qatools.allure.model.Label@43e865ba]
  parameters=<null>
]
testCaseResult={
   "start" : 1445036595579,
   "stop" : 1445036616110,
   "status" : "passed",
   "name" : "findJobThroughRegexp",
   "steps" : {
      "step" : [ ]
   },
   "attachments" : {
      "attachment" : [ ]
   },
   "labels" : {
      "label" : [ {
         "name" : "host",
         "value" : "MacBook-Pro-2.home"
      }, {
         "name" : "thread",
         "value" : "1771@MacBook-Pro-2.home.main(1)"
      } ]
   }
}
testCase=ru.yandex.qatools.allure.model.TestCase@16fd899b[
  _id=b5fcc6d5-aff8-432d-b5bc-4baca559edeb
  executionId=7a8626ac-7b8d-4761-8bff-776519219d78
  threadName=thread_15005794375463
  name=findJobThroughRegexp
  title=<null>
  description=<null>
  failure=<null>
  start=1445036595579
  stop=1445036616110
  status=PASSED
  severity=<null>
  steps=[]
  attachments=[]
  labels=[ru.yandex.qatools.allure.model.Label@42360a1c, ru.yandex.qatools.allure.model.Label@43e865ba]
  parameters=<null>
]
testCase={
   "start" : 1445036595579,
   "stop" : 1445036616110,
   "status" : "passed",
   "_id" : "b5fcc6d5-aff8-432d-b5bc-4baca559edeb",
   "executionId" : "7a8626ac-7b8d-4761-8bff-776519219d78",
   "threadName" : "thread_15005794375463",
   "name" : "findJobThroughRegexp",
   "steps" : {
      "step" : [ ]
   },
   "attachments" : {
      "attachment" : [ ]
   },
   "labels" : {
      "label" : [ {
         "name" : "host",
         "value" : "MacBook-Pro-2.home"
      }, {
         "name" : "thread",
         "value" : "1771@MacBook-Pro-2.home.main(1)"
      } ]
   }
}
>>>REQUEST: /testaspect/TestCase/b5fcc6d5-aff8-432d-b5bc-4baca559edeb
Jenkins is stopped
<<<RESPONSE (201 Created): /testaspect/TestCase/b5fcc6d5-aff8-432d-b5bc-4baca559edeb
testCaseResult=ru.yandex.qatools.allure.model.TestCaseResult@5b3b13fb[
  name=findJobThroughRegexp
  title=<null>
  description=<null>
  failure=<null>
  start=1445036595579
  stop=1445036616110
  status=PASSED
  severity=<null>
  steps=[]
  attachments=[]
  labels=[ru.yandex.qatools.allure.model.Label@42360a1c, ru.yandex.qatools.allure.model.Label@43e865ba]
  parameters=<null>
]
testCaseResult={
   "start" : 1445036595579,
   "stop" : 1445036616110,
   "status" : "passed",
   "name" : "findJobThroughRegexp",
   "steps" : {
      "step" : [ ]
   },
   "attachments" : {
      "attachment" : [ ]
   },
   "labels" : {
      "label" : [ {
         "name" : "host",
         "value" : "MacBook-Pro-2.home"
      }, {
         "name" : "thread",
         "value" : "1771@MacBook-Pro-2.home.main(1)"
      } ]
   }
}
testCase=ru.yandex.qatools.allure.model.TestCase@3f9ecba9[
  _id=84222069-66b7-4f2d-87a4-78433ccff7b6
  executionId=7a8626ac-7b8d-4761-8bff-776519219d78
  threadName=thread_15005794375463
  name=findJobThroughRegexp
  title=<null>
  description=<null>
  failure=<null>
  start=1445036595579
  stop=1445036616110
  status=PASSED
  severity=<null>
  steps=[]
  attachments=[]
  labels=[ru.yandex.qatools.allure.model.Label@42360a1c, ru.yandex.qatools.allure.model.Label@43e865ba]
  parameters=<null>
]
testCase={
   "start" : 1445036595579,
   "stop" : 1445036616110,
   "status" : "passed",
   "_id" : "84222069-66b7-4f2d-87a4-78433ccff7b6",
   "executionId" : "7a8626ac-7b8d-4761-8bff-776519219d78",
   "threadName" : "thread_15005794375463",
   "name" : "findJobThroughRegexp",
   "steps" : {
      "step" : [ ]
   },
   "attachments" : {
      "attachment" : [ ]
   },
   "labels" : {
      "label" : [ {
         "name" : "host",
         "value" : "MacBook-Pro-2.home"
      }, {
         "name" : "thread",
         "value" : "1771@MacBook-Pro-2.home.main(1)"
      } ]
   }
}
>>>REQUEST: /testaspect/TestCase/84222069-66b7-4f2d-87a4-78433ccff7b6
]]></system-out>
    <system-err><![CDATA[[INFO  - 2015-10-16T23:04:20.460Z] ShutdownReqHand - _handle - About to shutdown
]]></system-err>
  </testcase>
  <testcase name="Test mechanism" classname="Test mechanism" time="0.003">
    <error type="java.lang.NullPointerException:">java.lang.NullPointerException: null
	at org.junit.runner.Description.createSuiteDescription(Description.java:123)
	at ru.yandex.qatools.allure.junit.AllureRunListener.getSuiteUid(AllureRunListener.java:110)
	at ru.yandex.qatools.allure.junit.AllureRunListener.testStarted(AllureRunListener.java:50)
	at org.junit.runner.notification.RunNotifier$3.notifyListener(RunNotifier.java:115)
	at org.junit.runner.notification.RunNotifier$SafeNotifier.run(RunNotifier.java:61)
	at org.junit.runner.notification.RunNotifier.fireTestStarted(RunNotifier.java:112)
	at org.junit.internal.runners.model.EachTestNotifier.fireTestStarted(EachTestNotifier.java:43)
	at cucumber.runtime.junit.JUnitReporter.result(JUnitReporter.java:83)
	at cucumber.runtime.Runtime.runStep(Runtime.java:299)
	at cucumber.runtime.model.StepContainer.runStep(StepContainer.java:44)
	at cucumber.runtime.model.StepContainer.runSteps(StepContainer.java:39)
	at cucumber.runtime.model.CucumberScenario.run(CucumberScenario.java:40)
	at cucumber.runtime.junit.ExecutionUnitRunner.run(ExecutionUnitRunner.java:83)
	at cucumber.runtime.junit.FeatureRunner.runChild(FeatureRunner.java:63)
	at cucumber.runtime.junit.FeatureRunner.runChild(FeatureRunner.java:18)
	at org.junit.runners.ParentRunner$3.run(ParentRunner.java:238)
	at org.junit.runners.ParentRunner$1.schedule(ParentRunner.java:63)
	at org.junit.runners.ParentRunner.runChildren(ParentRunner.java:236)
	at org.junit.runners.ParentRunner.access$000(ParentRunner.java:53)
	at org.junit.runners.ParentRunner$2.evaluate(ParentRunner.java:229)
	at org.junit.runners.ParentRunner.run(ParentRunner.java:309)
	at cucumber.runtime.junit.FeatureRunner.run(FeatureRunner.java:70)
	at cucumber.api.junit.Cucumber.runChild(Cucumber.java:82)
	at cucumber.api.junit.Cucumber.runChild(Cucumber.java:41)
	at org.junit.runners.ParentRunner$3.run(ParentRunner.java:238)
	at org.junit.runners.ParentRunner$1.schedule(ParentRunner.java:63)
	at org.junit.runners.ParentRunner.runChildren(ParentRunner.java:236)
	at org.junit.runners.ParentRunner.access$000(ParentRunner.java:53)
	at org.junit.runners.ParentRunner$2.evaluate(ParentRunner.java:229)
	at org.junit.runners.ParentRunner.run(ParentRunner.java:309)
	at cucumber.api.junit.Cucumber.run(Cucumber.java:87)
	at org.apache.maven.surefire.junit4.JUnit4Provider.execute(JUnit4Provider.java:264)
	at org.apache.maven.surefire.junit4.JUnit4Provider.executeTestSet(JUnit4Provider.java:153)
	at org.apache.maven.surefire.junit4.JUnit4Provider.invoke(JUnit4Provider.java:124)
	at org.apache.maven.surefire.booter.ForkedBooter.invokeProviderInSameClassLoader(ForkedBooter.java:200)
	at org.apache.maven.surefire.booter.ForkedBooter.runSuitesInProcess(ForkedBooter.java:153)
	at org.apache.maven.surefire.booter.ForkedBooter.main(ForkedBooter.java:103)
</error>
    <system-out><![CDATA[<<<RESPONSE (201 Created): /testaspect/TestCase/84222069-66b7-4f2d-87a4-78433ccff7b6
running with given plugins: []
Starting Jenkins: JAVA_HOME=/Library/Java/JavaVirtualMachines/jdk1.8.0_60.jdk/Contents/Home JENKINS_HOME=/Users/abduljewel/Documents/c/spiderqa/sample-test-projects/acceptance-test-harness/target/jenkins5928134190095448817home /Library/Java/JavaVirtualMachines/jdk1.8.0_60.jdk/Contents/Home/bin/java -Duser.language=en -jar ./jenkins.war --ajp13Port=-1 --httpPort=57896
master57896|Running from: /Users/abduljewel/Documents/c/spiderqa/sample-test-projects/acceptance-test-harness/jenkins.war
master57896|webroot: EnvVars.masterEnvVars.get("JENKINS_HOME")
master57896|Oct 16, 2015 7:04:21 PM winstone.Logger logInternal
master57896|INFO: Beginning extraction from war file
master57896|Oct 16, 2015 7:04:23 PM org.eclipse.jetty.util.log.JavaUtilLog info
master57896|INFO: jetty-winstone-2.8
master57896|Oct 16, 2015 7:04:24 PM org.eclipse.jetty.util.log.JavaUtilLog info
master57896|INFO: NO JSP Support for , did not find org.apache.jasper.servlet.JspServlet
master57896|Jenkins home directory: /Users/abduljewel/Documents/c/spiderqa/sample-test-projects/acceptance-test-harness/target/jenkins5928134190095448817home found at: EnvVars.masterEnvVars.get("JENKINS_HOME")
master57896|Oct 16, 2015 7:04:25 PM org.eclipse.jetty.util.log.JavaUtilLog info
master57896|INFO: Started SelectChannelConnector@0.0.0.0:57896
master57896|Oct 16, 2015 7:04:25 PM winstone.Logger logInternal
master57896|INFO: Winstone Servlet Engine v2.0 running: controlPort=disabled
master57896|Oct 16, 2015 7:04:25 PM jenkins.InitReactorRunner$1 onAttained
master57896|INFO: Started initialization
master57896|Oct 16, 2015 7:04:36 PM jenkins.InitReactorRunner$1 onAttained
master57896|INFO: Listed all plugins
master57896|Oct 16, 2015 7:04:36 PM jenkins.InitReactorRunner$1 onAttained
master57896|INFO: Prepared all plugins
master57896|Oct 16, 2015 7:04:36 PM jenkins.InitReactorRunner$1 onAttained
master57896|INFO: Started all plugins
master57896|Oct 16, 2015 7:04:36 PM jenkins.InitReactorRunner$1 onAttained
master57896|INFO: Augmented all extensions
master57896|Oct 16, 2015 7:04:38 PM jenkins.InitReactorRunner$1 onAttained
master57896|INFO: Loaded all jobs
master57896|Oct 16, 2015 7:04:39 PM hudson.model.AsyncPeriodicWork$1 run
master57896|INFO: Started Download metadata
master57896|Oct 16, 2015 7:04:39 PM org.jenkinsci.main.modules.sshd.SSHD start
master57896|INFO: Started SSHD at port 54411
master57896|Oct 16, 2015 7:04:39 PM jenkins.InitReactorRunner$1 onAttained
master57896|INFO: Completed initialization
master57896|Oct 16, 2015 7:04:39 PM hudson.UDPBroadcastThread run
master57896|WARNING: UDP handling problem
master57896|java.net.SocketException: Can't assign requested address
master57896|	at java.net.PlainDatagramSocketImpl.join(Native Method)
master57896|	at java.net.AbstractPlainDatagramSocketImpl.join(AbstractPlainDatagramSocketImpl.java:179)
master57896|	at java.net.MulticastSocket.joinGroup(MulticastSocket.java:323)
master57896|	at hudson.UDPBroadcastThread.run(UDPBroadcastThread.java:77)
master57896|
master57896|Oct 16, 2015 7:04:39 PM hudson.WebAppMain$3 run
master57896|INFO: Jenkins is fully up and running
master57896|Oct 16, 2015 7:04:43 PM hudson.model.UpdateSite updateData
master57896|INFO: Obtained the latest update center data file for UpdateSource default
master57896|Oct 16, 2015 7:04:43 PM hudson.model.DownloadService$Downloadable load
master57896|INFO: Obtained the updated data file for hudson.tasks.Maven.MavenInstaller
master57896|Oct 16, 2015 7:04:43 PM hudson.model.DownloadService$Downloadable load
master57896|INFO: Obtained the updated data file for hudson.tasks.Ant.AntInstaller
master57896|Oct 16, 2015 7:04:44 PM hudson.model.DownloadService$Downloadable load
master57896|INFO: Obtained the updated data file for hudson.tools.JDKInstaller
master57896|Oct 16, 2015 7:04:44 PM hudson.model.AsyncPeriodicWork$1 run
master57896|INFO: Finished Download metadata. 4,919 ms
]]></system-out>
    <system-err><![CDATA[Oct 16, 2015 7:04:21 PM org.jenkinsci.test.acceptance.controller.LocalController startNow
INFO: Waiting for Jenkins to become running in http://127.0.0.1:57896/
Oct 16, 2015 7:04:39 PM org.jenkinsci.test.acceptance.controller.LocalController startNow
INFO: Jenkins is running in http://127.0.0.1:57896/
Oct 16, 2015 7:04:39 PM org.openqa.selenium.phantomjs.PhantomJSDriverService <init>
INFO: executable: /usr/local/bin/phantomjs
Oct 16, 2015 7:04:39 PM org.openqa.selenium.phantomjs.PhantomJSDriverService <init>
INFO: port: 44061
Oct 16, 2015 7:04:39 PM org.openqa.selenium.phantomjs.PhantomJSDriverService <init>
INFO: arguments: [--webdriver=44061, --webdriver-logfile=/Users/abduljewel/Documents/c/spiderqa/sample-test-projects/acceptance-test-harness/phantomjsdriver.log]
Oct 16, 2015 7:04:39 PM org.openqa.selenium.phantomjs.PhantomJSDriverService <init>
INFO: environment: {}
[INFO  - 2015-10-16T23:04:40.222Z] GhostDriver - Main - running on port 44061
[INFO  - 2015-10-16T23:04:40.487Z] Session [47c80e40-745a-11e5-a6b8-b532ee8497b6] - page.settings - {"XSSAuditingEnabled":false,"javascriptCanCloseWindows":true,"javascriptCanOpenWindows":true,"javascriptEnabled":true,"loadImages":true,"localToRemoteUrlAccessEnabled":false,"userAgent":"Mozilla/5.0 (Macintosh; Intel Mac OS X) AppleWebKit/538.1 (KHTML, like Gecko) PhantomJS/2.0.0 Safari/538.1","webSecurityEnabled":true}
[INFO  - 2015-10-16T23:04:40.487Z] Session [47c80e40-745a-11e5-a6b8-b532ee8497b6] - page.customHeaders:  - {"Accept-Language":"en"}
[INFO  - 2015-10-16T23:04:40.487Z] Session [47c80e40-745a-11e5-a6b8-b532ee8497b6] - Session.negotiatedCapabilities - {"browserName":"phantomjs","version":"2.0.0","driverName":"ghostdriver","driverVersion":"1.2.0","platform":"mac-10.9 (Mavericks)-64bit","javascriptEnabled":true,"takesScreenshot":true,"handlesAlerts":false,"databaseEnabled":false,"locationContextEnabled":false,"applicationCacheEnabled":false,"browserConnectionEnabled":false,"cssSelectorsEnabled":true,"webStorageEnabled":false,"rotatable":false,"acceptSslCerts":false,"nativeEvents":true,"proxy":{"proxyType":"direct"},"phantomjs.page.customHeaders.Accept-Language":"en"}
[INFO  - 2015-10-16T23:04:40.487Z] SessionManagerReqHand - _postNewSessionCommand - New Session Created: 47c80e40-745a-11e5-a6b8-b532ee8497b6
]]></system-err>
  </testcase>
  <testcase name="Test mechanism" classname="Test mechanism" time="0.002">
    <error type="java.lang.NullPointerException:">java.lang.NullPointerException: null
	at org.junit.runner.Description.createSuiteDescription(Description.java:123)
	at ru.yandex.qatools.allure.junit.AllureRunListener.getSuiteUid(AllureRunListener.java:110)
	at ru.yandex.qatools.allure.junit.AllureRunListener.testStarted(AllureRunListener.java:50)
	at org.junit.runner.notification.RunNotifier$3.notifyListener(RunNotifier.java:115)
	at org.junit.runner.notification.RunNotifier$SafeNotifier.run(RunNotifier.java:61)
	at org.junit.runner.notification.RunNotifier.fireTestStarted(RunNotifier.java:112)
	at org.junit.internal.runners.model.EachTestNotifier.fireTestStarted(EachTestNotifier.java:43)
	at cucumber.runtime.junit.JUnitReporter.result(JUnitReporter.java:83)
	at cucumber.runtime.Runtime.runStep(Runtime.java:299)
	at cucumber.runtime.model.StepContainer.runStep(StepContainer.java:44)
	at cucumber.runtime.model.StepContainer.runSteps(StepContainer.java:39)
	at cucumber.runtime.model.CucumberScenario.run(CucumberScenario.java:40)
	at cucumber.runtime.junit.ExecutionUnitRunner.run(ExecutionUnitRunner.java:83)
	at cucumber.runtime.junit.FeatureRunner.runChild(FeatureRunner.java:63)
	at cucumber.runtime.junit.FeatureRunner.runChild(FeatureRunner.java:18)
	at org.junit.runners.ParentRunner$3.run(ParentRunner.java:238)
	at org.junit.runners.ParentRunner$1.schedule(ParentRunner.java:63)
	at org.junit.runners.ParentRunner.runChildren(ParentRunner.java:236)
	at org.junit.runners.ParentRunner.access$000(ParentRunner.java:53)
	at org.junit.runners.ParentRunner$2.evaluate(ParentRunner.java:229)
	at org.junit.runners.ParentRunner.run(ParentRunner.java:309)
	at cucumber.runtime.junit.FeatureRunner.run(FeatureRunner.java:70)
	at cucumber.api.junit.Cucumber.runChild(Cucumber.java:82)
	at cucumber.api.junit.Cucumber.runChild(Cucumber.java:41)
	at org.junit.runners.ParentRunner$3.run(ParentRunner.java:238)
	at org.junit.runners.ParentRunner$1.schedule(ParentRunner.java:63)
	at org.junit.runners.ParentRunner.runChildren(ParentRunner.java:236)
	at org.junit.runners.ParentRunner.access$000(ParentRunner.java:53)
	at org.junit.runners.ParentRunner$2.evaluate(ParentRunner.java:229)
	at org.junit.runners.ParentRunner.run(ParentRunner.java:309)
	at cucumber.api.junit.Cucumber.run(Cucumber.java:87)
	at org.apache.maven.surefire.junit4.JUnit4Provider.execute(JUnit4Provider.java:264)
	at org.apache.maven.surefire.junit4.JUnit4Provider.executeTestSet(JUnit4Provider.java:153)
	at org.apache.maven.surefire.junit4.JUnit4Provider.invoke(JUnit4Provider.java:124)
	at org.apache.maven.surefire.booter.ForkedBooter.invokeProviderInSameClassLoader(ForkedBooter.java:200)
	at org.apache.maven.surefire.booter.ForkedBooter.runSuitesInProcess(ForkedBooter.java:153)
	at org.apache.maven.surefire.booter.ForkedBooter.main(ForkedBooter.java:103)
</error>
    <system-out><![CDATA[testCaseResult=ru.yandex.qatools.allure.model.TestCaseResult@5b3b13fb[
  name=findJobThroughRegexp
  title=<null>
  description=<null>
  failure=<null>
  start=1445036595579
  stop=1445036616110
  status=PASSED
  severity=<null>
  steps=[]
  attachments=[]
  labels=[ru.yandex.qatools.allure.model.Label@42360a1c, ru.yandex.qatools.allure.model.Label@43e865ba]
  parameters=<null>
]
testCaseResult={
   "start" : 1445036595579,
   "stop" : 1445036616110,
   "status" : "passed",
   "name" : "findJobThroughRegexp",
   "steps" : {
      "step" : [ ]
   },
   "attachments" : {
      "attachment" : [ ]
   },
   "labels" : {
      "label" : [ {
         "name" : "host",
         "value" : "MacBook-Pro-2.home"
      }, {
         "name" : "thread",
         "value" : "1771@MacBook-Pro-2.home.main(1)"
      } ]
   }
}
testCase=ru.yandex.qatools.allure.model.TestCase@20328908[
  _id=375600aa-f22a-4765-84d1-3b1e9c72b642
  executionId=7a8626ac-7b8d-4761-8bff-776519219d78
  threadName=thread_15005794375463
  name=findJobThroughRegexp
  title=<null>
  description=<null>
  failure=<null>
  start=1445036595579
  stop=1445036616110
  status=PASSED
  severity=<null>
  steps=[]
  attachments=[]
  labels=[ru.yandex.qatools.allure.model.Label@42360a1c, ru.yandex.qatools.allure.model.Label@43e865ba]
  parameters=<null>
]
testCase={
   "start" : 1445036595579,
   "stop" : 1445036616110,
   "status" : "passed",
   "_id" : "375600aa-f22a-4765-84d1-3b1e9c72b642",
   "executionId" : "7a8626ac-7b8d-4761-8bff-776519219d78",
   "threadName" : "thread_15005794375463",
   "name" : "findJobThroughRegexp",
   "steps" : {
      "step" : [ ]
   },
   "attachments" : {
      "attachment" : [ ]
   },
   "labels" : {
      "label" : [ {
         "name" : "host",
         "value" : "MacBook-Pro-2.home"
      }, {
         "name" : "thread",
         "value" : "1771@MacBook-Pro-2.home.main(1)"
      } ]
   }
}
>>>REQUEST: /testaspect/TestCase/375600aa-f22a-4765-84d1-3b1e9c72b642
<<<RESPONSE (201 Created): /testaspect/TestCase/375600aa-f22a-4765-84d1-3b1e9c72b642
]]></system-out>
  </testcase>
  <testcase name="Test mechanism" classname="Test mechanism" time="0.002">
    <error type="java.lang.NullPointerException:">java.lang.NullPointerException: null
	at org.junit.runner.Description.createSuiteDescription(Description.java:123)
	at ru.yandex.qatools.allure.junit.AllureRunListener.getSuiteUid(AllureRunListener.java:110)
	at ru.yandex.qatools.allure.junit.AllureRunListener.testStarted(AllureRunListener.java:50)
	at org.junit.runner.notification.RunNotifier$3.notifyListener(RunNotifier.java:115)
	at org.junit.runner.notification.RunNotifier$SafeNotifier.run(RunNotifier.java:61)
	at org.junit.runner.notification.RunNotifier.fireTestStarted(RunNotifier.java:112)
	at org.junit.internal.runners.model.EachTestNotifier.fireTestStarted(EachTestNotifier.java:43)
	at cucumber.runtime.junit.JUnitReporter.result(JUnitReporter.java:83)
	at cucumber.runtime.Runtime.runStep(Runtime.java:299)
	at cucumber.runtime.model.StepContainer.runStep(StepContainer.java:44)
	at cucumber.runtime.model.StepContainer.runSteps(StepContainer.java:39)
	at cucumber.runtime.model.CucumberScenario.run(CucumberScenario.java:40)
	at cucumber.runtime.junit.ExecutionUnitRunner.run(ExecutionUnitRunner.java:83)
	at cucumber.runtime.junit.FeatureRunner.runChild(FeatureRunner.java:63)
	at cucumber.runtime.junit.FeatureRunner.runChild(FeatureRunner.java:18)
	at org.junit.runners.ParentRunner$3.run(ParentRunner.java:238)
	at org.junit.runners.ParentRunner$1.schedule(ParentRunner.java:63)
	at org.junit.runners.ParentRunner.runChildren(ParentRunner.java:236)
	at org.junit.runners.ParentRunner.access$000(ParentRunner.java:53)
	at org.junit.runners.ParentRunner$2.evaluate(ParentRunner.java:229)
	at org.junit.runners.ParentRunner.run(ParentRunner.java:309)
	at cucumber.runtime.junit.FeatureRunner.run(FeatureRunner.java:70)
	at cucumber.api.junit.Cucumber.runChild(Cucumber.java:82)
	at cucumber.api.junit.Cucumber.runChild(Cucumber.java:41)
	at org.junit.runners.ParentRunner$3.run(ParentRunner.java:238)
	at org.junit.runners.ParentRunner$1.schedule(ParentRunner.java:63)
	at org.junit.runners.ParentRunner.runChildren(ParentRunner.java:236)
	at org.junit.runners.ParentRunner.access$000(ParentRunner.java:53)
	at org.junit.runners.ParentRunner$2.evaluate(ParentRunner.java:229)
	at org.junit.runners.ParentRunner.run(ParentRunner.java:309)
	at cucumber.api.junit.Cucumber.run(Cucumber.java:87)
	at org.apache.maven.surefire.junit4.JUnit4Provider.execute(JUnit4Provider.java:264)
	at org.apache.maven.surefire.junit4.JUnit4Provider.executeTestSet(JUnit4Provider.java:153)
	at org.apache.maven.surefire.junit4.JUnit4Provider.invoke(JUnit4Provider.java:124)
	at org.apache.maven.surefire.booter.ForkedBooter.invokeProviderInSameClassLoader(ForkedBooter.java:200)
	at org.apache.maven.surefire.booter.ForkedBooter.runSuitesInProcess(ForkedBooter.java:153)
	at org.apache.maven.surefire.booter.ForkedBooter.main(ForkedBooter.java:103)
</error>
    <system-out><![CDATA[testCaseResult=ru.yandex.qatools.allure.model.TestCaseResult@5b3b13fb[
  name=findJobThroughRegexp
  title=<null>
  description=<null>
  failure=<null>
  start=1445036595579
  stop=1445036616110
  status=PASSED
  severity=<null>
  steps=[]
  attachments=[]
  labels=[ru.yandex.qatools.allure.model.Label@42360a1c, ru.yandex.qatools.allure.model.Label@43e865ba]
  parameters=<null>
]
testCaseResult={
   "start" : 1445036595579,
   "stop" : 1445036616110,
   "status" : "passed",
   "name" : "findJobThroughRegexp",
   "steps" : {
      "step" : [ ]
   },
   "attachments" : {
      "attachment" : [ ]
   },
   "labels" : {
      "label" : [ {
         "name" : "host",
         "value" : "MacBook-Pro-2.home"
      }, {
         "name" : "thread",
         "value" : "1771@MacBook-Pro-2.home.main(1)"
      } ]
   }
}
testCase=ru.yandex.qatools.allure.model.TestCase@57ee9f7b[
  _id=1f272afd-d525-48e9-9fed-6a83580c7218
  executionId=7a8626ac-7b8d-4761-8bff-776519219d78
  threadName=thread_15005794375463
  name=findJobThroughRegexp
  title=<null>
  description=<null>
  failure=<null>
  start=1445036595579
  stop=1445036616110
  status=PASSED
  severity=<null>
  steps=[]
  attachments=[]
  labels=[ru.yandex.qatools.allure.model.Label@42360a1c, ru.yandex.qatools.allure.model.Label@43e865ba]
  parameters=<null>
]
testCase={
   "start" : 1445036595579,
   "stop" : 1445036616110,
   "status" : "passed",
   "_id" : "1f272afd-d525-48e9-9fed-6a83580c7218",
   "executionId" : "7a8626ac-7b8d-4761-8bff-776519219d78",
   "threadName" : "thread_15005794375463",
   "name" : "findJobThroughRegexp",
   "steps" : {
      "step" : [ ]
   },
   "attachments" : {
      "attachment" : [ ]
   },
   "labels" : {
      "label" : [ {
         "name" : "host",
         "value" : "MacBook-Pro-2.home"
      }, {
         "name" : "thread",
         "value" : "1771@MacBook-Pro-2.home.main(1)"
      } ]
   }
}
>>>REQUEST: /testaspect/TestCase/1f272afd-d525-48e9-9fed-6a83580c7218
<<<RESPONSE (201 Created): /testaspect/TestCase/1f272afd-d525-48e9-9fed-6a83580c7218
]]></system-out>
  </testcase>
  <testcase name="Test mechanism" classname="Test mechanism" time="0.002">
    <error type="java.lang.NullPointerException:">java.lang.NullPointerException: null
	at org.junit.runner.Description.createSuiteDescription(Description.java:123)
	at ru.yandex.qatools.allure.junit.AllureRunListener.getSuiteUid(AllureRunListener.java:110)
	at ru.yandex.qatools.allure.junit.AllureRunListener.testStarted(AllureRunListener.java:50)
	at org.junit.runner.notification.RunNotifier$3.notifyListener(RunNotifier.java:115)
	at org.junit.runner.notification.RunNotifier$SafeNotifier.run(RunNotifier.java:61)
	at org.junit.runner.notification.RunNotifier.fireTestStarted(RunNotifier.java:112)
	at org.junit.internal.runners.model.EachTestNotifier.fireTestStarted(EachTestNotifier.java:43)
	at cucumber.runtime.junit.JUnitReporter.result(JUnitReporter.java:83)
	at cucumber.runtime.Runtime.runStep(Runtime.java:299)
	at cucumber.runtime.model.StepContainer.runStep(StepContainer.java:44)
	at cucumber.runtime.model.StepContainer.runSteps(StepContainer.java:39)
	at cucumber.runtime.model.CucumberScenario.run(CucumberScenario.java:40)
	at cucumber.runtime.junit.ExecutionUnitRunner.run(ExecutionUnitRunner.java:83)
	at cucumber.runtime.junit.FeatureRunner.runChild(FeatureRunner.java:63)
	at cucumber.runtime.junit.FeatureRunner.runChild(FeatureRunner.java:18)
	at org.junit.runners.ParentRunner$3.run(ParentRunner.java:238)
	at org.junit.runners.ParentRunner$1.schedule(ParentRunner.java:63)
	at org.junit.runners.ParentRunner.runChildren(ParentRunner.java:236)
	at org.junit.runners.ParentRunner.access$000(ParentRunner.java:53)
	at org.junit.runners.ParentRunner$2.evaluate(ParentRunner.java:229)
	at org.junit.runners.ParentRunner.run(ParentRunner.java:309)
	at cucumber.runtime.junit.FeatureRunner.run(FeatureRunner.java:70)
	at cucumber.api.junit.Cucumber.runChild(Cucumber.java:82)
	at cucumber.api.junit.Cucumber.runChild(Cucumber.java:41)
	at org.junit.runners.ParentRunner$3.run(ParentRunner.java:238)
	at org.junit.runners.ParentRunner$1.schedule(ParentRunner.java:63)
	at org.junit.runners.ParentRunner.runChildren(ParentRunner.java:236)
	at org.junit.runners.ParentRunner.access$000(ParentRunner.java:53)
	at org.junit.runners.ParentRunner$2.evaluate(ParentRunner.java:229)
	at org.junit.runners.ParentRunner.run(ParentRunner.java:309)
	at cucumber.api.junit.Cucumber.run(Cucumber.java:87)
	at org.apache.maven.surefire.junit4.JUnit4Provider.execute(JUnit4Provider.java:264)
	at org.apache.maven.surefire.junit4.JUnit4Provider.executeTestSet(JUnit4Provider.java:153)
	at org.apache.maven.surefire.junit4.JUnit4Provider.invoke(JUnit4Provider.java:124)
	at org.apache.maven.surefire.booter.ForkedBooter.invokeProviderInSameClassLoader(ForkedBooter.java:200)
	at org.apache.maven.surefire.booter.ForkedBooter.runSuitesInProcess(ForkedBooter.java:153)
	at org.apache.maven.surefire.booter.ForkedBooter.main(ForkedBooter.java:103)
</error>
    <system-out><![CDATA[testCaseResult=ru.yandex.qatools.allure.model.TestCaseResult@5b3b13fb[
  name=findJobThroughRegexp
  title=<null>
  description=<null>
  failure=<null>
  start=1445036595579
  stop=1445036616110
  status=PASSED
  severity=<null>
  steps=[]
  attachments=[]
  labels=[ru.yandex.qatools.allure.model.Label@42360a1c, ru.yandex.qatools.allure.model.Label@43e865ba]
  parameters=<null>
]
testCaseResult={
   "start" : 1445036595579,
   "stop" : 1445036616110,
   "status" : "passed",
   "name" : "findJobThroughRegexp",
   "steps" : {
      "step" : [ ]
   },
   "attachments" : {
      "attachment" : [ ]
   },
   "labels" : {
      "label" : [ {
         "name" : "host",
         "value" : "MacBook-Pro-2.home"
      }, {
         "name" : "thread",
         "value" : "1771@MacBook-Pro-2.home.main(1)"
      } ]
   }
}
testCase=ru.yandex.qatools.allure.model.TestCase@b3119f3[
  _id=492c66ab-862f-464e-8bb6-c8f164d10ea7
  executionId=7a8626ac-7b8d-4761-8bff-776519219d78
  threadName=thread_15005794375463
  name=findJobThroughRegexp
  title=<null>
  description=<null>
  failure=<null>
  start=1445036595579
  stop=1445036616110
  status=PASSED
  severity=<null>
  steps=[]
  attachments=[]
  labels=[ru.yandex.qatools.allure.model.Label@42360a1c, ru.yandex.qatools.allure.model.Label@43e865ba]
  parameters=<null>
]
testCase={
   "start" : 1445036595579,
   "stop" : 1445036616110,
   "status" : "passed",
   "_id" : "492c66ab-862f-464e-8bb6-c8f164d10ea7",
   "executionId" : "7a8626ac-7b8d-4761-8bff-776519219d78",
   "threadName" : "thread_15005794375463",
   "name" : "findJobThroughRegexp",
   "steps" : {
      "step" : [ ]
   },
   "attachments" : {
      "attachment" : [ ]
   },
   "labels" : {
      "label" : [ {
         "name" : "host",
         "value" : "MacBook-Pro-2.home"
      }, {
         "name" : "thread",
         "value" : "1771@MacBook-Pro-2.home.main(1)"
      } ]
   }
}
>>>REQUEST: /testaspect/TestCase/492c66ab-862f-464e-8bb6-c8f164d10ea7
<<<RESPONSE (201 Created): /testaspect/TestCase/492c66ab-862f-464e-8bb6-c8f164d10ea7
]]></system-out>
  </testcase>
  <testcase name="Test mechanism" classname="Test mechanism" time="0.002">
    <error type="java.lang.NullPointerException:">java.lang.NullPointerException: null
	at org.junit.runner.Description.createSuiteDescription(Description.java:123)
	at ru.yandex.qatools.allure.junit.AllureRunListener.getSuiteUid(AllureRunListener.java:110)
	at ru.yandex.qatools.allure.junit.AllureRunListener.testStarted(AllureRunListener.java:50)
	at org.junit.runner.notification.RunNotifier$3.notifyListener(RunNotifier.java:115)
	at org.junit.runner.notification.RunNotifier$SafeNotifier.run(RunNotifier.java:61)
	at org.junit.runner.notification.RunNotifier.fireTestStarted(RunNotifier.java:112)
	at org.junit.internal.runners.model.EachTestNotifier.fireTestStarted(EachTestNotifier.java:43)
	at cucumber.runtime.junit.JUnitReporter.result(JUnitReporter.java:83)
	at cucumber.runtime.Runtime.runStep(Runtime.java:299)
	at cucumber.runtime.model.StepContainer.runStep(StepContainer.java:44)
	at cucumber.runtime.model.StepContainer.runSteps(StepContainer.java:39)
	at cucumber.runtime.model.CucumberScenario.run(CucumberScenario.java:40)
	at cucumber.runtime.junit.ExecutionUnitRunner.run(ExecutionUnitRunner.java:83)
	at cucumber.runtime.junit.FeatureRunner.runChild(FeatureRunner.java:63)
	at cucumber.runtime.junit.FeatureRunner.runChild(FeatureRunner.java:18)
	at org.junit.runners.ParentRunner$3.run(ParentRunner.java:238)
	at org.junit.runners.ParentRunner$1.schedule(ParentRunner.java:63)
	at org.junit.runners.ParentRunner.runChildren(ParentRunner.java:236)
	at org.junit.runners.ParentRunner.access$000(ParentRunner.java:53)
	at org.junit.runners.ParentRunner$2.evaluate(ParentRunner.java:229)
	at org.junit.runners.ParentRunner.run(ParentRunner.java:309)
	at cucumber.runtime.junit.FeatureRunner.run(FeatureRunner.java:70)
	at cucumber.api.junit.Cucumber.runChild(Cucumber.java:82)
	at cucumber.api.junit.Cucumber.runChild(Cucumber.java:41)
	at org.junit.runners.ParentRunner$3.run(ParentRunner.java:238)
	at org.junit.runners.ParentRunner$1.schedule(ParentRunner.java:63)
	at org.junit.runners.ParentRunner.runChildren(ParentRunner.java:236)
	at org.junit.runners.ParentRunner.access$000(ParentRunner.java:53)
	at org.junit.runners.ParentRunner$2.evaluate(ParentRunner.java:229)
	at org.junit.runners.ParentRunner.run(ParentRunner.java:309)
	at cucumber.api.junit.Cucumber.run(Cucumber.java:87)
	at org.apache.maven.surefire.junit4.JUnit4Provider.execute(JUnit4Provider.java:264)
	at org.apache.maven.surefire.junit4.JUnit4Provider.executeTestSet(JUnit4Provider.java:153)
	at org.apache.maven.surefire.junit4.JUnit4Provider.invoke(JUnit4Provider.java:124)
	at org.apache.maven.surefire.booter.ForkedBooter.invokeProviderInSameClassLoader(ForkedBooter.java:200)
	at org.apache.maven.surefire.booter.ForkedBooter.runSuitesInProcess(ForkedBooter.java:153)
	at org.apache.maven.surefire.booter.ForkedBooter.main(ForkedBooter.java:103)
</error>
    <system-out><![CDATA[testCaseResult=ru.yandex.qatools.allure.model.TestCaseResult@5b3b13fb[
  name=findJobThroughRegexp
  title=<null>
  description=<null>
  failure=<null>
  start=1445036595579
  stop=1445036616110
  status=PASSED
  severity=<null>
  steps=[]
  attachments=[]
  labels=[ru.yandex.qatools.allure.model.Label@42360a1c, ru.yandex.qatools.allure.model.Label@43e865ba]
  parameters=<null>
]
testCaseResult={
   "start" : 1445036595579,
   "stop" : 1445036616110,
   "status" : "passed",
   "name" : "findJobThroughRegexp",
   "steps" : {
      "step" : [ ]
   },
   "attachments" : {
      "attachment" : [ ]
   },
   "labels" : {
      "label" : [ {
         "name" : "host",
         "value" : "MacBook-Pro-2.home"
      }, {
         "name" : "thread",
         "value" : "1771@MacBook-Pro-2.home.main(1)"
      } ]
   }
}
testCase=ru.yandex.qatools.allure.model.TestCase@2ccd93c[
  _id=73bd8694-e1a0-4b02-bbaf-839b053a2474
  executionId=7a8626ac-7b8d-4761-8bff-776519219d78
  threadName=thread_15005794375463
  name=findJobThroughRegexp
  title=<null>
  description=<null>
  failure=<null>
  start=1445036595579
  stop=1445036616110
  status=PASSED
  severity=<null>
  steps=[]
  attachments=[]
  labels=[ru.yandex.qatools.allure.model.Label@42360a1c, ru.yandex.qatools.allure.model.Label@43e865ba]
  parameters=<null>
]
testCase={
   "start" : 1445036595579,
   "stop" : 1445036616110,
   "status" : "passed",
   "_id" : "73bd8694-e1a0-4b02-bbaf-839b053a2474",
   "executionId" : "7a8626ac-7b8d-4761-8bff-776519219d78",
   "threadName" : "thread_15005794375463",
   "name" : "findJobThroughRegexp",
   "steps" : {
      "step" : [ ]
   },
   "attachments" : {
      "attachment" : [ ]
   },
   "labels" : {
      "label" : [ {
         "name" : "host",
         "value" : "MacBook-Pro-2.home"
      }, {
         "name" : "thread",
         "value" : "1771@MacBook-Pro-2.home.main(1)"
      } ]
   }
}
>>>REQUEST: /testaspect/TestCase/73bd8694-e1a0-4b02-bbaf-839b053a2474
<<<RESPONSE (201 Created): /testaspect/TestCase/73bd8694-e1a0-4b02-bbaf-839b053a2474
]]></system-out>
  </testcase>
  <testcase name="Test mechanism" classname="Test mechanism" time="0.002">
    <error type="java.lang.NullPointerException:">java.lang.NullPointerException: null
	at org.junit.runner.Description.createSuiteDescription(Description.java:123)
	at ru.yandex.qatools.allure.junit.AllureRunListener.getSuiteUid(AllureRunListener.java:110)
	at ru.yandex.qatools.allure.junit.AllureRunListener.testStarted(AllureRunListener.java:50)
	at org.junit.runner.notification.RunNotifier$3.notifyListener(RunNotifier.java:115)
	at org.junit.runner.notification.RunNotifier$SafeNotifier.run(RunNotifier.java:61)
	at org.junit.runner.notification.RunNotifier.fireTestStarted(RunNotifier.java:112)
	at org.junit.internal.runners.model.EachTestNotifier.fireTestStarted(EachTestNotifier.java:43)
	at cucumber.runtime.junit.JUnitReporter.result(JUnitReporter.java:83)
	at cucumber.runtime.Runtime.runStep(Runtime.java:299)
	at cucumber.runtime.model.StepContainer.runStep(StepContainer.java:44)
	at cucumber.runtime.model.StepContainer.runSteps(StepContainer.java:39)
	at cucumber.runtime.model.CucumberScenario.run(CucumberScenario.java:40)
	at cucumber.runtime.junit.ExecutionUnitRunner.run(ExecutionUnitRunner.java:83)
	at cucumber.runtime.junit.FeatureRunner.runChild(FeatureRunner.java:63)
	at cucumber.runtime.junit.FeatureRunner.runChild(FeatureRunner.java:18)
	at org.junit.runners.ParentRunner$3.run(ParentRunner.java:238)
	at org.junit.runners.ParentRunner$1.schedule(ParentRunner.java:63)
	at org.junit.runners.ParentRunner.runChildren(ParentRunner.java:236)
	at org.junit.runners.ParentRunner.access$000(ParentRunner.java:53)
	at org.junit.runners.ParentRunner$2.evaluate(ParentRunner.java:229)
	at org.junit.runners.ParentRunner.run(ParentRunner.java:309)
	at cucumber.runtime.junit.FeatureRunner.run(FeatureRunner.java:70)
	at cucumber.api.junit.Cucumber.runChild(Cucumber.java:82)
	at cucumber.api.junit.Cucumber.runChild(Cucumber.java:41)
	at org.junit.runners.ParentRunner$3.run(ParentRunner.java:238)
	at org.junit.runners.ParentRunner$1.schedule(ParentRunner.java:63)
	at org.junit.runners.ParentRunner.runChildren(ParentRunner.java:236)
	at org.junit.runners.ParentRunner.access$000(ParentRunner.java:53)
	at org.junit.runners.ParentRunner$2.evaluate(ParentRunner.java:229)
	at org.junit.runners.ParentRunner.run(ParentRunner.java:309)
	at cucumber.api.junit.Cucumber.run(Cucumber.java:87)
	at org.apache.maven.surefire.junit4.JUnit4Provider.execute(JUnit4Provider.java:264)
	at org.apache.maven.surefire.junit4.JUnit4Provider.executeTestSet(JUnit4Provider.java:153)
	at org.apache.maven.surefire.junit4.JUnit4Provider.invoke(JUnit4Provider.java:124)
	at org.apache.maven.surefire.booter.ForkedBooter.invokeProviderInSameClassLoader(ForkedBooter.java:200)
	at org.apache.maven.surefire.booter.ForkedBooter.runSuitesInProcess(ForkedBooter.java:153)
	at org.apache.maven.surefire.booter.ForkedBooter.main(ForkedBooter.java:103)
</error>
    <system-out><![CDATA[testCaseResult=ru.yandex.qatools.allure.model.TestCaseResult@5b3b13fb[
  name=findJobThroughRegexp
  title=<null>
  description=<null>
  failure=<null>
  start=1445036595579
  stop=1445036616110
  status=PASSED
  severity=<null>
  steps=[]
  attachments=[]
  labels=[ru.yandex.qatools.allure.model.Label@42360a1c, ru.yandex.qatools.allure.model.Label@43e865ba]
  parameters=<null>
]
testCaseResult={
   "start" : 1445036595579,
   "stop" : 1445036616110,
   "status" : "passed",
   "name" : "findJobThroughRegexp",
   "steps" : {
      "step" : [ ]
   },
   "attachments" : {
      "attachment" : [ ]
   },
   "labels" : {
      "label" : [ {
         "name" : "host",
         "value" : "MacBook-Pro-2.home"
      }, {
         "name" : "thread",
         "value" : "1771@MacBook-Pro-2.home.main(1)"
      } ]
   }
}
testCase=ru.yandex.qatools.allure.model.TestCase@5a6b99d[
  _id=beceebb0-45c8-4d40-9f14-de2401502e9c
  executionId=7a8626ac-7b8d-4761-8bff-776519219d78
  threadName=thread_15005794375463
  name=findJobThroughRegexp
  title=<null>
  description=<null>
  failure=<null>
  start=1445036595579
  stop=1445036616110
  status=PASSED
  severity=<null>
  steps=[]
  attachments=[]
  labels=[ru.yandex.qatools.allure.model.Label@42360a1c, ru.yandex.qatools.allure.model.Label@43e865ba]
  parameters=<null>
]
testCase={
   "start" : 1445036595579,
   "stop" : 1445036616110,
   "status" : "passed",
   "_id" : "beceebb0-45c8-4d40-9f14-de2401502e9c",
   "executionId" : "7a8626ac-7b8d-4761-8bff-776519219d78",
   "threadName" : "thread_15005794375463",
   "name" : "findJobThroughRegexp",
   "steps" : {
      "step" : [ ]
   },
   "attachments" : {
      "attachment" : [ ]
   },
   "labels" : {
      "label" : [ {
         "name" : "host",
         "value" : "MacBook-Pro-2.home"
      }, {
         "name" : "thread",
         "value" : "1771@MacBook-Pro-2.home.main(1)"
      } ]
   }
}
>>>REQUEST: /testaspect/TestCase/beceebb0-45c8-4d40-9f14-de2401502e9c
<<<RESPONSE (201 Created): /testaspect/TestCase/beceebb0-45c8-4d40-9f14-de2401502e9c
]]></system-out>
  </testcase>
  <testcase name="Test mechanism" classname="Test mechanism" time="0.003">
    <error type="java.lang.NullPointerException:">java.lang.NullPointerException: null
	at org.junit.runner.Description.createSuiteDescription(Description.java:123)
	at ru.yandex.qatools.allure.junit.AllureRunListener.getSuiteUid(AllureRunListener.java:110)
	at ru.yandex.qatools.allure.junit.AllureRunListener.testStarted(AllureRunListener.java:50)
	at org.junit.runner.notification.RunNotifier$3.notifyListener(RunNotifier.java:115)
	at org.junit.runner.notification.RunNotifier$SafeNotifier.run(RunNotifier.java:61)
	at org.junit.runner.notification.RunNotifier.fireTestStarted(RunNotifier.java:112)
	at org.junit.internal.runners.model.EachTestNotifier.fireTestStarted(EachTestNotifier.java:43)
	at cucumber.runtime.junit.JUnitReporter.startExecutionUnit(JUnitReporter.java:48)
	at cucumber.runtime.junit.ExecutionUnitRunner.run(ExecutionUnitRunner.java:81)
	at cucumber.runtime.junit.FeatureRunner.runChild(FeatureRunner.java:63)
	at cucumber.runtime.junit.FeatureRunner.runChild(FeatureRunner.java:18)
	at org.junit.runners.ParentRunner$3.run(ParentRunner.java:238)
	at org.junit.runners.ParentRunner$1.schedule(ParentRunner.java:63)
	at org.junit.runners.ParentRunner.runChildren(ParentRunner.java:236)
	at org.junit.runners.ParentRunner.access$000(ParentRunner.java:53)
	at org.junit.runners.ParentRunner$2.evaluate(ParentRunner.java:229)
	at org.junit.runners.ParentRunner.run(ParentRunner.java:309)
	at cucumber.runtime.junit.FeatureRunner.run(FeatureRunner.java:70)
	at cucumber.api.junit.Cucumber.runChild(Cucumber.java:82)
	at cucumber.api.junit.Cucumber.runChild(Cucumber.java:41)
	at org.junit.runners.ParentRunner$3.run(ParentRunner.java:238)
	at org.junit.runners.ParentRunner$1.schedule(ParentRunner.java:63)
	at org.junit.runners.ParentRunner.runChildren(ParentRunner.java:236)
	at org.junit.runners.ParentRunner.access$000(ParentRunner.java:53)
	at org.junit.runners.ParentRunner$2.evaluate(ParentRunner.java:229)
	at org.junit.runners.ParentRunner.run(ParentRunner.java:309)
	at cucumber.api.junit.Cucumber.run(Cucumber.java:87)
	at org.apache.maven.surefire.junit4.JUnit4Provider.execute(JUnit4Provider.java:264)
	at org.apache.maven.surefire.junit4.JUnit4Provider.executeTestSet(JUnit4Provider.java:153)
	at org.apache.maven.surefire.junit4.JUnit4Provider.invoke(JUnit4Provider.java:124)
	at org.apache.maven.surefire.booter.ForkedBooter.invokeProviderInSameClassLoader(ForkedBooter.java:200)
	at org.apache.maven.surefire.booter.ForkedBooter.runSuitesInProcess(ForkedBooter.java:153)
	at org.apache.maven.surefire.booter.ForkedBooter.main(ForkedBooter.java:103)
</error>
    <system-out><![CDATA[testCaseResult=ru.yandex.qatools.allure.model.TestCaseResult@5b3b13fb[
  name=findJobThroughRegexp
  title=<null>
  description=<null>
  failure=<null>
  start=1445036595579
  stop=1445036616110
  status=PASSED
  severity=<null>
  steps=[]
  attachments=[]
  labels=[ru.yandex.qatools.allure.model.Label@42360a1c, ru.yandex.qatools.allure.model.Label@43e865ba]
  parameters=<null>
]
testCaseResult={
   "start" : 1445036595579,
   "stop" : 1445036616110,
   "status" : "passed",
   "name" : "findJobThroughRegexp",
   "steps" : {
      "step" : [ ]
   },
   "attachments" : {
      "attachment" : [ ]
   },
   "labels" : {
      "label" : [ {
         "name" : "host",
         "value" : "MacBook-Pro-2.home"
      }, {
         "name" : "thread",
         "value" : "1771@MacBook-Pro-2.home.main(1)"
      } ]
   }
}
testCase=ru.yandex.qatools.allure.model.TestCase@44e168b5[
  _id=38c4f123-0adf-45e8-aabc-a7cdfa64c2ec
  executionId=7a8626ac-7b8d-4761-8bff-776519219d78
  threadName=thread_15005794375463
  name=findJobThroughRegexp
  title=<null>
  description=<null>
  failure=<null>
  start=1445036595579
  stop=1445036616110
  status=PASSED
  severity=<null>
  steps=[]
  attachments=[]
  labels=[ru.yandex.qatools.allure.model.Label@42360a1c, ru.yandex.qatools.allure.model.Label@43e865ba]
  parameters=<null>
]
testCase={
   "start" : 1445036595579,
   "stop" : 1445036616110,
   "status" : "passed",
   "_id" : "38c4f123-0adf-45e8-aabc-a7cdfa64c2ec",
   "executionId" : "7a8626ac-7b8d-4761-8bff-776519219d78",
   "threadName" : "thread_15005794375463",
   "name" : "findJobThroughRegexp",
   "steps" : {
      "step" : [ ]
   },
   "attachments" : {
      "attachment" : [ ]
   },
   "labels" : {
      "label" : [ {
         "name" : "host",
         "value" : "MacBook-Pro-2.home"
      }, {
         "name" : "thread",
         "value" : "1771@MacBook-Pro-2.home.main(1)"
      } ]
   }
}
>>>REQUEST: /testaspect/TestCase/38c4f123-0adf-45e8-aabc-a7cdfa64c2ec
Jenkins is stopped
<<<RESPONSE (201 Created): /testaspect/TestCase/38c4f123-0adf-45e8-aabc-a7cdfa64c2ec
testCaseResult=ru.yandex.qatools.allure.model.TestCaseResult@5b3b13fb[
  name=findJobThroughRegexp
  title=<null>
  description=<null>
  failure=<null>
  start=1445036595579
  stop=1445036616110
  status=PASSED
  severity=<null>
  steps=[]
  attachments=[]
  labels=[ru.yandex.qatools.allure.model.Label@42360a1c, ru.yandex.qatools.allure.model.Label@43e865ba]
  parameters=<null>
]
testCaseResult={
   "start" : 1445036595579,
   "stop" : 1445036616110,
   "status" : "passed",
   "name" : "findJobThroughRegexp",
   "steps" : {
      "step" : [ ]
   },
   "attachments" : {
      "attachment" : [ ]
   },
   "labels" : {
      "label" : [ {
         "name" : "host",
         "value" : "MacBook-Pro-2.home"
      }, {
         "name" : "thread",
         "value" : "1771@MacBook-Pro-2.home.main(1)"
      } ]
   }
}
testCase=ru.yandex.qatools.allure.model.TestCase@4918cd02[
  _id=5cdc8db3-8aa0-4ca5-8147-da17212469a3
  executionId=7a8626ac-7b8d-4761-8bff-776519219d78
  threadName=thread_15005794375463
  name=findJobThroughRegexp
  title=<null>
  description=<null>
  failure=<null>
  start=1445036595579
  stop=1445036616110
  status=PASSED
  severity=<null>
  steps=[]
  attachments=[]
  labels=[ru.yandex.qatools.allure.model.Label@42360a1c, ru.yandex.qatools.allure.model.Label@43e865ba]
  parameters=<null>
]
testCase={
   "start" : 1445036595579,
   "stop" : 1445036616110,
   "status" : "passed",
   "_id" : "5cdc8db3-8aa0-4ca5-8147-da17212469a3",
   "executionId" : "7a8626ac-7b8d-4761-8bff-776519219d78",
   "threadName" : "thread_15005794375463",
   "name" : "findJobThroughRegexp",
   "steps" : {
      "step" : [ ]
   },
   "attachments" : {
      "attachment" : [ ]
   },
   "labels" : {
      "label" : [ {
         "name" : "host",
         "value" : "MacBook-Pro-2.home"
      }, {
         "name" : "thread",
         "value" : "1771@MacBook-Pro-2.home.main(1)"
      } ]
   }
}
>>>REQUEST: /testaspect/TestCase/5cdc8db3-8aa0-4ca5-8147-da17212469a3
]]></system-out>
    <system-err><![CDATA[[INFO  - 2015-10-16T23:04:47.104Z] ShutdownReqHand - _handle - About to shutdown
]]></system-err>
  </testcase>
  <testcase name="Test mechanism" classname="Test mechanism" time="0.002">
    <error type="java.lang.NullPointerException:">java.lang.NullPointerException: null
	at org.junit.runner.Description.createSuiteDescription(Description.java:123)
	at ru.yandex.qatools.allure.junit.AllureRunListener.getSuiteUid(AllureRunListener.java:110)
	at ru.yandex.qatools.allure.junit.AllureRunListener.testStarted(AllureRunListener.java:50)
	at org.junit.runner.notification.RunNotifier$3.notifyListener(RunNotifier.java:115)
	at org.junit.runner.notification.RunNotifier$SafeNotifier.run(RunNotifier.java:61)
	at org.junit.runner.notification.RunNotifier.fireTestStarted(RunNotifier.java:112)
	at org.junit.internal.runners.model.EachTestNotifier.fireTestStarted(EachTestNotifier.java:43)
	at cucumber.runtime.junit.JUnitReporter.result(JUnitReporter.java:83)
	at cucumber.runtime.Runtime.runStep(Runtime.java:299)
	at cucumber.runtime.model.StepContainer.runStep(StepContainer.java:44)
	at cucumber.runtime.model.StepContainer.runSteps(StepContainer.java:39)
	at cucumber.runtime.model.CucumberScenario.run(CucumberScenario.java:40)
	at cucumber.runtime.junit.ExecutionUnitRunner.run(ExecutionUnitRunner.java:83)
	at cucumber.runtime.junit.FeatureRunner.runChild(FeatureRunner.java:63)
	at cucumber.runtime.junit.FeatureRunner.runChild(FeatureRunner.java:18)
	at org.junit.runners.ParentRunner$3.run(ParentRunner.java:238)
	at org.junit.runners.ParentRunner$1.schedule(ParentRunner.java:63)
	at org.junit.runners.ParentRunner.runChildren(ParentRunner.java:236)
	at org.junit.runners.ParentRunner.access$000(ParentRunner.java:53)
	at org.junit.runners.ParentRunner$2.evaluate(ParentRunner.java:229)
	at org.junit.runners.ParentRunner.run(ParentRunner.java:309)
	at cucumber.runtime.junit.FeatureRunner.run(FeatureRunner.java:70)
	at cucumber.api.junit.Cucumber.runChild(Cucumber.java:82)
	at cucumber.api.junit.Cucumber.runChild(Cucumber.java:41)
	at org.junit.runners.ParentRunner$3.run(ParentRunner.java:238)
	at org.junit.runners.ParentRunner$1.schedule(ParentRunner.java:63)
	at org.junit.runners.ParentRunner.runChildren(ParentRunner.java:236)
	at org.junit.runners.ParentRunner.access$000(ParentRunner.java:53)
	at org.junit.runners.ParentRunner$2.evaluate(ParentRunner.java:229)
	at org.junit.runners.ParentRunner.run(ParentRunner.java:309)
	at cucumber.api.junit.Cucumber.run(Cucumber.java:87)
	at org.apache.maven.surefire.junit4.JUnit4Provider.execute(JUnit4Provider.java:264)
	at org.apache.maven.surefire.junit4.JUnit4Provider.executeTestSet(JUnit4Provider.java:153)
	at org.apache.maven.surefire.junit4.JUnit4Provider.invoke(JUnit4Provider.java:124)
	at org.apache.maven.surefire.booter.ForkedBooter.invokeProviderInSameClassLoader(ForkedBooter.java:200)
	at org.apache.maven.surefire.booter.ForkedBooter.runSuitesInProcess(ForkedBooter.java:153)
	at org.apache.maven.surefire.booter.ForkedBooter.main(ForkedBooter.java:103)
</error>
    <system-out><![CDATA[<<<RESPONSE (201 Created): /testaspect/TestCase/5cdc8db3-8aa0-4ca5-8147-da17212469a3
running with given plugins: []
Starting Jenkins: JAVA_HOME=/Library/Java/JavaVirtualMachines/jdk1.8.0_60.jdk/Contents/Home JENKINS_HOME=/Users/abduljewel/Documents/c/spiderqa/sample-test-projects/acceptance-test-harness/target/jenkins1377745527529331397home /Library/Java/JavaVirtualMachines/jdk1.8.0_60.jdk/Contents/Home/bin/java -Duser.language=en -jar ./jenkins.war --ajp13Port=-1 --httpPort=50328
master50328|Running from: /Users/abduljewel/Documents/c/spiderqa/sample-test-projects/acceptance-test-harness/jenkins.war
master50328|webroot: EnvVars.masterEnvVars.get("JENKINS_HOME")
master50328|Oct 16, 2015 7:04:48 PM winstone.Logger logInternal
master50328|INFO: Beginning extraction from war file
master50328|Oct 16, 2015 7:04:49 PM org.eclipse.jetty.util.log.JavaUtilLog info
master50328|INFO: jetty-winstone-2.8
master50328|Oct 16, 2015 7:04:50 PM org.eclipse.jetty.util.log.JavaUtilLog info
master50328|INFO: NO JSP Support for , did not find org.apache.jasper.servlet.JspServlet
master50328|Jenkins home directory: /Users/abduljewel/Documents/c/spiderqa/sample-test-projects/acceptance-test-harness/target/jenkins1377745527529331397home found at: EnvVars.masterEnvVars.get("JENKINS_HOME")
master50328|Oct 16, 2015 7:04:51 PM org.eclipse.jetty.util.log.JavaUtilLog info
master50328|INFO: Started SelectChannelConnector@0.0.0.0:50328
master50328|Oct 16, 2015 7:04:51 PM winstone.Logger logInternal
master50328|INFO: Winstone Servlet Engine v2.0 running: controlPort=disabled
master50328|Oct 16, 2015 7:04:52 PM jenkins.InitReactorRunner$1 onAttained
master50328|INFO: Started initialization
master50328|Oct 16, 2015 7:05:04 PM jenkins.InitReactorRunner$1 onAttained
master50328|INFO: Listed all plugins
master50328|Oct 16, 2015 7:05:04 PM jenkins.InitReactorRunner$1 onAttained
master50328|INFO: Prepared all plugins
master50328|Oct 16, 2015 7:05:04 PM jenkins.InitReactorRunner$1 onAttained
master50328|INFO: Started all plugins
master50328|Oct 16, 2015 7:05:04 PM jenkins.InitReactorRunner$1 onAttained
master50328|INFO: Augmented all extensions
master50328|Oct 16, 2015 7:05:05 PM jenkins.InitReactorRunner$1 onAttained
master50328|INFO: Loaded all jobs
master50328|Oct 16, 2015 7:05:06 PM hudson.model.AsyncPeriodicWork$1 run
master50328|INFO: Started Download metadata
master50328|Oct 16, 2015 7:05:06 PM org.jenkinsci.main.modules.sshd.SSHD start
master50328|INFO: Started SSHD at port 54447
master50328|Oct 16, 2015 7:05:06 PM jenkins.InitReactorRunner$1 onAttained
master50328|INFO: Completed initialization
master50328|Oct 16, 2015 7:05:06 PM hudson.UDPBroadcastThread run
master50328|WARNING: UDP handling problem
master50328|java.net.SocketException: Can't assign requested address
master50328|	at java.net.PlainDatagramSocketImpl.join(Native Method)
master50328|	at java.net.AbstractPlainDatagramSocketImpl.join(AbstractPlainDatagramSocketImpl.java:179)
master50328|	at java.net.MulticastSocket.joinGroup(MulticastSocket.java:323)
master50328|	at hudson.UDPBroadcastThread.run(UDPBroadcastThread.java:77)
master50328|
master50328|Oct 16, 2015 7:05:06 PM hudson.WebAppMain$3 run
master50328|INFO: Jenkins is fully up and running
master50328|Oct 16, 2015 7:05:08 PM hudson.model.UpdateSite updateData
master50328|INFO: Obtained the latest update center data file for UpdateSource default
master50328|Oct 16, 2015 7:05:09 PM hudson.model.DownloadService$Downloadable load
master50328|INFO: Obtained the updated data file for hudson.tasks.Maven.MavenInstaller
master50328|Oct 16, 2015 7:05:09 PM hudson.model.DownloadService$Downloadable load
master50328|INFO: Obtained the updated data file for hudson.tasks.Ant.AntInstaller
master50328|Oct 16, 2015 7:05:10 PM hudson.model.DownloadService$Downloadable load
master50328|INFO: Obtained the updated data file for hudson.tools.JDKInstaller
master50328|Oct 16, 2015 7:05:10 PM hudson.model.AsyncPeriodicWork$1 run
master50328|INFO: Finished Download metadata. 3,666 ms
]]></system-out>
    <system-err><![CDATA[Oct 16, 2015 7:04:47 PM org.jenkinsci.test.acceptance.controller.LocalController startNow
INFO: Waiting for Jenkins to become running in http://127.0.0.1:50328/
Oct 16, 2015 7:05:06 PM org.jenkinsci.test.acceptance.controller.LocalController startNow
INFO: Jenkins is running in http://127.0.0.1:50328/
Oct 16, 2015 7:05:06 PM org.openqa.selenium.phantomjs.PhantomJSDriverService <init>
INFO: executable: /usr/local/bin/phantomjs
Oct 16, 2015 7:05:06 PM org.openqa.selenium.phantomjs.PhantomJSDriverService <init>
INFO: port: 47015
Oct 16, 2015 7:05:06 PM org.openqa.selenium.phantomjs.PhantomJSDriverService <init>
INFO: arguments: [--webdriver=47015, --webdriver-logfile=/Users/abduljewel/Documents/c/spiderqa/sample-test-projects/acceptance-test-harness/phantomjsdriver.log]
Oct 16, 2015 7:05:06 PM org.openqa.selenium.phantomjs.PhantomJSDriverService <init>
INFO: environment: {}
[INFO  - 2015-10-16T23:05:07.161Z] GhostDriver - Main - running on port 47015
[INFO  - 2015-10-16T23:05:07.393Z] Session [57d147c0-745a-11e5-8e42-0b3c99bc1b23] - page.settings - {"XSSAuditingEnabled":false,"javascriptCanCloseWindows":true,"javascriptCanOpenWindows":true,"javascriptEnabled":true,"loadImages":true,"localToRemoteUrlAccessEnabled":false,"userAgent":"Mozilla/5.0 (Macintosh; Intel Mac OS X) AppleWebKit/538.1 (KHTML, like Gecko) PhantomJS/2.0.0 Safari/538.1","webSecurityEnabled":true}
[INFO  - 2015-10-16T23:05:07.393Z] Session [57d147c0-745a-11e5-8e42-0b3c99bc1b23] - page.customHeaders:  - {"Accept-Language":"en"}
[INFO  - 2015-10-16T23:05:07.393Z] Session [57d147c0-745a-11e5-8e42-0b3c99bc1b23] - Session.negotiatedCapabilities - {"browserName":"phantomjs","version":"2.0.0","driverName":"ghostdriver","driverVersion":"1.2.0","platform":"mac-10.9 (Mavericks)-64bit","javascriptEnabled":true,"takesScreenshot":true,"handlesAlerts":false,"databaseEnabled":false,"locationContextEnabled":false,"applicationCacheEnabled":false,"browserConnectionEnabled":false,"cssSelectorsEnabled":true,"webStorageEnabled":false,"rotatable":false,"acceptSslCerts":false,"nativeEvents":true,"proxy":{"proxyType":"direct"},"phantomjs.page.customHeaders.Accept-Language":"en"}
[INFO  - 2015-10-16T23:05:07.393Z] SessionManagerReqHand - _postNewSessionCommand - New Session Created: 57d147c0-745a-11e5-8e42-0b3c99bc1b23
]]></system-err>
  </testcase>
  <testcase name="Test mechanism" classname="Test mechanism" time="0.002">
    <error type="java.lang.NullPointerException:">java.lang.NullPointerException: null
	at org.junit.runner.Description.createSuiteDescription(Description.java:123)
	at ru.yandex.qatools.allure.junit.AllureRunListener.getSuiteUid(AllureRunListener.java:110)
	at ru.yandex.qatools.allure.junit.AllureRunListener.testStarted(AllureRunListener.java:50)
	at org.junit.runner.notification.RunNotifier$3.notifyListener(RunNotifier.java:115)
	at org.junit.runner.notification.RunNotifier$SafeNotifier.run(RunNotifier.java:61)
	at org.junit.runner.notification.RunNotifier.fireTestStarted(RunNotifier.java:112)
	at org.junit.internal.runners.model.EachTestNotifier.fireTestStarted(EachTestNotifier.java:43)
	at cucumber.runtime.junit.JUnitReporter.result(JUnitReporter.java:83)
	at cucumber.runtime.Runtime.runStep(Runtime.java:299)
	at cucumber.runtime.model.StepContainer.runStep(StepContainer.java:44)
	at cucumber.runtime.model.StepContainer.runSteps(StepContainer.java:39)
	at cucumber.runtime.model.CucumberScenario.run(CucumberScenario.java:40)
	at cucumber.runtime.junit.ExecutionUnitRunner.run(ExecutionUnitRunner.java:83)
	at cucumber.runtime.junit.FeatureRunner.runChild(FeatureRunner.java:63)
	at cucumber.runtime.junit.FeatureRunner.runChild(FeatureRunner.java:18)
	at org.junit.runners.ParentRunner$3.run(ParentRunner.java:238)
	at org.junit.runners.ParentRunner$1.schedule(ParentRunner.java:63)
	at org.junit.runners.ParentRunner.runChildren(ParentRunner.java:236)
	at org.junit.runners.ParentRunner.access$000(ParentRunner.java:53)
	at org.junit.runners.ParentRunner$2.evaluate(ParentRunner.java:229)
	at org.junit.runners.ParentRunner.run(ParentRunner.java:309)
	at cucumber.runtime.junit.FeatureRunner.run(FeatureRunner.java:70)
	at cucumber.api.junit.Cucumber.runChild(Cucumber.java:82)
	at cucumber.api.junit.Cucumber.runChild(Cucumber.java:41)
	at org.junit.runners.ParentRunner$3.run(ParentRunner.java:238)
	at org.junit.runners.ParentRunner$1.schedule(ParentRunner.java:63)
	at org.junit.runners.ParentRunner.runChildren(ParentRunner.java:236)
	at org.junit.runners.ParentRunner.access$000(ParentRunner.java:53)
	at org.junit.runners.ParentRunner$2.evaluate(ParentRunner.java:229)
	at org.junit.runners.ParentRunner.run(ParentRunner.java:309)
	at cucumber.api.junit.Cucumber.run(Cucumber.java:87)
	at org.apache.maven.surefire.junit4.JUnit4Provider.execute(JUnit4Provider.java:264)
	at org.apache.maven.surefire.junit4.JUnit4Provider.executeTestSet(JUnit4Provider.java:153)
	at org.apache.maven.surefire.junit4.JUnit4Provider.invoke(JUnit4Provider.java:124)
	at org.apache.maven.surefire.booter.ForkedBooter.invokeProviderInSameClassLoader(ForkedBooter.java:200)
	at org.apache.maven.surefire.booter.ForkedBooter.runSuitesInProcess(ForkedBooter.java:153)
	at org.apache.maven.surefire.booter.ForkedBooter.main(ForkedBooter.java:103)
</error>
    <system-out><![CDATA[testCaseResult=ru.yandex.qatools.allure.model.TestCaseResult@5b3b13fb[
  name=findJobThroughRegexp
  title=<null>
  description=<null>
  failure=<null>
  start=1445036595579
  stop=1445036616110
  status=PASSED
  severity=<null>
  steps=[]
  attachments=[]
  labels=[ru.yandex.qatools.allure.model.Label@42360a1c, ru.yandex.qatools.allure.model.Label@43e865ba]
  parameters=<null>
]
testCaseResult={
   "start" : 1445036595579,
   "stop" : 1445036616110,
   "status" : "passed",
   "name" : "findJobThroughRegexp",
   "steps" : {
      "step" : [ ]
   },
   "attachments" : {
      "attachment" : [ ]
   },
   "labels" : {
      "label" : [ {
         "name" : "host",
         "value" : "MacBook-Pro-2.home"
      }, {
         "name" : "thread",
         "value" : "1771@MacBook-Pro-2.home.main(1)"
      } ]
   }
}
testCase=ru.yandex.qatools.allure.model.TestCase@4db852b4[
  _id=9d634547-7594-4662-a153-b842531afa2a
  executionId=7a8626ac-7b8d-4761-8bff-776519219d78
  threadName=thread_15005794375463
  name=findJobThroughRegexp
  title=<null>
  description=<null>
  failure=<null>
  start=1445036595579
  stop=1445036616110
  status=PASSED
  severity=<null>
  steps=[]
  attachments=[]
  labels=[ru.yandex.qatools.allure.model.Label@42360a1c, ru.yandex.qatools.allure.model.Label@43e865ba]
  parameters=<null>
]
testCase={
   "start" : 1445036595579,
   "stop" : 1445036616110,
   "status" : "passed",
   "_id" : "9d634547-7594-4662-a153-b842531afa2a",
   "executionId" : "7a8626ac-7b8d-4761-8bff-776519219d78",
   "threadName" : "thread_15005794375463",
   "name" : "findJobThroughRegexp",
   "steps" : {
      "step" : [ ]
   },
   "attachments" : {
      "attachment" : [ ]
   },
   "labels" : {
      "label" : [ {
         "name" : "host",
         "value" : "MacBook-Pro-2.home"
      }, {
         "name" : "thread",
         "value" : "1771@MacBook-Pro-2.home.main(1)"
      } ]
   }
}
>>>REQUEST: /testaspect/TestCase/9d634547-7594-4662-a153-b842531afa2a
<<<RESPONSE (201 Created): /testaspect/TestCase/9d634547-7594-4662-a153-b842531afa2a
]]></system-out>
  </testcase>
  <testcase name="Test mechanism" classname="Test mechanism" time="0.002">
    <error type="java.lang.NullPointerException:">java.lang.NullPointerException: null
	at org.junit.runner.Description.createSuiteDescription(Description.java:123)
	at ru.yandex.qatools.allure.junit.AllureRunListener.getSuiteUid(AllureRunListener.java:110)
	at ru.yandex.qatools.allure.junit.AllureRunListener.testStarted(AllureRunListener.java:50)
	at org.junit.runner.notification.RunNotifier$3.notifyListener(RunNotifier.java:115)
	at org.junit.runner.notification.RunNotifier$SafeNotifier.run(RunNotifier.java:61)
	at org.junit.runner.notification.RunNotifier.fireTestStarted(RunNotifier.java:112)
	at org.junit.internal.runners.model.EachTestNotifier.fireTestStarted(EachTestNotifier.java:43)
	at cucumber.runtime.junit.JUnitReporter.result(JUnitReporter.java:83)
	at cucumber.runtime.Runtime.runStep(Runtime.java:299)
	at cucumber.runtime.model.StepContainer.runStep(StepContainer.java:44)
	at cucumber.runtime.model.StepContainer.runSteps(StepContainer.java:39)
	at cucumber.runtime.model.CucumberScenario.run(CucumberScenario.java:40)
	at cucumber.runtime.junit.ExecutionUnitRunner.run(ExecutionUnitRunner.java:83)
	at cucumber.runtime.junit.FeatureRunner.runChild(FeatureRunner.java:63)
	at cucumber.runtime.junit.FeatureRunner.runChild(FeatureRunner.java:18)
	at org.junit.runners.ParentRunner$3.run(ParentRunner.java:238)
	at org.junit.runners.ParentRunner$1.schedule(ParentRunner.java:63)
	at org.junit.runners.ParentRunner.runChildren(ParentRunner.java:236)
	at org.junit.runners.ParentRunner.access$000(ParentRunner.java:53)
	at org.junit.runners.ParentRunner$2.evaluate(ParentRunner.java:229)
	at org.junit.runners.ParentRunner.run(ParentRunner.java:309)
	at cucumber.runtime.junit.FeatureRunner.run(FeatureRunner.java:70)
	at cucumber.api.junit.Cucumber.runChild(Cucumber.java:82)
	at cucumber.api.junit.Cucumber.runChild(Cucumber.java:41)
	at org.junit.runners.ParentRunner$3.run(ParentRunner.java:238)
	at org.junit.runners.ParentRunner$1.schedule(ParentRunner.java:63)
	at org.junit.runners.ParentRunner.runChildren(ParentRunner.java:236)
	at org.junit.runners.ParentRunner.access$000(ParentRunner.java:53)
	at org.junit.runners.ParentRunner$2.evaluate(ParentRunner.java:229)
	at org.junit.runners.ParentRunner.run(ParentRunner.java:309)
	at cucumber.api.junit.Cucumber.run(Cucumber.java:87)
	at org.apache.maven.surefire.junit4.JUnit4Provider.execute(JUnit4Provider.java:264)
	at org.apache.maven.surefire.junit4.JUnit4Provider.executeTestSet(JUnit4Provider.java:153)
	at org.apache.maven.surefire.junit4.JUnit4Provider.invoke(JUnit4Provider.java:124)
	at org.apache.maven.surefire.booter.ForkedBooter.invokeProviderInSameClassLoader(ForkedBooter.java:200)
	at org.apache.maven.surefire.booter.ForkedBooter.runSuitesInProcess(ForkedBooter.java:153)
	at org.apache.maven.surefire.booter.ForkedBooter.main(ForkedBooter.java:103)
</error>
    <system-out><![CDATA[testCaseResult=ru.yandex.qatools.allure.model.TestCaseResult@5b3b13fb[
  name=findJobThroughRegexp
  title=<null>
  description=<null>
  failure=<null>
  start=1445036595579
  stop=1445036616110
  status=PASSED
  severity=<null>
  steps=[]
  attachments=[]
  labels=[ru.yandex.qatools.allure.model.Label@42360a1c, ru.yandex.qatools.allure.model.Label@43e865ba]
  parameters=<null>
]
testCaseResult={
   "start" : 1445036595579,
   "stop" : 1445036616110,
   "status" : "passed",
   "name" : "findJobThroughRegexp",
   "steps" : {
      "step" : [ ]
   },
   "attachments" : {
      "attachment" : [ ]
   },
   "labels" : {
      "label" : [ {
         "name" : "host",
         "value" : "MacBook-Pro-2.home"
      }, {
         "name" : "thread",
         "value" : "1771@MacBook-Pro-2.home.main(1)"
      } ]
   }
}
testCase=ru.yandex.qatools.allure.model.TestCase@4d68a0f4[
  _id=bc0c0c36-ec75-4be6-a080-a306d64233fb
  executionId=7a8626ac-7b8d-4761-8bff-776519219d78
  threadName=thread_15005794375463
  name=findJobThroughRegexp
  title=<null>
  description=<null>
  failure=<null>
  start=1445036595579
  stop=1445036616110
  status=PASSED
  severity=<null>
  steps=[]
  attachments=[]
  labels=[ru.yandex.qatools.allure.model.Label@42360a1c, ru.yandex.qatools.allure.model.Label@43e865ba]
  parameters=<null>
]
testCase={
   "start" : 1445036595579,
   "stop" : 1445036616110,
   "status" : "passed",
   "_id" : "bc0c0c36-ec75-4be6-a080-a306d64233fb",
   "executionId" : "7a8626ac-7b8d-4761-8bff-776519219d78",
   "threadName" : "thread_15005794375463",
   "name" : "findJobThroughRegexp",
   "steps" : {
      "step" : [ ]
   },
   "attachments" : {
      "attachment" : [ ]
   },
   "labels" : {
      "label" : [ {
         "name" : "host",
         "value" : "MacBook-Pro-2.home"
      }, {
         "name" : "thread",
         "value" : "1771@MacBook-Pro-2.home.main(1)"
      } ]
   }
}
>>>REQUEST: /testaspect/TestCase/bc0c0c36-ec75-4be6-a080-a306d64233fb
<<<RESPONSE (201 Created): /testaspect/TestCase/bc0c0c36-ec75-4be6-a080-a306d64233fb
]]></system-out>
  </testcase>
  <testcase name="Test mechanism" classname="Test mechanism" time="0.002">
    <error type="java.lang.NullPointerException:">java.lang.NullPointerException: null
	at org.junit.runner.Description.createSuiteDescription(Description.java:123)
	at ru.yandex.qatools.allure.junit.AllureRunListener.getSuiteUid(AllureRunListener.java:110)
	at ru.yandex.qatools.allure.junit.AllureRunListener.testStarted(AllureRunListener.java:50)
	at org.junit.runner.notification.RunNotifier$3.notifyListener(RunNotifier.java:115)
	at org.junit.runner.notification.RunNotifier$SafeNotifier.run(RunNotifier.java:61)
	at org.junit.runner.notification.RunNotifier.fireTestStarted(RunNotifier.java:112)
	at org.junit.internal.runners.model.EachTestNotifier.fireTestStarted(EachTestNotifier.java:43)
	at cucumber.runtime.junit.JUnitReporter.result(JUnitReporter.java:83)
	at cucumber.runtime.Runtime.runStep(Runtime.java:299)
	at cucumber.runtime.model.StepContainer.runStep(StepContainer.java:44)
	at cucumber.runtime.model.StepContainer.runSteps(StepContainer.java:39)
	at cucumber.runtime.model.CucumberScenario.run(CucumberScenario.java:40)
	at cucumber.runtime.junit.ExecutionUnitRunner.run(ExecutionUnitRunner.java:83)
	at cucumber.runtime.junit.FeatureRunner.runChild(FeatureRunner.java:63)
	at cucumber.runtime.junit.FeatureRunner.runChild(FeatureRunner.java:18)
	at org.junit.runners.ParentRunner$3.run(ParentRunner.java:238)
	at org.junit.runners.ParentRunner$1.schedule(ParentRunner.java:63)
	at org.junit.runners.ParentRunner.runChildren(ParentRunner.java:236)
	at org.junit.runners.ParentRunner.access$000(ParentRunner.java:53)
	at org.junit.runners.ParentRunner$2.evaluate(ParentRunner.java:229)
	at org.junit.runners.ParentRunner.run(ParentRunner.java:309)
	at cucumber.runtime.junit.FeatureRunner.run(FeatureRunner.java:70)
	at cucumber.api.junit.Cucumber.runChild(Cucumber.java:82)
	at cucumber.api.junit.Cucumber.runChild(Cucumber.java:41)
	at org.junit.runners.ParentRunner$3.run(ParentRunner.java:238)
	at org.junit.runners.ParentRunner$1.schedule(ParentRunner.java:63)
	at org.junit.runners.ParentRunner.runChildren(ParentRunner.java:236)
	at org.junit.runners.ParentRunner.access$000(ParentRunner.java:53)
	at org.junit.runners.ParentRunner$2.evaluate(ParentRunner.java:229)
	at org.junit.runners.ParentRunner.run(ParentRunner.java:309)
	at cucumber.api.junit.Cucumber.run(Cucumber.java:87)
	at org.apache.maven.surefire.junit4.JUnit4Provider.execute(JUnit4Provider.java:264)
	at org.apache.maven.surefire.junit4.JUnit4Provider.executeTestSet(JUnit4Provider.java:153)
	at org.apache.maven.surefire.junit4.JUnit4Provider.invoke(JUnit4Provider.java:124)
	at org.apache.maven.surefire.booter.ForkedBooter.invokeProviderInSameClassLoader(ForkedBooter.java:200)
	at org.apache.maven.surefire.booter.ForkedBooter.runSuitesInProcess(ForkedBooter.java:153)
	at org.apache.maven.surefire.booter.ForkedBooter.main(ForkedBooter.java:103)
</error>
    <system-out><![CDATA[testCaseResult=ru.yandex.qatools.allure.model.TestCaseResult@5b3b13fb[
  name=findJobThroughRegexp
  title=<null>
  description=<null>
  failure=<null>
  start=1445036595579
  stop=1445036616110
  status=PASSED
  severity=<null>
  steps=[]
  attachments=[]
  labels=[ru.yandex.qatools.allure.model.Label@42360a1c, ru.yandex.qatools.allure.model.Label@43e865ba]
  parameters=<null>
]
testCaseResult={
   "start" : 1445036595579,
   "stop" : 1445036616110,
   "status" : "passed",
   "name" : "findJobThroughRegexp",
   "steps" : {
      "step" : [ ]
   },
   "attachments" : {
      "attachment" : [ ]
   },
   "labels" : {
      "label" : [ {
         "name" : "host",
         "value" : "MacBook-Pro-2.home"
      }, {
         "name" : "thread",
         "value" : "1771@MacBook-Pro-2.home.main(1)"
      } ]
   }
}
testCase=ru.yandex.qatools.allure.model.TestCase@e39776a[
  _id=67d1a735-852e-4fcf-9a1e-969db750bc0f
  executionId=7a8626ac-7b8d-4761-8bff-776519219d78
  threadName=thread_15005794375463
  name=findJobThroughRegexp
  title=<null>
  description=<null>
  failure=<null>
  start=1445036595579
  stop=1445036616110
  status=PASSED
  severity=<null>
  steps=[]
  attachments=[]
  labels=[ru.yandex.qatools.allure.model.Label@42360a1c, ru.yandex.qatools.allure.model.Label@43e865ba]
  parameters=<null>
]
testCase={
   "start" : 1445036595579,
   "stop" : 1445036616110,
   "status" : "passed",
   "_id" : "67d1a735-852e-4fcf-9a1e-969db750bc0f",
   "executionId" : "7a8626ac-7b8d-4761-8bff-776519219d78",
   "threadName" : "thread_15005794375463",
   "name" : "findJobThroughRegexp",
   "steps" : {
      "step" : [ ]
   },
   "attachments" : {
      "attachment" : [ ]
   },
   "labels" : {
      "label" : [ {
         "name" : "host",
         "value" : "MacBook-Pro-2.home"
      }, {
         "name" : "thread",
         "value" : "1771@MacBook-Pro-2.home.main(1)"
      } ]
   }
}
>>>REQUEST: /testaspect/TestCase/67d1a735-852e-4fcf-9a1e-969db750bc0f
<<<RESPONSE (201 Created): /testaspect/TestCase/67d1a735-852e-4fcf-9a1e-969db750bc0f
]]></system-out>
  </testcase>
  <testcase name="Test mechanism" classname="Test mechanism" time="0.001">
    <error type="java.lang.NullPointerException:">java.lang.NullPointerException: null
	at org.junit.runner.Description.createSuiteDescription(Description.java:123)
	at ru.yandex.qatools.allure.junit.AllureRunListener.getSuiteUid(AllureRunListener.java:110)
	at ru.yandex.qatools.allure.junit.AllureRunListener.testStarted(AllureRunListener.java:50)
	at org.junit.runner.notification.RunNotifier$3.notifyListener(RunNotifier.java:115)
	at org.junit.runner.notification.RunNotifier$SafeNotifier.run(RunNotifier.java:61)
	at org.junit.runner.notification.RunNotifier.fireTestStarted(RunNotifier.java:112)
	at org.junit.internal.runners.model.EachTestNotifier.fireTestStarted(EachTestNotifier.java:43)
	at cucumber.runtime.junit.JUnitReporter.result(JUnitReporter.java:83)
	at cucumber.runtime.Runtime.runStep(Runtime.java:299)
	at cucumber.runtime.model.StepContainer.runStep(StepContainer.java:44)
	at cucumber.runtime.model.StepContainer.runSteps(StepContainer.java:39)
	at cucumber.runtime.model.CucumberScenario.run(CucumberScenario.java:40)
	at cucumber.runtime.junit.ExecutionUnitRunner.run(ExecutionUnitRunner.java:83)
	at cucumber.runtime.junit.FeatureRunner.runChild(FeatureRunner.java:63)
	at cucumber.runtime.junit.FeatureRunner.runChild(FeatureRunner.java:18)
	at org.junit.runners.ParentRunner$3.run(ParentRunner.java:238)
	at org.junit.runners.ParentRunner$1.schedule(ParentRunner.java:63)
	at org.junit.runners.ParentRunner.runChildren(ParentRunner.java:236)
	at org.junit.runners.ParentRunner.access$000(ParentRunner.java:53)
	at org.junit.runners.ParentRunner$2.evaluate(ParentRunner.java:229)
	at org.junit.runners.ParentRunner.run(ParentRunner.java:309)
	at cucumber.runtime.junit.FeatureRunner.run(FeatureRunner.java:70)
	at cucumber.api.junit.Cucumber.runChild(Cucumber.java:82)
	at cucumber.api.junit.Cucumber.runChild(Cucumber.java:41)
	at org.junit.runners.ParentRunner$3.run(ParentRunner.java:238)
	at org.junit.runners.ParentRunner$1.schedule(ParentRunner.java:63)
	at org.junit.runners.ParentRunner.runChildren(ParentRunner.java:236)
	at org.junit.runners.ParentRunner.access$000(ParentRunner.java:53)
	at org.junit.runners.ParentRunner$2.evaluate(ParentRunner.java:229)
	at org.junit.runners.ParentRunner.run(ParentRunner.java:309)
	at cucumber.api.junit.Cucumber.run(Cucumber.java:87)
	at org.apache.maven.surefire.junit4.JUnit4Provider.execute(JUnit4Provider.java:264)
	at org.apache.maven.surefire.junit4.JUnit4Provider.executeTestSet(JUnit4Provider.java:153)
	at org.apache.maven.surefire.junit4.JUnit4Provider.invoke(JUnit4Provider.java:124)
	at org.apache.maven.surefire.booter.ForkedBooter.invokeProviderInSameClassLoader(ForkedBooter.java:200)
	at org.apache.maven.surefire.booter.ForkedBooter.runSuitesInProcess(ForkedBooter.java:153)
	at org.apache.maven.surefire.booter.ForkedBooter.main(ForkedBooter.java:103)
</error>
    <system-out><![CDATA[testCaseResult=ru.yandex.qatools.allure.model.TestCaseResult@5b3b13fb[
  name=findJobThroughRegexp
  title=<null>
  description=<null>
  failure=<null>
  start=1445036595579
  stop=1445036616110
  status=PASSED
  severity=<null>
  steps=[]
  attachments=[]
  labels=[ru.yandex.qatools.allure.model.Label@42360a1c, ru.yandex.qatools.allure.model.Label@43e865ba]
  parameters=<null>
]
testCaseResult={
   "start" : 1445036595579,
   "stop" : 1445036616110,
   "status" : "passed",
   "name" : "findJobThroughRegexp",
   "steps" : {
      "step" : [ ]
   },
   "attachments" : {
      "attachment" : [ ]
   },
   "labels" : {
      "label" : [ {
         "name" : "host",
         "value" : "MacBook-Pro-2.home"
      }, {
         "name" : "thread",
         "value" : "1771@MacBook-Pro-2.home.main(1)"
      } ]
   }
}
testCase=ru.yandex.qatools.allure.model.TestCase@5ae88750[
  _id=035c19cf-f45f-430e-945a-83956d9994ab
  executionId=7a8626ac-7b8d-4761-8bff-776519219d78
  threadName=thread_15005794375463
  name=findJobThroughRegexp
  title=<null>
  description=<null>
  failure=<null>
  start=1445036595579
  stop=1445036616110
  status=PASSED
  severity=<null>
  steps=[]
  attachments=[]
  labels=[ru.yandex.qatools.allure.model.Label@42360a1c, ru.yandex.qatools.allure.model.Label@43e865ba]
  parameters=<null>
]
testCase={
   "start" : 1445036595579,
   "stop" : 1445036616110,
   "status" : "passed",
   "_id" : "035c19cf-f45f-430e-945a-83956d9994ab",
   "executionId" : "7a8626ac-7b8d-4761-8bff-776519219d78",
   "threadName" : "thread_15005794375463",
   "name" : "findJobThroughRegexp",
   "steps" : {
      "step" : [ ]
   },
   "attachments" : {
      "attachment" : [ ]
   },
   "labels" : {
      "label" : [ {
         "name" : "host",
         "value" : "MacBook-Pro-2.home"
      }, {
         "name" : "thread",
         "value" : "1771@MacBook-Pro-2.home.main(1)"
      } ]
   }
}
>>>REQUEST: /testaspect/TestCase/035c19cf-f45f-430e-945a-83956d9994ab
<<<RESPONSE (201 Created): /testaspect/TestCase/035c19cf-f45f-430e-945a-83956d9994ab
]]></system-out>
    <system-err><![CDATA[[ERROR - 2015-10-16T23:05:16.485Z] Session [57d147c0-745a-11e5-8e42-0b3c99bc1b23] - page.onError - msg: TypeError: undefined is not a function (evaluating 'v.getAttribute("type")')

  :262 in error
[ERROR - 2015-10-16T23:05:16.485Z] Session [57d147c0-745a-11e5-8e42-0b3c99bc1b23] - page.onError - stack:
  child (http://127.0.0.1:50328/static/35c7c701/plugin/form-element-path/script.js:168)
  annotate (http://127.0.0.1:50328/static/35c7c701/plugin/form-element-path/script.js:191)
  child (http://127.0.0.1:50328/static/35c7c701/plugin/form-element-path/script.js:182)
  (anonymous function) (http://127.0.0.1:50328/static/35c7c701/plugin/form-element-path/script.js:188)
  forEach (:0)
  annotate (http://127.0.0.1:50328/static/35c7c701/plugin/form-element-path/script.js:187)
  buildFormTree (http://127.0.0.1:50328/static/35c7c701/plugin/form-element-path/script.js:197)
  (anonymous function) (http://127.0.0.1:50328/static/35c7c701/plugin/form-element-path/script.js:208)
  forEach (:0)
  applyAll (http://127.0.0.1:50328/static/35c7c701/plugin/form-element-path/script.js:207)

  :262 in error
]]></system-err>
  </testcase>
  <testcase name="Test mechanism" classname="Test mechanism" time="0.002">
    <error type="java.lang.NullPointerException:">java.lang.NullPointerException: null
	at org.junit.runner.Description.createSuiteDescription(Description.java:123)
	at ru.yandex.qatools.allure.junit.AllureRunListener.getSuiteUid(AllureRunListener.java:110)
	at ru.yandex.qatools.allure.junit.AllureRunListener.testStarted(AllureRunListener.java:50)
	at org.junit.runner.notification.RunNotifier$3.notifyListener(RunNotifier.java:115)
	at org.junit.runner.notification.RunNotifier$SafeNotifier.run(RunNotifier.java:61)
	at org.junit.runner.notification.RunNotifier.fireTestStarted(RunNotifier.java:112)
	at org.junit.internal.runners.model.EachTestNotifier.fireTestStarted(EachTestNotifier.java:43)
	at cucumber.runtime.junit.JUnitReporter.result(JUnitReporter.java:83)
	at cucumber.runtime.Runtime.runStep(Runtime.java:299)
	at cucumber.runtime.model.StepContainer.runStep(StepContainer.java:44)
	at cucumber.runtime.model.StepContainer.runSteps(StepContainer.java:39)
	at cucumber.runtime.model.CucumberScenario.run(CucumberScenario.java:40)
	at cucumber.runtime.junit.ExecutionUnitRunner.run(ExecutionUnitRunner.java:83)
	at cucumber.runtime.junit.FeatureRunner.runChild(FeatureRunner.java:63)
	at cucumber.runtime.junit.FeatureRunner.runChild(FeatureRunner.java:18)
	at org.junit.runners.ParentRunner$3.run(ParentRunner.java:238)
	at org.junit.runners.ParentRunner$1.schedule(ParentRunner.java:63)
	at org.junit.runners.ParentRunner.runChildren(ParentRunner.java:236)
	at org.junit.runners.ParentRunner.access$000(ParentRunner.java:53)
	at org.junit.runners.ParentRunner$2.evaluate(ParentRunner.java:229)
	at org.junit.runners.ParentRunner.run(ParentRunner.java:309)
	at cucumber.runtime.junit.FeatureRunner.run(FeatureRunner.java:70)
	at cucumber.api.junit.Cucumber.runChild(Cucumber.java:82)
	at cucumber.api.junit.Cucumber.runChild(Cucumber.java:41)
	at org.junit.runners.ParentRunner$3.run(ParentRunner.java:238)
	at org.junit.runners.ParentRunner$1.schedule(ParentRunner.java:63)
	at org.junit.runners.ParentRunner.runChildren(ParentRunner.java:236)
	at org.junit.runners.ParentRunner.access$000(ParentRunner.java:53)
	at org.junit.runners.ParentRunner$2.evaluate(ParentRunner.java:229)
	at org.junit.runners.ParentRunner.run(ParentRunner.java:309)
	at cucumber.api.junit.Cucumber.run(Cucumber.java:87)
	at org.apache.maven.surefire.junit4.JUnit4Provider.execute(JUnit4Provider.java:264)
	at org.apache.maven.surefire.junit4.JUnit4Provider.executeTestSet(JUnit4Provider.java:153)
	at org.apache.maven.surefire.junit4.JUnit4Provider.invoke(JUnit4Provider.java:124)
	at org.apache.maven.surefire.booter.ForkedBooter.invokeProviderInSameClassLoader(ForkedBooter.java:200)
	at org.apache.maven.surefire.booter.ForkedBooter.runSuitesInProcess(ForkedBooter.java:153)
	at org.apache.maven.surefire.booter.ForkedBooter.main(ForkedBooter.java:103)
</error>
    <system-out><![CDATA[testCaseResult=ru.yandex.qatools.allure.model.TestCaseResult@5b3b13fb[
  name=findJobThroughRegexp
  title=<null>
  description=<null>
  failure=<null>
  start=1445036595579
  stop=1445036616110
  status=PASSED
  severity=<null>
  steps=[]
  attachments=[]
  labels=[ru.yandex.qatools.allure.model.Label@42360a1c, ru.yandex.qatools.allure.model.Label@43e865ba]
  parameters=<null>
]
testCaseResult={
   "start" : 1445036595579,
   "stop" : 1445036616110,
   "status" : "passed",
   "name" : "findJobThroughRegexp",
   "steps" : {
      "step" : [ ]
   },
   "attachments" : {
      "attachment" : [ ]
   },
   "labels" : {
      "label" : [ {
         "name" : "host",
         "value" : "MacBook-Pro-2.home"
      }, {
         "name" : "thread",
         "value" : "1771@MacBook-Pro-2.home.main(1)"
      } ]
   }
}
testCase=ru.yandex.qatools.allure.model.TestCase@7584857e[
  _id=e7550d12-6fe8-4f65-ad9e-0f4ac62cc7e3
  executionId=7a8626ac-7b8d-4761-8bff-776519219d78
  threadName=thread_15005794375463
  name=findJobThroughRegexp
  title=<null>
  description=<null>
  failure=<null>
  start=1445036595579
  stop=1445036616110
  status=PASSED
  severity=<null>
  steps=[]
  attachments=[]
  labels=[ru.yandex.qatools.allure.model.Label@42360a1c, ru.yandex.qatools.allure.model.Label@43e865ba]
  parameters=<null>
]
testCase={
   "start" : 1445036595579,
   "stop" : 1445036616110,
   "status" : "passed",
   "_id" : "e7550d12-6fe8-4f65-ad9e-0f4ac62cc7e3",
   "executionId" : "7a8626ac-7b8d-4761-8bff-776519219d78",
   "threadName" : "thread_15005794375463",
   "name" : "findJobThroughRegexp",
   "steps" : {
      "step" : [ ]
   },
   "attachments" : {
      "attachment" : [ ]
   },
   "labels" : {
      "label" : [ {
         "name" : "host",
         "value" : "MacBook-Pro-2.home"
      }, {
         "name" : "thread",
         "value" : "1771@MacBook-Pro-2.home.main(1)"
      } ]
   }
}
>>>REQUEST: /testaspect/TestCase/e7550d12-6fe8-4f65-ad9e-0f4ac62cc7e3
<<<RESPONSE (201 Created): /testaspect/TestCase/e7550d12-6fe8-4f65-ad9e-0f4ac62cc7e3
]]></system-out>
  </testcase>
  <testcase name="Test mechanism" classname="Test mechanism" time="0.002">
    <error type="java.lang.NullPointerException:">java.lang.NullPointerException: null
	at org.junit.runner.Description.createSuiteDescription(Description.java:123)
	at ru.yandex.qatools.allure.junit.AllureRunListener.getSuiteUid(AllureRunListener.java:110)
	at ru.yandex.qatools.allure.junit.AllureRunListener.testStarted(AllureRunListener.java:50)
	at org.junit.runner.notification.RunNotifier$3.notifyListener(RunNotifier.java:115)
	at org.junit.runner.notification.RunNotifier$SafeNotifier.run(RunNotifier.java:61)
	at org.junit.runner.notification.RunNotifier.fireTestStarted(RunNotifier.java:112)
	at org.junit.internal.runners.model.EachTestNotifier.fireTestStarted(EachTestNotifier.java:43)
	at cucumber.runtime.junit.JUnitReporter.result(JUnitReporter.java:83)
	at cucumber.runtime.Runtime.runStep(Runtime.java:299)
	at cucumber.runtime.model.StepContainer.runStep(StepContainer.java:44)
	at cucumber.runtime.model.StepContainer.runSteps(StepContainer.java:39)
	at cucumber.runtime.model.CucumberScenario.run(CucumberScenario.java:40)
	at cucumber.runtime.junit.ExecutionUnitRunner.run(ExecutionUnitRunner.java:83)
	at cucumber.runtime.junit.FeatureRunner.runChild(FeatureRunner.java:63)
	at cucumber.runtime.junit.FeatureRunner.runChild(FeatureRunner.java:18)
	at org.junit.runners.ParentRunner$3.run(ParentRunner.java:238)
	at org.junit.runners.ParentRunner$1.schedule(ParentRunner.java:63)
	at org.junit.runners.ParentRunner.runChildren(ParentRunner.java:236)
	at org.junit.runners.ParentRunner.access$000(ParentRunner.java:53)
	at org.junit.runners.ParentRunner$2.evaluate(ParentRunner.java:229)
	at org.junit.runners.ParentRunner.run(ParentRunner.java:309)
	at cucumber.runtime.junit.FeatureRunner.run(FeatureRunner.java:70)
	at cucumber.api.junit.Cucumber.runChild(Cucumber.java:82)
	at cucumber.api.junit.Cucumber.runChild(Cucumber.java:41)
	at org.junit.runners.ParentRunner$3.run(ParentRunner.java:238)
	at org.junit.runners.ParentRunner$1.schedule(ParentRunner.java:63)
	at org.junit.runners.ParentRunner.runChildren(ParentRunner.java:236)
	at org.junit.runners.ParentRunner.access$000(ParentRunner.java:53)
	at org.junit.runners.ParentRunner$2.evaluate(ParentRunner.java:229)
	at org.junit.runners.ParentRunner.run(ParentRunner.java:309)
	at cucumber.api.junit.Cucumber.run(Cucumber.java:87)
	at org.apache.maven.surefire.junit4.JUnit4Provider.execute(JUnit4Provider.java:264)
	at org.apache.maven.surefire.junit4.JUnit4Provider.executeTestSet(JUnit4Provider.java:153)
	at org.apache.maven.surefire.junit4.JUnit4Provider.invoke(JUnit4Provider.java:124)
	at org.apache.maven.surefire.booter.ForkedBooter.invokeProviderInSameClassLoader(ForkedBooter.java:200)
	at org.apache.maven.surefire.booter.ForkedBooter.runSuitesInProcess(ForkedBooter.java:153)
	at org.apache.maven.surefire.booter.ForkedBooter.main(ForkedBooter.java:103)
</error>
    <system-out><![CDATA[testCaseResult=ru.yandex.qatools.allure.model.TestCaseResult@5b3b13fb[
  name=findJobThroughRegexp
  title=<null>
  description=<null>
  failure=<null>
  start=1445036595579
  stop=1445036616110
  status=PASSED
  severity=<null>
  steps=[]
  attachments=[]
  labels=[ru.yandex.qatools.allure.model.Label@42360a1c, ru.yandex.qatools.allure.model.Label@43e865ba]
  parameters=<null>
]
testCaseResult={
   "start" : 1445036595579,
   "stop" : 1445036616110,
   "status" : "passed",
   "name" : "findJobThroughRegexp",
   "steps" : {
      "step" : [ ]
   },
   "attachments" : {
      "attachment" : [ ]
   },
   "labels" : {
      "label" : [ {
         "name" : "host",
         "value" : "MacBook-Pro-2.home"
      }, {
         "name" : "thread",
         "value" : "1771@MacBook-Pro-2.home.main(1)"
      } ]
   }
}
testCase=ru.yandex.qatools.allure.model.TestCase@609458dc[
  _id=b4136c56-cf97-4b8d-b9e8-7c99bb4f8851
  executionId=7a8626ac-7b8d-4761-8bff-776519219d78
  threadName=thread_15005794375463
  name=findJobThroughRegexp
  title=<null>
  description=<null>
  failure=<null>
  start=1445036595579
  stop=1445036616110
  status=PASSED
  severity=<null>
  steps=[]
  attachments=[]
  labels=[ru.yandex.qatools.allure.model.Label@42360a1c, ru.yandex.qatools.allure.model.Label@43e865ba]
  parameters=<null>
]
testCase={
   "start" : 1445036595579,
   "stop" : 1445036616110,
   "status" : "passed",
   "_id" : "b4136c56-cf97-4b8d-b9e8-7c99bb4f8851",
   "executionId" : "7a8626ac-7b8d-4761-8bff-776519219d78",
   "threadName" : "thread_15005794375463",
   "name" : "findJobThroughRegexp",
   "steps" : {
      "step" : [ ]
   },
   "attachments" : {
      "attachment" : [ ]
   },
   "labels" : {
      "label" : [ {
         "name" : "host",
         "value" : "MacBook-Pro-2.home"
      }, {
         "name" : "thread",
         "value" : "1771@MacBook-Pro-2.home.main(1)"
      } ]
   }
}
>>>REQUEST: /testaspect/TestCase/b4136c56-cf97-4b8d-b9e8-7c99bb4f8851
<<<RESPONSE (201 Created): /testaspect/TestCase/b4136c56-cf97-4b8d-b9e8-7c99bb4f8851
]]></system-out>
  </testcase>
  <testcase name="Test mechanism" classname="Test mechanism" time="0">
    <error type="java.lang.NullPointerException:">java.lang.NullPointerException: null
	at org.junit.runner.Description.createSuiteDescription(Description.java:123)
	at ru.yandex.qatools.allure.junit.AllureRunListener.getSuiteUid(AllureRunListener.java:110)
	at ru.yandex.qatools.allure.junit.AllureRunListener.testStarted(AllureRunListener.java:50)
	at org.junit.runner.notification.RunNotifier$3.notifyListener(RunNotifier.java:115)
	at org.junit.runner.notification.RunNotifier$SafeNotifier.run(RunNotifier.java:61)
	at org.junit.runner.notification.RunNotifier.fireTestStarted(RunNotifier.java:112)
	at org.junit.internal.runners.model.EachTestNotifier.fireTestStarted(EachTestNotifier.java:43)
	at cucumber.runtime.junit.JUnitReporter.startExecutionUnit(JUnitReporter.java:48)
	at cucumber.runtime.junit.ExecutionUnitRunner.run(ExecutionUnitRunner.java:81)
	at cucumber.runtime.junit.FeatureRunner.runChild(FeatureRunner.java:63)
	at cucumber.runtime.junit.FeatureRunner.runChild(FeatureRunner.java:18)
	at org.junit.runners.ParentRunner$3.run(ParentRunner.java:238)
	at org.junit.runners.ParentRunner$1.schedule(ParentRunner.java:63)
	at org.junit.runners.ParentRunner.runChildren(ParentRunner.java:236)
	at org.junit.runners.ParentRunner.access$000(ParentRunner.java:53)
	at org.junit.runners.ParentRunner$2.evaluate(ParentRunner.java:229)
	at org.junit.runners.ParentRunner.run(ParentRunner.java:309)
	at cucumber.runtime.junit.FeatureRunner.run(FeatureRunner.java:70)
	at cucumber.api.junit.Cucumber.runChild(Cucumber.java:82)
	at cucumber.api.junit.Cucumber.runChild(Cucumber.java:41)
	at org.junit.runners.ParentRunner$3.run(ParentRunner.java:238)
	at org.junit.runners.ParentRunner$1.schedule(ParentRunner.java:63)
	at org.junit.runners.ParentRunner.runChildren(ParentRunner.java:236)
	at org.junit.runners.ParentRunner.access$000(ParentRunner.java:53)
	at org.junit.runners.ParentRunner$2.evaluate(ParentRunner.java:229)
	at org.junit.runners.ParentRunner.run(ParentRunner.java:309)
	at cucumber.api.junit.Cucumber.run(Cucumber.java:87)
	at org.apache.maven.surefire.junit4.JUnit4Provider.execute(JUnit4Provider.java:264)
	at org.apache.maven.surefire.junit4.JUnit4Provider.executeTestSet(JUnit4Provider.java:153)
	at org.apache.maven.surefire.junit4.JUnit4Provider.invoke(JUnit4Provider.java:124)
	at org.apache.maven.surefire.booter.ForkedBooter.invokeProviderInSameClassLoader(ForkedBooter.java:200)
	at org.apache.maven.surefire.booter.ForkedBooter.runSuitesInProcess(ForkedBooter.java:153)
	at org.apache.maven.surefire.booter.ForkedBooter.main(ForkedBooter.java:103)
</error>
    <system-out><![CDATA[testCaseResult=ru.yandex.qatools.allure.model.TestCaseResult@5b3b13fb[
  name=findJobThroughRegexp
  title=<null>
  description=<null>
  failure=<null>
  start=1445036595579
  stop=1445036616110
  status=PASSED
  severity=<null>
  steps=[]
  attachments=[]
  labels=[ru.yandex.qatools.allure.model.Label@42360a1c, ru.yandex.qatools.allure.model.Label@43e865ba]
  parameters=<null>
]
testCaseResult={
   "start" : 1445036595579,
   "stop" : 1445036616110,
   "status" : "passed",
   "name" : "findJobThroughRegexp",
   "steps" : {
      "step" : [ ]
   },
   "attachments" : {
      "attachment" : [ ]
   },
   "labels" : {
      "label" : [ {
         "name" : "host",
         "value" : "MacBook-Pro-2.home"
      }, {
         "name" : "thread",
         "value" : "1771@MacBook-Pro-2.home.main(1)"
      } ]
   }
}
testCase=ru.yandex.qatools.allure.model.TestCase@76d06296[
  _id=1d2ded7f-07fe-449e-aed8-ca21f97b10d5
  executionId=7a8626ac-7b8d-4761-8bff-776519219d78
  threadName=thread_15005794375463
  name=findJobThroughRegexp
  title=<null>
  description=<null>
  failure=<null>
  start=1445036595579
  stop=1445036616110
  status=PASSED
  severity=<null>
  steps=[]
  attachments=[]
  labels=[ru.yandex.qatools.allure.model.Label@42360a1c, ru.yandex.qatools.allure.model.Label@43e865ba]
  parameters=<null>
]
testCase={
   "start" : 1445036595579,
   "stop" : 1445036616110,
   "status" : "passed",
   "_id" : "1d2ded7f-07fe-449e-aed8-ca21f97b10d5",
   "executionId" : "7a8626ac-7b8d-4761-8bff-776519219d78",
   "threadName" : "thread_15005794375463",
   "name" : "findJobThroughRegexp",
   "steps" : {
      "step" : [ ]
   },
   "attachments" : {
      "attachment" : [ ]
   },
   "labels" : {
      "label" : [ {
         "name" : "host",
         "value" : "MacBook-Pro-2.home"
      }, {
         "name" : "thread",
         "value" : "1771@MacBook-Pro-2.home.main(1)"
      } ]
   }
}
>>>REQUEST: /testaspect/TestCase/1d2ded7f-07fe-449e-aed8-ca21f97b10d5
Jenkins is stopped
<<<RESPONSE (201 Created): /testaspect/TestCase/1d2ded7f-07fe-449e-aed8-ca21f97b10d5
testCaseResult=ru.yandex.qatools.allure.model.TestCaseResult@5b3b13fb[
  name=findJobThroughRegexp
  title=<null>
  description=<null>
  failure=<null>
  start=1445036595579
  stop=1445036616110
  status=PASSED
  severity=<null>
  steps=[]
  attachments=[]
  labels=[ru.yandex.qatools.allure.model.Label@42360a1c, ru.yandex.qatools.allure.model.Label@43e865ba]
  parameters=<null>
]
testCaseResult={
   "start" : 1445036595579,
   "stop" : 1445036616110,
   "status" : "passed",
   "name" : "findJobThroughRegexp",
   "steps" : {
      "step" : [ ]
   },
   "attachments" : {
      "attachment" : [ ]
   },
   "labels" : {
      "label" : [ {
         "name" : "host",
         "value" : "MacBook-Pro-2.home"
      }, {
         "name" : "thread",
         "value" : "1771@MacBook-Pro-2.home.main(1)"
      } ]
   }
}
testCase=ru.yandex.qatools.allure.model.TestCase@382f2e99[
  _id=8bf7f8fa-55ea-4e16-a00f-d8011f1fba61
  executionId=7a8626ac-7b8d-4761-8bff-776519219d78
  threadName=thread_15005794375463
  name=findJobThroughRegexp
  title=<null>
  description=<null>
  failure=<null>
  start=1445036595579
  stop=1445036616110
  status=PASSED
  severity=<null>
  steps=[]
  attachments=[]
  labels=[ru.yandex.qatools.allure.model.Label@42360a1c, ru.yandex.qatools.allure.model.Label@43e865ba]
  parameters=<null>
]
testCase={
   "start" : 1445036595579,
   "stop" : 1445036616110,
   "status" : "passed",
   "_id" : "8bf7f8fa-55ea-4e16-a00f-d8011f1fba61",
   "executionId" : "7a8626ac-7b8d-4761-8bff-776519219d78",
   "threadName" : "thread_15005794375463",
   "name" : "findJobThroughRegexp",
   "steps" : {
      "step" : [ ]
   },
   "attachments" : {
      "attachment" : [ ]
   },
   "labels" : {
      "label" : [ {
         "name" : "host",
         "value" : "MacBook-Pro-2.home"
      }, {
         "name" : "thread",
         "value" : "1771@MacBook-Pro-2.home.main(1)"
      } ]
   }
}
>>>REQUEST: /testaspect/TestCase/8bf7f8fa-55ea-4e16-a00f-d8011f1fba61
]]></system-out>
    <system-err><![CDATA[[INFO  - 2015-10-16T23:05:17.344Z] ShutdownReqHand - _handle - About to shutdown
]]></system-err>
  </testcase>
  <testcase name="Test mechanism" classname="Test mechanism" time="0.003">
    <error type="java.lang.NullPointerException:">java.lang.NullPointerException: null
	at org.junit.runner.Description.createSuiteDescription(Description.java:123)
	at ru.yandex.qatools.allure.junit.AllureRunListener.getSuiteUid(AllureRunListener.java:110)
	at ru.yandex.qatools.allure.junit.AllureRunListener.testStarted(AllureRunListener.java:50)
	at org.junit.runner.notification.RunNotifier$3.notifyListener(RunNotifier.java:115)
	at org.junit.runner.notification.RunNotifier$SafeNotifier.run(RunNotifier.java:61)
	at org.junit.runner.notification.RunNotifier.fireTestStarted(RunNotifier.java:112)
	at org.junit.internal.runners.model.EachTestNotifier.fireTestStarted(EachTestNotifier.java:43)
	at cucumber.runtime.junit.JUnitReporter.result(JUnitReporter.java:83)
	at cucumber.runtime.Runtime.runStep(Runtime.java:299)
	at cucumber.runtime.model.StepContainer.runStep(StepContainer.java:44)
	at cucumber.runtime.model.StepContainer.runSteps(StepContainer.java:39)
	at cucumber.runtime.model.CucumberScenario.run(CucumberScenario.java:40)
	at cucumber.runtime.junit.ExecutionUnitRunner.run(ExecutionUnitRunner.java:83)
	at cucumber.runtime.junit.FeatureRunner.runChild(FeatureRunner.java:63)
	at cucumber.runtime.junit.FeatureRunner.runChild(FeatureRunner.java:18)
	at org.junit.runners.ParentRunner$3.run(ParentRunner.java:238)
	at org.junit.runners.ParentRunner$1.schedule(ParentRunner.java:63)
	at org.junit.runners.ParentRunner.runChildren(ParentRunner.java:236)
	at org.junit.runners.ParentRunner.access$000(ParentRunner.java:53)
	at org.junit.runners.ParentRunner$2.evaluate(ParentRunner.java:229)
	at org.junit.runners.ParentRunner.run(ParentRunner.java:309)
	at cucumber.runtime.junit.FeatureRunner.run(FeatureRunner.java:70)
	at cucumber.api.junit.Cucumber.runChild(Cucumber.java:82)
	at cucumber.api.junit.Cucumber.runChild(Cucumber.java:41)
	at org.junit.runners.ParentRunner$3.run(ParentRunner.java:238)
	at org.junit.runners.ParentRunner$1.schedule(ParentRunner.java:63)
	at org.junit.runners.ParentRunner.runChildren(ParentRunner.java:236)
	at org.junit.runners.ParentRunner.access$000(ParentRunner.java:53)
	at org.junit.runners.ParentRunner$2.evaluate(ParentRunner.java:229)
	at org.junit.runners.ParentRunner.run(ParentRunner.java:309)
	at cucumber.api.junit.Cucumber.run(Cucumber.java:87)
	at org.apache.maven.surefire.junit4.JUnit4Provider.execute(JUnit4Provider.java:264)
	at org.apache.maven.surefire.junit4.JUnit4Provider.executeTestSet(JUnit4Provider.java:153)
	at org.apache.maven.surefire.junit4.JUnit4Provider.invoke(JUnit4Provider.java:124)
	at org.apache.maven.surefire.booter.ForkedBooter.invokeProviderInSameClassLoader(ForkedBooter.java:200)
	at org.apache.maven.surefire.booter.ForkedBooter.runSuitesInProcess(ForkedBooter.java:153)
	at org.apache.maven.surefire.booter.ForkedBooter.main(ForkedBooter.java:103)
</error>
    <system-out><![CDATA[<<<RESPONSE (201 Created): /testaspect/TestCase/8bf7f8fa-55ea-4e16-a00f-d8011f1fba61
running with given plugins: []
Starting Jenkins: JAVA_HOME=/Library/Java/JavaVirtualMachines/jdk1.8.0_60.jdk/Contents/Home JENKINS_HOME=/Users/abduljewel/Documents/c/spiderqa/sample-test-projects/acceptance-test-harness/target/jenkins1040143957753493988home /Library/Java/JavaVirtualMachines/jdk1.8.0_60.jdk/Contents/Home/bin/java -Duser.language=en -jar ./jenkins.war --ajp13Port=-1 --httpPort=57415
master57415|Running from: /Users/abduljewel/Documents/c/spiderqa/sample-test-projects/acceptance-test-harness/jenkins.war
master57415|webroot: EnvVars.masterEnvVars.get("JENKINS_HOME")
master57415|Oct 16, 2015 7:05:18 PM winstone.Logger logInternal
master57415|INFO: Beginning extraction from war file
master57415|Oct 16, 2015 7:05:19 PM org.eclipse.jetty.util.log.JavaUtilLog info
master57415|INFO: jetty-winstone-2.8
master57415|Oct 16, 2015 7:05:20 PM org.eclipse.jetty.util.log.JavaUtilLog info
master57415|INFO: NO JSP Support for , did not find org.apache.jasper.servlet.JspServlet
master57415|Jenkins home directory: /Users/abduljewel/Documents/c/spiderqa/sample-test-projects/acceptance-test-harness/target/jenkins1040143957753493988home found at: EnvVars.masterEnvVars.get("JENKINS_HOME")
master57415|Oct 16, 2015 7:05:21 PM org.eclipse.jetty.util.log.JavaUtilLog info
master57415|INFO: Started SelectChannelConnector@0.0.0.0:57415
master57415|Oct 16, 2015 7:05:21 PM winstone.Logger logInternal
master57415|INFO: Winstone Servlet Engine v2.0 running: controlPort=disabled
master57415|Oct 16, 2015 7:05:21 PM jenkins.InitReactorRunner$1 onAttained
master57415|INFO: Started initialization
master57415|Oct 16, 2015 7:05:34 PM jenkins.InitReactorRunner$1 onAttained
master57415|INFO: Listed all plugins
master57415|Oct 16, 2015 7:05:34 PM jenkins.InitReactorRunner$1 onAttained
master57415|INFO: Prepared all plugins
master57415|Oct 16, 2015 7:05:34 PM jenkins.InitReactorRunner$1 onAttained
master57415|INFO: Started all plugins
master57415|Oct 16, 2015 7:05:34 PM jenkins.InitReactorRunner$1 onAttained
master57415|INFO: Augmented all extensions
master57415|Oct 16, 2015 7:05:35 PM jenkins.InitReactorRunner$1 onAttained
master57415|INFO: Loaded all jobs
master57415|Oct 16, 2015 7:05:37 PM hudson.model.AsyncPeriodicWork$1 run
master57415|INFO: Started Download metadata
master57415|Oct 16, 2015 7:05:37 PM org.jenkinsci.main.modules.sshd.SSHD start
master57415|INFO: Started SSHD at port 54480
master57415|Oct 16, 2015 7:05:37 PM jenkins.InitReactorRunner$1 onAttained
master57415|INFO: Completed initialization
master57415|Oct 16, 2015 7:05:37 PM hudson.UDPBroadcastThread run
master57415|WARNING: UDP handling problem
master57415|java.net.SocketException: Can't assign requested address
master57415|	at java.net.PlainDatagramSocketImpl.join(Native Method)
master57415|	at java.net.AbstractPlainDatagramSocketImpl.join(AbstractPlainDatagramSocketImpl.java:179)
master57415|	at java.net.MulticastSocket.joinGroup(MulticastSocket.java:323)
master57415|	at hudson.UDPBroadcastThread.run(UDPBroadcastThread.java:77)
master57415|
master57415|Oct 16, 2015 7:05:37 PM hudson.WebAppMain$3 run
master57415|INFO: Jenkins is fully up and running
master57415|Oct 16, 2015 7:05:39 PM hudson.model.UpdateSite updateData
master57415|INFO: Obtained the latest update center data file for UpdateSource default
master57415|Oct 16, 2015 7:05:39 PM hudson.model.DownloadService$Downloadable load
master57415|INFO: Obtained the updated data file for hudson.tasks.Maven.MavenInstaller
master57415|Oct 16, 2015 7:05:39 PM hudson.model.DownloadService$Downloadable load
master57415|INFO: Obtained the updated data file for hudson.tasks.Ant.AntInstaller
master57415|Oct 16, 2015 7:05:40 PM hudson.model.DownloadService$Downloadable load
master57415|INFO: Obtained the updated data file for hudson.tools.JDKInstaller
master57415|Oct 16, 2015 7:05:40 PM hudson.model.AsyncPeriodicWork$1 run
master57415|INFO: Finished Download metadata. 3,389 ms
]]></system-out>
    <system-err><![CDATA[Oct 16, 2015 7:05:18 PM org.jenkinsci.test.acceptance.controller.LocalController startNow
INFO: Waiting for Jenkins to become running in http://127.0.0.1:57415/
Oct 16, 2015 7:05:37 PM org.jenkinsci.test.acceptance.controller.LocalController startNow
INFO: Jenkins is running in http://127.0.0.1:57415/
Oct 16, 2015 7:05:37 PM org.openqa.selenium.phantomjs.PhantomJSDriverService <init>
INFO: executable: /usr/local/bin/phantomjs
Oct 16, 2015 7:05:37 PM org.openqa.selenium.phantomjs.PhantomJSDriverService <init>
INFO: port: 32513
Oct 16, 2015 7:05:37 PM org.openqa.selenium.phantomjs.PhantomJSDriverService <init>
INFO: arguments: [--webdriver=32513, --webdriver-logfile=/Users/abduljewel/Documents/c/spiderqa/sample-test-projects/acceptance-test-harness/phantomjsdriver.log]
Oct 16, 2015 7:05:37 PM org.openqa.selenium.phantomjs.PhantomJSDriverService <init>
INFO: environment: {}
[INFO  - 2015-10-16T23:05:37.802Z] GhostDriver - Main - running on port 32513
[INFO  - 2015-10-16T23:05:38.009Z] Session [6a113760-745a-11e5-b66e-099c8bc345e1] - page.settings - {"XSSAuditingEnabled":false,"javascriptCanCloseWindows":true,"javascriptCanOpenWindows":true,"javascriptEnabled":true,"loadImages":true,"localToRemoteUrlAccessEnabled":false,"userAgent":"Mozilla/5.0 (Macintosh; Intel Mac OS X) AppleWebKit/538.1 (KHTML, like Gecko) PhantomJS/2.0.0 Safari/538.1","webSecurityEnabled":true}
[INFO  - 2015-10-16T23:05:38.009Z] Session [6a113760-745a-11e5-b66e-099c8bc345e1] - page.customHeaders:  - {"Accept-Language":"en"}
[INFO  - 2015-10-16T23:05:38.009Z] Session [6a113760-745a-11e5-b66e-099c8bc345e1] - Session.negotiatedCapabilities - {"browserName":"phantomjs","version":"2.0.0","driverName":"ghostdriver","driverVersion":"1.2.0","platform":"mac-10.9 (Mavericks)-64bit","javascriptEnabled":true,"takesScreenshot":true,"handlesAlerts":false,"databaseEnabled":false,"locationContextEnabled":false,"applicationCacheEnabled":false,"browserConnectionEnabled":false,"cssSelectorsEnabled":true,"webStorageEnabled":false,"rotatable":false,"acceptSslCerts":false,"nativeEvents":true,"proxy":{"proxyType":"direct"},"phantomjs.page.customHeaders.Accept-Language":"en"}
[INFO  - 2015-10-16T23:05:38.010Z] SessionManagerReqHand - _postNewSessionCommand - New Session Created: 6a113760-745a-11e5-b66e-099c8bc345e1
]]></system-err>
  </testcase>
  <testcase name="Test mechanism" classname="Test mechanism" time="0.002">
    <error type="java.lang.NullPointerException:">java.lang.NullPointerException: null
	at org.junit.runner.Description.createSuiteDescription(Description.java:123)
	at ru.yandex.qatools.allure.junit.AllureRunListener.getSuiteUid(AllureRunListener.java:110)
	at ru.yandex.qatools.allure.junit.AllureRunListener.testStarted(AllureRunListener.java:50)
	at org.junit.runner.notification.RunNotifier$3.notifyListener(RunNotifier.java:115)
	at org.junit.runner.notification.RunNotifier$SafeNotifier.run(RunNotifier.java:61)
	at org.junit.runner.notification.RunNotifier.fireTestStarted(RunNotifier.java:112)
	at org.junit.internal.runners.model.EachTestNotifier.fireTestStarted(EachTestNotifier.java:43)
	at cucumber.runtime.junit.JUnitReporter.result(JUnitReporter.java:83)
	at cucumber.runtime.Runtime.runStep(Runtime.java:299)
	at cucumber.runtime.model.StepContainer.runStep(StepContainer.java:44)
	at cucumber.runtime.model.StepContainer.runSteps(StepContainer.java:39)
	at cucumber.runtime.model.CucumberScenario.run(CucumberScenario.java:40)
	at cucumber.runtime.junit.ExecutionUnitRunner.run(ExecutionUnitRunner.java:83)
	at cucumber.runtime.junit.FeatureRunner.runChild(FeatureRunner.java:63)
	at cucumber.runtime.junit.FeatureRunner.runChild(FeatureRunner.java:18)
	at org.junit.runners.ParentRunner$3.run(ParentRunner.java:238)
	at org.junit.runners.ParentRunner$1.schedule(ParentRunner.java:63)
	at org.junit.runners.ParentRunner.runChildren(ParentRunner.java:236)
	at org.junit.runners.ParentRunner.access$000(ParentRunner.java:53)
	at org.junit.runners.ParentRunner$2.evaluate(ParentRunner.java:229)
	at org.junit.runners.ParentRunner.run(ParentRunner.java:309)
	at cucumber.runtime.junit.FeatureRunner.run(FeatureRunner.java:70)
	at cucumber.api.junit.Cucumber.runChild(Cucumber.java:82)
	at cucumber.api.junit.Cucumber.runChild(Cucumber.java:41)
	at org.junit.runners.ParentRunner$3.run(ParentRunner.java:238)
	at org.junit.runners.ParentRunner$1.schedule(ParentRunner.java:63)
	at org.junit.runners.ParentRunner.runChildren(ParentRunner.java:236)
	at org.junit.runners.ParentRunner.access$000(ParentRunner.java:53)
	at org.junit.runners.ParentRunner$2.evaluate(ParentRunner.java:229)
	at org.junit.runners.ParentRunner.run(ParentRunner.java:309)
	at cucumber.api.junit.Cucumber.run(Cucumber.java:87)
	at org.apache.maven.surefire.junit4.JUnit4Provider.execute(JUnit4Provider.java:264)
	at org.apache.maven.surefire.junit4.JUnit4Provider.executeTestSet(JUnit4Provider.java:153)
	at org.apache.maven.surefire.junit4.JUnit4Provider.invoke(JUnit4Provider.java:124)
	at org.apache.maven.surefire.booter.ForkedBooter.invokeProviderInSameClassLoader(ForkedBooter.java:200)
	at org.apache.maven.surefire.booter.ForkedBooter.runSuitesInProcess(ForkedBooter.java:153)
	at org.apache.maven.surefire.booter.ForkedBooter.main(ForkedBooter.java:103)
</error>
    <system-out><![CDATA[testCaseResult=ru.yandex.qatools.allure.model.TestCaseResult@5b3b13fb[
  name=findJobThroughRegexp
  title=<null>
  description=<null>
  failure=<null>
  start=1445036595579
  stop=1445036616110
  status=PASSED
  severity=<null>
  steps=[]
  attachments=[]
  labels=[ru.yandex.qatools.allure.model.Label@42360a1c, ru.yandex.qatools.allure.model.Label@43e865ba]
  parameters=<null>
]
testCaseResult={
   "start" : 1445036595579,
   "stop" : 1445036616110,
   "status" : "passed",
   "name" : "findJobThroughRegexp",
   "steps" : {
      "step" : [ ]
   },
   "attachments" : {
      "attachment" : [ ]
   },
   "labels" : {
      "label" : [ {
         "name" : "host",
         "value" : "MacBook-Pro-2.home"
      }, {
         "name" : "thread",
         "value" : "1771@MacBook-Pro-2.home.main(1)"
      } ]
   }
}
testCase=ru.yandex.qatools.allure.model.TestCase@385283ab[
  _id=bfc8f60f-dc11-4c11-a55d-4510928765c9
  executionId=7a8626ac-7b8d-4761-8bff-776519219d78
  threadName=thread_15005794375463
  name=findJobThroughRegexp
  title=<null>
  description=<null>
  failure=<null>
  start=1445036595579
  stop=1445036616110
  status=PASSED
  severity=<null>
  steps=[]
  attachments=[]
  labels=[ru.yandex.qatools.allure.model.Label@42360a1c, ru.yandex.qatools.allure.model.Label@43e865ba]
  parameters=<null>
]
testCase={
   "start" : 1445036595579,
   "stop" : 1445036616110,
   "status" : "passed",
   "_id" : "bfc8f60f-dc11-4c11-a55d-4510928765c9",
   "executionId" : "7a8626ac-7b8d-4761-8bff-776519219d78",
   "threadName" : "thread_15005794375463",
   "name" : "findJobThroughRegexp",
   "steps" : {
      "step" : [ ]
   },
   "attachments" : {
      "attachment" : [ ]
   },
   "labels" : {
      "label" : [ {
         "name" : "host",
         "value" : "MacBook-Pro-2.home"
      }, {
         "name" : "thread",
         "value" : "1771@MacBook-Pro-2.home.main(1)"
      } ]
   }
}
>>>REQUEST: /testaspect/TestCase/bfc8f60f-dc11-4c11-a55d-4510928765c9
<<<RESPONSE (201 Created): /testaspect/TestCase/bfc8f60f-dc11-4c11-a55d-4510928765c9
]]></system-out>
  </testcase>
  <testcase name="Test mechanism" classname="Test mechanism" time="0.002">
    <error type="java.lang.NullPointerException:">java.lang.NullPointerException: null
	at org.junit.runner.Description.createSuiteDescription(Description.java:123)
	at ru.yandex.qatools.allure.junit.AllureRunListener.getSuiteUid(AllureRunListener.java:110)
	at ru.yandex.qatools.allure.junit.AllureRunListener.testStarted(AllureRunListener.java:50)
	at org.junit.runner.notification.RunNotifier$3.notifyListener(RunNotifier.java:115)
	at org.junit.runner.notification.RunNotifier$SafeNotifier.run(RunNotifier.java:61)
	at org.junit.runner.notification.RunNotifier.fireTestStarted(RunNotifier.java:112)
	at org.junit.internal.runners.model.EachTestNotifier.fireTestStarted(EachTestNotifier.java:43)
	at cucumber.runtime.junit.JUnitReporter.result(JUnitReporter.java:83)
	at cucumber.runtime.Runtime.runStep(Runtime.java:299)
	at cucumber.runtime.model.StepContainer.runStep(StepContainer.java:44)
	at cucumber.runtime.model.StepContainer.runSteps(StepContainer.java:39)
	at cucumber.runtime.model.CucumberScenario.run(CucumberScenario.java:40)
	at cucumber.runtime.junit.ExecutionUnitRunner.run(ExecutionUnitRunner.java:83)
	at cucumber.runtime.junit.FeatureRunner.runChild(FeatureRunner.java:63)
	at cucumber.runtime.junit.FeatureRunner.runChild(FeatureRunner.java:18)
	at org.junit.runners.ParentRunner$3.run(ParentRunner.java:238)
	at org.junit.runners.ParentRunner$1.schedule(ParentRunner.java:63)
	at org.junit.runners.ParentRunner.runChildren(ParentRunner.java:236)
	at org.junit.runners.ParentRunner.access$000(ParentRunner.java:53)
	at org.junit.runners.ParentRunner$2.evaluate(ParentRunner.java:229)
	at org.junit.runners.ParentRunner.run(ParentRunner.java:309)
	at cucumber.runtime.junit.FeatureRunner.run(FeatureRunner.java:70)
	at cucumber.api.junit.Cucumber.runChild(Cucumber.java:82)
	at cucumber.api.junit.Cucumber.runChild(Cucumber.java:41)
	at org.junit.runners.ParentRunner$3.run(ParentRunner.java:238)
	at org.junit.runners.ParentRunner$1.schedule(ParentRunner.java:63)
	at org.junit.runners.ParentRunner.runChildren(ParentRunner.java:236)
	at org.junit.runners.ParentRunner.access$000(ParentRunner.java:53)
	at org.junit.runners.ParentRunner$2.evaluate(ParentRunner.java:229)
	at org.junit.runners.ParentRunner.run(ParentRunner.java:309)
	at cucumber.api.junit.Cucumber.run(Cucumber.java:87)
	at org.apache.maven.surefire.junit4.JUnit4Provider.execute(JUnit4Provider.java:264)
	at org.apache.maven.surefire.junit4.JUnit4Provider.executeTestSet(JUnit4Provider.java:153)
	at org.apache.maven.surefire.junit4.JUnit4Provider.invoke(JUnit4Provider.java:124)
	at org.apache.maven.surefire.booter.ForkedBooter.invokeProviderInSameClassLoader(ForkedBooter.java:200)
	at org.apache.maven.surefire.booter.ForkedBooter.runSuitesInProcess(ForkedBooter.java:153)
	at org.apache.maven.surefire.booter.ForkedBooter.main(ForkedBooter.java:103)
</error>
    <system-out><![CDATA[testCaseResult=ru.yandex.qatools.allure.model.TestCaseResult@5b3b13fb[
  name=findJobThroughRegexp
  title=<null>
  description=<null>
  failure=<null>
  start=1445036595579
  stop=1445036616110
  status=PASSED
  severity=<null>
  steps=[]
  attachments=[]
  labels=[ru.yandex.qatools.allure.model.Label@42360a1c, ru.yandex.qatools.allure.model.Label@43e865ba]
  parameters=<null>
]
testCaseResult={
   "start" : 1445036595579,
   "stop" : 1445036616110,
   "status" : "passed",
   "name" : "findJobThroughRegexp",
   "steps" : {
      "step" : [ ]
   },
   "attachments" : {
      "attachment" : [ ]
   },
   "labels" : {
      "label" : [ {
         "name" : "host",
         "value" : "MacBook-Pro-2.home"
      }, {
         "name" : "thread",
         "value" : "1771@MacBook-Pro-2.home.main(1)"
      } ]
   }
}
testCase=ru.yandex.qatools.allure.model.TestCase@56bef874[
  _id=826e6621-b3c9-4564-b26c-c0bfc95ee1fe
  executionId=7a8626ac-7b8d-4761-8bff-776519219d78
  threadName=thread_15005794375463
  name=findJobThroughRegexp
  title=<null>
  description=<null>
  failure=<null>
  start=1445036595579
  stop=1445036616110
  status=PASSED
  severity=<null>
  steps=[]
  attachments=[]
  labels=[ru.yandex.qatools.allure.model.Label@42360a1c, ru.yandex.qatools.allure.model.Label@43e865ba]
  parameters=<null>
]
testCase={
   "start" : 1445036595579,
   "stop" : 1445036616110,
   "status" : "passed",
   "_id" : "826e6621-b3c9-4564-b26c-c0bfc95ee1fe",
   "executionId" : "7a8626ac-7b8d-4761-8bff-776519219d78",
   "threadName" : "thread_15005794375463",
   "name" : "findJobThroughRegexp",
   "steps" : {
      "step" : [ ]
   },
   "attachments" : {
      "attachment" : [ ]
   },
   "labels" : {
      "label" : [ {
         "name" : "host",
         "value" : "MacBook-Pro-2.home"
      }, {
         "name" : "thread",
         "value" : "1771@MacBook-Pro-2.home.main(1)"
      } ]
   }
}
>>>REQUEST: /testaspect/TestCase/826e6621-b3c9-4564-b26c-c0bfc95ee1fe
<<<RESPONSE (201 Created): /testaspect/TestCase/826e6621-b3c9-4564-b26c-c0bfc95ee1fe
]]></system-out>
  </testcase>
  <testcase name="Test mechanism" classname="Test mechanism" time="0.001">
    <error type="java.lang.NullPointerException:">java.lang.NullPointerException: null
	at org.junit.runner.Description.createSuiteDescription(Description.java:123)
	at ru.yandex.qatools.allure.junit.AllureRunListener.getSuiteUid(AllureRunListener.java:110)
	at ru.yandex.qatools.allure.junit.AllureRunListener.testStarted(AllureRunListener.java:50)
	at org.junit.runner.notification.RunNotifier$3.notifyListener(RunNotifier.java:115)
	at org.junit.runner.notification.RunNotifier$SafeNotifier.run(RunNotifier.java:61)
	at org.junit.runner.notification.RunNotifier.fireTestStarted(RunNotifier.java:112)
	at org.junit.internal.runners.model.EachTestNotifier.fireTestStarted(EachTestNotifier.java:43)
	at cucumber.runtime.junit.JUnitReporter.result(JUnitReporter.java:83)
	at cucumber.runtime.Runtime.runStep(Runtime.java:299)
	at cucumber.runtime.model.StepContainer.runStep(StepContainer.java:44)
	at cucumber.runtime.model.StepContainer.runSteps(StepContainer.java:39)
	at cucumber.runtime.model.CucumberScenario.run(CucumberScenario.java:40)
	at cucumber.runtime.junit.ExecutionUnitRunner.run(ExecutionUnitRunner.java:83)
	at cucumber.runtime.junit.FeatureRunner.runChild(FeatureRunner.java:63)
	at cucumber.runtime.junit.FeatureRunner.runChild(FeatureRunner.java:18)
	at org.junit.runners.ParentRunner$3.run(ParentRunner.java:238)
	at org.junit.runners.ParentRunner$1.schedule(ParentRunner.java:63)
	at org.junit.runners.ParentRunner.runChildren(ParentRunner.java:236)
	at org.junit.runners.ParentRunner.access$000(ParentRunner.java:53)
	at org.junit.runners.ParentRunner$2.evaluate(ParentRunner.java:229)
	at org.junit.runners.ParentRunner.run(ParentRunner.java:309)
	at cucumber.runtime.junit.FeatureRunner.run(FeatureRunner.java:70)
	at cucumber.api.junit.Cucumber.runChild(Cucumber.java:82)
	at cucumber.api.junit.Cucumber.runChild(Cucumber.java:41)
	at org.junit.runners.ParentRunner$3.run(ParentRunner.java:238)
	at org.junit.runners.ParentRunner$1.schedule(ParentRunner.java:63)
	at org.junit.runners.ParentRunner.runChildren(ParentRunner.java:236)
	at org.junit.runners.ParentRunner.access$000(ParentRunner.java:53)
	at org.junit.runners.ParentRunner$2.evaluate(ParentRunner.java:229)
	at org.junit.runners.ParentRunner.run(ParentRunner.java:309)
	at cucumber.api.junit.Cucumber.run(Cucumber.java:87)
	at org.apache.maven.surefire.junit4.JUnit4Provider.execute(JUnit4Provider.java:264)
	at org.apache.maven.surefire.junit4.JUnit4Provider.executeTestSet(JUnit4Provider.java:153)
	at org.apache.maven.surefire.junit4.JUnit4Provider.invoke(JUnit4Provider.java:124)
	at org.apache.maven.surefire.booter.ForkedBooter.invokeProviderInSameClassLoader(ForkedBooter.java:200)
	at org.apache.maven.surefire.booter.ForkedBooter.runSuitesInProcess(ForkedBooter.java:153)
	at org.apache.maven.surefire.booter.ForkedBooter.main(ForkedBooter.java:103)
</error>
    <system-out><![CDATA[testCaseResult=ru.yandex.qatools.allure.model.TestCaseResult@5b3b13fb[
  name=findJobThroughRegexp
  title=<null>
  description=<null>
  failure=<null>
  start=1445036595579
  stop=1445036616110
  status=PASSED
  severity=<null>
  steps=[]
  attachments=[]
  labels=[ru.yandex.qatools.allure.model.Label@42360a1c, ru.yandex.qatools.allure.model.Label@43e865ba]
  parameters=<null>
]
testCaseResult={
   "start" : 1445036595579,
   "stop" : 1445036616110,
   "status" : "passed",
   "name" : "findJobThroughRegexp",
   "steps" : {
      "step" : [ ]
   },
   "attachments" : {
      "attachment" : [ ]
   },
   "labels" : {
      "label" : [ {
         "name" : "host",
         "value" : "MacBook-Pro-2.home"
      }, {
         "name" : "thread",
         "value" : "1771@MacBook-Pro-2.home.main(1)"
      } ]
   }
}
testCase=ru.yandex.qatools.allure.model.TestCase@76604521[
  _id=d4dd27e8-1d7b-4211-8e5b-6026526f7d2f
  executionId=7a8626ac-7b8d-4761-8bff-776519219d78
  threadName=thread_15005794375463
  name=findJobThroughRegexp
  title=<null>
  description=<null>
  failure=<null>
  start=1445036595579
  stop=1445036616110
  status=PASSED
  severity=<null>
  steps=[]
  attachments=[]
  labels=[ru.yandex.qatools.allure.model.Label@42360a1c, ru.yandex.qatools.allure.model.Label@43e865ba]
  parameters=<null>
]
testCase={
   "start" : 1445036595579,
   "stop" : 1445036616110,
   "status" : "passed",
   "_id" : "d4dd27e8-1d7b-4211-8e5b-6026526f7d2f",
   "executionId" : "7a8626ac-7b8d-4761-8bff-776519219d78",
   "threadName" : "thread_15005794375463",
   "name" : "findJobThroughRegexp",
   "steps" : {
      "step" : [ ]
   },
   "attachments" : {
      "attachment" : [ ]
   },
   "labels" : {
      "label" : [ {
         "name" : "host",
         "value" : "MacBook-Pro-2.home"
      }, {
         "name" : "thread",
         "value" : "1771@MacBook-Pro-2.home.main(1)"
      } ]
   }
}
>>>REQUEST: /testaspect/TestCase/d4dd27e8-1d7b-4211-8e5b-6026526f7d2f
<<<RESPONSE (201 Created): /testaspect/TestCase/d4dd27e8-1d7b-4211-8e5b-6026526f7d2f
]]></system-out>
  </testcase>
  <testcase name="Test mechanism" classname="Test mechanism" time="0.002">
    <error type="java.lang.NullPointerException:">java.lang.NullPointerException: null
	at org.junit.runner.Description.createSuiteDescription(Description.java:123)
	at ru.yandex.qatools.allure.junit.AllureRunListener.getSuiteUid(AllureRunListener.java:110)
	at ru.yandex.qatools.allure.junit.AllureRunListener.testStarted(AllureRunListener.java:50)
	at org.junit.runner.notification.RunNotifier$3.notifyListener(RunNotifier.java:115)
	at org.junit.runner.notification.RunNotifier$SafeNotifier.run(RunNotifier.java:61)
	at org.junit.runner.notification.RunNotifier.fireTestStarted(RunNotifier.java:112)
	at org.junit.internal.runners.model.EachTestNotifier.fireTestStarted(EachTestNotifier.java:43)
	at cucumber.runtime.junit.JUnitReporter.result(JUnitReporter.java:83)
	at cucumber.runtime.Runtime.runStep(Runtime.java:299)
	at cucumber.runtime.model.StepContainer.runStep(StepContainer.java:44)
	at cucumber.runtime.model.StepContainer.runSteps(StepContainer.java:39)
	at cucumber.runtime.model.CucumberScenario.run(CucumberScenario.java:40)
	at cucumber.runtime.junit.ExecutionUnitRunner.run(ExecutionUnitRunner.java:83)
	at cucumber.runtime.junit.FeatureRunner.runChild(FeatureRunner.java:63)
	at cucumber.runtime.junit.FeatureRunner.runChild(FeatureRunner.java:18)
	at org.junit.runners.ParentRunner$3.run(ParentRunner.java:238)
	at org.junit.runners.ParentRunner$1.schedule(ParentRunner.java:63)
	at org.junit.runners.ParentRunner.runChildren(ParentRunner.java:236)
	at org.junit.runners.ParentRunner.access$000(ParentRunner.java:53)
	at org.junit.runners.ParentRunner$2.evaluate(ParentRunner.java:229)
	at org.junit.runners.ParentRunner.run(ParentRunner.java:309)
	at cucumber.runtime.junit.FeatureRunner.run(FeatureRunner.java:70)
	at cucumber.api.junit.Cucumber.runChild(Cucumber.java:82)
	at cucumber.api.junit.Cucumber.runChild(Cucumber.java:41)
	at org.junit.runners.ParentRunner$3.run(ParentRunner.java:238)
	at org.junit.runners.ParentRunner$1.schedule(ParentRunner.java:63)
	at org.junit.runners.ParentRunner.runChildren(ParentRunner.java:236)
	at org.junit.runners.ParentRunner.access$000(ParentRunner.java:53)
	at org.junit.runners.ParentRunner$2.evaluate(ParentRunner.java:229)
	at org.junit.runners.ParentRunner.run(ParentRunner.java:309)
	at cucumber.api.junit.Cucumber.run(Cucumber.java:87)
	at org.apache.maven.surefire.junit4.JUnit4Provider.execute(JUnit4Provider.java:264)
	at org.apache.maven.surefire.junit4.JUnit4Provider.executeTestSet(JUnit4Provider.java:153)
	at org.apache.maven.surefire.junit4.JUnit4Provider.invoke(JUnit4Provider.java:124)
	at org.apache.maven.surefire.booter.ForkedBooter.invokeProviderInSameClassLoader(ForkedBooter.java:200)
	at org.apache.maven.surefire.booter.ForkedBooter.runSuitesInProcess(ForkedBooter.java:153)
	at org.apache.maven.surefire.booter.ForkedBooter.main(ForkedBooter.java:103)
</error>
    <system-out><![CDATA[testCaseResult=ru.yandex.qatools.allure.model.TestCaseResult@5b3b13fb[
  name=findJobThroughRegexp
  title=<null>
  description=<null>
  failure=<null>
  start=1445036595579
  stop=1445036616110
  status=PASSED
  severity=<null>
  steps=[]
  attachments=[]
  labels=[ru.yandex.qatools.allure.model.Label@42360a1c, ru.yandex.qatools.allure.model.Label@43e865ba]
  parameters=<null>
]
testCaseResult={
   "start" : 1445036595579,
   "stop" : 1445036616110,
   "status" : "passed",
   "name" : "findJobThroughRegexp",
   "steps" : {
      "step" : [ ]
   },
   "attachments" : {
      "attachment" : [ ]
   },
   "labels" : {
      "label" : [ {
         "name" : "host",
         "value" : "MacBook-Pro-2.home"
      }, {
         "name" : "thread",
         "value" : "1771@MacBook-Pro-2.home.main(1)"
      } ]
   }
}
testCase=ru.yandex.qatools.allure.model.TestCase@6bb57382[
  _id=70e649fd-a98d-45db-9740-f0d477b7d235
  executionId=7a8626ac-7b8d-4761-8bff-776519219d78
  threadName=thread_15005794375463
  name=findJobThroughRegexp
  title=<null>
  description=<null>
  failure=<null>
  start=1445036595579
  stop=1445036616110
  status=PASSED
  severity=<null>
  steps=[]
  attachments=[]
  labels=[ru.yandex.qatools.allure.model.Label@42360a1c, ru.yandex.qatools.allure.model.Label@43e865ba]
  parameters=<null>
]
testCase={
   "start" : 1445036595579,
   "stop" : 1445036616110,
   "status" : "passed",
   "_id" : "70e649fd-a98d-45db-9740-f0d477b7d235",
   "executionId" : "7a8626ac-7b8d-4761-8bff-776519219d78",
   "threadName" : "thread_15005794375463",
   "name" : "findJobThroughRegexp",
   "steps" : {
      "step" : [ ]
   },
   "attachments" : {
      "attachment" : [ ]
   },
   "labels" : {
      "label" : [ {
         "name" : "host",
         "value" : "MacBook-Pro-2.home"
      }, {
         "name" : "thread",
         "value" : "1771@MacBook-Pro-2.home.main(1)"
      } ]
   }
}
>>>REQUEST: /testaspect/TestCase/70e649fd-a98d-45db-9740-f0d477b7d235
<<<RESPONSE (201 Created): /testaspect/TestCase/70e649fd-a98d-45db-9740-f0d477b7d235
]]></system-out>
  </testcase>
  <testcase name="Test mechanism" classname="Test mechanism" time="0.001">
    <error type="java.lang.NullPointerException:">java.lang.NullPointerException: null
	at org.junit.runner.Description.createSuiteDescription(Description.java:123)
	at ru.yandex.qatools.allure.junit.AllureRunListener.getSuiteUid(AllureRunListener.java:110)
	at ru.yandex.qatools.allure.junit.AllureRunListener.testStarted(AllureRunListener.java:50)
	at org.junit.runner.notification.RunNotifier$3.notifyListener(RunNotifier.java:115)
	at org.junit.runner.notification.RunNotifier$SafeNotifier.run(RunNotifier.java:61)
	at org.junit.runner.notification.RunNotifier.fireTestStarted(RunNotifier.java:112)
	at org.junit.internal.runners.model.EachTestNotifier.fireTestStarted(EachTestNotifier.java:43)
	at cucumber.runtime.junit.JUnitReporter.result(JUnitReporter.java:83)
	at cucumber.runtime.Runtime.runStep(Runtime.java:299)
	at cucumber.runtime.model.StepContainer.runStep(StepContainer.java:44)
	at cucumber.runtime.model.StepContainer.runSteps(StepContainer.java:39)
	at cucumber.runtime.model.CucumberScenario.run(CucumberScenario.java:40)
	at cucumber.runtime.junit.ExecutionUnitRunner.run(ExecutionUnitRunner.java:83)
	at cucumber.runtime.junit.FeatureRunner.runChild(FeatureRunner.java:63)
	at cucumber.runtime.junit.FeatureRunner.runChild(FeatureRunner.java:18)
	at org.junit.runners.ParentRunner$3.run(ParentRunner.java:238)
	at org.junit.runners.ParentRunner$1.schedule(ParentRunner.java:63)
	at org.junit.runners.ParentRunner.runChildren(ParentRunner.java:236)
	at org.junit.runners.ParentRunner.access$000(ParentRunner.java:53)
	at org.junit.runners.ParentRunner$2.evaluate(ParentRunner.java:229)
	at org.junit.runners.ParentRunner.run(ParentRunner.java:309)
	at cucumber.runtime.junit.FeatureRunner.run(FeatureRunner.java:70)
	at cucumber.api.junit.Cucumber.runChild(Cucumber.java:82)
	at cucumber.api.junit.Cucumber.runChild(Cucumber.java:41)
	at org.junit.runners.ParentRunner$3.run(ParentRunner.java:238)
	at org.junit.runners.ParentRunner$1.schedule(ParentRunner.java:63)
	at org.junit.runners.ParentRunner.runChildren(ParentRunner.java:236)
	at org.junit.runners.ParentRunner.access$000(ParentRunner.java:53)
	at org.junit.runners.ParentRunner$2.evaluate(ParentRunner.java:229)
	at org.junit.runners.ParentRunner.run(ParentRunner.java:309)
	at cucumber.api.junit.Cucumber.run(Cucumber.java:87)
	at org.apache.maven.surefire.junit4.JUnit4Provider.execute(JUnit4Provider.java:264)
	at org.apache.maven.surefire.junit4.JUnit4Provider.executeTestSet(JUnit4Provider.java:153)
	at org.apache.maven.surefire.junit4.JUnit4Provider.invoke(JUnit4Provider.java:124)
	at org.apache.maven.surefire.booter.ForkedBooter.invokeProviderInSameClassLoader(ForkedBooter.java:200)
	at org.apache.maven.surefire.booter.ForkedBooter.runSuitesInProcess(ForkedBooter.java:153)
	at org.apache.maven.surefire.booter.ForkedBooter.main(ForkedBooter.java:103)
</error>
    <system-out><![CDATA[testCaseResult=ru.yandex.qatools.allure.model.TestCaseResult@5b3b13fb[
  name=findJobThroughRegexp
  title=<null>
  description=<null>
  failure=<null>
  start=1445036595579
  stop=1445036616110
  status=PASSED
  severity=<null>
  steps=[]
  attachments=[]
  labels=[ru.yandex.qatools.allure.model.Label@42360a1c, ru.yandex.qatools.allure.model.Label@43e865ba]
  parameters=<null>
]
testCaseResult={
   "start" : 1445036595579,
   "stop" : 1445036616110,
   "status" : "passed",
   "name" : "findJobThroughRegexp",
   "steps" : {
      "step" : [ ]
   },
   "attachments" : {
      "attachment" : [ ]
   },
   "labels" : {
      "label" : [ {
         "name" : "host",
         "value" : "MacBook-Pro-2.home"
      }, {
         "name" : "thread",
         "value" : "1771@MacBook-Pro-2.home.main(1)"
      } ]
   }
}
testCase=ru.yandex.qatools.allure.model.TestCase@5a3bf670[
  _id=6b47bdcf-e0ed-427d-995f-203b6d39e6f6
  executionId=7a8626ac-7b8d-4761-8bff-776519219d78
  threadName=thread_15005794375463
  name=findJobThroughRegexp
  title=<null>
  description=<null>
  failure=<null>
  start=1445036595579
  stop=1445036616110
  status=PASSED
  severity=<null>
  steps=[]
  attachments=[]
  labels=[ru.yandex.qatools.allure.model.Label@42360a1c, ru.yandex.qatools.allure.model.Label@43e865ba]
  parameters=<null>
]
testCase={
   "start" : 1445036595579,
   "stop" : 1445036616110,
   "status" : "passed",
   "_id" : "6b47bdcf-e0ed-427d-995f-203b6d39e6f6",
   "executionId" : "7a8626ac-7b8d-4761-8bff-776519219d78",
   "threadName" : "thread_15005794375463",
   "name" : "findJobThroughRegexp",
   "steps" : {
      "step" : [ ]
   },
   "attachments" : {
      "attachment" : [ ]
   },
   "labels" : {
      "label" : [ {
         "name" : "host",
         "value" : "MacBook-Pro-2.home"
      }, {
         "name" : "thread",
         "value" : "1771@MacBook-Pro-2.home.main(1)"
      } ]
   }
}
>>>REQUEST: /testaspect/TestCase/6b47bdcf-e0ed-427d-995f-203b6d39e6f6
<<<RESPONSE (201 Created): /testaspect/TestCase/6b47bdcf-e0ed-427d-995f-203b6d39e6f6
]]></system-out>
  </testcase>
  <testcase name="Test mechanism" classname="Test mechanism" time="0.002">
    <error type="java.lang.NullPointerException:">java.lang.NullPointerException: null
	at org.junit.runner.Description.createSuiteDescription(Description.java:123)
	at ru.yandex.qatools.allure.junit.AllureRunListener.getSuiteUid(AllureRunListener.java:110)
	at ru.yandex.qatools.allure.junit.AllureRunListener.testStarted(AllureRunListener.java:50)
	at org.junit.runner.notification.RunNotifier$3.notifyListener(RunNotifier.java:115)
	at org.junit.runner.notification.RunNotifier$SafeNotifier.run(RunNotifier.java:61)
	at org.junit.runner.notification.RunNotifier.fireTestStarted(RunNotifier.java:112)
	at org.junit.internal.runners.model.EachTestNotifier.fireTestStarted(EachTestNotifier.java:43)
	at cucumber.runtime.junit.JUnitReporter.result(JUnitReporter.java:83)
	at cucumber.runtime.Runtime.runStep(Runtime.java:299)
	at cucumber.runtime.model.StepContainer.runStep(StepContainer.java:44)
	at cucumber.runtime.model.StepContainer.runSteps(StepContainer.java:39)
	at cucumber.runtime.model.CucumberScenario.run(CucumberScenario.java:40)
	at cucumber.runtime.junit.ExecutionUnitRunner.run(ExecutionUnitRunner.java:83)
	at cucumber.runtime.junit.FeatureRunner.runChild(FeatureRunner.java:63)
	at cucumber.runtime.junit.FeatureRunner.runChild(FeatureRunner.java:18)
	at org.junit.runners.ParentRunner$3.run(ParentRunner.java:238)
	at org.junit.runners.ParentRunner$1.schedule(ParentRunner.java:63)
	at org.junit.runners.ParentRunner.runChildren(ParentRunner.java:236)
	at org.junit.runners.ParentRunner.access$000(ParentRunner.java:53)
	at org.junit.runners.ParentRunner$2.evaluate(ParentRunner.java:229)
	at org.junit.runners.ParentRunner.run(ParentRunner.java:309)
	at cucumber.runtime.junit.FeatureRunner.run(FeatureRunner.java:70)
	at cucumber.api.junit.Cucumber.runChild(Cucumber.java:82)
	at cucumber.api.junit.Cucumber.runChild(Cucumber.java:41)
	at org.junit.runners.ParentRunner$3.run(ParentRunner.java:238)
	at org.junit.runners.ParentRunner$1.schedule(ParentRunner.java:63)
	at org.junit.runners.ParentRunner.runChildren(ParentRunner.java:236)
	at org.junit.runners.ParentRunner.access$000(ParentRunner.java:53)
	at org.junit.runners.ParentRunner$2.evaluate(ParentRunner.java:229)
	at org.junit.runners.ParentRunner.run(ParentRunner.java:309)
	at cucumber.api.junit.Cucumber.run(Cucumber.java:87)
	at org.apache.maven.surefire.junit4.JUnit4Provider.execute(JUnit4Provider.java:264)
	at org.apache.maven.surefire.junit4.JUnit4Provider.executeTestSet(JUnit4Provider.java:153)
	at org.apache.maven.surefire.junit4.JUnit4Provider.invoke(JUnit4Provider.java:124)
	at org.apache.maven.surefire.booter.ForkedBooter.invokeProviderInSameClassLoader(ForkedBooter.java:200)
	at org.apache.maven.surefire.booter.ForkedBooter.runSuitesInProcess(ForkedBooter.java:153)
	at org.apache.maven.surefire.booter.ForkedBooter.main(ForkedBooter.java:103)
</error>
    <system-out><![CDATA[testCaseResult=ru.yandex.qatools.allure.model.TestCaseResult@5b3b13fb[
  name=findJobThroughRegexp
  title=<null>
  description=<null>
  failure=<null>
  start=1445036595579
  stop=1445036616110
  status=PASSED
  severity=<null>
  steps=[]
  attachments=[]
  labels=[ru.yandex.qatools.allure.model.Label@42360a1c, ru.yandex.qatools.allure.model.Label@43e865ba]
  parameters=<null>
]
testCaseResult={
   "start" : 1445036595579,
   "stop" : 1445036616110,
   "status" : "passed",
   "name" : "findJobThroughRegexp",
   "steps" : {
      "step" : [ ]
   },
   "attachments" : {
      "attachment" : [ ]
   },
   "labels" : {
      "label" : [ {
         "name" : "host",
         "value" : "MacBook-Pro-2.home"
      }, {
         "name" : "thread",
         "value" : "1771@MacBook-Pro-2.home.main(1)"
      } ]
   }
}
testCase=ru.yandex.qatools.allure.model.TestCase@eddba56[
  _id=1f4b68aa-2a35-40b2-8116-4a4c25efa999
  executionId=7a8626ac-7b8d-4761-8bff-776519219d78
  threadName=thread_15005794375463
  name=findJobThroughRegexp
  title=<null>
  description=<null>
  failure=<null>
  start=1445036595579
  stop=1445036616110
  status=PASSED
  severity=<null>
  steps=[]
  attachments=[]
  labels=[ru.yandex.qatools.allure.model.Label@42360a1c, ru.yandex.qatools.allure.model.Label@43e865ba]
  parameters=<null>
]
testCase={
   "start" : 1445036595579,
   "stop" : 1445036616110,
   "status" : "passed",
   "_id" : "1f4b68aa-2a35-40b2-8116-4a4c25efa999",
   "executionId" : "7a8626ac-7b8d-4761-8bff-776519219d78",
   "threadName" : "thread_15005794375463",
   "name" : "findJobThroughRegexp",
   "steps" : {
      "step" : [ ]
   },
   "attachments" : {
      "attachment" : [ ]
   },
   "labels" : {
      "label" : [ {
         "name" : "host",
         "value" : "MacBook-Pro-2.home"
      }, {
         "name" : "thread",
         "value" : "1771@MacBook-Pro-2.home.main(1)"
      } ]
   }
}
>>>REQUEST: /testaspect/TestCase/1f4b68aa-2a35-40b2-8116-4a4c25efa999
<<<RESPONSE (201 Created): /testaspect/TestCase/1f4b68aa-2a35-40b2-8116-4a4c25efa999
master57415|Oct 16, 2015 7:05:51 PM hudson.model.Run execute
master57415|INFO: efficient_ratio #1 main build action completed: SUCCESS
]]></system-out>
  </testcase>
  <testcase name="Test mechanism" classname="Test mechanism" time="0.001">
    <error type="java.lang.NullPointerException:">java.lang.NullPointerException: null
	at org.junit.runner.Description.createSuiteDescription(Description.java:123)
	at ru.yandex.qatools.allure.junit.AllureRunListener.getSuiteUid(AllureRunListener.java:110)
	at ru.yandex.qatools.allure.junit.AllureRunListener.testStarted(AllureRunListener.java:50)
	at org.junit.runner.notification.RunNotifier$3.notifyListener(RunNotifier.java:115)
	at org.junit.runner.notification.RunNotifier$SafeNotifier.run(RunNotifier.java:61)
	at org.junit.runner.notification.RunNotifier.fireTestStarted(RunNotifier.java:112)
	at org.junit.internal.runners.model.EachTestNotifier.fireTestStarted(EachTestNotifier.java:43)
	at cucumber.runtime.junit.JUnitReporter.result(JUnitReporter.java:83)
	at cucumber.runtime.Runtime.runStep(Runtime.java:299)
	at cucumber.runtime.model.StepContainer.runStep(StepContainer.java:44)
	at cucumber.runtime.model.StepContainer.runSteps(StepContainer.java:39)
	at cucumber.runtime.model.CucumberScenario.run(CucumberScenario.java:40)
	at cucumber.runtime.junit.ExecutionUnitRunner.run(ExecutionUnitRunner.java:83)
	at cucumber.runtime.junit.FeatureRunner.runChild(FeatureRunner.java:63)
	at cucumber.runtime.junit.FeatureRunner.runChild(FeatureRunner.java:18)
	at org.junit.runners.ParentRunner$3.run(ParentRunner.java:238)
	at org.junit.runners.ParentRunner$1.schedule(ParentRunner.java:63)
	at org.junit.runners.ParentRunner.runChildren(ParentRunner.java:236)
	at org.junit.runners.ParentRunner.access$000(ParentRunner.java:53)
	at org.junit.runners.ParentRunner$2.evaluate(ParentRunner.java:229)
	at org.junit.runners.ParentRunner.run(ParentRunner.java:309)
	at cucumber.runtime.junit.FeatureRunner.run(FeatureRunner.java:70)
	at cucumber.api.junit.Cucumber.runChild(Cucumber.java:82)
	at cucumber.api.junit.Cucumber.runChild(Cucumber.java:41)
	at org.junit.runners.ParentRunner$3.run(ParentRunner.java:238)
	at org.junit.runners.ParentRunner$1.schedule(ParentRunner.java:63)
	at org.junit.runners.ParentRunner.runChildren(ParentRunner.java:236)
	at org.junit.runners.ParentRunner.access$000(ParentRunner.java:53)
	at org.junit.runners.ParentRunner$2.evaluate(ParentRunner.java:229)
	at org.junit.runners.ParentRunner.run(ParentRunner.java:309)
	at cucumber.api.junit.Cucumber.run(Cucumber.java:87)
	at org.apache.maven.surefire.junit4.JUnit4Provider.execute(JUnit4Provider.java:264)
	at org.apache.maven.surefire.junit4.JUnit4Provider.executeTestSet(JUnit4Provider.java:153)
	at org.apache.maven.surefire.junit4.JUnit4Provider.invoke(JUnit4Provider.java:124)
	at org.apache.maven.surefire.booter.ForkedBooter.invokeProviderInSameClassLoader(ForkedBooter.java:200)
	at org.apache.maven.surefire.booter.ForkedBooter.runSuitesInProcess(ForkedBooter.java:153)
	at org.apache.maven.surefire.booter.ForkedBooter.main(ForkedBooter.java:103)
</error>
    <system-out><![CDATA[testCaseResult=ru.yandex.qatools.allure.model.TestCaseResult@5b3b13fb[
  name=findJobThroughRegexp
  title=<null>
  description=<null>
  failure=<null>
  start=1445036595579
  stop=1445036616110
  status=PASSED
  severity=<null>
  steps=[]
  attachments=[]
  labels=[ru.yandex.qatools.allure.model.Label@42360a1c, ru.yandex.qatools.allure.model.Label@43e865ba]
  parameters=<null>
]
testCaseResult={
   "start" : 1445036595579,
   "stop" : 1445036616110,
   "status" : "passed",
   "name" : "findJobThroughRegexp",
   "steps" : {
      "step" : [ ]
   },
   "attachments" : {
      "attachment" : [ ]
   },
   "labels" : {
      "label" : [ {
         "name" : "host",
         "value" : "MacBook-Pro-2.home"
      }, {
         "name" : "thread",
         "value" : "1771@MacBook-Pro-2.home.main(1)"
      } ]
   }
}
testCase=ru.yandex.qatools.allure.model.TestCase@7bee5b89[
  _id=d2e412a7-409c-433f-8246-7c6087a3650f
  executionId=7a8626ac-7b8d-4761-8bff-776519219d78
  threadName=thread_15005794375463
  name=findJobThroughRegexp
  title=<null>
  description=<null>
  failure=<null>
  start=1445036595579
  stop=1445036616110
  status=PASSED
  severity=<null>
  steps=[]
  attachments=[]
  labels=[ru.yandex.qatools.allure.model.Label@42360a1c, ru.yandex.qatools.allure.model.Label@43e865ba]
  parameters=<null>
]
testCase={
   "start" : 1445036595579,
   "stop" : 1445036616110,
   "status" : "passed",
   "_id" : "d2e412a7-409c-433f-8246-7c6087a3650f",
   "executionId" : "7a8626ac-7b8d-4761-8bff-776519219d78",
   "threadName" : "thread_15005794375463",
   "name" : "findJobThroughRegexp",
   "steps" : {
      "step" : [ ]
   },
   "attachments" : {
      "attachment" : [ ]
   },
   "labels" : {
      "label" : [ {
         "name" : "host",
         "value" : "MacBook-Pro-2.home"
      }, {
         "name" : "thread",
         "value" : "1771@MacBook-Pro-2.home.main(1)"
      } ]
   }
}
>>>REQUEST: /testaspect/TestCase/d2e412a7-409c-433f-8246-7c6087a3650f
<<<RESPONSE (201 Created): /testaspect/TestCase/d2e412a7-409c-433f-8246-7c6087a3650f
]]></system-out>
  </testcase>
  <testcase name="Test mechanism" classname="Test mechanism" time="0.001">
    <error type="java.lang.NullPointerException:">java.lang.NullPointerException: null
	at org.junit.runner.Description.createSuiteDescription(Description.java:123)
	at ru.yandex.qatools.allure.junit.AllureRunListener.getSuiteUid(AllureRunListener.java:110)
	at ru.yandex.qatools.allure.junit.AllureRunListener.testStarted(AllureRunListener.java:50)
	at org.junit.runner.notification.RunNotifier$3.notifyListener(RunNotifier.java:115)
	at org.junit.runner.notification.RunNotifier$SafeNotifier.run(RunNotifier.java:61)
	at org.junit.runner.notification.RunNotifier.fireTestStarted(RunNotifier.java:112)
	at org.junit.internal.runners.model.EachTestNotifier.fireTestStarted(EachTestNotifier.java:43)
	at cucumber.runtime.junit.JUnitReporter.result(JUnitReporter.java:83)
	at cucumber.runtime.Runtime.runStep(Runtime.java:299)
	at cucumber.runtime.model.StepContainer.runStep(StepContainer.java:44)
	at cucumber.runtime.model.StepContainer.runSteps(StepContainer.java:39)
	at cucumber.runtime.model.CucumberScenario.run(CucumberScenario.java:40)
	at cucumber.runtime.junit.ExecutionUnitRunner.run(ExecutionUnitRunner.java:83)
	at cucumber.runtime.junit.FeatureRunner.runChild(FeatureRunner.java:63)
	at cucumber.runtime.junit.FeatureRunner.runChild(FeatureRunner.java:18)
	at org.junit.runners.ParentRunner$3.run(ParentRunner.java:238)
	at org.junit.runners.ParentRunner$1.schedule(ParentRunner.java:63)
	at org.junit.runners.ParentRunner.runChildren(ParentRunner.java:236)
	at org.junit.runners.ParentRunner.access$000(ParentRunner.java:53)
	at org.junit.runners.ParentRunner$2.evaluate(ParentRunner.java:229)
	at org.junit.runners.ParentRunner.run(ParentRunner.java:309)
	at cucumber.runtime.junit.FeatureRunner.run(FeatureRunner.java:70)
	at cucumber.api.junit.Cucumber.runChild(Cucumber.java:82)
	at cucumber.api.junit.Cucumber.runChild(Cucumber.java:41)
	at org.junit.runners.ParentRunner$3.run(ParentRunner.java:238)
	at org.junit.runners.ParentRunner$1.schedule(ParentRunner.java:63)
	at org.junit.runners.ParentRunner.runChildren(ParentRunner.java:236)
	at org.junit.runners.ParentRunner.access$000(ParentRunner.java:53)
	at org.junit.runners.ParentRunner$2.evaluate(ParentRunner.java:229)
	at org.junit.runners.ParentRunner.run(ParentRunner.java:309)
	at cucumber.api.junit.Cucumber.run(Cucumber.java:87)
	at org.apache.maven.surefire.junit4.JUnit4Provider.execute(JUnit4Provider.java:264)
	at org.apache.maven.surefire.junit4.JUnit4Provider.executeTestSet(JUnit4Provider.java:153)
	at org.apache.maven.surefire.junit4.JUnit4Provider.invoke(JUnit4Provider.java:124)
	at org.apache.maven.surefire.booter.ForkedBooter.invokeProviderInSameClassLoader(ForkedBooter.java:200)
	at org.apache.maven.surefire.booter.ForkedBooter.runSuitesInProcess(ForkedBooter.java:153)
	at org.apache.maven.surefire.booter.ForkedBooter.main(ForkedBooter.java:103)
</error>
    <system-out><![CDATA[testCaseResult=ru.yandex.qatools.allure.model.TestCaseResult@5b3b13fb[
  name=findJobThroughRegexp
  title=<null>
  description=<null>
  failure=<null>
  start=1445036595579
  stop=1445036616110
  status=PASSED
  severity=<null>
  steps=[]
  attachments=[]
  labels=[ru.yandex.qatools.allure.model.Label@42360a1c, ru.yandex.qatools.allure.model.Label@43e865ba]
  parameters=<null>
]
testCaseResult={
   "start" : 1445036595579,
   "stop" : 1445036616110,
   "status" : "passed",
   "name" : "findJobThroughRegexp",
   "steps" : {
      "step" : [ ]
   },
   "attachments" : {
      "attachment" : [ ]
   },
   "labels" : {
      "label" : [ {
         "name" : "host",
         "value" : "MacBook-Pro-2.home"
      }, {
         "name" : "thread",
         "value" : "1771@MacBook-Pro-2.home.main(1)"
      } ]
   }
}
testCase=ru.yandex.qatools.allure.model.TestCase@74ac862d[
  _id=0a42735f-f292-4081-8ce9-b6c027be8932
  executionId=7a8626ac-7b8d-4761-8bff-776519219d78
  threadName=thread_15005794375463
  name=findJobThroughRegexp
  title=<null>
  description=<null>
  failure=<null>
  start=1445036595579
  stop=1445036616110
  status=PASSED
  severity=<null>
  steps=[]
  attachments=[]
  labels=[ru.yandex.qatools.allure.model.Label@42360a1c, ru.yandex.qatools.allure.model.Label@43e865ba]
  parameters=<null>
]
testCase={
   "start" : 1445036595579,
   "stop" : 1445036616110,
   "status" : "passed",
   "_id" : "0a42735f-f292-4081-8ce9-b6c027be8932",
   "executionId" : "7a8626ac-7b8d-4761-8bff-776519219d78",
   "threadName" : "thread_15005794375463",
   "name" : "findJobThroughRegexp",
   "steps" : {
      "step" : [ ]
   },
   "attachments" : {
      "attachment" : [ ]
   },
   "labels" : {
      "label" : [ {
         "name" : "host",
         "value" : "MacBook-Pro-2.home"
      }, {
         "name" : "thread",
         "value" : "1771@MacBook-Pro-2.home.main(1)"
      } ]
   }
}
>>>REQUEST: /testaspect/TestCase/0a42735f-f292-4081-8ce9-b6c027be8932
<<<RESPONSE (201 Created): /testaspect/TestCase/0a42735f-f292-4081-8ce9-b6c027be8932
]]></system-out>
  </testcase>
  <testcase name="Test mechanism" classname="Test mechanism" time="0">
    <error type="java.lang.NullPointerException:">java.lang.NullPointerException: null
	at org.junit.runner.Description.createSuiteDescription(Description.java:123)
	at ru.yandex.qatools.allure.junit.AllureRunListener.getSuiteUid(AllureRunListener.java:110)
	at ru.yandex.qatools.allure.junit.AllureRunListener.testStarted(AllureRunListener.java:50)
	at org.junit.runner.notification.RunNotifier$3.notifyListener(RunNotifier.java:115)
	at org.junit.runner.notification.RunNotifier$SafeNotifier.run(RunNotifier.java:61)
	at org.junit.runner.notification.RunNotifier.fireTestStarted(RunNotifier.java:112)
	at org.junit.internal.runners.model.EachTestNotifier.fireTestStarted(EachTestNotifier.java:43)
	at cucumber.runtime.junit.JUnitReporter.startExecutionUnit(JUnitReporter.java:48)
	at cucumber.runtime.junit.ExecutionUnitRunner.run(ExecutionUnitRunner.java:81)
	at cucumber.runtime.junit.FeatureRunner.runChild(FeatureRunner.java:63)
	at cucumber.runtime.junit.FeatureRunner.runChild(FeatureRunner.java:18)
	at org.junit.runners.ParentRunner$3.run(ParentRunner.java:238)
	at org.junit.runners.ParentRunner$1.schedule(ParentRunner.java:63)
	at org.junit.runners.ParentRunner.runChildren(ParentRunner.java:236)
	at org.junit.runners.ParentRunner.access$000(ParentRunner.java:53)
	at org.junit.runners.ParentRunner$2.evaluate(ParentRunner.java:229)
	at org.junit.runners.ParentRunner.run(ParentRunner.java:309)
	at cucumber.runtime.junit.FeatureRunner.run(FeatureRunner.java:70)
	at cucumber.api.junit.Cucumber.runChild(Cucumber.java:82)
	at cucumber.api.junit.Cucumber.runChild(Cucumber.java:41)
	at org.junit.runners.ParentRunner$3.run(ParentRunner.java:238)
	at org.junit.runners.ParentRunner$1.schedule(ParentRunner.java:63)
	at org.junit.runners.ParentRunner.runChildren(ParentRunner.java:236)
	at org.junit.runners.ParentRunner.access$000(ParentRunner.java:53)
	at org.junit.runners.ParentRunner$2.evaluate(ParentRunner.java:229)
	at org.junit.runners.ParentRunner.run(ParentRunner.java:309)
	at cucumber.api.junit.Cucumber.run(Cucumber.java:87)
	at org.apache.maven.surefire.junit4.JUnit4Provider.execute(JUnit4Provider.java:264)
	at org.apache.maven.surefire.junit4.JUnit4Provider.executeTestSet(JUnit4Provider.java:153)
	at org.apache.maven.surefire.junit4.JUnit4Provider.invoke(JUnit4Provider.java:124)
	at org.apache.maven.surefire.booter.ForkedBooter.invokeProviderInSameClassLoader(ForkedBooter.java:200)
	at org.apache.maven.surefire.booter.ForkedBooter.runSuitesInProcess(ForkedBooter.java:153)
	at org.apache.maven.surefire.booter.ForkedBooter.main(ForkedBooter.java:103)
</error>
    <system-out><![CDATA[testCaseResult=ru.yandex.qatools.allure.model.TestCaseResult@5b3b13fb[
  name=findJobThroughRegexp
  title=<null>
  description=<null>
  failure=<null>
  start=1445036595579
  stop=1445036616110
  status=PASSED
  severity=<null>
  steps=[]
  attachments=[]
  labels=[ru.yandex.qatools.allure.model.Label@42360a1c, ru.yandex.qatools.allure.model.Label@43e865ba]
  parameters=<null>
]
testCaseResult={
   "start" : 1445036595579,
   "stop" : 1445036616110,
   "status" : "passed",
   "name" : "findJobThroughRegexp",
   "steps" : {
      "step" : [ ]
   },
   "attachments" : {
      "attachment" : [ ]
   },
   "labels" : {
      "label" : [ {
         "name" : "host",
         "value" : "MacBook-Pro-2.home"
      }, {
         "name" : "thread",
         "value" : "1771@MacBook-Pro-2.home.main(1)"
      } ]
   }
}
testCase=ru.yandex.qatools.allure.model.TestCase@651de64c[
  _id=0fcb40de-90c5-4e36-b5cd-c5836eb20273
  executionId=7a8626ac-7b8d-4761-8bff-776519219d78
  threadName=thread_15005794375463
  name=findJobThroughRegexp
  title=<null>
  description=<null>
  failure=<null>
  start=1445036595579
  stop=1445036616110
  status=PASSED
  severity=<null>
  steps=[]
  attachments=[]
  labels=[ru.yandex.qatools.allure.model.Label@42360a1c, ru.yandex.qatools.allure.model.Label@43e865ba]
  parameters=<null>
]
testCase={
   "start" : 1445036595579,
   "stop" : 1445036616110,
   "status" : "passed",
   "_id" : "0fcb40de-90c5-4e36-b5cd-c5836eb20273",
   "executionId" : "7a8626ac-7b8d-4761-8bff-776519219d78",
   "threadName" : "thread_15005794375463",
   "name" : "findJobThroughRegexp",
   "steps" : {
      "step" : [ ]
   },
   "attachments" : {
      "attachment" : [ ]
   },
   "labels" : {
      "label" : [ {
         "name" : "host",
         "value" : "MacBook-Pro-2.home"
      }, {
         "name" : "thread",
         "value" : "1771@MacBook-Pro-2.home.main(1)"
      } ]
   }
}
>>>REQUEST: /testaspect/TestCase/0fcb40de-90c5-4e36-b5cd-c5836eb20273
Jenkins is stopped
<<<RESPONSE (201 Created): /testaspect/TestCase/0fcb40de-90c5-4e36-b5cd-c5836eb20273
testCaseResult=ru.yandex.qatools.allure.model.TestCaseResult@5b3b13fb[
  name=findJobThroughRegexp
  title=<null>
  description=<null>
  failure=<null>
  start=1445036595579
  stop=1445036616110
  status=PASSED
  severity=<null>
  steps=[]
  attachments=[]
  labels=[ru.yandex.qatools.allure.model.Label@42360a1c, ru.yandex.qatools.allure.model.Label@43e865ba]
  parameters=<null>
]
testCaseResult={
   "start" : 1445036595579,
   "stop" : 1445036616110,
   "status" : "passed",
   "name" : "findJobThroughRegexp",
   "steps" : {
      "step" : [ ]
   },
   "attachments" : {
      "attachment" : [ ]
   },
   "labels" : {
      "label" : [ {
         "name" : "host",
         "value" : "MacBook-Pro-2.home"
      }, {
         "name" : "thread",
         "value" : "1771@MacBook-Pro-2.home.main(1)"
      } ]
   }
}
testCase=ru.yandex.qatools.allure.model.TestCase@639185c3[
  _id=9f4c9879-354b-4177-9af8-aa9dc0ea68de
  executionId=7a8626ac-7b8d-4761-8bff-776519219d78
  threadName=thread_15005794375463
  name=findJobThroughRegexp
  title=<null>
  description=<null>
  failure=<null>
  start=1445036595579
  stop=1445036616110
  status=PASSED
  severity=<null>
  steps=[]
  attachments=[]
  labels=[ru.yandex.qatools.allure.model.Label@42360a1c, ru.yandex.qatools.allure.model.Label@43e865ba]
  parameters=<null>
]
testCase={
   "start" : 1445036595579,
   "stop" : 1445036616110,
   "status" : "passed",
   "_id" : "9f4c9879-354b-4177-9af8-aa9dc0ea68de",
   "executionId" : "7a8626ac-7b8d-4761-8bff-776519219d78",
   "threadName" : "thread_15005794375463",
   "name" : "findJobThroughRegexp",
   "steps" : {
      "step" : [ ]
   },
   "attachments" : {
      "attachment" : [ ]
   },
   "labels" : {
      "label" : [ {
         "name" : "host",
         "value" : "MacBook-Pro-2.home"
      }, {
         "name" : "thread",
         "value" : "1771@MacBook-Pro-2.home.main(1)"
      } ]
   }
}
>>>REQUEST: /testaspect/TestCase/9f4c9879-354b-4177-9af8-aa9dc0ea68de
]]></system-out>
    <system-err><![CDATA[[INFO  - 2015-10-16T23:05:52.293Z] ShutdownReqHand - _handle - About to shutdown
]]></system-err>
  </testcase>
  <testcase name="Test mechanism" classname="Test mechanism" time="0.002">
    <error type="java.lang.NullPointerException:">java.lang.NullPointerException: null
	at org.junit.runner.Description.createSuiteDescription(Description.java:123)
	at ru.yandex.qatools.allure.junit.AllureRunListener.getSuiteUid(AllureRunListener.java:110)
	at ru.yandex.qatools.allure.junit.AllureRunListener.testStarted(AllureRunListener.java:50)
	at org.junit.runner.notification.RunNotifier$3.notifyListener(RunNotifier.java:115)
	at org.junit.runner.notification.RunNotifier$SafeNotifier.run(RunNotifier.java:61)
	at org.junit.runner.notification.RunNotifier.fireTestStarted(RunNotifier.java:112)
	at org.junit.internal.runners.model.EachTestNotifier.fireTestStarted(EachTestNotifier.java:43)
	at cucumber.runtime.junit.JUnitReporter.result(JUnitReporter.java:83)
	at cucumber.runtime.Runtime.runStep(Runtime.java:299)
	at cucumber.runtime.model.StepContainer.runStep(StepContainer.java:44)
	at cucumber.runtime.model.StepContainer.runSteps(StepContainer.java:39)
	at cucumber.runtime.model.CucumberScenario.run(CucumberScenario.java:40)
	at cucumber.runtime.junit.ExecutionUnitRunner.run(ExecutionUnitRunner.java:83)
	at cucumber.runtime.junit.FeatureRunner.runChild(FeatureRunner.java:63)
	at cucumber.runtime.junit.FeatureRunner.runChild(FeatureRunner.java:18)
	at org.junit.runners.ParentRunner$3.run(ParentRunner.java:238)
	at org.junit.runners.ParentRunner$1.schedule(ParentRunner.java:63)
	at org.junit.runners.ParentRunner.runChildren(ParentRunner.java:236)
	at org.junit.runners.ParentRunner.access$000(ParentRunner.java:53)
	at org.junit.runners.ParentRunner$2.evaluate(ParentRunner.java:229)
	at org.junit.runners.ParentRunner.run(ParentRunner.java:309)
	at cucumber.runtime.junit.FeatureRunner.run(FeatureRunner.java:70)
	at cucumber.api.junit.Cucumber.runChild(Cucumber.java:82)
	at cucumber.api.junit.Cucumber.runChild(Cucumber.java:41)
	at org.junit.runners.ParentRunner$3.run(ParentRunner.java:238)
	at org.junit.runners.ParentRunner$1.schedule(ParentRunner.java:63)
	at org.junit.runners.ParentRunner.runChildren(ParentRunner.java:236)
	at org.junit.runners.ParentRunner.access$000(ParentRunner.java:53)
	at org.junit.runners.ParentRunner$2.evaluate(ParentRunner.java:229)
	at org.junit.runners.ParentRunner.run(ParentRunner.java:309)
	at cucumber.api.junit.Cucumber.run(Cucumber.java:87)
	at org.apache.maven.surefire.junit4.JUnit4Provider.execute(JUnit4Provider.java:264)
	at org.apache.maven.surefire.junit4.JUnit4Provider.executeTestSet(JUnit4Provider.java:153)
	at org.apache.maven.surefire.junit4.JUnit4Provider.invoke(JUnit4Provider.java:124)
	at org.apache.maven.surefire.booter.ForkedBooter.invokeProviderInSameClassLoader(ForkedBooter.java:200)
	at org.apache.maven.surefire.booter.ForkedBooter.runSuitesInProcess(ForkedBooter.java:153)
	at org.apache.maven.surefire.booter.ForkedBooter.main(ForkedBooter.java:103)
</error>
    <system-out><![CDATA[<<<RESPONSE (201 Created): /testaspect/TestCase/9f4c9879-354b-4177-9af8-aa9dc0ea68de
running with given plugins: []
Starting Jenkins: JAVA_HOME=/Library/Java/JavaVirtualMachines/jdk1.8.0_60.jdk/Contents/Home JENKINS_HOME=/Users/abduljewel/Documents/c/spiderqa/sample-test-projects/acceptance-test-harness/target/jenkins5134602541591653877home /Library/Java/JavaVirtualMachines/jdk1.8.0_60.jdk/Contents/Home/bin/java -Duser.language=en -jar ./jenkins.war --ajp13Port=-1 --httpPort=56780
master56780|Running from: /Users/abduljewel/Documents/c/spiderqa/sample-test-projects/acceptance-test-harness/jenkins.war
master56780|webroot: EnvVars.masterEnvVars.get("JENKINS_HOME")
master56780|Oct 16, 2015 7:05:53 PM winstone.Logger logInternal
master56780|INFO: Beginning extraction from war file
master56780|Oct 16, 2015 7:05:54 PM org.eclipse.jetty.util.log.JavaUtilLog info
master56780|INFO: jetty-winstone-2.8
master56780|Oct 16, 2015 7:05:55 PM org.eclipse.jetty.util.log.JavaUtilLog info
master56780|INFO: NO JSP Support for , did not find org.apache.jasper.servlet.JspServlet
master56780|Jenkins home directory: /Users/abduljewel/Documents/c/spiderqa/sample-test-projects/acceptance-test-harness/target/jenkins5134602541591653877home found at: EnvVars.masterEnvVars.get("JENKINS_HOME")
master56780|Oct 16, 2015 7:05:58 PM org.eclipse.jetty.util.log.JavaUtilLog info
master56780|INFO: Started SelectChannelConnector@0.0.0.0:56780
master56780|Oct 16, 2015 7:05:58 PM winstone.Logger logInternal
master56780|INFO: Winstone Servlet Engine v2.0 running: controlPort=disabled
master56780|Oct 16, 2015 7:05:58 PM jenkins.InitReactorRunner$1 onAttained
master56780|INFO: Started initialization
master56780|Oct 16, 2015 7:06:09 PM jenkins.InitReactorRunner$1 onAttained
master56780|INFO: Listed all plugins
master56780|Oct 16, 2015 7:06:09 PM jenkins.InitReactorRunner$1 onAttained
master56780|INFO: Prepared all plugins
master56780|Oct 16, 2015 7:06:10 PM jenkins.InitReactorRunner$1 onAttained
master56780|INFO: Started all plugins
master56780|Oct 16, 2015 7:06:10 PM jenkins.InitReactorRunner$1 onAttained
master56780|INFO: Augmented all extensions
master56780|Oct 16, 2015 7:06:12 PM jenkins.InitReactorRunner$1 onAttained
master56780|INFO: Loaded all jobs
master56780|Oct 16, 2015 7:06:15 PM hudson.model.AsyncPeriodicWork$1 run
master56780|INFO: Started Download metadata
master56780|Oct 16, 2015 7:06:16 PM org.jenkinsci.main.modules.sshd.SSHD start
master56780|INFO: Started SSHD at port 54526
master56780|Oct 16, 2015 7:06:16 PM jenkins.InitReactorRunner$1 onAttained
master56780|INFO: Completed initialization
master56780|Oct 16, 2015 7:06:16 PM hudson.UDPBroadcastThread run
master56780|WARNING: UDP handling problem
master56780|java.net.SocketException: Can't assign requested address
master56780|	at java.net.PlainDatagramSocketImpl.join(Native Method)
master56780|	at java.net.AbstractPlainDatagramSocketImpl.join(AbstractPlainDatagramSocketImpl.java:179)
master56780|	at java.net.MulticastSocket.joinGroup(MulticastSocket.java:323)
master56780|	at hudson.UDPBroadcastThread.run(UDPBroadcastThread.java:77)
master56780|
master56780|Oct 16, 2015 7:06:16 PM hudson.WebAppMain$3 run
master56780|INFO: Jenkins is fully up and running
master56780|Oct 16, 2015 7:06:18 PM hudson.model.UpdateSite updateData
master56780|INFO: Obtained the latest update center data file for UpdateSource default
master56780|Oct 16, 2015 7:06:19 PM hudson.model.DownloadService$Downloadable load
master56780|INFO: Obtained the updated data file for hudson.tasks.Maven.MavenInstaller
master56780|Oct 16, 2015 7:06:19 PM hudson.model.DownloadService$Downloadable load
master56780|INFO: Obtained the updated data file for hudson.tasks.Ant.AntInstaller
master56780|Oct 16, 2015 7:06:20 PM hudson.model.DownloadService$Downloadable load
master56780|INFO: Obtained the updated data file for hudson.tools.JDKInstaller
master56780|Oct 16, 2015 7:06:20 PM hudson.model.AsyncPeriodicWork$1 run
master56780|INFO: Finished Download metadata. 4,373 ms
]]></system-out>
    <system-err><![CDATA[Oct 16, 2015 7:05:52 PM org.jenkinsci.test.acceptance.controller.LocalController startNow
INFO: Waiting for Jenkins to become running in http://127.0.0.1:56780/
Oct 16, 2015 7:06:16 PM org.jenkinsci.test.acceptance.controller.LocalController startNow
INFO: Jenkins is running in http://127.0.0.1:56780/
Oct 16, 2015 7:06:16 PM org.openqa.selenium.phantomjs.PhantomJSDriverService <init>
INFO: executable: /usr/local/bin/phantomjs
Oct 16, 2015 7:06:16 PM org.openqa.selenium.phantomjs.PhantomJSDriverService <init>
INFO: port: 18805
Oct 16, 2015 7:06:16 PM org.openqa.selenium.phantomjs.PhantomJSDriverService <init>
INFO: arguments: [--webdriver=18805, --webdriver-logfile=/Users/abduljewel/Documents/c/spiderqa/sample-test-projects/acceptance-test-harness/phantomjsdriver.log]
Oct 16, 2015 7:06:16 PM org.openqa.selenium.phantomjs.PhantomJSDriverService <init>
INFO: environment: {}
[INFO  - 2015-10-16T23:06:17.006Z] GhostDriver - Main - running on port 18805
[INFO  - 2015-10-16T23:06:17.508Z] Session [819b5eb0-745a-11e5-9b57-5b729152d9ed] - page.settings - {"XSSAuditingEnabled":false,"javascriptCanCloseWindows":true,"javascriptCanOpenWindows":true,"javascriptEnabled":true,"loadImages":true,"localToRemoteUrlAccessEnabled":false,"userAgent":"Mozilla/5.0 (Macintosh; Intel Mac OS X) AppleWebKit/538.1 (KHTML, like Gecko) PhantomJS/2.0.0 Safari/538.1","webSecurityEnabled":true}
[INFO  - 2015-10-16T23:06:17.508Z] Session [819b5eb0-745a-11e5-9b57-5b729152d9ed] - page.customHeaders:  - {"Accept-Language":"en"}
[INFO  - 2015-10-16T23:06:17.508Z] Session [819b5eb0-745a-11e5-9b57-5b729152d9ed] - Session.negotiatedCapabilities - {"browserName":"phantomjs","version":"2.0.0","driverName":"ghostdriver","driverVersion":"1.2.0","platform":"mac-10.9 (Mavericks)-64bit","javascriptEnabled":true,"takesScreenshot":true,"handlesAlerts":false,"databaseEnabled":false,"locationContextEnabled":false,"applicationCacheEnabled":false,"browserConnectionEnabled":false,"cssSelectorsEnabled":true,"webStorageEnabled":false,"rotatable":false,"acceptSslCerts":false,"nativeEvents":true,"proxy":{"proxyType":"direct"},"phantomjs.page.customHeaders.Accept-Language":"en"}
[INFO  - 2015-10-16T23:06:17.509Z] SessionManagerReqHand - _postNewSessionCommand - New Session Created: 819b5eb0-745a-11e5-9b57-5b729152d9ed
]]></system-err>
  </testcase>
  <testcase name="Test mechanism" classname="Test mechanism" time="0.002">
    <error type="java.lang.NullPointerException:">java.lang.NullPointerException: null
	at org.junit.runner.Description.createSuiteDescription(Description.java:123)
	at ru.yandex.qatools.allure.junit.AllureRunListener.getSuiteUid(AllureRunListener.java:110)
	at ru.yandex.qatools.allure.junit.AllureRunListener.testStarted(AllureRunListener.java:50)
	at org.junit.runner.notification.RunNotifier$3.notifyListener(RunNotifier.java:115)
	at org.junit.runner.notification.RunNotifier$SafeNotifier.run(RunNotifier.java:61)
	at org.junit.runner.notification.RunNotifier.fireTestStarted(RunNotifier.java:112)
	at org.junit.internal.runners.model.EachTestNotifier.fireTestStarted(EachTestNotifier.java:43)
	at cucumber.runtime.junit.JUnitReporter.result(JUnitReporter.java:83)
	at cucumber.runtime.Runtime.runStep(Runtime.java:299)
	at cucumber.runtime.model.StepContainer.runStep(StepContainer.java:44)
	at cucumber.runtime.model.StepContainer.runSteps(StepContainer.java:39)
	at cucumber.runtime.model.CucumberScenario.run(CucumberScenario.java:40)
	at cucumber.runtime.junit.ExecutionUnitRunner.run(ExecutionUnitRunner.java:83)
	at cucumber.runtime.junit.FeatureRunner.runChild(FeatureRunner.java:63)
	at cucumber.runtime.junit.FeatureRunner.runChild(FeatureRunner.java:18)
	at org.junit.runners.ParentRunner$3.run(ParentRunner.java:238)
	at org.junit.runners.ParentRunner$1.schedule(ParentRunner.java:63)
	at org.junit.runners.ParentRunner.runChildren(ParentRunner.java:236)
	at org.junit.runners.ParentRunner.access$000(ParentRunner.java:53)
	at org.junit.runners.ParentRunner$2.evaluate(ParentRunner.java:229)
	at org.junit.runners.ParentRunner.run(ParentRunner.java:309)
	at cucumber.runtime.junit.FeatureRunner.run(FeatureRunner.java:70)
	at cucumber.api.junit.Cucumber.runChild(Cucumber.java:82)
	at cucumber.api.junit.Cucumber.runChild(Cucumber.java:41)
	at org.junit.runners.ParentRunner$3.run(ParentRunner.java:238)
	at org.junit.runners.ParentRunner$1.schedule(ParentRunner.java:63)
	at org.junit.runners.ParentRunner.runChildren(ParentRunner.java:236)
	at org.junit.runners.ParentRunner.access$000(ParentRunner.java:53)
	at org.junit.runners.ParentRunner$2.evaluate(ParentRunner.java:229)
	at org.junit.runners.ParentRunner.run(ParentRunner.java:309)
	at cucumber.api.junit.Cucumber.run(Cucumber.java:87)
	at org.apache.maven.surefire.junit4.JUnit4Provider.execute(JUnit4Provider.java:264)
	at org.apache.maven.surefire.junit4.JUnit4Provider.executeTestSet(JUnit4Provider.java:153)
	at org.apache.maven.surefire.junit4.JUnit4Provider.invoke(JUnit4Provider.java:124)
	at org.apache.maven.surefire.booter.ForkedBooter.invokeProviderInSameClassLoader(ForkedBooter.java:200)
	at org.apache.maven.surefire.booter.ForkedBooter.runSuitesInProcess(ForkedBooter.java:153)
	at org.apache.maven.surefire.booter.ForkedBooter.main(ForkedBooter.java:103)
</error>
    <system-out><![CDATA[testCaseResult=ru.yandex.qatools.allure.model.TestCaseResult@5b3b13fb[
  name=findJobThroughRegexp
  title=<null>
  description=<null>
  failure=<null>
  start=1445036595579
  stop=1445036616110
  status=PASSED
  severity=<null>
  steps=[]
  attachments=[]
  labels=[ru.yandex.qatools.allure.model.Label@42360a1c, ru.yandex.qatools.allure.model.Label@43e865ba]
  parameters=<null>
]
testCaseResult={
   "start" : 1445036595579,
   "stop" : 1445036616110,
   "status" : "passed",
   "name" : "findJobThroughRegexp",
   "steps" : {
      "step" : [ ]
   },
   "attachments" : {
      "attachment" : [ ]
   },
   "labels" : {
      "label" : [ {
         "name" : "host",
         "value" : "MacBook-Pro-2.home"
      }, {
         "name" : "thread",
         "value" : "1771@MacBook-Pro-2.home.main(1)"
      } ]
   }
}
testCase=ru.yandex.qatools.allure.model.TestCase@61637f5b[
  _id=0a64cf8a-985b-459e-af1b-96858a822f09
  executionId=7a8626ac-7b8d-4761-8bff-776519219d78
  threadName=thread_15005794375463
  name=findJobThroughRegexp
  title=<null>
  description=<null>
  failure=<null>
  start=1445036595579
  stop=1445036616110
  status=PASSED
  severity=<null>
  steps=[]
  attachments=[]
  labels=[ru.yandex.qatools.allure.model.Label@42360a1c, ru.yandex.qatools.allure.model.Label@43e865ba]
  parameters=<null>
]
testCase={
   "start" : 1445036595579,
   "stop" : 1445036616110,
   "status" : "passed",
   "_id" : "0a64cf8a-985b-459e-af1b-96858a822f09",
   "executionId" : "7a8626ac-7b8d-4761-8bff-776519219d78",
   "threadName" : "thread_15005794375463",
   "name" : "findJobThroughRegexp",
   "steps" : {
      "step" : [ ]
   },
   "attachments" : {
      "attachment" : [ ]
   },
   "labels" : {
      "label" : [ {
         "name" : "host",
         "value" : "MacBook-Pro-2.home"
      }, {
         "name" : "thread",
         "value" : "1771@MacBook-Pro-2.home.main(1)"
      } ]
   }
}
>>>REQUEST: /testaspect/TestCase/0a64cf8a-985b-459e-af1b-96858a822f09
<<<RESPONSE (201 Created): /testaspect/TestCase/0a64cf8a-985b-459e-af1b-96858a822f09
]]></system-out>
  </testcase>
  <testcase name="Test mechanism" classname="Test mechanism" time="0.002">
    <error type="java.lang.NullPointerException:">java.lang.NullPointerException: null
	at org.junit.runner.Description.createSuiteDescription(Description.java:123)
	at ru.yandex.qatools.allure.junit.AllureRunListener.getSuiteUid(AllureRunListener.java:110)
	at ru.yandex.qatools.allure.junit.AllureRunListener.testStarted(AllureRunListener.java:50)
	at org.junit.runner.notification.RunNotifier$3.notifyListener(RunNotifier.java:115)
	at org.junit.runner.notification.RunNotifier$SafeNotifier.run(RunNotifier.java:61)
	at org.junit.runner.notification.RunNotifier.fireTestStarted(RunNotifier.java:112)
	at org.junit.internal.runners.model.EachTestNotifier.fireTestStarted(EachTestNotifier.java:43)
	at cucumber.runtime.junit.JUnitReporter.result(JUnitReporter.java:83)
	at cucumber.runtime.Runtime.runStep(Runtime.java:299)
	at cucumber.runtime.model.StepContainer.runStep(StepContainer.java:44)
	at cucumber.runtime.model.StepContainer.runSteps(StepContainer.java:39)
	at cucumber.runtime.model.CucumberScenario.run(CucumberScenario.java:40)
	at cucumber.runtime.junit.ExecutionUnitRunner.run(ExecutionUnitRunner.java:83)
	at cucumber.runtime.junit.FeatureRunner.runChild(FeatureRunner.java:63)
	at cucumber.runtime.junit.FeatureRunner.runChild(FeatureRunner.java:18)
	at org.junit.runners.ParentRunner$3.run(ParentRunner.java:238)
	at org.junit.runners.ParentRunner$1.schedule(ParentRunner.java:63)
	at org.junit.runners.ParentRunner.runChildren(ParentRunner.java:236)
	at org.junit.runners.ParentRunner.access$000(ParentRunner.java:53)
	at org.junit.runners.ParentRunner$2.evaluate(ParentRunner.java:229)
	at org.junit.runners.ParentRunner.run(ParentRunner.java:309)
	at cucumber.runtime.junit.FeatureRunner.run(FeatureRunner.java:70)
	at cucumber.api.junit.Cucumber.runChild(Cucumber.java:82)
	at cucumber.api.junit.Cucumber.runChild(Cucumber.java:41)
	at org.junit.runners.ParentRunner$3.run(ParentRunner.java:238)
	at org.junit.runners.ParentRunner$1.schedule(ParentRunner.java:63)
	at org.junit.runners.ParentRunner.runChildren(ParentRunner.java:236)
	at org.junit.runners.ParentRunner.access$000(ParentRunner.java:53)
	at org.junit.runners.ParentRunner$2.evaluate(ParentRunner.java:229)
	at org.junit.runners.ParentRunner.run(ParentRunner.java:309)
	at cucumber.api.junit.Cucumber.run(Cucumber.java:87)
	at org.apache.maven.surefire.junit4.JUnit4Provider.execute(JUnit4Provider.java:264)
	at org.apache.maven.surefire.junit4.JUnit4Provider.executeTestSet(JUnit4Provider.java:153)
	at org.apache.maven.surefire.junit4.JUnit4Provider.invoke(JUnit4Provider.java:124)
	at org.apache.maven.surefire.booter.ForkedBooter.invokeProviderInSameClassLoader(ForkedBooter.java:200)
	at org.apache.maven.surefire.booter.ForkedBooter.runSuitesInProcess(ForkedBooter.java:153)
	at org.apache.maven.surefire.booter.ForkedBooter.main(ForkedBooter.java:103)
</error>
    <system-out><![CDATA[testCaseResult=ru.yandex.qatools.allure.model.TestCaseResult@5b3b13fb[
  name=findJobThroughRegexp
  title=<null>
  description=<null>
  failure=<null>
  start=1445036595579
  stop=1445036616110
  status=PASSED
  severity=<null>
  steps=[]
  attachments=[]
  labels=[ru.yandex.qatools.allure.model.Label@42360a1c, ru.yandex.qatools.allure.model.Label@43e865ba]
  parameters=<null>
]
testCaseResult={
   "start" : 1445036595579,
   "stop" : 1445036616110,
   "status" : "passed",
   "name" : "findJobThroughRegexp",
   "steps" : {
      "step" : [ ]
   },
   "attachments" : {
      "attachment" : [ ]
   },
   "labels" : {
      "label" : [ {
         "name" : "host",
         "value" : "MacBook-Pro-2.home"
      }, {
         "name" : "thread",
         "value" : "1771@MacBook-Pro-2.home.main(1)"
      } ]
   }
}
testCase=ru.yandex.qatools.allure.model.TestCase@5523a6b5[
  _id=28af5504-586e-427c-9e13-525f2c02f7e7
  executionId=7a8626ac-7b8d-4761-8bff-776519219d78
  threadName=thread_15005794375463
  name=findJobThroughRegexp
  title=<null>
  description=<null>
  failure=<null>
  start=1445036595579
  stop=1445036616110
  status=PASSED
  severity=<null>
  steps=[]
  attachments=[]
  labels=[ru.yandex.qatools.allure.model.Label@42360a1c, ru.yandex.qatools.allure.model.Label@43e865ba]
  parameters=<null>
]
testCase={
   "start" : 1445036595579,
   "stop" : 1445036616110,
   "status" : "passed",
   "_id" : "28af5504-586e-427c-9e13-525f2c02f7e7",
   "executionId" : "7a8626ac-7b8d-4761-8bff-776519219d78",
   "threadName" : "thread_15005794375463",
   "name" : "findJobThroughRegexp",
   "steps" : {
      "step" : [ ]
   },
   "attachments" : {
      "attachment" : [ ]
   },
   "labels" : {
      "label" : [ {
         "name" : "host",
         "value" : "MacBook-Pro-2.home"
      }, {
         "name" : "thread",
         "value" : "1771@MacBook-Pro-2.home.main(1)"
      } ]
   }
}
>>>REQUEST: /testaspect/TestCase/28af5504-586e-427c-9e13-525f2c02f7e7
<<<RESPONSE (201 Created): /testaspect/TestCase/28af5504-586e-427c-9e13-525f2c02f7e7
]]></system-out>
  </testcase>
  <testcase name="Test mechanism" classname="Test mechanism" time="0.002">
    <error type="java.lang.NullPointerException:">java.lang.NullPointerException: null
	at org.junit.runner.Description.createSuiteDescription(Description.java:123)
	at ru.yandex.qatools.allure.junit.AllureRunListener.getSuiteUid(AllureRunListener.java:110)
	at ru.yandex.qatools.allure.junit.AllureRunListener.testStarted(AllureRunListener.java:50)
	at org.junit.runner.notification.RunNotifier$3.notifyListener(RunNotifier.java:115)
	at org.junit.runner.notification.RunNotifier$SafeNotifier.run(RunNotifier.java:61)
	at org.junit.runner.notification.RunNotifier.fireTestStarted(RunNotifier.java:112)
	at org.junit.internal.runners.model.EachTestNotifier.fireTestStarted(EachTestNotifier.java:43)
	at cucumber.runtime.junit.JUnitReporter.result(JUnitReporter.java:83)
	at cucumber.runtime.Runtime.runStep(Runtime.java:299)
	at cucumber.runtime.model.StepContainer.runStep(StepContainer.java:44)
	at cucumber.runtime.model.StepContainer.runSteps(StepContainer.java:39)
	at cucumber.runtime.model.CucumberScenario.run(CucumberScenario.java:40)
	at cucumber.runtime.junit.ExecutionUnitRunner.run(ExecutionUnitRunner.java:83)
	at cucumber.runtime.junit.FeatureRunner.runChild(FeatureRunner.java:63)
	at cucumber.runtime.junit.FeatureRunner.runChild(FeatureRunner.java:18)
	at org.junit.runners.ParentRunner$3.run(ParentRunner.java:238)
	at org.junit.runners.ParentRunner$1.schedule(ParentRunner.java:63)
	at org.junit.runners.ParentRunner.runChildren(ParentRunner.java:236)
	at org.junit.runners.ParentRunner.access$000(ParentRunner.java:53)
	at org.junit.runners.ParentRunner$2.evaluate(ParentRunner.java:229)
	at org.junit.runners.ParentRunner.run(ParentRunner.java:309)
	at cucumber.runtime.junit.FeatureRunner.run(FeatureRunner.java:70)
	at cucumber.api.junit.Cucumber.runChild(Cucumber.java:82)
	at cucumber.api.junit.Cucumber.runChild(Cucumber.java:41)
	at org.junit.runners.ParentRunner$3.run(ParentRunner.java:238)
	at org.junit.runners.ParentRunner$1.schedule(ParentRunner.java:63)
	at org.junit.runners.ParentRunner.runChildren(ParentRunner.java:236)
	at org.junit.runners.ParentRunner.access$000(ParentRunner.java:53)
	at org.junit.runners.ParentRunner$2.evaluate(ParentRunner.java:229)
	at org.junit.runners.ParentRunner.run(ParentRunner.java:309)
	at cucumber.api.junit.Cucumber.run(Cucumber.java:87)
	at org.apache.maven.surefire.junit4.JUnit4Provider.execute(JUnit4Provider.java:264)
	at org.apache.maven.surefire.junit4.JUnit4Provider.executeTestSet(JUnit4Provider.java:153)
	at org.apache.maven.surefire.junit4.JUnit4Provider.invoke(JUnit4Provider.java:124)
	at org.apache.maven.surefire.booter.ForkedBooter.invokeProviderInSameClassLoader(ForkedBooter.java:200)
	at org.apache.maven.surefire.booter.ForkedBooter.runSuitesInProcess(ForkedBooter.java:153)
	at org.apache.maven.surefire.booter.ForkedBooter.main(ForkedBooter.java:103)
</error>
    <system-out><![CDATA[testCaseResult=ru.yandex.qatools.allure.model.TestCaseResult@5b3b13fb[
  name=findJobThroughRegexp
  title=<null>
  description=<null>
  failure=<null>
  start=1445036595579
  stop=1445036616110
  status=PASSED
  severity=<null>
  steps=[]
  attachments=[]
  labels=[ru.yandex.qatools.allure.model.Label@42360a1c, ru.yandex.qatools.allure.model.Label@43e865ba]
  parameters=<null>
]
testCaseResult={
   "start" : 1445036595579,
   "stop" : 1445036616110,
   "status" : "passed",
   "name" : "findJobThroughRegexp",
   "steps" : {
      "step" : [ ]
   },
   "attachments" : {
      "attachment" : [ ]
   },
   "labels" : {
      "label" : [ {
         "name" : "host",
         "value" : "MacBook-Pro-2.home"
      }, {
         "name" : "thread",
         "value" : "1771@MacBook-Pro-2.home.main(1)"
      } ]
   }
}
testCase=ru.yandex.qatools.allure.model.TestCase@108a20aa[
  _id=377d2177-1d39-4fb4-83b8-08d03c332a7b
  executionId=7a8626ac-7b8d-4761-8bff-776519219d78
  threadName=thread_15005794375463
  name=findJobThroughRegexp
  title=<null>
  description=<null>
  failure=<null>
  start=1445036595579
  stop=1445036616110
  status=PASSED
  severity=<null>
  steps=[]
  attachments=[]
  labels=[ru.yandex.qatools.allure.model.Label@42360a1c, ru.yandex.qatools.allure.model.Label@43e865ba]
  parameters=<null>
]
testCase={
   "start" : 1445036595579,
   "stop" : 1445036616110,
   "status" : "passed",
   "_id" : "377d2177-1d39-4fb4-83b8-08d03c332a7b",
   "executionId" : "7a8626ac-7b8d-4761-8bff-776519219d78",
   "threadName" : "thread_15005794375463",
   "name" : "findJobThroughRegexp",
   "steps" : {
      "step" : [ ]
   },
   "attachments" : {
      "attachment" : [ ]
   },
   "labels" : {
      "label" : [ {
         "name" : "host",
         "value" : "MacBook-Pro-2.home"
      }, {
         "name" : "thread",
         "value" : "1771@MacBook-Pro-2.home.main(1)"
      } ]
   }
}
>>>REQUEST: /testaspect/TestCase/377d2177-1d39-4fb4-83b8-08d03c332a7b
<<<RESPONSE (201 Created): /testaspect/TestCase/377d2177-1d39-4fb4-83b8-08d03c332a7b
]]></system-out>
  </testcase>
  <testcase name="Test mechanism" classname="Test mechanism" time="0">
    <error type="java.lang.NullPointerException:">java.lang.NullPointerException: null
	at org.junit.runner.Description.createSuiteDescription(Description.java:123)
	at ru.yandex.qatools.allure.junit.AllureRunListener.getSuiteUid(AllureRunListener.java:110)
	at ru.yandex.qatools.allure.junit.AllureRunListener.testStarted(AllureRunListener.java:50)
	at org.junit.runner.notification.RunNotifier$3.notifyListener(RunNotifier.java:115)
	at org.junit.runner.notification.RunNotifier$SafeNotifier.run(RunNotifier.java:61)
	at org.junit.runner.notification.RunNotifier.fireTestStarted(RunNotifier.java:112)
	at org.junit.internal.runners.model.EachTestNotifier.fireTestStarted(EachTestNotifier.java:43)
	at cucumber.runtime.junit.JUnitReporter.startExecutionUnit(JUnitReporter.java:48)
	at cucumber.runtime.junit.ExecutionUnitRunner.run(ExecutionUnitRunner.java:81)
	at cucumber.runtime.junit.FeatureRunner.runChild(FeatureRunner.java:63)
	at cucumber.runtime.junit.FeatureRunner.runChild(FeatureRunner.java:18)
	at org.junit.runners.ParentRunner$3.run(ParentRunner.java:238)
	at org.junit.runners.ParentRunner$1.schedule(ParentRunner.java:63)
	at org.junit.runners.ParentRunner.runChildren(ParentRunner.java:236)
	at org.junit.runners.ParentRunner.access$000(ParentRunner.java:53)
	at org.junit.runners.ParentRunner$2.evaluate(ParentRunner.java:229)
	at org.junit.runners.ParentRunner.run(ParentRunner.java:309)
	at cucumber.runtime.junit.FeatureRunner.run(FeatureRunner.java:70)
	at cucumber.api.junit.Cucumber.runChild(Cucumber.java:82)
	at cucumber.api.junit.Cucumber.runChild(Cucumber.java:41)
	at org.junit.runners.ParentRunner$3.run(ParentRunner.java:238)
	at org.junit.runners.ParentRunner$1.schedule(ParentRunner.java:63)
	at org.junit.runners.ParentRunner.runChildren(ParentRunner.java:236)
	at org.junit.runners.ParentRunner.access$000(ParentRunner.java:53)
	at org.junit.runners.ParentRunner$2.evaluate(ParentRunner.java:229)
	at org.junit.runners.ParentRunner.run(ParentRunner.java:309)
	at cucumber.api.junit.Cucumber.run(Cucumber.java:87)
	at org.apache.maven.surefire.junit4.JUnit4Provider.execute(JUnit4Provider.java:264)
	at org.apache.maven.surefire.junit4.JUnit4Provider.executeTestSet(JUnit4Provider.java:153)
	at org.apache.maven.surefire.junit4.JUnit4Provider.invoke(JUnit4Provider.java:124)
	at org.apache.maven.surefire.booter.ForkedBooter.invokeProviderInSameClassLoader(ForkedBooter.java:200)
	at org.apache.maven.surefire.booter.ForkedBooter.runSuitesInProcess(ForkedBooter.java:153)
	at org.apache.maven.surefire.booter.ForkedBooter.main(ForkedBooter.java:103)
</error>
    <system-out><![CDATA[testCaseResult=ru.yandex.qatools.allure.model.TestCaseResult@5b3b13fb[
  name=findJobThroughRegexp
  title=<null>
  description=<null>
  failure=<null>
  start=1445036595579
  stop=1445036616110
  status=PASSED
  severity=<null>
  steps=[]
  attachments=[]
  labels=[ru.yandex.qatools.allure.model.Label@42360a1c, ru.yandex.qatools.allure.model.Label@43e865ba]
  parameters=<null>
]
testCaseResult={
   "start" : 1445036595579,
   "stop" : 1445036616110,
   "status" : "passed",
   "name" : "findJobThroughRegexp",
   "steps" : {
      "step" : [ ]
   },
   "attachments" : {
      "attachment" : [ ]
   },
   "labels" : {
      "label" : [ {
         "name" : "host",
         "value" : "MacBook-Pro-2.home"
      }, {
         "name" : "thread",
         "value" : "1771@MacBook-Pro-2.home.main(1)"
      } ]
   }
}
testCase=ru.yandex.qatools.allure.model.TestCase@7a9f683a[
  _id=504601e1-11eb-45a8-832f-149037c6d49f
  executionId=7a8626ac-7b8d-4761-8bff-776519219d78
  threadName=thread_15005794375463
  name=findJobThroughRegexp
  title=<null>
  description=<null>
  failure=<null>
  start=1445036595579
  stop=1445036616110
  status=PASSED
  severity=<null>
  steps=[]
  attachments=[]
  labels=[ru.yandex.qatools.allure.model.Label@42360a1c, ru.yandex.qatools.allure.model.Label@43e865ba]
  parameters=<null>
]
testCase={
   "start" : 1445036595579,
   "stop" : 1445036616110,
   "status" : "passed",
   "_id" : "504601e1-11eb-45a8-832f-149037c6d49f",
   "executionId" : "7a8626ac-7b8d-4761-8bff-776519219d78",
   "threadName" : "thread_15005794375463",
   "name" : "findJobThroughRegexp",
   "steps" : {
      "step" : [ ]
   },
   "attachments" : {
      "attachment" : [ ]
   },
   "labels" : {
      "label" : [ {
         "name" : "host",
         "value" : "MacBook-Pro-2.home"
      }, {
         "name" : "thread",
         "value" : "1771@MacBook-Pro-2.home.main(1)"
      } ]
   }
}
>>>REQUEST: /testaspect/TestCase/504601e1-11eb-45a8-832f-149037c6d49f
Jenkins is stopped
<<<RESPONSE (201 Created): /testaspect/TestCase/504601e1-11eb-45a8-832f-149037c6d49f
testCaseResult=ru.yandex.qatools.allure.model.TestCaseResult@5b3b13fb[
  name=findJobThroughRegexp
  title=<null>
  description=<null>
  failure=<null>
  start=1445036595579
  stop=1445036616110
  status=PASSED
  severity=<null>
  steps=[]
  attachments=[]
  labels=[ru.yandex.qatools.allure.model.Label@42360a1c, ru.yandex.qatools.allure.model.Label@43e865ba]
  parameters=<null>
]
testCaseResult={
   "start" : 1445036595579,
   "stop" : 1445036616110,
   "status" : "passed",
   "name" : "findJobThroughRegexp",
   "steps" : {
      "step" : [ ]
   },
   "attachments" : {
      "attachment" : [ ]
   },
   "labels" : {
      "label" : [ {
         "name" : "host",
         "value" : "MacBook-Pro-2.home"
      }, {
         "name" : "thread",
         "value" : "1771@MacBook-Pro-2.home.main(1)"
      } ]
   }
}
testCase=ru.yandex.qatools.allure.model.TestCase@2841c0ca[
  _id=7d10c80d-c7b4-4843-8995-d7c7131518a5
  executionId=7a8626ac-7b8d-4761-8bff-776519219d78
  threadName=thread_15005794375463
  name=findJobThroughRegexp
  title=<null>
  description=<null>
  failure=<null>
  start=1445036595579
  stop=1445036616110
  status=PASSED
  severity=<null>
  steps=[]
  attachments=[]
  labels=[ru.yandex.qatools.allure.model.Label@42360a1c, ru.yandex.qatools.allure.model.Label@43e865ba]
  parameters=<null>
]
testCase={
   "start" : 1445036595579,
   "stop" : 1445036616110,
   "status" : "passed",
   "_id" : "7d10c80d-c7b4-4843-8995-d7c7131518a5",
   "executionId" : "7a8626ac-7b8d-4761-8bff-776519219d78",
   "threadName" : "thread_15005794375463",
   "name" : "findJobThroughRegexp",
   "steps" : {
      "step" : [ ]
   },
   "attachments" : {
      "attachment" : [ ]
   },
   "labels" : {
      "label" : [ {
         "name" : "host",
         "value" : "MacBook-Pro-2.home"
      }, {
         "name" : "thread",
         "value" : "1771@MacBook-Pro-2.home.main(1)"
      } ]
   }
}
>>>REQUEST: /testaspect/TestCase/7d10c80d-c7b4-4843-8995-d7c7131518a5
]]></system-out>
    <system-err><![CDATA[[INFO  - 2015-10-16T23:06:23.686Z] ShutdownReqHand - _handle - About to shutdown
]]></system-err>
  </testcase>
  <testcase name="Test mechanism" classname="Test mechanism" time="0.003">
    <error type="java.lang.NullPointerException:">java.lang.NullPointerException: null
	at org.junit.runner.Description.createSuiteDescription(Description.java:123)
	at ru.yandex.qatools.allure.junit.AllureRunListener.getSuiteUid(AllureRunListener.java:110)
	at ru.yandex.qatools.allure.junit.AllureRunListener.testStarted(AllureRunListener.java:50)
	at org.junit.runner.notification.RunNotifier$3.notifyListener(RunNotifier.java:115)
	at org.junit.runner.notification.RunNotifier$SafeNotifier.run(RunNotifier.java:61)
	at org.junit.runner.notification.RunNotifier.fireTestStarted(RunNotifier.java:112)
	at org.junit.internal.runners.model.EachTestNotifier.fireTestStarted(EachTestNotifier.java:43)
	at cucumber.runtime.junit.JUnitReporter.result(JUnitReporter.java:83)
	at cucumber.runtime.Runtime.runStep(Runtime.java:299)
	at cucumber.runtime.model.StepContainer.runStep(StepContainer.java:44)
	at cucumber.runtime.model.StepContainer.runSteps(StepContainer.java:39)
	at cucumber.runtime.model.CucumberScenario.run(CucumberScenario.java:40)
	at cucumber.runtime.junit.ExecutionUnitRunner.run(ExecutionUnitRunner.java:83)
	at cucumber.runtime.junit.FeatureRunner.runChild(FeatureRunner.java:63)
	at cucumber.runtime.junit.FeatureRunner.runChild(FeatureRunner.java:18)
	at org.junit.runners.ParentRunner$3.run(ParentRunner.java:238)
	at org.junit.runners.ParentRunner$1.schedule(ParentRunner.java:63)
	at org.junit.runners.ParentRunner.runChildren(ParentRunner.java:236)
	at org.junit.runners.ParentRunner.access$000(ParentRunner.java:53)
	at org.junit.runners.ParentRunner$2.evaluate(ParentRunner.java:229)
	at org.junit.runners.ParentRunner.run(ParentRunner.java:309)
	at cucumber.runtime.junit.FeatureRunner.run(FeatureRunner.java:70)
	at cucumber.api.junit.Cucumber.runChild(Cucumber.java:82)
	at cucumber.api.junit.Cucumber.runChild(Cucumber.java:41)
	at org.junit.runners.ParentRunner$3.run(ParentRunner.java:238)
	at org.junit.runners.ParentRunner$1.schedule(ParentRunner.java:63)
	at org.junit.runners.ParentRunner.runChildren(ParentRunner.java:236)
	at org.junit.runners.ParentRunner.access$000(ParentRunner.java:53)
	at org.junit.runners.ParentRunner$2.evaluate(ParentRunner.java:229)
	at org.junit.runners.ParentRunner.run(ParentRunner.java:309)
	at cucumber.api.junit.Cucumber.run(Cucumber.java:87)
	at org.apache.maven.surefire.junit4.JUnit4Provider.execute(JUnit4Provider.java:264)
	at org.apache.maven.surefire.junit4.JUnit4Provider.executeTestSet(JUnit4Provider.java:153)
	at org.apache.maven.surefire.junit4.JUnit4Provider.invoke(JUnit4Provider.java:124)
	at org.apache.maven.surefire.booter.ForkedBooter.invokeProviderInSameClassLoader(ForkedBooter.java:200)
	at org.apache.maven.surefire.booter.ForkedBooter.runSuitesInProcess(ForkedBooter.java:153)
	at org.apache.maven.surefire.booter.ForkedBooter.main(ForkedBooter.java:103)
</error>
    <system-out><![CDATA[<<<RESPONSE (201 Created): /testaspect/TestCase/7d10c80d-c7b4-4843-8995-d7c7131518a5
running with given plugins: []
Starting Jenkins: JAVA_HOME=/Library/Java/JavaVirtualMachines/jdk1.8.0_60.jdk/Contents/Home JENKINS_HOME=/Users/abduljewel/Documents/c/spiderqa/sample-test-projects/acceptance-test-harness/target/jenkins1740026751933469278home /Library/Java/JavaVirtualMachines/jdk1.8.0_60.jdk/Contents/Home/bin/java -Duser.language=en -jar ./jenkins.war --ajp13Port=-1 --httpPort=57619
master57619|Running from: /Users/abduljewel/Documents/c/spiderqa/sample-test-projects/acceptance-test-harness/jenkins.war
master57619|webroot: EnvVars.masterEnvVars.get("JENKINS_HOME")
master57619|Oct 16, 2015 7:06:25 PM winstone.Logger logInternal
master57619|INFO: Beginning extraction from war file
master57619|Oct 16, 2015 7:06:26 PM org.eclipse.jetty.util.log.JavaUtilLog info
master57619|INFO: jetty-winstone-2.8
master57619|Oct 16, 2015 7:06:27 PM org.eclipse.jetty.util.log.JavaUtilLog info
master57619|INFO: NO JSP Support for , did not find org.apache.jasper.servlet.JspServlet
master57619|Jenkins home directory: /Users/abduljewel/Documents/c/spiderqa/sample-test-projects/acceptance-test-harness/target/jenkins1740026751933469278home found at: EnvVars.masterEnvVars.get("JENKINS_HOME")
master57619|Oct 16, 2015 7:06:28 PM org.eclipse.jetty.util.log.JavaUtilLog info
master57619|INFO: Started SelectChannelConnector@0.0.0.0:57619
master57619|Oct 16, 2015 7:06:28 PM winstone.Logger logInternal
master57619|INFO: Winstone Servlet Engine v2.0 running: controlPort=disabled
master57619|Oct 16, 2015 7:06:28 PM jenkins.InitReactorRunner$1 onAttained
master57619|INFO: Started initialization
master57619|Oct 16, 2015 7:06:44 PM jenkins.InitReactorRunner$1 onAttained
master57619|INFO: Listed all plugins
master57619|Oct 16, 2015 7:06:44 PM jenkins.InitReactorRunner$1 onAttained
master57619|INFO: Prepared all plugins
master57619|Oct 16, 2015 7:06:44 PM jenkins.InitReactorRunner$1 onAttained
master57619|INFO: Started all plugins
master57619|Oct 16, 2015 7:06:44 PM jenkins.InitReactorRunner$1 onAttained
master57619|INFO: Augmented all extensions
master57619|Oct 16, 2015 7:06:47 PM jenkins.InitReactorRunner$1 onAttained
master57619|INFO: Loaded all jobs
master57619|Oct 16, 2015 7:06:50 PM hudson.model.AsyncPeriodicWork$1 run
master57619|INFO: Started Download metadata
master57619|Oct 16, 2015 7:06:50 PM org.jenkinsci.main.modules.sshd.SSHD start
master57619|INFO: Started SSHD at port 54560
master57619|Oct 16, 2015 7:06:50 PM jenkins.InitReactorRunner$1 onAttained
master57619|INFO: Completed initialization
master57619|Oct 16, 2015 7:06:50 PM hudson.UDPBroadcastThread run
master57619|WARNING: UDP handling problem
master57619|java.net.SocketException: Can't assign requested address
master57619|	at java.net.PlainDatagramSocketImpl.join(Native Method)
master57619|	at java.net.AbstractPlainDatagramSocketImpl.join(AbstractPlainDatagramSocketImpl.java:179)
master57619|	at java.net.MulticastSocket.joinGroup(MulticastSocket.java:323)
master57619|	at hudson.UDPBroadcastThread.run(UDPBroadcastThread.java:77)
master57619|
master57619|Oct 16, 2015 7:06:50 PM hudson.WebAppMain$3 run
master57619|INFO: Jenkins is fully up and running
master57619|Oct 16, 2015 7:06:52 PM hudson.model.UpdateSite updateData
master57619|INFO: Obtained the latest update center data file for UpdateSource default
master57619|Oct 16, 2015 7:06:53 PM hudson.model.DownloadService$Downloadable load
master57619|INFO: Obtained the updated data file for hudson.tasks.Maven.MavenInstaller
master57619|Oct 16, 2015 7:06:53 PM hudson.model.DownloadService$Downloadable load
master57619|INFO: Obtained the updated data file for hudson.tasks.Ant.AntInstaller
master57619|Oct 16, 2015 7:06:54 PM hudson.model.DownloadService$Downloadable load
master57619|INFO: Obtained the updated data file for hudson.tools.JDKInstaller
master57619|Oct 16, 2015 7:06:54 PM hudson.model.AsyncPeriodicWork$1 run
master57619|INFO: Finished Download metadata. 4,371 ms
]]></system-out>
    <system-err><![CDATA[Oct 16, 2015 7:06:24 PM org.jenkinsci.test.acceptance.controller.LocalController startNow
INFO: Waiting for Jenkins to become running in http://127.0.0.1:57619/
Oct 16, 2015 7:06:50 PM org.jenkinsci.test.acceptance.controller.LocalController startNow
INFO: Jenkins is running in http://127.0.0.1:57619/
Oct 16, 2015 7:06:50 PM org.openqa.selenium.phantomjs.PhantomJSDriverService <init>
INFO: executable: /usr/local/bin/phantomjs
Oct 16, 2015 7:06:50 PM org.openqa.selenium.phantomjs.PhantomJSDriverService <init>
INFO: port: 6951
Oct 16, 2015 7:06:50 PM org.openqa.selenium.phantomjs.PhantomJSDriverService <init>
INFO: arguments: [--webdriver=6951, --webdriver-logfile=/Users/abduljewel/Documents/c/spiderqa/sample-test-projects/acceptance-test-harness/phantomjsdriver.log]
Oct 16, 2015 7:06:50 PM org.openqa.selenium.phantomjs.PhantomJSDriverService <init>
INFO: environment: {}
[INFO  - 2015-10-16T23:06:51.430Z] GhostDriver - Main - running on port 6951
[INFO  - 2015-10-16T23:06:51.774Z] Session [9607cb40-745a-11e5-946e-f998c07af7d2] - page.settings - {"XSSAuditingEnabled":false,"javascriptCanCloseWindows":true,"javascriptCanOpenWindows":true,"javascriptEnabled":true,"loadImages":true,"localToRemoteUrlAccessEnabled":false,"userAgent":"Mozilla/5.0 (Macintosh; Intel Mac OS X) AppleWebKit/538.1 (KHTML, like Gecko) PhantomJS/2.0.0 Safari/538.1","webSecurityEnabled":true}
[INFO  - 2015-10-16T23:06:51.774Z] Session [9607cb40-745a-11e5-946e-f998c07af7d2] - page.customHeaders:  - {"Accept-Language":"en"}
[INFO  - 2015-10-16T23:06:51.775Z] Session [9607cb40-745a-11e5-946e-f998c07af7d2] - Session.negotiatedCapabilities - {"browserName":"phantomjs","version":"2.0.0","driverName":"ghostdriver","driverVersion":"1.2.0","platform":"mac-10.9 (Mavericks)-64bit","javascriptEnabled":true,"takesScreenshot":true,"handlesAlerts":false,"databaseEnabled":false,"locationContextEnabled":false,"applicationCacheEnabled":false,"browserConnectionEnabled":false,"cssSelectorsEnabled":true,"webStorageEnabled":false,"rotatable":false,"acceptSslCerts":false,"nativeEvents":true,"proxy":{"proxyType":"direct"},"phantomjs.page.customHeaders.Accept-Language":"en"}
[INFO  - 2015-10-16T23:06:51.775Z] SessionManagerReqHand - _postNewSessionCommand - New Session Created: 9607cb40-745a-11e5-946e-f998c07af7d2
[ERROR - 2015-10-16T23:07:01.501Z] Session [9607cb40-745a-11e5-946e-f998c07af7d2] - page.onError - msg: TypeError: undefined is not a function (evaluating 'v.getAttribute("type")')

  :262 in error
[ERROR - 2015-10-16T23:07:01.501Z] Session [9607cb40-745a-11e5-946e-f998c07af7d2] - page.onError - stack:
  child (http://127.0.0.1:57619/static/35dc9d3b/plugin/form-element-path/script.js:168)
  annotate (http://127.0.0.1:57619/static/35dc9d3b/plugin/form-element-path/script.js:191)
  child (http://127.0.0.1:57619/static/35dc9d3b/plugin/form-element-path/script.js:182)
  (anonymous function) (http://127.0.0.1:57619/static/35dc9d3b/plugin/form-element-path/script.js:188)
  forEach (:0)
  annotate (http://127.0.0.1:57619/static/35dc9d3b/plugin/form-element-path/script.js:187)
  buildFormTree (http://127.0.0.1:57619/static/35dc9d3b/plugin/form-element-path/script.js:197)
  (anonymous function) (http://127.0.0.1:57619/static/35dc9d3b/plugin/form-element-path/script.js:208)
  forEach (:0)
  applyAll (http://127.0.0.1:57619/static/35dc9d3b/plugin/form-element-path/script.js:207)

  :262 in error
]]></system-err>
  </testcase>
  <testcase name="Test mechanism" classname="Test mechanism" time="0.002">
    <error type="java.lang.NullPointerException:">java.lang.NullPointerException: null
	at org.junit.runner.Description.createSuiteDescription(Description.java:123)
	at ru.yandex.qatools.allure.junit.AllureRunListener.getSuiteUid(AllureRunListener.java:110)
	at ru.yandex.qatools.allure.junit.AllureRunListener.testStarted(AllureRunListener.java:50)
	at org.junit.runner.notification.RunNotifier$3.notifyListener(RunNotifier.java:115)
	at org.junit.runner.notification.RunNotifier$SafeNotifier.run(RunNotifier.java:61)
	at org.junit.runner.notification.RunNotifier.fireTestStarted(RunNotifier.java:112)
	at org.junit.internal.runners.model.EachTestNotifier.fireTestStarted(EachTestNotifier.java:43)
	at cucumber.runtime.junit.JUnitReporter.result(JUnitReporter.java:83)
	at cucumber.runtime.Runtime.runStep(Runtime.java:299)
	at cucumber.runtime.model.StepContainer.runStep(StepContainer.java:44)
	at cucumber.runtime.model.StepContainer.runSteps(StepContainer.java:39)
	at cucumber.runtime.model.CucumberScenario.run(CucumberScenario.java:40)
	at cucumber.runtime.junit.ExecutionUnitRunner.run(ExecutionUnitRunner.java:83)
	at cucumber.runtime.junit.FeatureRunner.runChild(FeatureRunner.java:63)
	at cucumber.runtime.junit.FeatureRunner.runChild(FeatureRunner.java:18)
	at org.junit.runners.ParentRunner$3.run(ParentRunner.java:238)
	at org.junit.runners.ParentRunner$1.schedule(ParentRunner.java:63)
	at org.junit.runners.ParentRunner.runChildren(ParentRunner.java:236)
	at org.junit.runners.ParentRunner.access$000(ParentRunner.java:53)
	at org.junit.runners.ParentRunner$2.evaluate(ParentRunner.java:229)
	at org.junit.runners.ParentRunner.run(ParentRunner.java:309)
	at cucumber.runtime.junit.FeatureRunner.run(FeatureRunner.java:70)
	at cucumber.api.junit.Cucumber.runChild(Cucumber.java:82)
	at cucumber.api.junit.Cucumber.runChild(Cucumber.java:41)
	at org.junit.runners.ParentRunner$3.run(ParentRunner.java:238)
	at org.junit.runners.ParentRunner$1.schedule(ParentRunner.java:63)
	at org.junit.runners.ParentRunner.runChildren(ParentRunner.java:236)
	at org.junit.runners.ParentRunner.access$000(ParentRunner.java:53)
	at org.junit.runners.ParentRunner$2.evaluate(ParentRunner.java:229)
	at org.junit.runners.ParentRunner.run(ParentRunner.java:309)
	at cucumber.api.junit.Cucumber.run(Cucumber.java:87)
	at org.apache.maven.surefire.junit4.JUnit4Provider.execute(JUnit4Provider.java:264)
	at org.apache.maven.surefire.junit4.JUnit4Provider.executeTestSet(JUnit4Provider.java:153)
	at org.apache.maven.surefire.junit4.JUnit4Provider.invoke(JUnit4Provider.java:124)
	at org.apache.maven.surefire.booter.ForkedBooter.invokeProviderInSameClassLoader(ForkedBooter.java:200)
	at org.apache.maven.surefire.booter.ForkedBooter.runSuitesInProcess(ForkedBooter.java:153)
	at org.apache.maven.surefire.booter.ForkedBooter.main(ForkedBooter.java:103)
</error>
    <system-out><![CDATA[testCaseResult=ru.yandex.qatools.allure.model.TestCaseResult@5b3b13fb[
  name=findJobThroughRegexp
  title=<null>
  description=<null>
  failure=<null>
  start=1445036595579
  stop=1445036616110
  status=PASSED
  severity=<null>
  steps=[]
  attachments=[]
  labels=[ru.yandex.qatools.allure.model.Label@42360a1c, ru.yandex.qatools.allure.model.Label@43e865ba]
  parameters=<null>
]
testCaseResult={
   "start" : 1445036595579,
   "stop" : 1445036616110,
   "status" : "passed",
   "name" : "findJobThroughRegexp",
   "steps" : {
      "step" : [ ]
   },
   "attachments" : {
      "attachment" : [ ]
   },
   "labels" : {
      "label" : [ {
         "name" : "host",
         "value" : "MacBook-Pro-2.home"
      }, {
         "name" : "thread",
         "value" : "1771@MacBook-Pro-2.home.main(1)"
      } ]
   }
}
testCase=ru.yandex.qatools.allure.model.TestCase@15c36720[
  _id=f9eae7d4-5234-47ea-936a-25b805161ecc
  executionId=7a8626ac-7b8d-4761-8bff-776519219d78
  threadName=thread_15005794375463
  name=findJobThroughRegexp
  title=<null>
  description=<null>
  failure=<null>
  start=1445036595579
  stop=1445036616110
  status=PASSED
  severity=<null>
  steps=[]
  attachments=[]
  labels=[ru.yandex.qatools.allure.model.Label@42360a1c, ru.yandex.qatools.allure.model.Label@43e865ba]
  parameters=<null>
]
testCase={
   "start" : 1445036595579,
   "stop" : 1445036616110,
   "status" : "passed",
   "_id" : "f9eae7d4-5234-47ea-936a-25b805161ecc",
   "executionId" : "7a8626ac-7b8d-4761-8bff-776519219d78",
   "threadName" : "thread_15005794375463",
   "name" : "findJobThroughRegexp",
   "steps" : {
      "step" : [ ]
   },
   "attachments" : {
      "attachment" : [ ]
   },
   "labels" : {
      "label" : [ {
         "name" : "host",
         "value" : "MacBook-Pro-2.home"
      }, {
         "name" : "thread",
         "value" : "1771@MacBook-Pro-2.home.main(1)"
      } ]
   }
}
>>>REQUEST: /testaspect/TestCase/f9eae7d4-5234-47ea-936a-25b805161ecc
<<<RESPONSE (201 Created): /testaspect/TestCase/f9eae7d4-5234-47ea-936a-25b805161ecc
]]></system-out>
  </testcase>
  <testcase name="Test mechanism" classname="Test mechanism" time="0.002">
    <error type="java.lang.NullPointerException:">java.lang.NullPointerException: null
	at org.junit.runner.Description.createSuiteDescription(Description.java:123)
	at ru.yandex.qatools.allure.junit.AllureRunListener.getSuiteUid(AllureRunListener.java:110)
	at ru.yandex.qatools.allure.junit.AllureRunListener.testStarted(AllureRunListener.java:50)
	at org.junit.runner.notification.RunNotifier$3.notifyListener(RunNotifier.java:115)
	at org.junit.runner.notification.RunNotifier$SafeNotifier.run(RunNotifier.java:61)
	at org.junit.runner.notification.RunNotifier.fireTestStarted(RunNotifier.java:112)
	at org.junit.internal.runners.model.EachTestNotifier.fireTestStarted(EachTestNotifier.java:43)
	at cucumber.runtime.junit.JUnitReporter.result(JUnitReporter.java:83)
	at cucumber.runtime.Runtime.runStep(Runtime.java:299)
	at cucumber.runtime.model.StepContainer.runStep(StepContainer.java:44)
	at cucumber.runtime.model.StepContainer.runSteps(StepContainer.java:39)
	at cucumber.runtime.model.CucumberScenario.run(CucumberScenario.java:40)
	at cucumber.runtime.junit.ExecutionUnitRunner.run(ExecutionUnitRunner.java:83)
	at cucumber.runtime.junit.FeatureRunner.runChild(FeatureRunner.java:63)
	at cucumber.runtime.junit.FeatureRunner.runChild(FeatureRunner.java:18)
	at org.junit.runners.ParentRunner$3.run(ParentRunner.java:238)
	at org.junit.runners.ParentRunner$1.schedule(ParentRunner.java:63)
	at org.junit.runners.ParentRunner.runChildren(ParentRunner.java:236)
	at org.junit.runners.ParentRunner.access$000(ParentRunner.java:53)
	at org.junit.runners.ParentRunner$2.evaluate(ParentRunner.java:229)
	at org.junit.runners.ParentRunner.run(ParentRunner.java:309)
	at cucumber.runtime.junit.FeatureRunner.run(FeatureRunner.java:70)
	at cucumber.api.junit.Cucumber.runChild(Cucumber.java:82)
	at cucumber.api.junit.Cucumber.runChild(Cucumber.java:41)
	at org.junit.runners.ParentRunner$3.run(ParentRunner.java:238)
	at org.junit.runners.ParentRunner$1.schedule(ParentRunner.java:63)
	at org.junit.runners.ParentRunner.runChildren(ParentRunner.java:236)
	at org.junit.runners.ParentRunner.access$000(ParentRunner.java:53)
	at org.junit.runners.ParentRunner$2.evaluate(ParentRunner.java:229)
	at org.junit.runners.ParentRunner.run(ParentRunner.java:309)
	at cucumber.api.junit.Cucumber.run(Cucumber.java:87)
	at org.apache.maven.surefire.junit4.JUnit4Provider.execute(JUnit4Provider.java:264)
	at org.apache.maven.surefire.junit4.JUnit4Provider.executeTestSet(JUnit4Provider.java:153)
	at org.apache.maven.surefire.junit4.JUnit4Provider.invoke(JUnit4Provider.java:124)
	at org.apache.maven.surefire.booter.ForkedBooter.invokeProviderInSameClassLoader(ForkedBooter.java:200)
	at org.apache.maven.surefire.booter.ForkedBooter.runSuitesInProcess(ForkedBooter.java:153)
	at org.apache.maven.surefire.booter.ForkedBooter.main(ForkedBooter.java:103)
</error>
    <system-out><![CDATA[testCaseResult=ru.yandex.qatools.allure.model.TestCaseResult@5b3b13fb[
  name=findJobThroughRegexp
  title=<null>
  description=<null>
  failure=<null>
  start=1445036595579
  stop=1445036616110
  status=PASSED
  severity=<null>
  steps=[]
  attachments=[]
  labels=[ru.yandex.qatools.allure.model.Label@42360a1c, ru.yandex.qatools.allure.model.Label@43e865ba]
  parameters=<null>
]
testCaseResult={
   "start" : 1445036595579,
   "stop" : 1445036616110,
   "status" : "passed",
   "name" : "findJobThroughRegexp",
   "steps" : {
      "step" : [ ]
   },
   "attachments" : {
      "attachment" : [ ]
   },
   "labels" : {
      "label" : [ {
         "name" : "host",
         "value" : "MacBook-Pro-2.home"
      }, {
         "name" : "thread",
         "value" : "1771@MacBook-Pro-2.home.main(1)"
      } ]
   }
}
testCase=ru.yandex.qatools.allure.model.TestCase@2672f44f[
  _id=11a7cdd1-02fb-4712-b154-ecc441363568
  executionId=7a8626ac-7b8d-4761-8bff-776519219d78
  threadName=thread_15005794375463
  name=findJobThroughRegexp
  title=<null>
  description=<null>
  failure=<null>
  start=1445036595579
  stop=1445036616110
  status=PASSED
  severity=<null>
  steps=[]
  attachments=[]
  labels=[ru.yandex.qatools.allure.model.Label@42360a1c, ru.yandex.qatools.allure.model.Label@43e865ba]
  parameters=<null>
]
testCase={
   "start" : 1445036595579,
   "stop" : 1445036616110,
   "status" : "passed",
   "_id" : "11a7cdd1-02fb-4712-b154-ecc441363568",
   "executionId" : "7a8626ac-7b8d-4761-8bff-776519219d78",
   "threadName" : "thread_15005794375463",
   "name" : "findJobThroughRegexp",
   "steps" : {
      "step" : [ ]
   },
   "attachments" : {
      "attachment" : [ ]
   },
   "labels" : {
      "label" : [ {
         "name" : "host",
         "value" : "MacBook-Pro-2.home"
      }, {
         "name" : "thread",
         "value" : "1771@MacBook-Pro-2.home.main(1)"
      } ]
   }
}
>>>REQUEST: /testaspect/TestCase/11a7cdd1-02fb-4712-b154-ecc441363568
<<<RESPONSE (201 Created): /testaspect/TestCase/11a7cdd1-02fb-4712-b154-ecc441363568
]]></system-out>
  </testcase>
  <testcase name="Test mechanism" classname="Test mechanism" time="0.003">
    <error type="java.lang.NullPointerException:">java.lang.NullPointerException: null
	at org.junit.runner.Description.createSuiteDescription(Description.java:123)
	at ru.yandex.qatools.allure.junit.AllureRunListener.getSuiteUid(AllureRunListener.java:110)
	at ru.yandex.qatools.allure.junit.AllureRunListener.testStarted(AllureRunListener.java:50)
	at org.junit.runner.notification.RunNotifier$3.notifyListener(RunNotifier.java:115)
	at org.junit.runner.notification.RunNotifier$SafeNotifier.run(RunNotifier.java:61)
	at org.junit.runner.notification.RunNotifier.fireTestStarted(RunNotifier.java:112)
	at org.junit.internal.runners.model.EachTestNotifier.fireTestStarted(EachTestNotifier.java:43)
	at cucumber.runtime.junit.JUnitReporter.result(JUnitReporter.java:83)
	at cucumber.runtime.Runtime.runStep(Runtime.java:299)
	at cucumber.runtime.model.StepContainer.runStep(StepContainer.java:44)
	at cucumber.runtime.model.StepContainer.runSteps(StepContainer.java:39)
	at cucumber.runtime.model.CucumberScenario.run(CucumberScenario.java:40)
	at cucumber.runtime.junit.ExecutionUnitRunner.run(ExecutionUnitRunner.java:83)
	at cucumber.runtime.junit.FeatureRunner.runChild(FeatureRunner.java:63)
	at cucumber.runtime.junit.FeatureRunner.runChild(FeatureRunner.java:18)
	at org.junit.runners.ParentRunner$3.run(ParentRunner.java:238)
	at org.junit.runners.ParentRunner$1.schedule(ParentRunner.java:63)
	at org.junit.runners.ParentRunner.runChildren(ParentRunner.java:236)
	at org.junit.runners.ParentRunner.access$000(ParentRunner.java:53)
	at org.junit.runners.ParentRunner$2.evaluate(ParentRunner.java:229)
	at org.junit.runners.ParentRunner.run(ParentRunner.java:309)
	at cucumber.runtime.junit.FeatureRunner.run(FeatureRunner.java:70)
	at cucumber.api.junit.Cucumber.runChild(Cucumber.java:82)
	at cucumber.api.junit.Cucumber.runChild(Cucumber.java:41)
	at org.junit.runners.ParentRunner$3.run(ParentRunner.java:238)
	at org.junit.runners.ParentRunner$1.schedule(ParentRunner.java:63)
	at org.junit.runners.ParentRunner.runChildren(ParentRunner.java:236)
	at org.junit.runners.ParentRunner.access$000(ParentRunner.java:53)
	at org.junit.runners.ParentRunner$2.evaluate(ParentRunner.java:229)
	at org.junit.runners.ParentRunner.run(ParentRunner.java:309)
	at cucumber.api.junit.Cucumber.run(Cucumber.java:87)
	at org.apache.maven.surefire.junit4.JUnit4Provider.execute(JUnit4Provider.java:264)
	at org.apache.maven.surefire.junit4.JUnit4Provider.executeTestSet(JUnit4Provider.java:153)
	at org.apache.maven.surefire.junit4.JUnit4Provider.invoke(JUnit4Provider.java:124)
	at org.apache.maven.surefire.booter.ForkedBooter.invokeProviderInSameClassLoader(ForkedBooter.java:200)
	at org.apache.maven.surefire.booter.ForkedBooter.runSuitesInProcess(ForkedBooter.java:153)
	at org.apache.maven.surefire.booter.ForkedBooter.main(ForkedBooter.java:103)
</error>
    <system-out><![CDATA[testCaseResult=ru.yandex.qatools.allure.model.TestCaseResult@5b3b13fb[
  name=findJobThroughRegexp
  title=<null>
  description=<null>
  failure=<null>
  start=1445036595579
  stop=1445036616110
  status=PASSED
  severity=<null>
  steps=[]
  attachments=[]
  labels=[ru.yandex.qatools.allure.model.Label@42360a1c, ru.yandex.qatools.allure.model.Label@43e865ba]
  parameters=<null>
]
testCaseResult={
   "start" : 1445036595579,
   "stop" : 1445036616110,
   "status" : "passed",
   "name" : "findJobThroughRegexp",
   "steps" : {
      "step" : [ ]
   },
   "attachments" : {
      "attachment" : [ ]
   },
   "labels" : {
      "label" : [ {
         "name" : "host",
         "value" : "MacBook-Pro-2.home"
      }, {
         "name" : "thread",
         "value" : "1771@MacBook-Pro-2.home.main(1)"
      } ]
   }
}
testCase=ru.yandex.qatools.allure.model.TestCase@aacaa90[
  _id=3638dfd8-2d90-4a47-a870-25ae94c6ad00
  executionId=7a8626ac-7b8d-4761-8bff-776519219d78
  threadName=thread_15005794375463
  name=findJobThroughRegexp
  title=<null>
  description=<null>
  failure=<null>
  start=1445036595579
  stop=1445036616110
  status=PASSED
  severity=<null>
  steps=[]
  attachments=[]
  labels=[ru.yandex.qatools.allure.model.Label@42360a1c, ru.yandex.qatools.allure.model.Label@43e865ba]
  parameters=<null>
]
testCase={
   "start" : 1445036595579,
   "stop" : 1445036616110,
   "status" : "passed",
   "_id" : "3638dfd8-2d90-4a47-a870-25ae94c6ad00",
   "executionId" : "7a8626ac-7b8d-4761-8bff-776519219d78",
   "threadName" : "thread_15005794375463",
   "name" : "findJobThroughRegexp",
   "steps" : {
      "step" : [ ]
   },
   "attachments" : {
      "attachment" : [ ]
   },
   "labels" : {
      "label" : [ {
         "name" : "host",
         "value" : "MacBook-Pro-2.home"
      }, {
         "name" : "thread",
         "value" : "1771@MacBook-Pro-2.home.main(1)"
      } ]
   }
}
>>>REQUEST: /testaspect/TestCase/3638dfd8-2d90-4a47-a870-25ae94c6ad00
<<<RESPONSE (201 Created): /testaspect/TestCase/3638dfd8-2d90-4a47-a870-25ae94c6ad00
]]></system-out>
  </testcase>
  <testcase name="Test mechanism" classname="Test mechanism" time="0.002">
    <error type="java.lang.NullPointerException:">java.lang.NullPointerException: null
	at org.junit.runner.Description.createSuiteDescription(Description.java:123)
	at ru.yandex.qatools.allure.junit.AllureRunListener.getSuiteUid(AllureRunListener.java:110)
	at ru.yandex.qatools.allure.junit.AllureRunListener.testStarted(AllureRunListener.java:50)
	at org.junit.runner.notification.RunNotifier$3.notifyListener(RunNotifier.java:115)
	at org.junit.runner.notification.RunNotifier$SafeNotifier.run(RunNotifier.java:61)
	at org.junit.runner.notification.RunNotifier.fireTestStarted(RunNotifier.java:112)
	at org.junit.internal.runners.model.EachTestNotifier.fireTestStarted(EachTestNotifier.java:43)
	at cucumber.runtime.junit.JUnitReporter.result(JUnitReporter.java:83)
	at cucumber.runtime.Runtime.runStep(Runtime.java:299)
	at cucumber.runtime.model.StepContainer.runStep(StepContainer.java:44)
	at cucumber.runtime.model.StepContainer.runSteps(StepContainer.java:39)
	at cucumber.runtime.model.CucumberScenario.run(CucumberScenario.java:40)
	at cucumber.runtime.junit.ExecutionUnitRunner.run(ExecutionUnitRunner.java:83)
	at cucumber.runtime.junit.FeatureRunner.runChild(FeatureRunner.java:63)
	at cucumber.runtime.junit.FeatureRunner.runChild(FeatureRunner.java:18)
	at org.junit.runners.ParentRunner$3.run(ParentRunner.java:238)
	at org.junit.runners.ParentRunner$1.schedule(ParentRunner.java:63)
	at org.junit.runners.ParentRunner.runChildren(ParentRunner.java:236)
	at org.junit.runners.ParentRunner.access$000(ParentRunner.java:53)
	at org.junit.runners.ParentRunner$2.evaluate(ParentRunner.java:229)
	at org.junit.runners.ParentRunner.run(ParentRunner.java:309)
	at cucumber.runtime.junit.FeatureRunner.run(FeatureRunner.java:70)
	at cucumber.api.junit.Cucumber.runChild(Cucumber.java:82)
	at cucumber.api.junit.Cucumber.runChild(Cucumber.java:41)
	at org.junit.runners.ParentRunner$3.run(ParentRunner.java:238)
	at org.junit.runners.ParentRunner$1.schedule(ParentRunner.java:63)
	at org.junit.runners.ParentRunner.runChildren(ParentRunner.java:236)
	at org.junit.runners.ParentRunner.access$000(ParentRunner.java:53)
	at org.junit.runners.ParentRunner$2.evaluate(ParentRunner.java:229)
	at org.junit.runners.ParentRunner.run(ParentRunner.java:309)
	at cucumber.api.junit.Cucumber.run(Cucumber.java:87)
	at org.apache.maven.surefire.junit4.JUnit4Provider.execute(JUnit4Provider.java:264)
	at org.apache.maven.surefire.junit4.JUnit4Provider.executeTestSet(JUnit4Provider.java:153)
	at org.apache.maven.surefire.junit4.JUnit4Provider.invoke(JUnit4Provider.java:124)
	at org.apache.maven.surefire.booter.ForkedBooter.invokeProviderInSameClassLoader(ForkedBooter.java:200)
	at org.apache.maven.surefire.booter.ForkedBooter.runSuitesInProcess(ForkedBooter.java:153)
	at org.apache.maven.surefire.booter.ForkedBooter.main(ForkedBooter.java:103)
</error>
    <system-out><![CDATA[testCaseResult=ru.yandex.qatools.allure.model.TestCaseResult@5b3b13fb[
  name=findJobThroughRegexp
  title=<null>
  description=<null>
  failure=<null>
  start=1445036595579
  stop=1445036616110
  status=PASSED
  severity=<null>
  steps=[]
  attachments=[]
  labels=[ru.yandex.qatools.allure.model.Label@42360a1c, ru.yandex.qatools.allure.model.Label@43e865ba]
  parameters=<null>
]
testCaseResult={
   "start" : 1445036595579,
   "stop" : 1445036616110,
   "status" : "passed",
   "name" : "findJobThroughRegexp",
   "steps" : {
      "step" : [ ]
   },
   "attachments" : {
      "attachment" : [ ]
   },
   "labels" : {
      "label" : [ {
         "name" : "host",
         "value" : "MacBook-Pro-2.home"
      }, {
         "name" : "thread",
         "value" : "1771@MacBook-Pro-2.home.main(1)"
      } ]
   }
}
testCase=ru.yandex.qatools.allure.model.TestCase@67bc6790[
  _id=7bc9f846-f913-42af-9e69-01729f697c07
  executionId=7a8626ac-7b8d-4761-8bff-776519219d78
  threadName=thread_15005794375463
  name=findJobThroughRegexp
  title=<null>
  description=<null>
  failure=<null>
  start=1445036595579
  stop=1445036616110
  status=PASSED
  severity=<null>
  steps=[]
  attachments=[]
  labels=[ru.yandex.qatools.allure.model.Label@42360a1c, ru.yandex.qatools.allure.model.Label@43e865ba]
  parameters=<null>
]
testCase={
   "start" : 1445036595579,
   "stop" : 1445036616110,
   "status" : "passed",
   "_id" : "7bc9f846-f913-42af-9e69-01729f697c07",
   "executionId" : "7a8626ac-7b8d-4761-8bff-776519219d78",
   "threadName" : "thread_15005794375463",
   "name" : "findJobThroughRegexp",
   "steps" : {
      "step" : [ ]
   },
   "attachments" : {
      "attachment" : [ ]
   },
   "labels" : {
      "label" : [ {
         "name" : "host",
         "value" : "MacBook-Pro-2.home"
      }, {
         "name" : "thread",
         "value" : "1771@MacBook-Pro-2.home.main(1)"
      } ]
   }
}
>>>REQUEST: /testaspect/TestCase/7bc9f846-f913-42af-9e69-01729f697c07
<<<RESPONSE (201 Created): /testaspect/TestCase/7bc9f846-f913-42af-9e69-01729f697c07
master57619|Oct 16, 2015 7:07:03 PM hudson.model.Run execute
master57619|INFO: new_warrior #1 main build action completed: SUCCESS
master57619|Oct 16, 2015 7:07:04 PM hudson.model.Run execute
master57619|INFO: new_warrior #2 main build action completed: SUCCESS
master57619|Oct 16, 2015 7:07:05 PM hudson.model.Run execute
master57619|INFO: new_warrior #3 main build action completed: SUCCESS
master57619|Oct 16, 2015 7:07:05 PM hudson.model.Run execute
master57619|INFO: new_warrior #4 main build action completed: SUCCESS
]]></system-out>
  </testcase>
  <testcase name="Test mechanism" classname="Test mechanism" time="0.003">
    <error type="java.lang.NullPointerException:">java.lang.NullPointerException: null
	at org.junit.runner.Description.createSuiteDescription(Description.java:123)
	at ru.yandex.qatools.allure.junit.AllureRunListener.getSuiteUid(AllureRunListener.java:110)
	at ru.yandex.qatools.allure.junit.AllureRunListener.testStarted(AllureRunListener.java:50)
	at org.junit.runner.notification.RunNotifier$3.notifyListener(RunNotifier.java:115)
	at org.junit.runner.notification.RunNotifier$SafeNotifier.run(RunNotifier.java:61)
	at org.junit.runner.notification.RunNotifier.fireTestStarted(RunNotifier.java:112)
	at org.junit.internal.runners.model.EachTestNotifier.fireTestStarted(EachTestNotifier.java:43)
	at cucumber.runtime.junit.JUnitReporter.result(JUnitReporter.java:83)
	at cucumber.runtime.Runtime.runStep(Runtime.java:299)
	at cucumber.runtime.model.StepContainer.runStep(StepContainer.java:44)
	at cucumber.runtime.model.StepContainer.runSteps(StepContainer.java:39)
	at cucumber.runtime.model.CucumberScenario.run(CucumberScenario.java:40)
	at cucumber.runtime.junit.ExecutionUnitRunner.run(ExecutionUnitRunner.java:83)
	at cucumber.runtime.junit.FeatureRunner.runChild(FeatureRunner.java:63)
	at cucumber.runtime.junit.FeatureRunner.runChild(FeatureRunner.java:18)
	at org.junit.runners.ParentRunner$3.run(ParentRunner.java:238)
	at org.junit.runners.ParentRunner$1.schedule(ParentRunner.java:63)
	at org.junit.runners.ParentRunner.runChildren(ParentRunner.java:236)
	at org.junit.runners.ParentRunner.access$000(ParentRunner.java:53)
	at org.junit.runners.ParentRunner$2.evaluate(ParentRunner.java:229)
	at org.junit.runners.ParentRunner.run(ParentRunner.java:309)
	at cucumber.runtime.junit.FeatureRunner.run(FeatureRunner.java:70)
	at cucumber.api.junit.Cucumber.runChild(Cucumber.java:82)
	at cucumber.api.junit.Cucumber.runChild(Cucumber.java:41)
	at org.junit.runners.ParentRunner$3.run(ParentRunner.java:238)
	at org.junit.runners.ParentRunner$1.schedule(ParentRunner.java:63)
	at org.junit.runners.ParentRunner.runChildren(ParentRunner.java:236)
	at org.junit.runners.ParentRunner.access$000(ParentRunner.java:53)
	at org.junit.runners.ParentRunner$2.evaluate(ParentRunner.java:229)
	at org.junit.runners.ParentRunner.run(ParentRunner.java:309)
	at cucumber.api.junit.Cucumber.run(Cucumber.java:87)
	at org.apache.maven.surefire.junit4.JUnit4Provider.execute(JUnit4Provider.java:264)
	at org.apache.maven.surefire.junit4.JUnit4Provider.executeTestSet(JUnit4Provider.java:153)
	at org.apache.maven.surefire.junit4.JUnit4Provider.invoke(JUnit4Provider.java:124)
	at org.apache.maven.surefire.booter.ForkedBooter.invokeProviderInSameClassLoader(ForkedBooter.java:200)
	at org.apache.maven.surefire.booter.ForkedBooter.runSuitesInProcess(ForkedBooter.java:153)
	at org.apache.maven.surefire.booter.ForkedBooter.main(ForkedBooter.java:103)
</error>
    <system-out><![CDATA[testCaseResult=ru.yandex.qatools.allure.model.TestCaseResult@5b3b13fb[
  name=findJobThroughRegexp
  title=<null>
  description=<null>
  failure=<null>
  start=1445036595579
  stop=1445036616110
  status=PASSED
  severity=<null>
  steps=[]
  attachments=[]
  labels=[ru.yandex.qatools.allure.model.Label@42360a1c, ru.yandex.qatools.allure.model.Label@43e865ba]
  parameters=<null>
]
testCaseResult={
   "start" : 1445036595579,
   "stop" : 1445036616110,
   "status" : "passed",
   "name" : "findJobThroughRegexp",
   "steps" : {
      "step" : [ ]
   },
   "attachments" : {
      "attachment" : [ ]
   },
   "labels" : {
      "label" : [ {
         "name" : "host",
         "value" : "MacBook-Pro-2.home"
      }, {
         "name" : "thread",
         "value" : "1771@MacBook-Pro-2.home.main(1)"
      } ]
   }
}
testCase=ru.yandex.qatools.allure.model.TestCase@70cdcd2b[
  _id=9bb163c5-5c2e-4d27-847f-412b6182260e
  executionId=7a8626ac-7b8d-4761-8bff-776519219d78
  threadName=thread_15005794375463
  name=findJobThroughRegexp
  title=<null>
  description=<null>
  failure=<null>
  start=1445036595579
  stop=1445036616110
  status=PASSED
  severity=<null>
  steps=[]
  attachments=[]
  labels=[ru.yandex.qatools.allure.model.Label@42360a1c, ru.yandex.qatools.allure.model.Label@43e865ba]
  parameters=<null>
]
testCase={
   "start" : 1445036595579,
   "stop" : 1445036616110,
   "status" : "passed",
   "_id" : "9bb163c5-5c2e-4d27-847f-412b6182260e",
   "executionId" : "7a8626ac-7b8d-4761-8bff-776519219d78",
   "threadName" : "thread_15005794375463",
   "name" : "findJobThroughRegexp",
   "steps" : {
      "step" : [ ]
   },
   "attachments" : {
      "attachment" : [ ]
   },
   "labels" : {
      "label" : [ {
         "name" : "host",
         "value" : "MacBook-Pro-2.home"
      }, {
         "name" : "thread",
         "value" : "1771@MacBook-Pro-2.home.main(1)"
      } ]
   }
}
>>>REQUEST: /testaspect/TestCase/9bb163c5-5c2e-4d27-847f-412b6182260e
<<<RESPONSE (201 Created): /testaspect/TestCase/9bb163c5-5c2e-4d27-847f-412b6182260e
]]></system-out>
  </testcase>
  <testcase name="Test mechanism" classname="Test mechanism" time="0.004">
    <error type="java.lang.NullPointerException:">java.lang.NullPointerException: null
	at org.junit.runner.Description.createSuiteDescription(Description.java:123)
	at ru.yandex.qatools.allure.junit.AllureRunListener.getSuiteUid(AllureRunListener.java:110)
	at ru.yandex.qatools.allure.junit.AllureRunListener.testStarted(AllureRunListener.java:50)
	at org.junit.runner.notification.RunNotifier$3.notifyListener(RunNotifier.java:115)
	at org.junit.runner.notification.RunNotifier$SafeNotifier.run(RunNotifier.java:61)
	at org.junit.runner.notification.RunNotifier.fireTestStarted(RunNotifier.java:112)
	at org.junit.internal.runners.model.EachTestNotifier.fireTestStarted(EachTestNotifier.java:43)
	at cucumber.runtime.junit.JUnitReporter.result(JUnitReporter.java:83)
	at cucumber.runtime.Runtime.runStep(Runtime.java:299)
	at cucumber.runtime.model.StepContainer.runStep(StepContainer.java:44)
	at cucumber.runtime.model.StepContainer.runSteps(StepContainer.java:39)
	at cucumber.runtime.model.CucumberScenario.run(CucumberScenario.java:40)
	at cucumber.runtime.junit.ExecutionUnitRunner.run(ExecutionUnitRunner.java:83)
	at cucumber.runtime.junit.FeatureRunner.runChild(FeatureRunner.java:63)
	at cucumber.runtime.junit.FeatureRunner.runChild(FeatureRunner.java:18)
	at org.junit.runners.ParentRunner$3.run(ParentRunner.java:238)
	at org.junit.runners.ParentRunner$1.schedule(ParentRunner.java:63)
	at org.junit.runners.ParentRunner.runChildren(ParentRunner.java:236)
	at org.junit.runners.ParentRunner.access$000(ParentRunner.java:53)
	at org.junit.runners.ParentRunner$2.evaluate(ParentRunner.java:229)
	at org.junit.runners.ParentRunner.run(ParentRunner.java:309)
	at cucumber.runtime.junit.FeatureRunner.run(FeatureRunner.java:70)
	at cucumber.api.junit.Cucumber.runChild(Cucumber.java:82)
	at cucumber.api.junit.Cucumber.runChild(Cucumber.java:41)
	at org.junit.runners.ParentRunner$3.run(ParentRunner.java:238)
	at org.junit.runners.ParentRunner$1.schedule(ParentRunner.java:63)
	at org.junit.runners.ParentRunner.runChildren(ParentRunner.java:236)
	at org.junit.runners.ParentRunner.access$000(ParentRunner.java:53)
	at org.junit.runners.ParentRunner$2.evaluate(ParentRunner.java:229)
	at org.junit.runners.ParentRunner.run(ParentRunner.java:309)
	at cucumber.api.junit.Cucumber.run(Cucumber.java:87)
	at org.apache.maven.surefire.junit4.JUnit4Provider.execute(JUnit4Provider.java:264)
	at org.apache.maven.surefire.junit4.JUnit4Provider.executeTestSet(JUnit4Provider.java:153)
	at org.apache.maven.surefire.junit4.JUnit4Provider.invoke(JUnit4Provider.java:124)
	at org.apache.maven.surefire.booter.ForkedBooter.invokeProviderInSameClassLoader(ForkedBooter.java:200)
	at org.apache.maven.surefire.booter.ForkedBooter.runSuitesInProcess(ForkedBooter.java:153)
	at org.apache.maven.surefire.booter.ForkedBooter.main(ForkedBooter.java:103)
</error>
    <system-out><![CDATA[testCaseResult=ru.yandex.qatools.allure.model.TestCaseResult@5b3b13fb[
  name=findJobThroughRegexp
  title=<null>
  description=<null>
  failure=<null>
  start=1445036595579
  stop=1445036616110
  status=PASSED
  severity=<null>
  steps=[]
  attachments=[]
  labels=[ru.yandex.qatools.allure.model.Label@42360a1c, ru.yandex.qatools.allure.model.Label@43e865ba]
  parameters=<null>
]
testCaseResult={
   "start" : 1445036595579,
   "stop" : 1445036616110,
   "status" : "passed",
   "name" : "findJobThroughRegexp",
   "steps" : {
      "step" : [ ]
   },
   "attachments" : {
      "attachment" : [ ]
   },
   "labels" : {
      "label" : [ {
         "name" : "host",
         "value" : "MacBook-Pro-2.home"
      }, {
         "name" : "thread",
         "value" : "1771@MacBook-Pro-2.home.main(1)"
      } ]
   }
}
testCase=ru.yandex.qatools.allure.model.TestCase@25fa55f0[
  _id=ae05e2b3-18aa-4be8-a88f-7601ebbd5495
  executionId=7a8626ac-7b8d-4761-8bff-776519219d78
  threadName=thread_15005794375463
  name=findJobThroughRegexp
  title=<null>
  description=<null>
  failure=<null>
  start=1445036595579
  stop=1445036616110
  status=PASSED
  severity=<null>
  steps=[]
  attachments=[]
  labels=[ru.yandex.qatools.allure.model.Label@42360a1c, ru.yandex.qatools.allure.model.Label@43e865ba]
  parameters=<null>
]
testCase={
   "start" : 1445036595579,
   "stop" : 1445036616110,
   "status" : "passed",
   "_id" : "ae05e2b3-18aa-4be8-a88f-7601ebbd5495",
   "executionId" : "7a8626ac-7b8d-4761-8bff-776519219d78",
   "threadName" : "thread_15005794375463",
   "name" : "findJobThroughRegexp",
   "steps" : {
      "step" : [ ]
   },
   "attachments" : {
      "attachment" : [ ]
   },
   "labels" : {
      "label" : [ {
         "name" : "host",
         "value" : "MacBook-Pro-2.home"
      }, {
         "name" : "thread",
         "value" : "1771@MacBook-Pro-2.home.main(1)"
      } ]
   }
}
>>>REQUEST: /testaspect/TestCase/ae05e2b3-18aa-4be8-a88f-7601ebbd5495
<<<RESPONSE (201 Created): /testaspect/TestCase/ae05e2b3-18aa-4be8-a88f-7601ebbd5495
]]></system-out>
  </testcase>
  <testcase name="Test mechanism" classname="Test mechanism" time="0.004">
    <error type="java.lang.NullPointerException:">java.lang.NullPointerException: null
	at org.junit.runner.Description.createSuiteDescription(Description.java:123)
	at ru.yandex.qatools.allure.junit.AllureRunListener.getSuiteUid(AllureRunListener.java:110)
	at ru.yandex.qatools.allure.junit.AllureRunListener.testStarted(AllureRunListener.java:50)
	at org.junit.runner.notification.RunNotifier$3.notifyListener(RunNotifier.java:115)
	at org.junit.runner.notification.RunNotifier$SafeNotifier.run(RunNotifier.java:61)
	at org.junit.runner.notification.RunNotifier.fireTestStarted(RunNotifier.java:112)
	at org.junit.internal.runners.model.EachTestNotifier.fireTestStarted(EachTestNotifier.java:43)
	at cucumber.runtime.junit.JUnitReporter.result(JUnitReporter.java:83)
	at cucumber.runtime.Runtime.runStep(Runtime.java:299)
	at cucumber.runtime.model.StepContainer.runStep(StepContainer.java:44)
	at cucumber.runtime.model.StepContainer.runSteps(StepContainer.java:39)
	at cucumber.runtime.model.CucumberScenario.run(CucumberScenario.java:40)
	at cucumber.runtime.junit.ExecutionUnitRunner.run(ExecutionUnitRunner.java:83)
	at cucumber.runtime.junit.FeatureRunner.runChild(FeatureRunner.java:63)
	at cucumber.runtime.junit.FeatureRunner.runChild(FeatureRunner.java:18)
	at org.junit.runners.ParentRunner$3.run(ParentRunner.java:238)
	at org.junit.runners.ParentRunner$1.schedule(ParentRunner.java:63)
	at org.junit.runners.ParentRunner.runChildren(ParentRunner.java:236)
	at org.junit.runners.ParentRunner.access$000(ParentRunner.java:53)
	at org.junit.runners.ParentRunner$2.evaluate(ParentRunner.java:229)
	at org.junit.runners.ParentRunner.run(ParentRunner.java:309)
	at cucumber.runtime.junit.FeatureRunner.run(FeatureRunner.java:70)
	at cucumber.api.junit.Cucumber.runChild(Cucumber.java:82)
	at cucumber.api.junit.Cucumber.runChild(Cucumber.java:41)
	at org.junit.runners.ParentRunner$3.run(ParentRunner.java:238)
	at org.junit.runners.ParentRunner$1.schedule(ParentRunner.java:63)
	at org.junit.runners.ParentRunner.runChildren(ParentRunner.java:236)
	at org.junit.runners.ParentRunner.access$000(ParentRunner.java:53)
	at org.junit.runners.ParentRunner$2.evaluate(ParentRunner.java:229)
	at org.junit.runners.ParentRunner.run(ParentRunner.java:309)
	at cucumber.api.junit.Cucumber.run(Cucumber.java:87)
	at org.apache.maven.surefire.junit4.JUnit4Provider.execute(JUnit4Provider.java:264)
	at org.apache.maven.surefire.junit4.JUnit4Provider.executeTestSet(JUnit4Provider.java:153)
	at org.apache.maven.surefire.junit4.JUnit4Provider.invoke(JUnit4Provider.java:124)
	at org.apache.maven.surefire.booter.ForkedBooter.invokeProviderInSameClassLoader(ForkedBooter.java:200)
	at org.apache.maven.surefire.booter.ForkedBooter.runSuitesInProcess(ForkedBooter.java:153)
	at org.apache.maven.surefire.booter.ForkedBooter.main(ForkedBooter.java:103)
</error>
    <system-out><![CDATA[testCaseResult=ru.yandex.qatools.allure.model.TestCaseResult@5b3b13fb[
  name=findJobThroughRegexp
  title=<null>
  description=<null>
  failure=<null>
  start=1445036595579
  stop=1445036616110
  status=PASSED
  severity=<null>
  steps=[]
  attachments=[]
  labels=[ru.yandex.qatools.allure.model.Label@42360a1c, ru.yandex.qatools.allure.model.Label@43e865ba]
  parameters=<null>
]
testCaseResult={
   "start" : 1445036595579,
   "stop" : 1445036616110,
   "status" : "passed",
   "name" : "findJobThroughRegexp",
   "steps" : {
      "step" : [ ]
   },
   "attachments" : {
      "attachment" : [ ]
   },
   "labels" : {
      "label" : [ {
         "name" : "host",
         "value" : "MacBook-Pro-2.home"
      }, {
         "name" : "thread",
         "value" : "1771@MacBook-Pro-2.home.main(1)"
      } ]
   }
}
testCase=ru.yandex.qatools.allure.model.TestCase@eae31f9[
  _id=ba849a3c-3077-40c4-80da-c4c0d34517b0
  executionId=7a8626ac-7b8d-4761-8bff-776519219d78
  threadName=thread_15005794375463
  name=findJobThroughRegexp
  title=<null>
  description=<null>
  failure=<null>
  start=1445036595579
  stop=1445036616110
  status=PASSED
  severity=<null>
  steps=[]
  attachments=[]
  labels=[ru.yandex.qatools.allure.model.Label@42360a1c, ru.yandex.qatools.allure.model.Label@43e865ba]
  parameters=<null>
]
testCase={
   "start" : 1445036595579,
   "stop" : 1445036616110,
   "status" : "passed",
   "_id" : "ba849a3c-3077-40c4-80da-c4c0d34517b0",
   "executionId" : "7a8626ac-7b8d-4761-8bff-776519219d78",
   "threadName" : "thread_15005794375463",
   "name" : "findJobThroughRegexp",
   "steps" : {
      "step" : [ ]
   },
   "attachments" : {
      "attachment" : [ ]
   },
   "labels" : {
      "label" : [ {
         "name" : "host",
         "value" : "MacBook-Pro-2.home"
      }, {
         "name" : "thread",
         "value" : "1771@MacBook-Pro-2.home.main(1)"
      } ]
   }
}
>>>REQUEST: /testaspect/TestCase/ba849a3c-3077-40c4-80da-c4c0d34517b0
<<<RESPONSE (201 Created): /testaspect/TestCase/ba849a3c-3077-40c4-80da-c4c0d34517b0
]]></system-out>
  </testcase>
  <testcase name="Test mechanism" classname="Test mechanism" time="0.002">
    <error type="java.lang.NullPointerException:">java.lang.NullPointerException: null
	at org.junit.runner.Description.createSuiteDescription(Description.java:123)
	at ru.yandex.qatools.allure.junit.AllureRunListener.getSuiteUid(AllureRunListener.java:110)
	at ru.yandex.qatools.allure.junit.AllureRunListener.testStarted(AllureRunListener.java:50)
	at org.junit.runner.notification.RunNotifier$3.notifyListener(RunNotifier.java:115)
	at org.junit.runner.notification.RunNotifier$SafeNotifier.run(RunNotifier.java:61)
	at org.junit.runner.notification.RunNotifier.fireTestStarted(RunNotifier.java:112)
	at org.junit.internal.runners.model.EachTestNotifier.fireTestStarted(EachTestNotifier.java:43)
	at cucumber.runtime.junit.JUnitReporter.result(JUnitReporter.java:83)
	at cucumber.runtime.Runtime.runStep(Runtime.java:299)
	at cucumber.runtime.model.StepContainer.runStep(StepContainer.java:44)
	at cucumber.runtime.model.StepContainer.runSteps(StepContainer.java:39)
	at cucumber.runtime.model.CucumberScenario.run(CucumberScenario.java:40)
	at cucumber.runtime.junit.ExecutionUnitRunner.run(ExecutionUnitRunner.java:83)
	at cucumber.runtime.junit.FeatureRunner.runChild(FeatureRunner.java:63)
	at cucumber.runtime.junit.FeatureRunner.runChild(FeatureRunner.java:18)
	at org.junit.runners.ParentRunner$3.run(ParentRunner.java:238)
	at org.junit.runners.ParentRunner$1.schedule(ParentRunner.java:63)
	at org.junit.runners.ParentRunner.runChildren(ParentRunner.java:236)
	at org.junit.runners.ParentRunner.access$000(ParentRunner.java:53)
	at org.junit.runners.ParentRunner$2.evaluate(ParentRunner.java:229)
	at org.junit.runners.ParentRunner.run(ParentRunner.java:309)
	at cucumber.runtime.junit.FeatureRunner.run(FeatureRunner.java:70)
	at cucumber.api.junit.Cucumber.runChild(Cucumber.java:82)
	at cucumber.api.junit.Cucumber.runChild(Cucumber.java:41)
	at org.junit.runners.ParentRunner$3.run(ParentRunner.java:238)
	at org.junit.runners.ParentRunner$1.schedule(ParentRunner.java:63)
	at org.junit.runners.ParentRunner.runChildren(ParentRunner.java:236)
	at org.junit.runners.ParentRunner.access$000(ParentRunner.java:53)
	at org.junit.runners.ParentRunner$2.evaluate(ParentRunner.java:229)
	at org.junit.runners.ParentRunner.run(ParentRunner.java:309)
	at cucumber.api.junit.Cucumber.run(Cucumber.java:87)
	at org.apache.maven.surefire.junit4.JUnit4Provider.execute(JUnit4Provider.java:264)
	at org.apache.maven.surefire.junit4.JUnit4Provider.executeTestSet(JUnit4Provider.java:153)
	at org.apache.maven.surefire.junit4.JUnit4Provider.invoke(JUnit4Provider.java:124)
	at org.apache.maven.surefire.booter.ForkedBooter.invokeProviderInSameClassLoader(ForkedBooter.java:200)
	at org.apache.maven.surefire.booter.ForkedBooter.runSuitesInProcess(ForkedBooter.java:153)
	at org.apache.maven.surefire.booter.ForkedBooter.main(ForkedBooter.java:103)
</error>
    <system-out><![CDATA[testCaseResult=ru.yandex.qatools.allure.model.TestCaseResult@5b3b13fb[
  name=findJobThroughRegexp
  title=<null>
  description=<null>
  failure=<null>
  start=1445036595579
  stop=1445036616110
  status=PASSED
  severity=<null>
  steps=[]
  attachments=[]
  labels=[ru.yandex.qatools.allure.model.Label@42360a1c, ru.yandex.qatools.allure.model.Label@43e865ba]
  parameters=<null>
]
testCaseResult={
   "start" : 1445036595579,
   "stop" : 1445036616110,
   "status" : "passed",
   "name" : "findJobThroughRegexp",
   "steps" : {
      "step" : [ ]
   },
   "attachments" : {
      "attachment" : [ ]
   },
   "labels" : {
      "label" : [ {
         "name" : "host",
         "value" : "MacBook-Pro-2.home"
      }, {
         "name" : "thread",
         "value" : "1771@MacBook-Pro-2.home.main(1)"
      } ]
   }
}
testCase=ru.yandex.qatools.allure.model.TestCase@2d26b95e[
  _id=577a4263-aeb6-4a89-a202-9d98fd1ad763
  executionId=7a8626ac-7b8d-4761-8bff-776519219d78
  threadName=thread_15005794375463
  name=findJobThroughRegexp
  title=<null>
  description=<null>
  failure=<null>
  start=1445036595579
  stop=1445036616110
  status=PASSED
  severity=<null>
  steps=[]
  attachments=[]
  labels=[ru.yandex.qatools.allure.model.Label@42360a1c, ru.yandex.qatools.allure.model.Label@43e865ba]
  parameters=<null>
]
testCase={
   "start" : 1445036595579,
   "stop" : 1445036616110,
   "status" : "passed",
   "_id" : "577a4263-aeb6-4a89-a202-9d98fd1ad763",
   "executionId" : "7a8626ac-7b8d-4761-8bff-776519219d78",
   "threadName" : "thread_15005794375463",
   "name" : "findJobThroughRegexp",
   "steps" : {
      "step" : [ ]
   },
   "attachments" : {
      "attachment" : [ ]
   },
   "labels" : {
      "label" : [ {
         "name" : "host",
         "value" : "MacBook-Pro-2.home"
      }, {
         "name" : "thread",
         "value" : "1771@MacBook-Pro-2.home.main(1)"
      } ]
   }
}
>>>REQUEST: /testaspect/TestCase/577a4263-aeb6-4a89-a202-9d98fd1ad763
<<<RESPONSE (201 Created): /testaspect/TestCase/577a4263-aeb6-4a89-a202-9d98fd1ad763
]]></system-out>
  </testcase>
  <testcase name="Test mechanism" classname="Test mechanism" time="0.003">
    <error type="java.lang.NullPointerException:">java.lang.NullPointerException: null
	at org.junit.runner.Description.createSuiteDescription(Description.java:123)
	at ru.yandex.qatools.allure.junit.AllureRunListener.getSuiteUid(AllureRunListener.java:110)
	at ru.yandex.qatools.allure.junit.AllureRunListener.testStarted(AllureRunListener.java:50)
	at org.junit.runner.notification.RunNotifier$3.notifyListener(RunNotifier.java:115)
	at org.junit.runner.notification.RunNotifier$SafeNotifier.run(RunNotifier.java:61)
	at org.junit.runner.notification.RunNotifier.fireTestStarted(RunNotifier.java:112)
	at org.junit.internal.runners.model.EachTestNotifier.fireTestStarted(EachTestNotifier.java:43)
	at cucumber.runtime.junit.JUnitReporter.result(JUnitReporter.java:83)
	at cucumber.runtime.Runtime.runStep(Runtime.java:299)
	at cucumber.runtime.model.StepContainer.runStep(StepContainer.java:44)
	at cucumber.runtime.model.StepContainer.runSteps(StepContainer.java:39)
	at cucumber.runtime.model.CucumberScenario.run(CucumberScenario.java:40)
	at cucumber.runtime.junit.ExecutionUnitRunner.run(ExecutionUnitRunner.java:83)
	at cucumber.runtime.junit.FeatureRunner.runChild(FeatureRunner.java:63)
	at cucumber.runtime.junit.FeatureRunner.runChild(FeatureRunner.java:18)
	at org.junit.runners.ParentRunner$3.run(ParentRunner.java:238)
	at org.junit.runners.ParentRunner$1.schedule(ParentRunner.java:63)
	at org.junit.runners.ParentRunner.runChildren(ParentRunner.java:236)
	at org.junit.runners.ParentRunner.access$000(ParentRunner.java:53)
	at org.junit.runners.ParentRunner$2.evaluate(ParentRunner.java:229)
	at org.junit.runners.ParentRunner.run(ParentRunner.java:309)
	at cucumber.runtime.junit.FeatureRunner.run(FeatureRunner.java:70)
	at cucumber.api.junit.Cucumber.runChild(Cucumber.java:82)
	at cucumber.api.junit.Cucumber.runChild(Cucumber.java:41)
	at org.junit.runners.ParentRunner$3.run(ParentRunner.java:238)
	at org.junit.runners.ParentRunner$1.schedule(ParentRunner.java:63)
	at org.junit.runners.ParentRunner.runChildren(ParentRunner.java:236)
	at org.junit.runners.ParentRunner.access$000(ParentRunner.java:53)
	at org.junit.runners.ParentRunner$2.evaluate(ParentRunner.java:229)
	at org.junit.runners.ParentRunner.run(ParentRunner.java:309)
	at cucumber.api.junit.Cucumber.run(Cucumber.java:87)
	at org.apache.maven.surefire.junit4.JUnit4Provider.execute(JUnit4Provider.java:264)
	at org.apache.maven.surefire.junit4.JUnit4Provider.executeTestSet(JUnit4Provider.java:153)
	at org.apache.maven.surefire.junit4.JUnit4Provider.invoke(JUnit4Provider.java:124)
	at org.apache.maven.surefire.booter.ForkedBooter.invokeProviderInSameClassLoader(ForkedBooter.java:200)
	at org.apache.maven.surefire.booter.ForkedBooter.runSuitesInProcess(ForkedBooter.java:153)
	at org.apache.maven.surefire.booter.ForkedBooter.main(ForkedBooter.java:103)
</error>
    <system-out><![CDATA[testCaseResult=ru.yandex.qatools.allure.model.TestCaseResult@5b3b13fb[
  name=findJobThroughRegexp
  title=<null>
  description=<null>
  failure=<null>
  start=1445036595579
  stop=1445036616110
  status=PASSED
  severity=<null>
  steps=[]
  attachments=[]
  labels=[ru.yandex.qatools.allure.model.Label@42360a1c, ru.yandex.qatools.allure.model.Label@43e865ba]
  parameters=<null>
]
testCaseResult={
   "start" : 1445036595579,
   "stop" : 1445036616110,
   "status" : "passed",
   "name" : "findJobThroughRegexp",
   "steps" : {
      "step" : [ ]
   },
   "attachments" : {
      "attachment" : [ ]
   },
   "labels" : {
      "label" : [ {
         "name" : "host",
         "value" : "MacBook-Pro-2.home"
      }, {
         "name" : "thread",
         "value" : "1771@MacBook-Pro-2.home.main(1)"
      } ]
   }
}
testCase=ru.yandex.qatools.allure.model.TestCase@5e8edd38[
  _id=7abb7839-de7f-4ce2-b44d-99d7737890a0
  executionId=7a8626ac-7b8d-4761-8bff-776519219d78
  threadName=thread_15005794375463
  name=findJobThroughRegexp
  title=<null>
  description=<null>
  failure=<null>
  start=1445036595579
  stop=1445036616110
  status=PASSED
  severity=<null>
  steps=[]
  attachments=[]
  labels=[ru.yandex.qatools.allure.model.Label@42360a1c, ru.yandex.qatools.allure.model.Label@43e865ba]
  parameters=<null>
]
testCase={
   "start" : 1445036595579,
   "stop" : 1445036616110,
   "status" : "passed",
   "_id" : "7abb7839-de7f-4ce2-b44d-99d7737890a0",
   "executionId" : "7a8626ac-7b8d-4761-8bff-776519219d78",
   "threadName" : "thread_15005794375463",
   "name" : "findJobThroughRegexp",
   "steps" : {
      "step" : [ ]
   },
   "attachments" : {
      "attachment" : [ ]
   },
   "labels" : {
      "label" : [ {
         "name" : "host",
         "value" : "MacBook-Pro-2.home"
      }, {
         "name" : "thread",
         "value" : "1771@MacBook-Pro-2.home.main(1)"
      } ]
   }
}
>>>REQUEST: /testaspect/TestCase/7abb7839-de7f-4ce2-b44d-99d7737890a0
<<<RESPONSE (201 Created): /testaspect/TestCase/7abb7839-de7f-4ce2-b44d-99d7737890a0
]]></system-out>
  </testcase>
  <testcase name="Test mechanism" classname="Test mechanism" time="0">
    <error type="java.lang.NullPointerException:">java.lang.NullPointerException: null
	at org.junit.runner.Description.createSuiteDescription(Description.java:123)
	at ru.yandex.qatools.allure.junit.AllureRunListener.getSuiteUid(AllureRunListener.java:110)
	at ru.yandex.qatools.allure.junit.AllureRunListener.testStarted(AllureRunListener.java:50)
	at org.junit.runner.notification.RunNotifier$3.notifyListener(RunNotifier.java:115)
	at org.junit.runner.notification.RunNotifier$SafeNotifier.run(RunNotifier.java:61)
	at org.junit.runner.notification.RunNotifier.fireTestStarted(RunNotifier.java:112)
	at org.junit.internal.runners.model.EachTestNotifier.fireTestStarted(EachTestNotifier.java:43)
	at cucumber.runtime.junit.JUnitReporter.startExecutionUnit(JUnitReporter.java:48)
	at cucumber.runtime.junit.ExecutionUnitRunner.run(ExecutionUnitRunner.java:81)
	at cucumber.runtime.junit.FeatureRunner.runChild(FeatureRunner.java:63)
	at cucumber.runtime.junit.FeatureRunner.runChild(FeatureRunner.java:18)
	at org.junit.runners.ParentRunner$3.run(ParentRunner.java:238)
	at org.junit.runners.ParentRunner$1.schedule(ParentRunner.java:63)
	at org.junit.runners.ParentRunner.runChildren(ParentRunner.java:236)
	at org.junit.runners.ParentRunner.access$000(ParentRunner.java:53)
	at org.junit.runners.ParentRunner$2.evaluate(ParentRunner.java:229)
	at org.junit.runners.ParentRunner.run(ParentRunner.java:309)
	at cucumber.runtime.junit.FeatureRunner.run(FeatureRunner.java:70)
	at cucumber.api.junit.Cucumber.runChild(Cucumber.java:82)
	at cucumber.api.junit.Cucumber.runChild(Cucumber.java:41)
	at org.junit.runners.ParentRunner$3.run(ParentRunner.java:238)
	at org.junit.runners.ParentRunner$1.schedule(ParentRunner.java:63)
	at org.junit.runners.ParentRunner.runChildren(ParentRunner.java:236)
	at org.junit.runners.ParentRunner.access$000(ParentRunner.java:53)
	at org.junit.runners.ParentRunner$2.evaluate(ParentRunner.java:229)
	at org.junit.runners.ParentRunner.run(ParentRunner.java:309)
	at cucumber.api.junit.Cucumber.run(Cucumber.java:87)
	at org.apache.maven.surefire.junit4.JUnit4Provider.execute(JUnit4Provider.java:264)
	at org.apache.maven.surefire.junit4.JUnit4Provider.executeTestSet(JUnit4Provider.java:153)
	at org.apache.maven.surefire.junit4.JUnit4Provider.invoke(JUnit4Provider.java:124)
	at org.apache.maven.surefire.booter.ForkedBooter.invokeProviderInSameClassLoader(ForkedBooter.java:200)
	at org.apache.maven.surefire.booter.ForkedBooter.runSuitesInProcess(ForkedBooter.java:153)
	at org.apache.maven.surefire.booter.ForkedBooter.main(ForkedBooter.java:103)
</error>
    <system-out><![CDATA[testCaseResult=ru.yandex.qatools.allure.model.TestCaseResult@5b3b13fb[
  name=findJobThroughRegexp
  title=<null>
  description=<null>
  failure=<null>
  start=1445036595579
  stop=1445036616110
  status=PASSED
  severity=<null>
  steps=[]
  attachments=[]
  labels=[ru.yandex.qatools.allure.model.Label@42360a1c, ru.yandex.qatools.allure.model.Label@43e865ba]
  parameters=<null>
]
testCaseResult={
   "start" : 1445036595579,
   "stop" : 1445036616110,
   "status" : "passed",
   "name" : "findJobThroughRegexp",
   "steps" : {
      "step" : [ ]
   },
   "attachments" : {
      "attachment" : [ ]
   },
   "labels" : {
      "label" : [ {
         "name" : "host",
         "value" : "MacBook-Pro-2.home"
      }, {
         "name" : "thread",
         "value" : "1771@MacBook-Pro-2.home.main(1)"
      } ]
   }
}
testCase=ru.yandex.qatools.allure.model.TestCase@52829362[
  _id=2ce4d85e-f7e3-446b-aaa2-3d192441e1f0
  executionId=7a8626ac-7b8d-4761-8bff-776519219d78
  threadName=thread_15005794375463
  name=findJobThroughRegexp
  title=<null>
  description=<null>
  failure=<null>
  start=1445036595579
  stop=1445036616110
  status=PASSED
  severity=<null>
  steps=[]
  attachments=[]
  labels=[ru.yandex.qatools.allure.model.Label@42360a1c, ru.yandex.qatools.allure.model.Label@43e865ba]
  parameters=<null>
]
testCase={
   "start" : 1445036595579,
   "stop" : 1445036616110,
   "status" : "passed",
   "_id" : "2ce4d85e-f7e3-446b-aaa2-3d192441e1f0",
   "executionId" : "7a8626ac-7b8d-4761-8bff-776519219d78",
   "threadName" : "thread_15005794375463",
   "name" : "findJobThroughRegexp",
   "steps" : {
      "step" : [ ]
   },
   "attachments" : {
      "attachment" : [ ]
   },
   "labels" : {
      "label" : [ {
         "name" : "host",
         "value" : "MacBook-Pro-2.home"
      }, {
         "name" : "thread",
         "value" : "1771@MacBook-Pro-2.home.main(1)"
      } ]
   }
}
>>>REQUEST: /testaspect/TestCase/2ce4d85e-f7e3-446b-aaa2-3d192441e1f0
Jenkins is stopped
<<<RESPONSE (201 Created): /testaspect/TestCase/2ce4d85e-f7e3-446b-aaa2-3d192441e1f0
testCaseResult=ru.yandex.qatools.allure.model.TestCaseResult@5b3b13fb[
  name=findJobThroughRegexp
  title=<null>
  description=<null>
  failure=<null>
  start=1445036595579
  stop=1445036616110
  status=PASSED
  severity=<null>
  steps=[]
  attachments=[]
  labels=[ru.yandex.qatools.allure.model.Label@42360a1c, ru.yandex.qatools.allure.model.Label@43e865ba]
  parameters=<null>
]
testCaseResult={
   "start" : 1445036595579,
   "stop" : 1445036616110,
   "status" : "passed",
   "name" : "findJobThroughRegexp",
   "steps" : {
      "step" : [ ]
   },
   "attachments" : {
      "attachment" : [ ]
   },
   "labels" : {
      "label" : [ {
         "name" : "host",
         "value" : "MacBook-Pro-2.home"
      }, {
         "name" : "thread",
         "value" : "1771@MacBook-Pro-2.home.main(1)"
      } ]
   }
}
testCase=ru.yandex.qatools.allure.model.TestCase@16ce7f1b[
  _id=73897188-ff72-4f44-aba1-38f16c64e0e9
  executionId=7a8626ac-7b8d-4761-8bff-776519219d78
  threadName=thread_15005794375463
  name=findJobThroughRegexp
  title=<null>
  description=<null>
  failure=<null>
  start=1445036595579
  stop=1445036616110
  status=PASSED
  severity=<null>
  steps=[]
  attachments=[]
  labels=[ru.yandex.qatools.allure.model.Label@42360a1c, ru.yandex.qatools.allure.model.Label@43e865ba]
  parameters=<null>
]
testCase={
   "start" : 1445036595579,
   "stop" : 1445036616110,
   "status" : "passed",
   "_id" : "73897188-ff72-4f44-aba1-38f16c64e0e9",
   "executionId" : "7a8626ac-7b8d-4761-8bff-776519219d78",
   "threadName" : "thread_15005794375463",
   "name" : "findJobThroughRegexp",
   "steps" : {
      "step" : [ ]
   },
   "attachments" : {
      "attachment" : [ ]
   },
   "labels" : {
      "label" : [ {
         "name" : "host",
         "value" : "MacBook-Pro-2.home"
      }, {
         "name" : "thread",
         "value" : "1771@MacBook-Pro-2.home.main(1)"
      } ]
   }
}
>>>REQUEST: /testaspect/TestCase/73897188-ff72-4f44-aba1-38f16c64e0e9
]]></system-out>
    <system-err><![CDATA[[INFO  - 2015-10-16T23:07:07.115Z] ShutdownReqHand - _handle - About to shutdown
]]></system-err>
  </testcase>
  <testcase name="Test mechanism" classname="Test mechanism" time="0.002">
    <error type="java.lang.NullPointerException:">java.lang.NullPointerException: null
	at org.junit.runner.Description.createSuiteDescription(Description.java:123)
	at ru.yandex.qatools.allure.junit.AllureRunListener.getSuiteUid(AllureRunListener.java:110)
	at ru.yandex.qatools.allure.junit.AllureRunListener.testStarted(AllureRunListener.java:50)
	at org.junit.runner.notification.RunNotifier$3.notifyListener(RunNotifier.java:115)
	at org.junit.runner.notification.RunNotifier$SafeNotifier.run(RunNotifier.java:61)
	at org.junit.runner.notification.RunNotifier.fireTestStarted(RunNotifier.java:112)
	at org.junit.internal.runners.model.EachTestNotifier.fireTestStarted(EachTestNotifier.java:43)
	at cucumber.runtime.junit.JUnitReporter.result(JUnitReporter.java:83)
	at cucumber.runtime.Runtime.runStep(Runtime.java:299)
	at cucumber.runtime.model.StepContainer.runStep(StepContainer.java:44)
	at cucumber.runtime.model.StepContainer.runSteps(StepContainer.java:39)
	at cucumber.runtime.model.CucumberScenario.run(CucumberScenario.java:40)
	at cucumber.runtime.junit.ExecutionUnitRunner.run(ExecutionUnitRunner.java:83)
	at cucumber.runtime.junit.FeatureRunner.runChild(FeatureRunner.java:63)
	at cucumber.runtime.junit.FeatureRunner.runChild(FeatureRunner.java:18)
	at org.junit.runners.ParentRunner$3.run(ParentRunner.java:238)
	at org.junit.runners.ParentRunner$1.schedule(ParentRunner.java:63)
	at org.junit.runners.ParentRunner.runChildren(ParentRunner.java:236)
	at org.junit.runners.ParentRunner.access$000(ParentRunner.java:53)
	at org.junit.runners.ParentRunner$2.evaluate(ParentRunner.java:229)
	at org.junit.runners.ParentRunner.run(ParentRunner.java:309)
	at cucumber.runtime.junit.FeatureRunner.run(FeatureRunner.java:70)
	at cucumber.api.junit.Cucumber.runChild(Cucumber.java:82)
	at cucumber.api.junit.Cucumber.runChild(Cucumber.java:41)
	at org.junit.runners.ParentRunner$3.run(ParentRunner.java:238)
	at org.junit.runners.ParentRunner$1.schedule(ParentRunner.java:63)
	at org.junit.runners.ParentRunner.runChildren(ParentRunner.java:236)
	at org.junit.runners.ParentRunner.access$000(ParentRunner.java:53)
	at org.junit.runners.ParentRunner$2.evaluate(ParentRunner.java:229)
	at org.junit.runners.ParentRunner.run(ParentRunner.java:309)
	at cucumber.api.junit.Cucumber.run(Cucumber.java:87)
	at org.apache.maven.surefire.junit4.JUnit4Provider.execute(JUnit4Provider.java:264)
	at org.apache.maven.surefire.junit4.JUnit4Provider.executeTestSet(JUnit4Provider.java:153)
	at org.apache.maven.surefire.junit4.JUnit4Provider.invoke(JUnit4Provider.java:124)
	at org.apache.maven.surefire.booter.ForkedBooter.invokeProviderInSameClassLoader(ForkedBooter.java:200)
	at org.apache.maven.surefire.booter.ForkedBooter.runSuitesInProcess(ForkedBooter.java:153)
	at org.apache.maven.surefire.booter.ForkedBooter.main(ForkedBooter.java:103)
</error>
    <system-out><![CDATA[<<<RESPONSE (201 Created): /testaspect/TestCase/73897188-ff72-4f44-aba1-38f16c64e0e9
running with given plugins: []
Starting Jenkins: JAVA_HOME=/Library/Java/JavaVirtualMachines/jdk1.8.0_60.jdk/Contents/Home JENKINS_HOME=/Users/abduljewel/Documents/c/spiderqa/sample-test-projects/acceptance-test-harness/target/jenkins5662263629293939284home /Library/Java/JavaVirtualMachines/jdk1.8.0_60.jdk/Contents/Home/bin/java -Duser.language=en -jar ./jenkins.war --ajp13Port=-1 --httpPort=56435
master56435|Running from: /Users/abduljewel/Documents/c/spiderqa/sample-test-projects/acceptance-test-harness/jenkins.war
master56435|webroot: EnvVars.masterEnvVars.get("JENKINS_HOME")
master56435|Oct 16, 2015 7:07:08 PM winstone.Logger logInternal
master56435|INFO: Beginning extraction from war file
master56435|Oct 16, 2015 7:07:10 PM org.eclipse.jetty.util.log.JavaUtilLog info
master56435|INFO: jetty-winstone-2.8
master56435|Oct 16, 2015 7:07:13 PM org.eclipse.jetty.util.log.JavaUtilLog info
master56435|INFO: NO JSP Support for , did not find org.apache.jasper.servlet.JspServlet
master56435|Jenkins home directory: /Users/abduljewel/Documents/c/spiderqa/sample-test-projects/acceptance-test-harness/target/jenkins5662263629293939284home found at: EnvVars.masterEnvVars.get("JENKINS_HOME")
master56435|Oct 16, 2015 7:07:16 PM org.eclipse.jetty.util.log.JavaUtilLog info
master56435|INFO: Started SelectChannelConnector@0.0.0.0:56435
master56435|Oct 16, 2015 7:07:16 PM winstone.Logger logInternal
master56435|INFO: Winstone Servlet Engine v2.0 running: controlPort=disabled
master56435|Oct 16, 2015 7:07:16 PM jenkins.InitReactorRunner$1 onAttained
master56435|INFO: Started initialization
master56435|Oct 16, 2015 7:07:34 PM jenkins.InitReactorRunner$1 onAttained
master56435|INFO: Listed all plugins
master56435|Oct 16, 2015 7:07:34 PM jenkins.InitReactorRunner$1 onAttained
master56435|INFO: Prepared all plugins
master56435|Oct 16, 2015 7:07:34 PM jenkins.InitReactorRunner$1 onAttained
master56435|INFO: Started all plugins
master56435|Oct 16, 2015 7:07:34 PM jenkins.InitReactorRunner$1 onAttained
master56435|INFO: Augmented all extensions
master56435|Oct 16, 2015 7:07:37 PM jenkins.InitReactorRunner$1 onAttained
master56435|INFO: Loaded all jobs
master56435|Oct 16, 2015 7:07:39 PM hudson.model.AsyncPeriodicWork$1 run
master56435|INFO: Started Download metadata
master56435|Oct 16, 2015 7:07:39 PM org.jenkinsci.main.modules.sshd.SSHD start
master56435|INFO: Started SSHD at port 54618
master56435|Oct 16, 2015 7:07:39 PM jenkins.InitReactorRunner$1 onAttained
master56435|INFO: Completed initialization
master56435|Oct 16, 2015 7:07:39 PM hudson.UDPBroadcastThread run
master56435|WARNING: UDP handling problem
master56435|java.net.SocketException: Can't assign requested address
master56435|	at java.net.PlainDatagramSocketImpl.join(Native Method)
master56435|	at java.net.AbstractPlainDatagramSocketImpl.join(AbstractPlainDatagramSocketImpl.java:179)
master56435|	at java.net.MulticastSocket.joinGroup(MulticastSocket.java:323)
master56435|	at hudson.UDPBroadcastThread.run(UDPBroadcastThread.java:77)
master56435|
master56435|Oct 16, 2015 7:07:39 PM hudson.WebAppMain$3 run
master56435|INFO: Jenkins is fully up and running
master56435|Oct 16, 2015 7:07:41 PM hudson.model.UpdateSite updateData
master56435|INFO: Obtained the latest update center data file for UpdateSource default
master56435|Oct 16, 2015 7:07:42 PM hudson.model.DownloadService$Downloadable load
master56435|INFO: Obtained the updated data file for hudson.tasks.Maven.MavenInstaller
master56435|Oct 16, 2015 7:07:42 PM hudson.model.DownloadService$Downloadable load
master56435|INFO: Obtained the updated data file for hudson.tasks.Ant.AntInstaller
master56435|Oct 16, 2015 7:07:43 PM hudson.model.DownloadService$Downloadable load
master56435|INFO: Obtained the updated data file for hudson.tools.JDKInstaller
master56435|Oct 16, 2015 7:07:43 PM hudson.model.AsyncPeriodicWork$1 run
master56435|INFO: Finished Download metadata. 4,207 ms
]]></system-out>
    <system-err><![CDATA[Oct 16, 2015 7:07:07 PM org.jenkinsci.test.acceptance.controller.LocalController startNow
INFO: Waiting for Jenkins to become running in http://127.0.0.1:56435/
Oct 16, 2015 7:07:39 PM org.jenkinsci.test.acceptance.controller.LocalController startNow
INFO: Jenkins is running in http://127.0.0.1:56435/
Oct 16, 2015 7:07:39 PM org.openqa.selenium.phantomjs.PhantomJSDriverService <init>
INFO: executable: /usr/local/bin/phantomjs
Oct 16, 2015 7:07:39 PM org.openqa.selenium.phantomjs.PhantomJSDriverService <init>
INFO: port: 6730
Oct 16, 2015 7:07:39 PM org.openqa.selenium.phantomjs.PhantomJSDriverService <init>
INFO: arguments: [--webdriver=6730, --webdriver-logfile=/Users/abduljewel/Documents/c/spiderqa/sample-test-projects/acceptance-test-harness/phantomjsdriver.log]
Oct 16, 2015 7:07:39 PM org.openqa.selenium.phantomjs.PhantomJSDriverService <init>
INFO: environment: {}
[INFO  - 2015-10-16T23:07:40.251Z] GhostDriver - Main - running on port 6730
[INFO  - 2015-10-16T23:07:40.678Z] Session [b32dccb0-745a-11e5-9348-fbc8f823f843] - page.settings - {"XSSAuditingEnabled":false,"javascriptCanCloseWindows":true,"javascriptCanOpenWindows":true,"javascriptEnabled":true,"loadImages":true,"localToRemoteUrlAccessEnabled":false,"userAgent":"Mozilla/5.0 (Macintosh; Intel Mac OS X) AppleWebKit/538.1 (KHTML, like Gecko) PhantomJS/2.0.0 Safari/538.1","webSecurityEnabled":true}
[INFO  - 2015-10-16T23:07:40.678Z] Session [b32dccb0-745a-11e5-9348-fbc8f823f843] - page.customHeaders:  - {"Accept-Language":"en"}
[INFO  - 2015-10-16T23:07:40.679Z] Session [b32dccb0-745a-11e5-9348-fbc8f823f843] - Session.negotiatedCapabilities - {"browserName":"phantomjs","version":"2.0.0","driverName":"ghostdriver","driverVersion":"1.2.0","platform":"mac-10.9 (Mavericks)-64bit","javascriptEnabled":true,"takesScreenshot":true,"handlesAlerts":false,"databaseEnabled":false,"locationContextEnabled":false,"applicationCacheEnabled":false,"browserConnectionEnabled":false,"cssSelectorsEnabled":true,"webStorageEnabled":false,"rotatable":false,"acceptSslCerts":false,"nativeEvents":true,"proxy":{"proxyType":"direct"},"phantomjs.page.customHeaders.Accept-Language":"en"}
[INFO  - 2015-10-16T23:07:40.679Z] SessionManagerReqHand - _postNewSessionCommand - New Session Created: b32dccb0-745a-11e5-9348-fbc8f823f843
]]></system-err>
  </testcase>
  <testcase name="Test mechanism" classname="Test mechanism" time="0.002">
    <error type="java.lang.NullPointerException:">java.lang.NullPointerException: null
	at org.junit.runner.Description.createSuiteDescription(Description.java:123)
	at ru.yandex.qatools.allure.junit.AllureRunListener.getSuiteUid(AllureRunListener.java:110)
	at ru.yandex.qatools.allure.junit.AllureRunListener.testStarted(AllureRunListener.java:50)
	at org.junit.runner.notification.RunNotifier$3.notifyListener(RunNotifier.java:115)
	at org.junit.runner.notification.RunNotifier$SafeNotifier.run(RunNotifier.java:61)
	at org.junit.runner.notification.RunNotifier.fireTestStarted(RunNotifier.java:112)
	at org.junit.internal.runners.model.EachTestNotifier.fireTestStarted(EachTestNotifier.java:43)
	at cucumber.runtime.junit.JUnitReporter.result(JUnitReporter.java:83)
	at cucumber.runtime.Runtime.runStep(Runtime.java:299)
	at cucumber.runtime.model.StepContainer.runStep(StepContainer.java:44)
	at cucumber.runtime.model.StepContainer.runSteps(StepContainer.java:39)
	at cucumber.runtime.model.CucumberScenario.run(CucumberScenario.java:40)
	at cucumber.runtime.junit.ExecutionUnitRunner.run(ExecutionUnitRunner.java:83)
	at cucumber.runtime.junit.FeatureRunner.runChild(FeatureRunner.java:63)
	at cucumber.runtime.junit.FeatureRunner.runChild(FeatureRunner.java:18)
	at org.junit.runners.ParentRunner$3.run(ParentRunner.java:238)
	at org.junit.runners.ParentRunner$1.schedule(ParentRunner.java:63)
	at org.junit.runners.ParentRunner.runChildren(ParentRunner.java:236)
	at org.junit.runners.ParentRunner.access$000(ParentRunner.java:53)
	at org.junit.runners.ParentRunner$2.evaluate(ParentRunner.java:229)
	at org.junit.runners.ParentRunner.run(ParentRunner.java:309)
	at cucumber.runtime.junit.FeatureRunner.run(FeatureRunner.java:70)
	at cucumber.api.junit.Cucumber.runChild(Cucumber.java:82)
	at cucumber.api.junit.Cucumber.runChild(Cucumber.java:41)
	at org.junit.runners.ParentRunner$3.run(ParentRunner.java:238)
	at org.junit.runners.ParentRunner$1.schedule(ParentRunner.java:63)
	at org.junit.runners.ParentRunner.runChildren(ParentRunner.java:236)
	at org.junit.runners.ParentRunner.access$000(ParentRunner.java:53)
	at org.junit.runners.ParentRunner$2.evaluate(ParentRunner.java:229)
	at org.junit.runners.ParentRunner.run(ParentRunner.java:309)
	at cucumber.api.junit.Cucumber.run(Cucumber.java:87)
	at org.apache.maven.surefire.junit4.JUnit4Provider.execute(JUnit4Provider.java:264)
	at org.apache.maven.surefire.junit4.JUnit4Provider.executeTestSet(JUnit4Provider.java:153)
	at org.apache.maven.surefire.junit4.JUnit4Provider.invoke(JUnit4Provider.java:124)
	at org.apache.maven.surefire.booter.ForkedBooter.invokeProviderInSameClassLoader(ForkedBooter.java:200)
	at org.apache.maven.surefire.booter.ForkedBooter.runSuitesInProcess(ForkedBooter.java:153)
	at org.apache.maven.surefire.booter.ForkedBooter.main(ForkedBooter.java:103)
</error>
    <system-out><![CDATA[testCaseResult=ru.yandex.qatools.allure.model.TestCaseResult@5b3b13fb[
  name=findJobThroughRegexp
  title=<null>
  description=<null>
  failure=<null>
  start=1445036595579
  stop=1445036616110
  status=PASSED
  severity=<null>
  steps=[]
  attachments=[]
  labels=[ru.yandex.qatools.allure.model.Label@42360a1c, ru.yandex.qatools.allure.model.Label@43e865ba]
  parameters=<null>
]
testCaseResult={
   "start" : 1445036595579,
   "stop" : 1445036616110,
   "status" : "passed",
   "name" : "findJobThroughRegexp",
   "steps" : {
      "step" : [ ]
   },
   "attachments" : {
      "attachment" : [ ]
   },
   "labels" : {
      "label" : [ {
         "name" : "host",
         "value" : "MacBook-Pro-2.home"
      }, {
         "name" : "thread",
         "value" : "1771@MacBook-Pro-2.home.main(1)"
      } ]
   }
}
testCase=ru.yandex.qatools.allure.model.TestCase@2b318c37[
  _id=270e5d1e-485a-4039-8c80-8e9ab6b36364
  executionId=7a8626ac-7b8d-4761-8bff-776519219d78
  threadName=thread_15005794375463
  name=findJobThroughRegexp
  title=<null>
  description=<null>
  failure=<null>
  start=1445036595579
  stop=1445036616110
  status=PASSED
  severity=<null>
  steps=[]
  attachments=[]
  labels=[ru.yandex.qatools.allure.model.Label@42360a1c, ru.yandex.qatools.allure.model.Label@43e865ba]
  parameters=<null>
]
testCase={
   "start" : 1445036595579,
   "stop" : 1445036616110,
   "status" : "passed",
   "_id" : "270e5d1e-485a-4039-8c80-8e9ab6b36364",
   "executionId" : "7a8626ac-7b8d-4761-8bff-776519219d78",
   "threadName" : "thread_15005794375463",
   "name" : "findJobThroughRegexp",
   "steps" : {
      "step" : [ ]
   },
   "attachments" : {
      "attachment" : [ ]
   },
   "labels" : {
      "label" : [ {
         "name" : "host",
         "value" : "MacBook-Pro-2.home"
      }, {
         "name" : "thread",
         "value" : "1771@MacBook-Pro-2.home.main(1)"
      } ]
   }
}
>>>REQUEST: /testaspect/TestCase/270e5d1e-485a-4039-8c80-8e9ab6b36364
<<<RESPONSE (201 Created): /testaspect/TestCase/270e5d1e-485a-4039-8c80-8e9ab6b36364
]]></system-out>
  </testcase>
  <testcase name="Test mechanism" classname="Test mechanism" time="0.002">
    <error type="java.lang.NullPointerException:">java.lang.NullPointerException: null
	at org.junit.runner.Description.createSuiteDescription(Description.java:123)
	at ru.yandex.qatools.allure.junit.AllureRunListener.getSuiteUid(AllureRunListener.java:110)
	at ru.yandex.qatools.allure.junit.AllureRunListener.testStarted(AllureRunListener.java:50)
	at org.junit.runner.notification.RunNotifier$3.notifyListener(RunNotifier.java:115)
	at org.junit.runner.notification.RunNotifier$SafeNotifier.run(RunNotifier.java:61)
	at org.junit.runner.notification.RunNotifier.fireTestStarted(RunNotifier.java:112)
	at org.junit.internal.runners.model.EachTestNotifier.fireTestStarted(EachTestNotifier.java:43)
	at cucumber.runtime.junit.JUnitReporter.result(JUnitReporter.java:83)
	at cucumber.runtime.Runtime.runStep(Runtime.java:299)
	at cucumber.runtime.model.StepContainer.runStep(StepContainer.java:44)
	at cucumber.runtime.model.StepContainer.runSteps(StepContainer.java:39)
	at cucumber.runtime.model.CucumberScenario.run(CucumberScenario.java:40)
	at cucumber.runtime.junit.ExecutionUnitRunner.run(ExecutionUnitRunner.java:83)
	at cucumber.runtime.junit.FeatureRunner.runChild(FeatureRunner.java:63)
	at cucumber.runtime.junit.FeatureRunner.runChild(FeatureRunner.java:18)
	at org.junit.runners.ParentRunner$3.run(ParentRunner.java:238)
	at org.junit.runners.ParentRunner$1.schedule(ParentRunner.java:63)
	at org.junit.runners.ParentRunner.runChildren(ParentRunner.java:236)
	at org.junit.runners.ParentRunner.access$000(ParentRunner.java:53)
	at org.junit.runners.ParentRunner$2.evaluate(ParentRunner.java:229)
	at org.junit.runners.ParentRunner.run(ParentRunner.java:309)
	at cucumber.runtime.junit.FeatureRunner.run(FeatureRunner.java:70)
	at cucumber.api.junit.Cucumber.runChild(Cucumber.java:82)
	at cucumber.api.junit.Cucumber.runChild(Cucumber.java:41)
	at org.junit.runners.ParentRunner$3.run(ParentRunner.java:238)
	at org.junit.runners.ParentRunner$1.schedule(ParentRunner.java:63)
	at org.junit.runners.ParentRunner.runChildren(ParentRunner.java:236)
	at org.junit.runners.ParentRunner.access$000(ParentRunner.java:53)
	at org.junit.runners.ParentRunner$2.evaluate(ParentRunner.java:229)
	at org.junit.runners.ParentRunner.run(ParentRunner.java:309)
	at cucumber.api.junit.Cucumber.run(Cucumber.java:87)
	at org.apache.maven.surefire.junit4.JUnit4Provider.execute(JUnit4Provider.java:264)
	at org.apache.maven.surefire.junit4.JUnit4Provider.executeTestSet(JUnit4Provider.java:153)
	at org.apache.maven.surefire.junit4.JUnit4Provider.invoke(JUnit4Provider.java:124)
	at org.apache.maven.surefire.booter.ForkedBooter.invokeProviderInSameClassLoader(ForkedBooter.java:200)
	at org.apache.maven.surefire.booter.ForkedBooter.runSuitesInProcess(ForkedBooter.java:153)
	at org.apache.maven.surefire.booter.ForkedBooter.main(ForkedBooter.java:103)
</error>
    <system-out><![CDATA[testCaseResult=ru.yandex.qatools.allure.model.TestCaseResult@5b3b13fb[
  name=findJobThroughRegexp
  title=<null>
  description=<null>
  failure=<null>
  start=1445036595579
  stop=1445036616110
  status=PASSED
  severity=<null>
  steps=[]
  attachments=[]
  labels=[ru.yandex.qatools.allure.model.Label@42360a1c, ru.yandex.qatools.allure.model.Label@43e865ba]
  parameters=<null>
]
testCaseResult={
   "start" : 1445036595579,
   "stop" : 1445036616110,
   "status" : "passed",
   "name" : "findJobThroughRegexp",
   "steps" : {
      "step" : [ ]
   },
   "attachments" : {
      "attachment" : [ ]
   },
   "labels" : {
      "label" : [ {
         "name" : "host",
         "value" : "MacBook-Pro-2.home"
      }, {
         "name" : "thread",
         "value" : "1771@MacBook-Pro-2.home.main(1)"
      } ]
   }
}
testCase=ru.yandex.qatools.allure.model.TestCase@6952caca[
  _id=e0e45360-743d-4f8b-aa5a-df4fc00bd7cd
  executionId=7a8626ac-7b8d-4761-8bff-776519219d78
  threadName=thread_15005794375463
  name=findJobThroughRegexp
  title=<null>
  description=<null>
  failure=<null>
  start=1445036595579
  stop=1445036616110
  status=PASSED
  severity=<null>
  steps=[]
  attachments=[]
  labels=[ru.yandex.qatools.allure.model.Label@42360a1c, ru.yandex.qatools.allure.model.Label@43e865ba]
  parameters=<null>
]
testCase={
   "start" : 1445036595579,
   "stop" : 1445036616110,
   "status" : "passed",
   "_id" : "e0e45360-743d-4f8b-aa5a-df4fc00bd7cd",
   "executionId" : "7a8626ac-7b8d-4761-8bff-776519219d78",
   "threadName" : "thread_15005794375463",
   "name" : "findJobThroughRegexp",
   "steps" : {
      "step" : [ ]
   },
   "attachments" : {
      "attachment" : [ ]
   },
   "labels" : {
      "label" : [ {
         "name" : "host",
         "value" : "MacBook-Pro-2.home"
      }, {
         "name" : "thread",
         "value" : "1771@MacBook-Pro-2.home.main(1)"
      } ]
   }
}
>>>REQUEST: /testaspect/TestCase/e0e45360-743d-4f8b-aa5a-df4fc00bd7cd
<<<RESPONSE (201 Created): /testaspect/TestCase/e0e45360-743d-4f8b-aa5a-df4fc00bd7cd
]]></system-out>
    <system-err><![CDATA[[ERROR - 2015-10-16T23:07:46.970Z] WebElementLocator - _handleLocateCommand - Element(s) NOT Found: GAVE UP. Search Stop Time: 1445036866947

  :262 in error
]]></system-err>
  </testcase>
  <testcase name="And I build &quot;viewed_job&quot; in view" classname="Scenario: Schedule build from view" time="0.017">
    <error message="Unable to locate By.xpath: //a[contains(@href, &apos;/viewed_job/build?&apos;)]/img[contains(@title, &apos;Schedule a build&apos;)] in http://127.0.0.1:56435/job/viewed_job/configure&#10;&#10;&lt;!DOCTYPE html&gt;&lt;html&gt;&lt;head resurl=&quot;/static/ebda7158&quot;&gt;&#10;    &#10;&#10;    &lt;title&gt;viewed_job Config [Jenkins]&lt;/title&gt;&lt;link rel=&quot;stylesheet&quot; href=&quot;/static/ebda7158/css/style.css&quot; type=&quot;text/css&quot;&gt;&lt;link rel=&quot;stylesheet&quot; href=&quot;/static/ebda7158/css/color.css&quot; type=&quot;text/css&quot;&gt;&lt;link rel=&quot;stylesheet&quot; href=&quot;/static/ebda7158/css/responsive-grid.css&quot; type=&quot;text/css&quot;&gt;&lt;link rel=&quot;shortcut icon&quot; href=&quot;/static/ebda7158/favicon.ico&quot; type=&quot;image/vnd.microsoft.icon&quot;&gt;&lt;script&gt;var isRunAsTest=false; var rootURL=&quot;&quot;; var resURL=&quot;/static/ebda7158&quot;;&lt;/script&gt;&lt;script src=&quot;/static/ebda7158/scripts/prototype.js&quot; type=&quot;text/javascript&quot;&gt;&lt;/script&gt;&lt;script src=&quot;/static/ebda7158/scripts/behavior.js&quot; type=&quot;text/javascript&quot;&gt;&lt;/script&gt;&lt;script src=&quot;/adjuncts/ebda7158/org/kohsuke/stapler/bind.js&quot; type=&quot;text/javascript&quot;&gt;&lt;/script&gt;&lt;script src=&quot;/static/ebda7158/scripts/yui/yahoo/yahoo-min.js&quot;&gt;&lt;/script&gt;&lt;script src=&quot;/static/ebda7158/scripts/yui/dom/dom-min.js&quot;&gt;&lt;/script&gt;&lt;script src=&quot;/static/ebda7158/scripts/yui/event/event-min.js&quot;&gt;&lt;/script&gt;&lt;script src=&quot;/static/ebda7158/scripts/yui/animation/animation-min.js&quot;&gt;&lt;/script&gt;&lt;script src=&quot;/static/ebda7158/scripts/yui/dragdrop/dragdrop-min.js&quot;&gt;&lt;/script&gt;&lt;script src=&quot;/static/ebda7158/scripts/yui/container/container-min.js&quot;&gt;&lt;/script&gt;&lt;script src=&quot;/static/ebda7158/scripts/yui/connection/connection-min.js&quot;&gt;&lt;/script&gt;&lt;script src=&quot;/static/ebda7158/scripts/yui/datasource/datasource-min.js&quot;&gt;&lt;/script&gt;&lt;script src=&quot;/static/ebda7158/scripts/yui/autocomplete/autocomplete-min.js&quot;&gt;&lt;/script&gt;&lt;script src=&quot;/static/ebda7158/scripts/yui/menu/menu-min.js&quot;&gt;&lt;/script&gt;&lt;script src=&quot;/static/ebda7158/scripts/yui/element/element-min.js&quot;&gt;&lt;/script&gt;&lt;script src=&quot;/static/ebda7158/scripts/yui/button/button-min.js&quot;&gt;&lt;/script&gt;&lt;script src=&quot;/static/ebda7158/scripts/yui/storage/storage-min.js&quot;&gt;&lt;/script&gt;&lt;script src=&quot;/static/ebda7158/scripts/hudson-behavior.js&quot; type=&quot;text/javascript&quot;&gt;&lt;/script&gt;&lt;script src=&quot;/static/ebda7158/scripts/sortable.js&quot; type=&quot;text/javascript&quot;&gt;&lt;/script&gt;&lt;script&gt;crumb.init(&quot;&quot;, &quot;&quot;);&lt;/script&gt;&lt;link rel=&quot;stylesheet&quot; href=&quot;/static/ebda7158/scripts/yui/container/assets/container.css&quot; type=&quot;text/css&quot;&gt;&lt;link rel=&quot;stylesheet&quot; href=&quot;/static/ebda7158/scripts/yui/assets/skins/sam/skin.css&quot; type=&quot;text/css&quot;&gt;&lt;link rel=&quot;stylesheet&quot; href=&quot;/static/ebda7158/scripts/yui/container/assets/skins/sam/container.css&quot; type=&quot;text/css&quot;&gt;&lt;link rel=&quot;stylesheet&quot; href=&quot;/static/ebda7158/scripts/yui/button/assets/skins/sam/button.css&quot; type=&quot;text/css&quot;&gt;&lt;link rel=&quot;stylesheet&quot; href=&quot;/static/ebda7158/scripts/yui/menu/assets/skins/sam/menu.css&quot; type=&quot;text/css&quot;&gt;&lt;link rel=&quot;search&quot; href=&quot;/opensearch.xml&quot; type=&quot;application/opensearchdescription+xml&quot; title=&quot;Jenkins&quot;&gt;&lt;meta name=&quot;ROBOTS&quot; content=&quot;INDEX,NOFOLLOW&quot;&gt;&lt;link rel=&quot;alternate&quot; href=&quot;rssAll&quot; title=&quot;Jenkins:viewed_job (all builds)&quot; type=&quot;application/rss+xml&quot;&gt;&lt;link rel=&quot;alternate&quot; href=&quot;rssAll?flavor=rss20&quot; title=&quot;Jenkins:viewed_job (all builds) (RSS 2.0)&quot; type=&quot;application/rss+xml&quot;&gt;&lt;link rel=&quot;alternate&quot; href=&quot;rssFailed&quot; title=&quot;Jenkins:viewed_job (failed builds)&quot; type=&quot;application/rss+xml&quot;&gt;&lt;link rel=&quot;alternate&quot; href=&quot;rssFailed?flavor=rss20&quot; title=&quot;Jenkins:viewed_job (failed builds) (RSS 2.0)&quot; type=&quot;application/rss+xml&quot;&gt;&lt;link rel=&quot;alternate&quot; href=&quot;rssChangelog&quot; title=&quot;Jenkins:viewed_job (changelog)&quot; type=&quot;application/rss+xml&quot;&gt;&lt;link rel=&quot;alternate&quot; href=&quot;rssChangelog?flavor=rss20&quot; title=&quot;Jenkins:viewed_job (changelog) (RSS 2.0)&quot; type=&quot;application/rss+xml&quot;&gt;&lt;link rel=&quot;stylesheet&quot; href=&quot;/adjuncts/ebda7158/lib/form/breadcrumb-config-outline/init.css&quot; type=&quot;text/css&quot;&gt;&lt;script src=&quot;/adjuncts/ebda7158/lib/form/breadcrumb-config-outline/init.js&quot; type=&quot;text/javascript&quot;&gt;&lt;/script&gt;&lt;script src=&quot;/static/ebda7158/scripts/yui/cookie/cookie-min.js&quot;&gt;&lt;/script&gt;&lt;/head&gt;&lt;body data-model-type=&quot;hudson.model.FreeStyleProject&quot; id=&quot;jenkins&quot; class=&quot;yui-skin-sam jenkins-1.630&quot; data-version=&quot;jenkins-1.630&quot;&gt;&lt;div id=&quot;tt&quot; class=&quot;yui-module yui-overlay yui-tt yui-overlay-hidden&quot; style=&quot;z-index: 999; visibility: hidden;&quot;&gt;&lt;div class=&quot;bd&quot;&gt;&lt;/div&gt;&lt;/div&gt;&lt;div class=&quot;yui-panel-container shadow yui-overlay-hidden&quot; id=&quot;wait14_c&quot; style=&quot;visibility: hidden; left: 486px; top: 360px; z-index: 4;&quot;&gt;&lt;div id=&quot;wait14&quot; class=&quot;yui-module yui-overlay yui-panel&quot; style=&quot;visibility: inherit;&quot;&gt;&lt;a class=&quot;container-close&quot; href=&quot;#&quot;&gt;Close&lt;/a&gt;&lt;div class=&quot;hd&quot; id=&quot;wait14_h&quot; style=&quot;cursor: move;&quot;&gt;Error&lt;/div&gt;&lt;div class=&quot;bd&quot;&gt;&lt;div id=&quot;container13&quot;&gt;&lt;/div&gt;&lt;/div&gt;&lt;/div&gt;&lt;/div&gt;&lt;iframe id=&quot;_yuiResizeMonitor&quot; title=&quot;Text Resize Monitor&quot; tabindex=&quot;-1&quot; role=&quot;presentation&quot; style=&quot;position: absolute; visibility: visible; background-color: transparent; border-width: 0px; width: 2em; height: 2em; left: 0px; top: -27px;&quot;&gt;&lt;/iframe&gt;&lt;a href=&quot;#skip2content&quot; class=&quot;skiplink&quot;&gt;Skip to content&lt;/a&gt;&lt;div id=&quot;page-head&quot;&gt;&lt;div id=&quot;header&quot;&gt;&lt;div class=&quot;logo&quot;&gt;&lt;a id=&quot;jenkins-home-link&quot; href=&quot;/&quot;&gt;&lt;img src=&quot;/static/ebda7158/images/headshot.png&quot; alt=&quot;title&quot; id=&quot;jenkins-head-icon&quot;&gt;&lt;img src=&quot;/static/ebda7158/images/title.png&quot; alt=&quot;title&quot; width=&quot;139&quot; id=&quot;jenkins-name-icon&quot; height=&quot;34&quot;&gt;&lt;/a&gt;&lt;/div&gt;&lt;div class=&quot;login&quot;&gt;&lt;/div&gt;&lt;div class=&quot;searchbox hidden-xs&quot;&gt;&lt;form method=&quot;get&quot; name=&quot;search&quot; action=&quot;/job/viewed_job/search/&quot; style=&quot;position:relative;&quot; class=&quot;no-json&quot; path=&quot;&quot;&gt;&lt;div id=&quot;search-box-minWidth&quot; style=&quot;font-family: Helvetica, Arial, sans-serif; font-size: 13px; font-style: normal; font-weight: normal;&quot;&gt;&lt;/div&gt;&lt;div id=&quot;search-box-sizer&quot; style=&quot;font-family: Helvetica, Arial, sans-serif; font-size: 13px; font-style: normal; font-weight: normal;&quot;&gt;&lt;/div&gt;&lt;div id=&quot;searchform&quot; class=&quot;yui-ac&quot;&gt;&lt;input name=&quot;q&quot; placeholder=&quot;search&quot; id=&quot;search-box&quot; class=&quot;has-default-text yui-ac-input defaulted&quot; autocomplete=&quot;off&quot; style=&quot;width: 255px;&quot; path=&quot;/q&quot;&gt;&amp;nbsp;&lt;a href=&quot;http://wiki.jenkins-ci.org/display/JENKINS/Search+Box&quot;&gt;&lt;img src=&quot;/static/ebda7158/images/16x16/help.png&quot; style=&quot;width: 16px; height: 16px; &quot; class=&quot;icon-help icon-sm&quot;&gt;&lt;/a&gt;&lt;div id=&quot;search-box-completion&quot; class=&quot;yui-ac-container&quot; style=&quot;width: 255px; left: 0px; top: 26px;&quot;&gt;&lt;div class=&quot;yui-ac-content&quot; style=&quot;display: none; width: 255px;&quot;&gt;&lt;div class=&quot;yui-ac-hd&quot; style=&quot;display: none;&quot;&gt;&lt;/div&gt;&lt;div class=&quot;yui-ac-bd&quot;&gt;&lt;ul&gt;&lt;li style=&quot;display: none;&quot;&gt;&lt;/li&gt;&lt;li style=&quot;display: none;&quot;&gt;&lt;/li&gt;&lt;li style=&quot;display: none;&quot;&gt;&lt;/li&gt;&lt;li style=&quot;display: none;&quot;&gt;&lt;/li&gt;&lt;li style=&quot;display: none;&quot;&gt;&lt;/li&gt;&lt;li style=&quot;display: none;&quot;&gt;&lt;/li&gt;&lt;li style=&quot;display: none;&quot;&gt;&lt;/li&gt;&lt;li style=&quot;display: none;&quot;&gt;&lt;/li&gt;&lt;li style=&quot;display: none;&quot;&gt;&lt;/li&gt;&lt;li style=&quot;display: none;&quot;&gt;&lt;/li&gt;&lt;/ul&gt;&lt;/div&gt;&lt;div class=&quot;yui-ac-ft&quot; style=&quot;display: none;&quot;&gt;&lt;/div&gt;&lt;/div&gt;&lt;/div&gt;&lt;script&gt;createSearchBox(&quot;/job/viewed_job/search/&quot;);&lt;/script&gt;&lt;/div&gt;&lt;/form&gt;&lt;/div&gt;&lt;/div&gt;&lt;div id=&quot;breadcrumbBar&quot;&gt;&lt;link rel=&quot;stylesheet&quot; href=&quot;/adjuncts/ebda7158/lib/layout/breadcrumbs.css&quot; type=&quot;text/css&quot;&gt;&lt;script src=&quot;/adjuncts/ebda7158/lib/layout/breadcrumbs.js&quot; type=&quot;text/javascript&quot;&gt;&lt;/script&gt;&lt;div style=&quot;height: 26px;&quot;&gt;&lt;/div&gt;&lt;div class=&quot;top-sticker noedge&quot; style=&quot;position: fixed; top: 40px; left: 0px;&quot;&gt;&lt;div class=&quot;top-sticker-edge&quot;&gt;&lt;/div&gt;&lt;div class=&quot;top-sticker-inner&quot;&gt;&lt;div id=&quot;right-top-nav&quot;&gt;&lt;/div&gt;&lt;ul id=&quot;breadcrumbs&quot;&gt;&lt;li class=&quot;item&quot;&gt;&lt;a href=&quot;/&quot; class=&quot;model-link inside breadcrumbBarAnchor&quot;&gt;Jenkins&lt;/a&gt;&lt;/li&gt;&lt;li href=&quot;/&quot; class=&quot;children&quot;&gt;&lt;/li&gt;&lt;li class=&quot;item&quot;&gt;&lt;a href=&quot;/job/viewed_job/&quot; class=&quot;model-link inside breadcrumbBarAnchor&quot;&gt;viewed_job&lt;/a&gt;&lt;/li&gt;&lt;li href=&quot;/job/viewed_job/&quot; class=&quot;children&quot;&gt;&lt;/li&gt;&lt;li id=&quot;inpage-nav&quot; class=&quot;item&quot;&gt;&lt;a class=&quot;model-link inside breadcrumbBarAnchor&quot;&gt;configuration&lt;/a&gt;&lt;/li&gt;&lt;/ul&gt;&lt;div id=&quot;breadcrumb-menu-target&quot;&gt;&lt;/div&gt;&lt;/div&gt;&lt;/div&gt;&lt;/div&gt;&lt;/div&gt;&lt;div id=&quot;menuSelector&quot;&gt;&lt;/div&gt;&lt;div id=&quot;page-body&quot;&gt;&lt;div id=&quot;side-panel&quot;&gt;&lt;div id=&quot;tasks&quot;&gt;&lt;div class=&quot;task&quot;&gt;&lt;a href=&quot;/&quot; class=&quot;task-icon-link&quot;&gt;&lt;img src=&quot;/static/ebda7158/images/24x24/up.png&quot; style=&quot;width: 24px; height: 24px; width: 24px; height: 24px; margin: 2px;&quot; class=&quot;icon-up icon-md&quot;&gt;&lt;/a&gt;&amp;nbsp;&lt;a href=&quot;/&quot; class=&quot;task-link&quot;&gt;Back to Dashboard&lt;/a&gt;&lt;/div&gt;&lt;div class=&quot;task&quot;&gt;&lt;a href=&quot;/job/viewed_job/&quot; class=&quot;task-icon-link&quot;&gt;&lt;img src=&quot;/static/ebda7158/images/24x24/search.png&quot; style=&quot;width: 24px; height: 24px; width: 24px; height: 24px; margin: 2px;&quot; class=&quot;icon-search icon-md&quot;&gt;&lt;/a&gt;&amp;nbsp;&lt;a href=&quot;/job/viewed_job/&quot; class=&quot;task-link&quot;&gt;Status&lt;/a&gt;&lt;/div&gt;&lt;div class=&quot;task&quot;&gt;&lt;a href=&quot;/job/viewed_job/changes&quot; class=&quot;task-icon-link&quot;&gt;&lt;img src=&quot;/static/ebda7158/images/24x24/notepad.png&quot; style=&quot;width: 24px; height: 24px; width: 24px; height: 24px; margin: 2px;&quot; class=&quot;icon-notepad icon-md&quot;&gt;&lt;/a&gt;&amp;nbsp;&lt;a href=&quot;/job/viewed_job/changes&quot; class=&quot;task-link&quot;&gt;Changes&lt;/a&gt;&lt;/div&gt;&lt;div class=&quot;task&quot;&gt;&lt;a href=&quot;/job/viewed_job/ws/&quot; class=&quot;task-icon-link&quot;&gt;&lt;img src=&quot;/static/ebda7158/images/24x24/folder.png&quot; style=&quot;width: 24px; height: 24px; width: 24px; height: 24px; margin: 2px;&quot; class=&quot;icon-folder icon-md&quot;&gt;&lt;/a&gt;&amp;nbsp;&lt;a href=&quot;/job/viewed_job/ws/&quot; class=&quot;task-link&quot;&gt;Workspace&lt;/a&gt;&lt;/div&gt;&lt;div class=&quot;task&quot;&gt;&lt;a onclick=&quot;return build_id14(this)&quot; href=&quot;/job/viewed_job/build?delay=0sec&quot; class=&quot;task-icon-link&quot;&gt;&lt;img src=&quot;/static/ebda7158/images/24x24/clock.png&quot; style=&quot;width: 24px; height: 24px; width: 24px; height: 24px; margin: 2px;&quot; class=&quot;icon-clock icon-md&quot;&gt;&lt;/a&gt;&amp;nbsp;&lt;a onclick=&quot;return build_id14(this)&quot; href=&quot;/job/viewed_job/build?delay=0sec&quot; class=&quot;task-link&quot;&gt;Build Now&lt;/a&gt;&lt;/div&gt;&lt;script&gt;function build_id14(a) {&#10;                new Ajax.Request(a.href);&#10;                hoverNotification(&apos;Build scheduled&apos;,a.parentNode);&#10;                return false;&#10;            }&lt;/script&gt;&lt;div class=&quot;task&quot;&gt;&lt;a onclick=&quot;confirmPOST_id17(true, &apos;/job/viewed_job/doDelete&apos;, &apos;Are you sure about deleting the Project ‘viewed_job’?&apos;)&quot; href=&quot;#&quot;&gt;&lt;img src=&quot;/static/ebda7158/images/24x24/edit-delete.png&quot; style=&quot;width: 24px; height: 24px; width: 24px; height: 24px; margin: 2px;&quot; class=&quot;icon-edit-delete icon-md&quot;&gt;&lt;/a&gt;&lt;script&gt;function confirmPOST_id17(post, href, message) {&#10;            if (confirm(message)) {&#10;                var form = document.createElement(&apos;form&apos;);&#10;                form.setAttribute(&apos;method&apos;, post ? &apos;POST&apos; : &apos;GET&apos;);&#10;                form.setAttribute(&apos;action&apos;, href);&#10;                if (post) {&#10;                    crumb.appendToForm(form);&#10;                }&#10;                document.body.appendChild(form);&#10;                form.submit();&#10;            }&#10;            return false;&#10;        }&lt;/script&gt;&amp;nbsp;&lt;a onclick=&quot;confirmPOST_id18(true, &apos;/job/viewed_job/doDelete&apos;, &apos;Are you sure about deleting the Project ‘viewed_job’?&apos;)&quot; href=&quot;#&quot; class=&quot;task-link&quot;&gt;Delete Project&lt;/a&gt;&lt;script&gt;function confirmPOST_id18(post, href, message) {&#10;            if (confirm(message)) {&#10;                var form = document.createElement(&apos;form&apos;);&#10;                form.setAttribute(&apos;method&apos;, post ? &apos;POST&apos; : &apos;GET&apos;);&#10;                form.setAttribute(&apos;action&apos;, href);&#10;                if (post) {&#10;                    crumb.appendToForm(form);&#10;                }&#10;                document.body.appendChild(form);&#10;                form.submit();&#10;            }&#10;            return false;&#10;        }&lt;/script&gt;&lt;/div&gt;&lt;div class=&quot;task&quot;&gt;&lt;a href=&quot;/job/viewed_job/configure&quot; class=&quot;task-icon-link&quot;&gt;&lt;img src=&quot;/static/ebda7158/images/24x24/setting.png&quot; style=&quot;width: 24px; height: 24px; width: 24px; height: 24px; margin: 2px;&quot; class=&quot;icon-setting icon-md&quot;&gt;&lt;/a&gt;&amp;nbsp;&lt;a href=&quot;/job/viewed_job/configure&quot; class=&quot;task-link&quot;&gt;&lt;b&gt;Configure&lt;/b&gt;&lt;/a&gt;&lt;div class=&quot;subtasks&quot;&gt;&lt;/div&gt;&lt;/div&gt;&lt;/div&gt;&lt;div id=&quot;buildHistory&quot; class=&quot;container-fluid pane-frame track-mouse&quot;&gt;&lt;div class=&quot;row&quot;&gt;&lt;div class=&quot;col-xs-24 pane-header&quot;&gt;&lt;a href=&quot;/toggleCollapse?paneId=buildHistory&quot; title=&quot;collapse&quot; class=&quot;collapse&quot;&gt;&lt;img src=&quot;/static/ebda7158/images/16x16/collapse.png&quot; alt=&quot;collapse&quot; style=&quot;width: 16px; height: 16px; &quot; class=&quot;icon-collapse icon-sm&quot;&gt;&lt;/a&gt;&lt;div style=&quot;float:right&quot;&gt;&lt;a href=&quot;/job/viewed_job/buildTimeTrend&quot;&gt;trend&lt;/a&gt;&lt;/div&gt;&lt;div data=&quot;100&quot; class=&quot;healthReport&quot; onmouseover=&quot;this.className=&apos;healthReport hover&apos;;return true;&#10;        &quot; onmouseout=&quot;this.className=&apos;healthReport&apos;;return true;&quot;&gt;&lt;img src=&quot;/static/ebda7158/images/16x16/health-80plus.png&quot; alt=&quot;100%&quot; style=&quot;width: 16px; height: 16px; &quot; class=&quot;icon-health-80plus icon-sm&quot;&gt;&lt;/div&gt;Build History&lt;/div&gt;&lt;/div&gt;&lt;div class=&quot;row pane-content&quot;&gt;&lt;table class=&quot;pane stripped&quot;&gt;&lt;/table&gt;&lt;/div&gt;&lt;div class=&quot;row&quot;&gt;&lt;div class=&quot;col-xs-24 pane-footer&quot;&gt;&lt;span class=&quot;build-rss-links&quot;&gt;&lt;a href=&quot;/job/viewed_job/rssAll&quot; class=&quot;build-rss-all-icon&quot;&gt;&lt;img border=&quot;0&quot; src=&quot;/static/ebda7158/images/atom.gif&quot; alt=&quot;Feed&quot; width=&quot;16&quot; height=&quot;16&quot;&gt;&lt;/a&gt;&amp;nbsp;&lt;a href=&quot;/job/viewed_job/rssAll&quot; class=&quot;build-rss-all-link&quot;&gt;RSS for all&lt;/a&gt;&amp;nbsp;&lt;a href=&quot;/job/viewed_job/rssFailed&quot; class=&quot;build-rss-failed-icon&quot;&gt;&lt;img border=&quot;0&quot; src=&quot;/static/ebda7158/images/atom.gif&quot; alt=&quot;Feed&quot; width=&quot;16&quot; height=&quot;16&quot;&gt;&lt;/a&gt;&amp;nbsp;&lt;a href=&quot;/job/viewed_job/rssFailed&quot; class=&quot;build-rss-failed-link&quot;&gt;RSS for failures&lt;/a&gt;&lt;/span&gt;&lt;/div&gt;&lt;/div&gt;&lt;/div&gt;&lt;script defer=&quot;true&quot;&gt;updateBuildHistory(&quot;/job/viewed_job/buildHistory/ajax&quot;,1);&lt;/script&gt;&lt;/div&gt;&lt;div id=&quot;main-panel&quot;&gt;&lt;a name=&quot;skip2content&quot;&gt;&lt;/a&gt;&lt;div class=&quot;behavior-loading&quot; style=&quot;display: none;&quot;&gt;LOADING&lt;/div&gt;&lt;form method=&quot;post&quot; name=&quot;config&quot; action=&quot;configSubmit&quot; path=&quot;&quot;&gt;&lt;link rel=&quot;stylesheet&quot; href=&quot;/adjuncts/ebda7158/lib/form/section_.css&quot; type=&quot;text/css&quot;&gt;&lt;table width=&quot;100%&quot;&gt;&lt;tbody&gt;&lt;tr&gt;&lt;td class=&quot;setting-leftspace&quot;&gt;&amp;nbsp;&lt;/td&gt;&lt;td class=&quot;setting-name&quot;&gt;Project name&lt;/td&gt;&lt;td class=&quot;setting-main&quot;&gt;&#10;   &#10;&#10;  &#10;  &lt;input name=&quot;name&quot; type=&quot;text&quot; class=&quot;setting-input   &quot; value=&quot;viewed_job&quot; path=&quot;/name&quot;&gt;&lt;/td&gt;&lt;td class=&quot;setting-no-help&quot;&gt;&lt;/td&gt;&lt;/tr&gt;&lt;tr class=&quot;validation-error-area&quot;&gt;&lt;td colspan=&quot;2&quot;&gt;&lt;/td&gt;&lt;td&gt;&lt;/td&gt;&lt;td&gt;&lt;/td&gt;&lt;/tr&gt;&lt;tr&gt;&lt;td class=&quot;setting-leftspace&quot;&gt;&amp;nbsp;&lt;/td&gt;&lt;td class=&quot;setting-name&quot;&gt;Description&lt;/td&gt;&lt;td class=&quot;setting-main&quot;&gt;&lt;script src=&quot;/adjuncts/ebda7158/lib/form/textarea/textarea.js&quot; type=&quot;text/javascript&quot;&gt;&lt;/script&gt;&lt;textarea name=&quot;description&quot; rows=&quot;5&quot; class=&quot;setting-input   &quot; path=&quot;/description&quot;&gt;&lt;/textarea&gt;&lt;div class=&quot;textarea-handle&quot;&gt;&lt;/div&gt;&lt;div class=&quot;textarea-preview-container&quot;&gt;&#10;        [Plain text]&amp;nbsp;&lt;a previewendpoint=&quot;/markupFormatter/previewDescription&quot; href=&quot;#&quot; class=&quot;textarea-show-preview&quot;&gt;Preview&lt;/a&gt;&amp;nbsp;&lt;a href=&quot;#&quot; class=&quot;textarea-hide-preview&quot; style=&quot;display: none;&quot;&gt;Hide preview&lt;/a&gt;&lt;div class=&quot;textarea-preview&quot; style=&quot;display: none;&quot;&gt;&lt;/div&gt;&lt;/div&gt;&lt;/td&gt;&lt;td class=&quot;setting-no-help&quot;&gt;&lt;/td&gt;&lt;/tr&gt;&lt;tr class=&quot;validation-error-area&quot;&gt;&lt;td colspan=&quot;2&quot;&gt;&lt;/td&gt;&lt;td&gt;&lt;/td&gt;&lt;td&gt;&lt;/td&gt;&lt;/tr&gt;&lt;tr class=&quot;optional-block-start &quot; hashelp=&quot;true&quot; ref=&quot;cb15&quot;&gt;&lt;td colspan=&quot;3&quot;&gt;&lt;input onclick=&quot;javascript:updateOptionalBlock(this,true)&quot; name=&quot;logrotate&quot; type=&quot;checkbox&quot; class=&quot; &quot; id=&quot;cb15&quot; path=&quot;/logrotate&quot;&gt;&lt;label class=&quot;attach-previous&quot;&gt;Discard Old Builds&lt;/label&gt;&lt;/td&gt;&lt;td class=&quot;setting-help&quot;&gt;&lt;a helpurl=&quot;/help/project-config/log-rotation.html&quot; href=&quot;#&quot; class=&quot;help-button&quot; tabindex=&quot;9999&quot;&gt;&lt;img src=&quot;/static/ebda7158/images/16x16/help.png&quot; alt=&quot;Help for feature: Discard Old Builds&quot; style=&quot;width: 16px; height: 16px; &quot; class=&quot;icon-help icon-sm&quot;&gt;&lt;/a&gt;&lt;/td&gt;&lt;/tr&gt;&lt;tr class=&quot;help-area&quot;&gt;&lt;td&gt;&lt;/td&gt;&lt;td colspan=&quot;2&quot;&gt;&lt;div class=&quot;help&quot;&gt;Loading...&lt;/div&gt;&lt;/td&gt;&lt;td&gt;&lt;/td&gt;&lt;/tr&gt;&lt;tr class=&quot;rowvg-start&quot; style=&quot;display: none;&quot;&gt;&lt;/tr&gt;&lt;tr style=&quot;display: none;&quot;&gt;&lt;td class=&quot;setting-leftspace&quot;&gt;&amp;nbsp;&lt;/td&gt;&lt;td class=&quot;setting-name&quot;&gt;Strategy&lt;/td&gt;&lt;td class=&quot;setting-main&quot;&gt;&lt;select class=&quot;setting-input dropdownList&quot; path=&quot;/&quot;&gt;&lt;option value=&quot;0&quot;&gt;Log Rotation&lt;/option&gt;&lt;/select&gt;&lt;/td&gt;&lt;td class=&quot;setting-no-help&quot;&gt;&lt;/td&gt;&lt;/tr&gt;&lt;tr class=&quot;dropdownList-container&quot; style=&quot;display: none;&quot;&gt;&lt;td colspan=&quot;2&quot;&gt;&lt;/td&gt;&lt;td colspan=&quot;2&quot;&gt;&lt;table width=&quot;100%&quot; name=&quot;buildDiscarder&quot; path=&quot;/buildDiscarder&quot;&gt;&lt;tbody&gt;&lt;tr class=&quot;dropdownList-start rowvg-start&quot;&gt;&lt;/tr&gt;&#10;      &#10;      &lt;tr&gt;&lt;td class=&quot;setting-leftspace&quot;&gt;&amp;nbsp;&lt;/td&gt;&lt;td class=&quot;setting-name&quot;&gt;Days to keep builds&lt;/td&gt;&lt;td class=&quot;setting-main&quot;&gt;&lt;input step=&quot;1&quot; min=&quot;1&quot; name=&quot;_.daysToKeepStr&quot; type=&quot;number&quot; class=&quot;setting-input  positive-number&quot; value=&quot;&quot; path=&quot;/buildDiscarder/daysToKeepStr&quot;&gt;&lt;/td&gt;&lt;td class=&quot;setting-no-help&quot;&gt;&lt;/td&gt;&lt;/tr&gt;&lt;tr class=&quot;validation-error-area&quot;&gt;&lt;td colspan=&quot;2&quot;&gt;&lt;/td&gt;&lt;td&gt;&lt;/td&gt;&lt;td&gt;&lt;/td&gt;&lt;/tr&gt;&lt;tr&gt;&lt;td colspan=&quot;2&quot;&gt;&lt;/td&gt;&lt;td class=&quot;setting-description&quot;&gt;if not empty, build records are only kept up to this number of days&lt;/td&gt;&lt;td&gt;&lt;/td&gt;&lt;/tr&gt;&lt;tr&gt;&lt;td class=&quot;setting-leftspace&quot;&gt;&amp;nbsp;&lt;/td&gt;&lt;td class=&quot;setting-name&quot;&gt;Max # of builds to keep&lt;/td&gt;&lt;td class=&quot;setting-main&quot;&gt;&lt;input step=&quot;1&quot; min=&quot;1&quot; name=&quot;_.numToKeepStr&quot; type=&quot;number&quot; class=&quot;setting-input  positive-number&quot; value=&quot;&quot; path=&quot;/buildDiscarder/numToKeepStr&quot;&gt;&lt;/td&gt;&lt;td class=&quot;setting-no-help&quot;&gt;&lt;/td&gt;&lt;/tr&gt;&lt;tr class=&quot;validation-error-area&quot;&gt;&lt;td colspan=&quot;2&quot;&gt;&lt;/td&gt;&lt;td&gt;&lt;/td&gt;&lt;td&gt;&lt;/td&gt;&lt;/tr&gt;&lt;tr&gt;&lt;td colspan=&quot;2&quot;&gt;&lt;/td&gt;&lt;td class=&quot;setting-description&quot;&gt;if not empty, only up to this number of build records are kept&lt;/td&gt;&lt;td&gt;&lt;/td&gt;&lt;/tr&gt;&lt;tr&gt;&lt;td&gt;&lt;/td&gt;&lt;td&gt;&lt;/td&gt;&lt;td&gt;&lt;script src=&quot;/adjuncts/ebda7158/lib/form/advanced/advanced.js&quot; type=&quot;text/javascript&quot;&gt;&lt;/script&gt;&lt;div style=&quot;&quot; class=&quot;advancedLink&quot;&gt;&lt;span style=&quot;display: none&quot; id=&quot;id26&quot;&gt;&lt;img src=&quot;/static/ebda7158/images/24x24/notepad.png&quot; tooltip=&quot;One or more fields in this block have been edited.&quot; style=&quot;width: 24px; height: 24px; vertical-align: baseline&quot; class=&quot;icon-notepad icon-md&quot; title=&quot;One or more fields in this block have been edited.&quot;&gt;&lt;/span&gt;&amp;nbsp;&lt;span class=&quot;yui-button yui-push-button advanced-button advancedButton&quot; id=&quot;yui-gen31&quot;&gt;&lt;span class=&quot;first-child&quot;&gt;&lt;button type=&quot;button&quot; tabindex=&quot;0&quot; id=&quot;yui-gen31-button&quot; path=&quot;/buildDiscarder/advanced-button&quot;&gt;Advanced...&lt;/button&gt;&lt;/span&gt;&lt;/span&gt;&lt;/div&gt;&lt;table class=&quot;advancedBody&quot;&gt;&lt;tbody&gt;&lt;tr&gt;&lt;td class=&quot;setting-leftspace&quot;&gt;&amp;nbsp;&lt;/td&gt;&lt;td class=&quot;setting-name&quot;&gt;Days to keep artifacts&lt;/td&gt;&lt;td class=&quot;setting-main&quot;&gt;&lt;input step=&quot;1&quot; min=&quot;1&quot; name=&quot;_.artifactDaysToKeepStr&quot; type=&quot;number&quot; class=&quot;setting-input  positive-number&quot; value=&quot;&quot; path=&quot;/buildDiscarder/artifactDaysToKeepStr&quot;&gt;&lt;/td&gt;&lt;td class=&quot;setting-no-help&quot;&gt;&lt;/td&gt;&lt;/tr&gt;&lt;tr class=&quot;validation-error-area&quot;&gt;&lt;td colspan=&quot;2&quot;&gt;&lt;/td&gt;&lt;td&gt;&lt;/td&gt;&lt;td&gt;&lt;/td&gt;&lt;/tr&gt;&lt;tr&gt;&lt;td colspan=&quot;2&quot;&gt;&lt;/td&gt;&lt;td class=&quot;setting-description&quot;&gt;if not empty, artifacts from builds older than this number of days will be deleted, but the logs, history, reports, etc for the build will be kept&lt;/td&gt;&lt;td&gt;&lt;/td&gt;&lt;/tr&gt;&lt;tr&gt;&lt;td class=&quot;setting-leftspace&quot;&gt;&amp;nbsp;&lt;/td&gt;&lt;td class=&quot;setting-name&quot;&gt;Max # of builds to keep with artifacts&lt;/td&gt;&lt;td class=&quot;setting-main&quot;&gt;&lt;input step=&quot;1&quot; min=&quot;1&quot; name=&quot;_.artifactNumToKeepStr&quot; type=&quot;number&quot; class=&quot;setting-input  positive-number&quot; value=&quot;&quot; path=&quot;/buildDiscarder/artifactNumToKeepStr&quot;&gt;&lt;/td&gt;&lt;td class=&quot;setting-no-help&quot;&gt;&lt;/td&gt;&lt;/tr&gt;&lt;tr class=&quot;validation-error-area&quot;&gt;&lt;td colspan=&quot;2&quot;&gt;&lt;/td&gt;&lt;td&gt;&lt;/td&gt;&lt;td&gt;&lt;/td&gt;&lt;/tr&gt;&lt;tr&gt;&lt;td colspan=&quot;2&quot;&gt;&lt;/td&gt;&lt;td class=&quot;setting-description&quot;&gt;if not empty, only up to this number of builds have their artifacts retained&lt;/td&gt;&lt;td&gt;&lt;/td&gt;&lt;/tr&gt;&lt;/tbody&gt;&lt;/table&gt;&lt;/td&gt;&lt;td&gt;&lt;/td&gt;&lt;/tr&gt;&lt;tr style=&quot;&quot;&gt;&lt;td&gt;&lt;input name=&quot;stapler-class&quot; type=&quot;hidden&quot; value=&quot;hudson.tasks.LogRotator&quot; path=&quot;/buildDiscarder/stapler-class&quot;&gt;&lt;input name=&quot;$class&quot; type=&quot;hidden&quot; value=&quot;hudson.tasks.LogRotator&quot; path=&quot;/buildDiscarder/$class&quot;&gt;&lt;/td&gt;&lt;/tr&gt;&lt;tr class=&quot;dropdownList-end rowvg-end&quot;&gt;&lt;/tr&gt;&lt;/tbody&gt;&lt;/table&gt;&lt;/td&gt;&lt;/tr&gt;&lt;tr class=&quot; rowvg-end optional-block-end&quot;&gt;&lt;/tr&gt;&lt;script src=&quot;/adjuncts/ebda7158/lib/form/section_.js&quot; type=&quot;text/javascript&quot;&gt;&lt;/script&gt;&lt;tr name=&quot;properties&quot; style=&quot;display:none&quot; class=&quot;row-set-start&quot; id=&quot;rowSetStart31&quot; path=&quot;/properties&quot;&gt;&lt;/tr&gt;&lt;tr nameref=&quot;rowSetStart31&quot;&gt;&lt;td&gt;&lt;input type=&quot;hidden&quot; name=&quot;stapler-class-bag&quot; value=&quot;true&quot; path=&quot;/properties/stapler-class-bag&quot;&gt;&lt;/td&gt;&lt;/tr&gt;&lt;tr name=&quot;hudson-model-ParametersDefinitionProperty&quot; style=&quot;display:none&quot; class=&quot;row-set-start&quot; id=&quot;rowSetStart30&quot; nameref=&quot;rowSetStart31&quot; path=&quot;/properties/hudson-model-ParametersDefinitionProperty&quot;&gt;&lt;/tr&gt;&lt;tr class=&quot;optional-block-start row-set-start&quot; hashelp=&quot;true&quot; ref=&quot;cb16&quot; nameref=&quot;rowSetStart30&quot;&gt;&lt;td colspan=&quot;3&quot;&gt;&lt;input onclick=&quot;javascript:updateOptionalBlock(this,true)&quot; name=&quot;parameterized&quot; type=&quot;checkbox&quot; class=&quot; &quot; id=&quot;cb16&quot; path=&quot;/properties/hudson-model-ParametersDefinitionProperty/parameterized&quot;&gt;&lt;label class=&quot;attach-previous&quot;&gt;This build is parameterized&lt;/label&gt;&lt;/td&gt;&lt;td class=&quot;setting-help&quot;&gt;&lt;a helpurl=&quot;/help/project-config/parameterized-build.html&quot; href=&quot;#&quot; class=&quot;help-button&quot; tabindex=&quot;9999&quot;&gt;&lt;img src=&quot;/static/ebda7158/images/16x16/help.png&quot; alt=&quot;Help for feature: This build is parameterized&quot; style=&quot;width: 16px; height: 16px; &quot; class=&quot;icon-help icon-sm&quot;&gt;&lt;/a&gt;&lt;/td&gt;&lt;/tr&gt;&lt;tr class=&quot;help-area&quot; nameref=&quot;cb16&quot;&gt;&lt;td&gt;&lt;/td&gt;&lt;td colspan=&quot;2&quot;&gt;&lt;div class=&quot;help&quot;&gt;Loading...&lt;/div&gt;&lt;/td&gt;&lt;td&gt;&lt;/td&gt;&lt;/tr&gt;&lt;tr class=&quot;rowvg-start&quot; nameref=&quot;cb16&quot; style=&quot;display: none;&quot;&gt;&lt;/tr&gt;&lt;tr nameref=&quot;cb16&quot; style=&quot;display: none;&quot;&gt;&lt;td colspan=&quot;2&quot;&gt;&lt;/td&gt;&lt;td colspan=&quot;2&quot;&gt;&lt;script src=&quot;/adjuncts/ebda7158/lib/form/dragdrop/dragdrop.js&quot; type=&quot;text/javascript&quot;&gt;&lt;/script&gt;&lt;script src=&quot;/adjuncts/ebda7158/lib/form/hetero-list/hetero-list.js&quot; type=&quot;text/javascript&quot;&gt;&lt;/script&gt;&lt;div class=&quot;hetero-list-container with-drag-drop  &quot;&gt;&lt;div class=&quot;repeatable-insertion-point&quot;&gt;&lt;/div&gt;&lt;div&gt;&lt;span class=&quot;yui-button yui-menu-button&quot; id=&quot;yui-gen1&quot;&gt;&lt;span class=&quot;first-child&quot;&gt;&lt;button type=&quot;button&quot; tabindex=&quot;0&quot; id=&quot;yui-gen1-button&quot; class=&quot;hetero-list-add&quot; suffix=&quot;parameter&quot;&gt;Add Parameter&lt;/button&gt;&lt;/span&gt;&lt;/span&gt;&lt;/div&gt;&lt;/div&gt;&lt;/td&gt;&lt;/tr&gt;&lt;tr class=&quot;row-set-end rowvg-end optional-block-end&quot; nameref=&quot;rowSetStart30&quot;&gt;&lt;/tr&gt;&lt;tr class=&quot;row-set-end&quot; nameref=&quot;rowSetStart31&quot;&gt;&lt;/tr&gt;&lt;tr class=&quot;row-set-end&quot;&gt;&lt;/tr&gt;&lt;tr class=&quot;optional-block-start &quot; hashelp=&quot;true&quot; ref=&quot;cb17&quot;&gt;&lt;td colspan=&quot;3&quot;&gt;&lt;input onclick=&quot;javascript:updateOptionalBlock(this,true)&quot; name=&quot;disable&quot; type=&quot;checkbox&quot; class=&quot; &quot; id=&quot;cb17&quot; path=&quot;/disable&quot;&gt;&lt;label class=&quot;attach-previous&quot;&gt;Disable Build (No new builds will be executed until the project is re-enabled.)&lt;/label&gt;&lt;/td&gt;&lt;td class=&quot;setting-help&quot;&gt;&lt;a helpurl=&quot;/help/project-config/disable.html&quot; href=&quot;#&quot; class=&quot;help-button&quot; tabindex=&quot;9999&quot;&gt;&lt;img src=&quot;/static/ebda7158/images/16x16/help.png&quot; alt=&quot;Help for feature: Disable Build (No new builds will be executed until the project is re-enabled.)&quot; style=&quot;width: 16px; height: 16px; &quot; class=&quot;icon-help icon-sm&quot;&gt;&lt;/a&gt;&lt;/td&gt;&lt;/tr&gt;&lt;tr class=&quot;help-area&quot;&gt;&lt;td&gt;&lt;/td&gt;&lt;td colspan=&quot;2&quot;&gt;&lt;div class=&quot;help&quot;&gt;Loading...&lt;/div&gt;&lt;/td&gt;&lt;td&gt;&lt;/td&gt;&lt;/tr&gt;&lt;tr class=&quot;rowvg-start&quot; style=&quot;display: none;&quot;&gt;&lt;/tr&gt;&lt;tr class=&quot; rowvg-end optional-block-end&quot;&gt;&lt;/tr&gt;&lt;tr class=&quot;optional-block-start &quot; hashelp=&quot;true&quot; ref=&quot;cb18&quot;&gt;&lt;td colspan=&quot;3&quot;&gt;&lt;input onclick=&quot;javascript:updateOptionalBlock(this,true)&quot; name=&quot;_.concurrentBuild&quot; type=&quot;checkbox&quot; class=&quot; &quot; id=&quot;cb18&quot; path=&quot;/concurrentBuild&quot;&gt;&lt;label class=&quot;attach-previous&quot;&gt;Execute concurrent builds if necessary&lt;/label&gt;&lt;/td&gt;&lt;td class=&quot;setting-help&quot;&gt;&lt;a helpurl=&quot;/descriptor/hudson.model.FreeStyleProject/help/concurrentBuild&quot; href=&quot;#&quot; class=&quot;help-button&quot; tabindex=&quot;9999&quot;&gt;&lt;img src=&quot;/static/ebda7158/images/16x16/help.png&quot; alt=&quot;Help for feature: Execute concurrent builds if necessary&quot; style=&quot;width: 16px; height: 16px; &quot; class=&quot;icon-help icon-sm&quot;&gt;&lt;/a&gt;&lt;/td&gt;&lt;/tr&gt;&lt;tr class=&quot;help-area&quot;&gt;&lt;td&gt;&lt;/td&gt;&lt;td colspan=&quot;2&quot;&gt;&lt;div class=&quot;help&quot;&gt;Loading...&lt;/div&gt;&lt;/td&gt;&lt;td&gt;&lt;/td&gt;&lt;/tr&gt;&lt;tr class=&quot;rowvg-start&quot; style=&quot;display: none;&quot;&gt;&lt;/tr&gt;&lt;tr class=&quot; rowvg-end optional-block-end&quot;&gt;&lt;/tr&gt;&lt;tr&gt;&lt;td colspan=&quot;4&quot;&gt;&lt;div class=&quot;section-header&quot;&gt;&lt;a id=&quot;section0&quot; class=&quot;section-anchor&quot;&gt;#&lt;/a&gt;Advanced Project Options&lt;/div&gt;&lt;/td&gt;&lt;/tr&gt;&lt;tr&gt;&lt;td&gt;&lt;/td&gt;&lt;td&gt;&lt;/td&gt;&lt;td&gt;&lt;script src=&quot;/adjuncts/ebda7158/lib/form/advanced/advanced.js&quot; type=&quot;text/javascript&quot;&gt;&lt;/script&gt;&lt;div style=&quot;&quot; class=&quot;advancedLink&quot;&gt;&lt;span style=&quot;display: none&quot; id=&quot;id20&quot;&gt;&lt;img src=&quot;/static/ebda7158/images/24x24/notepad.png&quot; tooltip=&quot;One or more fields in this block have been edited.&quot; style=&quot;width: 24px; height: 24px; vertical-align: baseline&quot; class=&quot;icon-notepad icon-md&quot; title=&quot;One or more fields in this block have been edited.&quot;&gt;&lt;/span&gt;&amp;nbsp;&lt;span class=&quot;yui-button yui-push-button advanced-button advancedButton&quot; id=&quot;yui-gen7&quot;&gt;&lt;span class=&quot;first-child&quot;&gt;&lt;button type=&quot;button&quot; tabindex=&quot;0&quot; id=&quot;yui-gen7-button&quot; path=&quot;/advanced-button&quot;&gt;Advanced...&lt;/button&gt;&lt;/span&gt;&lt;/span&gt;&lt;/div&gt;&lt;table class=&quot;advancedBody&quot;&gt;&lt;tbody&gt;&lt;tr class=&quot;optional-block-start &quot; hashelp=&quot;true&quot; ref=&quot;cb19&quot;&gt;&lt;td colspan=&quot;3&quot;&gt;&lt;input onclick=&quot;javascript:updateOptionalBlock(this,true)&quot; name=&quot;hasCustomQuietPeriod&quot; type=&quot;checkbox&quot; class=&quot; &quot; id=&quot;cb19&quot; path=&quot;/hasCustomQuietPeriod&quot;&gt;&lt;label class=&quot;attach-previous&quot;&gt;Quiet period&lt;/label&gt;&lt;/td&gt;&lt;td class=&quot;setting-help&quot;&gt;&lt;a helpurl=&quot;/descriptor/jenkins.model.GlobalQuietPeriodConfiguration/help/quietPeriod&quot; href=&quot;#&quot; class=&quot;help-button&quot; tabindex=&quot;9999&quot;&gt;&lt;img src=&quot;/static/ebda7158/images/16x16/help.png&quot; alt=&quot;Help for feature: Quiet period&quot; style=&quot;width: 16px; height: 16px; &quot; class=&quot;icon-help icon-sm&quot;&gt;&lt;/a&gt;&lt;/td&gt;&lt;/tr&gt;&lt;tr class=&quot;help-area&quot;&gt;&lt;td&gt;&lt;/td&gt;&lt;td colspan=&quot;2&quot;&gt;&lt;div class=&quot;help&quot;&gt;Loading...&lt;/div&gt;&lt;/td&gt;&lt;td&gt;&lt;/td&gt;&lt;/tr&gt;&lt;tr class=&quot;rowvg-start&quot; style=&quot;display: none;&quot;&gt;&lt;/tr&gt;&lt;tr style=&quot;display: none;&quot;&gt;&lt;td class=&quot;setting-leftspace&quot;&gt;&amp;nbsp;&lt;/td&gt;&lt;td class=&quot;setting-name&quot;&gt;Quiet period&lt;/td&gt;&lt;td class=&quot;setting-main&quot;&gt;&lt;input step=&quot;1&quot; min=&quot;0&quot; name=&quot;quiet_period&quot; type=&quot;number&quot; class=&quot;setting-input  number&quot; value=&quot;5&quot; path=&quot;/quiet_period&quot;&gt;&lt;/td&gt;&lt;td class=&quot;setting-no-help&quot;&gt;&lt;/td&gt;&lt;/tr&gt;&lt;tr class=&quot;validation-error-area&quot; style=&quot;display: none;&quot;&gt;&lt;td colspan=&quot;2&quot;&gt;&lt;/td&gt;&lt;td&gt;&lt;/td&gt;&lt;td&gt;&lt;/td&gt;&lt;/tr&gt;&lt;tr style=&quot;display: none;&quot;&gt;&lt;td colspan=&quot;2&quot;&gt;&lt;/td&gt;&lt;td class=&quot;setting-description&quot;&gt;Number of seconds&lt;/td&gt;&lt;td&gt;&lt;/td&gt;&lt;/tr&gt;&lt;tr class=&quot; rowvg-end optional-block-end&quot;&gt;&lt;/tr&gt;&lt;tr class=&quot;optional-block-start &quot; hashelp=&quot;true&quot; ref=&quot;cb20&quot;&gt;&lt;td colspan=&quot;3&quot;&gt;&lt;input onclick=&quot;javascript:updateOptionalBlock(this,true)&quot; name=&quot;hasCustomScmCheckoutRetryCount&quot; type=&quot;checkbox&quot; class=&quot; &quot; id=&quot;cb20&quot; path=&quot;/hasCustomScmCheckoutRetryCount&quot;&gt;&lt;label class=&quot;attach-previous&quot;&gt;Retry Count&lt;/label&gt;&lt;/td&gt;&lt;td class=&quot;setting-help&quot;&gt;&lt;a helpurl=&quot;/help/project-config/scmCheckoutRetryCount.html&quot; href=&quot;#&quot; class=&quot;help-button&quot; tabindex=&quot;9999&quot;&gt;&lt;img src=&quot;/static/ebda7158/images/16x16/help.png&quot; alt=&quot;Help for feature: Retry Count&quot; style=&quot;width: 16px; height: 16px; &quot; class=&quot;icon-help icon-sm&quot;&gt;&lt;/a&gt;&lt;/td&gt;&lt;/tr&gt;&lt;tr class=&quot;help-area&quot;&gt;&lt;td&gt;&lt;/td&gt;&lt;td colspan=&quot;2&quot;&gt;&lt;div class=&quot;help&quot;&gt;Loading...&lt;/div&gt;&lt;/td&gt;&lt;td&gt;&lt;/td&gt;&lt;/tr&gt;&lt;tr class=&quot;rowvg-start&quot; style=&quot;display: none;&quot;&gt;&lt;/tr&gt;&lt;tr style=&quot;display: none;&quot;&gt;&lt;td class=&quot;setting-leftspace&quot;&gt;&amp;nbsp;&lt;/td&gt;&lt;td class=&quot;setting-name&quot;&gt;SCM checkout retry count&lt;/td&gt;&lt;td class=&quot;setting-main&quot;&gt;&lt;input step=&quot;1&quot; min=&quot;0&quot; name=&quot;scmCheckoutRetryCount&quot; type=&quot;number&quot; class=&quot;setting-input  number&quot; value=&quot;0&quot; path=&quot;/scmCheckoutRetryCount&quot;&gt;&lt;/td&gt;&lt;td class=&quot;setting-no-help&quot;&gt;&lt;/td&gt;&lt;/tr&gt;&lt;tr class=&quot;validation-error-area&quot; style=&quot;display: none;&quot;&gt;&lt;td colspan=&quot;2&quot;&gt;&lt;/td&gt;&lt;td&gt;&lt;/td&gt;&lt;td&gt;&lt;/td&gt;&lt;/tr&gt;&lt;tr class=&quot; rowvg-end optional-block-end&quot;&gt;&lt;/tr&gt;&lt;tr class=&quot;optional-block-start &quot; hashelp=&quot;true&quot; ref=&quot;cb21&quot;&gt;&lt;td colspan=&quot;3&quot;&gt;&lt;input onclick=&quot;javascript:updateOptionalBlock(this,true)&quot; name=&quot;blockBuildWhenUpstreamBuilding&quot; type=&quot;checkbox&quot; class=&quot; &quot; id=&quot;cb21&quot; path=&quot;/blockBuildWhenUpstreamBuilding&quot;&gt;&lt;label class=&quot;attach-previous&quot;&gt;Block build when upstream project is building&lt;/label&gt;&lt;/td&gt;&lt;td class=&quot;setting-help&quot;&gt;&lt;a helpurl=&quot;/help/project-config/block-upstream-building.html&quot; href=&quot;#&quot; class=&quot;help-button&quot; tabindex=&quot;9999&quot;&gt;&lt;img src=&quot;/static/ebda7158/images/16x16/help.png&quot; alt=&quot;Help for feature: Block build when upstream project is building&quot; style=&quot;width: 16px; height: 16px; &quot; class=&quot;icon-help icon-sm&quot;&gt;&lt;/a&gt;&lt;/td&gt;&lt;/tr&gt;&lt;tr class=&quot;help-area&quot;&gt;&lt;td&gt;&lt;/td&gt;&lt;td colspan=&quot;2&quot;&gt;&lt;div class=&quot;help&quot;&gt;Loading...&lt;/div&gt;&lt;/td&gt;&lt;td&gt;&lt;/td&gt;&lt;/tr&gt;&lt;tr class=&quot;rowvg-start&quot; style=&quot;display: none;&quot;&gt;&lt;/tr&gt;&lt;tr class=&quot; rowvg-end optional-block-end&quot;&gt;&lt;/tr&gt;&lt;tr class=&quot;optional-block-start &quot; hashelp=&quot;true&quot; ref=&quot;cb22&quot;&gt;&lt;td colspan=&quot;3&quot;&gt;&lt;input onclick=&quot;javascript:updateOptionalBlock(this,true)&quot; name=&quot;blockBuildWhenDownstreamBuilding&quot; type=&quot;checkbox&quot; class=&quot; &quot; id=&quot;cb22&quot; path=&quot;/blockBuildWhenDownstreamBuilding&quot;&gt;&lt;label class=&quot;attach-previous&quot;&gt;Block build when downstream project is building&lt;/label&gt;&lt;/td&gt;&lt;td class=&quot;setting-help&quot;&gt;&lt;a helpurl=&quot;/help/project-config/block-downstream-building.html&quot; href=&quot;#&quot; class=&quot;help-button&quot; tabindex=&quot;9999&quot;&gt;&lt;img src=&quot;/static/ebda7158/images/16x16/help.png&quot; alt=&quot;Help for feature: Block build when downstream project is building&quot; style=&quot;width: 16px; height: 16px; &quot; class=&quot;icon-help icon-sm&quot;&gt;&lt;/a&gt;&lt;/td&gt;&lt;/tr&gt;&lt;tr class=&quot;help-area&quot;&gt;&lt;td&gt;&lt;/td&gt;&lt;td colspan=&quot;2&quot;&gt;&lt;div class=&quot;help&quot;&gt;Loading...&lt;/div&gt;&lt;/td&gt;&lt;td&gt;&lt;/td&gt;&lt;/tr&gt;&lt;tr class=&quot;rowvg-start&quot; style=&quot;display: none;&quot;&gt;&lt;/tr&gt;&lt;tr class=&quot; rowvg-end optional-block-end&quot;&gt;&lt;/tr&gt;&lt;tr class=&quot;optional-block-start &quot; hashelp=&quot;true&quot; ref=&quot;cb23&quot;&gt;&lt;td colspan=&quot;3&quot;&gt;&lt;input onclick=&quot;javascript:updateOptionalBlock(this,true)&quot; name=&quot;hasCustomWorkspace&quot; type=&quot;checkbox&quot; class=&quot; &quot; id=&quot;cb23&quot; path=&quot;/hasCustomWorkspace&quot;&gt;&lt;label class=&quot;attach-previous&quot;&gt;Use custom workspace&lt;/label&gt;&lt;/td&gt;&lt;td class=&quot;setting-help&quot;&gt;&lt;a helpurl=&quot;/help/project-config/custom-workspace.html&quot; href=&quot;#&quot; class=&quot;help-button&quot; tabindex=&quot;9999&quot;&gt;&lt;img src=&quot;/static/ebda7158/images/16x16/help.png&quot; alt=&quot;Help for feature: Use custom workspace&quot; style=&quot;width: 16px; height: 16px; &quot; class=&quot;icon-help icon-sm&quot;&gt;&lt;/a&gt;&lt;/td&gt;&lt;/tr&gt;&lt;tr class=&quot;help-area&quot;&gt;&lt;td&gt;&lt;/td&gt;&lt;td colspan=&quot;2&quot;&gt;&lt;div class=&quot;help&quot;&gt;Loading...&lt;/div&gt;&lt;/td&gt;&lt;td&gt;&lt;/td&gt;&lt;/tr&gt;&lt;tr class=&quot;rowvg-start&quot; style=&quot;display: none;&quot;&gt;&lt;/tr&gt;&lt;tr style=&quot;display: none;&quot;&gt;&lt;td class=&quot;setting-leftspace&quot;&gt;&amp;nbsp;&lt;/td&gt;&lt;td class=&quot;setting-name&quot;&gt;Directory&lt;/td&gt;&lt;td class=&quot;setting-main&quot;&gt;&#10;   &#10;&#10;  &#10;  &lt;input checkdependson=&quot;customWorkspace&quot; checkurl=&quot;/job/viewed_job/descriptorByName/hudson.model.FreeStyleProject/checkCustomWorkspace&quot; name=&quot;_.customWorkspace&quot; type=&quot;text&quot; class=&quot;setting-input validated  &quot; value=&quot;&quot; path=&quot;/customWorkspace&quot;&gt;&lt;/td&gt;&lt;td class=&quot;setting-no-help&quot;&gt;&lt;/td&gt;&lt;/tr&gt;&lt;tr class=&quot;validation-error-area&quot; style=&quot;display: none;&quot;&gt;&lt;td colspan=&quot;2&quot;&gt;&lt;/td&gt;&lt;td&gt;&lt;div class=&quot;error&quot;&gt;&lt;img src=&quot;/static/ebda7158/images/none.gif&quot; height=&quot;16&quot; width=&quot;1&quot;&gt;Custom workspace is empty.&lt;/div&gt;&lt;/td&gt;&lt;td&gt;&lt;/td&gt;&lt;/tr&gt;&lt;tr class=&quot; rowvg-end optional-block-end&quot;&gt;&lt;/tr&gt;&lt;tr&gt;&lt;td class=&quot;setting-leftspace&quot;&gt;&amp;nbsp;&lt;/td&gt;&lt;td class=&quot;setting-name&quot;&gt;Display Name&lt;/td&gt;&lt;td class=&quot;setting-main&quot;&gt;&#10;   &#10;&#10;  &#10;  &lt;input checkurl=&quot;&apos;/checkDisplayName?displayName=&apos;+encodeURIComponent(this.value)+&apos;&amp;amp;jobName=&apos;+encodeURIComponent(&apos;viewed_job&apos;)&quot; name=&quot;_.displayNameOrNull&quot; type=&quot;text&quot; class=&quot;setting-input validated  &quot; value=&quot;&quot; path=&quot;/displayNameOrNull&quot;&gt;&lt;/td&gt;&lt;td class=&quot;setting-help&quot;&gt;&lt;a helpurl=&quot;/descriptor/hudson.model.FreeStyleProject/help/displayNameOrNull&quot; href=&quot;#&quot; class=&quot;help-button&quot; tabindex=&quot;9999&quot;&gt;&lt;img src=&quot;/static/ebda7158/images/16x16/help.png&quot; alt=&quot;Help for feature: Display Name&quot; style=&quot;width: 16px; height: 16px; &quot; class=&quot;icon-help icon-sm&quot;&gt;&lt;/a&gt;&lt;/td&gt;&lt;/tr&gt;&lt;tr class=&quot;validation-error-area&quot;&gt;&lt;td colspan=&quot;2&quot;&gt;&lt;/td&gt;&lt;td&gt;&lt;div&gt;&lt;/div&gt;&lt;/td&gt;&lt;td&gt;&lt;/td&gt;&lt;/tr&gt;&lt;tr class=&quot;help-area&quot;&gt;&lt;td&gt;&lt;/td&gt;&lt;td colspan=&quot;2&quot;&gt;&lt;div class=&quot;help&quot;&gt;Loading...&lt;/div&gt;&lt;/td&gt;&lt;td&gt;&lt;/td&gt;&lt;/tr&gt;&lt;tr class=&quot;optional-block-start row-set-start&quot; hashelp=&quot;true&quot; ref=&quot;cb24&quot;&gt;&lt;td colspan=&quot;3&quot;&gt;&lt;input onclick=&quot;javascript:updateOptionalBlock(this,true)&quot; name=&quot;keepDependencies&quot; type=&quot;checkbox&quot; class=&quot; &quot; id=&quot;cb24&quot; path=&quot;/keepDependencies&quot;&gt;&lt;label class=&quot;attach-previous&quot;&gt;Keep the build logs of dependencies&lt;/label&gt;&lt;/td&gt;&lt;td class=&quot;setting-help&quot;&gt;&lt;a helpurl=&quot;/help/tasks/fingerprint/keepDependencies.html&quot; href=&quot;#&quot; class=&quot;help-button&quot; tabindex=&quot;9999&quot;&gt;&lt;img src=&quot;/static/ebda7158/images/16x16/help.png&quot; alt=&quot;Help for feature: Keep the build logs of dependencies&quot; style=&quot;width: 16px; height: 16px; &quot; class=&quot;icon-help icon-sm&quot;&gt;&lt;/a&gt;&lt;/td&gt;&lt;/tr&gt;&lt;tr class=&quot;help-area&quot; nameref=&quot;cb24&quot;&gt;&lt;td&gt;&lt;/td&gt;&lt;td colspan=&quot;2&quot;&gt;&lt;div class=&quot;help&quot;&gt;Loading...&lt;/div&gt;&lt;/td&gt;&lt;td&gt;&lt;/td&gt;&lt;/tr&gt;&lt;tr class=&quot;rowvg-start&quot; nameref=&quot;cb24&quot; style=&quot;display: none;&quot;&gt;&lt;/tr&gt;&lt;tr class=&quot;row-set-end rowvg-end optional-block-end&quot;&gt;&lt;/tr&gt;&lt;/tbody&gt;&lt;/table&gt;&lt;/td&gt;&lt;td&gt;&lt;/td&gt;&lt;/tr&gt;&lt;tr&gt;&lt;td colspan=&quot;4&quot;&gt;&lt;div class=&quot;section-header&quot;&gt;&lt;a id=&quot;section1&quot; class=&quot;section-anchor&quot;&gt;#&lt;/a&gt;Source Code Management&lt;/div&gt;&lt;/td&gt;&lt;/tr&gt;&lt;script src=&quot;/adjuncts/ebda7158/lib/form/radioBlock/radioBlock.js&quot; type=&quot;text/javascript&quot;&gt;&lt;/script&gt;&lt;tr class=&quot;radio-block-start row-set-start&quot; hashelp=&quot;false&quot; ref=&quot;radio-block-9&quot;&gt;&lt;td colspan=&quot;3&quot;&gt;&lt;label&gt;&lt;input name=&quot;scm&quot; checked=&quot;true&quot; type=&quot;radio&quot; value=&quot;0&quot; class=&quot;radio-block-control&quot; id=&quot;radio-block-9&quot; path=&quot;/scm[0]&quot;&gt;&#10;        None&#10;      &lt;/label&gt;&lt;/td&gt;&lt;td class=&quot;setting-no-help&quot;&gt;&lt;/td&gt;&lt;/tr&gt;&lt;tr style=&quot;display:none&quot; class=&quot;row-set-end radio-block-end&quot;&gt;&lt;/tr&gt;&lt;tr class=&quot;radio-block-start row-set-start&quot; hashelp=&quot;false&quot; ref=&quot;radio-block-10&quot;&gt;&lt;td colspan=&quot;3&quot;&gt;&lt;label&gt;&lt;input name=&quot;scm&quot; type=&quot;radio&quot; value=&quot;1&quot; class=&quot;radio-block-control&quot; id=&quot;radio-block-10&quot; path=&quot;/scm[1]&quot;&gt;&#10;        CVS&#10;      &lt;/label&gt;&lt;/td&gt;&lt;td class=&quot;setting-no-help&quot;&gt;&lt;/td&gt;&lt;/tr&gt;&lt;tr nameref=&quot;radio-block-10&quot; style=&quot;display: none;&quot;&gt;&lt;td class=&quot;setting-leftspace&quot;&gt;&amp;nbsp;&lt;/td&gt;&lt;td class=&quot;setting-name&quot;&gt;&lt;/td&gt;&lt;td class=&quot;setting-main&quot;&gt;&lt;div class=&quot;repeated-container&quot;&gt;&lt;div name=&quot;repositories&quot; class=&quot;repeated-chunk first last only&quot;&gt;&lt;table style=&quot;width:100%&quot;&gt;&lt;tbody&gt;&lt;tr&gt;&lt;td class=&quot;setting-leftspace&quot;&gt;&amp;nbsp;&lt;/td&gt;&lt;td class=&quot;setting-name&quot;&gt;CVSROOT&lt;/td&gt;&lt;td class=&quot;setting-main&quot;&gt;&#10;   &#10;&#10;  &#10;  &lt;input checkdependson=&quot;&quot; checkurl=&quot;/job/viewed_job/descriptorByName/hudson.scm.CvsRepository/checkCvsRoot&quot; name=&quot;_.cvsRoot&quot; type=&quot;text&quot; class=&quot;setting-input validated  &quot; value=&quot;&quot;&gt;&lt;/td&gt;&lt;td class=&quot;setting-help&quot;&gt;&lt;a helpurl=&quot;/descriptor/hudson.scm.CvsRepository/help/cvsRoot&quot; href=&quot;#&quot; class=&quot;help-button&quot; tabindex=&quot;9999&quot;&gt;&lt;img src=&quot;/static/ebda7158/images/16x16/help.png&quot; alt=&quot;Help for feature: CVSROOT&quot; style=&quot;width: 16px; height: 16px; &quot; class=&quot;icon-help icon-sm&quot;&gt;&lt;/a&gt;&lt;/td&gt;&lt;/tr&gt;&lt;tr class=&quot;validation-error-area&quot;&gt;&lt;td colspan=&quot;2&quot;&gt;&lt;/td&gt;&lt;td&gt;&lt;div class=&quot;error&quot;&gt;&lt;img src=&quot;/static/ebda7158/images/none.gif&quot; height=&quot;16&quot; width=&quot;1&quot;&gt;CVSROOT is mandatory&lt;/div&gt;&lt;/td&gt;&lt;td&gt;&lt;/td&gt;&lt;/tr&gt;&lt;tr class=&quot;help-area&quot;&gt;&lt;td&gt;&lt;/td&gt;&lt;td colspan=&quot;2&quot;&gt;&lt;div class=&quot;help&quot;&gt;Loading...&lt;/div&gt;&lt;/td&gt;&lt;td&gt;&lt;/td&gt;&lt;/tr&gt;&lt;tr class=&quot;optional-block-start &quot; hashelp=&quot;false&quot; ref=&quot;cb25&quot;&gt;&lt;td colspan=&quot;3&quot;&gt;&lt;input onclick=&quot;javascript:updateOptionalBlock(this,true)&quot; name=&quot;passwordRequired&quot; type=&quot;checkbox&quot; class=&quot; &quot; id=&quot;cb25&quot;&gt;&lt;label class=&quot;attach-previous&quot;&gt;This Connection Requires A Password&lt;/label&gt;&lt;/td&gt;&lt;td class=&quot;setting-no-help&quot;&gt;&lt;/td&gt;&lt;/tr&gt;&lt;tr class=&quot;rowvg-start&quot; style=&quot;display: none;&quot;&gt;&lt;/tr&gt;&lt;tr style=&quot;display: none;&quot;&gt;&lt;td class=&quot;setting-leftspace&quot;&gt;&amp;nbsp;&lt;/td&gt;&lt;td class=&quot;setting-name&quot;&gt;Password&lt;/td&gt;&lt;td class=&quot;setting-main&quot;&gt;&lt;input name=&quot;_.password&quot; type=&quot;password&quot; class=&quot;setting-input &quot; value=&quot;&quot;&gt;&lt;/td&gt;&lt;td class=&quot;setting-no-help&quot;&gt;&lt;/td&gt;&lt;/tr&gt;&lt;tr class=&quot;validation-error-area&quot; style=&quot;display: none;&quot;&gt;&lt;td colspan=&quot;2&quot;&gt;&lt;/td&gt;&lt;td&gt;&lt;/td&gt;&lt;td&gt;&lt;/td&gt;&lt;/tr&gt;&lt;tr class=&quot; rowvg-end optional-block-end&quot;&gt;&lt;/tr&gt;&lt;tr&gt;&lt;td class=&quot;setting-leftspace&quot;&gt;&amp;nbsp;&lt;/td&gt;&lt;td class=&quot;setting-name&quot;&gt;&lt;/td&gt;&lt;td class=&quot;setting-main&quot;&gt;&lt;div class=&quot;repeated-container&quot;&gt;&lt;div name=&quot;repositoryItems&quot; class=&quot;repeated-chunk first last only&quot;&gt;&lt;table style=&quot;width:100%&quot;&gt;&lt;tbody&gt;&lt;tr&gt;&lt;td class=&quot;setting-leftspace&quot;&gt;&amp;nbsp;&lt;/td&gt;&lt;td class=&quot;setting-name&quot;&gt;Location&lt;/td&gt;&lt;td class=&quot;setting-main&quot;&gt;&lt;select class=&quot;setting-input dropdownList&quot;&gt;&lt;option value=&quot;0&quot;&gt;Branch&lt;/option&gt;&lt;option value=&quot;1&quot; selected=&quot;true&quot;&gt;Head&lt;/option&gt;&lt;option value=&quot;2&quot;&gt;Tag&lt;/option&gt;&lt;/select&gt;&lt;/td&gt;&lt;td class=&quot;setting-no-help&quot;&gt;&lt;/td&gt;&lt;/tr&gt;&lt;tr class=&quot;dropdownList-container&quot;&gt;&lt;td colspan=&quot;2&quot;&gt;&lt;/td&gt;&lt;td colspan=&quot;2&quot;&gt;&lt;table width=&quot;100%&quot; name=&quot;location&quot;&gt;&lt;tbody&gt;&lt;tr class=&quot;dropdownList-start rowvg-start&quot; field-disabled=&quot;true&quot; style=&quot;display: none;&quot;&gt;&lt;/tr&gt;&lt;tr field-disabled=&quot;true&quot; style=&quot;display: none;&quot;&gt;&lt;td class=&quot;setting-leftspace&quot;&gt;&amp;nbsp;&lt;/td&gt;&lt;td class=&quot;setting-name&quot;&gt;Branch Name&lt;/td&gt;&lt;td class=&quot;setting-main&quot;&gt;&#10;   &#10;&#10;  &#10;  &lt;input name=&quot;_.branchName&quot; type=&quot;text&quot; class=&quot;setting-input   &quot; value=&quot;&quot;&gt;&lt;/td&gt;&lt;td class=&quot;setting-no-help&quot;&gt;&lt;/td&gt;&lt;/tr&gt;&lt;tr class=&quot;validation-error-area&quot; field-disabled=&quot;true&quot; style=&quot;display: none;&quot;&gt;&lt;td colspan=&quot;2&quot;&gt;&lt;/td&gt;&lt;td&gt;&lt;/td&gt;&lt;td&gt;&lt;/td&gt;&lt;/tr&gt;&lt;tr field-disabled=&quot;true&quot; style=&quot;display: none;&quot;&gt;&lt;td class=&quot;setting-leftspace&quot;&gt;&amp;nbsp;&lt;/td&gt;&lt;td class=&quot;setting-name&quot;&gt;Use Head If Not Found&lt;/td&gt;&lt;td class=&quot;setting-main&quot;&gt;&lt;input name=&quot;_.useHeadIfNotFound&quot; type=&quot;checkbox&quot; class=&quot; &quot;&gt;&lt;/td&gt;&lt;td class=&quot;setting-no-help&quot;&gt;&lt;/td&gt;&lt;/tr&gt;&lt;tr class=&quot;validation-error-area&quot; field-disabled=&quot;true&quot; style=&quot;display: none;&quot;&gt;&lt;td colspan=&quot;2&quot;&gt;&lt;/td&gt;&lt;td&gt;&lt;/td&gt;&lt;td&gt;&lt;/td&gt;&lt;/tr&gt;&lt;tr style=&quot;display: none;&quot; field-disabled=&quot;true&quot;&gt;&lt;td&gt;&lt;input name=&quot;stapler-class&quot; type=&quot;hidden&quot; value=&quot;hudson.scm.CvsRepositoryLocation$BranchRepositoryLocation&quot;&gt;&lt;input name=&quot;$class&quot; type=&quot;hidden&quot; value=&quot;hudson.scm.CvsRepositoryLocation$BranchRepositoryLocation&quot;&gt;&lt;/td&gt;&lt;/tr&gt;&lt;tr class=&quot;dropdownList-end rowvg-end&quot;&gt;&lt;/tr&gt;&lt;tr class=&quot;dropdownList-start rowvg-start&quot;&gt;&lt;/tr&gt;&lt;tr style=&quot;&quot;&gt;&lt;td&gt;&lt;input name=&quot;stapler-class&quot; type=&quot;hidden&quot; value=&quot;hudson.scm.CvsRepositoryLocation$HeadRepositoryLocation&quot;&gt;&lt;input name=&quot;$class&quot; type=&quot;hidden&quot; value=&quot;hudson.scm.CvsRepositoryLocation$HeadRepositoryLocation&quot;&gt;&lt;/td&gt;&lt;/tr&gt;&lt;tr class=&quot;dropdownList-end rowvg-end&quot;&gt;&lt;/tr&gt;&lt;tr class=&quot;dropdownList-start rowvg-start&quot; field-disabled=&quot;true&quot; style=&quot;display: none;&quot;&gt;&lt;/tr&gt;&lt;tr field-disabled=&quot;true&quot; style=&quot;display: none;&quot;&gt;&lt;td class=&quot;setting-leftspace&quot;&gt;&amp;nbsp;&lt;/td&gt;&lt;td class=&quot;setting-name&quot;&gt;Tag Name&lt;/td&gt;&lt;td class=&quot;setting-main&quot;&gt;&#10;   &#10;&#10;  &#10;  &lt;input name=&quot;_.tagName&quot; type=&quot;text&quot; class=&quot;setting-input   &quot; value=&quot;&quot;&gt;&lt;/td&gt;&lt;td class=&quot;setting-no-help&quot;&gt;&lt;/td&gt;&lt;/tr&gt;&lt;tr class=&quot;validation-error-area&quot; field-disabled=&quot;true&quot; style=&quot;display: none;&quot;&gt;&lt;td colspan=&quot;2&quot;&gt;&lt;/td&gt;&lt;td&gt;&lt;/td&gt;&lt;td&gt;&lt;/td&gt;&lt;/tr&gt;&lt;tr field-disabled=&quot;true&quot; style=&quot;display: none;&quot;&gt;&lt;td class=&quot;setting-leftspace&quot;&gt;&amp;nbsp;&lt;/td&gt;&lt;td class=&quot;setting-name&quot;&gt;Use Head If Not Found&lt;/td&gt;&lt;td class=&quot;setting-main&quot;&gt;&lt;input name=&quot;_.useHeadIfNotFound&quot; type=&quot;checkbox&quot; class=&quot; &quot;&gt;&lt;/td&gt;&lt;td class=&quot;setting-no-help&quot;&gt;&lt;/td&gt;&lt;/tr&gt;&lt;tr class=&quot;validation-error-area&quot; field-disabled=&quot;true&quot; style=&quot;display: none;&quot;&gt;&lt;td colspan=&quot;2&quot;&gt;&lt;/td&gt;&lt;td&gt;&lt;/td&gt;&lt;td&gt;&lt;/td&gt;&lt;/tr&gt;&lt;tr style=&quot;display: none;&quot; field-disabled=&quot;true&quot;&gt;&lt;td&gt;&lt;input name=&quot;stapler-class&quot; type=&quot;hidden&quot; value=&quot;hudson.scm.CvsRepositoryLocation$TagRepositoryLocation&quot;&gt;&lt;input name=&quot;$class&quot; type=&quot;hidden&quot; value=&quot;hudson.scm.CvsRepositoryLocation$TagRepositoryLocation&quot;&gt;&lt;/td&gt;&lt;/tr&gt;&lt;tr class=&quot;dropdownList-end rowvg-end&quot;&gt;&lt;/tr&gt;&lt;/tbody&gt;&lt;/table&gt;&lt;/td&gt;&lt;/tr&gt;&lt;tr&gt;&lt;td class=&quot;setting-leftspace&quot;&gt;&amp;nbsp;&lt;/td&gt;&lt;td class=&quot;setting-name&quot;&gt;Modules&lt;/td&gt;&lt;td class=&quot;setting-main&quot;&gt;&lt;div class=&quot;repeated-container&quot;&gt;&lt;div name=&quot;modules&quot; class=&quot;repeated-chunk first last only&quot;&gt;&lt;table style=&quot;width:100%&quot;&gt;&lt;tbody&gt;&lt;tr&gt;&lt;td class=&quot;setting-leftspace&quot;&gt;&amp;nbsp;&lt;/td&gt;&lt;td class=&quot;setting-name&quot;&gt;Remote Name&lt;/td&gt;&lt;td class=&quot;setting-main&quot;&gt;&#10;   &#10;&#10;  &#10;  &lt;input checkdependson=&quot;&quot; checkurl=&quot;/job/viewed_job/descriptorByName/hudson.scm.CvsModule/checkRemoteName&quot; name=&quot;_.remoteName&quot; type=&quot;text&quot; class=&quot;setting-input validated  &quot; value=&quot;&quot;&gt;&lt;/td&gt;&lt;td class=&quot;setting-help&quot;&gt;&lt;a helpurl=&quot;/descriptor/hudson.scm.CvsModule/help/remoteName&quot; href=&quot;#&quot; class=&quot;help-button&quot; tabindex=&quot;9999&quot;&gt;&lt;img src=&quot;/static/ebda7158/images/16x16/help.png&quot; alt=&quot;Help for feature: Remote Name&quot; style=&quot;width: 16px; height: 16px; &quot; class=&quot;icon-help icon-sm&quot;&gt;&lt;/a&gt;&lt;/td&gt;&lt;/tr&gt;&lt;tr class=&quot;validation-error-area&quot;&gt;&lt;td colspan=&quot;2&quot;&gt;&lt;/td&gt;&lt;td&gt;&lt;div class=&quot;error&quot;&gt;&lt;img src=&quot;/static/ebda7158/images/none.gif&quot; height=&quot;16&quot; width=&quot;1&quot;&gt;Remote Name is mandatory&lt;/div&gt;&lt;/td&gt;&lt;td&gt;&lt;/td&gt;&lt;/tr&gt;&lt;tr class=&quot;help-area&quot;&gt;&lt;td&gt;&lt;/td&gt;&lt;td colspan=&quot;2&quot;&gt;&lt;div class=&quot;help&quot;&gt;Loading...&lt;/div&gt;&lt;/td&gt;&lt;td&gt;&lt;/td&gt;&lt;/tr&gt;&lt;tr&gt;&lt;td class=&quot;setting-leftspace&quot;&gt;&amp;nbsp;&lt;/td&gt;&lt;td class=&quot;setting-name&quot;&gt;Local Name&lt;/td&gt;&lt;td class=&quot;setting-main&quot;&gt;&#10;   &#10;&#10;  &#10;  &lt;input name=&quot;_.localName&quot; type=&quot;text&quot; class=&quot;setting-input   &quot; value=&quot;&quot;&gt;&lt;/td&gt;&lt;td class=&quot;setting-help&quot;&gt;&lt;a helpurl=&quot;/descriptor/hudson.scm.CvsModule/help/localName&quot; href=&quot;#&quot; class=&quot;help-button&quot; tabindex=&quot;9999&quot;&gt;&lt;img src=&quot;/static/ebda7158/images/16x16/help.png&quot; alt=&quot;Help for feature: Local Name&quot; style=&quot;width: 16px; height: 16px; &quot; class=&quot;icon-help icon-sm&quot;&gt;&lt;/a&gt;&lt;/td&gt;&lt;/tr&gt;&lt;tr class=&quot;validation-error-area&quot;&gt;&lt;td colspan=&quot;2&quot;&gt;&lt;/td&gt;&lt;td&gt;&lt;/td&gt;&lt;td&gt;&lt;/td&gt;&lt;/tr&gt;&lt;tr class=&quot;help-area&quot;&gt;&lt;td&gt;&lt;/td&gt;&lt;td colspan=&quot;2&quot;&gt;&lt;div class=&quot;help&quot;&gt;Loading...&lt;/div&gt;&lt;/td&gt;&lt;td&gt;&lt;/td&gt;&lt;/tr&gt;&lt;tr&gt;&lt;td class=&quot;setting-leftspace&quot;&gt;&amp;nbsp;&lt;/td&gt;&lt;td class=&quot;setting-name&quot;&gt;&lt;/td&gt;&lt;td class=&quot;setting-main&quot;&gt;&lt;div align=&quot;right&quot;&gt;&lt;span class=&quot;yui-button yui-push-button repeatable-add show-if-last&quot; id=&quot;yui-gen12&quot;&gt;&lt;span class=&quot;first-child&quot;&gt;&lt;button type=&quot;button&quot; tabindex=&quot;0&quot; id=&quot;yui-gen12-button&quot;&gt;Add more modules...&lt;/button&gt;&lt;/span&gt;&lt;/span&gt;&lt;span class=&quot;yui-button yui-push-button repeatable-delete show-if-not-only&quot; id=&quot;yui-gen21&quot;&gt;&lt;span class=&quot;first-child&quot;&gt;&lt;button type=&quot;button&quot; tabindex=&quot;0&quot; id=&quot;yui-gen21-button&quot;&gt;Delete&lt;/button&gt;&lt;/span&gt;&lt;/span&gt;&lt;/div&gt;&lt;/td&gt;&lt;td class=&quot;setting-no-help&quot;&gt;&lt;/td&gt;&lt;/tr&gt;&lt;tr class=&quot;validation-error-area&quot;&gt;&lt;td colspan=&quot;2&quot;&gt;&lt;/td&gt;&lt;td&gt;&lt;/td&gt;&lt;td&gt;&lt;/td&gt;&lt;/tr&gt;&lt;/tbody&gt;&lt;/table&gt;&lt;/div&gt;&lt;div class=&quot;repeatable-insertion-point&quot;&gt;&lt;/div&gt;&lt;/div&gt;&lt;/td&gt;&lt;td class=&quot;setting-no-help&quot;&gt;&lt;/td&gt;&lt;/tr&gt;&lt;tr class=&quot;validation-error-area&quot;&gt;&lt;td colspan=&quot;2&quot;&gt;&lt;/td&gt;&lt;td&gt;&lt;/td&gt;&lt;td&gt;&lt;/td&gt;&lt;/tr&gt;&lt;tr&gt;&lt;td class=&quot;setting-leftspace&quot;&gt;&amp;nbsp;&lt;/td&gt;&lt;td class=&quot;setting-name&quot;&gt;&lt;/td&gt;&lt;td class=&quot;setting-main&quot;&gt;&lt;div align=&quot;right&quot;&gt;&lt;span class=&quot;yui-button yui-push-button repeatable-add show-if-last&quot; id=&quot;yui-gen13&quot;&gt;&lt;span class=&quot;first-child&quot;&gt;&lt;button type=&quot;button&quot; tabindex=&quot;0&quot; id=&quot;yui-gen13-button&quot;&gt;Add more locations...&lt;/button&gt;&lt;/span&gt;&lt;/span&gt;&lt;span class=&quot;yui-button yui-push-button repeatable-delete show-if-not-only&quot; id=&quot;yui-gen22&quot;&gt;&lt;span class=&quot;first-child&quot;&gt;&lt;button type=&quot;button&quot; tabindex=&quot;0&quot; id=&quot;yui-gen22-button&quot;&gt;Delete&lt;/button&gt;&lt;/span&gt;&lt;/span&gt;&lt;/div&gt;&lt;/td&gt;&lt;td class=&quot;setting-no-help&quot;&gt;&lt;/td&gt;&lt;/tr&gt;&lt;tr class=&quot;validation-error-area&quot;&gt;&lt;td colspan=&quot;2&quot;&gt;&lt;/td&gt;&lt;td&gt;&lt;/td&gt;&lt;td&gt;&lt;/td&gt;&lt;/tr&gt;&lt;/tbody&gt;&lt;/table&gt;&lt;/div&gt;&lt;div class=&quot;repeatable-insertion-point&quot;&gt;&lt;/div&gt;&lt;/div&gt;&lt;/td&gt;&lt;td class=&quot;setting-no-help&quot;&gt;&lt;/td&gt;&lt;/tr&gt;&lt;tr class=&quot;validation-error-area&quot;&gt;&lt;td colspan=&quot;2&quot;&gt;&lt;/td&gt;&lt;td&gt;&lt;/td&gt;&lt;td&gt;&lt;/td&gt;&lt;/tr&gt;&lt;tr&gt;&lt;td&gt;&lt;/td&gt;&lt;td&gt;&lt;/td&gt;&lt;td&gt;&lt;div style=&quot;&quot; class=&quot;advancedLink&quot;&gt;&lt;span style=&quot;display: none&quot; id=&quot;id22&quot;&gt;&lt;img src=&quot;/static/ebda7158/images/24x24/notepad.png&quot; tooltip=&quot;One or more fields in this block have been edited.&quot; style=&quot;width: 24px; height: 24px; vertical-align: baseline&quot; class=&quot;icon-notepad icon-md&quot; title=&quot;One or more fields in this block have been edited.&quot;&gt;&lt;/span&gt;&amp;nbsp;&lt;span class=&quot;yui-button yui-push-button advanced-button advancedButton&quot; id=&quot;yui-gen8&quot;&gt;&lt;span class=&quot;first-child&quot;&gt;&lt;button type=&quot;button&quot; tabindex=&quot;0&quot; id=&quot;yui-gen8-button&quot;&gt;Advanced...&lt;/button&gt;&lt;/span&gt;&lt;/span&gt;&lt;/div&gt;&lt;table class=&quot;advancedBody&quot;&gt;&lt;tbody&gt;&lt;tr&gt;&lt;td colspan=&quot;4&quot;&gt;&lt;div class=&quot;section-header&quot;&gt;&lt;a id=&quot;section3&quot; class=&quot;section-anchor&quot;&gt;#&lt;/a&gt;Advanced Repository Options&lt;/div&gt;&lt;/td&gt;&lt;/tr&gt;&lt;tr&gt;&lt;td class=&quot;setting-leftspace&quot;&gt;&amp;nbsp;&lt;/td&gt;&lt;td class=&quot;setting-name&quot;&gt;Repository browser&lt;/td&gt;&lt;td class=&quot;setting-main&quot;&gt;&lt;select class=&quot;setting-input dropdownList&quot;&gt;&lt;option value=&quot;auto&quot;&gt;(Auto)&lt;/option&gt;&lt;option value=&quot;0&quot;&gt;FishEye&lt;/option&gt;&lt;option value=&quot;1&quot;&gt;OpenGrok&lt;/option&gt;&lt;option value=&quot;2&quot;&gt;ViewCVS&lt;/option&gt;&lt;/select&gt;&lt;/td&gt;&lt;td class=&quot;setting-help&quot;&gt;&lt;a helpurl=&quot;/help/scm-browsers/list.html&quot; href=&quot;#&quot; class=&quot;help-button&quot; tabindex=&quot;9999&quot;&gt;&lt;img src=&quot;/static/ebda7158/images/16x16/help.png&quot; alt=&quot;Help for feature: Repository browser&quot; style=&quot;width: 16px; height: 16px; &quot; class=&quot;icon-help icon-sm&quot;&gt;&lt;/a&gt;&lt;/td&gt;&lt;/tr&gt;&lt;tr class=&quot;dropdownList-container&quot;&gt;&lt;td colspan=&quot;2&quot;&gt;&lt;/td&gt;&lt;td colspan=&quot;2&quot;&gt;&lt;table width=&quot;100%&quot; name=&quot;repositoryBrowser&quot;&gt;&lt;tbody&gt;&lt;tr class=&quot;dropdownList-start rowvg-start&quot;&gt;&lt;/tr&gt;&lt;tr class=&quot;dropdownList-end rowvg-end&quot;&gt;&lt;/tr&gt;&lt;tr class=&quot;dropdownList-start rowvg-start&quot; field-disabled=&quot;true&quot; style=&quot;display: none;&quot;&gt;&lt;/tr&gt;&lt;tr class=&quot;render-on-demand &quot; proxy=&quot;makeStaplerProxy(&apos;/$stapler/bound/a6a61bd7-c07e-4e7c-9f53-8eda093b3de7&apos;,&apos;5e2a10a9-ca1f-465a-b045-b67e5d5c0165&apos;,[&apos;render&apos;])&quot; field-disabled=&quot;true&quot; style=&quot;display: none;&quot;&gt;&lt;/tr&gt;&lt;tr style=&quot;display: none;&quot; field-disabled=&quot;true&quot;&gt;&lt;td&gt;&lt;input name=&quot;stapler-class&quot; type=&quot;hidden&quot; value=&quot;hudson.scm.browsers.FishEyeCVS&quot;&gt;&lt;input name=&quot;$class&quot; type=&quot;hidden&quot; value=&quot;hudson.scm.browsers.FishEyeCVS&quot;&gt;&lt;/td&gt;&lt;/tr&gt;&lt;tr class=&quot;dropdownList-end rowvg-end&quot;&gt;&lt;/tr&gt;&lt;tr class=&quot;dropdownList-start rowvg-start&quot; field-disabled=&quot;true&quot; style=&quot;display: none;&quot;&gt;&lt;/tr&gt;&lt;tr class=&quot;render-on-demand &quot; proxy=&quot;makeStaplerProxy(&apos;/$stapler/bound/7613f930-24ce-4b1c-877b-da6dc79b5177&apos;,&apos;5e2a10a9-ca1f-465a-b045-b67e5d5c0165&apos;,[&apos;render&apos;])&quot; field-disabled=&quot;true&quot; style=&quot;display: none;&quot;&gt;&lt;/tr&gt;&lt;tr style=&quot;display: none;&quot; field-disabled=&quot;true&quot;&gt;&lt;td&gt;&lt;input name=&quot;stapler-class&quot; type=&quot;hidden&quot; value=&quot;hudson.scm.browsers.OpenGrok&quot;&gt;&lt;input name=&quot;$class&quot; type=&quot;hidden&quot; value=&quot;hudson.scm.browsers.OpenGrok&quot;&gt;&lt;/td&gt;&lt;/tr&gt;&lt;tr class=&quot;dropdownList-end rowvg-end&quot;&gt;&lt;/tr&gt;&lt;tr class=&quot;dropdownList-start rowvg-start&quot; field-disabled=&quot;true&quot; style=&quot;display: none;&quot;&gt;&lt;/tr&gt;&lt;tr class=&quot;render-on-demand &quot; proxy=&quot;makeStaplerProxy(&apos;/$stapler/bound/cfbf62d0-edc8-4dc3-ab84-7179be4f9a21&apos;,&apos;5e2a10a9-ca1f-465a-b045-b67e5d5c0165&apos;,[&apos;render&apos;])&quot; field-disabled=&quot;true&quot; style=&quot;display: none;&quot;&gt;&lt;/tr&gt;&lt;tr style=&quot;display: none;&quot; field-disabled=&quot;true&quot;&gt;&lt;td&gt;&lt;input name=&quot;stapler-class&quot; type=&quot;hidden&quot; value=&quot;hudson.scm.browsers.ViewCVS&quot;&gt;&lt;input name=&quot;$class&quot; type=&quot;hidden&quot; value=&quot;hudson.scm.browsers.ViewCVS&quot;&gt;&lt;/td&gt;&lt;/tr&gt;&lt;tr class=&quot;dropdownList-end rowvg-end&quot;&gt;&lt;/tr&gt;&lt;/tbody&gt;&lt;/table&gt;&lt;/td&gt;&lt;/tr&gt;&lt;tr class=&quot;help-area&quot;&gt;&lt;td&gt;&lt;/td&gt;&lt;td colspan=&quot;2&quot;&gt;&lt;div class=&quot;help&quot;&gt;Loading...&lt;/div&gt;&lt;/td&gt;&lt;td&gt;&lt;/td&gt;&lt;/tr&gt;&lt;tr&gt;&lt;td class=&quot;setting-leftspace&quot;&gt;&amp;nbsp;&lt;/td&gt;&lt;td class=&quot;setting-name&quot;&gt;Exclude Regions&lt;/td&gt;&lt;td class=&quot;setting-main&quot;&gt;&lt;div class=&quot;repeated-container&quot;&gt;&lt;div name=&quot;excludedRegions&quot; class=&quot;repeated-chunk first last only&quot;&gt;&lt;table style=&quot;width:100%&quot;&gt;&lt;tbody&gt;&lt;tr&gt;&lt;td class=&quot;setting-leftspace&quot;&gt;&amp;nbsp;&lt;/td&gt;&lt;td class=&quot;setting-name&quot;&gt;Pattern&lt;/td&gt;&lt;td class=&quot;setting-main&quot;&gt;&#10;   &#10;&#10;  &#10;  &lt;input checkdependson=&quot;&quot; checkurl=&quot;/job/viewed_job/descriptorByName/hudson.scm.ExcludedRegion/checkPattern&quot; name=&quot;_.pattern&quot; type=&quot;text&quot; class=&quot;setting-input validated  &quot; value=&quot;&quot;&gt;&lt;/td&gt;&lt;td class=&quot;setting-no-help&quot;&gt;&lt;/td&gt;&lt;/tr&gt;&lt;tr class=&quot;validation-error-area&quot;&gt;&lt;td colspan=&quot;2&quot;&gt;&lt;/td&gt;&lt;td&gt;&lt;div&gt;&lt;/div&gt;&lt;/td&gt;&lt;td&gt;&lt;/td&gt;&lt;/tr&gt;&lt;tr&gt;&lt;td class=&quot;setting-leftspace&quot;&gt;&amp;nbsp;&lt;/td&gt;&lt;td class=&quot;setting-name&quot;&gt;&lt;/td&gt;&lt;td class=&quot;setting-main&quot;&gt;&lt;div align=&quot;right&quot;&gt;&lt;span class=&quot;yui-button yui-push-button repeatable-add show-if-last&quot; id=&quot;yui-gen14&quot;&gt;&lt;span class=&quot;first-child&quot;&gt;&lt;button type=&quot;button&quot; tabindex=&quot;0&quot; id=&quot;yui-gen14-button&quot;&gt;Add more patterns...&lt;/button&gt;&lt;/span&gt;&lt;/span&gt;&lt;span class=&quot;yui-button yui-push-button repeatable-delete show-if-not-only&quot; id=&quot;yui-gen23&quot;&gt;&lt;span class=&quot;first-child&quot;&gt;&lt;button type=&quot;button&quot; tabindex=&quot;0&quot; id=&quot;yui-gen23-button&quot;&gt;Delete&lt;/button&gt;&lt;/span&gt;&lt;/span&gt;&lt;/div&gt;&lt;/td&gt;&lt;td class=&quot;setting-no-help&quot;&gt;&lt;/td&gt;&lt;/tr&gt;&lt;tr class=&quot;validation-error-area&quot;&gt;&lt;td colspan=&quot;2&quot;&gt;&lt;/td&gt;&lt;td&gt;&lt;/td&gt;&lt;td&gt;&lt;/td&gt;&lt;/tr&gt;&lt;/tbody&gt;&lt;/table&gt;&lt;/div&gt;&lt;div class=&quot;repeatable-insertion-point&quot;&gt;&lt;/div&gt;&lt;/div&gt;&lt;/td&gt;&lt;td class=&quot;setting-no-help&quot;&gt;&lt;/td&gt;&lt;/tr&gt;&lt;tr class=&quot;validation-error-area&quot;&gt;&lt;td colspan=&quot;2&quot;&gt;&lt;/td&gt;&lt;td&gt;&lt;/td&gt;&lt;td&gt;&lt;/td&gt;&lt;/tr&gt;&lt;tr&gt;&lt;td class=&quot;setting-leftspace&quot;&gt;&amp;nbsp;&lt;/td&gt;&lt;td class=&quot;setting-name&quot;&gt;Compression Level&lt;/td&gt;&lt;td class=&quot;setting-main&quot;&gt;&#10;&#10;   &#10;  &lt;select fillurl=&quot;/job/viewed_job/descriptorByName/hudson.scm.CvsRepository/fillCompressionLevelItems&quot; name=&quot;_.compressionLevel&quot; class=&quot;setting-input  select &quot; value=&quot;&quot;&gt;&lt;option value=&quot;-1&quot;&gt;System Default&lt;/option&gt;&lt;option value=&quot;0&quot;&gt;None&lt;/option&gt;&lt;option value=&quot;1&quot;&gt;1&lt;/option&gt;&lt;option value=&quot;2&quot;&gt;2&lt;/option&gt;&lt;option value=&quot;3&quot;&gt;3 (Recommended)&lt;/option&gt;&lt;option value=&quot;4&quot;&gt;4&lt;/option&gt;&lt;option value=&quot;5&quot;&gt;5&lt;/option&gt;&lt;option value=&quot;6&quot;&gt;6&lt;/option&gt;&lt;option value=&quot;7&quot;&gt;7&lt;/option&gt;&lt;option value=&quot;8&quot;&gt;8&lt;/option&gt;&lt;option value=&quot;9&quot;&gt;9&lt;/option&gt;&lt;/select&gt;&lt;/td&gt;&lt;td class=&quot;setting-no-help&quot;&gt;&lt;/td&gt;&lt;/tr&gt;&lt;tr class=&quot;validation-error-area&quot;&gt;&lt;td colspan=&quot;2&quot;&gt;&lt;/td&gt;&lt;td&gt;&lt;/td&gt;&lt;td&gt;&lt;/td&gt;&lt;/tr&gt;&lt;/tbody&gt;&lt;/table&gt;&lt;/td&gt;&lt;td&gt;&lt;/td&gt;&lt;/tr&gt;&lt;tr&gt;&lt;td class=&quot;setting-leftspace&quot;&gt;&amp;nbsp;&lt;/td&gt;&lt;td class=&quot;setting-name&quot;&gt;&lt;/td&gt;&lt;td class=&quot;setting-main&quot;&gt;&lt;div align=&quot;right&quot;&gt;&lt;span class=&quot;yui-button yui-push-button repeatable-add show-if-last&quot; id=&quot;yui-gen15&quot;&gt;&lt;span class=&quot;first-child&quot;&gt;&lt;button type=&quot;button&quot; tabindex=&quot;0&quot; id=&quot;yui-gen15-button&quot;&gt;Add more repositories...&lt;/button&gt;&lt;/span&gt;&lt;/span&gt;&lt;span class=&quot;yui-button yui-push-button repeatable-delete show-if-not-only&quot; id=&quot;yui-gen24&quot;&gt;&lt;span class=&quot;first-child&quot;&gt;&lt;button type=&quot;button&quot; tabindex=&quot;0&quot; id=&quot;yui-gen24-button&quot;&gt;Delete&lt;/button&gt;&lt;/span&gt;&lt;/span&gt;&lt;/div&gt;&lt;/td&gt;&lt;td class=&quot;setting-no-help&quot;&gt;&lt;/td&gt;&lt;/tr&gt;&lt;tr class=&quot;validation-error-area&quot;&gt;&lt;td colspan=&quot;2&quot;&gt;&lt;/td&gt;&lt;td&gt;&lt;/td&gt;&lt;td&gt;&lt;/td&gt;&lt;/tr&gt;&lt;/tbody&gt;&lt;/table&gt;&lt;/div&gt;&lt;div class=&quot;repeatable-insertion-point&quot;&gt;&lt;/div&gt;&lt;/div&gt;&lt;/td&gt;&lt;td class=&quot;setting-no-help&quot;&gt;&lt;/td&gt;&lt;/tr&gt;&lt;tr class=&quot;validation-error-area&quot; nameref=&quot;radio-block-10&quot; style=&quot;display: none;&quot;&gt;&lt;td colspan=&quot;2&quot;&gt;&lt;/td&gt;&lt;td&gt;&lt;/td&gt;&lt;td&gt;&lt;/td&gt;&lt;/tr&gt;&lt;tr nameref=&quot;radio-block-10&quot; style=&quot;display: none;&quot;&gt;&lt;td class=&quot;setting-leftspace&quot;&gt;&amp;nbsp;&lt;/td&gt;&lt;td class=&quot;setting-name&quot;&gt;Use Update&lt;/td&gt;&lt;td class=&quot;setting-main&quot;&gt;&lt;input name=&quot;_.canUseUpdate&quot; checked=&quot;true&quot; type=&quot;checkbox&quot; class=&quot; &quot;&gt;&lt;/td&gt;&lt;td class=&quot;setting-help&quot;&gt;&lt;a helpurl=&quot;/descriptor/hudson.scm.CVSSCM/help/canUseUpdate&quot; href=&quot;#&quot; class=&quot;help-button&quot; tabindex=&quot;9999&quot;&gt;&lt;img src=&quot;/static/ebda7158/images/16x16/help.png&quot; alt=&quot;Help for feature: Use Update&quot; style=&quot;width: 16px; height: 16px; &quot; class=&quot;icon-help icon-sm&quot;&gt;&lt;/a&gt;&lt;/td&gt;&lt;/tr&gt;&lt;tr class=&quot;validation-error-area&quot; nameref=&quot;radio-block-10&quot; style=&quot;display: none;&quot;&gt;&lt;td colspan=&quot;2&quot;&gt;&lt;/td&gt;&lt;td&gt;&lt;/td&gt;&lt;td&gt;&lt;/td&gt;&lt;/tr&gt;&lt;tr class=&quot;help-area&quot; nameref=&quot;radio-block-10&quot; style=&quot;display: none;&quot;&gt;&lt;td&gt;&lt;/td&gt;&lt;td colspan=&quot;2&quot;&gt;&lt;div class=&quot;help&quot;&gt;Loading...&lt;/div&gt;&lt;/td&gt;&lt;td&gt;&lt;/td&gt;&lt;/tr&gt;&lt;tr nameref=&quot;radio-block-10&quot; style=&quot;display: none;&quot;&gt;&lt;td class=&quot;setting-leftspace&quot;&gt;&amp;nbsp;&lt;/td&gt;&lt;td class=&quot;setting-name&quot;&gt;Prune Empty Directories&lt;/td&gt;&lt;td class=&quot;setting-main&quot;&gt;&lt;input name=&quot;_.pruneEmptyDirectories&quot; checked=&quot;true&quot; type=&quot;checkbox&quot; class=&quot; &quot;&gt;&lt;/td&gt;&lt;td class=&quot;setting-help&quot;&gt;&lt;a helpurl=&quot;/descriptor/hudson.scm.CVSSCM/help/pruneEmptyDirectories&quot; href=&quot;#&quot; class=&quot;help-button&quot; tabindex=&quot;9999&quot;&gt;&lt;img src=&quot;/static/ebda7158/images/16x16/help.png&quot; alt=&quot;Help for feature: Prune Empty Directories&quot; style=&quot;width: 16px; height: 16px; &quot; class=&quot;icon-help icon-sm&quot;&gt;&lt;/a&gt;&lt;/td&gt;&lt;/tr&gt;&lt;tr class=&quot;validation-error-area&quot; nameref=&quot;radio-block-10&quot; style=&quot;display: none;&quot;&gt;&lt;td colspan=&quot;2&quot;&gt;&lt;/td&gt;&lt;td&gt;&lt;/td&gt;&lt;td&gt;&lt;/td&gt;&lt;/tr&gt;&lt;tr class=&quot;help-area&quot; nameref=&quot;radio-block-10&quot; style=&quot;display: none;&quot;&gt;&lt;td&gt;&lt;/td&gt;&lt;td colspan=&quot;2&quot;&gt;&lt;div class=&quot;help&quot;&gt;Loading...&lt;/div&gt;&lt;/td&gt;&lt;td&gt;&lt;/td&gt;&lt;/tr&gt;&lt;tr nameref=&quot;radio-block-10&quot; style=&quot;display: none;&quot;&gt;&lt;td class=&quot;setting-leftspace&quot;&gt;&amp;nbsp;&lt;/td&gt;&lt;td class=&quot;setting-name&quot;&gt;Legacy Mode&lt;/td&gt;&lt;td class=&quot;setting-main&quot;&gt;&lt;input name=&quot;_.legacy&quot; type=&quot;checkbox&quot; class=&quot; &quot;&gt;&lt;label class=&quot;attach-previous&quot;&gt;(run CVS in a way compatible with older versions of Hudson &amp;lt;1.21)&lt;/label&gt;&lt;/td&gt;&lt;td class=&quot;setting-help&quot;&gt;&lt;a helpurl=&quot;/descriptor/hudson.scm.CVSSCM/help/legacy&quot; href=&quot;#&quot; class=&quot;help-button&quot; tabindex=&quot;9999&quot;&gt;&lt;img src=&quot;/static/ebda7158/images/16x16/help.png&quot; alt=&quot;Help for feature: Legacy Mode&quot; style=&quot;width: 16px; height: 16px; &quot; class=&quot;icon-help icon-sm&quot;&gt;&lt;/a&gt;&lt;/td&gt;&lt;/tr&gt;&lt;tr class=&quot;validation-error-area&quot; nameref=&quot;radio-block-10&quot; style=&quot;display: none;&quot;&gt;&lt;td colspan=&quot;2&quot;&gt;&lt;/td&gt;&lt;td&gt;&lt;/td&gt;&lt;td&gt;&lt;/td&gt;&lt;/tr&gt;&lt;tr class=&quot;help-area&quot; nameref=&quot;radio-block-10&quot; style=&quot;display: none;&quot;&gt;&lt;td&gt;&lt;/td&gt;&lt;td colspan=&quot;2&quot;&gt;&lt;div class=&quot;help&quot;&gt;Loading...&lt;/div&gt;&lt;/td&gt;&lt;td&gt;&lt;/td&gt;&lt;/tr&gt;&lt;tr nameref=&quot;radio-block-10&quot; style=&quot;display: none;&quot;&gt;&lt;td class=&quot;setting-leftspace&quot;&gt;&amp;nbsp;&lt;/td&gt;&lt;td class=&quot;setting-name&quot;&gt;Skip Changelog&lt;/td&gt;&lt;td class=&quot;setting-main&quot;&gt;&lt;input name=&quot;_.skipChangeLog&quot; type=&quot;checkbox&quot; class=&quot; &quot;&gt;&lt;/td&gt;&lt;td class=&quot;setting-help&quot;&gt;&lt;a helpurl=&quot;/descriptor/hudson.scm.CVSSCM/help/skipChangeLog&quot; href=&quot;#&quot; class=&quot;help-button&quot; tabindex=&quot;9999&quot;&gt;&lt;img src=&quot;/static/ebda7158/images/16x16/help.png&quot; alt=&quot;Help for feature: Skip Changelog&quot; style=&quot;width: 16px; height: 16px; &quot; class=&quot;icon-help icon-sm&quot;&gt;&lt;/a&gt;&lt;/td&gt;&lt;/tr&gt;&lt;tr class=&quot;validation-error-area&quot; nameref=&quot;radio-block-10&quot; style=&quot;display: none;&quot;&gt;&lt;td colspan=&quot;2&quot;&gt;&lt;/td&gt;&lt;td&gt;&lt;/td&gt;&lt;td&gt;&lt;/td&gt;&lt;/tr&gt;&lt;tr class=&quot;help-area&quot; nameref=&quot;radio-block-10&quot; style=&quot;display: none;&quot;&gt;&lt;td&gt;&lt;/td&gt;&lt;td colspan=&quot;2&quot;&gt;&lt;div class=&quot;help&quot;&gt;Loading...&lt;/div&gt;&lt;/td&gt;&lt;td&gt;&lt;/td&gt;&lt;/tr&gt;&lt;tr nameref=&quot;radio-block-10&quot; style=&quot;display: none;&quot;&gt;&lt;td class=&quot;setting-leftspace&quot;&gt;&amp;nbsp;&lt;/td&gt;&lt;td class=&quot;setting-name&quot;&gt;Show all CVS output&lt;/td&gt;&lt;td class=&quot;setting-main&quot;&gt;&lt;input name=&quot;_.disableCvsQuiet&quot; type=&quot;checkbox&quot; class=&quot; &quot;&gt;&lt;/td&gt;&lt;td class=&quot;setting-help&quot;&gt;&lt;a helpurl=&quot;/descriptor/hudson.scm.CVSSCM/help/disableCvsQuiet&quot; href=&quot;#&quot; class=&quot;help-button&quot; tabindex=&quot;9999&quot;&gt;&lt;img src=&quot;/static/ebda7158/images/16x16/help.png&quot; alt=&quot;Help for feature: Show all CVS output&quot; style=&quot;width: 16px; height: 16px; &quot; class=&quot;icon-help icon-sm&quot;&gt;&lt;/a&gt;&lt;/td&gt;&lt;/tr&gt;&lt;tr class=&quot;validation-error-area&quot; nameref=&quot;radio-block-10&quot; style=&quot;display: none;&quot;&gt;&lt;td colspan=&quot;2&quot;&gt;&lt;/td&gt;&lt;td&gt;&lt;/td&gt;&lt;td&gt;&lt;/td&gt;&lt;/tr&gt;&lt;tr class=&quot;help-area&quot; nameref=&quot;radio-block-10&quot; style=&quot;display: none;&quot;&gt;&lt;td&gt;&lt;/td&gt;&lt;td colspan=&quot;2&quot;&gt;&lt;div class=&quot;help&quot;&gt;Loading...&lt;/div&gt;&lt;/td&gt;&lt;td&gt;&lt;/td&gt;&lt;/tr&gt;&lt;tr nameref=&quot;radio-block-10&quot; style=&quot;display: none;&quot;&gt;&lt;td class=&quot;setting-leftspace&quot;&gt;&amp;nbsp;&lt;/td&gt;&lt;td class=&quot;setting-name&quot;&gt;Perform clean checkout on failed update&lt;/td&gt;&lt;td class=&quot;setting-main&quot;&gt;&lt;input name=&quot;_.cleanOnFailedUpdate&quot; type=&quot;checkbox&quot; class=&quot; &quot;&gt;&lt;/td&gt;&lt;td class=&quot;setting-help&quot;&gt;&lt;a helpurl=&quot;/descriptor/hudson.scm.CVSSCM/help/cleanOnFailedUpdate&quot; href=&quot;#&quot; class=&quot;help-button&quot; tabindex=&quot;9999&quot;&gt;&lt;img src=&quot;/static/ebda7158/images/16x16/help.png&quot; alt=&quot;Help for feature: Perform clean checkout on failed update&quot; style=&quot;width: 16px; height: 16px; &quot; class=&quot;icon-help icon-sm&quot;&gt;&lt;/a&gt;&lt;/td&gt;&lt;/tr&gt;&lt;tr class=&quot;validation-error-area&quot; nameref=&quot;radio-block-10&quot; style=&quot;display: none;&quot;&gt;&lt;td colspan=&quot;2&quot;&gt;&lt;/td&gt;&lt;td&gt;&lt;/td&gt;&lt;td&gt;&lt;/td&gt;&lt;/tr&gt;&lt;tr class=&quot;help-area&quot; nameref=&quot;radio-block-10&quot; style=&quot;display: none;&quot;&gt;&lt;td&gt;&lt;/td&gt;&lt;td colspan=&quot;2&quot;&gt;&lt;div class=&quot;help&quot;&gt;Loading...&lt;/div&gt;&lt;/td&gt;&lt;td&gt;&lt;/td&gt;&lt;/tr&gt;&lt;tr nameref=&quot;radio-block-10&quot; style=&quot;display: none;&quot;&gt;&lt;td class=&quot;setting-leftspace&quot;&gt;&amp;nbsp;&lt;/td&gt;&lt;td class=&quot;setting-name&quot;&gt;Force clean copy for locally modified files&lt;/td&gt;&lt;td class=&quot;setting-main&quot;&gt;&lt;input name=&quot;_.forceCleanCopy&quot; type=&quot;checkbox&quot; class=&quot; &quot;&gt;&lt;/td&gt;&lt;td class=&quot;setting-help&quot;&gt;&lt;a helpurl=&quot;/descriptor/hudson.scm.CVSSCM/help/forceCleanCopy&quot; href=&quot;#&quot; class=&quot;help-button&quot; tabindex=&quot;9999&quot;&gt;&lt;img src=&quot;/static/ebda7158/images/16x16/help.png&quot; alt=&quot;Help for feature: Force clean copy for locally modified files&quot; style=&quot;width: 16px; height: 16px; &quot; class=&quot;icon-help icon-sm&quot;&gt;&lt;/a&gt;&lt;/td&gt;&lt;/tr&gt;&lt;tr class=&quot;validation-error-area&quot; nameref=&quot;radio-block-10&quot; style=&quot;display: none;&quot;&gt;&lt;td colspan=&quot;2&quot;&gt;&lt;/td&gt;&lt;td&gt;&lt;/td&gt;&lt;td&gt;&lt;/td&gt;&lt;/tr&gt;&lt;tr class=&quot;help-area&quot; nameref=&quot;radio-block-10&quot; style=&quot;display: none;&quot;&gt;&lt;td&gt;&lt;/td&gt;&lt;td colspan=&quot;2&quot;&gt;&lt;div class=&quot;help&quot;&gt;Loading...&lt;/div&gt;&lt;/td&gt;&lt;td&gt;&lt;/td&gt;&lt;/tr&gt;&lt;tr style=&quot;display:none&quot; class=&quot;row-set-end radio-block-end&quot;&gt;&lt;/tr&gt;&lt;tr class=&quot;radio-block-start row-set-start&quot; hashelp=&quot;false&quot; ref=&quot;radio-block-11&quot;&gt;&lt;td colspan=&quot;3&quot;&gt;&lt;label&gt;&lt;input name=&quot;scm&quot; type=&quot;radio&quot; value=&quot;2&quot; class=&quot;radio-block-control&quot; id=&quot;radio-block-11&quot; path=&quot;/scm[2]&quot;&gt;&#10;        CVS Projectset&#10;      &lt;/label&gt;&lt;/td&gt;&lt;td class=&quot;setting-no-help&quot;&gt;&lt;/td&gt;&lt;/tr&gt;&lt;tr nameref=&quot;radio-block-11&quot; style=&quot;display: none;&quot;&gt;&lt;td class=&quot;setting-leftspace&quot;&gt;&amp;nbsp;&lt;/td&gt;&lt;td class=&quot;setting-name&quot;&gt;&lt;/td&gt;&lt;td class=&quot;setting-main&quot;&gt;&lt;div class=&quot;repeated-container&quot;&gt;&lt;div name=&quot;repositories&quot; class=&quot;repeated-chunk first last only&quot;&gt;&lt;table style=&quot;width:100%&quot;&gt;&lt;tbody&gt;&lt;tr&gt;&lt;td class=&quot;setting-leftspace&quot;&gt;&amp;nbsp;&lt;/td&gt;&lt;td class=&quot;setting-name&quot;&gt;CVSROOT&lt;/td&gt;&lt;td class=&quot;setting-main&quot;&gt;&#10;   &#10;&#10;  &#10;  &lt;input checkdependson=&quot;&quot; checkurl=&quot;/job/viewed_job/descriptorByName/hudson.scm.CvsRepository/checkCvsRoot&quot; name=&quot;_.cvsRoot&quot; type=&quot;text&quot; class=&quot;setting-input validated  &quot; value=&quot;&quot;&gt;&lt;/td&gt;&lt;td class=&quot;setting-help&quot;&gt;&lt;a helpurl=&quot;/descriptor/hudson.scm.CvsRepository/help/cvsRoot&quot; href=&quot;#&quot; class=&quot;help-button&quot; tabindex=&quot;9999&quot;&gt;&lt;img src=&quot;/static/ebda7158/images/16x16/help.png&quot; alt=&quot;Help for feature: CVSROOT&quot; style=&quot;width: 16px; height: 16px; &quot; class=&quot;icon-help icon-sm&quot;&gt;&lt;/a&gt;&lt;/td&gt;&lt;/tr&gt;&lt;tr class=&quot;validation-error-area&quot;&gt;&lt;td colspan=&quot;2&quot;&gt;&lt;/td&gt;&lt;td&gt;&lt;div class=&quot;error&quot;&gt;&lt;img src=&quot;/static/ebda7158/images/none.gif&quot; height=&quot;16&quot; width=&quot;1&quot;&gt;CVSROOT is mandatory&lt;/div&gt;&lt;/td&gt;&lt;td&gt;&lt;/td&gt;&lt;/tr&gt;&lt;tr class=&quot;help-area&quot;&gt;&lt;td&gt;&lt;/td&gt;&lt;td colspan=&quot;2&quot;&gt;&lt;div class=&quot;help&quot;&gt;Loading...&lt;/div&gt;&lt;/td&gt;&lt;td&gt;&lt;/td&gt;&lt;/tr&gt;&lt;tr class=&quot;optional-block-start &quot; hashelp=&quot;false&quot; ref=&quot;cb26&quot;&gt;&lt;td colspan=&quot;3&quot;&gt;&lt;input onclick=&quot;javascript:updateOptionalBlock(this,true)&quot; name=&quot;passwordRequired&quot; type=&quot;checkbox&quot; class=&quot; &quot; id=&quot;cb26&quot;&gt;&lt;label class=&quot;attach-previous&quot;&gt;This Connection Requires A Password&lt;/label&gt;&lt;/td&gt;&lt;td class=&quot;setting-no-help&quot;&gt;&lt;/td&gt;&lt;/tr&gt;&lt;tr class=&quot;rowvg-start&quot; style=&quot;display: none;&quot;&gt;&lt;/tr&gt;&lt;tr style=&quot;display: none;&quot;&gt;&lt;td class=&quot;setting-leftspace&quot;&gt;&amp;nbsp;&lt;/td&gt;&lt;td class=&quot;setting-name&quot;&gt;Password&lt;/td&gt;&lt;td class=&quot;setting-main&quot;&gt;&lt;input name=&quot;_.password&quot; type=&quot;password&quot; class=&quot;setting-input &quot; value=&quot;&quot;&gt;&lt;/td&gt;&lt;td class=&quot;setting-no-help&quot;&gt;&lt;/td&gt;&lt;/tr&gt;&lt;tr class=&quot;validation-error-area&quot; style=&quot;display: none;&quot;&gt;&lt;td colspan=&quot;2&quot;&gt;&lt;/td&gt;&lt;td&gt;&lt;/td&gt;&lt;td&gt;&lt;/td&gt;&lt;/tr&gt;&lt;tr class=&quot; rowvg-end optional-block-end&quot;&gt;&lt;/tr&gt;&lt;tr&gt;&lt;td class=&quot;setting-leftspace&quot;&gt;&amp;nbsp;&lt;/td&gt;&lt;td class=&quot;setting-name&quot;&gt;&lt;/td&gt;&lt;td class=&quot;setting-main&quot;&gt;&lt;div class=&quot;repeated-container&quot;&gt;&lt;div name=&quot;repositoryItems&quot; class=&quot;repeated-chunk first last only&quot;&gt;&lt;table style=&quot;width:100%&quot;&gt;&lt;tbody&gt;&lt;tr&gt;&lt;td class=&quot;setting-leftspace&quot;&gt;&amp;nbsp;&lt;/td&gt;&lt;td class=&quot;setting-name&quot;&gt;Location&lt;/td&gt;&lt;td class=&quot;setting-main&quot;&gt;&lt;select class=&quot;setting-input dropdownList&quot;&gt;&lt;option value=&quot;0&quot;&gt;Branch&lt;/option&gt;&lt;option value=&quot;1&quot; selected=&quot;true&quot;&gt;Head&lt;/option&gt;&lt;option value=&quot;2&quot;&gt;Tag&lt;/option&gt;&lt;/select&gt;&lt;/td&gt;&lt;td class=&quot;setting-no-help&quot;&gt;&lt;/td&gt;&lt;/tr&gt;&lt;tr class=&quot;dropdownList-container&quot;&gt;&lt;td colspan=&quot;2&quot;&gt;&lt;/td&gt;&lt;td colspan=&quot;2&quot;&gt;&lt;table width=&quot;100%&quot; name=&quot;location&quot;&gt;&lt;tbody&gt;&lt;tr class=&quot;dropdownList-start rowvg-start&quot; field-disabled=&quot;true&quot; style=&quot;display: none;&quot;&gt;&lt;/tr&gt;&lt;tr field-disabled=&quot;true&quot; style=&quot;display: none;&quot;&gt;&lt;td class=&quot;setting-leftspace&quot;&gt;&amp;nbsp;&lt;/td&gt;&lt;td class=&quot;setting-name&quot;&gt;Branch Name&lt;/td&gt;&lt;td class=&quot;setting-main&quot;&gt;&#10;   &#10;&#10;  &#10;  &lt;input name=&quot;_.branchName&quot; type=&quot;text&quot; class=&quot;setting-input   &quot; value=&quot;&quot;&gt;&lt;/td&gt;&lt;td class=&quot;setting-no-help&quot;&gt;&lt;/td&gt;&lt;/tr&gt;&lt;tr class=&quot;validation-error-area&quot; field-disabled=&quot;true&quot; style=&quot;display: none;&quot;&gt;&lt;td colspan=&quot;2&quot;&gt;&lt;/td&gt;&lt;td&gt;&lt;/td&gt;&lt;td&gt;&lt;/td&gt;&lt;/tr&gt;&lt;tr field-disabled=&quot;true&quot; style=&quot;display: none;&quot;&gt;&lt;td class=&quot;setting-leftspace&quot;&gt;&amp;nbsp;&lt;/td&gt;&lt;td class=&quot;setting-name&quot;&gt;Use Head If Not Found&lt;/td&gt;&lt;td class=&quot;setting-main&quot;&gt;&lt;input name=&quot;_.useHeadIfNotFound&quot; type=&quot;checkbox&quot; class=&quot; &quot;&gt;&lt;/td&gt;&lt;td class=&quot;setting-no-help&quot;&gt;&lt;/td&gt;&lt;/tr&gt;&lt;tr class=&quot;validation-error-area&quot; field-disabled=&quot;true&quot; style=&quot;display: none;&quot;&gt;&lt;td colspan=&quot;2&quot;&gt;&lt;/td&gt;&lt;td&gt;&lt;/td&gt;&lt;td&gt;&lt;/td&gt;&lt;/tr&gt;&lt;tr style=&quot;display: none;&quot; field-disabled=&quot;true&quot;&gt;&lt;td&gt;&lt;input name=&quot;stapler-class&quot; type=&quot;hidden&quot; value=&quot;hudson.scm.CvsRepositoryLocation$BranchRepositoryLocation&quot;&gt;&lt;input name=&quot;$class&quot; type=&quot;hidden&quot; value=&quot;hudson.scm.CvsRepositoryLocation$BranchRepositoryLocation&quot;&gt;&lt;/td&gt;&lt;/tr&gt;&lt;tr class=&quot;dropdownList-end rowvg-end&quot;&gt;&lt;/tr&gt;&lt;tr class=&quot;dropdownList-start rowvg-start&quot;&gt;&lt;/tr&gt;&lt;tr style=&quot;&quot;&gt;&lt;td&gt;&lt;input name=&quot;stapler-class&quot; type=&quot;hidden&quot; value=&quot;hudson.scm.CvsRepositoryLocation$HeadRepositoryLocation&quot;&gt;&lt;input name=&quot;$class&quot; type=&quot;hidden&quot; value=&quot;hudson.scm.CvsRepositoryLocation$HeadRepositoryLocation&quot;&gt;&lt;/td&gt;&lt;/tr&gt;&lt;tr class=&quot;dropdownList-end rowvg-end&quot;&gt;&lt;/tr&gt;&lt;tr class=&quot;dropdownList-start rowvg-start&quot; field-disabled=&quot;true&quot; style=&quot;display: none;&quot;&gt;&lt;/tr&gt;&lt;tr field-disabled=&quot;true&quot; style=&quot;display: none;&quot;&gt;&lt;td class=&quot;setting-leftspace&quot;&gt;&amp;nbsp;&lt;/td&gt;&lt;td class=&quot;setting-name&quot;&gt;Tag Name&lt;/td&gt;&lt;td class=&quot;setting-main&quot;&gt;&#10;   &#10;&#10;  &#10;  &lt;input name=&quot;_.tagName&quot; type=&quot;text&quot; class=&quot;setting-input   &quot; value=&quot;&quot;&gt;&lt;/td&gt;&lt;td class=&quot;setting-no-help&quot;&gt;&lt;/td&gt;&lt;/tr&gt;&lt;tr class=&quot;validation-error-area&quot; field-disabled=&quot;true&quot; style=&quot;display: none;&quot;&gt;&lt;td colspan=&quot;2&quot;&gt;&lt;/td&gt;&lt;td&gt;&lt;/td&gt;&lt;td&gt;&lt;/td&gt;&lt;/tr&gt;&lt;tr field-disabled=&quot;true&quot; style=&quot;display: none;&quot;&gt;&lt;td class=&quot;setting-leftspace&quot;&gt;&amp;nbsp;&lt;/td&gt;&lt;td class=&quot;setting-name&quot;&gt;Use Head If Not Found&lt;/td&gt;&lt;td class=&quot;setting-main&quot;&gt;&lt;input name=&quot;_.useHeadIfNotFound&quot; type=&quot;checkbox&quot; class=&quot; &quot;&gt;&lt;/td&gt;&lt;td class=&quot;setting-no-help&quot;&gt;&lt;/td&gt;&lt;/tr&gt;&lt;tr class=&quot;validation-error-area&quot; field-disabled=&quot;true&quot; style=&quot;display: none;&quot;&gt;&lt;td colspan=&quot;2&quot;&gt;&lt;/td&gt;&lt;td&gt;&lt;/td&gt;&lt;td&gt;&lt;/td&gt;&lt;/tr&gt;&lt;tr style=&quot;display: none;&quot; field-disabled=&quot;true&quot;&gt;&lt;td&gt;&lt;input name=&quot;stapler-class&quot; type=&quot;hidden&quot; value=&quot;hudson.scm.CvsRepositoryLocation$TagRepositoryLocation&quot;&gt;&lt;input name=&quot;$class&quot; type=&quot;hidden&quot; value=&quot;hudson.scm.CvsRepositoryLocation$TagRepositoryLocation&quot;&gt;&lt;/td&gt;&lt;/tr&gt;&lt;tr class=&quot;dropdownList-end rowvg-end&quot;&gt;&lt;/tr&gt;&lt;/tbody&gt;&lt;/table&gt;&lt;/td&gt;&lt;/tr&gt;&lt;tr&gt;&lt;td class=&quot;setting-leftspace&quot;&gt;&amp;nbsp;&lt;/td&gt;&lt;td class=&quot;setting-name&quot;&gt;Modules&lt;/td&gt;&lt;td class=&quot;setting-main&quot;&gt;&lt;div class=&quot;repeated-container&quot;&gt;&lt;div name=&quot;modules&quot; class=&quot;repeated-chunk first last only&quot;&gt;&lt;table style=&quot;width:100%&quot;&gt;&lt;tbody&gt;&lt;tr&gt;&lt;td class=&quot;setting-leftspace&quot;&gt;&amp;nbsp;&lt;/td&gt;&lt;td class=&quot;setting-name&quot;&gt;Remote Name&lt;/td&gt;&lt;td class=&quot;setting-main&quot;&gt;&#10;   &#10;&#10;  &#10;  &lt;input checkdependson=&quot;&quot; checkurl=&quot;/job/viewed_job/descriptorByName/hudson.scm.CvsModule/checkRemoteName&quot; name=&quot;_.remoteName&quot; type=&quot;text&quot; class=&quot;setting-input validated  &quot; value=&quot;&quot;&gt;&lt;/td&gt;&lt;td class=&quot;setting-help&quot;&gt;&lt;a helpurl=&quot;/descriptor/hudson.scm.CvsModule/help/remoteName&quot; href=&quot;#&quot; class=&quot;help-button&quot; tabindex=&quot;9999&quot;&gt;&lt;img src=&quot;/static/ebda7158/images/16x16/help.png&quot; alt=&quot;Help for feature: Remote Name&quot; style=&quot;width: 16px; height: 16px; &quot; class=&quot;icon-help icon-sm&quot;&gt;&lt;/a&gt;&lt;/td&gt;&lt;/tr&gt;&lt;tr class=&quot;validation-error-area&quot;&gt;&lt;td colspan=&quot;2&quot;&gt;&lt;/td&gt;&lt;td&gt;&lt;div class=&quot;error&quot;&gt;&lt;img src=&quot;/static/ebda7158/images/none.gif&quot; height=&quot;16&quot; width=&quot;1&quot;&gt;Remote Name is mandatory&lt;/div&gt;&lt;/td&gt;&lt;td&gt;&lt;/td&gt;&lt;/tr&gt;&lt;tr class=&quot;help-area&quot;&gt;&lt;td&gt;&lt;/td&gt;&lt;td colspan=&quot;2&quot;&gt;&lt;div class=&quot;help&quot;&gt;Loading...&lt;/div&gt;&lt;/td&gt;&lt;td&gt;&lt;/td&gt;&lt;/tr&gt;&lt;tr&gt;&lt;td class=&quot;setting-leftspace&quot;&gt;&amp;nbsp;&lt;/td&gt;&lt;td class=&quot;setting-name&quot;&gt;Local Name&lt;/td&gt;&lt;td class=&quot;setting-main&quot;&gt;&#10;   &#10;&#10;  &#10;  &lt;input name=&quot;_.localName&quot; type=&quot;text&quot; class=&quot;setting-input   &quot; value=&quot;&quot;&gt;&lt;/td&gt;&lt;td class=&quot;setting-help&quot;&gt;&lt;a helpurl=&quot;/descriptor/hudson.scm.CvsModule/help/localName&quot; href=&quot;#&quot; class=&quot;help-button&quot; tabindex=&quot;9999&quot;&gt;&lt;img src=&quot;/static/ebda7158/images/16x16/help.png&quot; alt=&quot;Help for feature: Local Name&quot; style=&quot;width: 16px; height: 16px; &quot; class=&quot;icon-help icon-sm&quot;&gt;&lt;/a&gt;&lt;/td&gt;&lt;/tr&gt;&lt;tr class=&quot;validation-error-area&quot;&gt;&lt;td colspan=&quot;2&quot;&gt;&lt;/td&gt;&lt;td&gt;&lt;/td&gt;&lt;td&gt;&lt;/td&gt;&lt;/tr&gt;&lt;tr class=&quot;help-area&quot;&gt;&lt;td&gt;&lt;/td&gt;&lt;td colspan=&quot;2&quot;&gt;&lt;div class=&quot;help&quot;&gt;Loading...&lt;/div&gt;&lt;/td&gt;&lt;td&gt;&lt;/td&gt;&lt;/tr&gt;&lt;tr&gt;&lt;td class=&quot;setting-leftspace&quot;&gt;&amp;nbsp;&lt;/td&gt;&lt;td class=&quot;setting-name&quot;&gt;Projectset File Name&lt;/td&gt;&lt;td class=&quot;setting-main&quot;&gt;&#10;   &#10;&#10;  &#10;  &lt;input checkdependson=&quot;&quot; checkurl=&quot;/job/viewed_job/descriptorByName/hudson.scm.CvsModule/checkProjectsetFileName&quot; name=&quot;_.projectsetFileName&quot; type=&quot;text&quot; class=&quot;setting-input validated  &quot; value=&quot;&quot;&gt;&lt;/td&gt;&lt;td class=&quot;setting-help&quot;&gt;&lt;a helpurl=&quot;/descriptor/hudson.scm.CvsModule/help/projectsetFileName&quot; href=&quot;#&quot; class=&quot;help-button&quot; tabindex=&quot;9999&quot;&gt;&lt;img src=&quot;/static/ebda7158/images/16x16/help.png&quot; alt=&quot;Help for feature: Projectset File Name&quot; style=&quot;width: 16px; height: 16px; &quot; class=&quot;icon-help icon-sm&quot;&gt;&lt;/a&gt;&lt;/td&gt;&lt;/tr&gt;&lt;tr class=&quot;validation-error-area&quot;&gt;&lt;td colspan=&quot;2&quot;&gt;&lt;/td&gt;&lt;td&gt;&lt;div class=&quot;error&quot;&gt;&lt;img src=&quot;/static/ebda7158/images/none.gif&quot; height=&quot;16&quot; width=&quot;1&quot;&gt;Projectset file name is mandatory&lt;/div&gt;&lt;/td&gt;&lt;td&gt;&lt;/td&gt;&lt;/tr&gt;&lt;tr class=&quot;help-area&quot;&gt;&lt;td&gt;&lt;/td&gt;&lt;td colspan=&quot;2&quot;&gt;&lt;div class=&quot;help&quot;&gt;Loading...&lt;/div&gt;&lt;/td&gt;&lt;td&gt;&lt;/td&gt;&lt;/tr&gt;&lt;tr&gt;&lt;td class=&quot;setting-leftspace&quot;&gt;&amp;nbsp;&lt;/td&gt;&lt;td class=&quot;setting-name&quot;&gt;&lt;/td&gt;&lt;td class=&quot;setting-main&quot;&gt;&lt;div align=&quot;right&quot;&gt;&lt;span class=&quot;yui-button yui-push-button repeatable-add show-if-last&quot; id=&quot;yui-gen16&quot;&gt;&lt;span class=&quot;first-child&quot;&gt;&lt;button type=&quot;button&quot; tabindex=&quot;0&quot; id=&quot;yui-gen16-button&quot;&gt;Add more modules...&lt;/button&gt;&lt;/span&gt;&lt;/span&gt;&lt;span class=&quot;yui-button yui-push-button repeatable-delete show-if-not-only&quot; id=&quot;yui-gen25&quot;&gt;&lt;span class=&quot;first-child&quot;&gt;&lt;button type=&quot;button&quot; tabindex=&quot;0&quot; id=&quot;yui-gen25-button&quot;&gt;Delete&lt;/button&gt;&lt;/span&gt;&lt;/span&gt;&lt;/div&gt;&lt;/td&gt;&lt;td class=&quot;setting-no-help&quot;&gt;&lt;/td&gt;&lt;/tr&gt;&lt;tr class=&quot;validation-error-area&quot;&gt;&lt;td colspan=&quot;2&quot;&gt;&lt;/td&gt;&lt;td&gt;&lt;/td&gt;&lt;td&gt;&lt;/td&gt;&lt;/tr&gt;&lt;/tbody&gt;&lt;/table&gt;&lt;/div&gt;&lt;div class=&quot;repeatable-insertion-point&quot;&gt;&lt;/div&gt;&lt;/div&gt;&lt;/td&gt;&lt;td class=&quot;setting-no-help&quot;&gt;&lt;/td&gt;&lt;/tr&gt;&lt;tr class=&quot;validation-error-area&quot;&gt;&lt;td colspan=&quot;2&quot;&gt;&lt;/td&gt;&lt;td&gt;&lt;/td&gt;&lt;td&gt;&lt;/td&gt;&lt;/tr&gt;&lt;tr&gt;&lt;td class=&quot;setting-leftspace&quot;&gt;&amp;nbsp;&lt;/td&gt;&lt;td class=&quot;setting-name&quot;&gt;&lt;/td&gt;&lt;td class=&quot;setting-main&quot;&gt;&lt;div align=&quot;right&quot;&gt;&lt;span class=&quot;yui-button yui-push-button repeatable-add show-if-last&quot; id=&quot;yui-gen17&quot;&gt;&lt;span class=&quot;first-child&quot;&gt;&lt;button type=&quot;button&quot; tabindex=&quot;0&quot; id=&quot;yui-gen17-button&quot;&gt;Add more locations...&lt;/button&gt;&lt;/span&gt;&lt;/span&gt;&lt;span class=&quot;yui-button yui-push-button repeatable-delete show-if-not-only&quot; id=&quot;yui-gen26&quot;&gt;&lt;span class=&quot;first-child&quot;&gt;&lt;button type=&quot;button&quot; tabindex=&quot;0&quot; id=&quot;yui-gen26-button&quot;&gt;Delete&lt;/button&gt;&lt;/span&gt;&lt;/span&gt;&lt;/div&gt;&lt;/td&gt;&lt;td class=&quot;setting-no-help&quot;&gt;&lt;/td&gt;&lt;/tr&gt;&lt;tr class=&quot;validation-error-area&quot;&gt;&lt;td colspan=&quot;2&quot;&gt;&lt;/td&gt;&lt;td&gt;&lt;/td&gt;&lt;td&gt;&lt;/td&gt;&lt;/tr&gt;&lt;/tbody&gt;&lt;/table&gt;&lt;/div&gt;&lt;div class=&quot;repeatable-insertion-point&quot;&gt;&lt;/div&gt;&lt;/div&gt;&lt;/td&gt;&lt;td class=&quot;setting-no-help&quot;&gt;&lt;/td&gt;&lt;/tr&gt;&lt;tr class=&quot;validation-error-area&quot;&gt;&lt;td colspan=&quot;2&quot;&gt;&lt;/td&gt;&lt;td&gt;&lt;/td&gt;&lt;td&gt;&lt;/td&gt;&lt;/tr&gt;&lt;tr&gt;&lt;td&gt;&lt;/td&gt;&lt;td&gt;&lt;/td&gt;&lt;td&gt;&lt;div style=&quot;&quot; class=&quot;advancedLink&quot;&gt;&lt;span style=&quot;display: none&quot; id=&quot;id24&quot;&gt;&lt;img src=&quot;/static/ebda7158/images/24x24/notepad.png&quot; tooltip=&quot;One or more fields in this block have been edited.&quot; style=&quot;width: 24px; height: 24px; vertical-align: baseline&quot; class=&quot;icon-notepad icon-md&quot; title=&quot;One or more fields in this block have been edited.&quot;&gt;&lt;/span&gt;&amp;nbsp;&lt;span class=&quot;yui-button yui-push-button advanced-button advancedButton&quot; id=&quot;yui-gen9&quot;&gt;&lt;span class=&quot;first-child&quot;&gt;&lt;button type=&quot;button&quot; tabindex=&quot;0&quot; id=&quot;yui-gen9-button&quot;&gt;Advanced...&lt;/button&gt;&lt;/span&gt;&lt;/span&gt;&lt;/div&gt;&lt;table class=&quot;advancedBody&quot;&gt;&lt;tbody&gt;&lt;tr&gt;&lt;td colspan=&quot;4&quot;&gt;&lt;div class=&quot;section-header&quot;&gt;&lt;a id=&quot;section5&quot; class=&quot;section-anchor&quot;&gt;#&lt;/a&gt;Advanced Repository Options&lt;/div&gt;&lt;/td&gt;&lt;/tr&gt;&lt;tr&gt;&lt;td class=&quot;setting-leftspace&quot;&gt;&amp;nbsp;&lt;/td&gt;&lt;td class=&quot;setting-name&quot;&gt;Repository browser&lt;/td&gt;&lt;td class=&quot;setting-main&quot;&gt;&lt;select class=&quot;setting-input dropdownList&quot;&gt;&lt;option value=&quot;auto&quot;&gt;(Auto)&lt;/option&gt;&lt;option value=&quot;0&quot;&gt;FishEye&lt;/option&gt;&lt;option value=&quot;1&quot;&gt;OpenGrok&lt;/option&gt;&lt;option value=&quot;2&quot;&gt;ViewCVS&lt;/option&gt;&lt;/select&gt;&lt;/td&gt;&lt;td class=&quot;setting-help&quot;&gt;&lt;a helpurl=&quot;/help/scm-browsers/list.html&quot; href=&quot;#&quot; class=&quot;help-button&quot; tabindex=&quot;9999&quot;&gt;&lt;img src=&quot;/static/ebda7158/images/16x16/help.png&quot; alt=&quot;Help for feature: Repository browser&quot; style=&quot;width: 16px; height: 16px; &quot; class=&quot;icon-help icon-sm&quot;&gt;&lt;/a&gt;&lt;/td&gt;&lt;/tr&gt;&lt;tr class=&quot;dropdownList-container&quot;&gt;&lt;td colspan=&quot;2&quot;&gt;&lt;/td&gt;&lt;td colspan=&quot;2&quot;&gt;&lt;table width=&quot;100%&quot; name=&quot;repositoryBrowser&quot;&gt;&lt;tbody&gt;&lt;tr class=&quot;dropdownList-start rowvg-start&quot;&gt;&lt;/tr&gt;&lt;tr class=&quot;dropdownList-end rowvg-end&quot;&gt;&lt;/tr&gt;&lt;tr class=&quot;dropdownList-start rowvg-start&quot; field-disabled=&quot;true&quot; style=&quot;display: none;&quot;&gt;&lt;/tr&gt;&lt;tr class=&quot;render-on-demand &quot; proxy=&quot;makeStaplerProxy(&apos;/$stapler/bound/966fa1a1-82f3-42e6-9080-687293d232a2&apos;,&apos;5e2a10a9-ca1f-465a-b045-b67e5d5c0165&apos;,[&apos;render&apos;])&quot; field-disabled=&quot;true&quot; style=&quot;display: none;&quot;&gt;&lt;/tr&gt;&lt;tr style=&quot;display: none;&quot; field-disabled=&quot;true&quot;&gt;&lt;td&gt;&lt;input name=&quot;stapler-class&quot; type=&quot;hidden&quot; value=&quot;hudson.scm.browsers.FishEyeCVS&quot;&gt;&lt;input name=&quot;$class&quot; type=&quot;hidden&quot; value=&quot;hudson.scm.browsers.FishEyeCVS&quot;&gt;&lt;/td&gt;&lt;/tr&gt;&lt;tr class=&quot;dropdownList-end rowvg-end&quot;&gt;&lt;/tr&gt;&lt;tr class=&quot;dropdownList-start rowvg-start&quot; field-disabled=&quot;true&quot; style=&quot;display: none;&quot;&gt;&lt;/tr&gt;&lt;tr class=&quot;render-on-demand &quot; proxy=&quot;makeStaplerProxy(&apos;/$stapler/bound/8583a5f6-aada-4dcc-b743-96ed88177b31&apos;,&apos;5e2a10a9-ca1f-465a-b045-b67e5d5c0165&apos;,[&apos;render&apos;])&quot; field-disabled=&quot;true&quot; style=&quot;display: none;&quot;&gt;&lt;/tr&gt;&lt;tr style=&quot;display: none;&quot; field-disabled=&quot;true&quot;&gt;&lt;td&gt;&lt;input name=&quot;stapler-class&quot; type=&quot;hidden&quot; value=&quot;hudson.scm.browsers.OpenGrok&quot;&gt;&lt;input name=&quot;$class&quot; type=&quot;hidden&quot; value=&quot;hudson.scm.browsers.OpenGrok&quot;&gt;&lt;/td&gt;&lt;/tr&gt;&lt;tr class=&quot;dropdownList-end rowvg-end&quot;&gt;&lt;/tr&gt;&lt;tr class=&quot;dropdownList-start rowvg-start&quot; field-disabled=&quot;true&quot; style=&quot;display: none;&quot;&gt;&lt;/tr&gt;&lt;tr class=&quot;render-on-demand &quot; proxy=&quot;makeStaplerProxy(&apos;/$stapler/bound/b0e49dd8-d399-4983-a04e-6f0874142578&apos;,&apos;5e2a10a9-ca1f-465a-b045-b67e5d5c0165&apos;,[&apos;render&apos;])&quot; field-disabled=&quot;true&quot; style=&quot;display: none;&quot;&gt;&lt;/tr&gt;&lt;tr style=&quot;display: none;&quot; field-disabled=&quot;true&quot;&gt;&lt;td&gt;&lt;input name=&quot;stapler-class&quot; type=&quot;hidden&quot; value=&quot;hudson.scm.browsers.ViewCVS&quot;&gt;&lt;input name=&quot;$class&quot; type=&quot;hidden&quot; value=&quot;hudson.scm.browsers.ViewCVS&quot;&gt;&lt;/td&gt;&lt;/tr&gt;&lt;tr class=&quot;dropdownList-end rowvg-end&quot;&gt;&lt;/tr&gt;&lt;/tbody&gt;&lt;/table&gt;&lt;/td&gt;&lt;/tr&gt;&lt;tr class=&quot;help-area&quot;&gt;&lt;td&gt;&lt;/td&gt;&lt;td colspan=&quot;2&quot;&gt;&lt;div class=&quot;help&quot;&gt;Loading...&lt;/div&gt;&lt;/td&gt;&lt;td&gt;&lt;/td&gt;&lt;/tr&gt;&lt;tr&gt;&lt;td class=&quot;setting-leftspace&quot;&gt;&amp;nbsp;&lt;/td&gt;&lt;td class=&quot;setting-name&quot;&gt;Exclude Regions&lt;/td&gt;&lt;td class=&quot;setting-main&quot;&gt;&lt;div class=&quot;repeated-container&quot;&gt;&lt;div name=&quot;excludedRegions&quot; class=&quot;repeated-chunk first last only&quot;&gt;&lt;table style=&quot;width:100%&quot;&gt;&lt;tbody&gt;&lt;tr&gt;&lt;td class=&quot;setting-leftspace&quot;&gt;&amp;nbsp;&lt;/td&gt;&lt;td class=&quot;setting-name&quot;&gt;Pattern&lt;/td&gt;&lt;td class=&quot;setting-main&quot;&gt;&#10;   &#10;&#10;  &#10;  &lt;input checkdependson=&quot;&quot; checkurl=&quot;/job/viewed_job/descriptorByName/hudson.scm.ExcludedRegion/checkPattern&quot; name=&quot;_.pattern&quot; type=&quot;text&quot; class=&quot;setting-input validated  &quot; value=&quot;&quot;&gt;&lt;/td&gt;&lt;td class=&quot;setting-no-help&quot;&gt;&lt;/td&gt;&lt;/tr&gt;&lt;tr class=&quot;validation-error-area&quot;&gt;&lt;td colspan=&quot;2&quot;&gt;&lt;/td&gt;&lt;td&gt;&lt;div&gt;&lt;/div&gt;&lt;/td&gt;&lt;td&gt;&lt;/td&gt;&lt;/tr&gt;&lt;tr&gt;&lt;td class=&quot;setting-leftspace&quot;&gt;&amp;nbsp;&lt;/td&gt;&lt;td class=&quot;setting-name&quot;&gt;&lt;/td&gt;&lt;td class=&quot;setting-main&quot;&gt;&lt;div align=&quot;right&quot;&gt;&lt;span class=&quot;yui-button yui-push-button repeatable-add show-if-last&quot; id=&quot;yui-gen18&quot;&gt;&lt;span class=&quot;first-child&quot;&gt;&lt;button type=&quot;button&quot; tabindex=&quot;0&quot; id=&quot;yui-gen18-button&quot;&gt;Add more patterns...&lt;/button&gt;&lt;/span&gt;&lt;/span&gt;&lt;span class=&quot;yui-button yui-push-button repeatable-delete show-if-not-only&quot; id=&quot;yui-gen27&quot;&gt;&lt;span class=&quot;first-child&quot;&gt;&lt;button type=&quot;button&quot; tabindex=&quot;0&quot; id=&quot;yui-gen27-button&quot;&gt;Delete&lt;/button&gt;&lt;/span&gt;&lt;/span&gt;&lt;/div&gt;&lt;/td&gt;&lt;td class=&quot;setting-no-help&quot;&gt;&lt;/td&gt;&lt;/tr&gt;&lt;tr class=&quot;validation-error-area&quot;&gt;&lt;td colspan=&quot;2&quot;&gt;&lt;/td&gt;&lt;td&gt;&lt;/td&gt;&lt;td&gt;&lt;/td&gt;&lt;/tr&gt;&lt;/tbody&gt;&lt;/table&gt;&lt;/div&gt;&lt;div class=&quot;repeatable-insertion-point&quot;&gt;&lt;/div&gt;&lt;/div&gt;&lt;/td&gt;&lt;td class=&quot;setting-no-help&quot;&gt;&lt;/td&gt;&lt;/tr&gt;&lt;tr class=&quot;validation-error-area&quot;&gt;&lt;td colspan=&quot;2&quot;&gt;&lt;/td&gt;&lt;td&gt;&lt;/td&gt;&lt;td&gt;&lt;/td&gt;&lt;/tr&gt;&lt;tr&gt;&lt;td class=&quot;setting-leftspace&quot;&gt;&amp;nbsp;&lt;/td&gt;&lt;td class=&quot;setting-name&quot;&gt;Compression Level&lt;/td&gt;&lt;td class=&quot;setting-main&quot;&gt;&#10;&#10;   &#10;  &lt;select fillurl=&quot;/job/viewed_job/descriptorByName/hudson.scm.CvsRepository/fillCompressionLevelItems&quot; name=&quot;_.compressionLevel&quot; class=&quot;setting-input  select &quot; value=&quot;&quot;&gt;&lt;option value=&quot;-1&quot;&gt;System Default&lt;/option&gt;&lt;option value=&quot;0&quot;&gt;None&lt;/option&gt;&lt;option value=&quot;1&quot;&gt;1&lt;/option&gt;&lt;option value=&quot;2&quot;&gt;2&lt;/option&gt;&lt;option value=&quot;3&quot;&gt;3 (Recommended)&lt;/option&gt;&lt;option value=&quot;4&quot;&gt;4&lt;/option&gt;&lt;option value=&quot;5&quot;&gt;5&lt;/option&gt;&lt;option value=&quot;6&quot;&gt;6&lt;/option&gt;&lt;option value=&quot;7&quot;&gt;7&lt;/option&gt;&lt;option value=&quot;8&quot;&gt;8&lt;/option&gt;&lt;option value=&quot;9&quot;&gt;9&lt;/option&gt;&lt;/select&gt;&lt;/td&gt;&lt;td class=&quot;setting-no-help&quot;&gt;&lt;/td&gt;&lt;/tr&gt;&lt;tr class=&quot;validation-error-area&quot;&gt;&lt;td colspan=&quot;2&quot;&gt;&lt;/td&gt;&lt;td&gt;&lt;/td&gt;&lt;td&gt;&lt;/td&gt;&lt;/tr&gt;&lt;/tbody&gt;&lt;/table&gt;&lt;/td&gt;&lt;td&gt;&lt;/td&gt;&lt;/tr&gt;&lt;tr&gt;&lt;td class=&quot;setting-leftspace&quot;&gt;&amp;nbsp;&lt;/td&gt;&lt;td class=&quot;setting-name&quot;&gt;&lt;/td&gt;&lt;td class=&quot;setting-main&quot;&gt;&lt;div align=&quot;right&quot;&gt;&lt;span class=&quot;yui-button yui-push-button repeatable-add show-if-last&quot; id=&quot;yui-gen19&quot;&gt;&lt;span class=&quot;first-child&quot;&gt;&lt;button type=&quot;button&quot; tabindex=&quot;0&quot; id=&quot;yui-gen19-button&quot;&gt;Add more repositories...&lt;/button&gt;&lt;/span&gt;&lt;/span&gt;&lt;span class=&quot;yui-button yui-push-button repeatable-delete show-if-not-only&quot; id=&quot;yui-gen28&quot;&gt;&lt;span class=&quot;first-child&quot;&gt;&lt;button type=&quot;button&quot; tabindex=&quot;0&quot; id=&quot;yui-gen28-button&quot;&gt;Delete&lt;/button&gt;&lt;/span&gt;&lt;/span&gt;&lt;/div&gt;&lt;/td&gt;&lt;td class=&quot;setting-no-help&quot;&gt;&lt;/td&gt;&lt;/tr&gt;&lt;tr class=&quot;validation-error-area&quot;&gt;&lt;td colspan=&quot;2&quot;&gt;&lt;/td&gt;&lt;td&gt;&lt;/td&gt;&lt;td&gt;&lt;/td&gt;&lt;/tr&gt;&lt;/tbody&gt;&lt;/table&gt;&lt;/div&gt;&lt;div class=&quot;repeatable-insertion-point&quot;&gt;&lt;/div&gt;&lt;/div&gt;&lt;/td&gt;&lt;td class=&quot;setting-no-help&quot;&gt;&lt;/td&gt;&lt;/tr&gt;&lt;tr class=&quot;validation-error-area&quot; nameref=&quot;radio-block-11&quot; style=&quot;display: none;&quot;&gt;&lt;td colspan=&quot;2&quot;&gt;&lt;/td&gt;&lt;td&gt;&lt;/td&gt;&lt;td&gt;&lt;/td&gt;&lt;/tr&gt;&lt;tr nameref=&quot;radio-block-11&quot; style=&quot;display: none;&quot;&gt;&lt;td class=&quot;setting-leftspace&quot;&gt;&amp;nbsp;&lt;/td&gt;&lt;td class=&quot;setting-name&quot;&gt;Use Update&lt;/td&gt;&lt;td class=&quot;setting-main&quot;&gt;&lt;input name=&quot;_.canUseUpdate&quot; checked=&quot;true&quot; type=&quot;checkbox&quot; class=&quot; &quot;&gt;&lt;/td&gt;&lt;td class=&quot;setting-help&quot;&gt;&lt;a helpurl=&quot;/descriptor/hudson.scm.CvsProjectset/help/canUseUpdate&quot; href=&quot;#&quot; class=&quot;help-button&quot; tabindex=&quot;9999&quot;&gt;&lt;img src=&quot;/static/ebda7158/images/16x16/help.png&quot; alt=&quot;Help for feature: Use Update&quot; style=&quot;width: 16px; height: 16px; &quot; class=&quot;icon-help icon-sm&quot;&gt;&lt;/a&gt;&lt;/td&gt;&lt;/tr&gt;&lt;tr class=&quot;validation-error-area&quot; nameref=&quot;radio-block-11&quot; style=&quot;display: none;&quot;&gt;&lt;td colspan=&quot;2&quot;&gt;&lt;/td&gt;&lt;td&gt;&lt;/td&gt;&lt;td&gt;&lt;/td&gt;&lt;/tr&gt;&lt;tr class=&quot;help-area&quot; nameref=&quot;radio-block-11&quot; style=&quot;display: none;&quot;&gt;&lt;td&gt;&lt;/td&gt;&lt;td colspan=&quot;2&quot;&gt;&lt;div class=&quot;help&quot;&gt;Loading...&lt;/div&gt;&lt;/td&gt;&lt;td&gt;&lt;/td&gt;&lt;/tr&gt;&lt;tr nameref=&quot;radio-block-11&quot; style=&quot;display: none;&quot;&gt;&lt;td class=&quot;setting-leftspace&quot;&gt;&amp;nbsp;&lt;/td&gt;&lt;td class=&quot;setting-name&quot;&gt;Username&lt;/td&gt;&lt;td class=&quot;setting-main&quot;&gt;&#10;   &#10;&#10;  &#10;  &lt;input name=&quot;_.username&quot; type=&quot;text&quot; class=&quot;setting-input   &quot; value=&quot;&quot;&gt;&lt;/td&gt;&lt;td class=&quot;setting-help&quot;&gt;&lt;a helpurl=&quot;/descriptor/hudson.scm.CvsProjectset/help/username&quot; href=&quot;#&quot; class=&quot;help-button&quot; tabindex=&quot;9999&quot;&gt;&lt;img src=&quot;/static/ebda7158/images/16x16/help.png&quot; alt=&quot;Help for feature: Username&quot; style=&quot;width: 16px; height: 16px; &quot; class=&quot;icon-help icon-sm&quot;&gt;&lt;/a&gt;&lt;/td&gt;&lt;/tr&gt;&lt;tr class=&quot;validation-error-area&quot; nameref=&quot;radio-block-11&quot; style=&quot;display: none;&quot;&gt;&lt;td colspan=&quot;2&quot;&gt;&lt;/td&gt;&lt;td&gt;&lt;/td&gt;&lt;td&gt;&lt;/td&gt;&lt;/tr&gt;&lt;tr class=&quot;help-area&quot; nameref=&quot;radio-block-11&quot; style=&quot;display: none;&quot;&gt;&lt;td&gt;&lt;/td&gt;&lt;td colspan=&quot;2&quot;&gt;&lt;div class=&quot;help&quot;&gt;Loading...&lt;/div&gt;&lt;/td&gt;&lt;td&gt;&lt;/td&gt;&lt;/tr&gt;&lt;tr nameref=&quot;radio-block-11&quot; style=&quot;display: none;&quot;&gt;&lt;td class=&quot;setting-leftspace&quot;&gt;&amp;nbsp;&lt;/td&gt;&lt;td class=&quot;setting-name&quot;&gt;Password&lt;/td&gt;&lt;td class=&quot;setting-main&quot;&gt;&lt;input name=&quot;_.password&quot; type=&quot;password&quot; class=&quot;setting-input &quot; value=&quot;&quot;&gt;&lt;/td&gt;&lt;td class=&quot;setting-help&quot;&gt;&lt;a helpurl=&quot;/descriptor/hudson.scm.CvsProjectset/help/password&quot; href=&quot;#&quot; class=&quot;help-button&quot; tabindex=&quot;9999&quot;&gt;&lt;img src=&quot;/static/ebda7158/images/16x16/help.png&quot; alt=&quot;Help for feature: Password&quot; style=&quot;width: 16px; height: 16px; &quot; class=&quot;icon-help icon-sm&quot;&gt;&lt;/a&gt;&lt;/td&gt;&lt;/tr&gt;&lt;tr class=&quot;validation-error-area&quot; nameref=&quot;radio-block-11&quot; style=&quot;display: none;&quot;&gt;&lt;td colspan=&quot;2&quot;&gt;&lt;/td&gt;&lt;td&gt;&lt;/td&gt;&lt;td&gt;&lt;/td&gt;&lt;/tr&gt;&lt;tr class=&quot;help-area&quot; nameref=&quot;radio-block-11&quot; style=&quot;display: none;&quot;&gt;&lt;td&gt;&lt;/td&gt;&lt;td colspan=&quot;2&quot;&gt;&lt;div class=&quot;help&quot;&gt;Loading...&lt;/div&gt;&lt;/td&gt;&lt;td&gt;&lt;/td&gt;&lt;/tr&gt;&lt;tr nameref=&quot;radio-block-11&quot; style=&quot;display: none;&quot;&gt;&lt;td class=&quot;setting-leftspace&quot;&gt;&amp;nbsp;&lt;/td&gt;&lt;td class=&quot;setting-name&quot;&gt;Prune Empty Directories&lt;/td&gt;&lt;td class=&quot;setting-main&quot;&gt;&lt;input name=&quot;_.pruneEmptyDirectories&quot; checked=&quot;true&quot; type=&quot;checkbox&quot; class=&quot; &quot;&gt;&lt;/td&gt;&lt;td class=&quot;setting-help&quot;&gt;&lt;a helpurl=&quot;/descriptor/hudson.scm.CvsProjectset/help/pruneEmptyDirectories&quot; href=&quot;#&quot; class=&quot;help-button&quot; tabindex=&quot;9999&quot;&gt;&lt;img src=&quot;/static/ebda7158/images/16x16/help.png&quot; alt=&quot;Help for feature: Prune Empty Directories&quot; style=&quot;width: 16px; height: 16px; &quot; class=&quot;icon-help icon-sm&quot;&gt;&lt;/a&gt;&lt;/td&gt;&lt;/tr&gt;&lt;tr class=&quot;validation-error-area&quot; nameref=&quot;radio-block-11&quot; style=&quot;display: none;&quot;&gt;&lt;td colspan=&quot;2&quot;&gt;&lt;/td&gt;&lt;td&gt;&lt;/td&gt;&lt;td&gt;&lt;/td&gt;&lt;/tr&gt;&lt;tr class=&quot;help-area&quot; nameref=&quot;radio-block-11&quot; style=&quot;display: none;&quot;&gt;&lt;td&gt;&lt;/td&gt;&lt;td colspan=&quot;2&quot;&gt;&lt;div class=&quot;help&quot;&gt;Loading...&lt;/div&gt;&lt;/td&gt;&lt;td&gt;&lt;/td&gt;&lt;/tr&gt;&lt;tr nameref=&quot;radio-block-11&quot; style=&quot;display: none;&quot;&gt;&lt;td class=&quot;setting-leftspace&quot;&gt;&amp;nbsp;&lt;/td&gt;&lt;td class=&quot;setting-name&quot;&gt;Skip Changelog&lt;/td&gt;&lt;td class=&quot;setting-main&quot;&gt;&lt;input name=&quot;_.skipChangeLog&quot; type=&quot;checkbox&quot; class=&quot; &quot;&gt;&lt;/td&gt;&lt;td class=&quot;setting-help&quot;&gt;&lt;a helpurl=&quot;/descriptor/hudson.scm.CvsProjectset/help/skipChangeLog&quot; href=&quot;#&quot; class=&quot;help-button&quot; tabindex=&quot;9999&quot;&gt;&lt;img src=&quot;/static/ebda7158/images/16x16/help.png&quot; alt=&quot;Help for feature: Skip Changelog&quot; style=&quot;width: 16px; height: 16px; &quot; class=&quot;icon-help icon-sm&quot;&gt;&lt;/a&gt;&lt;/td&gt;&lt;/tr&gt;&lt;tr class=&quot;validation-error-area&quot; nameref=&quot;radio-block-11&quot; style=&quot;display: none;&quot;&gt;&lt;td colspan=&quot;2&quot;&gt;&lt;/td&gt;&lt;td&gt;&lt;/td&gt;&lt;td&gt;&lt;/td&gt;&lt;/tr&gt;&lt;tr class=&quot;help-area&quot; nameref=&quot;radio-block-11&quot; style=&quot;display: none;&quot;&gt;&lt;td&gt;&lt;/td&gt;&lt;td colspan=&quot;2&quot;&gt;&lt;div class=&quot;help&quot;&gt;Loading...&lt;/div&gt;&lt;/td&gt;&lt;td&gt;&lt;/td&gt;&lt;/tr&gt;&lt;tr nameref=&quot;radio-block-11&quot; style=&quot;display: none;&quot;&gt;&lt;td class=&quot;setting-leftspace&quot;&gt;&amp;nbsp;&lt;/td&gt;&lt;td class=&quot;setting-name&quot;&gt;Show all CVS output&lt;/td&gt;&lt;td class=&quot;setting-main&quot;&gt;&lt;input name=&quot;_.disableCvsQuiet&quot; type=&quot;checkbox&quot; class=&quot; &quot;&gt;&lt;/td&gt;&lt;td class=&quot;setting-help&quot;&gt;&lt;a helpurl=&quot;/descriptor/hudson.scm.CvsProjectset/help/disableCvsQuiet&quot; href=&quot;#&quot; class=&quot;help-button&quot; tabindex=&quot;9999&quot;&gt;&lt;img src=&quot;/static/ebda7158/images/16x16/help.png&quot; alt=&quot;Help for feature: Show all CVS output&quot; style=&quot;width: 16px; height: 16px; &quot; class=&quot;icon-help icon-sm&quot;&gt;&lt;/a&gt;&lt;/td&gt;&lt;/tr&gt;&lt;tr class=&quot;validation-error-area&quot; nameref=&quot;radio-block-11&quot; style=&quot;display: none;&quot;&gt;&lt;td colspan=&quot;2&quot;&gt;&lt;/td&gt;&lt;td&gt;&lt;/td&gt;&lt;td&gt;&lt;/td&gt;&lt;/tr&gt;&lt;tr class=&quot;help-area&quot; nameref=&quot;radio-block-11&quot; style=&quot;display: none;&quot;&gt;&lt;td&gt;&lt;/td&gt;&lt;td colspan=&quot;2&quot;&gt;&lt;div class=&quot;help&quot;&gt;Loading...&lt;/div&gt;&lt;/td&gt;&lt;td&gt;&lt;/td&gt;&lt;/tr&gt;&lt;tr nameref=&quot;radio-block-11&quot; style=&quot;display: none;&quot;&gt;&lt;td class=&quot;setting-leftspace&quot;&gt;&amp;nbsp;&lt;/td&gt;&lt;td class=&quot;setting-name&quot;&gt;Perform clean checkout on failed update&lt;/td&gt;&lt;td class=&quot;setting-main&quot;&gt;&lt;input name=&quot;_.cleanOnFailedUpdate&quot; type=&quot;checkbox&quot; class=&quot; &quot;&gt;&lt;/td&gt;&lt;td class=&quot;setting-help&quot;&gt;&lt;a helpurl=&quot;/descriptor/hudson.scm.CvsProjectset/help/cleanOnFailedUpdate&quot; href=&quot;#&quot; class=&quot;help-button&quot; tabindex=&quot;9999&quot;&gt;&lt;img src=&quot;/static/ebda7158/images/16x16/help.png&quot; alt=&quot;Help for feature: Perform clean checkout on failed update&quot; style=&quot;width: 16px; height: 16px; &quot; class=&quot;icon-help icon-sm&quot;&gt;&lt;/a&gt;&lt;/td&gt;&lt;/tr&gt;&lt;tr class=&quot;validation-error-area&quot; nameref=&quot;radio-block-11&quot; style=&quot;display: none;&quot;&gt;&lt;td colspan=&quot;2&quot;&gt;&lt;/td&gt;&lt;td&gt;&lt;/td&gt;&lt;td&gt;&lt;/td&gt;&lt;/tr&gt;&lt;tr class=&quot;help-area&quot; nameref=&quot;radio-block-11&quot; style=&quot;display: none;&quot;&gt;&lt;td&gt;&lt;/td&gt;&lt;td colspan=&quot;2&quot;&gt;&lt;div class=&quot;help&quot;&gt;Loading...&lt;/div&gt;&lt;/td&gt;&lt;td&gt;&lt;/td&gt;&lt;/tr&gt;&lt;tr nameref=&quot;radio-block-11&quot; style=&quot;display: none;&quot;&gt;&lt;td class=&quot;setting-leftspace&quot;&gt;&amp;nbsp;&lt;/td&gt;&lt;td class=&quot;setting-name&quot;&gt;Repository browser&lt;/td&gt;&lt;td class=&quot;setting-main&quot;&gt;&lt;select class=&quot;setting-input dropdownList&quot;&gt;&lt;option value=&quot;auto&quot;&gt;(Auto)&lt;/option&gt;&lt;option value=&quot;0&quot;&gt;Cvs Facade Repository Browser&lt;/option&gt;&lt;option value=&quot;1&quot;&gt;FishEye&lt;/option&gt;&lt;option value=&quot;2&quot;&gt;OpenGrok&lt;/option&gt;&lt;option value=&quot;3&quot;&gt;ViewCVS&lt;/option&gt;&lt;/select&gt;&lt;/td&gt;&lt;td class=&quot;setting-help&quot;&gt;&lt;a helpurl=&quot;/help/scm-browsers/list.html&quot; href=&quot;#&quot; class=&quot;help-button&quot; tabindex=&quot;9999&quot;&gt;&lt;img src=&quot;/static/ebda7158/images/16x16/help.png&quot; alt=&quot;Help for feature: Repository browser&quot; style=&quot;width: 16px; height: 16px; &quot; class=&quot;icon-help icon-sm&quot;&gt;&lt;/a&gt;&lt;/td&gt;&lt;/tr&gt;&lt;tr class=&quot;dropdownList-container&quot; nameref=&quot;radio-block-11&quot; style=&quot;display: none;&quot;&gt;&lt;td colspan=&quot;2&quot;&gt;&lt;/td&gt;&lt;td colspan=&quot;2&quot;&gt;&lt;table width=&quot;100%&quot; name=&quot;cvs.browser&quot;&gt;&lt;tbody&gt;&lt;tr class=&quot;dropdownList-start rowvg-start&quot;&gt;&lt;/tr&gt;&lt;tr class=&quot;dropdownList-end rowvg-end&quot;&gt;&lt;/tr&gt;&lt;tr class=&quot;dropdownList-start rowvg-start&quot; field-disabled=&quot;true&quot; style=&quot;display: none;&quot;&gt;&lt;/tr&gt;&lt;tr class=&quot;render-on-demand &quot; proxy=&quot;makeStaplerProxy(&apos;/$stapler/bound/5fc12434-028c-4601-80f9-069ad3dbf508&apos;,&apos;5e2a10a9-ca1f-465a-b045-b67e5d5c0165&apos;,[&apos;render&apos;])&quot; field-disabled=&quot;true&quot; style=&quot;display: none;&quot;&gt;&lt;/tr&gt;&lt;tr style=&quot;display: none;&quot; field-disabled=&quot;true&quot;&gt;&lt;td&gt;&lt;input name=&quot;stapler-class&quot; type=&quot;hidden&quot; value=&quot;hudson.scm.browsers.CvsFacadeRepositoryBrowser&quot;&gt;&lt;input name=&quot;$class&quot; type=&quot;hidden&quot; value=&quot;hudson.scm.browsers.CvsFacadeRepositoryBrowser&quot;&gt;&lt;/td&gt;&lt;/tr&gt;&lt;tr class=&quot;dropdownList-end rowvg-end&quot;&gt;&lt;/tr&gt;&lt;tr class=&quot;dropdownList-start rowvg-start&quot; field-disabled=&quot;true&quot; style=&quot;display: none;&quot;&gt;&lt;/tr&gt;&lt;tr class=&quot;render-on-demand &quot; proxy=&quot;makeStaplerProxy(&apos;/$stapler/bound/5bd4741f-7905-4e6e-8bed-7fcbcbff4c23&apos;,&apos;5e2a10a9-ca1f-465a-b045-b67e5d5c0165&apos;,[&apos;render&apos;])&quot; field-disabled=&quot;true&quot; style=&quot;display: none;&quot;&gt;&lt;/tr&gt;&lt;tr style=&quot;display: none;&quot; field-disabled=&quot;true&quot;&gt;&lt;td&gt;&lt;input name=&quot;stapler-class&quot; type=&quot;hidden&quot; value=&quot;hudson.scm.browsers.FishEyeCVS&quot;&gt;&lt;input name=&quot;$class&quot; type=&quot;hidden&quot; value=&quot;hudson.scm.browsers.FishEyeCVS&quot;&gt;&lt;/td&gt;&lt;/tr&gt;&lt;tr class=&quot;dropdownList-end rowvg-end&quot;&gt;&lt;/tr&gt;&lt;tr class=&quot;dropdownList-start rowvg-start&quot; field-disabled=&quot;true&quot; style=&quot;display: none;&quot;&gt;&lt;/tr&gt;&lt;tr class=&quot;render-on-demand &quot; proxy=&quot;makeStaplerProxy(&apos;/$stapler/bound/40c6094e-f3c3-442e-8e62-932319baece8&apos;,&apos;5e2a10a9-ca1f-465a-b045-b67e5d5c0165&apos;,[&apos;render&apos;])&quot; field-disabled=&quot;true&quot; style=&quot;display: none;&quot;&gt;&lt;/tr&gt;&lt;tr style=&quot;display: none;&quot; field-disabled=&quot;true&quot;&gt;&lt;td&gt;&lt;input name=&quot;stapler-class&quot; type=&quot;hidden&quot; value=&quot;hudson.scm.browsers.OpenGrok&quot;&gt;&lt;input name=&quot;$class&quot; type=&quot;hidden&quot; value=&quot;hudson.scm.browsers.OpenGrok&quot;&gt;&lt;/td&gt;&lt;/tr&gt;&lt;tr class=&quot;dropdownList-end rowvg-end&quot;&gt;&lt;/tr&gt;&lt;tr class=&quot;dropdownList-start rowvg-start&quot; field-disabled=&quot;true&quot; style=&quot;display: none;&quot;&gt;&lt;/tr&gt;&lt;tr class=&quot;render-on-demand &quot; proxy=&quot;makeStaplerProxy(&apos;/$stapler/bound/e538ab2b-66ed-4397-aaf7-fcee9b91b624&apos;,&apos;5e2a10a9-ca1f-465a-b045-b67e5d5c0165&apos;,[&apos;render&apos;])&quot; field-disabled=&quot;true&quot; style=&quot;display: none;&quot;&gt;&lt;/tr&gt;&lt;tr style=&quot;display: none;&quot; field-disabled=&quot;true&quot;&gt;&lt;td&gt;&lt;input name=&quot;stapler-class&quot; type=&quot;hidden&quot; value=&quot;hudson.scm.browsers.ViewCVS&quot;&gt;&lt;input name=&quot;$class&quot; type=&quot;hidden&quot; value=&quot;hudson.scm.browsers.ViewCVS&quot;&gt;&lt;/td&gt;&lt;/tr&gt;&lt;tr class=&quot;dropdownList-end rowvg-end&quot;&gt;&lt;/tr&gt;&lt;/tbody&gt;&lt;/table&gt;&lt;/td&gt;&lt;/tr&gt;&lt;tr class=&quot;help-area&quot; nameref=&quot;radio-block-11&quot; style=&quot;display: none;&quot;&gt;&lt;td&gt;&lt;/td&gt;&lt;td colspan=&quot;2&quot;&gt;&lt;div class=&quot;help&quot;&gt;Loading...&lt;/div&gt;&lt;/td&gt;&lt;td&gt;&lt;/td&gt;&lt;/tr&gt;&lt;tr style=&quot;display:none&quot; class=&quot;row-set-end radio-block-end&quot;&gt;&lt;/tr&gt;&lt;tr class=&quot;radio-block-start row-set-start&quot; hashelp=&quot;false&quot; ref=&quot;radio-block-12&quot;&gt;&lt;td colspan=&quot;3&quot;&gt;&lt;label&gt;&lt;input name=&quot;scm&quot; type=&quot;radio&quot; value=&quot;3&quot; class=&quot;radio-block-control&quot; id=&quot;radio-block-12&quot; path=&quot;/scm[3]&quot;&gt;&#10;        Subversion&#10;      &lt;/label&gt;&lt;/td&gt;&lt;td class=&quot;setting-no-help&quot;&gt;&lt;/td&gt;&lt;/tr&gt;&lt;tr nameref=&quot;radio-block-12&quot; style=&quot;display: none;&quot;&gt;&lt;td class=&quot;setting-leftspace&quot;&gt;&amp;nbsp;&lt;/td&gt;&lt;td class=&quot;setting-name&quot;&gt;Modules&lt;/td&gt;&lt;td class=&quot;setting-main&quot;&gt;&lt;div class=&quot;repeated-container&quot;&gt;&lt;div name=&quot;locations&quot; class=&quot;repeated-chunk first last only&quot;&gt;&lt;table width=&quot;100%&quot;&gt;&lt;tbody&gt;&lt;tr&gt;&lt;td class=&quot;setting-leftspace&quot;&gt;&amp;nbsp;&lt;/td&gt;&lt;td class=&quot;setting-name&quot;&gt;Repository URL&lt;/td&gt;&lt;td class=&quot;setting-main&quot;&gt;&#10;   &#10;&#10;  &#10;  &lt;input checkdependson=&quot;&quot; id=&quot;svn.remote.loc&quot; checkurl=&quot;/job/viewed_job/descriptorByName/hudson.scm.SubversionSCM/checkRemote&quot; name=&quot;_.remote&quot; type=&quot;text&quot; class=&quot;setting-input validated  &quot; value=&quot;&quot;&gt;&lt;/td&gt;&lt;td class=&quot;setting-help&quot;&gt;&lt;a helpurl=&quot;/scm/SubversionSCM/url-help&quot; href=&quot;#&quot; class=&quot;help-button&quot; tabindex=&quot;9999&quot;&gt;&lt;img src=&quot;/static/ebda7158/images/16x16/help.png&quot; alt=&quot;Help for feature: Repository URL&quot; style=&quot;width: 16px; height: 16px; &quot; class=&quot;icon-help icon-sm&quot;&gt;&lt;/a&gt;&lt;/td&gt;&lt;/tr&gt;&lt;tr class=&quot;validation-error-area&quot;&gt;&lt;td colspan=&quot;2&quot;&gt;&lt;/td&gt;&lt;td&gt;&lt;div class=&quot;error&quot;&gt;&lt;img src=&quot;/static/ebda7158/images/none.gif&quot; height=&quot;16&quot; width=&quot;1&quot;&gt;Repository URL is required.&lt;/div&gt;&lt;/td&gt;&lt;td&gt;&lt;/td&gt;&lt;/tr&gt;&lt;tr class=&quot;help-area&quot;&gt;&lt;td&gt;&lt;/td&gt;&lt;td colspan=&quot;2&quot;&gt;&lt;div class=&quot;help&quot;&gt;Loading...&lt;/div&gt;&lt;/td&gt;&lt;td&gt;&lt;/td&gt;&lt;/tr&gt;&lt;tr&gt;&lt;td class=&quot;setting-leftspace&quot;&gt;&amp;nbsp;&lt;/td&gt;&lt;td class=&quot;setting-name&quot;&gt;Local module directory (optional)&lt;/td&gt;&lt;td class=&quot;setting-main&quot;&gt;&#10;   &#10;&#10;  &#10;  &lt;input checkdependson=&quot;&quot; checkurl=&quot;/job/viewed_job/descriptorByName/hudson.scm.SubversionSCM/checkLocal&quot; name=&quot;_.local&quot; type=&quot;text&quot; class=&quot;setting-input validated  &quot; value=&quot;.&quot;&gt;&lt;/td&gt;&lt;td class=&quot;setting-help&quot;&gt;&lt;a helpurl=&quot;/descriptor/hudson.scm.SubversionSCM/help/local&quot; href=&quot;#&quot; class=&quot;help-button&quot; tabindex=&quot;9999&quot;&gt;&lt;img src=&quot;/static/ebda7158/images/16x16/help.png&quot; alt=&quot;Help for feature: Local module directory (optional)&quot; style=&quot;width: 16px; height: 16px; &quot; class=&quot;icon-help icon-sm&quot;&gt;&lt;/a&gt;&lt;/td&gt;&lt;/tr&gt;&lt;tr class=&quot;validation-error-area&quot;&gt;&lt;td colspan=&quot;2&quot;&gt;&lt;/td&gt;&lt;td&gt;&lt;div&gt;&lt;/div&gt;&lt;/td&gt;&lt;td&gt;&lt;/td&gt;&lt;/tr&gt;&lt;tr class=&quot;help-area&quot;&gt;&lt;td&gt;&lt;/td&gt;&lt;td colspan=&quot;2&quot;&gt;&lt;div class=&quot;help&quot;&gt;Loading...&lt;/div&gt;&lt;/td&gt;&lt;td&gt;&lt;/td&gt;&lt;/tr&gt;&lt;tr&gt;&lt;td class=&quot;setting-leftspace&quot;&gt;&amp;nbsp;&lt;/td&gt;&lt;td class=&quot;setting-name&quot;&gt;Repository depth&lt;/td&gt;&lt;td class=&quot;setting-main&quot;&gt;&lt;select name=&quot;depthOption&quot;&gt;&lt;option value=&quot;infinity&quot;&gt;infinity&lt;/option&gt;&lt;option value=&quot;empty&quot;&gt;empty&lt;/option&gt;&lt;option value=&quot;files&quot;&gt;files&lt;/option&gt;&lt;option value=&quot;immediates&quot;&gt;immediates&lt;/option&gt;&lt;option value=&quot;unknown&quot;&gt;as-it-is&lt;/option&gt;&lt;/select&gt;&lt;/td&gt;&lt;td class=&quot;setting-help&quot;&gt;&lt;a helpurl=&quot;/descriptor/hudson.scm.SubversionSCM/help/depthOption&quot; href=&quot;#&quot; class=&quot;help-button&quot; tabindex=&quot;9999&quot;&gt;&lt;img src=&quot;/static/ebda7158/images/16x16/help.png&quot; alt=&quot;Help for feature: Repository depth&quot; style=&quot;width: 16px; height: 16px; &quot; class=&quot;icon-help icon-sm&quot;&gt;&lt;/a&gt;&lt;/td&gt;&lt;/tr&gt;&lt;tr class=&quot;validation-error-area&quot;&gt;&lt;td colspan=&quot;2&quot;&gt;&lt;/td&gt;&lt;td&gt;&lt;/td&gt;&lt;td&gt;&lt;/td&gt;&lt;/tr&gt;&lt;tr class=&quot;help-area&quot;&gt;&lt;td&gt;&lt;/td&gt;&lt;td colspan=&quot;2&quot;&gt;&lt;div class=&quot;help&quot;&gt;Loading...&lt;/div&gt;&lt;/td&gt;&lt;td&gt;&lt;/td&gt;&lt;/tr&gt;&lt;tr&gt;&lt;td class=&quot;setting-leftspace&quot;&gt;&amp;nbsp;&lt;/td&gt;&lt;td class=&quot;setting-name&quot;&gt;Ignore externals&lt;/td&gt;&lt;td class=&quot;setting-main&quot;&gt;&lt;input name=&quot;_.ignoreExternalsOption&quot; type=&quot;checkbox&quot; class=&quot; &quot;&gt;&lt;/td&gt;&lt;td class=&quot;setting-help&quot;&gt;&lt;a helpurl=&quot;/descriptor/hudson.scm.SubversionSCM/help/ignoreExternalsOption&quot; href=&quot;#&quot; class=&quot;help-button&quot; tabindex=&quot;9999&quot;&gt;&lt;img src=&quot;/static/ebda7158/images/16x16/help.png&quot; alt=&quot;Help for feature: Ignore externals&quot; style=&quot;width: 16px; height: 16px; &quot; class=&quot;icon-help icon-sm&quot;&gt;&lt;/a&gt;&lt;/td&gt;&lt;/tr&gt;&lt;tr class=&quot;validation-error-area&quot;&gt;&lt;td colspan=&quot;2&quot;&gt;&lt;/td&gt;&lt;td&gt;&lt;/td&gt;&lt;td&gt;&lt;/td&gt;&lt;/tr&gt;&lt;tr class=&quot;help-area&quot;&gt;&lt;td&gt;&lt;/td&gt;&lt;td colspan=&quot;2&quot;&gt;&lt;div class=&quot;help&quot;&gt;Loading...&lt;/div&gt;&lt;/td&gt;&lt;td&gt;&lt;/td&gt;&lt;/tr&gt;&lt;tr&gt;&lt;td class=&quot;setting-leftspace&quot;&gt;&amp;nbsp;&lt;/td&gt;&lt;td class=&quot;setting-name&quot;&gt;&lt;/td&gt;&lt;td class=&quot;setting-main&quot;&gt;&lt;div align=&quot;right&quot;&gt;&lt;span class=&quot;yui-button yui-push-button repeatable-add show-if-last&quot; id=&quot;yui-gen20&quot;&gt;&lt;span class=&quot;first-child&quot;&gt;&lt;button type=&quot;button&quot; tabindex=&quot;0&quot; id=&quot;yui-gen20-button&quot;&gt;Add more locations...&lt;/button&gt;&lt;/span&gt;&lt;/span&gt;&lt;span class=&quot;yui-button yui-push-button repeatable-delete show-if-not-only&quot; id=&quot;yui-gen29&quot;&gt;&lt;span class=&quot;first-child&quot;&gt;&lt;button type=&quot;button&quot; tabindex=&quot;0&quot; id=&quot;yui-gen29-button&quot;&gt;Delete&lt;/button&gt;&lt;/span&gt;&lt;/span&gt;&lt;/div&gt;&lt;/td&gt;&lt;td class=&quot;setting-no-help&quot;&gt;&lt;/td&gt;&lt;/tr&gt;&lt;tr class=&quot;validation-error-area&quot;&gt;&lt;td colspan=&quot;2&quot;&gt;&lt;/td&gt;&lt;td&gt;&lt;/td&gt;&lt;td&gt;&lt;/td&gt;&lt;/tr&gt;&lt;/tbody&gt;&lt;/table&gt;&lt;/div&gt;&lt;div class=&quot;repeatable-insertion-point&quot;&gt;&lt;/div&gt;&lt;/div&gt;&lt;/td&gt;&lt;td class=&quot;setting-no-help&quot;&gt;&lt;/td&gt;&lt;/tr&gt;&lt;tr class=&quot;validation-error-area&quot; nameref=&quot;radio-block-12&quot; style=&quot;display: none;&quot;&gt;&lt;td colspan=&quot;2&quot;&gt;&lt;/td&gt;&lt;td&gt;&lt;/td&gt;&lt;td&gt;&lt;/td&gt;&lt;/tr&gt;&lt;tr nameref=&quot;radio-block-12&quot; style=&quot;display: none;&quot;&gt;&lt;td class=&quot;setting-leftspace&quot;&gt;&amp;nbsp;&lt;/td&gt;&lt;td class=&quot;setting-name&quot;&gt;Check-out Strategy&lt;/td&gt;&lt;td class=&quot;setting-main&quot;&gt;&lt;select class=&quot;setting-input dropdownList&quot;&gt;&lt;option value=&quot;0&quot;&gt;Use &apos;svn update&apos; as much as possible&lt;/option&gt;&lt;option value=&quot;1&quot;&gt;Always check out a fresh copy&lt;/option&gt;&lt;option value=&quot;2&quot;&gt;Emulate clean checkout by first deleting unversioned/ignored files, then &apos;svn update&apos;&lt;/option&gt;&lt;option value=&quot;3&quot;&gt;Use &apos;svn update&apos; as much as possible, with &apos;svn revert&apos; before update&lt;/option&gt;&lt;/select&gt;&lt;/td&gt;&lt;td class=&quot;setting-no-help&quot;&gt;&lt;/td&gt;&lt;/tr&gt;&lt;tr class=&quot;dropdownList-container&quot; nameref=&quot;radio-block-12&quot; style=&quot;display: none;&quot;&gt;&lt;td colspan=&quot;2&quot;&gt;&lt;/td&gt;&lt;td colspan=&quot;2&quot;&gt;&lt;table width=&quot;100%&quot; name=&quot;workspaceUpdater&quot;&gt;&lt;tbody&gt;&lt;tr class=&quot;dropdownList-start rowvg-start&quot;&gt;&lt;/tr&gt;&#10;      &#10;      &lt;tr&gt;&lt;td colspan=&quot;2&quot;&gt;&lt;/td&gt;&lt;td class=&quot;setting-description&quot;&gt;Use &apos;svn update&apos; whenever possible, making the build faster. But this causes the artifacts from the previous build to remain when a new build starts.&lt;/td&gt;&lt;td&gt;&lt;/td&gt;&lt;/tr&gt;&lt;tr style=&quot;&quot;&gt;&lt;td&gt;&lt;input name=&quot;stapler-class&quot; type=&quot;hidden&quot; value=&quot;hudson.scm.subversion.UpdateUpdater&quot;&gt;&lt;input name=&quot;$class&quot; type=&quot;hidden&quot; value=&quot;hudson.scm.subversion.UpdateUpdater&quot;&gt;&lt;/td&gt;&lt;/tr&gt;&lt;tr class=&quot;dropdownList-end rowvg-end&quot;&gt;&lt;/tr&gt;&lt;tr class=&quot;dropdownList-start rowvg-start&quot; field-disabled=&quot;true&quot; style=&quot;display: none;&quot;&gt;&lt;/tr&gt;&lt;tr class=&quot;render-on-demand &quot; proxy=&quot;makeStaplerProxy(&apos;/$stapler/bound/61334187-fbc5-44fe-b188-6414fb936f96&apos;,&apos;5e2a10a9-ca1f-465a-b045-b67e5d5c0165&apos;,[&apos;render&apos;])&quot; field-disabled=&quot;true&quot; style=&quot;display: none;&quot;&gt;&lt;/tr&gt;&lt;tr style=&quot;display: none;&quot; field-disabled=&quot;true&quot;&gt;&lt;td&gt;&lt;input name=&quot;stapler-class&quot; type=&quot;hidden&quot; value=&quot;hudson.scm.subversion.CheckoutUpdater&quot;&gt;&lt;input name=&quot;$class&quot; type=&quot;hidden&quot; value=&quot;hudson.scm.subversion.CheckoutUpdater&quot;&gt;&lt;/td&gt;&lt;/tr&gt;&lt;tr class=&quot;dropdownList-end rowvg-end&quot;&gt;&lt;/tr&gt;&lt;tr class=&quot;dropdownList-start rowvg-start&quot; field-disabled=&quot;true&quot; style=&quot;display: none;&quot;&gt;&lt;/tr&gt;&lt;tr class=&quot;render-on-demand &quot; proxy=&quot;makeStaplerProxy(&apos;/$stapler/bound/c7d58a3b-d0e6-43cd-a8ae-326d5f5f78fb&apos;,&apos;5e2a10a9-ca1f-465a-b045-b67e5d5c0165&apos;,[&apos;render&apos;])&quot; field-disabled=&quot;true&quot; style=&quot;display: none;&quot;&gt;&lt;/tr&gt;&lt;tr style=&quot;display: none;&quot; field-disabled=&quot;true&quot;&gt;&lt;td&gt;&lt;input name=&quot;stapler-class&quot; type=&quot;hidden&quot; value=&quot;hudson.scm.subversion.UpdateWithCleanUpdater&quot;&gt;&lt;input name=&quot;$class&quot; type=&quot;hidden&quot; value=&quot;hudson.scm.subversion.UpdateWithCleanUpdater&quot;&gt;&lt;/td&gt;&lt;/tr&gt;&lt;tr class=&quot;dropdownList-end rowvg-end&quot;&gt;&lt;/tr&gt;&lt;tr class=&quot;dropdownList-start rowvg-start&quot; field-disabled=&quot;true&quot; style=&quot;display: none;&quot;&gt;&lt;/tr&gt;&lt;tr class=&quot;render-on-demand &quot; proxy=&quot;makeStaplerProxy(&apos;/$stapler/bound/5477b43c-6cdd-4cd0-bc77-2782426a11d3&apos;,&apos;5e2a10a9-ca1f-465a-b045-b67e5d5c0165&apos;,[&apos;render&apos;])&quot; field-disabled=&quot;true&quot; style=&quot;display: none;&quot;&gt;&lt;/tr&gt;&lt;tr style=&quot;display: none;&quot; field-disabled=&quot;true&quot;&gt;&lt;td&gt;&lt;input name=&quot;stapler-class&quot; type=&quot;hidden&quot; value=&quot;hudson.scm.subversion.UpdateWithRevertUpdater&quot;&gt;&lt;input name=&quot;$class&quot; type=&quot;hidden&quot; value=&quot;hudson.scm.subversion.UpdateWithRevertUpdater&quot;&gt;&lt;/td&gt;&lt;/tr&gt;&lt;tr class=&quot;dropdownList-end rowvg-end&quot;&gt;&lt;/tr&gt;&lt;/tbody&gt;&lt;/table&gt;&lt;/td&gt;&lt;/tr&gt;&lt;tr nameref=&quot;radio-block-12&quot; style=&quot;display: none;&quot;&gt;&lt;td class=&quot;setting-leftspace&quot;&gt;&amp;nbsp;&lt;/td&gt;&lt;td class=&quot;setting-name&quot;&gt;Repository browser&lt;/td&gt;&lt;td class=&quot;setting-main&quot;&gt;&lt;select class=&quot;setting-input dropdownList&quot;&gt;&lt;option value=&quot;auto&quot;&gt;(Auto)&lt;/option&gt;&lt;option value=&quot;0&quot;&gt;Assembla&lt;/option&gt;&lt;option value=&quot;1&quot;&gt;CollabNet&lt;/option&gt;&lt;option value=&quot;2&quot;&gt;FishEye&lt;/option&gt;&lt;option value=&quot;3&quot;&gt;SVN::Web&lt;/option&gt;&lt;option value=&quot;4&quot;&gt;Sventon 1.x&lt;/option&gt;&lt;option value=&quot;5&quot;&gt;Sventon 2.x&lt;/option&gt;&lt;option value=&quot;6&quot;&gt;ViewSVN&lt;/option&gt;&lt;option value=&quot;7&quot;&gt;WebSVN&lt;/option&gt;&lt;/select&gt;&lt;/td&gt;&lt;td class=&quot;setting-help&quot;&gt;&lt;a helpurl=&quot;/help/scm-browsers/list.html&quot; href=&quot;#&quot; class=&quot;help-button&quot; tabindex=&quot;9999&quot;&gt;&lt;img src=&quot;/static/ebda7158/images/16x16/help.png&quot; alt=&quot;Help for feature: Repository browser&quot; style=&quot;width: 16px; height: 16px; &quot; class=&quot;icon-help icon-sm&quot;&gt;&lt;/a&gt;&lt;/td&gt;&lt;/tr&gt;&lt;tr class=&quot;dropdownList-container&quot; nameref=&quot;radio-block-12&quot; style=&quot;display: none;&quot;&gt;&lt;td colspan=&quot;2&quot;&gt;&lt;/td&gt;&lt;td colspan=&quot;2&quot;&gt;&lt;table width=&quot;100%&quot; name=&quot;svn.browser&quot;&gt;&lt;tbody&gt;&lt;tr class=&quot;dropdownList-start rowvg-start&quot;&gt;&lt;/tr&gt;&lt;tr class=&quot;dropdownList-end rowvg-end&quot;&gt;&lt;/tr&gt;&lt;tr class=&quot;dropdownList-start rowvg-start&quot; field-disabled=&quot;true&quot; style=&quot;display: none;&quot;&gt;&lt;/tr&gt;&lt;tr class=&quot;render-on-demand &quot; proxy=&quot;makeStaplerProxy(&apos;/$stapler/bound/c7e31347-7865-4261-b1d4-947a59fcecc3&apos;,&apos;5e2a10a9-ca1f-465a-b045-b67e5d5c0165&apos;,[&apos;render&apos;])&quot; field-disabled=&quot;true&quot; style=&quot;display: none;&quot;&gt;&lt;/tr&gt;&lt;tr style=&quot;display: none;&quot; field-disabled=&quot;true&quot;&gt;&lt;td&gt;&lt;input name=&quot;stapler-class&quot; type=&quot;hidden&quot; value=&quot;hudson.scm.browsers.Assembla&quot;&gt;&lt;input name=&quot;$class&quot; type=&quot;hidden&quot; value=&quot;hudson.scm.browsers.Assembla&quot;&gt;&lt;/td&gt;&lt;/tr&gt;&lt;tr class=&quot;dropdownList-end rowvg-end&quot;&gt;&lt;/tr&gt;&lt;tr class=&quot;dropdownList-start rowvg-start&quot; field-disabled=&quot;true&quot; style=&quot;display: none;&quot;&gt;&lt;/tr&gt;&lt;tr class=&quot;render-on-demand &quot; proxy=&quot;makeStaplerProxy(&apos;/$stapler/bound/d62f59dc-c4cd-458b-a31e-b7479889e449&apos;,&apos;5e2a10a9-ca1f-465a-b045-b67e5d5c0165&apos;,[&apos;render&apos;])&quot; field-disabled=&quot;true&quot; style=&quot;display: none;&quot;&gt;&lt;/tr&gt;&lt;tr style=&quot;display: none;&quot; field-disabled=&quot;true&quot;&gt;&lt;td&gt;&lt;input name=&quot;stapler-class&quot; type=&quot;hidden&quot; value=&quot;hudson.scm.browsers.CollabNetSVN&quot;&gt;&lt;input name=&quot;$class&quot; type=&quot;hidden&quot; value=&quot;hudson.scm.browsers.CollabNetSVN&quot;&gt;&lt;/td&gt;&lt;/tr&gt;&lt;tr class=&quot;dropdownList-end rowvg-end&quot;&gt;&lt;/tr&gt;&lt;tr class=&quot;dropdownList-start rowvg-start&quot; field-disabled=&quot;true&quot; style=&quot;display: none;&quot;&gt;&lt;/tr&gt;&lt;tr class=&quot;render-on-demand &quot; proxy=&quot;makeStaplerProxy(&apos;/$stapler/bound/fb1368eb-599a-484b-aecc-6ff9d919635f&apos;,&apos;5e2a10a9-ca1f-465a-b045-b67e5d5c0165&apos;,[&apos;render&apos;])&quot; field-disabled=&quot;true&quot; style=&quot;display: none;&quot;&gt;&lt;/tr&gt;&lt;tr style=&quot;display: none;&quot; field-disabled=&quot;true&quot;&gt;&lt;td&gt;&lt;input name=&quot;stapler-class&quot; type=&quot;hidden&quot; value=&quot;hudson.scm.browsers.FishEyeSVN&quot;&gt;&lt;input name=&quot;$class&quot; type=&quot;hidden&quot; value=&quot;hudson.scm.browsers.FishEyeSVN&quot;&gt;&lt;/td&gt;&lt;/tr&gt;&lt;tr class=&quot;dropdownList-end rowvg-end&quot;&gt;&lt;/tr&gt;&lt;tr class=&quot;dropdownList-start rowvg-start&quot; field-disabled=&quot;true&quot; style=&quot;display: none;&quot;&gt;&lt;/tr&gt;&lt;tr class=&quot;render-on-demand &quot; proxy=&quot;makeStaplerProxy(&apos;/$stapler/bound/0d59d3dd-2a7a-4f41-a958-adf450e05fe4&apos;,&apos;5e2a10a9-ca1f-465a-b045-b67e5d5c0165&apos;,[&apos;render&apos;])&quot; field-disabled=&quot;true&quot; style=&quot;display: none;&quot;&gt;&lt;/tr&gt;&lt;tr style=&quot;display: none;&quot; field-disabled=&quot;true&quot;&gt;&lt;td&gt;&lt;input name=&quot;stapler-class&quot; type=&quot;hidden&quot; value=&quot;hudson.scm.browsers.SVNWeb&quot;&gt;&lt;input name=&quot;$class&quot; type=&quot;hidden&quot; value=&quot;hudson.scm.browsers.SVNWeb&quot;&gt;&lt;/td&gt;&lt;/tr&gt;&lt;tr class=&quot;dropdownList-end rowvg-end&quot;&gt;&lt;/tr&gt;&lt;tr class=&quot;dropdownList-start rowvg-start&quot; field-disabled=&quot;true&quot; style=&quot;display: none;&quot;&gt;&lt;/tr&gt;&lt;tr class=&quot;render-on-demand &quot; proxy=&quot;makeStaplerProxy(&apos;/$stapler/bound/46ca6234-6b34-4265-b9f2-4e1e1ddd2154&apos;,&apos;5e2a10a9-ca1f-465a-b045-b67e5d5c0165&apos;,[&apos;render&apos;])&quot; field-disabled=&quot;true&quot; style=&quot;display: none;&quot;&gt;&lt;/tr&gt;&lt;tr style=&quot;display: none;&quot; field-disabled=&quot;true&quot;&gt;&lt;td&gt;&lt;input name=&quot;stapler-class&quot; type=&quot;hidden&quot; value=&quot;hudson.scm.browsers.Sventon&quot;&gt;&lt;input name=&quot;$class&quot; type=&quot;hidden&quot; value=&quot;hudson.scm.browsers.Sventon&quot;&gt;&lt;/td&gt;&lt;/tr&gt;&lt;tr class=&quot;dropdownList-end rowvg-end&quot;&gt;&lt;/tr&gt;&lt;tr class=&quot;dropdownList-start rowvg-start&quot; field-disabled=&quot;true&quot; style=&quot;display: none;&quot;&gt;&lt;/tr&gt;&lt;tr class=&quot;render-on-demand &quot; proxy=&quot;makeStaplerProxy(&apos;/$stapler/bound/632b393f-d697-4534-b2e3-a542c22e35dd&apos;,&apos;5e2a10a9-ca1f-465a-b045-b67e5d5c0165&apos;,[&apos;render&apos;])&quot; field-disabled=&quot;true&quot; style=&quot;display: none;&quot;&gt;&lt;/tr&gt;&lt;tr style=&quot;display: none;&quot; field-disabled=&quot;true&quot;&gt;&lt;td&gt;&lt;input name=&quot;stapler-class&quot; type=&quot;hidden&quot; value=&quot;hudson.scm.browsers.Sventon2&quot;&gt;&lt;input name=&quot;$class&quot; type=&quot;hidden&quot; value=&quot;hudson.scm.browsers.Sventon2&quot;&gt;&lt;/td&gt;&lt;/tr&gt;&lt;tr class=&quot;dropdownList-end rowvg-end&quot;&gt;&lt;/tr&gt;&lt;tr class=&quot;dropdownList-start rowvg-start&quot; field-disabled=&quot;true&quot; style=&quot;display: none;&quot;&gt;&lt;/tr&gt;&lt;tr class=&quot;render-on-demand &quot; proxy=&quot;makeStaplerProxy(&apos;/$stapler/bound/ac1124da-9dda-4033-bad3-d66518c7e2f5&apos;,&apos;5e2a10a9-ca1f-465a-b045-b67e5d5c0165&apos;,[&apos;render&apos;])&quot; field-disabled=&quot;true&quot; style=&quot;display: none;&quot;&gt;&lt;/tr&gt;&lt;tr style=&quot;display: none;&quot; field-disabled=&quot;true&quot;&gt;&lt;td&gt;&lt;input name=&quot;stapler-class&quot; type=&quot;hidden&quot; value=&quot;hudson.scm.browsers.ViewSVN&quot;&gt;&lt;input name=&quot;$class&quot; type=&quot;hidden&quot; value=&quot;hudson.scm.browsers.ViewSVN&quot;&gt;&lt;/td&gt;&lt;/tr&gt;&lt;tr class=&quot;dropdownList-end rowvg-end&quot;&gt;&lt;/tr&gt;&lt;tr class=&quot;dropdownList-start rowvg-start&quot; field-disabled=&quot;true&quot; style=&quot;display: none;&quot;&gt;&lt;/tr&gt;&lt;tr class=&quot;render-on-demand &quot; proxy=&quot;makeStaplerProxy(&apos;/$stapler/bound/6de3d0dc-b28a-42ce-afe1-a8329ac525eb&apos;,&apos;5e2a10a9-ca1f-465a-b045-b67e5d5c0165&apos;,[&apos;render&apos;])&quot; field-disabled=&quot;true&quot; style=&quot;display: none;&quot;&gt;&lt;/tr&gt;&lt;tr style=&quot;display: none;&quot; field-disabled=&quot;true&quot;&gt;&lt;td&gt;&lt;input name=&quot;stapler-class&quot; type=&quot;hidden&quot; value=&quot;hudson.scm.browsers.WebSVN&quot;&gt;&lt;input name=&quot;$class&quot; type=&quot;hidden&quot; value=&quot;hudson.scm.browsers.WebSVN&quot;&gt;&lt;/td&gt;&lt;/tr&gt;&lt;tr class=&quot;dropdownList-end rowvg-end&quot;&gt;&lt;/tr&gt;&lt;/tbody&gt;&lt;/table&gt;&lt;/td&gt;&lt;/tr&gt;&lt;tr class=&quot;help-area&quot; nameref=&quot;radio-block-12&quot; style=&quot;display: none;&quot;&gt;&lt;td&gt;&lt;/td&gt;&lt;td colspan=&quot;2&quot;&gt;&lt;div class=&quot;help&quot;&gt;Loading...&lt;/div&gt;&lt;/td&gt;&lt;td&gt;&lt;/td&gt;&lt;/tr&gt;&lt;tr nameref=&quot;radio-block-12&quot; style=&quot;display: none;&quot;&gt;&lt;td&gt;&lt;/td&gt;&lt;td&gt;&lt;/td&gt;&lt;td&gt;&lt;div style=&quot;&quot; class=&quot;advancedLink&quot;&gt;&lt;span style=&quot;display: none&quot; id=&quot;id25&quot;&gt;&lt;img src=&quot;/static/ebda7158/images/24x24/notepad.png&quot; tooltip=&quot;One or more fields in this block have been edited.&quot; style=&quot;width: 24px; height: 24px; vertical-align: baseline&quot; class=&quot;icon-notepad icon-md&quot; title=&quot;One or more fields in this block have been edited.&quot;&gt;&lt;/span&gt;&amp;nbsp;&lt;span class=&quot;yui-button yui-push-button advanced-button advancedButton&quot; id=&quot;yui-gen10&quot;&gt;&lt;span class=&quot;first-child&quot;&gt;&lt;button type=&quot;button&quot; tabindex=&quot;0&quot; id=&quot;yui-gen10-button&quot;&gt;Advanced...&lt;/button&gt;&lt;/span&gt;&lt;/span&gt;&lt;/div&gt;&lt;table class=&quot;advancedBody&quot;&gt;&lt;tbody&gt;&lt;tr&gt;&lt;td class=&quot;setting-leftspace&quot;&gt;&amp;nbsp;&lt;/td&gt;&lt;td class=&quot;setting-name&quot;&gt;Ignore Property Changes on directories&lt;/td&gt;&lt;td class=&quot;setting-main&quot;&gt;&lt;input name=&quot;_.ignoreDirPropChanges&quot; type=&quot;checkbox&quot; class=&quot; &quot;&gt;&lt;/td&gt;&lt;td class=&quot;setting-help&quot;&gt;&lt;a helpurl=&quot;/descriptor/hudson.scm.SubversionSCM/help/ignoreDirPropChanges&quot; href=&quot;#&quot; class=&quot;help-button&quot; tabindex=&quot;9999&quot;&gt;&lt;img src=&quot;/static/ebda7158/images/16x16/help.png&quot; alt=&quot;Help for feature: Ignore Property Changes on directories&quot; style=&quot;width: 16px; height: 16px; &quot; class=&quot;icon-help icon-sm&quot;&gt;&lt;/a&gt;&lt;/td&gt;&lt;/tr&gt;&lt;tr class=&quot;validation-error-area&quot;&gt;&lt;td colspan=&quot;2&quot;&gt;&lt;/td&gt;&lt;td&gt;&lt;/td&gt;&lt;td&gt;&lt;/td&gt;&lt;/tr&gt;&lt;tr class=&quot;help-area&quot;&gt;&lt;td&gt;&lt;/td&gt;&lt;td colspan=&quot;2&quot;&gt;&lt;div class=&quot;help&quot;&gt;Loading...&lt;/div&gt;&lt;/td&gt;&lt;td&gt;&lt;/td&gt;&lt;/tr&gt;&lt;tr&gt;&lt;td class=&quot;setting-leftspace&quot;&gt;&amp;nbsp;&lt;/td&gt;&lt;td class=&quot;setting-name&quot;&gt;Excluded Regions&lt;/td&gt;&lt;td class=&quot;setting-main&quot;&gt;&lt;textarea checkdependson=&quot;&quot; name=&quot;_.excludedRegions&quot; rows=&quot;5&quot; class=&quot;setting-input validated  &quot; checkurl=&quot;/job/viewed_job/descriptorByName/hudson.scm.SubversionSCM/checkExcludedRegions&quot;&gt;&lt;/textarea&gt;&lt;div class=&quot;textarea-handle&quot;&gt;&lt;/div&gt;&lt;/td&gt;&lt;td class=&quot;setting-help&quot;&gt;&lt;a helpurl=&quot;/descriptor/hudson.scm.SubversionSCM/help/excludedRegions&quot; href=&quot;#&quot; class=&quot;help-button&quot; tabindex=&quot;9999&quot;&gt;&lt;img src=&quot;/static/ebda7158/images/16x16/help.png&quot; alt=&quot;Help for feature: Excluded Regions&quot; style=&quot;width: 16px; height: 16px; &quot; class=&quot;icon-help icon-sm&quot;&gt;&lt;/a&gt;&lt;/td&gt;&lt;/tr&gt;&lt;tr class=&quot;validation-error-area&quot;&gt;&lt;td colspan=&quot;2&quot;&gt;&lt;/td&gt;&lt;td&gt;&lt;div&gt;&lt;/div&gt;&lt;/td&gt;&lt;td&gt;&lt;/td&gt;&lt;/tr&gt;&lt;tr class=&quot;help-area&quot;&gt;&lt;td&gt;&lt;/td&gt;&lt;td colspan=&quot;2&quot;&gt;&lt;div class=&quot;help&quot;&gt;Loading...&lt;/div&gt;&lt;/td&gt;&lt;td&gt;&lt;/td&gt;&lt;/tr&gt;&lt;tr&gt;&lt;td class=&quot;setting-leftspace&quot;&gt;&amp;nbsp;&lt;/td&gt;&lt;td class=&quot;setting-name&quot;&gt;Included Regions&lt;/td&gt;&lt;td class=&quot;setting-main&quot;&gt;&lt;textarea checkdependson=&quot;&quot; name=&quot;_.includedRegions&quot; rows=&quot;5&quot; class=&quot;setting-input validated  &quot; checkurl=&quot;/job/viewed_job/descriptorByName/hudson.scm.SubversionSCM/checkIncludedRegions&quot;&gt;&lt;/textarea&gt;&lt;div class=&quot;textarea-handle&quot;&gt;&lt;/div&gt;&lt;/td&gt;&lt;td class=&quot;setting-help&quot;&gt;&lt;a helpurl=&quot;/descriptor/hudson.scm.SubversionSCM/help/includedRegions&quot; href=&quot;#&quot; class=&quot;help-button&quot; tabindex=&quot;9999&quot;&gt;&lt;img src=&quot;/static/ebda7158/images/16x16/help.png&quot; alt=&quot;Help for feature: Included Regions&quot; style=&quot;width: 16px; height: 16px; &quot; class=&quot;icon-help icon-sm&quot;&gt;&lt;/a&gt;&lt;/td&gt;&lt;/tr&gt;&lt;tr class=&quot;validation-error-area&quot;&gt;&lt;td colspan=&quot;2&quot;&gt;&lt;/td&gt;&lt;td&gt;&lt;a href=&quot;&quot; onclick=&quot;document.getElementById(&apos;valerr32&apos;).style.display=&apos;block&apos;;return false&quot;&gt;ERROR&lt;/a&gt;&lt;div id=&quot;valerr32&quot; style=&quot;display:none&quot;&gt;&lt;/div&gt;&lt;/td&gt;&lt;td&gt;&lt;/td&gt;&lt;/tr&gt;&lt;tr class=&quot;help-area&quot;&gt;&lt;td&gt;&lt;/td&gt;&lt;td colspan=&quot;2&quot;&gt;&lt;div class=&quot;help&quot;&gt;Loading...&lt;/div&gt;&lt;/td&gt;&lt;td&gt;&lt;/td&gt;&lt;/tr&gt;&lt;tr&gt;&lt;td class=&quot;setting-leftspace&quot;&gt;&amp;nbsp;&lt;/td&gt;&lt;td class=&quot;setting-name&quot;&gt;Excluded Users&lt;/td&gt;&lt;td class=&quot;setting-main&quot;&gt;&lt;textarea checkdependson=&quot;&quot; name=&quot;_.excludedUsers&quot; rows=&quot;5&quot; class=&quot;setting-input validated  &quot; checkurl=&quot;/job/viewed_job/descriptorByName/hudson.scm.SubversionSCM/checkExcludedUsers&quot;&gt;&lt;/textarea&gt;&lt;div class=&quot;textarea-handle&quot;&gt;&lt;/div&gt;&lt;/td&gt;&lt;td class=&quot;setting-help&quot;&gt;&lt;a helpurl=&quot;/descriptor/hudson.scm.SubversionSCM/help/excludedUsers&quot; href=&quot;#&quot; class=&quot;help-button&quot; tabindex=&quot;9999&quot;&gt;&lt;img src=&quot;/static/ebda7158/images/16x16/help.png&quot; alt=&quot;Help for feature: Excluded Users&quot; style=&quot;width: 16px; height: 16px; &quot; class=&quot;icon-help icon-sm&quot;&gt;&lt;/a&gt;&lt;/td&gt;&lt;/tr&gt;&lt;tr class=&quot;validation-error-area&quot;&gt;&lt;td colspan=&quot;2&quot;&gt;&lt;/td&gt;&lt;td&gt;&lt;/td&gt;&lt;td&gt;&lt;/td&gt;&lt;/tr&gt;&lt;tr class=&quot;help-area&quot;&gt;&lt;td&gt;&lt;/td&gt;&lt;td colspan=&quot;2&quot;&gt;&lt;div class=&quot;help&quot;&gt;Loading...&lt;/div&gt;&lt;/td&gt;&lt;td&gt;&lt;/td&gt;&lt;/tr&gt;&lt;tr&gt;&lt;td class=&quot;setting-leftspace&quot;&gt;&amp;nbsp;&lt;/td&gt;&lt;td class=&quot;setting-name&quot;&gt;Excluded Commit Messages&lt;/td&gt;&lt;td class=&quot;setting-main&quot;&gt;&lt;textarea checkdependson=&quot;&quot; name=&quot;_.excludedCommitMessages&quot; rows=&quot;5&quot; class=&quot;setting-input validated  &quot; checkurl=&quot;/job/viewed_job/descriptorByName/hudson.scm.SubversionSCM/checkExcludedCommitMessages&quot;&gt;&lt;/textarea&gt;&lt;div class=&quot;textarea-handle&quot;&gt;&lt;/div&gt;&lt;/td&gt;&lt;td class=&quot;setting-help&quot;&gt;&lt;a helpurl=&quot;/descriptor/hudson.scm.SubversionSCM/help/excludedCommitMessages&quot; href=&quot;#&quot; class=&quot;help-button&quot; tabindex=&quot;9999&quot;&gt;&lt;img src=&quot;/static/ebda7158/images/16x16/help.png&quot; alt=&quot;Help for feature: Excluded Commit Messages&quot; style=&quot;width: 16px; height: 16px; &quot; class=&quot;icon-help icon-sm&quot;&gt;&lt;/a&gt;&lt;/td&gt;&lt;/tr&gt;&lt;tr class=&quot;validation-error-area&quot;&gt;&lt;td colspan=&quot;2&quot;&gt;&lt;/td&gt;&lt;td&gt;&lt;/td&gt;&lt;td&gt;&lt;/td&gt;&lt;/tr&gt;&lt;tr class=&quot;help-area&quot;&gt;&lt;td&gt;&lt;/td&gt;&lt;td colspan=&quot;2&quot;&gt;&lt;div class=&quot;help&quot;&gt;Loading...&lt;/div&gt;&lt;/td&gt;&lt;td&gt;&lt;/td&gt;&lt;/tr&gt;&lt;tr&gt;&lt;td class=&quot;setting-leftspace&quot;&gt;&amp;nbsp;&lt;/td&gt;&lt;td class=&quot;setting-name&quot;&gt;Exclusion revprop name&lt;/td&gt;&lt;td class=&quot;setting-main&quot;&gt;&#10;   &#10;&#10;  &#10;  &lt;input checkurl=&quot;&apos;descriptorByName/hudson.scm.SubversionSCM/checkRevisionPropertiesSupported?value=&apos;+toValue(document.getElementById(&apos;svn.remote.loc&apos;))&quot; name=&quot;_.excludedRevprop&quot; type=&quot;text&quot; class=&quot;setting-input validated  &quot; value=&quot;&quot;&gt;&lt;/td&gt;&lt;td class=&quot;setting-help&quot;&gt;&lt;a helpurl=&quot;/descriptor/hudson.scm.SubversionSCM/help/excludedRevprop&quot; href=&quot;#&quot; class=&quot;help-button&quot; tabindex=&quot;9999&quot;&gt;&lt;img src=&quot;/static/ebda7158/images/16x16/help.png&quot; alt=&quot;Help for feature: Exclusion revprop name&quot; style=&quot;width: 16px; height: 16px; &quot; class=&quot;icon-help icon-sm&quot;&gt;&lt;/a&gt;&lt;/td&gt;&lt;/tr&gt;&lt;tr class=&quot;validation-error-area&quot;&gt;&lt;td colspan=&quot;2&quot;&gt;&lt;/td&gt;&lt;td&gt;&lt;div&gt;&lt;/div&gt;&lt;/td&gt;&lt;td&gt;&lt;/td&gt;&lt;/tr&gt;&lt;tr class=&quot;help-area&quot;&gt;&lt;td&gt;&lt;/td&gt;&lt;td colspan=&quot;2&quot;&gt;&lt;div class=&quot;help&quot;&gt;Loading...&lt;/div&gt;&lt;/td&gt;&lt;td&gt;&lt;/td&gt;&lt;/tr&gt;&lt;tr&gt;&lt;td class=&quot;setting-leftspace&quot;&gt;&amp;nbsp;&lt;/td&gt;&lt;td class=&quot;setting-name&quot;&gt;Filter changelog&lt;/td&gt;&lt;td class=&quot;setting-main&quot;&gt;&lt;input name=&quot;_.filterChangelog&quot; type=&quot;checkbox&quot; class=&quot; &quot;&gt;&lt;/td&gt;&lt;td class=&quot;setting-help&quot;&gt;&lt;a helpurl=&quot;/descriptor/hudson.scm.SubversionSCM/help/filterChangelog&quot; href=&quot;#&quot; class=&quot;help-button&quot; tabindex=&quot;9999&quot;&gt;&lt;img src=&quot;/static/ebda7158/images/16x16/help.png&quot; alt=&quot;Help for feature: Filter changelog&quot; style=&quot;width: 16px; height: 16px; &quot; class=&quot;icon-help icon-sm&quot;&gt;&lt;/a&gt;&lt;/td&gt;&lt;/tr&gt;&lt;tr class=&quot;validation-error-area&quot;&gt;&lt;td colspan=&quot;2&quot;&gt;&lt;/td&gt;&lt;td&gt;&lt;/td&gt;&lt;td&gt;&lt;/td&gt;&lt;/tr&gt;&lt;tr class=&quot;help-area&quot;&gt;&lt;td&gt;&lt;/td&gt;&lt;td colspan=&quot;2&quot;&gt;&lt;div class=&quot;help&quot;&gt;Loading...&lt;/div&gt;&lt;/td&gt;&lt;td&gt;&lt;/td&gt;&lt;/tr&gt;&lt;/tbody&gt;&lt;/table&gt;&lt;/td&gt;&lt;td&gt;&lt;/td&gt;&lt;/tr&gt;&lt;tr style=&quot;display:none&quot; class=&quot;row-set-end radio-block-end&quot;&gt;&lt;/tr&gt;&lt;tr&gt;&lt;td colspan=&quot;4&quot;&gt;&lt;div class=&quot;section-header&quot;&gt;&lt;a id=&quot;section6&quot; class=&quot;section-anchor&quot;&gt;#&lt;/a&gt;Build Triggers&lt;/div&gt;&lt;/td&gt;&lt;/tr&gt;&lt;tr class=&quot;optional-block-start row-set-start&quot; hashelp=&quot;true&quot; ref=&quot;cb27&quot;&gt;&lt;td colspan=&quot;3&quot;&gt;&lt;input onclick=&quot;javascript:updateOptionalBlock(this,true)&quot; name=&quot;jenkins-triggers-ReverseBuildTrigger&quot; type=&quot;checkbox&quot; class=&quot; &quot; id=&quot;cb27&quot; path=&quot;/jenkins-triggers-ReverseBuildTrigger&quot;&gt;&lt;label class=&quot;attach-previous&quot;&gt;Build after other projects are built&lt;/label&gt;&lt;/td&gt;&lt;td class=&quot;setting-help&quot;&gt;&lt;a helpurl=&quot;/descriptor/jenkins.triggers.ReverseBuildTrigger/help&quot; href=&quot;#&quot; class=&quot;help-button&quot; tabindex=&quot;9999&quot;&gt;&lt;img src=&quot;/static/ebda7158/images/16x16/help.png&quot; alt=&quot;Help for feature: Build after other projects are built&quot; style=&quot;width: 16px; height: 16px; &quot; class=&quot;icon-help icon-sm&quot;&gt;&lt;/a&gt;&lt;/td&gt;&lt;/tr&gt;&lt;tr class=&quot;help-area&quot; nameref=&quot;cb27&quot;&gt;&lt;td&gt;&lt;/td&gt;&lt;td colspan=&quot;2&quot;&gt;&lt;div class=&quot;help&quot;&gt;Loading...&lt;/div&gt;&lt;/td&gt;&lt;td&gt;&lt;/td&gt;&lt;/tr&gt;&lt;tr class=&quot;rowvg-start&quot; nameref=&quot;cb27&quot; style=&quot;display: none;&quot;&gt;&lt;/tr&gt;&lt;tr nameref=&quot;cb27&quot; style=&quot;display: none;&quot;&gt;&lt;td class=&quot;setting-leftspace&quot;&gt;&amp;nbsp;&lt;/td&gt;&lt;td class=&quot;setting-name&quot;&gt;Projects to watch&lt;/td&gt;&lt;td class=&quot;setting-main&quot;&gt;&#10;   &#10;&#10;  &#10;  &lt;input checkdependson=&quot;&quot; autocompleteurl=&quot;/job/viewed_job/descriptorByName/jenkins.triggers.ReverseBuildTrigger/autoCompleteUpstreamProjects&quot; checkurl=&quot;/job/viewed_job/descriptorByName/jenkins.triggers.ReverseBuildTrigger/checkUpstreamProjects&quot; autocompletedelimchar=&quot;,&quot; name=&quot;_.upstreamProjects&quot; type=&quot;text&quot; class=&quot;setting-input validated auto-complete  yui-ac-input&quot; value=&quot;&quot; autocomplete=&quot;off&quot; style=&quot;position: relative;&quot;&gt;&lt;div class=&quot;yui-ac-container&quot;&gt;&lt;div class=&quot;yui-ac-content&quot; style=&quot;display: none;&quot;&gt;&lt;div class=&quot;yui-ac-hd&quot; style=&quot;display: none;&quot;&gt;&lt;/div&gt;&lt;div class=&quot;yui-ac-bd&quot;&gt;&lt;ul&gt;&lt;li style=&quot;display: none;&quot;&gt;&lt;/li&gt;&lt;li style=&quot;display: none;&quot;&gt;&lt;/li&gt;&lt;li style=&quot;display: none;&quot;&gt;&lt;/li&gt;&lt;li style=&quot;display: none;&quot;&gt;&lt;/li&gt;&lt;li style=&quot;display: none;&quot;&gt;&lt;/li&gt;&lt;li style=&quot;display: none;&quot;&gt;&lt;/li&gt;&lt;li style=&quot;display: none;&quot;&gt;&lt;/li&gt;&lt;li style=&quot;display: none;&quot;&gt;&lt;/li&gt;&lt;li style=&quot;display: none;&quot;&gt;&lt;/li&gt;&lt;li style=&quot;display: none;&quot;&gt;&lt;/li&gt;&lt;/ul&gt;&lt;/div&gt;&lt;div class=&quot;yui-ac-ft&quot; style=&quot;display: none;&quot;&gt;&lt;/div&gt;&lt;/div&gt;&lt;/div&gt;&lt;/td&gt;&lt;td class=&quot;setting-no-help&quot;&gt;&lt;/td&gt;&lt;/tr&gt;&lt;tr class=&quot;validation-error-area&quot; nameref=&quot;cb27&quot; style=&quot;display: none;&quot;&gt;&lt;td colspan=&quot;2&quot;&gt;&lt;/td&gt;&lt;td&gt;&lt;div class=&quot;error&quot;&gt;&lt;img src=&quot;/static/ebda7158/images/none.gif&quot; height=&quot;16&quot; width=&quot;1&quot;&gt;No project specified&lt;/div&gt;&lt;/td&gt;&lt;td&gt;&lt;/td&gt;&lt;/tr&gt;&lt;tr nameref=&quot;cb27&quot; style=&quot;display: none;&quot;&gt;&lt;td class=&quot;setting-leftspace&quot;&gt;&amp;nbsp;&lt;/td&gt;&lt;td class=&quot;setting-name&quot;&gt;&lt;/td&gt;&lt;td class=&quot;setting-main&quot;&gt;&lt;input name=&quot;ReverseBuildTrigger.threshold&quot; checked=&quot;true&quot; type=&quot;radio&quot; value=&quot;SUCCESS&quot;&gt;&lt;label class=&quot;attach-previous&quot;&gt;Trigger only if build is stable&lt;/label&gt;&lt;/td&gt;&lt;td class=&quot;setting-no-help&quot;&gt;&lt;/td&gt;&lt;/tr&gt;&lt;tr class=&quot;validation-error-area&quot; nameref=&quot;cb27&quot; style=&quot;display: none;&quot;&gt;&lt;td colspan=&quot;2&quot;&gt;&lt;/td&gt;&lt;td&gt;&lt;/td&gt;&lt;td&gt;&lt;/td&gt;&lt;/tr&gt;&lt;tr nameref=&quot;cb27&quot; style=&quot;display: none;&quot;&gt;&lt;td class=&quot;setting-leftspace&quot;&gt;&amp;nbsp;&lt;/td&gt;&lt;td class=&quot;setting-name&quot;&gt;&lt;/td&gt;&lt;td class=&quot;setting-main&quot;&gt;&lt;input name=&quot;ReverseBuildTrigger.threshold&quot; type=&quot;radio&quot; value=&quot;UNSTABLE&quot;&gt;&lt;label class=&quot;attach-previous&quot;&gt;Trigger even if the build is unstable&lt;/label&gt;&lt;/td&gt;&lt;td class=&quot;setting-no-help&quot;&gt;&lt;/td&gt;&lt;/tr&gt;&lt;tr class=&quot;validation-error-area&quot; nameref=&quot;cb27&quot; style=&quot;display: none;&quot;&gt;&lt;td colspan=&quot;2&quot;&gt;&lt;/td&gt;&lt;td&gt;&lt;/td&gt;&lt;td&gt;&lt;/td&gt;&lt;/tr&gt;&lt;tr nameref=&quot;cb27&quot; style=&quot;display: none;&quot;&gt;&lt;td class=&quot;setting-leftspace&quot;&gt;&amp;nbsp;&lt;/td&gt;&lt;td class=&quot;setting-name&quot;&gt;&lt;/td&gt;&lt;td class=&quot;setting-main&quot;&gt;&lt;input name=&quot;ReverseBuildTrigger.threshold&quot; type=&quot;radio&quot; value=&quot;FAILURE&quot;&gt;&lt;label class=&quot;attach-previous&quot;&gt;Trigger even if the build fails&lt;/label&gt;&lt;/td&gt;&lt;td class=&quot;setting-no-help&quot;&gt;&lt;/td&gt;&lt;/tr&gt;&lt;tr class=&quot;validation-error-area&quot; nameref=&quot;cb27&quot; style=&quot;display: none;&quot;&gt;&lt;td colspan=&quot;2&quot;&gt;&lt;/td&gt;&lt;td&gt;&lt;/td&gt;&lt;td&gt;&lt;/td&gt;&lt;/tr&gt;&lt;tr class=&quot;row-set-end rowvg-end optional-block-end&quot;&gt;&lt;/tr&gt;&lt;tr class=&quot;optional-block-start row-set-start&quot; hashelp=&quot;true&quot; ref=&quot;cb28&quot;&gt;&lt;td colspan=&quot;3&quot;&gt;&lt;input onclick=&quot;javascript:updateOptionalBlock(this,true)&quot; name=&quot;hudson-triggers-TimerTrigger&quot; type=&quot;checkbox&quot; class=&quot; &quot; id=&quot;cb28&quot; path=&quot;/hudson-triggers-TimerTrigger&quot;&gt;&lt;label class=&quot;attach-previous&quot;&gt;Build periodically&lt;/label&gt;&lt;/td&gt;&lt;td class=&quot;setting-help&quot;&gt;&lt;a helpurl=&quot;/descriptor/hudson.triggers.TimerTrigger/help&quot; href=&quot;#&quot; class=&quot;help-button&quot; tabindex=&quot;9999&quot;&gt;&lt;img src=&quot;/static/ebda7158/images/16x16/help.png&quot; alt=&quot;Help for feature: Build periodically&quot; style=&quot;width: 16px; height: 16px; &quot; class=&quot;icon-help icon-sm&quot;&gt;&lt;/a&gt;&lt;/td&gt;&lt;/tr&gt;&lt;tr class=&quot;help-area&quot; nameref=&quot;cb28&quot;&gt;&lt;td&gt;&lt;/td&gt;&lt;td colspan=&quot;2&quot;&gt;&lt;div class=&quot;help&quot;&gt;Loading...&lt;/div&gt;&lt;/td&gt;&lt;td&gt;&lt;/td&gt;&lt;/tr&gt;&lt;tr class=&quot;rowvg-start&quot; nameref=&quot;cb28&quot; style=&quot;display: none;&quot;&gt;&lt;/tr&gt;&lt;tr nameref=&quot;cb28&quot; style=&quot;display: none;&quot;&gt;&lt;td class=&quot;setting-leftspace&quot;&gt;&amp;nbsp;&lt;/td&gt;&lt;td class=&quot;setting-name&quot;&gt;Schedule&lt;/td&gt;&lt;td class=&quot;setting-main&quot;&gt;&lt;textarea checkdependson=&quot;&quot; name=&quot;_.spec&quot; rows=&quot;5&quot; class=&quot;setting-input validated  &quot; checkurl=&quot;/job/viewed_job/descriptorByName/hudson.triggers.TimerTrigger/checkSpec&quot;&gt;&lt;/textarea&gt;&lt;div class=&quot;textarea-handle&quot;&gt;&lt;/div&gt;&lt;/td&gt;&lt;td class=&quot;setting-help&quot;&gt;&lt;a helpurl=&quot;/descriptor/hudson.triggers.TimerTrigger/help/spec&quot; href=&quot;#&quot; class=&quot;help-button&quot; tabindex=&quot;9999&quot;&gt;&lt;img src=&quot;/static/ebda7158/images/16x16/help.png&quot; alt=&quot;Help for feature: Schedule&quot; style=&quot;width: 16px; height: 16px; &quot; class=&quot;icon-help icon-sm&quot;&gt;&lt;/a&gt;&lt;/td&gt;&lt;/tr&gt;&lt;tr class=&quot;validation-error-area&quot; nameref=&quot;cb28&quot; style=&quot;display: none;&quot;&gt;&lt;td colspan=&quot;2&quot;&gt;&lt;/td&gt;&lt;td&gt;&lt;/td&gt;&lt;td&gt;&lt;/td&gt;&lt;/tr&gt;&lt;tr class=&quot;help-area&quot; nameref=&quot;cb28&quot; style=&quot;display: none;&quot;&gt;&lt;td&gt;&lt;/td&gt;&lt;td colspan=&quot;2&quot;&gt;&lt;div class=&quot;help&quot;&gt;Loading...&lt;/div&gt;&lt;/td&gt;&lt;td&gt;&lt;/td&gt;&lt;/tr&gt;&lt;tr class=&quot;row-set-end rowvg-end optional-block-end&quot;&gt;&lt;/tr&gt;&lt;tr class=&quot;optional-block-start row-set-start&quot; hashelp=&quot;true&quot; ref=&quot;cb29&quot;&gt;&lt;td colspan=&quot;3&quot;&gt;&lt;input onclick=&quot;javascript:updateOptionalBlock(this,true)&quot; name=&quot;hudson-triggers-SCMTrigger&quot; type=&quot;checkbox&quot; class=&quot; &quot; id=&quot;cb29&quot; path=&quot;/hudson-triggers-SCMTrigger&quot;&gt;&lt;label class=&quot;attach-previous&quot;&gt;Poll SCM&lt;/label&gt;&lt;/td&gt;&lt;td class=&quot;setting-help&quot;&gt;&lt;a helpurl=&quot;/descriptor/hudson.triggers.SCMTrigger/help&quot; href=&quot;#&quot; class=&quot;help-button&quot; tabindex=&quot;9999&quot;&gt;&lt;img src=&quot;/static/ebda7158/images/16x16/help.png&quot; alt=&quot;Help for feature: Poll SCM&quot; style=&quot;width: 16px; height: 16px; &quot; class=&quot;icon-help icon-sm&quot;&gt;&lt;/a&gt;&lt;/td&gt;&lt;/tr&gt;&lt;tr class=&quot;help-area&quot; nameref=&quot;cb29&quot;&gt;&lt;td&gt;&lt;/td&gt;&lt;td colspan=&quot;2&quot;&gt;&lt;div class=&quot;help&quot;&gt;Loading...&lt;/div&gt;&lt;/td&gt;&lt;td&gt;&lt;/td&gt;&lt;/tr&gt;&lt;tr class=&quot;rowvg-start&quot; nameref=&quot;cb29&quot; style=&quot;display: none;&quot;&gt;&lt;/tr&gt;&lt;tr nameref=&quot;cb29&quot; style=&quot;display: none;&quot;&gt;&lt;td class=&quot;setting-leftspace&quot;&gt;&amp;nbsp;&lt;/td&gt;&lt;td class=&quot;setting-name&quot;&gt;Schedule&lt;/td&gt;&lt;td class=&quot;setting-main&quot;&gt;&lt;textarea name=&quot;scmpoll_spec&quot; rows=&quot;5&quot; class=&quot;setting-input validated  &quot; checkurl=&quot;&apos;/trigger/TimerTrigger/check?value=&apos;+encodeURIComponent(this.value)&quot;&gt;&lt;/textarea&gt;&lt;div class=&quot;textarea-handle&quot;&gt;&lt;/div&gt;&lt;/td&gt;&lt;td class=&quot;setting-help&quot;&gt;&lt;a helpurl=&quot;/descriptor/hudson.triggers.TimerTrigger/help/spec&quot; href=&quot;#&quot; class=&quot;help-button&quot; tabindex=&quot;9999&quot;&gt;&lt;img src=&quot;/static/ebda7158/images/16x16/help.png&quot; alt=&quot;Help for feature: Schedule&quot; style=&quot;width: 16px; height: 16px; &quot; class=&quot;icon-help icon-sm&quot;&gt;&lt;/a&gt;&lt;/td&gt;&lt;/tr&gt;&lt;tr class=&quot;validation-error-area&quot; nameref=&quot;cb29&quot; style=&quot;display: none;&quot;&gt;&lt;td colspan=&quot;2&quot;&gt;&lt;/td&gt;&lt;td&gt;&lt;/td&gt;&lt;td&gt;&lt;/td&gt;&lt;/tr&gt;&lt;tr class=&quot;help-area&quot; nameref=&quot;cb29&quot; style=&quot;display: none;&quot;&gt;&lt;td&gt;&lt;/td&gt;&lt;td colspan=&quot;2&quot;&gt;&lt;div class=&quot;help&quot;&gt;Loading...&lt;/div&gt;&lt;/td&gt;&lt;td&gt;&lt;/td&gt;&lt;/tr&gt;&lt;tr nameref=&quot;cb29&quot; style=&quot;display: none;&quot;&gt;&lt;td class=&quot;setting-leftspace&quot;&gt;&amp;nbsp;&lt;/td&gt;&lt;td class=&quot;setting-name&quot;&gt;Ignore post-commit hooks&lt;/td&gt;&lt;td class=&quot;setting-main&quot;&gt;&lt;input name=&quot;_.ignorePostCommitHooks&quot; type=&quot;checkbox&quot; class=&quot; &quot;&gt;&lt;/td&gt;&lt;td class=&quot;setting-help&quot;&gt;&lt;a helpurl=&quot;/descriptor/hudson.triggers.SCMTrigger/help/ignorePostCommitHooks&quot; href=&quot;#&quot; class=&quot;help-button&quot; tabindex=&quot;9999&quot;&gt;&lt;img src=&quot;/static/ebda7158/images/16x16/help.png&quot; alt=&quot;Help for feature: Ignore post-commit hooks&quot; style=&quot;width: 16px; height: 16px; &quot; class=&quot;icon-help icon-sm&quot;&gt;&lt;/a&gt;&lt;/td&gt;&lt;/tr&gt;&lt;tr class=&quot;validation-error-area&quot; nameref=&quot;cb29&quot; style=&quot;display: none;&quot;&gt;&lt;td colspan=&quot;2&quot;&gt;&lt;/td&gt;&lt;td&gt;&lt;/td&gt;&lt;td&gt;&lt;/td&gt;&lt;/tr&gt;&lt;tr class=&quot;help-area&quot; nameref=&quot;cb29&quot; style=&quot;display: none;&quot;&gt;&lt;td&gt;&lt;/td&gt;&lt;td colspan=&quot;2&quot;&gt;&lt;div class=&quot;help&quot;&gt;Loading...&lt;/div&gt;&lt;/td&gt;&lt;td&gt;&lt;/td&gt;&lt;/tr&gt;&lt;tr class=&quot;row-set-end rowvg-end optional-block-end&quot;&gt;&lt;/tr&gt;&lt;tr&gt;&lt;td colspan=&quot;4&quot;&gt;&lt;div class=&quot;section-header&quot;&gt;&lt;a id=&quot;section7&quot; class=&quot;section-anchor&quot;&gt;#&lt;/a&gt;Build&lt;/div&gt;&lt;/td&gt;&lt;/tr&gt;&lt;tr&gt;&lt;td colspan=&quot;4&quot;&gt;&lt;div class=&quot;hetero-list-container with-drag-drop  &quot;&gt;&lt;div class=&quot;repeatable-insertion-point&quot;&gt;&lt;/div&gt;&lt;div&gt;&lt;span class=&quot;yui-button yui-menu-button&quot; id=&quot;yui-gen3&quot;&gt;&lt;span class=&quot;first-child&quot;&gt;&lt;button type=&quot;button&quot; tabindex=&quot;0&quot; id=&quot;yui-gen3-button&quot; class=&quot;hetero-list-add&quot; suffix=&quot;builder&quot; path=&quot;/hetero-list-add[builder]&quot;&gt;Add build step&lt;/button&gt;&lt;/span&gt;&lt;/span&gt;&lt;/div&gt;&lt;/div&gt;&lt;/td&gt;&lt;/tr&gt;&lt;tr&gt;&lt;td colspan=&quot;4&quot;&gt;&lt;div class=&quot;section-header&quot;&gt;&lt;a id=&quot;section8&quot; class=&quot;section-anchor&quot;&gt;#&lt;/a&gt;Post-build Actions&lt;/div&gt;&lt;/td&gt;&lt;/tr&gt;&lt;tr&gt;&lt;td colspan=&quot;4&quot;&gt;&lt;div class=&quot;hetero-list-container with-drag-drop one-each honor-order&quot;&gt;&lt;div class=&quot;repeatable-insertion-point&quot;&gt;&lt;/div&gt;&lt;div&gt;&lt;span class=&quot;yui-button yui-menu-button&quot; id=&quot;yui-gen5&quot;&gt;&lt;span class=&quot;first-child&quot;&gt;&lt;button type=&quot;button&quot; tabindex=&quot;0&quot; id=&quot;yui-gen5-button&quot; class=&quot;hetero-list-add&quot; suffix=&quot;publisher&quot; path=&quot;/hetero-list-add[publisher]&quot;&gt;Add post-build action&lt;/button&gt;&lt;/span&gt;&lt;/span&gt;&lt;/div&gt;&lt;/div&gt;&lt;/td&gt;&lt;/tr&gt;&lt;tr&gt;&lt;td colspan=&quot;4&quot;&gt;&lt;div style=&quot;height: 74px;&quot;&gt;&lt;/div&gt;&lt;div id=&quot;bottom-sticker&quot; style=&quot;position: fixed; bottom: 0px; left: 338px;&quot;&gt;&lt;div class=&quot;bottom-sticker-edge&quot;&gt;&lt;/div&gt;&lt;div class=&quot;bottom-sticker-inner&quot;&gt;&lt;span class=&quot;yui-button yui-submit-button submit-button primary&quot; id=&quot;yui-gen30&quot; name=&quot;Submit&quot; path=&quot;/Submit&quot;&gt;&lt;span class=&quot;first-child&quot;&gt;&lt;button type=&quot;button&quot; tabindex=&quot;0&quot; id=&quot;yui-gen30-button&quot;&gt;Save&lt;/button&gt;&lt;/span&gt;&lt;/span&gt;&lt;script src=&quot;/adjuncts/ebda7158/lib/form/apply/apply.js&quot; type=&quot;text/javascript&quot;&gt;&lt;/script&gt;&lt;input type=&quot;hidden&quot; name=&quot;core:apply&quot; value=&quot;&quot; path=&quot;/core:apply&quot;&gt;&lt;span class=&quot;yui-button yui-push-button apply-button applyButton&quot; id=&quot;yui-gen11&quot; name=&quot;Apply&quot; path=&quot;/Apply&quot;&gt;&lt;span class=&quot;first-child&quot;&gt;&lt;button type=&quot;button&quot; tabindex=&quot;0&quot; id=&quot;yui-gen11-button&quot; path=&quot;/Apply/apply-button&quot;&gt;Apply&lt;/button&gt;&lt;/span&gt;&lt;/span&gt;&lt;/div&gt;&lt;/div&gt;&lt;/td&gt;&lt;/tr&gt;&lt;/tbody&gt;&lt;/table&gt;&lt;div&gt;&lt;input type=&quot;hidden&quot; name=&quot;json&quot; value=&quot;init&quot;&gt;&lt;/div&gt;&lt;/form&gt;&lt;script src=&quot;/adjuncts/ebda7158/lib/form/confirm.js&quot; type=&quot;text/javascript&quot;&gt;&lt;/script&gt;&lt;/div&gt;&lt;/div&gt;&lt;footer&gt;&lt;div class=&quot;container-fluid&quot;&gt;&lt;div class=&quot;row&quot;&gt;&lt;div class=&quot;col-md-6&quot; id=&quot;footer&quot;&gt;&lt;div id=&quot;l10n-footer&quot; style=&quot;display: block; float: left;&quot;&gt;&lt;a href=&quot;#&quot; onclick=&quot;return showTranslationDialog();&quot;&gt;&lt;img src=&quot;/static/ebda7158/plugin/translation/flags.png&quot;&gt;&#10;      Help us localize this page&#10;    &lt;/a&gt;&lt;/div&gt;&lt;/div&gt;&lt;div class=&quot;col-md-18&quot;&gt;&lt;span class=&quot;page_generated&quot;&gt;Page generated: Oct 16, 2015 7:07:45 PM&lt;/span&gt;&lt;span class=&quot;rest_api&quot;&gt;&lt;a href=&quot;api/&quot;&gt;REST API&lt;/a&gt;&lt;/span&gt;&lt;span class=&quot;jenkins_ver&quot;&gt;&lt;a href=&quot;http://jenkins-ci.org/&quot;&gt;Jenkins ver. 1.630&lt;/a&gt;&lt;/span&gt;&lt;div id=&quot;l10n-dialog&quot; class=&quot;dialog&quot;&gt;&lt;/div&gt;&lt;script&gt;var footer = document.getElementById(&apos;l10n-footer&apos;);&#10;    var f = document.getElementById(&apos;footer&apos;);&#10;    f.insertBefore(footer,f.firstChild);&#10;    footer.style.display=&quot;block&quot;;&#10;&#10;    var translation={}; &#10;    translation.bundles = &quot;VbYSOd18EkDGkEsH/9M74Sw9RE7sdFhRIpCrHOvbFZZGxQ6fGFVH11tbKnTjtBHq2J8hbfCcjuvYvZVFl+fN12qPO8bigaocu84a2mjt08MfhGJJvMfhEqxqrAd9QzMeHto5BWvP/Fg6WPSjlZK3+EA2P7yLr8rR13MMX17T2MfPHe6sv9e/C5G0M0m3Q1vzP8ckqcTgYdeer/Cz93lFCHyfNgTitMRJHRHmgPUZ8wVvgXnvXKYNWWYfTsoWOgeLPYLXESd5JAIgd3mJc1DAn8fSWNt3pNfX0f52HqVUvhR3Qh0KO37XE0KieHhKQJ7IKehWbAWen/cP7NB5V/IWKONpCAYycdwIZYH8K5K8v2Ia7zfOjNhVAKXQQ4v30xGjqa+TYHj2+xyjQzbe9HPagiVsBUW7n1cs3ujsWi27TkGqTvHIXZmMAL041D6vpmg+Xl5/d6ILFB01iJGYRU9c6A4XmNAA+Q1PyU1uWdy8HoXkuc32ziF77Mryms7ju2KR31VNWMddqUiRyTczKaQt7mJZ2yvWtNGLQMgYvmuAbwiO0MlOjsmcz0OUnaWfqB1uw6ycJOWD6teN11YCPTqOI5U1MUk83rJ3DVVZJI6qSjCZJOuwTQfjtplYpSm8Epc7GuvsDzMlsFRX/IQ9TV5xIt2S1jrtSKvzzIH1CY/AfKLhu0CSOfmfGvxh3pNmrkC6Eovd4Jx9U5I1gtJR5T64/eWFyXx/CCy9oawIy/lznT2magQ8mIaj2WYktxIkOqP6uThOVmJQTjxtnokXIz3UlYRQHRNcrTeorN07+mCgX29hbFF/FicgeZz/iHOupveoAWJZP0cJrxhh7K/7wzBkkeg+OSaJxxbfcOLbeqnvTvb5cn88hzVOSONq+2szfLmPO7vetoTf9lidu+cRDIyLnowLNx4+KpnQ1VQtEA2LZlg//T9WUYjDKn3sssU33phAElcwWvyTQuI1n5Kr8QB6pkPa8CmOxtphXlYabMmiaFcSKod1KC5AvFmg5vT1XzLYoXe5XmM+8cKh0+uSco1dHtN/cLnuFek4VgJd08Y5CGDBuclEr5917hQrParYpQiMKrNQC8aLiS3LlZBWAhTkHHM9dIYiLgvkG+JEGe8EzgF2EEv5PIVqsTwmq4VyKZho2gruXmYXNZvksWVUyHXONNeqIHTC+dUkTjQ144L8DFy9OjMSJtb0gpmRgEwXCsezmos7KupYbnBUjp90Xxhqacfjy8KWT7vWck/9G4ZZVfr7fOUyl9ql3DZtG7Xfi212mmFHu4DF3k5H8m50YikvwUzgR8u6jpg7aJsMgsZtMFHUgRr4BucAwGW3oKIcw74TZw+OJBdtW9xnv1yTEJ7mVddb4D/sVp+6y2Fl+/pXVWY4wpBFglV72Xlf41dDnMHI67PH3+r5gKDiRROhIgEAy42GZYigmo060rNPNv7Nz6UfElNbidGzlEFXmaStBEO7Zcvt5nm+6eXRAlNw07qnBNDxEtZPswdqG/7K8pqjpzhE61gpNayV6Dtvm7g7rbC/Jnx01A8lIbK8OVqmDfvX8gubvrGEEHb+NGDfWv4UI+vRL0ov0Bt68DFGnVE8LrVz7LSavAG6EuJXJWWmVjp5SZ6y9bdvA8Go/ppT4stBt6BGM1wr8A8iis4v+xeh4ptzRwkEbSUbu0IlFJQsDhRa1CIoXQwc3p+eH1R/sDD/IwpZ1Jcrze6+BogWHXq7dFCCiznPjvDXsMVEMZjEPA1b14IDEI9msgxt5Rhc987Ug+jr9LnVyMMcaJvXRAU3+TzClsUdd50RicRLyJDHTyPoQcij3hE9Xd3ds4FwDO7U8lZd6/IEFQoZEvRkHBS9cxTFPmojcBSsM/S0tAnaVvpo2KlDZMmYRQMoBjz4z8Pw5Opz91zlHsOjwZyoZq6DNb2cu4/Z8PULsLft/n+81R0jHZ9iykuon5tXxNWpYNNMhEC7XWerjlUfKfoy+N9mX/JS3yH6wNvxhZ/s6nNZVIw1CmYcOq9kjCigL4suzf5cZ0HmoH5xOkVq6QFAFTNT3wapzzp7LpQTXw9wCZBsevCqlDyUXALmg2QGclzqOJbfcZVk4l8H6e4+YViy2KH4zKJlXRWCuIA7EnggYH4fPCY6ii0jzlbMKHChMyDEze7mO1rE88vAvnqWxM6XHEcnp9bGDoXGzbgDVjIaAByh9JGDR3HgrPkvIKvkjXpSHfqmLt/rL73Zda+z0xKQPkVFuJYP+Ex+rOheJk83EPmsR+wq5YJNr+IC5C7YRaIfFSruIuFsbCwmHLIJzy8QFMPBuNOpkX1uqhgqi9oqWIK9sAv3YYmSWghm5TSWeimHx4H//WSVSX0N0gBkaVURdbTrxzy9Qa9F42i2vCJ0CysIU8aBGSrHHP6afcW8py75BydJoLaq/Dkb4XR3kd6d719+5k/J9Qec7S08Z+0xpBdhzoQTU504hSXuK3trUjceqiEXr40=&quot;;&#10;    translation.detectedLocale = &quot;&quot;;&#10;&#10;    function showTranslationDialog() {&#10;      if(!translation.launchDialog)&#10;        loadScript(&quot;/static/ebda7158/plugin/translation/dialog.js&quot;);&#10;      else&#10;        translation.launchDialog();&#10;      return false; &#10;    }&lt;/script&gt;&lt;script src=&quot;/static/ebda7158/plugin/form-element-path/script.js&quot;&gt;&lt;/script&gt;&lt;/div&gt;&lt;/div&gt;&lt;/div&gt;&lt;/footer&gt;&lt;/body&gt;&lt;/html&gt;&#10;For documentation on this error, please visit: http://seleniumhq.org/exceptions/no_such_element.html&#10;Build info: version: &apos;2.47.1&apos;, revision: &apos;unknown&apos;, time: &apos;2015-07-30 11:02:44&apos;&#10;System info: host: &apos;MacBook-Pro-2.home&apos;, ip: &apos;192.168.1.6&apos;, os.name: &apos;Mac OS X&apos;, os.arch: &apos;x86_64&apos;, os.version: &apos;10.10.5&apos;, java.version: &apos;1.8.0_60&apos;&#10;Driver info: driver.version: unknown" type="org.openqa.selenium.NoSuchElementException"><![CDATA[org.openqa.selenium.NoSuchElementException: Unable to locate By.xpath: //a[contains(@href, '/viewed_job/build?')]/img[contains(@title, 'Schedule a build')] in http://127.0.0.1:56435/job/viewed_job/configure

<!DOCTYPE html><html><head resurl="/static/ebda7158">
    

    <title>viewed_job Config [Jenkins]</title><link rel="stylesheet" href="/static/ebda7158/css/style.css" type="text/css"><link rel="stylesheet" href="/static/ebda7158/css/color.css" type="text/css"><link rel="stylesheet" href="/static/ebda7158/css/responsive-grid.css" type="text/css"><link rel="shortcut icon" href="/static/ebda7158/favicon.ico" type="image/vnd.microsoft.icon"><script>var isRunAsTest=false; var rootURL=""; var resURL="/static/ebda7158";</script><script src="/static/ebda7158/scripts/prototype.js" type="text/javascript"></script><script src="/static/ebda7158/scripts/behavior.js" type="text/javascript"></script><script src="/adjuncts/ebda7158/org/kohsuke/stapler/bind.js" type="text/javascript"></script><script src="/static/ebda7158/scripts/yui/yahoo/yahoo-min.js"></script><script src="/static/ebda7158/scripts/yui/dom/dom-min.js"></script><script src="/static/ebda7158/scripts/yui/event/event-min.js"></script><script src="/static/ebda7158/scripts/yui/animation/animation-min.js"></script><script src="/static/ebda7158/scripts/yui/dragdrop/dragdrop-min.js"></script><script src="/static/ebda7158/scripts/yui/container/container-min.js"></script><script src="/static/ebda7158/scripts/yui/connection/connection-min.js"></script><script src="/static/ebda7158/scripts/yui/datasource/datasource-min.js"></script><script src="/static/ebda7158/scripts/yui/autocomplete/autocomplete-min.js"></script><script src="/static/ebda7158/scripts/yui/menu/menu-min.js"></script><script src="/static/ebda7158/scripts/yui/element/element-min.js"></script><script src="/static/ebda7158/scripts/yui/button/button-min.js"></script><script src="/static/ebda7158/scripts/yui/storage/storage-min.js"></script><script src="/static/ebda7158/scripts/hudson-behavior.js" type="text/javascript"></script><script src="/static/ebda7158/scripts/sortable.js" type="text/javascript"></script><script>crumb.init("", "");</script><link rel="stylesheet" href="/static/ebda7158/scripts/yui/container/assets/container.css" type="text/css"><link rel="stylesheet" href="/static/ebda7158/scripts/yui/assets/skins/sam/skin.css" type="text/css"><link rel="stylesheet" href="/static/ebda7158/scripts/yui/container/assets/skins/sam/container.css" type="text/css"><link rel="stylesheet" href="/static/ebda7158/scripts/yui/button/assets/skins/sam/button.css" type="text/css"><link rel="stylesheet" href="/static/ebda7158/scripts/yui/menu/assets/skins/sam/menu.css" type="text/css"><link rel="search" href="/opensearch.xml" type="application/opensearchdescription+xml" title="Jenkins"><meta name="ROBOTS" content="INDEX,NOFOLLOW"><link rel="alternate" href="rssAll" title="Jenkins:viewed_job (all builds)" type="application/rss+xml"><link rel="alternate" href="rssAll?flavor=rss20" title="Jenkins:viewed_job (all builds) (RSS 2.0)" type="application/rss+xml"><link rel="alternate" href="rssFailed" title="Jenkins:viewed_job (failed builds)" type="application/rss+xml"><link rel="alternate" href="rssFailed?flavor=rss20" title="Jenkins:viewed_job (failed builds) (RSS 2.0)" type="application/rss+xml"><link rel="alternate" href="rssChangelog" title="Jenkins:viewed_job (changelog)" type="application/rss+xml"><link rel="alternate" href="rssChangelog?flavor=rss20" title="Jenkins:viewed_job (changelog) (RSS 2.0)" type="application/rss+xml"><link rel="stylesheet" href="/adjuncts/ebda7158/lib/form/breadcrumb-config-outline/init.css" type="text/css"><script src="/adjuncts/ebda7158/lib/form/breadcrumb-config-outline/init.js" type="text/javascript"></script><script src="/static/ebda7158/scripts/yui/cookie/cookie-min.js"></script></head><body data-model-type="hudson.model.FreeStyleProject" id="jenkins" class="yui-skin-sam jenkins-1.630" data-version="jenkins-1.630"><div id="tt" class="yui-module yui-overlay yui-tt yui-overlay-hidden" style="z-index: 999; visibility: hidden;"><div class="bd"></div></div><div class="yui-panel-container shadow yui-overlay-hidden" id="wait14_c" style="visibility: hidden; left: 486px; top: 360px; z-index: 4;"><div id="wait14" class="yui-module yui-overlay yui-panel" style="visibility: inherit;"><a class="container-close" href="#">Close</a><div class="hd" id="wait14_h" style="cursor: move;">Error</div><div class="bd"><div id="container13"></div></div></div></div><iframe id="_yuiResizeMonitor" title="Text Resize Monitor" tabindex="-1" role="presentation" style="position: absolute; visibility: visible; background-color: transparent; border-width: 0px; width: 2em; height: 2em; left: 0px; top: -27px;"></iframe><a href="#skip2content" class="skiplink">Skip to content</a><div id="page-head"><div id="header"><div class="logo"><a id="jenkins-home-link" href="/"><img src="/static/ebda7158/images/headshot.png" alt="title" id="jenkins-head-icon"><img src="/static/ebda7158/images/title.png" alt="title" width="139" id="jenkins-name-icon" height="34"></a></div><div class="login"></div><div class="searchbox hidden-xs"><form method="get" name="search" action="/job/viewed_job/search/" style="position:relative;" class="no-json" path=""><div id="search-box-minWidth" style="font-family: Helvetica, Arial, sans-serif; font-size: 13px; font-style: normal; font-weight: normal;"></div><div id="search-box-sizer" style="font-family: Helvetica, Arial, sans-serif; font-size: 13px; font-style: normal; font-weight: normal;"></div><div id="searchform" class="yui-ac"><input name="q" placeholder="search" id="search-box" class="has-default-text yui-ac-input defaulted" autocomplete="off" style="width: 255px;" path="/q">&nbsp;<a href="http://wiki.jenkins-ci.org/display/JENKINS/Search+Box"><img src="/static/ebda7158/images/16x16/help.png" style="width: 16px; height: 16px; " class="icon-help icon-sm"></a><div id="search-box-completion" class="yui-ac-container" style="width: 255px; left: 0px; top: 26px;"><div class="yui-ac-content" style="display: none; width: 255px;"><div class="yui-ac-hd" style="display: none;"></div><div class="yui-ac-bd"><ul><li style="display: none;"></li><li style="display: none;"></li><li style="display: none;"></li><li style="display: none;"></li><li style="display: none;"></li><li style="display: none;"></li><li style="display: none;"></li><li style="display: none;"></li><li style="display: none;"></li><li style="display: none;"></li></ul></div><div class="yui-ac-ft" style="display: none;"></div></div></div><script>createSearchBox("/job/viewed_job/search/");</script></div></form></div></div><div id="breadcrumbBar"><link rel="stylesheet" href="/adjuncts/ebda7158/lib/layout/breadcrumbs.css" type="text/css"><script src="/adjuncts/ebda7158/lib/layout/breadcrumbs.js" type="text/javascript"></script><div style="height: 26px;"></div><div class="top-sticker noedge" style="position: fixed; top: 40px; left: 0px;"><div class="top-sticker-edge"></div><div class="top-sticker-inner"><div id="right-top-nav"></div><ul id="breadcrumbs"><li class="item"><a href="/" class="model-link inside breadcrumbBarAnchor">Jenkins</a></li><li href="/" class="children"></li><li class="item"><a href="/job/viewed_job/" class="model-link inside breadcrumbBarAnchor">viewed_job</a></li><li href="/job/viewed_job/" class="children"></li><li id="inpage-nav" class="item"><a class="model-link inside breadcrumbBarAnchor">configuration</a></li></ul><div id="breadcrumb-menu-target"></div></div></div></div></div><div id="menuSelector"></div><div id="page-body"><div id="side-panel"><div id="tasks"><div class="task"><a href="/" class="task-icon-link"><img src="/static/ebda7158/images/24x24/up.png" style="width: 24px; height: 24px; width: 24px; height: 24px; margin: 2px;" class="icon-up icon-md"></a>&nbsp;<a href="/" class="task-link">Back to Dashboard</a></div><div class="task"><a href="/job/viewed_job/" class="task-icon-link"><img src="/static/ebda7158/images/24x24/search.png" style="width: 24px; height: 24px; width: 24px; height: 24px; margin: 2px;" class="icon-search icon-md"></a>&nbsp;<a href="/job/viewed_job/" class="task-link">Status</a></div><div class="task"><a href="/job/viewed_job/changes" class="task-icon-link"><img src="/static/ebda7158/images/24x24/notepad.png" style="width: 24px; height: 24px; width: 24px; height: 24px; margin: 2px;" class="icon-notepad icon-md"></a>&nbsp;<a href="/job/viewed_job/changes" class="task-link">Changes</a></div><div class="task"><a href="/job/viewed_job/ws/" class="task-icon-link"><img src="/static/ebda7158/images/24x24/folder.png" style="width: 24px; height: 24px; width: 24px; height: 24px; margin: 2px;" class="icon-folder icon-md"></a>&nbsp;<a href="/job/viewed_job/ws/" class="task-link">Workspace</a></div><div class="task"><a onclick="return build_id14(this)" href="/job/viewed_job/build?delay=0sec" class="task-icon-link"><img src="/static/ebda7158/images/24x24/clock.png" style="width: 24px; height: 24px; width: 24px; height: 24px; margin: 2px;" class="icon-clock icon-md"></a>&nbsp;<a onclick="return build_id14(this)" href="/job/viewed_job/build?delay=0sec" class="task-link">Build Now</a></div><script>function build_id14(a) {
                new Ajax.Request(a.href);
                hoverNotification('Build scheduled',a.parentNode);
                return false;
            }</script><div class="task"><a onclick="confirmPOST_id17(true, '/job/viewed_job/doDelete', 'Are you sure about deleting the Project ‘viewed_job’?')" href="#"><img src="/static/ebda7158/images/24x24/edit-delete.png" style="width: 24px; height: 24px; width: 24px; height: 24px; margin: 2px;" class="icon-edit-delete icon-md"></a><script>function confirmPOST_id17(post, href, message) {
            if (confirm(message)) {
                var form = document.createElement('form');
                form.setAttribute('method', post ? 'POST' : 'GET');
                form.setAttribute('action', href);
                if (post) {
                    crumb.appendToForm(form);
                }
                document.body.appendChild(form);
                form.submit();
            }
            return false;
        }</script>&nbsp;<a onclick="confirmPOST_id18(true, '/job/viewed_job/doDelete', 'Are you sure about deleting the Project ‘viewed_job’?')" href="#" class="task-link">Delete Project</a><script>function confirmPOST_id18(post, href, message) {
            if (confirm(message)) {
                var form = document.createElement('form');
                form.setAttribute('method', post ? 'POST' : 'GET');
                form.setAttribute('action', href);
                if (post) {
                    crumb.appendToForm(form);
                }
                document.body.appendChild(form);
                form.submit();
            }
            return false;
        }</script></div><div class="task"><a href="/job/viewed_job/configure" class="task-icon-link"><img src="/static/ebda7158/images/24x24/setting.png" style="width: 24px; height: 24px; width: 24px; height: 24px; margin: 2px;" class="icon-setting icon-md"></a>&nbsp;<a href="/job/viewed_job/configure" class="task-link"><b>Configure</b></a><div class="subtasks"></div></div></div><div id="buildHistory" class="container-fluid pane-frame track-mouse"><div class="row"><div class="col-xs-24 pane-header"><a href="/toggleCollapse?paneId=buildHistory" title="collapse" class="collapse"><img src="/static/ebda7158/images/16x16/collapse.png" alt="collapse" style="width: 16px; height: 16px; " class="icon-collapse icon-sm"></a><div style="float:right"><a href="/job/viewed_job/buildTimeTrend">trend</a></div><div data="100" class="healthReport" onmouseover="this.className='healthReport hover';return true;
        " onmouseout="this.className='healthReport';return true;"><img src="/static/ebda7158/images/16x16/health-80plus.png" alt="100%" style="width: 16px; height: 16px; " class="icon-health-80plus icon-sm"></div>Build History</div></div><div class="row pane-content"><table class="pane stripped"></table></div><div class="row"><div class="col-xs-24 pane-footer"><span class="build-rss-links"><a href="/job/viewed_job/rssAll" class="build-rss-all-icon"><img border="0" src="/static/ebda7158/images/atom.gif" alt="Feed" width="16" height="16"></a>&nbsp;<a href="/job/viewed_job/rssAll" class="build-rss-all-link">RSS for all</a>&nbsp;<a href="/job/viewed_job/rssFailed" class="build-rss-failed-icon"><img border="0" src="/static/ebda7158/images/atom.gif" alt="Feed" width="16" height="16"></a>&nbsp;<a href="/job/viewed_job/rssFailed" class="build-rss-failed-link">RSS for failures</a></span></div></div></div><script defer="true">updateBuildHistory("/job/viewed_job/buildHistory/ajax",1);</script></div><div id="main-panel"><a name="skip2content"></a><div class="behavior-loading" style="display: none;">LOADING</div><form method="post" name="config" action="configSubmit" path=""><link rel="stylesheet" href="/adjuncts/ebda7158/lib/form/section_.css" type="text/css"><table width="100%"><tbody><tr><td class="setting-leftspace">&nbsp;</td><td class="setting-name">Project name</td><td class="setting-main">
   

  
  <input name="name" type="text" class="setting-input   " value="viewed_job" path="/name"></td><td class="setting-no-help"></td></tr><tr class="validation-error-area"><td colspan="2"></td><td></td><td></td></tr><tr><td class="setting-leftspace">&nbsp;</td><td class="setting-name">Description</td><td class="setting-main"><script src="/adjuncts/ebda7158/lib/form/textarea/textarea.js" type="text/javascript"></script><textarea name="description" rows="5" class="setting-input   " path="/description"></textarea><div class="textarea-handle"></div><div class="textarea-preview-container">
        [Plain text]&nbsp;<a previewendpoint="/markupFormatter/previewDescription" href="#" class="textarea-show-preview">Preview</a>&nbsp;<a href="#" class="textarea-hide-preview" style="display: none;">Hide preview</a><div class="textarea-preview" style="display: none;"></div></div></td><td class="setting-no-help"></td></tr><tr class="validation-error-area"><td colspan="2"></td><td></td><td></td></tr><tr class="optional-block-start " hashelp="true" ref="cb15"><td colspan="3"><input onclick="javascript:updateOptionalBlock(this,true)" name="logrotate" type="checkbox" class=" " id="cb15" path="/logrotate"><label class="attach-previous">Discard Old Builds</label></td><td class="setting-help"><a helpurl="/help/project-config/log-rotation.html" href="#" class="help-button" tabindex="9999"><img src="/static/ebda7158/images/16x16/help.png" alt="Help for feature: Discard Old Builds" style="width: 16px; height: 16px; " class="icon-help icon-sm"></a></td></tr><tr class="help-area"><td></td><td colspan="2"><div class="help">Loading...</div></td><td></td></tr><tr class="rowvg-start" style="display: none;"></tr><tr style="display: none;"><td class="setting-leftspace">&nbsp;</td><td class="setting-name">Strategy</td><td class="setting-main"><select class="setting-input dropdownList" path="/"><option value="0">Log Rotation</option></select></td><td class="setting-no-help"></td></tr><tr class="dropdownList-container" style="display: none;"><td colspan="2"></td><td colspan="2"><table width="100%" name="buildDiscarder" path="/buildDiscarder"><tbody><tr class="dropdownList-start rowvg-start"></tr>
      
      <tr><td class="setting-leftspace">&nbsp;</td><td class="setting-name">Days to keep builds</td><td class="setting-main"><input step="1" min="1" name="_.daysToKeepStr" type="number" class="setting-input  positive-number" value="" path="/buildDiscarder/daysToKeepStr"></td><td class="setting-no-help"></td></tr><tr class="validation-error-area"><td colspan="2"></td><td></td><td></td></tr><tr><td colspan="2"></td><td class="setting-description">if not empty, build records are only kept up to this number of days</td><td></td></tr><tr><td class="setting-leftspace">&nbsp;</td><td class="setting-name">Max # of builds to keep</td><td class="setting-main"><input step="1" min="1" name="_.numToKeepStr" type="number" class="setting-input  positive-number" value="" path="/buildDiscarder/numToKeepStr"></td><td class="setting-no-help"></td></tr><tr class="validation-error-area"><td colspan="2"></td><td></td><td></td></tr><tr><td colspan="2"></td><td class="setting-description">if not empty, only up to this number of build records are kept</td><td></td></tr><tr><td></td><td></td><td><script src="/adjuncts/ebda7158/lib/form/advanced/advanced.js" type="text/javascript"></script><div style="" class="advancedLink"><span style="display: none" id="id26"><img src="/static/ebda7158/images/24x24/notepad.png" tooltip="One or more fields in this block have been edited." style="width: 24px; height: 24px; vertical-align: baseline" class="icon-notepad icon-md" title="One or more fields in this block have been edited."></span>&nbsp;<span class="yui-button yui-push-button advanced-button advancedButton" id="yui-gen31"><span class="first-child"><button type="button" tabindex="0" id="yui-gen31-button" path="/buildDiscarder/advanced-button">Advanced...</button></span></span></div><table class="advancedBody"><tbody><tr><td class="setting-leftspace">&nbsp;</td><td class="setting-name">Days to keep artifacts</td><td class="setting-main"><input step="1" min="1" name="_.artifactDaysToKeepStr" type="number" class="setting-input  positive-number" value="" path="/buildDiscarder/artifactDaysToKeepStr"></td><td class="setting-no-help"></td></tr><tr class="validation-error-area"><td colspan="2"></td><td></td><td></td></tr><tr><td colspan="2"></td><td class="setting-description">if not empty, artifacts from builds older than this number of days will be deleted, but the logs, history, reports, etc for the build will be kept</td><td></td></tr><tr><td class="setting-leftspace">&nbsp;</td><td class="setting-name">Max # of builds to keep with artifacts</td><td class="setting-main"><input step="1" min="1" name="_.artifactNumToKeepStr" type="number" class="setting-input  positive-number" value="" path="/buildDiscarder/artifactNumToKeepStr"></td><td class="setting-no-help"></td></tr><tr class="validation-error-area"><td colspan="2"></td><td></td><td></td></tr><tr><td colspan="2"></td><td class="setting-description">if not empty, only up to this number of builds have their artifacts retained</td><td></td></tr></tbody></table></td><td></td></tr><tr style=""><td><input name="stapler-class" type="hidden" value="hudson.tasks.LogRotator" path="/buildDiscarder/stapler-class"><input name="$class" type="hidden" value="hudson.tasks.LogRotator" path="/buildDiscarder/$class"></td></tr><tr class="dropdownList-end rowvg-end"></tr></tbody></table></td></tr><tr class=" rowvg-end optional-block-end"></tr><script src="/adjuncts/ebda7158/lib/form/section_.js" type="text/javascript"></script><tr name="properties" style="display:none" class="row-set-start" id="rowSetStart31" path="/properties"></tr><tr nameref="rowSetStart31"><td><input type="hidden" name="stapler-class-bag" value="true" path="/properties/stapler-class-bag"></td></tr><tr name="hudson-model-ParametersDefinitionProperty" style="display:none" class="row-set-start" id="rowSetStart30" nameref="rowSetStart31" path="/properties/hudson-model-ParametersDefinitionProperty"></tr><tr class="optional-block-start row-set-start" hashelp="true" ref="cb16" nameref="rowSetStart30"><td colspan="3"><input onclick="javascript:updateOptionalBlock(this,true)" name="parameterized" type="checkbox" class=" " id="cb16" path="/properties/hudson-model-ParametersDefinitionProperty/parameterized"><label class="attach-previous">This build is parameterized</label></td><td class="setting-help"><a helpurl="/help/project-config/parameterized-build.html" href="#" class="help-button" tabindex="9999"><img src="/static/ebda7158/images/16x16/help.png" alt="Help for feature: This build is parameterized" style="width: 16px; height: 16px; " class="icon-help icon-sm"></a></td></tr><tr class="help-area" nameref="cb16"><td></td><td colspan="2"><div class="help">Loading...</div></td><td></td></tr><tr class="rowvg-start" nameref="cb16" style="display: none;"></tr><tr nameref="cb16" style="display: none;"><td colspan="2"></td><td colspan="2"><script src="/adjuncts/ebda7158/lib/form/dragdrop/dragdrop.js" type="text/javascript"></script><script src="/adjuncts/ebda7158/lib/form/hetero-list/hetero-list.js" type="text/javascript"></script><div class="hetero-list-container with-drag-drop  "><div class="repeatable-insertion-point"></div><div><span class="yui-button yui-menu-button" id="yui-gen1"><span class="first-child"><button type="button" tabindex="0" id="yui-gen1-button" class="hetero-list-add" suffix="parameter">Add Parameter</button></span></span></div></div></td></tr><tr class="row-set-end rowvg-end optional-block-end" nameref="rowSetStart30"></tr><tr class="row-set-end" nameref="rowSetStart31"></tr><tr class="row-set-end"></tr><tr class="optional-block-start " hashelp="true" ref="cb17"><td colspan="3"><input onclick="javascript:updateOptionalBlock(this,true)" name="disable" type="checkbox" class=" " id="cb17" path="/disable"><label class="attach-previous">Disable Build (No new builds will be executed until the project is re-enabled.)</label></td><td class="setting-help"><a helpurl="/help/project-config/disable.html" href="#" class="help-button" tabindex="9999"><img src="/static/ebda7158/images/16x16/help.png" alt="Help for feature: Disable Build (No new builds will be executed until the project is re-enabled.)" style="width: 16px; height: 16px; " class="icon-help icon-sm"></a></td></tr><tr class="help-area"><td></td><td colspan="2"><div class="help">Loading...</div></td><td></td></tr><tr class="rowvg-start" style="display: none;"></tr><tr class=" rowvg-end optional-block-end"></tr><tr class="optional-block-start " hashelp="true" ref="cb18"><td colspan="3"><input onclick="javascript:updateOptionalBlock(this,true)" name="_.concurrentBuild" type="checkbox" class=" " id="cb18" path="/concurrentBuild"><label class="attach-previous">Execute concurrent builds if necessary</label></td><td class="setting-help"><a helpurl="/descriptor/hudson.model.FreeStyleProject/help/concurrentBuild" href="#" class="help-button" tabindex="9999"><img src="/static/ebda7158/images/16x16/help.png" alt="Help for feature: Execute concurrent builds if necessary" style="width: 16px; height: 16px; " class="icon-help icon-sm"></a></td></tr><tr class="help-area"><td></td><td colspan="2"><div class="help">Loading...</div></td><td></td></tr><tr class="rowvg-start" style="display: none;"></tr><tr class=" rowvg-end optional-block-end"></tr><tr><td colspan="4"><div class="section-header"><a id="section0" class="section-anchor">#</a>Advanced Project Options</div></td></tr><tr><td></td><td></td><td><script src="/adjuncts/ebda7158/lib/form/advanced/advanced.js" type="text/javascript"></script><div style="" class="advancedLink"><span style="display: none" id="id20"><img src="/static/ebda7158/images/24x24/notepad.png" tooltip="One or more fields in this block have been edited." style="width: 24px; height: 24px; vertical-align: baseline" class="icon-notepad icon-md" title="One or more fields in this block have been edited."></span>&nbsp;<span class="yui-button yui-push-button advanced-button advancedButton" id="yui-gen7"><span class="first-child"><button type="button" tabindex="0" id="yui-gen7-button" path="/advanced-button">Advanced...</button></span></span></div><table class="advancedBody"><tbody><tr class="optional-block-start " hashelp="true" ref="cb19"><td colspan="3"><input onclick="javascript:updateOptionalBlock(this,true)" name="hasCustomQuietPeriod" type="checkbox" class=" " id="cb19" path="/hasCustomQuietPeriod"><label class="attach-previous">Quiet period</label></td><td class="setting-help"><a helpurl="/descriptor/jenkins.model.GlobalQuietPeriodConfiguration/help/quietPeriod" href="#" class="help-button" tabindex="9999"><img src="/static/ebda7158/images/16x16/help.png" alt="Help for feature: Quiet period" style="width: 16px; height: 16px; " class="icon-help icon-sm"></a></td></tr><tr class="help-area"><td></td><td colspan="2"><div class="help">Loading...</div></td><td></td></tr><tr class="rowvg-start" style="display: none;"></tr><tr style="display: none;"><td class="setting-leftspace">&nbsp;</td><td class="setting-name">Quiet period</td><td class="setting-main"><input step="1" min="0" name="quiet_period" type="number" class="setting-input  number" value="5" path="/quiet_period"></td><td class="setting-no-help"></td></tr><tr class="validation-error-area" style="display: none;"><td colspan="2"></td><td></td><td></td></tr><tr style="display: none;"><td colspan="2"></td><td class="setting-description">Number of seconds</td><td></td></tr><tr class=" rowvg-end optional-block-end"></tr><tr class="optional-block-start " hashelp="true" ref="cb20"><td colspan="3"><input onclick="javascript:updateOptionalBlock(this,true)" name="hasCustomScmCheckoutRetryCount" type="checkbox" class=" " id="cb20" path="/hasCustomScmCheckoutRetryCount"><label class="attach-previous">Retry Count</label></td><td class="setting-help"><a helpurl="/help/project-config/scmCheckoutRetryCount.html" href="#" class="help-button" tabindex="9999"><img src="/static/ebda7158/images/16x16/help.png" alt="Help for feature: Retry Count" style="width: 16px; height: 16px; " class="icon-help icon-sm"></a></td></tr><tr class="help-area"><td></td><td colspan="2"><div class="help">Loading...</div></td><td></td></tr><tr class="rowvg-start" style="display: none;"></tr><tr style="display: none;"><td class="setting-leftspace">&nbsp;</td><td class="setting-name">SCM checkout retry count</td><td class="setting-main"><input step="1" min="0" name="scmCheckoutRetryCount" type="number" class="setting-input  number" value="0" path="/scmCheckoutRetryCount"></td><td class="setting-no-help"></td></tr><tr class="validation-error-area" style="display: none;"><td colspan="2"></td><td></td><td></td></tr><tr class=" rowvg-end optional-block-end"></tr><tr class="optional-block-start " hashelp="true" ref="cb21"><td colspan="3"><input onclick="javascript:updateOptionalBlock(this,true)" name="blockBuildWhenUpstreamBuilding" type="checkbox" class=" " id="cb21" path="/blockBuildWhenUpstreamBuilding"><label class="attach-previous">Block build when upstream project is building</label></td><td class="setting-help"><a helpurl="/help/project-config/block-upstream-building.html" href="#" class="help-button" tabindex="9999"><img src="/static/ebda7158/images/16x16/help.png" alt="Help for feature: Block build when upstream project is building" style="width: 16px; height: 16px; " class="icon-help icon-sm"></a></td></tr><tr class="help-area"><td></td><td colspan="2"><div class="help">Loading...</div></td><td></td></tr><tr class="rowvg-start" style="display: none;"></tr><tr class=" rowvg-end optional-block-end"></tr><tr class="optional-block-start " hashelp="true" ref="cb22"><td colspan="3"><input onclick="javascript:updateOptionalBlock(this,true)" name="blockBuildWhenDownstreamBuilding" type="checkbox" class=" " id="cb22" path="/blockBuildWhenDownstreamBuilding"><label class="attach-previous">Block build when downstream project is building</label></td><td class="setting-help"><a helpurl="/help/project-config/block-downstream-building.html" href="#" class="help-button" tabindex="9999"><img src="/static/ebda7158/images/16x16/help.png" alt="Help for feature: Block build when downstream project is building" style="width: 16px; height: 16px; " class="icon-help icon-sm"></a></td></tr><tr class="help-area"><td></td><td colspan="2"><div class="help">Loading...</div></td><td></td></tr><tr class="rowvg-start" style="display: none;"></tr><tr class=" rowvg-end optional-block-end"></tr><tr class="optional-block-start " hashelp="true" ref="cb23"><td colspan="3"><input onclick="javascript:updateOptionalBlock(this,true)" name="hasCustomWorkspace" type="checkbox" class=" " id="cb23" path="/hasCustomWorkspace"><label class="attach-previous">Use custom workspace</label></td><td class="setting-help"><a helpurl="/help/project-config/custom-workspace.html" href="#" class="help-button" tabindex="9999"><img src="/static/ebda7158/images/16x16/help.png" alt="Help for feature: Use custom workspace" style="width: 16px; height: 16px; " class="icon-help icon-sm"></a></td></tr><tr class="help-area"><td></td><td colspan="2"><div class="help">Loading...</div></td><td></td></tr><tr class="rowvg-start" style="display: none;"></tr><tr style="display: none;"><td class="setting-leftspace">&nbsp;</td><td class="setting-name">Directory</td><td class="setting-main">
   

  
  <input checkdependson="customWorkspace" checkurl="/job/viewed_job/descriptorByName/hudson.model.FreeStyleProject/checkCustomWorkspace" name="_.customWorkspace" type="text" class="setting-input validated  " value="" path="/customWorkspace"></td><td class="setting-no-help"></td></tr><tr class="validation-error-area" style="display: none;"><td colspan="2"></td><td><div class="error"><img src="/static/ebda7158/images/none.gif" height="16" width="1">Custom workspace is empty.</div></td><td></td></tr><tr class=" rowvg-end optional-block-end"></tr><tr><td class="setting-leftspace">&nbsp;</td><td class="setting-name">Display Name</td><td class="setting-main">
   

  
  <input checkurl="'/checkDisplayName?displayName='+encodeURIComponent(this.value)+'&amp;jobName='+encodeURIComponent('viewed_job')" name="_.displayNameOrNull" type="text" class="setting-input validated  " value="" path="/displayNameOrNull"></td><td class="setting-help"><a helpurl="/descriptor/hudson.model.FreeStyleProject/help/displayNameOrNull" href="#" class="help-button" tabindex="9999"><img src="/static/ebda7158/images/16x16/help.png" alt="Help for feature: Display Name" style="width: 16px; height: 16px; " class="icon-help icon-sm"></a></td></tr><tr class="validation-error-area"><td colspan="2"></td><td><div></div></td><td></td></tr><tr class="help-area"><td></td><td colspan="2"><div class="help">Loading...</div></td><td></td></tr><tr class="optional-block-start row-set-start" hashelp="true" ref="cb24"><td colspan="3"><input onclick="javascript:updateOptionalBlock(this,true)" name="keepDependencies" type="checkbox" class=" " id="cb24" path="/keepDependencies"><label class="attach-previous">Keep the build logs of dependencies</label></td><td class="setting-help"><a helpurl="/help/tasks/fingerprint/keepDependencies.html" href="#" class="help-button" tabindex="9999"><img src="/static/ebda7158/images/16x16/help.png" alt="Help for feature: Keep the build logs of dependencies" style="width: 16px; height: 16px; " class="icon-help icon-sm"></a></td></tr><tr class="help-area" nameref="cb24"><td></td><td colspan="2"><div class="help">Loading...</div></td><td></td></tr><tr class="rowvg-start" nameref="cb24" style="display: none;"></tr><tr class="row-set-end rowvg-end optional-block-end"></tr></tbody></table></td><td></td></tr><tr><td colspan="4"><div class="section-header"><a id="section1" class="section-anchor">#</a>Source Code Management</div></td></tr><script src="/adjuncts/ebda7158/lib/form/radioBlock/radioBlock.js" type="text/javascript"></script><tr class="radio-block-start row-set-start" hashelp="false" ref="radio-block-9"><td colspan="3"><label><input name="scm" checked="true" type="radio" value="0" class="radio-block-control" id="radio-block-9" path="/scm[0]">
        None
      </label></td><td class="setting-no-help"></td></tr><tr style="display:none" class="row-set-end radio-block-end"></tr><tr class="radio-block-start row-set-start" hashelp="false" ref="radio-block-10"><td colspan="3"><label><input name="scm" type="radio" value="1" class="radio-block-control" id="radio-block-10" path="/scm[1]">
        CVS
      </label></td><td class="setting-no-help"></td></tr><tr nameref="radio-block-10" style="display: none;"><td class="setting-leftspace">&nbsp;</td><td class="setting-name"></td><td class="setting-main"><div class="repeated-container"><div name="repositories" class="repeated-chunk first last only"><table style="width:100%"><tbody><tr><td class="setting-leftspace">&nbsp;</td><td class="setting-name">CVSROOT</td><td class="setting-main">
   

  
  <input checkdependson="" checkurl="/job/viewed_job/descriptorByName/hudson.scm.CvsRepository/checkCvsRoot" name="_.cvsRoot" type="text" class="setting-input validated  " value=""></td><td class="setting-help"><a helpurl="/descriptor/hudson.scm.CvsRepository/help/cvsRoot" href="#" class="help-button" tabindex="9999"><img src="/static/ebda7158/images/16x16/help.png" alt="Help for feature: CVSROOT" style="width: 16px; height: 16px; " class="icon-help icon-sm"></a></td></tr><tr class="validation-error-area"><td colspan="2"></td><td><div class="error"><img src="/static/ebda7158/images/none.gif" height="16" width="1">CVSROOT is mandatory</div></td><td></td></tr><tr class="help-area"><td></td><td colspan="2"><div class="help">Loading...</div></td><td></td></tr><tr class="optional-block-start " hashelp="false" ref="cb25"><td colspan="3"><input onclick="javascript:updateOptionalBlock(this,true)" name="passwordRequired" type="checkbox" class=" " id="cb25"><label class="attach-previous">This Connection Requires A Password</label></td><td class="setting-no-help"></td></tr><tr class="rowvg-start" style="display: none;"></tr><tr style="display: none;"><td class="setting-leftspace">&nbsp;</td><td class="setting-name">Password</td><td class="setting-main"><input name="_.password" type="password" class="setting-input " value=""></td><td class="setting-no-help"></td></tr><tr class="validation-error-area" style="display: none;"><td colspan="2"></td><td></td><td></td></tr><tr class=" rowvg-end optional-block-end"></tr><tr><td class="setting-leftspace">&nbsp;</td><td class="setting-name"></td><td class="setting-main"><div class="repeated-container"><div name="repositoryItems" class="repeated-chunk first last only"><table style="width:100%"><tbody><tr><td class="setting-leftspace">&nbsp;</td><td class="setting-name">Location</td><td class="setting-main"><select class="setting-input dropdownList"><option value="0">Branch</option><option value="1" selected="true">Head</option><option value="2">Tag</option></select></td><td class="setting-no-help"></td></tr><tr class="dropdownList-container"><td colspan="2"></td><td colspan="2"><table width="100%" name="location"><tbody><tr class="dropdownList-start rowvg-start" field-disabled="true" style="display: none;"></tr><tr field-disabled="true" style="display: none;"><td class="setting-leftspace">&nbsp;</td><td class="setting-name">Branch Name</td><td class="setting-main">
   

  
  <input name="_.branchName" type="text" class="setting-input   " value=""></td><td class="setting-no-help"></td></tr><tr class="validation-error-area" field-disabled="true" style="display: none;"><td colspan="2"></td><td></td><td></td></tr><tr field-disabled="true" style="display: none;"><td class="setting-leftspace">&nbsp;</td><td class="setting-name">Use Head If Not Found</td><td class="setting-main"><input name="_.useHeadIfNotFound" type="checkbox" class=" "></td><td class="setting-no-help"></td></tr><tr class="validation-error-area" field-disabled="true" style="display: none;"><td colspan="2"></td><td></td><td></td></tr><tr style="display: none;" field-disabled="true"><td><input name="stapler-class" type="hidden" value="hudson.scm.CvsRepositoryLocation$BranchRepositoryLocation"><input name="$class" type="hidden" value="hudson.scm.CvsRepositoryLocation$BranchRepositoryLocation"></td></tr><tr class="dropdownList-end rowvg-end"></tr><tr class="dropdownList-start rowvg-start"></tr><tr style=""><td><input name="stapler-class" type="hidden" value="hudson.scm.CvsRepositoryLocation$HeadRepositoryLocation"><input name="$class" type="hidden" value="hudson.scm.CvsRepositoryLocation$HeadRepositoryLocation"></td></tr><tr class="dropdownList-end rowvg-end"></tr><tr class="dropdownList-start rowvg-start" field-disabled="true" style="display: none;"></tr><tr field-disabled="true" style="display: none;"><td class="setting-leftspace">&nbsp;</td><td class="setting-name">Tag Name</td><td class="setting-main">
   

  
  <input name="_.tagName" type="text" class="setting-input   " value=""></td><td class="setting-no-help"></td></tr><tr class="validation-error-area" field-disabled="true" style="display: none;"><td colspan="2"></td><td></td><td></td></tr><tr field-disabled="true" style="display: none;"><td class="setting-leftspace">&nbsp;</td><td class="setting-name">Use Head If Not Found</td><td class="setting-main"><input name="_.useHeadIfNotFound" type="checkbox" class=" "></td><td class="setting-no-help"></td></tr><tr class="validation-error-area" field-disabled="true" style="display: none;"><td colspan="2"></td><td></td><td></td></tr><tr style="display: none;" field-disabled="true"><td><input name="stapler-class" type="hidden" value="hudson.scm.CvsRepositoryLocation$TagRepositoryLocation"><input name="$class" type="hidden" value="hudson.scm.CvsRepositoryLocation$TagRepositoryLocation"></td></tr><tr class="dropdownList-end rowvg-end"></tr></tbody></table></td></tr><tr><td class="setting-leftspace">&nbsp;</td><td class="setting-name">Modules</td><td class="setting-main"><div class="repeated-container"><div name="modules" class="repeated-chunk first last only"><table style="width:100%"><tbody><tr><td class="setting-leftspace">&nbsp;</td><td class="setting-name">Remote Name</td><td class="setting-main">
   

  
  <input checkdependson="" checkurl="/job/viewed_job/descriptorByName/hudson.scm.CvsModule/checkRemoteName" name="_.remoteName" type="text" class="setting-input validated  " value=""></td><td class="setting-help"><a helpurl="/descriptor/hudson.scm.CvsModule/help/remoteName" href="#" class="help-button" tabindex="9999"><img src="/static/ebda7158/images/16x16/help.png" alt="Help for feature: Remote Name" style="width: 16px; height: 16px; " class="icon-help icon-sm"></a></td></tr><tr class="validation-error-area"><td colspan="2"></td><td><div class="error"><img src="/static/ebda7158/images/none.gif" height="16" width="1">Remote Name is mandatory</div></td><td></td></tr><tr class="help-area"><td></td><td colspan="2"><div class="help">Loading...</div></td><td></td></tr><tr><td class="setting-leftspace">&nbsp;</td><td class="setting-name">Local Name</td><td class="setting-main">
   

  
  <input name="_.localName" type="text" class="setting-input   " value=""></td><td class="setting-help"><a helpurl="/descriptor/hudson.scm.CvsModule/help/localName" href="#" class="help-button" tabindex="9999"><img src="/static/ebda7158/images/16x16/help.png" alt="Help for feature: Local Name" style="width: 16px; height: 16px; " class="icon-help icon-sm"></a></td></tr><tr class="validation-error-area"><td colspan="2"></td><td></td><td></td></tr><tr class="help-area"><td></td><td colspan="2"><div class="help">Loading...</div></td><td></td></tr><tr><td class="setting-leftspace">&nbsp;</td><td class="setting-name"></td><td class="setting-main"><div align="right"><span class="yui-button yui-push-button repeatable-add show-if-last" id="yui-gen12"><span class="first-child"><button type="button" tabindex="0" id="yui-gen12-button">Add more modules...</button></span></span><span class="yui-button yui-push-button repeatable-delete show-if-not-only" id="yui-gen21"><span class="first-child"><button type="button" tabindex="0" id="yui-gen21-button">Delete</button></span></span></div></td><td class="setting-no-help"></td></tr><tr class="validation-error-area"><td colspan="2"></td><td></td><td></td></tr></tbody></table></div><div class="repeatable-insertion-point"></div></div></td><td class="setting-no-help"></td></tr><tr class="validation-error-area"><td colspan="2"></td><td></td><td></td></tr><tr><td class="setting-leftspace">&nbsp;</td><td class="setting-name"></td><td class="setting-main"><div align="right"><span class="yui-button yui-push-button repeatable-add show-if-last" id="yui-gen13"><span class="first-child"><button type="button" tabindex="0" id="yui-gen13-button">Add more locations...</button></span></span><span class="yui-button yui-push-button repeatable-delete show-if-not-only" id="yui-gen22"><span class="first-child"><button type="button" tabindex="0" id="yui-gen22-button">Delete</button></span></span></div></td><td class="setting-no-help"></td></tr><tr class="validation-error-area"><td colspan="2"></td><td></td><td></td></tr></tbody></table></div><div class="repeatable-insertion-point"></div></div></td><td class="setting-no-help"></td></tr><tr class="validation-error-area"><td colspan="2"></td><td></td><td></td></tr><tr><td></td><td></td><td><div style="" class="advancedLink"><span style="display: none" id="id22"><img src="/static/ebda7158/images/24x24/notepad.png" tooltip="One or more fields in this block have been edited." style="width: 24px; height: 24px; vertical-align: baseline" class="icon-notepad icon-md" title="One or more fields in this block have been edited."></span>&nbsp;<span class="yui-button yui-push-button advanced-button advancedButton" id="yui-gen8"><span class="first-child"><button type="button" tabindex="0" id="yui-gen8-button">Advanced...</button></span></span></div><table class="advancedBody"><tbody><tr><td colspan="4"><div class="section-header"><a id="section3" class="section-anchor">#</a>Advanced Repository Options</div></td></tr><tr><td class="setting-leftspace">&nbsp;</td><td class="setting-name">Repository browser</td><td class="setting-main"><select class="setting-input dropdownList"><option value="auto">(Auto)</option><option value="0">FishEye</option><option value="1">OpenGrok</option><option value="2">ViewCVS</option></select></td><td class="setting-help"><a helpurl="/help/scm-browsers/list.html" href="#" class="help-button" tabindex="9999"><img src="/static/ebda7158/images/16x16/help.png" alt="Help for feature: Repository browser" style="width: 16px; height: 16px; " class="icon-help icon-sm"></a></td></tr><tr class="dropdownList-container"><td colspan="2"></td><td colspan="2"><table width="100%" name="repositoryBrowser"><tbody><tr class="dropdownList-start rowvg-start"></tr><tr class="dropdownList-end rowvg-end"></tr><tr class="dropdownList-start rowvg-start" field-disabled="true" style="display: none;"></tr><tr class="render-on-demand " proxy="makeStaplerProxy('/$stapler/bound/a6a61bd7-c07e-4e7c-9f53-8eda093b3de7','5e2a10a9-ca1f-465a-b045-b67e5d5c0165',['render'])" field-disabled="true" style="display: none;"></tr><tr style="display: none;" field-disabled="true"><td><input name="stapler-class" type="hidden" value="hudson.scm.browsers.FishEyeCVS"><input name="$class" type="hidden" value="hudson.scm.browsers.FishEyeCVS"></td></tr><tr class="dropdownList-end rowvg-end"></tr><tr class="dropdownList-start rowvg-start" field-disabled="true" style="display: none;"></tr><tr class="render-on-demand " proxy="makeStaplerProxy('/$stapler/bound/7613f930-24ce-4b1c-877b-da6dc79b5177','5e2a10a9-ca1f-465a-b045-b67e5d5c0165',['render'])" field-disabled="true" style="display: none;"></tr><tr style="display: none;" field-disabled="true"><td><input name="stapler-class" type="hidden" value="hudson.scm.browsers.OpenGrok"><input name="$class" type="hidden" value="hudson.scm.browsers.OpenGrok"></td></tr><tr class="dropdownList-end rowvg-end"></tr><tr class="dropdownList-start rowvg-start" field-disabled="true" style="display: none;"></tr><tr class="render-on-demand " proxy="makeStaplerProxy('/$stapler/bound/cfbf62d0-edc8-4dc3-ab84-7179be4f9a21','5e2a10a9-ca1f-465a-b045-b67e5d5c0165',['render'])" field-disabled="true" style="display: none;"></tr><tr style="display: none;" field-disabled="true"><td><input name="stapler-class" type="hidden" value="hudson.scm.browsers.ViewCVS"><input name="$class" type="hidden" value="hudson.scm.browsers.ViewCVS"></td></tr><tr class="dropdownList-end rowvg-end"></tr></tbody></table></td></tr><tr class="help-area"><td></td><td colspan="2"><div class="help">Loading...</div></td><td></td></tr><tr><td class="setting-leftspace">&nbsp;</td><td class="setting-name">Exclude Regions</td><td class="setting-main"><div class="repeated-container"><div name="excludedRegions" class="repeated-chunk first last only"><table style="width:100%"><tbody><tr><td class="setting-leftspace">&nbsp;</td><td class="setting-name">Pattern</td><td class="setting-main">
   

  
  <input checkdependson="" checkurl="/job/viewed_job/descriptorByName/hudson.scm.ExcludedRegion/checkPattern" name="_.pattern" type="text" class="setting-input validated  " value=""></td><td class="setting-no-help"></td></tr><tr class="validation-error-area"><td colspan="2"></td><td><div></div></td><td></td></tr><tr><td class="setting-leftspace">&nbsp;</td><td class="setting-name"></td><td class="setting-main"><div align="right"><span class="yui-button yui-push-button repeatable-add show-if-last" id="yui-gen14"><span class="first-child"><button type="button" tabindex="0" id="yui-gen14-button">Add more patterns...</button></span></span><span class="yui-button yui-push-button repeatable-delete show-if-not-only" id="yui-gen23"><span class="first-child"><button type="button" tabindex="0" id="yui-gen23-button">Delete</button></span></span></div></td><td class="setting-no-help"></td></tr><tr class="validation-error-area"><td colspan="2"></td><td></td><td></td></tr></tbody></table></div><div class="repeatable-insertion-point"></div></div></td><td class="setting-no-help"></td></tr><tr class="validation-error-area"><td colspan="2"></td><td></td><td></td></tr><tr><td class="setting-leftspace">&nbsp;</td><td class="setting-name">Compression Level</td><td class="setting-main">

   
  <select fillurl="/job/viewed_job/descriptorByName/hudson.scm.CvsRepository/fillCompressionLevelItems" name="_.compressionLevel" class="setting-input  select " value=""><option value="-1">System Default</option><option value="0">None</option><option value="1">1</option><option value="2">2</option><option value="3">3 (Recommended)</option><option value="4">4</option><option value="5">5</option><option value="6">6</option><option value="7">7</option><option value="8">8</option><option value="9">9</option></select></td><td class="setting-no-help"></td></tr><tr class="validation-error-area"><td colspan="2"></td><td></td><td></td></tr></tbody></table></td><td></td></tr><tr><td class="setting-leftspace">&nbsp;</td><td class="setting-name"></td><td class="setting-main"><div align="right"><span class="yui-button yui-push-button repeatable-add show-if-last" id="yui-gen15"><span class="first-child"><button type="button" tabindex="0" id="yui-gen15-button">Add more repositories...</button></span></span><span class="yui-button yui-push-button repeatable-delete show-if-not-only" id="yui-gen24"><span class="first-child"><button type="button" tabindex="0" id="yui-gen24-button">Delete</button></span></span></div></td><td class="setting-no-help"></td></tr><tr class="validation-error-area"><td colspan="2"></td><td></td><td></td></tr></tbody></table></div><div class="repeatable-insertion-point"></div></div></td><td class="setting-no-help"></td></tr><tr class="validation-error-area" nameref="radio-block-10" style="display: none;"><td colspan="2"></td><td></td><td></td></tr><tr nameref="radio-block-10" style="display: none;"><td class="setting-leftspace">&nbsp;</td><td class="setting-name">Use Update</td><td class="setting-main"><input name="_.canUseUpdate" checked="true" type="checkbox" class=" "></td><td class="setting-help"><a helpurl="/descriptor/hudson.scm.CVSSCM/help/canUseUpdate" href="#" class="help-button" tabindex="9999"><img src="/static/ebda7158/images/16x16/help.png" alt="Help for feature: Use Update" style="width: 16px; height: 16px; " class="icon-help icon-sm"></a></td></tr><tr class="validation-error-area" nameref="radio-block-10" style="display: none;"><td colspan="2"></td><td></td><td></td></tr><tr class="help-area" nameref="radio-block-10" style="display: none;"><td></td><td colspan="2"><div class="help">Loading...</div></td><td></td></tr><tr nameref="radio-block-10" style="display: none;"><td class="setting-leftspace">&nbsp;</td><td class="setting-name">Prune Empty Directories</td><td class="setting-main"><input name="_.pruneEmptyDirectories" checked="true" type="checkbox" class=" "></td><td class="setting-help"><a helpurl="/descriptor/hudson.scm.CVSSCM/help/pruneEmptyDirectories" href="#" class="help-button" tabindex="9999"><img src="/static/ebda7158/images/16x16/help.png" alt="Help for feature: Prune Empty Directories" style="width: 16px; height: 16px; " class="icon-help icon-sm"></a></td></tr><tr class="validation-error-area" nameref="radio-block-10" style="display: none;"><td colspan="2"></td><td></td><td></td></tr><tr class="help-area" nameref="radio-block-10" style="display: none;"><td></td><td colspan="2"><div class="help">Loading...</div></td><td></td></tr><tr nameref="radio-block-10" style="display: none;"><td class="setting-leftspace">&nbsp;</td><td class="setting-name">Legacy Mode</td><td class="setting-main"><input name="_.legacy" type="checkbox" class=" "><label class="attach-previous">(run CVS in a way compatible with older versions of Hudson &lt;1.21)</label></td><td class="setting-help"><a helpurl="/descriptor/hudson.scm.CVSSCM/help/legacy" href="#" class="help-button" tabindex="9999"><img src="/static/ebda7158/images/16x16/help.png" alt="Help for feature: Legacy Mode" style="width: 16px; height: 16px; " class="icon-help icon-sm"></a></td></tr><tr class="validation-error-area" nameref="radio-block-10" style="display: none;"><td colspan="2"></td><td></td><td></td></tr><tr class="help-area" nameref="radio-block-10" style="display: none;"><td></td><td colspan="2"><div class="help">Loading...</div></td><td></td></tr><tr nameref="radio-block-10" style="display: none;"><td class="setting-leftspace">&nbsp;</td><td class="setting-name">Skip Changelog</td><td class="setting-main"><input name="_.skipChangeLog" type="checkbox" class=" "></td><td class="setting-help"><a helpurl="/descriptor/hudson.scm.CVSSCM/help/skipChangeLog" href="#" class="help-button" tabindex="9999"><img src="/static/ebda7158/images/16x16/help.png" alt="Help for feature: Skip Changelog" style="width: 16px; height: 16px; " class="icon-help icon-sm"></a></td></tr><tr class="validation-error-area" nameref="radio-block-10" style="display: none;"><td colspan="2"></td><td></td><td></td></tr><tr class="help-area" nameref="radio-block-10" style="display: none;"><td></td><td colspan="2"><div class="help">Loading...</div></td><td></td></tr><tr nameref="radio-block-10" style="display: none;"><td class="setting-leftspace">&nbsp;</td><td class="setting-name">Show all CVS output</td><td class="setting-main"><input name="_.disableCvsQuiet" type="checkbox" class=" "></td><td class="setting-help"><a helpurl="/descriptor/hudson.scm.CVSSCM/help/disableCvsQuiet" href="#" class="help-button" tabindex="9999"><img src="/static/ebda7158/images/16x16/help.png" alt="Help for feature: Show all CVS output" style="width: 16px; height: 16px; " class="icon-help icon-sm"></a></td></tr><tr class="validation-error-area" nameref="radio-block-10" style="display: none;"><td colspan="2"></td><td></td><td></td></tr><tr class="help-area" nameref="radio-block-10" style="display: none;"><td></td><td colspan="2"><div class="help">Loading...</div></td><td></td></tr><tr nameref="radio-block-10" style="display: none;"><td class="setting-leftspace">&nbsp;</td><td class="setting-name">Perform clean checkout on failed update</td><td class="setting-main"><input name="_.cleanOnFailedUpdate" type="checkbox" class=" "></td><td class="setting-help"><a helpurl="/descriptor/hudson.scm.CVSSCM/help/cleanOnFailedUpdate" href="#" class="help-button" tabindex="9999"><img src="/static/ebda7158/images/16x16/help.png" alt="Help for feature: Perform clean checkout on failed update" style="width: 16px; height: 16px; " class="icon-help icon-sm"></a></td></tr><tr class="validation-error-area" nameref="radio-block-10" style="display: none;"><td colspan="2"></td><td></td><td></td></tr><tr class="help-area" nameref="radio-block-10" style="display: none;"><td></td><td colspan="2"><div class="help">Loading...</div></td><td></td></tr><tr nameref="radio-block-10" style="display: none;"><td class="setting-leftspace">&nbsp;</td><td class="setting-name">Force clean copy for locally modified files</td><td class="setting-main"><input name="_.forceCleanCopy" type="checkbox" class=" "></td><td class="setting-help"><a helpurl="/descriptor/hudson.scm.CVSSCM/help/forceCleanCopy" href="#" class="help-button" tabindex="9999"><img src="/static/ebda7158/images/16x16/help.png" alt="Help for feature: Force clean copy for locally modified files" style="width: 16px; height: 16px; " class="icon-help icon-sm"></a></td></tr><tr class="validation-error-area" nameref="radio-block-10" style="display: none;"><td colspan="2"></td><td></td><td></td></tr><tr class="help-area" nameref="radio-block-10" style="display: none;"><td></td><td colspan="2"><div class="help">Loading...</div></td><td></td></tr><tr style="display:none" class="row-set-end radio-block-end"></tr><tr class="radio-block-start row-set-start" hashelp="false" ref="radio-block-11"><td colspan="3"><label><input name="scm" type="radio" value="2" class="radio-block-control" id="radio-block-11" path="/scm[2]">
        CVS Projectset
      </label></td><td class="setting-no-help"></td></tr><tr nameref="radio-block-11" style="display: none;"><td class="setting-leftspace">&nbsp;</td><td class="setting-name"></td><td class="setting-main"><div class="repeated-container"><div name="repositories" class="repeated-chunk first last only"><table style="width:100%"><tbody><tr><td class="setting-leftspace">&nbsp;</td><td class="setting-name">CVSROOT</td><td class="setting-main">
   

  
  <input checkdependson="" checkurl="/job/viewed_job/descriptorByName/hudson.scm.CvsRepository/checkCvsRoot" name="_.cvsRoot" type="text" class="setting-input validated  " value=""></td><td class="setting-help"><a helpurl="/descriptor/hudson.scm.CvsRepository/help/cvsRoot" href="#" class="help-button" tabindex="9999"><img src="/static/ebda7158/images/16x16/help.png" alt="Help for feature: CVSROOT" style="width: 16px; height: 16px; " class="icon-help icon-sm"></a></td></tr><tr class="validation-error-area"><td colspan="2"></td><td><div class="error"><img src="/static/ebda7158/images/none.gif" height="16" width="1">CVSROOT is mandatory</div></td><td></td></tr><tr class="help-area"><td></td><td colspan="2"><div class="help">Loading...</div></td><td></td></tr><tr class="optional-block-start " hashelp="false" ref="cb26"><td colspan="3"><input onclick="javascript:updateOptionalBlock(this,true)" name="passwordRequired" type="checkbox" class=" " id="cb26"><label class="attach-previous">This Connection Requires A Password</label></td><td class="setting-no-help"></td></tr><tr class="rowvg-start" style="display: none;"></tr><tr style="display: none;"><td class="setting-leftspace">&nbsp;</td><td class="setting-name">Password</td><td class="setting-main"><input name="_.password" type="password" class="setting-input " value=""></td><td class="setting-no-help"></td></tr><tr class="validation-error-area" style="display: none;"><td colspan="2"></td><td></td><td></td></tr><tr class=" rowvg-end optional-block-end"></tr><tr><td class="setting-leftspace">&nbsp;</td><td class="setting-name"></td><td class="setting-main"><div class="repeated-container"><div name="repositoryItems" class="repeated-chunk first last only"><table style="width:100%"><tbody><tr><td class="setting-leftspace">&nbsp;</td><td class="setting-name">Location</td><td class="setting-main"><select class="setting-input dropdownList"><option value="0">Branch</option><option value="1" selected="true">Head</option><option value="2">Tag</option></select></td><td class="setting-no-help"></td></tr><tr class="dropdownList-container"><td colspan="2"></td><td colspan="2"><table width="100%" name="location"><tbody><tr class="dropdownList-start rowvg-start" field-disabled="true" style="display: none;"></tr><tr field-disabled="true" style="display: none;"><td class="setting-leftspace">&nbsp;</td><td class="setting-name">Branch Name</td><td class="setting-main">
   

  
  <input name="_.branchName" type="text" class="setting-input   " value=""></td><td class="setting-no-help"></td></tr><tr class="validation-error-area" field-disabled="true" style="display: none;"><td colspan="2"></td><td></td><td></td></tr><tr field-disabled="true" style="display: none;"><td class="setting-leftspace">&nbsp;</td><td class="setting-name">Use Head If Not Found</td><td class="setting-main"><input name="_.useHeadIfNotFound" type="checkbox" class=" "></td><td class="setting-no-help"></td></tr><tr class="validation-error-area" field-disabled="true" style="display: none;"><td colspan="2"></td><td></td><td></td></tr><tr style="display: none;" field-disabled="true"><td><input name="stapler-class" type="hidden" value="hudson.scm.CvsRepositoryLocation$BranchRepositoryLocation"><input name="$class" type="hidden" value="hudson.scm.CvsRepositoryLocation$BranchRepositoryLocation"></td></tr><tr class="dropdownList-end rowvg-end"></tr><tr class="dropdownList-start rowvg-start"></tr><tr style=""><td><input name="stapler-class" type="hidden" value="hudson.scm.CvsRepositoryLocation$HeadRepositoryLocation"><input name="$class" type="hidden" value="hudson.scm.CvsRepositoryLocation$HeadRepositoryLocation"></td></tr><tr class="dropdownList-end rowvg-end"></tr><tr class="dropdownList-start rowvg-start" field-disabled="true" style="display: none;"></tr><tr field-disabled="true" style="display: none;"><td class="setting-leftspace">&nbsp;</td><td class="setting-name">Tag Name</td><td class="setting-main">
   

  
  <input name="_.tagName" type="text" class="setting-input   " value=""></td><td class="setting-no-help"></td></tr><tr class="validation-error-area" field-disabled="true" style="display: none;"><td colspan="2"></td><td></td><td></td></tr><tr field-disabled="true" style="display: none;"><td class="setting-leftspace">&nbsp;</td><td class="setting-name">Use Head If Not Found</td><td class="setting-main"><input name="_.useHeadIfNotFound" type="checkbox" class=" "></td><td class="setting-no-help"></td></tr><tr class="validation-error-area" field-disabled="true" style="display: none;"><td colspan="2"></td><td></td><td></td></tr><tr style="display: none;" field-disabled="true"><td><input name="stapler-class" type="hidden" value="hudson.scm.CvsRepositoryLocation$TagRepositoryLocation"><input name="$class" type="hidden" value="hudson.scm.CvsRepositoryLocation$TagRepositoryLocation"></td></tr><tr class="dropdownList-end rowvg-end"></tr></tbody></table></td></tr><tr><td class="setting-leftspace">&nbsp;</td><td class="setting-name">Modules</td><td class="setting-main"><div class="repeated-container"><div name="modules" class="repeated-chunk first last only"><table style="width:100%"><tbody><tr><td class="setting-leftspace">&nbsp;</td><td class="setting-name">Remote Name</td><td class="setting-main">
   

  
  <input checkdependson="" checkurl="/job/viewed_job/descriptorByName/hudson.scm.CvsModule/checkRemoteName" name="_.remoteName" type="text" class="setting-input validated  " value=""></td><td class="setting-help"><a helpurl="/descriptor/hudson.scm.CvsModule/help/remoteName" href="#" class="help-button" tabindex="9999"><img src="/static/ebda7158/images/16x16/help.png" alt="Help for feature: Remote Name" style="width: 16px; height: 16px; " class="icon-help icon-sm"></a></td></tr><tr class="validation-error-area"><td colspan="2"></td><td><div class="error"><img src="/static/ebda7158/images/none.gif" height="16" width="1">Remote Name is mandatory</div></td><td></td></tr><tr class="help-area"><td></td><td colspan="2"><div class="help">Loading...</div></td><td></td></tr><tr><td class="setting-leftspace">&nbsp;</td><td class="setting-name">Local Name</td><td class="setting-main">
   

  
  <input name="_.localName" type="text" class="setting-input   " value=""></td><td class="setting-help"><a helpurl="/descriptor/hudson.scm.CvsModule/help/localName" href="#" class="help-button" tabindex="9999"><img src="/static/ebda7158/images/16x16/help.png" alt="Help for feature: Local Name" style="width: 16px; height: 16px; " class="icon-help icon-sm"></a></td></tr><tr class="validation-error-area"><td colspan="2"></td><td></td><td></td></tr><tr class="help-area"><td></td><td colspan="2"><div class="help">Loading...</div></td><td></td></tr><tr><td class="setting-leftspace">&nbsp;</td><td class="setting-name">Projectset File Name</td><td class="setting-main">
   

  
  <input checkdependson="" checkurl="/job/viewed_job/descriptorByName/hudson.scm.CvsModule/checkProjectsetFileName" name="_.projectsetFileName" type="text" class="setting-input validated  " value=""></td><td class="setting-help"><a helpurl="/descriptor/hudson.scm.CvsModule/help/projectsetFileName" href="#" class="help-button" tabindex="9999"><img src="/static/ebda7158/images/16x16/help.png" alt="Help for feature: Projectset File Name" style="width: 16px; height: 16px; " class="icon-help icon-sm"></a></td></tr><tr class="validation-error-area"><td colspan="2"></td><td><div class="error"><img src="/static/ebda7158/images/none.gif" height="16" width="1">Projectset file name is mandatory</div></td><td></td></tr><tr class="help-area"><td></td><td colspan="2"><div class="help">Loading...</div></td><td></td></tr><tr><td class="setting-leftspace">&nbsp;</td><td class="setting-name"></td><td class="setting-main"><div align="right"><span class="yui-button yui-push-button repeatable-add show-if-last" id="yui-gen16"><span class="first-child"><button type="button" tabindex="0" id="yui-gen16-button">Add more modules...</button></span></span><span class="yui-button yui-push-button repeatable-delete show-if-not-only" id="yui-gen25"><span class="first-child"><button type="button" tabindex="0" id="yui-gen25-button">Delete</button></span></span></div></td><td class="setting-no-help"></td></tr><tr class="validation-error-area"><td colspan="2"></td><td></td><td></td></tr></tbody></table></div><div class="repeatable-insertion-point"></div></div></td><td class="setting-no-help"></td></tr><tr class="validation-error-area"><td colspan="2"></td><td></td><td></td></tr><tr><td class="setting-leftspace">&nbsp;</td><td class="setting-name"></td><td class="setting-main"><div align="right"><span class="yui-button yui-push-button repeatable-add show-if-last" id="yui-gen17"><span class="first-child"><button type="button" tabindex="0" id="yui-gen17-button">Add more locations...</button></span></span><span class="yui-button yui-push-button repeatable-delete show-if-not-only" id="yui-gen26"><span class="first-child"><button type="button" tabindex="0" id="yui-gen26-button">Delete</button></span></span></div></td><td class="setting-no-help"></td></tr><tr class="validation-error-area"><td colspan="2"></td><td></td><td></td></tr></tbody></table></div><div class="repeatable-insertion-point"></div></div></td><td class="setting-no-help"></td></tr><tr class="validation-error-area"><td colspan="2"></td><td></td><td></td></tr><tr><td></td><td></td><td><div style="" class="advancedLink"><span style="display: none" id="id24"><img src="/static/ebda7158/images/24x24/notepad.png" tooltip="One or more fields in this block have been edited." style="width: 24px; height: 24px; vertical-align: baseline" class="icon-notepad icon-md" title="One or more fields in this block have been edited."></span>&nbsp;<span class="yui-button yui-push-button advanced-button advancedButton" id="yui-gen9"><span class="first-child"><button type="button" tabindex="0" id="yui-gen9-button">Advanced...</button></span></span></div><table class="advancedBody"><tbody><tr><td colspan="4"><div class="section-header"><a id="section5" class="section-anchor">#</a>Advanced Repository Options</div></td></tr><tr><td class="setting-leftspace">&nbsp;</td><td class="setting-name">Repository browser</td><td class="setting-main"><select class="setting-input dropdownList"><option value="auto">(Auto)</option><option value="0">FishEye</option><option value="1">OpenGrok</option><option value="2">ViewCVS</option></select></td><td class="setting-help"><a helpurl="/help/scm-browsers/list.html" href="#" class="help-button" tabindex="9999"><img src="/static/ebda7158/images/16x16/help.png" alt="Help for feature: Repository browser" style="width: 16px; height: 16px; " class="icon-help icon-sm"></a></td></tr><tr class="dropdownList-container"><td colspan="2"></td><td colspan="2"><table width="100%" name="repositoryBrowser"><tbody><tr class="dropdownList-start rowvg-start"></tr><tr class="dropdownList-end rowvg-end"></tr><tr class="dropdownList-start rowvg-start" field-disabled="true" style="display: none;"></tr><tr class="render-on-demand " proxy="makeStaplerProxy('/$stapler/bound/966fa1a1-82f3-42e6-9080-687293d232a2','5e2a10a9-ca1f-465a-b045-b67e5d5c0165',['render'])" field-disabled="true" style="display: none;"></tr><tr style="display: none;" field-disabled="true"><td><input name="stapler-class" type="hidden" value="hudson.scm.browsers.FishEyeCVS"><input name="$class" type="hidden" value="hudson.scm.browsers.FishEyeCVS"></td></tr><tr class="dropdownList-end rowvg-end"></tr><tr class="dropdownList-start rowvg-start" field-disabled="true" style="display: none;"></tr><tr class="render-on-demand " proxy="makeStaplerProxy('/$stapler/bound/8583a5f6-aada-4dcc-b743-96ed88177b31','5e2a10a9-ca1f-465a-b045-b67e5d5c0165',['render'])" field-disabled="true" style="display: none;"></tr><tr style="display: none;" field-disabled="true"><td><input name="stapler-class" type="hidden" value="hudson.scm.browsers.OpenGrok"><input name="$class" type="hidden" value="hudson.scm.browsers.OpenGrok"></td></tr><tr class="dropdownList-end rowvg-end"></tr><tr class="dropdownList-start rowvg-start" field-disabled="true" style="display: none;"></tr><tr class="render-on-demand " proxy="makeStaplerProxy('/$stapler/bound/b0e49dd8-d399-4983-a04e-6f0874142578','5e2a10a9-ca1f-465a-b045-b67e5d5c0165',['render'])" field-disabled="true" style="display: none;"></tr><tr style="display: none;" field-disabled="true"><td><input name="stapler-class" type="hidden" value="hudson.scm.browsers.ViewCVS"><input name="$class" type="hidden" value="hudson.scm.browsers.ViewCVS"></td></tr><tr class="dropdownList-end rowvg-end"></tr></tbody></table></td></tr><tr class="help-area"><td></td><td colspan="2"><div class="help">Loading...</div></td><td></td></tr><tr><td class="setting-leftspace">&nbsp;</td><td class="setting-name">Exclude Regions</td><td class="setting-main"><div class="repeated-container"><div name="excludedRegions" class="repeated-chunk first last only"><table style="width:100%"><tbody><tr><td class="setting-leftspace">&nbsp;</td><td class="setting-name">Pattern</td><td class="setting-main">
   

  
  <input checkdependson="" checkurl="/job/viewed_job/descriptorByName/hudson.scm.ExcludedRegion/checkPattern" name="_.pattern" type="text" class="setting-input validated  " value=""></td><td class="setting-no-help"></td></tr><tr class="validation-error-area"><td colspan="2"></td><td><div></div></td><td></td></tr><tr><td class="setting-leftspace">&nbsp;</td><td class="setting-name"></td><td class="setting-main"><div align="right"><span class="yui-button yui-push-button repeatable-add show-if-last" id="yui-gen18"><span class="first-child"><button type="button" tabindex="0" id="yui-gen18-button">Add more patterns...</button></span></span><span class="yui-button yui-push-button repeatable-delete show-if-not-only" id="yui-gen27"><span class="first-child"><button type="button" tabindex="0" id="yui-gen27-button">Delete</button></span></span></div></td><td class="setting-no-help"></td></tr><tr class="validation-error-area"><td colspan="2"></td><td></td><td></td></tr></tbody></table></div><div class="repeatable-insertion-point"></div></div></td><td class="setting-no-help"></td></tr><tr class="validation-error-area"><td colspan="2"></td><td></td><td></td></tr><tr><td class="setting-leftspace">&nbsp;</td><td class="setting-name">Compression Level</td><td class="setting-main">

   
  <select fillurl="/job/viewed_job/descriptorByName/hudson.scm.CvsRepository/fillCompressionLevelItems" name="_.compressionLevel" class="setting-input  select " value=""><option value="-1">System Default</option><option value="0">None</option><option value="1">1</option><option value="2">2</option><option value="3">3 (Recommended)</option><option value="4">4</option><option value="5">5</option><option value="6">6</option><option value="7">7</option><option value="8">8</option><option value="9">9</option></select></td><td class="setting-no-help"></td></tr><tr class="validation-error-area"><td colspan="2"></td><td></td><td></td></tr></tbody></table></td><td></td></tr><tr><td class="setting-leftspace">&nbsp;</td><td class="setting-name"></td><td class="setting-main"><div align="right"><span class="yui-button yui-push-button repeatable-add show-if-last" id="yui-gen19"><span class="first-child"><button type="button" tabindex="0" id="yui-gen19-button">Add more repositories...</button></span></span><span class="yui-button yui-push-button repeatable-delete show-if-not-only" id="yui-gen28"><span class="first-child"><button type="button" tabindex="0" id="yui-gen28-button">Delete</button></span></span></div></td><td class="setting-no-help"></td></tr><tr class="validation-error-area"><td colspan="2"></td><td></td><td></td></tr></tbody></table></div><div class="repeatable-insertion-point"></div></div></td><td class="setting-no-help"></td></tr><tr class="validation-error-area" nameref="radio-block-11" style="display: none;"><td colspan="2"></td><td></td><td></td></tr><tr nameref="radio-block-11" style="display: none;"><td class="setting-leftspace">&nbsp;</td><td class="setting-name">Use Update</td><td class="setting-main"><input name="_.canUseUpdate" checked="true" type="checkbox" class=" "></td><td class="setting-help"><a helpurl="/descriptor/hudson.scm.CvsProjectset/help/canUseUpdate" href="#" class="help-button" tabindex="9999"><img src="/static/ebda7158/images/16x16/help.png" alt="Help for feature: Use Update" style="width: 16px; height: 16px; " class="icon-help icon-sm"></a></td></tr><tr class="validation-error-area" nameref="radio-block-11" style="display: none;"><td colspan="2"></td><td></td><td></td></tr><tr class="help-area" nameref="radio-block-11" style="display: none;"><td></td><td colspan="2"><div class="help">Loading...</div></td><td></td></tr><tr nameref="radio-block-11" style="display: none;"><td class="setting-leftspace">&nbsp;</td><td class="setting-name">Username</td><td class="setting-main">
   

  
  <input name="_.username" type="text" class="setting-input   " value=""></td><td class="setting-help"><a helpurl="/descriptor/hudson.scm.CvsProjectset/help/username" href="#" class="help-button" tabindex="9999"><img src="/static/ebda7158/images/16x16/help.png" alt="Help for feature: Username" style="width: 16px; height: 16px; " class="icon-help icon-sm"></a></td></tr><tr class="validation-error-area" nameref="radio-block-11" style="display: none;"><td colspan="2"></td><td></td><td></td></tr><tr class="help-area" nameref="radio-block-11" style="display: none;"><td></td><td colspan="2"><div class="help">Loading...</div></td><td></td></tr><tr nameref="radio-block-11" style="display: none;"><td class="setting-leftspace">&nbsp;</td><td class="setting-name">Password</td><td class="setting-main"><input name="_.password" type="password" class="setting-input " value=""></td><td class="setting-help"><a helpurl="/descriptor/hudson.scm.CvsProjectset/help/password" href="#" class="help-button" tabindex="9999"><img src="/static/ebda7158/images/16x16/help.png" alt="Help for feature: Password" style="width: 16px; height: 16px; " class="icon-help icon-sm"></a></td></tr><tr class="validation-error-area" nameref="radio-block-11" style="display: none;"><td colspan="2"></td><td></td><td></td></tr><tr class="help-area" nameref="radio-block-11" style="display: none;"><td></td><td colspan="2"><div class="help">Loading...</div></td><td></td></tr><tr nameref="radio-block-11" style="display: none;"><td class="setting-leftspace">&nbsp;</td><td class="setting-name">Prune Empty Directories</td><td class="setting-main"><input name="_.pruneEmptyDirectories" checked="true" type="checkbox" class=" "></td><td class="setting-help"><a helpurl="/descriptor/hudson.scm.CvsProjectset/help/pruneEmptyDirectories" href="#" class="help-button" tabindex="9999"><img src="/static/ebda7158/images/16x16/help.png" alt="Help for feature: Prune Empty Directories" style="width: 16px; height: 16px; " class="icon-help icon-sm"></a></td></tr><tr class="validation-error-area" nameref="radio-block-11" style="display: none;"><td colspan="2"></td><td></td><td></td></tr><tr class="help-area" nameref="radio-block-11" style="display: none;"><td></td><td colspan="2"><div class="help">Loading...</div></td><td></td></tr><tr nameref="radio-block-11" style="display: none;"><td class="setting-leftspace">&nbsp;</td><td class="setting-name">Skip Changelog</td><td class="setting-main"><input name="_.skipChangeLog" type="checkbox" class=" "></td><td class="setting-help"><a helpurl="/descriptor/hudson.scm.CvsProjectset/help/skipChangeLog" href="#" class="help-button" tabindex="9999"><img src="/static/ebda7158/images/16x16/help.png" alt="Help for feature: Skip Changelog" style="width: 16px; height: 16px; " class="icon-help icon-sm"></a></td></tr><tr class="validation-error-area" nameref="radio-block-11" style="display: none;"><td colspan="2"></td><td></td><td></td></tr><tr class="help-area" nameref="radio-block-11" style="display: none;"><td></td><td colspan="2"><div class="help">Loading...</div></td><td></td></tr><tr nameref="radio-block-11" style="display: none;"><td class="setting-leftspace">&nbsp;</td><td class="setting-name">Show all CVS output</td><td class="setting-main"><input name="_.disableCvsQuiet" type="checkbox" class=" "></td><td class="setting-help"><a helpurl="/descriptor/hudson.scm.CvsProjectset/help/disableCvsQuiet" href="#" class="help-button" tabindex="9999"><img src="/static/ebda7158/images/16x16/help.png" alt="Help for feature: Show all CVS output" style="width: 16px; height: 16px; " class="icon-help icon-sm"></a></td></tr><tr class="validation-error-area" nameref="radio-block-11" style="display: none;"><td colspan="2"></td><td></td><td></td></tr><tr class="help-area" nameref="radio-block-11" style="display: none;"><td></td><td colspan="2"><div class="help">Loading...</div></td><td></td></tr><tr nameref="radio-block-11" style="display: none;"><td class="setting-leftspace">&nbsp;</td><td class="setting-name">Perform clean checkout on failed update</td><td class="setting-main"><input name="_.cleanOnFailedUpdate" type="checkbox" class=" "></td><td class="setting-help"><a helpurl="/descriptor/hudson.scm.CvsProjectset/help/cleanOnFailedUpdate" href="#" class="help-button" tabindex="9999"><img src="/static/ebda7158/images/16x16/help.png" alt="Help for feature: Perform clean checkout on failed update" style="width: 16px; height: 16px; " class="icon-help icon-sm"></a></td></tr><tr class="validation-error-area" nameref="radio-block-11" style="display: none;"><td colspan="2"></td><td></td><td></td></tr><tr class="help-area" nameref="radio-block-11" style="display: none;"><td></td><td colspan="2"><div class="help">Loading...</div></td><td></td></tr><tr nameref="radio-block-11" style="display: none;"><td class="setting-leftspace">&nbsp;</td><td class="setting-name">Repository browser</td><td class="setting-main"><select class="setting-input dropdownList"><option value="auto">(Auto)</option><option value="0">Cvs Facade Repository Browser</option><option value="1">FishEye</option><option value="2">OpenGrok</option><option value="3">ViewCVS</option></select></td><td class="setting-help"><a helpurl="/help/scm-browsers/list.html" href="#" class="help-button" tabindex="9999"><img src="/static/ebda7158/images/16x16/help.png" alt="Help for feature: Repository browser" style="width: 16px; height: 16px; " class="icon-help icon-sm"></a></td></tr><tr class="dropdownList-container" nameref="radio-block-11" style="display: none;"><td colspan="2"></td><td colspan="2"><table width="100%" name="cvs.browser"><tbody><tr class="dropdownList-start rowvg-start"></tr><tr class="dropdownList-end rowvg-end"></tr><tr class="dropdownList-start rowvg-start" field-disabled="true" style="display: none;"></tr><tr class="render-on-demand " proxy="makeStaplerProxy('/$stapler/bound/5fc12434-028c-4601-80f9-069ad3dbf508','5e2a10a9-ca1f-465a-b045-b67e5d5c0165',['render'])" field-disabled="true" style="display: none;"></tr><tr style="display: none;" field-disabled="true"><td><input name="stapler-class" type="hidden" value="hudson.scm.browsers.CvsFacadeRepositoryBrowser"><input name="$class" type="hidden" value="hudson.scm.browsers.CvsFacadeRepositoryBrowser"></td></tr><tr class="dropdownList-end rowvg-end"></tr><tr class="dropdownList-start rowvg-start" field-disabled="true" style="display: none;"></tr><tr class="render-on-demand " proxy="makeStaplerProxy('/$stapler/bound/5bd4741f-7905-4e6e-8bed-7fcbcbff4c23','5e2a10a9-ca1f-465a-b045-b67e5d5c0165',['render'])" field-disabled="true" style="display: none;"></tr><tr style="display: none;" field-disabled="true"><td><input name="stapler-class" type="hidden" value="hudson.scm.browsers.FishEyeCVS"><input name="$class" type="hidden" value="hudson.scm.browsers.FishEyeCVS"></td></tr><tr class="dropdownList-end rowvg-end"></tr><tr class="dropdownList-start rowvg-start" field-disabled="true" style="display: none;"></tr><tr class="render-on-demand " proxy="makeStaplerProxy('/$stapler/bound/40c6094e-f3c3-442e-8e62-932319baece8','5e2a10a9-ca1f-465a-b045-b67e5d5c0165',['render'])" field-disabled="true" style="display: none;"></tr><tr style="display: none;" field-disabled="true"><td><input name="stapler-class" type="hidden" value="hudson.scm.browsers.OpenGrok"><input name="$class" type="hidden" value="hudson.scm.browsers.OpenGrok"></td></tr><tr class="dropdownList-end rowvg-end"></tr><tr class="dropdownList-start rowvg-start" field-disabled="true" style="display: none;"></tr><tr class="render-on-demand " proxy="makeStaplerProxy('/$stapler/bound/e538ab2b-66ed-4397-aaf7-fcee9b91b624','5e2a10a9-ca1f-465a-b045-b67e5d5c0165',['render'])" field-disabled="true" style="display: none;"></tr><tr style="display: none;" field-disabled="true"><td><input name="stapler-class" type="hidden" value="hudson.scm.browsers.ViewCVS"><input name="$class" type="hidden" value="hudson.scm.browsers.ViewCVS"></td></tr><tr class="dropdownList-end rowvg-end"></tr></tbody></table></td></tr><tr class="help-area" nameref="radio-block-11" style="display: none;"><td></td><td colspan="2"><div class="help">Loading...</div></td><td></td></tr><tr style="display:none" class="row-set-end radio-block-end"></tr><tr class="radio-block-start row-set-start" hashelp="false" ref="radio-block-12"><td colspan="3"><label><input name="scm" type="radio" value="3" class="radio-block-control" id="radio-block-12" path="/scm[3]">
        Subversion
      </label></td><td class="setting-no-help"></td></tr><tr nameref="radio-block-12" style="display: none;"><td class="setting-leftspace">&nbsp;</td><td class="setting-name">Modules</td><td class="setting-main"><div class="repeated-container"><div name="locations" class="repeated-chunk first last only"><table width="100%"><tbody><tr><td class="setting-leftspace">&nbsp;</td><td class="setting-name">Repository URL</td><td class="setting-main">
   

  
  <input checkdependson="" id="svn.remote.loc" checkurl="/job/viewed_job/descriptorByName/hudson.scm.SubversionSCM/checkRemote" name="_.remote" type="text" class="setting-input validated  " value=""></td><td class="setting-help"><a helpurl="/scm/SubversionSCM/url-help" href="#" class="help-button" tabindex="9999"><img src="/static/ebda7158/images/16x16/help.png" alt="Help for feature: Repository URL" style="width: 16px; height: 16px; " class="icon-help icon-sm"></a></td></tr><tr class="validation-error-area"><td colspan="2"></td><td><div class="error"><img src="/static/ebda7158/images/none.gif" height="16" width="1">Repository URL is required.</div></td><td></td></tr><tr class="help-area"><td></td><td colspan="2"><div class="help">Loading...</div></td><td></td></tr><tr><td class="setting-leftspace">&nbsp;</td><td class="setting-name">Local module directory (optional)</td><td class="setting-main">
   

  
  <input checkdependson="" checkurl="/job/viewed_job/descriptorByName/hudson.scm.SubversionSCM/checkLocal" name="_.local" type="text" class="setting-input validated  " value="."></td><td class="setting-help"><a helpurl="/descriptor/hudson.scm.SubversionSCM/help/local" href="#" class="help-button" tabindex="9999"><img src="/static/ebda7158/images/16x16/help.png" alt="Help for feature: Local module directory (optional)" style="width: 16px; height: 16px; " class="icon-help icon-sm"></a></td></tr><tr class="validation-error-area"><td colspan="2"></td><td><div></div></td><td></td></tr><tr class="help-area"><td></td><td colspan="2"><div class="help">Loading...</div></td><td></td></tr><tr><td class="setting-leftspace">&nbsp;</td><td class="setting-name">Repository depth</td><td class="setting-main"><select name="depthOption"><option value="infinity">infinity</option><option value="empty">empty</option><option value="files">files</option><option value="immediates">immediates</option><option value="unknown">as-it-is</option></select></td><td class="setting-help"><a helpurl="/descriptor/hudson.scm.SubversionSCM/help/depthOption" href="#" class="help-button" tabindex="9999"><img src="/static/ebda7158/images/16x16/help.png" alt="Help for feature: Repository depth" style="width: 16px; height: 16px; " class="icon-help icon-sm"></a></td></tr><tr class="validation-error-area"><td colspan="2"></td><td></td><td></td></tr><tr class="help-area"><td></td><td colspan="2"><div class="help">Loading...</div></td><td></td></tr><tr><td class="setting-leftspace">&nbsp;</td><td class="setting-name">Ignore externals</td><td class="setting-main"><input name="_.ignoreExternalsOption" type="checkbox" class=" "></td><td class="setting-help"><a helpurl="/descriptor/hudson.scm.SubversionSCM/help/ignoreExternalsOption" href="#" class="help-button" tabindex="9999"><img src="/static/ebda7158/images/16x16/help.png" alt="Help for feature: Ignore externals" style="width: 16px; height: 16px; " class="icon-help icon-sm"></a></td></tr><tr class="validation-error-area"><td colspan="2"></td><td></td><td></td></tr><tr class="help-area"><td></td><td colspan="2"><div class="help">Loading...</div></td><td></td></tr><tr><td class="setting-leftspace">&nbsp;</td><td class="setting-name"></td><td class="setting-main"><div align="right"><span class="yui-button yui-push-button repeatable-add show-if-last" id="yui-gen20"><span class="first-child"><button type="button" tabindex="0" id="yui-gen20-button">Add more locations...</button></span></span><span class="yui-button yui-push-button repeatable-delete show-if-not-only" id="yui-gen29"><span class="first-child"><button type="button" tabindex="0" id="yui-gen29-button">Delete</button></span></span></div></td><td class="setting-no-help"></td></tr><tr class="validation-error-area"><td colspan="2"></td><td></td><td></td></tr></tbody></table></div><div class="repeatable-insertion-point"></div></div></td><td class="setting-no-help"></td></tr><tr class="validation-error-area" nameref="radio-block-12" style="display: none;"><td colspan="2"></td><td></td><td></td></tr><tr nameref="radio-block-12" style="display: none;"><td class="setting-leftspace">&nbsp;</td><td class="setting-name">Check-out Strategy</td><td class="setting-main"><select class="setting-input dropdownList"><option value="0">Use 'svn update' as much as possible</option><option value="1">Always check out a fresh copy</option><option value="2">Emulate clean checkout by first deleting unversioned/ignored files, then 'svn update'</option><option value="3">Use 'svn update' as much as possible, with 'svn revert' before update</option></select></td><td class="setting-no-help"></td></tr><tr class="dropdownList-container" nameref="radio-block-12" style="display: none;"><td colspan="2"></td><td colspan="2"><table width="100%" name="workspaceUpdater"><tbody><tr class="dropdownList-start rowvg-start"></tr>
      
      <tr><td colspan="2"></td><td class="setting-description">Use 'svn update' whenever possible, making the build faster. But this causes the artifacts from the previous build to remain when a new build starts.</td><td></td></tr><tr style=""><td><input name="stapler-class" type="hidden" value="hudson.scm.subversion.UpdateUpdater"><input name="$class" type="hidden" value="hudson.scm.subversion.UpdateUpdater"></td></tr><tr class="dropdownList-end rowvg-end"></tr><tr class="dropdownList-start rowvg-start" field-disabled="true" style="display: none;"></tr><tr class="render-on-demand " proxy="makeStaplerProxy('/$stapler/bound/61334187-fbc5-44fe-b188-6414fb936f96','5e2a10a9-ca1f-465a-b045-b67e5d5c0165',['render'])" field-disabled="true" style="display: none;"></tr><tr style="display: none;" field-disabled="true"><td><input name="stapler-class" type="hidden" value="hudson.scm.subversion.CheckoutUpdater"><input name="$class" type="hidden" value="hudson.scm.subversion.CheckoutUpdater"></td></tr><tr class="dropdownList-end rowvg-end"></tr><tr class="dropdownList-start rowvg-start" field-disabled="true" style="display: none;"></tr><tr class="render-on-demand " proxy="makeStaplerProxy('/$stapler/bound/c7d58a3b-d0e6-43cd-a8ae-326d5f5f78fb','5e2a10a9-ca1f-465a-b045-b67e5d5c0165',['render'])" field-disabled="true" style="display: none;"></tr><tr style="display: none;" field-disabled="true"><td><input name="stapler-class" type="hidden" value="hudson.scm.subversion.UpdateWithCleanUpdater"><input name="$class" type="hidden" value="hudson.scm.subversion.UpdateWithCleanUpdater"></td></tr><tr class="dropdownList-end rowvg-end"></tr><tr class="dropdownList-start rowvg-start" field-disabled="true" style="display: none;"></tr><tr class="render-on-demand " proxy="makeStaplerProxy('/$stapler/bound/5477b43c-6cdd-4cd0-bc77-2782426a11d3','5e2a10a9-ca1f-465a-b045-b67e5d5c0165',['render'])" field-disabled="true" style="display: none;"></tr><tr style="display: none;" field-disabled="true"><td><input name="stapler-class" type="hidden" value="hudson.scm.subversion.UpdateWithRevertUpdater"><input name="$class" type="hidden" value="hudson.scm.subversion.UpdateWithRevertUpdater"></td></tr><tr class="dropdownList-end rowvg-end"></tr></tbody></table></td></tr><tr nameref="radio-block-12" style="display: none;"><td class="setting-leftspace">&nbsp;</td><td class="setting-name">Repository browser</td><td class="setting-main"><select class="setting-input dropdownList"><option value="auto">(Auto)</option><option value="0">Assembla</option><option value="1">CollabNet</option><option value="2">FishEye</option><option value="3">SVN::Web</option><option value="4">Sventon 1.x</option><option value="5">Sventon 2.x</option><option value="6">ViewSVN</option><option value="7">WebSVN</option></select></td><td class="setting-help"><a helpurl="/help/scm-browsers/list.html" href="#" class="help-button" tabindex="9999"><img src="/static/ebda7158/images/16x16/help.png" alt="Help for feature: Repository browser" style="width: 16px; height: 16px; " class="icon-help icon-sm"></a></td></tr><tr class="dropdownList-container" nameref="radio-block-12" style="display: none;"><td colspan="2"></td><td colspan="2"><table width="100%" name="svn.browser"><tbody><tr class="dropdownList-start rowvg-start"></tr><tr class="dropdownList-end rowvg-end"></tr><tr class="dropdownList-start rowvg-start" field-disabled="true" style="display: none;"></tr><tr class="render-on-demand " proxy="makeStaplerProxy('/$stapler/bound/c7e31347-7865-4261-b1d4-947a59fcecc3','5e2a10a9-ca1f-465a-b045-b67e5d5c0165',['render'])" field-disabled="true" style="display: none;"></tr><tr style="display: none;" field-disabled="true"><td><input name="stapler-class" type="hidden" value="hudson.scm.browsers.Assembla"><input name="$class" type="hidden" value="hudson.scm.browsers.Assembla"></td></tr><tr class="dropdownList-end rowvg-end"></tr><tr class="dropdownList-start rowvg-start" field-disabled="true" style="display: none;"></tr><tr class="render-on-demand " proxy="makeStaplerProxy('/$stapler/bound/d62f59dc-c4cd-458b-a31e-b7479889e449','5e2a10a9-ca1f-465a-b045-b67e5d5c0165',['render'])" field-disabled="true" style="display: none;"></tr><tr style="display: none;" field-disabled="true"><td><input name="stapler-class" type="hidden" value="hudson.scm.browsers.CollabNetSVN"><input name="$class" type="hidden" value="hudson.scm.browsers.CollabNetSVN"></td></tr><tr class="dropdownList-end rowvg-end"></tr><tr class="dropdownList-start rowvg-start" field-disabled="true" style="display: none;"></tr><tr class="render-on-demand " proxy="makeStaplerProxy('/$stapler/bound/fb1368eb-599a-484b-aecc-6ff9d919635f','5e2a10a9-ca1f-465a-b045-b67e5d5c0165',['render'])" field-disabled="true" style="display: none;"></tr><tr style="display: none;" field-disabled="true"><td><input name="stapler-class" type="hidden" value="hudson.scm.browsers.FishEyeSVN"><input name="$class" type="hidden" value="hudson.scm.browsers.FishEyeSVN"></td></tr><tr class="dropdownList-end rowvg-end"></tr><tr class="dropdownList-start rowvg-start" field-disabled="true" style="display: none;"></tr><tr class="render-on-demand " proxy="makeStaplerProxy('/$stapler/bound/0d59d3dd-2a7a-4f41-a958-adf450e05fe4','5e2a10a9-ca1f-465a-b045-b67e5d5c0165',['render'])" field-disabled="true" style="display: none;"></tr><tr style="display: none;" field-disabled="true"><td><input name="stapler-class" type="hidden" value="hudson.scm.browsers.SVNWeb"><input name="$class" type="hidden" value="hudson.scm.browsers.SVNWeb"></td></tr><tr class="dropdownList-end rowvg-end"></tr><tr class="dropdownList-start rowvg-start" field-disabled="true" style="display: none;"></tr><tr class="render-on-demand " proxy="makeStaplerProxy('/$stapler/bound/46ca6234-6b34-4265-b9f2-4e1e1ddd2154','5e2a10a9-ca1f-465a-b045-b67e5d5c0165',['render'])" field-disabled="true" style="display: none;"></tr><tr style="display: none;" field-disabled="true"><td><input name="stapler-class" type="hidden" value="hudson.scm.browsers.Sventon"><input name="$class" type="hidden" value="hudson.scm.browsers.Sventon"></td></tr><tr class="dropdownList-end rowvg-end"></tr><tr class="dropdownList-start rowvg-start" field-disabled="true" style="display: none;"></tr><tr class="render-on-demand " proxy="makeStaplerProxy('/$stapler/bound/632b393f-d697-4534-b2e3-a542c22e35dd','5e2a10a9-ca1f-465a-b045-b67e5d5c0165',['render'])" field-disabled="true" style="display: none;"></tr><tr style="display: none;" field-disabled="true"><td><input name="stapler-class" type="hidden" value="hudson.scm.browsers.Sventon2"><input name="$class" type="hidden" value="hudson.scm.browsers.Sventon2"></td></tr><tr class="dropdownList-end rowvg-end"></tr><tr class="dropdownList-start rowvg-start" field-disabled="true" style="display: none;"></tr><tr class="render-on-demand " proxy="makeStaplerProxy('/$stapler/bound/ac1124da-9dda-4033-bad3-d66518c7e2f5','5e2a10a9-ca1f-465a-b045-b67e5d5c0165',['render'])" field-disabled="true" style="display: none;"></tr><tr style="display: none;" field-disabled="true"><td><input name="stapler-class" type="hidden" value="hudson.scm.browsers.ViewSVN"><input name="$class" type="hidden" value="hudson.scm.browsers.ViewSVN"></td></tr><tr class="dropdownList-end rowvg-end"></tr><tr class="dropdownList-start rowvg-start" field-disabled="true" style="display: none;"></tr><tr class="render-on-demand " proxy="makeStaplerProxy('/$stapler/bound/6de3d0dc-b28a-42ce-afe1-a8329ac525eb','5e2a10a9-ca1f-465a-b045-b67e5d5c0165',['render'])" field-disabled="true" style="display: none;"></tr><tr style="display: none;" field-disabled="true"><td><input name="stapler-class" type="hidden" value="hudson.scm.browsers.WebSVN"><input name="$class" type="hidden" value="hudson.scm.browsers.WebSVN"></td></tr><tr class="dropdownList-end rowvg-end"></tr></tbody></table></td></tr><tr class="help-area" nameref="radio-block-12" style="display: none;"><td></td><td colspan="2"><div class="help">Loading...</div></td><td></td></tr><tr nameref="radio-block-12" style="display: none;"><td></td><td></td><td><div style="" class="advancedLink"><span style="display: none" id="id25"><img src="/static/ebda7158/images/24x24/notepad.png" tooltip="One or more fields in this block have been edited." style="width: 24px; height: 24px; vertical-align: baseline" class="icon-notepad icon-md" title="One or more fields in this block have been edited."></span>&nbsp;<span class="yui-button yui-push-button advanced-button advancedButton" id="yui-gen10"><span class="first-child"><button type="button" tabindex="0" id="yui-gen10-button">Advanced...</button></span></span></div><table class="advancedBody"><tbody><tr><td class="setting-leftspace">&nbsp;</td><td class="setting-name">Ignore Property Changes on directories</td><td class="setting-main"><input name="_.ignoreDirPropChanges" type="checkbox" class=" "></td><td class="setting-help"><a helpurl="/descriptor/hudson.scm.SubversionSCM/help/ignoreDirPropChanges" href="#" class="help-button" tabindex="9999"><img src="/static/ebda7158/images/16x16/help.png" alt="Help for feature: Ignore Property Changes on directories" style="width: 16px; height: 16px; " class="icon-help icon-sm"></a></td></tr><tr class="validation-error-area"><td colspan="2"></td><td></td><td></td></tr><tr class="help-area"><td></td><td colspan="2"><div class="help">Loading...</div></td><td></td></tr><tr><td class="setting-leftspace">&nbsp;</td><td class="setting-name">Excluded Regions</td><td class="setting-main"><textarea checkdependson="" name="_.excludedRegions" rows="5" class="setting-input validated  " checkurl="/job/viewed_job/descriptorByName/hudson.scm.SubversionSCM/checkExcludedRegions"></textarea><div class="textarea-handle"></div></td><td class="setting-help"><a helpurl="/descriptor/hudson.scm.SubversionSCM/help/excludedRegions" href="#" class="help-button" tabindex="9999"><img src="/static/ebda7158/images/16x16/help.png" alt="Help for feature: Excluded Regions" style="width: 16px; height: 16px; " class="icon-help icon-sm"></a></td></tr><tr class="validation-error-area"><td colspan="2"></td><td><div></div></td><td></td></tr><tr class="help-area"><td></td><td colspan="2"><div class="help">Loading...</div></td><td></td></tr><tr><td class="setting-leftspace">&nbsp;</td><td class="setting-name">Included Regions</td><td class="setting-main"><textarea checkdependson="" name="_.includedRegions" rows="5" class="setting-input validated  " checkurl="/job/viewed_job/descriptorByName/hudson.scm.SubversionSCM/checkIncludedRegions"></textarea><div class="textarea-handle"></div></td><td class="setting-help"><a helpurl="/descriptor/hudson.scm.SubversionSCM/help/includedRegions" href="#" class="help-button" tabindex="9999"><img src="/static/ebda7158/images/16x16/help.png" alt="Help for feature: Included Regions" style="width: 16px; height: 16px; " class="icon-help icon-sm"></a></td></tr><tr class="validation-error-area"><td colspan="2"></td><td><a href="" onclick="document.getElementById('valerr32').style.display='block';return false">ERROR</a><div id="valerr32" style="display:none"></div></td><td></td></tr><tr class="help-area"><td></td><td colspan="2"><div class="help">Loading...</div></td><td></td></tr><tr><td class="setting-leftspace">&nbsp;</td><td class="setting-name">Excluded Users</td><td class="setting-main"><textarea checkdependson="" name="_.excludedUsers" rows="5" class="setting-input validated  " checkurl="/job/viewed_job/descriptorByName/hudson.scm.SubversionSCM/checkExcludedUsers"></textarea><div class="textarea-handle"></div></td><td class="setting-help"><a helpurl="/descriptor/hudson.scm.SubversionSCM/help/excludedUsers" href="#" class="help-button" tabindex="9999"><img src="/static/ebda7158/images/16x16/help.png" alt="Help for feature: Excluded Users" style="width: 16px; height: 16px; " class="icon-help icon-sm"></a></td></tr><tr class="validation-error-area"><td colspan="2"></td><td></td><td></td></tr><tr class="help-area"><td></td><td colspan="2"><div class="help">Loading...</div></td><td></td></tr><tr><td class="setting-leftspace">&nbsp;</td><td class="setting-name">Excluded Commit Messages</td><td class="setting-main"><textarea checkdependson="" name="_.excludedCommitMessages" rows="5" class="setting-input validated  " checkurl="/job/viewed_job/descriptorByName/hudson.scm.SubversionSCM/checkExcludedCommitMessages"></textarea><div class="textarea-handle"></div></td><td class="setting-help"><a helpurl="/descriptor/hudson.scm.SubversionSCM/help/excludedCommitMessages" href="#" class="help-button" tabindex="9999"><img src="/static/ebda7158/images/16x16/help.png" alt="Help for feature: Excluded Commit Messages" style="width: 16px; height: 16px; " class="icon-help icon-sm"></a></td></tr><tr class="validation-error-area"><td colspan="2"></td><td></td><td></td></tr><tr class="help-area"><td></td><td colspan="2"><div class="help">Loading...</div></td><td></td></tr><tr><td class="setting-leftspace">&nbsp;</td><td class="setting-name">Exclusion revprop name</td><td class="setting-main">
   

  
  <input checkurl="'descriptorByName/hudson.scm.SubversionSCM/checkRevisionPropertiesSupported?value='+toValue(document.getElementById('svn.remote.loc'))" name="_.excludedRevprop" type="text" class="setting-input validated  " value=""></td><td class="setting-help"><a helpurl="/descriptor/hudson.scm.SubversionSCM/help/excludedRevprop" href="#" class="help-button" tabindex="9999"><img src="/static/ebda7158/images/16x16/help.png" alt="Help for feature: Exclusion revprop name" style="width: 16px; height: 16px; " class="icon-help icon-sm"></a></td></tr><tr class="validation-error-area"><td colspan="2"></td><td><div></div></td><td></td></tr><tr class="help-area"><td></td><td colspan="2"><div class="help">Loading...</div></td><td></td></tr><tr><td class="setting-leftspace">&nbsp;</td><td class="setting-name">Filter changelog</td><td class="setting-main"><input name="_.filterChangelog" type="checkbox" class=" "></td><td class="setting-help"><a helpurl="/descriptor/hudson.scm.SubversionSCM/help/filterChangelog" href="#" class="help-button" tabindex="9999"><img src="/static/ebda7158/images/16x16/help.png" alt="Help for feature: Filter changelog" style="width: 16px; height: 16px; " class="icon-help icon-sm"></a></td></tr><tr class="validation-error-area"><td colspan="2"></td><td></td><td></td></tr><tr class="help-area"><td></td><td colspan="2"><div class="help">Loading...</div></td><td></td></tr></tbody></table></td><td></td></tr><tr style="display:none" class="row-set-end radio-block-end"></tr><tr><td colspan="4"><div class="section-header"><a id="section6" class="section-anchor">#</a>Build Triggers</div></td></tr><tr class="optional-block-start row-set-start" hashelp="true" ref="cb27"><td colspan="3"><input onclick="javascript:updateOptionalBlock(this,true)" name="jenkins-triggers-ReverseBuildTrigger" type="checkbox" class=" " id="cb27" path="/jenkins-triggers-ReverseBuildTrigger"><label class="attach-previous">Build after other projects are built</label></td><td class="setting-help"><a helpurl="/descriptor/jenkins.triggers.ReverseBuildTrigger/help" href="#" class="help-button" tabindex="9999"><img src="/static/ebda7158/images/16x16/help.png" alt="Help for feature: Build after other projects are built" style="width: 16px; height: 16px; " class="icon-help icon-sm"></a></td></tr><tr class="help-area" nameref="cb27"><td></td><td colspan="2"><div class="help">Loading...</div></td><td></td></tr><tr class="rowvg-start" nameref="cb27" style="display: none;"></tr><tr nameref="cb27" style="display: none;"><td class="setting-leftspace">&nbsp;</td><td class="setting-name">Projects to watch</td><td class="setting-main">
   

  
  <input checkdependson="" autocompleteurl="/job/viewed_job/descriptorByName/jenkins.triggers.ReverseBuildTrigger/autoCompleteUpstreamProjects" checkurl="/job/viewed_job/descriptorByName/jenkins.triggers.ReverseBuildTrigger/checkUpstreamProjects" autocompletedelimchar="," name="_.upstreamProjects" type="text" class="setting-input validated auto-complete  yui-ac-input" value="" autocomplete="off" style="position: relative;"><div class="yui-ac-container"><div class="yui-ac-content" style="display: none;"><div class="yui-ac-hd" style="display: none;"></div><div class="yui-ac-bd"><ul><li style="display: none;"></li><li style="display: none;"></li><li style="display: none;"></li><li style="display: none;"></li><li style="display: none;"></li><li style="display: none;"></li><li style="display: none;"></li><li style="display: none;"></li><li style="display: none;"></li><li style="display: none;"></li></ul></div><div class="yui-ac-ft" style="display: none;"></div></div></div></td><td class="setting-no-help"></td></tr><tr class="validation-error-area" nameref="cb27" style="display: none;"><td colspan="2"></td><td><div class="error"><img src="/static/ebda7158/images/none.gif" height="16" width="1">No project specified</div></td><td></td></tr><tr nameref="cb27" style="display: none;"><td class="setting-leftspace">&nbsp;</td><td class="setting-name"></td><td class="setting-main"><input name="ReverseBuildTrigger.threshold" checked="true" type="radio" value="SUCCESS"><label class="attach-previous">Trigger only if build is stable</label></td><td class="setting-no-help"></td></tr><tr class="validation-error-area" nameref="cb27" style="display: none;"><td colspan="2"></td><td></td><td></td></tr><tr nameref="cb27" style="display: none;"><td class="setting-leftspace">&nbsp;</td><td class="setting-name"></td><td class="setting-main"><input name="ReverseBuildTrigger.threshold" type="radio" value="UNSTABLE"><label class="attach-previous">Trigger even if the build is unstable</label></td><td class="setting-no-help"></td></tr><tr class="validation-error-area" nameref="cb27" style="display: none;"><td colspan="2"></td><td></td><td></td></tr><tr nameref="cb27" style="display: none;"><td class="setting-leftspace">&nbsp;</td><td class="setting-name"></td><td class="setting-main"><input name="ReverseBuildTrigger.threshold" type="radio" value="FAILURE"><label class="attach-previous">Trigger even if the build fails</label></td><td class="setting-no-help"></td></tr><tr class="validation-error-area" nameref="cb27" style="display: none;"><td colspan="2"></td><td></td><td></td></tr><tr class="row-set-end rowvg-end optional-block-end"></tr><tr class="optional-block-start row-set-start" hashelp="true" ref="cb28"><td colspan="3"><input onclick="javascript:updateOptionalBlock(this,true)" name="hudson-triggers-TimerTrigger" type="checkbox" class=" " id="cb28" path="/hudson-triggers-TimerTrigger"><label class="attach-previous">Build periodically</label></td><td class="setting-help"><a helpurl="/descriptor/hudson.triggers.TimerTrigger/help" href="#" class="help-button" tabindex="9999"><img src="/static/ebda7158/images/16x16/help.png" alt="Help for feature: Build periodically" style="width: 16px; height: 16px; " class="icon-help icon-sm"></a></td></tr><tr class="help-area" nameref="cb28"><td></td><td colspan="2"><div class="help">Loading...</div></td><td></td></tr><tr class="rowvg-start" nameref="cb28" style="display: none;"></tr><tr nameref="cb28" style="display: none;"><td class="setting-leftspace">&nbsp;</td><td class="setting-name">Schedule</td><td class="setting-main"><textarea checkdependson="" name="_.spec" rows="5" class="setting-input validated  " checkurl="/job/viewed_job/descriptorByName/hudson.triggers.TimerTrigger/checkSpec"></textarea><div class="textarea-handle"></div></td><td class="setting-help"><a helpurl="/descriptor/hudson.triggers.TimerTrigger/help/spec" href="#" class="help-button" tabindex="9999"><img src="/static/ebda7158/images/16x16/help.png" alt="Help for feature: Schedule" style="width: 16px; height: 16px; " class="icon-help icon-sm"></a></td></tr><tr class="validation-error-area" nameref="cb28" style="display: none;"><td colspan="2"></td><td></td><td></td></tr><tr class="help-area" nameref="cb28" style="display: none;"><td></td><td colspan="2"><div class="help">Loading...</div></td><td></td></tr><tr class="row-set-end rowvg-end optional-block-end"></tr><tr class="optional-block-start row-set-start" hashelp="true" ref="cb29"><td colspan="3"><input onclick="javascript:updateOptionalBlock(this,true)" name="hudson-triggers-SCMTrigger" type="checkbox" class=" " id="cb29" path="/hudson-triggers-SCMTrigger"><label class="attach-previous">Poll SCM</label></td><td class="setting-help"><a helpurl="/descriptor/hudson.triggers.SCMTrigger/help" href="#" class="help-button" tabindex="9999"><img src="/static/ebda7158/images/16x16/help.png" alt="Help for feature: Poll SCM" style="width: 16px; height: 16px; " class="icon-help icon-sm"></a></td></tr><tr class="help-area" nameref="cb29"><td></td><td colspan="2"><div class="help">Loading...</div></td><td></td></tr><tr class="rowvg-start" nameref="cb29" style="display: none;"></tr><tr nameref="cb29" style="display: none;"><td class="setting-leftspace">&nbsp;</td><td class="setting-name">Schedule</td><td class="setting-main"><textarea name="scmpoll_spec" rows="5" class="setting-input validated  " checkurl="'/trigger/TimerTrigger/check?value='+encodeURIComponent(this.value)"></textarea><div class="textarea-handle"></div></td><td class="setting-help"><a helpurl="/descriptor/hudson.triggers.TimerTrigger/help/spec" href="#" class="help-button" tabindex="9999"><img src="/static/ebda7158/images/16x16/help.png" alt="Help for feature: Schedule" style="width: 16px; height: 16px; " class="icon-help icon-sm"></a></td></tr><tr class="validation-error-area" nameref="cb29" style="display: none;"><td colspan="2"></td><td></td><td></td></tr><tr class="help-area" nameref="cb29" style="display: none;"><td></td><td colspan="2"><div class="help">Loading...</div></td><td></td></tr><tr nameref="cb29" style="display: none;"><td class="setting-leftspace">&nbsp;</td><td class="setting-name">Ignore post-commit hooks</td><td class="setting-main"><input name="_.ignorePostCommitHooks" type="checkbox" class=" "></td><td class="setting-help"><a helpurl="/descriptor/hudson.triggers.SCMTrigger/help/ignorePostCommitHooks" href="#" class="help-button" tabindex="9999"><img src="/static/ebda7158/images/16x16/help.png" alt="Help for feature: Ignore post-commit hooks" style="width: 16px; height: 16px; " class="icon-help icon-sm"></a></td></tr><tr class="validation-error-area" nameref="cb29" style="display: none;"><td colspan="2"></td><td></td><td></td></tr><tr class="help-area" nameref="cb29" style="display: none;"><td></td><td colspan="2"><div class="help">Loading...</div></td><td></td></tr><tr class="row-set-end rowvg-end optional-block-end"></tr><tr><td colspan="4"><div class="section-header"><a id="section7" class="section-anchor">#</a>Build</div></td></tr><tr><td colspan="4"><div class="hetero-list-container with-drag-drop  "><div class="repeatable-insertion-point"></div><div><span class="yui-button yui-menu-button" id="yui-gen3"><span class="first-child"><button type="button" tabindex="0" id="yui-gen3-button" class="hetero-list-add" suffix="builder" path="/hetero-list-add[builder]">Add build step</button></span></span></div></div></td></tr><tr><td colspan="4"><div class="section-header"><a id="section8" class="section-anchor">#</a>Post-build Actions</div></td></tr><tr><td colspan="4"><div class="hetero-list-container with-drag-drop one-each honor-order"><div class="repeatable-insertion-point"></div><div><span class="yui-button yui-menu-button" id="yui-gen5"><span class="first-child"><button type="button" tabindex="0" id="yui-gen5-button" class="hetero-list-add" suffix="publisher" path="/hetero-list-add[publisher]">Add post-build action</button></span></span></div></div></td></tr><tr><td colspan="4"><div style="height: 74px;"></div><div id="bottom-sticker" style="position: fixed; bottom: 0px; left: 338px;"><div class="bottom-sticker-edge"></div><div class="bottom-sticker-inner"><span class="yui-button yui-submit-button submit-button primary" id="yui-gen30" name="Submit" path="/Submit"><span class="first-child"><button type="button" tabindex="0" id="yui-gen30-button">Save</button></span></span><script src="/adjuncts/ebda7158/lib/form/apply/apply.js" type="text/javascript"></script><input type="hidden" name="core:apply" value="" path="/core:apply"><span class="yui-button yui-push-button apply-button applyButton" id="yui-gen11" name="Apply" path="/Apply"><span class="first-child"><button type="button" tabindex="0" id="yui-gen11-button" path="/Apply/apply-button">Apply</button></span></span></div></div></td></tr></tbody></table><div><input type="hidden" name="json" value="init"></div></form><script src="/adjuncts/ebda7158/lib/form/confirm.js" type="text/javascript"></script></div></div><footer><div class="container-fluid"><div class="row"><div class="col-md-6" id="footer"><div id="l10n-footer" style="display: block; float: left;"><a href="#" onclick="return showTranslationDialog();"><img src="/static/ebda7158/plugin/translation/flags.png">
      Help us localize this page
    </a></div></div><div class="col-md-18"><span class="page_generated">Page generated: Oct 16, 2015 7:07:45 PM</span><span class="rest_api"><a href="api/">REST API</a></span><span class="jenkins_ver"><a href="http://jenkins-ci.org/">Jenkins ver. 1.630</a></span><div id="l10n-dialog" class="dialog"></div><script>var footer = document.getElementById('l10n-footer');
    var f = document.getElementById('footer');
    f.insertBefore(footer,f.firstChild);
    footer.style.display="block";

    var translation={}; 
    translation.bundles = "VbYSOd18EkDGkEsH/9M74Sw9RE7sdFhRIpCrHOvbFZZGxQ6fGFVH11tbKnTjtBHq2J8hbfCcjuvYvZVFl+fN12qPO8bigaocu84a2mjt08MfhGJJvMfhEqxqrAd9QzMeHto5BWvP/Fg6WPSjlZK3+EA2P7yLr8rR13MMX17T2MfPHe6sv9e/C5G0M0m3Q1vzP8ckqcTgYdeer/Cz93lFCHyfNgTitMRJHRHmgPUZ8wVvgXnvXKYNWWYfTsoWOgeLPYLXESd5JAIgd3mJc1DAn8fSWNt3pNfX0f52HqVUvhR3Qh0KO37XE0KieHhKQJ7IKehWbAWen/cP7NB5V/IWKONpCAYycdwIZYH8K5K8v2Ia7zfOjNhVAKXQQ4v30xGjqa+TYHj2+xyjQzbe9HPagiVsBUW7n1cs3ujsWi27TkGqTvHIXZmMAL041D6vpmg+Xl5/d6ILFB01iJGYRU9c6A4XmNAA+Q1PyU1uWdy8HoXkuc32ziF77Mryms7ju2KR31VNWMddqUiRyTczKaQt7mJZ2yvWtNGLQMgYvmuAbwiO0MlOjsmcz0OUnaWfqB1uw6ycJOWD6teN11YCPTqOI5U1MUk83rJ3DVVZJI6qSjCZJOuwTQfjtplYpSm8Epc7GuvsDzMlsFRX/IQ9TV5xIt2S1jrtSKvzzIH1CY/AfKLhu0CSOfmfGvxh3pNmrkC6Eovd4Jx9U5I1gtJR5T64/eWFyXx/CCy9oawIy/lznT2magQ8mIaj2WYktxIkOqP6uThOVmJQTjxtnokXIz3UlYRQHRNcrTeorN07+mCgX29hbFF/FicgeZz/iHOupveoAWJZP0cJrxhh7K/7wzBkkeg+OSaJxxbfcOLbeqnvTvb5cn88hzVOSONq+2szfLmPO7vetoTf9lidu+cRDIyLnowLNx4+KpnQ1VQtEA2LZlg//T9WUYjDKn3sssU33phAElcwWvyTQuI1n5Kr8QB6pkPa8CmOxtphXlYabMmiaFcSKod1KC5AvFmg5vT1XzLYoXe5XmM+8cKh0+uSco1dHtN/cLnuFek4VgJd08Y5CGDBuclEr5917hQrParYpQiMKrNQC8aLiS3LlZBWAhTkHHM9dIYiLgvkG+JEGe8EzgF2EEv5PIVqsTwmq4VyKZho2gruXmYXNZvksWVUyHXONNeqIHTC+dUkTjQ144L8DFy9OjMSJtb0gpmRgEwXCsezmos7KupYbnBUjp90Xxhqacfjy8KWT7vWck/9G4ZZVfr7fOUyl9ql3DZtG7Xfi212mmFHu4DF3k5H8m50YikvwUzgR8u6jpg7aJsMgsZtMFHUgRr4BucAwGW3oKIcw74TZw+OJBdtW9xnv1yTEJ7mVddb4D/sVp+6y2Fl+/pXVWY4wpBFglV72Xlf41dDnMHI67PH3+r5gKDiRROhIgEAy42GZYigmo060rNPNv7Nz6UfElNbidGzlEFXmaStBEO7Zcvt5nm+6eXRAlNw07qnBNDxEtZPswdqG/7K8pqjpzhE61gpNayV6Dtvm7g7rbC/Jnx01A8lIbK8OVqmDfvX8gubvrGEEHb+NGDfWv4UI+vRL0ov0Bt68DFGnVE8LrVz7LSavAG6EuJXJWWmVjp5SZ6y9bdvA8Go/ppT4stBt6BGM1wr8A8iis4v+xeh4ptzRwkEbSUbu0IlFJQsDhRa1CIoXQwc3p+eH1R/sDD/IwpZ1Jcrze6+BogWHXq7dFCCiznPjvDXsMVEMZjEPA1b14IDEI9msgxt5Rhc987Ug+jr9LnVyMMcaJvXRAU3+TzClsUdd50RicRLyJDHTyPoQcij3hE9Xd3ds4FwDO7U8lZd6/IEFQoZEvRkHBS9cxTFPmojcBSsM/S0tAnaVvpo2KlDZMmYRQMoBjz4z8Pw5Opz91zlHsOjwZyoZq6DNb2cu4/Z8PULsLft/n+81R0jHZ9iykuon5tXxNWpYNNMhEC7XWerjlUfKfoy+N9mX/JS3yH6wNvxhZ/s6nNZVIw1CmYcOq9kjCigL4suzf5cZ0HmoH5xOkVq6QFAFTNT3wapzzp7LpQTXw9wCZBsevCqlDyUXALmg2QGclzqOJbfcZVk4l8H6e4+YViy2KH4zKJlXRWCuIA7EnggYH4fPCY6ii0jzlbMKHChMyDEze7mO1rE88vAvnqWxM6XHEcnp9bGDoXGzbgDVjIaAByh9JGDR3HgrPkvIKvkjXpSHfqmLt/rL73Zda+z0xKQPkVFuJYP+Ex+rOheJk83EPmsR+wq5YJNr+IC5C7YRaIfFSruIuFsbCwmHLIJzy8QFMPBuNOpkX1uqhgqi9oqWIK9sAv3YYmSWghm5TSWeimHx4H//WSVSX0N0gBkaVURdbTrxzy9Qa9F42i2vCJ0CysIU8aBGSrHHP6afcW8py75BydJoLaq/Dkb4XR3kd6d719+5k/J9Qec7S08Z+0xpBdhzoQTU504hSXuK3trUjceqiEXr40=";
    translation.detectedLocale = "";

    function showTranslationDialog() {
      if(!translation.launchDialog)
        loadScript("/static/ebda7158/plugin/translation/dialog.js");
      else
        translation.launchDialog();
      return false; 
    }</script><script src="/static/ebda7158/plugin/form-element-path/script.js"></script></div></div></div></footer></body></html>
For documentation on this error, please visit: http://seleniumhq.org/exceptions/no_such_element.html
Build info: version: '2.47.1', revision: 'unknown', time: '2015-07-30 11:02:44'
System info: host: 'MacBook-Pro-2.home', ip: '192.168.1.6', os.name: 'Mac OS X', os.arch: 'x86_64', os.version: '10.10.5', java.version: '1.8.0_60'
Driver info: driver.version: unknown
	at org.jenkinsci.test.acceptance.po.CapybaraPortingLayerImpl.find(CapybaraPortingLayerImpl.java:204)
	at org.jenkinsci.test.acceptance.steps.ViewSteps.I_build_in_view(ViewSteps.java:17)
	at ✽.And I build "viewed_job" in view(freestyle_build.feature:74)
Caused by: org.openqa.selenium.NoSuchElementException: {"errorMessage":"Unable to find element with xpath '//a[contains(@href, '/viewed_job/build?')]/img[contains(@title, 'Schedule a build')]'","request":{"headers":{"Accept-Encoding":"gzip,deflate","Connection":"Keep-Alive","Content-Length":"112","Content-Type":"application/json; charset=utf-8","Host":"localhost:6730","User-Agent":"Apache-HttpClient/4.3.3 (java 1.5)"},"httpVersion":"1.1","method":"POST","post":"{\"using\":\"xpath\",\"value\":\"//a[contains(@href, '/viewed_job/build?')]/img[contains(@title, 'Schedule a build')]\"}","url":"/element","urlParsed":{"anchor":"","query":"","file":"element","directory":"/","path":"/element","relative":"/element","port":"","host":"","password":"","user":"","userInfo":"","authority":"","protocol":"","source":"/element","queryKey":{},"chunks":["element"]},"urlOriginal":"/session/b32dccb0-745a-11e5-9348-fbc8f823f843/element"}}
Command duration or timeout: 1.32 seconds
For documentation on this error, please visit: http://seleniumhq.org/exceptions/no_such_element.html
Build info: version: '2.47.1', revision: 'unknown', time: '2015-07-30 11:02:44'
System info: host: 'MacBook-Pro-2.home', ip: '192.168.1.6', os.name: 'Mac OS X', os.arch: 'x86_64', os.version: '10.10.5', java.version: '1.8.0_60'
Driver info: org.openqa.selenium.phantomjs.PhantomJSDriver
Capabilities [{applicationCacheEnabled=false, rotatable=false, handlesAlerts=false, databaseEnabled=false, version=2.0.0, platform=OS X 10.9, browserConnectionEnabled=false, proxy={proxyType=direct}, nativeEvents=true, acceptSslCerts=false, driverVersion=1.2.0, locationContextEnabled=false, webStorageEnabled=false, browserName=phantomjs, takesScreenshot=true, driverName=ghostdriver, javascriptEnabled=true, cssSelectorsEnabled=true, phantomjs.page.customHeaders.Accept-Language=en}]
Session ID: b32dccb0-745a-11e5-9348-fbc8f823f843
*** Element info: {Using=xpath, value=//a[contains(@href, '/viewed_job/build?')]/img[contains(@title, 'Schedule a build')]}
	at sun.reflect.NativeConstructorAccessorImpl.newInstance0(Native Method)
	at sun.reflect.NativeConstructorAccessorImpl.newInstance(NativeConstructorAccessorImpl.java:62)
	at sun.reflect.DelegatingConstructorAccessorImpl.newInstance(DelegatingConstructorAccessorImpl.java:45)
	at java.lang.reflect.Constructor.newInstance(Constructor.java:422)
	at org.openqa.selenium.remote.ErrorHandler.createThrowable(ErrorHandler.java:206)
	at org.openqa.selenium.remote.ErrorHandler.throwIfResponseFailed(ErrorHandler.java:158)
	at org.openqa.selenium.remote.RemoteWebDriver.execute(RemoteWebDriver.java:595)
	at org.openqa.selenium.remote.RemoteWebDriver.findElement(RemoteWebDriver.java:348)
	at org.openqa.selenium.remote.RemoteWebDriver.findElementByXPath(RemoteWebDriver.java:445)
	at org.openqa.selenium.By$ByXPath.findElement(By.java:358)
	at org.openqa.selenium.remote.RemoteWebDriver.findElement(RemoteWebDriver.java:340)
	at sun.reflect.GeneratedMethodAccessor23.invoke(Unknown Source)
	at sun.reflect.DelegatingMethodAccessorImpl.invoke(DelegatingMethodAccessorImpl.java:43)
	at java.lang.reflect.Method.invoke(Method.java:497)
	at org.openqa.selenium.support.events.EventFiringWebDriver$2.invoke(EventFiringWebDriver.java:102)
	at com.sun.proxy.$Proxy51.findElement(Unknown Source)
	at org.openqa.selenium.support.events.EventFiringWebDriver.findElement(EventFiringWebDriver.java:185)
	at org.jenkinsci.test.acceptance.po.CapybaraPortingLayerImpl.find(CapybaraPortingLayerImpl.java:185)
	at org.jenkinsci.test.acceptance.steps.ViewSteps.I_build_in_view(ViewSteps.java:17)
	at sun.reflect.NativeMethodAccessorImpl.invoke0(Native Method)
	at sun.reflect.NativeMethodAccessorImpl.invoke(NativeMethodAccessorImpl.java:62)
	at sun.reflect.DelegatingMethodAccessorImpl.invoke(DelegatingMethodAccessorImpl.java:43)
	at java.lang.reflect.Method.invoke(Method.java:497)
	at cucumber.runtime.Utils$1.call(Utils.java:35)
	at cucumber.runtime.Timeout.timeout(Timeout.java:12)
	at cucumber.runtime.Utils.invoke(Utils.java:31)
	at cucumber.runtime.java.JavaStepDefinition.execute(JavaStepDefinition.java:35)
	at cucumber.runtime.StepDefinitionMatch.runStep(StepDefinitionMatch.java:38)
	at cucumber.runtime.Runtime.runStep(Runtime.java:289)
	at cucumber.runtime.model.StepContainer.runStep(StepContainer.java:44)
	at cucumber.runtime.model.StepContainer.runSteps(StepContainer.java:39)
	at cucumber.runtime.model.CucumberScenario.run(CucumberScenario.java:40)
	at cucumber.runtime.junit.ExecutionUnitRunner.run(ExecutionUnitRunner.java:83)
	at cucumber.runtime.junit.FeatureRunner.runChild(FeatureRunner.java:63)
	at cucumber.runtime.junit.FeatureRunner.runChild(FeatureRunner.java:18)
	at org.junit.runners.ParentRunner$3.run(ParentRunner.java:238)
	at org.junit.runners.ParentRunner$1.schedule(ParentRunner.java:63)
	at org.junit.runners.ParentRunner.runChildren(ParentRunner.java:236)
	at org.junit.runners.ParentRunner.access$000(ParentRunner.java:53)
	at org.junit.runners.ParentRunner$2.evaluate(ParentRunner.java:229)
	at org.junit.runners.ParentRunner.run(ParentRunner.java:309)
	at cucumber.runtime.junit.FeatureRunner.run(FeatureRunner.java:70)
	at cucumber.api.junit.Cucumber.runChild(Cucumber.java:82)
	at cucumber.api.junit.Cucumber.runChild(Cucumber.java:41)
	at org.junit.runners.ParentRunner$3.run(ParentRunner.java:238)
	at org.junit.runners.ParentRunner$1.schedule(ParentRunner.java:63)
	at org.junit.runners.ParentRunner.runChildren(ParentRunner.java:236)
	at org.junit.runners.ParentRunner.access$000(ParentRunner.java:53)
	at org.junit.runners.ParentRunner$2.evaluate(ParentRunner.java:229)
	at org.junit.runners.ParentRunner.run(ParentRunner.java:309)
	at cucumber.api.junit.Cucumber.run(Cucumber.java:87)
	at org.apache.maven.surefire.junit4.JUnit4Provider.execute(JUnit4Provider.java:264)
	at org.apache.maven.surefire.junit4.JUnit4Provider.executeTestSet(JUnit4Provider.java:153)
	at org.apache.maven.surefire.junit4.JUnit4Provider.invoke(JUnit4Provider.java:124)
	at org.apache.maven.surefire.booter.ForkedBooter.invokeProviderInSameClassLoader(ForkedBooter.java:200)
	at org.apache.maven.surefire.booter.ForkedBooter.runSuitesInProcess(ForkedBooter.java:153)
	at org.apache.maven.surefire.booter.ForkedBooter.main(ForkedBooter.java:103)
Caused by: org.openqa.selenium.remote.ScreenshotException: Screen shot has been taken
Build info: version: '2.47.1', revision: 'unknown', time: '2015-07-30 11:02:44'
System info: host: 'MacBook-Pro-2.home', ip: '192.168.1.6', os.name: 'Mac OS X', os.arch: 'x86_64', os.version: '10.10.5', java.version: '1.8.0_60'
Driver info: driver.version: EventFiringWebDriver
	at org.openqa.selenium.remote.ErrorHandler.throwIfResponseFailed(ErrorHandler.java:138)
	at org.openqa.selenium.remote.RemoteWebDriver.execute(RemoteWebDriver.java:595)
	at org.openqa.selenium.remote.RemoteWebDriver.findElement(RemoteWebDriver.java:348)
	at org.openqa.selenium.remote.RemoteWebDriver.findElementByXPath(RemoteWebDriver.java:445)
	at org.openqa.selenium.By$ByXPath.findElement(By.java:358)
	at org.openqa.selenium.remote.RemoteWebDriver.findElement(RemoteWebDriver.java:340)
	at sun.reflect.GeneratedMethodAccessor23.invoke(Unknown Source)
	at sun.reflect.DelegatingMethodAccessorImpl.invoke(DelegatingMethodAccessorImpl.java:43)
	at java.lang.reflect.Method.invoke(Method.java:497)
	at org.openqa.selenium.support.events.EventFiringWebDriver$2.invoke(EventFiringWebDriver.java:102)
	at com.sun.proxy.$Proxy51.findElement(Unknown Source)
	at org.openqa.selenium.support.events.EventFiringWebDriver.findElement(EventFiringWebDriver.java:185)
	at org.jenkinsci.test.acceptance.po.CapybaraPortingLayerImpl.find(CapybaraPortingLayerImpl.java:185)
	at org.jenkinsci.test.acceptance.steps.ViewSteps.I_build_in_view(ViewSteps.java:17)
	at sun.reflect.NativeMethodAccessorImpl.invoke0(Native Method)
	at sun.reflect.NativeMethodAccessorImpl.invoke(NativeMethodAccessorImpl.java:62)
	at sun.reflect.DelegatingMethodAccessorImpl.invoke(DelegatingMethodAccessorImpl.java:43)
	at java.lang.reflect.Method.invoke(Method.java:497)
	at cucumber.runtime.Utils$1.call(Utils.java:35)
	at cucumber.runtime.Timeout.timeout(Timeout.java:12)
	at cucumber.runtime.Utils.invoke(Utils.java:31)
	at cucumber.runtime.java.JavaStepDefinition.execute(JavaStepDefinition.java:35)
	at cucumber.runtime.StepDefinitionMatch.runStep(StepDefinitionMatch.java:38)
	at cucumber.runtime.Runtime.runStep(Runtime.java:289)
	at cucumber.runtime.model.StepContainer.runStep(StepContainer.java:44)
	at cucumber.runtime.model.StepContainer.runSteps(StepContainer.java:39)
	at cucumber.runtime.model.CucumberScenario.run(CucumberScenario.java:40)
	at cucumber.runtime.junit.ExecutionUnitRunner.run(ExecutionUnitRunner.java:83)
	at cucumber.runtime.junit.FeatureRunner.runChild(FeatureRunner.java:63)
	at cucumber.runtime.junit.FeatureRunner.runChild(FeatureRunner.java:18)
	at org.junit.runners.ParentRunner$3.run(ParentRunner.java:238)
	at org.junit.runners.ParentRunner$1.schedule(ParentRunner.java:63)
	at org.junit.runners.ParentRunner.runChildren(ParentRunner.java:236)
	at org.junit.runners.ParentRunner.access$000(ParentRunner.java:53)
	at org.junit.runners.ParentRunner$2.evaluate(ParentRunner.java:229)
	at org.junit.runners.ParentRunner.run(ParentRunner.java:309)
	at cucumber.runtime.junit.FeatureRunner.run(FeatureRunner.java:70)
	at cucumber.api.junit.Cucumber.runChild(Cucumber.java:82)
	at cucumber.api.junit.Cucumber.runChild(Cucumber.java:41)
	at org.junit.runners.ParentRunner$3.run(ParentRunner.java:238)
	at org.junit.runners.ParentRunner$1.schedule(ParentRunner.java:63)
	at org.junit.runners.ParentRunner.runChildren(ParentRunner.java:236)
	at org.junit.runners.ParentRunner.access$000(ParentRunner.java:53)
	at org.junit.runners.ParentRunner$2.evaluate(ParentRunner.java:229)
	at org.junit.runners.ParentRunner.run(ParentRunner.java:309)
	at cucumber.api.junit.Cucumber.run(Cucumber.java:87)
	at org.apache.maven.surefire.junit4.JUnit4Provider.execute(JUnit4Provider.java:264)
	at org.apache.maven.surefire.junit4.JUnit4Provider.executeTestSet(JUnit4Provider.java:153)
	at org.apache.maven.surefire.junit4.JUnit4Provider.invoke(JUnit4Provider.java:124)
	at org.apache.maven.surefire.booter.ForkedBooter.invokeProviderInSameClassLoader(ForkedBooter.java:200)
	at org.apache.maven.surefire.booter.ForkedBooter.runSuitesInProcess(ForkedBooter.java:153)
	at org.apache.maven.surefire.booter.ForkedBooter.main(ForkedBooter.java:103)
Caused by: org.openqa.selenium.NoSuchElementException: {"errorMessage":"Unable to find element with xpath '//a[contains(@href, '/viewed_job/build?')]/img[contains(@title, 'Schedule a build')]'","request":{"headers":{"Accept-Encoding":"gzip,deflate","Connection":"Keep-Alive","Content-Length":"112","Content-Type":"application/json; charset=utf-8","Host":"localhost:6730","User-Agent":"Apache-HttpClient/4.3.3 (java 1.5)"},"httpVersion":"1.1","method":"POST","post":"{\"using\":\"xpath\",\"value\":\"//a[contains(@href, '/viewed_job/build?')]/img[contains(@title, 'Schedule a build')]\"}","url":"/element","urlParsed":{"anchor":"","query":"","file":"element","directory":"/","path":"/element","relative":"/element","port":"","host":"","password":"","user":"","userInfo":"","authority":"","protocol":"","source":"/element","queryKey":{},"chunks":["element"]},"urlOriginal":"/session/b32dccb0-745a-11e5-9348-fbc8f823f843/element"}}
For documentation on this error, please visit: http://seleniumhq.org/exceptions/no_such_element.html
Build info: version: '2.47.1', revision: 'unknown', time: '2015-07-30 11:02:44'
System info: host: 'MacBook-Pro-2.home', ip: '192.168.1.6', os.name: 'Mac OS X', os.arch: 'x86_64', os.version: '10.10.5', java.version: '1.8.0_60'
Driver info: driver.version: unknown
]]></error>
  </testcase>
  <testcase name="Scenario: Schedule build from view" classname="Scenario: Schedule build from view" time="0.036">
    <error message="Unable to locate By.xpath: //a[contains(@href, &apos;/viewed_job/build?&apos;)]/img[contains(@title, &apos;Schedule a build&apos;)] in http://127.0.0.1:56435/job/viewed_job/configure&#10;&#10;&lt;!DOCTYPE html&gt;&lt;html&gt;&lt;head resurl=&quot;/static/ebda7158&quot;&gt;&#10;    &#10;&#10;    &lt;title&gt;viewed_job Config [Jenkins]&lt;/title&gt;&lt;link rel=&quot;stylesheet&quot; href=&quot;/static/ebda7158/css/style.css&quot; type=&quot;text/css&quot;&gt;&lt;link rel=&quot;stylesheet&quot; href=&quot;/static/ebda7158/css/color.css&quot; type=&quot;text/css&quot;&gt;&lt;link rel=&quot;stylesheet&quot; href=&quot;/static/ebda7158/css/responsive-grid.css&quot; type=&quot;text/css&quot;&gt;&lt;link rel=&quot;shortcut icon&quot; href=&quot;/static/ebda7158/favicon.ico&quot; type=&quot;image/vnd.microsoft.icon&quot;&gt;&lt;script&gt;var isRunAsTest=false; var rootURL=&quot;&quot;; var resURL=&quot;/static/ebda7158&quot;;&lt;/script&gt;&lt;script src=&quot;/static/ebda7158/scripts/prototype.js&quot; type=&quot;text/javascript&quot;&gt;&lt;/script&gt;&lt;script src=&quot;/static/ebda7158/scripts/behavior.js&quot; type=&quot;text/javascript&quot;&gt;&lt;/script&gt;&lt;script src=&quot;/adjuncts/ebda7158/org/kohsuke/stapler/bind.js&quot; type=&quot;text/javascript&quot;&gt;&lt;/script&gt;&lt;script src=&quot;/static/ebda7158/scripts/yui/yahoo/yahoo-min.js&quot;&gt;&lt;/script&gt;&lt;script src=&quot;/static/ebda7158/scripts/yui/dom/dom-min.js&quot;&gt;&lt;/script&gt;&lt;script src=&quot;/static/ebda7158/scripts/yui/event/event-min.js&quot;&gt;&lt;/script&gt;&lt;script src=&quot;/static/ebda7158/scripts/yui/animation/animation-min.js&quot;&gt;&lt;/script&gt;&lt;script src=&quot;/static/ebda7158/scripts/yui/dragdrop/dragdrop-min.js&quot;&gt;&lt;/script&gt;&lt;script src=&quot;/static/ebda7158/scripts/yui/container/container-min.js&quot;&gt;&lt;/script&gt;&lt;script src=&quot;/static/ebda7158/scripts/yui/connection/connection-min.js&quot;&gt;&lt;/script&gt;&lt;script src=&quot;/static/ebda7158/scripts/yui/datasource/datasource-min.js&quot;&gt;&lt;/script&gt;&lt;script src=&quot;/static/ebda7158/scripts/yui/autocomplete/autocomplete-min.js&quot;&gt;&lt;/script&gt;&lt;script src=&quot;/static/ebda7158/scripts/yui/menu/menu-min.js&quot;&gt;&lt;/script&gt;&lt;script src=&quot;/static/ebda7158/scripts/yui/element/element-min.js&quot;&gt;&lt;/script&gt;&lt;script src=&quot;/static/ebda7158/scripts/yui/button/button-min.js&quot;&gt;&lt;/script&gt;&lt;script src=&quot;/static/ebda7158/scripts/yui/storage/storage-min.js&quot;&gt;&lt;/script&gt;&lt;script src=&quot;/static/ebda7158/scripts/hudson-behavior.js&quot; type=&quot;text/javascript&quot;&gt;&lt;/script&gt;&lt;script src=&quot;/static/ebda7158/scripts/sortable.js&quot; type=&quot;text/javascript&quot;&gt;&lt;/script&gt;&lt;script&gt;crumb.init(&quot;&quot;, &quot;&quot;);&lt;/script&gt;&lt;link rel=&quot;stylesheet&quot; href=&quot;/static/ebda7158/scripts/yui/container/assets/container.css&quot; type=&quot;text/css&quot;&gt;&lt;link rel=&quot;stylesheet&quot; href=&quot;/static/ebda7158/scripts/yui/assets/skins/sam/skin.css&quot; type=&quot;text/css&quot;&gt;&lt;link rel=&quot;stylesheet&quot; href=&quot;/static/ebda7158/scripts/yui/container/assets/skins/sam/container.css&quot; type=&quot;text/css&quot;&gt;&lt;link rel=&quot;stylesheet&quot; href=&quot;/static/ebda7158/scripts/yui/button/assets/skins/sam/button.css&quot; type=&quot;text/css&quot;&gt;&lt;link rel=&quot;stylesheet&quot; href=&quot;/static/ebda7158/scripts/yui/menu/assets/skins/sam/menu.css&quot; type=&quot;text/css&quot;&gt;&lt;link rel=&quot;search&quot; href=&quot;/opensearch.xml&quot; type=&quot;application/opensearchdescription+xml&quot; title=&quot;Jenkins&quot;&gt;&lt;meta name=&quot;ROBOTS&quot; content=&quot;INDEX,NOFOLLOW&quot;&gt;&lt;link rel=&quot;alternate&quot; href=&quot;rssAll&quot; title=&quot;Jenkins:viewed_job (all builds)&quot; type=&quot;application/rss+xml&quot;&gt;&lt;link rel=&quot;alternate&quot; href=&quot;rssAll?flavor=rss20&quot; title=&quot;Jenkins:viewed_job (all builds) (RSS 2.0)&quot; type=&quot;application/rss+xml&quot;&gt;&lt;link rel=&quot;alternate&quot; href=&quot;rssFailed&quot; title=&quot;Jenkins:viewed_job (failed builds)&quot; type=&quot;application/rss+xml&quot;&gt;&lt;link rel=&quot;alternate&quot; href=&quot;rssFailed?flavor=rss20&quot; title=&quot;Jenkins:viewed_job (failed builds) (RSS 2.0)&quot; type=&quot;application/rss+xml&quot;&gt;&lt;link rel=&quot;alternate&quot; href=&quot;rssChangelog&quot; title=&quot;Jenkins:viewed_job (changelog)&quot; type=&quot;application/rss+xml&quot;&gt;&lt;link rel=&quot;alternate&quot; href=&quot;rssChangelog?flavor=rss20&quot; title=&quot;Jenkins:viewed_job (changelog) (RSS 2.0)&quot; type=&quot;application/rss+xml&quot;&gt;&lt;link rel=&quot;stylesheet&quot; href=&quot;/adjuncts/ebda7158/lib/form/breadcrumb-config-outline/init.css&quot; type=&quot;text/css&quot;&gt;&lt;script src=&quot;/adjuncts/ebda7158/lib/form/breadcrumb-config-outline/init.js&quot; type=&quot;text/javascript&quot;&gt;&lt;/script&gt;&lt;script src=&quot;/static/ebda7158/scripts/yui/cookie/cookie-min.js&quot;&gt;&lt;/script&gt;&lt;/head&gt;&lt;body data-model-type=&quot;hudson.model.FreeStyleProject&quot; id=&quot;jenkins&quot; class=&quot;yui-skin-sam jenkins-1.630&quot; data-version=&quot;jenkins-1.630&quot;&gt;&lt;div id=&quot;tt&quot; class=&quot;yui-module yui-overlay yui-tt yui-overlay-hidden&quot; style=&quot;z-index: 999; visibility: hidden;&quot;&gt;&lt;div class=&quot;bd&quot;&gt;&lt;/div&gt;&lt;/div&gt;&lt;div class=&quot;yui-panel-container shadow yui-overlay-hidden&quot; id=&quot;wait14_c&quot; style=&quot;visibility: hidden; left: 486px; top: 360px; z-index: 4;&quot;&gt;&lt;div id=&quot;wait14&quot; class=&quot;yui-module yui-overlay yui-panel&quot; style=&quot;visibility: inherit;&quot;&gt;&lt;a class=&quot;container-close&quot; href=&quot;#&quot;&gt;Close&lt;/a&gt;&lt;div class=&quot;hd&quot; id=&quot;wait14_h&quot; style=&quot;cursor: move;&quot;&gt;Error&lt;/div&gt;&lt;div class=&quot;bd&quot;&gt;&lt;div id=&quot;container13&quot;&gt;&lt;/div&gt;&lt;/div&gt;&lt;/div&gt;&lt;/div&gt;&lt;iframe id=&quot;_yuiResizeMonitor&quot; title=&quot;Text Resize Monitor&quot; tabindex=&quot;-1&quot; role=&quot;presentation&quot; style=&quot;position: absolute; visibility: visible; background-color: transparent; border-width: 0px; width: 2em; height: 2em; left: 0px; top: -27px;&quot;&gt;&lt;/iframe&gt;&lt;a href=&quot;#skip2content&quot; class=&quot;skiplink&quot;&gt;Skip to content&lt;/a&gt;&lt;div id=&quot;page-head&quot;&gt;&lt;div id=&quot;header&quot;&gt;&lt;div class=&quot;logo&quot;&gt;&lt;a id=&quot;jenkins-home-link&quot; href=&quot;/&quot;&gt;&lt;img src=&quot;/static/ebda7158/images/headshot.png&quot; alt=&quot;title&quot; id=&quot;jenkins-head-icon&quot;&gt;&lt;img src=&quot;/static/ebda7158/images/title.png&quot; alt=&quot;title&quot; width=&quot;139&quot; id=&quot;jenkins-name-icon&quot; height=&quot;34&quot;&gt;&lt;/a&gt;&lt;/div&gt;&lt;div class=&quot;login&quot;&gt;&lt;/div&gt;&lt;div class=&quot;searchbox hidden-xs&quot;&gt;&lt;form method=&quot;get&quot; name=&quot;search&quot; action=&quot;/job/viewed_job/search/&quot; style=&quot;position:relative;&quot; class=&quot;no-json&quot; path=&quot;&quot;&gt;&lt;div id=&quot;search-box-minWidth&quot; style=&quot;font-family: Helvetica, Arial, sans-serif; font-size: 13px; font-style: normal; font-weight: normal;&quot;&gt;&lt;/div&gt;&lt;div id=&quot;search-box-sizer&quot; style=&quot;font-family: Helvetica, Arial, sans-serif; font-size: 13px; font-style: normal; font-weight: normal;&quot;&gt;&lt;/div&gt;&lt;div id=&quot;searchform&quot; class=&quot;yui-ac&quot;&gt;&lt;input name=&quot;q&quot; placeholder=&quot;search&quot; id=&quot;search-box&quot; class=&quot;has-default-text yui-ac-input defaulted&quot; autocomplete=&quot;off&quot; style=&quot;width: 255px;&quot; path=&quot;/q&quot;&gt;&amp;nbsp;&lt;a href=&quot;http://wiki.jenkins-ci.org/display/JENKINS/Search+Box&quot;&gt;&lt;img src=&quot;/static/ebda7158/images/16x16/help.png&quot; style=&quot;width: 16px; height: 16px; &quot; class=&quot;icon-help icon-sm&quot;&gt;&lt;/a&gt;&lt;div id=&quot;search-box-completion&quot; class=&quot;yui-ac-container&quot; style=&quot;width: 255px; left: 0px; top: 26px;&quot;&gt;&lt;div class=&quot;yui-ac-content&quot; style=&quot;display: none; width: 255px;&quot;&gt;&lt;div class=&quot;yui-ac-hd&quot; style=&quot;display: none;&quot;&gt;&lt;/div&gt;&lt;div class=&quot;yui-ac-bd&quot;&gt;&lt;ul&gt;&lt;li style=&quot;display: none;&quot;&gt;&lt;/li&gt;&lt;li style=&quot;display: none;&quot;&gt;&lt;/li&gt;&lt;li style=&quot;display: none;&quot;&gt;&lt;/li&gt;&lt;li style=&quot;display: none;&quot;&gt;&lt;/li&gt;&lt;li style=&quot;display: none;&quot;&gt;&lt;/li&gt;&lt;li style=&quot;display: none;&quot;&gt;&lt;/li&gt;&lt;li style=&quot;display: none;&quot;&gt;&lt;/li&gt;&lt;li style=&quot;display: none;&quot;&gt;&lt;/li&gt;&lt;li style=&quot;display: none;&quot;&gt;&lt;/li&gt;&lt;li style=&quot;display: none;&quot;&gt;&lt;/li&gt;&lt;/ul&gt;&lt;/div&gt;&lt;div class=&quot;yui-ac-ft&quot; style=&quot;display: none;&quot;&gt;&lt;/div&gt;&lt;/div&gt;&lt;/div&gt;&lt;script&gt;createSearchBox(&quot;/job/viewed_job/search/&quot;);&lt;/script&gt;&lt;/div&gt;&lt;/form&gt;&lt;/div&gt;&lt;/div&gt;&lt;div id=&quot;breadcrumbBar&quot;&gt;&lt;link rel=&quot;stylesheet&quot; href=&quot;/adjuncts/ebda7158/lib/layout/breadcrumbs.css&quot; type=&quot;text/css&quot;&gt;&lt;script src=&quot;/adjuncts/ebda7158/lib/layout/breadcrumbs.js&quot; type=&quot;text/javascript&quot;&gt;&lt;/script&gt;&lt;div style=&quot;height: 26px;&quot;&gt;&lt;/div&gt;&lt;div class=&quot;top-sticker noedge&quot; style=&quot;position: fixed; top: 40px; left: 0px;&quot;&gt;&lt;div class=&quot;top-sticker-edge&quot;&gt;&lt;/div&gt;&lt;div class=&quot;top-sticker-inner&quot;&gt;&lt;div id=&quot;right-top-nav&quot;&gt;&lt;/div&gt;&lt;ul id=&quot;breadcrumbs&quot;&gt;&lt;li class=&quot;item&quot;&gt;&lt;a href=&quot;/&quot; class=&quot;model-link inside breadcrumbBarAnchor&quot;&gt;Jenkins&lt;/a&gt;&lt;/li&gt;&lt;li href=&quot;/&quot; class=&quot;children&quot;&gt;&lt;/li&gt;&lt;li class=&quot;item&quot;&gt;&lt;a href=&quot;/job/viewed_job/&quot; class=&quot;model-link inside breadcrumbBarAnchor&quot;&gt;viewed_job&lt;/a&gt;&lt;/li&gt;&lt;li href=&quot;/job/viewed_job/&quot; class=&quot;children&quot;&gt;&lt;/li&gt;&lt;li id=&quot;inpage-nav&quot; class=&quot;item&quot;&gt;&lt;a class=&quot;model-link inside breadcrumbBarAnchor&quot;&gt;configuration&lt;/a&gt;&lt;/li&gt;&lt;/ul&gt;&lt;div id=&quot;breadcrumb-menu-target&quot;&gt;&lt;/div&gt;&lt;/div&gt;&lt;/div&gt;&lt;/div&gt;&lt;/div&gt;&lt;div id=&quot;menuSelector&quot;&gt;&lt;/div&gt;&lt;div id=&quot;page-body&quot;&gt;&lt;div id=&quot;side-panel&quot;&gt;&lt;div id=&quot;tasks&quot;&gt;&lt;div class=&quot;task&quot;&gt;&lt;a href=&quot;/&quot; class=&quot;task-icon-link&quot;&gt;&lt;img src=&quot;/static/ebda7158/images/24x24/up.png&quot; style=&quot;width: 24px; height: 24px; width: 24px; height: 24px; margin: 2px;&quot; class=&quot;icon-up icon-md&quot;&gt;&lt;/a&gt;&amp;nbsp;&lt;a href=&quot;/&quot; class=&quot;task-link&quot;&gt;Back to Dashboard&lt;/a&gt;&lt;/div&gt;&lt;div class=&quot;task&quot;&gt;&lt;a href=&quot;/job/viewed_job/&quot; class=&quot;task-icon-link&quot;&gt;&lt;img src=&quot;/static/ebda7158/images/24x24/search.png&quot; style=&quot;width: 24px; height: 24px; width: 24px; height: 24px; margin: 2px;&quot; class=&quot;icon-search icon-md&quot;&gt;&lt;/a&gt;&amp;nbsp;&lt;a href=&quot;/job/viewed_job/&quot; class=&quot;task-link&quot;&gt;Status&lt;/a&gt;&lt;/div&gt;&lt;div class=&quot;task&quot;&gt;&lt;a href=&quot;/job/viewed_job/changes&quot; class=&quot;task-icon-link&quot;&gt;&lt;img src=&quot;/static/ebda7158/images/24x24/notepad.png&quot; style=&quot;width: 24px; height: 24px; width: 24px; height: 24px; margin: 2px;&quot; class=&quot;icon-notepad icon-md&quot;&gt;&lt;/a&gt;&amp;nbsp;&lt;a href=&quot;/job/viewed_job/changes&quot; class=&quot;task-link&quot;&gt;Changes&lt;/a&gt;&lt;/div&gt;&lt;div class=&quot;task&quot;&gt;&lt;a href=&quot;/job/viewed_job/ws/&quot; class=&quot;task-icon-link&quot;&gt;&lt;img src=&quot;/static/ebda7158/images/24x24/folder.png&quot; style=&quot;width: 24px; height: 24px; width: 24px; height: 24px; margin: 2px;&quot; class=&quot;icon-folder icon-md&quot;&gt;&lt;/a&gt;&amp;nbsp;&lt;a href=&quot;/job/viewed_job/ws/&quot; class=&quot;task-link&quot;&gt;Workspace&lt;/a&gt;&lt;/div&gt;&lt;div class=&quot;task&quot;&gt;&lt;a onclick=&quot;return build_id14(this)&quot; href=&quot;/job/viewed_job/build?delay=0sec&quot; class=&quot;task-icon-link&quot;&gt;&lt;img src=&quot;/static/ebda7158/images/24x24/clock.png&quot; style=&quot;width: 24px; height: 24px; width: 24px; height: 24px; margin: 2px;&quot; class=&quot;icon-clock icon-md&quot;&gt;&lt;/a&gt;&amp;nbsp;&lt;a onclick=&quot;return build_id14(this)&quot; href=&quot;/job/viewed_job/build?delay=0sec&quot; class=&quot;task-link&quot;&gt;Build Now&lt;/a&gt;&lt;/div&gt;&lt;script&gt;function build_id14(a) {&#10;                new Ajax.Request(a.href);&#10;                hoverNotification(&apos;Build scheduled&apos;,a.parentNode);&#10;                return false;&#10;            }&lt;/script&gt;&lt;div class=&quot;task&quot;&gt;&lt;a onclick=&quot;confirmPOST_id17(true, &apos;/job/viewed_job/doDelete&apos;, &apos;Are you sure about deleting the Project ‘viewed_job’?&apos;)&quot; href=&quot;#&quot;&gt;&lt;img src=&quot;/static/ebda7158/images/24x24/edit-delete.png&quot; style=&quot;width: 24px; height: 24px; width: 24px; height: 24px; margin: 2px;&quot; class=&quot;icon-edit-delete icon-md&quot;&gt;&lt;/a&gt;&lt;script&gt;function confirmPOST_id17(post, href, message) {&#10;            if (confirm(message)) {&#10;                var form = document.createElement(&apos;form&apos;);&#10;                form.setAttribute(&apos;method&apos;, post ? &apos;POST&apos; : &apos;GET&apos;);&#10;                form.setAttribute(&apos;action&apos;, href);&#10;                if (post) {&#10;                    crumb.appendToForm(form);&#10;                }&#10;                document.body.appendChild(form);&#10;                form.submit();&#10;            }&#10;            return false;&#10;        }&lt;/script&gt;&amp;nbsp;&lt;a onclick=&quot;confirmPOST_id18(true, &apos;/job/viewed_job/doDelete&apos;, &apos;Are you sure about deleting the Project ‘viewed_job’?&apos;)&quot; href=&quot;#&quot; class=&quot;task-link&quot;&gt;Delete Project&lt;/a&gt;&lt;script&gt;function confirmPOST_id18(post, href, message) {&#10;            if (confirm(message)) {&#10;                var form = document.createElement(&apos;form&apos;);&#10;                form.setAttribute(&apos;method&apos;, post ? &apos;POST&apos; : &apos;GET&apos;);&#10;                form.setAttribute(&apos;action&apos;, href);&#10;                if (post) {&#10;                    crumb.appendToForm(form);&#10;                }&#10;                document.body.appendChild(form);&#10;                form.submit();&#10;            }&#10;            return false;&#10;        }&lt;/script&gt;&lt;/div&gt;&lt;div class=&quot;task&quot;&gt;&lt;a href=&quot;/job/viewed_job/configure&quot; class=&quot;task-icon-link&quot;&gt;&lt;img src=&quot;/static/ebda7158/images/24x24/setting.png&quot; style=&quot;width: 24px; height: 24px; width: 24px; height: 24px; margin: 2px;&quot; class=&quot;icon-setting icon-md&quot;&gt;&lt;/a&gt;&amp;nbsp;&lt;a href=&quot;/job/viewed_job/configure&quot; class=&quot;task-link&quot;&gt;&lt;b&gt;Configure&lt;/b&gt;&lt;/a&gt;&lt;div class=&quot;subtasks&quot;&gt;&lt;/div&gt;&lt;/div&gt;&lt;/div&gt;&lt;div id=&quot;buildHistory&quot; class=&quot;container-fluid pane-frame track-mouse&quot;&gt;&lt;div class=&quot;row&quot;&gt;&lt;div class=&quot;col-xs-24 pane-header&quot;&gt;&lt;a href=&quot;/toggleCollapse?paneId=buildHistory&quot; title=&quot;collapse&quot; class=&quot;collapse&quot;&gt;&lt;img src=&quot;/static/ebda7158/images/16x16/collapse.png&quot; alt=&quot;collapse&quot; style=&quot;width: 16px; height: 16px; &quot; class=&quot;icon-collapse icon-sm&quot;&gt;&lt;/a&gt;&lt;div style=&quot;float:right&quot;&gt;&lt;a href=&quot;/job/viewed_job/buildTimeTrend&quot;&gt;trend&lt;/a&gt;&lt;/div&gt;&lt;div data=&quot;100&quot; class=&quot;healthReport&quot; onmouseover=&quot;this.className=&apos;healthReport hover&apos;;return true;&#10;        &quot; onmouseout=&quot;this.className=&apos;healthReport&apos;;return true;&quot;&gt;&lt;img src=&quot;/static/ebda7158/images/16x16/health-80plus.png&quot; alt=&quot;100%&quot; style=&quot;width: 16px; height: 16px; &quot; class=&quot;icon-health-80plus icon-sm&quot;&gt;&lt;/div&gt;Build History&lt;/div&gt;&lt;/div&gt;&lt;div class=&quot;row pane-content&quot;&gt;&lt;table class=&quot;pane stripped&quot;&gt;&lt;/table&gt;&lt;/div&gt;&lt;div class=&quot;row&quot;&gt;&lt;div class=&quot;col-xs-24 pane-footer&quot;&gt;&lt;span class=&quot;build-rss-links&quot;&gt;&lt;a href=&quot;/job/viewed_job/rssAll&quot; class=&quot;build-rss-all-icon&quot;&gt;&lt;img border=&quot;0&quot; src=&quot;/static/ebda7158/images/atom.gif&quot; alt=&quot;Feed&quot; width=&quot;16&quot; height=&quot;16&quot;&gt;&lt;/a&gt;&amp;nbsp;&lt;a href=&quot;/job/viewed_job/rssAll&quot; class=&quot;build-rss-all-link&quot;&gt;RSS for all&lt;/a&gt;&amp;nbsp;&lt;a href=&quot;/job/viewed_job/rssFailed&quot; class=&quot;build-rss-failed-icon&quot;&gt;&lt;img border=&quot;0&quot; src=&quot;/static/ebda7158/images/atom.gif&quot; alt=&quot;Feed&quot; width=&quot;16&quot; height=&quot;16&quot;&gt;&lt;/a&gt;&amp;nbsp;&lt;a href=&quot;/job/viewed_job/rssFailed&quot; class=&quot;build-rss-failed-link&quot;&gt;RSS for failures&lt;/a&gt;&lt;/span&gt;&lt;/div&gt;&lt;/div&gt;&lt;/div&gt;&lt;script defer=&quot;true&quot;&gt;updateBuildHistory(&quot;/job/viewed_job/buildHistory/ajax&quot;,1);&lt;/script&gt;&lt;/div&gt;&lt;div id=&quot;main-panel&quot;&gt;&lt;a name=&quot;skip2content&quot;&gt;&lt;/a&gt;&lt;div class=&quot;behavior-loading&quot; style=&quot;display: none;&quot;&gt;LOADING&lt;/div&gt;&lt;form method=&quot;post&quot; name=&quot;config&quot; action=&quot;configSubmit&quot; path=&quot;&quot;&gt;&lt;link rel=&quot;stylesheet&quot; href=&quot;/adjuncts/ebda7158/lib/form/section_.css&quot; type=&quot;text/css&quot;&gt;&lt;table width=&quot;100%&quot;&gt;&lt;tbody&gt;&lt;tr&gt;&lt;td class=&quot;setting-leftspace&quot;&gt;&amp;nbsp;&lt;/td&gt;&lt;td class=&quot;setting-name&quot;&gt;Project name&lt;/td&gt;&lt;td class=&quot;setting-main&quot;&gt;&#10;   &#10;&#10;  &#10;  &lt;input name=&quot;name&quot; type=&quot;text&quot; class=&quot;setting-input   &quot; value=&quot;viewed_job&quot; path=&quot;/name&quot;&gt;&lt;/td&gt;&lt;td class=&quot;setting-no-help&quot;&gt;&lt;/td&gt;&lt;/tr&gt;&lt;tr class=&quot;validation-error-area&quot;&gt;&lt;td colspan=&quot;2&quot;&gt;&lt;/td&gt;&lt;td&gt;&lt;/td&gt;&lt;td&gt;&lt;/td&gt;&lt;/tr&gt;&lt;tr&gt;&lt;td class=&quot;setting-leftspace&quot;&gt;&amp;nbsp;&lt;/td&gt;&lt;td class=&quot;setting-name&quot;&gt;Description&lt;/td&gt;&lt;td class=&quot;setting-main&quot;&gt;&lt;script src=&quot;/adjuncts/ebda7158/lib/form/textarea/textarea.js&quot; type=&quot;text/javascript&quot;&gt;&lt;/script&gt;&lt;textarea name=&quot;description&quot; rows=&quot;5&quot; class=&quot;setting-input   &quot; path=&quot;/description&quot;&gt;&lt;/textarea&gt;&lt;div class=&quot;textarea-handle&quot;&gt;&lt;/div&gt;&lt;div class=&quot;textarea-preview-container&quot;&gt;&#10;        [Plain text]&amp;nbsp;&lt;a previewendpoint=&quot;/markupFormatter/previewDescription&quot; href=&quot;#&quot; class=&quot;textarea-show-preview&quot;&gt;Preview&lt;/a&gt;&amp;nbsp;&lt;a href=&quot;#&quot; class=&quot;textarea-hide-preview&quot; style=&quot;display: none;&quot;&gt;Hide preview&lt;/a&gt;&lt;div class=&quot;textarea-preview&quot; style=&quot;display: none;&quot;&gt;&lt;/div&gt;&lt;/div&gt;&lt;/td&gt;&lt;td class=&quot;setting-no-help&quot;&gt;&lt;/td&gt;&lt;/tr&gt;&lt;tr class=&quot;validation-error-area&quot;&gt;&lt;td colspan=&quot;2&quot;&gt;&lt;/td&gt;&lt;td&gt;&lt;/td&gt;&lt;td&gt;&lt;/td&gt;&lt;/tr&gt;&lt;tr class=&quot;optional-block-start &quot; hashelp=&quot;true&quot; ref=&quot;cb15&quot;&gt;&lt;td colspan=&quot;3&quot;&gt;&lt;input onclick=&quot;javascript:updateOptionalBlock(this,true)&quot; name=&quot;logrotate&quot; type=&quot;checkbox&quot; class=&quot; &quot; id=&quot;cb15&quot; path=&quot;/logrotate&quot;&gt;&lt;label class=&quot;attach-previous&quot;&gt;Discard Old Builds&lt;/label&gt;&lt;/td&gt;&lt;td class=&quot;setting-help&quot;&gt;&lt;a helpurl=&quot;/help/project-config/log-rotation.html&quot; href=&quot;#&quot; class=&quot;help-button&quot; tabindex=&quot;9999&quot;&gt;&lt;img src=&quot;/static/ebda7158/images/16x16/help.png&quot; alt=&quot;Help for feature: Discard Old Builds&quot; style=&quot;width: 16px; height: 16px; &quot; class=&quot;icon-help icon-sm&quot;&gt;&lt;/a&gt;&lt;/td&gt;&lt;/tr&gt;&lt;tr class=&quot;help-area&quot;&gt;&lt;td&gt;&lt;/td&gt;&lt;td colspan=&quot;2&quot;&gt;&lt;div class=&quot;help&quot;&gt;Loading...&lt;/div&gt;&lt;/td&gt;&lt;td&gt;&lt;/td&gt;&lt;/tr&gt;&lt;tr class=&quot;rowvg-start&quot; style=&quot;display: none;&quot;&gt;&lt;/tr&gt;&lt;tr style=&quot;display: none;&quot;&gt;&lt;td class=&quot;setting-leftspace&quot;&gt;&amp;nbsp;&lt;/td&gt;&lt;td class=&quot;setting-name&quot;&gt;Strategy&lt;/td&gt;&lt;td class=&quot;setting-main&quot;&gt;&lt;select class=&quot;setting-input dropdownList&quot; path=&quot;/&quot;&gt;&lt;option value=&quot;0&quot;&gt;Log Rotation&lt;/option&gt;&lt;/select&gt;&lt;/td&gt;&lt;td class=&quot;setting-no-help&quot;&gt;&lt;/td&gt;&lt;/tr&gt;&lt;tr class=&quot;dropdownList-container&quot; style=&quot;display: none;&quot;&gt;&lt;td colspan=&quot;2&quot;&gt;&lt;/td&gt;&lt;td colspan=&quot;2&quot;&gt;&lt;table width=&quot;100%&quot; name=&quot;buildDiscarder&quot; path=&quot;/buildDiscarder&quot;&gt;&lt;tbody&gt;&lt;tr class=&quot;dropdownList-start rowvg-start&quot;&gt;&lt;/tr&gt;&#10;      &#10;      &lt;tr&gt;&lt;td class=&quot;setting-leftspace&quot;&gt;&amp;nbsp;&lt;/td&gt;&lt;td class=&quot;setting-name&quot;&gt;Days to keep builds&lt;/td&gt;&lt;td class=&quot;setting-main&quot;&gt;&lt;input step=&quot;1&quot; min=&quot;1&quot; name=&quot;_.daysToKeepStr&quot; type=&quot;number&quot; class=&quot;setting-input  positive-number&quot; value=&quot;&quot; path=&quot;/buildDiscarder/daysToKeepStr&quot;&gt;&lt;/td&gt;&lt;td class=&quot;setting-no-help&quot;&gt;&lt;/td&gt;&lt;/tr&gt;&lt;tr class=&quot;validation-error-area&quot;&gt;&lt;td colspan=&quot;2&quot;&gt;&lt;/td&gt;&lt;td&gt;&lt;/td&gt;&lt;td&gt;&lt;/td&gt;&lt;/tr&gt;&lt;tr&gt;&lt;td colspan=&quot;2&quot;&gt;&lt;/td&gt;&lt;td class=&quot;setting-description&quot;&gt;if not empty, build records are only kept up to this number of days&lt;/td&gt;&lt;td&gt;&lt;/td&gt;&lt;/tr&gt;&lt;tr&gt;&lt;td class=&quot;setting-leftspace&quot;&gt;&amp;nbsp;&lt;/td&gt;&lt;td class=&quot;setting-name&quot;&gt;Max # of builds to keep&lt;/td&gt;&lt;td class=&quot;setting-main&quot;&gt;&lt;input step=&quot;1&quot; min=&quot;1&quot; name=&quot;_.numToKeepStr&quot; type=&quot;number&quot; class=&quot;setting-input  positive-number&quot; value=&quot;&quot; path=&quot;/buildDiscarder/numToKeepStr&quot;&gt;&lt;/td&gt;&lt;td class=&quot;setting-no-help&quot;&gt;&lt;/td&gt;&lt;/tr&gt;&lt;tr class=&quot;validation-error-area&quot;&gt;&lt;td colspan=&quot;2&quot;&gt;&lt;/td&gt;&lt;td&gt;&lt;/td&gt;&lt;td&gt;&lt;/td&gt;&lt;/tr&gt;&lt;tr&gt;&lt;td colspan=&quot;2&quot;&gt;&lt;/td&gt;&lt;td class=&quot;setting-description&quot;&gt;if not empty, only up to this number of build records are kept&lt;/td&gt;&lt;td&gt;&lt;/td&gt;&lt;/tr&gt;&lt;tr&gt;&lt;td&gt;&lt;/td&gt;&lt;td&gt;&lt;/td&gt;&lt;td&gt;&lt;script src=&quot;/adjuncts/ebda7158/lib/form/advanced/advanced.js&quot; type=&quot;text/javascript&quot;&gt;&lt;/script&gt;&lt;div style=&quot;&quot; class=&quot;advancedLink&quot;&gt;&lt;span style=&quot;display: none&quot; id=&quot;id26&quot;&gt;&lt;img src=&quot;/static/ebda7158/images/24x24/notepad.png&quot; tooltip=&quot;One or more fields in this block have been edited.&quot; style=&quot;width: 24px; height: 24px; vertical-align: baseline&quot; class=&quot;icon-notepad icon-md&quot; title=&quot;One or more fields in this block have been edited.&quot;&gt;&lt;/span&gt;&amp;nbsp;&lt;span class=&quot;yui-button yui-push-button advanced-button advancedButton&quot; id=&quot;yui-gen31&quot;&gt;&lt;span class=&quot;first-child&quot;&gt;&lt;button type=&quot;button&quot; tabindex=&quot;0&quot; id=&quot;yui-gen31-button&quot; path=&quot;/buildDiscarder/advanced-button&quot;&gt;Advanced...&lt;/button&gt;&lt;/span&gt;&lt;/span&gt;&lt;/div&gt;&lt;table class=&quot;advancedBody&quot;&gt;&lt;tbody&gt;&lt;tr&gt;&lt;td class=&quot;setting-leftspace&quot;&gt;&amp;nbsp;&lt;/td&gt;&lt;td class=&quot;setting-name&quot;&gt;Days to keep artifacts&lt;/td&gt;&lt;td class=&quot;setting-main&quot;&gt;&lt;input step=&quot;1&quot; min=&quot;1&quot; name=&quot;_.artifactDaysToKeepStr&quot; type=&quot;number&quot; class=&quot;setting-input  positive-number&quot; value=&quot;&quot; path=&quot;/buildDiscarder/artifactDaysToKeepStr&quot;&gt;&lt;/td&gt;&lt;td class=&quot;setting-no-help&quot;&gt;&lt;/td&gt;&lt;/tr&gt;&lt;tr class=&quot;validation-error-area&quot;&gt;&lt;td colspan=&quot;2&quot;&gt;&lt;/td&gt;&lt;td&gt;&lt;/td&gt;&lt;td&gt;&lt;/td&gt;&lt;/tr&gt;&lt;tr&gt;&lt;td colspan=&quot;2&quot;&gt;&lt;/td&gt;&lt;td class=&quot;setting-description&quot;&gt;if not empty, artifacts from builds older than this number of days will be deleted, but the logs, history, reports, etc for the build will be kept&lt;/td&gt;&lt;td&gt;&lt;/td&gt;&lt;/tr&gt;&lt;tr&gt;&lt;td class=&quot;setting-leftspace&quot;&gt;&amp;nbsp;&lt;/td&gt;&lt;td class=&quot;setting-name&quot;&gt;Max # of builds to keep with artifacts&lt;/td&gt;&lt;td class=&quot;setting-main&quot;&gt;&lt;input step=&quot;1&quot; min=&quot;1&quot; name=&quot;_.artifactNumToKeepStr&quot; type=&quot;number&quot; class=&quot;setting-input  positive-number&quot; value=&quot;&quot; path=&quot;/buildDiscarder/artifactNumToKeepStr&quot;&gt;&lt;/td&gt;&lt;td class=&quot;setting-no-help&quot;&gt;&lt;/td&gt;&lt;/tr&gt;&lt;tr class=&quot;validation-error-area&quot;&gt;&lt;td colspan=&quot;2&quot;&gt;&lt;/td&gt;&lt;td&gt;&lt;/td&gt;&lt;td&gt;&lt;/td&gt;&lt;/tr&gt;&lt;tr&gt;&lt;td colspan=&quot;2&quot;&gt;&lt;/td&gt;&lt;td class=&quot;setting-description&quot;&gt;if not empty, only up to this number of builds have their artifacts retained&lt;/td&gt;&lt;td&gt;&lt;/td&gt;&lt;/tr&gt;&lt;/tbody&gt;&lt;/table&gt;&lt;/td&gt;&lt;td&gt;&lt;/td&gt;&lt;/tr&gt;&lt;tr style=&quot;&quot;&gt;&lt;td&gt;&lt;input name=&quot;stapler-class&quot; type=&quot;hidden&quot; value=&quot;hudson.tasks.LogRotator&quot; path=&quot;/buildDiscarder/stapler-class&quot;&gt;&lt;input name=&quot;$class&quot; type=&quot;hidden&quot; value=&quot;hudson.tasks.LogRotator&quot; path=&quot;/buildDiscarder/$class&quot;&gt;&lt;/td&gt;&lt;/tr&gt;&lt;tr class=&quot;dropdownList-end rowvg-end&quot;&gt;&lt;/tr&gt;&lt;/tbody&gt;&lt;/table&gt;&lt;/td&gt;&lt;/tr&gt;&lt;tr class=&quot; rowvg-end optional-block-end&quot;&gt;&lt;/tr&gt;&lt;script src=&quot;/adjuncts/ebda7158/lib/form/section_.js&quot; type=&quot;text/javascript&quot;&gt;&lt;/script&gt;&lt;tr name=&quot;properties&quot; style=&quot;display:none&quot; class=&quot;row-set-start&quot; id=&quot;rowSetStart31&quot; path=&quot;/properties&quot;&gt;&lt;/tr&gt;&lt;tr nameref=&quot;rowSetStart31&quot;&gt;&lt;td&gt;&lt;input type=&quot;hidden&quot; name=&quot;stapler-class-bag&quot; value=&quot;true&quot; path=&quot;/properties/stapler-class-bag&quot;&gt;&lt;/td&gt;&lt;/tr&gt;&lt;tr name=&quot;hudson-model-ParametersDefinitionProperty&quot; style=&quot;display:none&quot; class=&quot;row-set-start&quot; id=&quot;rowSetStart30&quot; nameref=&quot;rowSetStart31&quot; path=&quot;/properties/hudson-model-ParametersDefinitionProperty&quot;&gt;&lt;/tr&gt;&lt;tr class=&quot;optional-block-start row-set-start&quot; hashelp=&quot;true&quot; ref=&quot;cb16&quot; nameref=&quot;rowSetStart30&quot;&gt;&lt;td colspan=&quot;3&quot;&gt;&lt;input onclick=&quot;javascript:updateOptionalBlock(this,true)&quot; name=&quot;parameterized&quot; type=&quot;checkbox&quot; class=&quot; &quot; id=&quot;cb16&quot; path=&quot;/properties/hudson-model-ParametersDefinitionProperty/parameterized&quot;&gt;&lt;label class=&quot;attach-previous&quot;&gt;This build is parameterized&lt;/label&gt;&lt;/td&gt;&lt;td class=&quot;setting-help&quot;&gt;&lt;a helpurl=&quot;/help/project-config/parameterized-build.html&quot; href=&quot;#&quot; class=&quot;help-button&quot; tabindex=&quot;9999&quot;&gt;&lt;img src=&quot;/static/ebda7158/images/16x16/help.png&quot; alt=&quot;Help for feature: This build is parameterized&quot; style=&quot;width: 16px; height: 16px; &quot; class=&quot;icon-help icon-sm&quot;&gt;&lt;/a&gt;&lt;/td&gt;&lt;/tr&gt;&lt;tr class=&quot;help-area&quot; nameref=&quot;cb16&quot;&gt;&lt;td&gt;&lt;/td&gt;&lt;td colspan=&quot;2&quot;&gt;&lt;div class=&quot;help&quot;&gt;Loading...&lt;/div&gt;&lt;/td&gt;&lt;td&gt;&lt;/td&gt;&lt;/tr&gt;&lt;tr class=&quot;rowvg-start&quot; nameref=&quot;cb16&quot; style=&quot;display: none;&quot;&gt;&lt;/tr&gt;&lt;tr nameref=&quot;cb16&quot; style=&quot;display: none;&quot;&gt;&lt;td colspan=&quot;2&quot;&gt;&lt;/td&gt;&lt;td colspan=&quot;2&quot;&gt;&lt;script src=&quot;/adjuncts/ebda7158/lib/form/dragdrop/dragdrop.js&quot; type=&quot;text/javascript&quot;&gt;&lt;/script&gt;&lt;script src=&quot;/adjuncts/ebda7158/lib/form/hetero-list/hetero-list.js&quot; type=&quot;text/javascript&quot;&gt;&lt;/script&gt;&lt;div class=&quot;hetero-list-container with-drag-drop  &quot;&gt;&lt;div class=&quot;repeatable-insertion-point&quot;&gt;&lt;/div&gt;&lt;div&gt;&lt;span class=&quot;yui-button yui-menu-button&quot; id=&quot;yui-gen1&quot;&gt;&lt;span class=&quot;first-child&quot;&gt;&lt;button type=&quot;button&quot; tabindex=&quot;0&quot; id=&quot;yui-gen1-button&quot; class=&quot;hetero-list-add&quot; suffix=&quot;parameter&quot;&gt;Add Parameter&lt;/button&gt;&lt;/span&gt;&lt;/span&gt;&lt;/div&gt;&lt;/div&gt;&lt;/td&gt;&lt;/tr&gt;&lt;tr class=&quot;row-set-end rowvg-end optional-block-end&quot; nameref=&quot;rowSetStart30&quot;&gt;&lt;/tr&gt;&lt;tr class=&quot;row-set-end&quot; nameref=&quot;rowSetStart31&quot;&gt;&lt;/tr&gt;&lt;tr class=&quot;row-set-end&quot;&gt;&lt;/tr&gt;&lt;tr class=&quot;optional-block-start &quot; hashelp=&quot;true&quot; ref=&quot;cb17&quot;&gt;&lt;td colspan=&quot;3&quot;&gt;&lt;input onclick=&quot;javascript:updateOptionalBlock(this,true)&quot; name=&quot;disable&quot; type=&quot;checkbox&quot; class=&quot; &quot; id=&quot;cb17&quot; path=&quot;/disable&quot;&gt;&lt;label class=&quot;attach-previous&quot;&gt;Disable Build (No new builds will be executed until the project is re-enabled.)&lt;/label&gt;&lt;/td&gt;&lt;td class=&quot;setting-help&quot;&gt;&lt;a helpurl=&quot;/help/project-config/disable.html&quot; href=&quot;#&quot; class=&quot;help-button&quot; tabindex=&quot;9999&quot;&gt;&lt;img src=&quot;/static/ebda7158/images/16x16/help.png&quot; alt=&quot;Help for feature: Disable Build (No new builds will be executed until the project is re-enabled.)&quot; style=&quot;width: 16px; height: 16px; &quot; class=&quot;icon-help icon-sm&quot;&gt;&lt;/a&gt;&lt;/td&gt;&lt;/tr&gt;&lt;tr class=&quot;help-area&quot;&gt;&lt;td&gt;&lt;/td&gt;&lt;td colspan=&quot;2&quot;&gt;&lt;div class=&quot;help&quot;&gt;Loading...&lt;/div&gt;&lt;/td&gt;&lt;td&gt;&lt;/td&gt;&lt;/tr&gt;&lt;tr class=&quot;rowvg-start&quot; style=&quot;display: none;&quot;&gt;&lt;/tr&gt;&lt;tr class=&quot; rowvg-end optional-block-end&quot;&gt;&lt;/tr&gt;&lt;tr class=&quot;optional-block-start &quot; hashelp=&quot;true&quot; ref=&quot;cb18&quot;&gt;&lt;td colspan=&quot;3&quot;&gt;&lt;input onclick=&quot;javascript:updateOptionalBlock(this,true)&quot; name=&quot;_.concurrentBuild&quot; type=&quot;checkbox&quot; class=&quot; &quot; id=&quot;cb18&quot; path=&quot;/concurrentBuild&quot;&gt;&lt;label class=&quot;attach-previous&quot;&gt;Execute concurrent builds if necessary&lt;/label&gt;&lt;/td&gt;&lt;td class=&quot;setting-help&quot;&gt;&lt;a helpurl=&quot;/descriptor/hudson.model.FreeStyleProject/help/concurrentBuild&quot; href=&quot;#&quot; class=&quot;help-button&quot; tabindex=&quot;9999&quot;&gt;&lt;img src=&quot;/static/ebda7158/images/16x16/help.png&quot; alt=&quot;Help for feature: Execute concurrent builds if necessary&quot; style=&quot;width: 16px; height: 16px; &quot; class=&quot;icon-help icon-sm&quot;&gt;&lt;/a&gt;&lt;/td&gt;&lt;/tr&gt;&lt;tr class=&quot;help-area&quot;&gt;&lt;td&gt;&lt;/td&gt;&lt;td colspan=&quot;2&quot;&gt;&lt;div class=&quot;help&quot;&gt;Loading...&lt;/div&gt;&lt;/td&gt;&lt;td&gt;&lt;/td&gt;&lt;/tr&gt;&lt;tr class=&quot;rowvg-start&quot; style=&quot;display: none;&quot;&gt;&lt;/tr&gt;&lt;tr class=&quot; rowvg-end optional-block-end&quot;&gt;&lt;/tr&gt;&lt;tr&gt;&lt;td colspan=&quot;4&quot;&gt;&lt;div class=&quot;section-header&quot;&gt;&lt;a id=&quot;section0&quot; class=&quot;section-anchor&quot;&gt;#&lt;/a&gt;Advanced Project Options&lt;/div&gt;&lt;/td&gt;&lt;/tr&gt;&lt;tr&gt;&lt;td&gt;&lt;/td&gt;&lt;td&gt;&lt;/td&gt;&lt;td&gt;&lt;script src=&quot;/adjuncts/ebda7158/lib/form/advanced/advanced.js&quot; type=&quot;text/javascript&quot;&gt;&lt;/script&gt;&lt;div style=&quot;&quot; class=&quot;advancedLink&quot;&gt;&lt;span style=&quot;display: none&quot; id=&quot;id20&quot;&gt;&lt;img src=&quot;/static/ebda7158/images/24x24/notepad.png&quot; tooltip=&quot;One or more fields in this block have been edited.&quot; style=&quot;width: 24px; height: 24px; vertical-align: baseline&quot; class=&quot;icon-notepad icon-md&quot; title=&quot;One or more fields in this block have been edited.&quot;&gt;&lt;/span&gt;&amp;nbsp;&lt;span class=&quot;yui-button yui-push-button advanced-button advancedButton&quot; id=&quot;yui-gen7&quot;&gt;&lt;span class=&quot;first-child&quot;&gt;&lt;button type=&quot;button&quot; tabindex=&quot;0&quot; id=&quot;yui-gen7-button&quot; path=&quot;/advanced-button&quot;&gt;Advanced...&lt;/button&gt;&lt;/span&gt;&lt;/span&gt;&lt;/div&gt;&lt;table class=&quot;advancedBody&quot;&gt;&lt;tbody&gt;&lt;tr class=&quot;optional-block-start &quot; hashelp=&quot;true&quot; ref=&quot;cb19&quot;&gt;&lt;td colspan=&quot;3&quot;&gt;&lt;input onclick=&quot;javascript:updateOptionalBlock(this,true)&quot; name=&quot;hasCustomQuietPeriod&quot; type=&quot;checkbox&quot; class=&quot; &quot; id=&quot;cb19&quot; path=&quot;/hasCustomQuietPeriod&quot;&gt;&lt;label class=&quot;attach-previous&quot;&gt;Quiet period&lt;/label&gt;&lt;/td&gt;&lt;td class=&quot;setting-help&quot;&gt;&lt;a helpurl=&quot;/descriptor/jenkins.model.GlobalQuietPeriodConfiguration/help/quietPeriod&quot; href=&quot;#&quot; class=&quot;help-button&quot; tabindex=&quot;9999&quot;&gt;&lt;img src=&quot;/static/ebda7158/images/16x16/help.png&quot; alt=&quot;Help for feature: Quiet period&quot; style=&quot;width: 16px; height: 16px; &quot; class=&quot;icon-help icon-sm&quot;&gt;&lt;/a&gt;&lt;/td&gt;&lt;/tr&gt;&lt;tr class=&quot;help-area&quot;&gt;&lt;td&gt;&lt;/td&gt;&lt;td colspan=&quot;2&quot;&gt;&lt;div class=&quot;help&quot;&gt;Loading...&lt;/div&gt;&lt;/td&gt;&lt;td&gt;&lt;/td&gt;&lt;/tr&gt;&lt;tr class=&quot;rowvg-start&quot; style=&quot;display: none;&quot;&gt;&lt;/tr&gt;&lt;tr style=&quot;display: none;&quot;&gt;&lt;td class=&quot;setting-leftspace&quot;&gt;&amp;nbsp;&lt;/td&gt;&lt;td class=&quot;setting-name&quot;&gt;Quiet period&lt;/td&gt;&lt;td class=&quot;setting-main&quot;&gt;&lt;input step=&quot;1&quot; min=&quot;0&quot; name=&quot;quiet_period&quot; type=&quot;number&quot; class=&quot;setting-input  number&quot; value=&quot;5&quot; path=&quot;/quiet_period&quot;&gt;&lt;/td&gt;&lt;td class=&quot;setting-no-help&quot;&gt;&lt;/td&gt;&lt;/tr&gt;&lt;tr class=&quot;validation-error-area&quot; style=&quot;display: none;&quot;&gt;&lt;td colspan=&quot;2&quot;&gt;&lt;/td&gt;&lt;td&gt;&lt;/td&gt;&lt;td&gt;&lt;/td&gt;&lt;/tr&gt;&lt;tr style=&quot;display: none;&quot;&gt;&lt;td colspan=&quot;2&quot;&gt;&lt;/td&gt;&lt;td class=&quot;setting-description&quot;&gt;Number of seconds&lt;/td&gt;&lt;td&gt;&lt;/td&gt;&lt;/tr&gt;&lt;tr class=&quot; rowvg-end optional-block-end&quot;&gt;&lt;/tr&gt;&lt;tr class=&quot;optional-block-start &quot; hashelp=&quot;true&quot; ref=&quot;cb20&quot;&gt;&lt;td colspan=&quot;3&quot;&gt;&lt;input onclick=&quot;javascript:updateOptionalBlock(this,true)&quot; name=&quot;hasCustomScmCheckoutRetryCount&quot; type=&quot;checkbox&quot; class=&quot; &quot; id=&quot;cb20&quot; path=&quot;/hasCustomScmCheckoutRetryCount&quot;&gt;&lt;label class=&quot;attach-previous&quot;&gt;Retry Count&lt;/label&gt;&lt;/td&gt;&lt;td class=&quot;setting-help&quot;&gt;&lt;a helpurl=&quot;/help/project-config/scmCheckoutRetryCount.html&quot; href=&quot;#&quot; class=&quot;help-button&quot; tabindex=&quot;9999&quot;&gt;&lt;img src=&quot;/static/ebda7158/images/16x16/help.png&quot; alt=&quot;Help for feature: Retry Count&quot; style=&quot;width: 16px; height: 16px; &quot; class=&quot;icon-help icon-sm&quot;&gt;&lt;/a&gt;&lt;/td&gt;&lt;/tr&gt;&lt;tr class=&quot;help-area&quot;&gt;&lt;td&gt;&lt;/td&gt;&lt;td colspan=&quot;2&quot;&gt;&lt;div class=&quot;help&quot;&gt;Loading...&lt;/div&gt;&lt;/td&gt;&lt;td&gt;&lt;/td&gt;&lt;/tr&gt;&lt;tr class=&quot;rowvg-start&quot; style=&quot;display: none;&quot;&gt;&lt;/tr&gt;&lt;tr style=&quot;display: none;&quot;&gt;&lt;td class=&quot;setting-leftspace&quot;&gt;&amp;nbsp;&lt;/td&gt;&lt;td class=&quot;setting-name&quot;&gt;SCM checkout retry count&lt;/td&gt;&lt;td class=&quot;setting-main&quot;&gt;&lt;input step=&quot;1&quot; min=&quot;0&quot; name=&quot;scmCheckoutRetryCount&quot; type=&quot;number&quot; class=&quot;setting-input  number&quot; value=&quot;0&quot; path=&quot;/scmCheckoutRetryCount&quot;&gt;&lt;/td&gt;&lt;td class=&quot;setting-no-help&quot;&gt;&lt;/td&gt;&lt;/tr&gt;&lt;tr class=&quot;validation-error-area&quot; style=&quot;display: none;&quot;&gt;&lt;td colspan=&quot;2&quot;&gt;&lt;/td&gt;&lt;td&gt;&lt;/td&gt;&lt;td&gt;&lt;/td&gt;&lt;/tr&gt;&lt;tr class=&quot; rowvg-end optional-block-end&quot;&gt;&lt;/tr&gt;&lt;tr class=&quot;optional-block-start &quot; hashelp=&quot;true&quot; ref=&quot;cb21&quot;&gt;&lt;td colspan=&quot;3&quot;&gt;&lt;input onclick=&quot;javascript:updateOptionalBlock(this,true)&quot; name=&quot;blockBuildWhenUpstreamBuilding&quot; type=&quot;checkbox&quot; class=&quot; &quot; id=&quot;cb21&quot; path=&quot;/blockBuildWhenUpstreamBuilding&quot;&gt;&lt;label class=&quot;attach-previous&quot;&gt;Block build when upstream project is building&lt;/label&gt;&lt;/td&gt;&lt;td class=&quot;setting-help&quot;&gt;&lt;a helpurl=&quot;/help/project-config/block-upstream-building.html&quot; href=&quot;#&quot; class=&quot;help-button&quot; tabindex=&quot;9999&quot;&gt;&lt;img src=&quot;/static/ebda7158/images/16x16/help.png&quot; alt=&quot;Help for feature: Block build when upstream project is building&quot; style=&quot;width: 16px; height: 16px; &quot; class=&quot;icon-help icon-sm&quot;&gt;&lt;/a&gt;&lt;/td&gt;&lt;/tr&gt;&lt;tr class=&quot;help-area&quot;&gt;&lt;td&gt;&lt;/td&gt;&lt;td colspan=&quot;2&quot;&gt;&lt;div class=&quot;help&quot;&gt;Loading...&lt;/div&gt;&lt;/td&gt;&lt;td&gt;&lt;/td&gt;&lt;/tr&gt;&lt;tr class=&quot;rowvg-start&quot; style=&quot;display: none;&quot;&gt;&lt;/tr&gt;&lt;tr class=&quot; rowvg-end optional-block-end&quot;&gt;&lt;/tr&gt;&lt;tr class=&quot;optional-block-start &quot; hashelp=&quot;true&quot; ref=&quot;cb22&quot;&gt;&lt;td colspan=&quot;3&quot;&gt;&lt;input onclick=&quot;javascript:updateOptionalBlock(this,true)&quot; name=&quot;blockBuildWhenDownstreamBuilding&quot; type=&quot;checkbox&quot; class=&quot; &quot; id=&quot;cb22&quot; path=&quot;/blockBuildWhenDownstreamBuilding&quot;&gt;&lt;label class=&quot;attach-previous&quot;&gt;Block build when downstream project is building&lt;/label&gt;&lt;/td&gt;&lt;td class=&quot;setting-help&quot;&gt;&lt;a helpurl=&quot;/help/project-config/block-downstream-building.html&quot; href=&quot;#&quot; class=&quot;help-button&quot; tabindex=&quot;9999&quot;&gt;&lt;img src=&quot;/static/ebda7158/images/16x16/help.png&quot; alt=&quot;Help for feature: Block build when downstream project is building&quot; style=&quot;width: 16px; height: 16px; &quot; class=&quot;icon-help icon-sm&quot;&gt;&lt;/a&gt;&lt;/td&gt;&lt;/tr&gt;&lt;tr class=&quot;help-area&quot;&gt;&lt;td&gt;&lt;/td&gt;&lt;td colspan=&quot;2&quot;&gt;&lt;div class=&quot;help&quot;&gt;Loading...&lt;/div&gt;&lt;/td&gt;&lt;td&gt;&lt;/td&gt;&lt;/tr&gt;&lt;tr class=&quot;rowvg-start&quot; style=&quot;display: none;&quot;&gt;&lt;/tr&gt;&lt;tr class=&quot; rowvg-end optional-block-end&quot;&gt;&lt;/tr&gt;&lt;tr class=&quot;optional-block-start &quot; hashelp=&quot;true&quot; ref=&quot;cb23&quot;&gt;&lt;td colspan=&quot;3&quot;&gt;&lt;input onclick=&quot;javascript:updateOptionalBlock(this,true)&quot; name=&quot;hasCustomWorkspace&quot; type=&quot;checkbox&quot; class=&quot; &quot; id=&quot;cb23&quot; path=&quot;/hasCustomWorkspace&quot;&gt;&lt;label class=&quot;attach-previous&quot;&gt;Use custom workspace&lt;/label&gt;&lt;/td&gt;&lt;td class=&quot;setting-help&quot;&gt;&lt;a helpurl=&quot;/help/project-config/custom-workspace.html&quot; href=&quot;#&quot; class=&quot;help-button&quot; tabindex=&quot;9999&quot;&gt;&lt;img src=&quot;/static/ebda7158/images/16x16/help.png&quot; alt=&quot;Help for feature: Use custom workspace&quot; style=&quot;width: 16px; height: 16px; &quot; class=&quot;icon-help icon-sm&quot;&gt;&lt;/a&gt;&lt;/td&gt;&lt;/tr&gt;&lt;tr class=&quot;help-area&quot;&gt;&lt;td&gt;&lt;/td&gt;&lt;td colspan=&quot;2&quot;&gt;&lt;div class=&quot;help&quot;&gt;Loading...&lt;/div&gt;&lt;/td&gt;&lt;td&gt;&lt;/td&gt;&lt;/tr&gt;&lt;tr class=&quot;rowvg-start&quot; style=&quot;display: none;&quot;&gt;&lt;/tr&gt;&lt;tr style=&quot;display: none;&quot;&gt;&lt;td class=&quot;setting-leftspace&quot;&gt;&amp;nbsp;&lt;/td&gt;&lt;td class=&quot;setting-name&quot;&gt;Directory&lt;/td&gt;&lt;td class=&quot;setting-main&quot;&gt;&#10;   &#10;&#10;  &#10;  &lt;input checkdependson=&quot;customWorkspace&quot; checkurl=&quot;/job/viewed_job/descriptorByName/hudson.model.FreeStyleProject/checkCustomWorkspace&quot; name=&quot;_.customWorkspace&quot; type=&quot;text&quot; class=&quot;setting-input validated  &quot; value=&quot;&quot; path=&quot;/customWorkspace&quot;&gt;&lt;/td&gt;&lt;td class=&quot;setting-no-help&quot;&gt;&lt;/td&gt;&lt;/tr&gt;&lt;tr class=&quot;validation-error-area&quot; style=&quot;display: none;&quot;&gt;&lt;td colspan=&quot;2&quot;&gt;&lt;/td&gt;&lt;td&gt;&lt;div class=&quot;error&quot;&gt;&lt;img src=&quot;/static/ebda7158/images/none.gif&quot; height=&quot;16&quot; width=&quot;1&quot;&gt;Custom workspace is empty.&lt;/div&gt;&lt;/td&gt;&lt;td&gt;&lt;/td&gt;&lt;/tr&gt;&lt;tr class=&quot; rowvg-end optional-block-end&quot;&gt;&lt;/tr&gt;&lt;tr&gt;&lt;td class=&quot;setting-leftspace&quot;&gt;&amp;nbsp;&lt;/td&gt;&lt;td class=&quot;setting-name&quot;&gt;Display Name&lt;/td&gt;&lt;td class=&quot;setting-main&quot;&gt;&#10;   &#10;&#10;  &#10;  &lt;input checkurl=&quot;&apos;/checkDisplayName?displayName=&apos;+encodeURIComponent(this.value)+&apos;&amp;amp;jobName=&apos;+encodeURIComponent(&apos;viewed_job&apos;)&quot; name=&quot;_.displayNameOrNull&quot; type=&quot;text&quot; class=&quot;setting-input validated  &quot; value=&quot;&quot; path=&quot;/displayNameOrNull&quot;&gt;&lt;/td&gt;&lt;td class=&quot;setting-help&quot;&gt;&lt;a helpurl=&quot;/descriptor/hudson.model.FreeStyleProject/help/displayNameOrNull&quot; href=&quot;#&quot; class=&quot;help-button&quot; tabindex=&quot;9999&quot;&gt;&lt;img src=&quot;/static/ebda7158/images/16x16/help.png&quot; alt=&quot;Help for feature: Display Name&quot; style=&quot;width: 16px; height: 16px; &quot; class=&quot;icon-help icon-sm&quot;&gt;&lt;/a&gt;&lt;/td&gt;&lt;/tr&gt;&lt;tr class=&quot;validation-error-area&quot;&gt;&lt;td colspan=&quot;2&quot;&gt;&lt;/td&gt;&lt;td&gt;&lt;div&gt;&lt;/div&gt;&lt;/td&gt;&lt;td&gt;&lt;/td&gt;&lt;/tr&gt;&lt;tr class=&quot;help-area&quot;&gt;&lt;td&gt;&lt;/td&gt;&lt;td colspan=&quot;2&quot;&gt;&lt;div class=&quot;help&quot;&gt;Loading...&lt;/div&gt;&lt;/td&gt;&lt;td&gt;&lt;/td&gt;&lt;/tr&gt;&lt;tr class=&quot;optional-block-start row-set-start&quot; hashelp=&quot;true&quot; ref=&quot;cb24&quot;&gt;&lt;td colspan=&quot;3&quot;&gt;&lt;input onclick=&quot;javascript:updateOptionalBlock(this,true)&quot; name=&quot;keepDependencies&quot; type=&quot;checkbox&quot; class=&quot; &quot; id=&quot;cb24&quot; path=&quot;/keepDependencies&quot;&gt;&lt;label class=&quot;attach-previous&quot;&gt;Keep the build logs of dependencies&lt;/label&gt;&lt;/td&gt;&lt;td class=&quot;setting-help&quot;&gt;&lt;a helpurl=&quot;/help/tasks/fingerprint/keepDependencies.html&quot; href=&quot;#&quot; class=&quot;help-button&quot; tabindex=&quot;9999&quot;&gt;&lt;img src=&quot;/static/ebda7158/images/16x16/help.png&quot; alt=&quot;Help for feature: Keep the build logs of dependencies&quot; style=&quot;width: 16px; height: 16px; &quot; class=&quot;icon-help icon-sm&quot;&gt;&lt;/a&gt;&lt;/td&gt;&lt;/tr&gt;&lt;tr class=&quot;help-area&quot; nameref=&quot;cb24&quot;&gt;&lt;td&gt;&lt;/td&gt;&lt;td colspan=&quot;2&quot;&gt;&lt;div class=&quot;help&quot;&gt;Loading...&lt;/div&gt;&lt;/td&gt;&lt;td&gt;&lt;/td&gt;&lt;/tr&gt;&lt;tr class=&quot;rowvg-start&quot; nameref=&quot;cb24&quot; style=&quot;display: none;&quot;&gt;&lt;/tr&gt;&lt;tr class=&quot;row-set-end rowvg-end optional-block-end&quot;&gt;&lt;/tr&gt;&lt;/tbody&gt;&lt;/table&gt;&lt;/td&gt;&lt;td&gt;&lt;/td&gt;&lt;/tr&gt;&lt;tr&gt;&lt;td colspan=&quot;4&quot;&gt;&lt;div class=&quot;section-header&quot;&gt;&lt;a id=&quot;section1&quot; class=&quot;section-anchor&quot;&gt;#&lt;/a&gt;Source Code Management&lt;/div&gt;&lt;/td&gt;&lt;/tr&gt;&lt;script src=&quot;/adjuncts/ebda7158/lib/form/radioBlock/radioBlock.js&quot; type=&quot;text/javascript&quot;&gt;&lt;/script&gt;&lt;tr class=&quot;radio-block-start row-set-start&quot; hashelp=&quot;false&quot; ref=&quot;radio-block-9&quot;&gt;&lt;td colspan=&quot;3&quot;&gt;&lt;label&gt;&lt;input name=&quot;scm&quot; checked=&quot;true&quot; type=&quot;radio&quot; value=&quot;0&quot; class=&quot;radio-block-control&quot; id=&quot;radio-block-9&quot; path=&quot;/scm[0]&quot;&gt;&#10;        None&#10;      &lt;/label&gt;&lt;/td&gt;&lt;td class=&quot;setting-no-help&quot;&gt;&lt;/td&gt;&lt;/tr&gt;&lt;tr style=&quot;display:none&quot; class=&quot;row-set-end radio-block-end&quot;&gt;&lt;/tr&gt;&lt;tr class=&quot;radio-block-start row-set-start&quot; hashelp=&quot;false&quot; ref=&quot;radio-block-10&quot;&gt;&lt;td colspan=&quot;3&quot;&gt;&lt;label&gt;&lt;input name=&quot;scm&quot; type=&quot;radio&quot; value=&quot;1&quot; class=&quot;radio-block-control&quot; id=&quot;radio-block-10&quot; path=&quot;/scm[1]&quot;&gt;&#10;        CVS&#10;      &lt;/label&gt;&lt;/td&gt;&lt;td class=&quot;setting-no-help&quot;&gt;&lt;/td&gt;&lt;/tr&gt;&lt;tr nameref=&quot;radio-block-10&quot; style=&quot;display: none;&quot;&gt;&lt;td class=&quot;setting-leftspace&quot;&gt;&amp;nbsp;&lt;/td&gt;&lt;td class=&quot;setting-name&quot;&gt;&lt;/td&gt;&lt;td class=&quot;setting-main&quot;&gt;&lt;div class=&quot;repeated-container&quot;&gt;&lt;div name=&quot;repositories&quot; class=&quot;repeated-chunk first last only&quot;&gt;&lt;table style=&quot;width:100%&quot;&gt;&lt;tbody&gt;&lt;tr&gt;&lt;td class=&quot;setting-leftspace&quot;&gt;&amp;nbsp;&lt;/td&gt;&lt;td class=&quot;setting-name&quot;&gt;CVSROOT&lt;/td&gt;&lt;td class=&quot;setting-main&quot;&gt;&#10;   &#10;&#10;  &#10;  &lt;input checkdependson=&quot;&quot; checkurl=&quot;/job/viewed_job/descriptorByName/hudson.scm.CvsRepository/checkCvsRoot&quot; name=&quot;_.cvsRoot&quot; type=&quot;text&quot; class=&quot;setting-input validated  &quot; value=&quot;&quot;&gt;&lt;/td&gt;&lt;td class=&quot;setting-help&quot;&gt;&lt;a helpurl=&quot;/descriptor/hudson.scm.CvsRepository/help/cvsRoot&quot; href=&quot;#&quot; class=&quot;help-button&quot; tabindex=&quot;9999&quot;&gt;&lt;img src=&quot;/static/ebda7158/images/16x16/help.png&quot; alt=&quot;Help for feature: CVSROOT&quot; style=&quot;width: 16px; height: 16px; &quot; class=&quot;icon-help icon-sm&quot;&gt;&lt;/a&gt;&lt;/td&gt;&lt;/tr&gt;&lt;tr class=&quot;validation-error-area&quot;&gt;&lt;td colspan=&quot;2&quot;&gt;&lt;/td&gt;&lt;td&gt;&lt;div class=&quot;error&quot;&gt;&lt;img src=&quot;/static/ebda7158/images/none.gif&quot; height=&quot;16&quot; width=&quot;1&quot;&gt;CVSROOT is mandatory&lt;/div&gt;&lt;/td&gt;&lt;td&gt;&lt;/td&gt;&lt;/tr&gt;&lt;tr class=&quot;help-area&quot;&gt;&lt;td&gt;&lt;/td&gt;&lt;td colspan=&quot;2&quot;&gt;&lt;div class=&quot;help&quot;&gt;Loading...&lt;/div&gt;&lt;/td&gt;&lt;td&gt;&lt;/td&gt;&lt;/tr&gt;&lt;tr class=&quot;optional-block-start &quot; hashelp=&quot;false&quot; ref=&quot;cb25&quot;&gt;&lt;td colspan=&quot;3&quot;&gt;&lt;input onclick=&quot;javascript:updateOptionalBlock(this,true)&quot; name=&quot;passwordRequired&quot; type=&quot;checkbox&quot; class=&quot; &quot; id=&quot;cb25&quot;&gt;&lt;label class=&quot;attach-previous&quot;&gt;This Connection Requires A Password&lt;/label&gt;&lt;/td&gt;&lt;td class=&quot;setting-no-help&quot;&gt;&lt;/td&gt;&lt;/tr&gt;&lt;tr class=&quot;rowvg-start&quot; style=&quot;display: none;&quot;&gt;&lt;/tr&gt;&lt;tr style=&quot;display: none;&quot;&gt;&lt;td class=&quot;setting-leftspace&quot;&gt;&amp;nbsp;&lt;/td&gt;&lt;td class=&quot;setting-name&quot;&gt;Password&lt;/td&gt;&lt;td class=&quot;setting-main&quot;&gt;&lt;input name=&quot;_.password&quot; type=&quot;password&quot; class=&quot;setting-input &quot; value=&quot;&quot;&gt;&lt;/td&gt;&lt;td class=&quot;setting-no-help&quot;&gt;&lt;/td&gt;&lt;/tr&gt;&lt;tr class=&quot;validation-error-area&quot; style=&quot;display: none;&quot;&gt;&lt;td colspan=&quot;2&quot;&gt;&lt;/td&gt;&lt;td&gt;&lt;/td&gt;&lt;td&gt;&lt;/td&gt;&lt;/tr&gt;&lt;tr class=&quot; rowvg-end optional-block-end&quot;&gt;&lt;/tr&gt;&lt;tr&gt;&lt;td class=&quot;setting-leftspace&quot;&gt;&amp;nbsp;&lt;/td&gt;&lt;td class=&quot;setting-name&quot;&gt;&lt;/td&gt;&lt;td class=&quot;setting-main&quot;&gt;&lt;div class=&quot;repeated-container&quot;&gt;&lt;div name=&quot;repositoryItems&quot; class=&quot;repeated-chunk first last only&quot;&gt;&lt;table style=&quot;width:100%&quot;&gt;&lt;tbody&gt;&lt;tr&gt;&lt;td class=&quot;setting-leftspace&quot;&gt;&amp;nbsp;&lt;/td&gt;&lt;td class=&quot;setting-name&quot;&gt;Location&lt;/td&gt;&lt;td class=&quot;setting-main&quot;&gt;&lt;select class=&quot;setting-input dropdownList&quot;&gt;&lt;option value=&quot;0&quot;&gt;Branch&lt;/option&gt;&lt;option value=&quot;1&quot; selected=&quot;true&quot;&gt;Head&lt;/option&gt;&lt;option value=&quot;2&quot;&gt;Tag&lt;/option&gt;&lt;/select&gt;&lt;/td&gt;&lt;td class=&quot;setting-no-help&quot;&gt;&lt;/td&gt;&lt;/tr&gt;&lt;tr class=&quot;dropdownList-container&quot;&gt;&lt;td colspan=&quot;2&quot;&gt;&lt;/td&gt;&lt;td colspan=&quot;2&quot;&gt;&lt;table width=&quot;100%&quot; name=&quot;location&quot;&gt;&lt;tbody&gt;&lt;tr class=&quot;dropdownList-start rowvg-start&quot; field-disabled=&quot;true&quot; style=&quot;display: none;&quot;&gt;&lt;/tr&gt;&lt;tr field-disabled=&quot;true&quot; style=&quot;display: none;&quot;&gt;&lt;td class=&quot;setting-leftspace&quot;&gt;&amp;nbsp;&lt;/td&gt;&lt;td class=&quot;setting-name&quot;&gt;Branch Name&lt;/td&gt;&lt;td class=&quot;setting-main&quot;&gt;&#10;   &#10;&#10;  &#10;  &lt;input name=&quot;_.branchName&quot; type=&quot;text&quot; class=&quot;setting-input   &quot; value=&quot;&quot;&gt;&lt;/td&gt;&lt;td class=&quot;setting-no-help&quot;&gt;&lt;/td&gt;&lt;/tr&gt;&lt;tr class=&quot;validation-error-area&quot; field-disabled=&quot;true&quot; style=&quot;display: none;&quot;&gt;&lt;td colspan=&quot;2&quot;&gt;&lt;/td&gt;&lt;td&gt;&lt;/td&gt;&lt;td&gt;&lt;/td&gt;&lt;/tr&gt;&lt;tr field-disabled=&quot;true&quot; style=&quot;display: none;&quot;&gt;&lt;td class=&quot;setting-leftspace&quot;&gt;&amp;nbsp;&lt;/td&gt;&lt;td class=&quot;setting-name&quot;&gt;Use Head If Not Found&lt;/td&gt;&lt;td class=&quot;setting-main&quot;&gt;&lt;input name=&quot;_.useHeadIfNotFound&quot; type=&quot;checkbox&quot; class=&quot; &quot;&gt;&lt;/td&gt;&lt;td class=&quot;setting-no-help&quot;&gt;&lt;/td&gt;&lt;/tr&gt;&lt;tr class=&quot;validation-error-area&quot; field-disabled=&quot;true&quot; style=&quot;display: none;&quot;&gt;&lt;td colspan=&quot;2&quot;&gt;&lt;/td&gt;&lt;td&gt;&lt;/td&gt;&lt;td&gt;&lt;/td&gt;&lt;/tr&gt;&lt;tr style=&quot;display: none;&quot; field-disabled=&quot;true&quot;&gt;&lt;td&gt;&lt;input name=&quot;stapler-class&quot; type=&quot;hidden&quot; value=&quot;hudson.scm.CvsRepositoryLocation$BranchRepositoryLocation&quot;&gt;&lt;input name=&quot;$class&quot; type=&quot;hidden&quot; value=&quot;hudson.scm.CvsRepositoryLocation$BranchRepositoryLocation&quot;&gt;&lt;/td&gt;&lt;/tr&gt;&lt;tr class=&quot;dropdownList-end rowvg-end&quot;&gt;&lt;/tr&gt;&lt;tr class=&quot;dropdownList-start rowvg-start&quot;&gt;&lt;/tr&gt;&lt;tr style=&quot;&quot;&gt;&lt;td&gt;&lt;input name=&quot;stapler-class&quot; type=&quot;hidden&quot; value=&quot;hudson.scm.CvsRepositoryLocation$HeadRepositoryLocation&quot;&gt;&lt;input name=&quot;$class&quot; type=&quot;hidden&quot; value=&quot;hudson.scm.CvsRepositoryLocation$HeadRepositoryLocation&quot;&gt;&lt;/td&gt;&lt;/tr&gt;&lt;tr class=&quot;dropdownList-end rowvg-end&quot;&gt;&lt;/tr&gt;&lt;tr class=&quot;dropdownList-start rowvg-start&quot; field-disabled=&quot;true&quot; style=&quot;display: none;&quot;&gt;&lt;/tr&gt;&lt;tr field-disabled=&quot;true&quot; style=&quot;display: none;&quot;&gt;&lt;td class=&quot;setting-leftspace&quot;&gt;&amp;nbsp;&lt;/td&gt;&lt;td class=&quot;setting-name&quot;&gt;Tag Name&lt;/td&gt;&lt;td class=&quot;setting-main&quot;&gt;&#10;   &#10;&#10;  &#10;  &lt;input name=&quot;_.tagName&quot; type=&quot;text&quot; class=&quot;setting-input   &quot; value=&quot;&quot;&gt;&lt;/td&gt;&lt;td class=&quot;setting-no-help&quot;&gt;&lt;/td&gt;&lt;/tr&gt;&lt;tr class=&quot;validation-error-area&quot; field-disabled=&quot;true&quot; style=&quot;display: none;&quot;&gt;&lt;td colspan=&quot;2&quot;&gt;&lt;/td&gt;&lt;td&gt;&lt;/td&gt;&lt;td&gt;&lt;/td&gt;&lt;/tr&gt;&lt;tr field-disabled=&quot;true&quot; style=&quot;display: none;&quot;&gt;&lt;td class=&quot;setting-leftspace&quot;&gt;&amp;nbsp;&lt;/td&gt;&lt;td class=&quot;setting-name&quot;&gt;Use Head If Not Found&lt;/td&gt;&lt;td class=&quot;setting-main&quot;&gt;&lt;input name=&quot;_.useHeadIfNotFound&quot; type=&quot;checkbox&quot; class=&quot; &quot;&gt;&lt;/td&gt;&lt;td class=&quot;setting-no-help&quot;&gt;&lt;/td&gt;&lt;/tr&gt;&lt;tr class=&quot;validation-error-area&quot; field-disabled=&quot;true&quot; style=&quot;display: none;&quot;&gt;&lt;td colspan=&quot;2&quot;&gt;&lt;/td&gt;&lt;td&gt;&lt;/td&gt;&lt;td&gt;&lt;/td&gt;&lt;/tr&gt;&lt;tr style=&quot;display: none;&quot; field-disabled=&quot;true&quot;&gt;&lt;td&gt;&lt;input name=&quot;stapler-class&quot; type=&quot;hidden&quot; value=&quot;hudson.scm.CvsRepositoryLocation$TagRepositoryLocation&quot;&gt;&lt;input name=&quot;$class&quot; type=&quot;hidden&quot; value=&quot;hudson.scm.CvsRepositoryLocation$TagRepositoryLocation&quot;&gt;&lt;/td&gt;&lt;/tr&gt;&lt;tr class=&quot;dropdownList-end rowvg-end&quot;&gt;&lt;/tr&gt;&lt;/tbody&gt;&lt;/table&gt;&lt;/td&gt;&lt;/tr&gt;&lt;tr&gt;&lt;td class=&quot;setting-leftspace&quot;&gt;&amp;nbsp;&lt;/td&gt;&lt;td class=&quot;setting-name&quot;&gt;Modules&lt;/td&gt;&lt;td class=&quot;setting-main&quot;&gt;&lt;div class=&quot;repeated-container&quot;&gt;&lt;div name=&quot;modules&quot; class=&quot;repeated-chunk first last only&quot;&gt;&lt;table style=&quot;width:100%&quot;&gt;&lt;tbody&gt;&lt;tr&gt;&lt;td class=&quot;setting-leftspace&quot;&gt;&amp;nbsp;&lt;/td&gt;&lt;td class=&quot;setting-name&quot;&gt;Remote Name&lt;/td&gt;&lt;td class=&quot;setting-main&quot;&gt;&#10;   &#10;&#10;  &#10;  &lt;input checkdependson=&quot;&quot; checkurl=&quot;/job/viewed_job/descriptorByName/hudson.scm.CvsModule/checkRemoteName&quot; name=&quot;_.remoteName&quot; type=&quot;text&quot; class=&quot;setting-input validated  &quot; value=&quot;&quot;&gt;&lt;/td&gt;&lt;td class=&quot;setting-help&quot;&gt;&lt;a helpurl=&quot;/descriptor/hudson.scm.CvsModule/help/remoteName&quot; href=&quot;#&quot; class=&quot;help-button&quot; tabindex=&quot;9999&quot;&gt;&lt;img src=&quot;/static/ebda7158/images/16x16/help.png&quot; alt=&quot;Help for feature: Remote Name&quot; style=&quot;width: 16px; height: 16px; &quot; class=&quot;icon-help icon-sm&quot;&gt;&lt;/a&gt;&lt;/td&gt;&lt;/tr&gt;&lt;tr class=&quot;validation-error-area&quot;&gt;&lt;td colspan=&quot;2&quot;&gt;&lt;/td&gt;&lt;td&gt;&lt;div class=&quot;error&quot;&gt;&lt;img src=&quot;/static/ebda7158/images/none.gif&quot; height=&quot;16&quot; width=&quot;1&quot;&gt;Remote Name is mandatory&lt;/div&gt;&lt;/td&gt;&lt;td&gt;&lt;/td&gt;&lt;/tr&gt;&lt;tr class=&quot;help-area&quot;&gt;&lt;td&gt;&lt;/td&gt;&lt;td colspan=&quot;2&quot;&gt;&lt;div class=&quot;help&quot;&gt;Loading...&lt;/div&gt;&lt;/td&gt;&lt;td&gt;&lt;/td&gt;&lt;/tr&gt;&lt;tr&gt;&lt;td class=&quot;setting-leftspace&quot;&gt;&amp;nbsp;&lt;/td&gt;&lt;td class=&quot;setting-name&quot;&gt;Local Name&lt;/td&gt;&lt;td class=&quot;setting-main&quot;&gt;&#10;   &#10;&#10;  &#10;  &lt;input name=&quot;_.localName&quot; type=&quot;text&quot; class=&quot;setting-input   &quot; value=&quot;&quot;&gt;&lt;/td&gt;&lt;td class=&quot;setting-help&quot;&gt;&lt;a helpurl=&quot;/descriptor/hudson.scm.CvsModule/help/localName&quot; href=&quot;#&quot; class=&quot;help-button&quot; tabindex=&quot;9999&quot;&gt;&lt;img src=&quot;/static/ebda7158/images/16x16/help.png&quot; alt=&quot;Help for feature: Local Name&quot; style=&quot;width: 16px; height: 16px; &quot; class=&quot;icon-help icon-sm&quot;&gt;&lt;/a&gt;&lt;/td&gt;&lt;/tr&gt;&lt;tr class=&quot;validation-error-area&quot;&gt;&lt;td colspan=&quot;2&quot;&gt;&lt;/td&gt;&lt;td&gt;&lt;/td&gt;&lt;td&gt;&lt;/td&gt;&lt;/tr&gt;&lt;tr class=&quot;help-area&quot;&gt;&lt;td&gt;&lt;/td&gt;&lt;td colspan=&quot;2&quot;&gt;&lt;div class=&quot;help&quot;&gt;Loading...&lt;/div&gt;&lt;/td&gt;&lt;td&gt;&lt;/td&gt;&lt;/tr&gt;&lt;tr&gt;&lt;td class=&quot;setting-leftspace&quot;&gt;&amp;nbsp;&lt;/td&gt;&lt;td class=&quot;setting-name&quot;&gt;&lt;/td&gt;&lt;td class=&quot;setting-main&quot;&gt;&lt;div align=&quot;right&quot;&gt;&lt;span class=&quot;yui-button yui-push-button repeatable-add show-if-last&quot; id=&quot;yui-gen12&quot;&gt;&lt;span class=&quot;first-child&quot;&gt;&lt;button type=&quot;button&quot; tabindex=&quot;0&quot; id=&quot;yui-gen12-button&quot;&gt;Add more modules...&lt;/button&gt;&lt;/span&gt;&lt;/span&gt;&lt;span class=&quot;yui-button yui-push-button repeatable-delete show-if-not-only&quot; id=&quot;yui-gen21&quot;&gt;&lt;span class=&quot;first-child&quot;&gt;&lt;button type=&quot;button&quot; tabindex=&quot;0&quot; id=&quot;yui-gen21-button&quot;&gt;Delete&lt;/button&gt;&lt;/span&gt;&lt;/span&gt;&lt;/div&gt;&lt;/td&gt;&lt;td class=&quot;setting-no-help&quot;&gt;&lt;/td&gt;&lt;/tr&gt;&lt;tr class=&quot;validation-error-area&quot;&gt;&lt;td colspan=&quot;2&quot;&gt;&lt;/td&gt;&lt;td&gt;&lt;/td&gt;&lt;td&gt;&lt;/td&gt;&lt;/tr&gt;&lt;/tbody&gt;&lt;/table&gt;&lt;/div&gt;&lt;div class=&quot;repeatable-insertion-point&quot;&gt;&lt;/div&gt;&lt;/div&gt;&lt;/td&gt;&lt;td class=&quot;setting-no-help&quot;&gt;&lt;/td&gt;&lt;/tr&gt;&lt;tr class=&quot;validation-error-area&quot;&gt;&lt;td colspan=&quot;2&quot;&gt;&lt;/td&gt;&lt;td&gt;&lt;/td&gt;&lt;td&gt;&lt;/td&gt;&lt;/tr&gt;&lt;tr&gt;&lt;td class=&quot;setting-leftspace&quot;&gt;&amp;nbsp;&lt;/td&gt;&lt;td class=&quot;setting-name&quot;&gt;&lt;/td&gt;&lt;td class=&quot;setting-main&quot;&gt;&lt;div align=&quot;right&quot;&gt;&lt;span class=&quot;yui-button yui-push-button repeatable-add show-if-last&quot; id=&quot;yui-gen13&quot;&gt;&lt;span class=&quot;first-child&quot;&gt;&lt;button type=&quot;button&quot; tabindex=&quot;0&quot; id=&quot;yui-gen13-button&quot;&gt;Add more locations...&lt;/button&gt;&lt;/span&gt;&lt;/span&gt;&lt;span class=&quot;yui-button yui-push-button repeatable-delete show-if-not-only&quot; id=&quot;yui-gen22&quot;&gt;&lt;span class=&quot;first-child&quot;&gt;&lt;button type=&quot;button&quot; tabindex=&quot;0&quot; id=&quot;yui-gen22-button&quot;&gt;Delete&lt;/button&gt;&lt;/span&gt;&lt;/span&gt;&lt;/div&gt;&lt;/td&gt;&lt;td class=&quot;setting-no-help&quot;&gt;&lt;/td&gt;&lt;/tr&gt;&lt;tr class=&quot;validation-error-area&quot;&gt;&lt;td colspan=&quot;2&quot;&gt;&lt;/td&gt;&lt;td&gt;&lt;/td&gt;&lt;td&gt;&lt;/td&gt;&lt;/tr&gt;&lt;/tbody&gt;&lt;/table&gt;&lt;/div&gt;&lt;div class=&quot;repeatable-insertion-point&quot;&gt;&lt;/div&gt;&lt;/div&gt;&lt;/td&gt;&lt;td class=&quot;setting-no-help&quot;&gt;&lt;/td&gt;&lt;/tr&gt;&lt;tr class=&quot;validation-error-area&quot;&gt;&lt;td colspan=&quot;2&quot;&gt;&lt;/td&gt;&lt;td&gt;&lt;/td&gt;&lt;td&gt;&lt;/td&gt;&lt;/tr&gt;&lt;tr&gt;&lt;td&gt;&lt;/td&gt;&lt;td&gt;&lt;/td&gt;&lt;td&gt;&lt;div style=&quot;&quot; class=&quot;advancedLink&quot;&gt;&lt;span style=&quot;display: none&quot; id=&quot;id22&quot;&gt;&lt;img src=&quot;/static/ebda7158/images/24x24/notepad.png&quot; tooltip=&quot;One or more fields in this block have been edited.&quot; style=&quot;width: 24px; height: 24px; vertical-align: baseline&quot; class=&quot;icon-notepad icon-md&quot; title=&quot;One or more fields in this block have been edited.&quot;&gt;&lt;/span&gt;&amp;nbsp;&lt;span class=&quot;yui-button yui-push-button advanced-button advancedButton&quot; id=&quot;yui-gen8&quot;&gt;&lt;span class=&quot;first-child&quot;&gt;&lt;button type=&quot;button&quot; tabindex=&quot;0&quot; id=&quot;yui-gen8-button&quot;&gt;Advanced...&lt;/button&gt;&lt;/span&gt;&lt;/span&gt;&lt;/div&gt;&lt;table class=&quot;advancedBody&quot;&gt;&lt;tbody&gt;&lt;tr&gt;&lt;td colspan=&quot;4&quot;&gt;&lt;div class=&quot;section-header&quot;&gt;&lt;a id=&quot;section3&quot; class=&quot;section-anchor&quot;&gt;#&lt;/a&gt;Advanced Repository Options&lt;/div&gt;&lt;/td&gt;&lt;/tr&gt;&lt;tr&gt;&lt;td class=&quot;setting-leftspace&quot;&gt;&amp;nbsp;&lt;/td&gt;&lt;td class=&quot;setting-name&quot;&gt;Repository browser&lt;/td&gt;&lt;td class=&quot;setting-main&quot;&gt;&lt;select class=&quot;setting-input dropdownList&quot;&gt;&lt;option value=&quot;auto&quot;&gt;(Auto)&lt;/option&gt;&lt;option value=&quot;0&quot;&gt;FishEye&lt;/option&gt;&lt;option value=&quot;1&quot;&gt;OpenGrok&lt;/option&gt;&lt;option value=&quot;2&quot;&gt;ViewCVS&lt;/option&gt;&lt;/select&gt;&lt;/td&gt;&lt;td class=&quot;setting-help&quot;&gt;&lt;a helpurl=&quot;/help/scm-browsers/list.html&quot; href=&quot;#&quot; class=&quot;help-button&quot; tabindex=&quot;9999&quot;&gt;&lt;img src=&quot;/static/ebda7158/images/16x16/help.png&quot; alt=&quot;Help for feature: Repository browser&quot; style=&quot;width: 16px; height: 16px; &quot; class=&quot;icon-help icon-sm&quot;&gt;&lt;/a&gt;&lt;/td&gt;&lt;/tr&gt;&lt;tr class=&quot;dropdownList-container&quot;&gt;&lt;td colspan=&quot;2&quot;&gt;&lt;/td&gt;&lt;td colspan=&quot;2&quot;&gt;&lt;table width=&quot;100%&quot; name=&quot;repositoryBrowser&quot;&gt;&lt;tbody&gt;&lt;tr class=&quot;dropdownList-start rowvg-start&quot;&gt;&lt;/tr&gt;&lt;tr class=&quot;dropdownList-end rowvg-end&quot;&gt;&lt;/tr&gt;&lt;tr class=&quot;dropdownList-start rowvg-start&quot; field-disabled=&quot;true&quot; style=&quot;display: none;&quot;&gt;&lt;/tr&gt;&lt;tr class=&quot;render-on-demand &quot; proxy=&quot;makeStaplerProxy(&apos;/$stapler/bound/a6a61bd7-c07e-4e7c-9f53-8eda093b3de7&apos;,&apos;5e2a10a9-ca1f-465a-b045-b67e5d5c0165&apos;,[&apos;render&apos;])&quot; field-disabled=&quot;true&quot; style=&quot;display: none;&quot;&gt;&lt;/tr&gt;&lt;tr style=&quot;display: none;&quot; field-disabled=&quot;true&quot;&gt;&lt;td&gt;&lt;input name=&quot;stapler-class&quot; type=&quot;hidden&quot; value=&quot;hudson.scm.browsers.FishEyeCVS&quot;&gt;&lt;input name=&quot;$class&quot; type=&quot;hidden&quot; value=&quot;hudson.scm.browsers.FishEyeCVS&quot;&gt;&lt;/td&gt;&lt;/tr&gt;&lt;tr class=&quot;dropdownList-end rowvg-end&quot;&gt;&lt;/tr&gt;&lt;tr class=&quot;dropdownList-start rowvg-start&quot; field-disabled=&quot;true&quot; style=&quot;display: none;&quot;&gt;&lt;/tr&gt;&lt;tr class=&quot;render-on-demand &quot; proxy=&quot;makeStaplerProxy(&apos;/$stapler/bound/7613f930-24ce-4b1c-877b-da6dc79b5177&apos;,&apos;5e2a10a9-ca1f-465a-b045-b67e5d5c0165&apos;,[&apos;render&apos;])&quot; field-disabled=&quot;true&quot; style=&quot;display: none;&quot;&gt;&lt;/tr&gt;&lt;tr style=&quot;display: none;&quot; field-disabled=&quot;true&quot;&gt;&lt;td&gt;&lt;input name=&quot;stapler-class&quot; type=&quot;hidden&quot; value=&quot;hudson.scm.browsers.OpenGrok&quot;&gt;&lt;input name=&quot;$class&quot; type=&quot;hidden&quot; value=&quot;hudson.scm.browsers.OpenGrok&quot;&gt;&lt;/td&gt;&lt;/tr&gt;&lt;tr class=&quot;dropdownList-end rowvg-end&quot;&gt;&lt;/tr&gt;&lt;tr class=&quot;dropdownList-start rowvg-start&quot; field-disabled=&quot;true&quot; style=&quot;display: none;&quot;&gt;&lt;/tr&gt;&lt;tr class=&quot;render-on-demand &quot; proxy=&quot;makeStaplerProxy(&apos;/$stapler/bound/cfbf62d0-edc8-4dc3-ab84-7179be4f9a21&apos;,&apos;5e2a10a9-ca1f-465a-b045-b67e5d5c0165&apos;,[&apos;render&apos;])&quot; field-disabled=&quot;true&quot; style=&quot;display: none;&quot;&gt;&lt;/tr&gt;&lt;tr style=&quot;display: none;&quot; field-disabled=&quot;true&quot;&gt;&lt;td&gt;&lt;input name=&quot;stapler-class&quot; type=&quot;hidden&quot; value=&quot;hudson.scm.browsers.ViewCVS&quot;&gt;&lt;input name=&quot;$class&quot; type=&quot;hidden&quot; value=&quot;hudson.scm.browsers.ViewCVS&quot;&gt;&lt;/td&gt;&lt;/tr&gt;&lt;tr class=&quot;dropdownList-end rowvg-end&quot;&gt;&lt;/tr&gt;&lt;/tbody&gt;&lt;/table&gt;&lt;/td&gt;&lt;/tr&gt;&lt;tr class=&quot;help-area&quot;&gt;&lt;td&gt;&lt;/td&gt;&lt;td colspan=&quot;2&quot;&gt;&lt;div class=&quot;help&quot;&gt;Loading...&lt;/div&gt;&lt;/td&gt;&lt;td&gt;&lt;/td&gt;&lt;/tr&gt;&lt;tr&gt;&lt;td class=&quot;setting-leftspace&quot;&gt;&amp;nbsp;&lt;/td&gt;&lt;td class=&quot;setting-name&quot;&gt;Exclude Regions&lt;/td&gt;&lt;td class=&quot;setting-main&quot;&gt;&lt;div class=&quot;repeated-container&quot;&gt;&lt;div name=&quot;excludedRegions&quot; class=&quot;repeated-chunk first last only&quot;&gt;&lt;table style=&quot;width:100%&quot;&gt;&lt;tbody&gt;&lt;tr&gt;&lt;td class=&quot;setting-leftspace&quot;&gt;&amp;nbsp;&lt;/td&gt;&lt;td class=&quot;setting-name&quot;&gt;Pattern&lt;/td&gt;&lt;td class=&quot;setting-main&quot;&gt;&#10;   &#10;&#10;  &#10;  &lt;input checkdependson=&quot;&quot; checkurl=&quot;/job/viewed_job/descriptorByName/hudson.scm.ExcludedRegion/checkPattern&quot; name=&quot;_.pattern&quot; type=&quot;text&quot; class=&quot;setting-input validated  &quot; value=&quot;&quot;&gt;&lt;/td&gt;&lt;td class=&quot;setting-no-help&quot;&gt;&lt;/td&gt;&lt;/tr&gt;&lt;tr class=&quot;validation-error-area&quot;&gt;&lt;td colspan=&quot;2&quot;&gt;&lt;/td&gt;&lt;td&gt;&lt;div&gt;&lt;/div&gt;&lt;/td&gt;&lt;td&gt;&lt;/td&gt;&lt;/tr&gt;&lt;tr&gt;&lt;td class=&quot;setting-leftspace&quot;&gt;&amp;nbsp;&lt;/td&gt;&lt;td class=&quot;setting-name&quot;&gt;&lt;/td&gt;&lt;td class=&quot;setting-main&quot;&gt;&lt;div align=&quot;right&quot;&gt;&lt;span class=&quot;yui-button yui-push-button repeatable-add show-if-last&quot; id=&quot;yui-gen14&quot;&gt;&lt;span class=&quot;first-child&quot;&gt;&lt;button type=&quot;button&quot; tabindex=&quot;0&quot; id=&quot;yui-gen14-button&quot;&gt;Add more patterns...&lt;/button&gt;&lt;/span&gt;&lt;/span&gt;&lt;span class=&quot;yui-button yui-push-button repeatable-delete show-if-not-only&quot; id=&quot;yui-gen23&quot;&gt;&lt;span class=&quot;first-child&quot;&gt;&lt;button type=&quot;button&quot; tabindex=&quot;0&quot; id=&quot;yui-gen23-button&quot;&gt;Delete&lt;/button&gt;&lt;/span&gt;&lt;/span&gt;&lt;/div&gt;&lt;/td&gt;&lt;td class=&quot;setting-no-help&quot;&gt;&lt;/td&gt;&lt;/tr&gt;&lt;tr class=&quot;validation-error-area&quot;&gt;&lt;td colspan=&quot;2&quot;&gt;&lt;/td&gt;&lt;td&gt;&lt;/td&gt;&lt;td&gt;&lt;/td&gt;&lt;/tr&gt;&lt;/tbody&gt;&lt;/table&gt;&lt;/div&gt;&lt;div class=&quot;repeatable-insertion-point&quot;&gt;&lt;/div&gt;&lt;/div&gt;&lt;/td&gt;&lt;td class=&quot;setting-no-help&quot;&gt;&lt;/td&gt;&lt;/tr&gt;&lt;tr class=&quot;validation-error-area&quot;&gt;&lt;td colspan=&quot;2&quot;&gt;&lt;/td&gt;&lt;td&gt;&lt;/td&gt;&lt;td&gt;&lt;/td&gt;&lt;/tr&gt;&lt;tr&gt;&lt;td class=&quot;setting-leftspace&quot;&gt;&amp;nbsp;&lt;/td&gt;&lt;td class=&quot;setting-name&quot;&gt;Compression Level&lt;/td&gt;&lt;td class=&quot;setting-main&quot;&gt;&#10;&#10;   &#10;  &lt;select fillurl=&quot;/job/viewed_job/descriptorByName/hudson.scm.CvsRepository/fillCompressionLevelItems&quot; name=&quot;_.compressionLevel&quot; class=&quot;setting-input  select &quot; value=&quot;&quot;&gt;&lt;option value=&quot;-1&quot;&gt;System Default&lt;/option&gt;&lt;option value=&quot;0&quot;&gt;None&lt;/option&gt;&lt;option value=&quot;1&quot;&gt;1&lt;/option&gt;&lt;option value=&quot;2&quot;&gt;2&lt;/option&gt;&lt;option value=&quot;3&quot;&gt;3 (Recommended)&lt;/option&gt;&lt;option value=&quot;4&quot;&gt;4&lt;/option&gt;&lt;option value=&quot;5&quot;&gt;5&lt;/option&gt;&lt;option value=&quot;6&quot;&gt;6&lt;/option&gt;&lt;option value=&quot;7&quot;&gt;7&lt;/option&gt;&lt;option value=&quot;8&quot;&gt;8&lt;/option&gt;&lt;option value=&quot;9&quot;&gt;9&lt;/option&gt;&lt;/select&gt;&lt;/td&gt;&lt;td class=&quot;setting-no-help&quot;&gt;&lt;/td&gt;&lt;/tr&gt;&lt;tr class=&quot;validation-error-area&quot;&gt;&lt;td colspan=&quot;2&quot;&gt;&lt;/td&gt;&lt;td&gt;&lt;/td&gt;&lt;td&gt;&lt;/td&gt;&lt;/tr&gt;&lt;/tbody&gt;&lt;/table&gt;&lt;/td&gt;&lt;td&gt;&lt;/td&gt;&lt;/tr&gt;&lt;tr&gt;&lt;td class=&quot;setting-leftspace&quot;&gt;&amp;nbsp;&lt;/td&gt;&lt;td class=&quot;setting-name&quot;&gt;&lt;/td&gt;&lt;td class=&quot;setting-main&quot;&gt;&lt;div align=&quot;right&quot;&gt;&lt;span class=&quot;yui-button yui-push-button repeatable-add show-if-last&quot; id=&quot;yui-gen15&quot;&gt;&lt;span class=&quot;first-child&quot;&gt;&lt;button type=&quot;button&quot; tabindex=&quot;0&quot; id=&quot;yui-gen15-button&quot;&gt;Add more repositories...&lt;/button&gt;&lt;/span&gt;&lt;/span&gt;&lt;span class=&quot;yui-button yui-push-button repeatable-delete show-if-not-only&quot; id=&quot;yui-gen24&quot;&gt;&lt;span class=&quot;first-child&quot;&gt;&lt;button type=&quot;button&quot; tabindex=&quot;0&quot; id=&quot;yui-gen24-button&quot;&gt;Delete&lt;/button&gt;&lt;/span&gt;&lt;/span&gt;&lt;/div&gt;&lt;/td&gt;&lt;td class=&quot;setting-no-help&quot;&gt;&lt;/td&gt;&lt;/tr&gt;&lt;tr class=&quot;validation-error-area&quot;&gt;&lt;td colspan=&quot;2&quot;&gt;&lt;/td&gt;&lt;td&gt;&lt;/td&gt;&lt;td&gt;&lt;/td&gt;&lt;/tr&gt;&lt;/tbody&gt;&lt;/table&gt;&lt;/div&gt;&lt;div class=&quot;repeatable-insertion-point&quot;&gt;&lt;/div&gt;&lt;/div&gt;&lt;/td&gt;&lt;td class=&quot;setting-no-help&quot;&gt;&lt;/td&gt;&lt;/tr&gt;&lt;tr class=&quot;validation-error-area&quot; nameref=&quot;radio-block-10&quot; style=&quot;display: none;&quot;&gt;&lt;td colspan=&quot;2&quot;&gt;&lt;/td&gt;&lt;td&gt;&lt;/td&gt;&lt;td&gt;&lt;/td&gt;&lt;/tr&gt;&lt;tr nameref=&quot;radio-block-10&quot; style=&quot;display: none;&quot;&gt;&lt;td class=&quot;setting-leftspace&quot;&gt;&amp;nbsp;&lt;/td&gt;&lt;td class=&quot;setting-name&quot;&gt;Use Update&lt;/td&gt;&lt;td class=&quot;setting-main&quot;&gt;&lt;input name=&quot;_.canUseUpdate&quot; checked=&quot;true&quot; type=&quot;checkbox&quot; class=&quot; &quot;&gt;&lt;/td&gt;&lt;td class=&quot;setting-help&quot;&gt;&lt;a helpurl=&quot;/descriptor/hudson.scm.CVSSCM/help/canUseUpdate&quot; href=&quot;#&quot; class=&quot;help-button&quot; tabindex=&quot;9999&quot;&gt;&lt;img src=&quot;/static/ebda7158/images/16x16/help.png&quot; alt=&quot;Help for feature: Use Update&quot; style=&quot;width: 16px; height: 16px; &quot; class=&quot;icon-help icon-sm&quot;&gt;&lt;/a&gt;&lt;/td&gt;&lt;/tr&gt;&lt;tr class=&quot;validation-error-area&quot; nameref=&quot;radio-block-10&quot; style=&quot;display: none;&quot;&gt;&lt;td colspan=&quot;2&quot;&gt;&lt;/td&gt;&lt;td&gt;&lt;/td&gt;&lt;td&gt;&lt;/td&gt;&lt;/tr&gt;&lt;tr class=&quot;help-area&quot; nameref=&quot;radio-block-10&quot; style=&quot;display: none;&quot;&gt;&lt;td&gt;&lt;/td&gt;&lt;td colspan=&quot;2&quot;&gt;&lt;div class=&quot;help&quot;&gt;Loading...&lt;/div&gt;&lt;/td&gt;&lt;td&gt;&lt;/td&gt;&lt;/tr&gt;&lt;tr nameref=&quot;radio-block-10&quot; style=&quot;display: none;&quot;&gt;&lt;td class=&quot;setting-leftspace&quot;&gt;&amp;nbsp;&lt;/td&gt;&lt;td class=&quot;setting-name&quot;&gt;Prune Empty Directories&lt;/td&gt;&lt;td class=&quot;setting-main&quot;&gt;&lt;input name=&quot;_.pruneEmptyDirectories&quot; checked=&quot;true&quot; type=&quot;checkbox&quot; class=&quot; &quot;&gt;&lt;/td&gt;&lt;td class=&quot;setting-help&quot;&gt;&lt;a helpurl=&quot;/descriptor/hudson.scm.CVSSCM/help/pruneEmptyDirectories&quot; href=&quot;#&quot; class=&quot;help-button&quot; tabindex=&quot;9999&quot;&gt;&lt;img src=&quot;/static/ebda7158/images/16x16/help.png&quot; alt=&quot;Help for feature: Prune Empty Directories&quot; style=&quot;width: 16px; height: 16px; &quot; class=&quot;icon-help icon-sm&quot;&gt;&lt;/a&gt;&lt;/td&gt;&lt;/tr&gt;&lt;tr class=&quot;validation-error-area&quot; nameref=&quot;radio-block-10&quot; style=&quot;display: none;&quot;&gt;&lt;td colspan=&quot;2&quot;&gt;&lt;/td&gt;&lt;td&gt;&lt;/td&gt;&lt;td&gt;&lt;/td&gt;&lt;/tr&gt;&lt;tr class=&quot;help-area&quot; nameref=&quot;radio-block-10&quot; style=&quot;display: none;&quot;&gt;&lt;td&gt;&lt;/td&gt;&lt;td colspan=&quot;2&quot;&gt;&lt;div class=&quot;help&quot;&gt;Loading...&lt;/div&gt;&lt;/td&gt;&lt;td&gt;&lt;/td&gt;&lt;/tr&gt;&lt;tr nameref=&quot;radio-block-10&quot; style=&quot;display: none;&quot;&gt;&lt;td class=&quot;setting-leftspace&quot;&gt;&amp;nbsp;&lt;/td&gt;&lt;td class=&quot;setting-name&quot;&gt;Legacy Mode&lt;/td&gt;&lt;td class=&quot;setting-main&quot;&gt;&lt;input name=&quot;_.legacy&quot; type=&quot;checkbox&quot; class=&quot; &quot;&gt;&lt;label class=&quot;attach-previous&quot;&gt;(run CVS in a way compatible with older versions of Hudson &amp;lt;1.21)&lt;/label&gt;&lt;/td&gt;&lt;td class=&quot;setting-help&quot;&gt;&lt;a helpurl=&quot;/descriptor/hudson.scm.CVSSCM/help/legacy&quot; href=&quot;#&quot; class=&quot;help-button&quot; tabindex=&quot;9999&quot;&gt;&lt;img src=&quot;/static/ebda7158/images/16x16/help.png&quot; alt=&quot;Help for feature: Legacy Mode&quot; style=&quot;width: 16px; height: 16px; &quot; class=&quot;icon-help icon-sm&quot;&gt;&lt;/a&gt;&lt;/td&gt;&lt;/tr&gt;&lt;tr class=&quot;validation-error-area&quot; nameref=&quot;radio-block-10&quot; style=&quot;display: none;&quot;&gt;&lt;td colspan=&quot;2&quot;&gt;&lt;/td&gt;&lt;td&gt;&lt;/td&gt;&lt;td&gt;&lt;/td&gt;&lt;/tr&gt;&lt;tr class=&quot;help-area&quot; nameref=&quot;radio-block-10&quot; style=&quot;display: none;&quot;&gt;&lt;td&gt;&lt;/td&gt;&lt;td colspan=&quot;2&quot;&gt;&lt;div class=&quot;help&quot;&gt;Loading...&lt;/div&gt;&lt;/td&gt;&lt;td&gt;&lt;/td&gt;&lt;/tr&gt;&lt;tr nameref=&quot;radio-block-10&quot; style=&quot;display: none;&quot;&gt;&lt;td class=&quot;setting-leftspace&quot;&gt;&amp;nbsp;&lt;/td&gt;&lt;td class=&quot;setting-name&quot;&gt;Skip Changelog&lt;/td&gt;&lt;td class=&quot;setting-main&quot;&gt;&lt;input name=&quot;_.skipChangeLog&quot; type=&quot;checkbox&quot; class=&quot; &quot;&gt;&lt;/td&gt;&lt;td class=&quot;setting-help&quot;&gt;&lt;a helpurl=&quot;/descriptor/hudson.scm.CVSSCM/help/skipChangeLog&quot; href=&quot;#&quot; class=&quot;help-button&quot; tabindex=&quot;9999&quot;&gt;&lt;img src=&quot;/static/ebda7158/images/16x16/help.png&quot; alt=&quot;Help for feature: Skip Changelog&quot; style=&quot;width: 16px; height: 16px; &quot; class=&quot;icon-help icon-sm&quot;&gt;&lt;/a&gt;&lt;/td&gt;&lt;/tr&gt;&lt;tr class=&quot;validation-error-area&quot; nameref=&quot;radio-block-10&quot; style=&quot;display: none;&quot;&gt;&lt;td colspan=&quot;2&quot;&gt;&lt;/td&gt;&lt;td&gt;&lt;/td&gt;&lt;td&gt;&lt;/td&gt;&lt;/tr&gt;&lt;tr class=&quot;help-area&quot; nameref=&quot;radio-block-10&quot; style=&quot;display: none;&quot;&gt;&lt;td&gt;&lt;/td&gt;&lt;td colspan=&quot;2&quot;&gt;&lt;div class=&quot;help&quot;&gt;Loading...&lt;/div&gt;&lt;/td&gt;&lt;td&gt;&lt;/td&gt;&lt;/tr&gt;&lt;tr nameref=&quot;radio-block-10&quot; style=&quot;display: none;&quot;&gt;&lt;td class=&quot;setting-leftspace&quot;&gt;&amp;nbsp;&lt;/td&gt;&lt;td class=&quot;setting-name&quot;&gt;Show all CVS output&lt;/td&gt;&lt;td class=&quot;setting-main&quot;&gt;&lt;input name=&quot;_.disableCvsQuiet&quot; type=&quot;checkbox&quot; class=&quot; &quot;&gt;&lt;/td&gt;&lt;td class=&quot;setting-help&quot;&gt;&lt;a helpurl=&quot;/descriptor/hudson.scm.CVSSCM/help/disableCvsQuiet&quot; href=&quot;#&quot; class=&quot;help-button&quot; tabindex=&quot;9999&quot;&gt;&lt;img src=&quot;/static/ebda7158/images/16x16/help.png&quot; alt=&quot;Help for feature: Show all CVS output&quot; style=&quot;width: 16px; height: 16px; &quot; class=&quot;icon-help icon-sm&quot;&gt;&lt;/a&gt;&lt;/td&gt;&lt;/tr&gt;&lt;tr class=&quot;validation-error-area&quot; nameref=&quot;radio-block-10&quot; style=&quot;display: none;&quot;&gt;&lt;td colspan=&quot;2&quot;&gt;&lt;/td&gt;&lt;td&gt;&lt;/td&gt;&lt;td&gt;&lt;/td&gt;&lt;/tr&gt;&lt;tr class=&quot;help-area&quot; nameref=&quot;radio-block-10&quot; style=&quot;display: none;&quot;&gt;&lt;td&gt;&lt;/td&gt;&lt;td colspan=&quot;2&quot;&gt;&lt;div class=&quot;help&quot;&gt;Loading...&lt;/div&gt;&lt;/td&gt;&lt;td&gt;&lt;/td&gt;&lt;/tr&gt;&lt;tr nameref=&quot;radio-block-10&quot; style=&quot;display: none;&quot;&gt;&lt;td class=&quot;setting-leftspace&quot;&gt;&amp;nbsp;&lt;/td&gt;&lt;td class=&quot;setting-name&quot;&gt;Perform clean checkout on failed update&lt;/td&gt;&lt;td class=&quot;setting-main&quot;&gt;&lt;input name=&quot;_.cleanOnFailedUpdate&quot; type=&quot;checkbox&quot; class=&quot; &quot;&gt;&lt;/td&gt;&lt;td class=&quot;setting-help&quot;&gt;&lt;a helpurl=&quot;/descriptor/hudson.scm.CVSSCM/help/cleanOnFailedUpdate&quot; href=&quot;#&quot; class=&quot;help-button&quot; tabindex=&quot;9999&quot;&gt;&lt;img src=&quot;/static/ebda7158/images/16x16/help.png&quot; alt=&quot;Help for feature: Perform clean checkout on failed update&quot; style=&quot;width: 16px; height: 16px; &quot; class=&quot;icon-help icon-sm&quot;&gt;&lt;/a&gt;&lt;/td&gt;&lt;/tr&gt;&lt;tr class=&quot;validation-error-area&quot; nameref=&quot;radio-block-10&quot; style=&quot;display: none;&quot;&gt;&lt;td colspan=&quot;2&quot;&gt;&lt;/td&gt;&lt;td&gt;&lt;/td&gt;&lt;td&gt;&lt;/td&gt;&lt;/tr&gt;&lt;tr class=&quot;help-area&quot; nameref=&quot;radio-block-10&quot; style=&quot;display: none;&quot;&gt;&lt;td&gt;&lt;/td&gt;&lt;td colspan=&quot;2&quot;&gt;&lt;div class=&quot;help&quot;&gt;Loading...&lt;/div&gt;&lt;/td&gt;&lt;td&gt;&lt;/td&gt;&lt;/tr&gt;&lt;tr nameref=&quot;radio-block-10&quot; style=&quot;display: none;&quot;&gt;&lt;td class=&quot;setting-leftspace&quot;&gt;&amp;nbsp;&lt;/td&gt;&lt;td class=&quot;setting-name&quot;&gt;Force clean copy for locally modified files&lt;/td&gt;&lt;td class=&quot;setting-main&quot;&gt;&lt;input name=&quot;_.forceCleanCopy&quot; type=&quot;checkbox&quot; class=&quot; &quot;&gt;&lt;/td&gt;&lt;td class=&quot;setting-help&quot;&gt;&lt;a helpurl=&quot;/descriptor/hudson.scm.CVSSCM/help/forceCleanCopy&quot; href=&quot;#&quot; class=&quot;help-button&quot; tabindex=&quot;9999&quot;&gt;&lt;img src=&quot;/static/ebda7158/images/16x16/help.png&quot; alt=&quot;Help for feature: Force clean copy for locally modified files&quot; style=&quot;width: 16px; height: 16px; &quot; class=&quot;icon-help icon-sm&quot;&gt;&lt;/a&gt;&lt;/td&gt;&lt;/tr&gt;&lt;tr class=&quot;validation-error-area&quot; nameref=&quot;radio-block-10&quot; style=&quot;display: none;&quot;&gt;&lt;td colspan=&quot;2&quot;&gt;&lt;/td&gt;&lt;td&gt;&lt;/td&gt;&lt;td&gt;&lt;/td&gt;&lt;/tr&gt;&lt;tr class=&quot;help-area&quot; nameref=&quot;radio-block-10&quot; style=&quot;display: none;&quot;&gt;&lt;td&gt;&lt;/td&gt;&lt;td colspan=&quot;2&quot;&gt;&lt;div class=&quot;help&quot;&gt;Loading...&lt;/div&gt;&lt;/td&gt;&lt;td&gt;&lt;/td&gt;&lt;/tr&gt;&lt;tr style=&quot;display:none&quot; class=&quot;row-set-end radio-block-end&quot;&gt;&lt;/tr&gt;&lt;tr class=&quot;radio-block-start row-set-start&quot; hashelp=&quot;false&quot; ref=&quot;radio-block-11&quot;&gt;&lt;td colspan=&quot;3&quot;&gt;&lt;label&gt;&lt;input name=&quot;scm&quot; type=&quot;radio&quot; value=&quot;2&quot; class=&quot;radio-block-control&quot; id=&quot;radio-block-11&quot; path=&quot;/scm[2]&quot;&gt;&#10;        CVS Projectset&#10;      &lt;/label&gt;&lt;/td&gt;&lt;td class=&quot;setting-no-help&quot;&gt;&lt;/td&gt;&lt;/tr&gt;&lt;tr nameref=&quot;radio-block-11&quot; style=&quot;display: none;&quot;&gt;&lt;td class=&quot;setting-leftspace&quot;&gt;&amp;nbsp;&lt;/td&gt;&lt;td class=&quot;setting-name&quot;&gt;&lt;/td&gt;&lt;td class=&quot;setting-main&quot;&gt;&lt;div class=&quot;repeated-container&quot;&gt;&lt;div name=&quot;repositories&quot; class=&quot;repeated-chunk first last only&quot;&gt;&lt;table style=&quot;width:100%&quot;&gt;&lt;tbody&gt;&lt;tr&gt;&lt;td class=&quot;setting-leftspace&quot;&gt;&amp;nbsp;&lt;/td&gt;&lt;td class=&quot;setting-name&quot;&gt;CVSROOT&lt;/td&gt;&lt;td class=&quot;setting-main&quot;&gt;&#10;   &#10;&#10;  &#10;  &lt;input checkdependson=&quot;&quot; checkurl=&quot;/job/viewed_job/descriptorByName/hudson.scm.CvsRepository/checkCvsRoot&quot; name=&quot;_.cvsRoot&quot; type=&quot;text&quot; class=&quot;setting-input validated  &quot; value=&quot;&quot;&gt;&lt;/td&gt;&lt;td class=&quot;setting-help&quot;&gt;&lt;a helpurl=&quot;/descriptor/hudson.scm.CvsRepository/help/cvsRoot&quot; href=&quot;#&quot; class=&quot;help-button&quot; tabindex=&quot;9999&quot;&gt;&lt;img src=&quot;/static/ebda7158/images/16x16/help.png&quot; alt=&quot;Help for feature: CVSROOT&quot; style=&quot;width: 16px; height: 16px; &quot; class=&quot;icon-help icon-sm&quot;&gt;&lt;/a&gt;&lt;/td&gt;&lt;/tr&gt;&lt;tr class=&quot;validation-error-area&quot;&gt;&lt;td colspan=&quot;2&quot;&gt;&lt;/td&gt;&lt;td&gt;&lt;div class=&quot;error&quot;&gt;&lt;img src=&quot;/static/ebda7158/images/none.gif&quot; height=&quot;16&quot; width=&quot;1&quot;&gt;CVSROOT is mandatory&lt;/div&gt;&lt;/td&gt;&lt;td&gt;&lt;/td&gt;&lt;/tr&gt;&lt;tr class=&quot;help-area&quot;&gt;&lt;td&gt;&lt;/td&gt;&lt;td colspan=&quot;2&quot;&gt;&lt;div class=&quot;help&quot;&gt;Loading...&lt;/div&gt;&lt;/td&gt;&lt;td&gt;&lt;/td&gt;&lt;/tr&gt;&lt;tr class=&quot;optional-block-start &quot; hashelp=&quot;false&quot; ref=&quot;cb26&quot;&gt;&lt;td colspan=&quot;3&quot;&gt;&lt;input onclick=&quot;javascript:updateOptionalBlock(this,true)&quot; name=&quot;passwordRequired&quot; type=&quot;checkbox&quot; class=&quot; &quot; id=&quot;cb26&quot;&gt;&lt;label class=&quot;attach-previous&quot;&gt;This Connection Requires A Password&lt;/label&gt;&lt;/td&gt;&lt;td class=&quot;setting-no-help&quot;&gt;&lt;/td&gt;&lt;/tr&gt;&lt;tr class=&quot;rowvg-start&quot; style=&quot;display: none;&quot;&gt;&lt;/tr&gt;&lt;tr style=&quot;display: none;&quot;&gt;&lt;td class=&quot;setting-leftspace&quot;&gt;&amp;nbsp;&lt;/td&gt;&lt;td class=&quot;setting-name&quot;&gt;Password&lt;/td&gt;&lt;td class=&quot;setting-main&quot;&gt;&lt;input name=&quot;_.password&quot; type=&quot;password&quot; class=&quot;setting-input &quot; value=&quot;&quot;&gt;&lt;/td&gt;&lt;td class=&quot;setting-no-help&quot;&gt;&lt;/td&gt;&lt;/tr&gt;&lt;tr class=&quot;validation-error-area&quot; style=&quot;display: none;&quot;&gt;&lt;td colspan=&quot;2&quot;&gt;&lt;/td&gt;&lt;td&gt;&lt;/td&gt;&lt;td&gt;&lt;/td&gt;&lt;/tr&gt;&lt;tr class=&quot; rowvg-end optional-block-end&quot;&gt;&lt;/tr&gt;&lt;tr&gt;&lt;td class=&quot;setting-leftspace&quot;&gt;&amp;nbsp;&lt;/td&gt;&lt;td class=&quot;setting-name&quot;&gt;&lt;/td&gt;&lt;td class=&quot;setting-main&quot;&gt;&lt;div class=&quot;repeated-container&quot;&gt;&lt;div name=&quot;repositoryItems&quot; class=&quot;repeated-chunk first last only&quot;&gt;&lt;table style=&quot;width:100%&quot;&gt;&lt;tbody&gt;&lt;tr&gt;&lt;td class=&quot;setting-leftspace&quot;&gt;&amp;nbsp;&lt;/td&gt;&lt;td class=&quot;setting-name&quot;&gt;Location&lt;/td&gt;&lt;td class=&quot;setting-main&quot;&gt;&lt;select class=&quot;setting-input dropdownList&quot;&gt;&lt;option value=&quot;0&quot;&gt;Branch&lt;/option&gt;&lt;option value=&quot;1&quot; selected=&quot;true&quot;&gt;Head&lt;/option&gt;&lt;option value=&quot;2&quot;&gt;Tag&lt;/option&gt;&lt;/select&gt;&lt;/td&gt;&lt;td class=&quot;setting-no-help&quot;&gt;&lt;/td&gt;&lt;/tr&gt;&lt;tr class=&quot;dropdownList-container&quot;&gt;&lt;td colspan=&quot;2&quot;&gt;&lt;/td&gt;&lt;td colspan=&quot;2&quot;&gt;&lt;table width=&quot;100%&quot; name=&quot;location&quot;&gt;&lt;tbody&gt;&lt;tr class=&quot;dropdownList-start rowvg-start&quot; field-disabled=&quot;true&quot; style=&quot;display: none;&quot;&gt;&lt;/tr&gt;&lt;tr field-disabled=&quot;true&quot; style=&quot;display: none;&quot;&gt;&lt;td class=&quot;setting-leftspace&quot;&gt;&amp;nbsp;&lt;/td&gt;&lt;td class=&quot;setting-name&quot;&gt;Branch Name&lt;/td&gt;&lt;td class=&quot;setting-main&quot;&gt;&#10;   &#10;&#10;  &#10;  &lt;input name=&quot;_.branchName&quot; type=&quot;text&quot; class=&quot;setting-input   &quot; value=&quot;&quot;&gt;&lt;/td&gt;&lt;td class=&quot;setting-no-help&quot;&gt;&lt;/td&gt;&lt;/tr&gt;&lt;tr class=&quot;validation-error-area&quot; field-disabled=&quot;true&quot; style=&quot;display: none;&quot;&gt;&lt;td colspan=&quot;2&quot;&gt;&lt;/td&gt;&lt;td&gt;&lt;/td&gt;&lt;td&gt;&lt;/td&gt;&lt;/tr&gt;&lt;tr field-disabled=&quot;true&quot; style=&quot;display: none;&quot;&gt;&lt;td class=&quot;setting-leftspace&quot;&gt;&amp;nbsp;&lt;/td&gt;&lt;td class=&quot;setting-name&quot;&gt;Use Head If Not Found&lt;/td&gt;&lt;td class=&quot;setting-main&quot;&gt;&lt;input name=&quot;_.useHeadIfNotFound&quot; type=&quot;checkbox&quot; class=&quot; &quot;&gt;&lt;/td&gt;&lt;td class=&quot;setting-no-help&quot;&gt;&lt;/td&gt;&lt;/tr&gt;&lt;tr class=&quot;validation-error-area&quot; field-disabled=&quot;true&quot; style=&quot;display: none;&quot;&gt;&lt;td colspan=&quot;2&quot;&gt;&lt;/td&gt;&lt;td&gt;&lt;/td&gt;&lt;td&gt;&lt;/td&gt;&lt;/tr&gt;&lt;tr style=&quot;display: none;&quot; field-disabled=&quot;true&quot;&gt;&lt;td&gt;&lt;input name=&quot;stapler-class&quot; type=&quot;hidden&quot; value=&quot;hudson.scm.CvsRepositoryLocation$BranchRepositoryLocation&quot;&gt;&lt;input name=&quot;$class&quot; type=&quot;hidden&quot; value=&quot;hudson.scm.CvsRepositoryLocation$BranchRepositoryLocation&quot;&gt;&lt;/td&gt;&lt;/tr&gt;&lt;tr class=&quot;dropdownList-end rowvg-end&quot;&gt;&lt;/tr&gt;&lt;tr class=&quot;dropdownList-start rowvg-start&quot;&gt;&lt;/tr&gt;&lt;tr style=&quot;&quot;&gt;&lt;td&gt;&lt;input name=&quot;stapler-class&quot; type=&quot;hidden&quot; value=&quot;hudson.scm.CvsRepositoryLocation$HeadRepositoryLocation&quot;&gt;&lt;input name=&quot;$class&quot; type=&quot;hidden&quot; value=&quot;hudson.scm.CvsRepositoryLocation$HeadRepositoryLocation&quot;&gt;&lt;/td&gt;&lt;/tr&gt;&lt;tr class=&quot;dropdownList-end rowvg-end&quot;&gt;&lt;/tr&gt;&lt;tr class=&quot;dropdownList-start rowvg-start&quot; field-disabled=&quot;true&quot; style=&quot;display: none;&quot;&gt;&lt;/tr&gt;&lt;tr field-disabled=&quot;true&quot; style=&quot;display: none;&quot;&gt;&lt;td class=&quot;setting-leftspace&quot;&gt;&amp;nbsp;&lt;/td&gt;&lt;td class=&quot;setting-name&quot;&gt;Tag Name&lt;/td&gt;&lt;td class=&quot;setting-main&quot;&gt;&#10;   &#10;&#10;  &#10;  &lt;input name=&quot;_.tagName&quot; type=&quot;text&quot; class=&quot;setting-input   &quot; value=&quot;&quot;&gt;&lt;/td&gt;&lt;td class=&quot;setting-no-help&quot;&gt;&lt;/td&gt;&lt;/tr&gt;&lt;tr class=&quot;validation-error-area&quot; field-disabled=&quot;true&quot; style=&quot;display: none;&quot;&gt;&lt;td colspan=&quot;2&quot;&gt;&lt;/td&gt;&lt;td&gt;&lt;/td&gt;&lt;td&gt;&lt;/td&gt;&lt;/tr&gt;&lt;tr field-disabled=&quot;true&quot; style=&quot;display: none;&quot;&gt;&lt;td class=&quot;setting-leftspace&quot;&gt;&amp;nbsp;&lt;/td&gt;&lt;td class=&quot;setting-name&quot;&gt;Use Head If Not Found&lt;/td&gt;&lt;td class=&quot;setting-main&quot;&gt;&lt;input name=&quot;_.useHeadIfNotFound&quot; type=&quot;checkbox&quot; class=&quot; &quot;&gt;&lt;/td&gt;&lt;td class=&quot;setting-no-help&quot;&gt;&lt;/td&gt;&lt;/tr&gt;&lt;tr class=&quot;validation-error-area&quot; field-disabled=&quot;true&quot; style=&quot;display: none;&quot;&gt;&lt;td colspan=&quot;2&quot;&gt;&lt;/td&gt;&lt;td&gt;&lt;/td&gt;&lt;td&gt;&lt;/td&gt;&lt;/tr&gt;&lt;tr style=&quot;display: none;&quot; field-disabled=&quot;true&quot;&gt;&lt;td&gt;&lt;input name=&quot;stapler-class&quot; type=&quot;hidden&quot; value=&quot;hudson.scm.CvsRepositoryLocation$TagRepositoryLocation&quot;&gt;&lt;input name=&quot;$class&quot; type=&quot;hidden&quot; value=&quot;hudson.scm.CvsRepositoryLocation$TagRepositoryLocation&quot;&gt;&lt;/td&gt;&lt;/tr&gt;&lt;tr class=&quot;dropdownList-end rowvg-end&quot;&gt;&lt;/tr&gt;&lt;/tbody&gt;&lt;/table&gt;&lt;/td&gt;&lt;/tr&gt;&lt;tr&gt;&lt;td class=&quot;setting-leftspace&quot;&gt;&amp;nbsp;&lt;/td&gt;&lt;td class=&quot;setting-name&quot;&gt;Modules&lt;/td&gt;&lt;td class=&quot;setting-main&quot;&gt;&lt;div class=&quot;repeated-container&quot;&gt;&lt;div name=&quot;modules&quot; class=&quot;repeated-chunk first last only&quot;&gt;&lt;table style=&quot;width:100%&quot;&gt;&lt;tbody&gt;&lt;tr&gt;&lt;td class=&quot;setting-leftspace&quot;&gt;&amp;nbsp;&lt;/td&gt;&lt;td class=&quot;setting-name&quot;&gt;Remote Name&lt;/td&gt;&lt;td class=&quot;setting-main&quot;&gt;&#10;   &#10;&#10;  &#10;  &lt;input checkdependson=&quot;&quot; checkurl=&quot;/job/viewed_job/descriptorByName/hudson.scm.CvsModule/checkRemoteName&quot; name=&quot;_.remoteName&quot; type=&quot;text&quot; class=&quot;setting-input validated  &quot; value=&quot;&quot;&gt;&lt;/td&gt;&lt;td class=&quot;setting-help&quot;&gt;&lt;a helpurl=&quot;/descriptor/hudson.scm.CvsModule/help/remoteName&quot; href=&quot;#&quot; class=&quot;help-button&quot; tabindex=&quot;9999&quot;&gt;&lt;img src=&quot;/static/ebda7158/images/16x16/help.png&quot; alt=&quot;Help for feature: Remote Name&quot; style=&quot;width: 16px; height: 16px; &quot; class=&quot;icon-help icon-sm&quot;&gt;&lt;/a&gt;&lt;/td&gt;&lt;/tr&gt;&lt;tr class=&quot;validation-error-area&quot;&gt;&lt;td colspan=&quot;2&quot;&gt;&lt;/td&gt;&lt;td&gt;&lt;div class=&quot;error&quot;&gt;&lt;img src=&quot;/static/ebda7158/images/none.gif&quot; height=&quot;16&quot; width=&quot;1&quot;&gt;Remote Name is mandatory&lt;/div&gt;&lt;/td&gt;&lt;td&gt;&lt;/td&gt;&lt;/tr&gt;&lt;tr class=&quot;help-area&quot;&gt;&lt;td&gt;&lt;/td&gt;&lt;td colspan=&quot;2&quot;&gt;&lt;div class=&quot;help&quot;&gt;Loading...&lt;/div&gt;&lt;/td&gt;&lt;td&gt;&lt;/td&gt;&lt;/tr&gt;&lt;tr&gt;&lt;td class=&quot;setting-leftspace&quot;&gt;&amp;nbsp;&lt;/td&gt;&lt;td class=&quot;setting-name&quot;&gt;Local Name&lt;/td&gt;&lt;td class=&quot;setting-main&quot;&gt;&#10;   &#10;&#10;  &#10;  &lt;input name=&quot;_.localName&quot; type=&quot;text&quot; class=&quot;setting-input   &quot; value=&quot;&quot;&gt;&lt;/td&gt;&lt;td class=&quot;setting-help&quot;&gt;&lt;a helpurl=&quot;/descriptor/hudson.scm.CvsModule/help/localName&quot; href=&quot;#&quot; class=&quot;help-button&quot; tabindex=&quot;9999&quot;&gt;&lt;img src=&quot;/static/ebda7158/images/16x16/help.png&quot; alt=&quot;Help for feature: Local Name&quot; style=&quot;width: 16px; height: 16px; &quot; class=&quot;icon-help icon-sm&quot;&gt;&lt;/a&gt;&lt;/td&gt;&lt;/tr&gt;&lt;tr class=&quot;validation-error-area&quot;&gt;&lt;td colspan=&quot;2&quot;&gt;&lt;/td&gt;&lt;td&gt;&lt;/td&gt;&lt;td&gt;&lt;/td&gt;&lt;/tr&gt;&lt;tr class=&quot;help-area&quot;&gt;&lt;td&gt;&lt;/td&gt;&lt;td colspan=&quot;2&quot;&gt;&lt;div class=&quot;help&quot;&gt;Loading...&lt;/div&gt;&lt;/td&gt;&lt;td&gt;&lt;/td&gt;&lt;/tr&gt;&lt;tr&gt;&lt;td class=&quot;setting-leftspace&quot;&gt;&amp;nbsp;&lt;/td&gt;&lt;td class=&quot;setting-name&quot;&gt;Projectset File Name&lt;/td&gt;&lt;td class=&quot;setting-main&quot;&gt;&#10;   &#10;&#10;  &#10;  &lt;input checkdependson=&quot;&quot; checkurl=&quot;/job/viewed_job/descriptorByName/hudson.scm.CvsModule/checkProjectsetFileName&quot; name=&quot;_.projectsetFileName&quot; type=&quot;text&quot; class=&quot;setting-input validated  &quot; value=&quot;&quot;&gt;&lt;/td&gt;&lt;td class=&quot;setting-help&quot;&gt;&lt;a helpurl=&quot;/descriptor/hudson.scm.CvsModule/help/projectsetFileName&quot; href=&quot;#&quot; class=&quot;help-button&quot; tabindex=&quot;9999&quot;&gt;&lt;img src=&quot;/static/ebda7158/images/16x16/help.png&quot; alt=&quot;Help for feature: Projectset File Name&quot; style=&quot;width: 16px; height: 16px; &quot; class=&quot;icon-help icon-sm&quot;&gt;&lt;/a&gt;&lt;/td&gt;&lt;/tr&gt;&lt;tr class=&quot;validation-error-area&quot;&gt;&lt;td colspan=&quot;2&quot;&gt;&lt;/td&gt;&lt;td&gt;&lt;div class=&quot;error&quot;&gt;&lt;img src=&quot;/static/ebda7158/images/none.gif&quot; height=&quot;16&quot; width=&quot;1&quot;&gt;Projectset file name is mandatory&lt;/div&gt;&lt;/td&gt;&lt;td&gt;&lt;/td&gt;&lt;/tr&gt;&lt;tr class=&quot;help-area&quot;&gt;&lt;td&gt;&lt;/td&gt;&lt;td colspan=&quot;2&quot;&gt;&lt;div class=&quot;help&quot;&gt;Loading...&lt;/div&gt;&lt;/td&gt;&lt;td&gt;&lt;/td&gt;&lt;/tr&gt;&lt;tr&gt;&lt;td class=&quot;setting-leftspace&quot;&gt;&amp;nbsp;&lt;/td&gt;&lt;td class=&quot;setting-name&quot;&gt;&lt;/td&gt;&lt;td class=&quot;setting-main&quot;&gt;&lt;div align=&quot;right&quot;&gt;&lt;span class=&quot;yui-button yui-push-button repeatable-add show-if-last&quot; id=&quot;yui-gen16&quot;&gt;&lt;span class=&quot;first-child&quot;&gt;&lt;button type=&quot;button&quot; tabindex=&quot;0&quot; id=&quot;yui-gen16-button&quot;&gt;Add more modules...&lt;/button&gt;&lt;/span&gt;&lt;/span&gt;&lt;span class=&quot;yui-button yui-push-button repeatable-delete show-if-not-only&quot; id=&quot;yui-gen25&quot;&gt;&lt;span class=&quot;first-child&quot;&gt;&lt;button type=&quot;button&quot; tabindex=&quot;0&quot; id=&quot;yui-gen25-button&quot;&gt;Delete&lt;/button&gt;&lt;/span&gt;&lt;/span&gt;&lt;/div&gt;&lt;/td&gt;&lt;td class=&quot;setting-no-help&quot;&gt;&lt;/td&gt;&lt;/tr&gt;&lt;tr class=&quot;validation-error-area&quot;&gt;&lt;td colspan=&quot;2&quot;&gt;&lt;/td&gt;&lt;td&gt;&lt;/td&gt;&lt;td&gt;&lt;/td&gt;&lt;/tr&gt;&lt;/tbody&gt;&lt;/table&gt;&lt;/div&gt;&lt;div class=&quot;repeatable-insertion-point&quot;&gt;&lt;/div&gt;&lt;/div&gt;&lt;/td&gt;&lt;td class=&quot;setting-no-help&quot;&gt;&lt;/td&gt;&lt;/tr&gt;&lt;tr class=&quot;validation-error-area&quot;&gt;&lt;td colspan=&quot;2&quot;&gt;&lt;/td&gt;&lt;td&gt;&lt;/td&gt;&lt;td&gt;&lt;/td&gt;&lt;/tr&gt;&lt;tr&gt;&lt;td class=&quot;setting-leftspace&quot;&gt;&amp;nbsp;&lt;/td&gt;&lt;td class=&quot;setting-name&quot;&gt;&lt;/td&gt;&lt;td class=&quot;setting-main&quot;&gt;&lt;div align=&quot;right&quot;&gt;&lt;span class=&quot;yui-button yui-push-button repeatable-add show-if-last&quot; id=&quot;yui-gen17&quot;&gt;&lt;span class=&quot;first-child&quot;&gt;&lt;button type=&quot;button&quot; tabindex=&quot;0&quot; id=&quot;yui-gen17-button&quot;&gt;Add more locations...&lt;/button&gt;&lt;/span&gt;&lt;/span&gt;&lt;span class=&quot;yui-button yui-push-button repeatable-delete show-if-not-only&quot; id=&quot;yui-gen26&quot;&gt;&lt;span class=&quot;first-child&quot;&gt;&lt;button type=&quot;button&quot; tabindex=&quot;0&quot; id=&quot;yui-gen26-button&quot;&gt;Delete&lt;/button&gt;&lt;/span&gt;&lt;/span&gt;&lt;/div&gt;&lt;/td&gt;&lt;td class=&quot;setting-no-help&quot;&gt;&lt;/td&gt;&lt;/tr&gt;&lt;tr class=&quot;validation-error-area&quot;&gt;&lt;td colspan=&quot;2&quot;&gt;&lt;/td&gt;&lt;td&gt;&lt;/td&gt;&lt;td&gt;&lt;/td&gt;&lt;/tr&gt;&lt;/tbody&gt;&lt;/table&gt;&lt;/div&gt;&lt;div class=&quot;repeatable-insertion-point&quot;&gt;&lt;/div&gt;&lt;/div&gt;&lt;/td&gt;&lt;td class=&quot;setting-no-help&quot;&gt;&lt;/td&gt;&lt;/tr&gt;&lt;tr class=&quot;validation-error-area&quot;&gt;&lt;td colspan=&quot;2&quot;&gt;&lt;/td&gt;&lt;td&gt;&lt;/td&gt;&lt;td&gt;&lt;/td&gt;&lt;/tr&gt;&lt;tr&gt;&lt;td&gt;&lt;/td&gt;&lt;td&gt;&lt;/td&gt;&lt;td&gt;&lt;div style=&quot;&quot; class=&quot;advancedLink&quot;&gt;&lt;span style=&quot;display: none&quot; id=&quot;id24&quot;&gt;&lt;img src=&quot;/static/ebda7158/images/24x24/notepad.png&quot; tooltip=&quot;One or more fields in this block have been edited.&quot; style=&quot;width: 24px; height: 24px; vertical-align: baseline&quot; class=&quot;icon-notepad icon-md&quot; title=&quot;One or more fields in this block have been edited.&quot;&gt;&lt;/span&gt;&amp;nbsp;&lt;span class=&quot;yui-button yui-push-button advanced-button advancedButton&quot; id=&quot;yui-gen9&quot;&gt;&lt;span class=&quot;first-child&quot;&gt;&lt;button type=&quot;button&quot; tabindex=&quot;0&quot; id=&quot;yui-gen9-button&quot;&gt;Advanced...&lt;/button&gt;&lt;/span&gt;&lt;/span&gt;&lt;/div&gt;&lt;table class=&quot;advancedBody&quot;&gt;&lt;tbody&gt;&lt;tr&gt;&lt;td colspan=&quot;4&quot;&gt;&lt;div class=&quot;section-header&quot;&gt;&lt;a id=&quot;section5&quot; class=&quot;section-anchor&quot;&gt;#&lt;/a&gt;Advanced Repository Options&lt;/div&gt;&lt;/td&gt;&lt;/tr&gt;&lt;tr&gt;&lt;td class=&quot;setting-leftspace&quot;&gt;&amp;nbsp;&lt;/td&gt;&lt;td class=&quot;setting-name&quot;&gt;Repository browser&lt;/td&gt;&lt;td class=&quot;setting-main&quot;&gt;&lt;select class=&quot;setting-input dropdownList&quot;&gt;&lt;option value=&quot;auto&quot;&gt;(Auto)&lt;/option&gt;&lt;option value=&quot;0&quot;&gt;FishEye&lt;/option&gt;&lt;option value=&quot;1&quot;&gt;OpenGrok&lt;/option&gt;&lt;option value=&quot;2&quot;&gt;ViewCVS&lt;/option&gt;&lt;/select&gt;&lt;/td&gt;&lt;td class=&quot;setting-help&quot;&gt;&lt;a helpurl=&quot;/help/scm-browsers/list.html&quot; href=&quot;#&quot; class=&quot;help-button&quot; tabindex=&quot;9999&quot;&gt;&lt;img src=&quot;/static/ebda7158/images/16x16/help.png&quot; alt=&quot;Help for feature: Repository browser&quot; style=&quot;width: 16px; height: 16px; &quot; class=&quot;icon-help icon-sm&quot;&gt;&lt;/a&gt;&lt;/td&gt;&lt;/tr&gt;&lt;tr class=&quot;dropdownList-container&quot;&gt;&lt;td colspan=&quot;2&quot;&gt;&lt;/td&gt;&lt;td colspan=&quot;2&quot;&gt;&lt;table width=&quot;100%&quot; name=&quot;repositoryBrowser&quot;&gt;&lt;tbody&gt;&lt;tr class=&quot;dropdownList-start rowvg-start&quot;&gt;&lt;/tr&gt;&lt;tr class=&quot;dropdownList-end rowvg-end&quot;&gt;&lt;/tr&gt;&lt;tr class=&quot;dropdownList-start rowvg-start&quot; field-disabled=&quot;true&quot; style=&quot;display: none;&quot;&gt;&lt;/tr&gt;&lt;tr class=&quot;render-on-demand &quot; proxy=&quot;makeStaplerProxy(&apos;/$stapler/bound/966fa1a1-82f3-42e6-9080-687293d232a2&apos;,&apos;5e2a10a9-ca1f-465a-b045-b67e5d5c0165&apos;,[&apos;render&apos;])&quot; field-disabled=&quot;true&quot; style=&quot;display: none;&quot;&gt;&lt;/tr&gt;&lt;tr style=&quot;display: none;&quot; field-disabled=&quot;true&quot;&gt;&lt;td&gt;&lt;input name=&quot;stapler-class&quot; type=&quot;hidden&quot; value=&quot;hudson.scm.browsers.FishEyeCVS&quot;&gt;&lt;input name=&quot;$class&quot; type=&quot;hidden&quot; value=&quot;hudson.scm.browsers.FishEyeCVS&quot;&gt;&lt;/td&gt;&lt;/tr&gt;&lt;tr class=&quot;dropdownList-end rowvg-end&quot;&gt;&lt;/tr&gt;&lt;tr class=&quot;dropdownList-start rowvg-start&quot; field-disabled=&quot;true&quot; style=&quot;display: none;&quot;&gt;&lt;/tr&gt;&lt;tr class=&quot;render-on-demand &quot; proxy=&quot;makeStaplerProxy(&apos;/$stapler/bound/8583a5f6-aada-4dcc-b743-96ed88177b31&apos;,&apos;5e2a10a9-ca1f-465a-b045-b67e5d5c0165&apos;,[&apos;render&apos;])&quot; field-disabled=&quot;true&quot; style=&quot;display: none;&quot;&gt;&lt;/tr&gt;&lt;tr style=&quot;display: none;&quot; field-disabled=&quot;true&quot;&gt;&lt;td&gt;&lt;input name=&quot;stapler-class&quot; type=&quot;hidden&quot; value=&quot;hudson.scm.browsers.OpenGrok&quot;&gt;&lt;input name=&quot;$class&quot; type=&quot;hidden&quot; value=&quot;hudson.scm.browsers.OpenGrok&quot;&gt;&lt;/td&gt;&lt;/tr&gt;&lt;tr class=&quot;dropdownList-end rowvg-end&quot;&gt;&lt;/tr&gt;&lt;tr class=&quot;dropdownList-start rowvg-start&quot; field-disabled=&quot;true&quot; style=&quot;display: none;&quot;&gt;&lt;/tr&gt;&lt;tr class=&quot;render-on-demand &quot; proxy=&quot;makeStaplerProxy(&apos;/$stapler/bound/b0e49dd8-d399-4983-a04e-6f0874142578&apos;,&apos;5e2a10a9-ca1f-465a-b045-b67e5d5c0165&apos;,[&apos;render&apos;])&quot; field-disabled=&quot;true&quot; style=&quot;display: none;&quot;&gt;&lt;/tr&gt;&lt;tr style=&quot;display: none;&quot; field-disabled=&quot;true&quot;&gt;&lt;td&gt;&lt;input name=&quot;stapler-class&quot; type=&quot;hidden&quot; value=&quot;hudson.scm.browsers.ViewCVS&quot;&gt;&lt;input name=&quot;$class&quot; type=&quot;hidden&quot; value=&quot;hudson.scm.browsers.ViewCVS&quot;&gt;&lt;/td&gt;&lt;/tr&gt;&lt;tr class=&quot;dropdownList-end rowvg-end&quot;&gt;&lt;/tr&gt;&lt;/tbody&gt;&lt;/table&gt;&lt;/td&gt;&lt;/tr&gt;&lt;tr class=&quot;help-area&quot;&gt;&lt;td&gt;&lt;/td&gt;&lt;td colspan=&quot;2&quot;&gt;&lt;div class=&quot;help&quot;&gt;Loading...&lt;/div&gt;&lt;/td&gt;&lt;td&gt;&lt;/td&gt;&lt;/tr&gt;&lt;tr&gt;&lt;td class=&quot;setting-leftspace&quot;&gt;&amp;nbsp;&lt;/td&gt;&lt;td class=&quot;setting-name&quot;&gt;Exclude Regions&lt;/td&gt;&lt;td class=&quot;setting-main&quot;&gt;&lt;div class=&quot;repeated-container&quot;&gt;&lt;div name=&quot;excludedRegions&quot; class=&quot;repeated-chunk first last only&quot;&gt;&lt;table style=&quot;width:100%&quot;&gt;&lt;tbody&gt;&lt;tr&gt;&lt;td class=&quot;setting-leftspace&quot;&gt;&amp;nbsp;&lt;/td&gt;&lt;td class=&quot;setting-name&quot;&gt;Pattern&lt;/td&gt;&lt;td class=&quot;setting-main&quot;&gt;&#10;   &#10;&#10;  &#10;  &lt;input checkdependson=&quot;&quot; checkurl=&quot;/job/viewed_job/descriptorByName/hudson.scm.ExcludedRegion/checkPattern&quot; name=&quot;_.pattern&quot; type=&quot;text&quot; class=&quot;setting-input validated  &quot; value=&quot;&quot;&gt;&lt;/td&gt;&lt;td class=&quot;setting-no-help&quot;&gt;&lt;/td&gt;&lt;/tr&gt;&lt;tr class=&quot;validation-error-area&quot;&gt;&lt;td colspan=&quot;2&quot;&gt;&lt;/td&gt;&lt;td&gt;&lt;div&gt;&lt;/div&gt;&lt;/td&gt;&lt;td&gt;&lt;/td&gt;&lt;/tr&gt;&lt;tr&gt;&lt;td class=&quot;setting-leftspace&quot;&gt;&amp;nbsp;&lt;/td&gt;&lt;td class=&quot;setting-name&quot;&gt;&lt;/td&gt;&lt;td class=&quot;setting-main&quot;&gt;&lt;div align=&quot;right&quot;&gt;&lt;span class=&quot;yui-button yui-push-button repeatable-add show-if-last&quot; id=&quot;yui-gen18&quot;&gt;&lt;span class=&quot;first-child&quot;&gt;&lt;button type=&quot;button&quot; tabindex=&quot;0&quot; id=&quot;yui-gen18-button&quot;&gt;Add more patterns...&lt;/button&gt;&lt;/span&gt;&lt;/span&gt;&lt;span class=&quot;yui-button yui-push-button repeatable-delete show-if-not-only&quot; id=&quot;yui-gen27&quot;&gt;&lt;span class=&quot;first-child&quot;&gt;&lt;button type=&quot;button&quot; tabindex=&quot;0&quot; id=&quot;yui-gen27-button&quot;&gt;Delete&lt;/button&gt;&lt;/span&gt;&lt;/span&gt;&lt;/div&gt;&lt;/td&gt;&lt;td class=&quot;setting-no-help&quot;&gt;&lt;/td&gt;&lt;/tr&gt;&lt;tr class=&quot;validation-error-area&quot;&gt;&lt;td colspan=&quot;2&quot;&gt;&lt;/td&gt;&lt;td&gt;&lt;/td&gt;&lt;td&gt;&lt;/td&gt;&lt;/tr&gt;&lt;/tbody&gt;&lt;/table&gt;&lt;/div&gt;&lt;div class=&quot;repeatable-insertion-point&quot;&gt;&lt;/div&gt;&lt;/div&gt;&lt;/td&gt;&lt;td class=&quot;setting-no-help&quot;&gt;&lt;/td&gt;&lt;/tr&gt;&lt;tr class=&quot;validation-error-area&quot;&gt;&lt;td colspan=&quot;2&quot;&gt;&lt;/td&gt;&lt;td&gt;&lt;/td&gt;&lt;td&gt;&lt;/td&gt;&lt;/tr&gt;&lt;tr&gt;&lt;td class=&quot;setting-leftspace&quot;&gt;&amp;nbsp;&lt;/td&gt;&lt;td class=&quot;setting-name&quot;&gt;Compression Level&lt;/td&gt;&lt;td class=&quot;setting-main&quot;&gt;&#10;&#10;   &#10;  &lt;select fillurl=&quot;/job/viewed_job/descriptorByName/hudson.scm.CvsRepository/fillCompressionLevelItems&quot; name=&quot;_.compressionLevel&quot; class=&quot;setting-input  select &quot; value=&quot;&quot;&gt;&lt;option value=&quot;-1&quot;&gt;System Default&lt;/option&gt;&lt;option value=&quot;0&quot;&gt;None&lt;/option&gt;&lt;option value=&quot;1&quot;&gt;1&lt;/option&gt;&lt;option value=&quot;2&quot;&gt;2&lt;/option&gt;&lt;option value=&quot;3&quot;&gt;3 (Recommended)&lt;/option&gt;&lt;option value=&quot;4&quot;&gt;4&lt;/option&gt;&lt;option value=&quot;5&quot;&gt;5&lt;/option&gt;&lt;option value=&quot;6&quot;&gt;6&lt;/option&gt;&lt;option value=&quot;7&quot;&gt;7&lt;/option&gt;&lt;option value=&quot;8&quot;&gt;8&lt;/option&gt;&lt;option value=&quot;9&quot;&gt;9&lt;/option&gt;&lt;/select&gt;&lt;/td&gt;&lt;td class=&quot;setting-no-help&quot;&gt;&lt;/td&gt;&lt;/tr&gt;&lt;tr class=&quot;validation-error-area&quot;&gt;&lt;td colspan=&quot;2&quot;&gt;&lt;/td&gt;&lt;td&gt;&lt;/td&gt;&lt;td&gt;&lt;/td&gt;&lt;/tr&gt;&lt;/tbody&gt;&lt;/table&gt;&lt;/td&gt;&lt;td&gt;&lt;/td&gt;&lt;/tr&gt;&lt;tr&gt;&lt;td class=&quot;setting-leftspace&quot;&gt;&amp;nbsp;&lt;/td&gt;&lt;td class=&quot;setting-name&quot;&gt;&lt;/td&gt;&lt;td class=&quot;setting-main&quot;&gt;&lt;div align=&quot;right&quot;&gt;&lt;span class=&quot;yui-button yui-push-button repeatable-add show-if-last&quot; id=&quot;yui-gen19&quot;&gt;&lt;span class=&quot;first-child&quot;&gt;&lt;button type=&quot;button&quot; tabindex=&quot;0&quot; id=&quot;yui-gen19-button&quot;&gt;Add more repositories...&lt;/button&gt;&lt;/span&gt;&lt;/span&gt;&lt;span class=&quot;yui-button yui-push-button repeatable-delete show-if-not-only&quot; id=&quot;yui-gen28&quot;&gt;&lt;span class=&quot;first-child&quot;&gt;&lt;button type=&quot;button&quot; tabindex=&quot;0&quot; id=&quot;yui-gen28-button&quot;&gt;Delete&lt;/button&gt;&lt;/span&gt;&lt;/span&gt;&lt;/div&gt;&lt;/td&gt;&lt;td class=&quot;setting-no-help&quot;&gt;&lt;/td&gt;&lt;/tr&gt;&lt;tr class=&quot;validation-error-area&quot;&gt;&lt;td colspan=&quot;2&quot;&gt;&lt;/td&gt;&lt;td&gt;&lt;/td&gt;&lt;td&gt;&lt;/td&gt;&lt;/tr&gt;&lt;/tbody&gt;&lt;/table&gt;&lt;/div&gt;&lt;div class=&quot;repeatable-insertion-point&quot;&gt;&lt;/div&gt;&lt;/div&gt;&lt;/td&gt;&lt;td class=&quot;setting-no-help&quot;&gt;&lt;/td&gt;&lt;/tr&gt;&lt;tr class=&quot;validation-error-area&quot; nameref=&quot;radio-block-11&quot; style=&quot;display: none;&quot;&gt;&lt;td colspan=&quot;2&quot;&gt;&lt;/td&gt;&lt;td&gt;&lt;/td&gt;&lt;td&gt;&lt;/td&gt;&lt;/tr&gt;&lt;tr nameref=&quot;radio-block-11&quot; style=&quot;display: none;&quot;&gt;&lt;td class=&quot;setting-leftspace&quot;&gt;&amp;nbsp;&lt;/td&gt;&lt;td class=&quot;setting-name&quot;&gt;Use Update&lt;/td&gt;&lt;td class=&quot;setting-main&quot;&gt;&lt;input name=&quot;_.canUseUpdate&quot; checked=&quot;true&quot; type=&quot;checkbox&quot; class=&quot; &quot;&gt;&lt;/td&gt;&lt;td class=&quot;setting-help&quot;&gt;&lt;a helpurl=&quot;/descriptor/hudson.scm.CvsProjectset/help/canUseUpdate&quot; href=&quot;#&quot; class=&quot;help-button&quot; tabindex=&quot;9999&quot;&gt;&lt;img src=&quot;/static/ebda7158/images/16x16/help.png&quot; alt=&quot;Help for feature: Use Update&quot; style=&quot;width: 16px; height: 16px; &quot; class=&quot;icon-help icon-sm&quot;&gt;&lt;/a&gt;&lt;/td&gt;&lt;/tr&gt;&lt;tr class=&quot;validation-error-area&quot; nameref=&quot;radio-block-11&quot; style=&quot;display: none;&quot;&gt;&lt;td colspan=&quot;2&quot;&gt;&lt;/td&gt;&lt;td&gt;&lt;/td&gt;&lt;td&gt;&lt;/td&gt;&lt;/tr&gt;&lt;tr class=&quot;help-area&quot; nameref=&quot;radio-block-11&quot; style=&quot;display: none;&quot;&gt;&lt;td&gt;&lt;/td&gt;&lt;td colspan=&quot;2&quot;&gt;&lt;div class=&quot;help&quot;&gt;Loading...&lt;/div&gt;&lt;/td&gt;&lt;td&gt;&lt;/td&gt;&lt;/tr&gt;&lt;tr nameref=&quot;radio-block-11&quot; style=&quot;display: none;&quot;&gt;&lt;td class=&quot;setting-leftspace&quot;&gt;&amp;nbsp;&lt;/td&gt;&lt;td class=&quot;setting-name&quot;&gt;Username&lt;/td&gt;&lt;td class=&quot;setting-main&quot;&gt;&#10;   &#10;&#10;  &#10;  &lt;input name=&quot;_.username&quot; type=&quot;text&quot; class=&quot;setting-input   &quot; value=&quot;&quot;&gt;&lt;/td&gt;&lt;td class=&quot;setting-help&quot;&gt;&lt;a helpurl=&quot;/descriptor/hudson.scm.CvsProjectset/help/username&quot; href=&quot;#&quot; class=&quot;help-button&quot; tabindex=&quot;9999&quot;&gt;&lt;img src=&quot;/static/ebda7158/images/16x16/help.png&quot; alt=&quot;Help for feature: Username&quot; style=&quot;width: 16px; height: 16px; &quot; class=&quot;icon-help icon-sm&quot;&gt;&lt;/a&gt;&lt;/td&gt;&lt;/tr&gt;&lt;tr class=&quot;validation-error-area&quot; nameref=&quot;radio-block-11&quot; style=&quot;display: none;&quot;&gt;&lt;td colspan=&quot;2&quot;&gt;&lt;/td&gt;&lt;td&gt;&lt;/td&gt;&lt;td&gt;&lt;/td&gt;&lt;/tr&gt;&lt;tr class=&quot;help-area&quot; nameref=&quot;radio-block-11&quot; style=&quot;display: none;&quot;&gt;&lt;td&gt;&lt;/td&gt;&lt;td colspan=&quot;2&quot;&gt;&lt;div class=&quot;help&quot;&gt;Loading...&lt;/div&gt;&lt;/td&gt;&lt;td&gt;&lt;/td&gt;&lt;/tr&gt;&lt;tr nameref=&quot;radio-block-11&quot; style=&quot;display: none;&quot;&gt;&lt;td class=&quot;setting-leftspace&quot;&gt;&amp;nbsp;&lt;/td&gt;&lt;td class=&quot;setting-name&quot;&gt;Password&lt;/td&gt;&lt;td class=&quot;setting-main&quot;&gt;&lt;input name=&quot;_.password&quot; type=&quot;password&quot; class=&quot;setting-input &quot; value=&quot;&quot;&gt;&lt;/td&gt;&lt;td class=&quot;setting-help&quot;&gt;&lt;a helpurl=&quot;/descriptor/hudson.scm.CvsProjectset/help/password&quot; href=&quot;#&quot; class=&quot;help-button&quot; tabindex=&quot;9999&quot;&gt;&lt;img src=&quot;/static/ebda7158/images/16x16/help.png&quot; alt=&quot;Help for feature: Password&quot; style=&quot;width: 16px; height: 16px; &quot; class=&quot;icon-help icon-sm&quot;&gt;&lt;/a&gt;&lt;/td&gt;&lt;/tr&gt;&lt;tr class=&quot;validation-error-area&quot; nameref=&quot;radio-block-11&quot; style=&quot;display: none;&quot;&gt;&lt;td colspan=&quot;2&quot;&gt;&lt;/td&gt;&lt;td&gt;&lt;/td&gt;&lt;td&gt;&lt;/td&gt;&lt;/tr&gt;&lt;tr class=&quot;help-area&quot; nameref=&quot;radio-block-11&quot; style=&quot;display: none;&quot;&gt;&lt;td&gt;&lt;/td&gt;&lt;td colspan=&quot;2&quot;&gt;&lt;div class=&quot;help&quot;&gt;Loading...&lt;/div&gt;&lt;/td&gt;&lt;td&gt;&lt;/td&gt;&lt;/tr&gt;&lt;tr nameref=&quot;radio-block-11&quot; style=&quot;display: none;&quot;&gt;&lt;td class=&quot;setting-leftspace&quot;&gt;&amp;nbsp;&lt;/td&gt;&lt;td class=&quot;setting-name&quot;&gt;Prune Empty Directories&lt;/td&gt;&lt;td class=&quot;setting-main&quot;&gt;&lt;input name=&quot;_.pruneEmptyDirectories&quot; checked=&quot;true&quot; type=&quot;checkbox&quot; class=&quot; &quot;&gt;&lt;/td&gt;&lt;td class=&quot;setting-help&quot;&gt;&lt;a helpurl=&quot;/descriptor/hudson.scm.CvsProjectset/help/pruneEmptyDirectories&quot; href=&quot;#&quot; class=&quot;help-button&quot; tabindex=&quot;9999&quot;&gt;&lt;img src=&quot;/static/ebda7158/images/16x16/help.png&quot; alt=&quot;Help for feature: Prune Empty Directories&quot; style=&quot;width: 16px; height: 16px; &quot; class=&quot;icon-help icon-sm&quot;&gt;&lt;/a&gt;&lt;/td&gt;&lt;/tr&gt;&lt;tr class=&quot;validation-error-area&quot; nameref=&quot;radio-block-11&quot; style=&quot;display: none;&quot;&gt;&lt;td colspan=&quot;2&quot;&gt;&lt;/td&gt;&lt;td&gt;&lt;/td&gt;&lt;td&gt;&lt;/td&gt;&lt;/tr&gt;&lt;tr class=&quot;help-area&quot; nameref=&quot;radio-block-11&quot; style=&quot;display: none;&quot;&gt;&lt;td&gt;&lt;/td&gt;&lt;td colspan=&quot;2&quot;&gt;&lt;div class=&quot;help&quot;&gt;Loading...&lt;/div&gt;&lt;/td&gt;&lt;td&gt;&lt;/td&gt;&lt;/tr&gt;&lt;tr nameref=&quot;radio-block-11&quot; style=&quot;display: none;&quot;&gt;&lt;td class=&quot;setting-leftspace&quot;&gt;&amp;nbsp;&lt;/td&gt;&lt;td class=&quot;setting-name&quot;&gt;Skip Changelog&lt;/td&gt;&lt;td class=&quot;setting-main&quot;&gt;&lt;input name=&quot;_.skipChangeLog&quot; type=&quot;checkbox&quot; class=&quot; &quot;&gt;&lt;/td&gt;&lt;td class=&quot;setting-help&quot;&gt;&lt;a helpurl=&quot;/descriptor/hudson.scm.CvsProjectset/help/skipChangeLog&quot; href=&quot;#&quot; class=&quot;help-button&quot; tabindex=&quot;9999&quot;&gt;&lt;img src=&quot;/static/ebda7158/images/16x16/help.png&quot; alt=&quot;Help for feature: Skip Changelog&quot; style=&quot;width: 16px; height: 16px; &quot; class=&quot;icon-help icon-sm&quot;&gt;&lt;/a&gt;&lt;/td&gt;&lt;/tr&gt;&lt;tr class=&quot;validation-error-area&quot; nameref=&quot;radio-block-11&quot; style=&quot;display: none;&quot;&gt;&lt;td colspan=&quot;2&quot;&gt;&lt;/td&gt;&lt;td&gt;&lt;/td&gt;&lt;td&gt;&lt;/td&gt;&lt;/tr&gt;&lt;tr class=&quot;help-area&quot; nameref=&quot;radio-block-11&quot; style=&quot;display: none;&quot;&gt;&lt;td&gt;&lt;/td&gt;&lt;td colspan=&quot;2&quot;&gt;&lt;div class=&quot;help&quot;&gt;Loading...&lt;/div&gt;&lt;/td&gt;&lt;td&gt;&lt;/td&gt;&lt;/tr&gt;&lt;tr nameref=&quot;radio-block-11&quot; style=&quot;display: none;&quot;&gt;&lt;td class=&quot;setting-leftspace&quot;&gt;&amp;nbsp;&lt;/td&gt;&lt;td class=&quot;setting-name&quot;&gt;Show all CVS output&lt;/td&gt;&lt;td class=&quot;setting-main&quot;&gt;&lt;input name=&quot;_.disableCvsQuiet&quot; type=&quot;checkbox&quot; class=&quot; &quot;&gt;&lt;/td&gt;&lt;td class=&quot;setting-help&quot;&gt;&lt;a helpurl=&quot;/descriptor/hudson.scm.CvsProjectset/help/disableCvsQuiet&quot; href=&quot;#&quot; class=&quot;help-button&quot; tabindex=&quot;9999&quot;&gt;&lt;img src=&quot;/static/ebda7158/images/16x16/help.png&quot; alt=&quot;Help for feature: Show all CVS output&quot; style=&quot;width: 16px; height: 16px; &quot; class=&quot;icon-help icon-sm&quot;&gt;&lt;/a&gt;&lt;/td&gt;&lt;/tr&gt;&lt;tr class=&quot;validation-error-area&quot; nameref=&quot;radio-block-11&quot; style=&quot;display: none;&quot;&gt;&lt;td colspan=&quot;2&quot;&gt;&lt;/td&gt;&lt;td&gt;&lt;/td&gt;&lt;td&gt;&lt;/td&gt;&lt;/tr&gt;&lt;tr class=&quot;help-area&quot; nameref=&quot;radio-block-11&quot; style=&quot;display: none;&quot;&gt;&lt;td&gt;&lt;/td&gt;&lt;td colspan=&quot;2&quot;&gt;&lt;div class=&quot;help&quot;&gt;Loading...&lt;/div&gt;&lt;/td&gt;&lt;td&gt;&lt;/td&gt;&lt;/tr&gt;&lt;tr nameref=&quot;radio-block-11&quot; style=&quot;display: none;&quot;&gt;&lt;td class=&quot;setting-leftspace&quot;&gt;&amp;nbsp;&lt;/td&gt;&lt;td class=&quot;setting-name&quot;&gt;Perform clean checkout on failed update&lt;/td&gt;&lt;td class=&quot;setting-main&quot;&gt;&lt;input name=&quot;_.cleanOnFailedUpdate&quot; type=&quot;checkbox&quot; class=&quot; &quot;&gt;&lt;/td&gt;&lt;td class=&quot;setting-help&quot;&gt;&lt;a helpurl=&quot;/descriptor/hudson.scm.CvsProjectset/help/cleanOnFailedUpdate&quot; href=&quot;#&quot; class=&quot;help-button&quot; tabindex=&quot;9999&quot;&gt;&lt;img src=&quot;/static/ebda7158/images/16x16/help.png&quot; alt=&quot;Help for feature: Perform clean checkout on failed update&quot; style=&quot;width: 16px; height: 16px; &quot; class=&quot;icon-help icon-sm&quot;&gt;&lt;/a&gt;&lt;/td&gt;&lt;/tr&gt;&lt;tr class=&quot;validation-error-area&quot; nameref=&quot;radio-block-11&quot; style=&quot;display: none;&quot;&gt;&lt;td colspan=&quot;2&quot;&gt;&lt;/td&gt;&lt;td&gt;&lt;/td&gt;&lt;td&gt;&lt;/td&gt;&lt;/tr&gt;&lt;tr class=&quot;help-area&quot; nameref=&quot;radio-block-11&quot; style=&quot;display: none;&quot;&gt;&lt;td&gt;&lt;/td&gt;&lt;td colspan=&quot;2&quot;&gt;&lt;div class=&quot;help&quot;&gt;Loading...&lt;/div&gt;&lt;/td&gt;&lt;td&gt;&lt;/td&gt;&lt;/tr&gt;&lt;tr nameref=&quot;radio-block-11&quot; style=&quot;display: none;&quot;&gt;&lt;td class=&quot;setting-leftspace&quot;&gt;&amp;nbsp;&lt;/td&gt;&lt;td class=&quot;setting-name&quot;&gt;Repository browser&lt;/td&gt;&lt;td class=&quot;setting-main&quot;&gt;&lt;select class=&quot;setting-input dropdownList&quot;&gt;&lt;option value=&quot;auto&quot;&gt;(Auto)&lt;/option&gt;&lt;option value=&quot;0&quot;&gt;Cvs Facade Repository Browser&lt;/option&gt;&lt;option value=&quot;1&quot;&gt;FishEye&lt;/option&gt;&lt;option value=&quot;2&quot;&gt;OpenGrok&lt;/option&gt;&lt;option value=&quot;3&quot;&gt;ViewCVS&lt;/option&gt;&lt;/select&gt;&lt;/td&gt;&lt;td class=&quot;setting-help&quot;&gt;&lt;a helpurl=&quot;/help/scm-browsers/list.html&quot; href=&quot;#&quot; class=&quot;help-button&quot; tabindex=&quot;9999&quot;&gt;&lt;img src=&quot;/static/ebda7158/images/16x16/help.png&quot; alt=&quot;Help for feature: Repository browser&quot; style=&quot;width: 16px; height: 16px; &quot; class=&quot;icon-help icon-sm&quot;&gt;&lt;/a&gt;&lt;/td&gt;&lt;/tr&gt;&lt;tr class=&quot;dropdownList-container&quot; nameref=&quot;radio-block-11&quot; style=&quot;display: none;&quot;&gt;&lt;td colspan=&quot;2&quot;&gt;&lt;/td&gt;&lt;td colspan=&quot;2&quot;&gt;&lt;table width=&quot;100%&quot; name=&quot;cvs.browser&quot;&gt;&lt;tbody&gt;&lt;tr class=&quot;dropdownList-start rowvg-start&quot;&gt;&lt;/tr&gt;&lt;tr class=&quot;dropdownList-end rowvg-end&quot;&gt;&lt;/tr&gt;&lt;tr class=&quot;dropdownList-start rowvg-start&quot; field-disabled=&quot;true&quot; style=&quot;display: none;&quot;&gt;&lt;/tr&gt;&lt;tr class=&quot;render-on-demand &quot; proxy=&quot;makeStaplerProxy(&apos;/$stapler/bound/5fc12434-028c-4601-80f9-069ad3dbf508&apos;,&apos;5e2a10a9-ca1f-465a-b045-b67e5d5c0165&apos;,[&apos;render&apos;])&quot; field-disabled=&quot;true&quot; style=&quot;display: none;&quot;&gt;&lt;/tr&gt;&lt;tr style=&quot;display: none;&quot; field-disabled=&quot;true&quot;&gt;&lt;td&gt;&lt;input name=&quot;stapler-class&quot; type=&quot;hidden&quot; value=&quot;hudson.scm.browsers.CvsFacadeRepositoryBrowser&quot;&gt;&lt;input name=&quot;$class&quot; type=&quot;hidden&quot; value=&quot;hudson.scm.browsers.CvsFacadeRepositoryBrowser&quot;&gt;&lt;/td&gt;&lt;/tr&gt;&lt;tr class=&quot;dropdownList-end rowvg-end&quot;&gt;&lt;/tr&gt;&lt;tr class=&quot;dropdownList-start rowvg-start&quot; field-disabled=&quot;true&quot; style=&quot;display: none;&quot;&gt;&lt;/tr&gt;&lt;tr class=&quot;render-on-demand &quot; proxy=&quot;makeStaplerProxy(&apos;/$stapler/bound/5bd4741f-7905-4e6e-8bed-7fcbcbff4c23&apos;,&apos;5e2a10a9-ca1f-465a-b045-b67e5d5c0165&apos;,[&apos;render&apos;])&quot; field-disabled=&quot;true&quot; style=&quot;display: none;&quot;&gt;&lt;/tr&gt;&lt;tr style=&quot;display: none;&quot; field-disabled=&quot;true&quot;&gt;&lt;td&gt;&lt;input name=&quot;stapler-class&quot; type=&quot;hidden&quot; value=&quot;hudson.scm.browsers.FishEyeCVS&quot;&gt;&lt;input name=&quot;$class&quot; type=&quot;hidden&quot; value=&quot;hudson.scm.browsers.FishEyeCVS&quot;&gt;&lt;/td&gt;&lt;/tr&gt;&lt;tr class=&quot;dropdownList-end rowvg-end&quot;&gt;&lt;/tr&gt;&lt;tr class=&quot;dropdownList-start rowvg-start&quot; field-disabled=&quot;true&quot; style=&quot;display: none;&quot;&gt;&lt;/tr&gt;&lt;tr class=&quot;render-on-demand &quot; proxy=&quot;makeStaplerProxy(&apos;/$stapler/bound/40c6094e-f3c3-442e-8e62-932319baece8&apos;,&apos;5e2a10a9-ca1f-465a-b045-b67e5d5c0165&apos;,[&apos;render&apos;])&quot; field-disabled=&quot;true&quot; style=&quot;display: none;&quot;&gt;&lt;/tr&gt;&lt;tr style=&quot;display: none;&quot; field-disabled=&quot;true&quot;&gt;&lt;td&gt;&lt;input name=&quot;stapler-class&quot; type=&quot;hidden&quot; value=&quot;hudson.scm.browsers.OpenGrok&quot;&gt;&lt;input name=&quot;$class&quot; type=&quot;hidden&quot; value=&quot;hudson.scm.browsers.OpenGrok&quot;&gt;&lt;/td&gt;&lt;/tr&gt;&lt;tr class=&quot;dropdownList-end rowvg-end&quot;&gt;&lt;/tr&gt;&lt;tr class=&quot;dropdownList-start rowvg-start&quot; field-disabled=&quot;true&quot; style=&quot;display: none;&quot;&gt;&lt;/tr&gt;&lt;tr class=&quot;render-on-demand &quot; proxy=&quot;makeStaplerProxy(&apos;/$stapler/bound/e538ab2b-66ed-4397-aaf7-fcee9b91b624&apos;,&apos;5e2a10a9-ca1f-465a-b045-b67e5d5c0165&apos;,[&apos;render&apos;])&quot; field-disabled=&quot;true&quot; style=&quot;display: none;&quot;&gt;&lt;/tr&gt;&lt;tr style=&quot;display: none;&quot; field-disabled=&quot;true&quot;&gt;&lt;td&gt;&lt;input name=&quot;stapler-class&quot; type=&quot;hidden&quot; value=&quot;hudson.scm.browsers.ViewCVS&quot;&gt;&lt;input name=&quot;$class&quot; type=&quot;hidden&quot; value=&quot;hudson.scm.browsers.ViewCVS&quot;&gt;&lt;/td&gt;&lt;/tr&gt;&lt;tr class=&quot;dropdownList-end rowvg-end&quot;&gt;&lt;/tr&gt;&lt;/tbody&gt;&lt;/table&gt;&lt;/td&gt;&lt;/tr&gt;&lt;tr class=&quot;help-area&quot; nameref=&quot;radio-block-11&quot; style=&quot;display: none;&quot;&gt;&lt;td&gt;&lt;/td&gt;&lt;td colspan=&quot;2&quot;&gt;&lt;div class=&quot;help&quot;&gt;Loading...&lt;/div&gt;&lt;/td&gt;&lt;td&gt;&lt;/td&gt;&lt;/tr&gt;&lt;tr style=&quot;display:none&quot; class=&quot;row-set-end radio-block-end&quot;&gt;&lt;/tr&gt;&lt;tr class=&quot;radio-block-start row-set-start&quot; hashelp=&quot;false&quot; ref=&quot;radio-block-12&quot;&gt;&lt;td colspan=&quot;3&quot;&gt;&lt;label&gt;&lt;input name=&quot;scm&quot; type=&quot;radio&quot; value=&quot;3&quot; class=&quot;radio-block-control&quot; id=&quot;radio-block-12&quot; path=&quot;/scm[3]&quot;&gt;&#10;        Subversion&#10;      &lt;/label&gt;&lt;/td&gt;&lt;td class=&quot;setting-no-help&quot;&gt;&lt;/td&gt;&lt;/tr&gt;&lt;tr nameref=&quot;radio-block-12&quot; style=&quot;display: none;&quot;&gt;&lt;td class=&quot;setting-leftspace&quot;&gt;&amp;nbsp;&lt;/td&gt;&lt;td class=&quot;setting-name&quot;&gt;Modules&lt;/td&gt;&lt;td class=&quot;setting-main&quot;&gt;&lt;div class=&quot;repeated-container&quot;&gt;&lt;div name=&quot;locations&quot; class=&quot;repeated-chunk first last only&quot;&gt;&lt;table width=&quot;100%&quot;&gt;&lt;tbody&gt;&lt;tr&gt;&lt;td class=&quot;setting-leftspace&quot;&gt;&amp;nbsp;&lt;/td&gt;&lt;td class=&quot;setting-name&quot;&gt;Repository URL&lt;/td&gt;&lt;td class=&quot;setting-main&quot;&gt;&#10;   &#10;&#10;  &#10;  &lt;input checkdependson=&quot;&quot; id=&quot;svn.remote.loc&quot; checkurl=&quot;/job/viewed_job/descriptorByName/hudson.scm.SubversionSCM/checkRemote&quot; name=&quot;_.remote&quot; type=&quot;text&quot; class=&quot;setting-input validated  &quot; value=&quot;&quot;&gt;&lt;/td&gt;&lt;td class=&quot;setting-help&quot;&gt;&lt;a helpurl=&quot;/scm/SubversionSCM/url-help&quot; href=&quot;#&quot; class=&quot;help-button&quot; tabindex=&quot;9999&quot;&gt;&lt;img src=&quot;/static/ebda7158/images/16x16/help.png&quot; alt=&quot;Help for feature: Repository URL&quot; style=&quot;width: 16px; height: 16px; &quot; class=&quot;icon-help icon-sm&quot;&gt;&lt;/a&gt;&lt;/td&gt;&lt;/tr&gt;&lt;tr class=&quot;validation-error-area&quot;&gt;&lt;td colspan=&quot;2&quot;&gt;&lt;/td&gt;&lt;td&gt;&lt;div class=&quot;error&quot;&gt;&lt;img src=&quot;/static/ebda7158/images/none.gif&quot; height=&quot;16&quot; width=&quot;1&quot;&gt;Repository URL is required.&lt;/div&gt;&lt;/td&gt;&lt;td&gt;&lt;/td&gt;&lt;/tr&gt;&lt;tr class=&quot;help-area&quot;&gt;&lt;td&gt;&lt;/td&gt;&lt;td colspan=&quot;2&quot;&gt;&lt;div class=&quot;help&quot;&gt;Loading...&lt;/div&gt;&lt;/td&gt;&lt;td&gt;&lt;/td&gt;&lt;/tr&gt;&lt;tr&gt;&lt;td class=&quot;setting-leftspace&quot;&gt;&amp;nbsp;&lt;/td&gt;&lt;td class=&quot;setting-name&quot;&gt;Local module directory (optional)&lt;/td&gt;&lt;td class=&quot;setting-main&quot;&gt;&#10;   &#10;&#10;  &#10;  &lt;input checkdependson=&quot;&quot; checkurl=&quot;/job/viewed_job/descriptorByName/hudson.scm.SubversionSCM/checkLocal&quot; name=&quot;_.local&quot; type=&quot;text&quot; class=&quot;setting-input validated  &quot; value=&quot;.&quot;&gt;&lt;/td&gt;&lt;td class=&quot;setting-help&quot;&gt;&lt;a helpurl=&quot;/descriptor/hudson.scm.SubversionSCM/help/local&quot; href=&quot;#&quot; class=&quot;help-button&quot; tabindex=&quot;9999&quot;&gt;&lt;img src=&quot;/static/ebda7158/images/16x16/help.png&quot; alt=&quot;Help for feature: Local module directory (optional)&quot; style=&quot;width: 16px; height: 16px; &quot; class=&quot;icon-help icon-sm&quot;&gt;&lt;/a&gt;&lt;/td&gt;&lt;/tr&gt;&lt;tr class=&quot;validation-error-area&quot;&gt;&lt;td colspan=&quot;2&quot;&gt;&lt;/td&gt;&lt;td&gt;&lt;div&gt;&lt;/div&gt;&lt;/td&gt;&lt;td&gt;&lt;/td&gt;&lt;/tr&gt;&lt;tr class=&quot;help-area&quot;&gt;&lt;td&gt;&lt;/td&gt;&lt;td colspan=&quot;2&quot;&gt;&lt;div class=&quot;help&quot;&gt;Loading...&lt;/div&gt;&lt;/td&gt;&lt;td&gt;&lt;/td&gt;&lt;/tr&gt;&lt;tr&gt;&lt;td class=&quot;setting-leftspace&quot;&gt;&amp;nbsp;&lt;/td&gt;&lt;td class=&quot;setting-name&quot;&gt;Repository depth&lt;/td&gt;&lt;td class=&quot;setting-main&quot;&gt;&lt;select name=&quot;depthOption&quot;&gt;&lt;option value=&quot;infinity&quot;&gt;infinity&lt;/option&gt;&lt;option value=&quot;empty&quot;&gt;empty&lt;/option&gt;&lt;option value=&quot;files&quot;&gt;files&lt;/option&gt;&lt;option value=&quot;immediates&quot;&gt;immediates&lt;/option&gt;&lt;option value=&quot;unknown&quot;&gt;as-it-is&lt;/option&gt;&lt;/select&gt;&lt;/td&gt;&lt;td class=&quot;setting-help&quot;&gt;&lt;a helpurl=&quot;/descriptor/hudson.scm.SubversionSCM/help/depthOption&quot; href=&quot;#&quot; class=&quot;help-button&quot; tabindex=&quot;9999&quot;&gt;&lt;img src=&quot;/static/ebda7158/images/16x16/help.png&quot; alt=&quot;Help for feature: Repository depth&quot; style=&quot;width: 16px; height: 16px; &quot; class=&quot;icon-help icon-sm&quot;&gt;&lt;/a&gt;&lt;/td&gt;&lt;/tr&gt;&lt;tr class=&quot;validation-error-area&quot;&gt;&lt;td colspan=&quot;2&quot;&gt;&lt;/td&gt;&lt;td&gt;&lt;/td&gt;&lt;td&gt;&lt;/td&gt;&lt;/tr&gt;&lt;tr class=&quot;help-area&quot;&gt;&lt;td&gt;&lt;/td&gt;&lt;td colspan=&quot;2&quot;&gt;&lt;div class=&quot;help&quot;&gt;Loading...&lt;/div&gt;&lt;/td&gt;&lt;td&gt;&lt;/td&gt;&lt;/tr&gt;&lt;tr&gt;&lt;td class=&quot;setting-leftspace&quot;&gt;&amp;nbsp;&lt;/td&gt;&lt;td class=&quot;setting-name&quot;&gt;Ignore externals&lt;/td&gt;&lt;td class=&quot;setting-main&quot;&gt;&lt;input name=&quot;_.ignoreExternalsOption&quot; type=&quot;checkbox&quot; class=&quot; &quot;&gt;&lt;/td&gt;&lt;td class=&quot;setting-help&quot;&gt;&lt;a helpurl=&quot;/descriptor/hudson.scm.SubversionSCM/help/ignoreExternalsOption&quot; href=&quot;#&quot; class=&quot;help-button&quot; tabindex=&quot;9999&quot;&gt;&lt;img src=&quot;/static/ebda7158/images/16x16/help.png&quot; alt=&quot;Help for feature: Ignore externals&quot; style=&quot;width: 16px; height: 16px; &quot; class=&quot;icon-help icon-sm&quot;&gt;&lt;/a&gt;&lt;/td&gt;&lt;/tr&gt;&lt;tr class=&quot;validation-error-area&quot;&gt;&lt;td colspan=&quot;2&quot;&gt;&lt;/td&gt;&lt;td&gt;&lt;/td&gt;&lt;td&gt;&lt;/td&gt;&lt;/tr&gt;&lt;tr class=&quot;help-area&quot;&gt;&lt;td&gt;&lt;/td&gt;&lt;td colspan=&quot;2&quot;&gt;&lt;div class=&quot;help&quot;&gt;Loading...&lt;/div&gt;&lt;/td&gt;&lt;td&gt;&lt;/td&gt;&lt;/tr&gt;&lt;tr&gt;&lt;td class=&quot;setting-leftspace&quot;&gt;&amp;nbsp;&lt;/td&gt;&lt;td class=&quot;setting-name&quot;&gt;&lt;/td&gt;&lt;td class=&quot;setting-main&quot;&gt;&lt;div align=&quot;right&quot;&gt;&lt;span class=&quot;yui-button yui-push-button repeatable-add show-if-last&quot; id=&quot;yui-gen20&quot;&gt;&lt;span class=&quot;first-child&quot;&gt;&lt;button type=&quot;button&quot; tabindex=&quot;0&quot; id=&quot;yui-gen20-button&quot;&gt;Add more locations...&lt;/button&gt;&lt;/span&gt;&lt;/span&gt;&lt;span class=&quot;yui-button yui-push-button repeatable-delete show-if-not-only&quot; id=&quot;yui-gen29&quot;&gt;&lt;span class=&quot;first-child&quot;&gt;&lt;button type=&quot;button&quot; tabindex=&quot;0&quot; id=&quot;yui-gen29-button&quot;&gt;Delete&lt;/button&gt;&lt;/span&gt;&lt;/span&gt;&lt;/div&gt;&lt;/td&gt;&lt;td class=&quot;setting-no-help&quot;&gt;&lt;/td&gt;&lt;/tr&gt;&lt;tr class=&quot;validation-error-area&quot;&gt;&lt;td colspan=&quot;2&quot;&gt;&lt;/td&gt;&lt;td&gt;&lt;/td&gt;&lt;td&gt;&lt;/td&gt;&lt;/tr&gt;&lt;/tbody&gt;&lt;/table&gt;&lt;/div&gt;&lt;div class=&quot;repeatable-insertion-point&quot;&gt;&lt;/div&gt;&lt;/div&gt;&lt;/td&gt;&lt;td class=&quot;setting-no-help&quot;&gt;&lt;/td&gt;&lt;/tr&gt;&lt;tr class=&quot;validation-error-area&quot; nameref=&quot;radio-block-12&quot; style=&quot;display: none;&quot;&gt;&lt;td colspan=&quot;2&quot;&gt;&lt;/td&gt;&lt;td&gt;&lt;/td&gt;&lt;td&gt;&lt;/td&gt;&lt;/tr&gt;&lt;tr nameref=&quot;radio-block-12&quot; style=&quot;display: none;&quot;&gt;&lt;td class=&quot;setting-leftspace&quot;&gt;&amp;nbsp;&lt;/td&gt;&lt;td class=&quot;setting-name&quot;&gt;Check-out Strategy&lt;/td&gt;&lt;td class=&quot;setting-main&quot;&gt;&lt;select class=&quot;setting-input dropdownList&quot;&gt;&lt;option value=&quot;0&quot;&gt;Use &apos;svn update&apos; as much as possible&lt;/option&gt;&lt;option value=&quot;1&quot;&gt;Always check out a fresh copy&lt;/option&gt;&lt;option value=&quot;2&quot;&gt;Emulate clean checkout by first deleting unversioned/ignored files, then &apos;svn update&apos;&lt;/option&gt;&lt;option value=&quot;3&quot;&gt;Use &apos;svn update&apos; as much as possible, with &apos;svn revert&apos; before update&lt;/option&gt;&lt;/select&gt;&lt;/td&gt;&lt;td class=&quot;setting-no-help&quot;&gt;&lt;/td&gt;&lt;/tr&gt;&lt;tr class=&quot;dropdownList-container&quot; nameref=&quot;radio-block-12&quot; style=&quot;display: none;&quot;&gt;&lt;td colspan=&quot;2&quot;&gt;&lt;/td&gt;&lt;td colspan=&quot;2&quot;&gt;&lt;table width=&quot;100%&quot; name=&quot;workspaceUpdater&quot;&gt;&lt;tbody&gt;&lt;tr class=&quot;dropdownList-start rowvg-start&quot;&gt;&lt;/tr&gt;&#10;      &#10;      &lt;tr&gt;&lt;td colspan=&quot;2&quot;&gt;&lt;/td&gt;&lt;td class=&quot;setting-description&quot;&gt;Use &apos;svn update&apos; whenever possible, making the build faster. But this causes the artifacts from the previous build to remain when a new build starts.&lt;/td&gt;&lt;td&gt;&lt;/td&gt;&lt;/tr&gt;&lt;tr style=&quot;&quot;&gt;&lt;td&gt;&lt;input name=&quot;stapler-class&quot; type=&quot;hidden&quot; value=&quot;hudson.scm.subversion.UpdateUpdater&quot;&gt;&lt;input name=&quot;$class&quot; type=&quot;hidden&quot; value=&quot;hudson.scm.subversion.UpdateUpdater&quot;&gt;&lt;/td&gt;&lt;/tr&gt;&lt;tr class=&quot;dropdownList-end rowvg-end&quot;&gt;&lt;/tr&gt;&lt;tr class=&quot;dropdownList-start rowvg-start&quot; field-disabled=&quot;true&quot; style=&quot;display: none;&quot;&gt;&lt;/tr&gt;&lt;tr class=&quot;render-on-demand &quot; proxy=&quot;makeStaplerProxy(&apos;/$stapler/bound/61334187-fbc5-44fe-b188-6414fb936f96&apos;,&apos;5e2a10a9-ca1f-465a-b045-b67e5d5c0165&apos;,[&apos;render&apos;])&quot; field-disabled=&quot;true&quot; style=&quot;display: none;&quot;&gt;&lt;/tr&gt;&lt;tr style=&quot;display: none;&quot; field-disabled=&quot;true&quot;&gt;&lt;td&gt;&lt;input name=&quot;stapler-class&quot; type=&quot;hidden&quot; value=&quot;hudson.scm.subversion.CheckoutUpdater&quot;&gt;&lt;input name=&quot;$class&quot; type=&quot;hidden&quot; value=&quot;hudson.scm.subversion.CheckoutUpdater&quot;&gt;&lt;/td&gt;&lt;/tr&gt;&lt;tr class=&quot;dropdownList-end rowvg-end&quot;&gt;&lt;/tr&gt;&lt;tr class=&quot;dropdownList-start rowvg-start&quot; field-disabled=&quot;true&quot; style=&quot;display: none;&quot;&gt;&lt;/tr&gt;&lt;tr class=&quot;render-on-demand &quot; proxy=&quot;makeStaplerProxy(&apos;/$stapler/bound/c7d58a3b-d0e6-43cd-a8ae-326d5f5f78fb&apos;,&apos;5e2a10a9-ca1f-465a-b045-b67e5d5c0165&apos;,[&apos;render&apos;])&quot; field-disabled=&quot;true&quot; style=&quot;display: none;&quot;&gt;&lt;/tr&gt;&lt;tr style=&quot;display: none;&quot; field-disabled=&quot;true&quot;&gt;&lt;td&gt;&lt;input name=&quot;stapler-class&quot; type=&quot;hidden&quot; value=&quot;hudson.scm.subversion.UpdateWithCleanUpdater&quot;&gt;&lt;input name=&quot;$class&quot; type=&quot;hidden&quot; value=&quot;hudson.scm.subversion.UpdateWithCleanUpdater&quot;&gt;&lt;/td&gt;&lt;/tr&gt;&lt;tr class=&quot;dropdownList-end rowvg-end&quot;&gt;&lt;/tr&gt;&lt;tr class=&quot;dropdownList-start rowvg-start&quot; field-disabled=&quot;true&quot; style=&quot;display: none;&quot;&gt;&lt;/tr&gt;&lt;tr class=&quot;render-on-demand &quot; proxy=&quot;makeStaplerProxy(&apos;/$stapler/bound/5477b43c-6cdd-4cd0-bc77-2782426a11d3&apos;,&apos;5e2a10a9-ca1f-465a-b045-b67e5d5c0165&apos;,[&apos;render&apos;])&quot; field-disabled=&quot;true&quot; style=&quot;display: none;&quot;&gt;&lt;/tr&gt;&lt;tr style=&quot;display: none;&quot; field-disabled=&quot;true&quot;&gt;&lt;td&gt;&lt;input name=&quot;stapler-class&quot; type=&quot;hidden&quot; value=&quot;hudson.scm.subversion.UpdateWithRevertUpdater&quot;&gt;&lt;input name=&quot;$class&quot; type=&quot;hidden&quot; value=&quot;hudson.scm.subversion.UpdateWithRevertUpdater&quot;&gt;&lt;/td&gt;&lt;/tr&gt;&lt;tr class=&quot;dropdownList-end rowvg-end&quot;&gt;&lt;/tr&gt;&lt;/tbody&gt;&lt;/table&gt;&lt;/td&gt;&lt;/tr&gt;&lt;tr nameref=&quot;radio-block-12&quot; style=&quot;display: none;&quot;&gt;&lt;td class=&quot;setting-leftspace&quot;&gt;&amp;nbsp;&lt;/td&gt;&lt;td class=&quot;setting-name&quot;&gt;Repository browser&lt;/td&gt;&lt;td class=&quot;setting-main&quot;&gt;&lt;select class=&quot;setting-input dropdownList&quot;&gt;&lt;option value=&quot;auto&quot;&gt;(Auto)&lt;/option&gt;&lt;option value=&quot;0&quot;&gt;Assembla&lt;/option&gt;&lt;option value=&quot;1&quot;&gt;CollabNet&lt;/option&gt;&lt;option value=&quot;2&quot;&gt;FishEye&lt;/option&gt;&lt;option value=&quot;3&quot;&gt;SVN::Web&lt;/option&gt;&lt;option value=&quot;4&quot;&gt;Sventon 1.x&lt;/option&gt;&lt;option value=&quot;5&quot;&gt;Sventon 2.x&lt;/option&gt;&lt;option value=&quot;6&quot;&gt;ViewSVN&lt;/option&gt;&lt;option value=&quot;7&quot;&gt;WebSVN&lt;/option&gt;&lt;/select&gt;&lt;/td&gt;&lt;td class=&quot;setting-help&quot;&gt;&lt;a helpurl=&quot;/help/scm-browsers/list.html&quot; href=&quot;#&quot; class=&quot;help-button&quot; tabindex=&quot;9999&quot;&gt;&lt;img src=&quot;/static/ebda7158/images/16x16/help.png&quot; alt=&quot;Help for feature: Repository browser&quot; style=&quot;width: 16px; height: 16px; &quot; class=&quot;icon-help icon-sm&quot;&gt;&lt;/a&gt;&lt;/td&gt;&lt;/tr&gt;&lt;tr class=&quot;dropdownList-container&quot; nameref=&quot;radio-block-12&quot; style=&quot;display: none;&quot;&gt;&lt;td colspan=&quot;2&quot;&gt;&lt;/td&gt;&lt;td colspan=&quot;2&quot;&gt;&lt;table width=&quot;100%&quot; name=&quot;svn.browser&quot;&gt;&lt;tbody&gt;&lt;tr class=&quot;dropdownList-start rowvg-start&quot;&gt;&lt;/tr&gt;&lt;tr class=&quot;dropdownList-end rowvg-end&quot;&gt;&lt;/tr&gt;&lt;tr class=&quot;dropdownList-start rowvg-start&quot; field-disabled=&quot;true&quot; style=&quot;display: none;&quot;&gt;&lt;/tr&gt;&lt;tr class=&quot;render-on-demand &quot; proxy=&quot;makeStaplerProxy(&apos;/$stapler/bound/c7e31347-7865-4261-b1d4-947a59fcecc3&apos;,&apos;5e2a10a9-ca1f-465a-b045-b67e5d5c0165&apos;,[&apos;render&apos;])&quot; field-disabled=&quot;true&quot; style=&quot;display: none;&quot;&gt;&lt;/tr&gt;&lt;tr style=&quot;display: none;&quot; field-disabled=&quot;true&quot;&gt;&lt;td&gt;&lt;input name=&quot;stapler-class&quot; type=&quot;hidden&quot; value=&quot;hudson.scm.browsers.Assembla&quot;&gt;&lt;input name=&quot;$class&quot; type=&quot;hidden&quot; value=&quot;hudson.scm.browsers.Assembla&quot;&gt;&lt;/td&gt;&lt;/tr&gt;&lt;tr class=&quot;dropdownList-end rowvg-end&quot;&gt;&lt;/tr&gt;&lt;tr class=&quot;dropdownList-start rowvg-start&quot; field-disabled=&quot;true&quot; style=&quot;display: none;&quot;&gt;&lt;/tr&gt;&lt;tr class=&quot;render-on-demand &quot; proxy=&quot;makeStaplerProxy(&apos;/$stapler/bound/d62f59dc-c4cd-458b-a31e-b7479889e449&apos;,&apos;5e2a10a9-ca1f-465a-b045-b67e5d5c0165&apos;,[&apos;render&apos;])&quot; field-disabled=&quot;true&quot; style=&quot;display: none;&quot;&gt;&lt;/tr&gt;&lt;tr style=&quot;display: none;&quot; field-disabled=&quot;true&quot;&gt;&lt;td&gt;&lt;input name=&quot;stapler-class&quot; type=&quot;hidden&quot; value=&quot;hudson.scm.browsers.CollabNetSVN&quot;&gt;&lt;input name=&quot;$class&quot; type=&quot;hidden&quot; value=&quot;hudson.scm.browsers.CollabNetSVN&quot;&gt;&lt;/td&gt;&lt;/tr&gt;&lt;tr class=&quot;dropdownList-end rowvg-end&quot;&gt;&lt;/tr&gt;&lt;tr class=&quot;dropdownList-start rowvg-start&quot; field-disabled=&quot;true&quot; style=&quot;display: none;&quot;&gt;&lt;/tr&gt;&lt;tr class=&quot;render-on-demand &quot; proxy=&quot;makeStaplerProxy(&apos;/$stapler/bound/fb1368eb-599a-484b-aecc-6ff9d919635f&apos;,&apos;5e2a10a9-ca1f-465a-b045-b67e5d5c0165&apos;,[&apos;render&apos;])&quot; field-disabled=&quot;true&quot; style=&quot;display: none;&quot;&gt;&lt;/tr&gt;&lt;tr style=&quot;display: none;&quot; field-disabled=&quot;true&quot;&gt;&lt;td&gt;&lt;input name=&quot;stapler-class&quot; type=&quot;hidden&quot; value=&quot;hudson.scm.browsers.FishEyeSVN&quot;&gt;&lt;input name=&quot;$class&quot; type=&quot;hidden&quot; value=&quot;hudson.scm.browsers.FishEyeSVN&quot;&gt;&lt;/td&gt;&lt;/tr&gt;&lt;tr class=&quot;dropdownList-end rowvg-end&quot;&gt;&lt;/tr&gt;&lt;tr class=&quot;dropdownList-start rowvg-start&quot; field-disabled=&quot;true&quot; style=&quot;display: none;&quot;&gt;&lt;/tr&gt;&lt;tr class=&quot;render-on-demand &quot; proxy=&quot;makeStaplerProxy(&apos;/$stapler/bound/0d59d3dd-2a7a-4f41-a958-adf450e05fe4&apos;,&apos;5e2a10a9-ca1f-465a-b045-b67e5d5c0165&apos;,[&apos;render&apos;])&quot; field-disabled=&quot;true&quot; style=&quot;display: none;&quot;&gt;&lt;/tr&gt;&lt;tr style=&quot;display: none;&quot; field-disabled=&quot;true&quot;&gt;&lt;td&gt;&lt;input name=&quot;stapler-class&quot; type=&quot;hidden&quot; value=&quot;hudson.scm.browsers.SVNWeb&quot;&gt;&lt;input name=&quot;$class&quot; type=&quot;hidden&quot; value=&quot;hudson.scm.browsers.SVNWeb&quot;&gt;&lt;/td&gt;&lt;/tr&gt;&lt;tr class=&quot;dropdownList-end rowvg-end&quot;&gt;&lt;/tr&gt;&lt;tr class=&quot;dropdownList-start rowvg-start&quot; field-disabled=&quot;true&quot; style=&quot;display: none;&quot;&gt;&lt;/tr&gt;&lt;tr class=&quot;render-on-demand &quot; proxy=&quot;makeStaplerProxy(&apos;/$stapler/bound/46ca6234-6b34-4265-b9f2-4e1e1ddd2154&apos;,&apos;5e2a10a9-ca1f-465a-b045-b67e5d5c0165&apos;,[&apos;render&apos;])&quot; field-disabled=&quot;true&quot; style=&quot;display: none;&quot;&gt;&lt;/tr&gt;&lt;tr style=&quot;display: none;&quot; field-disabled=&quot;true&quot;&gt;&lt;td&gt;&lt;input name=&quot;stapler-class&quot; type=&quot;hidden&quot; value=&quot;hudson.scm.browsers.Sventon&quot;&gt;&lt;input name=&quot;$class&quot; type=&quot;hidden&quot; value=&quot;hudson.scm.browsers.Sventon&quot;&gt;&lt;/td&gt;&lt;/tr&gt;&lt;tr class=&quot;dropdownList-end rowvg-end&quot;&gt;&lt;/tr&gt;&lt;tr class=&quot;dropdownList-start rowvg-start&quot; field-disabled=&quot;true&quot; style=&quot;display: none;&quot;&gt;&lt;/tr&gt;&lt;tr class=&quot;render-on-demand &quot; proxy=&quot;makeStaplerProxy(&apos;/$stapler/bound/632b393f-d697-4534-b2e3-a542c22e35dd&apos;,&apos;5e2a10a9-ca1f-465a-b045-b67e5d5c0165&apos;,[&apos;render&apos;])&quot; field-disabled=&quot;true&quot; style=&quot;display: none;&quot;&gt;&lt;/tr&gt;&lt;tr style=&quot;display: none;&quot; field-disabled=&quot;true&quot;&gt;&lt;td&gt;&lt;input name=&quot;stapler-class&quot; type=&quot;hidden&quot; value=&quot;hudson.scm.browsers.Sventon2&quot;&gt;&lt;input name=&quot;$class&quot; type=&quot;hidden&quot; value=&quot;hudson.scm.browsers.Sventon2&quot;&gt;&lt;/td&gt;&lt;/tr&gt;&lt;tr class=&quot;dropdownList-end rowvg-end&quot;&gt;&lt;/tr&gt;&lt;tr class=&quot;dropdownList-start rowvg-start&quot; field-disabled=&quot;true&quot; style=&quot;display: none;&quot;&gt;&lt;/tr&gt;&lt;tr class=&quot;render-on-demand &quot; proxy=&quot;makeStaplerProxy(&apos;/$stapler/bound/ac1124da-9dda-4033-bad3-d66518c7e2f5&apos;,&apos;5e2a10a9-ca1f-465a-b045-b67e5d5c0165&apos;,[&apos;render&apos;])&quot; field-disabled=&quot;true&quot; style=&quot;display: none;&quot;&gt;&lt;/tr&gt;&lt;tr style=&quot;display: none;&quot; field-disabled=&quot;true&quot;&gt;&lt;td&gt;&lt;input name=&quot;stapler-class&quot; type=&quot;hidden&quot; value=&quot;hudson.scm.browsers.ViewSVN&quot;&gt;&lt;input name=&quot;$class&quot; type=&quot;hidden&quot; value=&quot;hudson.scm.browsers.ViewSVN&quot;&gt;&lt;/td&gt;&lt;/tr&gt;&lt;tr class=&quot;dropdownList-end rowvg-end&quot;&gt;&lt;/tr&gt;&lt;tr class=&quot;dropdownList-start rowvg-start&quot; field-disabled=&quot;true&quot; style=&quot;display: none;&quot;&gt;&lt;/tr&gt;&lt;tr class=&quot;render-on-demand &quot; proxy=&quot;makeStaplerProxy(&apos;/$stapler/bound/6de3d0dc-b28a-42ce-afe1-a8329ac525eb&apos;,&apos;5e2a10a9-ca1f-465a-b045-b67e5d5c0165&apos;,[&apos;render&apos;])&quot; field-disabled=&quot;true&quot; style=&quot;display: none;&quot;&gt;&lt;/tr&gt;&lt;tr style=&quot;display: none;&quot; field-disabled=&quot;true&quot;&gt;&lt;td&gt;&lt;input name=&quot;stapler-class&quot; type=&quot;hidden&quot; value=&quot;hudson.scm.browsers.WebSVN&quot;&gt;&lt;input name=&quot;$class&quot; type=&quot;hidden&quot; value=&quot;hudson.scm.browsers.WebSVN&quot;&gt;&lt;/td&gt;&lt;/tr&gt;&lt;tr class=&quot;dropdownList-end rowvg-end&quot;&gt;&lt;/tr&gt;&lt;/tbody&gt;&lt;/table&gt;&lt;/td&gt;&lt;/tr&gt;&lt;tr class=&quot;help-area&quot; nameref=&quot;radio-block-12&quot; style=&quot;display: none;&quot;&gt;&lt;td&gt;&lt;/td&gt;&lt;td colspan=&quot;2&quot;&gt;&lt;div class=&quot;help&quot;&gt;Loading...&lt;/div&gt;&lt;/td&gt;&lt;td&gt;&lt;/td&gt;&lt;/tr&gt;&lt;tr nameref=&quot;radio-block-12&quot; style=&quot;display: none;&quot;&gt;&lt;td&gt;&lt;/td&gt;&lt;td&gt;&lt;/td&gt;&lt;td&gt;&lt;div style=&quot;&quot; class=&quot;advancedLink&quot;&gt;&lt;span style=&quot;display: none&quot; id=&quot;id25&quot;&gt;&lt;img src=&quot;/static/ebda7158/images/24x24/notepad.png&quot; tooltip=&quot;One or more fields in this block have been edited.&quot; style=&quot;width: 24px; height: 24px; vertical-align: baseline&quot; class=&quot;icon-notepad icon-md&quot; title=&quot;One or more fields in this block have been edited.&quot;&gt;&lt;/span&gt;&amp;nbsp;&lt;span class=&quot;yui-button yui-push-button advanced-button advancedButton&quot; id=&quot;yui-gen10&quot;&gt;&lt;span class=&quot;first-child&quot;&gt;&lt;button type=&quot;button&quot; tabindex=&quot;0&quot; id=&quot;yui-gen10-button&quot;&gt;Advanced...&lt;/button&gt;&lt;/span&gt;&lt;/span&gt;&lt;/div&gt;&lt;table class=&quot;advancedBody&quot;&gt;&lt;tbody&gt;&lt;tr&gt;&lt;td class=&quot;setting-leftspace&quot;&gt;&amp;nbsp;&lt;/td&gt;&lt;td class=&quot;setting-name&quot;&gt;Ignore Property Changes on directories&lt;/td&gt;&lt;td class=&quot;setting-main&quot;&gt;&lt;input name=&quot;_.ignoreDirPropChanges&quot; type=&quot;checkbox&quot; class=&quot; &quot;&gt;&lt;/td&gt;&lt;td class=&quot;setting-help&quot;&gt;&lt;a helpurl=&quot;/descriptor/hudson.scm.SubversionSCM/help/ignoreDirPropChanges&quot; href=&quot;#&quot; class=&quot;help-button&quot; tabindex=&quot;9999&quot;&gt;&lt;img src=&quot;/static/ebda7158/images/16x16/help.png&quot; alt=&quot;Help for feature: Ignore Property Changes on directories&quot; style=&quot;width: 16px; height: 16px; &quot; class=&quot;icon-help icon-sm&quot;&gt;&lt;/a&gt;&lt;/td&gt;&lt;/tr&gt;&lt;tr class=&quot;validation-error-area&quot;&gt;&lt;td colspan=&quot;2&quot;&gt;&lt;/td&gt;&lt;td&gt;&lt;/td&gt;&lt;td&gt;&lt;/td&gt;&lt;/tr&gt;&lt;tr class=&quot;help-area&quot;&gt;&lt;td&gt;&lt;/td&gt;&lt;td colspan=&quot;2&quot;&gt;&lt;div class=&quot;help&quot;&gt;Loading...&lt;/div&gt;&lt;/td&gt;&lt;td&gt;&lt;/td&gt;&lt;/tr&gt;&lt;tr&gt;&lt;td class=&quot;setting-leftspace&quot;&gt;&amp;nbsp;&lt;/td&gt;&lt;td class=&quot;setting-name&quot;&gt;Excluded Regions&lt;/td&gt;&lt;td class=&quot;setting-main&quot;&gt;&lt;textarea checkdependson=&quot;&quot; name=&quot;_.excludedRegions&quot; rows=&quot;5&quot; class=&quot;setting-input validated  &quot; checkurl=&quot;/job/viewed_job/descriptorByName/hudson.scm.SubversionSCM/checkExcludedRegions&quot;&gt;&lt;/textarea&gt;&lt;div class=&quot;textarea-handle&quot;&gt;&lt;/div&gt;&lt;/td&gt;&lt;td class=&quot;setting-help&quot;&gt;&lt;a helpurl=&quot;/descriptor/hudson.scm.SubversionSCM/help/excludedRegions&quot; href=&quot;#&quot; class=&quot;help-button&quot; tabindex=&quot;9999&quot;&gt;&lt;img src=&quot;/static/ebda7158/images/16x16/help.png&quot; alt=&quot;Help for feature: Excluded Regions&quot; style=&quot;width: 16px; height: 16px; &quot; class=&quot;icon-help icon-sm&quot;&gt;&lt;/a&gt;&lt;/td&gt;&lt;/tr&gt;&lt;tr class=&quot;validation-error-area&quot;&gt;&lt;td colspan=&quot;2&quot;&gt;&lt;/td&gt;&lt;td&gt;&lt;div&gt;&lt;/div&gt;&lt;/td&gt;&lt;td&gt;&lt;/td&gt;&lt;/tr&gt;&lt;tr class=&quot;help-area&quot;&gt;&lt;td&gt;&lt;/td&gt;&lt;td colspan=&quot;2&quot;&gt;&lt;div class=&quot;help&quot;&gt;Loading...&lt;/div&gt;&lt;/td&gt;&lt;td&gt;&lt;/td&gt;&lt;/tr&gt;&lt;tr&gt;&lt;td class=&quot;setting-leftspace&quot;&gt;&amp;nbsp;&lt;/td&gt;&lt;td class=&quot;setting-name&quot;&gt;Included Regions&lt;/td&gt;&lt;td class=&quot;setting-main&quot;&gt;&lt;textarea checkdependson=&quot;&quot; name=&quot;_.includedRegions&quot; rows=&quot;5&quot; class=&quot;setting-input validated  &quot; checkurl=&quot;/job/viewed_job/descriptorByName/hudson.scm.SubversionSCM/checkIncludedRegions&quot;&gt;&lt;/textarea&gt;&lt;div class=&quot;textarea-handle&quot;&gt;&lt;/div&gt;&lt;/td&gt;&lt;td class=&quot;setting-help&quot;&gt;&lt;a helpurl=&quot;/descriptor/hudson.scm.SubversionSCM/help/includedRegions&quot; href=&quot;#&quot; class=&quot;help-button&quot; tabindex=&quot;9999&quot;&gt;&lt;img src=&quot;/static/ebda7158/images/16x16/help.png&quot; alt=&quot;Help for feature: Included Regions&quot; style=&quot;width: 16px; height: 16px; &quot; class=&quot;icon-help icon-sm&quot;&gt;&lt;/a&gt;&lt;/td&gt;&lt;/tr&gt;&lt;tr class=&quot;validation-error-area&quot;&gt;&lt;td colspan=&quot;2&quot;&gt;&lt;/td&gt;&lt;td&gt;&lt;a href=&quot;&quot; onclick=&quot;document.getElementById(&apos;valerr32&apos;).style.display=&apos;block&apos;;return false&quot;&gt;ERROR&lt;/a&gt;&lt;div id=&quot;valerr32&quot; style=&quot;display:none&quot;&gt;&lt;/div&gt;&lt;/td&gt;&lt;td&gt;&lt;/td&gt;&lt;/tr&gt;&lt;tr class=&quot;help-area&quot;&gt;&lt;td&gt;&lt;/td&gt;&lt;td colspan=&quot;2&quot;&gt;&lt;div class=&quot;help&quot;&gt;Loading...&lt;/div&gt;&lt;/td&gt;&lt;td&gt;&lt;/td&gt;&lt;/tr&gt;&lt;tr&gt;&lt;td class=&quot;setting-leftspace&quot;&gt;&amp;nbsp;&lt;/td&gt;&lt;td class=&quot;setting-name&quot;&gt;Excluded Users&lt;/td&gt;&lt;td class=&quot;setting-main&quot;&gt;&lt;textarea checkdependson=&quot;&quot; name=&quot;_.excludedUsers&quot; rows=&quot;5&quot; class=&quot;setting-input validated  &quot; checkurl=&quot;/job/viewed_job/descriptorByName/hudson.scm.SubversionSCM/checkExcludedUsers&quot;&gt;&lt;/textarea&gt;&lt;div class=&quot;textarea-handle&quot;&gt;&lt;/div&gt;&lt;/td&gt;&lt;td class=&quot;setting-help&quot;&gt;&lt;a helpurl=&quot;/descriptor/hudson.scm.SubversionSCM/help/excludedUsers&quot; href=&quot;#&quot; class=&quot;help-button&quot; tabindex=&quot;9999&quot;&gt;&lt;img src=&quot;/static/ebda7158/images/16x16/help.png&quot; alt=&quot;Help for feature: Excluded Users&quot; style=&quot;width: 16px; height: 16px; &quot; class=&quot;icon-help icon-sm&quot;&gt;&lt;/a&gt;&lt;/td&gt;&lt;/tr&gt;&lt;tr class=&quot;validation-error-area&quot;&gt;&lt;td colspan=&quot;2&quot;&gt;&lt;/td&gt;&lt;td&gt;&lt;/td&gt;&lt;td&gt;&lt;/td&gt;&lt;/tr&gt;&lt;tr class=&quot;help-area&quot;&gt;&lt;td&gt;&lt;/td&gt;&lt;td colspan=&quot;2&quot;&gt;&lt;div class=&quot;help&quot;&gt;Loading...&lt;/div&gt;&lt;/td&gt;&lt;td&gt;&lt;/td&gt;&lt;/tr&gt;&lt;tr&gt;&lt;td class=&quot;setting-leftspace&quot;&gt;&amp;nbsp;&lt;/td&gt;&lt;td class=&quot;setting-name&quot;&gt;Excluded Commit Messages&lt;/td&gt;&lt;td class=&quot;setting-main&quot;&gt;&lt;textarea checkdependson=&quot;&quot; name=&quot;_.excludedCommitMessages&quot; rows=&quot;5&quot; class=&quot;setting-input validated  &quot; checkurl=&quot;/job/viewed_job/descriptorByName/hudson.scm.SubversionSCM/checkExcludedCommitMessages&quot;&gt;&lt;/textarea&gt;&lt;div class=&quot;textarea-handle&quot;&gt;&lt;/div&gt;&lt;/td&gt;&lt;td class=&quot;setting-help&quot;&gt;&lt;a helpurl=&quot;/descriptor/hudson.scm.SubversionSCM/help/excludedCommitMessages&quot; href=&quot;#&quot; class=&quot;help-button&quot; tabindex=&quot;9999&quot;&gt;&lt;img src=&quot;/static/ebda7158/images/16x16/help.png&quot; alt=&quot;Help for feature: Excluded Commit Messages&quot; style=&quot;width: 16px; height: 16px; &quot; class=&quot;icon-help icon-sm&quot;&gt;&lt;/a&gt;&lt;/td&gt;&lt;/tr&gt;&lt;tr class=&quot;validation-error-area&quot;&gt;&lt;td colspan=&quot;2&quot;&gt;&lt;/td&gt;&lt;td&gt;&lt;/td&gt;&lt;td&gt;&lt;/td&gt;&lt;/tr&gt;&lt;tr class=&quot;help-area&quot;&gt;&lt;td&gt;&lt;/td&gt;&lt;td colspan=&quot;2&quot;&gt;&lt;div class=&quot;help&quot;&gt;Loading...&lt;/div&gt;&lt;/td&gt;&lt;td&gt;&lt;/td&gt;&lt;/tr&gt;&lt;tr&gt;&lt;td class=&quot;setting-leftspace&quot;&gt;&amp;nbsp;&lt;/td&gt;&lt;td class=&quot;setting-name&quot;&gt;Exclusion revprop name&lt;/td&gt;&lt;td class=&quot;setting-main&quot;&gt;&#10;   &#10;&#10;  &#10;  &lt;input checkurl=&quot;&apos;descriptorByName/hudson.scm.SubversionSCM/checkRevisionPropertiesSupported?value=&apos;+toValue(document.getElementById(&apos;svn.remote.loc&apos;))&quot; name=&quot;_.excludedRevprop&quot; type=&quot;text&quot; class=&quot;setting-input validated  &quot; value=&quot;&quot;&gt;&lt;/td&gt;&lt;td class=&quot;setting-help&quot;&gt;&lt;a helpurl=&quot;/descriptor/hudson.scm.SubversionSCM/help/excludedRevprop&quot; href=&quot;#&quot; class=&quot;help-button&quot; tabindex=&quot;9999&quot;&gt;&lt;img src=&quot;/static/ebda7158/images/16x16/help.png&quot; alt=&quot;Help for feature: Exclusion revprop name&quot; style=&quot;width: 16px; height: 16px; &quot; class=&quot;icon-help icon-sm&quot;&gt;&lt;/a&gt;&lt;/td&gt;&lt;/tr&gt;&lt;tr class=&quot;validation-error-area&quot;&gt;&lt;td colspan=&quot;2&quot;&gt;&lt;/td&gt;&lt;td&gt;&lt;div&gt;&lt;/div&gt;&lt;/td&gt;&lt;td&gt;&lt;/td&gt;&lt;/tr&gt;&lt;tr class=&quot;help-area&quot;&gt;&lt;td&gt;&lt;/td&gt;&lt;td colspan=&quot;2&quot;&gt;&lt;div class=&quot;help&quot;&gt;Loading...&lt;/div&gt;&lt;/td&gt;&lt;td&gt;&lt;/td&gt;&lt;/tr&gt;&lt;tr&gt;&lt;td class=&quot;setting-leftspace&quot;&gt;&amp;nbsp;&lt;/td&gt;&lt;td class=&quot;setting-name&quot;&gt;Filter changelog&lt;/td&gt;&lt;td class=&quot;setting-main&quot;&gt;&lt;input name=&quot;_.filterChangelog&quot; type=&quot;checkbox&quot; class=&quot; &quot;&gt;&lt;/td&gt;&lt;td class=&quot;setting-help&quot;&gt;&lt;a helpurl=&quot;/descriptor/hudson.scm.SubversionSCM/help/filterChangelog&quot; href=&quot;#&quot; class=&quot;help-button&quot; tabindex=&quot;9999&quot;&gt;&lt;img src=&quot;/static/ebda7158/images/16x16/help.png&quot; alt=&quot;Help for feature: Filter changelog&quot; style=&quot;width: 16px; height: 16px; &quot; class=&quot;icon-help icon-sm&quot;&gt;&lt;/a&gt;&lt;/td&gt;&lt;/tr&gt;&lt;tr class=&quot;validation-error-area&quot;&gt;&lt;td colspan=&quot;2&quot;&gt;&lt;/td&gt;&lt;td&gt;&lt;/td&gt;&lt;td&gt;&lt;/td&gt;&lt;/tr&gt;&lt;tr class=&quot;help-area&quot;&gt;&lt;td&gt;&lt;/td&gt;&lt;td colspan=&quot;2&quot;&gt;&lt;div class=&quot;help&quot;&gt;Loading...&lt;/div&gt;&lt;/td&gt;&lt;td&gt;&lt;/td&gt;&lt;/tr&gt;&lt;/tbody&gt;&lt;/table&gt;&lt;/td&gt;&lt;td&gt;&lt;/td&gt;&lt;/tr&gt;&lt;tr style=&quot;display:none&quot; class=&quot;row-set-end radio-block-end&quot;&gt;&lt;/tr&gt;&lt;tr&gt;&lt;td colspan=&quot;4&quot;&gt;&lt;div class=&quot;section-header&quot;&gt;&lt;a id=&quot;section6&quot; class=&quot;section-anchor&quot;&gt;#&lt;/a&gt;Build Triggers&lt;/div&gt;&lt;/td&gt;&lt;/tr&gt;&lt;tr class=&quot;optional-block-start row-set-start&quot; hashelp=&quot;true&quot; ref=&quot;cb27&quot;&gt;&lt;td colspan=&quot;3&quot;&gt;&lt;input onclick=&quot;javascript:updateOptionalBlock(this,true)&quot; name=&quot;jenkins-triggers-ReverseBuildTrigger&quot; type=&quot;checkbox&quot; class=&quot; &quot; id=&quot;cb27&quot; path=&quot;/jenkins-triggers-ReverseBuildTrigger&quot;&gt;&lt;label class=&quot;attach-previous&quot;&gt;Build after other projects are built&lt;/label&gt;&lt;/td&gt;&lt;td class=&quot;setting-help&quot;&gt;&lt;a helpurl=&quot;/descriptor/jenkins.triggers.ReverseBuildTrigger/help&quot; href=&quot;#&quot; class=&quot;help-button&quot; tabindex=&quot;9999&quot;&gt;&lt;img src=&quot;/static/ebda7158/images/16x16/help.png&quot; alt=&quot;Help for feature: Build after other projects are built&quot; style=&quot;width: 16px; height: 16px; &quot; class=&quot;icon-help icon-sm&quot;&gt;&lt;/a&gt;&lt;/td&gt;&lt;/tr&gt;&lt;tr class=&quot;help-area&quot; nameref=&quot;cb27&quot;&gt;&lt;td&gt;&lt;/td&gt;&lt;td colspan=&quot;2&quot;&gt;&lt;div class=&quot;help&quot;&gt;Loading...&lt;/div&gt;&lt;/td&gt;&lt;td&gt;&lt;/td&gt;&lt;/tr&gt;&lt;tr class=&quot;rowvg-start&quot; nameref=&quot;cb27&quot; style=&quot;display: none;&quot;&gt;&lt;/tr&gt;&lt;tr nameref=&quot;cb27&quot; style=&quot;display: none;&quot;&gt;&lt;td class=&quot;setting-leftspace&quot;&gt;&amp;nbsp;&lt;/td&gt;&lt;td class=&quot;setting-name&quot;&gt;Projects to watch&lt;/td&gt;&lt;td class=&quot;setting-main&quot;&gt;&#10;   &#10;&#10;  &#10;  &lt;input checkdependson=&quot;&quot; autocompleteurl=&quot;/job/viewed_job/descriptorByName/jenkins.triggers.ReverseBuildTrigger/autoCompleteUpstreamProjects&quot; checkurl=&quot;/job/viewed_job/descriptorByName/jenkins.triggers.ReverseBuildTrigger/checkUpstreamProjects&quot; autocompletedelimchar=&quot;,&quot; name=&quot;_.upstreamProjects&quot; type=&quot;text&quot; class=&quot;setting-input validated auto-complete  yui-ac-input&quot; value=&quot;&quot; autocomplete=&quot;off&quot; style=&quot;position: relative;&quot;&gt;&lt;div class=&quot;yui-ac-container&quot;&gt;&lt;div class=&quot;yui-ac-content&quot; style=&quot;display: none;&quot;&gt;&lt;div class=&quot;yui-ac-hd&quot; style=&quot;display: none;&quot;&gt;&lt;/div&gt;&lt;div class=&quot;yui-ac-bd&quot;&gt;&lt;ul&gt;&lt;li style=&quot;display: none;&quot;&gt;&lt;/li&gt;&lt;li style=&quot;display: none;&quot;&gt;&lt;/li&gt;&lt;li style=&quot;display: none;&quot;&gt;&lt;/li&gt;&lt;li style=&quot;display: none;&quot;&gt;&lt;/li&gt;&lt;li style=&quot;display: none;&quot;&gt;&lt;/li&gt;&lt;li style=&quot;display: none;&quot;&gt;&lt;/li&gt;&lt;li style=&quot;display: none;&quot;&gt;&lt;/li&gt;&lt;li style=&quot;display: none;&quot;&gt;&lt;/li&gt;&lt;li style=&quot;display: none;&quot;&gt;&lt;/li&gt;&lt;li style=&quot;display: none;&quot;&gt;&lt;/li&gt;&lt;/ul&gt;&lt;/div&gt;&lt;div class=&quot;yui-ac-ft&quot; style=&quot;display: none;&quot;&gt;&lt;/div&gt;&lt;/div&gt;&lt;/div&gt;&lt;/td&gt;&lt;td class=&quot;setting-no-help&quot;&gt;&lt;/td&gt;&lt;/tr&gt;&lt;tr class=&quot;validation-error-area&quot; nameref=&quot;cb27&quot; style=&quot;display: none;&quot;&gt;&lt;td colspan=&quot;2&quot;&gt;&lt;/td&gt;&lt;td&gt;&lt;div class=&quot;error&quot;&gt;&lt;img src=&quot;/static/ebda7158/images/none.gif&quot; height=&quot;16&quot; width=&quot;1&quot;&gt;No project specified&lt;/div&gt;&lt;/td&gt;&lt;td&gt;&lt;/td&gt;&lt;/tr&gt;&lt;tr nameref=&quot;cb27&quot; style=&quot;display: none;&quot;&gt;&lt;td class=&quot;setting-leftspace&quot;&gt;&amp;nbsp;&lt;/td&gt;&lt;td class=&quot;setting-name&quot;&gt;&lt;/td&gt;&lt;td class=&quot;setting-main&quot;&gt;&lt;input name=&quot;ReverseBuildTrigger.threshold&quot; checked=&quot;true&quot; type=&quot;radio&quot; value=&quot;SUCCESS&quot;&gt;&lt;label class=&quot;attach-previous&quot;&gt;Trigger only if build is stable&lt;/label&gt;&lt;/td&gt;&lt;td class=&quot;setting-no-help&quot;&gt;&lt;/td&gt;&lt;/tr&gt;&lt;tr class=&quot;validation-error-area&quot; nameref=&quot;cb27&quot; style=&quot;display: none;&quot;&gt;&lt;td colspan=&quot;2&quot;&gt;&lt;/td&gt;&lt;td&gt;&lt;/td&gt;&lt;td&gt;&lt;/td&gt;&lt;/tr&gt;&lt;tr nameref=&quot;cb27&quot; style=&quot;display: none;&quot;&gt;&lt;td class=&quot;setting-leftspace&quot;&gt;&amp;nbsp;&lt;/td&gt;&lt;td class=&quot;setting-name&quot;&gt;&lt;/td&gt;&lt;td class=&quot;setting-main&quot;&gt;&lt;input name=&quot;ReverseBuildTrigger.threshold&quot; type=&quot;radio&quot; value=&quot;UNSTABLE&quot;&gt;&lt;label class=&quot;attach-previous&quot;&gt;Trigger even if the build is unstable&lt;/label&gt;&lt;/td&gt;&lt;td class=&quot;setting-no-help&quot;&gt;&lt;/td&gt;&lt;/tr&gt;&lt;tr class=&quot;validation-error-area&quot; nameref=&quot;cb27&quot; style=&quot;display: none;&quot;&gt;&lt;td colspan=&quot;2&quot;&gt;&lt;/td&gt;&lt;td&gt;&lt;/td&gt;&lt;td&gt;&lt;/td&gt;&lt;/tr&gt;&lt;tr nameref=&quot;cb27&quot; style=&quot;display: none;&quot;&gt;&lt;td class=&quot;setting-leftspace&quot;&gt;&amp;nbsp;&lt;/td&gt;&lt;td class=&quot;setting-name&quot;&gt;&lt;/td&gt;&lt;td class=&quot;setting-main&quot;&gt;&lt;input name=&quot;ReverseBuildTrigger.threshold&quot; type=&quot;radio&quot; value=&quot;FAILURE&quot;&gt;&lt;label class=&quot;attach-previous&quot;&gt;Trigger even if the build fails&lt;/label&gt;&lt;/td&gt;&lt;td class=&quot;setting-no-help&quot;&gt;&lt;/td&gt;&lt;/tr&gt;&lt;tr class=&quot;validation-error-area&quot; nameref=&quot;cb27&quot; style=&quot;display: none;&quot;&gt;&lt;td colspan=&quot;2&quot;&gt;&lt;/td&gt;&lt;td&gt;&lt;/td&gt;&lt;td&gt;&lt;/td&gt;&lt;/tr&gt;&lt;tr class=&quot;row-set-end rowvg-end optional-block-end&quot;&gt;&lt;/tr&gt;&lt;tr class=&quot;optional-block-start row-set-start&quot; hashelp=&quot;true&quot; ref=&quot;cb28&quot;&gt;&lt;td colspan=&quot;3&quot;&gt;&lt;input onclick=&quot;javascript:updateOptionalBlock(this,true)&quot; name=&quot;hudson-triggers-TimerTrigger&quot; type=&quot;checkbox&quot; class=&quot; &quot; id=&quot;cb28&quot; path=&quot;/hudson-triggers-TimerTrigger&quot;&gt;&lt;label class=&quot;attach-previous&quot;&gt;Build periodically&lt;/label&gt;&lt;/td&gt;&lt;td class=&quot;setting-help&quot;&gt;&lt;a helpurl=&quot;/descriptor/hudson.triggers.TimerTrigger/help&quot; href=&quot;#&quot; class=&quot;help-button&quot; tabindex=&quot;9999&quot;&gt;&lt;img src=&quot;/static/ebda7158/images/16x16/help.png&quot; alt=&quot;Help for feature: Build periodically&quot; style=&quot;width: 16px; height: 16px; &quot; class=&quot;icon-help icon-sm&quot;&gt;&lt;/a&gt;&lt;/td&gt;&lt;/tr&gt;&lt;tr class=&quot;help-area&quot; nameref=&quot;cb28&quot;&gt;&lt;td&gt;&lt;/td&gt;&lt;td colspan=&quot;2&quot;&gt;&lt;div class=&quot;help&quot;&gt;Loading...&lt;/div&gt;&lt;/td&gt;&lt;td&gt;&lt;/td&gt;&lt;/tr&gt;&lt;tr class=&quot;rowvg-start&quot; nameref=&quot;cb28&quot; style=&quot;display: none;&quot;&gt;&lt;/tr&gt;&lt;tr nameref=&quot;cb28&quot; style=&quot;display: none;&quot;&gt;&lt;td class=&quot;setting-leftspace&quot;&gt;&amp;nbsp;&lt;/td&gt;&lt;td class=&quot;setting-name&quot;&gt;Schedule&lt;/td&gt;&lt;td class=&quot;setting-main&quot;&gt;&lt;textarea checkdependson=&quot;&quot; name=&quot;_.spec&quot; rows=&quot;5&quot; class=&quot;setting-input validated  &quot; checkurl=&quot;/job/viewed_job/descriptorByName/hudson.triggers.TimerTrigger/checkSpec&quot;&gt;&lt;/textarea&gt;&lt;div class=&quot;textarea-handle&quot;&gt;&lt;/div&gt;&lt;/td&gt;&lt;td class=&quot;setting-help&quot;&gt;&lt;a helpurl=&quot;/descriptor/hudson.triggers.TimerTrigger/help/spec&quot; href=&quot;#&quot; class=&quot;help-button&quot; tabindex=&quot;9999&quot;&gt;&lt;img src=&quot;/static/ebda7158/images/16x16/help.png&quot; alt=&quot;Help for feature: Schedule&quot; style=&quot;width: 16px; height: 16px; &quot; class=&quot;icon-help icon-sm&quot;&gt;&lt;/a&gt;&lt;/td&gt;&lt;/tr&gt;&lt;tr class=&quot;validation-error-area&quot; nameref=&quot;cb28&quot; style=&quot;display: none;&quot;&gt;&lt;td colspan=&quot;2&quot;&gt;&lt;/td&gt;&lt;td&gt;&lt;/td&gt;&lt;td&gt;&lt;/td&gt;&lt;/tr&gt;&lt;tr class=&quot;help-area&quot; nameref=&quot;cb28&quot; style=&quot;display: none;&quot;&gt;&lt;td&gt;&lt;/td&gt;&lt;td colspan=&quot;2&quot;&gt;&lt;div class=&quot;help&quot;&gt;Loading...&lt;/div&gt;&lt;/td&gt;&lt;td&gt;&lt;/td&gt;&lt;/tr&gt;&lt;tr class=&quot;row-set-end rowvg-end optional-block-end&quot;&gt;&lt;/tr&gt;&lt;tr class=&quot;optional-block-start row-set-start&quot; hashelp=&quot;true&quot; ref=&quot;cb29&quot;&gt;&lt;td colspan=&quot;3&quot;&gt;&lt;input onclick=&quot;javascript:updateOptionalBlock(this,true)&quot; name=&quot;hudson-triggers-SCMTrigger&quot; type=&quot;checkbox&quot; class=&quot; &quot; id=&quot;cb29&quot; path=&quot;/hudson-triggers-SCMTrigger&quot;&gt;&lt;label class=&quot;attach-previous&quot;&gt;Poll SCM&lt;/label&gt;&lt;/td&gt;&lt;td class=&quot;setting-help&quot;&gt;&lt;a helpurl=&quot;/descriptor/hudson.triggers.SCMTrigger/help&quot; href=&quot;#&quot; class=&quot;help-button&quot; tabindex=&quot;9999&quot;&gt;&lt;img src=&quot;/static/ebda7158/images/16x16/help.png&quot; alt=&quot;Help for feature: Poll SCM&quot; style=&quot;width: 16px; height: 16px; &quot; class=&quot;icon-help icon-sm&quot;&gt;&lt;/a&gt;&lt;/td&gt;&lt;/tr&gt;&lt;tr class=&quot;help-area&quot; nameref=&quot;cb29&quot;&gt;&lt;td&gt;&lt;/td&gt;&lt;td colspan=&quot;2&quot;&gt;&lt;div class=&quot;help&quot;&gt;Loading...&lt;/div&gt;&lt;/td&gt;&lt;td&gt;&lt;/td&gt;&lt;/tr&gt;&lt;tr class=&quot;rowvg-start&quot; nameref=&quot;cb29&quot; style=&quot;display: none;&quot;&gt;&lt;/tr&gt;&lt;tr nameref=&quot;cb29&quot; style=&quot;display: none;&quot;&gt;&lt;td class=&quot;setting-leftspace&quot;&gt;&amp;nbsp;&lt;/td&gt;&lt;td class=&quot;setting-name&quot;&gt;Schedule&lt;/td&gt;&lt;td class=&quot;setting-main&quot;&gt;&lt;textarea name=&quot;scmpoll_spec&quot; rows=&quot;5&quot; class=&quot;setting-input validated  &quot; checkurl=&quot;&apos;/trigger/TimerTrigger/check?value=&apos;+encodeURIComponent(this.value)&quot;&gt;&lt;/textarea&gt;&lt;div class=&quot;textarea-handle&quot;&gt;&lt;/div&gt;&lt;/td&gt;&lt;td class=&quot;setting-help&quot;&gt;&lt;a helpurl=&quot;/descriptor/hudson.triggers.TimerTrigger/help/spec&quot; href=&quot;#&quot; class=&quot;help-button&quot; tabindex=&quot;9999&quot;&gt;&lt;img src=&quot;/static/ebda7158/images/16x16/help.png&quot; alt=&quot;Help for feature: Schedule&quot; style=&quot;width: 16px; height: 16px; &quot; class=&quot;icon-help icon-sm&quot;&gt;&lt;/a&gt;&lt;/td&gt;&lt;/tr&gt;&lt;tr class=&quot;validation-error-area&quot; nameref=&quot;cb29&quot; style=&quot;display: none;&quot;&gt;&lt;td colspan=&quot;2&quot;&gt;&lt;/td&gt;&lt;td&gt;&lt;/td&gt;&lt;td&gt;&lt;/td&gt;&lt;/tr&gt;&lt;tr class=&quot;help-area&quot; nameref=&quot;cb29&quot; style=&quot;display: none;&quot;&gt;&lt;td&gt;&lt;/td&gt;&lt;td colspan=&quot;2&quot;&gt;&lt;div class=&quot;help&quot;&gt;Loading...&lt;/div&gt;&lt;/td&gt;&lt;td&gt;&lt;/td&gt;&lt;/tr&gt;&lt;tr nameref=&quot;cb29&quot; style=&quot;display: none;&quot;&gt;&lt;td class=&quot;setting-leftspace&quot;&gt;&amp;nbsp;&lt;/td&gt;&lt;td class=&quot;setting-name&quot;&gt;Ignore post-commit hooks&lt;/td&gt;&lt;td class=&quot;setting-main&quot;&gt;&lt;input name=&quot;_.ignorePostCommitHooks&quot; type=&quot;checkbox&quot; class=&quot; &quot;&gt;&lt;/td&gt;&lt;td class=&quot;setting-help&quot;&gt;&lt;a helpurl=&quot;/descriptor/hudson.triggers.SCMTrigger/help/ignorePostCommitHooks&quot; href=&quot;#&quot; class=&quot;help-button&quot; tabindex=&quot;9999&quot;&gt;&lt;img src=&quot;/static/ebda7158/images/16x16/help.png&quot; alt=&quot;Help for feature: Ignore post-commit hooks&quot; style=&quot;width: 16px; height: 16px; &quot; class=&quot;icon-help icon-sm&quot;&gt;&lt;/a&gt;&lt;/td&gt;&lt;/tr&gt;&lt;tr class=&quot;validation-error-area&quot; nameref=&quot;cb29&quot; style=&quot;display: none;&quot;&gt;&lt;td colspan=&quot;2&quot;&gt;&lt;/td&gt;&lt;td&gt;&lt;/td&gt;&lt;td&gt;&lt;/td&gt;&lt;/tr&gt;&lt;tr class=&quot;help-area&quot; nameref=&quot;cb29&quot; style=&quot;display: none;&quot;&gt;&lt;td&gt;&lt;/td&gt;&lt;td colspan=&quot;2&quot;&gt;&lt;div class=&quot;help&quot;&gt;Loading...&lt;/div&gt;&lt;/td&gt;&lt;td&gt;&lt;/td&gt;&lt;/tr&gt;&lt;tr class=&quot;row-set-end rowvg-end optional-block-end&quot;&gt;&lt;/tr&gt;&lt;tr&gt;&lt;td colspan=&quot;4&quot;&gt;&lt;div class=&quot;section-header&quot;&gt;&lt;a id=&quot;section7&quot; class=&quot;section-anchor&quot;&gt;#&lt;/a&gt;Build&lt;/div&gt;&lt;/td&gt;&lt;/tr&gt;&lt;tr&gt;&lt;td colspan=&quot;4&quot;&gt;&lt;div class=&quot;hetero-list-container with-drag-drop  &quot;&gt;&lt;div class=&quot;repeatable-insertion-point&quot;&gt;&lt;/div&gt;&lt;div&gt;&lt;span class=&quot;yui-button yui-menu-button&quot; id=&quot;yui-gen3&quot;&gt;&lt;span class=&quot;first-child&quot;&gt;&lt;button type=&quot;button&quot; tabindex=&quot;0&quot; id=&quot;yui-gen3-button&quot; class=&quot;hetero-list-add&quot; suffix=&quot;builder&quot; path=&quot;/hetero-list-add[builder]&quot;&gt;Add build step&lt;/button&gt;&lt;/span&gt;&lt;/span&gt;&lt;/div&gt;&lt;/div&gt;&lt;/td&gt;&lt;/tr&gt;&lt;tr&gt;&lt;td colspan=&quot;4&quot;&gt;&lt;div class=&quot;section-header&quot;&gt;&lt;a id=&quot;section8&quot; class=&quot;section-anchor&quot;&gt;#&lt;/a&gt;Post-build Actions&lt;/div&gt;&lt;/td&gt;&lt;/tr&gt;&lt;tr&gt;&lt;td colspan=&quot;4&quot;&gt;&lt;div class=&quot;hetero-list-container with-drag-drop one-each honor-order&quot;&gt;&lt;div class=&quot;repeatable-insertion-point&quot;&gt;&lt;/div&gt;&lt;div&gt;&lt;span class=&quot;yui-button yui-menu-button&quot; id=&quot;yui-gen5&quot;&gt;&lt;span class=&quot;first-child&quot;&gt;&lt;button type=&quot;button&quot; tabindex=&quot;0&quot; id=&quot;yui-gen5-button&quot; class=&quot;hetero-list-add&quot; suffix=&quot;publisher&quot; path=&quot;/hetero-list-add[publisher]&quot;&gt;Add post-build action&lt;/button&gt;&lt;/span&gt;&lt;/span&gt;&lt;/div&gt;&lt;/div&gt;&lt;/td&gt;&lt;/tr&gt;&lt;tr&gt;&lt;td colspan=&quot;4&quot;&gt;&lt;div style=&quot;height: 74px;&quot;&gt;&lt;/div&gt;&lt;div id=&quot;bottom-sticker&quot; style=&quot;position: fixed; bottom: 0px; left: 338px;&quot;&gt;&lt;div class=&quot;bottom-sticker-edge&quot;&gt;&lt;/div&gt;&lt;div class=&quot;bottom-sticker-inner&quot;&gt;&lt;span class=&quot;yui-button yui-submit-button submit-button primary&quot; id=&quot;yui-gen30&quot; name=&quot;Submit&quot; path=&quot;/Submit&quot;&gt;&lt;span class=&quot;first-child&quot;&gt;&lt;button type=&quot;button&quot; tabindex=&quot;0&quot; id=&quot;yui-gen30-button&quot;&gt;Save&lt;/button&gt;&lt;/span&gt;&lt;/span&gt;&lt;script src=&quot;/adjuncts/ebda7158/lib/form/apply/apply.js&quot; type=&quot;text/javascript&quot;&gt;&lt;/script&gt;&lt;input type=&quot;hidden&quot; name=&quot;core:apply&quot; value=&quot;&quot; path=&quot;/core:apply&quot;&gt;&lt;span class=&quot;yui-button yui-push-button apply-button applyButton&quot; id=&quot;yui-gen11&quot; name=&quot;Apply&quot; path=&quot;/Apply&quot;&gt;&lt;span class=&quot;first-child&quot;&gt;&lt;button type=&quot;button&quot; tabindex=&quot;0&quot; id=&quot;yui-gen11-button&quot; path=&quot;/Apply/apply-button&quot;&gt;Apply&lt;/button&gt;&lt;/span&gt;&lt;/span&gt;&lt;/div&gt;&lt;/div&gt;&lt;/td&gt;&lt;/tr&gt;&lt;/tbody&gt;&lt;/table&gt;&lt;div&gt;&lt;input type=&quot;hidden&quot; name=&quot;json&quot; value=&quot;init&quot;&gt;&lt;/div&gt;&lt;/form&gt;&lt;script src=&quot;/adjuncts/ebda7158/lib/form/confirm.js&quot; type=&quot;text/javascript&quot;&gt;&lt;/script&gt;&lt;/div&gt;&lt;/div&gt;&lt;footer&gt;&lt;div class=&quot;container-fluid&quot;&gt;&lt;div class=&quot;row&quot;&gt;&lt;div class=&quot;col-md-6&quot; id=&quot;footer&quot;&gt;&lt;div id=&quot;l10n-footer&quot; style=&quot;display: block; float: left;&quot;&gt;&lt;a href=&quot;#&quot; onclick=&quot;return showTranslationDialog();&quot;&gt;&lt;img src=&quot;/static/ebda7158/plugin/translation/flags.png&quot;&gt;&#10;      Help us localize this page&#10;    &lt;/a&gt;&lt;/div&gt;&lt;/div&gt;&lt;div class=&quot;col-md-18&quot;&gt;&lt;span class=&quot;page_generated&quot;&gt;Page generated: Oct 16, 2015 7:07:45 PM&lt;/span&gt;&lt;span class=&quot;rest_api&quot;&gt;&lt;a href=&quot;api/&quot;&gt;REST API&lt;/a&gt;&lt;/span&gt;&lt;span class=&quot;jenkins_ver&quot;&gt;&lt;a href=&quot;http://jenkins-ci.org/&quot;&gt;Jenkins ver. 1.630&lt;/a&gt;&lt;/span&gt;&lt;div id=&quot;l10n-dialog&quot; class=&quot;dialog&quot;&gt;&lt;/div&gt;&lt;script&gt;var footer = document.getElementById(&apos;l10n-footer&apos;);&#10;    var f = document.getElementById(&apos;footer&apos;);&#10;    f.insertBefore(footer,f.firstChild);&#10;    footer.style.display=&quot;block&quot;;&#10;&#10;    var translation={}; &#10;    translation.bundles = &quot;VbYSOd18EkDGkEsH/9M74Sw9RE7sdFhRIpCrHOvbFZZGxQ6fGFVH11tbKnTjtBHq2J8hbfCcjuvYvZVFl+fN12qPO8bigaocu84a2mjt08MfhGJJvMfhEqxqrAd9QzMeHto5BWvP/Fg6WPSjlZK3+EA2P7yLr8rR13MMX17T2MfPHe6sv9e/C5G0M0m3Q1vzP8ckqcTgYdeer/Cz93lFCHyfNgTitMRJHRHmgPUZ8wVvgXnvXKYNWWYfTsoWOgeLPYLXESd5JAIgd3mJc1DAn8fSWNt3pNfX0f52HqVUvhR3Qh0KO37XE0KieHhKQJ7IKehWbAWen/cP7NB5V/IWKONpCAYycdwIZYH8K5K8v2Ia7zfOjNhVAKXQQ4v30xGjqa+TYHj2+xyjQzbe9HPagiVsBUW7n1cs3ujsWi27TkGqTvHIXZmMAL041D6vpmg+Xl5/d6ILFB01iJGYRU9c6A4XmNAA+Q1PyU1uWdy8HoXkuc32ziF77Mryms7ju2KR31VNWMddqUiRyTczKaQt7mJZ2yvWtNGLQMgYvmuAbwiO0MlOjsmcz0OUnaWfqB1uw6ycJOWD6teN11YCPTqOI5U1MUk83rJ3DVVZJI6qSjCZJOuwTQfjtplYpSm8Epc7GuvsDzMlsFRX/IQ9TV5xIt2S1jrtSKvzzIH1CY/AfKLhu0CSOfmfGvxh3pNmrkC6Eovd4Jx9U5I1gtJR5T64/eWFyXx/CCy9oawIy/lznT2magQ8mIaj2WYktxIkOqP6uThOVmJQTjxtnokXIz3UlYRQHRNcrTeorN07+mCgX29hbFF/FicgeZz/iHOupveoAWJZP0cJrxhh7K/7wzBkkeg+OSaJxxbfcOLbeqnvTvb5cn88hzVOSONq+2szfLmPO7vetoTf9lidu+cRDIyLnowLNx4+KpnQ1VQtEA2LZlg//T9WUYjDKn3sssU33phAElcwWvyTQuI1n5Kr8QB6pkPa8CmOxtphXlYabMmiaFcSKod1KC5AvFmg5vT1XzLYoXe5XmM+8cKh0+uSco1dHtN/cLnuFek4VgJd08Y5CGDBuclEr5917hQrParYpQiMKrNQC8aLiS3LlZBWAhTkHHM9dIYiLgvkG+JEGe8EzgF2EEv5PIVqsTwmq4VyKZho2gruXmYXNZvksWVUyHXONNeqIHTC+dUkTjQ144L8DFy9OjMSJtb0gpmRgEwXCsezmos7KupYbnBUjp90Xxhqacfjy8KWT7vWck/9G4ZZVfr7fOUyl9ql3DZtG7Xfi212mmFHu4DF3k5H8m50YikvwUzgR8u6jpg7aJsMgsZtMFHUgRr4BucAwGW3oKIcw74TZw+OJBdtW9xnv1yTEJ7mVddb4D/sVp+6y2Fl+/pXVWY4wpBFglV72Xlf41dDnMHI67PH3+r5gKDiRROhIgEAy42GZYigmo060rNPNv7Nz6UfElNbidGzlEFXmaStBEO7Zcvt5nm+6eXRAlNw07qnBNDxEtZPswdqG/7K8pqjpzhE61gpNayV6Dtvm7g7rbC/Jnx01A8lIbK8OVqmDfvX8gubvrGEEHb+NGDfWv4UI+vRL0ov0Bt68DFGnVE8LrVz7LSavAG6EuJXJWWmVjp5SZ6y9bdvA8Go/ppT4stBt6BGM1wr8A8iis4v+xeh4ptzRwkEbSUbu0IlFJQsDhRa1CIoXQwc3p+eH1R/sDD/IwpZ1Jcrze6+BogWHXq7dFCCiznPjvDXsMVEMZjEPA1b14IDEI9msgxt5Rhc987Ug+jr9LnVyMMcaJvXRAU3+TzClsUdd50RicRLyJDHTyPoQcij3hE9Xd3ds4FwDO7U8lZd6/IEFQoZEvRkHBS9cxTFPmojcBSsM/S0tAnaVvpo2KlDZMmYRQMoBjz4z8Pw5Opz91zlHsOjwZyoZq6DNb2cu4/Z8PULsLft/n+81R0jHZ9iykuon5tXxNWpYNNMhEC7XWerjlUfKfoy+N9mX/JS3yH6wNvxhZ/s6nNZVIw1CmYcOq9kjCigL4suzf5cZ0HmoH5xOkVq6QFAFTNT3wapzzp7LpQTXw9wCZBsevCqlDyUXALmg2QGclzqOJbfcZVk4l8H6e4+YViy2KH4zKJlXRWCuIA7EnggYH4fPCY6ii0jzlbMKHChMyDEze7mO1rE88vAvnqWxM6XHEcnp9bGDoXGzbgDVjIaAByh9JGDR3HgrPkvIKvkjXpSHfqmLt/rL73Zda+z0xKQPkVFuJYP+Ex+rOheJk83EPmsR+wq5YJNr+IC5C7YRaIfFSruIuFsbCwmHLIJzy8QFMPBuNOpkX1uqhgqi9oqWIK9sAv3YYmSWghm5TSWeimHx4H//WSVSX0N0gBkaVURdbTrxzy9Qa9F42i2vCJ0CysIU8aBGSrHHP6afcW8py75BydJoLaq/Dkb4XR3kd6d719+5k/J9Qec7S08Z+0xpBdhzoQTU504hSXuK3trUjceqiEXr40=&quot;;&#10;    translation.detectedLocale = &quot;&quot;;&#10;&#10;    function showTranslationDialog() {&#10;      if(!translation.launchDialog)&#10;        loadScript(&quot;/static/ebda7158/plugin/translation/dialog.js&quot;);&#10;      else&#10;        translation.launchDialog();&#10;      return false; &#10;    }&lt;/script&gt;&lt;script src=&quot;/static/ebda7158/plugin/form-element-path/script.js&quot;&gt;&lt;/script&gt;&lt;/div&gt;&lt;/div&gt;&lt;/div&gt;&lt;/footer&gt;&lt;/body&gt;&lt;/html&gt;&#10;For documentation on this error, please visit: http://seleniumhq.org/exceptions/no_such_element.html&#10;Build info: version: &apos;2.47.1&apos;, revision: &apos;unknown&apos;, time: &apos;2015-07-30 11:02:44&apos;&#10;System info: host: &apos;MacBook-Pro-2.home&apos;, ip: &apos;192.168.1.6&apos;, os.name: &apos;Mac OS X&apos;, os.arch: &apos;x86_64&apos;, os.version: &apos;10.10.5&apos;, java.version: &apos;1.8.0_60&apos;&#10;Driver info: driver.version: unknown" type="org.openqa.selenium.NoSuchElementException"><![CDATA[org.openqa.selenium.NoSuchElementException: Unable to locate By.xpath: //a[contains(@href, '/viewed_job/build?')]/img[contains(@title, 'Schedule a build')] in http://127.0.0.1:56435/job/viewed_job/configure

<!DOCTYPE html><html><head resurl="/static/ebda7158">
    

    <title>viewed_job Config [Jenkins]</title><link rel="stylesheet" href="/static/ebda7158/css/style.css" type="text/css"><link rel="stylesheet" href="/static/ebda7158/css/color.css" type="text/css"><link rel="stylesheet" href="/static/ebda7158/css/responsive-grid.css" type="text/css"><link rel="shortcut icon" href="/static/ebda7158/favicon.ico" type="image/vnd.microsoft.icon"><script>var isRunAsTest=false; var rootURL=""; var resURL="/static/ebda7158";</script><script src="/static/ebda7158/scripts/prototype.js" type="text/javascript"></script><script src="/static/ebda7158/scripts/behavior.js" type="text/javascript"></script><script src="/adjuncts/ebda7158/org/kohsuke/stapler/bind.js" type="text/javascript"></script><script src="/static/ebda7158/scripts/yui/yahoo/yahoo-min.js"></script><script src="/static/ebda7158/scripts/yui/dom/dom-min.js"></script><script src="/static/ebda7158/scripts/yui/event/event-min.js"></script><script src="/static/ebda7158/scripts/yui/animation/animation-min.js"></script><script src="/static/ebda7158/scripts/yui/dragdrop/dragdrop-min.js"></script><script src="/static/ebda7158/scripts/yui/container/container-min.js"></script><script src="/static/ebda7158/scripts/yui/connection/connection-min.js"></script><script src="/static/ebda7158/scripts/yui/datasource/datasource-min.js"></script><script src="/static/ebda7158/scripts/yui/autocomplete/autocomplete-min.js"></script><script src="/static/ebda7158/scripts/yui/menu/menu-min.js"></script><script src="/static/ebda7158/scripts/yui/element/element-min.js"></script><script src="/static/ebda7158/scripts/yui/button/button-min.js"></script><script src="/static/ebda7158/scripts/yui/storage/storage-min.js"></script><script src="/static/ebda7158/scripts/hudson-behavior.js" type="text/javascript"></script><script src="/static/ebda7158/scripts/sortable.js" type="text/javascript"></script><script>crumb.init("", "");</script><link rel="stylesheet" href="/static/ebda7158/scripts/yui/container/assets/container.css" type="text/css"><link rel="stylesheet" href="/static/ebda7158/scripts/yui/assets/skins/sam/skin.css" type="text/css"><link rel="stylesheet" href="/static/ebda7158/scripts/yui/container/assets/skins/sam/container.css" type="text/css"><link rel="stylesheet" href="/static/ebda7158/scripts/yui/button/assets/skins/sam/button.css" type="text/css"><link rel="stylesheet" href="/static/ebda7158/scripts/yui/menu/assets/skins/sam/menu.css" type="text/css"><link rel="search" href="/opensearch.xml" type="application/opensearchdescription+xml" title="Jenkins"><meta name="ROBOTS" content="INDEX,NOFOLLOW"><link rel="alternate" href="rssAll" title="Jenkins:viewed_job (all builds)" type="application/rss+xml"><link rel="alternate" href="rssAll?flavor=rss20" title="Jenkins:viewed_job (all builds) (RSS 2.0)" type="application/rss+xml"><link rel="alternate" href="rssFailed" title="Jenkins:viewed_job (failed builds)" type="application/rss+xml"><link rel="alternate" href="rssFailed?flavor=rss20" title="Jenkins:viewed_job (failed builds) (RSS 2.0)" type="application/rss+xml"><link rel="alternate" href="rssChangelog" title="Jenkins:viewed_job (changelog)" type="application/rss+xml"><link rel="alternate" href="rssChangelog?flavor=rss20" title="Jenkins:viewed_job (changelog) (RSS 2.0)" type="application/rss+xml"><link rel="stylesheet" href="/adjuncts/ebda7158/lib/form/breadcrumb-config-outline/init.css" type="text/css"><script src="/adjuncts/ebda7158/lib/form/breadcrumb-config-outline/init.js" type="text/javascript"></script><script src="/static/ebda7158/scripts/yui/cookie/cookie-min.js"></script></head><body data-model-type="hudson.model.FreeStyleProject" id="jenkins" class="yui-skin-sam jenkins-1.630" data-version="jenkins-1.630"><div id="tt" class="yui-module yui-overlay yui-tt yui-overlay-hidden" style="z-index: 999; visibility: hidden;"><div class="bd"></div></div><div class="yui-panel-container shadow yui-overlay-hidden" id="wait14_c" style="visibility: hidden; left: 486px; top: 360px; z-index: 4;"><div id="wait14" class="yui-module yui-overlay yui-panel" style="visibility: inherit;"><a class="container-close" href="#">Close</a><div class="hd" id="wait14_h" style="cursor: move;">Error</div><div class="bd"><div id="container13"></div></div></div></div><iframe id="_yuiResizeMonitor" title="Text Resize Monitor" tabindex="-1" role="presentation" style="position: absolute; visibility: visible; background-color: transparent; border-width: 0px; width: 2em; height: 2em; left: 0px; top: -27px;"></iframe><a href="#skip2content" class="skiplink">Skip to content</a><div id="page-head"><div id="header"><div class="logo"><a id="jenkins-home-link" href="/"><img src="/static/ebda7158/images/headshot.png" alt="title" id="jenkins-head-icon"><img src="/static/ebda7158/images/title.png" alt="title" width="139" id="jenkins-name-icon" height="34"></a></div><div class="login"></div><div class="searchbox hidden-xs"><form method="get" name="search" action="/job/viewed_job/search/" style="position:relative;" class="no-json" path=""><div id="search-box-minWidth" style="font-family: Helvetica, Arial, sans-serif; font-size: 13px; font-style: normal; font-weight: normal;"></div><div id="search-box-sizer" style="font-family: Helvetica, Arial, sans-serif; font-size: 13px; font-style: normal; font-weight: normal;"></div><div id="searchform" class="yui-ac"><input name="q" placeholder="search" id="search-box" class="has-default-text yui-ac-input defaulted" autocomplete="off" style="width: 255px;" path="/q">&nbsp;<a href="http://wiki.jenkins-ci.org/display/JENKINS/Search+Box"><img src="/static/ebda7158/images/16x16/help.png" style="width: 16px; height: 16px; " class="icon-help icon-sm"></a><div id="search-box-completion" class="yui-ac-container" style="width: 255px; left: 0px; top: 26px;"><div class="yui-ac-content" style="display: none; width: 255px;"><div class="yui-ac-hd" style="display: none;"></div><div class="yui-ac-bd"><ul><li style="display: none;"></li><li style="display: none;"></li><li style="display: none;"></li><li style="display: none;"></li><li style="display: none;"></li><li style="display: none;"></li><li style="display: none;"></li><li style="display: none;"></li><li style="display: none;"></li><li style="display: none;"></li></ul></div><div class="yui-ac-ft" style="display: none;"></div></div></div><script>createSearchBox("/job/viewed_job/search/");</script></div></form></div></div><div id="breadcrumbBar"><link rel="stylesheet" href="/adjuncts/ebda7158/lib/layout/breadcrumbs.css" type="text/css"><script src="/adjuncts/ebda7158/lib/layout/breadcrumbs.js" type="text/javascript"></script><div style="height: 26px;"></div><div class="top-sticker noedge" style="position: fixed; top: 40px; left: 0px;"><div class="top-sticker-edge"></div><div class="top-sticker-inner"><div id="right-top-nav"></div><ul id="breadcrumbs"><li class="item"><a href="/" class="model-link inside breadcrumbBarAnchor">Jenkins</a></li><li href="/" class="children"></li><li class="item"><a href="/job/viewed_job/" class="model-link inside breadcrumbBarAnchor">viewed_job</a></li><li href="/job/viewed_job/" class="children"></li><li id="inpage-nav" class="item"><a class="model-link inside breadcrumbBarAnchor">configuration</a></li></ul><div id="breadcrumb-menu-target"></div></div></div></div></div><div id="menuSelector"></div><div id="page-body"><div id="side-panel"><div id="tasks"><div class="task"><a href="/" class="task-icon-link"><img src="/static/ebda7158/images/24x24/up.png" style="width: 24px; height: 24px; width: 24px; height: 24px; margin: 2px;" class="icon-up icon-md"></a>&nbsp;<a href="/" class="task-link">Back to Dashboard</a></div><div class="task"><a href="/job/viewed_job/" class="task-icon-link"><img src="/static/ebda7158/images/24x24/search.png" style="width: 24px; height: 24px; width: 24px; height: 24px; margin: 2px;" class="icon-search icon-md"></a>&nbsp;<a href="/job/viewed_job/" class="task-link">Status</a></div><div class="task"><a href="/job/viewed_job/changes" class="task-icon-link"><img src="/static/ebda7158/images/24x24/notepad.png" style="width: 24px; height: 24px; width: 24px; height: 24px; margin: 2px;" class="icon-notepad icon-md"></a>&nbsp;<a href="/job/viewed_job/changes" class="task-link">Changes</a></div><div class="task"><a href="/job/viewed_job/ws/" class="task-icon-link"><img src="/static/ebda7158/images/24x24/folder.png" style="width: 24px; height: 24px; width: 24px; height: 24px; margin: 2px;" class="icon-folder icon-md"></a>&nbsp;<a href="/job/viewed_job/ws/" class="task-link">Workspace</a></div><div class="task"><a onclick="return build_id14(this)" href="/job/viewed_job/build?delay=0sec" class="task-icon-link"><img src="/static/ebda7158/images/24x24/clock.png" style="width: 24px; height: 24px; width: 24px; height: 24px; margin: 2px;" class="icon-clock icon-md"></a>&nbsp;<a onclick="return build_id14(this)" href="/job/viewed_job/build?delay=0sec" class="task-link">Build Now</a></div><script>function build_id14(a) {
                new Ajax.Request(a.href);
                hoverNotification('Build scheduled',a.parentNode);
                return false;
            }</script><div class="task"><a onclick="confirmPOST_id17(true, '/job/viewed_job/doDelete', 'Are you sure about deleting the Project ‘viewed_job’?')" href="#"><img src="/static/ebda7158/images/24x24/edit-delete.png" style="width: 24px; height: 24px; width: 24px; height: 24px; margin: 2px;" class="icon-edit-delete icon-md"></a><script>function confirmPOST_id17(post, href, message) {
            if (confirm(message)) {
                var form = document.createElement('form');
                form.setAttribute('method', post ? 'POST' : 'GET');
                form.setAttribute('action', href);
                if (post) {
                    crumb.appendToForm(form);
                }
                document.body.appendChild(form);
                form.submit();
            }
            return false;
        }</script>&nbsp;<a onclick="confirmPOST_id18(true, '/job/viewed_job/doDelete', 'Are you sure about deleting the Project ‘viewed_job’?')" href="#" class="task-link">Delete Project</a><script>function confirmPOST_id18(post, href, message) {
            if (confirm(message)) {
                var form = document.createElement('form');
                form.setAttribute('method', post ? 'POST' : 'GET');
                form.setAttribute('action', href);
                if (post) {
                    crumb.appendToForm(form);
                }
                document.body.appendChild(form);
                form.submit();
            }
            return false;
        }</script></div><div class="task"><a href="/job/viewed_job/configure" class="task-icon-link"><img src="/static/ebda7158/images/24x24/setting.png" style="width: 24px; height: 24px; width: 24px; height: 24px; margin: 2px;" class="icon-setting icon-md"></a>&nbsp;<a href="/job/viewed_job/configure" class="task-link"><b>Configure</b></a><div class="subtasks"></div></div></div><div id="buildHistory" class="container-fluid pane-frame track-mouse"><div class="row"><div class="col-xs-24 pane-header"><a href="/toggleCollapse?paneId=buildHistory" title="collapse" class="collapse"><img src="/static/ebda7158/images/16x16/collapse.png" alt="collapse" style="width: 16px; height: 16px; " class="icon-collapse icon-sm"></a><div style="float:right"><a href="/job/viewed_job/buildTimeTrend">trend</a></div><div data="100" class="healthReport" onmouseover="this.className='healthReport hover';return true;
        " onmouseout="this.className='healthReport';return true;"><img src="/static/ebda7158/images/16x16/health-80plus.png" alt="100%" style="width: 16px; height: 16px; " class="icon-health-80plus icon-sm"></div>Build History</div></div><div class="row pane-content"><table class="pane stripped"></table></div><div class="row"><div class="col-xs-24 pane-footer"><span class="build-rss-links"><a href="/job/viewed_job/rssAll" class="build-rss-all-icon"><img border="0" src="/static/ebda7158/images/atom.gif" alt="Feed" width="16" height="16"></a>&nbsp;<a href="/job/viewed_job/rssAll" class="build-rss-all-link">RSS for all</a>&nbsp;<a href="/job/viewed_job/rssFailed" class="build-rss-failed-icon"><img border="0" src="/static/ebda7158/images/atom.gif" alt="Feed" width="16" height="16"></a>&nbsp;<a href="/job/viewed_job/rssFailed" class="build-rss-failed-link">RSS for failures</a></span></div></div></div><script defer="true">updateBuildHistory("/job/viewed_job/buildHistory/ajax",1);</script></div><div id="main-panel"><a name="skip2content"></a><div class="behavior-loading" style="display: none;">LOADING</div><form method="post" name="config" action="configSubmit" path=""><link rel="stylesheet" href="/adjuncts/ebda7158/lib/form/section_.css" type="text/css"><table width="100%"><tbody><tr><td class="setting-leftspace">&nbsp;</td><td class="setting-name">Project name</td><td class="setting-main">
   

  
  <input name="name" type="text" class="setting-input   " value="viewed_job" path="/name"></td><td class="setting-no-help"></td></tr><tr class="validation-error-area"><td colspan="2"></td><td></td><td></td></tr><tr><td class="setting-leftspace">&nbsp;</td><td class="setting-name">Description</td><td class="setting-main"><script src="/adjuncts/ebda7158/lib/form/textarea/textarea.js" type="text/javascript"></script><textarea name="description" rows="5" class="setting-input   " path="/description"></textarea><div class="textarea-handle"></div><div class="textarea-preview-container">
        [Plain text]&nbsp;<a previewendpoint="/markupFormatter/previewDescription" href="#" class="textarea-show-preview">Preview</a>&nbsp;<a href="#" class="textarea-hide-preview" style="display: none;">Hide preview</a><div class="textarea-preview" style="display: none;"></div></div></td><td class="setting-no-help"></td></tr><tr class="validation-error-area"><td colspan="2"></td><td></td><td></td></tr><tr class="optional-block-start " hashelp="true" ref="cb15"><td colspan="3"><input onclick="javascript:updateOptionalBlock(this,true)" name="logrotate" type="checkbox" class=" " id="cb15" path="/logrotate"><label class="attach-previous">Discard Old Builds</label></td><td class="setting-help"><a helpurl="/help/project-config/log-rotation.html" href="#" class="help-button" tabindex="9999"><img src="/static/ebda7158/images/16x16/help.png" alt="Help for feature: Discard Old Builds" style="width: 16px; height: 16px; " class="icon-help icon-sm"></a></td></tr><tr class="help-area"><td></td><td colspan="2"><div class="help">Loading...</div></td><td></td></tr><tr class="rowvg-start" style="display: none;"></tr><tr style="display: none;"><td class="setting-leftspace">&nbsp;</td><td class="setting-name">Strategy</td><td class="setting-main"><select class="setting-input dropdownList" path="/"><option value="0">Log Rotation</option></select></td><td class="setting-no-help"></td></tr><tr class="dropdownList-container" style="display: none;"><td colspan="2"></td><td colspan="2"><table width="100%" name="buildDiscarder" path="/buildDiscarder"><tbody><tr class="dropdownList-start rowvg-start"></tr>
      
      <tr><td class="setting-leftspace">&nbsp;</td><td class="setting-name">Days to keep builds</td><td class="setting-main"><input step="1" min="1" name="_.daysToKeepStr" type="number" class="setting-input  positive-number" value="" path="/buildDiscarder/daysToKeepStr"></td><td class="setting-no-help"></td></tr><tr class="validation-error-area"><td colspan="2"></td><td></td><td></td></tr><tr><td colspan="2"></td><td class="setting-description">if not empty, build records are only kept up to this number of days</td><td></td></tr><tr><td class="setting-leftspace">&nbsp;</td><td class="setting-name">Max # of builds to keep</td><td class="setting-main"><input step="1" min="1" name="_.numToKeepStr" type="number" class="setting-input  positive-number" value="" path="/buildDiscarder/numToKeepStr"></td><td class="setting-no-help"></td></tr><tr class="validation-error-area"><td colspan="2"></td><td></td><td></td></tr><tr><td colspan="2"></td><td class="setting-description">if not empty, only up to this number of build records are kept</td><td></td></tr><tr><td></td><td></td><td><script src="/adjuncts/ebda7158/lib/form/advanced/advanced.js" type="text/javascript"></script><div style="" class="advancedLink"><span style="display: none" id="id26"><img src="/static/ebda7158/images/24x24/notepad.png" tooltip="One or more fields in this block have been edited." style="width: 24px; height: 24px; vertical-align: baseline" class="icon-notepad icon-md" title="One or more fields in this block have been edited."></span>&nbsp;<span class="yui-button yui-push-button advanced-button advancedButton" id="yui-gen31"><span class="first-child"><button type="button" tabindex="0" id="yui-gen31-button" path="/buildDiscarder/advanced-button">Advanced...</button></span></span></div><table class="advancedBody"><tbody><tr><td class="setting-leftspace">&nbsp;</td><td class="setting-name">Days to keep artifacts</td><td class="setting-main"><input step="1" min="1" name="_.artifactDaysToKeepStr" type="number" class="setting-input  positive-number" value="" path="/buildDiscarder/artifactDaysToKeepStr"></td><td class="setting-no-help"></td></tr><tr class="validation-error-area"><td colspan="2"></td><td></td><td></td></tr><tr><td colspan="2"></td><td class="setting-description">if not empty, artifacts from builds older than this number of days will be deleted, but the logs, history, reports, etc for the build will be kept</td><td></td></tr><tr><td class="setting-leftspace">&nbsp;</td><td class="setting-name">Max # of builds to keep with artifacts</td><td class="setting-main"><input step="1" min="1" name="_.artifactNumToKeepStr" type="number" class="setting-input  positive-number" value="" path="/buildDiscarder/artifactNumToKeepStr"></td><td class="setting-no-help"></td></tr><tr class="validation-error-area"><td colspan="2"></td><td></td><td></td></tr><tr><td colspan="2"></td><td class="setting-description">if not empty, only up to this number of builds have their artifacts retained</td><td></td></tr></tbody></table></td><td></td></tr><tr style=""><td><input name="stapler-class" type="hidden" value="hudson.tasks.LogRotator" path="/buildDiscarder/stapler-class"><input name="$class" type="hidden" value="hudson.tasks.LogRotator" path="/buildDiscarder/$class"></td></tr><tr class="dropdownList-end rowvg-end"></tr></tbody></table></td></tr><tr class=" rowvg-end optional-block-end"></tr><script src="/adjuncts/ebda7158/lib/form/section_.js" type="text/javascript"></script><tr name="properties" style="display:none" class="row-set-start" id="rowSetStart31" path="/properties"></tr><tr nameref="rowSetStart31"><td><input type="hidden" name="stapler-class-bag" value="true" path="/properties/stapler-class-bag"></td></tr><tr name="hudson-model-ParametersDefinitionProperty" style="display:none" class="row-set-start" id="rowSetStart30" nameref="rowSetStart31" path="/properties/hudson-model-ParametersDefinitionProperty"></tr><tr class="optional-block-start row-set-start" hashelp="true" ref="cb16" nameref="rowSetStart30"><td colspan="3"><input onclick="javascript:updateOptionalBlock(this,true)" name="parameterized" type="checkbox" class=" " id="cb16" path="/properties/hudson-model-ParametersDefinitionProperty/parameterized"><label class="attach-previous">This build is parameterized</label></td><td class="setting-help"><a helpurl="/help/project-config/parameterized-build.html" href="#" class="help-button" tabindex="9999"><img src="/static/ebda7158/images/16x16/help.png" alt="Help for feature: This build is parameterized" style="width: 16px; height: 16px; " class="icon-help icon-sm"></a></td></tr><tr class="help-area" nameref="cb16"><td></td><td colspan="2"><div class="help">Loading...</div></td><td></td></tr><tr class="rowvg-start" nameref="cb16" style="display: none;"></tr><tr nameref="cb16" style="display: none;"><td colspan="2"></td><td colspan="2"><script src="/adjuncts/ebda7158/lib/form/dragdrop/dragdrop.js" type="text/javascript"></script><script src="/adjuncts/ebda7158/lib/form/hetero-list/hetero-list.js" type="text/javascript"></script><div class="hetero-list-container with-drag-drop  "><div class="repeatable-insertion-point"></div><div><span class="yui-button yui-menu-button" id="yui-gen1"><span class="first-child"><button type="button" tabindex="0" id="yui-gen1-button" class="hetero-list-add" suffix="parameter">Add Parameter</button></span></span></div></div></td></tr><tr class="row-set-end rowvg-end optional-block-end" nameref="rowSetStart30"></tr><tr class="row-set-end" nameref="rowSetStart31"></tr><tr class="row-set-end"></tr><tr class="optional-block-start " hashelp="true" ref="cb17"><td colspan="3"><input onclick="javascript:updateOptionalBlock(this,true)" name="disable" type="checkbox" class=" " id="cb17" path="/disable"><label class="attach-previous">Disable Build (No new builds will be executed until the project is re-enabled.)</label></td><td class="setting-help"><a helpurl="/help/project-config/disable.html" href="#" class="help-button" tabindex="9999"><img src="/static/ebda7158/images/16x16/help.png" alt="Help for feature: Disable Build (No new builds will be executed until the project is re-enabled.)" style="width: 16px; height: 16px; " class="icon-help icon-sm"></a></td></tr><tr class="help-area"><td></td><td colspan="2"><div class="help">Loading...</div></td><td></td></tr><tr class="rowvg-start" style="display: none;"></tr><tr class=" rowvg-end optional-block-end"></tr><tr class="optional-block-start " hashelp="true" ref="cb18"><td colspan="3"><input onclick="javascript:updateOptionalBlock(this,true)" name="_.concurrentBuild" type="checkbox" class=" " id="cb18" path="/concurrentBuild"><label class="attach-previous">Execute concurrent builds if necessary</label></td><td class="setting-help"><a helpurl="/descriptor/hudson.model.FreeStyleProject/help/concurrentBuild" href="#" class="help-button" tabindex="9999"><img src="/static/ebda7158/images/16x16/help.png" alt="Help for feature: Execute concurrent builds if necessary" style="width: 16px; height: 16px; " class="icon-help icon-sm"></a></td></tr><tr class="help-area"><td></td><td colspan="2"><div class="help">Loading...</div></td><td></td></tr><tr class="rowvg-start" style="display: none;"></tr><tr class=" rowvg-end optional-block-end"></tr><tr><td colspan="4"><div class="section-header"><a id="section0" class="section-anchor">#</a>Advanced Project Options</div></td></tr><tr><td></td><td></td><td><script src="/adjuncts/ebda7158/lib/form/advanced/advanced.js" type="text/javascript"></script><div style="" class="advancedLink"><span style="display: none" id="id20"><img src="/static/ebda7158/images/24x24/notepad.png" tooltip="One or more fields in this block have been edited." style="width: 24px; height: 24px; vertical-align: baseline" class="icon-notepad icon-md" title="One or more fields in this block have been edited."></span>&nbsp;<span class="yui-button yui-push-button advanced-button advancedButton" id="yui-gen7"><span class="first-child"><button type="button" tabindex="0" id="yui-gen7-button" path="/advanced-button">Advanced...</button></span></span></div><table class="advancedBody"><tbody><tr class="optional-block-start " hashelp="true" ref="cb19"><td colspan="3"><input onclick="javascript:updateOptionalBlock(this,true)" name="hasCustomQuietPeriod" type="checkbox" class=" " id="cb19" path="/hasCustomQuietPeriod"><label class="attach-previous">Quiet period</label></td><td class="setting-help"><a helpurl="/descriptor/jenkins.model.GlobalQuietPeriodConfiguration/help/quietPeriod" href="#" class="help-button" tabindex="9999"><img src="/static/ebda7158/images/16x16/help.png" alt="Help for feature: Quiet period" style="width: 16px; height: 16px; " class="icon-help icon-sm"></a></td></tr><tr class="help-area"><td></td><td colspan="2"><div class="help">Loading...</div></td><td></td></tr><tr class="rowvg-start" style="display: none;"></tr><tr style="display: none;"><td class="setting-leftspace">&nbsp;</td><td class="setting-name">Quiet period</td><td class="setting-main"><input step="1" min="0" name="quiet_period" type="number" class="setting-input  number" value="5" path="/quiet_period"></td><td class="setting-no-help"></td></tr><tr class="validation-error-area" style="display: none;"><td colspan="2"></td><td></td><td></td></tr><tr style="display: none;"><td colspan="2"></td><td class="setting-description">Number of seconds</td><td></td></tr><tr class=" rowvg-end optional-block-end"></tr><tr class="optional-block-start " hashelp="true" ref="cb20"><td colspan="3"><input onclick="javascript:updateOptionalBlock(this,true)" name="hasCustomScmCheckoutRetryCount" type="checkbox" class=" " id="cb20" path="/hasCustomScmCheckoutRetryCount"><label class="attach-previous">Retry Count</label></td><td class="setting-help"><a helpurl="/help/project-config/scmCheckoutRetryCount.html" href="#" class="help-button" tabindex="9999"><img src="/static/ebda7158/images/16x16/help.png" alt="Help for feature: Retry Count" style="width: 16px; height: 16px; " class="icon-help icon-sm"></a></td></tr><tr class="help-area"><td></td><td colspan="2"><div class="help">Loading...</div></td><td></td></tr><tr class="rowvg-start" style="display: none;"></tr><tr style="display: none;"><td class="setting-leftspace">&nbsp;</td><td class="setting-name">SCM checkout retry count</td><td class="setting-main"><input step="1" min="0" name="scmCheckoutRetryCount" type="number" class="setting-input  number" value="0" path="/scmCheckoutRetryCount"></td><td class="setting-no-help"></td></tr><tr class="validation-error-area" style="display: none;"><td colspan="2"></td><td></td><td></td></tr><tr class=" rowvg-end optional-block-end"></tr><tr class="optional-block-start " hashelp="true" ref="cb21"><td colspan="3"><input onclick="javascript:updateOptionalBlock(this,true)" name="blockBuildWhenUpstreamBuilding" type="checkbox" class=" " id="cb21" path="/blockBuildWhenUpstreamBuilding"><label class="attach-previous">Block build when upstream project is building</label></td><td class="setting-help"><a helpurl="/help/project-config/block-upstream-building.html" href="#" class="help-button" tabindex="9999"><img src="/static/ebda7158/images/16x16/help.png" alt="Help for feature: Block build when upstream project is building" style="width: 16px; height: 16px; " class="icon-help icon-sm"></a></td></tr><tr class="help-area"><td></td><td colspan="2"><div class="help">Loading...</div></td><td></td></tr><tr class="rowvg-start" style="display: none;"></tr><tr class=" rowvg-end optional-block-end"></tr><tr class="optional-block-start " hashelp="true" ref="cb22"><td colspan="3"><input onclick="javascript:updateOptionalBlock(this,true)" name="blockBuildWhenDownstreamBuilding" type="checkbox" class=" " id="cb22" path="/blockBuildWhenDownstreamBuilding"><label class="attach-previous">Block build when downstream project is building</label></td><td class="setting-help"><a helpurl="/help/project-config/block-downstream-building.html" href="#" class="help-button" tabindex="9999"><img src="/static/ebda7158/images/16x16/help.png" alt="Help for feature: Block build when downstream project is building" style="width: 16px; height: 16px; " class="icon-help icon-sm"></a></td></tr><tr class="help-area"><td></td><td colspan="2"><div class="help">Loading...</div></td><td></td></tr><tr class="rowvg-start" style="display: none;"></tr><tr class=" rowvg-end optional-block-end"></tr><tr class="optional-block-start " hashelp="true" ref="cb23"><td colspan="3"><input onclick="javascript:updateOptionalBlock(this,true)" name="hasCustomWorkspace" type="checkbox" class=" " id="cb23" path="/hasCustomWorkspace"><label class="attach-previous">Use custom workspace</label></td><td class="setting-help"><a helpurl="/help/project-config/custom-workspace.html" href="#" class="help-button" tabindex="9999"><img src="/static/ebda7158/images/16x16/help.png" alt="Help for feature: Use custom workspace" style="width: 16px; height: 16px; " class="icon-help icon-sm"></a></td></tr><tr class="help-area"><td></td><td colspan="2"><div class="help">Loading...</div></td><td></td></tr><tr class="rowvg-start" style="display: none;"></tr><tr style="display: none;"><td class="setting-leftspace">&nbsp;</td><td class="setting-name">Directory</td><td class="setting-main">
   

  
  <input checkdependson="customWorkspace" checkurl="/job/viewed_job/descriptorByName/hudson.model.FreeStyleProject/checkCustomWorkspace" name="_.customWorkspace" type="text" class="setting-input validated  " value="" path="/customWorkspace"></td><td class="setting-no-help"></td></tr><tr class="validation-error-area" style="display: none;"><td colspan="2"></td><td><div class="error"><img src="/static/ebda7158/images/none.gif" height="16" width="1">Custom workspace is empty.</div></td><td></td></tr><tr class=" rowvg-end optional-block-end"></tr><tr><td class="setting-leftspace">&nbsp;</td><td class="setting-name">Display Name</td><td class="setting-main">
   

  
  <input checkurl="'/checkDisplayName?displayName='+encodeURIComponent(this.value)+'&amp;jobName='+encodeURIComponent('viewed_job')" name="_.displayNameOrNull" type="text" class="setting-input validated  " value="" path="/displayNameOrNull"></td><td class="setting-help"><a helpurl="/descriptor/hudson.model.FreeStyleProject/help/displayNameOrNull" href="#" class="help-button" tabindex="9999"><img src="/static/ebda7158/images/16x16/help.png" alt="Help for feature: Display Name" style="width: 16px; height: 16px; " class="icon-help icon-sm"></a></td></tr><tr class="validation-error-area"><td colspan="2"></td><td><div></div></td><td></td></tr><tr class="help-area"><td></td><td colspan="2"><div class="help">Loading...</div></td><td></td></tr><tr class="optional-block-start row-set-start" hashelp="true" ref="cb24"><td colspan="3"><input onclick="javascript:updateOptionalBlock(this,true)" name="keepDependencies" type="checkbox" class=" " id="cb24" path="/keepDependencies"><label class="attach-previous">Keep the build logs of dependencies</label></td><td class="setting-help"><a helpurl="/help/tasks/fingerprint/keepDependencies.html" href="#" class="help-button" tabindex="9999"><img src="/static/ebda7158/images/16x16/help.png" alt="Help for feature: Keep the build logs of dependencies" style="width: 16px; height: 16px; " class="icon-help icon-sm"></a></td></tr><tr class="help-area" nameref="cb24"><td></td><td colspan="2"><div class="help">Loading...</div></td><td></td></tr><tr class="rowvg-start" nameref="cb24" style="display: none;"></tr><tr class="row-set-end rowvg-end optional-block-end"></tr></tbody></table></td><td></td></tr><tr><td colspan="4"><div class="section-header"><a id="section1" class="section-anchor">#</a>Source Code Management</div></td></tr><script src="/adjuncts/ebda7158/lib/form/radioBlock/radioBlock.js" type="text/javascript"></script><tr class="radio-block-start row-set-start" hashelp="false" ref="radio-block-9"><td colspan="3"><label><input name="scm" checked="true" type="radio" value="0" class="radio-block-control" id="radio-block-9" path="/scm[0]">
        None
      </label></td><td class="setting-no-help"></td></tr><tr style="display:none" class="row-set-end radio-block-end"></tr><tr class="radio-block-start row-set-start" hashelp="false" ref="radio-block-10"><td colspan="3"><label><input name="scm" type="radio" value="1" class="radio-block-control" id="radio-block-10" path="/scm[1]">
        CVS
      </label></td><td class="setting-no-help"></td></tr><tr nameref="radio-block-10" style="display: none;"><td class="setting-leftspace">&nbsp;</td><td class="setting-name"></td><td class="setting-main"><div class="repeated-container"><div name="repositories" class="repeated-chunk first last only"><table style="width:100%"><tbody><tr><td class="setting-leftspace">&nbsp;</td><td class="setting-name">CVSROOT</td><td class="setting-main">
   

  
  <input checkdependson="" checkurl="/job/viewed_job/descriptorByName/hudson.scm.CvsRepository/checkCvsRoot" name="_.cvsRoot" type="text" class="setting-input validated  " value=""></td><td class="setting-help"><a helpurl="/descriptor/hudson.scm.CvsRepository/help/cvsRoot" href="#" class="help-button" tabindex="9999"><img src="/static/ebda7158/images/16x16/help.png" alt="Help for feature: CVSROOT" style="width: 16px; height: 16px; " class="icon-help icon-sm"></a></td></tr><tr class="validation-error-area"><td colspan="2"></td><td><div class="error"><img src="/static/ebda7158/images/none.gif" height="16" width="1">CVSROOT is mandatory</div></td><td></td></tr><tr class="help-area"><td></td><td colspan="2"><div class="help">Loading...</div></td><td></td></tr><tr class="optional-block-start " hashelp="false" ref="cb25"><td colspan="3"><input onclick="javascript:updateOptionalBlock(this,true)" name="passwordRequired" type="checkbox" class=" " id="cb25"><label class="attach-previous">This Connection Requires A Password</label></td><td class="setting-no-help"></td></tr><tr class="rowvg-start" style="display: none;"></tr><tr style="display: none;"><td class="setting-leftspace">&nbsp;</td><td class="setting-name">Password</td><td class="setting-main"><input name="_.password" type="password" class="setting-input " value=""></td><td class="setting-no-help"></td></tr><tr class="validation-error-area" style="display: none;"><td colspan="2"></td><td></td><td></td></tr><tr class=" rowvg-end optional-block-end"></tr><tr><td class="setting-leftspace">&nbsp;</td><td class="setting-name"></td><td class="setting-main"><div class="repeated-container"><div name="repositoryItems" class="repeated-chunk first last only"><table style="width:100%"><tbody><tr><td class="setting-leftspace">&nbsp;</td><td class="setting-name">Location</td><td class="setting-main"><select class="setting-input dropdownList"><option value="0">Branch</option><option value="1" selected="true">Head</option><option value="2">Tag</option></select></td><td class="setting-no-help"></td></tr><tr class="dropdownList-container"><td colspan="2"></td><td colspan="2"><table width="100%" name="location"><tbody><tr class="dropdownList-start rowvg-start" field-disabled="true" style="display: none;"></tr><tr field-disabled="true" style="display: none;"><td class="setting-leftspace">&nbsp;</td><td class="setting-name">Branch Name</td><td class="setting-main">
   

  
  <input name="_.branchName" type="text" class="setting-input   " value=""></td><td class="setting-no-help"></td></tr><tr class="validation-error-area" field-disabled="true" style="display: none;"><td colspan="2"></td><td></td><td></td></tr><tr field-disabled="true" style="display: none;"><td class="setting-leftspace">&nbsp;</td><td class="setting-name">Use Head If Not Found</td><td class="setting-main"><input name="_.useHeadIfNotFound" type="checkbox" class=" "></td><td class="setting-no-help"></td></tr><tr class="validation-error-area" field-disabled="true" style="display: none;"><td colspan="2"></td><td></td><td></td></tr><tr style="display: none;" field-disabled="true"><td><input name="stapler-class" type="hidden" value="hudson.scm.CvsRepositoryLocation$BranchRepositoryLocation"><input name="$class" type="hidden" value="hudson.scm.CvsRepositoryLocation$BranchRepositoryLocation"></td></tr><tr class="dropdownList-end rowvg-end"></tr><tr class="dropdownList-start rowvg-start"></tr><tr style=""><td><input name="stapler-class" type="hidden" value="hudson.scm.CvsRepositoryLocation$HeadRepositoryLocation"><input name="$class" type="hidden" value="hudson.scm.CvsRepositoryLocation$HeadRepositoryLocation"></td></tr><tr class="dropdownList-end rowvg-end"></tr><tr class="dropdownList-start rowvg-start" field-disabled="true" style="display: none;"></tr><tr field-disabled="true" style="display: none;"><td class="setting-leftspace">&nbsp;</td><td class="setting-name">Tag Name</td><td class="setting-main">
   

  
  <input name="_.tagName" type="text" class="setting-input   " value=""></td><td class="setting-no-help"></td></tr><tr class="validation-error-area" field-disabled="true" style="display: none;"><td colspan="2"></td><td></td><td></td></tr><tr field-disabled="true" style="display: none;"><td class="setting-leftspace">&nbsp;</td><td class="setting-name">Use Head If Not Found</td><td class="setting-main"><input name="_.useHeadIfNotFound" type="checkbox" class=" "></td><td class="setting-no-help"></td></tr><tr class="validation-error-area" field-disabled="true" style="display: none;"><td colspan="2"></td><td></td><td></td></tr><tr style="display: none;" field-disabled="true"><td><input name="stapler-class" type="hidden" value="hudson.scm.CvsRepositoryLocation$TagRepositoryLocation"><input name="$class" type="hidden" value="hudson.scm.CvsRepositoryLocation$TagRepositoryLocation"></td></tr><tr class="dropdownList-end rowvg-end"></tr></tbody></table></td></tr><tr><td class="setting-leftspace">&nbsp;</td><td class="setting-name">Modules</td><td class="setting-main"><div class="repeated-container"><div name="modules" class="repeated-chunk first last only"><table style="width:100%"><tbody><tr><td class="setting-leftspace">&nbsp;</td><td class="setting-name">Remote Name</td><td class="setting-main">
   

  
  <input checkdependson="" checkurl="/job/viewed_job/descriptorByName/hudson.scm.CvsModule/checkRemoteName" name="_.remoteName" type="text" class="setting-input validated  " value=""></td><td class="setting-help"><a helpurl="/descriptor/hudson.scm.CvsModule/help/remoteName" href="#" class="help-button" tabindex="9999"><img src="/static/ebda7158/images/16x16/help.png" alt="Help for feature: Remote Name" style="width: 16px; height: 16px; " class="icon-help icon-sm"></a></td></tr><tr class="validation-error-area"><td colspan="2"></td><td><div class="error"><img src="/static/ebda7158/images/none.gif" height="16" width="1">Remote Name is mandatory</div></td><td></td></tr><tr class="help-area"><td></td><td colspan="2"><div class="help">Loading...</div></td><td></td></tr><tr><td class="setting-leftspace">&nbsp;</td><td class="setting-name">Local Name</td><td class="setting-main">
   

  
  <input name="_.localName" type="text" class="setting-input   " value=""></td><td class="setting-help"><a helpurl="/descriptor/hudson.scm.CvsModule/help/localName" href="#" class="help-button" tabindex="9999"><img src="/static/ebda7158/images/16x16/help.png" alt="Help for feature: Local Name" style="width: 16px; height: 16px; " class="icon-help icon-sm"></a></td></tr><tr class="validation-error-area"><td colspan="2"></td><td></td><td></td></tr><tr class="help-area"><td></td><td colspan="2"><div class="help">Loading...</div></td><td></td></tr><tr><td class="setting-leftspace">&nbsp;</td><td class="setting-name"></td><td class="setting-main"><div align="right"><span class="yui-button yui-push-button repeatable-add show-if-last" id="yui-gen12"><span class="first-child"><button type="button" tabindex="0" id="yui-gen12-button">Add more modules...</button></span></span><span class="yui-button yui-push-button repeatable-delete show-if-not-only" id="yui-gen21"><span class="first-child"><button type="button" tabindex="0" id="yui-gen21-button">Delete</button></span></span></div></td><td class="setting-no-help"></td></tr><tr class="validation-error-area"><td colspan="2"></td><td></td><td></td></tr></tbody></table></div><div class="repeatable-insertion-point"></div></div></td><td class="setting-no-help"></td></tr><tr class="validation-error-area"><td colspan="2"></td><td></td><td></td></tr><tr><td class="setting-leftspace">&nbsp;</td><td class="setting-name"></td><td class="setting-main"><div align="right"><span class="yui-button yui-push-button repeatable-add show-if-last" id="yui-gen13"><span class="first-child"><button type="button" tabindex="0" id="yui-gen13-button">Add more locations...</button></span></span><span class="yui-button yui-push-button repeatable-delete show-if-not-only" id="yui-gen22"><span class="first-child"><button type="button" tabindex="0" id="yui-gen22-button">Delete</button></span></span></div></td><td class="setting-no-help"></td></tr><tr class="validation-error-area"><td colspan="2"></td><td></td><td></td></tr></tbody></table></div><div class="repeatable-insertion-point"></div></div></td><td class="setting-no-help"></td></tr><tr class="validation-error-area"><td colspan="2"></td><td></td><td></td></tr><tr><td></td><td></td><td><div style="" class="advancedLink"><span style="display: none" id="id22"><img src="/static/ebda7158/images/24x24/notepad.png" tooltip="One or more fields in this block have been edited." style="width: 24px; height: 24px; vertical-align: baseline" class="icon-notepad icon-md" title="One or more fields in this block have been edited."></span>&nbsp;<span class="yui-button yui-push-button advanced-button advancedButton" id="yui-gen8"><span class="first-child"><button type="button" tabindex="0" id="yui-gen8-button">Advanced...</button></span></span></div><table class="advancedBody"><tbody><tr><td colspan="4"><div class="section-header"><a id="section3" class="section-anchor">#</a>Advanced Repository Options</div></td></tr><tr><td class="setting-leftspace">&nbsp;</td><td class="setting-name">Repository browser</td><td class="setting-main"><select class="setting-input dropdownList"><option value="auto">(Auto)</option><option value="0">FishEye</option><option value="1">OpenGrok</option><option value="2">ViewCVS</option></select></td><td class="setting-help"><a helpurl="/help/scm-browsers/list.html" href="#" class="help-button" tabindex="9999"><img src="/static/ebda7158/images/16x16/help.png" alt="Help for feature: Repository browser" style="width: 16px; height: 16px; " class="icon-help icon-sm"></a></td></tr><tr class="dropdownList-container"><td colspan="2"></td><td colspan="2"><table width="100%" name="repositoryBrowser"><tbody><tr class="dropdownList-start rowvg-start"></tr><tr class="dropdownList-end rowvg-end"></tr><tr class="dropdownList-start rowvg-start" field-disabled="true" style="display: none;"></tr><tr class="render-on-demand " proxy="makeStaplerProxy('/$stapler/bound/a6a61bd7-c07e-4e7c-9f53-8eda093b3de7','5e2a10a9-ca1f-465a-b045-b67e5d5c0165',['render'])" field-disabled="true" style="display: none;"></tr><tr style="display: none;" field-disabled="true"><td><input name="stapler-class" type="hidden" value="hudson.scm.browsers.FishEyeCVS"><input name="$class" type="hidden" value="hudson.scm.browsers.FishEyeCVS"></td></tr><tr class="dropdownList-end rowvg-end"></tr><tr class="dropdownList-start rowvg-start" field-disabled="true" style="display: none;"></tr><tr class="render-on-demand " proxy="makeStaplerProxy('/$stapler/bound/7613f930-24ce-4b1c-877b-da6dc79b5177','5e2a10a9-ca1f-465a-b045-b67e5d5c0165',['render'])" field-disabled="true" style="display: none;"></tr><tr style="display: none;" field-disabled="true"><td><input name="stapler-class" type="hidden" value="hudson.scm.browsers.OpenGrok"><input name="$class" type="hidden" value="hudson.scm.browsers.OpenGrok"></td></tr><tr class="dropdownList-end rowvg-end"></tr><tr class="dropdownList-start rowvg-start" field-disabled="true" style="display: none;"></tr><tr class="render-on-demand " proxy="makeStaplerProxy('/$stapler/bound/cfbf62d0-edc8-4dc3-ab84-7179be4f9a21','5e2a10a9-ca1f-465a-b045-b67e5d5c0165',['render'])" field-disabled="true" style="display: none;"></tr><tr style="display: none;" field-disabled="true"><td><input name="stapler-class" type="hidden" value="hudson.scm.browsers.ViewCVS"><input name="$class" type="hidden" value="hudson.scm.browsers.ViewCVS"></td></tr><tr class="dropdownList-end rowvg-end"></tr></tbody></table></td></tr><tr class="help-area"><td></td><td colspan="2"><div class="help">Loading...</div></td><td></td></tr><tr><td class="setting-leftspace">&nbsp;</td><td class="setting-name">Exclude Regions</td><td class="setting-main"><div class="repeated-container"><div name="excludedRegions" class="repeated-chunk first last only"><table style="width:100%"><tbody><tr><td class="setting-leftspace">&nbsp;</td><td class="setting-name">Pattern</td><td class="setting-main">
   

  
  <input checkdependson="" checkurl="/job/viewed_job/descriptorByName/hudson.scm.ExcludedRegion/checkPattern" name="_.pattern" type="text" class="setting-input validated  " value=""></td><td class="setting-no-help"></td></tr><tr class="validation-error-area"><td colspan="2"></td><td><div></div></td><td></td></tr><tr><td class="setting-leftspace">&nbsp;</td><td class="setting-name"></td><td class="setting-main"><div align="right"><span class="yui-button yui-push-button repeatable-add show-if-last" id="yui-gen14"><span class="first-child"><button type="button" tabindex="0" id="yui-gen14-button">Add more patterns...</button></span></span><span class="yui-button yui-push-button repeatable-delete show-if-not-only" id="yui-gen23"><span class="first-child"><button type="button" tabindex="0" id="yui-gen23-button">Delete</button></span></span></div></td><td class="setting-no-help"></td></tr><tr class="validation-error-area"><td colspan="2"></td><td></td><td></td></tr></tbody></table></div><div class="repeatable-insertion-point"></div></div></td><td class="setting-no-help"></td></tr><tr class="validation-error-area"><td colspan="2"></td><td></td><td></td></tr><tr><td class="setting-leftspace">&nbsp;</td><td class="setting-name">Compression Level</td><td class="setting-main">

   
  <select fillurl="/job/viewed_job/descriptorByName/hudson.scm.CvsRepository/fillCompressionLevelItems" name="_.compressionLevel" class="setting-input  select " value=""><option value="-1">System Default</option><option value="0">None</option><option value="1">1</option><option value="2">2</option><option value="3">3 (Recommended)</option><option value="4">4</option><option value="5">5</option><option value="6">6</option><option value="7">7</option><option value="8">8</option><option value="9">9</option></select></td><td class="setting-no-help"></td></tr><tr class="validation-error-area"><td colspan="2"></td><td></td><td></td></tr></tbody></table></td><td></td></tr><tr><td class="setting-leftspace">&nbsp;</td><td class="setting-name"></td><td class="setting-main"><div align="right"><span class="yui-button yui-push-button repeatable-add show-if-last" id="yui-gen15"><span class="first-child"><button type="button" tabindex="0" id="yui-gen15-button">Add more repositories...</button></span></span><span class="yui-button yui-push-button repeatable-delete show-if-not-only" id="yui-gen24"><span class="first-child"><button type="button" tabindex="0" id="yui-gen24-button">Delete</button></span></span></div></td><td class="setting-no-help"></td></tr><tr class="validation-error-area"><td colspan="2"></td><td></td><td></td></tr></tbody></table></div><div class="repeatable-insertion-point"></div></div></td><td class="setting-no-help"></td></tr><tr class="validation-error-area" nameref="radio-block-10" style="display: none;"><td colspan="2"></td><td></td><td></td></tr><tr nameref="radio-block-10" style="display: none;"><td class="setting-leftspace">&nbsp;</td><td class="setting-name">Use Update</td><td class="setting-main"><input name="_.canUseUpdate" checked="true" type="checkbox" class=" "></td><td class="setting-help"><a helpurl="/descriptor/hudson.scm.CVSSCM/help/canUseUpdate" href="#" class="help-button" tabindex="9999"><img src="/static/ebda7158/images/16x16/help.png" alt="Help for feature: Use Update" style="width: 16px; height: 16px; " class="icon-help icon-sm"></a></td></tr><tr class="validation-error-area" nameref="radio-block-10" style="display: none;"><td colspan="2"></td><td></td><td></td></tr><tr class="help-area" nameref="radio-block-10" style="display: none;"><td></td><td colspan="2"><div class="help">Loading...</div></td><td></td></tr><tr nameref="radio-block-10" style="display: none;"><td class="setting-leftspace">&nbsp;</td><td class="setting-name">Prune Empty Directories</td><td class="setting-main"><input name="_.pruneEmptyDirectories" checked="true" type="checkbox" class=" "></td><td class="setting-help"><a helpurl="/descriptor/hudson.scm.CVSSCM/help/pruneEmptyDirectories" href="#" class="help-button" tabindex="9999"><img src="/static/ebda7158/images/16x16/help.png" alt="Help for feature: Prune Empty Directories" style="width: 16px; height: 16px; " class="icon-help icon-sm"></a></td></tr><tr class="validation-error-area" nameref="radio-block-10" style="display: none;"><td colspan="2"></td><td></td><td></td></tr><tr class="help-area" nameref="radio-block-10" style="display: none;"><td></td><td colspan="2"><div class="help">Loading...</div></td><td></td></tr><tr nameref="radio-block-10" style="display: none;"><td class="setting-leftspace">&nbsp;</td><td class="setting-name">Legacy Mode</td><td class="setting-main"><input name="_.legacy" type="checkbox" class=" "><label class="attach-previous">(run CVS in a way compatible with older versions of Hudson &lt;1.21)</label></td><td class="setting-help"><a helpurl="/descriptor/hudson.scm.CVSSCM/help/legacy" href="#" class="help-button" tabindex="9999"><img src="/static/ebda7158/images/16x16/help.png" alt="Help for feature: Legacy Mode" style="width: 16px; height: 16px; " class="icon-help icon-sm"></a></td></tr><tr class="validation-error-area" nameref="radio-block-10" style="display: none;"><td colspan="2"></td><td></td><td></td></tr><tr class="help-area" nameref="radio-block-10" style="display: none;"><td></td><td colspan="2"><div class="help">Loading...</div></td><td></td></tr><tr nameref="radio-block-10" style="display: none;"><td class="setting-leftspace">&nbsp;</td><td class="setting-name">Skip Changelog</td><td class="setting-main"><input name="_.skipChangeLog" type="checkbox" class=" "></td><td class="setting-help"><a helpurl="/descriptor/hudson.scm.CVSSCM/help/skipChangeLog" href="#" class="help-button" tabindex="9999"><img src="/static/ebda7158/images/16x16/help.png" alt="Help for feature: Skip Changelog" style="width: 16px; height: 16px; " class="icon-help icon-sm"></a></td></tr><tr class="validation-error-area" nameref="radio-block-10" style="display: none;"><td colspan="2"></td><td></td><td></td></tr><tr class="help-area" nameref="radio-block-10" style="display: none;"><td></td><td colspan="2"><div class="help">Loading...</div></td><td></td></tr><tr nameref="radio-block-10" style="display: none;"><td class="setting-leftspace">&nbsp;</td><td class="setting-name">Show all CVS output</td><td class="setting-main"><input name="_.disableCvsQuiet" type="checkbox" class=" "></td><td class="setting-help"><a helpurl="/descriptor/hudson.scm.CVSSCM/help/disableCvsQuiet" href="#" class="help-button" tabindex="9999"><img src="/static/ebda7158/images/16x16/help.png" alt="Help for feature: Show all CVS output" style="width: 16px; height: 16px; " class="icon-help icon-sm"></a></td></tr><tr class="validation-error-area" nameref="radio-block-10" style="display: none;"><td colspan="2"></td><td></td><td></td></tr><tr class="help-area" nameref="radio-block-10" style="display: none;"><td></td><td colspan="2"><div class="help">Loading...</div></td><td></td></tr><tr nameref="radio-block-10" style="display: none;"><td class="setting-leftspace">&nbsp;</td><td class="setting-name">Perform clean checkout on failed update</td><td class="setting-main"><input name="_.cleanOnFailedUpdate" type="checkbox" class=" "></td><td class="setting-help"><a helpurl="/descriptor/hudson.scm.CVSSCM/help/cleanOnFailedUpdate" href="#" class="help-button" tabindex="9999"><img src="/static/ebda7158/images/16x16/help.png" alt="Help for feature: Perform clean checkout on failed update" style="width: 16px; height: 16px; " class="icon-help icon-sm"></a></td></tr><tr class="validation-error-area" nameref="radio-block-10" style="display: none;"><td colspan="2"></td><td></td><td></td></tr><tr class="help-area" nameref="radio-block-10" style="display: none;"><td></td><td colspan="2"><div class="help">Loading...</div></td><td></td></tr><tr nameref="radio-block-10" style="display: none;"><td class="setting-leftspace">&nbsp;</td><td class="setting-name">Force clean copy for locally modified files</td><td class="setting-main"><input name="_.forceCleanCopy" type="checkbox" class=" "></td><td class="setting-help"><a helpurl="/descriptor/hudson.scm.CVSSCM/help/forceCleanCopy" href="#" class="help-button" tabindex="9999"><img src="/static/ebda7158/images/16x16/help.png" alt="Help for feature: Force clean copy for locally modified files" style="width: 16px; height: 16px; " class="icon-help icon-sm"></a></td></tr><tr class="validation-error-area" nameref="radio-block-10" style="display: none;"><td colspan="2"></td><td></td><td></td></tr><tr class="help-area" nameref="radio-block-10" style="display: none;"><td></td><td colspan="2"><div class="help">Loading...</div></td><td></td></tr><tr style="display:none" class="row-set-end radio-block-end"></tr><tr class="radio-block-start row-set-start" hashelp="false" ref="radio-block-11"><td colspan="3"><label><input name="scm" type="radio" value="2" class="radio-block-control" id="radio-block-11" path="/scm[2]">
        CVS Projectset
      </label></td><td class="setting-no-help"></td></tr><tr nameref="radio-block-11" style="display: none;"><td class="setting-leftspace">&nbsp;</td><td class="setting-name"></td><td class="setting-main"><div class="repeated-container"><div name="repositories" class="repeated-chunk first last only"><table style="width:100%"><tbody><tr><td class="setting-leftspace">&nbsp;</td><td class="setting-name">CVSROOT</td><td class="setting-main">
   

  
  <input checkdependson="" checkurl="/job/viewed_job/descriptorByName/hudson.scm.CvsRepository/checkCvsRoot" name="_.cvsRoot" type="text" class="setting-input validated  " value=""></td><td class="setting-help"><a helpurl="/descriptor/hudson.scm.CvsRepository/help/cvsRoot" href="#" class="help-button" tabindex="9999"><img src="/static/ebda7158/images/16x16/help.png" alt="Help for feature: CVSROOT" style="width: 16px; height: 16px; " class="icon-help icon-sm"></a></td></tr><tr class="validation-error-area"><td colspan="2"></td><td><div class="error"><img src="/static/ebda7158/images/none.gif" height="16" width="1">CVSROOT is mandatory</div></td><td></td></tr><tr class="help-area"><td></td><td colspan="2"><div class="help">Loading...</div></td><td></td></tr><tr class="optional-block-start " hashelp="false" ref="cb26"><td colspan="3"><input onclick="javascript:updateOptionalBlock(this,true)" name="passwordRequired" type="checkbox" class=" " id="cb26"><label class="attach-previous">This Connection Requires A Password</label></td><td class="setting-no-help"></td></tr><tr class="rowvg-start" style="display: none;"></tr><tr style="display: none;"><td class="setting-leftspace">&nbsp;</td><td class="setting-name">Password</td><td class="setting-main"><input name="_.password" type="password" class="setting-input " value=""></td><td class="setting-no-help"></td></tr><tr class="validation-error-area" style="display: none;"><td colspan="2"></td><td></td><td></td></tr><tr class=" rowvg-end optional-block-end"></tr><tr><td class="setting-leftspace">&nbsp;</td><td class="setting-name"></td><td class="setting-main"><div class="repeated-container"><div name="repositoryItems" class="repeated-chunk first last only"><table style="width:100%"><tbody><tr><td class="setting-leftspace">&nbsp;</td><td class="setting-name">Location</td><td class="setting-main"><select class="setting-input dropdownList"><option value="0">Branch</option><option value="1" selected="true">Head</option><option value="2">Tag</option></select></td><td class="setting-no-help"></td></tr><tr class="dropdownList-container"><td colspan="2"></td><td colspan="2"><table width="100%" name="location"><tbody><tr class="dropdownList-start rowvg-start" field-disabled="true" style="display: none;"></tr><tr field-disabled="true" style="display: none;"><td class="setting-leftspace">&nbsp;</td><td class="setting-name">Branch Name</td><td class="setting-main">
   

  
  <input name="_.branchName" type="text" class="setting-input   " value=""></td><td class="setting-no-help"></td></tr><tr class="validation-error-area" field-disabled="true" style="display: none;"><td colspan="2"></td><td></td><td></td></tr><tr field-disabled="true" style="display: none;"><td class="setting-leftspace">&nbsp;</td><td class="setting-name">Use Head If Not Found</td><td class="setting-main"><input name="_.useHeadIfNotFound" type="checkbox" class=" "></td><td class="setting-no-help"></td></tr><tr class="validation-error-area" field-disabled="true" style="display: none;"><td colspan="2"></td><td></td><td></td></tr><tr style="display: none;" field-disabled="true"><td><input name="stapler-class" type="hidden" value="hudson.scm.CvsRepositoryLocation$BranchRepositoryLocation"><input name="$class" type="hidden" value="hudson.scm.CvsRepositoryLocation$BranchRepositoryLocation"></td></tr><tr class="dropdownList-end rowvg-end"></tr><tr class="dropdownList-start rowvg-start"></tr><tr style=""><td><input name="stapler-class" type="hidden" value="hudson.scm.CvsRepositoryLocation$HeadRepositoryLocation"><input name="$class" type="hidden" value="hudson.scm.CvsRepositoryLocation$HeadRepositoryLocation"></td></tr><tr class="dropdownList-end rowvg-end"></tr><tr class="dropdownList-start rowvg-start" field-disabled="true" style="display: none;"></tr><tr field-disabled="true" style="display: none;"><td class="setting-leftspace">&nbsp;</td><td class="setting-name">Tag Name</td><td class="setting-main">
   

  
  <input name="_.tagName" type="text" class="setting-input   " value=""></td><td class="setting-no-help"></td></tr><tr class="validation-error-area" field-disabled="true" style="display: none;"><td colspan="2"></td><td></td><td></td></tr><tr field-disabled="true" style="display: none;"><td class="setting-leftspace">&nbsp;</td><td class="setting-name">Use Head If Not Found</td><td class="setting-main"><input name="_.useHeadIfNotFound" type="checkbox" class=" "></td><td class="setting-no-help"></td></tr><tr class="validation-error-area" field-disabled="true" style="display: none;"><td colspan="2"></td><td></td><td></td></tr><tr style="display: none;" field-disabled="true"><td><input name="stapler-class" type="hidden" value="hudson.scm.CvsRepositoryLocation$TagRepositoryLocation"><input name="$class" type="hidden" value="hudson.scm.CvsRepositoryLocation$TagRepositoryLocation"></td></tr><tr class="dropdownList-end rowvg-end"></tr></tbody></table></td></tr><tr><td class="setting-leftspace">&nbsp;</td><td class="setting-name">Modules</td><td class="setting-main"><div class="repeated-container"><div name="modules" class="repeated-chunk first last only"><table style="width:100%"><tbody><tr><td class="setting-leftspace">&nbsp;</td><td class="setting-name">Remote Name</td><td class="setting-main">
   

  
  <input checkdependson="" checkurl="/job/viewed_job/descriptorByName/hudson.scm.CvsModule/checkRemoteName" name="_.remoteName" type="text" class="setting-input validated  " value=""></td><td class="setting-help"><a helpurl="/descriptor/hudson.scm.CvsModule/help/remoteName" href="#" class="help-button" tabindex="9999"><img src="/static/ebda7158/images/16x16/help.png" alt="Help for feature: Remote Name" style="width: 16px; height: 16px; " class="icon-help icon-sm"></a></td></tr><tr class="validation-error-area"><td colspan="2"></td><td><div class="error"><img src="/static/ebda7158/images/none.gif" height="16" width="1">Remote Name is mandatory</div></td><td></td></tr><tr class="help-area"><td></td><td colspan="2"><div class="help">Loading...</div></td><td></td></tr><tr><td class="setting-leftspace">&nbsp;</td><td class="setting-name">Local Name</td><td class="setting-main">
   

  
  <input name="_.localName" type="text" class="setting-input   " value=""></td><td class="setting-help"><a helpurl="/descriptor/hudson.scm.CvsModule/help/localName" href="#" class="help-button" tabindex="9999"><img src="/static/ebda7158/images/16x16/help.png" alt="Help for feature: Local Name" style="width: 16px; height: 16px; " class="icon-help icon-sm"></a></td></tr><tr class="validation-error-area"><td colspan="2"></td><td></td><td></td></tr><tr class="help-area"><td></td><td colspan="2"><div class="help">Loading...</div></td><td></td></tr><tr><td class="setting-leftspace">&nbsp;</td><td class="setting-name">Projectset File Name</td><td class="setting-main">
   

  
  <input checkdependson="" checkurl="/job/viewed_job/descriptorByName/hudson.scm.CvsModule/checkProjectsetFileName" name="_.projectsetFileName" type="text" class="setting-input validated  " value=""></td><td class="setting-help"><a helpurl="/descriptor/hudson.scm.CvsModule/help/projectsetFileName" href="#" class="help-button" tabindex="9999"><img src="/static/ebda7158/images/16x16/help.png" alt="Help for feature: Projectset File Name" style="width: 16px; height: 16px; " class="icon-help icon-sm"></a></td></tr><tr class="validation-error-area"><td colspan="2"></td><td><div class="error"><img src="/static/ebda7158/images/none.gif" height="16" width="1">Projectset file name is mandatory</div></td><td></td></tr><tr class="help-area"><td></td><td colspan="2"><div class="help">Loading...</div></td><td></td></tr><tr><td class="setting-leftspace">&nbsp;</td><td class="setting-name"></td><td class="setting-main"><div align="right"><span class="yui-button yui-push-button repeatable-add show-if-last" id="yui-gen16"><span class="first-child"><button type="button" tabindex="0" id="yui-gen16-button">Add more modules...</button></span></span><span class="yui-button yui-push-button repeatable-delete show-if-not-only" id="yui-gen25"><span class="first-child"><button type="button" tabindex="0" id="yui-gen25-button">Delete</button></span></span></div></td><td class="setting-no-help"></td></tr><tr class="validation-error-area"><td colspan="2"></td><td></td><td></td></tr></tbody></table></div><div class="repeatable-insertion-point"></div></div></td><td class="setting-no-help"></td></tr><tr class="validation-error-area"><td colspan="2"></td><td></td><td></td></tr><tr><td class="setting-leftspace">&nbsp;</td><td class="setting-name"></td><td class="setting-main"><div align="right"><span class="yui-button yui-push-button repeatable-add show-if-last" id="yui-gen17"><span class="first-child"><button type="button" tabindex="0" id="yui-gen17-button">Add more locations...</button></span></span><span class="yui-button yui-push-button repeatable-delete show-if-not-only" id="yui-gen26"><span class="first-child"><button type="button" tabindex="0" id="yui-gen26-button">Delete</button></span></span></div></td><td class="setting-no-help"></td></tr><tr class="validation-error-area"><td colspan="2"></td><td></td><td></td></tr></tbody></table></div><div class="repeatable-insertion-point"></div></div></td><td class="setting-no-help"></td></tr><tr class="validation-error-area"><td colspan="2"></td><td></td><td></td></tr><tr><td></td><td></td><td><div style="" class="advancedLink"><span style="display: none" id="id24"><img src="/static/ebda7158/images/24x24/notepad.png" tooltip="One or more fields in this block have been edited." style="width: 24px; height: 24px; vertical-align: baseline" class="icon-notepad icon-md" title="One or more fields in this block have been edited."></span>&nbsp;<span class="yui-button yui-push-button advanced-button advancedButton" id="yui-gen9"><span class="first-child"><button type="button" tabindex="0" id="yui-gen9-button">Advanced...</button></span></span></div><table class="advancedBody"><tbody><tr><td colspan="4"><div class="section-header"><a id="section5" class="section-anchor">#</a>Advanced Repository Options</div></td></tr><tr><td class="setting-leftspace">&nbsp;</td><td class="setting-name">Repository browser</td><td class="setting-main"><select class="setting-input dropdownList"><option value="auto">(Auto)</option><option value="0">FishEye</option><option value="1">OpenGrok</option><option value="2">ViewCVS</option></select></td><td class="setting-help"><a helpurl="/help/scm-browsers/list.html" href="#" class="help-button" tabindex="9999"><img src="/static/ebda7158/images/16x16/help.png" alt="Help for feature: Repository browser" style="width: 16px; height: 16px; " class="icon-help icon-sm"></a></td></tr><tr class="dropdownList-container"><td colspan="2"></td><td colspan="2"><table width="100%" name="repositoryBrowser"><tbody><tr class="dropdownList-start rowvg-start"></tr><tr class="dropdownList-end rowvg-end"></tr><tr class="dropdownList-start rowvg-start" field-disabled="true" style="display: none;"></tr><tr class="render-on-demand " proxy="makeStaplerProxy('/$stapler/bound/966fa1a1-82f3-42e6-9080-687293d232a2','5e2a10a9-ca1f-465a-b045-b67e5d5c0165',['render'])" field-disabled="true" style="display: none;"></tr><tr style="display: none;" field-disabled="true"><td><input name="stapler-class" type="hidden" value="hudson.scm.browsers.FishEyeCVS"><input name="$class" type="hidden" value="hudson.scm.browsers.FishEyeCVS"></td></tr><tr class="dropdownList-end rowvg-end"></tr><tr class="dropdownList-start rowvg-start" field-disabled="true" style="display: none;"></tr><tr class="render-on-demand " proxy="makeStaplerProxy('/$stapler/bound/8583a5f6-aada-4dcc-b743-96ed88177b31','5e2a10a9-ca1f-465a-b045-b67e5d5c0165',['render'])" field-disabled="true" style="display: none;"></tr><tr style="display: none;" field-disabled="true"><td><input name="stapler-class" type="hidden" value="hudson.scm.browsers.OpenGrok"><input name="$class" type="hidden" value="hudson.scm.browsers.OpenGrok"></td></tr><tr class="dropdownList-end rowvg-end"></tr><tr class="dropdownList-start rowvg-start" field-disabled="true" style="display: none;"></tr><tr class="render-on-demand " proxy="makeStaplerProxy('/$stapler/bound/b0e49dd8-d399-4983-a04e-6f0874142578','5e2a10a9-ca1f-465a-b045-b67e5d5c0165',['render'])" field-disabled="true" style="display: none;"></tr><tr style="display: none;" field-disabled="true"><td><input name="stapler-class" type="hidden" value="hudson.scm.browsers.ViewCVS"><input name="$class" type="hidden" value="hudson.scm.browsers.ViewCVS"></td></tr><tr class="dropdownList-end rowvg-end"></tr></tbody></table></td></tr><tr class="help-area"><td></td><td colspan="2"><div class="help">Loading...</div></td><td></td></tr><tr><td class="setting-leftspace">&nbsp;</td><td class="setting-name">Exclude Regions</td><td class="setting-main"><div class="repeated-container"><div name="excludedRegions" class="repeated-chunk first last only"><table style="width:100%"><tbody><tr><td class="setting-leftspace">&nbsp;</td><td class="setting-name">Pattern</td><td class="setting-main">
   

  
  <input checkdependson="" checkurl="/job/viewed_job/descriptorByName/hudson.scm.ExcludedRegion/checkPattern" name="_.pattern" type="text" class="setting-input validated  " value=""></td><td class="setting-no-help"></td></tr><tr class="validation-error-area"><td colspan="2"></td><td><div></div></td><td></td></tr><tr><td class="setting-leftspace">&nbsp;</td><td class="setting-name"></td><td class="setting-main"><div align="right"><span class="yui-button yui-push-button repeatable-add show-if-last" id="yui-gen18"><span class="first-child"><button type="button" tabindex="0" id="yui-gen18-button">Add more patterns...</button></span></span><span class="yui-button yui-push-button repeatable-delete show-if-not-only" id="yui-gen27"><span class="first-child"><button type="button" tabindex="0" id="yui-gen27-button">Delete</button></span></span></div></td><td class="setting-no-help"></td></tr><tr class="validation-error-area"><td colspan="2"></td><td></td><td></td></tr></tbody></table></div><div class="repeatable-insertion-point"></div></div></td><td class="setting-no-help"></td></tr><tr class="validation-error-area"><td colspan="2"></td><td></td><td></td></tr><tr><td class="setting-leftspace">&nbsp;</td><td class="setting-name">Compression Level</td><td class="setting-main">

   
  <select fillurl="/job/viewed_job/descriptorByName/hudson.scm.CvsRepository/fillCompressionLevelItems" name="_.compressionLevel" class="setting-input  select " value=""><option value="-1">System Default</option><option value="0">None</option><option value="1">1</option><option value="2">2</option><option value="3">3 (Recommended)</option><option value="4">4</option><option value="5">5</option><option value="6">6</option><option value="7">7</option><option value="8">8</option><option value="9">9</option></select></td><td class="setting-no-help"></td></tr><tr class="validation-error-area"><td colspan="2"></td><td></td><td></td></tr></tbody></table></td><td></td></tr><tr><td class="setting-leftspace">&nbsp;</td><td class="setting-name"></td><td class="setting-main"><div align="right"><span class="yui-button yui-push-button repeatable-add show-if-last" id="yui-gen19"><span class="first-child"><button type="button" tabindex="0" id="yui-gen19-button">Add more repositories...</button></span></span><span class="yui-button yui-push-button repeatable-delete show-if-not-only" id="yui-gen28"><span class="first-child"><button type="button" tabindex="0" id="yui-gen28-button">Delete</button></span></span></div></td><td class="setting-no-help"></td></tr><tr class="validation-error-area"><td colspan="2"></td><td></td><td></td></tr></tbody></table></div><div class="repeatable-insertion-point"></div></div></td><td class="setting-no-help"></td></tr><tr class="validation-error-area" nameref="radio-block-11" style="display: none;"><td colspan="2"></td><td></td><td></td></tr><tr nameref="radio-block-11" style="display: none;"><td class="setting-leftspace">&nbsp;</td><td class="setting-name">Use Update</td><td class="setting-main"><input name="_.canUseUpdate" checked="true" type="checkbox" class=" "></td><td class="setting-help"><a helpurl="/descriptor/hudson.scm.CvsProjectset/help/canUseUpdate" href="#" class="help-button" tabindex="9999"><img src="/static/ebda7158/images/16x16/help.png" alt="Help for feature: Use Update" style="width: 16px; height: 16px; " class="icon-help icon-sm"></a></td></tr><tr class="validation-error-area" nameref="radio-block-11" style="display: none;"><td colspan="2"></td><td></td><td></td></tr><tr class="help-area" nameref="radio-block-11" style="display: none;"><td></td><td colspan="2"><div class="help">Loading...</div></td><td></td></tr><tr nameref="radio-block-11" style="display: none;"><td class="setting-leftspace">&nbsp;</td><td class="setting-name">Username</td><td class="setting-main">
   

  
  <input name="_.username" type="text" class="setting-input   " value=""></td><td class="setting-help"><a helpurl="/descriptor/hudson.scm.CvsProjectset/help/username" href="#" class="help-button" tabindex="9999"><img src="/static/ebda7158/images/16x16/help.png" alt="Help for feature: Username" style="width: 16px; height: 16px; " class="icon-help icon-sm"></a></td></tr><tr class="validation-error-area" nameref="radio-block-11" style="display: none;"><td colspan="2"></td><td></td><td></td></tr><tr class="help-area" nameref="radio-block-11" style="display: none;"><td></td><td colspan="2"><div class="help">Loading...</div></td><td></td></tr><tr nameref="radio-block-11" style="display: none;"><td class="setting-leftspace">&nbsp;</td><td class="setting-name">Password</td><td class="setting-main"><input name="_.password" type="password" class="setting-input " value=""></td><td class="setting-help"><a helpurl="/descriptor/hudson.scm.CvsProjectset/help/password" href="#" class="help-button" tabindex="9999"><img src="/static/ebda7158/images/16x16/help.png" alt="Help for feature: Password" style="width: 16px; height: 16px; " class="icon-help icon-sm"></a></td></tr><tr class="validation-error-area" nameref="radio-block-11" style="display: none;"><td colspan="2"></td><td></td><td></td></tr><tr class="help-area" nameref="radio-block-11" style="display: none;"><td></td><td colspan="2"><div class="help">Loading...</div></td><td></td></tr><tr nameref="radio-block-11" style="display: none;"><td class="setting-leftspace">&nbsp;</td><td class="setting-name">Prune Empty Directories</td><td class="setting-main"><input name="_.pruneEmptyDirectories" checked="true" type="checkbox" class=" "></td><td class="setting-help"><a helpurl="/descriptor/hudson.scm.CvsProjectset/help/pruneEmptyDirectories" href="#" class="help-button" tabindex="9999"><img src="/static/ebda7158/images/16x16/help.png" alt="Help for feature: Prune Empty Directories" style="width: 16px; height: 16px; " class="icon-help icon-sm"></a></td></tr><tr class="validation-error-area" nameref="radio-block-11" style="display: none;"><td colspan="2"></td><td></td><td></td></tr><tr class="help-area" nameref="radio-block-11" style="display: none;"><td></td><td colspan="2"><div class="help">Loading...</div></td><td></td></tr><tr nameref="radio-block-11" style="display: none;"><td class="setting-leftspace">&nbsp;</td><td class="setting-name">Skip Changelog</td><td class="setting-main"><input name="_.skipChangeLog" type="checkbox" class=" "></td><td class="setting-help"><a helpurl="/descriptor/hudson.scm.CvsProjectset/help/skipChangeLog" href="#" class="help-button" tabindex="9999"><img src="/static/ebda7158/images/16x16/help.png" alt="Help for feature: Skip Changelog" style="width: 16px; height: 16px; " class="icon-help icon-sm"></a></td></tr><tr class="validation-error-area" nameref="radio-block-11" style="display: none;"><td colspan="2"></td><td></td><td></td></tr><tr class="help-area" nameref="radio-block-11" style="display: none;"><td></td><td colspan="2"><div class="help">Loading...</div></td><td></td></tr><tr nameref="radio-block-11" style="display: none;"><td class="setting-leftspace">&nbsp;</td><td class="setting-name">Show all CVS output</td><td class="setting-main"><input name="_.disableCvsQuiet" type="checkbox" class=" "></td><td class="setting-help"><a helpurl="/descriptor/hudson.scm.CvsProjectset/help/disableCvsQuiet" href="#" class="help-button" tabindex="9999"><img src="/static/ebda7158/images/16x16/help.png" alt="Help for feature: Show all CVS output" style="width: 16px; height: 16px; " class="icon-help icon-sm"></a></td></tr><tr class="validation-error-area" nameref="radio-block-11" style="display: none;"><td colspan="2"></td><td></td><td></td></tr><tr class="help-area" nameref="radio-block-11" style="display: none;"><td></td><td colspan="2"><div class="help">Loading...</div></td><td></td></tr><tr nameref="radio-block-11" style="display: none;"><td class="setting-leftspace">&nbsp;</td><td class="setting-name">Perform clean checkout on failed update</td><td class="setting-main"><input name="_.cleanOnFailedUpdate" type="checkbox" class=" "></td><td class="setting-help"><a helpurl="/descriptor/hudson.scm.CvsProjectset/help/cleanOnFailedUpdate" href="#" class="help-button" tabindex="9999"><img src="/static/ebda7158/images/16x16/help.png" alt="Help for feature: Perform clean checkout on failed update" style="width: 16px; height: 16px; " class="icon-help icon-sm"></a></td></tr><tr class="validation-error-area" nameref="radio-block-11" style="display: none;"><td colspan="2"></td><td></td><td></td></tr><tr class="help-area" nameref="radio-block-11" style="display: none;"><td></td><td colspan="2"><div class="help">Loading...</div></td><td></td></tr><tr nameref="radio-block-11" style="display: none;"><td class="setting-leftspace">&nbsp;</td><td class="setting-name">Repository browser</td><td class="setting-main"><select class="setting-input dropdownList"><option value="auto">(Auto)</option><option value="0">Cvs Facade Repository Browser</option><option value="1">FishEye</option><option value="2">OpenGrok</option><option value="3">ViewCVS</option></select></td><td class="setting-help"><a helpurl="/help/scm-browsers/list.html" href="#" class="help-button" tabindex="9999"><img src="/static/ebda7158/images/16x16/help.png" alt="Help for feature: Repository browser" style="width: 16px; height: 16px; " class="icon-help icon-sm"></a></td></tr><tr class="dropdownList-container" nameref="radio-block-11" style="display: none;"><td colspan="2"></td><td colspan="2"><table width="100%" name="cvs.browser"><tbody><tr class="dropdownList-start rowvg-start"></tr><tr class="dropdownList-end rowvg-end"></tr><tr class="dropdownList-start rowvg-start" field-disabled="true" style="display: none;"></tr><tr class="render-on-demand " proxy="makeStaplerProxy('/$stapler/bound/5fc12434-028c-4601-80f9-069ad3dbf508','5e2a10a9-ca1f-465a-b045-b67e5d5c0165',['render'])" field-disabled="true" style="display: none;"></tr><tr style="display: none;" field-disabled="true"><td><input name="stapler-class" type="hidden" value="hudson.scm.browsers.CvsFacadeRepositoryBrowser"><input name="$class" type="hidden" value="hudson.scm.browsers.CvsFacadeRepositoryBrowser"></td></tr><tr class="dropdownList-end rowvg-end"></tr><tr class="dropdownList-start rowvg-start" field-disabled="true" style="display: none;"></tr><tr class="render-on-demand " proxy="makeStaplerProxy('/$stapler/bound/5bd4741f-7905-4e6e-8bed-7fcbcbff4c23','5e2a10a9-ca1f-465a-b045-b67e5d5c0165',['render'])" field-disabled="true" style="display: none;"></tr><tr style="display: none;" field-disabled="true"><td><input name="stapler-class" type="hidden" value="hudson.scm.browsers.FishEyeCVS"><input name="$class" type="hidden" value="hudson.scm.browsers.FishEyeCVS"></td></tr><tr class="dropdownList-end rowvg-end"></tr><tr class="dropdownList-start rowvg-start" field-disabled="true" style="display: none;"></tr><tr class="render-on-demand " proxy="makeStaplerProxy('/$stapler/bound/40c6094e-f3c3-442e-8e62-932319baece8','5e2a10a9-ca1f-465a-b045-b67e5d5c0165',['render'])" field-disabled="true" style="display: none;"></tr><tr style="display: none;" field-disabled="true"><td><input name="stapler-class" type="hidden" value="hudson.scm.browsers.OpenGrok"><input name="$class" type="hidden" value="hudson.scm.browsers.OpenGrok"></td></tr><tr class="dropdownList-end rowvg-end"></tr><tr class="dropdownList-start rowvg-start" field-disabled="true" style="display: none;"></tr><tr class="render-on-demand " proxy="makeStaplerProxy('/$stapler/bound/e538ab2b-66ed-4397-aaf7-fcee9b91b624','5e2a10a9-ca1f-465a-b045-b67e5d5c0165',['render'])" field-disabled="true" style="display: none;"></tr><tr style="display: none;" field-disabled="true"><td><input name="stapler-class" type="hidden" value="hudson.scm.browsers.ViewCVS"><input name="$class" type="hidden" value="hudson.scm.browsers.ViewCVS"></td></tr><tr class="dropdownList-end rowvg-end"></tr></tbody></table></td></tr><tr class="help-area" nameref="radio-block-11" style="display: none;"><td></td><td colspan="2"><div class="help">Loading...</div></td><td></td></tr><tr style="display:none" class="row-set-end radio-block-end"></tr><tr class="radio-block-start row-set-start" hashelp="false" ref="radio-block-12"><td colspan="3"><label><input name="scm" type="radio" value="3" class="radio-block-control" id="radio-block-12" path="/scm[3]">
        Subversion
      </label></td><td class="setting-no-help"></td></tr><tr nameref="radio-block-12" style="display: none;"><td class="setting-leftspace">&nbsp;</td><td class="setting-name">Modules</td><td class="setting-main"><div class="repeated-container"><div name="locations" class="repeated-chunk first last only"><table width="100%"><tbody><tr><td class="setting-leftspace">&nbsp;</td><td class="setting-name">Repository URL</td><td class="setting-main">
   

  
  <input checkdependson="" id="svn.remote.loc" checkurl="/job/viewed_job/descriptorByName/hudson.scm.SubversionSCM/checkRemote" name="_.remote" type="text" class="setting-input validated  " value=""></td><td class="setting-help"><a helpurl="/scm/SubversionSCM/url-help" href="#" class="help-button" tabindex="9999"><img src="/static/ebda7158/images/16x16/help.png" alt="Help for feature: Repository URL" style="width: 16px; height: 16px; " class="icon-help icon-sm"></a></td></tr><tr class="validation-error-area"><td colspan="2"></td><td><div class="error"><img src="/static/ebda7158/images/none.gif" height="16" width="1">Repository URL is required.</div></td><td></td></tr><tr class="help-area"><td></td><td colspan="2"><div class="help">Loading...</div></td><td></td></tr><tr><td class="setting-leftspace">&nbsp;</td><td class="setting-name">Local module directory (optional)</td><td class="setting-main">
   

  
  <input checkdependson="" checkurl="/job/viewed_job/descriptorByName/hudson.scm.SubversionSCM/checkLocal" name="_.local" type="text" class="setting-input validated  " value="."></td><td class="setting-help"><a helpurl="/descriptor/hudson.scm.SubversionSCM/help/local" href="#" class="help-button" tabindex="9999"><img src="/static/ebda7158/images/16x16/help.png" alt="Help for feature: Local module directory (optional)" style="width: 16px; height: 16px; " class="icon-help icon-sm"></a></td></tr><tr class="validation-error-area"><td colspan="2"></td><td><div></div></td><td></td></tr><tr class="help-area"><td></td><td colspan="2"><div class="help">Loading...</div></td><td></td></tr><tr><td class="setting-leftspace">&nbsp;</td><td class="setting-name">Repository depth</td><td class="setting-main"><select name="depthOption"><option value="infinity">infinity</option><option value="empty">empty</option><option value="files">files</option><option value="immediates">immediates</option><option value="unknown">as-it-is</option></select></td><td class="setting-help"><a helpurl="/descriptor/hudson.scm.SubversionSCM/help/depthOption" href="#" class="help-button" tabindex="9999"><img src="/static/ebda7158/images/16x16/help.png" alt="Help for feature: Repository depth" style="width: 16px; height: 16px; " class="icon-help icon-sm"></a></td></tr><tr class="validation-error-area"><td colspan="2"></td><td></td><td></td></tr><tr class="help-area"><td></td><td colspan="2"><div class="help">Loading...</div></td><td></td></tr><tr><td class="setting-leftspace">&nbsp;</td><td class="setting-name">Ignore externals</td><td class="setting-main"><input name="_.ignoreExternalsOption" type="checkbox" class=" "></td><td class="setting-help"><a helpurl="/descriptor/hudson.scm.SubversionSCM/help/ignoreExternalsOption" href="#" class="help-button" tabindex="9999"><img src="/static/ebda7158/images/16x16/help.png" alt="Help for feature: Ignore externals" style="width: 16px; height: 16px; " class="icon-help icon-sm"></a></td></tr><tr class="validation-error-area"><td colspan="2"></td><td></td><td></td></tr><tr class="help-area"><td></td><td colspan="2"><div class="help">Loading...</div></td><td></td></tr><tr><td class="setting-leftspace">&nbsp;</td><td class="setting-name"></td><td class="setting-main"><div align="right"><span class="yui-button yui-push-button repeatable-add show-if-last" id="yui-gen20"><span class="first-child"><button type="button" tabindex="0" id="yui-gen20-button">Add more locations...</button></span></span><span class="yui-button yui-push-button repeatable-delete show-if-not-only" id="yui-gen29"><span class="first-child"><button type="button" tabindex="0" id="yui-gen29-button">Delete</button></span></span></div></td><td class="setting-no-help"></td></tr><tr class="validation-error-area"><td colspan="2"></td><td></td><td></td></tr></tbody></table></div><div class="repeatable-insertion-point"></div></div></td><td class="setting-no-help"></td></tr><tr class="validation-error-area" nameref="radio-block-12" style="display: none;"><td colspan="2"></td><td></td><td></td></tr><tr nameref="radio-block-12" style="display: none;"><td class="setting-leftspace">&nbsp;</td><td class="setting-name">Check-out Strategy</td><td class="setting-main"><select class="setting-input dropdownList"><option value="0">Use 'svn update' as much as possible</option><option value="1">Always check out a fresh copy</option><option value="2">Emulate clean checkout by first deleting unversioned/ignored files, then 'svn update'</option><option value="3">Use 'svn update' as much as possible, with 'svn revert' before update</option></select></td><td class="setting-no-help"></td></tr><tr class="dropdownList-container" nameref="radio-block-12" style="display: none;"><td colspan="2"></td><td colspan="2"><table width="100%" name="workspaceUpdater"><tbody><tr class="dropdownList-start rowvg-start"></tr>
      
      <tr><td colspan="2"></td><td class="setting-description">Use 'svn update' whenever possible, making the build faster. But this causes the artifacts from the previous build to remain when a new build starts.</td><td></td></tr><tr style=""><td><input name="stapler-class" type="hidden" value="hudson.scm.subversion.UpdateUpdater"><input name="$class" type="hidden" value="hudson.scm.subversion.UpdateUpdater"></td></tr><tr class="dropdownList-end rowvg-end"></tr><tr class="dropdownList-start rowvg-start" field-disabled="true" style="display: none;"></tr><tr class="render-on-demand " proxy="makeStaplerProxy('/$stapler/bound/61334187-fbc5-44fe-b188-6414fb936f96','5e2a10a9-ca1f-465a-b045-b67e5d5c0165',['render'])" field-disabled="true" style="display: none;"></tr><tr style="display: none;" field-disabled="true"><td><input name="stapler-class" type="hidden" value="hudson.scm.subversion.CheckoutUpdater"><input name="$class" type="hidden" value="hudson.scm.subversion.CheckoutUpdater"></td></tr><tr class="dropdownList-end rowvg-end"></tr><tr class="dropdownList-start rowvg-start" field-disabled="true" style="display: none;"></tr><tr class="render-on-demand " proxy="makeStaplerProxy('/$stapler/bound/c7d58a3b-d0e6-43cd-a8ae-326d5f5f78fb','5e2a10a9-ca1f-465a-b045-b67e5d5c0165',['render'])" field-disabled="true" style="display: none;"></tr><tr style="display: none;" field-disabled="true"><td><input name="stapler-class" type="hidden" value="hudson.scm.subversion.UpdateWithCleanUpdater"><input name="$class" type="hidden" value="hudson.scm.subversion.UpdateWithCleanUpdater"></td></tr><tr class="dropdownList-end rowvg-end"></tr><tr class="dropdownList-start rowvg-start" field-disabled="true" style="display: none;"></tr><tr class="render-on-demand " proxy="makeStaplerProxy('/$stapler/bound/5477b43c-6cdd-4cd0-bc77-2782426a11d3','5e2a10a9-ca1f-465a-b045-b67e5d5c0165',['render'])" field-disabled="true" style="display: none;"></tr><tr style="display: none;" field-disabled="true"><td><input name="stapler-class" type="hidden" value="hudson.scm.subversion.UpdateWithRevertUpdater"><input name="$class" type="hidden" value="hudson.scm.subversion.UpdateWithRevertUpdater"></td></tr><tr class="dropdownList-end rowvg-end"></tr></tbody></table></td></tr><tr nameref="radio-block-12" style="display: none;"><td class="setting-leftspace">&nbsp;</td><td class="setting-name">Repository browser</td><td class="setting-main"><select class="setting-input dropdownList"><option value="auto">(Auto)</option><option value="0">Assembla</option><option value="1">CollabNet</option><option value="2">FishEye</option><option value="3">SVN::Web</option><option value="4">Sventon 1.x</option><option value="5">Sventon 2.x</option><option value="6">ViewSVN</option><option value="7">WebSVN</option></select></td><td class="setting-help"><a helpurl="/help/scm-browsers/list.html" href="#" class="help-button" tabindex="9999"><img src="/static/ebda7158/images/16x16/help.png" alt="Help for feature: Repository browser" style="width: 16px; height: 16px; " class="icon-help icon-sm"></a></td></tr><tr class="dropdownList-container" nameref="radio-block-12" style="display: none;"><td colspan="2"></td><td colspan="2"><table width="100%" name="svn.browser"><tbody><tr class="dropdownList-start rowvg-start"></tr><tr class="dropdownList-end rowvg-end"></tr><tr class="dropdownList-start rowvg-start" field-disabled="true" style="display: none;"></tr><tr class="render-on-demand " proxy="makeStaplerProxy('/$stapler/bound/c7e31347-7865-4261-b1d4-947a59fcecc3','5e2a10a9-ca1f-465a-b045-b67e5d5c0165',['render'])" field-disabled="true" style="display: none;"></tr><tr style="display: none;" field-disabled="true"><td><input name="stapler-class" type="hidden" value="hudson.scm.browsers.Assembla"><input name="$class" type="hidden" value="hudson.scm.browsers.Assembla"></td></tr><tr class="dropdownList-end rowvg-end"></tr><tr class="dropdownList-start rowvg-start" field-disabled="true" style="display: none;"></tr><tr class="render-on-demand " proxy="makeStaplerProxy('/$stapler/bound/d62f59dc-c4cd-458b-a31e-b7479889e449','5e2a10a9-ca1f-465a-b045-b67e5d5c0165',['render'])" field-disabled="true" style="display: none;"></tr><tr style="display: none;" field-disabled="true"><td><input name="stapler-class" type="hidden" value="hudson.scm.browsers.CollabNetSVN"><input name="$class" type="hidden" value="hudson.scm.browsers.CollabNetSVN"></td></tr><tr class="dropdownList-end rowvg-end"></tr><tr class="dropdownList-start rowvg-start" field-disabled="true" style="display: none;"></tr><tr class="render-on-demand " proxy="makeStaplerProxy('/$stapler/bound/fb1368eb-599a-484b-aecc-6ff9d919635f','5e2a10a9-ca1f-465a-b045-b67e5d5c0165',['render'])" field-disabled="true" style="display: none;"></tr><tr style="display: none;" field-disabled="true"><td><input name="stapler-class" type="hidden" value="hudson.scm.browsers.FishEyeSVN"><input name="$class" type="hidden" value="hudson.scm.browsers.FishEyeSVN"></td></tr><tr class="dropdownList-end rowvg-end"></tr><tr class="dropdownList-start rowvg-start" field-disabled="true" style="display: none;"></tr><tr class="render-on-demand " proxy="makeStaplerProxy('/$stapler/bound/0d59d3dd-2a7a-4f41-a958-adf450e05fe4','5e2a10a9-ca1f-465a-b045-b67e5d5c0165',['render'])" field-disabled="true" style="display: none;"></tr><tr style="display: none;" field-disabled="true"><td><input name="stapler-class" type="hidden" value="hudson.scm.browsers.SVNWeb"><input name="$class" type="hidden" value="hudson.scm.browsers.SVNWeb"></td></tr><tr class="dropdownList-end rowvg-end"></tr><tr class="dropdownList-start rowvg-start" field-disabled="true" style="display: none;"></tr><tr class="render-on-demand " proxy="makeStaplerProxy('/$stapler/bound/46ca6234-6b34-4265-b9f2-4e1e1ddd2154','5e2a10a9-ca1f-465a-b045-b67e5d5c0165',['render'])" field-disabled="true" style="display: none;"></tr><tr style="display: none;" field-disabled="true"><td><input name="stapler-class" type="hidden" value="hudson.scm.browsers.Sventon"><input name="$class" type="hidden" value="hudson.scm.browsers.Sventon"></td></tr><tr class="dropdownList-end rowvg-end"></tr><tr class="dropdownList-start rowvg-start" field-disabled="true" style="display: none;"></tr><tr class="render-on-demand " proxy="makeStaplerProxy('/$stapler/bound/632b393f-d697-4534-b2e3-a542c22e35dd','5e2a10a9-ca1f-465a-b045-b67e5d5c0165',['render'])" field-disabled="true" style="display: none;"></tr><tr style="display: none;" field-disabled="true"><td><input name="stapler-class" type="hidden" value="hudson.scm.browsers.Sventon2"><input name="$class" type="hidden" value="hudson.scm.browsers.Sventon2"></td></tr><tr class="dropdownList-end rowvg-end"></tr><tr class="dropdownList-start rowvg-start" field-disabled="true" style="display: none;"></tr><tr class="render-on-demand " proxy="makeStaplerProxy('/$stapler/bound/ac1124da-9dda-4033-bad3-d66518c7e2f5','5e2a10a9-ca1f-465a-b045-b67e5d5c0165',['render'])" field-disabled="true" style="display: none;"></tr><tr style="display: none;" field-disabled="true"><td><input name="stapler-class" type="hidden" value="hudson.scm.browsers.ViewSVN"><input name="$class" type="hidden" value="hudson.scm.browsers.ViewSVN"></td></tr><tr class="dropdownList-end rowvg-end"></tr><tr class="dropdownList-start rowvg-start" field-disabled="true" style="display: none;"></tr><tr class="render-on-demand " proxy="makeStaplerProxy('/$stapler/bound/6de3d0dc-b28a-42ce-afe1-a8329ac525eb','5e2a10a9-ca1f-465a-b045-b67e5d5c0165',['render'])" field-disabled="true" style="display: none;"></tr><tr style="display: none;" field-disabled="true"><td><input name="stapler-class" type="hidden" value="hudson.scm.browsers.WebSVN"><input name="$class" type="hidden" value="hudson.scm.browsers.WebSVN"></td></tr><tr class="dropdownList-end rowvg-end"></tr></tbody></table></td></tr><tr class="help-area" nameref="radio-block-12" style="display: none;"><td></td><td colspan="2"><div class="help">Loading...</div></td><td></td></tr><tr nameref="radio-block-12" style="display: none;"><td></td><td></td><td><div style="" class="advancedLink"><span style="display: none" id="id25"><img src="/static/ebda7158/images/24x24/notepad.png" tooltip="One or more fields in this block have been edited." style="width: 24px; height: 24px; vertical-align: baseline" class="icon-notepad icon-md" title="One or more fields in this block have been edited."></span>&nbsp;<span class="yui-button yui-push-button advanced-button advancedButton" id="yui-gen10"><span class="first-child"><button type="button" tabindex="0" id="yui-gen10-button">Advanced...</button></span></span></div><table class="advancedBody"><tbody><tr><td class="setting-leftspace">&nbsp;</td><td class="setting-name">Ignore Property Changes on directories</td><td class="setting-main"><input name="_.ignoreDirPropChanges" type="checkbox" class=" "></td><td class="setting-help"><a helpurl="/descriptor/hudson.scm.SubversionSCM/help/ignoreDirPropChanges" href="#" class="help-button" tabindex="9999"><img src="/static/ebda7158/images/16x16/help.png" alt="Help for feature: Ignore Property Changes on directories" style="width: 16px; height: 16px; " class="icon-help icon-sm"></a></td></tr><tr class="validation-error-area"><td colspan="2"></td><td></td><td></td></tr><tr class="help-area"><td></td><td colspan="2"><div class="help">Loading...</div></td><td></td></tr><tr><td class="setting-leftspace">&nbsp;</td><td class="setting-name">Excluded Regions</td><td class="setting-main"><textarea checkdependson="" name="_.excludedRegions" rows="5" class="setting-input validated  " checkurl="/job/viewed_job/descriptorByName/hudson.scm.SubversionSCM/checkExcludedRegions"></textarea><div class="textarea-handle"></div></td><td class="setting-help"><a helpurl="/descriptor/hudson.scm.SubversionSCM/help/excludedRegions" href="#" class="help-button" tabindex="9999"><img src="/static/ebda7158/images/16x16/help.png" alt="Help for feature: Excluded Regions" style="width: 16px; height: 16px; " class="icon-help icon-sm"></a></td></tr><tr class="validation-error-area"><td colspan="2"></td><td><div></div></td><td></td></tr><tr class="help-area"><td></td><td colspan="2"><div class="help">Loading...</div></td><td></td></tr><tr><td class="setting-leftspace">&nbsp;</td><td class="setting-name">Included Regions</td><td class="setting-main"><textarea checkdependson="" name="_.includedRegions" rows="5" class="setting-input validated  " checkurl="/job/viewed_job/descriptorByName/hudson.scm.SubversionSCM/checkIncludedRegions"></textarea><div class="textarea-handle"></div></td><td class="setting-help"><a helpurl="/descriptor/hudson.scm.SubversionSCM/help/includedRegions" href="#" class="help-button" tabindex="9999"><img src="/static/ebda7158/images/16x16/help.png" alt="Help for feature: Included Regions" style="width: 16px; height: 16px; " class="icon-help icon-sm"></a></td></tr><tr class="validation-error-area"><td colspan="2"></td><td><a href="" onclick="document.getElementById('valerr32').style.display='block';return false">ERROR</a><div id="valerr32" style="display:none"></div></td><td></td></tr><tr class="help-area"><td></td><td colspan="2"><div class="help">Loading...</div></td><td></td></tr><tr><td class="setting-leftspace">&nbsp;</td><td class="setting-name">Excluded Users</td><td class="setting-main"><textarea checkdependson="" name="_.excludedUsers" rows="5" class="setting-input validated  " checkurl="/job/viewed_job/descriptorByName/hudson.scm.SubversionSCM/checkExcludedUsers"></textarea><div class="textarea-handle"></div></td><td class="setting-help"><a helpurl="/descriptor/hudson.scm.SubversionSCM/help/excludedUsers" href="#" class="help-button" tabindex="9999"><img src="/static/ebda7158/images/16x16/help.png" alt="Help for feature: Excluded Users" style="width: 16px; height: 16px; " class="icon-help icon-sm"></a></td></tr><tr class="validation-error-area"><td colspan="2"></td><td></td><td></td></tr><tr class="help-area"><td></td><td colspan="2"><div class="help">Loading...</div></td><td></td></tr><tr><td class="setting-leftspace">&nbsp;</td><td class="setting-name">Excluded Commit Messages</td><td class="setting-main"><textarea checkdependson="" name="_.excludedCommitMessages" rows="5" class="setting-input validated  " checkurl="/job/viewed_job/descriptorByName/hudson.scm.SubversionSCM/checkExcludedCommitMessages"></textarea><div class="textarea-handle"></div></td><td class="setting-help"><a helpurl="/descriptor/hudson.scm.SubversionSCM/help/excludedCommitMessages" href="#" class="help-button" tabindex="9999"><img src="/static/ebda7158/images/16x16/help.png" alt="Help for feature: Excluded Commit Messages" style="width: 16px; height: 16px; " class="icon-help icon-sm"></a></td></tr><tr class="validation-error-area"><td colspan="2"></td><td></td><td></td></tr><tr class="help-area"><td></td><td colspan="2"><div class="help">Loading...</div></td><td></td></tr><tr><td class="setting-leftspace">&nbsp;</td><td class="setting-name">Exclusion revprop name</td><td class="setting-main">
   

  
  <input checkurl="'descriptorByName/hudson.scm.SubversionSCM/checkRevisionPropertiesSupported?value='+toValue(document.getElementById('svn.remote.loc'))" name="_.excludedRevprop" type="text" class="setting-input validated  " value=""></td><td class="setting-help"><a helpurl="/descriptor/hudson.scm.SubversionSCM/help/excludedRevprop" href="#" class="help-button" tabindex="9999"><img src="/static/ebda7158/images/16x16/help.png" alt="Help for feature: Exclusion revprop name" style="width: 16px; height: 16px; " class="icon-help icon-sm"></a></td></tr><tr class="validation-error-area"><td colspan="2"></td><td><div></div></td><td></td></tr><tr class="help-area"><td></td><td colspan="2"><div class="help">Loading...</div></td><td></td></tr><tr><td class="setting-leftspace">&nbsp;</td><td class="setting-name">Filter changelog</td><td class="setting-main"><input name="_.filterChangelog" type="checkbox" class=" "></td><td class="setting-help"><a helpurl="/descriptor/hudson.scm.SubversionSCM/help/filterChangelog" href="#" class="help-button" tabindex="9999"><img src="/static/ebda7158/images/16x16/help.png" alt="Help for feature: Filter changelog" style="width: 16px; height: 16px; " class="icon-help icon-sm"></a></td></tr><tr class="validation-error-area"><td colspan="2"></td><td></td><td></td></tr><tr class="help-area"><td></td><td colspan="2"><div class="help">Loading...</div></td><td></td></tr></tbody></table></td><td></td></tr><tr style="display:none" class="row-set-end radio-block-end"></tr><tr><td colspan="4"><div class="section-header"><a id="section6" class="section-anchor">#</a>Build Triggers</div></td></tr><tr class="optional-block-start row-set-start" hashelp="true" ref="cb27"><td colspan="3"><input onclick="javascript:updateOptionalBlock(this,true)" name="jenkins-triggers-ReverseBuildTrigger" type="checkbox" class=" " id="cb27" path="/jenkins-triggers-ReverseBuildTrigger"><label class="attach-previous">Build after other projects are built</label></td><td class="setting-help"><a helpurl="/descriptor/jenkins.triggers.ReverseBuildTrigger/help" href="#" class="help-button" tabindex="9999"><img src="/static/ebda7158/images/16x16/help.png" alt="Help for feature: Build after other projects are built" style="width: 16px; height: 16px; " class="icon-help icon-sm"></a></td></tr><tr class="help-area" nameref="cb27"><td></td><td colspan="2"><div class="help">Loading...</div></td><td></td></tr><tr class="rowvg-start" nameref="cb27" style="display: none;"></tr><tr nameref="cb27" style="display: none;"><td class="setting-leftspace">&nbsp;</td><td class="setting-name">Projects to watch</td><td class="setting-main">
   

  
  <input checkdependson="" autocompleteurl="/job/viewed_job/descriptorByName/jenkins.triggers.ReverseBuildTrigger/autoCompleteUpstreamProjects" checkurl="/job/viewed_job/descriptorByName/jenkins.triggers.ReverseBuildTrigger/checkUpstreamProjects" autocompletedelimchar="," name="_.upstreamProjects" type="text" class="setting-input validated auto-complete  yui-ac-input" value="" autocomplete="off" style="position: relative;"><div class="yui-ac-container"><div class="yui-ac-content" style="display: none;"><div class="yui-ac-hd" style="display: none;"></div><div class="yui-ac-bd"><ul><li style="display: none;"></li><li style="display: none;"></li><li style="display: none;"></li><li style="display: none;"></li><li style="display: none;"></li><li style="display: none;"></li><li style="display: none;"></li><li style="display: none;"></li><li style="display: none;"></li><li style="display: none;"></li></ul></div><div class="yui-ac-ft" style="display: none;"></div></div></div></td><td class="setting-no-help"></td></tr><tr class="validation-error-area" nameref="cb27" style="display: none;"><td colspan="2"></td><td><div class="error"><img src="/static/ebda7158/images/none.gif" height="16" width="1">No project specified</div></td><td></td></tr><tr nameref="cb27" style="display: none;"><td class="setting-leftspace">&nbsp;</td><td class="setting-name"></td><td class="setting-main"><input name="ReverseBuildTrigger.threshold" checked="true" type="radio" value="SUCCESS"><label class="attach-previous">Trigger only if build is stable</label></td><td class="setting-no-help"></td></tr><tr class="validation-error-area" nameref="cb27" style="display: none;"><td colspan="2"></td><td></td><td></td></tr><tr nameref="cb27" style="display: none;"><td class="setting-leftspace">&nbsp;</td><td class="setting-name"></td><td class="setting-main"><input name="ReverseBuildTrigger.threshold" type="radio" value="UNSTABLE"><label class="attach-previous">Trigger even if the build is unstable</label></td><td class="setting-no-help"></td></tr><tr class="validation-error-area" nameref="cb27" style="display: none;"><td colspan="2"></td><td></td><td></td></tr><tr nameref="cb27" style="display: none;"><td class="setting-leftspace">&nbsp;</td><td class="setting-name"></td><td class="setting-main"><input name="ReverseBuildTrigger.threshold" type="radio" value="FAILURE"><label class="attach-previous">Trigger even if the build fails</label></td><td class="setting-no-help"></td></tr><tr class="validation-error-area" nameref="cb27" style="display: none;"><td colspan="2"></td><td></td><td></td></tr><tr class="row-set-end rowvg-end optional-block-end"></tr><tr class="optional-block-start row-set-start" hashelp="true" ref="cb28"><td colspan="3"><input onclick="javascript:updateOptionalBlock(this,true)" name="hudson-triggers-TimerTrigger" type="checkbox" class=" " id="cb28" path="/hudson-triggers-TimerTrigger"><label class="attach-previous">Build periodically</label></td><td class="setting-help"><a helpurl="/descriptor/hudson.triggers.TimerTrigger/help" href="#" class="help-button" tabindex="9999"><img src="/static/ebda7158/images/16x16/help.png" alt="Help for feature: Build periodically" style="width: 16px; height: 16px; " class="icon-help icon-sm"></a></td></tr><tr class="help-area" nameref="cb28"><td></td><td colspan="2"><div class="help">Loading...</div></td><td></td></tr><tr class="rowvg-start" nameref="cb28" style="display: none;"></tr><tr nameref="cb28" style="display: none;"><td class="setting-leftspace">&nbsp;</td><td class="setting-name">Schedule</td><td class="setting-main"><textarea checkdependson="" name="_.spec" rows="5" class="setting-input validated  " checkurl="/job/viewed_job/descriptorByName/hudson.triggers.TimerTrigger/checkSpec"></textarea><div class="textarea-handle"></div></td><td class="setting-help"><a helpurl="/descriptor/hudson.triggers.TimerTrigger/help/spec" href="#" class="help-button" tabindex="9999"><img src="/static/ebda7158/images/16x16/help.png" alt="Help for feature: Schedule" style="width: 16px; height: 16px; " class="icon-help icon-sm"></a></td></tr><tr class="validation-error-area" nameref="cb28" style="display: none;"><td colspan="2"></td><td></td><td></td></tr><tr class="help-area" nameref="cb28" style="display: none;"><td></td><td colspan="2"><div class="help">Loading...</div></td><td></td></tr><tr class="row-set-end rowvg-end optional-block-end"></tr><tr class="optional-block-start row-set-start" hashelp="true" ref="cb29"><td colspan="3"><input onclick="javascript:updateOptionalBlock(this,true)" name="hudson-triggers-SCMTrigger" type="checkbox" class=" " id="cb29" path="/hudson-triggers-SCMTrigger"><label class="attach-previous">Poll SCM</label></td><td class="setting-help"><a helpurl="/descriptor/hudson.triggers.SCMTrigger/help" href="#" class="help-button" tabindex="9999"><img src="/static/ebda7158/images/16x16/help.png" alt="Help for feature: Poll SCM" style="width: 16px; height: 16px; " class="icon-help icon-sm"></a></td></tr><tr class="help-area" nameref="cb29"><td></td><td colspan="2"><div class="help">Loading...</div></td><td></td></tr><tr class="rowvg-start" nameref="cb29" style="display: none;"></tr><tr nameref="cb29" style="display: none;"><td class="setting-leftspace">&nbsp;</td><td class="setting-name">Schedule</td><td class="setting-main"><textarea name="scmpoll_spec" rows="5" class="setting-input validated  " checkurl="'/trigger/TimerTrigger/check?value='+encodeURIComponent(this.value)"></textarea><div class="textarea-handle"></div></td><td class="setting-help"><a helpurl="/descriptor/hudson.triggers.TimerTrigger/help/spec" href="#" class="help-button" tabindex="9999"><img src="/static/ebda7158/images/16x16/help.png" alt="Help for feature: Schedule" style="width: 16px; height: 16px; " class="icon-help icon-sm"></a></td></tr><tr class="validation-error-area" nameref="cb29" style="display: none;"><td colspan="2"></td><td></td><td></td></tr><tr class="help-area" nameref="cb29" style="display: none;"><td></td><td colspan="2"><div class="help">Loading...</div></td><td></td></tr><tr nameref="cb29" style="display: none;"><td class="setting-leftspace">&nbsp;</td><td class="setting-name">Ignore post-commit hooks</td><td class="setting-main"><input name="_.ignorePostCommitHooks" type="checkbox" class=" "></td><td class="setting-help"><a helpurl="/descriptor/hudson.triggers.SCMTrigger/help/ignorePostCommitHooks" href="#" class="help-button" tabindex="9999"><img src="/static/ebda7158/images/16x16/help.png" alt="Help for feature: Ignore post-commit hooks" style="width: 16px; height: 16px; " class="icon-help icon-sm"></a></td></tr><tr class="validation-error-area" nameref="cb29" style="display: none;"><td colspan="2"></td><td></td><td></td></tr><tr class="help-area" nameref="cb29" style="display: none;"><td></td><td colspan="2"><div class="help">Loading...</div></td><td></td></tr><tr class="row-set-end rowvg-end optional-block-end"></tr><tr><td colspan="4"><div class="section-header"><a id="section7" class="section-anchor">#</a>Build</div></td></tr><tr><td colspan="4"><div class="hetero-list-container with-drag-drop  "><div class="repeatable-insertion-point"></div><div><span class="yui-button yui-menu-button" id="yui-gen3"><span class="first-child"><button type="button" tabindex="0" id="yui-gen3-button" class="hetero-list-add" suffix="builder" path="/hetero-list-add[builder]">Add build step</button></span></span></div></div></td></tr><tr><td colspan="4"><div class="section-header"><a id="section8" class="section-anchor">#</a>Post-build Actions</div></td></tr><tr><td colspan="4"><div class="hetero-list-container with-drag-drop one-each honor-order"><div class="repeatable-insertion-point"></div><div><span class="yui-button yui-menu-button" id="yui-gen5"><span class="first-child"><button type="button" tabindex="0" id="yui-gen5-button" class="hetero-list-add" suffix="publisher" path="/hetero-list-add[publisher]">Add post-build action</button></span></span></div></div></td></tr><tr><td colspan="4"><div style="height: 74px;"></div><div id="bottom-sticker" style="position: fixed; bottom: 0px; left: 338px;"><div class="bottom-sticker-edge"></div><div class="bottom-sticker-inner"><span class="yui-button yui-submit-button submit-button primary" id="yui-gen30" name="Submit" path="/Submit"><span class="first-child"><button type="button" tabindex="0" id="yui-gen30-button">Save</button></span></span><script src="/adjuncts/ebda7158/lib/form/apply/apply.js" type="text/javascript"></script><input type="hidden" name="core:apply" value="" path="/core:apply"><span class="yui-button yui-push-button apply-button applyButton" id="yui-gen11" name="Apply" path="/Apply"><span class="first-child"><button type="button" tabindex="0" id="yui-gen11-button" path="/Apply/apply-button">Apply</button></span></span></div></div></td></tr></tbody></table><div><input type="hidden" name="json" value="init"></div></form><script src="/adjuncts/ebda7158/lib/form/confirm.js" type="text/javascript"></script></div></div><footer><div class="container-fluid"><div class="row"><div class="col-md-6" id="footer"><div id="l10n-footer" style="display: block; float: left;"><a href="#" onclick="return showTranslationDialog();"><img src="/static/ebda7158/plugin/translation/flags.png">
      Help us localize this page
    </a></div></div><div class="col-md-18"><span class="page_generated">Page generated: Oct 16, 2015 7:07:45 PM</span><span class="rest_api"><a href="api/">REST API</a></span><span class="jenkins_ver"><a href="http://jenkins-ci.org/">Jenkins ver. 1.630</a></span><div id="l10n-dialog" class="dialog"></div><script>var footer = document.getElementById('l10n-footer');
    var f = document.getElementById('footer');
    f.insertBefore(footer,f.firstChild);
    footer.style.display="block";

    var translation={}; 
    translation.bundles = "VbYSOd18EkDGkEsH/9M74Sw9RE7sdFhRIpCrHOvbFZZGxQ6fGFVH11tbKnTjtBHq2J8hbfCcjuvYvZVFl+fN12qPO8bigaocu84a2mjt08MfhGJJvMfhEqxqrAd9QzMeHto5BWvP/Fg6WPSjlZK3+EA2P7yLr8rR13MMX17T2MfPHe6sv9e/C5G0M0m3Q1vzP8ckqcTgYdeer/Cz93lFCHyfNgTitMRJHRHmgPUZ8wVvgXnvXKYNWWYfTsoWOgeLPYLXESd5JAIgd3mJc1DAn8fSWNt3pNfX0f52HqVUvhR3Qh0KO37XE0KieHhKQJ7IKehWbAWen/cP7NB5V/IWKONpCAYycdwIZYH8K5K8v2Ia7zfOjNhVAKXQQ4v30xGjqa+TYHj2+xyjQzbe9HPagiVsBUW7n1cs3ujsWi27TkGqTvHIXZmMAL041D6vpmg+Xl5/d6ILFB01iJGYRU9c6A4XmNAA+Q1PyU1uWdy8HoXkuc32ziF77Mryms7ju2KR31VNWMddqUiRyTczKaQt7mJZ2yvWtNGLQMgYvmuAbwiO0MlOjsmcz0OUnaWfqB1uw6ycJOWD6teN11YCPTqOI5U1MUk83rJ3DVVZJI6qSjCZJOuwTQfjtplYpSm8Epc7GuvsDzMlsFRX/IQ9TV5xIt2S1jrtSKvzzIH1CY/AfKLhu0CSOfmfGvxh3pNmrkC6Eovd4Jx9U5I1gtJR5T64/eWFyXx/CCy9oawIy/lznT2magQ8mIaj2WYktxIkOqP6uThOVmJQTjxtnokXIz3UlYRQHRNcrTeorN07+mCgX29hbFF/FicgeZz/iHOupveoAWJZP0cJrxhh7K/7wzBkkeg+OSaJxxbfcOLbeqnvTvb5cn88hzVOSONq+2szfLmPO7vetoTf9lidu+cRDIyLnowLNx4+KpnQ1VQtEA2LZlg//T9WUYjDKn3sssU33phAElcwWvyTQuI1n5Kr8QB6pkPa8CmOxtphXlYabMmiaFcSKod1KC5AvFmg5vT1XzLYoXe5XmM+8cKh0+uSco1dHtN/cLnuFek4VgJd08Y5CGDBuclEr5917hQrParYpQiMKrNQC8aLiS3LlZBWAhTkHHM9dIYiLgvkG+JEGe8EzgF2EEv5PIVqsTwmq4VyKZho2gruXmYXNZvksWVUyHXONNeqIHTC+dUkTjQ144L8DFy9OjMSJtb0gpmRgEwXCsezmos7KupYbnBUjp90Xxhqacfjy8KWT7vWck/9G4ZZVfr7fOUyl9ql3DZtG7Xfi212mmFHu4DF3k5H8m50YikvwUzgR8u6jpg7aJsMgsZtMFHUgRr4BucAwGW3oKIcw74TZw+OJBdtW9xnv1yTEJ7mVddb4D/sVp+6y2Fl+/pXVWY4wpBFglV72Xlf41dDnMHI67PH3+r5gKDiRROhIgEAy42GZYigmo060rNPNv7Nz6UfElNbidGzlEFXmaStBEO7Zcvt5nm+6eXRAlNw07qnBNDxEtZPswdqG/7K8pqjpzhE61gpNayV6Dtvm7g7rbC/Jnx01A8lIbK8OVqmDfvX8gubvrGEEHb+NGDfWv4UI+vRL0ov0Bt68DFGnVE8LrVz7LSavAG6EuJXJWWmVjp5SZ6y9bdvA8Go/ppT4stBt6BGM1wr8A8iis4v+xeh4ptzRwkEbSUbu0IlFJQsDhRa1CIoXQwc3p+eH1R/sDD/IwpZ1Jcrze6+BogWHXq7dFCCiznPjvDXsMVEMZjEPA1b14IDEI9msgxt5Rhc987Ug+jr9LnVyMMcaJvXRAU3+TzClsUdd50RicRLyJDHTyPoQcij3hE9Xd3ds4FwDO7U8lZd6/IEFQoZEvRkHBS9cxTFPmojcBSsM/S0tAnaVvpo2KlDZMmYRQMoBjz4z8Pw5Opz91zlHsOjwZyoZq6DNb2cu4/Z8PULsLft/n+81R0jHZ9iykuon5tXxNWpYNNMhEC7XWerjlUfKfoy+N9mX/JS3yH6wNvxhZ/s6nNZVIw1CmYcOq9kjCigL4suzf5cZ0HmoH5xOkVq6QFAFTNT3wapzzp7LpQTXw9wCZBsevCqlDyUXALmg2QGclzqOJbfcZVk4l8H6e4+YViy2KH4zKJlXRWCuIA7EnggYH4fPCY6ii0jzlbMKHChMyDEze7mO1rE88vAvnqWxM6XHEcnp9bGDoXGzbgDVjIaAByh9JGDR3HgrPkvIKvkjXpSHfqmLt/rL73Zda+z0xKQPkVFuJYP+Ex+rOheJk83EPmsR+wq5YJNr+IC5C7YRaIfFSruIuFsbCwmHLIJzy8QFMPBuNOpkX1uqhgqi9oqWIK9sAv3YYmSWghm5TSWeimHx4H//WSVSX0N0gBkaVURdbTrxzy9Qa9F42i2vCJ0CysIU8aBGSrHHP6afcW8py75BydJoLaq/Dkb4XR3kd6d719+5k/J9Qec7S08Z+0xpBdhzoQTU504hSXuK3trUjceqiEXr40=";
    translation.detectedLocale = "";

    function showTranslationDialog() {
      if(!translation.launchDialog)
        loadScript("/static/ebda7158/plugin/translation/dialog.js");
      else
        translation.launchDialog();
      return false; 
    }</script><script src="/static/ebda7158/plugin/form-element-path/script.js"></script></div></div></div></footer></body></html>
For documentation on this error, please visit: http://seleniumhq.org/exceptions/no_such_element.html
Build info: version: '2.47.1', revision: 'unknown', time: '2015-07-30 11:02:44'
System info: host: 'MacBook-Pro-2.home', ip: '192.168.1.6', os.name: 'Mac OS X', os.arch: 'x86_64', os.version: '10.10.5', java.version: '1.8.0_60'
Driver info: driver.version: unknown
	at org.jenkinsci.test.acceptance.po.CapybaraPortingLayerImpl.find(CapybaraPortingLayerImpl.java:204)
	at org.jenkinsci.test.acceptance.steps.ViewSteps.I_build_in_view(ViewSteps.java:17)
	at ✽.And I build "viewed_job" in view(freestyle_build.feature:74)
Caused by: org.openqa.selenium.NoSuchElementException: {"errorMessage":"Unable to find element with xpath '//a[contains(@href, '/viewed_job/build?')]/img[contains(@title, 'Schedule a build')]'","request":{"headers":{"Accept-Encoding":"gzip,deflate","Connection":"Keep-Alive","Content-Length":"112","Content-Type":"application/json; charset=utf-8","Host":"localhost:6730","User-Agent":"Apache-HttpClient/4.3.3 (java 1.5)"},"httpVersion":"1.1","method":"POST","post":"{\"using\":\"xpath\",\"value\":\"//a[contains(@href, '/viewed_job/build?')]/img[contains(@title, 'Schedule a build')]\"}","url":"/element","urlParsed":{"anchor":"","query":"","file":"element","directory":"/","path":"/element","relative":"/element","port":"","host":"","password":"","user":"","userInfo":"","authority":"","protocol":"","source":"/element","queryKey":{},"chunks":["element"]},"urlOriginal":"/session/b32dccb0-745a-11e5-9348-fbc8f823f843/element"}}
Command duration or timeout: 1.32 seconds
For documentation on this error, please visit: http://seleniumhq.org/exceptions/no_such_element.html
Build info: version: '2.47.1', revision: 'unknown', time: '2015-07-30 11:02:44'
System info: host: 'MacBook-Pro-2.home', ip: '192.168.1.6', os.name: 'Mac OS X', os.arch: 'x86_64', os.version: '10.10.5', java.version: '1.8.0_60'
Driver info: org.openqa.selenium.phantomjs.PhantomJSDriver
Capabilities [{applicationCacheEnabled=false, rotatable=false, handlesAlerts=false, databaseEnabled=false, version=2.0.0, platform=OS X 10.9, browserConnectionEnabled=false, proxy={proxyType=direct}, nativeEvents=true, acceptSslCerts=false, driverVersion=1.2.0, locationContextEnabled=false, webStorageEnabled=false, browserName=phantomjs, takesScreenshot=true, driverName=ghostdriver, javascriptEnabled=true, cssSelectorsEnabled=true, phantomjs.page.customHeaders.Accept-Language=en}]
Session ID: b32dccb0-745a-11e5-9348-fbc8f823f843
*** Element info: {Using=xpath, value=//a[contains(@href, '/viewed_job/build?')]/img[contains(@title, 'Schedule a build')]}
	at sun.reflect.NativeConstructorAccessorImpl.newInstance0(Native Method)
	at sun.reflect.NativeConstructorAccessorImpl.newInstance(NativeConstructorAccessorImpl.java:62)
	at sun.reflect.DelegatingConstructorAccessorImpl.newInstance(DelegatingConstructorAccessorImpl.java:45)
	at java.lang.reflect.Constructor.newInstance(Constructor.java:422)
	at org.openqa.selenium.remote.ErrorHandler.createThrowable(ErrorHandler.java:206)
	at org.openqa.selenium.remote.ErrorHandler.throwIfResponseFailed(ErrorHandler.java:158)
	at org.openqa.selenium.remote.RemoteWebDriver.execute(RemoteWebDriver.java:595)
	at org.openqa.selenium.remote.RemoteWebDriver.findElement(RemoteWebDriver.java:348)
	at org.openqa.selenium.remote.RemoteWebDriver.findElementByXPath(RemoteWebDriver.java:445)
	at org.openqa.selenium.By$ByXPath.findElement(By.java:358)
	at org.openqa.selenium.remote.RemoteWebDriver.findElement(RemoteWebDriver.java:340)
	at sun.reflect.GeneratedMethodAccessor23.invoke(Unknown Source)
	at sun.reflect.DelegatingMethodAccessorImpl.invoke(DelegatingMethodAccessorImpl.java:43)
	at java.lang.reflect.Method.invoke(Method.java:497)
	at org.openqa.selenium.support.events.EventFiringWebDriver$2.invoke(EventFiringWebDriver.java:102)
	at com.sun.proxy.$Proxy51.findElement(Unknown Source)
	at org.openqa.selenium.support.events.EventFiringWebDriver.findElement(EventFiringWebDriver.java:185)
	at org.jenkinsci.test.acceptance.po.CapybaraPortingLayerImpl.find(CapybaraPortingLayerImpl.java:185)
	at org.jenkinsci.test.acceptance.steps.ViewSteps.I_build_in_view(ViewSteps.java:17)
	at sun.reflect.NativeMethodAccessorImpl.invoke0(Native Method)
	at sun.reflect.NativeMethodAccessorImpl.invoke(NativeMethodAccessorImpl.java:62)
	at sun.reflect.DelegatingMethodAccessorImpl.invoke(DelegatingMethodAccessorImpl.java:43)
	at java.lang.reflect.Method.invoke(Method.java:497)
	at cucumber.runtime.Utils$1.call(Utils.java:35)
	at cucumber.runtime.Timeout.timeout(Timeout.java:12)
	at cucumber.runtime.Utils.invoke(Utils.java:31)
	at cucumber.runtime.java.JavaStepDefinition.execute(JavaStepDefinition.java:35)
	at cucumber.runtime.StepDefinitionMatch.runStep(StepDefinitionMatch.java:38)
	at cucumber.runtime.Runtime.runStep(Runtime.java:289)
	at cucumber.runtime.model.StepContainer.runStep(StepContainer.java:44)
	at cucumber.runtime.model.StepContainer.runSteps(StepContainer.java:39)
	at cucumber.runtime.model.CucumberScenario.run(CucumberScenario.java:40)
	at cucumber.runtime.junit.ExecutionUnitRunner.run(ExecutionUnitRunner.java:83)
	at cucumber.runtime.junit.FeatureRunner.runChild(FeatureRunner.java:63)
	at cucumber.runtime.junit.FeatureRunner.runChild(FeatureRunner.java:18)
	at org.junit.runners.ParentRunner$3.run(ParentRunner.java:238)
	at org.junit.runners.ParentRunner$1.schedule(ParentRunner.java:63)
	at org.junit.runners.ParentRunner.runChildren(ParentRunner.java:236)
	at org.junit.runners.ParentRunner.access$000(ParentRunner.java:53)
	at org.junit.runners.ParentRunner$2.evaluate(ParentRunner.java:229)
	at org.junit.runners.ParentRunner.run(ParentRunner.java:309)
	at cucumber.runtime.junit.FeatureRunner.run(FeatureRunner.java:70)
	at cucumber.api.junit.Cucumber.runChild(Cucumber.java:82)
	at cucumber.api.junit.Cucumber.runChild(Cucumber.java:41)
	at org.junit.runners.ParentRunner$3.run(ParentRunner.java:238)
	at org.junit.runners.ParentRunner$1.schedule(ParentRunner.java:63)
	at org.junit.runners.ParentRunner.runChildren(ParentRunner.java:236)
	at org.junit.runners.ParentRunner.access$000(ParentRunner.java:53)
	at org.junit.runners.ParentRunner$2.evaluate(ParentRunner.java:229)
	at org.junit.runners.ParentRunner.run(ParentRunner.java:309)
	at cucumber.api.junit.Cucumber.run(Cucumber.java:87)
	at org.apache.maven.surefire.junit4.JUnit4Provider.execute(JUnit4Provider.java:264)
	at org.apache.maven.surefire.junit4.JUnit4Provider.executeTestSet(JUnit4Provider.java:153)
	at org.apache.maven.surefire.junit4.JUnit4Provider.invoke(JUnit4Provider.java:124)
	at org.apache.maven.surefire.booter.ForkedBooter.invokeProviderInSameClassLoader(ForkedBooter.java:200)
	at org.apache.maven.surefire.booter.ForkedBooter.runSuitesInProcess(ForkedBooter.java:153)
	at org.apache.maven.surefire.booter.ForkedBooter.main(ForkedBooter.java:103)
Caused by: org.openqa.selenium.remote.ScreenshotException: Screen shot has been taken
Build info: version: '2.47.1', revision: 'unknown', time: '2015-07-30 11:02:44'
System info: host: 'MacBook-Pro-2.home', ip: '192.168.1.6', os.name: 'Mac OS X', os.arch: 'x86_64', os.version: '10.10.5', java.version: '1.8.0_60'
Driver info: driver.version: EventFiringWebDriver
	at org.openqa.selenium.remote.ErrorHandler.throwIfResponseFailed(ErrorHandler.java:138)
	at org.openqa.selenium.remote.RemoteWebDriver.execute(RemoteWebDriver.java:595)
	at org.openqa.selenium.remote.RemoteWebDriver.findElement(RemoteWebDriver.java:348)
	at org.openqa.selenium.remote.RemoteWebDriver.findElementByXPath(RemoteWebDriver.java:445)
	at org.openqa.selenium.By$ByXPath.findElement(By.java:358)
	at org.openqa.selenium.remote.RemoteWebDriver.findElement(RemoteWebDriver.java:340)
	at sun.reflect.GeneratedMethodAccessor23.invoke(Unknown Source)
	at sun.reflect.DelegatingMethodAccessorImpl.invoke(DelegatingMethodAccessorImpl.java:43)
	at java.lang.reflect.Method.invoke(Method.java:497)
	at org.openqa.selenium.support.events.EventFiringWebDriver$2.invoke(EventFiringWebDriver.java:102)
	at com.sun.proxy.$Proxy51.findElement(Unknown Source)
	at org.openqa.selenium.support.events.EventFiringWebDriver.findElement(EventFiringWebDriver.java:185)
	at org.jenkinsci.test.acceptance.po.CapybaraPortingLayerImpl.find(CapybaraPortingLayerImpl.java:185)
	at org.jenkinsci.test.acceptance.steps.ViewSteps.I_build_in_view(ViewSteps.java:17)
	at sun.reflect.NativeMethodAccessorImpl.invoke0(Native Method)
	at sun.reflect.NativeMethodAccessorImpl.invoke(NativeMethodAccessorImpl.java:62)
	at sun.reflect.DelegatingMethodAccessorImpl.invoke(DelegatingMethodAccessorImpl.java:43)
	at java.lang.reflect.Method.invoke(Method.java:497)
	at cucumber.runtime.Utils$1.call(Utils.java:35)
	at cucumber.runtime.Timeout.timeout(Timeout.java:12)
	at cucumber.runtime.Utils.invoke(Utils.java:31)
	at cucumber.runtime.java.JavaStepDefinition.execute(JavaStepDefinition.java:35)
	at cucumber.runtime.StepDefinitionMatch.runStep(StepDefinitionMatch.java:38)
	at cucumber.runtime.Runtime.runStep(Runtime.java:289)
	at cucumber.runtime.model.StepContainer.runStep(StepContainer.java:44)
	at cucumber.runtime.model.StepContainer.runSteps(StepContainer.java:39)
	at cucumber.runtime.model.CucumberScenario.run(CucumberScenario.java:40)
	at cucumber.runtime.junit.ExecutionUnitRunner.run(ExecutionUnitRunner.java:83)
	at cucumber.runtime.junit.FeatureRunner.runChild(FeatureRunner.java:63)
	at cucumber.runtime.junit.FeatureRunner.runChild(FeatureRunner.java:18)
	at org.junit.runners.ParentRunner$3.run(ParentRunner.java:238)
	at org.junit.runners.ParentRunner$1.schedule(ParentRunner.java:63)
	at org.junit.runners.ParentRunner.runChildren(ParentRunner.java:236)
	at org.junit.runners.ParentRunner.access$000(ParentRunner.java:53)
	at org.junit.runners.ParentRunner$2.evaluate(ParentRunner.java:229)
	at org.junit.runners.ParentRunner.run(ParentRunner.java:309)
	at cucumber.runtime.junit.FeatureRunner.run(FeatureRunner.java:70)
	at cucumber.api.junit.Cucumber.runChild(Cucumber.java:82)
	at cucumber.api.junit.Cucumber.runChild(Cucumber.java:41)
	at org.junit.runners.ParentRunner$3.run(ParentRunner.java:238)
	at org.junit.runners.ParentRunner$1.schedule(ParentRunner.java:63)
	at org.junit.runners.ParentRunner.runChildren(ParentRunner.java:236)
	at org.junit.runners.ParentRunner.access$000(ParentRunner.java:53)
	at org.junit.runners.ParentRunner$2.evaluate(ParentRunner.java:229)
	at org.junit.runners.ParentRunner.run(ParentRunner.java:309)
	at cucumber.api.junit.Cucumber.run(Cucumber.java:87)
	at org.apache.maven.surefire.junit4.JUnit4Provider.execute(JUnit4Provider.java:264)
	at org.apache.maven.surefire.junit4.JUnit4Provider.executeTestSet(JUnit4Provider.java:153)
	at org.apache.maven.surefire.junit4.JUnit4Provider.invoke(JUnit4Provider.java:124)
	at org.apache.maven.surefire.booter.ForkedBooter.invokeProviderInSameClassLoader(ForkedBooter.java:200)
	at org.apache.maven.surefire.booter.ForkedBooter.runSuitesInProcess(ForkedBooter.java:153)
	at org.apache.maven.surefire.booter.ForkedBooter.main(ForkedBooter.java:103)
Caused by: org.openqa.selenium.NoSuchElementException: {"errorMessage":"Unable to find element with xpath '//a[contains(@href, '/viewed_job/build?')]/img[contains(@title, 'Schedule a build')]'","request":{"headers":{"Accept-Encoding":"gzip,deflate","Connection":"Keep-Alive","Content-Length":"112","Content-Type":"application/json; charset=utf-8","Host":"localhost:6730","User-Agent":"Apache-HttpClient/4.3.3 (java 1.5)"},"httpVersion":"1.1","method":"POST","post":"{\"using\":\"xpath\",\"value\":\"//a[contains(@href, '/viewed_job/build?')]/img[contains(@title, 'Schedule a build')]\"}","url":"/element","urlParsed":{"anchor":"","query":"","file":"element","directory":"/","path":"/element","relative":"/element","port":"","host":"","password":"","user":"","userInfo":"","authority":"","protocol":"","source":"/element","queryKey":{},"chunks":["element"]},"urlOriginal":"/session/b32dccb0-745a-11e5-9348-fbc8f823f843/element"}}
For documentation on this error, please visit: http://seleniumhq.org/exceptions/no_such_element.html
Build info: version: '2.47.1', revision: 'unknown', time: '2015-07-30 11:02:44'
System info: host: 'MacBook-Pro-2.home', ip: '192.168.1.6', os.name: 'Mac OS X', os.arch: 'x86_64', os.version: '10.10.5', java.version: '1.8.0_60'
Driver info: driver.version: unknown
]]></error>
    <system-out><![CDATA[testCaseResult=ru.yandex.qatools.allure.model.TestCaseResult@5b3b13fb[
  name=findJobThroughRegexp
  title=<null>
  description=<null>
  failure=<null>
  start=1445036595579
  stop=1445036616110
  status=PASSED
  severity=<null>
  steps=[]
  attachments=[]
  labels=[ru.yandex.qatools.allure.model.Label@42360a1c, ru.yandex.qatools.allure.model.Label@43e865ba]
  parameters=<null>
]
testCaseResult={
   "start" : 1445036595579,
   "stop" : 1445036616110,
   "status" : "passed",
   "name" : "findJobThroughRegexp",
   "steps" : {
      "step" : [ ]
   },
   "attachments" : {
      "attachment" : [ ]
   },
   "labels" : {
      "label" : [ {
         "name" : "host",
         "value" : "MacBook-Pro-2.home"
      }, {
         "name" : "thread",
         "value" : "1771@MacBook-Pro-2.home.main(1)"
      } ]
   }
}
testCase=ru.yandex.qatools.allure.model.TestCase@5ee8d8e1[
  _id=6787d98a-8e20-452a-a926-8501e0b2293e
  executionId=7a8626ac-7b8d-4761-8bff-776519219d78
  threadName=thread_15005794375463
  name=findJobThroughRegexp
  title=<null>
  description=<null>
  failure=<null>
  start=1445036595579
  stop=1445036616110
  status=PASSED
  severity=<null>
  steps=[]
  attachments=[]
  labels=[ru.yandex.qatools.allure.model.Label@42360a1c, ru.yandex.qatools.allure.model.Label@43e865ba]
  parameters=<null>
]
testCase={
   "start" : 1445036595579,
   "stop" : 1445036616110,
   "status" : "passed",
   "_id" : "6787d98a-8e20-452a-a926-8501e0b2293e",
   "executionId" : "7a8626ac-7b8d-4761-8bff-776519219d78",
   "threadName" : "thread_15005794375463",
   "name" : "findJobThroughRegexp",
   "steps" : {
      "step" : [ ]
   },
   "attachments" : {
      "attachment" : [ ]
   },
   "labels" : {
      "label" : [ {
         "name" : "host",
         "value" : "MacBook-Pro-2.home"
      }, {
         "name" : "thread",
         "value" : "1771@MacBook-Pro-2.home.main(1)"
      } ]
   }
}
>>>REQUEST: /testaspect/TestCase/6787d98a-8e20-452a-a926-8501e0b2293e
<<<RESPONSE (201 Created): /testaspect/TestCase/6787d98a-8e20-452a-a926-8501e0b2293e
]]></system-out>
  </testcase>
  <testcase name="Test mechanism" classname="Test mechanism" time="0.036">
    <error type="java.lang.NullPointerException:">java.lang.NullPointerException: null
	at org.junit.runner.Description.createSuiteDescription(Description.java:123)
	at ru.yandex.qatools.allure.junit.AllureRunListener.getSuiteUid(AllureRunListener.java:110)
	at ru.yandex.qatools.allure.junit.AllureRunListener.startFakeTestCase(AllureRunListener.java:122)
	at ru.yandex.qatools.allure.junit.AllureRunListener.testFailure(AllureRunListener.java:64)
	at org.junit.runner.notification.RunNotifier$4.notifyListener(RunNotifier.java:139)
	at org.junit.runner.notification.RunNotifier$SafeNotifier.run(RunNotifier.java:61)
	at org.junit.runner.notification.RunNotifier.fireTestFailures(RunNotifier.java:134)
	at org.junit.runner.notification.RunNotifier.fireTestFailure(RunNotifier.java:128)
	at org.junit.internal.runners.model.EachTestNotifier.addFailure(EachTestNotifier.java:23)
	at cucumber.runtime.junit.JUnitReporter.result(JUnitReporter.java:90)
	at cucumber.runtime.Runtime.runStep(Runtime.java:299)
	at cucumber.runtime.model.StepContainer.runStep(StepContainer.java:44)
	at cucumber.runtime.model.StepContainer.runSteps(StepContainer.java:39)
	at cucumber.runtime.model.CucumberScenario.run(CucumberScenario.java:40)
	at cucumber.runtime.junit.ExecutionUnitRunner.run(ExecutionUnitRunner.java:83)
	at cucumber.runtime.junit.FeatureRunner.runChild(FeatureRunner.java:63)
	at cucumber.runtime.junit.FeatureRunner.runChild(FeatureRunner.java:18)
	at org.junit.runners.ParentRunner$3.run(ParentRunner.java:238)
	at org.junit.runners.ParentRunner$1.schedule(ParentRunner.java:63)
	at org.junit.runners.ParentRunner.runChildren(ParentRunner.java:236)
	at org.junit.runners.ParentRunner.access$000(ParentRunner.java:53)
	at org.junit.runners.ParentRunner$2.evaluate(ParentRunner.java:229)
	at org.junit.runners.ParentRunner.run(ParentRunner.java:309)
	at cucumber.runtime.junit.FeatureRunner.run(FeatureRunner.java:70)
	at cucumber.api.junit.Cucumber.runChild(Cucumber.java:82)
	at cucumber.api.junit.Cucumber.runChild(Cucumber.java:41)
	at org.junit.runners.ParentRunner$3.run(ParentRunner.java:238)
	at org.junit.runners.ParentRunner$1.schedule(ParentRunner.java:63)
	at org.junit.runners.ParentRunner.runChildren(ParentRunner.java:236)
	at org.junit.runners.ParentRunner.access$000(ParentRunner.java:53)
	at org.junit.runners.ParentRunner$2.evaluate(ParentRunner.java:229)
	at org.junit.runners.ParentRunner.run(ParentRunner.java:309)
	at cucumber.api.junit.Cucumber.run(Cucumber.java:87)
	at org.apache.maven.surefire.junit4.JUnit4Provider.execute(JUnit4Provider.java:264)
	at org.apache.maven.surefire.junit4.JUnit4Provider.executeTestSet(JUnit4Provider.java:153)
	at org.apache.maven.surefire.junit4.JUnit4Provider.invoke(JUnit4Provider.java:124)
	at org.apache.maven.surefire.booter.ForkedBooter.invokeProviderInSameClassLoader(ForkedBooter.java:200)
	at org.apache.maven.surefire.booter.ForkedBooter.runSuitesInProcess(ForkedBooter.java:153)
	at org.apache.maven.surefire.booter.ForkedBooter.main(ForkedBooter.java:103)
</error>
  </testcase>
  <testcase name="Then the build should succeed" classname="Scenario: Schedule build from view" time="0">
    <skipped/>
  </testcase>
  <testcase name="Test mechanism" classname="Test mechanism" time="0.036">
    <error type="java.lang.NullPointerException:">java.lang.NullPointerException: null
	at org.junit.runner.Description.createSuiteDescription(Description.java:123)
	at ru.yandex.qatools.allure.junit.AllureRunListener.getSuiteUid(AllureRunListener.java:110)
	at ru.yandex.qatools.allure.junit.AllureRunListener.startFakeTestCase(AllureRunListener.java:122)
	at ru.yandex.qatools.allure.junit.AllureRunListener.testIgnored(AllureRunListener.java:77)
	at org.junit.runner.notification.RunNotifier$6.notifyListener(RunNotifier.java:175)
	at org.junit.runner.notification.RunNotifier$SafeNotifier.run(RunNotifier.java:61)
	at org.junit.runner.notification.RunNotifier.fireTestIgnored(RunNotifier.java:172)
	at org.junit.internal.runners.model.EachTestNotifier.fireTestIgnored(EachTestNotifier.java:47)
	at cucumber.runtime.junit.JUnitReporter.result(JUnitReporter.java:77)
	at cucumber.runtime.Runtime.runStep(Runtime.java:283)
	at cucumber.runtime.model.StepContainer.runStep(StepContainer.java:44)
	at cucumber.runtime.model.StepContainer.runSteps(StepContainer.java:39)
	at cucumber.runtime.model.CucumberScenario.run(CucumberScenario.java:40)
	at cucumber.runtime.junit.ExecutionUnitRunner.run(ExecutionUnitRunner.java:83)
	at cucumber.runtime.junit.FeatureRunner.runChild(FeatureRunner.java:63)
	at cucumber.runtime.junit.FeatureRunner.runChild(FeatureRunner.java:18)
	at org.junit.runners.ParentRunner$3.run(ParentRunner.java:238)
	at org.junit.runners.ParentRunner$1.schedule(ParentRunner.java:63)
	at org.junit.runners.ParentRunner.runChildren(ParentRunner.java:236)
	at org.junit.runners.ParentRunner.access$000(ParentRunner.java:53)
	at org.junit.runners.ParentRunner$2.evaluate(ParentRunner.java:229)
	at org.junit.runners.ParentRunner.run(ParentRunner.java:309)
	at cucumber.runtime.junit.FeatureRunner.run(FeatureRunner.java:70)
	at cucumber.api.junit.Cucumber.runChild(Cucumber.java:82)
	at cucumber.api.junit.Cucumber.runChild(Cucumber.java:41)
	at org.junit.runners.ParentRunner$3.run(ParentRunner.java:238)
	at org.junit.runners.ParentRunner$1.schedule(ParentRunner.java:63)
	at org.junit.runners.ParentRunner.runChildren(ParentRunner.java:236)
	at org.junit.runners.ParentRunner.access$000(ParentRunner.java:53)
	at org.junit.runners.ParentRunner$2.evaluate(ParentRunner.java:229)
	at org.junit.runners.ParentRunner.run(ParentRunner.java:309)
	at cucumber.api.junit.Cucumber.run(Cucumber.java:87)
	at org.apache.maven.surefire.junit4.JUnit4Provider.execute(JUnit4Provider.java:264)
	at org.apache.maven.surefire.junit4.JUnit4Provider.executeTestSet(JUnit4Provider.java:153)
	at org.apache.maven.surefire.junit4.JUnit4Provider.invoke(JUnit4Provider.java:124)
	at org.apache.maven.surefire.booter.ForkedBooter.invokeProviderInSameClassLoader(ForkedBooter.java:200)
	at org.apache.maven.surefire.booter.ForkedBooter.runSuitesInProcess(ForkedBooter.java:153)
	at org.apache.maven.surefire.booter.ForkedBooter.main(ForkedBooter.java:103)
</error>
  </testcase>
  <testcase name="Test mechanism" classname="Test mechanism" time="0.004">
    <error type="java.lang.NullPointerException:">java.lang.NullPointerException: null
	at org.junit.runner.Description.createSuiteDescription(Description.java:123)
	at ru.yandex.qatools.allure.junit.AllureRunListener.getSuiteUid(AllureRunListener.java:110)
	at ru.yandex.qatools.allure.junit.AllureRunListener.testStarted(AllureRunListener.java:50)
	at org.junit.runner.notification.RunNotifier$3.notifyListener(RunNotifier.java:115)
	at org.junit.runner.notification.RunNotifier$SafeNotifier.run(RunNotifier.java:61)
	at org.junit.runner.notification.RunNotifier.fireTestStarted(RunNotifier.java:112)
	at org.junit.internal.runners.model.EachTestNotifier.fireTestStarted(EachTestNotifier.java:43)
	at cucumber.runtime.junit.JUnitReporter.startExecutionUnit(JUnitReporter.java:48)
	at cucumber.runtime.junit.ExecutionUnitRunner.run(ExecutionUnitRunner.java:81)
	at cucumber.runtime.junit.FeatureRunner.runChild(FeatureRunner.java:63)
	at cucumber.runtime.junit.FeatureRunner.runChild(FeatureRunner.java:18)
	at org.junit.runners.ParentRunner$3.run(ParentRunner.java:238)
	at org.junit.runners.ParentRunner$1.schedule(ParentRunner.java:63)
	at org.junit.runners.ParentRunner.runChildren(ParentRunner.java:236)
	at org.junit.runners.ParentRunner.access$000(ParentRunner.java:53)
	at org.junit.runners.ParentRunner$2.evaluate(ParentRunner.java:229)
	at org.junit.runners.ParentRunner.run(ParentRunner.java:309)
	at cucumber.runtime.junit.FeatureRunner.run(FeatureRunner.java:70)
	at cucumber.api.junit.Cucumber.runChild(Cucumber.java:82)
	at cucumber.api.junit.Cucumber.runChild(Cucumber.java:41)
	at org.junit.runners.ParentRunner$3.run(ParentRunner.java:238)
	at org.junit.runners.ParentRunner$1.schedule(ParentRunner.java:63)
	at org.junit.runners.ParentRunner.runChildren(ParentRunner.java:236)
	at org.junit.runners.ParentRunner.access$000(ParentRunner.java:53)
	at org.junit.runners.ParentRunner$2.evaluate(ParentRunner.java:229)
	at org.junit.runners.ParentRunner.run(ParentRunner.java:309)
	at cucumber.api.junit.Cucumber.run(Cucumber.java:87)
	at org.apache.maven.surefire.junit4.JUnit4Provider.execute(JUnit4Provider.java:264)
	at org.apache.maven.surefire.junit4.JUnit4Provider.executeTestSet(JUnit4Provider.java:153)
	at org.apache.maven.surefire.junit4.JUnit4Provider.invoke(JUnit4Provider.java:124)
	at org.apache.maven.surefire.booter.ForkedBooter.invokeProviderInSameClassLoader(ForkedBooter.java:200)
	at org.apache.maven.surefire.booter.ForkedBooter.runSuitesInProcess(ForkedBooter.java:153)
	at org.apache.maven.surefire.booter.ForkedBooter.main(ForkedBooter.java:103)
</error>
    <system-out><![CDATA[Jenkins is stopped
testCaseResult=ru.yandex.qatools.allure.model.TestCaseResult@5b3b13fb[
  name=findJobThroughRegexp
  title=<null>
  description=<null>
  failure=<null>
  start=1445036595579
  stop=1445036616110
  status=PASSED
  severity=<null>
  steps=[]
  attachments=[]
  labels=[ru.yandex.qatools.allure.model.Label@42360a1c, ru.yandex.qatools.allure.model.Label@43e865ba]
  parameters=<null>
]
testCaseResult={
   "start" : 1445036595579,
   "stop" : 1445036616110,
   "status" : "passed",
   "name" : "findJobThroughRegexp",
   "steps" : {
      "step" : [ ]
   },
   "attachments" : {
      "attachment" : [ ]
   },
   "labels" : {
      "label" : [ {
         "name" : "host",
         "value" : "MacBook-Pro-2.home"
      }, {
         "name" : "thread",
         "value" : "1771@MacBook-Pro-2.home.main(1)"
      } ]
   }
}
testCase=ru.yandex.qatools.allure.model.TestCase@74983a10[
  _id=f58d8f9f-31cc-4536-97ee-02bacd9be56d
  executionId=7a8626ac-7b8d-4761-8bff-776519219d78
  threadName=thread_15005794375463
  name=findJobThroughRegexp
  title=<null>
  description=<null>
  failure=<null>
  start=1445036595579
  stop=1445036616110
  status=PASSED
  severity=<null>
  steps=[]
  attachments=[]
  labels=[ru.yandex.qatools.allure.model.Label@42360a1c, ru.yandex.qatools.allure.model.Label@43e865ba]
  parameters=<null>
]
testCase={
   "start" : 1445036595579,
   "stop" : 1445036616110,
   "status" : "passed",
   "_id" : "f58d8f9f-31cc-4536-97ee-02bacd9be56d",
   "executionId" : "7a8626ac-7b8d-4761-8bff-776519219d78",
   "threadName" : "thread_15005794375463",
   "name" : "findJobThroughRegexp",
   "steps" : {
      "step" : [ ]
   },
   "attachments" : {
      "attachment" : [ ]
   },
   "labels" : {
      "label" : [ {
         "name" : "host",
         "value" : "MacBook-Pro-2.home"
      }, {
         "name" : "thread",
         "value" : "1771@MacBook-Pro-2.home.main(1)"
      } ]
   }
}
>>>REQUEST: /testaspect/TestCase/f58d8f9f-31cc-4536-97ee-02bacd9be56d
]]></system-out>
    <system-err><![CDATA[[INFO  - 2015-10-16T23:07:47.340Z] ShutdownReqHand - _handle - About to shutdown
]]></system-err>
  </testcase>
  <testcase name="Test mechanism" classname="Test mechanism" time="0.001">
    <error type="java.lang.NullPointerException:">java.lang.NullPointerException: null
	at org.junit.runner.Description.createSuiteDescription(Description.java:123)
	at ru.yandex.qatools.allure.junit.AllureRunListener.getSuiteUid(AllureRunListener.java:110)
	at ru.yandex.qatools.allure.junit.AllureRunListener.testStarted(AllureRunListener.java:50)
	at org.junit.runner.notification.RunNotifier$3.notifyListener(RunNotifier.java:115)
	at org.junit.runner.notification.RunNotifier$SafeNotifier.run(RunNotifier.java:61)
	at org.junit.runner.notification.RunNotifier.fireTestStarted(RunNotifier.java:112)
	at org.junit.internal.runners.model.EachTestNotifier.fireTestStarted(EachTestNotifier.java:43)
	at cucumber.runtime.junit.JUnitReporter.result(JUnitReporter.java:83)
	at cucumber.runtime.Runtime.runStep(Runtime.java:299)
	at cucumber.runtime.model.StepContainer.runStep(StepContainer.java:44)
	at cucumber.runtime.model.StepContainer.runSteps(StepContainer.java:39)
	at cucumber.runtime.model.CucumberScenario.run(CucumberScenario.java:40)
	at cucumber.runtime.junit.ExecutionUnitRunner.run(ExecutionUnitRunner.java:83)
	at cucumber.runtime.junit.FeatureRunner.runChild(FeatureRunner.java:63)
	at cucumber.runtime.junit.FeatureRunner.runChild(FeatureRunner.java:18)
	at org.junit.runners.ParentRunner$3.run(ParentRunner.java:238)
	at org.junit.runners.ParentRunner$1.schedule(ParentRunner.java:63)
	at org.junit.runners.ParentRunner.runChildren(ParentRunner.java:236)
	at org.junit.runners.ParentRunner.access$000(ParentRunner.java:53)
	at org.junit.runners.ParentRunner$2.evaluate(ParentRunner.java:229)
	at org.junit.runners.ParentRunner.run(ParentRunner.java:309)
	at cucumber.runtime.junit.FeatureRunner.run(FeatureRunner.java:70)
	at cucumber.api.junit.Cucumber.runChild(Cucumber.java:82)
	at cucumber.api.junit.Cucumber.runChild(Cucumber.java:41)
	at org.junit.runners.ParentRunner$3.run(ParentRunner.java:238)
	at org.junit.runners.ParentRunner$1.schedule(ParentRunner.java:63)
	at org.junit.runners.ParentRunner.runChildren(ParentRunner.java:236)
	at org.junit.runners.ParentRunner.access$000(ParentRunner.java:53)
	at org.junit.runners.ParentRunner$2.evaluate(ParentRunner.java:229)
	at org.junit.runners.ParentRunner.run(ParentRunner.java:309)
	at cucumber.api.junit.Cucumber.run(Cucumber.java:87)
	at org.apache.maven.surefire.junit4.JUnit4Provider.execute(JUnit4Provider.java:264)
	at org.apache.maven.surefire.junit4.JUnit4Provider.executeTestSet(JUnit4Provider.java:153)
	at org.apache.maven.surefire.junit4.JUnit4Provider.invoke(JUnit4Provider.java:124)
	at org.apache.maven.surefire.booter.ForkedBooter.invokeProviderInSameClassLoader(ForkedBooter.java:200)
	at org.apache.maven.surefire.booter.ForkedBooter.runSuitesInProcess(ForkedBooter.java:153)
	at org.apache.maven.surefire.booter.ForkedBooter.main(ForkedBooter.java:103)
</error>
    <system-out><![CDATA[<<<RESPONSE (201 Created): /testaspect/TestCase/f58d8f9f-31cc-4536-97ee-02bacd9be56d
running with given plugins: []
Starting Jenkins: JAVA_HOME=/Library/Java/JavaVirtualMachines/jdk1.8.0_60.jdk/Contents/Home JENKINS_HOME=/Users/abduljewel/Documents/c/spiderqa/sample-test-projects/acceptance-test-harness/target/jenkins8700381124277862051home /Library/Java/JavaVirtualMachines/jdk1.8.0_60.jdk/Contents/Home/bin/java -Duser.language=en -jar ./jenkins.war --ajp13Port=-1 --httpPort=51590
master51590|Running from: /Users/abduljewel/Documents/c/spiderqa/sample-test-projects/acceptance-test-harness/jenkins.war
master51590|webroot: EnvVars.masterEnvVars.get("JENKINS_HOME")
master51590|Oct 16, 2015 7:07:48 PM winstone.Logger logInternal
master51590|INFO: Beginning extraction from war file
master51590|Oct 16, 2015 7:07:50 PM org.eclipse.jetty.util.log.JavaUtilLog info
master51590|INFO: jetty-winstone-2.8
master51590|Oct 16, 2015 7:07:52 PM org.eclipse.jetty.util.log.JavaUtilLog info
master51590|INFO: NO JSP Support for , did not find org.apache.jasper.servlet.JspServlet
master51590|Jenkins home directory: /Users/abduljewel/Documents/c/spiderqa/sample-test-projects/acceptance-test-harness/target/jenkins8700381124277862051home found at: EnvVars.masterEnvVars.get("JENKINS_HOME")
master51590|Oct 16, 2015 7:07:55 PM org.eclipse.jetty.util.log.JavaUtilLog info
master51590|INFO: Started SelectChannelConnector@0.0.0.0:51590
master51590|Oct 16, 2015 7:07:55 PM winstone.Logger logInternal
master51590|INFO: Winstone Servlet Engine v2.0 running: controlPort=disabled
master51590|Oct 16, 2015 7:07:55 PM jenkins.InitReactorRunner$1 onAttained
master51590|INFO: Started initialization
master51590|Oct 16, 2015 7:08:09 PM jenkins.InitReactorRunner$1 onAttained
master51590|INFO: Listed all plugins
master51590|Oct 16, 2015 7:08:09 PM jenkins.InitReactorRunner$1 onAttained
master51590|INFO: Prepared all plugins
master51590|Oct 16, 2015 7:08:09 PM jenkins.InitReactorRunner$1 onAttained
master51590|INFO: Started all plugins
master51590|Oct 16, 2015 7:08:09 PM jenkins.InitReactorRunner$1 onAttained
master51590|INFO: Augmented all extensions
master51590|Oct 16, 2015 7:08:11 PM jenkins.InitReactorRunner$1 onAttained
master51590|INFO: Loaded all jobs
master51590|Oct 16, 2015 7:08:13 PM hudson.model.AsyncPeriodicWork$1 run
master51590|INFO: Started Download metadata
master51590|Oct 16, 2015 7:08:13 PM org.jenkinsci.main.modules.sshd.SSHD start
master51590|INFO: Started SSHD at port 54666
master51590|Oct 16, 2015 7:08:13 PM jenkins.InitReactorRunner$1 onAttained
master51590|INFO: Completed initialization
master51590|Oct 16, 2015 7:08:13 PM hudson.UDPBroadcastThread run
master51590|WARNING: UDP handling problem
master51590|java.net.SocketException: Can't assign requested address
master51590|	at java.net.PlainDatagramSocketImpl.join(Native Method)
master51590|	at java.net.AbstractPlainDatagramSocketImpl.join(AbstractPlainDatagramSocketImpl.java:179)
master51590|	at java.net.MulticastSocket.joinGroup(MulticastSocket.java:323)
master51590|	at hudson.UDPBroadcastThread.run(UDPBroadcastThread.java:77)
master51590|
master51590|Oct 16, 2015 7:08:13 PM hudson.WebAppMain$3 run
master51590|INFO: Jenkins is fully up and running
Feature: Configure/build freestyle jobs
  In order to get some basic usage out of freestyle jobs
  As a user
  I want to configure and run a series of different freestyle-based jobs
  
  **********************************************************************************
     THIS TEST IS ALREADY PORTED OVER TO JAVA AS-IS. NO NEED TO PORT TO JUNIT
  **********************************************************************************

  Scenario: Create a simple job          # freestyle_build.feature:10
    When I create a job named "MAGICJOB" # JobSteps.I_create_a_job_named(String)
    And I visit the home page            # GeneralSteps.I_visit_the_home_page()
    Then the page should say "MAGICJOB"  # GeneralSteps.the_page_should_say(String)

  Scenario: Run a simple job                  # freestyle_build.feature:15
    Given a job                               # JobSteps.a_job()
    When I configure the job                  # JobSteps.I_configure_the_job()
    And I add a shell build step "ls"         # JobConfigurationSteps.I_add_a_shell_build_step(String)
    And I save the job                        # JobSteps.I_save_the_job()
    And I build the job                       # JobSteps.I_build_the_job()
    Then console output should contain "+ ls" # JobSteps.console_output_should_contain(String)

  Scenario: Disable a job                                         # freestyle_build.feature:23
    Given a job                                                   # JobSteps.a_job()
    When I configure the job                                      # JobSteps.I_configure_the_job()
    And I check the "disable" checkbox                            # GeneralSteps.checkTheCheckbox(String)
    And I save the job                                            # JobSteps.I_save_the_job()
    And I visit the job page                                      # JobSteps.I_visit_the_job_page()
    Then the page should say "This project is currently disabled" # GeneralSteps.the_page_should_say(String)

  Scenario: Enable concurrent builds          # freestyle_build.feature:31
    Given a job                               # JobSteps.a_job()
    When I configure the job                  # JobSteps.I_configure_the_job()
    And I enable concurrent builds            # JobConfigurationSteps.I_enable_concurrent_builds()
    And I add a shell build step "sleep 20"   # JobConfigurationSteps.I_add_a_shell_build_step(String)
    And I save the job                        # JobSteps.I_save_the_job()
    And I build 2 jobs                        # JobSteps.I_build_jobs(int)
    Then the 2 builds should run concurrently # JobSteps.the_builds_should_run_concurrently(int)

  Scenario: Create a parameterized job                 # freestyle_build.feature:40
    Given a job                                        # JobSteps.a_job()
    When I configure the job                           # JobSteps.I_configure_the_job()
    And I add a string parameter "Foo"                 # JobConfigurationSteps.I_add_a_string_parameter(String)
    And I add a string parameter "Bar"                 # JobConfigurationSteps.I_add_a_string_parameter(String)
    And I add a shell build step "echo $Foo '!=' $Bar" # JobConfigurationSteps.I_add_a_shell_build_step(String)
    And I save the job                                 # JobSteps.I_save_the_job()
    And I build the job with parameters                # JobSteps.I_build_the_job_with_parameters(DataTable)
    Then the build should succeed                      # JobSteps.the_build_should_succeed(String)
    And console output should contain "val != var"     # JobSteps.console_output_should_contain(String)

  Scenario: Disable a job                                 # freestyle_build.feature:53
    Given a job                                           # JobSteps.a_job()
    When I disable the job                                # JobConfigurationSteps.I_disable_the_job()
    Then it should be disabled                            # JobSteps.it_should_be_disabled()
    And it should have an "Enable" button on the job page # JobSteps.it_shoulud_have_an_button_on_the_job_page(String)

  Scenario: Old build should be discarded # freestyle_build.feature:59
    Given a simple job                    # JobSteps.a_simple_job()
    When I configure the job              # JobSteps.I_configure_the_job()
    And I set 2 builds to keep            # JobConfigurationSteps.I_set_builds_to_keep(int)
    And I save the job                    # JobSteps.I_save_the_job()
    And I build 4 jobs sequentially       # JobSteps.I_build_jobs_sequentially(int)
    Then the job should not have build 1  # BuildHistorySteps.the_job_should_not_have_build(Should,int)
    And the job should not have build 2   # BuildHistorySteps.the_job_should_not_have_build(Should,int)
    And the job should have build 3       # BuildHistorySteps.the_job_should_not_have_build(Should,int)
    And the job should have build 4       # BuildHistorySteps.the_job_should_not_have_build(Should,int)
    And the job should not have build 5   # BuildHistorySteps.the_job_should_not_have_build(Should,int)

  Scenario: Schedule build from view       # freestyle_build.feature:71
    When I create a job named "viewed_job" # JobSteps.I_create_a_job_named(String)
    And I visit the home page              # GeneralSteps.I_visit_the_home_page()
    And I build "viewed_job" in view       # ViewSteps.I_build_in_view(String)
      org.openqa.selenium.NoSuchElementException: Unable to locate By.xpath: //a[contains(@href, '/viewed_job/build?')]/img[contains(@title, 'Schedule a build')] in http://127.0.0.1:56435/job/viewed_job/configure
      
      <!DOCTYPE html><html><head resurl="/static/ebda7158">
          
      
          <title>viewed_job Config [Jenkins]</title><link rel="stylesheet" href="/static/ebda7158/css/style.css" type="text/css"><link rel="stylesheet" href="/static/ebda7158/css/color.css" type="text/css"><link rel="stylesheet" href="/static/ebda7158/css/responsive-grid.css" type="text/css"><link rel="shortcut icon" href="/static/ebda7158/favicon.ico" type="image/vnd.microsoft.icon"><script>var isRunAsTest=false; var rootURL=""; var resURL="/static/ebda7158";</script><script src="/static/ebda7158/scripts/prototype.js" type="text/javascript"></script><script src="/static/ebda7158/scripts/behavior.js" type="text/javascript"></script><script src="/adjuncts/ebda7158/org/kohsuke/stapler/bind.js" type="text/javascript"></script><script src="/static/ebda7158/scripts/yui/yahoo/yahoo-min.js"></script><script src="/static/ebda7158/scripts/yui/dom/dom-min.js"></script><script src="/static/ebda7158/scripts/yui/event/event-min.js"></script><script src="/static/ebda7158/scripts/yui/animation/animation-min.js"></script><script src="/static/ebda7158/scripts/yui/dragdrop/dragdrop-min.js"></script><script src="/static/ebda7158/scripts/yui/container/container-min.js"></script><script src="/static/ebda7158/scripts/yui/connection/connection-min.js"></script><script src="/static/ebda7158/scripts/yui/datasource/datasource-min.js"></script><script src="/static/ebda7158/scripts/yui/autocomplete/autocomplete-min.js"></script><script src="/static/ebda7158/scripts/yui/menu/menu-min.js"></script><script src="/static/ebda7158/scripts/yui/element/element-min.js"></script><script src="/static/ebda7158/scripts/yui/button/button-min.js"></script><script src="/static/ebda7158/scripts/yui/storage/storage-min.js"></script><script src="/static/ebda7158/scripts/hudson-behavior.js" type="text/javascript"></script><script src="/static/ebda7158/scripts/sortable.js" type="text/javascript"></script><script>crumb.init("", "");</script><link rel="stylesheet" href="/static/ebda7158/scripts/yui/container/assets/container.css" type="text/css"><link rel="stylesheet" href="/static/ebda7158/scripts/yui/assets/skins/sam/skin.css" type="text/css"><link rel="stylesheet" href="/static/ebda7158/scripts/yui/container/assets/skins/sam/container.css" type="text/css"><link rel="stylesheet" href="/static/ebda7158/scripts/yui/button/assets/skins/sam/button.css" type="text/css"><link rel="stylesheet" href="/static/ebda7158/scripts/yui/menu/assets/skins/sam/menu.css" type="text/css"><link rel="search" href="/opensearch.xml" type="application/opensearchdescription+xml" title="Jenkins"><meta name="ROBOTS" content="INDEX,NOFOLLOW"><link rel="alternate" href="rssAll" title="Jenkins:viewed_job (all builds)" type="application/rss+xml"><link rel="alternate" href="rssAll?flavor=rss20" title="Jenkins:viewed_job (all builds) (RSS 2.0)" type="application/rss+xml"><link rel="alternate" href="rssFailed" title="Jenkins:viewed_job (failed builds)" type="application/rss+xml"><link rel="alternate" href="rssFailed?flavor=rss20" title="Jenkins:viewed_job (failed builds) (RSS 2.0)" type="application/rss+xml"><link rel="alternate" href="rssChangelog" title="Jenkins:viewed_job (changelog)" type="application/rss+xml"><link rel="alternate" href="rssChangelog?flavor=rss20" title="Jenkins:viewed_job (changelog) (RSS 2.0)" type="application/rss+xml"><link rel="stylesheet" href="/adjuncts/ebda7158/lib/form/breadcrumb-config-outline/init.css" type="text/css"><script src="/adjuncts/ebda7158/lib/form/breadcrumb-config-outline/init.js" type="text/javascript"></script><script src="/static/ebda7158/scripts/yui/cookie/cookie-min.js"></script></head><body data-model-type="hudson.model.FreeStyleProject" id="jenkins" class="yui-skin-sam jenkins-1.630" data-version="jenkins-1.630"><div id="tt" class="yui-module yui-overlay yui-tt yui-overlay-hidden" style="z-index: 999; visibility: hidden;"><div class="bd"></div></div><div class="yui-panel-container shadow yui-overlay-hidden" id="wait14_c" style="visibility: hidden; left: 486px; top: 360px; z-index: 4;"><div id="wait14" class="yui-module yui-overlay yui-panel" style="visibility: inherit;"><a class="container-close" href="#">Close</a><div class="hd" id="wait14_h" style="cursor: move;">Error</div><div class="bd"><div id="container13"></div></div></div></div><iframe id="_yuiResizeMonitor" title="Text Resize Monitor" tabindex="-1" role="presentation" style="position: absolute; visibility: visible; background-color: transparent; border-width: 0px; width: 2em; height: 2em; left: 0px; top: -27px;"></iframe><a href="#skip2content" class="skiplink">Skip to content</a><div id="page-head"><div id="header"><div class="logo"><a id="jenkins-home-link" href="/"><img src="/static/ebda7158/images/headshot.png" alt="title" id="jenkins-head-icon"><img src="/static/ebda7158/images/title.png" alt="title" width="139" id="jenkins-name-icon" height="34"></a></div><div class="login"></div><div class="searchbox hidden-xs"><form method="get" name="search" action="/job/viewed_job/search/" style="position:relative;" class="no-json" path=""><div id="search-box-minWidth" style="font-family: Helvetica, Arial, sans-serif; font-size: 13px; font-style: normal; font-weight: normal;"></div><div id="search-box-sizer" style="font-family: Helvetica, Arial, sans-serif; font-size: 13px; font-style: normal; font-weight: normal;"></div><div id="searchform" class="yui-ac"><input name="q" placeholder="search" id="search-box" class="has-default-text yui-ac-input defaulted" autocomplete="off" style="width: 255px;" path="/q">&nbsp;<a href="http://wiki.jenkins-ci.org/display/JENKINS/Search+Box"><img src="/static/ebda7158/images/16x16/help.png" style="width: 16px; height: 16px; " class="icon-help icon-sm"></a><div id="search-box-completion" class="yui-ac-container" style="width: 255px; left: 0px; top: 26px;"><div class="yui-ac-content" style="display: none; width: 255px;"><div class="yui-ac-hd" style="display: none;"></div><div class="yui-ac-bd"><ul><li style="display: none;"></li><li style="display: none;"></li><li style="display: none;"></li><li style="display: none;"></li><li style="display: none;"></li><li style="display: none;"></li><li style="display: none;"></li><li style="display: none;"></li><li style="display: none;"></li><li style="display: none;"></li></ul></div><div class="yui-ac-ft" style="display: none;"></div></div></div><script>createSearchBox("/job/viewed_job/search/");</script></div></form></div></div><div id="breadcrumbBar"><link rel="stylesheet" href="/adjuncts/ebda7158/lib/layout/breadcrumbs.css" type="text/css"><script src="/adjuncts/ebda7158/lib/layout/breadcrumbs.js" type="text/javascript"></script><div style="height: 26px;"></div><div class="top-sticker noedge" style="position: fixed; top: 40px; left: 0px;"><div class="top-sticker-edge"></div><div class="top-sticker-inner"><div id="right-top-nav"></div><ul id="breadcrumbs"><li class="item"><a href="/" class="model-link inside breadcrumbBarAnchor">Jenkins</a></li><li href="/" class="children"></li><li class="item"><a href="/job/viewed_job/" class="model-link inside breadcrumbBarAnchor">viewed_job</a></li><li href="/job/viewed_job/" class="children"></li><li id="inpage-nav" class="item"><a class="model-link inside breadcrumbBarAnchor">configuration</a></li></ul><div id="breadcrumb-menu-target"></div></div></div></div></div><div id="menuSelector"></div><div id="page-body"><div id="side-panel"><div id="tasks"><div class="task"><a href="/" class="task-icon-link"><img src="/static/ebda7158/images/24x24/up.png" style="width: 24px; height: 24px; width: 24px; height: 24px; margin: 2px;" class="icon-up icon-md"></a>&nbsp;<a href="/" class="task-link">Back to Dashboard</a></div><div class="task"><a href="/job/viewed_job/" class="task-icon-link"><img src="/static/ebda7158/images/24x24/search.png" style="width: 24px; height: 24px; width: 24px; height: 24px; margin: 2px;" class="icon-search icon-md"></a>&nbsp;<a href="/job/viewed_job/" class="task-link">Status</a></div><div class="task"><a href="/job/viewed_job/changes" class="task-icon-link"><img src="/static/ebda7158/images/24x24/notepad.png" style="width: 24px; height: 24px; width: 24px; height: 24px; margin: 2px;" class="icon-notepad icon-md"></a>&nbsp;<a href="/job/viewed_job/changes" class="task-link">Changes</a></div><div class="task"><a href="/job/viewed_job/ws/" class="task-icon-link"><img src="/static/ebda7158/images/24x24/folder.png" style="width: 24px; height: 24px; width: 24px; height: 24px; margin: 2px;" class="icon-folder icon-md"></a>&nbsp;<a href="/job/viewed_job/ws/" class="task-link">Workspace</a></div><div class="task"><a onclick="return build_id14(this)" href="/job/viewed_job/build?delay=0sec" class="task-icon-link"><img src="/static/ebda7158/images/24x24/clock.png" style="width: 24px; height: 24px; width: 24px; height: 24px; margin: 2px;" class="icon-clock icon-md"></a>&nbsp;<a onclick="return build_id14(this)" href="/job/viewed_job/build?delay=0sec" class="task-link">Build Now</a></div><script>function build_id14(a) {
                      new Ajax.Request(a.href);
                      hoverNotification('Build scheduled',a.parentNode);
                      return false;
                  }</script><div class="task"><a onclick="confirmPOST_id17(true, '/job/viewed_job/doDelete', 'Are you sure about deleting the Project ‘viewed_job’?')" href="#"><img src="/static/ebda7158/images/24x24/edit-delete.png" style="width: 24px; height: 24px; width: 24px; height: 24px; margin: 2px;" class="icon-edit-delete icon-md"></a><script>function confirmPOST_id17(post, href, message) {
                  if (confirm(message)) {
                      var form = document.createElement('form');
                      form.setAttribute('method', post ? 'POST' : 'GET');
                      form.setAttribute('action', href);
                      if (post) {
                          crumb.appendToForm(form);
                      }
                      document.body.appendChild(form);
                      form.submit();
                  }
                  return false;
              }</script>&nbsp;<a onclick="confirmPOST_id18(true, '/job/viewed_job/doDelete', 'Are you sure about deleting the Project ‘viewed_job’?')" href="#" class="task-link">Delete Project</a><script>function confirmPOST_id18(post, href, message) {
                  if (confirm(message)) {
                      var form = document.createElement('form');
                      form.setAttribute('method', post ? 'POST' : 'GET');
                      form.setAttribute('action', href);
                      if (post) {
                          crumb.appendToForm(form);
                      }
                      document.body.appendChild(form);
                      form.submit();
                  }
                  return false;
              }</script></div><div class="task"><a href="/job/viewed_job/configure" class="task-icon-link"><img src="/static/ebda7158/images/24x24/setting.png" style="width: 24px; height: 24px; width: 24px; height: 24px; margin: 2px;" class="icon-setting icon-md"></a>&nbsp;<a href="/job/viewed_job/configure" class="task-link"><b>Configure</b></a><div class="subtasks"></div></div></div><div id="buildHistory" class="container-fluid pane-frame track-mouse"><div class="row"><div class="col-xs-24 pane-header"><a href="/toggleCollapse?paneId=buildHistory" title="collapse" class="collapse"><img src="/static/ebda7158/images/16x16/collapse.png" alt="collapse" style="width: 16px; height: 16px; " class="icon-collapse icon-sm"></a><div style="float:right"><a href="/job/viewed_job/buildTimeTrend">trend</a></div><div data="100" class="healthReport" onmouseover="this.className='healthReport hover';return true;
              " onmouseout="this.className='healthReport';return true;"><img src="/static/ebda7158/images/16x16/health-80plus.png" alt="100%" style="width: 16px; height: 16px; " class="icon-health-80plus icon-sm"></div>Build History</div></div><div class="row pane-content"><table class="pane stripped"></table></div><div class="row"><div class="col-xs-24 pane-footer"><span class="build-rss-links"><a href="/job/viewed_job/rssAll" class="build-rss-all-icon"><img border="0" src="/static/ebda7158/images/atom.gif" alt="Feed" width="16" height="16"></a>&nbsp;<a href="/job/viewed_job/rssAll" class="build-rss-all-link">RSS for all</a>&nbsp;<a href="/job/viewed_job/rssFailed" class="build-rss-failed-icon"><img border="0" src="/static/ebda7158/images/atom.gif" alt="Feed" width="16" height="16"></a>&nbsp;<a href="/job/viewed_job/rssFailed" class="build-rss-failed-link">RSS for failures</a></span></div></div></div><script defer="true">updateBuildHistory("/job/viewed_job/buildHistory/ajax",1);</script></div><div id="main-panel"><a name="skip2content"></a><div class="behavior-loading" style="display: none;">LOADING</div><form method="post" name="config" action="configSubmit" path=""><link rel="stylesheet" href="/adjuncts/ebda7158/lib/form/section_.css" type="text/css"><table width="100%"><tbody><tr><td class="setting-leftspace">&nbsp;</td><td class="setting-name">Project name</td><td class="setting-main">
         
      
        
        <input name="name" type="text" class="setting-input   " value="viewed_job" path="/name"></td><td class="setting-no-help"></td></tr><tr class="validation-error-area"><td colspan="2"></td><td></td><td></td></tr><tr><td class="setting-leftspace">&nbsp;</td><td class="setting-name">Description</td><td class="setting-main"><script src="/adjuncts/ebda7158/lib/form/textarea/textarea.js" type="text/javascript"></script><textarea name="description" rows="5" class="setting-input   " path="/description"></textarea><div class="textarea-handle"></div><div class="textarea-preview-container">
              [Plain text]&nbsp;<a previewendpoint="/markupFormatter/previewDescription" href="#" class="textarea-show-preview">Preview</a>&nbsp;<a href="#" class="textarea-hide-preview" style="display: none;">Hide preview</a><div class="textarea-preview" style="display: none;"></div></div></td><td class="setting-no-help"></td></tr><tr class="validation-error-area"><td colspan="2"></td><td></td><td></td></tr><tr class="optional-block-start " hashelp="true" ref="cb15"><td colspan="3"><input onclick="javascript:updateOptionalBlock(this,true)" name="logrotate" type="checkbox" class=" " id="cb15" path="/logrotate"><label class="attach-previous">Discard Old Builds</label></td><td class="setting-help"><a helpurl="/help/project-config/log-rotation.html" href="#" class="help-button" tabindex="9999"><img src="/static/ebda7158/images/16x16/help.png" alt="Help for feature: Discard Old Builds" style="width: 16px; height: 16px; " class="icon-help icon-sm"></a></td></tr><tr class="help-area"><td></td><td colspan="2"><div class="help">Loading...</div></td><td></td></tr><tr class="rowvg-start" style="display: none;"></tr><tr style="display: none;"><td class="setting-leftspace">&nbsp;</td><td class="setting-name">Strategy</td><td class="setting-main"><select class="setting-input dropdownList" path="/"><option value="0">Log Rotation</option></select></td><td class="setting-no-help"></td></tr><tr class="dropdownList-container" style="display: none;"><td colspan="2"></td><td colspan="2"><table width="100%" name="buildDiscarder" path="/buildDiscarder"><tbody><tr class="dropdownList-start rowvg-start"></tr>
            
            <tr><td class="setting-leftspace">&nbsp;</td><td class="setting-name">Days to keep builds</td><td class="setting-main"><input step="1" min="1" name="_.daysToKeepStr" type="number" class="setting-input  positive-number" value="" path="/buildDiscarder/daysToKeepStr"></td><td class="setting-no-help"></td></tr><tr class="validation-error-area"><td colspan="2"></td><td></td><td></td></tr><tr><td colspan="2"></td><td class="setting-description">if not empty, build records are only kept up to this number of days</td><td></td></tr><tr><td class="setting-leftspace">&nbsp;</td><td class="setting-name">Max # of builds to keep</td><td class="setting-main"><input step="1" min="1" name="_.numToKeepStr" type="number" class="setting-input  positive-number" value="" path="/buildDiscarder/numToKeepStr"></td><td class="setting-no-help"></td></tr><tr class="validation-error-area"><td colspan="2"></td><td></td><td></td></tr><tr><td colspan="2"></td><td class="setting-description">if not empty, only up to this number of build records are kept</td><td></td></tr><tr><td></td><td></td><td><script src="/adjuncts/ebda7158/lib/form/advanced/advanced.js" type="text/javascript"></script><div style="" class="advancedLink"><span style="display: none" id="id26"><img src="/static/ebda7158/images/24x24/notepad.png" tooltip="One or more fields in this block have been edited." style="width: 24px; height: 24px; vertical-align: baseline" class="icon-notepad icon-md" title="One or more fields in this block have been edited."></span>&nbsp;<span class="yui-button yui-push-button advanced-button advancedButton" id="yui-gen31"><span class="first-child"><button type="button" tabindex="0" id="yui-gen31-button" path="/buildDiscarder/advanced-button">Advanced...</button></span></span></div><table class="advancedBody"><tbody><tr><td class="setting-leftspace">&nbsp;</td><td class="setting-name">Days to keep artifacts</td><td class="setting-main"><input step="1" min="1" name="_.artifactDaysToKeepStr" type="number" class="setting-input  positive-number" value="" path="/buildDiscarder/artifactDaysToKeepStr"></td><td class="setting-no-help"></td></tr><tr class="validation-error-area"><td colspan="2"></td><td></td><td></td></tr><tr><td colspan="2"></td><td class="setting-description">if not empty, artifacts from builds older than this number of days will be deleted, but the logs, history, reports, etc for the build will be kept</td><td></td></tr><tr><td class="setting-leftspace">&nbsp;</td><td class="setting-name">Max # of builds to keep with artifacts</td><td class="setting-main"><input step="1" min="1" name="_.artifactNumToKeepStr" type="number" class="setting-input  positive-number" value="" path="/buildDiscarder/artifactNumToKeepStr"></td><td class="setting-no-help"></td></tr><tr class="validation-error-area"><td colspan="2"></td><td></td><td></td></tr><tr><td colspan="2"></td><td class="setting-description">if not empty, only up to this number of builds have their artifacts retained</td><td></td></tr></tbody></table></td><td></td></tr><tr style=""><td><input name="stapler-class" type="hidden" value="hudson.tasks.LogRotator" path="/buildDiscarder/stapler-class"><input name="$class" type="hidden" value="hudson.tasks.LogRotator" path="/buildDiscarder/$class"></td></tr><tr class="dropdownList-end rowvg-end"></tr></tbody></table></td></tr><tr class=" rowvg-end optional-block-end"></tr><script src="/adjuncts/ebda7158/lib/form/section_.js" type="text/javascript"></script><tr name="properties" style="display:none" class="row-set-start" id="rowSetStart31" path="/properties"></tr><tr nameref="rowSetStart31"><td><input type="hidden" name="stapler-class-bag" value="true" path="/properties/stapler-class-bag"></td></tr><tr name="hudson-model-ParametersDefinitionProperty" style="display:none" class="row-set-start" id="rowSetStart30" nameref="rowSetStart31" path="/properties/hudson-model-ParametersDefinitionProperty"></tr><tr class="optional-block-start row-set-start" hashelp="true" ref="cb16" nameref="rowSetStart30"><td colspan="3"><input onclick="javascript:updateOptionalBlock(this,true)" name="parameterized" type="checkbox" class=" " id="cb16" path="/properties/hudson-model-ParametersDefinitionProperty/parameterized"><label class="attach-previous">This build is parameterized</label></td><td class="setting-help"><a helpurl="/help/project-config/parameterized-build.html" href="#" class="help-button" tabindex="9999"><img src="/static/ebda7158/images/16x16/help.png" alt="Help for feature: This build is parameterized" style="width: 16px; height: 16px; " class="icon-help icon-sm"></a></td></tr><tr class="help-area" nameref="cb16"><td></td><td colspan="2"><div class="help">Loading...</div></td><td></td></tr><tr class="rowvg-start" nameref="cb16" style="display: none;"></tr><tr nameref="cb16" style="display: none;"><td colspan="2"></td><td colspan="2"><script src="/adjuncts/ebda7158/lib/form/dragdrop/dragdrop.js" type="text/javascript"></script><script src="/adjuncts/ebda7158/lib/form/hetero-list/hetero-list.js" type="text/javascript"></script><div class="hetero-list-container with-drag-drop  "><div class="repeatable-insertion-point"></div><div><span class="yui-button yui-menu-button" id="yui-gen1"><span class="first-child"><button type="button" tabindex="0" id="yui-gen1-button" class="hetero-list-add" suffix="parameter">Add Parameter</button></span></span></div></div></td></tr><tr class="row-set-end rowvg-end optional-block-end" nameref="rowSetStart30"></tr><tr class="row-set-end" nameref="rowSetStart31"></tr><tr class="row-set-end"></tr><tr class="optional-block-start " hashelp="true" ref="cb17"><td colspan="3"><input onclick="javascript:updateOptionalBlock(this,true)" name="disable" type="checkbox" class=" " id="cb17" path="/disable"><label class="attach-previous">Disable Build (No new builds will be executed until the project is re-enabled.)</label></td><td class="setting-help"><a helpurl="/help/project-config/disable.html" href="#" class="help-button" tabindex="9999"><img src="/static/ebda7158/images/16x16/help.png" alt="Help for feature: Disable Build (No new builds will be executed until the project is re-enabled.)" style="width: 16px; height: 16px; " class="icon-help icon-sm"></a></td></tr><tr class="help-area"><td></td><td colspan="2"><div class="help">Loading...</div></td><td></td></tr><tr class="rowvg-start" style="display: none;"></tr><tr class=" rowvg-end optional-block-end"></tr><tr class="optional-block-start " hashelp="true" ref="cb18"><td colspan="3"><input onclick="javascript:updateOptionalBlock(this,true)" name="_.concurrentBuild" type="checkbox" class=" " id="cb18" path="/concurrentBuild"><label class="attach-previous">Execute concurrent builds if necessary</label></td><td class="setting-help"><a helpurl="/descriptor/hudson.model.FreeStyleProject/help/concurrentBuild" href="#" class="help-button" tabindex="9999"><img src="/static/ebda7158/images/16x16/help.png" alt="Help for feature: Execute concurrent builds if necessary" style="width: 16px; height: 16px; " class="icon-help icon-sm"></a></td></tr><tr class="help-area"><td></td><td colspan="2"><div class="help">Loading...</div></td><td></td></tr><tr class="rowvg-start" style="display: none;"></tr><tr class=" rowvg-end optional-block-end"></tr><tr><td colspan="4"><div class="section-header"><a id="section0" class="section-anchor">#</a>Advanced Project Options</div></td></tr><tr><td></td><td></td><td><script src="/adjuncts/ebda7158/lib/form/advanced/advanced.js" type="text/javascript"></script><div style="" class="advancedLink"><span style="display: none" id="id20"><img src="/static/ebda7158/images/24x24/notepad.png" tooltip="One or more fields in this block have been edited." style="width: 24px; height: 24px; vertical-align: baseline" class="icon-notepad icon-md" title="One or more fields in this block have been edited."></span>&nbsp;<span class="yui-button yui-push-button advanced-button advancedButton" id="yui-gen7"><span class="first-child"><button type="button" tabindex="0" id="yui-gen7-button" path="/advanced-button">Advanced...</button></span></span></div><table class="advancedBody"><tbody><tr class="optional-block-start " hashelp="true" ref="cb19"><td colspan="3"><input onclick="javascript:updateOptionalBlock(this,true)" name="hasCustomQuietPeriod" type="checkbox" class=" " id="cb19" path="/hasCustomQuietPeriod"><label class="attach-previous">Quiet period</label></td><td class="setting-help"><a helpurl="/descriptor/jenkins.model.GlobalQuietPeriodConfiguration/help/quietPeriod" href="#" class="help-button" tabindex="9999"><img src="/static/ebda7158/images/16x16/help.png" alt="Help for feature: Quiet period" style="width: 16px; height: 16px; " class="icon-help icon-sm"></a></td></tr><tr class="help-area"><td></td><td colspan="2"><div class="help">Loading...</div></td><td></td></tr><tr class="rowvg-start" style="display: none;"></tr><tr style="display: none;"><td class="setting-leftspace">&nbsp;</td><td class="setting-name">Quiet period</td><td class="setting-main"><input step="1" min="0" name="quiet_period" type="number" class="setting-input  number" value="5" path="/quiet_period"></td><td class="setting-no-help"></td></tr><tr class="validation-error-area" style="display: none;"><td colspan="2"></td><td></td><td></td></tr><tr style="display: none;"><td colspan="2"></td><td class="setting-description">Number of seconds</td><td></td></tr><tr class=" rowvg-end optional-block-end"></tr><tr class="optional-block-start " hashelp="true" ref="cb20"><td colspan="3"><input onclick="javascript:updateOptionalBlock(this,true)" name="hasCustomScmCheckoutRetryCount" type="checkbox" class=" " id="cb20" path="/hasCustomScmCheckoutRetryCount"><label class="attach-previous">Retry Count</label></td><td class="setting-help"><a helpurl="/help/project-config/scmCheckoutRetryCount.html" href="#" class="help-button" tabindex="9999"><img src="/static/ebda7158/images/16x16/help.png" alt="Help for feature: Retry Count" style="width: 16px; height: 16px; " class="icon-help icon-sm"></a></td></tr><tr class="help-area"><td></td><td colspan="2"><div class="help">Loading...</div></td><td></td></tr><tr class="rowvg-start" style="display: none;"></tr><tr style="display: none;"><td class="setting-leftspace">&nbsp;</td><td class="setting-name">SCM checkout retry count</td><td class="setting-main"><input step="1" min="0" name="scmCheckoutRetryCount" type="number" class="setting-input  number" value="0" path="/scmCheckoutRetryCount"></td><td class="setting-no-help"></td></tr><tr class="validation-error-area" style="display: none;"><td colspan="2"></td><td></td><td></td></tr><tr class=" rowvg-end optional-block-end"></tr><tr class="optional-block-start " hashelp="true" ref="cb21"><td colspan="3"><input onclick="javascript:updateOptionalBlock(this,true)" name="blockBuildWhenUpstreamBuilding" type="checkbox" class=" " id="cb21" path="/blockBuildWhenUpstreamBuilding"><label class="attach-previous">Block build when upstream project is building</label></td><td class="setting-help"><a helpurl="/help/project-config/block-upstream-building.html" href="#" class="help-button" tabindex="9999"><img src="/static/ebda7158/images/16x16/help.png" alt="Help for feature: Block build when upstream project is building" style="width: 16px; height: 16px; " class="icon-help icon-sm"></a></td></tr><tr class="help-area"><td></td><td colspan="2"><div class="help">Loading...</div></td><td></td></tr><tr class="rowvg-start" style="display: none;"></tr><tr class=" rowvg-end optional-block-end"></tr><tr class="optional-block-start " hashelp="true" ref="cb22"><td colspan="3"><input onclick="javascript:updateOptionalBlock(this,true)" name="blockBuildWhenDownstreamBuilding" type="checkbox" class=" " id="cb22" path="/blockBuildWhenDownstreamBuilding"><label class="attach-previous">Block build when downstream project is building</label></td><td class="setting-help"><a helpurl="/help/project-config/block-downstream-building.html" href="#" class="help-button" tabindex="9999"><img src="/static/ebda7158/images/16x16/help.png" alt="Help for feature: Block build when downstream project is building" style="width: 16px; height: 16px; " class="icon-help icon-sm"></a></td></tr><tr class="help-area"><td></td><td colspan="2"><div class="help">Loading...</div></td><td></td></tr><tr class="rowvg-start" style="display: none;"></tr><tr class=" rowvg-end optional-block-end"></tr><tr class="optional-block-start " hashelp="true" ref="cb23"><td colspan="3"><input onclick="javascript:updateOptionalBlock(this,true)" name="hasCustomWorkspace" type="checkbox" class=" " id="cb23" path="/hasCustomWorkspace"><label class="attach-previous">Use custom workspace</label></td><td class="setting-help"><a helpurl="/help/project-config/custom-workspace.html" href="#" class="help-button" tabindex="9999"><img src="/static/ebda7158/images/16x16/help.png" alt="Help for feature: Use custom workspace" style="width: 16px; height: 16px; " class="icon-help icon-sm"></a></td></tr><tr class="help-area"><td></td><td colspan="2"><div class="help">Loading...</div></td><td></td></tr><tr class="rowvg-start" style="display: none;"></tr><tr style="display: none;"><td class="setting-leftspace">&nbsp;</td><td class="setting-name">Directory</td><td class="setting-main">
         
      
        
        <input checkdependson="customWorkspace" checkurl="/job/viewed_job/descriptorByName/hudson.model.FreeStyleProject/checkCustomWorkspace" name="_.customWorkspace" type="text" class="setting-input validated  " value="" path="/customWorkspace"></td><td class="setting-no-help"></td></tr><tr class="validation-error-area" style="display: none;"><td colspan="2"></td><td><div class="error"><img src="/static/ebda7158/images/none.gif" height="16" width="1">Custom workspace is empty.</div></td><td></td></tr><tr class=" rowvg-end optional-block-end"></tr><tr><td class="setting-leftspace">&nbsp;</td><td class="setting-name">Display Name</td><td class="setting-main">
         
      
        
        <input checkurl="'/checkDisplayName?displayName='+encodeURIComponent(this.value)+'&amp;jobName='+encodeURIComponent('viewed_job')" name="_.displayNameOrNull" type="text" class="setting-input validated  " value="" path="/displayNameOrNull"></td><td class="setting-help"><a helpurl="/descriptor/hudson.model.FreeStyleProject/help/displayNameOrNull" href="#" class="help-button" tabindex="9999"><img src="/static/ebda7158/images/16x16/help.png" alt="Help for feature: Display Name" style="width: 16px; height: 16px; " class="icon-help icon-sm"></a></td></tr><tr class="validation-error-area"><td colspan="2"></td><td><div></div></td><td></td></tr><tr class="help-area"><td></td><td colspan="2"><div class="help">Loading...</div></td><td></td></tr><tr class="optional-block-start row-set-start" hashelp="true" ref="cb24"><td colspan="3"><input onclick="javascript:updateOptionalBlock(this,true)" name="keepDependencies" type="checkbox" class=" " id="cb24" path="/keepDependencies"><label class="attach-previous">Keep the build logs of dependencies</label></td><td class="setting-help"><a helpurl="/help/tasks/fingerprint/keepDependencies.html" href="#" class="help-button" tabindex="9999"><img src="/static/ebda7158/images/16x16/help.png" alt="Help for feature: Keep the build logs of dependencies" style="width: 16px; height: 16px; " class="icon-help icon-sm"></a></td></tr><tr class="help-area" nameref="cb24"><td></td><td colspan="2"><div class="help">Loading...</div></td><td></td></tr><tr class="rowvg-start" nameref="cb24" style="display: none;"></tr><tr class="row-set-end rowvg-end optional-block-end"></tr></tbody></table></td><td></td></tr><tr><td colspan="4"><div class="section-header"><a id="section1" class="section-anchor">#</a>Source Code Management</div></td></tr><script src="/adjuncts/ebda7158/lib/form/radioBlock/radioBlock.js" type="text/javascript"></script><tr class="radio-block-start row-set-start" hashelp="false" ref="radio-block-9"><td colspan="3"><label><input name="scm" checked="true" type="radio" value="0" class="radio-block-control" id="radio-block-9" path="/scm[0]">
              None
            </label></td><td class="setting-no-help"></td></tr><tr style="display:none" class="row-set-end radio-block-end"></tr><tr class="radio-block-start row-set-start" hashelp="false" ref="radio-block-10"><td colspan="3"><label><input name="scm" type="radio" value="1" class="radio-block-control" id="radio-block-10" path="/scm[1]">
              CVS
            </label></td><td class="setting-no-help"></td></tr><tr nameref="radio-block-10" style="display: none;"><td class="setting-leftspace">&nbsp;</td><td class="setting-name"></td><td class="setting-main"><div class="repeated-container"><div name="repositories" class="repeated-chunk first last only"><table style="width:100%"><tbody><tr><td class="setting-leftspace">&nbsp;</td><td class="setting-name">CVSROOT</td><td class="setting-main">
         
      
        
        <input checkdependson="" checkurl="/job/viewed_job/descriptorByName/hudson.scm.CvsRepository/checkCvsRoot" name="_.cvsRoot" type="text" class="setting-input validated  " value=""></td><td class="setting-help"><a helpurl="/descriptor/hudson.scm.CvsRepository/help/cvsRoot" href="#" class="help-button" tabindex="9999"><img src="/static/ebda7158/images/16x16/help.png" alt="Help for feature: CVSROOT" style="width: 16px; height: 16px; " class="icon-help icon-sm"></a></td></tr><tr class="validation-error-area"><td colspan="2"></td><td><div class="error"><img src="/static/ebda7158/images/none.gif" height="16" width="1">CVSROOT is mandatory</div></td><td></td></tr><tr class="help-area"><td></td><td colspan="2"><div class="help">Loading...</div></td><td></td></tr><tr class="optional-block-start " hashelp="false" ref="cb25"><td colspan="3"><input onclick="javascript:updateOptionalBlock(this,true)" name="passwordRequired" type="checkbox" class=" " id="cb25"><label class="attach-previous">This Connection Requires A Password</label></td><td class="setting-no-help"></td></tr><tr class="rowvg-start" style="display: none;"></tr><tr style="display: none;"><td class="setting-leftspace">&nbsp;</td><td class="setting-name">Password</td><td class="setting-main"><input name="_.password" type="password" class="setting-input " value=""></td><td class="setting-no-help"></td></tr><tr class="validation-error-area" style="display: none;"><td colspan="2"></td><td></td><td></td></tr><tr class=" rowvg-end optional-block-end"></tr><tr><td class="setting-leftspace">&nbsp;</td><td class="setting-name"></td><td class="setting-main"><div class="repeated-container"><div name="repositoryItems" class="repeated-chunk first last only"><table style="width:100%"><tbody><tr><td class="setting-leftspace">&nbsp;</td><td class="setting-name">Location</td><td class="setting-main"><select class="setting-input dropdownList"><option value="0">Branch</option><option value="1" selected="true">Head</option><option value="2">Tag</option></select></td><td class="setting-no-help"></td></tr><tr class="dropdownList-container"><td colspan="2"></td><td colspan="2"><table width="100%" name="location"><tbody><tr class="dropdownList-start rowvg-start" field-disabled="true" style="display: none;"></tr><tr field-disabled="true" style="display: none;"><td class="setting-leftspace">&nbsp;</td><td class="setting-name">Branch Name</td><td class="setting-main">
         
      
        
        <input name="_.branchName" type="text" class="setting-input   " value=""></td><td class="setting-no-help"></td></tr><tr class="validation-error-area" field-disabled="true" style="display: none;"><td colspan="2"></td><td></td><td></td></tr><tr field-disabled="true" style="display: none;"><td class="setting-leftspace">&nbsp;</td><td class="setting-name">Use Head If Not Found</td><td class="setting-main"><input name="_.useHeadIfNotFound" type="checkbox" class=" "></td><td class="setting-no-help"></td></tr><tr class="validation-error-area" field-disabled="true" style="display: none;"><td colspan="2"></td><td></td><td></td></tr><tr style="display: none;" field-disabled="true"><td><input name="stapler-class" type="hidden" value="hudson.scm.CvsRepositoryLocation$BranchRepositoryLocation"><input name="$class" type="hidden" value="hudson.scm.CvsRepositoryLocation$BranchRepositoryLocation"></td></tr><tr class="dropdownList-end rowvg-end"></tr><tr class="dropdownList-start rowvg-start"></tr><tr style=""><td><input name="stapler-class" type="hidden" value="hudson.scm.CvsRepositoryLocation$HeadRepositoryLocation"><input name="$class" type="hidden" value="hudson.scm.CvsRepositoryLocation$HeadRepositoryLocation"></td></tr><tr class="dropdownList-end rowvg-end"></tr><tr class="dropdownList-start rowvg-start" field-disabled="true" style="display: none;"></tr><tr field-disabled="true" style="display: none;"><td class="setting-leftspace">&nbsp;</td><td class="setting-name">Tag Name</td><td class="setting-main">
         
      
        
        <input name="_.tagName" type="text" class="setting-input   " value=""></td><td class="setting-no-help"></td></tr><tr class="validation-error-area" field-disabled="true" style="display: none;"><td colspan="2"></td><td></td><td></td></tr><tr field-disabled="true" style="display: none;"><td class="setting-leftspace">&nbsp;</td><td class="setting-name">Use Head If Not Found</td><td class="setting-main"><input name="_.useHeadIfNotFound" type="checkbox" class=" "></td><td class="setting-no-help"></td></tr><tr class="validation-error-area" field-disabled="true" style="display: none;"><td colspan="2"></td><td></td><td></td></tr><tr style="display: none;" field-disabled="true"><td><input name="stapler-class" type="hidden" value="hudson.scm.CvsRepositoryLocation$TagRepositoryLocation"><input name="$class" type="hidden" value="hudson.scm.CvsRepositoryLocation$TagRepositoryLocation"></td></tr><tr class="dropdownList-end rowvg-end"></tr></tbody></table></td></tr><tr><td class="setting-leftspace">&nbsp;</td><td class="setting-name">Modules</td><td class="setting-main"><div class="repeated-container"><div name="modules" class="repeated-chunk first last only"><table style="width:100%"><tbody><tr><td class="setting-leftspace">&nbsp;</td><td class="setting-name">Remote Name</td><td class="setting-main">
         
      
        
        <input checkdependson="" checkurl="/job/viewed_job/descriptorByName/hudson.scm.CvsModule/checkRemoteName" name="_.remoteName" type="text" class="setting-input validated  " value=""></td><td class="setting-help"><a helpurl="/descriptor/hudson.scm.CvsModule/help/remoteName" href="#" class="help-button" tabindex="9999"><img src="/static/ebda7158/images/16x16/help.png" alt="Help for feature: Remote Name" style="width: 16px; height: 16px; " class="icon-help icon-sm"></a></td></tr><tr class="validation-error-area"><td colspan="2"></td><td><div class="error"><img src="/static/ebda7158/images/none.gif" height="16" width="1">Remote Name is mandatory</div></td><td></td></tr><tr class="help-area"><td></td><td colspan="2"><div class="help">Loading...</div></td><td></td></tr><tr><td class="setting-leftspace">&nbsp;</td><td class="setting-name">Local Name</td><td class="setting-main">
         
      
        
        <input name="_.localName" type="text" class="setting-input   " value=""></td><td class="setting-help"><a helpurl="/descriptor/hudson.scm.CvsModule/help/localName" href="#" class="help-button" tabindex="9999"><img src="/static/ebda7158/images/16x16/help.png" alt="Help for feature: Local Name" style="width: 16px; height: 16px; " class="icon-help icon-sm"></a></td></tr><tr class="validation-error-area"><td colspan="2"></td><td></td><td></td></tr><tr class="help-area"><td></td><td colspan="2"><div class="help">Loading...</div></td><td></td></tr><tr><td class="setting-leftspace">&nbsp;</td><td class="setting-name"></td><td class="setting-main"><div align="right"><span class="yui-button yui-push-button repeatable-add show-if-last" id="yui-gen12"><span class="first-child"><button type="button" tabindex="0" id="yui-gen12-button">Add more modules...</button></span></span><span class="yui-button yui-push-button repeatable-delete show-if-not-only" id="yui-gen21"><span class="first-child"><button type="button" tabindex="0" id="yui-gen21-button">Delete</button></span></span></div></td><td class="setting-no-help"></td></tr><tr class="validation-error-area"><td colspan="2"></td><td></td><td></td></tr></tbody></table></div><div class="repeatable-insertion-point"></div></div></td><td class="setting-no-help"></td></tr><tr class="validation-error-area"><td colspan="2"></td><td></td><td></td></tr><tr><td class="setting-leftspace">&nbsp;</td><td class="setting-name"></td><td class="setting-main"><div align="right"><span class="yui-button yui-push-button repeatable-add show-if-last" id="yui-gen13"><span class="first-child"><button type="button" tabindex="0" id="yui-gen13-button">Add more locations...</button></span></span><span class="yui-button yui-push-button repeatable-delete show-if-not-only" id="yui-gen22"><span class="first-child"><button type="button" tabindex="0" id="yui-gen22-button">Delete</button></span></span></div></td><td class="setting-no-help"></td></tr><tr class="validation-error-area"><td colspan="2"></td><td></td><td></td></tr></tbody></table></div><div class="repeatable-insertion-point"></div></div></td><td class="setting-no-help"></td></tr><tr class="validation-error-area"><td colspan="2"></td><td></td><td></td></tr><tr><td></td><td></td><td><div style="" class="advancedLink"><span style="display: none" id="id22"><img src="/static/ebda7158/images/24x24/notepad.png" tooltip="One or more fields in this block have been edited." style="width: 24px; height: 24px; vertical-align: baseline" class="icon-notepad icon-md" title="One or more fields in this block have been edited."></span>&nbsp;<span class="yui-button yui-push-button advanced-button advancedButton" id="yui-gen8"><span class="first-child"><button type="button" tabindex="0" id="yui-gen8-button">Advanced...</button></span></span></div><table class="advancedBody"><tbody><tr><td colspan="4"><div class="section-header"><a id="section3" class="section-anchor">#</a>Advanced Repository Options</div></td></tr><tr><td class="setting-leftspace">&nbsp;</td><td class="setting-name">Repository browser</td><td class="setting-main"><select class="setting-input dropdownList"><option value="auto">(Auto)</option><option value="0">FishEye</option><option value="1">OpenGrok</option><option value="2">ViewCVS</option></select></td><td class="setting-help"><a helpurl="/help/scm-browsers/list.html" href="#" class="help-button" tabindex="9999"><img src="/static/ebda7158/images/16x16/help.png" alt="Help for feature: Repository browser" style="width: 16px; height: 16px; " class="icon-help icon-sm"></a></td></tr><tr class="dropdownList-container"><td colspan="2"></td><td colspan="2"><table width="100%" name="repositoryBrowser"><tbody><tr class="dropdownList-start rowvg-start"></tr><tr class="dropdownList-end rowvg-end"></tr><tr class="dropdownList-start rowvg-start" field-disabled="true" style="display: none;"></tr><tr class="render-on-demand " proxy="makeStaplerProxy('/$stapler/bound/a6a61bd7-c07e-4e7c-9f53-8eda093b3de7','5e2a10a9-ca1f-465a-b045-b67e5d5c0165',['render'])" field-disabled="true" style="display: none;"></tr><tr style="display: none;" field-disabled="true"><td><input name="stapler-class" type="hidden" value="hudson.scm.browsers.FishEyeCVS"><input name="$class" type="hidden" value="hudson.scm.browsers.FishEyeCVS"></td></tr><tr class="dropdownList-end rowvg-end"></tr><tr class="dropdownList-start rowvg-start" field-disabled="true" style="display: none;"></tr><tr class="render-on-demand " proxy="makeStaplerProxy('/$stapler/bound/7613f930-24ce-4b1c-877b-da6dc79b5177','5e2a10a9-ca1f-465a-b045-b67e5d5c0165',['render'])" field-disabled="true" style="display: none;"></tr><tr style="display: none;" field-disabled="true"><td><input name="stapler-class" type="hidden" value="hudson.scm.browsers.OpenGrok"><input name="$class" type="hidden" value="hudson.scm.browsers.OpenGrok"></td></tr><tr class="dropdownList-end rowvg-end"></tr><tr class="dropdownList-start rowvg-start" field-disabled="true" style="display: none;"></tr><tr class="render-on-demand " proxy="makeStaplerProxy('/$stapler/bound/cfbf62d0-edc8-4dc3-ab84-7179be4f9a21','5e2a10a9-ca1f-465a-b045-b67e5d5c0165',['render'])" field-disabled="true" style="display: none;"></tr><tr style="display: none;" field-disabled="true"><td><input name="stapler-class" type="hidden" value="hudson.scm.browsers.ViewCVS"><input name="$class" type="hidden" value="hudson.scm.browsers.ViewCVS"></td></tr><tr class="dropdownList-end rowvg-end"></tr></tbody></table></td></tr><tr class="help-area"><td></td><td colspan="2"><div class="help">Loading...</div></td><td></td></tr><tr><td class="setting-leftspace">&nbsp;</td><td class="setting-name">Exclude Regions</td><td class="setting-main"><div class="repeated-container"><div name="excludedRegions" class="repeated-chunk first last only"><table style="width:100%"><tbody><tr><td class="setting-leftspace">&nbsp;</td><td class="setting-name">Pattern</td><td class="setting-main">
         
      
        
        <input checkdependson="" checkurl="/job/viewed_job/descriptorByName/hudson.scm.ExcludedRegion/checkPattern" name="_.pattern" type="text" class="setting-input validated  " value=""></td><td class="setting-no-help"></td></tr><tr class="validation-error-area"><td colspan="2"></td><td><div></div></td><td></td></tr><tr><td class="setting-leftspace">&nbsp;</td><td class="setting-name"></td><td class="setting-main"><div align="right"><span class="yui-button yui-push-button repeatable-add show-if-last" id="yui-gen14"><span class="first-child"><button type="button" tabindex="0" id="yui-gen14-button">Add more patterns...</button></span></span><span class="yui-button yui-push-button repeatable-delete show-if-not-only" id="yui-gen23"><span class="first-child"><button type="button" tabindex="0" id="yui-gen23-button">Delete</button></span></span></div></td><td class="setting-no-help"></td></tr><tr class="validation-error-area"><td colspan="2"></td><td></td><td></td></tr></tbody></table></div><div class="repeatable-insertion-point"></div></div></td><td class="setting-no-help"></td></tr><tr class="validation-error-area"><td colspan="2"></td><td></td><td></td></tr><tr><td class="setting-leftspace">&nbsp;</td><td class="setting-name">Compression Level</td><td class="setting-main">
      
         
        <select fillurl="/job/viewed_job/descriptorByName/hudson.scm.CvsRepository/fillCompressionLevelItems" name="_.compressionLevel" class="setting-input  select " value=""><option value="-1">System Default</option><option value="0">None</option><option value="1">1</option><option value="2">2</option><option value="3">3 (Recommended)</option><option value="4">4</option><option value="5">5</option><option value="6">6</option><option value="7">7</option><option value="8">8</option><option value="9">9</option></select></td><td class="setting-no-help"></td></tr><tr class="validation-error-area"><td colspan="2"></td><td></td><td></td></tr></tbody></table></td><td></td></tr><tr><td class="setting-leftspace">&nbsp;</td><td class="setting-name"></td><td class="setting-main"><div align="right"><span class="yui-button yui-push-button repeatable-add show-if-last" id="yui-gen15"><span class="first-child"><button type="button" tabindex="0" id="yui-gen15-button">Add more repositories...</button></span></span><span class="yui-button yui-push-button repeatable-delete show-if-not-only" id="yui-gen24"><span class="first-child"><button type="button" tabindex="0" id="yui-gen24-button">Delete</button></span></span></div></td><td class="setting-no-help"></td></tr><tr class="validation-error-area"><td colspan="2"></td><td></td><td></td></tr></tbody></table></div><div class="repeatable-insertion-point"></div></div></td><td class="setting-no-help"></td></tr><tr class="validation-error-area" nameref="radio-block-10" style="display: none;"><td colspan="2"></td><td></td><td></td></tr><tr nameref="radio-block-10" style="display: none;"><td class="setting-leftspace">&nbsp;</td><td class="setting-name">Use Update</td><td class="setting-main"><input name="_.canUseUpdate" checked="true" type="checkbox" class=" "></td><td class="setting-help"><a helpurl="/descriptor/hudson.scm.CVSSCM/help/canUseUpdate" href="#" class="help-button" tabindex="9999"><img src="/static/ebda7158/images/16x16/help.png" alt="Help for feature: Use Update" style="width: 16px; height: 16px; " class="icon-help icon-sm"></a></td></tr><tr class="validation-error-area" nameref="radio-block-10" style="display: none;"><td colspan="2"></td><td></td><td></td></tr><tr class="help-area" nameref="radio-block-10" style="display: none;"><td></td><td colspan="2"><div class="help">Loading...</div></td><td></td></tr><tr nameref="radio-block-10" style="display: none;"><td class="setting-leftspace">&nbsp;</td><td class="setting-name">Prune Empty Directories</td><td class="setting-main"><input name="_.pruneEmptyDirectories" checked="true" type="checkbox" class=" "></td><td class="setting-help"><a helpurl="/descriptor/hudson.scm.CVSSCM/help/pruneEmptyDirectories" href="#" class="help-button" tabindex="9999"><img src="/static/ebda7158/images/16x16/help.png" alt="Help for feature: Prune Empty Directories" style="width: 16px; height: 16px; " class="icon-help icon-sm"></a></td></tr><tr class="validation-error-area" nameref="radio-block-10" style="display: none;"><td colspan="2"></td><td></td><td></td></tr><tr class="help-area" nameref="radio-block-10" style="display: none;"><td></td><td colspan="2"><div class="help">Loading...</div></td><td></td></tr><tr nameref="radio-block-10" style="display: none;"><td class="setting-leftspace">&nbsp;</td><td class="setting-name">Legacy Mode</td><td class="setting-main"><input name="_.legacy" type="checkbox" class=" "><label class="attach-previous">(run CVS in a way compatible with older versions of Hudson &lt;1.21)</label></td><td class="setting-help"><a helpurl="/descriptor/hudson.scm.CVSSCM/help/legacy" href="#" class="help-button" tabindex="9999"><img src="/static/ebda7158/images/16x16/help.png" alt="Help for feature: Legacy Mode" style="width: 16px; height: 16px; " class="icon-help icon-sm"></a></td></tr><tr class="validation-error-area" nameref="radio-block-10" style="display: none;"><td colspan="2"></td><td></td><td></td></tr><tr class="help-area" nameref="radio-block-10" style="display: none;"><td></td><td colspan="2"><div class="help">Loading...</div></td><td></td></tr><tr nameref="radio-block-10" style="display: none;"><td class="setting-leftspace">&nbsp;</td><td class="setting-name">Skip Changelog</td><td class="setting-main"><input name="_.skipChangeLog" type="checkbox" class=" "></td><td class="setting-help"><a helpurl="/descriptor/hudson.scm.CVSSCM/help/skipChangeLog" href="#" class="help-button" tabindex="9999"><img src="/static/ebda7158/images/16x16/help.png" alt="Help for feature: Skip Changelog" style="width: 16px; height: 16px; " class="icon-help icon-sm"></a></td></tr><tr class="validation-error-area" nameref="radio-block-10" style="display: none;"><td colspan="2"></td><td></td><td></td></tr><tr class="help-area" nameref="radio-block-10" style="display: none;"><td></td><td colspan="2"><div class="help">Loading...</div></td><td></td></tr><tr nameref="radio-block-10" style="display: none;"><td class="setting-leftspace">&nbsp;</td><td class="setting-name">Show all CVS output</td><td class="setting-main"><input name="_.disableCvsQuiet" type="checkbox" class=" "></td><td class="setting-help"><a helpurl="/descriptor/hudson.scm.CVSSCM/help/disableCvsQuiet" href="#" class="help-button" tabindex="9999"><img src="/static/ebda7158/images/16x16/help.png" alt="Help for feature: Show all CVS output" style="width: 16px; height: 16px; " class="icon-help icon-sm"></a></td></tr><tr class="validation-error-area" nameref="radio-block-10" style="display: none;"><td colspan="2"></td><td></td><td></td></tr><tr class="help-area" nameref="radio-block-10" style="display: none;"><td></td><td colspan="2"><div class="help">Loading...</div></td><td></td></tr><tr nameref="radio-block-10" style="display: none;"><td class="setting-leftspace">&nbsp;</td><td class="setting-name">Perform clean checkout on failed update</td><td class="setting-main"><input name="_.cleanOnFailedUpdate" type="checkbox" class=" "></td><td class="setting-help"><a helpurl="/descriptor/hudson.scm.CVSSCM/help/cleanOnFailedUpdate" href="#" class="help-button" tabindex="9999"><img src="/static/ebda7158/images/16x16/help.png" alt="Help for feature: Perform clean checkout on failed update" style="width: 16px; height: 16px; " class="icon-help icon-sm"></a></td></tr><tr class="validation-error-area" nameref="radio-block-10" style="display: none;"><td colspan="2"></td><td></td><td></td></tr><tr class="help-area" nameref="radio-block-10" style="display: none;"><td></td><td colspan="2"><div class="help">Loading...</div></td><td></td></tr><tr nameref="radio-block-10" style="display: none;"><td class="setting-leftspace">&nbsp;</td><td class="setting-name">Force clean copy for locally modified files</td><td class="setting-main"><input name="_.forceCleanCopy" type="checkbox" class=" "></td><td class="setting-help"><a helpurl="/descriptor/hudson.scm.CVSSCM/help/forceCleanCopy" href="#" class="help-button" tabindex="9999"><img src="/static/ebda7158/images/16x16/help.png" alt="Help for feature: Force clean copy for locally modified files" style="width: 16px; height: 16px; " class="icon-help icon-sm"></a></td></tr><tr class="validation-error-area" nameref="radio-block-10" style="display: none;"><td colspan="2"></td><td></td><td></td></tr><tr class="help-area" nameref="radio-block-10" style="display: none;"><td></td><td colspan="2"><div class="help">Loading...</div></td><td></td></tr><tr style="display:none" class="row-set-end radio-block-end"></tr><tr class="radio-block-start row-set-start" hashelp="false" ref="radio-block-11"><td colspan="3"><label><input name="scm" type="radio" value="2" class="radio-block-control" id="radio-block-11" path="/scm[2]">
              CVS Projectset
            </label></td><td class="setting-no-help"></td></tr><tr nameref="radio-block-11" style="display: none;"><td class="setting-leftspace">&nbsp;</td><td class="setting-name"></td><td class="setting-main"><div class="repeated-container"><div name="repositories" class="repeated-chunk first last only"><table style="width:100%"><tbody><tr><td class="setting-leftspace">&nbsp;</td><td class="setting-name">CVSROOT</td><td class="setting-main">
         
      
        
        <input checkdependson="" checkurl="/job/viewed_job/descriptorByName/hudson.scm.CvsRepository/checkCvsRoot" name="_.cvsRoot" type="text" class="setting-input validated  " value=""></td><td class="setting-help"><a helpurl="/descriptor/hudson.scm.CvsRepository/help/cvsRoot" href="#" class="help-button" tabindex="9999"><img src="/static/ebda7158/images/16x16/help.png" alt="Help for feature: CVSROOT" style="width: 16px; height: 16px; " class="icon-help icon-sm"></a></td></tr><tr class="validation-error-area"><td colspan="2"></td><td><div class="error"><img src="/static/ebda7158/images/none.gif" height="16" width="1">CVSROOT is mandatory</div></td><td></td></tr><tr class="help-area"><td></td><td colspan="2"><div class="help">Loading...</div></td><td></td></tr><tr class="optional-block-start " hashelp="false" ref="cb26"><td colspan="3"><input onclick="javascript:updateOptionalBlock(this,true)" name="passwordRequired" type="checkbox" class=" " id="cb26"><label class="attach-previous">This Connection Requires A Password</label></td><td class="setting-no-help"></td></tr><tr class="rowvg-start" style="display: none;"></tr><tr style="display: none;"><td class="setting-leftspace">&nbsp;</td><td class="setting-name">Password</td><td class="setting-main"><input name="_.password" type="password" class="setting-input " value=""></td><td class="setting-no-help"></td></tr><tr class="validation-error-area" style="display: none;"><td colspan="2"></td><td></td><td></td></tr><tr class=" rowvg-end optional-block-end"></tr><tr><td class="setting-leftspace">&nbsp;</td><td class="setting-name"></td><td class="setting-main"><div class="repeated-container"><div name="repositoryItems" class="repeated-chunk first last only"><table style="width:100%"><tbody><tr><td class="setting-leftspace">&nbsp;</td><td class="setting-name">Location</td><td class="setting-main"><select class="setting-input dropdownList"><option value="0">Branch</option><option value="1" selected="true">Head</option><option value="2">Tag</option></select></td><td class="setting-no-help"></td></tr><tr class="dropdownList-container"><td colspan="2"></td><td colspan="2"><table width="100%" name="location"><tbody><tr class="dropdownList-start rowvg-start" field-disabled="true" style="display: none;"></tr><tr field-disabled="true" style="display: none;"><td class="setting-leftspace">&nbsp;</td><td class="setting-name">Branch Name</td><td class="setting-main">
         
      
        
        <input name="_.branchName" type="text" class="setting-input   " value=""></td><td class="setting-no-help"></td></tr><tr class="validation-error-area" field-disabled="true" style="display: none;"><td colspan="2"></td><td></td><td></td></tr><tr field-disabled="true" style="display: none;"><td class="setting-leftspace">&nbsp;</td><td class="setting-name">Use Head If Not Found</td><td class="setting-main"><input name="_.useHeadIfNotFound" type="checkbox" class=" "></td><td class="setting-no-help"></td></tr><tr class="validation-error-area" field-disabled="true" style="display: none;"><td colspan="2"></td><td></td><td></td></tr><tr style="display: none;" field-disabled="true"><td><input name="stapler-class" type="hidden" value="hudson.scm.CvsRepositoryLocation$BranchRepositoryLocation"><input name="$class" type="hidden" value="hudson.scm.CvsRepositoryLocation$BranchRepositoryLocation"></td></tr><tr class="dropdownList-end rowvg-end"></tr><tr class="dropdownList-start rowvg-start"></tr><tr style=""><td><input name="stapler-class" type="hidden" value="hudson.scm.CvsRepositoryLocation$HeadRepositoryLocation"><input name="$class" type="hidden" value="hudson.scm.CvsRepositoryLocation$HeadRepositoryLocation"></td></tr><tr class="dropdownList-end rowvg-end"></tr><tr class="dropdownList-start rowvg-start" field-disabled="true" style="display: none;"></tr><tr field-disabled="true" style="display: none;"><td class="setting-leftspace">&nbsp;</td><td class="setting-name">Tag Name</td><td class="setting-main">
         
      
        
        <input name="_.tagName" type="text" class="setting-input   " value=""></td><td class="setting-no-help"></td></tr><tr class="validation-error-area" field-disabled="true" style="display: none;"><td colspan="2"></td><td></td><td></td></tr><tr field-disabled="true" style="display: none;"><td class="setting-leftspace">&nbsp;</td><td class="setting-name">Use Head If Not Found</td><td class="setting-main"><input name="_.useHeadIfNotFound" type="checkbox" class=" "></td><td class="setting-no-help"></td></tr><tr class="validation-error-area" field-disabled="true" style="display: none;"><td colspan="2"></td><td></td><td></td></tr><tr style="display: none;" field-disabled="true"><td><input name="stapler-class" type="hidden" value="hudson.scm.CvsRepositoryLocation$TagRepositoryLocation"><input name="$class" type="hidden" value="hudson.scm.CvsRepositoryLocation$TagRepositoryLocation"></td></tr><tr class="dropdownList-end rowvg-end"></tr></tbody></table></td></tr><tr><td class="setting-leftspace">&nbsp;</td><td class="setting-name">Modules</td><td class="setting-main"><div class="repeated-container"><div name="modules" class="repeated-chunk first last only"><table style="width:100%"><tbody><tr><td class="setting-leftspace">&nbsp;</td><td class="setting-name">Remote Name</td><td class="setting-main">
         
      
        
        <input checkdependson="" checkurl="/job/viewed_job/descriptorByName/hudson.scm.CvsModule/checkRemoteName" name="_.remoteName" type="text" class="setting-input validated  " value=""></td><td class="setting-help"><a helpurl="/descriptor/hudson.scm.CvsModule/help/remoteName" href="#" class="help-button" tabindex="9999"><img src="/static/ebda7158/images/16x16/help.png" alt="Help for feature: Remote Name" style="width: 16px; height: 16px; " class="icon-help icon-sm"></a></td></tr><tr class="validation-error-area"><td colspan="2"></td><td><div class="error"><img src="/static/ebda7158/images/none.gif" height="16" width="1">Remote Name is mandatory</div></td><td></td></tr><tr class="help-area"><td></td><td colspan="2"><div class="help">Loading...</div></td><td></td></tr><tr><td class="setting-leftspace">&nbsp;</td><td class="setting-name">Local Name</td><td class="setting-main">
         
      
        
        <input name="_.localName" type="text" class="setting-input   " value=""></td><td class="setting-help"><a helpurl="/descriptor/hudson.scm.CvsModule/help/localName" href="#" class="help-button" tabindex="9999"><img src="/static/ebda7158/images/16x16/help.png" alt="Help for feature: Local Name" style="width: 16px; height: 16px; " class="icon-help icon-sm"></a></td></tr><tr class="validation-error-area"><td colspan="2"></td><td></td><td></td></tr><tr class="help-area"><td></td><td colspan="2"><div class="help">Loading...</div></td><td></td></tr><tr><td class="setting-leftspace">&nbsp;</td><td class="setting-name">Projectset File Name</td><td class="setting-main">
         
      
        
        <input checkdependson="" checkurl="/job/viewed_job/descriptorByName/hudson.scm.CvsModule/checkProjectsetFileName" name="_.projectsetFileName" type="text" class="setting-input validated  " value=""></td><td class="setting-help"><a helpurl="/descriptor/hudson.scm.CvsModule/help/projectsetFileName" href="#" class="help-button" tabindex="9999"><img src="/static/ebda7158/images/16x16/help.png" alt="Help for feature: Projectset File Name" style="width: 16px; height: 16px; " class="icon-help icon-sm"></a></td></tr><tr class="validation-error-area"><td colspan="2"></td><td><div class="error"><img src="/static/ebda7158/images/none.gif" height="16" width="1">Projectset file name is mandatory</div></td><td></td></tr><tr class="help-area"><td></td><td colspan="2"><div class="help">Loading...</div></td><td></td></tr><tr><td class="setting-leftspace">&nbsp;</td><td class="setting-name"></td><td class="setting-main"><div align="right"><span class="yui-button yui-push-button repeatable-add show-if-last" id="yui-gen16"><span class="first-child"><button type="button" tabindex="0" id="yui-gen16-button">Add more modules...</button></span></span><span class="yui-button yui-push-button repeatable-delete show-if-not-only" id="yui-gen25"><span class="first-child"><button type="button" tabindex="0" id="yui-gen25-button">Delete</button></span></span></div></td><td class="setting-no-help"></td></tr><tr class="validation-error-area"><td colspan="2"></td><td></td><td></td></tr></tbody></table></div><div class="repeatable-insertion-point"></div></div></td><td class="setting-no-help"></td></tr><tr class="validation-error-area"><td colspan="2"></td><td></td><td></td></tr><tr><td class="setting-leftspace">&nbsp;</td><td class="setting-name"></td><td class="setting-main"><div align="right"><span class="yui-button yui-push-button repeatable-add show-if-last" id="yui-gen17"><span class="first-child"><button type="button" tabindex="0" id="yui-gen17-button">Add more locations...</button></span></span><span class="yui-button yui-push-button repeatable-delete show-if-not-only" id="yui-gen26"><span class="first-child"><button type="button" tabindex="0" id="yui-gen26-button">Delete</button></span></span></div></td><td class="setting-no-help"></td></tr><tr class="validation-error-area"><td colspan="2"></td><td></td><td></td></tr></tbody></table></div><div class="repeatable-insertion-point"></div></div></td><td class="setting-no-help"></td></tr><tr class="validation-error-area"><td colspan="2"></td><td></td><td></td></tr><tr><td></td><td></td><td><div style="" class="advancedLink"><span style="display: none" id="id24"><img src="/static/ebda7158/images/24x24/notepad.png" tooltip="One or more fields in this block have been edited." style="width: 24px; height: 24px; vertical-align: baseline" class="icon-notepad icon-md" title="One or more fields in this block have been edited."></span>&nbsp;<span class="yui-button yui-push-button advanced-button advancedButton" id="yui-gen9"><span class="first-child"><button type="button" tabindex="0" id="yui-gen9-button">Advanced...</button></span></span></div><table class="advancedBody"><tbody><tr><td colspan="4"><div class="section-header"><a id="section5" class="section-anchor">#</a>Advanced Repository Options</div></td></tr><tr><td class="setting-leftspace">&nbsp;</td><td class="setting-name">Repository browser</td><td class="setting-main"><select class="setting-input dropdownList"><option value="auto">(Auto)</option><option value="0">FishEye</option><option value="1">OpenGrok</option><option value="2">ViewCVS</option></select></td><td class="setting-help"><a helpurl="/help/scm-browsers/list.html" href="#" class="help-button" tabindex="9999"><img src="/static/ebda7158/images/16x16/help.png" alt="Help for feature: Repository browser" style="width: 16px; height: 16px; " class="icon-help icon-sm"></a></td></tr><tr class="dropdownList-container"><td colspan="2"></td><td colspan="2"><table width="100%" name="repositoryBrowser"><tbody><tr class="dropdownList-start rowvg-start"></tr><tr class="dropdownList-end rowvg-end"></tr><tr class="dropdownList-start rowvg-start" field-disabled="true" style="display: none;"></tr><tr class="render-on-demand " proxy="makeStaplerProxy('/$stapler/bound/966fa1a1-82f3-42e6-9080-687293d232a2','5e2a10a9-ca1f-465a-b045-b67e5d5c0165',['render'])" field-disabled="true" style="display: none;"></tr><tr style="display: none;" field-disabled="true"><td><input name="stapler-class" type="hidden" value="hudson.scm.browsers.FishEyeCVS"><input name="$class" type="hidden" value="hudson.scm.browsers.FishEyeCVS"></td></tr><tr class="dropdownList-end rowvg-end"></tr><tr class="dropdownList-start rowvg-start" field-disabled="true" style="display: none;"></tr><tr class="render-on-demand " proxy="makeStaplerProxy('/$stapler/bound/8583a5f6-aada-4dcc-b743-96ed88177b31','5e2a10a9-ca1f-465a-b045-b67e5d5c0165',['render'])" field-disabled="true" style="display: none;"></tr><tr style="display: none;" field-disabled="true"><td><input name="stapler-class" type="hidden" value="hudson.scm.browsers.OpenGrok"><input name="$class" type="hidden" value="hudson.scm.browsers.OpenGrok"></td></tr><tr class="dropdownList-end rowvg-end"></tr><tr class="dropdownList-start rowvg-start" field-disabled="true" style="display: none;"></tr><tr class="render-on-demand " proxy="makeStaplerProxy('/$stapler/bound/b0e49dd8-d399-4983-a04e-6f0874142578','5e2a10a9-ca1f-465a-b045-b67e5d5c0165',['render'])" field-disabled="true" style="display: none;"></tr><tr style="display: none;" field-disabled="true"><td><input name="stapler-class" type="hidden" value="hudson.scm.browsers.ViewCVS"><input name="$class" type="hidden" value="hudson.scm.browsers.ViewCVS"></td></tr><tr class="dropdownList-end rowvg-end"></tr></tbody></table></td></tr><tr class="help-area"><td></td><td colspan="2"><div class="help">Loading...</div></td><td></td></tr><tr><td class="setting-leftspace">&nbsp;</td><td class="setting-name">Exclude Regions</td><td class="setting-main"><div class="repeated-container"><div name="excludedRegions" class="repeated-chunk first last only"><table style="width:100%"><tbody><tr><td class="setting-leftspace">&nbsp;</td><td class="setting-name">Pattern</td><td class="setting-main">
         
      
        
        <input checkdependson="" checkurl="/job/viewed_job/descriptorByName/hudson.scm.ExcludedRegion/checkPattern" name="_.pattern" type="text" class="setting-input validated  " value=""></td><td class="setting-no-help"></td></tr><tr class="validation-error-area"><td colspan="2"></td><td><div></div></td><td></td></tr><tr><td class="setting-leftspace">&nbsp;</td><td class="setting-name"></td><td class="setting-main"><div align="right"><span class="yui-button yui-push-button repeatable-add show-if-last" id="yui-gen18"><span class="first-child"><button type="button" tabindex="0" id="yui-gen18-button">Add more patterns...</button></span></span><span class="yui-button yui-push-button repeatable-delete show-if-not-only" id="yui-gen27"><span class="first-child"><button type="button" tabindex="0" id="yui-gen27-button">Delete</button></span></span></div></td><td class="setting-no-help"></td></tr><tr class="validation-error-area"><td colspan="2"></td><td></td><td></td></tr></tbody></table></div><div class="repeatable-insertion-point"></div></div></td><td class="setting-no-help"></td></tr><tr class="validation-error-area"><td colspan="2"></td><td></td><td></td></tr><tr><td class="setting-leftspace">&nbsp;</td><td class="setting-name">Compression Level</td><td class="setting-main">
      
         
        <select fillurl="/job/viewed_job/descriptorByName/hudson.scm.CvsRepository/fillCompressionLevelItems" name="_.compressionLevel" class="setting-input  select " value=""><option value="-1">System Default</option><option value="0">None</option><option value="1">1</option><option value="2">2</option><option value="3">3 (Recommended)</option><option value="4">4</option><option value="5">5</option><option value="6">6</option><option value="7">7</option><option value="8">8</option><option value="9">9</option></select></td><td class="setting-no-help"></td></tr><tr class="validation-error-area"><td colspan="2"></td><td></td><td></td></tr></tbody></table></td><td></td></tr><tr><td class="setting-leftspace">&nbsp;</td><td class="setting-name"></td><td class="setting-main"><div align="right"><span class="yui-button yui-push-button repeatable-add show-if-last" id="yui-gen19"><span class="first-child"><button type="button" tabindex="0" id="yui-gen19-button">Add more repositories...</button></span></span><span class="yui-button yui-push-button repeatable-delete show-if-not-only" id="yui-gen28"><span class="first-child"><button type="button" tabindex="0" id="yui-gen28-button">Delete</button></span></span></div></td><td class="setting-no-help"></td></tr><tr class="validation-error-area"><td colspan="2"></td><td></td><td></td></tr></tbody></table></div><div class="repeatable-insertion-point"></div></div></td><td class="setting-no-help"></td></tr><tr class="validation-error-area" nameref="radio-block-11" style="display: none;"><td colspan="2"></td><td></td><td></td></tr><tr nameref="radio-block-11" style="display: none;"><td class="setting-leftspace">&nbsp;</td><td class="setting-name">Use Update</td><td class="setting-main"><input name="_.canUseUpdate" checked="true" type="checkbox" class=" "></td><td class="setting-help"><a helpurl="/descriptor/hudson.scm.CvsProjectset/help/canUseUpdate" href="#" class="help-button" tabindex="9999"><img src="/static/ebda7158/images/16x16/help.png" alt="Help for feature: Use Update" style="width: 16px; height: 16px; " class="icon-help icon-sm"></a></td></tr><tr class="validation-error-area" nameref="radio-block-11" style="display: none;"><td colspan="2"></td><td></td><td></td></tr><tr class="help-area" nameref="radio-block-11" style="display: none;"><td></td><td colspan="2"><div class="help">Loading...</div></td><td></td></tr><tr nameref="radio-block-11" style="display: none;"><td class="setting-leftspace">&nbsp;</td><td class="setting-name">Username</td><td class="setting-main">
         
      
        
        <input name="_.username" type="text" class="setting-input   " value=""></td><td class="setting-help"><a helpurl="/descriptor/hudson.scm.CvsProjectset/help/username" href="#" class="help-button" tabindex="9999"><img src="/static/ebda7158/images/16x16/help.png" alt="Help for feature: Username" style="width: 16px; height: 16px; " class="icon-help icon-sm"></a></td></tr><tr class="validation-error-area" nameref="radio-block-11" style="display: none;"><td colspan="2"></td><td></td><td></td></tr><tr class="help-area" nameref="radio-block-11" style="display: none;"><td></td><td colspan="2"><div class="help">Loading...</div></td><td></td></tr><tr nameref="radio-block-11" style="display: none;"><td class="setting-leftspace">&nbsp;</td><td class="setting-name">Password</td><td class="setting-main"><input name="_.password" type="password" class="setting-input " value=""></td><td class="setting-help"><a helpurl="/descriptor/hudson.scm.CvsProjectset/help/password" href="#" class="help-button" tabindex="9999"><img src="/static/ebda7158/images/16x16/help.png" alt="Help for feature: Password" style="width: 16px; height: 16px; " class="icon-help icon-sm"></a></td></tr><tr class="validation-error-area" nameref="radio-block-11" style="display: none;"><td colspan="2"></td><td></td><td></td></tr><tr class="help-area" nameref="radio-block-11" style="display: none;"><td></td><td colspan="2"><div class="help">Loading...</div></td><td></td></tr><tr nameref="radio-block-11" style="display: none;"><td class="setting-leftspace">&nbsp;</td><td class="setting-name">Prune Empty Directories</td><td class="setting-main"><input name="_.pruneEmptyDirectories" checked="true" type="checkbox" class=" "></td><td class="setting-help"><a helpurl="/descriptor/hudson.scm.CvsProjectset/help/pruneEmptyDirectories" href="#" class="help-button" tabindex="9999"><img src="/static/ebda7158/images/16x16/help.png" alt="Help for feature: Prune Empty Directories" style="width: 16px; height: 16px; " class="icon-help icon-sm"></a></td></tr><tr class="validation-error-area" nameref="radio-block-11" style="display: none;"><td colspan="2"></td><td></td><td></td></tr><tr class="help-area" nameref="radio-block-11" style="display: none;"><td></td><td colspan="2"><div class="help">Loading...</div></td><td></td></tr><tr nameref="radio-block-11" style="display: none;"><td class="setting-leftspace">&nbsp;</td><td class="setting-name">Skip Changelog</td><td class="setting-main"><input name="_.skipChangeLog" type="checkbox" class=" "></td><td class="setting-help"><a helpurl="/descriptor/hudson.scm.CvsProjectset/help/skipChangeLog" href="#" class="help-button" tabindex="9999"><img src="/static/ebda7158/images/16x16/help.png" alt="Help for feature: Skip Changelog" style="width: 16px; height: 16px; " class="icon-help icon-sm"></a></td></tr><tr class="validation-error-area" nameref="radio-block-11" style="display: none;"><td colspan="2"></td><td></td><td></td></tr><tr class="help-area" nameref="radio-block-11" style="display: none;"><td></td><td colspan="2"><div class="help">Loading...</div></td><td></td></tr><tr nameref="radio-block-11" style="display: none;"><td class="setting-leftspace">&nbsp;</td><td class="setting-name">Show all CVS output</td><td class="setting-main"><input name="_.disableCvsQuiet" type="checkbox" class=" "></td><td class="setting-help"><a helpurl="/descriptor/hudson.scm.CvsProjectset/help/disableCvsQuiet" href="#" class="help-button" tabindex="9999"><img src="/static/ebda7158/images/16x16/help.png" alt="Help for feature: Show all CVS output" style="width: 16px; height: 16px; " class="icon-help icon-sm"></a></td></tr><tr class="validation-error-area" nameref="radio-block-11" style="display: none;"><td colspan="2"></td><td></td><td></td></tr><tr class="help-area" nameref="radio-block-11" style="display: none;"><td></td><td colspan="2"><div class="help">Loading...</div></td><td></td></tr><tr nameref="radio-block-11" style="display: none;"><td class="setting-leftspace">&nbsp;</td><td class="setting-name">Perform clean checkout on failed update</td><td class="setting-main"><input name="_.cleanOnFailedUpdate" type="checkbox" class=" "></td><td class="setting-help"><a helpurl="/descriptor/hudson.scm.CvsProjectset/help/cleanOnFailedUpdate" href="#" class="help-button" tabindex="9999"><img src="/static/ebda7158/images/16x16/help.png" alt="Help for feature: Perform clean checkout on failed update" style="width: 16px; height: 16px; " class="icon-help icon-sm"></a></td></tr><tr class="validation-error-area" nameref="radio-block-11" style="display: none;"><td colspan="2"></td><td></td><td></td></tr><tr class="help-area" nameref="radio-block-11" style="display: none;"><td></td><td colspan="2"><div class="help">Loading...</div></td><td></td></tr><tr nameref="radio-block-11" style="display: none;"><td class="setting-leftspace">&nbsp;</td><td class="setting-name">Repository browser</td><td class="setting-main"><select class="setting-input dropdownList"><option value="auto">(Auto)</option><option value="0">Cvs Facade Repository Browser</option><option value="1">FishEye</option><option value="2">OpenGrok</option><option value="3">ViewCVS</option></select></td><td class="setting-help"><a helpurl="/help/scm-browsers/list.html" href="#" class="help-button" tabindex="9999"><img src="/static/ebda7158/images/16x16/help.png" alt="Help for feature: Repository browser" style="width: 16px; height: 16px; " class="icon-help icon-sm"></a></td></tr><tr class="dropdownList-container" nameref="radio-block-11" style="display: none;"><td colspan="2"></td><td colspan="2"><table width="100%" name="cvs.browser"><tbody><tr class="dropdownList-start rowvg-start"></tr><tr class="dropdownList-end rowvg-end"></tr><tr class="dropdownList-start rowvg-start" field-disabled="true" style="display: none;"></tr><tr class="render-on-demand " proxy="makeStaplerProxy('/$stapler/bound/5fc12434-028c-4601-80f9-069ad3dbf508','5e2a10a9-ca1f-465a-b045-b67e5d5c0165',['render'])" field-disabled="true" style="display: none;"></tr><tr style="display: none;" field-disabled="true"><td><input name="stapler-class" type="hidden" value="hudson.scm.browsers.CvsFacadeRepositoryBrowser"><input name="$class" type="hidden" value="hudson.scm.browsers.CvsFacadeRepositoryBrowser"></td></tr><tr class="dropdownList-end rowvg-end"></tr><tr class="dropdownList-start rowvg-start" field-disabled="true" style="display: none;"></tr><tr class="render-on-demand " proxy="makeStaplerProxy('/$stapler/bound/5bd4741f-7905-4e6e-8bed-7fcbcbff4c23','5e2a10a9-ca1f-465a-b045-b67e5d5c0165',['render'])" field-disabled="true" style="display: none;"></tr><tr style="display: none;" field-disabled="true"><td><input name="stapler-class" type="hidden" value="hudson.scm.browsers.FishEyeCVS"><input name="$class" type="hidden" value="hudson.scm.browsers.FishEyeCVS"></td></tr><tr class="dropdownList-end rowvg-end"></tr><tr class="dropdownList-start rowvg-start" field-disabled="true" style="display: none;"></tr><tr class="render-on-demand " proxy="makeStaplerProxy('/$stapler/bound/40c6094e-f3c3-442e-8e62-932319baece8','5e2a10a9-ca1f-465a-b045-b67e5d5c0165',['render'])" field-disabled="true" style="display: none;"></tr><tr style="display: none;" field-disabled="true"><td><input name="stapler-class" type="hidden" value="hudson.scm.browsers.OpenGrok"><input name="$class" type="hidden" value="hudson.scm.browsers.OpenGrok"></td></tr><tr class="dropdownList-end rowvg-end"></tr><tr class="dropdownList-start rowvg-start" field-disabled="true" style="display: none;"></tr><tr class="render-on-demand " proxy="makeStaplerProxy('/$stapler/bound/e538ab2b-66ed-4397-aaf7-fcee9b91b624','5e2a10a9-ca1f-465a-b045-b67e5d5c0165',['render'])" field-disabled="true" style="display: none;"></tr><tr style="display: none;" field-disabled="true"><td><input name="stapler-class" type="hidden" value="hudson.scm.browsers.ViewCVS"><input name="$class" type="hidden" value="hudson.scm.browsers.ViewCVS"></td></tr><tr class="dropdownList-end rowvg-end"></tr></tbody></table></td></tr><tr class="help-area" nameref="radio-block-11" style="display: none;"><td></td><td colspan="2"><div class="help">Loading...</div></td><td></td></tr><tr style="display:none" class="row-set-end radio-block-end"></tr><tr class="radio-block-start row-set-start" hashelp="false" ref="radio-block-12"><td colspan="3"><label><input name="scm" type="radio" value="3" class="radio-block-control" id="radio-block-12" path="/scm[3]">
              Subversion
            </label></td><td class="setting-no-help"></td></tr><tr nameref="radio-block-12" style="display: none;"><td class="setting-leftspace">&nbsp;</td><td class="setting-name">Modules</td><td class="setting-main"><div class="repeated-container"><div name="locations" class="repeated-chunk first last only"><table width="100%"><tbody><tr><td class="setting-leftspace">&nbsp;</td><td class="setting-name">Repository URL</td><td class="setting-main">
         
      
        
        <input checkdependson="" id="svn.remote.loc" checkurl="/job/viewed_job/descriptorByName/hudson.scm.SubversionSCM/checkRemote" name="_.remote" type="text" class="setting-input validated  " value=""></td><td class="setting-help"><a helpurl="/scm/SubversionSCM/url-help" href="#" class="help-button" tabindex="9999"><img src="/static/ebda7158/images/16x16/help.png" alt="Help for feature: Repository URL" style="width: 16px; height: 16px; " class="icon-help icon-sm"></a></td></tr><tr class="validation-error-area"><td colspan="2"></td><td><div class="error"><img src="/static/ebda7158/images/none.gif" height="16" width="1">Repository URL is required.</div></td><td></td></tr><tr class="help-area"><td></td><td colspan="2"><div class="help">Loading...</div></td><td></td></tr><tr><td class="setting-leftspace">&nbsp;</td><td class="setting-name">Local module directory (optional)</td><td class="setting-main">
         
      
        
        <input checkdependson="" checkurl="/job/viewed_job/descriptorByName/hudson.scm.SubversionSCM/checkLocal" name="_.local" type="text" class="setting-input validated  " value="."></td><td class="setting-help"><a helpurl="/descriptor/hudson.scm.SubversionSCM/help/local" href="#" class="help-button" tabindex="9999"><img src="/static/ebda7158/images/16x16/help.png" alt="Help for feature: Local module directory (optional)" style="width: 16px; height: 16px; " class="icon-help icon-sm"></a></td></tr><tr class="validation-error-area"><td colspan="2"></td><td><div></div></td><td></td></tr><tr class="help-area"><td></td><td colspan="2"><div class="help">Loading...</div></td><td></td></tr><tr><td class="setting-leftspace">&nbsp;</td><td class="setting-name">Repository depth</td><td class="setting-main"><select name="depthOption"><option value="infinity">infinity</option><option value="empty">empty</option><option value="files">files</option><option value="immediates">immediates</option><option value="unknown">as-it-is</option></select></td><td class="setting-help"><a helpurl="/descriptor/hudson.scm.SubversionSCM/help/depthOption" href="#" class="help-button" tabindex="9999"><img src="/static/ebda7158/images/16x16/help.png" alt="Help for feature: Repository depth" style="width: 16px; height: 16px; " class="icon-help icon-sm"></a></td></tr><tr class="validation-error-area"><td colspan="2"></td><td></td><td></td></tr><tr class="help-area"><td></td><td colspan="2"><div class="help">Loading...</div></td><td></td></tr><tr><td class="setting-leftspace">&nbsp;</td><td class="setting-name">Ignore externals</td><td class="setting-main"><input name="_.ignoreExternalsOption" type="checkbox" class=" "></td><td class="setting-help"><a helpurl="/descriptor/hudson.scm.SubversionSCM/help/ignoreExternalsOption" href="#" class="help-button" tabindex="9999"><img src="/static/ebda7158/images/16x16/help.png" alt="Help for feature: Ignore externals" style="width: 16px; height: 16px; " class="icon-help icon-sm"></a></td></tr><tr class="validation-error-area"><td colspan="2"></td><td></td><td></td></tr><tr class="help-area"><td></td><td colspan="2"><div class="help">Loading...</div></td><td></td></tr><tr><td class="setting-leftspace">&nbsp;</td><td class="setting-name"></td><td class="setting-main"><div align="right"><span class="yui-button yui-push-button repeatable-add show-if-last" id="yui-gen20"><span class="first-child"><button type="button" tabindex="0" id="yui-gen20-button">Add more locations...</button></span></span><span class="yui-button yui-push-button repeatable-delete show-if-not-only" id="yui-gen29"><span class="first-child"><button type="button" tabindex="0" id="yui-gen29-button">Delete</button></span></span></div></td><td class="setting-no-help"></td></tr><tr class="validation-error-area"><td colspan="2"></td><td></td><td></td></tr></tbody></table></div><div class="repeatable-insertion-point"></div></div></td><td class="setting-no-help"></td></tr><tr class="validation-error-area" nameref="radio-block-12" style="display: none;"><td colspan="2"></td><td></td><td></td></tr><tr nameref="radio-block-12" style="display: none;"><td class="setting-leftspace">&nbsp;</td><td class="setting-name">Check-out Strategy</td><td class="setting-main"><select class="setting-input dropdownList"><option value="0">Use 'svn update' as much as possible</option><option value="1">Always check out a fresh copy</option><option value="2">Emulate clean checkout by first deleting unversioned/ignored files, then 'svn update'</option><option value="3">Use 'svn update' as much as possible, with 'svn revert' before update</option></select></td><td class="setting-no-help"></td></tr><tr class="dropdownList-container" nameref="radio-block-12" style="display: none;"><td colspan="2"></td><td colspan="2"><table width="100%" name="workspaceUpdater"><tbody><tr class="dropdownList-start rowvg-start"></tr>
            
            <tr><td colspan="2"></td><td class="setting-description">Use 'svn update' whenever possible, making the build faster. But this causes the artifacts from the previous build to remain when a new build starts.</td><td></td></tr><tr style=""><td><input name="stapler-class" type="hidden" value="hudson.scm.subversion.UpdateUpdater"><input name="$class" type="hidden" value="hudson.scm.subversion.UpdateUpdater"></td></tr><tr class="dropdownList-end rowvg-end"></tr><tr class="dropdownList-start rowvg-start" field-disabled="true" style="display: none;"></tr><tr class="render-on-demand " proxy="makeStaplerProxy('/$stapler/bound/61334187-fbc5-44fe-b188-6414fb936f96','5e2a10a9-ca1f-465a-b045-b67e5d5c0165',['render'])" field-disabled="true" style="display: none;"></tr><tr style="display: none;" field-disabled="true"><td><input name="stapler-class" type="hidden" value="hudson.scm.subversion.CheckoutUpdater"><input name="$class" type="hidden" value="hudson.scm.subversion.CheckoutUpdater"></td></tr><tr class="dropdownList-end rowvg-end"></tr><tr class="dropdownList-start rowvg-start" field-disabled="true" style="display: none;"></tr><tr class="render-on-demand " proxy="makeStaplerProxy('/$stapler/bound/c7d58a3b-d0e6-43cd-a8ae-326d5f5f78fb','5e2a10a9-ca1f-465a-b045-b67e5d5c0165',['render'])" field-disabled="true" style="display: none;"></tr><tr style="display: none;" field-disabled="true"><td><input name="stapler-class" type="hidden" value="hudson.scm.subversion.UpdateWithCleanUpdater"><input name="$class" type="hidden" value="hudson.scm.subversion.UpdateWithCleanUpdater"></td></tr><tr class="dropdownList-end rowvg-end"></tr><tr class="dropdownList-start rowvg-start" field-disabled="true" style="display: none;"></tr><tr class="render-on-demand " proxy="makeStaplerProxy('/$stapler/bound/5477b43c-6cdd-4cd0-bc77-2782426a11d3','5e2a10a9-ca1f-465a-b045-b67e5d5c0165',['render'])" field-disabled="true" style="display: none;"></tr><tr style="display: none;" field-disabled="true"><td><input name="stapler-class" type="hidden" value="hudson.scm.subversion.UpdateWithRevertUpdater"><input name="$class" type="hidden" value="hudson.scm.subversion.UpdateWithRevertUpdater"></td></tr><tr class="dropdownList-end rowvg-end"></tr></tbody></table></td></tr><tr nameref="radio-block-12" style="display: none;"><td class="setting-leftspace">&nbsp;</td><td class="setting-name">Repository browser</td><td class="setting-main"><select class="setting-input dropdownList"><option value="auto">(Auto)</option><option value="0">Assembla</option><option value="1">CollabNet</option><option value="2">FishEye</option><option value="3">SVN::Web</option><option value="4">Sventon 1.x</option><option value="5">Sventon 2.x</option><option value="6">ViewSVN</option><option value="7">WebSVN</option></select></td><td class="setting-help"><a helpurl="/help/scm-browsers/list.html" href="#" class="help-button" tabindex="9999"><img src="/static/ebda7158/images/16x16/help.png" alt="Help for feature: Repository browser" style="width: 16px; height: 16px; " class="icon-help icon-sm"></a></td></tr><tr class="dropdownList-container" nameref="radio-block-12" style="display: none;"><td colspan="2"></td><td colspan="2"><table width="100%" name="svn.browser"><tbody><tr class="dropdownList-start rowvg-start"></tr><tr class="dropdownList-end rowvg-end"></tr><tr class="dropdownList-start rowvg-start" field-disabled="true" style="display: none;"></tr><tr class="render-on-demand " proxy="makeStaplerProxy('/$stapler/bound/c7e31347-7865-4261-b1d4-947a59fcecc3','5e2a10a9-ca1f-465a-b045-b67e5d5c0165',['render'])" field-disabled="true" style="display: none;"></tr><tr style="display: none;" field-disabled="true"><td><input name="stapler-class" type="hidden" value="hudson.scm.browsers.Assembla"><input name="$class" type="hidden" value="hudson.scm.browsers.Assembla"></td></tr><tr class="dropdownList-end rowvg-end"></tr><tr class="dropdownList-start rowvg-start" field-disabled="true" style="display: none;"></tr><tr class="render-on-demand " proxy="makeStaplerProxy('/$stapler/bound/d62f59dc-c4cd-458b-a31e-b7479889e449','5e2a10a9-ca1f-465a-b045-b67e5d5c0165',['render'])" field-disabled="true" style="display: none;"></tr><tr style="display: none;" field-disabled="true"><td><input name="stapler-class" type="hidden" value="hudson.scm.browsers.CollabNetSVN"><input name="$class" type="hidden" value="hudson.scm.browsers.CollabNetSVN"></td></tr><tr class="dropdownList-end rowvg-end"></tr><tr class="dropdownList-start rowvg-start" field-disabled="true" style="display: none;"></tr><tr class="render-on-demand " proxy="makeStaplerProxy('/$stapler/bound/fb1368eb-599a-484b-aecc-6ff9d919635f','5e2a10a9-ca1f-465a-b045-b67e5d5c0165',['render'])" field-disabled="true" style="display: none;"></tr><tr style="display: none;" field-disabled="true"><td><input name="stapler-class" type="hidden" value="hudson.scm.browsers.FishEyeSVN"><input name="$class" type="hidden" value="hudson.scm.browsers.FishEyeSVN"></td></tr><tr class="dropdownList-end rowvg-end"></tr><tr class="dropdownList-start rowvg-start" field-disabled="true" style="display: none;"></tr><tr class="render-on-demand " proxy="makeStaplerProxy('/$stapler/bound/0d59d3dd-2a7a-4f41-a958-adf450e05fe4','5e2a10a9-ca1f-465a-b045-b67e5d5c0165',['render'])" field-disabled="true" style="display: none;"></tr><tr style="display: none;" field-disabled="true"><td><input name="stapler-class" type="hidden" value="hudson.scm.browsers.SVNWeb"><input name="$class" type="hidden" value="hudson.scm.browsers.SVNWeb"></td></tr><tr class="dropdownList-end rowvg-end"></tr><tr class="dropdownList-start rowvg-start" field-disabled="true" style="display: none;"></tr><tr class="render-on-demand " proxy="makeStaplerProxy('/$stapler/bound/46ca6234-6b34-4265-b9f2-4e1e1ddd2154','5e2a10a9-ca1f-465a-b045-b67e5d5c0165',['render'])" field-disabled="true" style="display: none;"></tr><tr style="display: none;" field-disabled="true"><td><input name="stapler-class" type="hidden" value="hudson.scm.browsers.Sventon"><input name="$class" type="hidden" value="hudson.scm.browsers.Sventon"></td></tr><tr class="dropdownList-end rowvg-end"></tr><tr class="dropdownList-start rowvg-start" field-disabled="true" style="display: none;"></tr><tr class="render-on-demand " proxy="makeStaplerProxy('/$stapler/bound/632b393f-d697-4534-b2e3-a542c22e35dd','5e2a10a9-ca1f-465a-b045-b67e5d5c0165',['render'])" field-disabled="true" style="display: none;"></tr><tr style="display: none;" field-disabled="true"><td><input name="stapler-class" type="hidden" value="hudson.scm.browsers.Sventon2"><input name="$class" type="hidden" value="hudson.scm.browsers.Sventon2"></td></tr><tr class="dropdownList-end rowvg-end"></tr><tr class="dropdownList-start rowvg-start" field-disabled="true" style="display: none;"></tr><tr class="render-on-demand " proxy="makeStaplerProxy('/$stapler/bound/ac1124da-9dda-4033-bad3-d66518c7e2f5','5e2a10a9-ca1f-465a-b045-b67e5d5c0165',['render'])" field-disabled="true" style="display: none;"></tr><tr style="display: none;" field-disabled="true"><td><input name="stapler-class" type="hidden" value="hudson.scm.browsers.ViewSVN"><input name="$class" type="hidden" value="hudson.scm.browsers.ViewSVN"></td></tr><tr class="dropdownList-end rowvg-end"></tr><tr class="dropdownList-start rowvg-start" field-disabled="true" style="display: none;"></tr><tr class="render-on-demand " proxy="makeStaplerProxy('/$stapler/bound/6de3d0dc-b28a-42ce-afe1-a8329ac525eb','5e2a10a9-ca1f-465a-b045-b67e5d5c0165',['render'])" field-disabled="true" style="display: none;"></tr><tr style="display: none;" field-disabled="true"><td><input name="stapler-class" type="hidden" value="hudson.scm.browsers.WebSVN"><input name="$class" type="hidden" value="hudson.scm.browsers.WebSVN"></td></tr><tr class="dropdownList-end rowvg-end"></tr></tbody></table></td></tr><tr class="help-area" nameref="radio-block-12" style="display: none;"><td></td><td colspan="2"><div class="help">Loading...</div></td><td></td></tr><tr nameref="radio-block-12" style="display: none;"><td></td><td></td><td><div style="" class="advancedLink"><span style="display: none" id="id25"><img src="/static/ebda7158/images/24x24/notepad.png" tooltip="One or more fields in this block have been edited." style="width: 24px; height: 24px; vertical-align: baseline" class="icon-notepad icon-md" title="One or more fields in this block have been edited."></span>&nbsp;<span class="yui-button yui-push-button advanced-button advancedButton" id="yui-gen10"><span class="first-child"><button type="button" tabindex="0" id="yui-gen10-button">Advanced...</button></span></span></div><table class="advancedBody"><tbody><tr><td class="setting-leftspace">&nbsp;</td><td class="setting-name">Ignore Property Changes on directories</td><td class="setting-main"><input name="_.ignoreDirPropChanges" type="checkbox" class=" "></td><td class="setting-help"><a helpurl="/descriptor/hudson.scm.SubversionSCM/help/ignoreDirPropChanges" href="#" class="help-button" tabindex="9999"><img src="/static/ebda7158/images/16x16/help.png" alt="Help for feature: Ignore Property Changes on directories" style="width: 16px; height: 16px; " class="icon-help icon-sm"></a></td></tr><tr class="validation-error-area"><td colspan="2"></td><td></td><td></td></tr><tr class="help-area"><td></td><td colspan="2"><div class="help">Loading...</div></td><td></td></tr><tr><td class="setting-leftspace">&nbsp;</td><td class="setting-name">Excluded Regions</td><td class="setting-main"><textarea checkdependson="" name="_.excludedRegions" rows="5" class="setting-input validated  " checkurl="/job/viewed_job/descriptorByName/hudson.scm.SubversionSCM/checkExcludedRegions"></textarea><div class="textarea-handle"></div></td><td class="setting-help"><a helpurl="/descriptor/hudson.scm.SubversionSCM/help/excludedRegions" href="#" class="help-button" tabindex="9999"><img src="/static/ebda7158/images/16x16/help.png" alt="Help for feature: Excluded Regions" style="width: 16px; height: 16px; " class="icon-help icon-sm"></a></td></tr><tr class="validation-error-area"><td colspan="2"></td><td><div></div></td><td></td></tr><tr class="help-area"><td></td><td colspan="2"><div class="help">Loading...</div></td><td></td></tr><tr><td class="setting-leftspace">&nbsp;</td><td class="setting-name">Included Regions</td><td class="setting-main"><textarea checkdependson="" name="_.includedRegions" rows="5" class="setting-input validated  " checkurl="/job/viewed_job/descriptorByName/hudson.scm.SubversionSCM/checkIncludedRegions"></textarea><div class="textarea-handle"></div></td><td class="setting-help"><a helpurl="/descriptor/hudson.scm.SubversionSCM/help/includedRegions" href="#" class="help-button" tabindex="9999"><img src="/static/ebda7158/images/16x16/help.png" alt="Help for feature: Included Regions" style="width: 16px; height: 16px; " class="icon-help icon-sm"></a></td></tr><tr class="validation-error-area"><td colspan="2"></td><td><a href="" onclick="document.getElementById('valerr32').style.display='block';return false">ERROR</a><div id="valerr32" style="display:none"></div></td><td></td></tr><tr class="help-area"><td></td><td colspan="2"><div class="help">Loading...</div></td><td></td></tr><tr><td class="setting-leftspace">&nbsp;</td><td class="setting-name">Excluded Users</td><td class="setting-main"><textarea checkdependson="" name="_.excludedUsers" rows="5" class="setting-input validated  " checkurl="/job/viewed_job/descriptorByName/hudson.scm.SubversionSCM/checkExcludedUsers"></textarea><div class="textarea-handle"></div></td><td class="setting-help"><a helpurl="/descriptor/hudson.scm.SubversionSCM/help/excludedUsers" href="#" class="help-button" tabindex="9999"><img src="/static/ebda7158/images/16x16/help.png" alt="Help for feature: Excluded Users" style="width: 16px; height: 16px; " class="icon-help icon-sm"></a></td></tr><tr class="validation-error-area"><td colspan="2"></td><td></td><td></td></tr><tr class="help-area"><td></td><td colspan="2"><div class="help">Loading...</div></td><td></td></tr><tr><td class="setting-leftspace">&nbsp;</td><td class="setting-name">Excluded Commit Messages</td><td class="setting-main"><textarea checkdependson="" name="_.excludedCommitMessages" rows="5" class="setting-input validated  " checkurl="/job/viewed_job/descriptorByName/hudson.scm.SubversionSCM/checkExcludedCommitMessages"></textarea><div class="textarea-handle"></div></td><td class="setting-help"><a helpurl="/descriptor/hudson.scm.SubversionSCM/help/excludedCommitMessages" href="#" class="help-button" tabindex="9999"><img src="/static/ebda7158/images/16x16/help.png" alt="Help for feature: Excluded Commit Messages" style="width: 16px; height: 16px; " class="icon-help icon-sm"></a></td></tr><tr class="validation-error-area"><td colspan="2"></td><td></td><td></td></tr><tr class="help-area"><td></td><td colspan="2"><div class="help">Loading...</div></td><td></td></tr><tr><td class="setting-leftspace">&nbsp;</td><td class="setting-name">Exclusion revprop name</td><td class="setting-main">
         
      
        
        <input checkurl="'descriptorByName/hudson.scm.SubversionSCM/checkRevisionPropertiesSupported?value='+toValue(document.getElementById('svn.remote.loc'))" name="_.excludedRevprop" type="text" class="setting-input validated  " value=""></td><td class="setting-help"><a helpurl="/descriptor/hudson.scm.SubversionSCM/help/excludedRevprop" href="#" class="help-button" tabindex="9999"><img src="/static/ebda7158/images/16x16/help.png" alt="Help for feature: Exclusion revprop name" style="width: 16px; height: 16px; " class="icon-help icon-sm"></a></td></tr><tr class="validation-error-area"><td colspan="2"></td><td><div></div></td><td></td></tr><tr class="help-area"><td></td><td colspan="2"><div class="help">Loading...</div></td><td></td></tr><tr><td class="setting-leftspace">&nbsp;</td><td class="setting-name">Filter changelog</td><td class="setting-main"><input name="_.filterChangelog" type="checkbox" class=" "></td><td class="setting-help"><a helpurl="/descriptor/hudson.scm.SubversionSCM/help/filterChangelog" href="#" class="help-button" tabindex="9999"><img src="/static/ebda7158/images/16x16/help.png" alt="Help for feature: Filter changelog" style="width: 16px; height: 16px; " class="icon-help icon-sm"></a></td></tr><tr class="validation-error-area"><td colspan="2"></td><td></td><td></td></tr><tr class="help-area"><td></td><td colspan="2"><div class="help">Loading...</div></td><td></td></tr></tbody></table></td><td></td></tr><tr style="display:none" class="row-set-end radio-block-end"></tr><tr><td colspan="4"><div class="section-header"><a id="section6" class="section-anchor">#</a>Build Triggers</div></td></tr><tr class="optional-block-start row-set-start" hashelp="true" ref="cb27"><td colspan="3"><input onclick="javascript:updateOptionalBlock(this,true)" name="jenkins-triggers-ReverseBuildTrigger" type="checkbox" class=" " id="cb27" path="/jenkins-triggers-ReverseBuildTrigger"><label class="attach-previous">Build after other projects are built</label></td><td class="setting-help"><a helpurl="/descriptor/jenkins.triggers.ReverseBuildTrigger/help" href="#" class="help-button" tabindex="9999"><img src="/static/ebda7158/images/16x16/help.png" alt="Help for feature: Build after other projects are built" style="width: 16px; height: 16px; " class="icon-help icon-sm"></a></td></tr><tr class="help-area" nameref="cb27"><td></td><td colspan="2"><div class="help">Loading...</div></td><td></td></tr><tr class="rowvg-start" nameref="cb27" style="display: none;"></tr><tr nameref="cb27" style="display: none;"><td class="setting-leftspace">&nbsp;</td><td class="setting-name">Projects to watch</td><td class="setting-main">
         
      
        
        <input checkdependson="" autocompleteurl="/job/viewed_job/descriptorByName/jenkins.triggers.ReverseBuildTrigger/autoCompleteUpstreamProjects" checkurl="/job/viewed_job/descriptorByName/jenkins.triggers.ReverseBuildTrigger/checkUpstreamProjects" autocompletedelimchar="," name="_.upstreamProjects" type="text" class="setting-input validated auto-complete  yui-ac-input" value="" autocomplete="off" style="position: relative;"><div class="yui-ac-container"><div class="yui-ac-content" style="display: none;"><div class="yui-ac-hd" style="display: none;"></div><div class="yui-ac-bd"><ul><li style="display: none;"></li><li style="display: none;"></li><li style="display: none;"></li><li style="display: none;"></li><li style="display: none;"></li><li style="display: none;"></li><li style="display: none;"></li><li style="display: none;"></li><li style="display: none;"></li><li style="display: none;"></li></ul></div><div class="yui-ac-ft" style="display: none;"></div></div></div></td><td class="setting-no-help"></td></tr><tr class="validation-error-area" nameref="cb27" style="display: none;"><td colspan="2"></td><td><div class="error"><img src="/static/ebda7158/images/none.gif" height="16" width="1">No project specified</div></td><td></td></tr><tr nameref="cb27" style="display: none;"><td class="setting-leftspace">&nbsp;</td><td class="setting-name"></td><td class="setting-main"><input name="ReverseBuildTrigger.threshold" checked="true" type="radio" value="SUCCESS"><label class="attach-previous">Trigger only if build is stable</label></td><td class="setting-no-help"></td></tr><tr class="validation-error-area" nameref="cb27" style="display: none;"><td colspan="2"></td><td></td><td></td></tr><tr nameref="cb27" style="display: none;"><td class="setting-leftspace">&nbsp;</td><td class="setting-name"></td><td class="setting-main"><input name="ReverseBuildTrigger.threshold" type="radio" value="UNSTABLE"><label class="attach-previous">Trigger even if the build is unstable</label></td><td class="setting-no-help"></td></tr><tr class="validation-error-area" nameref="cb27" style="display: none;"><td colspan="2"></td><td></td><td></td></tr><tr nameref="cb27" style="display: none;"><td class="setting-leftspace">&nbsp;</td><td class="setting-name"></td><td class="setting-main"><input name="ReverseBuildTrigger.threshold" type="radio" value="FAILURE"><label class="attach-previous">Trigger even if the build fails</label></td><td class="setting-no-help"></td></tr><tr class="validation-error-area" nameref="cb27" style="display: none;"><td colspan="2"></td><td></td><td></td></tr><tr class="row-set-end rowvg-end optional-block-end"></tr><tr class="optional-block-start row-set-start" hashelp="true" ref="cb28"><td colspan="3"><input onclick="javascript:updateOptionalBlock(this,true)" name="hudson-triggers-TimerTrigger" type="checkbox" class=" " id="cb28" path="/hudson-triggers-TimerTrigger"><label class="attach-previous">Build periodically</label></td><td class="setting-help"><a helpurl="/descriptor/hudson.triggers.TimerTrigger/help" href="#" class="help-button" tabindex="9999"><img src="/static/ebda7158/images/16x16/help.png" alt="Help for feature: Build periodically" style="width: 16px; height: 16px; " class="icon-help icon-sm"></a></td></tr><tr class="help-area" nameref="cb28"><td></td><td colspan="2"><div class="help">Loading...</div></td><td></td></tr><tr class="rowvg-start" nameref="cb28" style="display: none;"></tr><tr nameref="cb28" style="display: none;"><td class="setting-leftspace">&nbsp;</td><td class="setting-name">Schedule</td><td class="setting-main"><textarea checkdependson="" name="_.spec" rows="5" class="setting-input validated  " checkurl="/job/viewed_job/descriptorByName/hudson.triggers.TimerTrigger/checkSpec"></textarea><div class="textarea-handle"></div></td><td class="setting-help"><a helpurl="/descriptor/hudson.triggers.TimerTrigger/help/spec" href="#" class="help-button" tabindex="9999"><img src="/static/ebda7158/images/16x16/help.png" alt="Help for feature: Schedule" style="width: 16px; height: 16px; " class="icon-help icon-sm"></a></td></tr><tr class="validation-error-area" nameref="cb28" style="display: none;"><td colspan="2"></td><td></td><td></td></tr><tr class="help-area" nameref="cb28" style="display: none;"><td></td><td colspan="2"><div class="help">Loading...</div></td><td></td></tr><tr class="row-set-end rowvg-end optional-block-end"></tr><tr class="optional-block-start row-set-start" hashelp="true" ref="cb29"><td colspan="3"><input onclick="javascript:updateOptionalBlock(this,true)" name="hudson-triggers-SCMTrigger" type="checkbox" class=" " id="cb29" path="/hudson-triggers-SCMTrigger"><label class="attach-previous">Poll SCM</label></td><td class="setting-help"><a helpurl="/descriptor/hudson.triggers.SCMTrigger/help" href="#" class="help-button" tabindex="9999"><img src="/static/ebda7158/images/16x16/help.png" alt="Help for feature: Poll SCM" style="width: 16px; height: 16px; " class="icon-help icon-sm"></a></td></tr><tr class="help-area" nameref="cb29"><td></td><td colspan="2"><div class="help">Loading...</div></td><td></td></tr><tr class="rowvg-start" nameref="cb29" style="display: none;"></tr><tr nameref="cb29" style="display: none;"><td class="setting-leftspace">&nbsp;</td><td class="setting-name">Schedule</td><td class="setting-main"><textarea name="scmpoll_spec" rows="5" class="setting-input validated  " checkurl="'/trigger/TimerTrigger/check?value='+encodeURIComponent(this.value)"></textarea><div class="textarea-handle"></div></td><td class="setting-help"><a helpurl="/descriptor/hudson.triggers.TimerTrigger/help/spec" href="#" class="help-button" tabindex="9999"><img src="/static/ebda7158/images/16x16/help.png" alt="Help for feature: Schedule" style="width: 16px; height: 16px; " class="icon-help icon-sm"></a></td></tr><tr class="validation-error-area" nameref="cb29" style="display: none;"><td colspan="2"></td><td></td><td></td></tr><tr class="help-area" nameref="cb29" style="display: none;"><td></td><td colspan="2"><div class="help">Loading...</div></td><td></td></tr><tr nameref="cb29" style="display: none;"><td class="setting-leftspace">&nbsp;</td><td class="setting-name">Ignore post-commit hooks</td><td class="setting-main"><input name="_.ignorePostCommitHooks" type="checkbox" class=" "></td><td class="setting-help"><a helpurl="/descriptor/hudson.triggers.SCMTrigger/help/ignorePostCommitHooks" href="#" class="help-button" tabindex="9999"><img src="/static/ebda7158/images/16x16/help.png" alt="Help for feature: Ignore post-commit hooks" style="width: 16px; height: 16px; " class="icon-help icon-sm"></a></td></tr><tr class="validation-error-area" nameref="cb29" style="display: none;"><td colspan="2"></td><td></td><td></td></tr><tr class="help-area" nameref="cb29" style="display: none;"><td></td><td colspan="2"><div class="help">Loading...</div></td><td></td></tr><tr class="row-set-end rowvg-end optional-block-end"></tr><tr><td colspan="4"><div class="section-header"><a id="section7" class="section-anchor">#</a>Build</div></td></tr><tr><td colspan="4"><div class="hetero-list-container with-drag-drop  "><div class="repeatable-insertion-point"></div><div><span class="yui-button yui-menu-button" id="yui-gen3"><span class="first-child"><button type="button" tabindex="0" id="yui-gen3-button" class="hetero-list-add" suffix="builder" path="/hetero-list-add[builder]">Add build step</button></span></span></div></div></td></tr><tr><td colspan="4"><div class="section-header"><a id="section8" class="section-anchor">#</a>Post-build Actions</div></td></tr><tr><td colspan="4"><div class="hetero-list-container with-drag-drop one-each honor-order"><div class="repeatable-insertion-point"></div><div><span class="yui-button yui-menu-button" id="yui-gen5"><span class="first-child"><button type="button" tabindex="0" id="yui-gen5-button" class="hetero-list-add" suffix="publisher" path="/hetero-list-add[publisher]">Add post-build action</button></span></span></div></div></td></tr><tr><td colspan="4"><div style="height: 74px;"></div><div id="bottom-sticker" style="position: fixed; bottom: 0px; left: 338px;"><div class="bottom-sticker-edge"></div><div class="bottom-sticker-inner"><span class="yui-button yui-submit-button submit-button primary" id="yui-gen30" name="Submit" path="/Submit"><span class="first-child"><button type="button" tabindex="0" id="yui-gen30-button">Save</button></span></span><script src="/adjuncts/ebda7158/lib/form/apply/apply.js" type="text/javascript"></script><input type="hidden" name="core:apply" value="" path="/core:apply"><span class="yui-button yui-push-button apply-button applyButton" id="yui-gen11" name="Apply" path="/Apply"><span class="first-child"><button type="button" tabindex="0" id="yui-gen11-button" path="/Apply/apply-button">Apply</button></span></span></div></div></td></tr></tbody></table><div><input type="hidden" name="json" value="init"></div></form><script src="/adjuncts/ebda7158/lib/form/confirm.js" type="text/javascript"></script></div></div><footer><div class="container-fluid"><div class="row"><div class="col-md-6" id="footer"><div id="l10n-footer" style="display: block; float: left;"><a href="#" onclick="return showTranslationDialog();"><img src="/static/ebda7158/plugin/translation/flags.png">
            Help us localize this page
          </a></div></div><div class="col-md-18"><span class="page_generated">Page generated: Oct 16, 2015 7:07:45 PM</span><span class="rest_api"><a href="api/">REST API</a></span><span class="jenkins_ver"><a href="http://jenkins-ci.org/">Jenkins ver. 1.630</a></span><div id="l10n-dialog" class="dialog"></div><script>var footer = document.getElementById('l10n-footer');
          var f = document.getElementById('footer');
          f.insertBefore(footer,f.firstChild);
          footer.style.display="block";
      
          var translation={}; 
          translation.bundles = "VbYSOd18EkDGkEsH/9M74Sw9RE7sdFhRIpCrHOvbFZZGxQ6fGFVH11tbKnTjtBHq2J8hbfCcjuvYvZVFl+fN12qPO8bigaocu84a2mjt08MfhGJJvMfhEqxqrAd9QzMeHto5BWvP/Fg6WPSjlZK3+EA2P7yLr8rR13MMX17T2MfPHe6sv9e/C5G0M0m3Q1vzP8ckqcTgYdeer/Cz93lFCHyfNgTitMRJHRHmgPUZ8wVvgXnvXKYNWWYfTsoWOgeLPYLXESd5JAIgd3mJc1DAn8fSWNt3pNfX0f52HqVUvhR3Qh0KO37XE0KieHhKQJ7IKehWbAWen/cP7NB5V/IWKONpCAYycdwIZYH8K5K8v2Ia7zfOjNhVAKXQQ4v30xGjqa+TYHj2+xyjQzbe9HPagiVsBUW7n1cs3ujsWi27TkGqTvHIXZmMAL041D6vpmg+Xl5/d6ILFB01iJGYRU9c6A4XmNAA+Q1PyU1uWdy8HoXkuc32ziF77Mryms7ju2KR31VNWMddqUiRyTczKaQt7mJZ2yvWtNGLQMgYvmuAbwiO0MlOjsmcz0OUnaWfqB1uw6ycJOWD6teN11YCPTqOI5U1MUk83rJ3DVVZJI6qSjCZJOuwTQfjtplYpSm8Epc7GuvsDzMlsFRX/IQ9TV5xIt2S1jrtSKvzzIH1CY/AfKLhu0CSOfmfGvxh3pNmrkC6Eovd4Jx9U5I1gtJR5T64/eWFyXx/CCy9oawIy/lznT2magQ8mIaj2WYktxIkOqP6uThOVmJQTjxtnokXIz3UlYRQHRNcrTeorN07+mCgX29hbFF/FicgeZz/iHOupveoAWJZP0cJrxhh7K/7wzBkkeg+OSaJxxbfcOLbeqnvTvb5cn88hzVOSONq+2szfLmPO7vetoTf9lidu+cRDIyLnowLNx4+KpnQ1VQtEA2LZlg//T9WUYjDKn3sssU33phAElcwWvyTQuI1n5Kr8QB6pkPa8CmOxtphXlYabMmiaFcSKod1KC5AvFmg5vT1XzLYoXe5XmM+8cKh0+uSco1dHtN/cLnuFek4VgJd08Y5CGDBuclEr5917hQrParYpQiMKrNQC8aLiS3LlZBWAhTkHHM9dIYiLgvkG+JEGe8EzgF2EEv5PIVqsTwmq4VyKZho2gruXmYXNZvksWVUyHXONNeqIHTC+dUkTjQ144L8DFy9OjMSJtb0gpmRgEwXCsezmos7KupYbnBUjp90Xxhqacfjy8KWT7vWck/9G4ZZVfr7fOUyl9ql3DZtG7Xfi212mmFHu4DF3k5H8m50YikvwUzgR8u6jpg7aJsMgsZtMFHUgRr4BucAwGW3oKIcw74TZw+OJBdtW9xnv1yTEJ7mVddb4D/sVp+6y2Fl+/pXVWY4wpBFglV72Xlf41dDnMHI67PH3+r5gKDiRROhIgEAy42GZYigmo060rNPNv7Nz6UfElNbidGzlEFXmaStBEO7Zcvt5nm+6eXRAlNw07qnBNDxEtZPswdqG/7K8pqjpzhE61gpNayV6Dtvm7g7rbC/Jnx01A8lIbK8OVqmDfvX8gubvrGEEHb+NGDfWv4UI+vRL0ov0Bt68DFGnVE8LrVz7LSavAG6EuJXJWWmVjp5SZ6y9bdvA8Go/ppT4stBt6BGM1wr8A8iis4v+xeh4ptzRwkEbSUbu0IlFJQsDhRa1CIoXQwc3p+eH1R/sDD/IwpZ1Jcrze6+BogWHXq7dFCCiznPjvDXsMVEMZjEPA1b14IDEI9msgxt5Rhc987Ug+jr9LnVyMMcaJvXRAU3+TzClsUdd50RicRLyJDHTyPoQcij3hE9Xd3ds4FwDO7U8lZd6/IEFQoZEvRkHBS9cxTFPmojcBSsM/S0tAnaVvpo2KlDZMmYRQMoBjz4z8Pw5Opz91zlHsOjwZyoZq6DNb2cu4/Z8PULsLft/n+81R0jHZ9iykuon5tXxNWpYNNMhEC7XWerjlUfKfoy+N9mX/JS3yH6wNvxhZ/s6nNZVIw1CmYcOq9kjCigL4suzf5cZ0HmoH5xOkVq6QFAFTNT3wapzzp7LpQTXw9wCZBsevCqlDyUXALmg2QGclzqOJbfcZVk4l8H6e4+YViy2KH4zKJlXRWCuIA7EnggYH4fPCY6ii0jzlbMKHChMyDEze7mO1rE88vAvnqWxM6XHEcnp9bGDoXGzbgDVjIaAByh9JGDR3HgrPkvIKvkjXpSHfqmLt/rL73Zda+z0xKQPkVFuJYP+Ex+rOheJk83EPmsR+wq5YJNr+IC5C7YRaIfFSruIuFsbCwmHLIJzy8QFMPBuNOpkX1uqhgqi9oqWIK9sAv3YYmSWghm5TSWeimHx4H//WSVSX0N0gBkaVURdbTrxzy9Qa9F42i2vCJ0CysIU8aBGSrHHP6afcW8py75BydJoLaq/Dkb4XR3kd6d719+5k/J9Qec7S08Z+0xpBdhzoQTU504hSXuK3trUjceqiEXr40=";
          translation.detectedLocale = "";
      
          function showTranslationDialog() {
            if(!translation.launchDialog)
              loadScript("/static/ebda7158/plugin/translation/dialog.js");
            else
              translation.launchDialog();
            return false; 
          }</script><script src="/static/ebda7158/plugin/form-element-path/script.js"></script></div></div></div></footer></body></html>
      For documentation on this error, please visit: http://seleniumhq.org/exceptions/no_such_element.html
      Build info: version: '2.47.1', revision: 'unknown', time: '2015-07-30 11:02:44'
      System info: host: 'MacBook-Pro-2.home', ip: '192.168.1.6', os.name: 'Mac OS X', os.arch: 'x86_64', os.version: '10.10.5', java.version: '1.8.0_60'
      Driver info: driver.version: unknown
      	at org.jenkinsci.test.acceptance.po.CapybaraPortingLayerImpl.find(CapybaraPortingLayerImpl.java:204)
      	at org.jenkinsci.test.acceptance.steps.ViewSteps.I_build_in_view(ViewSteps.java:17)
      	at ✽.And I build "viewed_job" in view(freestyle_build.feature:74)
      Caused by: org.openqa.selenium.NoSuchElementException: {"errorMessage":"Unable to find element with xpath '//a[contains(@href, '/viewed_job/build?')]/img[contains(@title, 'Schedule a build')]'","request":{"headers":{"Accept-Encoding":"gzip,deflate","Connection":"Keep-Alive","Content-Length":"112","Content-Type":"application/json; charset=utf-8","Host":"localhost:6730","User-Agent":"Apache-HttpClient/4.3.3 (java 1.5)"},"httpVersion":"1.1","method":"POST","post":"{\"using\":\"xpath\",\"value\":\"//a[contains(@href, '/viewed_job/build?')]/img[contains(@title, 'Schedule a build')]\"}","url":"/element","urlParsed":{"anchor":"","query":"","file":"element","directory":"/","path":"/element","relative":"/element","port":"","host":"","password":"","user":"","userInfo":"","authority":"","protocol":"","source":"/element","queryKey":{},"chunks":["element"]},"urlOriginal":"/session/b32dccb0-745a-11e5-9348-fbc8f823f843/element"}}
      Command duration or timeout: 1.32 seconds
      For documentation on this error, please visit: http://seleniumhq.org/exceptions/no_such_element.html
      Build info: version: '2.47.1', revision: 'unknown', time: '2015-07-30 11:02:44'
      System info: host: 'MacBook-Pro-2.home', ip: '192.168.1.6', os.name: 'Mac OS X', os.arch: 'x86_64', os.version: '10.10.5', java.version: '1.8.0_60'
      Driver info: org.openqa.selenium.phantomjs.PhantomJSDriver
      Capabilities [{applicationCacheEnabled=false, rotatable=false, handlesAlerts=false, databaseEnabled=false, version=2.0.0, platform=OS X 10.9, browserConnectionEnabled=false, proxy={proxyType=direct}, nativeEvents=true, acceptSslCerts=false, driverVersion=1.2.0, locationContextEnabled=false, webStorageEnabled=false, browserName=phantomjs, takesScreenshot=true, driverName=ghostdriver, javascriptEnabled=true, cssSelectorsEnabled=true, phantomjs.page.customHeaders.Accept-Language=en}]
      Session ID: b32dccb0-745a-11e5-9348-fbc8f823f843
      *** Element info: {Using=xpath, value=//a[contains(@href, '/viewed_job/build?')]/img[contains(@title, 'Schedule a build')]}
      	at sun.reflect.NativeConstructorAccessorImpl.newInstance0(Native Method)
      	at sun.reflect.NativeConstructorAccessorImpl.newInstance(NativeConstructorAccessorImpl.java:62)
      	at sun.reflect.DelegatingConstructorAccessorImpl.newInstance(DelegatingConstructorAccessorImpl.java:45)
      	at java.lang.reflect.Constructor.newInstance(Constructor.java:422)
      	at org.openqa.selenium.remote.ErrorHandler.createThrowable(ErrorHandler.java:206)
      	at org.openqa.selenium.remote.ErrorHandler.throwIfResponseFailed(ErrorHandler.java:158)
      	at org.openqa.selenium.remote.RemoteWebDriver.master51590|Oct 16, 2015 7:08:14 PM hudson.model.UpdateSite updateData
master51590|INFO: Obtained the latest update center data file for UpdateSource default
master51590|Oct 16, 2015 7:08:14 PM hudson.model.DownloadService$Downloadable load
master51590|INFO: Obtained the updated data file for hudson.tasks.Maven.MavenInstaller
master51590|Oct 16, 2015 7:08:15 PM hudson.model.DownloadService$Downloadable load
master51590|INFO: Obtained the updated data file for hudson.tasks.Ant.AntInstaller
master51590|Oct 16, 2015 7:08:15 PM hudson.model.DownloadService$Downloadable load
master51590|INFO: Obtained the updated data file for hudson.tools.JDKInstaller
master51590|Oct 16, 2015 7:08:15 PM hudson.model.AsyncPeriodicWork$1 run
master51590|INFO: Finished Download metadata. 2,776 ms
]]></system-out>
    <system-err><![CDATA[Oct 16, 2015 7:07:48 PM org.jenkinsci.test.acceptance.controller.LocalController startNow
INFO: Waiting for Jenkins to become running in http://127.0.0.1:51590/
Oct 16, 2015 7:08:13 PM org.jenkinsci.test.acceptance.controller.LocalController startNow
INFO: Jenkins is running in http://127.0.0.1:51590/
Oct 16, 2015 7:08:13 PM org.openqa.selenium.phantomjs.PhantomJSDriverService <init>
INFO: executable: /usr/local/bin/phantomjs
Oct 16, 2015 7:08:13 PM org.openqa.selenium.phantomjs.PhantomJSDriverService <init>
INFO: port: 15782
Oct 16, 2015 7:08:13 PM org.openqa.selenium.phantomjs.PhantomJSDriverService <init>
INFO: arguments: [--webdriver=15782, --webdriver-logfile=/Users/abduljewel/Documents/c/spiderqa/sample-test-projects/acceptance-test-harness/phantomjsdriver.log]
Oct 16, 2015 7:08:13 PM org.openqa.selenium.phantomjs.PhantomJSDriverService <init>
INFO: environment: {}
[INFO  - 2015-10-16T23:08:13.665Z] GhostDriver - Main - running on port 15782
[INFO  - 2015-10-16T23:08:13.921Z] Session [c6ff31c0-745a-11e5-9daf-a9639b304656] - page.settings - {"XSSAuditingEnabled":false,"javascriptCanCloseWindows":true,"javascriptCanOpenWindows":true,"javascriptEnabled":true,"loadImages":true,"localToRemoteUrlAccessEnabled":false,"userAgent":"Mozilla/5.0 (Macintosh; Intel Mac OS X) AppleWebKit/538.1 (KHTML, like Gecko) PhantomJS/2.0.0 Safari/538.1","webSecurityEnabled":true}
[INFO  - 2015-10-16T23:08:13.922Z] Session [c6ff31c0-745a-11e5-9daf-a9639b304656] - page.customHeaders:  - {"Accept-Language":"en"}
[INFO  - 2015-10-16T23:08:13.922Z] Session [c6ff31c0-745a-11e5-9daf-a9639b304656] - Session.negotiatedCapabilities - {"browserName":"phantomjs","version":"2.0.0","driverName":"ghostdriver","driverVersion":"1.2.0","platform":"mac-10.9 (Mavericks)-64bit","javascriptEnabled":true,"takesScreenshot":true,"handlesAlerts":false,"databaseEnabled":false,"locationContextEnabled":false,"applicationCacheEnabled":false,"browserConnectionEnabled":false,"cssSelectorsEnabled":true,"webStorageEnabled":false,"rotatable":false,"acceptSslCerts":false,"nativeEvents":true,"proxy":{"proxyType":"direct"},"phantomjs.page.customHeaders.Accept-Language":"en"}
[INFO  - 2015-10-16T23:08:13.922Z] SessionManagerReqHand - _postNewSessionCommand - New Session Created: c6ff31c0-745a-11e5-9daf-a9639b304656
]]></system-err>
  </testcase>
  <testcase name="Test mechanism" classname="Test mechanism" time="0.001">
    <error type="java.lang.NullPointerException:">java.lang.NullPointerException: null
	at org.junit.runner.Description.createSuiteDescription(Description.java:123)
	at ru.yandex.qatools.allure.junit.AllureRunListener.getSuiteUid(AllureRunListener.java:110)
	at ru.yandex.qatools.allure.junit.AllureRunListener.testStarted(AllureRunListener.java:50)
	at org.junit.runner.notification.RunNotifier$3.notifyListener(RunNotifier.java:115)
	at org.junit.runner.notification.RunNotifier$SafeNotifier.run(RunNotifier.java:61)
	at org.junit.runner.notification.RunNotifier.fireTestStarted(RunNotifier.java:112)
	at org.junit.internal.runners.model.EachTestNotifier.fireTestStarted(EachTestNotifier.java:43)
	at cucumber.runtime.junit.JUnitReporter.result(JUnitReporter.java:83)
	at cucumber.runtime.Runtime.runStep(Runtime.java:299)
	at cucumber.runtime.model.StepContainer.runStep(StepContainer.java:44)
	at cucumber.runtime.model.StepContainer.runSteps(StepContainer.java:39)
	at cucumber.runtime.model.CucumberScenario.run(CucumberScenario.java:40)
	at cucumber.runtime.junit.ExecutionUnitRunner.run(ExecutionUnitRunner.java:83)
	at cucumber.runtime.junit.FeatureRunner.runChild(FeatureRunner.java:63)
	at cucumber.runtime.junit.FeatureRunner.runChild(FeatureRunner.java:18)
	at org.junit.runners.ParentRunner$3.run(ParentRunner.java:238)
	at org.junit.runners.ParentRunner$1.schedule(ParentRunner.java:63)
	at org.junit.runners.ParentRunner.runChildren(ParentRunner.java:236)
	at org.junit.runners.ParentRunner.access$000(ParentRunner.java:53)
	at org.junit.runners.ParentRunner$2.evaluate(ParentRunner.java:229)
	at org.junit.runners.ParentRunner.run(ParentRunner.java:309)
	at cucumber.runtime.junit.FeatureRunner.run(FeatureRunner.java:70)
	at cucumber.api.junit.Cucumber.runChild(Cucumber.java:82)
	at cucumber.api.junit.Cucumber.runChild(Cucumber.java:41)
	at org.junit.runners.ParentRunner$3.run(ParentRunner.java:238)
	at org.junit.runners.ParentRunner$1.schedule(ParentRunner.java:63)
	at org.junit.runners.ParentRunner.runChildren(ParentRunner.java:236)
	at org.junit.runners.ParentRunner.access$000(ParentRunner.java:53)
	at org.junit.runners.ParentRunner$2.evaluate(ParentRunner.java:229)
	at org.junit.runners.ParentRunner.run(ParentRunner.java:309)
	at cucumber.api.junit.Cucumber.run(Cucumber.java:87)
	at org.apache.maven.surefire.junit4.JUnit4Provider.execute(JUnit4Provider.java:264)
	at org.apache.maven.surefire.junit4.JUnit4Provider.executeTestSet(JUnit4Provider.java:153)
	at org.apache.maven.surefire.junit4.JUnit4Provider.invoke(JUnit4Provider.java:124)
	at org.apache.maven.surefire.booter.ForkedBooter.invokeProviderInSameClassLoader(ForkedBooter.java:200)
	at org.apache.maven.surefire.booter.ForkedBooter.runSuitesInProcess(ForkedBooter.java:153)
	at org.apache.maven.surefire.booter.ForkedBooter.main(ForkedBooter.java:103)
</error>
    <system-out><![CDATA[testCaseResult=ru.yandex.qatools.allure.model.TestCaseResult@5b3b13fb[
  name=findJobThroughRegexp
  title=<null>
  description=<null>
  failure=<null>
  start=1445036595579
  stop=1445036616110
  status=PASSED
  severity=<null>
  steps=[]
  attachments=[]
  labels=[ru.yandex.qatools.allure.model.Label@42360a1c, ru.yandex.qatools.allure.model.Label@43e865ba]
  parameters=<null>
]
testCaseResult={
   "start" : 1445036595579,
   "stop" : 1445036616110,
   "status" : "passed",
   "name" : "findJobThroughRegexp",
   "steps" : {
      "step" : [ ]
   },
   "attachments" : {
      "attachment" : [ ]
   },
   "labels" : {
      "label" : [ {
         "name" : "host",
         "value" : "MacBook-Pro-2.home"
      }, {
         "name" : "thread",
         "value" : "1771@MacBook-Pro-2.home.main(1)"
      } ]
   }
}
testCase=ru.yandex.qatools.allure.model.TestCase@2161ce09[
  _id=7c55150e-23a8-4030-85d0-a0bb6e41ccad
  executionId=7a8626ac-7b8d-4761-8bff-776519219d78
  threadName=thread_15005794375463
  name=findJobThroughRegexp
  title=<null>
  description=<null>
  failure=<null>
  start=1445036595579
  stop=1445036616110
  status=PASSED
  severity=<null>
  steps=[]
  attachments=[]
  labels=[ru.yandex.qatools.allure.model.Label@42360a1c, ru.yandex.qatools.allure.model.Label@43e865ba]
  parameters=<null>
]
testCase={
   "start" : 1445036595579,
   "stop" : 1445036616110,
   "status" : "passed",
   "_id" : "7c55150e-23a8-4030-85d0-a0bb6e41ccad",
   "executionId" : "7a8626ac-7b8d-4761-8bff-776519219d78",
   "threadName" : "thread_15005794375463",
   "name" : "findJobThroughRegexp",
   "steps" : {
      "step" : [ ]
   },
   "attachments" : {
      "attachment" : [ ]
   },
   "labels" : {
      "label" : [ {
         "name" : "host",
         "value" : "MacBook-Pro-2.home"
      }, {
         "name" : "thread",
         "value" : "1771@MacBook-Pro-2.home.main(1)"
      } ]
   }
}
>>>REQUEST: /testaspect/TestCase/7c55150e-23a8-4030-85d0-a0bb6e41ccad
<<<RESPONSE (201 Created): /testaspect/TestCase/7c55150e-23a8-4030-85d0-a0bb6e41ccad
]]></system-out>
  </testcase>
  <testcase name="Test mechanism" classname="Test mechanism" time="0.001">
    <error type="java.lang.NullPointerException:">java.lang.NullPointerException: null
	at org.junit.runner.Description.createSuiteDescription(Description.java:123)
	at ru.yandex.qatools.allure.junit.AllureRunListener.getSuiteUid(AllureRunListener.java:110)
	at ru.yandex.qatools.allure.junit.AllureRunListener.testStarted(AllureRunListener.java:50)
	at org.junit.runner.notification.RunNotifier$3.notifyListener(RunNotifier.java:115)
	at org.junit.runner.notification.RunNotifier$SafeNotifier.run(RunNotifier.java:61)
	at org.junit.runner.notification.RunNotifier.fireTestStarted(RunNotifier.java:112)
	at org.junit.internal.runners.model.EachTestNotifier.fireTestStarted(EachTestNotifier.java:43)
	at cucumber.runtime.junit.JUnitReporter.result(JUnitReporter.java:83)
	at cucumber.runtime.Runtime.runStep(Runtime.java:299)
	at cucumber.runtime.model.StepContainer.runStep(StepContainer.java:44)
	at cucumber.runtime.model.StepContainer.runSteps(StepContainer.java:39)
	at cucumber.runtime.model.CucumberScenario.run(CucumberScenario.java:40)
	at cucumber.runtime.junit.ExecutionUnitRunner.run(ExecutionUnitRunner.java:83)
	at cucumber.runtime.junit.FeatureRunner.runChild(FeatureRunner.java:63)
	at cucumber.runtime.junit.FeatureRunner.runChild(FeatureRunner.java:18)
	at org.junit.runners.ParentRunner$3.run(ParentRunner.java:238)
	at org.junit.runners.ParentRunner$1.schedule(ParentRunner.java:63)
	at org.junit.runners.ParentRunner.runChildren(ParentRunner.java:236)
	at org.junit.runners.ParentRunner.access$000(ParentRunner.java:53)
	at org.junit.runners.ParentRunner$2.evaluate(ParentRunner.java:229)
	at org.junit.runners.ParentRunner.run(ParentRunner.java:309)
	at cucumber.runtime.junit.FeatureRunner.run(FeatureRunner.java:70)
	at cucumber.api.junit.Cucumber.runChild(Cucumber.java:82)
	at cucumber.api.junit.Cucumber.runChild(Cucumber.java:41)
	at org.junit.runners.ParentRunner$3.run(ParentRunner.java:238)
	at org.junit.runners.ParentRunner$1.schedule(ParentRunner.java:63)
	at org.junit.runners.ParentRunner.runChildren(ParentRunner.java:236)
	at org.junit.runners.ParentRunner.access$000(ParentRunner.java:53)
	at org.junit.runners.ParentRunner$2.evaluate(ParentRunner.java:229)
	at org.junit.runners.ParentRunner.run(ParentRunner.java:309)
	at cucumber.api.junit.Cucumber.run(Cucumber.java:87)
	at org.apache.maven.surefire.junit4.JUnit4Provider.execute(JUnit4Provider.java:264)
	at org.apache.maven.surefire.junit4.JUnit4Provider.executeTestSet(JUnit4Provider.java:153)
	at org.apache.maven.surefire.junit4.JUnit4Provider.invoke(JUnit4Provider.java:124)
	at org.apache.maven.surefire.booter.ForkedBooter.invokeProviderInSameClassLoader(ForkedBooter.java:200)
	at org.apache.maven.surefire.booter.ForkedBooter.runSuitesInProcess(ForkedBooter.java:153)
	at org.apache.maven.surefire.booter.ForkedBooter.main(ForkedBooter.java:103)
</error>
    <system-out><![CDATA[testCaseResult=ru.yandex.qatools.allure.model.TestCaseResult@5b3b13fb[
  name=findJobThroughRegexp
  title=<null>
  description=<null>
  failure=<null>
  start=1445036595579
  stop=1445036616110
  status=PASSED
  severity=<null>
  steps=[]
  attachments=[]
  labels=[ru.yandex.qatools.allure.model.Label@42360a1c, ru.yandex.qatools.allure.model.Label@43e865ba]
  parameters=<null>
]
testCaseResult={
   "start" : 1445036595579,
   "stop" : 1445036616110,
   "status" : "passed",
   "name" : "findJobThroughRegexp",
   "steps" : {
      "step" : [ ]
   },
   "attachments" : {
      "attachment" : [ ]
   },
   "labels" : {
      "label" : [ {
         "name" : "host",
         "value" : "MacBook-Pro-2.home"
      }, {
         "name" : "thread",
         "value" : "1771@MacBook-Pro-2.home.main(1)"
      } ]
   }
}
testCase=ru.yandex.qatools.allure.model.TestCase@361c718e[
  _id=ae5e61ff-4e81-463c-88fc-318336d90b86
  executionId=7a8626ac-7b8d-4761-8bff-776519219d78
  threadName=thread_15005794375463
  name=findJobThroughRegexp
  title=<null>
  description=<null>
  failure=<null>
  start=1445036595579
  stop=1445036616110
  status=PASSED
  severity=<null>
  steps=[]
  attachments=[]
  labels=[ru.yandex.qatools.allure.model.Label@42360a1c, ru.yandex.qatools.allure.model.Label@43e865ba]
  parameters=<null>
]
testCase={
   "start" : 1445036595579,
   "stop" : 1445036616110,
   "status" : "passed",
   "_id" : "ae5e61ff-4e81-463c-88fc-318336d90b86",
   "executionId" : "7a8626ac-7b8d-4761-8bff-776519219d78",
   "threadName" : "thread_15005794375463",
   "name" : "findJobThroughRegexp",
   "steps" : {
      "step" : [ ]
   },
   "attachments" : {
      "attachment" : [ ]
   },
   "labels" : {
      "label" : [ {
         "name" : "host",
         "value" : "MacBook-Pro-2.home"
      }, {
         "name" : "thread",
         "value" : "1771@MacBook-Pro-2.home.main(1)"
      } ]
   }
}
>>>REQUEST: /testaspect/TestCase/ae5e61ff-4e81-463c-88fc-318336d90b86
<<<RESPONSE (201 Created): /testaspect/TestCase/ae5e61ff-4e81-463c-88fc-318336d90b86
]]></system-out>
  </testcase>
  <testcase name="Test mechanism" classname="Test mechanism" time="0.002">
    <error type="java.lang.NullPointerException:">java.lang.NullPointerException: null
	at org.junit.runner.Description.createSuiteDescription(Description.java:123)
	at ru.yandex.qatools.allure.junit.AllureRunListener.getSuiteUid(AllureRunListener.java:110)
	at ru.yandex.qatools.allure.junit.AllureRunListener.testStarted(AllureRunListener.java:50)
	at org.junit.runner.notification.RunNotifier$3.notifyListener(RunNotifier.java:115)
	at org.junit.runner.notification.RunNotifier$SafeNotifier.run(RunNotifier.java:61)
	at org.junit.runner.notification.RunNotifier.fireTestStarted(RunNotifier.java:112)
	at org.junit.internal.runners.model.EachTestNotifier.fireTestStarted(EachTestNotifier.java:43)
	at cucumber.runtime.junit.JUnitReporter.result(JUnitReporter.java:83)
	at cucumber.runtime.Runtime.runStep(Runtime.java:299)
	at cucumber.runtime.model.StepContainer.runStep(StepContainer.java:44)
	at cucumber.runtime.model.StepContainer.runSteps(StepContainer.java:39)
	at cucumber.runtime.model.CucumberScenario.run(CucumberScenario.java:40)
	at cucumber.runtime.junit.ExecutionUnitRunner.run(ExecutionUnitRunner.java:83)
	at cucumber.runtime.junit.FeatureRunner.runChild(FeatureRunner.java:63)
	at cucumber.runtime.junit.FeatureRunner.runChild(FeatureRunner.java:18)
	at org.junit.runners.ParentRunner$3.run(ParentRunner.java:238)
	at org.junit.runners.ParentRunner$1.schedule(ParentRunner.java:63)
	at org.junit.runners.ParentRunner.runChildren(ParentRunner.java:236)
	at org.junit.runners.ParentRunner.access$000(ParentRunner.java:53)
	at org.junit.runners.ParentRunner$2.evaluate(ParentRunner.java:229)
	at org.junit.runners.ParentRunner.run(ParentRunner.java:309)
	at cucumber.runtime.junit.FeatureRunner.run(FeatureRunner.java:70)
	at cucumber.api.junit.Cucumber.runChild(Cucumber.java:82)
	at cucumber.api.junit.Cucumber.runChild(Cucumber.java:41)
	at org.junit.runners.ParentRunner$3.run(ParentRunner.java:238)
	at org.junit.runners.ParentRunner$1.schedule(ParentRunner.java:63)
	at org.junit.runners.ParentRunner.runChildren(ParentRunner.java:236)
	at org.junit.runners.ParentRunner.access$000(ParentRunner.java:53)
	at org.junit.runners.ParentRunner$2.evaluate(ParentRunner.java:229)
	at org.junit.runners.ParentRunner.run(ParentRunner.java:309)
	at cucumber.api.junit.Cucumber.run(Cucumber.java:87)
	at org.apache.maven.surefire.junit4.JUnit4Provider.execute(JUnit4Provider.java:264)
	at org.apache.maven.surefire.junit4.JUnit4Provider.executeTestSet(JUnit4Provider.java:153)
	at org.apache.maven.surefire.junit4.JUnit4Provider.invoke(JUnit4Provider.java:124)
	at org.apache.maven.surefire.booter.ForkedBooter.invokeProviderInSameClassLoader(ForkedBooter.java:200)
	at org.apache.maven.surefire.booter.ForkedBooter.runSuitesInProcess(ForkedBooter.java:153)
	at org.apache.maven.surefire.booter.ForkedBooter.main(ForkedBooter.java:103)
</error>
    <system-out><![CDATA[testCaseResult=ru.yandex.qatools.allure.model.TestCaseResult@5b3b13fb[
  name=findJobThroughRegexp
  title=<null>
  description=<null>
  failure=<null>
  start=1445036595579
  stop=1445036616110
  status=PASSED
  severity=<null>
  steps=[]
  attachments=[]
  labels=[ru.yandex.qatools.allure.model.Label@42360a1c, ru.yandex.qatools.allure.model.Label@43e865ba]
  parameters=<null>
]
testCaseResult={
   "start" : 1445036595579,
   "stop" : 1445036616110,
   "status" : "passed",
   "name" : "findJobThroughRegexp",
   "steps" : {
      "step" : [ ]
   },
   "attachments" : {
      "attachment" : [ ]
   },
   "labels" : {
      "label" : [ {
         "name" : "host",
         "value" : "MacBook-Pro-2.home"
      }, {
         "name" : "thread",
         "value" : "1771@MacBook-Pro-2.home.main(1)"
      } ]
   }
}
testCase=ru.yandex.qatools.allure.model.TestCase@880bd[
  _id=8fcb6f53-930b-4ead-b64d-245a330cfc29
  executionId=7a8626ac-7b8d-4761-8bff-776519219d78
  threadName=thread_15005794375463
  name=findJobThroughRegexp
  title=<null>
  description=<null>
  failure=<null>
  start=1445036595579
  stop=1445036616110
  status=PASSED
  severity=<null>
  steps=[]
  attachments=[]
  labels=[ru.yandex.qatools.allure.model.Label@42360a1c, ru.yandex.qatools.allure.model.Label@43e865ba]
  parameters=<null>
]
testCase={
   "start" : 1445036595579,
   "stop" : 1445036616110,
   "status" : "passed",
   "_id" : "8fcb6f53-930b-4ead-b64d-245a330cfc29",
   "executionId" : "7a8626ac-7b8d-4761-8bff-776519219d78",
   "threadName" : "thread_15005794375463",
   "name" : "findJobThroughRegexp",
   "steps" : {
      "step" : [ ]
   },
   "attachments" : {
      "attachment" : [ ]
   },
   "labels" : {
      "label" : [ {
         "name" : "host",
         "value" : "MacBook-Pro-2.home"
      }, {
         "name" : "thread",
         "value" : "1771@MacBook-Pro-2.home.main(1)"
      } ]
   }
}
>>>REQUEST: /testaspect/TestCase/8fcb6f53-930b-4ead-b64d-245a330cfc29
<<<RESPONSE (201 Created): /testaspect/TestCase/8fcb6f53-930b-4ead-b64d-245a330cfc29
]]></system-out>
    <system-err><![CDATA[[ERROR - 2015-10-16T23:08:19.005Z] Session [c6ff31c0-745a-11e5-9daf-a9639b304656] - page.onError - msg: TypeError: undefined is not a function (evaluating 'v.getAttribute("type")')

  :262 in error
[ERROR - 2015-10-16T23:08:19.005Z] Session [c6ff31c0-745a-11e5-9daf-a9639b304656] - page.onError - stack:
  child (http://127.0.0.1:51590/static/20018cc1/plugin/form-element-path/script.js:168)
  annotate (http://127.0.0.1:51590/static/20018cc1/plugin/form-element-path/script.js:191)
  child (http://127.0.0.1:51590/static/20018cc1/plugin/form-element-path/script.js:182)
  (anonymous function) (http://127.0.0.1:51590/static/20018cc1/plugin/form-element-path/script.js:188)
  forEach (:0)
  annotate (http://127.0.0.1:51590/static/20018cc1/plugin/form-element-path/script.js:187)
  buildFormTree (http://127.0.0.1:51590/static/20018cc1/plugin/form-element-path/script.js:197)
  (anonymous function) (http://127.0.0.1:51590/static/20018cc1/plugin/form-element-path/script.js:208)
  forEach (:0)
  applyAll (http://127.0.0.1:51590/static/20018cc1/plugin/form-element-path/script.js:207)

  :262 in error
]]></system-err>
  </testcase>
  <testcase name="Test mechanism" classname="Test mechanism" time="0.001">
    <error type="java.lang.NullPointerException:">java.lang.NullPointerException: null
	at org.junit.runner.Description.createSuiteDescription(Description.java:123)
	at ru.yandex.qatools.allure.junit.AllureRunListener.getSuiteUid(AllureRunListener.java:110)
	at ru.yandex.qatools.allure.junit.AllureRunListener.testStarted(AllureRunListener.java:50)
	at org.junit.runner.notification.RunNotifier$3.notifyListener(RunNotifier.java:115)
	at org.junit.runner.notification.RunNotifier$SafeNotifier.run(RunNotifier.java:61)
	at org.junit.runner.notification.RunNotifier.fireTestStarted(RunNotifier.java:112)
	at org.junit.internal.runners.model.EachTestNotifier.fireTestStarted(EachTestNotifier.java:43)
	at cucumber.runtime.junit.JUnitReporter.result(JUnitReporter.java:83)
	at cucumber.runtime.Runtime.runStep(Runtime.java:299)
	at cucumber.runtime.model.StepContainer.runStep(StepContainer.java:44)
	at cucumber.runtime.model.StepContainer.runSteps(StepContainer.java:39)
	at cucumber.runtime.model.CucumberScenario.run(CucumberScenario.java:40)
	at cucumber.runtime.junit.ExecutionUnitRunner.run(ExecutionUnitRunner.java:83)
	at cucumber.runtime.junit.FeatureRunner.runChild(FeatureRunner.java:63)
	at cucumber.runtime.junit.FeatureRunner.runChild(FeatureRunner.java:18)
	at org.junit.runners.ParentRunner$3.run(ParentRunner.java:238)
	at org.junit.runners.ParentRunner$1.schedule(ParentRunner.java:63)
	at org.junit.runners.ParentRunner.runChildren(ParentRunner.java:236)
	at org.junit.runners.ParentRunner.access$000(ParentRunner.java:53)
	at org.junit.runners.ParentRunner$2.evaluate(ParentRunner.java:229)
	at org.junit.runners.ParentRunner.run(ParentRunner.java:309)
	at cucumber.runtime.junit.FeatureRunner.run(FeatureRunner.java:70)
	at cucumber.api.junit.Cucumber.runChild(Cucumber.java:82)
	at cucumber.api.junit.Cucumber.runChild(Cucumber.java:41)
	at org.junit.runners.ParentRunner$3.run(ParentRunner.java:238)
	at org.junit.runners.ParentRunner$1.schedule(ParentRunner.java:63)
	at org.junit.runners.ParentRunner.runChildren(ParentRunner.java:236)
	at org.junit.runners.ParentRunner.access$000(ParentRunner.java:53)
	at org.junit.runners.ParentRunner$2.evaluate(ParentRunner.java:229)
	at org.junit.runners.ParentRunner.run(ParentRunner.java:309)
	at cucumber.api.junit.Cucumber.run(Cucumber.java:87)
	at org.apache.maven.surefire.junit4.JUnit4Provider.execute(JUnit4Provider.java:264)
	at org.apache.maven.surefire.junit4.JUnit4Provider.executeTestSet(JUnit4Provider.java:153)
	at org.apache.maven.surefire.junit4.JUnit4Provider.invoke(JUnit4Provider.java:124)
	at org.apache.maven.surefire.booter.ForkedBooter.invokeProviderInSameClassLoader(ForkedBooter.java:200)
	at org.apache.maven.surefire.booter.ForkedBooter.runSuitesInProcess(ForkedBooter.java:153)
	at org.apache.maven.surefire.booter.ForkedBooter.main(ForkedBooter.java:103)
</error>
    <system-out><![CDATA[testCaseResult=ru.yandex.qatools.allure.model.TestCaseResult@5b3b13fb[
  name=findJobThroughRegexp
  title=<null>
  description=<null>
  failure=<null>
  start=1445036595579
  stop=1445036616110
  status=PASSED
  severity=<null>
  steps=[]
  attachments=[]
  labels=[ru.yandex.qatools.allure.model.Label@42360a1c, ru.yandex.qatools.allure.model.Label@43e865ba]
  parameters=<null>
]
testCaseResult={
   "start" : 1445036595579,
   "stop" : 1445036616110,
   "status" : "passed",
   "name" : "findJobThroughRegexp",
   "steps" : {
      "step" : [ ]
   },
   "attachments" : {
      "attachment" : [ ]
   },
   "labels" : {
      "label" : [ {
         "name" : "host",
         "value" : "MacBook-Pro-2.home"
      }, {
         "name" : "thread",
         "value" : "1771@MacBook-Pro-2.home.main(1)"
      } ]
   }
}
testCase=ru.yandex.qatools.allure.model.TestCase@646a6cb1[
  _id=77fe9768-12b7-48f9-90e9-f06043c000cd
  executionId=7a8626ac-7b8d-4761-8bff-776519219d78
  threadName=thread_15005794375463
  name=findJobThroughRegexp
  title=<null>
  description=<null>
  failure=<null>
  start=1445036595579
  stop=1445036616110
  status=PASSED
  severity=<null>
  steps=[]
  attachments=[]
  labels=[ru.yandex.qatools.allure.model.Label@42360a1c, ru.yandex.qatools.allure.model.Label@43e865ba]
  parameters=<null>
]
testCase={
   "start" : 1445036595579,
   "stop" : 1445036616110,
   "status" : "passed",
   "_id" : "77fe9768-12b7-48f9-90e9-f06043c000cd",
   "executionId" : "7a8626ac-7b8d-4761-8bff-776519219d78",
   "threadName" : "thread_15005794375463",
   "name" : "findJobThroughRegexp",
   "steps" : {
      "step" : [ ]
   },
   "attachments" : {
      "attachment" : [ ]
   },
   "labels" : {
      "label" : [ {
         "name" : "host",
         "value" : "MacBook-Pro-2.home"
      }, {
         "name" : "thread",
         "value" : "1771@MacBook-Pro-2.home.main(1)"
      } ]
   }
}
>>>REQUEST: /testaspect/TestCase/77fe9768-12b7-48f9-90e9-f06043c000cd
<<<RESPONSE (201 Created): /testaspect/TestCase/77fe9768-12b7-48f9-90e9-f06043c000cd
]]></system-out>
  </testcase>
  <testcase name="Test mechanism" classname="Test mechanism" time="0.002">
    <error type="java.lang.NullPointerException:">java.lang.NullPointerException: null
	at org.junit.runner.Description.createSuiteDescription(Description.java:123)
	at ru.yandex.qatools.allure.junit.AllureRunListener.getSuiteUid(AllureRunListener.java:110)
	at ru.yandex.qatools.allure.junit.AllureRunListener.testStarted(AllureRunListener.java:50)
	at org.junit.runner.notification.RunNotifier$3.notifyListener(RunNotifier.java:115)
	at org.junit.runner.notification.RunNotifier$SafeNotifier.run(RunNotifier.java:61)
	at org.junit.runner.notification.RunNotifier.fireTestStarted(RunNotifier.java:112)
	at org.junit.internal.runners.model.EachTestNotifier.fireTestStarted(EachTestNotifier.java:43)
	at cucumber.runtime.junit.JUnitReporter.result(JUnitReporter.java:83)
	at cucumber.runtime.Runtime.runStep(Runtime.java:299)
	at cucumber.runtime.model.StepContainer.runStep(StepContainer.java:44)
	at cucumber.runtime.model.StepContainer.runSteps(StepContainer.java:39)
	at cucumber.runtime.model.CucumberScenario.run(CucumberScenario.java:40)
	at cucumber.runtime.junit.ExecutionUnitRunner.run(ExecutionUnitRunner.java:83)
	at cucumber.runtime.junit.FeatureRunner.runChild(FeatureRunner.java:63)
	at cucumber.runtime.junit.FeatureRunner.runChild(FeatureRunner.java:18)
	at org.junit.runners.ParentRunner$3.run(ParentRunner.java:238)
	at org.junit.runners.ParentRunner$1.schedule(ParentRunner.java:63)
	at org.junit.runners.ParentRunner.runChildren(ParentRunner.java:236)
	at org.junit.runners.ParentRunner.access$000(ParentRunner.java:53)
	at org.junit.runners.ParentRunner$2.evaluate(ParentRunner.java:229)
	at org.junit.runners.ParentRunner.run(ParentRunner.java:309)
	at cucumber.runtime.junit.FeatureRunner.run(FeatureRunner.java:70)
	at cucumber.api.junit.Cucumber.runChild(Cucumber.java:82)
	at cucumber.api.junit.Cucumber.runChild(Cucumber.java:41)
	at org.junit.runners.ParentRunner$3.run(ParentRunner.java:238)
	at org.junit.runners.ParentRunner$1.schedule(ParentRunner.java:63)
	at org.junit.runners.ParentRunner.runChildren(ParentRunner.java:236)
	at org.junit.runners.ParentRunner.access$000(ParentRunner.java:53)
	at org.junit.runners.ParentRunner$2.evaluate(ParentRunner.java:229)
	at org.junit.runners.ParentRunner.run(ParentRunner.java:309)
	at cucumber.api.junit.Cucumber.run(Cucumber.java:87)
	at org.apache.maven.surefire.junit4.JUnit4Provider.execute(JUnit4Provider.java:264)
	at org.apache.maven.surefire.junit4.JUnit4Provider.executeTestSet(JUnit4Provider.java:153)
	at org.apache.maven.surefire.junit4.JUnit4Provider.invoke(JUnit4Provider.java:124)
	at org.apache.maven.surefire.booter.ForkedBooter.invokeProviderInSameClassLoader(ForkedBooter.java:200)
	at org.apache.maven.surefire.booter.ForkedBooter.runSuitesInProcess(ForkedBooter.java:153)
	at org.apache.maven.surefire.booter.ForkedBooter.main(ForkedBooter.java:103)
</error>
    <system-out><![CDATA[testCaseResult=ru.yandex.qatools.allure.model.TestCaseResult@5b3b13fb[
  name=findJobThroughRegexp
  title=<null>
  description=<null>
  failure=<null>
  start=1445036595579
  stop=1445036616110
  status=PASSED
  severity=<null>
  steps=[]
  attachments=[]
  labels=[ru.yandex.qatools.allure.model.Label@42360a1c, ru.yandex.qatools.allure.model.Label@43e865ba]
  parameters=<null>
]
testCaseResult={
   "start" : 1445036595579,
   "stop" : 1445036616110,
   "status" : "passed",
   "name" : "findJobThroughRegexp",
   "steps" : {
      "step" : [ ]
   },
   "attachments" : {
      "attachment" : [ ]
   },
   "labels" : {
      "label" : [ {
         "name" : "host",
         "value" : "MacBook-Pro-2.home"
      }, {
         "name" : "thread",
         "value" : "1771@MacBook-Pro-2.home.main(1)"
      } ]
   }
}
testCase=ru.yandex.qatools.allure.model.TestCase@777d750c[
  _id=95b61dbc-9dd9-49eb-9c87-50e21cdfef04
  executionId=7a8626ac-7b8d-4761-8bff-776519219d78
  threadName=thread_15005794375463
  name=findJobThroughRegexp
  title=<null>
  description=<null>
  failure=<null>
  start=1445036595579
  stop=1445036616110
  status=PASSED
  severity=<null>
  steps=[]
  attachments=[]
  labels=[ru.yandex.qatools.allure.model.Label@42360a1c, ru.yandex.qatools.allure.model.Label@43e865ba]
  parameters=<null>
]
testCase={
   "start" : 1445036595579,
   "stop" : 1445036616110,
   "status" : "passed",
   "_id" : "95b61dbc-9dd9-49eb-9c87-50e21cdfef04",
   "executionId" : "7a8626ac-7b8d-4761-8bff-776519219d78",
   "threadName" : "thread_15005794375463",
   "name" : "findJobThroughRegexp",
   "steps" : {
      "step" : [ ]
   },
   "attachments" : {
      "attachment" : [ ]
   },
   "labels" : {
      "label" : [ {
         "name" : "host",
         "value" : "MacBook-Pro-2.home"
      }, {
         "name" : "thread",
         "value" : "1771@MacBook-Pro-2.home.main(1)"
      } ]
   }
}
>>>REQUEST: /testaspect/TestCase/95b61dbc-9dd9-49eb-9c87-50e21cdfef04
<<<RESPONSE (201 Created): /testaspect/TestCase/95b61dbc-9dd9-49eb-9c87-50e21cdfef04
]]></system-out>
  </testcase>
  <testcase name="Test mechanism" classname="Test mechanism" time="0.001">
    <error type="java.lang.NullPointerException:">java.lang.NullPointerException: null
	at org.junit.runner.Description.createSuiteDescription(Description.java:123)
	at ru.yandex.qatools.allure.junit.AllureRunListener.getSuiteUid(AllureRunListener.java:110)
	at ru.yandex.qatools.allure.junit.AllureRunListener.testStarted(AllureRunListener.java:50)
	at org.junit.runner.notification.RunNotifier$3.notifyListener(RunNotifier.java:115)
	at org.junit.runner.notification.RunNotifier$SafeNotifier.run(RunNotifier.java:61)
	at org.junit.runner.notification.RunNotifier.fireTestStarted(RunNotifier.java:112)
	at org.junit.internal.runners.model.EachTestNotifier.fireTestStarted(EachTestNotifier.java:43)
	at cucumber.runtime.junit.JUnitReporter.result(JUnitReporter.java:83)
	at cucumber.runtime.Runtime.runStep(Runtime.java:299)
	at cucumber.runtime.model.StepContainer.runStep(StepContainer.java:44)
	at cucumber.runtime.model.StepContainer.runSteps(StepContainer.java:39)
	at cucumber.runtime.model.CucumberScenario.run(CucumberScenario.java:40)
	at cucumber.runtime.junit.ExecutionUnitRunner.run(ExecutionUnitRunner.java:83)
	at cucumber.runtime.junit.FeatureRunner.runChild(FeatureRunner.java:63)
	at cucumber.runtime.junit.FeatureRunner.runChild(FeatureRunner.java:18)
	at org.junit.runners.ParentRunner$3.run(ParentRunner.java:238)
	at org.junit.runners.ParentRunner$1.schedule(ParentRunner.java:63)
	at org.junit.runners.ParentRunner.runChildren(ParentRunner.java:236)
	at org.junit.runners.ParentRunner.access$000(ParentRunner.java:53)
	at org.junit.runners.ParentRunner$2.evaluate(ParentRunner.java:229)
	at org.junit.runners.ParentRunner.run(ParentRunner.java:309)
	at cucumber.runtime.junit.FeatureRunner.run(FeatureRunner.java:70)
	at cucumber.api.junit.Cucumber.runChild(Cucumber.java:82)
	at cucumber.api.junit.Cucumber.runChild(Cucumber.java:41)
	at org.junit.runners.ParentRunner$3.run(ParentRunner.java:238)
	at org.junit.runners.ParentRunner$1.schedule(ParentRunner.java:63)
	at org.junit.runners.ParentRunner.runChildren(ParentRunner.java:236)
	at org.junit.runners.ParentRunner.access$000(ParentRunner.java:53)
	at org.junit.runners.ParentRunner$2.evaluate(ParentRunner.java:229)
	at org.junit.runners.ParentRunner.run(ParentRunner.java:309)
	at cucumber.api.junit.Cucumber.run(Cucumber.java:87)
	at org.apache.maven.surefire.junit4.JUnit4Provider.execute(JUnit4Provider.java:264)
	at org.apache.maven.surefire.junit4.JUnit4Provider.executeTestSet(JUnit4Provider.java:153)
	at org.apache.maven.surefire.junit4.JUnit4Provider.invoke(JUnit4Provider.java:124)
	at org.apache.maven.surefire.booter.ForkedBooter.invokeProviderInSameClassLoader(ForkedBooter.java:200)
	at org.apache.maven.surefire.booter.ForkedBooter.runSuitesInProcess(ForkedBooter.java:153)
	at org.apache.maven.surefire.booter.ForkedBooter.main(ForkedBooter.java:103)
</error>
    <system-out><![CDATA[testCaseResult=ru.yandex.qatools.allure.model.TestCaseResult@5b3b13fb[
  name=findJobThroughRegexp
  title=<null>
  description=<null>
  failure=<null>
  start=1445036595579
  stop=1445036616110
  status=PASSED
  severity=<null>
  steps=[]
  attachments=[]
  labels=[ru.yandex.qatools.allure.model.Label@42360a1c, ru.yandex.qatools.allure.model.Label@43e865ba]
  parameters=<null>
]
testCaseResult={
   "start" : 1445036595579,
   "stop" : 1445036616110,
   "status" : "passed",
   "name" : "findJobThroughRegexp",
   "steps" : {
      "step" : [ ]
   },
   "attachments" : {
      "attachment" : [ ]
   },
   "labels" : {
      "label" : [ {
         "name" : "host",
         "value" : "MacBook-Pro-2.home"
      }, {
         "name" : "thread",
         "value" : "1771@MacBook-Pro-2.home.main(1)"
      } ]
   }
}
testCase=ru.yandex.qatools.allure.model.TestCase@79fbd19e[
  _id=01b4adb0-9bec-43a6-ae25-6027c2d1e348
  executionId=7a8626ac-7b8d-4761-8bff-776519219d78
  threadName=thread_15005794375463
  name=findJobThroughRegexp
  title=<null>
  description=<null>
  failure=<null>
  start=1445036595579
  stop=1445036616110
  status=PASSED
  severity=<null>
  steps=[]
  attachments=[]
  labels=[ru.yandex.qatools.allure.model.Label@42360a1c, ru.yandex.qatools.allure.model.Label@43e865ba]
  parameters=<null>
]
testCase={
   "start" : 1445036595579,
   "stop" : 1445036616110,
   "status" : "passed",
   "_id" : "01b4adb0-9bec-43a6-ae25-6027c2d1e348",
   "executionId" : "7a8626ac-7b8d-4761-8bff-776519219d78",
   "threadName" : "thread_15005794375463",
   "name" : "findJobThroughRegexp",
   "steps" : {
      "step" : [ ]
   },
   "attachments" : {
      "attachment" : [ ]
   },
   "labels" : {
      "label" : [ {
         "name" : "host",
         "value" : "MacBook-Pro-2.home"
      }, {
         "name" : "thread",
         "value" : "1771@MacBook-Pro-2.home.main(1)"
      } ]
   }
}
>>>REQUEST: /testaspect/TestCase/01b4adb0-9bec-43a6-ae25-6027c2d1e348
<<<RESPONSE (201 Created): /testaspect/TestCase/01b4adb0-9bec-43a6-ae25-6027c2d1e348
]]></system-out>
  </testcase>
  <testcase name="Test mechanism" classname="Test mechanism" time="0.001">
    <error type="java.lang.NullPointerException:">java.lang.NullPointerException: null
	at org.junit.runner.Description.createSuiteDescription(Description.java:123)
	at ru.yandex.qatools.allure.junit.AllureRunListener.getSuiteUid(AllureRunListener.java:110)
	at ru.yandex.qatools.allure.junit.AllureRunListener.testStarted(AllureRunListener.java:50)
	at org.junit.runner.notification.RunNotifier$3.notifyListener(RunNotifier.java:115)
	at org.junit.runner.notification.RunNotifier$SafeNotifier.run(RunNotifier.java:61)
	at org.junit.runner.notification.RunNotifier.fireTestStarted(RunNotifier.java:112)
	at org.junit.internal.runners.model.EachTestNotifier.fireTestStarted(EachTestNotifier.java:43)
	at cucumber.runtime.junit.JUnitReporter.result(JUnitReporter.java:83)
	at cucumber.runtime.Runtime.runStep(Runtime.java:299)
	at cucumber.runtime.model.StepContainer.runStep(StepContainer.java:44)
	at cucumber.runtime.model.StepContainer.runSteps(StepContainer.java:39)
	at cucumber.runtime.model.CucumberScenario.run(CucumberScenario.java:40)
	at cucumber.runtime.junit.ExecutionUnitRunner.run(ExecutionUnitRunner.java:83)
	at cucumber.runtime.junit.FeatureRunner.runChild(FeatureRunner.java:63)
	at cucumber.runtime.junit.FeatureRunner.runChild(FeatureRunner.java:18)
	at org.junit.runners.ParentRunner$3.run(ParentRunner.java:238)
	at org.junit.runners.ParentRunner$1.schedule(ParentRunner.java:63)
	at org.junit.runners.ParentRunner.runChildren(ParentRunner.java:236)
	at org.junit.runners.ParentRunner.access$000(ParentRunner.java:53)
	at org.junit.runners.ParentRunner$2.evaluate(ParentRunner.java:229)
	at org.junit.runners.ParentRunner.run(ParentRunner.java:309)
	at cucumber.runtime.junit.FeatureRunner.run(FeatureRunner.java:70)
	at cucumber.api.junit.Cucumber.runChild(Cucumber.java:82)
	at cucumber.api.junit.Cucumber.runChild(Cucumber.java:41)
	at org.junit.runners.ParentRunner$3.run(ParentRunner.java:238)
	at org.junit.runners.ParentRunner$1.schedule(ParentRunner.java:63)
	at org.junit.runners.ParentRunner.runChildren(ParentRunner.java:236)
	at org.junit.runners.ParentRunner.access$000(ParentRunner.java:53)
	at org.junit.runners.ParentRunner$2.evaluate(ParentRunner.java:229)
	at org.junit.runners.ParentRunner.run(ParentRunner.java:309)
	at cucumber.api.junit.Cucumber.run(Cucumber.java:87)
	at org.apache.maven.surefire.junit4.JUnit4Provider.execute(JUnit4Provider.java:264)
	at org.apache.maven.surefire.junit4.JUnit4Provider.executeTestSet(JUnit4Provider.java:153)
	at org.apache.maven.surefire.junit4.JUnit4Provider.invoke(JUnit4Provider.java:124)
	at org.apache.maven.surefire.booter.ForkedBooter.invokeProviderInSameClassLoader(ForkedBooter.java:200)
	at org.apache.maven.surefire.booter.ForkedBooter.runSuitesInProcess(ForkedBooter.java:153)
	at org.apache.maven.surefire.booter.ForkedBooter.main(ForkedBooter.java:103)
</error>
    <system-out><![CDATA[testCaseResult=ru.yandex.qatools.allure.model.TestCaseResult@5b3b13fb[
  name=findJobThroughRegexp
  title=<null>
  description=<null>
  failure=<null>
  start=1445036595579
  stop=1445036616110
  status=PASSED
  severity=<null>
  steps=[]
  attachments=[]
  labels=[ru.yandex.qatools.allure.model.Label@42360a1c, ru.yandex.qatools.allure.model.Label@43e865ba]
  parameters=<null>
]
testCaseResult={
   "start" : 1445036595579,
   "stop" : 1445036616110,
   "status" : "passed",
   "name" : "findJobThroughRegexp",
   "steps" : {
      "step" : [ ]
   },
   "attachments" : {
      "attachment" : [ ]
   },
   "labels" : {
      "label" : [ {
         "name" : "host",
         "value" : "MacBook-Pro-2.home"
      }, {
         "name" : "thread",
         "value" : "1771@MacBook-Pro-2.home.main(1)"
      } ]
   }
}
testCase=ru.yandex.qatools.allure.model.TestCase@68585f5c[
  _id=d429e033-6304-4aab-a490-042b957fb366
  executionId=7a8626ac-7b8d-4761-8bff-776519219d78
  threadName=thread_15005794375463
  name=findJobThroughRegexp
  title=<null>
  description=<null>
  failure=<null>
  start=1445036595579
  stop=1445036616110
  status=PASSED
  severity=<null>
  steps=[]
  attachments=[]
  labels=[ru.yandex.qatools.allure.model.Label@42360a1c, ru.yandex.qatools.allure.model.Label@43e865ba]
  parameters=<null>
]
testCase={
   "start" : 1445036595579,
   "stop" : 1445036616110,
   "status" : "passed",
   "_id" : "d429e033-6304-4aab-a490-042b957fb366",
   "executionId" : "7a8626ac-7b8d-4761-8bff-776519219d78",
   "threadName" : "thread_15005794375463",
   "name" : "findJobThroughRegexp",
   "steps" : {
      "step" : [ ]
   },
   "attachments" : {
      "attachment" : [ ]
   },
   "labels" : {
      "label" : [ {
         "name" : "host",
         "value" : "MacBook-Pro-2.home"
      }, {
         "name" : "thread",
         "value" : "1771@MacBook-Pro-2.home.main(1)"
      } ]
   }
}
>>>REQUEST: /testaspect/TestCase/d429e033-6304-4aab-a490-042b957fb366
<<<RESPONSE (201 Created): /testaspect/TestCase/d429e033-6304-4aab-a490-042b957fb366
]]></system-out>
  </testcase>
  <testcase name="Test mechanism" classname="Test mechanism" time="0.001">
    <error type="java.lang.NullPointerException:">java.lang.NullPointerException: null
	at org.junit.runner.Description.createSuiteDescription(Description.java:123)
	at ru.yandex.qatools.allure.junit.AllureRunListener.getSuiteUid(AllureRunListener.java:110)
	at ru.yandex.qatools.allure.junit.AllureRunListener.testStarted(AllureRunListener.java:50)
	at org.junit.runner.notification.RunNotifier$3.notifyListener(RunNotifier.java:115)
	at org.junit.runner.notification.RunNotifier$SafeNotifier.run(RunNotifier.java:61)
	at org.junit.runner.notification.RunNotifier.fireTestStarted(RunNotifier.java:112)
	at org.junit.internal.runners.model.EachTestNotifier.fireTestStarted(EachTestNotifier.java:43)
	at cucumber.runtime.junit.JUnitReporter.startExecutionUnit(JUnitReporter.java:48)
	at cucumber.runtime.junit.ExecutionUnitRunner.run(ExecutionUnitRunner.java:81)
	at cucumber.runtime.junit.FeatureRunner.runChild(FeatureRunner.java:63)
	at cucumber.runtime.junit.FeatureRunner.runChild(FeatureRunner.java:18)
	at org.junit.runners.ParentRunner$3.run(ParentRunner.java:238)
	at org.junit.runners.ParentRunner$1.schedule(ParentRunner.java:63)
	at org.junit.runners.ParentRunner.runChildren(ParentRunner.java:236)
	at org.junit.runners.ParentRunner.access$000(ParentRunner.java:53)
	at org.junit.runners.ParentRunner$2.evaluate(ParentRunner.java:229)
	at org.junit.runners.ParentRunner.run(ParentRunner.java:309)
	at cucumber.runtime.junit.FeatureRunner.run(FeatureRunner.java:70)
	at cucumber.api.junit.Cucumber.runChild(Cucumber.java:82)
	at cucumber.api.junit.Cucumber.runChild(Cucumber.java:41)
	at org.junit.runners.ParentRunner$3.run(ParentRunner.java:238)
	at org.junit.runners.ParentRunner$1.schedule(ParentRunner.java:63)
	at org.junit.runners.ParentRunner.runChildren(ParentRunner.java:236)
	at org.junit.runners.ParentRunner.access$000(ParentRunner.java:53)
	at org.junit.runners.ParentRunner$2.evaluate(ParentRunner.java:229)
	at org.junit.runners.ParentRunner.run(ParentRunner.java:309)
	at cucumber.api.junit.Cucumber.run(Cucumber.java:87)
	at org.apache.maven.surefire.junit4.JUnit4Provider.execute(JUnit4Provider.java:264)
	at org.apache.maven.surefire.junit4.JUnit4Provider.executeTestSet(JUnit4Provider.java:153)
	at org.apache.maven.surefire.junit4.JUnit4Provider.invoke(JUnit4Provider.java:124)
	at org.apache.maven.surefire.booter.ForkedBooter.invokeProviderInSameClassLoader(ForkedBooter.java:200)
	at org.apache.maven.surefire.booter.ForkedBooter.runSuitesInProcess(ForkedBooter.java:153)
	at org.apache.maven.surefire.booter.ForkedBooter.main(ForkedBooter.java:103)
</error>
    <system-out><![CDATA[testCaseResult=ru.yandex.qatools.allure.model.TestCaseResult@5b3b13fb[
  name=findJobThroughRegexp
  title=<null>
  description=<null>
  failure=<null>
  start=1445036595579
  stop=1445036616110
  status=PASSED
  severity=<null>
  steps=[]
  attachments=[]
  labels=[ru.yandex.qatools.allure.model.Label@42360a1c, ru.yandex.qatools.allure.model.Label@43e865ba]
  parameters=<null>
]
testCaseResult={
   "start" : 1445036595579,
   "stop" : 1445036616110,
   "status" : "passed",
   "name" : "findJobThroughRegexp",
   "steps" : {
      "step" : [ ]
   },
   "attachments" : {
      "attachment" : [ ]
   },
   "labels" : {
      "label" : [ {
         "name" : "host",
         "value" : "MacBook-Pro-2.home"
      }, {
         "name" : "thread",
         "value" : "1771@MacBook-Pro-2.home.main(1)"
      } ]
   }
}
testCase=ru.yandex.qatools.allure.model.TestCase@796bb547[
  _id=b59f3aed-446e-44c7-92a1-931559113e36
  executionId=7a8626ac-7b8d-4761-8bff-776519219d78
  threadName=thread_15005794375463
  name=findJobThroughRegexp
  title=<null>
  description=<null>
  failure=<null>
  start=1445036595579
  stop=1445036616110
  status=PASSED
  severity=<null>
  steps=[]
  attachments=[]
  labels=[ru.yandex.qatools.allure.model.Label@42360a1c, ru.yandex.qatools.allure.model.Label@43e865ba]
  parameters=<null>
]
testCase={
   "start" : 1445036595579,
   "stop" : 1445036616110,
   "status" : "passed",
   "_id" : "b59f3aed-446e-44c7-92a1-931559113e36",
   "executionId" : "7a8626ac-7b8d-4761-8bff-776519219d78",
   "threadName" : "thread_15005794375463",
   "name" : "findJobThroughRegexp",
   "steps" : {
      "step" : [ ]
   },
   "attachments" : {
      "attachment" : [ ]
   },
   "labels" : {
      "label" : [ {
         "name" : "host",
         "value" : "MacBook-Pro-2.home"
      }, {
         "name" : "thread",
         "value" : "1771@MacBook-Pro-2.home.main(1)"
      } ]
   }
}
>>>REQUEST: /testaspect/TestCase/b59f3aed-446e-44c7-92a1-931559113e36
Jenkins is stopped
<<<RESPONSE (201 Created): /testaspect/TestCase/b59f3aed-446e-44c7-92a1-931559113e36
testCaseResult=ru.yandex.qatools.allure.model.TestCaseResult@5b3b13fb[
  name=findJobThroughRegexp
  title=<null>
  description=<null>
  failure=<null>
  start=1445036595579
  stop=1445036616110
  status=PASSED
  severity=<null>
  steps=[]
  attachments=[]
  labels=[ru.yandex.qatools.allure.model.Label@42360a1c, ru.yandex.qatools.allure.model.Label@43e865ba]
  parameters=<null>
]
testCaseResult={
   "start" : 1445036595579,
   "stop" : 1445036616110,
   "status" : "passed",
   "name" : "findJobThroughRegexp",
   "steps" : {
      "step" : [ ]
   },
   "attachments" : {
      "attachment" : [ ]
   },
   "labels" : {
      "label" : [ {
         "name" : "host",
         "value" : "MacBook-Pro-2.home"
      }, {
         "name" : "thread",
         "value" : "1771@MacBook-Pro-2.home.main(1)"
      } ]
   }
}
testCase=ru.yandex.qatools.allure.model.TestCase@4003475e[
  _id=ac9ca027-f1f4-4a72-bdc6-c35ee07d7307
  executionId=7a8626ac-7b8d-4761-8bff-776519219d78
  threadName=thread_15005794375463
  name=findJobThroughRegexp
  title=<null>
  description=<null>
  failure=<null>
  start=1445036595579
  stop=1445036616110
  status=PASSED
  severity=<null>
  steps=[]
  attachments=[]
  labels=[ru.yandex.qatools.allure.model.Label@42360a1c, ru.yandex.qatools.allure.model.Label@43e865ba]
  parameters=<null>
]
testCase={
   "start" : 1445036595579,
   "stop" : 1445036616110,
   "status" : "passed",
   "_id" : "ac9ca027-f1f4-4a72-bdc6-c35ee07d7307",
   "executionId" : "7a8626ac-7b8d-4761-8bff-776519219d78",
   "threadName" : "thread_15005794375463",
   "name" : "findJobThroughRegexp",
   "steps" : {
      "step" : [ ]
   },
   "attachments" : {
      "attachment" : [ ]
   },
   "labels" : {
      "label" : [ {
         "name" : "host",
         "value" : "MacBook-Pro-2.home"
      }, {
         "name" : "thread",
         "value" : "1771@MacBook-Pro-2.home.main(1)"
      } ]
   }
}
>>>REQUEST: /testaspect/TestCase/ac9ca027-f1f4-4a72-bdc6-c35ee07d7307
]]></system-out>
    <system-err><![CDATA[[INFO  - 2015-10-16T23:08:19.659Z] ShutdownReqHand - _handle - About to shutdown
]]></system-err>
  </testcase>
  <testcase name="Test mechanism" classname="Test mechanism" time="0.002">
    <error type="java.lang.NullPointerException:">java.lang.NullPointerException: null
	at org.junit.runner.Description.createSuiteDescription(Description.java:123)
	at ru.yandex.qatools.allure.junit.AllureRunListener.getSuiteUid(AllureRunListener.java:110)
	at ru.yandex.qatools.allure.junit.AllureRunListener.testStarted(AllureRunListener.java:50)
	at org.junit.runner.notification.RunNotifier$3.notifyListener(RunNotifier.java:115)
	at org.junit.runner.notification.RunNotifier$SafeNotifier.run(RunNotifier.java:61)
	at org.junit.runner.notification.RunNotifier.fireTestStarted(RunNotifier.java:112)
	at org.junit.internal.runners.model.EachTestNotifier.fireTestStarted(EachTestNotifier.java:43)
	at cucumber.runtime.junit.JUnitReporter.result(JUnitReporter.java:83)
	at cucumber.runtime.Runtime.runStep(Runtime.java:299)
	at cucumber.runtime.model.StepContainer.runStep(StepContainer.java:44)
	at cucumber.runtime.model.StepContainer.runSteps(StepContainer.java:39)
	at cucumber.runtime.model.CucumberScenario.run(CucumberScenario.java:40)
	at cucumber.runtime.junit.ExecutionUnitRunner.run(ExecutionUnitRunner.java:83)
	at cucumber.runtime.junit.FeatureRunner.runChild(FeatureRunner.java:63)
	at cucumber.runtime.junit.FeatureRunner.runChild(FeatureRunner.java:18)
	at org.junit.runners.ParentRunner$3.run(ParentRunner.java:238)
	at org.junit.runners.ParentRunner$1.schedule(ParentRunner.java:63)
	at org.junit.runners.ParentRunner.runChildren(ParentRunner.java:236)
	at org.junit.runners.ParentRunner.access$000(ParentRunner.java:53)
	at org.junit.runners.ParentRunner$2.evaluate(ParentRunner.java:229)
	at org.junit.runners.ParentRunner.run(ParentRunner.java:309)
	at cucumber.runtime.junit.FeatureRunner.run(FeatureRunner.java:70)
	at cucumber.api.junit.Cucumber.runChild(Cucumber.java:82)
	at cucumber.api.junit.Cucumber.runChild(Cucumber.java:41)
	at org.junit.runners.ParentRunner$3.run(ParentRunner.java:238)
	at org.junit.runners.ParentRunner$1.schedule(ParentRunner.java:63)
	at org.junit.runners.ParentRunner.runChildren(ParentRunner.java:236)
	at org.junit.runners.ParentRunner.access$000(ParentRunner.java:53)
	at org.junit.runners.ParentRunner$2.evaluate(ParentRunner.java:229)
	at org.junit.runners.ParentRunner.run(ParentRunner.java:309)
	at cucumber.api.junit.Cucumber.run(Cucumber.java:87)
	at org.apache.maven.surefire.junit4.JUnit4Provider.execute(JUnit4Provider.java:264)
	at org.apache.maven.surefire.junit4.JUnit4Provider.executeTestSet(JUnit4Provider.java:153)
	at org.apache.maven.surefire.junit4.JUnit4Provider.invoke(JUnit4Provider.java:124)
	at org.apache.maven.surefire.booter.ForkedBooter.invokeProviderInSameClassLoader(ForkedBooter.java:200)
	at org.apache.maven.surefire.booter.ForkedBooter.runSuitesInProcess(ForkedBooter.java:153)
	at org.apache.maven.surefire.booter.ForkedBooter.main(ForkedBooter.java:103)
</error>
    <system-out><![CDATA[<<<RESPONSE (201 Created): /testaspect/TestCase/ac9ca027-f1f4-4a72-bdc6-c35ee07d7307
running with given plugins: []
Starting Jenkins: JAVA_HOME=/Library/Java/JavaVirtualMachines/jdk1.8.0_60.jdk/Contents/Home JENKINS_HOME=/Users/abduljewel/Documents/c/spiderqa/sample-test-projects/acceptance-test-harness/target/jenkins481219486116198217home /Library/Java/JavaVirtualMachines/jdk1.8.0_60.jdk/Contents/Home/bin/java -Duser.language=en -jar ./jenkins.war --ajp13Port=-1 --httpPort=52557
master52557|Running from: /Users/abduljewel/Documents/c/spiderqa/sample-test-projects/acceptance-test-harness/jenkins.war
master52557|webroot: EnvVars.masterEnvVars.get("JENKINS_HOME")
master52557|Oct 16, 2015 7:08:20 PM winstone.Logger logInternal
master52557|INFO: Beginning extraction from war file
master52557|Oct 16, 2015 7:08:21 PM org.eclipse.jetty.util.log.JavaUtilLog info
master52557|INFO: jetty-winstone-2.8
master52557|Oct 16, 2015 7:08:22 PM org.eclipse.jetty.util.log.JavaUtilLog info
master52557|INFO: NO JSP Support for , did not find org.apache.jasper.servlet.JspServlet
master52557|Jenkins home directory: /Users/abduljewel/Documents/c/spiderqa/sample-test-projects/acceptance-test-harness/target/jenkins481219486116198217home found at: EnvVars.masterEnvVars.get("JENKINS_HOME")
master52557|Oct 16, 2015 7:08:23 PM org.eclipse.jetty.util.log.JavaUtilLog info
master52557|INFO: Started SelectChannelConnector@0.0.0.0:52557
master52557|Oct 16, 2015 7:08:23 PM winstone.Logger logInternal
master52557|INFO: Winstone Servlet Engine v2.0 running: controlPort=disabled
master52557|Oct 16, 2015 7:08:23 PM jenkins.InitReactorRunner$1 onAttained
master52557|INFO: Started initialization
master52557|Oct 16, 2015 7:08:33 PM jenkins.InitReactorRunner$1 onAttained
master52557|INFO: Listed all plugins
master52557|Oct 16, 2015 7:08:33 PM jenkins.InitReactorRunner$1 onAttained
master52557|INFO: Prepared all plugins
master52557|Oct 16, 2015 7:08:33 PM jenkins.InitReactorRunner$1 onAttained
master52557|INFO: Started all plugins
master52557|Oct 16, 2015 7:08:33 PM jenkins.InitReactorRunner$1 onAttained
master52557|INFO: Augmented all extensions
master52557|Oct 16, 2015 7:08:34 PM jenkins.InitReactorRunner$1 onAttained
master52557|INFO: Loaded all jobs
master52557|Oct 16, 2015 7:08:35 PM hudson.model.AsyncPeriodicWork$1 run
master52557|INFO: Started Download metadata
master52557|Oct 16, 2015 7:08:36 PM org.jenkinsci.main.modules.sshd.SSHD start
master52557|INFO: Started SSHD at port 54708
master52557|Oct 16, 2015 7:08:36 PM jenkins.InitReactorRunner$1 onAttained
master52557|INFO: Completed initialization
master52557|Oct 16, 2015 7:08:36 PM hudson.UDPBroadcastThread run
master52557|WARNING: UDP handling problem
master52557|java.net.SocketException: Can't assign requested address
master52557|	at java.net.PlainDatagramSocketImpl.join(Native Method)
master52557|	at java.net.AbstractPlainDatagramSocketImpl.join(AbstractPlainDatagramSocketImpl.java:179)
master52557|	at java.net.MulticastSocket.joinGroup(MulticastSocket.java:323)
master52557|	at hudson.UDPBroadcastThread.run(UDPBroadcastThread.java:77)
master52557|
master52557|Oct 16, 2015 7:08:36 PM hudson.WebAppMain$3 run
master52557|INFO: Jenkins is fully up and running
master52557|Oct 16, 2015 7:08:37 PM hudson.model.UpdateSite updateData
master52557|INFO: Obtained the latest update center data file for UpdateSource default
master52557|Oct 16, 2015 7:08:37 PM hudson.model.DownloadService$Downloadable load
master52557|INFO: Obtained the updated data file for hudson.tasks.Maven.MavenInstaller
master52557|Oct 16, 2015 7:08:37 PM hudson.model.DownloadService$Downloadable load
master52557|INFO: Obtained the updated data file for hudson.tasks.Ant.AntInstaller
master52557|Oct 16, 2015 7:08:38 PM hudson.model.DownloadService$Downloadable load
master52557|INFO: Obtained the updated data file for hudson.tools.JDKInstaller
master52557|Oct 16, 2015 7:08:38 PM hudson.model.AsyncPeriodicWork$1 run
master52557|INFO: Finished Download metadata. 2,822 ms
]]></system-out>
    <system-err><![CDATA[Oct 16, 2015 7:08:20 PM org.jenkinsci.test.acceptance.controller.LocalController startNow
INFO: Waiting for Jenkins to become running in http://127.0.0.1:52557/
Oct 16, 2015 7:08:36 PM org.jenkinsci.test.acceptance.controller.LocalController startNow
INFO: Jenkins is running in http://127.0.0.1:52557/
Oct 16, 2015 7:08:36 PM org.openqa.selenium.phantomjs.PhantomJSDriverService <init>
INFO: executable: /usr/local/bin/phantomjs
Oct 16, 2015 7:08:36 PM org.openqa.selenium.phantomjs.PhantomJSDriverService <init>
INFO: port: 41622
Oct 16, 2015 7:08:36 PM org.openqa.selenium.phantomjs.PhantomJSDriverService <init>
INFO: arguments: [--webdriver=41622, --webdriver-logfile=/Users/abduljewel/Documents/c/spiderqa/sample-test-projects/acceptance-test-harness/phantomjsdriver.log]
Oct 16, 2015 7:08:36 PM org.openqa.selenium.phantomjs.PhantomJSDriverService <init>
INFO: environment: {}
[INFO  - 2015-10-16T23:08:36.341Z] GhostDriver - Main - running on port 41622
[INFO  - 2015-10-16T23:08:36.587Z] Session [d481e770-745a-11e5-8efe-afa3eaf3b8b1] - page.settings - {"XSSAuditingEnabled":false,"javascriptCanCloseWindows":true,"javascriptCanOpenWindows":true,"javascriptEnabled":true,"loadImages":true,"localToRemoteUrlAccessEnabled":false,"userAgent":"Mozilla/5.0 (Macintosh; Intel Mac OS X) AppleWebKit/538.1 (KHTML, like Gecko) PhantomJS/2.0.0 Safari/538.1","webSecurityEnabled":true}
[INFO  - 2015-10-16T23:08:36.587Z] Session [d481e770-745a-11e5-8efe-afa3eaf3b8b1] - page.customHeaders:  - {"Accept-Language":"en"}
[INFO  - 2015-10-16T23:08:36.587Z] Session [d481e770-745a-11e5-8efe-afa3eaf3b8b1] - Session.negotiatedCapabilities - {"browserName":"phantomjs","version":"2.0.0","driverName":"ghostdriver","driverVersion":"1.2.0","platform":"mac-10.9 (Mavericks)-64bit","javascriptEnabled":true,"takesScreenshot":true,"handlesAlerts":false,"databaseEnabled":false,"locationContextEnabled":false,"applicationCacheEnabled":false,"browserConnectionEnabled":false,"cssSelectorsEnabled":true,"webStorageEnabled":false,"rotatable":false,"acceptSslCerts":false,"nativeEvents":true,"proxy":{"proxyType":"direct"},"phantomjs.page.customHeaders.Accept-Language":"en"}
[INFO  - 2015-10-16T23:08:36.587Z] SessionManagerReqHand - _postNewSessionCommand - New Session Created: d481e770-745a-11e5-8efe-afa3eaf3b8b1
]]></system-err>
  </testcase>
  <testcase name="Test mechanism" classname="Test mechanism" time="0.001">
    <error type="java.lang.NullPointerException:">java.lang.NullPointerException: null
	at org.junit.runner.Description.createSuiteDescription(Description.java:123)
	at ru.yandex.qatools.allure.junit.AllureRunListener.getSuiteUid(AllureRunListener.java:110)
	at ru.yandex.qatools.allure.junit.AllureRunListener.testStarted(AllureRunListener.java:50)
	at org.junit.runner.notification.RunNotifier$3.notifyListener(RunNotifier.java:115)
	at org.junit.runner.notification.RunNotifier$SafeNotifier.run(RunNotifier.java:61)
	at org.junit.runner.notification.RunNotifier.fireTestStarted(RunNotifier.java:112)
	at org.junit.internal.runners.model.EachTestNotifier.fireTestStarted(EachTestNotifier.java:43)
	at cucumber.runtime.junit.JUnitReporter.result(JUnitReporter.java:83)
	at cucumber.runtime.Runtime.runStep(Runtime.java:299)
	at cucumber.runtime.model.StepContainer.runStep(StepContainer.java:44)
	at cucumber.runtime.model.StepContainer.runSteps(StepContainer.java:39)
	at cucumber.runtime.model.CucumberScenario.run(CucumberScenario.java:40)
	at cucumber.runtime.junit.ExecutionUnitRunner.run(ExecutionUnitRunner.java:83)
	at cucumber.runtime.junit.FeatureRunner.runChild(FeatureRunner.java:63)
	at cucumber.runtime.junit.FeatureRunner.runChild(FeatureRunner.java:18)
	at org.junit.runners.ParentRunner$3.run(ParentRunner.java:238)
	at org.junit.runners.ParentRunner$1.schedule(ParentRunner.java:63)
	at org.junit.runners.ParentRunner.runChildren(ParentRunner.java:236)
	at org.junit.runners.ParentRunner.access$000(ParentRunner.java:53)
	at org.junit.runners.ParentRunner$2.evaluate(ParentRunner.java:229)
	at org.junit.runners.ParentRunner.run(ParentRunner.java:309)
	at cucumber.runtime.junit.FeatureRunner.run(FeatureRunner.java:70)
	at cucumber.api.junit.Cucumber.runChild(Cucumber.java:82)
	at cucumber.api.junit.Cucumber.runChild(Cucumber.java:41)
	at org.junit.runners.ParentRunner$3.run(ParentRunner.java:238)
	at org.junit.runners.ParentRunner$1.schedule(ParentRunner.java:63)
	at org.junit.runners.ParentRunner.runChildren(ParentRunner.java:236)
	at org.junit.runners.ParentRunner.access$000(ParentRunner.java:53)
	at org.junit.runners.ParentRunner$2.evaluate(ParentRunner.java:229)
	at org.junit.runners.ParentRunner.run(ParentRunner.java:309)
	at cucumber.api.junit.Cucumber.run(Cucumber.java:87)
	at org.apache.maven.surefire.junit4.JUnit4Provider.execute(JUnit4Provider.java:264)
	at org.apache.maven.surefire.junit4.JUnit4Provider.executeTestSet(JUnit4Provider.java:153)
	at org.apache.maven.surefire.junit4.JUnit4Provider.invoke(JUnit4Provider.java:124)
	at org.apache.maven.surefire.booter.ForkedBooter.invokeProviderInSameClassLoader(ForkedBooter.java:200)
	at org.apache.maven.surefire.booter.ForkedBooter.runSuitesInProcess(ForkedBooter.java:153)
	at org.apache.maven.surefire.booter.ForkedBooter.main(ForkedBooter.java:103)
</error>
    <system-out><![CDATA[testCaseResult=ru.yandex.qatools.allure.model.TestCaseResult@5b3b13fb[
  name=findJobThroughRegexp
  title=<null>
  description=<null>
  failure=<null>
  start=1445036595579
  stop=1445036616110
  status=PASSED
  severity=<null>
  steps=[]
  attachments=[]
  labels=[ru.yandex.qatools.allure.model.Label@42360a1c, ru.yandex.qatools.allure.model.Label@43e865ba]
  parameters=<null>
]
testCaseResult={
   "start" : 1445036595579,
   "stop" : 1445036616110,
   "status" : "passed",
   "name" : "findJobThroughRegexp",
   "steps" : {
      "step" : [ ]
   },
   "attachments" : {
      "attachment" : [ ]
   },
   "labels" : {
      "label" : [ {
         "name" : "host",
         "value" : "MacBook-Pro-2.home"
      }, {
         "name" : "thread",
         "value" : "1771@MacBook-Pro-2.home.main(1)"
      } ]
   }
}
testCase=ru.yandex.qatools.allure.model.TestCase@5a8cd4ba[
  _id=0c72bc3a-fa58-4edd-b24a-3f2b57f1ce78
  executionId=7a8626ac-7b8d-4761-8bff-776519219d78
  threadName=thread_15005794375463
  name=findJobThroughRegexp
  title=<null>
  description=<null>
  failure=<null>
  start=1445036595579
  stop=1445036616110
  status=PASSED
  severity=<null>
  steps=[]
  attachments=[]
  labels=[ru.yandex.qatools.allure.model.Label@42360a1c, ru.yandex.qatools.allure.model.Label@43e865ba]
  parameters=<null>
]
testCase={
   "start" : 1445036595579,
   "stop" : 1445036616110,
   "status" : "passed",
   "_id" : "0c72bc3a-fa58-4edd-b24a-3f2b57f1ce78",
   "executionId" : "7a8626ac-7b8d-4761-8bff-776519219d78",
   "threadName" : "thread_15005794375463",
   "name" : "findJobThroughRegexp",
   "steps" : {
      "step" : [ ]
   },
   "attachments" : {
      "attachment" : [ ]
   },
   "labels" : {
      "label" : [ {
         "name" : "host",
         "value" : "MacBook-Pro-2.home"
      }, {
         "name" : "thread",
         "value" : "1771@MacBook-Pro-2.home.main(1)"
      } ]
   }
}
>>>REQUEST: /testaspect/TestCase/0c72bc3a-fa58-4edd-b24a-3f2b57f1ce78
<<<RESPONSE (201 Created): /testaspect/TestCase/0c72bc3a-fa58-4edd-b24a-3f2b57f1ce78
]]></system-out>
  </testcase>
  <testcase name="Test mechanism" classname="Test mechanism" time="0.001">
    <error type="java.lang.NullPointerException:">java.lang.NullPointerException: null
	at org.junit.runner.Description.createSuiteDescription(Description.java:123)
	at ru.yandex.qatools.allure.junit.AllureRunListener.getSuiteUid(AllureRunListener.java:110)
	at ru.yandex.qatools.allure.junit.AllureRunListener.testStarted(AllureRunListener.java:50)
	at org.junit.runner.notification.RunNotifier$3.notifyListener(RunNotifier.java:115)
	at org.junit.runner.notification.RunNotifier$SafeNotifier.run(RunNotifier.java:61)
	at org.junit.runner.notification.RunNotifier.fireTestStarted(RunNotifier.java:112)
	at org.junit.internal.runners.model.EachTestNotifier.fireTestStarted(EachTestNotifier.java:43)
	at cucumber.runtime.junit.JUnitReporter.result(JUnitReporter.java:83)
	at cucumber.runtime.Runtime.runStep(Runtime.java:299)
	at cucumber.runtime.model.StepContainer.runStep(StepContainer.java:44)
	at cucumber.runtime.model.StepContainer.runSteps(StepContainer.java:39)
	at cucumber.runtime.model.CucumberScenario.run(CucumberScenario.java:40)
	at cucumber.runtime.junit.ExecutionUnitRunner.run(ExecutionUnitRunner.java:83)
	at cucumber.runtime.junit.FeatureRunner.runChild(FeatureRunner.java:63)
	at cucumber.runtime.junit.FeatureRunner.runChild(FeatureRunner.java:18)
	at org.junit.runners.ParentRunner$3.run(ParentRunner.java:238)
	at org.junit.runners.ParentRunner$1.schedule(ParentRunner.java:63)
	at org.junit.runners.ParentRunner.runChildren(ParentRunner.java:236)
	at org.junit.runners.ParentRunner.access$000(ParentRunner.java:53)
	at org.junit.runners.ParentRunner$2.evaluate(ParentRunner.java:229)
	at org.junit.runners.ParentRunner.run(ParentRunner.java:309)
	at cucumber.runtime.junit.FeatureRunner.run(FeatureRunner.java:70)
	at cucumber.api.junit.Cucumber.runChild(Cucumber.java:82)
	at cucumber.api.junit.Cucumber.runChild(Cucumber.java:41)
	at org.junit.runners.ParentRunner$3.run(ParentRunner.java:238)
	at org.junit.runners.ParentRunner$1.schedule(ParentRunner.java:63)
	at org.junit.runners.ParentRunner.runChildren(ParentRunner.java:236)
	at org.junit.runners.ParentRunner.access$000(ParentRunner.java:53)
	at org.junit.runners.ParentRunner$2.evaluate(ParentRunner.java:229)
	at org.junit.runners.ParentRunner.run(ParentRunner.java:309)
	at cucumber.api.junit.Cucumber.run(Cucumber.java:87)
	at org.apache.maven.surefire.junit4.JUnit4Provider.execute(JUnit4Provider.java:264)
	at org.apache.maven.surefire.junit4.JUnit4Provider.executeTestSet(JUnit4Provider.java:153)
	at org.apache.maven.surefire.junit4.JUnit4Provider.invoke(JUnit4Provider.java:124)
	at org.apache.maven.surefire.booter.ForkedBooter.invokeProviderInSameClassLoader(ForkedBooter.java:200)
	at org.apache.maven.surefire.booter.ForkedBooter.runSuitesInProcess(ForkedBooter.java:153)
	at org.apache.maven.surefire.booter.ForkedBooter.main(ForkedBooter.java:103)
</error>
    <system-out><![CDATA[testCaseResult=ru.yandex.qatools.allure.model.TestCaseResult@5b3b13fb[
  name=findJobThroughRegexp
  title=<null>
  description=<null>
  failure=<null>
  start=1445036595579
  stop=1445036616110
  status=PASSED
  severity=<null>
  steps=[]
  attachments=[]
  labels=[ru.yandex.qatools.allure.model.Label@42360a1c, ru.yandex.qatools.allure.model.Label@43e865ba]
  parameters=<null>
]
testCaseResult={
   "start" : 1445036595579,
   "stop" : 1445036616110,
   "status" : "passed",
   "name" : "findJobThroughRegexp",
   "steps" : {
      "step" : [ ]
   },
   "attachments" : {
      "attachment" : [ ]
   },
   "labels" : {
      "label" : [ {
         "name" : "host",
         "value" : "MacBook-Pro-2.home"
      }, {
         "name" : "thread",
         "value" : "1771@MacBook-Pro-2.home.main(1)"
      } ]
   }
}
testCase=ru.yandex.qatools.allure.model.TestCase@7dfc1a73[
  _id=c2c454e7-32dd-4214-82f5-608c2d023383
  executionId=7a8626ac-7b8d-4761-8bff-776519219d78
  threadName=thread_15005794375463
  name=findJobThroughRegexp
  title=<null>
  description=<null>
  failure=<null>
  start=1445036595579
  stop=1445036616110
  status=PASSED
  severity=<null>
  steps=[]
  attachments=[]
  labels=[ru.yandex.qatools.allure.model.Label@42360a1c, ru.yandex.qatools.allure.model.Label@43e865ba]
  parameters=<null>
]
testCase={
   "start" : 1445036595579,
   "stop" : 1445036616110,
   "status" : "passed",
   "_id" : "c2c454e7-32dd-4214-82f5-608c2d023383",
   "executionId" : "7a8626ac-7b8d-4761-8bff-776519219d78",
   "threadName" : "thread_15005794375463",
   "name" : "findJobThroughRegexp",
   "steps" : {
      "step" : [ ]
   },
   "attachments" : {
      "attachment" : [ ]
   },
   "labels" : {
      "label" : [ {
         "name" : "host",
         "value" : "MacBook-Pro-2.home"
      }, {
         "name" : "thread",
         "value" : "1771@MacBook-Pro-2.home.main(1)"
      } ]
   }
}
>>>REQUEST: /testaspect/TestCase/c2c454e7-32dd-4214-82f5-608c2d023383
<<<RESPONSE (201 Created): /testaspect/TestCase/c2c454e7-32dd-4214-82f5-608c2d023383
]]></system-out>
  </testcase>
  <testcase name="Test mechanism" classname="Test mechanism" time="0.001">
    <error type="java.lang.NullPointerException:">java.lang.NullPointerException: null
	at org.junit.runner.Description.createSuiteDescription(Description.java:123)
	at ru.yandex.qatools.allure.junit.AllureRunListener.getSuiteUid(AllureRunListener.java:110)
	at ru.yandex.qatools.allure.junit.AllureRunListener.testStarted(AllureRunListener.java:50)
	at org.junit.runner.notification.RunNotifier$3.notifyListener(RunNotifier.java:115)
	at org.junit.runner.notification.RunNotifier$SafeNotifier.run(RunNotifier.java:61)
	at org.junit.runner.notification.RunNotifier.fireTestStarted(RunNotifier.java:112)
	at org.junit.internal.runners.model.EachTestNotifier.fireTestStarted(EachTestNotifier.java:43)
	at cucumber.runtime.junit.JUnitReporter.result(JUnitReporter.java:83)
	at cucumber.runtime.Runtime.runStep(Runtime.java:299)
	at cucumber.runtime.model.StepContainer.runStep(StepContainer.java:44)
	at cucumber.runtime.model.StepContainer.runSteps(StepContainer.java:39)
	at cucumber.runtime.model.CucumberScenario.run(CucumberScenario.java:40)
	at cucumber.runtime.junit.ExecutionUnitRunner.run(ExecutionUnitRunner.java:83)
	at cucumber.runtime.junit.FeatureRunner.runChild(FeatureRunner.java:63)
	at cucumber.runtime.junit.FeatureRunner.runChild(FeatureRunner.java:18)
	at org.junit.runners.ParentRunner$3.run(ParentRunner.java:238)
	at org.junit.runners.ParentRunner$1.schedule(ParentRunner.java:63)
	at org.junit.runners.ParentRunner.runChildren(ParentRunner.java:236)
	at org.junit.runners.ParentRunner.access$000(ParentRunner.java:53)
	at org.junit.runners.ParentRunner$2.evaluate(ParentRunner.java:229)
	at org.junit.runners.ParentRunner.run(ParentRunner.java:309)
	at cucumber.runtime.junit.FeatureRunner.run(FeatureRunner.java:70)
	at cucumber.api.junit.Cucumber.runChild(Cucumber.java:82)
	at cucumber.api.junit.Cucumber.runChild(Cucumber.java:41)
	at org.junit.runners.ParentRunner$3.run(ParentRunner.java:238)
	at org.junit.runners.ParentRunner$1.schedule(ParentRunner.java:63)
	at org.junit.runners.ParentRunner.runChildren(ParentRunner.java:236)
	at org.junit.runners.ParentRunner.access$000(ParentRunner.java:53)
	at org.junit.runners.ParentRunner$2.evaluate(ParentRunner.java:229)
	at org.junit.runners.ParentRunner.run(ParentRunner.java:309)
	at cucumber.api.junit.Cucumber.run(Cucumber.java:87)
	at org.apache.maven.surefire.junit4.JUnit4Provider.execute(JUnit4Provider.java:264)
	at org.apache.maven.surefire.junit4.JUnit4Provider.executeTestSet(JUnit4Provider.java:153)
	at org.apache.maven.surefire.junit4.JUnit4Provider.invoke(JUnit4Provider.java:124)
	at org.apache.maven.surefire.booter.ForkedBooter.invokeProviderInSameClassLoader(ForkedBooter.java:200)
	at org.apache.maven.surefire.booter.ForkedBooter.runSuitesInProcess(ForkedBooter.java:153)
	at org.apache.maven.surefire.booter.ForkedBooter.main(ForkedBooter.java:103)
</error>
    <system-out><![CDATA[testCaseResult=ru.yandex.qatools.allure.model.TestCaseResult@5b3b13fb[
  name=findJobThroughRegexp
  title=<null>
  description=<null>
  failure=<null>
  start=1445036595579
  stop=1445036616110
  status=PASSED
  severity=<null>
  steps=[]
  attachments=[]
  labels=[ru.yandex.qatools.allure.model.Label@42360a1c, ru.yandex.qatools.allure.model.Label@43e865ba]
  parameters=<null>
]
testCaseResult={
   "start" : 1445036595579,
   "stop" : 1445036616110,
   "status" : "passed",
   "name" : "findJobThroughRegexp",
   "steps" : {
      "step" : [ ]
   },
   "attachments" : {
      "attachment" : [ ]
   },
   "labels" : {
      "label" : [ {
         "name" : "host",
         "value" : "MacBook-Pro-2.home"
      }, {
         "name" : "thread",
         "value" : "1771@MacBook-Pro-2.home.main(1)"
      } ]
   }
}
testCase=ru.yandex.qatools.allure.model.TestCase@55687e18[
  _id=4a1a032c-f809-4aa2-8ebc-76f683a9ed8b
  executionId=7a8626ac-7b8d-4761-8bff-776519219d78
  threadName=thread_15005794375463
  name=findJobThroughRegexp
  title=<null>
  description=<null>
  failure=<null>
  start=1445036595579
  stop=1445036616110
  status=PASSED
  severity=<null>
  steps=[]
  attachments=[]
  labels=[ru.yandex.qatools.allure.model.Label@42360a1c, ru.yandex.qatools.allure.model.Label@43e865ba]
  parameters=<null>
]
testCase={
   "start" : 1445036595579,
   "stop" : 1445036616110,
   "status" : "passed",
   "_id" : "4a1a032c-f809-4aa2-8ebc-76f683a9ed8b",
   "executionId" : "7a8626ac-7b8d-4761-8bff-776519219d78",
   "threadName" : "thread_15005794375463",
   "name" : "findJobThroughRegexp",
   "steps" : {
      "step" : [ ]
   },
   "attachments" : {
      "attachment" : [ ]
   },
   "labels" : {
      "label" : [ {
         "name" : "host",
         "value" : "MacBook-Pro-2.home"
      }, {
         "name" : "thread",
         "value" : "1771@MacBook-Pro-2.home.main(1)"
      } ]
   }
}
>>>REQUEST: /testaspect/TestCase/4a1a032c-f809-4aa2-8ebc-76f683a9ed8b
<<<RESPONSE (201 Created): /testaspect/TestCase/4a1a032c-f809-4aa2-8ebc-76f683a9ed8b
]]></system-out>
  </testcase>
  <testcase name="Test mechanism" classname="Test mechanism" time="0.002">
    <error type="java.lang.NullPointerException:">java.lang.NullPointerException: null
	at org.junit.runner.Description.createSuiteDescription(Description.java:123)
	at ru.yandex.qatools.allure.junit.AllureRunListener.getSuiteUid(AllureRunListener.java:110)
	at ru.yandex.qatools.allure.junit.AllureRunListener.testStarted(AllureRunListener.java:50)
	at org.junit.runner.notification.RunNotifier$3.notifyListener(RunNotifier.java:115)
	at org.junit.runner.notification.RunNotifier$SafeNotifier.run(RunNotifier.java:61)
	at org.junit.runner.notification.RunNotifier.fireTestStarted(RunNotifier.java:112)
	at org.junit.internal.runners.model.EachTestNotifier.fireTestStarted(EachTestNotifier.java:43)
	at cucumber.runtime.junit.JUnitReporter.result(JUnitReporter.java:83)
	at cucumber.runtime.Runtime.runStep(Runtime.java:299)
	at cucumber.runtime.model.StepContainer.runStep(StepContainer.java:44)
	at cucumber.runtime.model.StepContainer.runSteps(StepContainer.java:39)
	at cucumber.runtime.model.CucumberScenario.run(CucumberScenario.java:40)
	at cucumber.runtime.junit.ExecutionUnitRunner.run(ExecutionUnitRunner.java:83)
	at cucumber.runtime.junit.FeatureRunner.runChild(FeatureRunner.java:63)
	at cucumber.runtime.junit.FeatureRunner.runChild(FeatureRunner.java:18)
	at org.junit.runners.ParentRunner$3.run(ParentRunner.java:238)
	at org.junit.runners.ParentRunner$1.schedule(ParentRunner.java:63)
	at org.junit.runners.ParentRunner.runChildren(ParentRunner.java:236)
	at org.junit.runners.ParentRunner.access$000(ParentRunner.java:53)
	at org.junit.runners.ParentRunner$2.evaluate(ParentRunner.java:229)
	at org.junit.runners.ParentRunner.run(ParentRunner.java:309)
	at cucumber.runtime.junit.FeatureRunner.run(FeatureRunner.java:70)
	at cucumber.api.junit.Cucumber.runChild(Cucumber.java:82)
	at cucumber.api.junit.Cucumber.runChild(Cucumber.java:41)
	at org.junit.runners.ParentRunner$3.run(ParentRunner.java:238)
	at org.junit.runners.ParentRunner$1.schedule(ParentRunner.java:63)
	at org.junit.runners.ParentRunner.runChildren(ParentRunner.java:236)
	at org.junit.runners.ParentRunner.access$000(ParentRunner.java:53)
	at org.junit.runners.ParentRunner$2.evaluate(ParentRunner.java:229)
	at org.junit.runners.ParentRunner.run(ParentRunner.java:309)
	at cucumber.api.junit.Cucumber.run(Cucumber.java:87)
	at org.apache.maven.surefire.junit4.JUnit4Provider.execute(JUnit4Provider.java:264)
	at org.apache.maven.surefire.junit4.JUnit4Provider.executeTestSet(JUnit4Provider.java:153)
	at org.apache.maven.surefire.junit4.JUnit4Provider.invoke(JUnit4Provider.java:124)
	at org.apache.maven.surefire.booter.ForkedBooter.invokeProviderInSameClassLoader(ForkedBooter.java:200)
	at org.apache.maven.surefire.booter.ForkedBooter.runSuitesInProcess(ForkedBooter.java:153)
	at org.apache.maven.surefire.booter.ForkedBooter.main(ForkedBooter.java:103)
</error>
    <system-out><![CDATA[testCaseResult=ru.yandex.qatools.allure.model.TestCaseResult@5b3b13fb[
  name=findJobThroughRegexp
  title=<null>
  description=<null>
  failure=<null>
  start=1445036595579
  stop=1445036616110
  status=PASSED
  severity=<null>
  steps=[]
  attachments=[]
  labels=[ru.yandex.qatools.allure.model.Label@42360a1c, ru.yandex.qatools.allure.model.Label@43e865ba]
  parameters=<null>
]
testCaseResult={
   "start" : 1445036595579,
   "stop" : 1445036616110,
   "status" : "passed",
   "name" : "findJobThroughRegexp",
   "steps" : {
      "step" : [ ]
   },
   "attachments" : {
      "attachment" : [ ]
   },
   "labels" : {
      "label" : [ {
         "name" : "host",
         "value" : "MacBook-Pro-2.home"
      }, {
         "name" : "thread",
         "value" : "1771@MacBook-Pro-2.home.main(1)"
      } ]
   }
}
testCase=ru.yandex.qatools.allure.model.TestCase@4f367c74[
  _id=be8966ae-bd96-485f-aee9-ef2d6bc57018
  executionId=7a8626ac-7b8d-4761-8bff-776519219d78
  threadName=thread_15005794375463
  name=findJobThroughRegexp
  title=<null>
  description=<null>
  failure=<null>
  start=1445036595579
  stop=1445036616110
  status=PASSED
  severity=<null>
  steps=[]
  attachments=[]
  labels=[ru.yandex.qatools.allure.model.Label@42360a1c, ru.yandex.qatools.allure.model.Label@43e865ba]
  parameters=<null>
]
testCase={
   "start" : 1445036595579,
   "stop" : 1445036616110,
   "status" : "passed",
   "_id" : "be8966ae-bd96-485f-aee9-ef2d6bc57018",
   "executionId" : "7a8626ac-7b8d-4761-8bff-776519219d78",
   "threadName" : "thread_15005794375463",
   "name" : "findJobThroughRegexp",
   "steps" : {
      "step" : [ ]
   },
   "attachments" : {
      "attachment" : [ ]
   },
   "labels" : {
      "label" : [ {
         "name" : "host",
         "value" : "MacBook-Pro-2.home"
      }, {
         "name" : "thread",
         "value" : "1771@MacBook-Pro-2.home.main(1)"
      } ]
   }
}
>>>REQUEST: /testaspect/TestCase/be8966ae-bd96-485f-aee9-ef2d6bc57018
<<<RESPONSE (201 Created): /testaspect/TestCase/be8966ae-bd96-485f-aee9-ef2d6bc57018
master52557|Oct 16, 2015 7:08:43 PM hudson.model.Run execute
master52557|INFO: retired_brake #1 main build action completed: SUCCESS
]]></system-out>
  </testcase>
  <testcase name="Test mechanism" classname="Test mechanism" time="0.002">
    <error type="java.lang.NullPointerException:">java.lang.NullPointerException: null
	at org.junit.runner.Description.createSuiteDescription(Description.java:123)
	at ru.yandex.qatools.allure.junit.AllureRunListener.getSuiteUid(AllureRunListener.java:110)
	at ru.yandex.qatools.allure.junit.AllureRunListener.testStarted(AllureRunListener.java:50)
	at org.junit.runner.notification.RunNotifier$3.notifyListener(RunNotifier.java:115)
	at org.junit.runner.notification.RunNotifier$SafeNotifier.run(RunNotifier.java:61)
	at org.junit.runner.notification.RunNotifier.fireTestStarted(RunNotifier.java:112)
	at org.junit.internal.runners.model.EachTestNotifier.fireTestStarted(EachTestNotifier.java:43)
	at cucumber.runtime.junit.JUnitReporter.result(JUnitReporter.java:83)
	at cucumber.runtime.Runtime.runStep(Runtime.java:299)
	at cucumber.runtime.model.StepContainer.runStep(StepContainer.java:44)
	at cucumber.runtime.model.StepContainer.runSteps(StepContainer.java:39)
	at cucumber.runtime.model.CucumberScenario.run(CucumberScenario.java:40)
	at cucumber.runtime.junit.ExecutionUnitRunner.run(ExecutionUnitRunner.java:83)
	at cucumber.runtime.junit.FeatureRunner.runChild(FeatureRunner.java:63)
	at cucumber.runtime.junit.FeatureRunner.runChild(FeatureRunner.java:18)
	at org.junit.runners.ParentRunner$3.run(ParentRunner.java:238)
	at org.junit.runners.ParentRunner$1.schedule(ParentRunner.java:63)
	at org.junit.runners.ParentRunner.runChildren(ParentRunner.java:236)
	at org.junit.runners.ParentRunner.access$000(ParentRunner.java:53)
	at org.junit.runners.ParentRunner$2.evaluate(ParentRunner.java:229)
	at org.junit.runners.ParentRunner.run(ParentRunner.java:309)
	at cucumber.runtime.junit.FeatureRunner.run(FeatureRunner.java:70)
	at cucumber.api.junit.Cucumber.runChild(Cucumber.java:82)
	at cucumber.api.junit.Cucumber.runChild(Cucumber.java:41)
	at org.junit.runners.ParentRunner$3.run(ParentRunner.java:238)
	at org.junit.runners.ParentRunner$1.schedule(ParentRunner.java:63)
	at org.junit.runners.ParentRunner.runChildren(ParentRunner.java:236)
	at org.junit.runners.ParentRunner.access$000(ParentRunner.java:53)
	at org.junit.runners.ParentRunner$2.evaluate(ParentRunner.java:229)
	at org.junit.runners.ParentRunner.run(ParentRunner.java:309)
	at cucumber.api.junit.Cucumber.run(Cucumber.java:87)
	at org.apache.maven.surefire.junit4.JUnit4Provider.execute(JUnit4Provider.java:264)
	at org.apache.maven.surefire.junit4.JUnit4Provider.executeTestSet(JUnit4Provider.java:153)
	at org.apache.maven.surefire.junit4.JUnit4Provider.invoke(JUnit4Provider.java:124)
	at org.apache.maven.surefire.booter.ForkedBooter.invokeProviderInSameClassLoader(ForkedBooter.java:200)
	at org.apache.maven.surefire.booter.ForkedBooter.runSuitesInProcess(ForkedBooter.java:153)
	at org.apache.maven.surefire.booter.ForkedBooter.main(ForkedBooter.java:103)
</error>
    <system-out><![CDATA[testCaseResult=ru.yandex.qatools.allure.model.TestCaseResult@5b3b13fb[
  name=findJobThroughRegexp
  title=<null>
  description=<null>
  failure=<null>
  start=1445036595579
  stop=1445036616110
  status=PASSED
  severity=<null>
  steps=[]
  attachments=[]
  labels=[ru.yandex.qatools.allure.model.Label@42360a1c, ru.yandex.qatools.allure.model.Label@43e865ba]
  parameters=<null>
]
testCaseResult={
   "start" : 1445036595579,
   "stop" : 1445036616110,
   "status" : "passed",
   "name" : "findJobThroughRegexp",
   "steps" : {
      "step" : [ ]
   },
   "attachments" : {
      "attachment" : [ ]
   },
   "labels" : {
      "label" : [ {
         "name" : "host",
         "value" : "MacBook-Pro-2.home"
      }, {
         "name" : "thread",
         "value" : "1771@MacBook-Pro-2.home.main(1)"
      } ]
   }
}
testCase=ru.yandex.qatools.allure.model.TestCase@21c8f1a5[
  _id=b9d59bed-5cdf-4acd-af93-6cb5a9fc9f25
  executionId=7a8626ac-7b8d-4761-8bff-776519219d78
  threadName=thread_15005794375463
  name=findJobThroughRegexp
  title=<null>
  description=<null>
  failure=<null>
  start=1445036595579
  stop=1445036616110
  status=PASSED
  severity=<null>
  steps=[]
  attachments=[]
  labels=[ru.yandex.qatools.allure.model.Label@42360a1c, ru.yandex.qatools.allure.model.Label@43e865ba]
  parameters=<null>
]
testCase={
   "start" : 1445036595579,
   "stop" : 1445036616110,
   "status" : "passed",
   "_id" : "b9d59bed-5cdf-4acd-af93-6cb5a9fc9f25",
   "executionId" : "7a8626ac-7b8d-4761-8bff-776519219d78",
   "threadName" : "thread_15005794375463",
   "name" : "findJobThroughRegexp",
   "steps" : {
      "step" : [ ]
   },
   "attachments" : {
      "attachment" : [ ]
   },
   "labels" : {
      "label" : [ {
         "name" : "host",
         "value" : "MacBook-Pro-2.home"
      }, {
         "name" : "thread",
         "value" : "1771@MacBook-Pro-2.home.main(1)"
      } ]
   }
}
>>>REQUEST: /testaspect/TestCase/b9d59bed-5cdf-4acd-af93-6cb5a9fc9f25
<<<RESPONSE (201 Created): /testaspect/TestCase/b9d59bed-5cdf-4acd-af93-6cb5a9fc9f25
]]></system-out>
  </testcase>
  <testcase name="Test mechanism" classname="Test mechanism" time="0.001">
    <error type="java.lang.NullPointerException:">java.lang.NullPointerException: null
	at org.junit.runner.Description.createSuiteDescription(Description.java:123)
	at ru.yandex.qatools.allure.junit.AllureRunListener.getSuiteUid(AllureRunListener.java:110)
	at ru.yandex.qatools.allure.junit.AllureRunListener.testStarted(AllureRunListener.java:50)
	at org.junit.runner.notification.RunNotifier$3.notifyListener(RunNotifier.java:115)
	at org.junit.runner.notification.RunNotifier$SafeNotifier.run(RunNotifier.java:61)
	at org.junit.runner.notification.RunNotifier.fireTestStarted(RunNotifier.java:112)
	at org.junit.internal.runners.model.EachTestNotifier.fireTestStarted(EachTestNotifier.java:43)
	at cucumber.runtime.junit.JUnitReporter.result(JUnitReporter.java:83)
	at cucumber.runtime.Runtime.runStep(Runtime.java:299)
	at cucumber.runtime.model.StepContainer.runStep(StepContainer.java:44)
	at cucumber.runtime.model.StepContainer.runSteps(StepContainer.java:39)
	at cucumber.runtime.model.CucumberScenario.run(CucumberScenario.java:40)
	at cucumber.runtime.junit.ExecutionUnitRunner.run(ExecutionUnitRunner.java:83)
	at cucumber.runtime.junit.FeatureRunner.runChild(FeatureRunner.java:63)
	at cucumber.runtime.junit.FeatureRunner.runChild(FeatureRunner.java:18)
	at org.junit.runners.ParentRunner$3.run(ParentRunner.java:238)
	at org.junit.runners.ParentRunner$1.schedule(ParentRunner.java:63)
	at org.junit.runners.ParentRunner.runChildren(ParentRunner.java:236)
	at org.junit.runners.ParentRunner.access$000(ParentRunner.java:53)
	at org.junit.runners.ParentRunner$2.evaluate(ParentRunner.java:229)
	at org.junit.runners.ParentRunner.run(ParentRunner.java:309)
	at cucumber.runtime.junit.FeatureRunner.run(FeatureRunner.java:70)
	at cucumber.api.junit.Cucumber.runChild(Cucumber.java:82)
	at cucumber.api.junit.Cucumber.runChild(Cucumber.java:41)
	at org.junit.runners.ParentRunner$3.run(ParentRunner.java:238)
	at org.junit.runners.ParentRunner$1.schedule(ParentRunner.java:63)
	at org.junit.runners.ParentRunner.runChildren(ParentRunner.java:236)
	at org.junit.runners.ParentRunner.access$000(ParentRunner.java:53)
	at org.junit.runners.ParentRunner$2.evaluate(ParentRunner.java:229)
	at org.junit.runners.ParentRunner.run(ParentRunner.java:309)
	at cucumber.api.junit.Cucumber.run(Cucumber.java:87)
	at org.apache.maven.surefire.junit4.JUnit4Provider.execute(JUnit4Provider.java:264)
	at org.apache.maven.surefire.junit4.JUnit4Provider.executeTestSet(JUnit4Provider.java:153)
	at org.apache.maven.surefire.junit4.JUnit4Provider.invoke(JUnit4Provider.java:124)
	at org.apache.maven.surefire.booter.ForkedBooter.invokeProviderInSameClassLoader(ForkedBooter.java:200)
	at org.apache.maven.surefire.booter.ForkedBooter.runSuitesInProcess(ForkedBooter.java:153)
	at org.apache.maven.surefire.booter.ForkedBooter.main(ForkedBooter.java:103)
</error>
    <system-out><![CDATA[testCaseResult=ru.yandex.qatools.allure.model.TestCaseResult@5b3b13fb[
  name=findJobThroughRegexp
  title=<null>
  description=<null>
  failure=<null>
  start=1445036595579
  stop=1445036616110
  status=PASSED
  severity=<null>
  steps=[]
  attachments=[]
  labels=[ru.yandex.qatools.allure.model.Label@42360a1c, ru.yandex.qatools.allure.model.Label@43e865ba]
  parameters=<null>
]
testCaseResult={
   "start" : 1445036595579,
   "stop" : 1445036616110,
   "status" : "passed",
   "name" : "findJobThroughRegexp",
   "steps" : {
      "step" : [ ]
   },
   "attachments" : {
      "attachment" : [ ]
   },
   "labels" : {
      "label" : [ {
         "name" : "host",
         "value" : "MacBook-Pro-2.home"
      }, {
         "name" : "thread",
         "value" : "1771@MacBook-Pro-2.home.main(1)"
      } ]
   }
}
testCase=ru.yandex.qatools.allure.model.TestCase@6ebd80a5[
  _id=d3f45a07-e47b-4668-8736-9771ed8640c9
  executionId=7a8626ac-7b8d-4761-8bff-776519219d78
  threadName=thread_15005794375463
  name=findJobThroughRegexp
  title=<null>
  description=<null>
  failure=<null>
  start=1445036595579
  stop=1445036616110
  status=PASSED
  severity=<null>
  steps=[]
  attachments=[]
  labels=[ru.yandex.qatools.allure.model.Label@42360a1c, ru.yandex.qatools.allure.model.Label@43e865ba]
  parameters=<null>
]
testCase={
   "start" : 1445036595579,
   "stop" : 1445036616110,
   "status" : "passed",
   "_id" : "d3f45a07-e47b-4668-8736-9771ed8640c9",
   "executionId" : "7a8626ac-7b8d-4761-8bff-776519219d78",
   "threadName" : "thread_15005794375463",
   "name" : "findJobThroughRegexp",
   "steps" : {
      "step" : [ ]
   },
   "attachments" : {
      "attachment" : [ ]
   },
   "labels" : {
      "label" : [ {
         "name" : "host",
         "value" : "MacBook-Pro-2.home"
      }, {
         "name" : "thread",
         "value" : "1771@MacBook-Pro-2.home.main(1)"
      } ]
   }
}
>>>REQUEST: /testaspect/TestCase/d3f45a07-e47b-4668-8736-9771ed8640c9
<<<RESPONSE (201 Created): /testaspect/TestCase/d3f45a07-e47b-4668-8736-9771ed8640c9
master52557|Oct 16, 2015 7:08:43 PM hudson.model.Run execute
master52557|INFO: retired_brake #2 main build action completed: SUCCESS
master52557|Oct 16, 2015 7:08:44 PM hudson.model.Run execute
master52557|INFO: retired_brake #3 main build action completed: SUCCESS
]]></system-out>
  </testcase>
  <testcase name="Test mechanism" classname="Test mechanism" time="0.001">
    <error type="java.lang.NullPointerException:">java.lang.NullPointerException: null
	at org.junit.runner.Description.createSuiteDescription(Description.java:123)
	at ru.yandex.qatools.allure.junit.AllureRunListener.getSuiteUid(AllureRunListener.java:110)
	at ru.yandex.qatools.allure.junit.AllureRunListener.testStarted(AllureRunListener.java:50)
	at org.junit.runner.notification.RunNotifier$3.notifyListener(RunNotifier.java:115)
	at org.junit.runner.notification.RunNotifier$SafeNotifier.run(RunNotifier.java:61)
	at org.junit.runner.notification.RunNotifier.fireTestStarted(RunNotifier.java:112)
	at org.junit.internal.runners.model.EachTestNotifier.fireTestStarted(EachTestNotifier.java:43)
	at cucumber.runtime.junit.JUnitReporter.result(JUnitReporter.java:83)
	at cucumber.runtime.Runtime.runStep(Runtime.java:299)
	at cucumber.runtime.model.StepContainer.runStep(StepContainer.java:44)
	at cucumber.runtime.model.StepContainer.runSteps(StepContainer.java:39)
	at cucumber.runtime.model.CucumberScenario.run(CucumberScenario.java:40)
	at cucumber.runtime.junit.ExecutionUnitRunner.run(ExecutionUnitRunner.java:83)
	at cucumber.runtime.junit.FeatureRunner.runChild(FeatureRunner.java:63)
	at cucumber.runtime.junit.FeatureRunner.runChild(FeatureRunner.java:18)
	at org.junit.runners.ParentRunner$3.run(ParentRunner.java:238)
	at org.junit.runners.ParentRunner$1.schedule(ParentRunner.java:63)
	at org.junit.runners.ParentRunner.runChildren(ParentRunner.java:236)
	at org.junit.runners.ParentRunner.access$000(ParentRunner.java:53)
	at org.junit.runners.ParentRunner$2.evaluate(ParentRunner.java:229)
	at org.junit.runners.ParentRunner.run(ParentRunner.java:309)
	at cucumber.runtime.junit.FeatureRunner.run(FeatureRunner.java:70)
	at cucumber.api.junit.Cucumber.runChild(Cucumber.java:82)
	at cucumber.api.junit.Cucumber.runChild(Cucumber.java:41)
	at org.junit.runners.ParentRunner$3.run(ParentRunner.java:238)
	at org.junit.runners.ParentRunner$1.schedule(ParentRunner.java:63)
	at org.junit.runners.ParentRunner.runChildren(ParentRunner.java:236)
	at org.junit.runners.ParentRunner.access$000(ParentRunner.java:53)
	at org.junit.runners.ParentRunner$2.evaluate(ParentRunner.java:229)
	at org.junit.runners.ParentRunner.run(ParentRunner.java:309)
	at cucumber.api.junit.Cucumber.run(Cucumber.java:87)
	at org.apache.maven.surefire.junit4.JUnit4Provider.execute(JUnit4Provider.java:264)
	at org.apache.maven.surefire.junit4.JUnit4Provider.executeTestSet(JUnit4Provider.java:153)
	at org.apache.maven.surefire.junit4.JUnit4Provider.invoke(JUnit4Provider.java:124)
	at org.apache.maven.surefire.booter.ForkedBooter.invokeProviderInSameClassLoader(ForkedBooter.java:200)
	at org.apache.maven.surefire.booter.ForkedBooter.runSuitesInProcess(ForkedBooter.java:153)
	at org.apache.maven.surefire.booter.ForkedBooter.main(ForkedBooter.java:103)
</error>
    <system-out><![CDATA[testCaseResult=ru.yandex.qatools.allure.model.TestCaseResult@5b3b13fb[
  name=findJobThroughRegexp
  title=<null>
  description=<null>
  failure=<null>
  start=1445036595579
  stop=1445036616110
  status=PASSED
  severity=<null>
  steps=[]
  attachments=[]
  labels=[ru.yandex.qatools.allure.model.Label@42360a1c, ru.yandex.qatools.allure.model.Label@43e865ba]
  parameters=<null>
]
testCaseResult={
   "start" : 1445036595579,
   "stop" : 1445036616110,
   "status" : "passed",
   "name" : "findJobThroughRegexp",
   "steps" : {
      "step" : [ ]
   },
   "attachments" : {
      "attachment" : [ ]
   },
   "labels" : {
      "label" : [ {
         "name" : "host",
         "value" : "MacBook-Pro-2.home"
      }, {
         "name" : "thread",
         "value" : "1771@MacBook-Pro-2.home.main(1)"
      } ]
   }
}
testCase=ru.yandex.qatools.allure.model.TestCase@1590409c[
  _id=ca77b55a-55d8-4371-9491-dad512d62b70
  executionId=7a8626ac-7b8d-4761-8bff-776519219d78
  threadName=thread_15005794375463
  name=findJobThroughRegexp
  title=<null>
  description=<null>
  failure=<null>
  start=1445036595579
  stop=1445036616110
  status=PASSED
  severity=<null>
  steps=[]
  attachments=[]
  labels=[ru.yandex.qatools.allure.model.Label@42360a1c, ru.yandex.qatools.allure.model.Label@43e865ba]
  parameters=<null>
]
testCase={
   "start" : 1445036595579,
   "stop" : 1445036616110,
   "status" : "passed",
   "_id" : "ca77b55a-55d8-4371-9491-dad512d62b70",
   "executionId" : "7a8626ac-7b8d-4761-8bff-776519219d78",
   "threadName" : "thread_15005794375463",
   "name" : "findJobThroughRegexp",
   "steps" : {
      "step" : [ ]
   },
   "attachments" : {
      "attachment" : [ ]
   },
   "labels" : {
      "label" : [ {
         "name" : "host",
         "value" : "MacBook-Pro-2.home"
      }, {
         "name" : "thread",
         "value" : "1771@MacBook-Pro-2.home.main(1)"
      } ]
   }
}
>>>REQUEST: /testaspect/TestCase/ca77b55a-55d8-4371-9491-dad512d62b70
<<<RESPONSE (201 Created): /testaspect/TestCase/ca77b55a-55d8-4371-9491-dad512d62b70
]]></system-out>
  </testcase>
  <testcase name="Test mechanism" classname="Test mechanism" time="0.001">
    <error type="java.lang.NullPointerException:">java.lang.NullPointerException: null
	at org.junit.runner.Description.createSuiteDescription(Description.java:123)
	at ru.yandex.qatools.allure.junit.AllureRunListener.getSuiteUid(AllureRunListener.java:110)
	at ru.yandex.qatools.allure.junit.AllureRunListener.testStarted(AllureRunListener.java:50)
	at org.junit.runner.notification.RunNotifier$3.notifyListener(RunNotifier.java:115)
	at org.junit.runner.notification.RunNotifier$SafeNotifier.run(RunNotifier.java:61)
	at org.junit.runner.notification.RunNotifier.fireTestStarted(RunNotifier.java:112)
	at org.junit.internal.runners.model.EachTestNotifier.fireTestStarted(EachTestNotifier.java:43)
	at cucumber.runtime.junit.JUnitReporter.result(JUnitReporter.java:83)
	at cucumber.runtime.Runtime.runStep(Runtime.java:299)
	at cucumber.runtime.model.StepContainer.runStep(StepContainer.java:44)
	at cucumber.runtime.model.StepContainer.runSteps(StepContainer.java:39)
	at cucumber.runtime.model.CucumberScenario.run(CucumberScenario.java:40)
	at cucumber.runtime.junit.ExecutionUnitRunner.run(ExecutionUnitRunner.java:83)
	at cucumber.runtime.junit.FeatureRunner.runChild(FeatureRunner.java:63)
	at cucumber.runtime.junit.FeatureRunner.runChild(FeatureRunner.java:18)
	at org.junit.runners.ParentRunner$3.run(ParentRunner.java:238)
	at org.junit.runners.ParentRunner$1.schedule(ParentRunner.java:63)
	at org.junit.runners.ParentRunner.runChildren(ParentRunner.java:236)
	at org.junit.runners.ParentRunner.access$000(ParentRunner.java:53)
	at org.junit.runners.ParentRunner$2.evaluate(ParentRunner.java:229)
	at org.junit.runners.ParentRunner.run(ParentRunner.java:309)
	at cucumber.runtime.junit.FeatureRunner.run(FeatureRunner.java:70)
	at cucumber.api.junit.Cucumber.runChild(Cucumber.java:82)
	at cucumber.api.junit.Cucumber.runChild(Cucumber.java:41)
	at org.junit.runners.ParentRunner$3.run(ParentRunner.java:238)
	at org.junit.runners.ParentRunner$1.schedule(ParentRunner.java:63)
	at org.junit.runners.ParentRunner.runChildren(ParentRunner.java:236)
	at org.junit.runners.ParentRunner.access$000(ParentRunner.java:53)
	at org.junit.runners.ParentRunner$2.evaluate(ParentRunner.java:229)
	at org.junit.runners.ParentRunner.run(ParentRunner.java:309)
	at cucumber.api.junit.Cucumber.run(Cucumber.java:87)
	at org.apache.maven.surefire.junit4.JUnit4Provider.execute(JUnit4Provider.java:264)
	at org.apache.maven.surefire.junit4.JUnit4Provider.executeTestSet(JUnit4Provider.java:153)
	at org.apache.maven.surefire.junit4.JUnit4Provider.invoke(JUnit4Provider.java:124)
	at org.apache.maven.surefire.booter.ForkedBooter.invokeProviderInSameClassLoader(ForkedBooter.java:200)
	at org.apache.maven.surefire.booter.ForkedBooter.runSuitesInProcess(ForkedBooter.java:153)
	at org.apache.maven.surefire.booter.ForkedBooter.main(ForkedBooter.java:103)
</error>
    <system-out><![CDATA[testCaseResult=ru.yandex.qatools.allure.model.TestCaseResult@5b3b13fb[
  name=findJobThroughRegexp
  title=<null>
  description=<null>
  failure=<null>
  start=1445036595579
  stop=1445036616110
  status=PASSED
  severity=<null>
  steps=[]
  attachments=[]
  labels=[ru.yandex.qatools.allure.model.Label@42360a1c, ru.yandex.qatools.allure.model.Label@43e865ba]
  parameters=<null>
]
testCaseResult={
   "start" : 1445036595579,
   "stop" : 1445036616110,
   "status" : "passed",
   "name" : "findJobThroughRegexp",
   "steps" : {
      "step" : [ ]
   },
   "attachments" : {
      "attachment" : [ ]
   },
   "labels" : {
      "label" : [ {
         "name" : "host",
         "value" : "MacBook-Pro-2.home"
      }, {
         "name" : "thread",
         "value" : "1771@MacBook-Pro-2.home.main(1)"
      } ]
   }
}
testCase=ru.yandex.qatools.allure.model.TestCase@3388a77a[
  _id=09851700-579c-495c-9c1d-18c54168e82c
  executionId=7a8626ac-7b8d-4761-8bff-776519219d78
  threadName=thread_15005794375463
  name=findJobThroughRegexp
  title=<null>
  description=<null>
  failure=<null>
  start=1445036595579
  stop=1445036616110
  status=PASSED
  severity=<null>
  steps=[]
  attachments=[]
  labels=[ru.yandex.qatools.allure.model.Label@42360a1c, ru.yandex.qatools.allure.model.Label@43e865ba]
  parameters=<null>
]
testCase={
   "start" : 1445036595579,
   "stop" : 1445036616110,
   "status" : "passed",
   "_id" : "09851700-579c-495c-9c1d-18c54168e82c",
   "executionId" : "7a8626ac-7b8d-4761-8bff-776519219d78",
   "threadName" : "thread_15005794375463",
   "name" : "findJobThroughRegexp",
   "steps" : {
      "step" : [ ]
   },
   "attachments" : {
      "attachment" : [ ]
   },
   "labels" : {
      "label" : [ {
         "name" : "host",
         "value" : "MacBook-Pro-2.home"
      }, {
         "name" : "thread",
         "value" : "1771@MacBook-Pro-2.home.main(1)"
      } ]
   }
}
>>>REQUEST: /testaspect/TestCase/09851700-579c-495c-9c1d-18c54168e82c
<<<RESPONSE (201 Created): /testaspect/TestCase/09851700-579c-495c-9c1d-18c54168e82c
]]></system-out>
  </testcase>
  <testcase name="Test mechanism" classname="Test mechanism" time="0.001">
    <error type="java.lang.NullPointerException:">java.lang.NullPointerException: null
	at org.junit.runner.Description.createSuiteDescription(Description.java:123)
	at ru.yandex.qatools.allure.junit.AllureRunListener.getSuiteUid(AllureRunListener.java:110)
	at ru.yandex.qatools.allure.junit.AllureRunListener.testStarted(AllureRunListener.java:50)
	at org.junit.runner.notification.RunNotifier$3.notifyListener(RunNotifier.java:115)
	at org.junit.runner.notification.RunNotifier$SafeNotifier.run(RunNotifier.java:61)
	at org.junit.runner.notification.RunNotifier.fireTestStarted(RunNotifier.java:112)
	at org.junit.internal.runners.model.EachTestNotifier.fireTestStarted(EachTestNotifier.java:43)
	at cucumber.runtime.junit.JUnitReporter.result(JUnitReporter.java:83)
	at cucumber.runtime.Runtime.runStep(Runtime.java:299)
	at cucumber.runtime.model.StepContainer.runStep(StepContainer.java:44)
	at cucumber.runtime.model.StepContainer.runSteps(StepContainer.java:39)
	at cucumber.runtime.model.CucumberScenario.run(CucumberScenario.java:40)
	at cucumber.runtime.junit.ExecutionUnitRunner.run(ExecutionUnitRunner.java:83)
	at cucumber.runtime.junit.FeatureRunner.runChild(FeatureRunner.java:63)
	at cucumber.runtime.junit.FeatureRunner.runChild(FeatureRunner.java:18)
	at org.junit.runners.ParentRunner$3.run(ParentRunner.java:238)
	at org.junit.runners.ParentRunner$1.schedule(ParentRunner.java:63)
	at org.junit.runners.ParentRunner.runChildren(ParentRunner.java:236)
	at org.junit.runners.ParentRunner.access$000(ParentRunner.java:53)
	at org.junit.runners.ParentRunner$2.evaluate(ParentRunner.java:229)
	at org.junit.runners.ParentRunner.run(ParentRunner.java:309)
	at cucumber.runtime.junit.FeatureRunner.run(FeatureRunner.java:70)
	at cucumber.api.junit.Cucumber.runChild(Cucumber.java:82)
	at cucumber.api.junit.Cucumber.runChild(Cucumber.java:41)
	at org.junit.runners.ParentRunner$3.run(ParentRunner.java:238)
	at org.junit.runners.ParentRunner$1.schedule(ParentRunner.java:63)
	at org.junit.runners.ParentRunner.runChildren(ParentRunner.java:236)
	at org.junit.runners.ParentRunner.access$000(ParentRunner.java:53)
	at org.junit.runners.ParentRunner$2.evaluate(ParentRunner.java:229)
	at org.junit.runners.ParentRunner.run(ParentRunner.java:309)
	at cucumber.api.junit.Cucumber.run(Cucumber.java:87)
	at org.apache.maven.surefire.junit4.JUnit4Provider.execute(JUnit4Provider.java:264)
	at org.apache.maven.surefire.junit4.JUnit4Provider.executeTestSet(JUnit4Provider.java:153)
	at org.apache.maven.surefire.junit4.JUnit4Provider.invoke(JUnit4Provider.java:124)
	at org.apache.maven.surefire.booter.ForkedBooter.invokeProviderInSameClassLoader(ForkedBooter.java:200)
	at org.apache.maven.surefire.booter.ForkedBooter.runSuitesInProcess(ForkedBooter.java:153)
	at org.apache.maven.surefire.booter.ForkedBooter.main(ForkedBooter.java:103)
</error>
    <system-out><![CDATA[testCaseResult=ru.yandex.qatools.allure.model.TestCaseResult@5b3b13fb[
  name=findJobThroughRegexp
  title=<null>
  description=<null>
  failure=<null>
  start=1445036595579
  stop=1445036616110
  status=PASSED
  severity=<null>
  steps=[]
  attachments=[]
  labels=[ru.yandex.qatools.allure.model.Label@42360a1c, ru.yandex.qatools.allure.model.Label@43e865ba]
  parameters=<null>
]
testCaseResult={
   "start" : 1445036595579,
   "stop" : 1445036616110,
   "status" : "passed",
   "name" : "findJobThroughRegexp",
   "steps" : {
      "step" : [ ]
   },
   "attachments" : {
      "attachment" : [ ]
   },
   "labels" : {
      "label" : [ {
         "name" : "host",
         "value" : "MacBook-Pro-2.home"
      }, {
         "name" : "thread",
         "value" : "1771@MacBook-Pro-2.home.main(1)"
      } ]
   }
}
testCase=ru.yandex.qatools.allure.model.TestCase@1f682fee[
  _id=8198c3a8-70ca-4ddd-b24e-8153d574d4d5
  executionId=7a8626ac-7b8d-4761-8bff-776519219d78
  threadName=thread_15005794375463
  name=findJobThroughRegexp
  title=<null>
  description=<null>
  failure=<null>
  start=1445036595579
  stop=1445036616110
  status=PASSED
  severity=<null>
  steps=[]
  attachments=[]
  labels=[ru.yandex.qatools.allure.model.Label@42360a1c, ru.yandex.qatools.allure.model.Label@43e865ba]
  parameters=<null>
]
testCase={
   "start" : 1445036595579,
   "stop" : 1445036616110,
   "status" : "passed",
   "_id" : "8198c3a8-70ca-4ddd-b24e-8153d574d4d5",
   "executionId" : "7a8626ac-7b8d-4761-8bff-776519219d78",
   "threadName" : "thread_15005794375463",
   "name" : "findJobThroughRegexp",
   "steps" : {
      "step" : [ ]
   },
   "attachments" : {
      "attachment" : [ ]
   },
   "labels" : {
      "label" : [ {
         "name" : "host",
         "value" : "MacBook-Pro-2.home"
      }, {
         "name" : "thread",
         "value" : "1771@MacBook-Pro-2.home.main(1)"
      } ]
   }
}
>>>REQUEST: /testaspect/TestCase/8198c3a8-70ca-4ddd-b24e-8153d574d4d5
<<<RESPONSE (201 Created): /testaspect/TestCase/8198c3a8-70ca-4ddd-b24e-8153d574d4d5
]]></system-out>
  </testcase>
  <testcase name="Test mechanism" classname="Test mechanism" time="0.001">
    <error type="java.lang.NullPointerException:">java.lang.NullPointerException: null
	at org.junit.runner.Description.createSuiteDescription(Description.java:123)
	at ru.yandex.qatools.allure.junit.AllureRunListener.getSuiteUid(AllureRunListener.java:110)
	at ru.yandex.qatools.allure.junit.AllureRunListener.testStarted(AllureRunListener.java:50)
	at org.junit.runner.notification.RunNotifier$3.notifyListener(RunNotifier.java:115)
	at org.junit.runner.notification.RunNotifier$SafeNotifier.run(RunNotifier.java:61)
	at org.junit.runner.notification.RunNotifier.fireTestStarted(RunNotifier.java:112)
	at org.junit.internal.runners.model.EachTestNotifier.fireTestStarted(EachTestNotifier.java:43)
	at cucumber.runtime.junit.JUnitReporter.result(JUnitReporter.java:83)
	at cucumber.runtime.Runtime.runStep(Runtime.java:299)
	at cucumber.runtime.model.StepContainer.runStep(StepContainer.java:44)
	at cucumber.runtime.model.StepContainer.runSteps(StepContainer.java:39)
	at cucumber.runtime.model.CucumberScenario.run(CucumberScenario.java:40)
	at cucumber.runtime.junit.ExecutionUnitRunner.run(ExecutionUnitRunner.java:83)
	at cucumber.runtime.junit.FeatureRunner.runChild(FeatureRunner.java:63)
	at cucumber.runtime.junit.FeatureRunner.runChild(FeatureRunner.java:18)
	at org.junit.runners.ParentRunner$3.run(ParentRunner.java:238)
	at org.junit.runners.ParentRunner$1.schedule(ParentRunner.java:63)
	at org.junit.runners.ParentRunner.runChildren(ParentRunner.java:236)
	at org.junit.runners.ParentRunner.access$000(ParentRunner.java:53)
	at org.junit.runners.ParentRunner$2.evaluate(ParentRunner.java:229)
	at org.junit.runners.ParentRunner.run(ParentRunner.java:309)
	at cucumber.runtime.junit.FeatureRunner.run(FeatureRunner.java:70)
	at cucumber.api.junit.Cucumber.runChild(Cucumber.java:82)
	at cucumber.api.junit.Cucumber.runChild(Cucumber.java:41)
	at org.junit.runners.ParentRunner$3.run(ParentRunner.java:238)
	at org.junit.runners.ParentRunner$1.schedule(ParentRunner.java:63)
	at org.junit.runners.ParentRunner.runChildren(ParentRunner.java:236)
	at org.junit.runners.ParentRunner.access$000(ParentRunner.java:53)
	at org.junit.runners.ParentRunner$2.evaluate(ParentRunner.java:229)
	at org.junit.runners.ParentRunner.run(ParentRunner.java:309)
	at cucumber.api.junit.Cucumber.run(Cucumber.java:87)
	at org.apache.maven.surefire.junit4.JUnit4Provider.execute(JUnit4Provider.java:264)
	at org.apache.maven.surefire.junit4.JUnit4Provider.executeTestSet(JUnit4Provider.java:153)
	at org.apache.maven.surefire.junit4.JUnit4Provider.invoke(JUnit4Provider.java:124)
	at org.apache.maven.surefire.booter.ForkedBooter.invokeProviderInSameClassLoader(ForkedBooter.java:200)
	at org.apache.maven.surefire.booter.ForkedBooter.runSuitesInProcess(ForkedBooter.java:153)
	at org.apache.maven.surefire.booter.ForkedBooter.main(ForkedBooter.java:103)
</error>
    <system-out><![CDATA[testCaseResult=ru.yandex.qatools.allure.model.TestCaseResult@5b3b13fb[
  name=findJobThroughRegexp
  title=<null>
  description=<null>
  failure=<null>
  start=1445036595579
  stop=1445036616110
  status=PASSED
  severity=<null>
  steps=[]
  attachments=[]
  labels=[ru.yandex.qatools.allure.model.Label@42360a1c, ru.yandex.qatools.allure.model.Label@43e865ba]
  parameters=<null>
]
testCaseResult={
   "start" : 1445036595579,
   "stop" : 1445036616110,
   "status" : "passed",
   "name" : "findJobThroughRegexp",
   "steps" : {
      "step" : [ ]
   },
   "attachments" : {
      "attachment" : [ ]
   },
   "labels" : {
      "label" : [ {
         "name" : "host",
         "value" : "MacBook-Pro-2.home"
      }, {
         "name" : "thread",
         "value" : "1771@MacBook-Pro-2.home.main(1)"
      } ]
   }
}
testCase=ru.yandex.qatools.allure.model.TestCase@868575e[
  _id=6415d9b2-8133-4054-93ad-027eb1c3b3fe
  executionId=7a8626ac-7b8d-4761-8bff-776519219d78
  threadName=thread_15005794375463
  name=findJobThroughRegexp
  title=<null>
  description=<null>
  failure=<null>
  start=1445036595579
  stop=1445036616110
  status=PASSED
  severity=<null>
  steps=[]
  attachments=[]
  labels=[ru.yandex.qatools.allure.model.Label@42360a1c, ru.yandex.qatools.allure.model.Label@43e865ba]
  parameters=<null>
]
testCase={
   "start" : 1445036595579,
   "stop" : 1445036616110,
   "status" : "passed",
   "_id" : "6415d9b2-8133-4054-93ad-027eb1c3b3fe",
   "executionId" : "7a8626ac-7b8d-4761-8bff-776519219d78",
   "threadName" : "thread_15005794375463",
   "name" : "findJobThroughRegexp",
   "steps" : {
      "step" : [ ]
   },
   "attachments" : {
      "attachment" : [ ]
   },
   "labels" : {
      "label" : [ {
         "name" : "host",
         "value" : "MacBook-Pro-2.home"
      }, {
         "name" : "thread",
         "value" : "1771@MacBook-Pro-2.home.main(1)"
      } ]
   }
}
>>>REQUEST: /testaspect/TestCase/6415d9b2-8133-4054-93ad-027eb1c3b3fe
<<<RESPONSE (201 Created): /testaspect/TestCase/6415d9b2-8133-4054-93ad-027eb1c3b3fe
]]></system-out>
  </testcase>
  <testcase name="Test mechanism" classname="Test mechanism" time="0">
    <error type="java.lang.NullPointerException:">java.lang.NullPointerException: null
	at org.junit.runner.Description.createSuiteDescription(Description.java:123)
	at ru.yandex.qatools.allure.junit.AllureRunListener.getSuiteUid(AllureRunListener.java:110)
	at ru.yandex.qatools.allure.junit.AllureRunListener.testStarted(AllureRunListener.java:50)
	at org.junit.runner.notification.RunNotifier$3.notifyListener(RunNotifier.java:115)
	at org.junit.runner.notification.RunNotifier$SafeNotifier.run(RunNotifier.java:61)
	at org.junit.runner.notification.RunNotifier.fireTestStarted(RunNotifier.java:112)
	at org.junit.internal.runners.model.EachTestNotifier.fireTestStarted(EachTestNotifier.java:43)
	at cucumber.runtime.junit.JUnitReporter.startExecutionUnit(JUnitReporter.java:48)
	at cucumber.runtime.junit.ExecutionUnitRunner.run(ExecutionUnitRunner.java:81)
	at cucumber.runtime.junit.FeatureRunner.runChild(FeatureRunner.java:63)
	at cucumber.runtime.junit.FeatureRunner.runChild(FeatureRunner.java:18)
	at org.junit.runners.ParentRunner$3.run(ParentRunner.java:238)
	at org.junit.runners.ParentRunner$1.schedule(ParentRunner.java:63)
	at org.junit.runners.ParentRunner.runChildren(ParentRunner.java:236)
	at org.junit.runners.ParentRunner.access$000(ParentRunner.java:53)
	at org.junit.runners.ParentRunner$2.evaluate(ParentRunner.java:229)
	at org.junit.runners.ParentRunner.run(ParentRunner.java:309)
	at cucumber.runtime.junit.FeatureRunner.run(FeatureRunner.java:70)
	at cucumber.api.junit.Cucumber.runChild(Cucumber.java:82)
	at cucumber.api.junit.Cucumber.runChild(Cucumber.java:41)
	at org.junit.runners.ParentRunner$3.run(ParentRunner.java:238)
	at org.junit.runners.ParentRunner$1.schedule(ParentRunner.java:63)
	at org.junit.runners.ParentRunner.runChildren(ParentRunner.java:236)
	at org.junit.runners.ParentRunner.access$000(ParentRunner.java:53)
	at org.junit.runners.ParentRunner$2.evaluate(ParentRunner.java:229)
	at org.junit.runners.ParentRunner.run(ParentRunner.java:309)
	at cucumber.api.junit.Cucumber.run(Cucumber.java:87)
	at org.apache.maven.surefire.junit4.JUnit4Provider.execute(JUnit4Provider.java:264)
	at org.apache.maven.surefire.junit4.JUnit4Provider.executeTestSet(JUnit4Provider.java:153)
	at org.apache.maven.surefire.junit4.JUnit4Provider.invoke(JUnit4Provider.java:124)
	at org.apache.maven.surefire.booter.ForkedBooter.invokeProviderInSameClassLoader(ForkedBooter.java:200)
	at org.apache.maven.surefire.booter.ForkedBooter.runSuitesInProcess(ForkedBooter.java:153)
	at org.apache.maven.surefire.booter.ForkedBooter.main(ForkedBooter.java:103)
</error>
    <system-out><![CDATA[testCaseResult=ru.yandex.qatools.allure.model.TestCaseResult@5b3b13fb[
  name=findJobThroughRegexp
  title=<null>
  description=<null>
  failure=<null>
  start=1445036595579
  stop=1445036616110
  status=PASSED
  severity=<null>
  steps=[]
  attachments=[]
  labels=[ru.yandex.qatools.allure.model.Label@42360a1c, ru.yandex.qatools.allure.model.Label@43e865ba]
  parameters=<null>
]
testCaseResult={
   "start" : 1445036595579,
   "stop" : 1445036616110,
   "status" : "passed",
   "name" : "findJobThroughRegexp",
   "steps" : {
      "step" : [ ]
   },
   "attachments" : {
      "attachment" : [ ]
   },
   "labels" : {
      "label" : [ {
         "name" : "host",
         "value" : "MacBook-Pro-2.home"
      }, {
         "name" : "thread",
         "value" : "1771@MacBook-Pro-2.home.main(1)"
      } ]
   }
}
testCase=ru.yandex.qatools.allure.model.TestCase@3494177f[
  _id=b985bad8-4d07-40c8-87b0-17f7438cf84c
  executionId=7a8626ac-7b8d-4761-8bff-776519219d78
  threadName=thread_15005794375463
  name=findJobThroughRegexp
  title=<null>
  description=<null>
  failure=<null>
  start=1445036595579
  stop=1445036616110
  status=PASSED
  severity=<null>
  steps=[]
  attachments=[]
  labels=[ru.yandex.qatools.allure.model.Label@42360a1c, ru.yandex.qatools.allure.model.Label@43e865ba]
  parameters=<null>
]
testCase={
   "start" : 1445036595579,
   "stop" : 1445036616110,
   "status" : "passed",
   "_id" : "b985bad8-4d07-40c8-87b0-17f7438cf84c",
   "executionId" : "7a8626ac-7b8d-4761-8bff-776519219d78",
   "threadName" : "thread_15005794375463",
   "name" : "findJobThroughRegexp",
   "steps" : {
      "step" : [ ]
   },
   "attachments" : {
      "attachment" : [ ]
   },
   "labels" : {
      "label" : [ {
         "name" : "host",
         "value" : "MacBook-Pro-2.home"
      }, {
         "name" : "thread",
         "value" : "1771@MacBook-Pro-2.home.main(1)"
      } ]
   }
}
>>>REQUEST: /testaspect/TestCase/b985bad8-4d07-40c8-87b0-17f7438cf84c
Jenkins is stopped
<<<RESPONSE (201 Created): /testaspect/TestCase/b985bad8-4d07-40c8-87b0-17f7438cf84c
testCaseResult=ru.yandex.qatools.allure.model.TestCaseResult@5b3b13fb[
  name=findJobThroughRegexp
  title=<null>
  description=<null>
  failure=<null>
  start=1445036595579
  stop=1445036616110
  status=PASSED
  severity=<null>
  steps=[]
  attachments=[]
  labels=[ru.yandex.qatools.allure.model.Label@42360a1c, ru.yandex.qatools.allure.model.Label@43e865ba]
  parameters=<null>
]
testCaseResult={
   "start" : 1445036595579,
   "stop" : 1445036616110,
   "status" : "passed",
   "name" : "findJobThroughRegexp",
   "steps" : {
      "step" : [ ]
   },
   "attachments" : {
      "attachment" : [ ]
   },
   "labels" : {
      "label" : [ {
         "name" : "host",
         "value" : "MacBook-Pro-2.home"
      }, {
         "name" : "thread",
         "value" : "1771@MacBook-Pro-2.home.main(1)"
      } ]
   }
}
testCase=ru.yandex.qatools.allure.model.TestCase@6f994e68[
  _id=6d977054-98fa-4844-be15-7dc7ce93b7d6
  executionId=7a8626ac-7b8d-4761-8bff-776519219d78
  threadName=thread_15005794375463
  name=findJobThroughRegexp
  title=<null>
  description=<null>
  failure=<null>
  start=1445036595579
  stop=1445036616110
  status=PASSED
  severity=<null>
  steps=[]
  attachments=[]
  labels=[ru.yandex.qatools.allure.model.Label@42360a1c, ru.yandex.qatools.allure.model.Label@43e865ba]
  parameters=<null>
]
testCase={
   "start" : 1445036595579,
   "stop" : 1445036616110,
   "status" : "passed",
   "_id" : "6d977054-98fa-4844-be15-7dc7ce93b7d6",
   "executionId" : "7a8626ac-7b8d-4761-8bff-776519219d78",
   "threadName" : "thread_15005794375463",
   "name" : "findJobThroughRegexp",
   "steps" : {
      "step" : [ ]
   },
   "attachments" : {
      "attachment" : [ ]
   },
   "labels" : {
      "label" : [ {
         "name" : "host",
         "value" : "MacBook-Pro-2.home"
      }, {
         "name" : "thread",
         "value" : "1771@MacBook-Pro-2.home.main(1)"
      } ]
   }
}
>>>REQUEST: /testaspect/TestCase/6d977054-98fa-4844-be15-7dc7ce93b7d6
]]></system-out>
    <system-err><![CDATA[[INFO  - 2015-10-16T23:08:45.156Z] ShutdownReqHand - _handle - About to shutdown
]]></system-err>
  </testcase>
  <testcase name="Test mechanism" classname="Test mechanism" time="0.001">
    <error type="java.lang.NullPointerException:">java.lang.NullPointerException: null
	at org.junit.runner.Description.createSuiteDescription(Description.java:123)
	at ru.yandex.qatools.allure.junit.AllureRunListener.getSuiteUid(AllureRunListener.java:110)
	at ru.yandex.qatools.allure.junit.AllureRunListener.testStarted(AllureRunListener.java:50)
	at org.junit.runner.notification.RunNotifier$3.notifyListener(RunNotifier.java:115)
	at org.junit.runner.notification.RunNotifier$SafeNotifier.run(RunNotifier.java:61)
	at org.junit.runner.notification.RunNotifier.fireTestStarted(RunNotifier.java:112)
	at org.junit.internal.runners.model.EachTestNotifier.fireTestStarted(EachTestNotifier.java:43)
	at cucumber.runtime.junit.JUnitReporter.result(JUnitReporter.java:83)
	at cucumber.runtime.Runtime.runStep(Runtime.java:299)
	at cucumber.runtime.model.StepContainer.runStep(StepContainer.java:44)
	at cucumber.runtime.model.StepContainer.runSteps(StepContainer.java:39)
	at cucumber.runtime.model.CucumberScenario.run(CucumberScenario.java:40)
	at cucumber.runtime.junit.ExecutionUnitRunner.run(ExecutionUnitRunner.java:83)
	at cucumber.runtime.junit.FeatureRunner.runChild(FeatureRunner.java:63)
	at cucumber.runtime.junit.FeatureRunner.runChild(FeatureRunner.java:18)
	at org.junit.runners.ParentRunner$3.run(ParentRunner.java:238)
	at org.junit.runners.ParentRunner$1.schedule(ParentRunner.java:63)
	at org.junit.runners.ParentRunner.runChildren(ParentRunner.java:236)
	at org.junit.runners.ParentRunner.access$000(ParentRunner.java:53)
	at org.junit.runners.ParentRunner$2.evaluate(ParentRunner.java:229)
	at org.junit.runners.ParentRunner.run(ParentRunner.java:309)
	at cucumber.runtime.junit.FeatureRunner.run(FeatureRunner.java:70)
	at cucumber.api.junit.Cucumber.runChild(Cucumber.java:82)
	at cucumber.api.junit.Cucumber.runChild(Cucumber.java:41)
	at org.junit.runners.ParentRunner$3.run(ParentRunner.java:238)
	at org.junit.runners.ParentRunner$1.schedule(ParentRunner.java:63)
	at org.junit.runners.ParentRunner.runChildren(ParentRunner.java:236)
	at org.junit.runners.ParentRunner.access$000(ParentRunner.java:53)
	at org.junit.runners.ParentRunner$2.evaluate(ParentRunner.java:229)
	at org.junit.runners.ParentRunner.run(ParentRunner.java:309)
	at cucumber.api.junit.Cucumber.run(Cucumber.java:87)
	at org.apache.maven.surefire.junit4.JUnit4Provider.execute(JUnit4Provider.java:264)
	at org.apache.maven.surefire.junit4.JUnit4Provider.executeTestSet(JUnit4Provider.java:153)
	at org.apache.maven.surefire.junit4.JUnit4Provider.invoke(JUnit4Provider.java:124)
	at org.apache.maven.surefire.booter.ForkedBooter.invokeProviderInSameClassLoader(ForkedBooter.java:200)
	at org.apache.maven.surefire.booter.ForkedBooter.runSuitesInProcess(ForkedBooter.java:153)
	at org.apache.maven.surefire.booter.ForkedBooter.main(ForkedBooter.java:103)
</error>
    <system-out><![CDATA[<<<RESPONSE (201 Created): /testaspect/TestCase/6d977054-98fa-4844-be15-7dc7ce93b7d6
running with given plugins: []
Starting Jenkins: JAVA_HOME=/Library/Java/JavaVirtualMachines/jdk1.8.0_60.jdk/Contents/Home JENKINS_HOME=/Users/abduljewel/Documents/c/spiderqa/sample-test-projects/acceptance-test-harness/target/jenkins6824273125434066638home /Library/Java/JavaVirtualMachines/jdk1.8.0_60.jdk/Contents/Home/bin/java -Duser.language=en -jar ./jenkins.war --ajp13Port=-1 --httpPort=49670
master49670|Running from: /Users/abduljewel/Documents/c/spiderqa/sample-test-projects/acceptance-test-harness/jenkins.war
master49670|webroot: EnvVars.masterEnvVars.get("JENKINS_HOME")
master49670|Oct 16, 2015 7:08:46 PM winstone.Logger logInternal
master49670|INFO: Beginning extraction from war file
master49670|Oct 16, 2015 7:08:47 PM org.eclipse.jetty.util.log.JavaUtilLog info
master49670|INFO: jetty-winstone-2.8
master49670|Oct 16, 2015 7:08:48 PM org.eclipse.jetty.util.log.JavaUtilLog info
master49670|INFO: NO JSP Support for , did not find org.apache.jasper.servlet.JspServlet
master49670|Jenkins home directory: /Users/abduljewel/Documents/c/spiderqa/sample-test-projects/acceptance-test-harness/target/jenkins6824273125434066638home found at: EnvVars.masterEnvVars.get("JENKINS_HOME")
master49670|Oct 16, 2015 7:08:49 PM org.eclipse.jetty.util.log.JavaUtilLog info
master49670|INFO: Started SelectChannelConnector@0.0.0.0:49670
master49670|Oct 16, 2015 7:08:49 PM winstone.Logger logInternal
master49670|INFO: Winstone Servlet Engine v2.0 running: controlPort=disabled
master49670|Oct 16, 2015 7:08:49 PM jenkins.InitReactorRunner$1 onAttained
master49670|INFO: Started initialization
master49670|Oct 16, 2015 7:08:58 PM jenkins.InitReactorRunner$1 onAttained
master49670|INFO: Listed all plugins
master49670|Oct 16, 2015 7:08:58 PM jenkins.InitReactorRunner$1 onAttained
master49670|INFO: Prepared all plugins
master49670|Oct 16, 2015 7:08:58 PM jenkins.InitReactorRunner$1 onAttained
master49670|INFO: Started all plugins
master49670|Oct 16, 2015 7:08:58 PM jenkins.InitReactorRunner$1 onAttained
master49670|INFO: Augmented all extensions
master49670|Oct 16, 2015 7:09:00 PM jenkins.InitReactorRunner$1 onAttained
master49670|INFO: Loaded all jobs
master49670|Oct 16, 2015 7:09:01 PM hudson.model.AsyncPeriodicWork$1 run
master49670|INFO: Started Download metadata
master49670|Oct 16, 2015 7:09:01 PM org.jenkinsci.main.modules.sshd.SSHD start
master49670|INFO: Started SSHD at port 54756
master49670|Oct 16, 2015 7:09:01 PM jenkins.InitReactorRunner$1 onAttained
master49670|INFO: Completed initialization
master49670|Oct 16, 2015 7:09:01 PM hudson.UDPBroadcastThread run
master49670|WARNING: UDP handling problem
master49670|java.net.SocketException: Can't assign requested address
master49670|	at java.net.PlainDatagramSocketImpl.join(Native Method)
master49670|	at java.net.AbstractPlainDatagramSocketImpl.join(AbstractPlainDatagramSocketImpl.java:179)
master49670|	at java.net.MulticastSocket.joinGroup(MulticastSocket.java:323)
master49670|	at hudson.UDPBroadcastThread.run(UDPBroadcastThread.java:77)
master49670|
master49670|Oct 16, 2015 7:09:01 PM hudson.WebAppMain$3 run
master49670|INFO: Jenkins is fully up and running
master49670|Oct 16, 2015 7:09:03 PM hudson.model.UpdateSite updateData
master49670|INFO: Obtained the latest update center data file for UpdateSource default
master49670|Oct 16, 2015 7:09:04 PM hudson.model.DownloadService$Downloadable load
master49670|INFO: Obtained the updated data file for hudson.tasks.Maven.MavenInstaller
master49670|Oct 16, 2015 7:09:04 PM hudson.model.DownloadService$Downloadable load
master49670|INFO: Obtained the updated data file for hudson.tasks.Ant.AntInstaller
master49670|Oct 16, 2015 7:09:05 PM hudson.model.DownloadService$Downloadable load
master49670|INFO: Obtained the updated data file for hudson.tools.JDKInstaller
master49670|Oct 16, 2015 7:09:05 PM hudson.model.AsyncPeriodicWork$1 run
master49670|INFO: Finished Download metadata. 3,394 ms
]]></system-out>
    <system-err><![CDATA[Oct 16, 2015 7:08:45 PM org.jenkinsci.test.acceptance.controller.LocalController startNow
INFO: Waiting for Jenkins to become running in http://127.0.0.1:49670/
Oct 16, 2015 7:09:01 PM org.jenkinsci.test.acceptance.controller.LocalController startNow
INFO: Jenkins is running in http://127.0.0.1:49670/
Oct 16, 2015 7:09:01 PM org.openqa.selenium.phantomjs.PhantomJSDriverService <init>
INFO: executable: /usr/local/bin/phantomjs
Oct 16, 2015 7:09:01 PM org.openqa.selenium.phantomjs.PhantomJSDriverService <init>
INFO: port: 38479
Oct 16, 2015 7:09:01 PM org.openqa.selenium.phantomjs.PhantomJSDriverService <init>
INFO: arguments: [--webdriver=38479, --webdriver-logfile=/Users/abduljewel/Documents/c/spiderqa/sample-test-projects/acceptance-test-harness/phantomjsdriver.log]
Oct 16, 2015 7:09:01 PM org.openqa.selenium.phantomjs.PhantomJSDriverService <init>
INFO: environment: {}
[INFO  - 2015-10-16T23:09:02.112Z] GhostDriver - Main - running on port 38479
[INFO  - 2015-10-16T23:09:02.388Z] Session [e3e2fa10-745a-11e5-9bfa-fd70a97cc1b0] - page.settings - {"XSSAuditingEnabled":false,"javascriptCanCloseWindows":true,"javascriptCanOpenWindows":true,"javascriptEnabled":true,"loadImages":true,"localToRemoteUrlAccessEnabled":false,"userAgent":"Mozilla/5.0 (Macintosh; Intel Mac OS X) AppleWebKit/538.1 (KHTML, like Gecko) PhantomJS/2.0.0 Safari/538.1","webSecurityEnabled":true}
[INFO  - 2015-10-16T23:09:02.388Z] Session [e3e2fa10-745a-11e5-9bfa-fd70a97cc1b0] - page.customHeaders:  - {"Accept-Language":"en"}
[INFO  - 2015-10-16T23:09:02.388Z] Session [e3e2fa10-745a-11e5-9bfa-fd70a97cc1b0] - Session.negotiatedCapabilities - {"browserName":"phantomjs","version":"2.0.0","driverName":"ghostdriver","driverVersion":"1.2.0","platform":"mac-10.9 (Mavericks)-64bit","javascriptEnabled":true,"takesScreenshot":true,"handlesAlerts":false,"databaseEnabled":false,"locationContextEnabled":false,"applicationCacheEnabled":false,"browserConnectionEnabled":false,"cssSelectorsEnabled":true,"webStorageEnabled":false,"rotatable":false,"acceptSslCerts":false,"nativeEvents":true,"proxy":{"proxyType":"direct"},"phantomjs.page.customHeaders.Accept-Language":"en"}
[INFO  - 2015-10-16T23:09:02.388Z] SessionManagerReqHand - _postNewSessionCommand - New Session Created: e3e2fa10-745a-11e5-9bfa-fd70a97cc1b0
]]></system-err>
  </testcase>
  <testcase name="Test mechanism" classname="Test mechanism" time="0.001">
    <error type="java.lang.NullPointerException:">java.lang.NullPointerException: null
	at org.junit.runner.Description.createSuiteDescription(Description.java:123)
	at ru.yandex.qatools.allure.junit.AllureRunListener.getSuiteUid(AllureRunListener.java:110)
	at ru.yandex.qatools.allure.junit.AllureRunListener.testStarted(AllureRunListener.java:50)
	at org.junit.runner.notification.RunNotifier$3.notifyListener(RunNotifier.java:115)
	at org.junit.runner.notification.RunNotifier$SafeNotifier.run(RunNotifier.java:61)
	at org.junit.runner.notification.RunNotifier.fireTestStarted(RunNotifier.java:112)
	at org.junit.internal.runners.model.EachTestNotifier.fireTestStarted(EachTestNotifier.java:43)
	at cucumber.runtime.junit.JUnitReporter.result(JUnitReporter.java:83)
	at cucumber.runtime.Runtime.runStep(Runtime.java:299)
	at cucumber.runtime.model.StepContainer.runStep(StepContainer.java:44)
	at cucumber.runtime.model.StepContainer.runSteps(StepContainer.java:39)
	at cucumber.runtime.model.CucumberScenario.run(CucumberScenario.java:40)
	at cucumber.runtime.junit.ExecutionUnitRunner.run(ExecutionUnitRunner.java:83)
	at cucumber.runtime.junit.FeatureRunner.runChild(FeatureRunner.java:63)
	at cucumber.runtime.junit.FeatureRunner.runChild(FeatureRunner.java:18)
	at org.junit.runners.ParentRunner$3.run(ParentRunner.java:238)
	at org.junit.runners.ParentRunner$1.schedule(ParentRunner.java:63)
	at org.junit.runners.ParentRunner.runChildren(ParentRunner.java:236)
	at org.junit.runners.ParentRunner.access$000(ParentRunner.java:53)
	at org.junit.runners.ParentRunner$2.evaluate(ParentRunner.java:229)
	at org.junit.runners.ParentRunner.run(ParentRunner.java:309)
	at cucumber.runtime.junit.FeatureRunner.run(FeatureRunner.java:70)
	at cucumber.api.junit.Cucumber.runChild(Cucumber.java:82)
	at cucumber.api.junit.Cucumber.runChild(Cucumber.java:41)
	at org.junit.runners.ParentRunner$3.run(ParentRunner.java:238)
	at org.junit.runners.ParentRunner$1.schedule(ParentRunner.java:63)
	at org.junit.runners.ParentRunner.runChildren(ParentRunner.java:236)
	at org.junit.runners.ParentRunner.access$000(ParentRunner.java:53)
	at org.junit.runners.ParentRunner$2.evaluate(ParentRunner.java:229)
	at org.junit.runners.ParentRunner.run(ParentRunner.java:309)
	at cucumber.api.junit.Cucumber.run(Cucumber.java:87)
	at org.apache.maven.surefire.junit4.JUnit4Provider.execute(JUnit4Provider.java:264)
	at org.apache.maven.surefire.junit4.JUnit4Provider.executeTestSet(JUnit4Provider.java:153)
	at org.apache.maven.surefire.junit4.JUnit4Provider.invoke(JUnit4Provider.java:124)
	at org.apache.maven.surefire.booter.ForkedBooter.invokeProviderInSameClassLoader(ForkedBooter.java:200)
	at org.apache.maven.surefire.booter.ForkedBooter.runSuitesInProcess(ForkedBooter.java:153)
	at org.apache.maven.surefire.booter.ForkedBooter.main(ForkedBooter.java:103)
</error>
    <system-out><![CDATA[testCaseResult=ru.yandex.qatools.allure.model.TestCaseResult@5b3b13fb[
  name=findJobThroughRegexp
  title=<null>
  description=<null>
  failure=<null>
  start=1445036595579
  stop=1445036616110
  status=PASSED
  severity=<null>
  steps=[]
  attachments=[]
  labels=[ru.yandex.qatools.allure.model.Label@42360a1c, ru.yandex.qatools.allure.model.Label@43e865ba]
  parameters=<null>
]
testCaseResult={
   "start" : 1445036595579,
   "stop" : 1445036616110,
   "status" : "passed",
   "name" : "findJobThroughRegexp",
   "steps" : {
      "step" : [ ]
   },
   "attachments" : {
      "attachment" : [ ]
   },
   "labels" : {
      "label" : [ {
         "name" : "host",
         "value" : "MacBook-Pro-2.home"
      }, {
         "name" : "thread",
         "value" : "1771@MacBook-Pro-2.home.main(1)"
      } ]
   }
}
testCase=ru.yandex.qatools.allure.model.TestCase@719324ce[
  _id=7e41982e-30af-44c4-bca9-0df3ee0047ff
  executionId=7a8626ac-7b8d-4761-8bff-776519219d78
  threadName=thread_15005794375463
  name=findJobThroughRegexp
  title=<null>
  description=<null>
  failure=<null>
  start=1445036595579
  stop=1445036616110
  status=PASSED
  severity=<null>
  steps=[]
  attachments=[]
  labels=[ru.yandex.qatools.allure.model.Label@42360a1c, ru.yandex.qatools.allure.model.Label@43e865ba]
  parameters=<null>
]
testCase={
   "start" : 1445036595579,
   "stop" : 1445036616110,
   "status" : "passed",
   "_id" : "7e41982e-30af-44c4-bca9-0df3ee0047ff",
   "executionId" : "7a8626ac-7b8d-4761-8bff-776519219d78",
   "threadName" : "thread_15005794375463",
   "name" : "findJobThroughRegexp",
   "steps" : {
      "step" : [ ]
   },
   "attachments" : {
      "attachment" : [ ]
   },
   "labels" : {
      "label" : [ {
         "name" : "host",
         "value" : "MacBook-Pro-2.home"
      }, {
         "name" : "thread",
         "value" : "1771@MacBook-Pro-2.home.main(1)"
      } ]
   }
}
>>>REQUEST: /testaspect/TestCase/7e41982e-30af-44c4-bca9-0df3ee0047ff
<<<RESPONSE (201 Created): /testaspect/TestCase/7e41982e-30af-44c4-bca9-0df3ee0047ff
]]></system-out>
  </testcase>
  <testcase name="Test mechanism" classname="Test mechanism" time="0.001">
    <error type="java.lang.NullPointerException:">java.lang.NullPointerException: null
	at org.junit.runner.Description.createSuiteDescription(Description.java:123)
	at ru.yandex.qatools.allure.junit.AllureRunListener.getSuiteUid(AllureRunListener.java:110)
	at ru.yandex.qatools.allure.junit.AllureRunListener.testStarted(AllureRunListener.java:50)
	at org.junit.runner.notification.RunNotifier$3.notifyListener(RunNotifier.java:115)
	at org.junit.runner.notification.RunNotifier$SafeNotifier.run(RunNotifier.java:61)
	at org.junit.runner.notification.RunNotifier.fireTestStarted(RunNotifier.java:112)
	at org.junit.internal.runners.model.EachTestNotifier.fireTestStarted(EachTestNotifier.java:43)
	at cucumber.runtime.junit.JUnitReporter.result(JUnitReporter.java:83)
	at cucumber.runtime.Runtime.runStep(Runtime.java:299)
	at cucumber.runtime.model.StepContainer.runStep(StepContainer.java:44)
	at cucumber.runtime.model.StepContainer.runSteps(StepContainer.java:39)
	at cucumber.runtime.model.CucumberScenario.run(CucumberScenario.java:40)
	at cucumber.runtime.junit.ExecutionUnitRunner.run(ExecutionUnitRunner.java:83)
	at cucumber.runtime.junit.FeatureRunner.runChild(FeatureRunner.java:63)
	at cucumber.runtime.junit.FeatureRunner.runChild(FeatureRunner.java:18)
	at org.junit.runners.ParentRunner$3.run(ParentRunner.java:238)
	at org.junit.runners.ParentRunner$1.schedule(ParentRunner.java:63)
	at org.junit.runners.ParentRunner.runChildren(ParentRunner.java:236)
	at org.junit.runners.ParentRunner.access$000(ParentRunner.java:53)
	at org.junit.runners.ParentRunner$2.evaluate(ParentRunner.java:229)
	at org.junit.runners.ParentRunner.run(ParentRunner.java:309)
	at cucumber.runtime.junit.FeatureRunner.run(FeatureRunner.java:70)
	at cucumber.api.junit.Cucumber.runChild(Cucumber.java:82)
	at cucumber.api.junit.Cucumber.runChild(Cucumber.java:41)
	at org.junit.runners.ParentRunner$3.run(ParentRunner.java:238)
	at org.junit.runners.ParentRunner$1.schedule(ParentRunner.java:63)
	at org.junit.runners.ParentRunner.runChildren(ParentRunner.java:236)
	at org.junit.runners.ParentRunner.access$000(ParentRunner.java:53)
	at org.junit.runners.ParentRunner$2.evaluate(ParentRunner.java:229)
	at org.junit.runners.ParentRunner.run(ParentRunner.java:309)
	at cucumber.api.junit.Cucumber.run(Cucumber.java:87)
	at org.apache.maven.surefire.junit4.JUnit4Provider.execute(JUnit4Provider.java:264)
	at org.apache.maven.surefire.junit4.JUnit4Provider.executeTestSet(JUnit4Provider.java:153)
	at org.apache.maven.surefire.junit4.JUnit4Provider.invoke(JUnit4Provider.java:124)
	at org.apache.maven.surefire.booter.ForkedBooter.invokeProviderInSameClassLoader(ForkedBooter.java:200)
	at org.apache.maven.surefire.booter.ForkedBooter.runSuitesInProcess(ForkedBooter.java:153)
	at org.apache.maven.surefire.booter.ForkedBooter.main(ForkedBooter.java:103)
</error>
    <system-out><![CDATA[testCaseResult=ru.yandex.qatools.allure.model.TestCaseResult@5b3b13fb[
  name=findJobThroughRegexp
  title=<null>
  description=<null>
  failure=<null>
  start=1445036595579
  stop=1445036616110
  status=PASSED
  severity=<null>
  steps=[]
  attachments=[]
  labels=[ru.yandex.qatools.allure.model.Label@42360a1c, ru.yandex.qatools.allure.model.Label@43e865ba]
  parameters=<null>
]
testCaseResult={
   "start" : 1445036595579,
   "stop" : 1445036616110,
   "status" : "passed",
   "name" : "findJobThroughRegexp",
   "steps" : {
      "step" : [ ]
   },
   "attachments" : {
      "attachment" : [ ]
   },
   "labels" : {
      "label" : [ {
         "name" : "host",
         "value" : "MacBook-Pro-2.home"
      }, {
         "name" : "thread",
         "value" : "1771@MacBook-Pro-2.home.main(1)"
      } ]
   }
}
testCase=ru.yandex.qatools.allure.model.TestCase@a9588bd[
  _id=2a2e74ae-8a43-4b8b-82fe-625865cb0c41
  executionId=7a8626ac-7b8d-4761-8bff-776519219d78
  threadName=thread_15005794375463
  name=findJobThroughRegexp
  title=<null>
  description=<null>
  failure=<null>
  start=1445036595579
  stop=1445036616110
  status=PASSED
  severity=<null>
  steps=[]
  attachments=[]
  labels=[ru.yandex.qatools.allure.model.Label@42360a1c, ru.yandex.qatools.allure.model.Label@43e865ba]
  parameters=<null>
]
testCase={
   "start" : 1445036595579,
   "stop" : 1445036616110,
   "status" : "passed",
   "_id" : "2a2e74ae-8a43-4b8b-82fe-625865cb0c41",
   "executionId" : "7a8626ac-7b8d-4761-8bff-776519219d78",
   "threadName" : "thread_15005794375463",
   "name" : "findJobThroughRegexp",
   "steps" : {
      "step" : [ ]
   },
   "attachments" : {
      "attachment" : [ ]
   },
   "labels" : {
      "label" : [ {
         "name" : "host",
         "value" : "MacBook-Pro-2.home"
      }, {
         "name" : "thread",
         "value" : "1771@MacBook-Pro-2.home.main(1)"
      } ]
   }
}
>>>REQUEST: /testaspect/TestCase/2a2e74ae-8a43-4b8b-82fe-625865cb0c41
<<<RESPONSE (201 Created): /testaspect/TestCase/2a2e74ae-8a43-4b8b-82fe-625865cb0c41
]]></system-out>
  </testcase>
  <testcase name="Test mechanism" classname="Test mechanism" time="0.002">
    <error type="java.lang.NullPointerException:">java.lang.NullPointerException: null
	at org.junit.runner.Description.createSuiteDescription(Description.java:123)
	at ru.yandex.qatools.allure.junit.AllureRunListener.getSuiteUid(AllureRunListener.java:110)
	at ru.yandex.qatools.allure.junit.AllureRunListener.testStarted(AllureRunListener.java:50)
	at org.junit.runner.notification.RunNotifier$3.notifyListener(RunNotifier.java:115)
	at org.junit.runner.notification.RunNotifier$SafeNotifier.run(RunNotifier.java:61)
	at org.junit.runner.notification.RunNotifier.fireTestStarted(RunNotifier.java:112)
	at org.junit.internal.runners.model.EachTestNotifier.fireTestStarted(EachTestNotifier.java:43)
	at cucumber.runtime.junit.JUnitReporter.result(JUnitReporter.java:83)
	at cucumber.runtime.Runtime.runStep(Runtime.java:299)
	at cucumber.runtime.model.StepContainer.runStep(StepContainer.java:44)
	at cucumber.runtime.model.StepContainer.runSteps(StepContainer.java:39)
	at cucumber.runtime.model.CucumberScenario.run(CucumberScenario.java:40)
	at cucumber.runtime.junit.ExecutionUnitRunner.run(ExecutionUnitRunner.java:83)
	at cucumber.runtime.junit.FeatureRunner.runChild(FeatureRunner.java:63)
	at cucumber.runtime.junit.FeatureRunner.runChild(FeatureRunner.java:18)
	at org.junit.runners.ParentRunner$3.run(ParentRunner.java:238)
	at org.junit.runners.ParentRunner$1.schedule(ParentRunner.java:63)
	at org.junit.runners.ParentRunner.runChildren(ParentRunner.java:236)
	at org.junit.runners.ParentRunner.access$000(ParentRunner.java:53)
	at org.junit.runners.ParentRunner$2.evaluate(ParentRunner.java:229)
	at org.junit.runners.ParentRunner.run(ParentRunner.java:309)
	at cucumber.runtime.junit.FeatureRunner.run(FeatureRunner.java:70)
	at cucumber.api.junit.Cucumber.runChild(Cucumber.java:82)
	at cucumber.api.junit.Cucumber.runChild(Cucumber.java:41)
	at org.junit.runners.ParentRunner$3.run(ParentRunner.java:238)
	at org.junit.runners.ParentRunner$1.schedule(ParentRunner.java:63)
	at org.junit.runners.ParentRunner.runChildren(ParentRunner.java:236)
	at org.junit.runners.ParentRunner.access$000(ParentRunner.java:53)
	at org.junit.runners.ParentRunner$2.evaluate(ParentRunner.java:229)
	at org.junit.runners.ParentRunner.run(ParentRunner.java:309)
	at cucumber.api.junit.Cucumber.run(Cucumber.java:87)
	at org.apache.maven.surefire.junit4.JUnit4Provider.execute(JUnit4Provider.java:264)
	at org.apache.maven.surefire.junit4.JUnit4Provider.executeTestSet(JUnit4Provider.java:153)
	at org.apache.maven.surefire.junit4.JUnit4Provider.invoke(JUnit4Provider.java:124)
	at org.apache.maven.surefire.booter.ForkedBooter.invokeProviderInSameClassLoader(ForkedBooter.java:200)
	at org.apache.maven.surefire.booter.ForkedBooter.runSuitesInProcess(ForkedBooter.java:153)
	at org.apache.maven.surefire.booter.ForkedBooter.main(ForkedBooter.java:103)
</error>
    <system-out><![CDATA[testCaseResult=ru.yandex.qatools.allure.model.TestCaseResult@5b3b13fb[
  name=findJobThroughRegexp
  title=<null>
  description=<null>
  failure=<null>
  start=1445036595579
  stop=1445036616110
  status=PASSED
  severity=<null>
  steps=[]
  attachments=[]
  labels=[ru.yandex.qatools.allure.model.Label@42360a1c, ru.yandex.qatools.allure.model.Label@43e865ba]
  parameters=<null>
]
testCaseResult={
   "start" : 1445036595579,
   "stop" : 1445036616110,
   "status" : "passed",
   "name" : "findJobThroughRegexp",
   "steps" : {
      "step" : [ ]
   },
   "attachments" : {
      "attachment" : [ ]
   },
   "labels" : {
      "label" : [ {
         "name" : "host",
         "value" : "MacBook-Pro-2.home"
      }, {
         "name" : "thread",
         "value" : "1771@MacBook-Pro-2.home.main(1)"
      } ]
   }
}
testCase=ru.yandex.qatools.allure.model.TestCase@ee81f7c[
  _id=2c77abe2-cf3c-42fb-b95e-6fa3e6f23cd8
  executionId=7a8626ac-7b8d-4761-8bff-776519219d78
  threadName=thread_15005794375463
  name=findJobThroughRegexp
  title=<null>
  description=<null>
  failure=<null>
  start=1445036595579
  stop=1445036616110
  status=PASSED
  severity=<null>
  steps=[]
  attachments=[]
  labels=[ru.yandex.qatools.allure.model.Label@42360a1c, ru.yandex.qatools.allure.model.Label@43e865ba]
  parameters=<null>
]
testCase={
   "start" : 1445036595579,
   "stop" : 1445036616110,
   "status" : "passed",
   "_id" : "2c77abe2-cf3c-42fb-b95e-6fa3e6f23cd8",
   "executionId" : "7a8626ac-7b8d-4761-8bff-776519219d78",
   "threadName" : "thread_15005794375463",
   "name" : "findJobThroughRegexp",
   "steps" : {
      "step" : [ ]
   },
   "attachments" : {
      "attachment" : [ ]
   },
   "labels" : {
      "label" : [ {
         "name" : "host",
         "value" : "MacBook-Pro-2.home"
      }, {
         "name" : "thread",
         "value" : "1771@MacBook-Pro-2.home.main(1)"
      } ]
   }
}
>>>REQUEST: /testaspect/TestCase/2c77abe2-cf3c-42fb-b95e-6fa3e6f23cd8
<<<RESPONSE (201 Created): /testaspect/TestCase/2c77abe2-cf3c-42fb-b95e-6fa3e6f23cd8
]]></system-out>
  </testcase>
  <testcase name="Test mechanism" classname="Test mechanism" time="0.001">
    <error type="java.lang.NullPointerException:">java.lang.NullPointerException: null
	at org.junit.runner.Description.createSuiteDescription(Description.java:123)
	at ru.yandex.qatools.allure.junit.AllureRunListener.getSuiteUid(AllureRunListener.java:110)
	at ru.yandex.qatools.allure.junit.AllureRunListener.testStarted(AllureRunListener.java:50)
	at org.junit.runner.notification.RunNotifier$3.notifyListener(RunNotifier.java:115)
	at org.junit.runner.notification.RunNotifier$SafeNotifier.run(RunNotifier.java:61)
	at org.junit.runner.notification.RunNotifier.fireTestStarted(RunNotifier.java:112)
	at org.junit.internal.runners.model.EachTestNotifier.fireTestStarted(EachTestNotifier.java:43)
	at cucumber.runtime.junit.JUnitReporter.result(JUnitReporter.java:83)
	at cucumber.runtime.Runtime.runStep(Runtime.java:299)
	at cucumber.runtime.model.StepContainer.runStep(StepContainer.java:44)
	at cucumber.runtime.model.StepContainer.runSteps(StepContainer.java:39)
	at cucumber.runtime.model.CucumberScenario.run(CucumberScenario.java:40)
	at cucumber.runtime.junit.ExecutionUnitRunner.run(ExecutionUnitRunner.java:83)
	at cucumber.runtime.junit.FeatureRunner.runChild(FeatureRunner.java:63)
	at cucumber.runtime.junit.FeatureRunner.runChild(FeatureRunner.java:18)
	at org.junit.runners.ParentRunner$3.run(ParentRunner.java:238)
	at org.junit.runners.ParentRunner$1.schedule(ParentRunner.java:63)
	at org.junit.runners.ParentRunner.runChildren(ParentRunner.java:236)
	at org.junit.runners.ParentRunner.access$000(ParentRunner.java:53)
	at org.junit.runners.ParentRunner$2.evaluate(ParentRunner.java:229)
	at org.junit.runners.ParentRunner.run(ParentRunner.java:309)
	at cucumber.runtime.junit.FeatureRunner.run(FeatureRunner.java:70)
	at cucumber.api.junit.Cucumber.runChild(Cucumber.java:82)
	at cucumber.api.junit.Cucumber.runChild(Cucumber.java:41)
	at org.junit.runners.ParentRunner$3.run(ParentRunner.java:238)
	at org.junit.runners.ParentRunner$1.schedule(ParentRunner.java:63)
	at org.junit.runners.ParentRunner.runChildren(ParentRunner.java:236)
	at org.junit.runners.ParentRunner.access$000(ParentRunner.java:53)
	at org.junit.runners.ParentRunner$2.evaluate(ParentRunner.java:229)
	at org.junit.runners.ParentRunner.run(ParentRunner.java:309)
	at cucumber.api.junit.Cucumber.run(Cucumber.java:87)
	at org.apache.maven.surefire.junit4.JUnit4Provider.execute(JUnit4Provider.java:264)
	at org.apache.maven.surefire.junit4.JUnit4Provider.executeTestSet(JUnit4Provider.java:153)
	at org.apache.maven.surefire.junit4.JUnit4Provider.invoke(JUnit4Provider.java:124)
	at org.apache.maven.surefire.booter.ForkedBooter.invokeProviderInSameClassLoader(ForkedBooter.java:200)
	at org.apache.maven.surefire.booter.ForkedBooter.runSuitesInProcess(ForkedBooter.java:153)
	at org.apache.maven.surefire.booter.ForkedBooter.main(ForkedBooter.java:103)
</error>
    <system-out><![CDATA[testCaseResult=ru.yandex.qatools.allure.model.TestCaseResult@5b3b13fb[
  name=findJobThroughRegexp
  title=<null>
  description=<null>
  failure=<null>
  start=1445036595579
  stop=1445036616110
  status=PASSED
  severity=<null>
  steps=[]
  attachments=[]
  labels=[ru.yandex.qatools.allure.model.Label@42360a1c, ru.yandex.qatools.allure.model.Label@43e865ba]
  parameters=<null>
]
testCaseResult={
   "start" : 1445036595579,
   "stop" : 1445036616110,
   "status" : "passed",
   "name" : "findJobThroughRegexp",
   "steps" : {
      "step" : [ ]
   },
   "attachments" : {
      "attachment" : [ ]
   },
   "labels" : {
      "label" : [ {
         "name" : "host",
         "value" : "MacBook-Pro-2.home"
      }, {
         "name" : "thread",
         "value" : "1771@MacBook-Pro-2.home.main(1)"
      } ]
   }
}
testCase=ru.yandex.qatools.allure.model.TestCase@56fb2d7[
  _id=b29dcf86-a0e1-41d4-8c31-6e9592fc9e16
  executionId=7a8626ac-7b8d-4761-8bff-776519219d78
  threadName=thread_15005794375463
  name=findJobThroughRegexp
  title=<null>
  description=<null>
  failure=<null>
  start=1445036595579
  stop=1445036616110
  status=PASSED
  severity=<null>
  steps=[]
  attachments=[]
  labels=[ru.yandex.qatools.allure.model.Label@42360a1c, ru.yandex.qatools.allure.model.Label@43e865ba]
  parameters=<null>
]
testCase={
   "start" : 1445036595579,
   "stop" : 1445036616110,
   "status" : "passed",
   "_id" : "b29dcf86-a0e1-41d4-8c31-6e9592fc9e16",
   "executionId" : "7a8626ac-7b8d-4761-8bff-776519219d78",
   "threadName" : "thread_15005794375463",
   "name" : "findJobThroughRegexp",
   "steps" : {
      "step" : [ ]
   },
   "attachments" : {
      "attachment" : [ ]
   },
   "labels" : {
      "label" : [ {
         "name" : "host",
         "value" : "MacBook-Pro-2.home"
      }, {
         "name" : "thread",
         "value" : "1771@MacBook-Pro-2.home.main(1)"
      } ]
   }
}
>>>REQUEST: /testaspect/TestCase/b29dcf86-a0e1-41d4-8c31-6e9592fc9e16
<<<RESPONSE (201 Created): /testaspect/TestCase/b29dcf86-a0e1-41d4-8c31-6e9592fc9e16
master49670|Oct 16, 2015 7:09:09 PM hudson.model.Run execute
master49670|INFO: unaware_crowd #1 main build action completed: SUCCESS
]]></system-out>
  </testcase>
  <testcase name="Test mechanism" classname="Test mechanism" time="0.001">
    <error type="java.lang.NullPointerException:">java.lang.NullPointerException: null
	at org.junit.runner.Description.createSuiteDescription(Description.java:123)
	at ru.yandex.qatools.allure.junit.AllureRunListener.getSuiteUid(AllureRunListener.java:110)
	at ru.yandex.qatools.allure.junit.AllureRunListener.testStarted(AllureRunListener.java:50)
	at org.junit.runner.notification.RunNotifier$3.notifyListener(RunNotifier.java:115)
	at org.junit.runner.notification.RunNotifier$SafeNotifier.run(RunNotifier.java:61)
	at org.junit.runner.notification.RunNotifier.fireTestStarted(RunNotifier.java:112)
	at org.junit.internal.runners.model.EachTestNotifier.fireTestStarted(EachTestNotifier.java:43)
	at cucumber.runtime.junit.JUnitReporter.result(JUnitReporter.java:83)
	at cucumber.runtime.Runtime.runStep(Runtime.java:299)
	at cucumber.runtime.model.StepContainer.runStep(StepContainer.java:44)
	at cucumber.runtime.model.StepContainer.runSteps(StepContainer.java:39)
	at cucumber.runtime.model.CucumberScenario.run(CucumberScenario.java:40)
	at cucumber.runtime.junit.ExecutionUnitRunner.run(ExecutionUnitRunner.java:83)
	at cucumber.runtime.junit.FeatureRunner.runChild(FeatureRunner.java:63)
	at cucumber.runtime.junit.FeatureRunner.runChild(FeatureRunner.java:18)
	at org.junit.runners.ParentRunner$3.run(ParentRunner.java:238)
	at org.junit.runners.ParentRunner$1.schedule(ParentRunner.java:63)
	at org.junit.runners.ParentRunner.runChildren(ParentRunner.java:236)
	at org.junit.runners.ParentRunner.access$000(ParentRunner.java:53)
	at org.junit.runners.ParentRunner$2.evaluate(ParentRunner.java:229)
	at org.junit.runners.ParentRunner.run(ParentRunner.java:309)
	at cucumber.runtime.junit.FeatureRunner.run(FeatureRunner.java:70)
	at cucumber.api.junit.Cucumber.runChild(Cucumber.java:82)
	at cucumber.api.junit.Cucumber.runChild(Cucumber.java:41)
	at org.junit.runners.ParentRunner$3.run(ParentRunner.java:238)
	at org.junit.runners.ParentRunner$1.schedule(ParentRunner.java:63)
	at org.junit.runners.ParentRunner.runChildren(ParentRunner.java:236)
	at org.junit.runners.ParentRunner.access$000(ParentRunner.java:53)
	at org.junit.runners.ParentRunner$2.evaluate(ParentRunner.java:229)
	at org.junit.runners.ParentRunner.run(ParentRunner.java:309)
	at cucumber.api.junit.Cucumber.run(Cucumber.java:87)
	at org.apache.maven.surefire.junit4.JUnit4Provider.execute(JUnit4Provider.java:264)
	at org.apache.maven.surefire.junit4.JUnit4Provider.executeTestSet(JUnit4Provider.java:153)
	at org.apache.maven.surefire.junit4.JUnit4Provider.invoke(JUnit4Provider.java:124)
	at org.apache.maven.surefire.booter.ForkedBooter.invokeProviderInSameClassLoader(ForkedBooter.java:200)
	at org.apache.maven.surefire.booter.ForkedBooter.runSuitesInProcess(ForkedBooter.java:153)
	at org.apache.maven.surefire.booter.ForkedBooter.main(ForkedBooter.java:103)
</error>
    <system-out><![CDATA[testCaseResult=ru.yandex.qatools.allure.model.TestCaseResult@5b3b13fb[
  name=findJobThroughRegexp
  title=<null>
  description=<null>
  failure=<null>
  start=1445036595579
  stop=1445036616110
  status=PASSED
  severity=<null>
  steps=[]
  attachments=[]
  labels=[ru.yandex.qatools.allure.model.Label@42360a1c, ru.yandex.qatools.allure.model.Label@43e865ba]
  parameters=<null>
]
testCaseResult={
   "start" : 1445036595579,
   "stop" : 1445036616110,
   "status" : "passed",
   "name" : "findJobThroughRegexp",
   "steps" : {
      "step" : [ ]
   },
   "attachments" : {
      "attachment" : [ ]
   },
   "labels" : {
      "label" : [ {
         "name" : "host",
         "value" : "MacBook-Pro-2.home"
      }, {
         "name" : "thread",
         "value" : "1771@MacBook-Pro-2.home.main(1)"
      } ]
   }
}
testCase=ru.yandex.qatools.allure.model.TestCase@2171bbf0[
  _id=6711f2e9-b1df-47fd-afa9-af0b88f7dba1
  executionId=7a8626ac-7b8d-4761-8bff-776519219d78
  threadName=thread_15005794375463
  name=findJobThroughRegexp
  title=<null>
  description=<null>
  failure=<null>
  start=1445036595579
  stop=1445036616110
  status=PASSED
  severity=<null>
  steps=[]
  attachments=[]
  labels=[ru.yandex.qatools.allure.model.Label@42360a1c, ru.yandex.qatools.allure.model.Label@43e865ba]
  parameters=<null>
]
testCase={
   "start" : 1445036595579,
   "stop" : 1445036616110,
   "status" : "passed",
   "_id" : "6711f2e9-b1df-47fd-afa9-af0b88f7dba1",
   "executionId" : "7a8626ac-7b8d-4761-8bff-776519219d78",
   "threadName" : "thread_15005794375463",
   "name" : "findJobThroughRegexp",
   "steps" : {
      "step" : [ ]
   },
   "attachments" : {
      "attachment" : [ ]
   },
   "labels" : {
      "label" : [ {
         "name" : "host",
         "value" : "MacBook-Pro-2.home"
      }, {
         "name" : "thread",
         "value" : "1771@MacBook-Pro-2.home.main(1)"
      } ]
   }
}
>>>REQUEST: /testaspect/TestCase/6711f2e9-b1df-47fd-afa9-af0b88f7dba1
<<<RESPONSE (201 Created): /testaspect/TestCase/6711f2e9-b1df-47fd-afa9-af0b88f7dba1
]]></system-out>
  </testcase>
  <testcase name="Test mechanism" classname="Test mechanism" time="0.001">
    <error type="java.lang.NullPointerException:">java.lang.NullPointerException: null
	at org.junit.runner.Description.createSuiteDescription(Description.java:123)
	at ru.yandex.qatools.allure.junit.AllureRunListener.getSuiteUid(AllureRunListener.java:110)
	at ru.yandex.qatools.allure.junit.AllureRunListener.testStarted(AllureRunListener.java:50)
	at org.junit.runner.notification.RunNotifier$3.notifyListener(RunNotifier.java:115)
	at org.junit.runner.notification.RunNotifier$SafeNotifier.run(RunNotifier.java:61)
	at org.junit.runner.notification.RunNotifier.fireTestStarted(RunNotifier.java:112)
	at org.junit.internal.runners.model.EachTestNotifier.fireTestStarted(EachTestNotifier.java:43)
	at cucumber.runtime.junit.JUnitReporter.result(JUnitReporter.java:83)
	at cucumber.runtime.Runtime.runStep(Runtime.java:299)
	at cucumber.runtime.model.StepContainer.runStep(StepContainer.java:44)
	at cucumber.runtime.model.StepContainer.runSteps(StepContainer.java:39)
	at cucumber.runtime.model.CucumberScenario.run(CucumberScenario.java:40)
	at cucumber.runtime.junit.ExecutionUnitRunner.run(ExecutionUnitRunner.java:83)
	at cucumber.runtime.junit.FeatureRunner.runChild(FeatureRunner.java:63)
	at cucumber.runtime.junit.FeatureRunner.runChild(FeatureRunner.java:18)
	at org.junit.runners.ParentRunner$3.run(ParentRunner.java:238)
	at org.junit.runners.ParentRunner$1.schedule(ParentRunner.java:63)
	at org.junit.runners.ParentRunner.runChildren(ParentRunner.java:236)
	at org.junit.runners.ParentRunner.access$000(ParentRunner.java:53)
	at org.junit.runners.ParentRunner$2.evaluate(ParentRunner.java:229)
	at org.junit.runners.ParentRunner.run(ParentRunner.java:309)
	at cucumber.runtime.junit.FeatureRunner.run(FeatureRunner.java:70)
	at cucumber.api.junit.Cucumber.runChild(Cucumber.java:82)
	at cucumber.api.junit.Cucumber.runChild(Cucumber.java:41)
	at org.junit.runners.ParentRunner$3.run(ParentRunner.java:238)
	at org.junit.runners.ParentRunner$1.schedule(ParentRunner.java:63)
	at org.junit.runners.ParentRunner.runChildren(ParentRunner.java:236)
	at org.junit.runners.ParentRunner.access$000(ParentRunner.java:53)
	at org.junit.runners.ParentRunner$2.evaluate(ParentRunner.java:229)
	at org.junit.runners.ParentRunner.run(ParentRunner.java:309)
	at cucumber.api.junit.Cucumber.run(Cucumber.java:87)
	at org.apache.maven.surefire.junit4.JUnit4Provider.execute(JUnit4Provider.java:264)
	at org.apache.maven.surefire.junit4.JUnit4Provider.executeTestSet(JUnit4Provider.java:153)
	at org.apache.maven.surefire.junit4.JUnit4Provider.invoke(JUnit4Provider.java:124)
	at org.apache.maven.surefire.booter.ForkedBooter.invokeProviderInSameClassLoader(ForkedBooter.java:200)
	at org.apache.maven.surefire.booter.ForkedBooter.runSuitesInProcess(ForkedBooter.java:153)
	at org.apache.maven.surefire.booter.ForkedBooter.main(ForkedBooter.java:103)
</error>
    <system-out><![CDATA[testCaseResult=ru.yandex.qatools.allure.model.TestCaseResult@5b3b13fb[
  name=findJobThroughRegexp
  title=<null>
  description=<null>
  failure=<null>
  start=1445036595579
  stop=1445036616110
  status=PASSED
  severity=<null>
  steps=[]
  attachments=[]
  labels=[ru.yandex.qatools.allure.model.Label@42360a1c, ru.yandex.qatools.allure.model.Label@43e865ba]
  parameters=<null>
]
testCaseResult={
   "start" : 1445036595579,
   "stop" : 1445036616110,
   "status" : "passed",
   "name" : "findJobThroughRegexp",
   "steps" : {
      "step" : [ ]
   },
   "attachments" : {
      "attachment" : [ ]
   },
   "labels" : {
      "label" : [ {
         "name" : "host",
         "value" : "MacBook-Pro-2.home"
      }, {
         "name" : "thread",
         "value" : "1771@MacBook-Pro-2.home.main(1)"
      } ]
   }
}
testCase=ru.yandex.qatools.allure.model.TestCase@262891c7[
  _id=61600038-10d5-4e27-b87a-0cb62dda58ff
  executionId=7a8626ac-7b8d-4761-8bff-776519219d78
  threadName=thread_15005794375463
  name=findJobThroughRegexp
  title=<null>
  description=<null>
  failure=<null>
  start=1445036595579
  stop=1445036616110
  status=PASSED
  severity=<null>
  steps=[]
  attachments=[]
  labels=[ru.yandex.qatools.allure.model.Label@42360a1c, ru.yandex.qatools.allure.model.Label@43e865ba]
  parameters=<null>
]
testCase={
   "start" : 1445036595579,
   "stop" : 1445036616110,
   "status" : "passed",
   "_id" : "61600038-10d5-4e27-b87a-0cb62dda58ff",
   "executionId" : "7a8626ac-7b8d-4761-8bff-776519219d78",
   "threadName" : "thread_15005794375463",
   "name" : "findJobThroughRegexp",
   "steps" : {
      "step" : [ ]
   },
   "attachments" : {
      "attachment" : [ ]
   },
   "labels" : {
      "label" : [ {
         "name" : "host",
         "value" : "MacBook-Pro-2.home"
      }, {
         "name" : "thread",
         "value" : "1771@MacBook-Pro-2.home.main(1)"
      } ]
   }
}
>>>REQUEST: /testaspect/TestCase/61600038-10d5-4e27-b87a-0cb62dda58ff
<<<RESPONSE (201 Created): /testaspect/TestCase/61600038-10d5-4e27-b87a-0cb62dda58ff
]]></system-out>
  </testcase>
  <testcase name="Test mechanism" classname="Test mechanism" time="0.001">
    <error type="java.lang.NullPointerException:">java.lang.NullPointerException: null
	at org.junit.runner.Description.createSuiteDescription(Description.java:123)
	at ru.yandex.qatools.allure.junit.AllureRunListener.getSuiteUid(AllureRunListener.java:110)
	at ru.yandex.qatools.allure.junit.AllureRunListener.testStarted(AllureRunListener.java:50)
	at org.junit.runner.notification.RunNotifier$3.notifyListener(RunNotifier.java:115)
	at org.junit.runner.notification.RunNotifier$SafeNotifier.run(RunNotifier.java:61)
	at org.junit.runner.notification.RunNotifier.fireTestStarted(RunNotifier.java:112)
	at org.junit.internal.runners.model.EachTestNotifier.fireTestStarted(EachTestNotifier.java:43)
	at cucumber.runtime.junit.JUnitReporter.result(JUnitReporter.java:83)
	at cucumber.runtime.Runtime.runStep(Runtime.java:299)
	at cucumber.runtime.model.StepContainer.runStep(StepContainer.java:44)
	at cucumber.runtime.model.StepContainer.runSteps(StepContainer.java:39)
	at cucumber.runtime.model.CucumberScenario.run(CucumberScenario.java:40)
	at cucumber.runtime.junit.ExecutionUnitRunner.run(ExecutionUnitRunner.java:83)
	at cucumber.runtime.junit.FeatureRunner.runChild(FeatureRunner.java:63)
	at cucumber.runtime.junit.FeatureRunner.runChild(FeatureRunner.java:18)
	at org.junit.runners.ParentRunner$3.run(ParentRunner.java:238)
	at org.junit.runners.ParentRunner$1.schedule(ParentRunner.java:63)
	at org.junit.runners.ParentRunner.runChildren(ParentRunner.java:236)
	at org.junit.runners.ParentRunner.access$000(ParentRunner.java:53)
	at org.junit.runners.ParentRunner$2.evaluate(ParentRunner.java:229)
	at org.junit.runners.ParentRunner.run(ParentRunner.java:309)
	at cucumber.runtime.junit.FeatureRunner.run(FeatureRunner.java:70)
	at cucumber.api.junit.Cucumber.runChild(Cucumber.java:82)
	at cucumber.api.junit.Cucumber.runChild(Cucumber.java:41)
	at org.junit.runners.ParentRunner$3.run(ParentRunner.java:238)
	at org.junit.runners.ParentRunner$1.schedule(ParentRunner.java:63)
	at org.junit.runners.ParentRunner.runChildren(ParentRunner.java:236)
	at org.junit.runners.ParentRunner.access$000(ParentRunner.java:53)
	at org.junit.runners.ParentRunner$2.evaluate(ParentRunner.java:229)
	at org.junit.runners.ParentRunner.run(ParentRunner.java:309)
	at cucumber.api.junit.Cucumber.run(Cucumber.java:87)
	at org.apache.maven.surefire.junit4.JUnit4Provider.execute(JUnit4Provider.java:264)
	at org.apache.maven.surefire.junit4.JUnit4Provider.executeTestSet(JUnit4Provider.java:153)
	at org.apache.maven.surefire.junit4.JUnit4Provider.invoke(JUnit4Provider.java:124)
	at org.apache.maven.surefire.booter.ForkedBooter.invokeProviderInSameClassLoader(ForkedBooter.java:200)
	at org.apache.maven.surefire.booter.ForkedBooter.runSuitesInProcess(ForkedBooter.java:153)
	at org.apache.maven.surefire.booter.ForkedBooter.main(ForkedBooter.java:103)
</error>
    <system-out><![CDATA[testCaseResult=ru.yandex.qatools.allure.model.TestCaseResult@5b3b13fb[
  name=findJobThroughRegexp
  title=<null>
  description=<null>
  failure=<null>
  start=1445036595579
  stop=1445036616110
  status=PASSED
  severity=<null>
  steps=[]
  attachments=[]
  labels=[ru.yandex.qatools.allure.model.Label@42360a1c, ru.yandex.qatools.allure.model.Label@43e865ba]
  parameters=<null>
]
testCaseResult={
   "start" : 1445036595579,
   "stop" : 1445036616110,
   "status" : "passed",
   "name" : "findJobThroughRegexp",
   "steps" : {
      "step" : [ ]
   },
   "attachments" : {
      "attachment" : [ ]
   },
   "labels" : {
      "label" : [ {
         "name" : "host",
         "value" : "MacBook-Pro-2.home"
      }, {
         "name" : "thread",
         "value" : "1771@MacBook-Pro-2.home.main(1)"
      } ]
   }
}
testCase=ru.yandex.qatools.allure.model.TestCase@45fa64fe[
  _id=7d6f0258-2d06-4765-8d5b-03da7de30bd0
  executionId=7a8626ac-7b8d-4761-8bff-776519219d78
  threadName=thread_15005794375463
  name=findJobThroughRegexp
  title=<null>
  description=<null>
  failure=<null>
  start=1445036595579
  stop=1445036616110
  status=PASSED
  severity=<null>
  steps=[]
  attachments=[]
  labels=[ru.yandex.qatools.allure.model.Label@42360a1c, ru.yandex.qatools.allure.model.Label@43e865ba]
  parameters=<null>
]
testCase={
   "start" : 1445036595579,
   "stop" : 1445036616110,
   "status" : "passed",
   "_id" : "7d6f0258-2d06-4765-8d5b-03da7de30bd0",
   "executionId" : "7a8626ac-7b8d-4761-8bff-776519219d78",
   "threadName" : "thread_15005794375463",
   "name" : "findJobThroughRegexp",
   "steps" : {
      "step" : [ ]
   },
   "attachments" : {
      "attachment" : [ ]
   },
   "labels" : {
      "label" : [ {
         "name" : "host",
         "value" : "MacBook-Pro-2.home"
      }, {
         "name" : "thread",
         "value" : "1771@MacBook-Pro-2.home.main(1)"
      } ]
   }
}
>>>REQUEST: /testaspect/TestCase/7d6f0258-2d06-4765-8d5b-03da7de30bd0
<<<RESPONSE (201 Created): /testaspect/TestCase/7d6f0258-2d06-4765-8d5b-03da7de30bd0
]]></system-out>
  </testcase>
  <testcase name="Test mechanism" classname="Test mechanism" time="0.001">
    <error type="java.lang.NullPointerException:">java.lang.NullPointerException: null
	at org.junit.runner.Description.createSuiteDescription(Description.java:123)
	at ru.yandex.qatools.allure.junit.AllureRunListener.getSuiteUid(AllureRunListener.java:110)
	at ru.yandex.qatools.allure.junit.AllureRunListener.testStarted(AllureRunListener.java:50)
	at org.junit.runner.notification.RunNotifier$3.notifyListener(RunNotifier.java:115)
	at org.junit.runner.notification.RunNotifier$SafeNotifier.run(RunNotifier.java:61)
	at org.junit.runner.notification.RunNotifier.fireTestStarted(RunNotifier.java:112)
	at org.junit.internal.runners.model.EachTestNotifier.fireTestStarted(EachTestNotifier.java:43)
	at cucumber.runtime.junit.JUnitReporter.result(JUnitReporter.java:83)
	at cucumber.runtime.Runtime.runStep(Runtime.java:299)
	at cucumber.runtime.model.StepContainer.runStep(StepContainer.java:44)
	at cucumber.runtime.model.StepContainer.runSteps(StepContainer.java:39)
	at cucumber.runtime.model.CucumberScenario.run(CucumberScenario.java:40)
	at cucumber.runtime.junit.ExecutionUnitRunner.run(ExecutionUnitRunner.java:83)
	at cucumber.runtime.junit.FeatureRunner.runChild(FeatureRunner.java:63)
	at cucumber.runtime.junit.FeatureRunner.runChild(FeatureRunner.java:18)
	at org.junit.runners.ParentRunner$3.run(ParentRunner.java:238)
	at org.junit.runners.ParentRunner$1.schedule(ParentRunner.java:63)
	at org.junit.runners.ParentRunner.runChildren(ParentRunner.java:236)
	at org.junit.runners.ParentRunner.access$000(ParentRunner.java:53)
	at org.junit.runners.ParentRunner$2.evaluate(ParentRunner.java:229)
	at org.junit.runners.ParentRunner.run(ParentRunner.java:309)
	at cucumber.runtime.junit.FeatureRunner.run(FeatureRunner.java:70)
	at cucumber.api.junit.Cucumber.runChild(Cucumber.java:82)
	at cucumber.api.junit.Cucumber.runChild(Cucumber.java:41)
	at org.junit.runners.ParentRunner$3.run(ParentRunner.java:238)
	at org.junit.runners.ParentRunner$1.schedule(ParentRunner.java:63)
	at org.junit.runners.ParentRunner.runChildren(ParentRunner.java:236)
	at org.junit.runners.ParentRunner.access$000(ParentRunner.java:53)
	at org.junit.runners.ParentRunner$2.evaluate(ParentRunner.java:229)
	at org.junit.runners.ParentRunner.run(ParentRunner.java:309)
	at cucumber.api.junit.Cucumber.run(Cucumber.java:87)
	at org.apache.maven.surefire.junit4.JUnit4Provider.execute(JUnit4Provider.java:264)
	at org.apache.maven.surefire.junit4.JUnit4Provider.executeTestSet(JUnit4Provider.java:153)
	at org.apache.maven.surefire.junit4.JUnit4Provider.invoke(JUnit4Provider.java:124)
	at org.apache.maven.surefire.booter.ForkedBooter.invokeProviderInSameClassLoader(ForkedBooter.java:200)
	at org.apache.maven.surefire.booter.ForkedBooter.runSuitesInProcess(ForkedBooter.java:153)
	at org.apache.maven.surefire.booter.ForkedBooter.main(ForkedBooter.java:103)
</error>
    <system-out><![CDATA[testCaseResult=ru.yandex.qatools.allure.model.TestCaseResult@5b3b13fb[
  name=findJobThroughRegexp
  title=<null>
  description=<null>
  failure=<null>
  start=1445036595579
  stop=1445036616110
  status=PASSED
  severity=<null>
  steps=[]
  attachments=[]
  labels=[ru.yandex.qatools.allure.model.Label@42360a1c, ru.yandex.qatools.allure.model.Label@43e865ba]
  parameters=<null>
]
testCaseResult={
   "start" : 1445036595579,
   "stop" : 1445036616110,
   "status" : "passed",
   "name" : "findJobThroughRegexp",
   "steps" : {
      "step" : [ ]
   },
   "attachments" : {
      "attachment" : [ ]
   },
   "labels" : {
      "label" : [ {
         "name" : "host",
         "value" : "MacBook-Pro-2.home"
      }, {
         "name" : "thread",
         "value" : "1771@MacBook-Pro-2.home.main(1)"
      } ]
   }
}
testCase=ru.yandex.qatools.allure.model.TestCase@440c9bc7[
  _id=efb0ec5d-cea1-4fb1-a0b9-fe873d8d9f56
  executionId=7a8626ac-7b8d-4761-8bff-776519219d78
  threadName=thread_15005794375463
  name=findJobThroughRegexp
  title=<null>
  description=<null>
  failure=<null>
  start=1445036595579
  stop=1445036616110
  status=PASSED
  severity=<null>
  steps=[]
  attachments=[]
  labels=[ru.yandex.qatools.allure.model.Label@42360a1c, ru.yandex.qatools.allure.model.Label@43e865ba]
  parameters=<null>
]
testCase={
   "start" : 1445036595579,
   "stop" : 1445036616110,
   "status" : "passed",
   "_id" : "efb0ec5d-cea1-4fb1-a0b9-fe873d8d9f56",
   "executionId" : "7a8626ac-7b8d-4761-8bff-776519219d78",
   "threadName" : "thread_15005794375463",
   "name" : "findJobThroughRegexp",
   "steps" : {
      "step" : [ ]
   },
   "attachments" : {
      "attachment" : [ ]
   },
   "labels" : {
      "label" : [ {
         "name" : "host",
         "value" : "MacBook-Pro-2.home"
      }, {
         "name" : "thread",
         "value" : "1771@MacBook-Pro-2.home.main(1)"
      } ]
   }
}
>>>REQUEST: /testaspect/TestCase/efb0ec5d-cea1-4fb1-a0b9-fe873d8d9f56
<<<RESPONSE (201 Created): /testaspect/TestCase/efb0ec5d-cea1-4fb1-a0b9-fe873d8d9f56
master49670|Oct 16, 2015 7:09:13 PM hudson.model.Run execute
master49670|INFO: unaware_crowd #2 main build action completed: FAILURE
master49670|Oct 16, 2015 7:09:14 PM hudson.model.Run execute
master49670|INFO: unaware_crowd #3 main build action completed: FAILURE
]]></system-out>
  </testcase>
  <testcase name="Test mechanism" classname="Test mechanism" time="0.001">
    <error type="java.lang.NullPointerException:">java.lang.NullPointerException: null
	at org.junit.runner.Description.createSuiteDescription(Description.java:123)
	at ru.yandex.qatools.allure.junit.AllureRunListener.getSuiteUid(AllureRunListener.java:110)
	at ru.yandex.qatools.allure.junit.AllureRunListener.testStarted(AllureRunListener.java:50)
	at org.junit.runner.notification.RunNotifier$3.notifyListener(RunNotifier.java:115)
	at org.junit.runner.notification.RunNotifier$SafeNotifier.run(RunNotifier.java:61)
	at org.junit.runner.notification.RunNotifier.fireTestStarted(RunNotifier.java:112)
	at org.junit.internal.runners.model.EachTestNotifier.fireTestStarted(EachTestNotifier.java:43)
	at cucumber.runtime.junit.JUnitReporter.result(JUnitReporter.java:83)
	at cucumber.runtime.Runtime.runStep(Runtime.java:299)
	at cucumber.runtime.model.StepContainer.runStep(StepContainer.java:44)
	at cucumber.runtime.model.StepContainer.runSteps(StepContainer.java:39)
	at cucumber.runtime.model.CucumberScenario.run(CucumberScenario.java:40)
	at cucumber.runtime.junit.ExecutionUnitRunner.run(ExecutionUnitRunner.java:83)
	at cucumber.runtime.junit.FeatureRunner.runChild(FeatureRunner.java:63)
	at cucumber.runtime.junit.FeatureRunner.runChild(FeatureRunner.java:18)
	at org.junit.runners.ParentRunner$3.run(ParentRunner.java:238)
	at org.junit.runners.ParentRunner$1.schedule(ParentRunner.java:63)
	at org.junit.runners.ParentRunner.runChildren(ParentRunner.java:236)
	at org.junit.runners.ParentRunner.access$000(ParentRunner.java:53)
	at org.junit.runners.ParentRunner$2.evaluate(ParentRunner.java:229)
	at org.junit.runners.ParentRunner.run(ParentRunner.java:309)
	at cucumber.runtime.junit.FeatureRunner.run(FeatureRunner.java:70)
	at cucumber.api.junit.Cucumber.runChild(Cucumber.java:82)
	at cucumber.api.junit.Cucumber.runChild(Cucumber.java:41)
	at org.junit.runners.ParentRunner$3.run(ParentRunner.java:238)
	at org.junit.runners.ParentRunner$1.schedule(ParentRunner.java:63)
	at org.junit.runners.ParentRunner.runChildren(ParentRunner.java:236)
	at org.junit.runners.ParentRunner.access$000(ParentRunner.java:53)
	at org.junit.runners.ParentRunner$2.evaluate(ParentRunner.java:229)
	at org.junit.runners.ParentRunner.run(ParentRunner.java:309)
	at cucumber.api.junit.Cucumber.run(Cucumber.java:87)
	at org.apache.maven.surefire.junit4.JUnit4Provider.execute(JUnit4Provider.java:264)
	at org.apache.maven.surefire.junit4.JUnit4Provider.executeTestSet(JUnit4Provider.java:153)
	at org.apache.maven.surefire.junit4.JUnit4Provider.invoke(JUnit4Provider.java:124)
	at org.apache.maven.surefire.booter.ForkedBooter.invokeProviderInSameClassLoader(ForkedBooter.java:200)
	at org.apache.maven.surefire.booter.ForkedBooter.runSuitesInProcess(ForkedBooter.java:153)
	at org.apache.maven.surefire.booter.ForkedBooter.main(ForkedBooter.java:103)
</error>
    <system-out><![CDATA[testCaseResult=ru.yandex.qatools.allure.model.TestCaseResult@5b3b13fb[
  name=findJobThroughRegexp
  title=<null>
  description=<null>
  failure=<null>
  start=1445036595579
  stop=1445036616110
  status=PASSED
  severity=<null>
  steps=[]
  attachments=[]
  labels=[ru.yandex.qatools.allure.model.Label@42360a1c, ru.yandex.qatools.allure.model.Label@43e865ba]
  parameters=<null>
]
testCaseResult={
   "start" : 1445036595579,
   "stop" : 1445036616110,
   "status" : "passed",
   "name" : "findJobThroughRegexp",
   "steps" : {
      "step" : [ ]
   },
   "attachments" : {
      "attachment" : [ ]
   },
   "labels" : {
      "label" : [ {
         "name" : "host",
         "value" : "MacBook-Pro-2.home"
      }, {
         "name" : "thread",
         "value" : "1771@MacBook-Pro-2.home.main(1)"
      } ]
   }
}
testCase=ru.yandex.qatools.allure.model.TestCase@191de414[
  _id=5a20b230-db24-4176-864b-366a6d6e892c
  executionId=7a8626ac-7b8d-4761-8bff-776519219d78
  threadName=thread_15005794375463
  name=findJobThroughRegexp
  title=<null>
  description=<null>
  failure=<null>
  start=1445036595579
  stop=1445036616110
  status=PASSED
  severity=<null>
  steps=[]
  attachments=[]
  labels=[ru.yandex.qatools.allure.model.Label@42360a1c, ru.yandex.qatools.allure.model.Label@43e865ba]
  parameters=<null>
]
testCase={
   "start" : 1445036595579,
   "stop" : 1445036616110,
   "status" : "passed",
   "_id" : "5a20b230-db24-4176-864b-366a6d6e892c",
   "executionId" : "7a8626ac-7b8d-4761-8bff-776519219d78",
   "threadName" : "thread_15005794375463",
   "name" : "findJobThroughRegexp",
   "steps" : {
      "step" : [ ]
   },
   "attachments" : {
      "attachment" : [ ]
   },
   "labels" : {
      "label" : [ {
         "name" : "host",
         "value" : "MacBook-Pro-2.home"
      }, {
         "name" : "thread",
         "value" : "1771@MacBook-Pro-2.home.main(1)"
      } ]
   }
}
>>>REQUEST: /testaspect/TestCase/5a20b230-db24-4176-864b-366a6d6e892c
<<<RESPONSE (201 Created): /testaspect/TestCase/5a20b230-db24-4176-864b-366a6d6e892c
]]></system-out>
  </testcase>
  <testcase name="Test mechanism" classname="Test mechanism" time="0.001">
    <error type="java.lang.NullPointerException:">java.lang.NullPointerException: null
	at org.junit.runner.Description.createSuiteDescription(Description.java:123)
	at ru.yandex.qatools.allure.junit.AllureRunListener.getSuiteUid(AllureRunListener.java:110)
	at ru.yandex.qatools.allure.junit.AllureRunListener.testStarted(AllureRunListener.java:50)
	at org.junit.runner.notification.RunNotifier$3.notifyListener(RunNotifier.java:115)
	at org.junit.runner.notification.RunNotifier$SafeNotifier.run(RunNotifier.java:61)
	at org.junit.runner.notification.RunNotifier.fireTestStarted(RunNotifier.java:112)
	at org.junit.internal.runners.model.EachTestNotifier.fireTestStarted(EachTestNotifier.java:43)
	at cucumber.runtime.junit.JUnitReporter.result(JUnitReporter.java:83)
	at cucumber.runtime.Runtime.runStep(Runtime.java:299)
	at cucumber.runtime.model.StepContainer.runStep(StepContainer.java:44)
	at cucumber.runtime.model.StepContainer.runSteps(StepContainer.java:39)
	at cucumber.runtime.model.CucumberScenario.run(CucumberScenario.java:40)
	at cucumber.runtime.junit.ExecutionUnitRunner.run(ExecutionUnitRunner.java:83)
	at cucumber.runtime.junit.FeatureRunner.runChild(FeatureRunner.java:63)
	at cucumber.runtime.junit.FeatureRunner.runChild(FeatureRunner.java:18)
	at org.junit.runners.ParentRunner$3.run(ParentRunner.java:238)
	at org.junit.runners.ParentRunner$1.schedule(ParentRunner.java:63)
	at org.junit.runners.ParentRunner.runChildren(ParentRunner.java:236)
	at org.junit.runners.ParentRunner.access$000(ParentRunner.java:53)
	at org.junit.runners.ParentRunner$2.evaluate(ParentRunner.java:229)
	at org.junit.runners.ParentRunner.run(ParentRunner.java:309)
	at cucumber.runtime.junit.FeatureRunner.run(FeatureRunner.java:70)
	at cucumber.api.junit.Cucumber.runChild(Cucumber.java:82)
	at cucumber.api.junit.Cucumber.runChild(Cucumber.java:41)
	at org.junit.runners.ParentRunner$3.run(ParentRunner.java:238)
	at org.junit.runners.ParentRunner$1.schedule(ParentRunner.java:63)
	at org.junit.runners.ParentRunner.runChildren(ParentRunner.java:236)
	at org.junit.runners.ParentRunner.access$000(ParentRunner.java:53)
	at org.junit.runners.ParentRunner$2.evaluate(ParentRunner.java:229)
	at org.junit.runners.ParentRunner.run(ParentRunner.java:309)
	at cucumber.api.junit.Cucumber.run(Cucumber.java:87)
	at org.apache.maven.surefire.junit4.JUnit4Provider.execute(JUnit4Provider.java:264)
	at org.apache.maven.surefire.junit4.JUnit4Provider.executeTestSet(JUnit4Provider.java:153)
	at org.apache.maven.surefire.junit4.JUnit4Provider.invoke(JUnit4Provider.java:124)
	at org.apache.maven.surefire.booter.ForkedBooter.invokeProviderInSameClassLoader(ForkedBooter.java:200)
	at org.apache.maven.surefire.booter.ForkedBooter.runSuitesInProcess(ForkedBooter.java:153)
	at org.apache.maven.surefire.booter.ForkedBooter.main(ForkedBooter.java:103)
</error>
    <system-out><![CDATA[testCaseResult=ru.yandex.qatools.allure.model.TestCaseResult@5b3b13fb[
  name=findJobThroughRegexp
  title=<null>
  description=<null>
  failure=<null>
  start=1445036595579
  stop=1445036616110
  status=PASSED
  severity=<null>
  steps=[]
  attachments=[]
  labels=[ru.yandex.qatools.allure.model.Label@42360a1c, ru.yandex.qatools.allure.model.Label@43e865ba]
  parameters=<null>
]
testCaseResult={
   "start" : 1445036595579,
   "stop" : 1445036616110,
   "status" : "passed",
   "name" : "findJobThroughRegexp",
   "steps" : {
      "step" : [ ]
   },
   "attachments" : {
      "attachment" : [ ]
   },
   "labels" : {
      "label" : [ {
         "name" : "host",
         "value" : "MacBook-Pro-2.home"
      }, {
         "name" : "thread",
         "value" : "1771@MacBook-Pro-2.home.main(1)"
      } ]
   }
}
testCase=ru.yandex.qatools.allure.model.TestCase@21dffe1b[
  _id=d176e6ae-93a3-445e-8013-db4d4c572a21
  executionId=7a8626ac-7b8d-4761-8bff-776519219d78
  threadName=thread_15005794375463
  name=findJobThroughRegexp
  title=<null>
  description=<null>
  failure=<null>
  start=1445036595579
  stop=1445036616110
  status=PASSED
  severity=<null>
  steps=[]
  attachments=[]
  labels=[ru.yandex.qatools.allure.model.Label@42360a1c, ru.yandex.qatools.allure.model.Label@43e865ba]
  parameters=<null>
]
testCase={
   "start" : 1445036595579,
   "stop" : 1445036616110,
   "status" : "passed",
   "_id" : "d176e6ae-93a3-445e-8013-db4d4c572a21",
   "executionId" : "7a8626ac-7b8d-4761-8bff-776519219d78",
   "threadName" : "thread_15005794375463",
   "name" : "findJobThroughRegexp",
   "steps" : {
      "step" : [ ]
   },
   "attachments" : {
      "attachment" : [ ]
   },
   "labels" : {
      "label" : [ {
         "name" : "host",
         "value" : "MacBook-Pro-2.home"
      }, {
         "name" : "thread",
         "value" : "1771@MacBook-Pro-2.home.main(1)"
      } ]
   }
}
>>>REQUEST: /testaspect/TestCase/d176e6ae-93a3-445e-8013-db4d4c572a21
<<<RESPONSE (201 Created): /testaspect/TestCase/d176e6ae-93a3-445e-8013-db4d4c572a21
]]></system-out>
  </testcase>
  <testcase name="Test mechanism" classname="Test mechanism" time="0.001">
    <error type="java.lang.NullPointerException:">java.lang.NullPointerException: null
	at org.junit.runner.Description.createSuiteDescription(Description.java:123)
	at ru.yandex.qatools.allure.junit.AllureRunListener.getSuiteUid(AllureRunListener.java:110)
	at ru.yandex.qatools.allure.junit.AllureRunListener.testStarted(AllureRunListener.java:50)
	at org.junit.runner.notification.RunNotifier$3.notifyListener(RunNotifier.java:115)
	at org.junit.runner.notification.RunNotifier$SafeNotifier.run(RunNotifier.java:61)
	at org.junit.runner.notification.RunNotifier.fireTestStarted(RunNotifier.java:112)
	at org.junit.internal.runners.model.EachTestNotifier.fireTestStarted(EachTestNotifier.java:43)
	at cucumber.runtime.junit.JUnitReporter.result(JUnitReporter.java:83)
	at cucumber.runtime.Runtime.runStep(Runtime.java:299)
	at cucumber.runtime.model.StepContainer.runStep(StepContainer.java:44)
	at cucumber.runtime.model.StepContainer.runSteps(StepContainer.java:39)
	at cucumber.runtime.model.CucumberScenario.run(CucumberScenario.java:40)
	at cucumber.runtime.junit.ExecutionUnitRunner.run(ExecutionUnitRunner.java:83)
	at cucumber.runtime.junit.FeatureRunner.runChild(FeatureRunner.java:63)
	at cucumber.runtime.junit.FeatureRunner.runChild(FeatureRunner.java:18)
	at org.junit.runners.ParentRunner$3.run(ParentRunner.java:238)
	at org.junit.runners.ParentRunner$1.schedule(ParentRunner.java:63)
	at org.junit.runners.ParentRunner.runChildren(ParentRunner.java:236)
	at org.junit.runners.ParentRunner.access$000(ParentRunner.java:53)
	at org.junit.runners.ParentRunner$2.evaluate(ParentRunner.java:229)
	at org.junit.runners.ParentRunner.run(ParentRunner.java:309)
	at cucumber.runtime.junit.FeatureRunner.run(FeatureRunner.java:70)
	at cucumber.api.junit.Cucumber.runChild(Cucumber.java:82)
	at cucumber.api.junit.Cucumber.runChild(Cucumber.java:41)
	at org.junit.runners.ParentRunner$3.run(ParentRunner.java:238)
	at org.junit.runners.ParentRunner$1.schedule(ParentRunner.java:63)
	at org.junit.runners.ParentRunner.runChildren(ParentRunner.java:236)
	at org.junit.runners.ParentRunner.access$000(ParentRunner.java:53)
	at org.junit.runners.ParentRunner$2.evaluate(ParentRunner.java:229)
	at org.junit.runners.ParentRunner.run(ParentRunner.java:309)
	at cucumber.api.junit.Cucumber.run(Cucumber.java:87)
	at org.apache.maven.surefire.junit4.JUnit4Provider.execute(JUnit4Provider.java:264)
	at org.apache.maven.surefire.junit4.JUnit4Provider.executeTestSet(JUnit4Provider.java:153)
	at org.apache.maven.surefire.junit4.JUnit4Provider.invoke(JUnit4Provider.java:124)
	at org.apache.maven.surefire.booter.ForkedBooter.invokeProviderInSameClassLoader(ForkedBooter.java:200)
	at org.apache.maven.surefire.booter.ForkedBooter.runSuitesInProcess(ForkedBooter.java:153)
	at org.apache.maven.surefire.booter.ForkedBooter.main(ForkedBooter.java:103)
</error>
    <system-out><![CDATA[testCaseResult=ru.yandex.qatools.allure.model.TestCaseResult@5b3b13fb[
  name=findJobThroughRegexp
  title=<null>
  description=<null>
  failure=<null>
  start=1445036595579
  stop=1445036616110
  status=PASSED
  severity=<null>
  steps=[]
  attachments=[]
  labels=[ru.yandex.qatools.allure.model.Label@42360a1c, ru.yandex.qatools.allure.model.Label@43e865ba]
  parameters=<null>
]
testCaseResult={
   "start" : 1445036595579,
   "stop" : 1445036616110,
   "status" : "passed",
   "name" : "findJobThroughRegexp",
   "steps" : {
      "step" : [ ]
   },
   "attachments" : {
      "attachment" : [ ]
   },
   "labels" : {
      "label" : [ {
         "name" : "host",
         "value" : "MacBook-Pro-2.home"
      }, {
         "name" : "thread",
         "value" : "1771@MacBook-Pro-2.home.main(1)"
      } ]
   }
}
testCase=ru.yandex.qatools.allure.model.TestCase@69dc41a6[
  _id=c5631a7c-dec3-4011-aed4-0df5bb90792b
  executionId=7a8626ac-7b8d-4761-8bff-776519219d78
  threadName=thread_15005794375463
  name=findJobThroughRegexp
  title=<null>
  description=<null>
  failure=<null>
  start=1445036595579
  stop=1445036616110
  status=PASSED
  severity=<null>
  steps=[]
  attachments=[]
  labels=[ru.yandex.qatools.allure.model.Label@42360a1c, ru.yandex.qatools.allure.model.Label@43e865ba]
  parameters=<null>
]
testCase={
   "start" : 1445036595579,
   "stop" : 1445036616110,
   "status" : "passed",
   "_id" : "c5631a7c-dec3-4011-aed4-0df5bb90792b",
   "executionId" : "7a8626ac-7b8d-4761-8bff-776519219d78",
   "threadName" : "thread_15005794375463",
   "name" : "findJobThroughRegexp",
   "steps" : {
      "step" : [ ]
   },
   "attachments" : {
      "attachment" : [ ]
   },
   "labels" : {
      "label" : [ {
         "name" : "host",
         "value" : "MacBook-Pro-2.home"
      }, {
         "name" : "thread",
         "value" : "1771@MacBook-Pro-2.home.main(1)"
      } ]
   }
}
>>>REQUEST: /testaspect/TestCase/c5631a7c-dec3-4011-aed4-0df5bb90792b
<<<RESPONSE (201 Created): /testaspect/TestCase/c5631a7c-dec3-4011-aed4-0df5bb90792b
]]></system-out>
  </testcase>
  <testcase name="Test mechanism" classname="Test mechanism" time="0.001">
    <error type="java.lang.NullPointerException:">java.lang.NullPointerException: null
	at org.junit.runner.Description.createSuiteDescription(Description.java:123)
	at ru.yandex.qatools.allure.junit.AllureRunListener.getSuiteUid(AllureRunListener.java:110)
	at ru.yandex.qatools.allure.junit.AllureRunListener.testStarted(AllureRunListener.java:50)
	at org.junit.runner.notification.RunNotifier$3.notifyListener(RunNotifier.java:115)
	at org.junit.runner.notification.RunNotifier$SafeNotifier.run(RunNotifier.java:61)
	at org.junit.runner.notification.RunNotifier.fireTestStarted(RunNotifier.java:112)
	at org.junit.internal.runners.model.EachTestNotifier.fireTestStarted(EachTestNotifier.java:43)
	at cucumber.runtime.junit.JUnitReporter.result(JUnitReporter.java:83)
	at cucumber.runtime.Runtime.runStep(Runtime.java:299)
	at cucumber.runtime.model.StepContainer.runStep(StepContainer.java:44)
	at cucumber.runtime.model.StepContainer.runSteps(StepContainer.java:39)
	at cucumber.runtime.model.CucumberScenario.run(CucumberScenario.java:40)
	at cucumber.runtime.junit.ExecutionUnitRunner.run(ExecutionUnitRunner.java:83)
	at cucumber.runtime.junit.FeatureRunner.runChild(FeatureRunner.java:63)
	at cucumber.runtime.junit.FeatureRunner.runChild(FeatureRunner.java:18)
	at org.junit.runners.ParentRunner$3.run(ParentRunner.java:238)
	at org.junit.runners.ParentRunner$1.schedule(ParentRunner.java:63)
	at org.junit.runners.ParentRunner.runChildren(ParentRunner.java:236)
	at org.junit.runners.ParentRunner.access$000(ParentRunner.java:53)
	at org.junit.runners.ParentRunner$2.evaluate(ParentRunner.java:229)
	at org.junit.runners.ParentRunner.run(ParentRunner.java:309)
	at cucumber.runtime.junit.FeatureRunner.run(FeatureRunner.java:70)
	at cucumber.api.junit.Cucumber.runChild(Cucumber.java:82)
	at cucumber.api.junit.Cucumber.runChild(Cucumber.java:41)
	at org.junit.runners.ParentRunner$3.run(ParentRunner.java:238)
	at org.junit.runners.ParentRunner$1.schedule(ParentRunner.java:63)
	at org.junit.runners.ParentRunner.runChildren(ParentRunner.java:236)
	at org.junit.runners.ParentRunner.access$000(ParentRunner.java:53)
	at org.junit.runners.ParentRunner$2.evaluate(ParentRunner.java:229)
	at org.junit.runners.ParentRunner.run(ParentRunner.java:309)
	at cucumber.api.junit.Cucumber.run(Cucumber.java:87)
	at org.apache.maven.surefire.junit4.JUnit4Provider.execute(JUnit4Provider.java:264)
	at org.apache.maven.surefire.junit4.JUnit4Provider.executeTestSet(JUnit4Provider.java:153)
	at org.apache.maven.surefire.junit4.JUnit4Provider.invoke(JUnit4Provider.java:124)
	at org.apache.maven.surefire.booter.ForkedBooter.invokeProviderInSameClassLoader(ForkedBooter.java:200)
	at org.apache.maven.surefire.booter.ForkedBooter.runSuitesInProcess(ForkedBooter.java:153)
	at org.apache.maven.surefire.booter.ForkedBooter.main(ForkedBooter.java:103)
</error>
    <system-out><![CDATA[testCaseResult=ru.yandex.qatools.allure.model.TestCaseResult@5b3b13fb[
  name=findJobThroughRegexp
  title=<null>
  description=<null>
  failure=<null>
  start=1445036595579
  stop=1445036616110
  status=PASSED
  severity=<null>
  steps=[]
  attachments=[]
  labels=[ru.yandex.qatools.allure.model.Label@42360a1c, ru.yandex.qatools.allure.model.Label@43e865ba]
  parameters=<null>
]
testCaseResult={
   "start" : 1445036595579,
   "stop" : 1445036616110,
   "status" : "passed",
   "name" : "findJobThroughRegexp",
   "steps" : {
      "step" : [ ]
   },
   "attachments" : {
      "attachment" : [ ]
   },
   "labels" : {
      "label" : [ {
         "name" : "host",
         "value" : "MacBook-Pro-2.home"
      }, {
         "name" : "thread",
         "value" : "1771@MacBook-Pro-2.home.main(1)"
      } ]
   }
}
testCase=ru.yandex.qatools.allure.model.TestCase@36f33bc2[
  _id=2729cb5b-04dc-44d0-8486-bad39db522bf
  executionId=7a8626ac-7b8d-4761-8bff-776519219d78
  threadName=thread_15005794375463
  name=findJobThroughRegexp
  title=<null>
  description=<null>
  failure=<null>
  start=1445036595579
  stop=1445036616110
  status=PASSED
  severity=<null>
  steps=[]
  attachments=[]
  labels=[ru.yandex.qatools.allure.model.Label@42360a1c, ru.yandex.qatools.allure.model.Label@43e865ba]
  parameters=<null>
]
testCase={
   "start" : 1445036595579,
   "stop" : 1445036616110,
   "status" : "passed",
   "_id" : "2729cb5b-04dc-44d0-8486-bad39db522bf",
   "executionId" : "7a8626ac-7b8d-4761-8bff-776519219d78",
   "threadName" : "thread_15005794375463",
   "name" : "findJobThroughRegexp",
   "steps" : {
      "step" : [ ]
   },
   "attachments" : {
      "attachment" : [ ]
   },
   "labels" : {
      "label" : [ {
         "name" : "host",
         "value" : "MacBook-Pro-2.home"
      }, {
         "name" : "thread",
         "value" : "1771@MacBook-Pro-2.home.main(1)"
      } ]
   }
}
>>>REQUEST: /testaspect/TestCase/2729cb5b-04dc-44d0-8486-bad39db522bf
<<<RESPONSE (201 Created): /testaspect/TestCase/2729cb5b-04dc-44d0-8486-bad39db522bf
]]></system-out>
  </testcase>
  <testcase name="Test mechanism" classname="Test mechanism" time="0.002">
    <error type="java.lang.NullPointerException:">java.lang.NullPointerException: null
	at org.junit.runner.Description.createSuiteDescription(Description.java:123)
	at ru.yandex.qatools.allure.junit.AllureRunListener.getSuiteUid(AllureRunListener.java:110)
	at ru.yandex.qatools.allure.junit.AllureRunListener.testStarted(AllureRunListener.java:50)
	at org.junit.runner.notification.RunNotifier$3.notifyListener(RunNotifier.java:115)
	at org.junit.runner.notification.RunNotifier$SafeNotifier.run(RunNotifier.java:61)
	at org.junit.runner.notification.RunNotifier.fireTestStarted(RunNotifier.java:112)
	at org.junit.internal.runners.model.EachTestNotifier.fireTestStarted(EachTestNotifier.java:43)
	at cucumber.runtime.junit.JUnitReporter.startExecutionUnit(JUnitReporter.java:48)
	at cucumber.runtime.junit.ExecutionUnitRunner.run(ExecutionUnitRunner.java:81)
	at cucumber.runtime.junit.FeatureRunner.runChild(FeatureRunner.java:63)
	at cucumber.runtime.junit.FeatureRunner.runChild(FeatureRunner.java:18)
	at org.junit.runners.ParentRunner$3.run(ParentRunner.java:238)
	at org.junit.runners.ParentRunner$1.schedule(ParentRunner.java:63)
	at org.junit.runners.ParentRunner.runChildren(ParentRunner.java:236)
	at org.junit.runners.ParentRunner.access$000(ParentRunner.java:53)
	at org.junit.runners.ParentRunner$2.evaluate(ParentRunner.java:229)
	at org.junit.runners.ParentRunner.run(ParentRunner.java:309)
	at cucumber.runtime.junit.FeatureRunner.run(FeatureRunner.java:70)
	at cucumber.api.junit.Cucumber.runChild(Cucumber.java:82)
	at cucumber.api.junit.Cucumber.runChild(Cucumber.java:41)
	at org.junit.runners.ParentRunner$3.run(ParentRunner.java:238)
	at org.junit.runners.ParentRunner$1.schedule(ParentRunner.java:63)
	at org.junit.runners.ParentRunner.runChildren(ParentRunner.java:236)
	at org.junit.runners.ParentRunner.access$000(ParentRunner.java:53)
	at org.junit.runners.ParentRunner$2.evaluate(ParentRunner.java:229)
	at org.junit.runners.ParentRunner.run(ParentRunner.java:309)
	at cucumber.api.junit.Cucumber.run(Cucumber.java:87)
	at org.apache.maven.surefire.junit4.JUnit4Provider.execute(JUnit4Provider.java:264)
	at org.apache.maven.surefire.junit4.JUnit4Provider.executeTestSet(JUnit4Provider.java:153)
	at org.apache.maven.surefire.junit4.JUnit4Provider.invoke(JUnit4Provider.java:124)
	at org.apache.maven.surefire.booter.ForkedBooter.invokeProviderInSameClassLoader(ForkedBooter.java:200)
	at org.apache.maven.surefire.booter.ForkedBooter.runSuitesInProcess(ForkedBooter.java:153)
	at org.apache.maven.surefire.booter.ForkedBooter.main(ForkedBooter.java:103)
</error>
    <system-out><![CDATA[testCaseResult=ru.yandex.qatools.allure.model.TestCaseResult@5b3b13fb[
  name=findJobThroughRegexp
  title=<null>
  description=<null>
  failure=<null>
  start=1445036595579
  stop=1445036616110
  status=PASSED
  severity=<null>
  steps=[]
  attachments=[]
  labels=[ru.yandex.qatools.allure.model.Label@42360a1c, ru.yandex.qatools.allure.model.Label@43e865ba]
  parameters=<null>
]
testCaseResult={
   "start" : 1445036595579,
   "stop" : 1445036616110,
   "status" : "passed",
   "name" : "findJobThroughRegexp",
   "steps" : {
      "step" : [ ]
   },
   "attachments" : {
      "attachment" : [ ]
   },
   "labels" : {
      "label" : [ {
         "name" : "host",
         "value" : "MacBook-Pro-2.home"
      }, {
         "name" : "thread",
         "value" : "1771@MacBook-Pro-2.home.main(1)"
      } ]
   }
}
testCase=ru.yandex.qatools.allure.model.TestCase@29498452[
  _id=618b64a3-15e1-455e-a97e-df307804061f
  executionId=7a8626ac-7b8d-4761-8bff-776519219d78
  threadName=thread_15005794375463
  name=findJobThroughRegexp
  title=<null>
  description=<null>
  failure=<null>
  start=1445036595579
  stop=1445036616110
  status=PASSED
  severity=<null>
  steps=[]
  attachments=[]
  labels=[ru.yandex.qatools.allure.model.Label@42360a1c, ru.yandex.qatools.allure.model.Label@43e865ba]
  parameters=<null>
]
testCase={
   "start" : 1445036595579,
   "stop" : 1445036616110,
   "status" : "passed",
   "_id" : "618b64a3-15e1-455e-a97e-df307804061f",
   "executionId" : "7a8626ac-7b8d-4761-8bff-776519219d78",
   "threadName" : "thread_15005794375463",
   "name" : "findJobThroughRegexp",
   "steps" : {
      "step" : [ ]
   },
   "attachments" : {
      "attachment" : [ ]
   },
   "labels" : {
      "label" : [ {
         "name" : "host",
         "value" : "MacBook-Pro-2.home"
      }, {
         "name" : "thread",
         "value" : "1771@MacBook-Pro-2.home.main(1)"
      } ]
   }
}
>>>REQUEST: /testaspect/TestCase/618b64a3-15e1-455e-a97e-df307804061f
Jenkins is stopped
<<<RESPONSE (201 Created): /testaspect/TestCase/618b64a3-15e1-455e-a97e-df307804061f
testCaseResult=ru.yandex.qatools.allure.model.TestCaseResult@5b3b13fb[
  name=findJobThroughRegexp
  title=<null>
  description=<null>
  failure=<null>
  start=1445036595579
  stop=1445036616110
  status=PASSED
  severity=<null>
  steps=[]
  attachments=[]
  labels=[ru.yandex.qatools.allure.model.Label@42360a1c, ru.yandex.qatools.allure.model.Label@43e865ba]
  parameters=<null>
]
testCaseResult={
   "start" : 1445036595579,
   "stop" : 1445036616110,
   "status" : "passed",
   "name" : "findJobThroughRegexp",
   "steps" : {
      "step" : [ ]
   },
   "attachments" : {
      "attachment" : [ ]
   },
   "labels" : {
      "label" : [ {
         "name" : "host",
         "value" : "MacBook-Pro-2.home"
      }, {
         "name" : "thread",
         "value" : "1771@MacBook-Pro-2.home.main(1)"
      } ]
   }
}
testCase=ru.yandex.qatools.allure.model.TestCase@17ba360d[
  _id=1e484323-ff62-4660-b099-f70b6851a918
  executionId=7a8626ac-7b8d-4761-8bff-776519219d78
  threadName=thread_15005794375463
  name=findJobThroughRegexp
  title=<null>
  description=<null>
  failure=<null>
  start=1445036595579
  stop=1445036616110
  status=PASSED
  severity=<null>
  steps=[]
  attachments=[]
  labels=[ru.yandex.qatools.allure.model.Label@42360a1c, ru.yandex.qatools.allure.model.Label@43e865ba]
  parameters=<null>
]
testCase={
   "start" : 1445036595579,
   "stop" : 1445036616110,
   "status" : "passed",
   "_id" : "1e484323-ff62-4660-b099-f70b6851a918",
   "executionId" : "7a8626ac-7b8d-4761-8bff-776519219d78",
   "threadName" : "thread_15005794375463",
   "name" : "findJobThroughRegexp",
   "steps" : {
      "step" : [ ]
   },
   "attachments" : {
      "attachment" : [ ]
   },
   "labels" : {
      "label" : [ {
         "name" : "host",
         "value" : "MacBook-Pro-2.home"
      }, {
         "name" : "thread",
         "value" : "1771@MacBook-Pro-2.home.main(1)"
      } ]
   }
}
>>>REQUEST: /testaspect/TestCase/1e484323-ff62-4660-b099-f70b6851a918
]]></system-out>
    <system-err><![CDATA[[INFO  - 2015-10-16T23:09:14.963Z] ShutdownReqHand - _handle - About to shutdown
]]></system-err>
  </testcase>
  <testcase name="Test mechanism" classname="Test mechanism" time="0.001">
    <error type="java.lang.NullPointerException:">java.lang.NullPointerException: null
	at org.junit.runner.Description.createSuiteDescription(Description.java:123)
	at ru.yandex.qatools.allure.junit.AllureRunListener.getSuiteUid(AllureRunListener.java:110)
	at ru.yandex.qatools.allure.junit.AllureRunListener.testStarted(AllureRunListener.java:50)
	at org.junit.runner.notification.RunNotifier$3.notifyListener(RunNotifier.java:115)
	at org.junit.runner.notification.RunNotifier$SafeNotifier.run(RunNotifier.java:61)
	at org.junit.runner.notification.RunNotifier.fireTestStarted(RunNotifier.java:112)
	at org.junit.internal.runners.model.EachTestNotifier.fireTestStarted(EachTestNotifier.java:43)
	at cucumber.runtime.junit.JUnitReporter.result(JUnitReporter.java:83)
	at cucumber.runtime.Runtime.runStep(Runtime.java:299)
	at cucumber.runtime.model.StepContainer.runStep(StepContainer.java:44)
	at cucumber.runtime.model.StepContainer.runSteps(StepContainer.java:39)
	at cucumber.runtime.model.CucumberScenario.run(CucumberScenario.java:40)
	at cucumber.runtime.junit.ExecutionUnitRunner.run(ExecutionUnitRunner.java:83)
	at cucumber.runtime.junit.FeatureRunner.runChild(FeatureRunner.java:63)
	at cucumber.runtime.junit.FeatureRunner.runChild(FeatureRunner.java:18)
	at org.junit.runners.ParentRunner$3.run(ParentRunner.java:238)
	at org.junit.runners.ParentRunner$1.schedule(ParentRunner.java:63)
	at org.junit.runners.ParentRunner.runChildren(ParentRunner.java:236)
	at org.junit.runners.ParentRunner.access$000(ParentRunner.java:53)
	at org.junit.runners.ParentRunner$2.evaluate(ParentRunner.java:229)
	at org.junit.runners.ParentRunner.run(ParentRunner.java:309)
	at cucumber.runtime.junit.FeatureRunner.run(FeatureRunner.java:70)
	at cucumber.api.junit.Cucumber.runChild(Cucumber.java:82)
	at cucumber.api.junit.Cucumber.runChild(Cucumber.java:41)
	at org.junit.runners.ParentRunner$3.run(ParentRunner.java:238)
	at org.junit.runners.ParentRunner$1.schedule(ParentRunner.java:63)
	at org.junit.runners.ParentRunner.runChildren(ParentRunner.java:236)
	at org.junit.runners.ParentRunner.access$000(ParentRunner.java:53)
	at org.junit.runners.ParentRunner$2.evaluate(ParentRunner.java:229)
	at org.junit.runners.ParentRunner.run(ParentRunner.java:309)
	at cucumber.api.junit.Cucumber.run(Cucumber.java:87)
	at org.apache.maven.surefire.junit4.JUnit4Provider.execute(JUnit4Provider.java:264)
	at org.apache.maven.surefire.junit4.JUnit4Provider.executeTestSet(JUnit4Provider.java:153)
	at org.apache.maven.surefire.junit4.JUnit4Provider.invoke(JUnit4Provider.java:124)
	at org.apache.maven.surefire.booter.ForkedBooter.invokeProviderInSameClassLoader(ForkedBooter.java:200)
	at org.apache.maven.surefire.booter.ForkedBooter.runSuitesInProcess(ForkedBooter.java:153)
	at org.apache.maven.surefire.booter.ForkedBooter.main(ForkedBooter.java:103)
</error>
    <system-out><![CDATA[<<<RESPONSE (201 Created): /testaspect/TestCase/1e484323-ff62-4660-b099-f70b6851a918
running with given plugins: []
Starting Jenkins: JAVA_HOME=/Library/Java/JavaVirtualMachines/jdk1.8.0_60.jdk/Contents/Home JENKINS_HOME=/Users/abduljewel/Documents/c/spiderqa/sample-test-projects/acceptance-test-harness/target/jenkins3676867027436160618home /Library/Java/JavaVirtualMachines/jdk1.8.0_60.jdk/Contents/Home/bin/java -Duser.language=en -jar ./jenkins.war --ajp13Port=-1 --httpPort=50447
master50447|Running from: /Users/abduljewel/Documents/c/spiderqa/sample-test-projects/acceptance-test-harness/jenkins.war
master50447|webroot: EnvVars.masterEnvVars.get("JENKINS_HOME")
master50447|Oct 16, 2015 7:09:15 PM winstone.Logger logInternal
master50447|INFO: Beginning extraction from war file
master50447|Oct 16, 2015 7:09:16 PM org.eclipse.jetty.util.log.JavaUtilLog info
master50447|INFO: jetty-winstone-2.8
master50447|Oct 16, 2015 7:09:18 PM org.eclipse.jetty.util.log.JavaUtilLog info
master50447|INFO: NO JSP Support for , did not find org.apache.jasper.servlet.JspServlet
master50447|Jenkins home directory: /Users/abduljewel/Documents/c/spiderqa/sample-test-projects/acceptance-test-harness/target/jenkins3676867027436160618home found at: EnvVars.masterEnvVars.get("JENKINS_HOME")
master50447|Oct 16, 2015 7:09:18 PM org.eclipse.jetty.util.log.JavaUtilLog info
master50447|INFO: Started SelectChannelConnector@0.0.0.0:50447
master50447|Oct 16, 2015 7:09:18 PM winstone.Logger logInternal
master50447|INFO: Winstone Servlet Engine v2.0 running: controlPort=disabled
master50447|Oct 16, 2015 7:09:19 PM jenkins.InitReactorRunner$1 onAttained
master50447|INFO: Started initialization
master50447|Oct 16, 2015 7:09:28 PM jenkins.InitReactorRunner$1 onAttained
master50447|INFO: Listed all plugins
master50447|Oct 16, 2015 7:09:28 PM jenkins.InitReactorRunner$1 onAttained
master50447|INFO: Prepared all plugins
master50447|Oct 16, 2015 7:09:28 PM jenkins.InitReactorRunner$1 onAttained
master50447|INFO: Started all plugins
master50447|Oct 16, 2015 7:09:28 PM jenkins.InitReactorRunner$1 onAttained
master50447|INFO: Augmented all extensions
master50447|Oct 16, 2015 7:09:30 PM jenkins.InitReactorRunner$1 onAttained
master50447|INFO: Loaded all jobs
master50447|Oct 16, 2015 7:09:31 PM hudson.model.AsyncPeriodicWork$1 run
master50447|INFO: Started Download metadata
master50447|Oct 16, 2015 7:09:31 PM org.jenkinsci.main.modules.sshd.SSHD start
master50447|INFO: Started SSHD at port 54796
master50447|Oct 16, 2015 7:09:31 PM jenkins.InitReactorRunner$1 onAttained
master50447|INFO: Completed initialization
master50447|Oct 16, 2015 7:09:31 PM hudson.UDPBroadcastThread run
master50447|WARNING: UDP handling problem
master50447|java.net.SocketException: Can't assign requested address
master50447|	at java.net.PlainDatagramSocketImpl.join(Native Method)
master50447|	at java.net.AbstractPlainDatagramSocketImpl.join(AbstractPlainDatagramSocketImpl.java:179)
master50447|	at java.net.MulticastSocket.joinGroup(MulticastSocket.java:323)
master50447|	at hudson.UDPBroadcastThread.run(UDPBroadcastThread.java:77)
master50447|
master50447|Oct 16, 2015 7:09:31 PM hudson.WebAppMain$3 run
master50447|INFO: Jenkins is fully up and running
execute(RemoteWebDriver.java:595)
      	at org.openqa.selenium.remote.RemoteWebDriver.findElement(RemoteWebDriver.java:348)
      	at org.openqa.selenium.remote.RemoteWebDriver.findElementByXPath(RemoteWebDriver.java:445)
      	at org.openqa.selenium.By$ByXPath.findElement(By.java:358)
      	at org.openqa.selenium.remote.RemoteWebDriver.findElement(RemoteWebDriver.java:340)
      	at sun.reflect.GeneratedMethodAccessor23.invoke(Unknown Source)
      	at sun.reflect.DelegatingMethodAccessorImpl.invoke(DelegatingMethodAccessorImpl.java:43)
      	at java.lang.reflect.Method.invoke(Method.java:497)
      	at org.openqa.selenium.support.events.EventFiringWebDriver$2.invoke(EventFiringWebDriver.java:102)
      	at com.sun.proxy.$Proxy51.findElement(Unknown Source)
      	at org.openqa.selenium.support.events.EventFiringWebDriver.findElement(EventFiringWebDriver.java:185)
      	at org.jenkinsci.test.acceptance.po.CapybaraPortingLayerImpl.find(CapybaraPortingLayerImpl.java:185)
      	at org.jenkinsci.test.acceptance.steps.ViewSteps.I_build_in_view(ViewSteps.java:17)
      	at sun.reflect.NativeMethodAccessorImpl.invoke0(Native Method)
      	at sun.reflect.NativeMethodAccessorImpl.invoke(NativeMethodAccessorImpl.java:62)
      	at sun.reflect.DelegatingMethodAccessorImpl.invoke(DelegatingMethodAccessorImpl.java:43)
      	at java.lang.reflect.Method.invoke(Method.java:497)
      	at cucumber.runtime.Utils$1.call(Utils.java:35)
      	at cucumber.runtime.Timeout.timeout(Timeout.java:12)
      	at cucumber.runtime.Utils.invoke(Utils.java:31)
      	at cucumber.runtime.java.JavaStepDefinition.execute(JavaStepDefinition.java:35)
      	at cucumber.runtime.StepDefinitionMatch.runStep(StepDefinitionMatch.java:38)
      	at cucumber.runtime.Runtime.runStep(Runtime.java:289)
      	at cucumber.runtime.model.StepContainer.runStep(StepContainer.java:44)
      	at cucumber.runtime.model.StepContainer.runSteps(StepContainer.java:39)
      	at cucumber.runtime.model.CucumberScenario.run(CucumberScenario.java:40)
      	at cucumber.runtime.junit.ExecutionUnitRunner.run(ExecutionUnitRunner.java:83)
      	at cucumber.runtime.junit.FeatureRunner.runChild(FeatureRunner.java:63)
      	at cucumber.runtime.junit.FeatureRunner.runChild(FeatureRunner.java:18)
      	at org.junit.runners.ParentRunner$3.run(ParentRunner.java:238)
      	at org.junit.runners.ParentRunner$1.schedule(ParentRunner.java:63)
      	at org.junit.runners.ParentRunner.runChildren(ParentRunner.java:236)
      	at org.junit.runners.ParentRunner.access$000(ParentRunner.java:53)
      	at org.junit.runners.ParentRunner$2.evaluate(ParentRunner.java:229)
      	at org.junit.runners.ParentRunner.run(ParentRunner.java:309)
      	at cucumber.runtime.junit.FeatureRunner.run(FeatureRunner.java:70)
      	at cucumber.api.junit.Cucumber.runChild(Cucumber.java:82)
      	at cucumber.api.junit.Cucumber.runChild(Cucumber.java:41)
      	at org.junit.runners.ParentRunner$3.run(ParentRunner.java:238)
      	at org.junit.runners.ParentRunner$1.schedule(ParentRunner.java:63)
      	at org.junit.runners.ParentRunner.runChildren(ParentRunner.java:236)
      	at org.junit.runners.ParentRunner.access$000(ParentRunner.java:53)
      	at org.junit.runners.ParentRunner$2.evaluate(ParentRunner.java:229)
      	at org.junit.runners.ParentRunner.run(ParentRunner.java:309)
      	at cucumber.api.junit.Cucumber.run(Cucumber.java:87)
      	at org.apache.maven.surefire.junit4.JUnit4Provider.execute(JUnit4Provider.java:264)
      	at org.apache.maven.surefire.junit4.JUnit4Provider.executeTestSet(JUnit4Provider.java:153)
      	at org.apache.maven.surefire.junit4.JUnit4Provider.invoke(JUnit4Provider.java:124)
      	at org.apache.maven.surefire.booter.ForkedBooter.invokeProviderInSameClassLoader(ForkedBooter.java:200)
      	at org.apache.maven.surefire.booter.ForkedBooter.runSuitesInProcess(ForkedBooter.java:153)
      	at org.apache.maven.surefire.booter.ForkedBooter.main(ForkedBooter.java:103)
      Caused by: org.openqa.selenium.remote.ScreenshotException: Screen shot has been taken
      Build info: version: '2.47.1', revision: 'unknown', time: '2015-07-30 11:02:44'
      System info: host: 'MacBook-Pro-2.home', ip: '192.168.1.6', os.name: 'Mac OS X', os.arch: 'x86_64', os.version: '10.10.5', java.version: '1.8.0_60'
      Driver info: driver.version: EventFiringWebDriver
      	at org.openqa.selenium.remote.ErrorHandler.throwIfResponseFailed(ErrorHandler.java:138)
      	... 51 more
      Caused by: org.openqa.selenium.NoSuchElementException: {"errorMessage":"Unable to find element with xpath '//a[contains(@href, '/viewed_job/build?')]/img[contains(@title, 'Schedule a build')]'","request":{"headers":{"Accept-Encoding":"gzip,deflate","Connection":"Keep-Alive","Content-Length":"112","Content-Type":"application/json; charset=utf-8","Host":"localhost:6730","User-Agent":"Apache-HttpClient/4.3.3 (java 1.5)"},"httpVersion":"1.1","method":"POST","post":"{\"using\":\"xpath\",\"value\":\"//a[contains(@href, '/viewed_job/build?')]/img[contains(@title, 'Schedule a build')]\"}","url":"/element","urlParsed":{"anchor":"","query":"","file":"element","directory":"/","path":"/element","relative":"/element","port":"","host":"","password":"","user":"","userInfo":"","authority":"","protocol":"","source":"/element","queryKey":{},"chunks":["element"]},"urlOriginal":"/session/b32dccb0-745a-11e5-9348-fbc8f823f843/element"}}
      For documentation on this error, please visit: http://seleniumhq.org/exceptions/no_such_element.html
      Build info: version: '2.47.1', revision: 'unknown', time: '2015-07-30 11:02:44'
      System info: host: 'MacBook-Pro-2.home', ip: '192.168.1.6', os.name: 'Mac OS X', os.arch: 'x86_64', os.version: '10.10.5', java.version: '1.8.0_60'
      Driver info: driver.version: unknown

    Then the build should succeed          # JobSteps.the_build_should_succeed(String)

  Scenario: Schedule parameterized build from view             # freestyle_build.feature:77
    When I create a job named "viewed_job"                     # JobSteps.I_create_a_job_named(String)
    When I configure the job                                   # JobSteps.I_configure_the_job()
    And I add a string parameter "Foo"                         # JobConfigurationSteps.I_add_a_string_parameter(String)
    And I save the job                                         # JobSteps.I_save_the_job()
    And I visit the home page                                  # GeneralSteps.I_visit_the_home_page()
    And I build "viewed_job" in view                           # ViewSteps.I_build_in_view(String)
    Then the page should say "This build requires parameters:" # GeneralSteps.the_page_should_say(String)
    Then the page should say "Foo"                             # GeneralSteps.the_page_should_say(String)

  Scenario: Do not discard build kept forever # freestyle_build.feature:87
    Given a simple job                        # JobSteps.a_simple_job()
    When I configure the job                  # JobSteps.I_configure_the_job()
    And I set 1 build to keep                 # JobConfigurationSteps.I_set_builds_to_keep(int)
    And I save the job                        # JobSteps.I_save_the_job()
    And I build the job                       # JobSteps.I_build_the_job()
    And I lock the build                      # BuildHistorySteps.I_lock_the_build()
    And I build 2 jobs sequentially           # JobSteps.I_build_jobs_sequentially(int)
    Then the job should have build 1          # BuildHistorySteps.the_job_should_not_have_build(Should,int)
    And the job should not have build 2       # BuildHistorySteps.the_job_should_not_have_build(Should,int)
    And the job should have build 3           # BuildHistorySteps.the_job_should_not_have_build(Should,int)
    And the job should not have build 4       # BuildHistorySteps.the_job_should_not_have_build(Should,int)

  Scenario: Do not discard last successful build # freestyle_build.feature:100
    Given a simple job                           # JobSteps.a_simple_job()
    When I configure the job                     # JobSteps.I_configure_the_job()
    And I set 1 build to keep                    # JobConfigmaster50447|Oct 16, 2015 7:09:33 PM hudson.model.UpdateSite updateData
master50447|INFO: Obtained the latest update center data file for UpdateSource default
master50447|Oct 16, 2015 7:09:33 PM hudson.model.DownloadService$Downloadable load
master50447|INFO: Obtained the updated data file for hudson.tasks.Maven.MavenInstaller
master50447|Oct 16, 2015 7:09:34 PM hudson.model.DownloadService$Downloadable load
master50447|INFO: Obtained the updated data file for hudson.tasks.Ant.AntInstaller
]]></system-out>
    <system-err><![CDATA[Oct 16, 2015 7:09:15 PM org.jenkinsci.test.acceptance.controller.LocalController startNow
INFO: Waiting for Jenkins to become running in http://127.0.0.1:50447/
Oct 16, 2015 7:09:31 PM org.jenkinsci.test.acceptance.controller.LocalController startNow
INFO: Jenkins is running in http://127.0.0.1:50447/
Oct 16, 2015 7:09:31 PM org.openqa.selenium.phantomjs.PhantomJSDriverService <init>
INFO: executable: /usr/local/bin/phantomjs
Oct 16, 2015 7:09:31 PM org.openqa.selenium.phantomjs.PhantomJSDriverService <init>
INFO: port: 2375
Oct 16, 2015 7:09:31 PM org.openqa.selenium.phantomjs.PhantomJSDriverService <init>
INFO: arguments: [--webdriver=2375, --webdriver-logfile=/Users/abduljewel/Documents/c/spiderqa/sample-test-projects/acceptance-test-harness/phantomjsdriver.log]
Oct 16, 2015 7:09:31 PM org.openqa.selenium.phantomjs.PhantomJSDriverService <init>
INFO: environment: {}
[INFO  - 2015-10-16T23:09:31.819Z] GhostDriver - Main - running on port 2375
[INFO  - 2015-10-16T23:09:32.111Z] Session [f59a31b0-745a-11e5-8d7a-d9c40e6a0c03] - page.settings - {"XSSAuditingEnabled":false,"javascriptCanCloseWindows":true,"javascriptCanOpenWindows":true,"javascriptEnabled":true,"loadImages":true,"localToRemoteUrlAccessEnabled":false,"userAgent":"Mozilla/5.0 (Macintosh; Intel Mac OS X) AppleWebKit/538.1 (KHTML, like Gecko) PhantomJS/2.0.0 Safari/538.1","webSecurityEnabled":true}
[INFO  - 2015-10-16T23:09:32.111Z] Session [f59a31b0-745a-11e5-8d7a-d9c40e6a0c03] - page.customHeaders:  - {"Accept-Language":"en"}
[INFO  - 2015-10-16T23:09:32.111Z] Session [f59a31b0-745a-11e5-8d7a-d9c40e6a0c03] - Session.negotiatedCapabilities - {"browserName":"phantomjs","version":"2.0.0","driverName":"ghostdriver","driverVersion":"1.2.0","platform":"mac-10.9 (Mavericks)-64bit","javascriptEnabled":true,"takesScreenshot":true,"handlesAlerts":false,"databaseEnabled":false,"locationContextEnabled":false,"applicationCacheEnabled":false,"browserConnectionEnabled":false,"cssSelectorsEnabled":true,"webStorageEnabled":false,"rotatable":false,"acceptSslCerts":false,"nativeEvents":true,"proxy":{"proxyType":"direct"},"phantomjs.page.customHeaders.Accept-Language":"en"}
[INFO  - 2015-10-16T23:09:32.111Z] SessionManagerReqHand - _postNewSessionCommand - New Session Created: f59a31b0-745a-11e5-8d7a-d9c40e6a0c03
]]></system-err>
  </testcase>
  <testcase name="Test mechanism" classname="Test mechanism" time="0.002">
    <error type="java.lang.NullPointerException:">java.lang.NullPointerException: null
	at org.junit.runner.Description.createSuiteDescription(Description.java:123)
	at ru.yandex.qatools.allure.junit.AllureRunListener.getSuiteUid(AllureRunListener.java:110)
	at ru.yandex.qatools.allure.junit.AllureRunListener.testStarted(AllureRunListener.java:50)
	at org.junit.runner.notification.RunNotifier$3.notifyListener(RunNotifier.java:115)
	at org.junit.runner.notification.RunNotifier$SafeNotifier.run(RunNotifier.java:61)
	at org.junit.runner.notification.RunNotifier.fireTestStarted(RunNotifier.java:112)
	at org.junit.internal.runners.model.EachTestNotifier.fireTestStarted(EachTestNotifier.java:43)
	at cucumber.runtime.junit.JUnitReporter.result(JUnitReporter.java:83)
	at cucumber.runtime.Runtime.runStep(Runtime.java:299)
	at cucumber.runtime.model.StepContainer.runStep(StepContainer.java:44)
	at cucumber.runtime.model.StepContainer.runSteps(StepContainer.java:39)
	at cucumber.runtime.model.CucumberScenario.run(CucumberScenario.java:40)
	at cucumber.runtime.junit.ExecutionUnitRunner.run(ExecutionUnitRunner.java:83)
	at cucumber.runtime.junit.FeatureRunner.runChild(FeatureRunner.java:63)
	at cucumber.runtime.junit.FeatureRunner.runChild(FeatureRunner.java:18)
	at org.junit.runners.ParentRunner$3.run(ParentRunner.java:238)
	at org.junit.runners.ParentRunner$1.schedule(ParentRunner.java:63)
	at org.junit.runners.ParentRunner.runChildren(ParentRunner.java:236)
	at org.junit.runners.ParentRunner.access$000(ParentRunner.java:53)
	at org.junit.runners.ParentRunner$2.evaluate(ParentRunner.java:229)
	at org.junit.runners.ParentRunner.run(ParentRunner.java:309)
	at cucumber.runtime.junit.FeatureRunner.run(FeatureRunner.java:70)
	at cucumber.api.junit.Cucumber.runChild(Cucumber.java:82)
	at cucumber.api.junit.Cucumber.runChild(Cucumber.java:41)
	at org.junit.runners.ParentRunner$3.run(ParentRunner.java:238)
	at org.junit.runners.ParentRunner$1.schedule(ParentRunner.java:63)
	at org.junit.runners.ParentRunner.runChildren(ParentRunner.java:236)
	at org.junit.runners.ParentRunner.access$000(ParentRunner.java:53)
	at org.junit.runners.ParentRunner$2.evaluate(ParentRunner.java:229)
	at org.junit.runners.ParentRunner.run(ParentRunner.java:309)
	at cucumber.api.junit.Cucumber.run(Cucumber.java:87)
	at org.apache.maven.surefire.junit4.JUnit4Provider.execute(JUnit4Provider.java:264)
	at org.apache.maven.surefire.junit4.JUnit4Provider.executeTestSet(JUnit4Provider.java:153)
	at org.apache.maven.surefire.junit4.JUnit4Provider.invoke(JUnit4Provider.java:124)
	at org.apache.maven.surefire.booter.ForkedBooter.invokeProviderInSameClassLoader(ForkedBooter.java:200)
	at org.apache.maven.surefire.booter.ForkedBooter.runSuitesInProcess(ForkedBooter.java:153)
	at org.apache.maven.surefire.booter.ForkedBooter.main(ForkedBooter.java:103)
</error>
    <system-out><![CDATA[testCaseResult=ru.yandex.qatools.allure.model.TestCaseResult@5b3b13fb[
  name=findJobThroughRegexp
  title=<null>
  description=<null>
  failure=<null>
  start=1445036595579
  stop=1445036616110
  status=PASSED
  severity=<null>
  steps=[]
  attachments=[]
  labels=[ru.yandex.qatools.allure.model.Label@42360a1c, ru.yandex.qatools.allure.model.Label@43e865ba]
  parameters=<null>
]
testCaseResult={
   "start" : 1445036595579,
   "stop" : 1445036616110,
   "status" : "passed",
   "name" : "findJobThroughRegexp",
   "steps" : {
      "step" : [ ]
   },
   "attachments" : {
      "attachment" : [ ]
   },
   "labels" : {
      "label" : [ {
         "name" : "host",
         "value" : "MacBook-Pro-2.home"
      }, {
         "name" : "thread",
         "value" : "1771@MacBook-Pro-2.home.main(1)"
      } ]
   }
}
testCase=ru.yandex.qatools.allure.model.TestCase@5a3a5d88[
  _id=0ce5bd8e-ae35-4f9b-833d-c3dc8ae70598
  executionId=7a8626ac-7b8d-4761-8bff-776519219d78
  threadName=thread_15005794375463
  name=findJobThroughRegexp
  title=<null>
  description=<null>
  failure=<null>
  start=1445036595579
  stop=1445036616110
  status=PASSED
  severity=<null>
  steps=[]
  attachments=[]
  labels=[ru.yandex.qatools.allure.model.Label@42360a1c, ru.yandex.qatools.allure.model.Label@43e865ba]
  parameters=<null>
]
testCase={
   "start" : 1445036595579,
   "stop" : 1445036616110,
   "status" : "passed",
   "_id" : "0ce5bd8e-ae35-4f9b-833d-c3dc8ae70598",
   "executionId" : "7a8626ac-7b8d-4761-8bff-776519219d78",
   "threadName" : "thread_15005794375463",
   "name" : "findJobThroughRegexp",
   "steps" : {
      "step" : [ ]
   },
   "attachments" : {
      "attachment" : [ ]
   },
   "labels" : {
      "label" : [ {
         "name" : "host",
         "value" : "MacBook-Pro-2.home"
      }, {
         "name" : "thread",
         "value" : "1771@MacBook-Pro-2.home.main(1)"
      } ]
   }
}
>>>REQUEST: /testaspect/TestCase/0ce5bd8e-ae35-4f9b-833d-c3dc8ae70598
<<<RESPONSE (201 Created): /testaspect/TestCase/0ce5bd8e-ae35-4f9b-833d-c3dc8ae70598
master50447|Oct 16, 2015 7:09:35 PM hudson.model.DownloadService$Downloadable load
master50447|INFO: Obtained the updated data file for hudson.tools.JDKInstaller
master50447|Oct 16, 2015 7:09:35 PM hudson.model.AsyncPeriodicWork$1 run
master50447|INFO: Finished Download metadata. 3,652 ms
]]></system-out>
  </testcase>
  <testcase name="Test mechanism" classname="Test mechanism" time="0.001">
    <error type="java.lang.NullPointerException:">java.lang.NullPointerException: null
	at org.junit.runner.Description.createSuiteDescription(Description.java:123)
	at ru.yandex.qatools.allure.junit.AllureRunListener.getSuiteUid(AllureRunListener.java:110)
	at ru.yandex.qatools.allure.junit.AllureRunListener.testStarted(AllureRunListener.java:50)
	at org.junit.runner.notification.RunNotifier$3.notifyListener(RunNotifier.java:115)
	at org.junit.runner.notification.RunNotifier$SafeNotifier.run(RunNotifier.java:61)
	at org.junit.runner.notification.RunNotifier.fireTestStarted(RunNotifier.java:112)
	at org.junit.internal.runners.model.EachTestNotifier.fireTestStarted(EachTestNotifier.java:43)
	at cucumber.runtime.junit.JUnitReporter.result(JUnitReporter.java:83)
	at cucumber.runtime.Runtime.runStep(Runtime.java:299)
	at cucumber.runtime.model.StepContainer.runStep(StepContainer.java:44)
	at cucumber.runtime.model.StepContainer.runSteps(StepContainer.java:39)
	at cucumber.runtime.model.CucumberScenario.run(CucumberScenario.java:40)
	at cucumber.runtime.junit.ExecutionUnitRunner.run(ExecutionUnitRunner.java:83)
	at cucumber.runtime.junit.FeatureRunner.runChild(FeatureRunner.java:63)
	at cucumber.runtime.junit.FeatureRunner.runChild(FeatureRunner.java:18)
	at org.junit.runners.ParentRunner$3.run(ParentRunner.java:238)
	at org.junit.runners.ParentRunner$1.schedule(ParentRunner.java:63)
	at org.junit.runners.ParentRunner.runChildren(ParentRunner.java:236)
	at org.junit.runners.ParentRunner.access$000(ParentRunner.java:53)
	at org.junit.runners.ParentRunner$2.evaluate(ParentRunner.java:229)
	at org.junit.runners.ParentRunner.run(ParentRunner.java:309)
	at cucumber.runtime.junit.FeatureRunner.run(FeatureRunner.java:70)
	at cucumber.api.junit.Cucumber.runChild(Cucumber.java:82)
	at cucumber.api.junit.Cucumber.runChild(Cucumber.java:41)
	at org.junit.runners.ParentRunner$3.run(ParentRunner.java:238)
	at org.junit.runners.ParentRunner$1.schedule(ParentRunner.java:63)
	at org.junit.runners.ParentRunner.runChildren(ParentRunner.java:236)
	at org.junit.runners.ParentRunner.access$000(ParentRunner.java:53)
	at org.junit.runners.ParentRunner$2.evaluate(ParentRunner.java:229)
	at org.junit.runners.ParentRunner.run(ParentRunner.java:309)
	at cucumber.api.junit.Cucumber.run(Cucumber.java:87)
	at org.apache.maven.surefire.junit4.JUnit4Provider.execute(JUnit4Provider.java:264)
	at org.apache.maven.surefire.junit4.JUnit4Provider.executeTestSet(JUnit4Provider.java:153)
	at org.apache.maven.surefire.junit4.JUnit4Provider.invoke(JUnit4Provider.java:124)
	at org.apache.maven.surefire.booter.ForkedBooter.invokeProviderInSameClassLoader(ForkedBooter.java:200)
	at org.apache.maven.surefire.booter.ForkedBooter.runSuitesInProcess(ForkedBooter.java:153)
	at org.apache.maven.surefire.booter.ForkedBooter.main(ForkedBooter.java:103)
</error>
    <system-out><![CDATA[testCaseResult=ru.yandex.qatools.allure.model.TestCaseResult@5b3b13fb[
  name=findJobThroughRegexp
  title=<null>
  description=<null>
  failure=<null>
  start=1445036595579
  stop=1445036616110
  status=PASSED
  severity=<null>
  steps=[]
  attachments=[]
  labels=[ru.yandex.qatools.allure.model.Label@42360a1c, ru.yandex.qatools.allure.model.Label@43e865ba]
  parameters=<null>
]
testCaseResult={
   "start" : 1445036595579,
   "stop" : 1445036616110,
   "status" : "passed",
   "name" : "findJobThroughRegexp",
   "steps" : {
      "step" : [ ]
   },
   "attachments" : {
      "attachment" : [ ]
   },
   "labels" : {
      "label" : [ {
         "name" : "host",
         "value" : "MacBook-Pro-2.home"
      }, {
         "name" : "thread",
         "value" : "1771@MacBook-Pro-2.home.main(1)"
      } ]
   }
}
testCase=ru.yandex.qatools.allure.model.TestCase@6bc3d564[
  _id=f8581fea-9991-41f7-8b17-01c8a2828cff
  executionId=7a8626ac-7b8d-4761-8bff-776519219d78
  threadName=thread_15005794375463
  name=findJobThroughRegexp
  title=<null>
  description=<null>
  failure=<null>
  start=1445036595579
  stop=1445036616110
  status=PASSED
  severity=<null>
  steps=[]
  attachments=[]
  labels=[ru.yandex.qatools.allure.model.Label@42360a1c, ru.yandex.qatools.allure.model.Label@43e865ba]
  parameters=<null>
]
testCase={
   "start" : 1445036595579,
   "stop" : 1445036616110,
   "status" : "passed",
   "_id" : "f8581fea-9991-41f7-8b17-01c8a2828cff",
   "executionId" : "7a8626ac-7b8d-4761-8bff-776519219d78",
   "threadName" : "thread_15005794375463",
   "name" : "findJobThroughRegexp",
   "steps" : {
      "step" : [ ]
   },
   "attachments" : {
      "attachment" : [ ]
   },
   "labels" : {
      "label" : [ {
         "name" : "host",
         "value" : "MacBook-Pro-2.home"
      }, {
         "name" : "thread",
         "value" : "1771@MacBook-Pro-2.home.main(1)"
      } ]
   }
}
>>>REQUEST: /testaspect/TestCase/f8581fea-9991-41f7-8b17-01c8a2828cff
<<<RESPONSE (201 Created): /testaspect/TestCase/f8581fea-9991-41f7-8b17-01c8a2828cff
]]></system-out>
  </testcase>
  <testcase name="Test mechanism" classname="Test mechanism" time="0.001">
    <error type="java.lang.NullPointerException:">java.lang.NullPointerException: null
	at org.junit.runner.Description.createSuiteDescription(Description.java:123)
	at ru.yandex.qatools.allure.junit.AllureRunListener.getSuiteUid(AllureRunListener.java:110)
	at ru.yandex.qatools.allure.junit.AllureRunListener.testStarted(AllureRunListener.java:50)
	at org.junit.runner.notification.RunNotifier$3.notifyListener(RunNotifier.java:115)
	at org.junit.runner.notification.RunNotifier$SafeNotifier.run(RunNotifier.java:61)
	at org.junit.runner.notification.RunNotifier.fireTestStarted(RunNotifier.java:112)
	at org.junit.internal.runners.model.EachTestNotifier.fireTestStarted(EachTestNotifier.java:43)
	at cucumber.runtime.junit.JUnitReporter.result(JUnitReporter.java:83)
	at cucumber.runtime.Runtime.runStep(Runtime.java:299)
	at cucumber.runtime.model.StepContainer.runStep(StepContainer.java:44)
	at cucumber.runtime.model.StepContainer.runSteps(StepContainer.java:39)
	at cucumber.runtime.model.CucumberScenario.run(CucumberScenario.java:40)
	at cucumber.runtime.junit.ExecutionUnitRunner.run(ExecutionUnitRunner.java:83)
	at cucumber.runtime.junit.FeatureRunner.runChild(FeatureRunner.java:63)
	at cucumber.runtime.junit.FeatureRunner.runChild(FeatureRunner.java:18)
	at org.junit.runners.ParentRunner$3.run(ParentRunner.java:238)
	at org.junit.runners.ParentRunner$1.schedule(ParentRunner.java:63)
	at org.junit.runners.ParentRunner.runChildren(ParentRunner.java:236)
	at org.junit.runners.ParentRunner.access$000(ParentRunner.java:53)
	at org.junit.runners.ParentRunner$2.evaluate(ParentRunner.java:229)
	at org.junit.runners.ParentRunner.run(ParentRunner.java:309)
	at cucumber.runtime.junit.FeatureRunner.run(FeatureRunner.java:70)
	at cucumber.api.junit.Cucumber.runChild(Cucumber.java:82)
	at cucumber.api.junit.Cucumber.runChild(Cucumber.java:41)
	at org.junit.runners.ParentRunner$3.run(ParentRunner.java:238)
	at org.junit.runners.ParentRunner$1.schedule(ParentRunner.java:63)
	at org.junit.runners.ParentRunner.runChildren(ParentRunner.java:236)
	at org.junit.runners.ParentRunner.access$000(ParentRunner.java:53)
	at org.junit.runners.ParentRunner$2.evaluate(ParentRunner.java:229)
	at org.junit.runners.ParentRunner.run(ParentRunner.java:309)
	at cucumber.api.junit.Cucumber.run(Cucumber.java:87)
	at org.apache.maven.surefire.junit4.JUnit4Provider.execute(JUnit4Provider.java:264)
	at org.apache.maven.surefire.junit4.JUnit4Provider.executeTestSet(JUnit4Provider.java:153)
	at org.apache.maven.surefire.junit4.JUnit4Provider.invoke(JUnit4Provider.java:124)
	at org.apache.maven.surefire.booter.ForkedBooter.invokeProviderInSameClassLoader(ForkedBooter.java:200)
	at org.apache.maven.surefire.booter.ForkedBooter.runSuitesInProcess(ForkedBooter.java:153)
	at org.apache.maven.surefire.booter.ForkedBooter.main(ForkedBooter.java:103)
</error>
    <system-out><![CDATA[testCaseResult=ru.yandex.qatools.allure.model.TestCaseResult@5b3b13fb[
  name=findJobThroughRegexp
  title=<null>
  description=<null>
  failure=<null>
  start=1445036595579
  stop=1445036616110
  status=PASSED
  severity=<null>
  steps=[]
  attachments=[]
  labels=[ru.yandex.qatools.allure.model.Label@42360a1c, ru.yandex.qatools.allure.model.Label@43e865ba]
  parameters=<null>
]
testCaseResult={
   "start" : 1445036595579,
   "stop" : 1445036616110,
   "status" : "passed",
   "name" : "findJobThroughRegexp",
   "steps" : {
      "step" : [ ]
   },
   "attachments" : {
      "attachment" : [ ]
   },
   "labels" : {
      "label" : [ {
         "name" : "host",
         "value" : "MacBook-Pro-2.home"
      }, {
         "name" : "thread",
         "value" : "1771@MacBook-Pro-2.home.main(1)"
      } ]
   }
}
testCase=ru.yandex.qatools.allure.model.TestCase@5bacb374[
  _id=790b716b-cb65-4cf8-bea5-5bb56e5f8533
  executionId=7a8626ac-7b8d-4761-8bff-776519219d78
  threadName=thread_15005794375463
  name=findJobThroughRegexp
  title=<null>
  description=<null>
  failure=<null>
  start=1445036595579
  stop=1445036616110
  status=PASSED
  severity=<null>
  steps=[]
  attachments=[]
  labels=[ru.yandex.qatools.allure.model.Label@42360a1c, ru.yandex.qatools.allure.model.Label@43e865ba]
  parameters=<null>
]
testCase={
   "start" : 1445036595579,
   "stop" : 1445036616110,
   "status" : "passed",
   "_id" : "790b716b-cb65-4cf8-bea5-5bb56e5f8533",
   "executionId" : "7a8626ac-7b8d-4761-8bff-776519219d78",
   "threadName" : "thread_15005794375463",
   "name" : "findJobThroughRegexp",
   "steps" : {
      "step" : [ ]
   },
   "attachments" : {
      "attachment" : [ ]
   },
   "labels" : {
      "label" : [ {
         "name" : "host",
         "value" : "MacBook-Pro-2.home"
      }, {
         "name" : "thread",
         "value" : "1771@MacBook-Pro-2.home.main(1)"
      } ]
   }
}
>>>REQUEST: /testaspect/TestCase/790b716b-cb65-4cf8-bea5-5bb56e5f8533
<<<RESPONSE (201 Created): /testaspect/TestCase/790b716b-cb65-4cf8-bea5-5bb56e5f8533
master50447|Oct 16, 2015 7:09:42 PM hudson.model.Run execute
master50447|INFO: blind_fish #1 main build action completed: SUCCESS
]]></system-out>
  </testcase>
  <testcase name="Test mechanism" classname="Test mechanism" time="0.002">
    <error type="java.lang.NullPointerException:">java.lang.NullPointerException: null
	at org.junit.runner.Description.createSuiteDescription(Description.java:123)
	at ru.yandex.qatools.allure.junit.AllureRunListener.getSuiteUid(AllureRunListener.java:110)
	at ru.yandex.qatools.allure.junit.AllureRunListener.testStarted(AllureRunListener.java:50)
	at org.junit.runner.notification.RunNotifier$3.notifyListener(RunNotifier.java:115)
	at org.junit.runner.notification.RunNotifier$SafeNotifier.run(RunNotifier.java:61)
	at org.junit.runner.notification.RunNotifier.fireTestStarted(RunNotifier.java:112)
	at org.junit.internal.runners.model.EachTestNotifier.fireTestStarted(EachTestNotifier.java:43)
	at cucumber.runtime.junit.JUnitReporter.result(JUnitReporter.java:83)
	at cucumber.runtime.Runtime.runStep(Runtime.java:299)
	at cucumber.runtime.model.StepContainer.runStep(StepContainer.java:44)
	at cucumber.runtime.model.StepContainer.runSteps(StepContainer.java:39)
	at cucumber.runtime.model.CucumberScenario.run(CucumberScenario.java:40)
	at cucumber.runtime.junit.ExecutionUnitRunner.run(ExecutionUnitRunner.java:83)
	at cucumber.runtime.junit.FeatureRunner.runChild(FeatureRunner.java:63)
	at cucumber.runtime.junit.FeatureRunner.runChild(FeatureRunner.java:18)
	at org.junit.runners.ParentRunner$3.run(ParentRunner.java:238)
	at org.junit.runners.ParentRunner$1.schedule(ParentRunner.java:63)
	at org.junit.runners.ParentRunner.runChildren(ParentRunner.java:236)
	at org.junit.runners.ParentRunner.access$000(ParentRunner.java:53)
	at org.junit.runners.ParentRunner$2.evaluate(ParentRunner.java:229)
	at org.junit.runners.ParentRunner.run(ParentRunner.java:309)
	at cucumber.runtime.junit.FeatureRunner.run(FeatureRunner.java:70)
	at cucumber.api.junit.Cucumber.runChild(Cucumber.java:82)
	at cucumber.api.junit.Cucumber.runChild(Cucumber.java:41)
	at org.junit.runners.ParentRunner$3.run(ParentRunner.java:238)
	at org.junit.runners.ParentRunner$1.schedule(ParentRunner.java:63)
	at org.junit.runners.ParentRunner.runChildren(ParentRunner.java:236)
	at org.junit.runners.ParentRunner.access$000(ParentRunner.java:53)
	at org.junit.runners.ParentRunner$2.evaluate(ParentRunner.java:229)
	at org.junit.runners.ParentRunner.run(ParentRunner.java:309)
	at cucumber.api.junit.Cucumber.run(Cucumber.java:87)
	at org.apache.maven.surefire.junit4.JUnit4Provider.execute(JUnit4Provider.java:264)
	at org.apache.maven.surefire.junit4.JUnit4Provider.executeTestSet(JUnit4Provider.java:153)
	at org.apache.maven.surefire.junit4.JUnit4Provider.invoke(JUnit4Provider.java:124)
	at org.apache.maven.surefire.booter.ForkedBooter.invokeProviderInSameClassLoader(ForkedBooter.java:200)
	at org.apache.maven.surefire.booter.ForkedBooter.runSuitesInProcess(ForkedBooter.java:153)
	at org.apache.maven.surefire.booter.ForkedBooter.main(ForkedBooter.java:103)
</error>
    <system-out><![CDATA[testCaseResult=ru.yandex.qatools.allure.model.TestCaseResult@5b3b13fb[
  name=findJobThroughRegexp
  title=<null>
  description=<null>
  failure=<null>
  start=1445036595579
  stop=1445036616110
  status=PASSED
  severity=<null>
  steps=[]
  attachments=[]
  labels=[ru.yandex.qatools.allure.model.Label@42360a1c, ru.yandex.qatools.allure.model.Label@43e865ba]
  parameters=<null>
]
testCaseResult={
   "start" : 1445036595579,
   "stop" : 1445036616110,
   "status" : "passed",
   "name" : "findJobThroughRegexp",
   "steps" : {
      "step" : [ ]
   },
   "attachments" : {
      "attachment" : [ ]
   },
   "labels" : {
      "label" : [ {
         "name" : "host",
         "value" : "MacBook-Pro-2.home"
      }, {
         "name" : "thread",
         "value" : "1771@MacBook-Pro-2.home.main(1)"
      } ]
   }
}
testCase=ru.yandex.qatools.allure.model.TestCase@6234ae87[
  _id=3797193d-4bcd-4cb9-b7ba-c853a0377994
  executionId=7a8626ac-7b8d-4761-8bff-776519219d78
  threadName=thread_15005794375463
  name=findJobThroughRegexp
  title=<null>
  description=<null>
  failure=<null>
  start=1445036595579
  stop=1445036616110
  status=PASSED
  severity=<null>
  steps=[]
  attachments=[]
  labels=[ru.yandex.qatools.allure.model.Label@42360a1c, ru.yandex.qatools.allure.model.Label@43e865ba]
  parameters=<null>
]
testCase={
   "start" : 1445036595579,
   "stop" : 1445036616110,
   "status" : "passed",
   "_id" : "3797193d-4bcd-4cb9-b7ba-c853a0377994",
   "executionId" : "7a8626ac-7b8d-4761-8bff-776519219d78",
   "threadName" : "thread_15005794375463",
   "name" : "findJobThroughRegexp",
   "steps" : {
      "step" : [ ]
   },
   "attachments" : {
      "attachment" : [ ]
   },
   "labels" : {
      "label" : [ {
         "name" : "host",
         "value" : "MacBook-Pro-2.home"
      }, {
         "name" : "thread",
         "value" : "1771@MacBook-Pro-2.home.main(1)"
      } ]
   }
}
>>>REQUEST: /testaspect/TestCase/3797193d-4bcd-4cb9-b7ba-c853a0377994
<<<RESPONSE (201 Created): /testaspect/TestCase/3797193d-4bcd-4cb9-b7ba-c853a0377994
]]></system-out>
  </testcase>
  <testcase name="Test mechanism" classname="Test mechanism" time="0.003">
    <error type="java.lang.NullPointerException:">java.lang.NullPointerException: null
	at org.junit.runner.Description.createSuiteDescription(Description.java:123)
	at ru.yandex.qatools.allure.junit.AllureRunListener.getSuiteUid(AllureRunListener.java:110)
	at ru.yandex.qatools.allure.junit.AllureRunListener.testStarted(AllureRunListener.java:50)
	at org.junit.runner.notification.RunNotifier$3.notifyListener(RunNotifier.java:115)
	at org.junit.runner.notification.RunNotifier$SafeNotifier.run(RunNotifier.java:61)
	at org.junit.runner.notification.RunNotifier.fireTestStarted(RunNotifier.java:112)
	at org.junit.internal.runners.model.EachTestNotifier.fireTestStarted(EachTestNotifier.java:43)
	at cucumber.runtime.junit.JUnitReporter.result(JUnitReporter.java:83)
	at cucumber.runtime.Runtime.runStep(Runtime.java:299)
	at cucumber.runtime.model.StepContainer.runStep(StepContainer.java:44)
	at cucumber.runtime.model.StepContainer.runSteps(StepContainer.java:39)
	at cucumber.runtime.model.CucumberScenario.run(CucumberScenario.java:40)
	at cucumber.runtime.junit.ExecutionUnitRunner.run(ExecutionUnitRunner.java:83)
	at cucumber.runtime.junit.FeatureRunner.runChild(FeatureRunner.java:63)
	at cucumber.runtime.junit.FeatureRunner.runChild(FeatureRunner.java:18)
	at org.junit.runners.ParentRunner$3.run(ParentRunner.java:238)
	at org.junit.runners.ParentRunner$1.schedule(ParentRunner.java:63)
	at org.junit.runners.ParentRunner.runChildren(ParentRunner.java:236)
	at org.junit.runners.ParentRunner.access$000(ParentRunner.java:53)
	at org.junit.runners.ParentRunner$2.evaluate(ParentRunner.java:229)
	at org.junit.runners.ParentRunner.run(ParentRunner.java:309)
	at cucumber.runtime.junit.FeatureRunner.run(FeatureRunner.java:70)
	at cucumber.api.junit.Cucumber.runChild(Cucumber.java:82)
	at cucumber.api.junit.Cucumber.runChild(Cucumber.java:41)
	at org.junit.runners.ParentRunner$3.run(ParentRunner.java:238)
	at org.junit.runners.ParentRunner$1.schedule(ParentRunner.java:63)
	at org.junit.runners.ParentRunner.runChildren(ParentRunner.java:236)
	at org.junit.runners.ParentRunner.access$000(ParentRunner.java:53)
	at org.junit.runners.ParentRunner$2.evaluate(ParentRunner.java:229)
	at org.junit.runners.ParentRunner.run(ParentRunner.java:309)
	at cucumber.api.junit.Cucumber.run(Cucumber.java:87)
	at org.apache.maven.surefire.junit4.JUnit4Provider.execute(JUnit4Provider.java:264)
	at org.apache.maven.surefire.junit4.JUnit4Provider.executeTestSet(JUnit4Provider.java:153)
	at org.apache.maven.surefire.junit4.JUnit4Provider.invoke(JUnit4Provider.java:124)
	at org.apache.maven.surefire.booter.ForkedBooter.invokeProviderInSameClassLoader(ForkedBooter.java:200)
	at org.apache.maven.surefire.booter.ForkedBooter.runSuitesInProcess(ForkedBooter.java:153)
	at org.apache.maven.surefire.booter.ForkedBooter.main(ForkedBooter.java:103)
</error>
    <system-out><![CDATA[testCaseResult=ru.yandex.qatools.allure.model.TestCaseResult@5b3b13fb[
  name=findJobThroughRegexp
  title=<null>
  description=<null>
  failure=<null>
  start=1445036595579
  stop=1445036616110
  status=PASSED
  severity=<null>
  steps=[]
  attachments=[]
  labels=[ru.yandex.qatools.allure.model.Label@42360a1c, ru.yandex.qatools.allure.model.Label@43e865ba]
  parameters=<null>
]
testCaseResult={
   "start" : 1445036595579,
   "stop" : 1445036616110,
   "status" : "passed",
   "name" : "findJobThroughRegexp",
   "steps" : {
      "step" : [ ]
   },
   "attachments" : {
      "attachment" : [ ]
   },
   "labels" : {
      "label" : [ {
         "name" : "host",
         "value" : "MacBook-Pro-2.home"
      }, {
         "name" : "thread",
         "value" : "1771@MacBook-Pro-2.home.main(1)"
      } ]
   }
}
testCase=ru.yandex.qatools.allure.model.TestCase@5e1db9e7[
  _id=f638006a-7e52-4c9e-aa8e-a00ba62088f0
  executionId=7a8626ac-7b8d-4761-8bff-776519219d78
  threadName=thread_15005794375463
  name=findJobThroughRegexp
  title=<null>
  description=<null>
  failure=<null>
  start=1445036595579
  stop=1445036616110
  status=PASSED
  severity=<null>
  steps=[]
  attachments=[]
  labels=[ru.yandex.qatools.allure.model.Label@42360a1c, ru.yandex.qatools.allure.model.Label@43e865ba]
  parameters=<null>
]
testCase={
   "start" : 1445036595579,
   "stop" : 1445036616110,
   "status" : "passed",
   "_id" : "f638006a-7e52-4c9e-aa8e-a00ba62088f0",
   "executionId" : "7a8626ac-7b8d-4761-8bff-776519219d78",
   "threadName" : "thread_15005794375463",
   "name" : "findJobThroughRegexp",
   "steps" : {
      "step" : [ ]
   },
   "attachments" : {
      "attachment" : [ ]
   },
   "labels" : {
      "label" : [ {
         "name" : "host",
         "value" : "MacBook-Pro-2.home"
      }, {
         "name" : "thread",
         "value" : "1771@MacBook-Pro-2.home.main(1)"
      } ]
   }
}
>>>REQUEST: /testaspect/TestCase/f638006a-7e52-4c9e-aa8e-a00ba62088f0
<<<RESPONSE (201 Created): /testaspect/TestCase/f638006a-7e52-4c9e-aa8e-a00ba62088f0
]]></system-out>
  </testcase>
  <testcase name="Test mechanism" classname="Test mechanism" time="0.002">
    <error type="java.lang.NullPointerException:">java.lang.NullPointerException: null
	at org.junit.runner.Description.createSuiteDescription(Description.java:123)
	at ru.yandex.qatools.allure.junit.AllureRunListener.getSuiteUid(AllureRunListener.java:110)
	at ru.yandex.qatools.allure.junit.AllureRunListener.testStarted(AllureRunListener.java:50)
	at org.junit.runner.notification.RunNotifier$3.notifyListener(RunNotifier.java:115)
	at org.junit.runner.notification.RunNotifier$SafeNotifier.run(RunNotifier.java:61)
	at org.junit.runner.notification.RunNotifier.fireTestStarted(RunNotifier.java:112)
	at org.junit.internal.runners.model.EachTestNotifier.fireTestStarted(EachTestNotifier.java:43)
	at cucumber.runtime.junit.JUnitReporter.result(JUnitReporter.java:83)
	at cucumber.runtime.Runtime.runStep(Runtime.java:299)
	at cucumber.runtime.model.StepContainer.runStep(StepContainer.java:44)
	at cucumber.runtime.model.StepContainer.runSteps(StepContainer.java:39)
	at cucumber.runtime.model.CucumberScenario.run(CucumberScenario.java:40)
	at cucumber.runtime.junit.ExecutionUnitRunner.run(ExecutionUnitRunner.java:83)
	at cucumber.runtime.junit.FeatureRunner.runChild(FeatureRunner.java:63)
	at cucumber.runtime.junit.FeatureRunner.runChild(FeatureRunner.java:18)
	at org.junit.runners.ParentRunner$3.run(ParentRunner.java:238)
	at org.junit.runners.ParentRunner$1.schedule(ParentRunner.java:63)
	at org.junit.runners.ParentRunner.runChildren(ParentRunner.java:236)
	at org.junit.runners.ParentRunner.access$000(ParentRunner.java:53)
	at org.junit.runners.ParentRunner$2.evaluate(ParentRunner.java:229)
	at org.junit.runners.ParentRunner.run(ParentRunner.java:309)
	at cucumber.runtime.junit.FeatureRunner.run(FeatureRunner.java:70)
	at cucumber.api.junit.Cucumber.runChild(Cucumber.java:82)
	at cucumber.api.junit.Cucumber.runChild(Cucumber.java:41)
	at org.junit.runners.ParentRunner$3.run(ParentRunner.java:238)
	at org.junit.runners.ParentRunner$1.schedule(ParentRunner.java:63)
	at org.junit.runners.ParentRunner.runChildren(ParentRunner.java:236)
	at org.junit.runners.ParentRunner.access$000(ParentRunner.java:53)
	at org.junit.runners.ParentRunner$2.evaluate(ParentRunner.java:229)
	at org.junit.runners.ParentRunner.run(ParentRunner.java:309)
	at cucumber.api.junit.Cucumber.run(Cucumber.java:87)
	at org.apache.maven.surefire.junit4.JUnit4Provider.execute(JUnit4Provider.java:264)
	at org.apache.maven.surefire.junit4.JUnit4Provider.executeTestSet(JUnit4Provider.java:153)
	at org.apache.maven.surefire.junit4.JUnit4Provider.invoke(JUnit4Provider.java:124)
	at org.apache.maven.surefire.booter.ForkedBooter.invokeProviderInSameClassLoader(ForkedBooter.java:200)
	at org.apache.maven.surefire.booter.ForkedBooter.runSuitesInProcess(ForkedBooter.java:153)
	at org.apache.maven.surefire.booter.ForkedBooter.main(ForkedBooter.java:103)
</error>
    <system-out><![CDATA[testCaseResult=ru.yandex.qatools.allure.model.TestCaseResult@5b3b13fb[
  name=findJobThroughRegexp
  title=<null>
  description=<null>
  failure=<null>
  start=1445036595579
  stop=1445036616110
  status=PASSED
  severity=<null>
  steps=[]
  attachments=[]
  labels=[ru.yandex.qatools.allure.model.Label@42360a1c, ru.yandex.qatools.allure.model.Label@43e865ba]
  parameters=<null>
]
testCaseResult={
   "start" : 1445036595579,
   "stop" : 1445036616110,
   "status" : "passed",
   "name" : "findJobThroughRegexp",
   "steps" : {
      "step" : [ ]
   },
   "attachments" : {
      "attachment" : [ ]
   },
   "labels" : {
      "label" : [ {
         "name" : "host",
         "value" : "MacBook-Pro-2.home"
      }, {
         "name" : "thread",
         "value" : "1771@MacBook-Pro-2.home.main(1)"
      } ]
   }
}
testCase=ru.yandex.qatools.allure.model.TestCase@671b423f[
  _id=7b8cdd01-ae4b-4e74-8ab5-e3e0474207d9
  executionId=7a8626ac-7b8d-4761-8bff-776519219d78
  threadName=thread_15005794375463
  name=findJobThroughRegexp
  title=<null>
  description=<null>
  failure=<null>
  start=1445036595579
  stop=1445036616110
  status=PASSED
  severity=<null>
  steps=[]
  attachments=[]
  labels=[ru.yandex.qatools.allure.model.Label@42360a1c, ru.yandex.qatools.allure.model.Label@43e865ba]
  parameters=<null>
]
testCase={
   "start" : 1445036595579,
   "stop" : 1445036616110,
   "status" : "passed",
   "_id" : "7b8cdd01-ae4b-4e74-8ab5-e3e0474207d9",
   "executionId" : "7a8626ac-7b8d-4761-8bff-776519219d78",
   "threadName" : "thread_15005794375463",
   "name" : "findJobThroughRegexp",
   "steps" : {
      "step" : [ ]
   },
   "attachments" : {
      "attachment" : [ ]
   },
   "labels" : {
      "label" : [ {
         "name" : "host",
         "value" : "MacBook-Pro-2.home"
      }, {
         "name" : "thread",
         "value" : "1771@MacBook-Pro-2.home.main(1)"
      } ]
   }
}
>>>REQUEST: /testaspect/TestCase/7b8cdd01-ae4b-4e74-8ab5-e3e0474207d9
<<<RESPONSE (201 Created): /testaspect/TestCase/7b8cdd01-ae4b-4e74-8ab5-e3e0474207d9
]]></system-out>
  </testcase>
  <testcase name="Test mechanism" classname="Test mechanism" time="0.001">
    <error type="java.lang.NullPointerException:">java.lang.NullPointerException: null
	at org.junit.runner.Description.createSuiteDescription(Description.java:123)
	at ru.yandex.qatools.allure.junit.AllureRunListener.getSuiteUid(AllureRunListener.java:110)
	at ru.yandex.qatools.allure.junit.AllureRunListener.testStarted(AllureRunListener.java:50)
	at org.junit.runner.notification.RunNotifier$3.notifyListener(RunNotifier.java:115)
	at org.junit.runner.notification.RunNotifier$SafeNotifier.run(RunNotifier.java:61)
	at org.junit.runner.notification.RunNotifier.fireTestStarted(RunNotifier.java:112)
	at org.junit.internal.runners.model.EachTestNotifier.fireTestStarted(EachTestNotifier.java:43)
	at cucumber.runtime.junit.JUnitReporter.result(JUnitReporter.java:83)
	at cucumber.runtime.Runtime.runStep(Runtime.java:299)
	at cucumber.runtime.model.StepContainer.runStep(StepContainer.java:44)
	at cucumber.runtime.model.StepContainer.runSteps(StepContainer.java:39)
	at cucumber.runtime.model.CucumberScenario.run(CucumberScenario.java:40)
	at cucumber.runtime.junit.ExecutionUnitRunner.run(ExecutionUnitRunner.java:83)
	at cucumber.runtime.junit.FeatureRunner.runChild(FeatureRunner.java:63)
	at cucumber.runtime.junit.FeatureRunner.runChild(FeatureRunner.java:18)
	at org.junit.runners.ParentRunner$3.run(ParentRunner.java:238)
	at org.junit.runners.ParentRunner$1.schedule(ParentRunner.java:63)
	at org.junit.runners.ParentRunner.runChildren(ParentRunner.java:236)
	at org.junit.runners.ParentRunner.access$000(ParentRunner.java:53)
	at org.junit.runners.ParentRunner$2.evaluate(ParentRunner.java:229)
	at org.junit.runners.ParentRunner.run(ParentRunner.java:309)
	at cucumber.runtime.junit.FeatureRunner.run(FeatureRunner.java:70)
	at cucumber.api.junit.Cucumber.runChild(Cucumber.java:82)
	at cucumber.api.junit.Cucumber.runChild(Cucumber.java:41)
	at org.junit.runners.ParentRunner$3.run(ParentRunner.java:238)
	at org.junit.runners.ParentRunner$1.schedule(ParentRunner.java:63)
	at org.junit.runners.ParentRunner.runChildren(ParentRunner.java:236)
	at org.junit.runners.ParentRunner.access$000(ParentRunner.java:53)
	at org.junit.runners.ParentRunner$2.evaluate(ParentRunner.java:229)
	at org.junit.runners.ParentRunner.run(ParentRunner.java:309)
	at cucumber.api.junit.Cucumber.run(Cucumber.java:87)
	at org.apache.maven.surefire.junit4.JUnit4Provider.execute(JUnit4Provider.java:264)
	at org.apache.maven.surefire.junit4.JUnit4Provider.executeTestSet(JUnit4Provider.java:153)
	at org.apache.maven.surefire.junit4.JUnit4Provider.invoke(JUnit4Provider.java:124)
	at org.apache.maven.surefire.booter.ForkedBooter.invokeProviderInSameClassLoader(ForkedBooter.java:200)
	at org.apache.maven.surefire.booter.ForkedBooter.runSuitesInProcess(ForkedBooter.java:153)
	at org.apache.maven.surefire.booter.ForkedBooter.main(ForkedBooter.java:103)
</error>
    <system-out><![CDATA[testCaseResult=ru.yandex.qatools.allure.model.TestCaseResult@5b3b13fb[
  name=findJobThroughRegexp
  title=<null>
  description=<null>
  failure=<null>
  start=1445036595579
  stop=1445036616110
  status=PASSED
  severity=<null>
  steps=[]
  attachments=[]
  labels=[ru.yandex.qatools.allure.model.Label@42360a1c, ru.yandex.qatools.allure.model.Label@43e865ba]
  parameters=<null>
]
testCaseResult={
   "start" : 1445036595579,
   "stop" : 1445036616110,
   "status" : "passed",
   "name" : "findJobThroughRegexp",
   "steps" : {
      "step" : [ ]
   },
   "attachments" : {
      "attachment" : [ ]
   },
   "labels" : {
      "label" : [ {
         "name" : "host",
         "value" : "MacBook-Pro-2.home"
      }, {
         "name" : "thread",
         "value" : "1771@MacBook-Pro-2.home.main(1)"
      } ]
   }
}
testCase=ru.yandex.qatools.allure.model.TestCase@6afdce4e[
  _id=93888e9d-cbbb-4bc4-8b7d-90f67d9daa51
  executionId=7a8626ac-7b8d-4761-8bff-776519219d78
  threadName=thread_15005794375463
  name=findJobThroughRegexp
  title=<null>
  description=<null>
  failure=<null>
  start=1445036595579
  stop=1445036616110
  status=PASSED
  severity=<null>
  steps=[]
  attachments=[]
  labels=[ru.yandex.qatools.allure.model.Label@42360a1c, ru.yandex.qatools.allure.model.Label@43e865ba]
  parameters=<null>
]
testCase={
   "start" : 1445036595579,
   "stop" : 1445036616110,
   "status" : "passed",
   "_id" : "93888e9d-cbbb-4bc4-8b7d-90f67d9daa51",
   "executionId" : "7a8626ac-7b8d-4761-8bff-776519219d78",
   "threadName" : "thread_15005794375463",
   "name" : "findJobThroughRegexp",
   "steps" : {
      "step" : [ ]
   },
   "attachments" : {
      "attachment" : [ ]
   },
   "labels" : {
      "label" : [ {
         "name" : "host",
         "value" : "MacBook-Pro-2.home"
      }, {
         "name" : "thread",
         "value" : "1771@MacBook-Pro-2.home.main(1)"
      } ]
   }
}
>>>REQUEST: /testaspect/TestCase/93888e9d-cbbb-4bc4-8b7d-90f67d9daa51
<<<RESPONSE (201 Created): /testaspect/TestCase/93888e9d-cbbb-4bc4-8b7d-90f67d9daa51
]]></system-out>
  </testcase>
  <testcase name="Test mechanism" classname="Test mechanism" time="0">
    <error type="java.lang.NullPointerException:">java.lang.NullPointerException: null
	at org.junit.runner.Description.createSuiteDescription(Description.java:123)
	at ru.yandex.qatools.allure.junit.AllureRunListener.getSuiteUid(AllureRunListener.java:110)
	at ru.yandex.qatools.allure.junit.AllureRunListener.testStarted(AllureRunListener.java:50)
	at org.junit.runner.notification.RunNotifier$3.notifyListener(RunNotifier.java:115)
	at org.junit.runner.notification.RunNotifier$SafeNotifier.run(RunNotifier.java:61)
	at org.junit.runner.notification.RunNotifier.fireTestStarted(RunNotifier.java:112)
	at org.junit.internal.runners.model.EachTestNotifier.fireTestStarted(EachTestNotifier.java:43)
	at cucumber.runtime.junit.JUnitReporter.startExecutionUnit(JUnitReporter.java:48)
	at cucumber.runtime.junit.ExecutionUnitRunner.run(ExecutionUnitRunner.java:81)
	at cucumber.runtime.junit.FeatureRunner.runChild(FeatureRunner.java:63)
	at cucumber.runtime.junit.FeatureRunner.runChild(FeatureRunner.java:18)
	at org.junit.runners.ParentRunner$3.run(ParentRunner.java:238)
	at org.junit.runners.ParentRunner$1.schedule(ParentRunner.java:63)
	at org.junit.runners.ParentRunner.runChildren(ParentRunner.java:236)
	at org.junit.runners.ParentRunner.access$000(ParentRunner.java:53)
	at org.junit.runners.ParentRunner$2.evaluate(ParentRunner.java:229)
	at org.junit.runners.ParentRunner.run(ParentRunner.java:309)
	at cucumber.runtime.junit.FeatureRunner.run(FeatureRunner.java:70)
	at cucumber.api.junit.Cucumber.runChild(Cucumber.java:82)
	at cucumber.api.junit.Cucumber.runChild(Cucumber.java:41)
	at org.junit.runners.ParentRunner$3.run(ParentRunner.java:238)
	at org.junit.runners.ParentRunner$1.schedule(ParentRunner.java:63)
	at org.junit.runners.ParentRunner.runChildren(ParentRunner.java:236)
	at org.junit.runners.ParentRunner.access$000(ParentRunner.java:53)
	at org.junit.runners.ParentRunner$2.evaluate(ParentRunner.java:229)
	at org.junit.runners.ParentRunner.run(ParentRunner.java:309)
	at cucumber.api.junit.Cucumber.run(Cucumber.java:87)
	at org.apache.maven.surefire.junit4.JUnit4Provider.execute(JUnit4Provider.java:264)
	at org.apache.maven.surefire.junit4.JUnit4Provider.executeTestSet(JUnit4Provider.java:153)
	at org.apache.maven.surefire.junit4.JUnit4Provider.invoke(JUnit4Provider.java:124)
	at org.apache.maven.surefire.booter.ForkedBooter.invokeProviderInSameClassLoader(ForkedBooter.java:200)
	at org.apache.maven.surefire.booter.ForkedBooter.runSuitesInProcess(ForkedBooter.java:153)
	at org.apache.maven.surefire.booter.ForkedBooter.main(ForkedBooter.java:103)
</error>
    <system-out><![CDATA[testCaseResult=ru.yandex.qatools.allure.model.TestCaseResult@5b3b13fb[
  name=findJobThroughRegexp
  title=<null>
  description=<null>
  failure=<null>
  start=1445036595579
  stop=1445036616110
  status=PASSED
  severity=<null>
  steps=[]
  attachments=[]
  labels=[ru.yandex.qatools.allure.model.Label@42360a1c, ru.yandex.qatools.allure.model.Label@43e865ba]
  parameters=<null>
]
testCaseResult={
   "start" : 1445036595579,
   "stop" : 1445036616110,
   "status" : "passed",
   "name" : "findJobThroughRegexp",
   "steps" : {
      "step" : [ ]
   },
   "attachments" : {
      "attachment" : [ ]
   },
   "labels" : {
      "label" : [ {
         "name" : "host",
         "value" : "MacBook-Pro-2.home"
      }, {
         "name" : "thread",
         "value" : "1771@MacBook-Pro-2.home.main(1)"
      } ]
   }
}
testCase=ru.yandex.qatools.allure.model.TestCase@34d534bc[
  _id=fa99a2e3-c413-4334-a59d-a209365e79d1
  executionId=7a8626ac-7b8d-4761-8bff-776519219d78
  threadName=thread_15005794375463
  name=findJobThroughRegexp
  title=<null>
  description=<null>
  failure=<null>
  start=1445036595579
  stop=1445036616110
  status=PASSED
  severity=<null>
  steps=[]
  attachments=[]
  labels=[ru.yandex.qatools.allure.model.Label@42360a1c, ru.yandex.qatools.allure.model.Label@43e865ba]
  parameters=<null>
]
testCase={
   "start" : 1445036595579,
   "stop" : 1445036616110,
   "status" : "passed",
   "_id" : "fa99a2e3-c413-4334-a59d-a209365e79d1",
   "executionId" : "7a8626ac-7b8d-4761-8bff-776519219d78",
   "threadName" : "thread_15005794375463",
   "name" : "findJobThroughRegexp",
   "steps" : {
      "step" : [ ]
   },
   "attachments" : {
      "attachment" : [ ]
   },
   "labels" : {
      "label" : [ {
         "name" : "host",
         "value" : "MacBook-Pro-2.home"
      }, {
         "name" : "thread",
         "value" : "1771@MacBook-Pro-2.home.main(1)"
      } ]
   }
}
>>>REQUEST: /testaspect/TestCase/fa99a2e3-c413-4334-a59d-a209365e79d1
Jenkins is stopped
<<<RESPONSE (201 Created): /testaspect/TestCase/fa99a2e3-c413-4334-a59d-a209365e79d1
testCaseResult=ru.yandex.qatools.allure.model.TestCaseResult@5b3b13fb[
  name=findJobThroughRegexp
  title=<null>
  description=<null>
  failure=<null>
  start=1445036595579
  stop=1445036616110
  status=PASSED
  severity=<null>
  steps=[]
  attachments=[]
  labels=[ru.yandex.qatools.allure.model.Label@42360a1c, ru.yandex.qatools.allure.model.Label@43e865ba]
  parameters=<null>
]
testCaseResult={
   "start" : 1445036595579,
   "stop" : 1445036616110,
   "status" : "passed",
   "name" : "findJobThroughRegexp",
   "steps" : {
      "step" : [ ]
   },
   "attachments" : {
      "attachment" : [ ]
   },
   "labels" : {
      "label" : [ {
         "name" : "host",
         "value" : "MacBook-Pro-2.home"
      }, {
         "name" : "thread",
         "value" : "1771@MacBook-Pro-2.home.main(1)"
      } ]
   }
}
testCase=ru.yandex.qatools.allure.model.TestCase@6e4b9659[
  _id=e1f96d62-e701-4ee6-bd43-1061a226da31
  executionId=7a8626ac-7b8d-4761-8bff-776519219d78
  threadName=thread_15005794375463
  name=findJobThroughRegexp
  title=<null>
  description=<null>
  failure=<null>
  start=1445036595579
  stop=1445036616110
  status=PASSED
  severity=<null>
  steps=[]
  attachments=[]
  labels=[ru.yandex.qatools.allure.model.Label@42360a1c, ru.yandex.qatools.allure.model.Label@43e865ba]
  parameters=<null>
]
testCase={
   "start" : 1445036595579,
   "stop" : 1445036616110,
   "status" : "passed",
   "_id" : "e1f96d62-e701-4ee6-bd43-1061a226da31",
   "executionId" : "7a8626ac-7b8d-4761-8bff-776519219d78",
   "threadName" : "thread_15005794375463",
   "name" : "findJobThroughRegexp",
   "steps" : {
      "step" : [ ]
   },
   "attachments" : {
      "attachment" : [ ]
   },
   "labels" : {
      "label" : [ {
         "name" : "host",
         "value" : "MacBook-Pro-2.home"
      }, {
         "name" : "thread",
         "value" : "1771@MacBook-Pro-2.home.main(1)"
      } ]
   }
}
>>>REQUEST: /testaspect/TestCase/e1f96d62-e701-4ee6-bd43-1061a226da31
]]></system-out>
    <system-err><![CDATA[[INFO  - 2015-10-16T23:09:43.821Z] ShutdownReqHand - _handle - About to shutdown
]]></system-err>
  </testcase>
  <testcase name="Test mechanism" classname="Test mechanism" time="0.002">
    <error type="java.lang.NullPointerException:">java.lang.NullPointerException: null
	at org.junit.runner.Description.createSuiteDescription(Description.java:123)
	at ru.yandex.qatools.allure.junit.AllureRunListener.getSuiteUid(AllureRunListener.java:110)
	at ru.yandex.qatools.allure.junit.AllureRunListener.testStarted(AllureRunListener.java:50)
	at org.junit.runner.notification.RunNotifier$3.notifyListener(RunNotifier.java:115)
	at org.junit.runner.notification.RunNotifier$SafeNotifier.run(RunNotifier.java:61)
	at org.junit.runner.notification.RunNotifier.fireTestStarted(RunNotifier.java:112)
	at org.junit.internal.runners.model.EachTestNotifier.fireTestStarted(EachTestNotifier.java:43)
	at cucumber.runtime.junit.JUnitReporter.result(JUnitReporter.java:83)
	at cucumber.runtime.Runtime.runStep(Runtime.java:299)
	at cucumber.runtime.model.StepContainer.runStep(StepContainer.java:44)
	at cucumber.runtime.model.StepContainer.runSteps(StepContainer.java:39)
	at cucumber.runtime.model.CucumberScenario.run(CucumberScenario.java:40)
	at cucumber.runtime.junit.ExecutionUnitRunner.run(ExecutionUnitRunner.java:83)
	at cucumber.runtime.junit.FeatureRunner.runChild(FeatureRunner.java:63)
	at cucumber.runtime.junit.FeatureRunner.runChild(FeatureRunner.java:18)
	at org.junit.runners.ParentRunner$3.run(ParentRunner.java:238)
	at org.junit.runners.ParentRunner$1.schedule(ParentRunner.java:63)
	at org.junit.runners.ParentRunner.runChildren(ParentRunner.java:236)
	at org.junit.runners.ParentRunner.access$000(ParentRunner.java:53)
	at org.junit.runners.ParentRunner$2.evaluate(ParentRunner.java:229)
	at org.junit.runners.ParentRunner.run(ParentRunner.java:309)
	at cucumber.runtime.junit.FeatureRunner.run(FeatureRunner.java:70)
	at cucumber.api.junit.Cucumber.runChild(Cucumber.java:82)
	at cucumber.api.junit.Cucumber.runChild(Cucumber.java:41)
	at org.junit.runners.ParentRunner$3.run(ParentRunner.java:238)
	at org.junit.runners.ParentRunner$1.schedule(ParentRunner.java:63)
	at org.junit.runners.ParentRunner.runChildren(ParentRunner.java:236)
	at org.junit.runners.ParentRunner.access$000(ParentRunner.java:53)
	at org.junit.runners.ParentRunner$2.evaluate(ParentRunner.java:229)
	at org.junit.runners.ParentRunner.run(ParentRunner.java:309)
	at cucumber.api.junit.Cucumber.run(Cucumber.java:87)
	at org.apache.maven.surefire.junit4.JUnit4Provider.execute(JUnit4Provider.java:264)
	at org.apache.maven.surefire.junit4.JUnit4Provider.executeTestSet(JUnit4Provider.java:153)
	at org.apache.maven.surefire.junit4.JUnit4Provider.invoke(JUnit4Provider.java:124)
	at org.apache.maven.surefire.booter.ForkedBooter.invokeProviderInSameClassLoader(ForkedBooter.java:200)
	at org.apache.maven.surefire.booter.ForkedBooter.runSuitesInProcess(ForkedBooter.java:153)
	at org.apache.maven.surefire.booter.ForkedBooter.main(ForkedBooter.java:103)
</error>
    <system-out><![CDATA[<<<RESPONSE (201 Created): /testaspect/TestCase/e1f96d62-e701-4ee6-bd43-1061a226da31
running with given plugins: []
Starting Jenkins: JAVA_HOME=/Library/Java/JavaVirtualMachines/jdk1.8.0_60.jdk/Contents/Home JENKINS_HOME=/Users/abduljewel/Documents/c/spiderqa/sample-test-projects/acceptance-test-harness/target/jenkins5473071791639894560home /Library/Java/JavaVirtualMachines/jdk1.8.0_60.jdk/Contents/Home/bin/java -Duser.language=en -jar ./jenkins.war --ajp13Port=-1 --httpPort=64247
master64247|Running from: /Users/abduljewel/Documents/c/spiderqa/sample-test-projects/acceptance-test-harness/jenkins.war
master64247|webroot: EnvVars.masterEnvVars.get("JENKINS_HOME")
master64247|Oct 16, 2015 7:09:44 PM winstone.Logger logInternal
master64247|INFO: Beginning extraction from war file
master64247|Oct 16, 2015 7:09:45 PM org.eclipse.jetty.util.log.JavaUtilLog info
master64247|INFO: jetty-winstone-2.8
master64247|Oct 16, 2015 7:09:46 PM org.eclipse.jetty.util.log.JavaUtilLog info
master64247|INFO: NO JSP Support for , did not find org.apache.jasper.servlet.JspServlet
master64247|Jenkins home directory: /Users/abduljewel/Documents/c/spiderqa/sample-test-projects/acceptance-test-harness/target/jenkins5473071791639894560home found at: EnvVars.masterEnvVars.get("JENKINS_HOME")
master64247|Oct 16, 2015 7:09:47 PM org.eclipse.jetty.util.log.JavaUtilLog info
master64247|INFO: Started SelectChannelConnector@0.0.0.0:64247
master64247|Oct 16, 2015 7:09:47 PM winstone.Logger logInternal
master64247|INFO: Winstone Servlet Engine v2.0 running: controlPort=disabled
master64247|Oct 16, 2015 7:09:48 PM jenkins.InitReactorRunner$1 onAttained
master64247|INFO: Started initialization
master64247|Oct 16, 2015 7:09:57 PM jenkins.InitReactorRunner$1 onAttained
master64247|INFO: Listed all plugins
master64247|Oct 16, 2015 7:09:57 PM jenkins.InitReactorRunner$1 onAttained
master64247|INFO: Prepared all plugins
master64247|Oct 16, 2015 7:09:57 PM jenkins.InitReactorRunner$1 onAttained
master64247|INFO: Started all plugins
master64247|Oct 16, 2015 7:09:57 PM jenkins.InitReactorRunner$1 onAttained
master64247|INFO: Augmented all extensions
master64247|Oct 16, 2015 7:09:59 PM jenkins.InitReactorRunner$1 onAttained
master64247|INFO: Loaded all jobs
master64247|Oct 16, 2015 7:10:00 PM hudson.model.AsyncPeriodicWork$1 run
master64247|INFO: Started Download metadata
master64247|Oct 16, 2015 7:10:00 PM org.jenkinsci.main.modules.sshd.SSHD start
master64247|INFO: Started SSHD at port 54864
master64247|Oct 16, 2015 7:10:00 PM jenkins.InitReactorRunner$1 onAttained
master64247|INFO: Completed initialization
master64247|Oct 16, 2015 7:10:00 PM hudson.UDPBroadcastThread run
master64247|WARNING: UDP handling problem
master64247|java.net.SocketException: Can't assign requested address
master64247|	at java.net.PlainDatagramSocketImpl.join(Native Method)
master64247|	at java.net.AbstractPlainDatagramSocketImpl.join(AbstractPlainDatagramSocketImpl.java:179)
master64247|	at java.net.MulticastSocket.joinGroup(MulticastSocket.java:323)
master64247|	at hudson.UDPBroadcastThread.run(UDPBroadcastThread.java:77)
master64247|
master64247|Oct 16, 2015 7:10:00 PM hudson.WebAppMain$3 run
master64247|INFO: Jenkins is fully up and running
master64247|Oct 16, 2015 7:10:02 PM hudson.model.UpdateSite updateData
master64247|INFO: Obtained the latest update center data file for UpdateSource default
master64247|Oct 16, 2015 7:10:02 PM hudson.model.DownloadService$Downloadable load
master64247|INFO: Obtained the updated data file for hudson.tasks.Maven.MavenInstaller
master64247|Oct 16, 2015 7:10:02 PM hudson.model.DownloadService$Downloadable load
master64247|INFO: Obtained the updated data file for hudson.tasks.Ant.AntInstaller
]]></system-out>
    <system-err><![CDATA[Oct 16, 2015 7:09:44 PM org.jenkinsci.test.acceptance.controller.LocalController startNow
INFO: Waiting for Jenkins to become running in http://127.0.0.1:64247/
Oct 16, 2015 7:10:00 PM org.jenkinsci.test.acceptance.controller.LocalController startNow
INFO: Jenkins is running in http://127.0.0.1:64247/
Oct 16, 2015 7:10:00 PM org.openqa.selenium.phantomjs.PhantomJSDriverService <init>
INFO: executable: /usr/local/bin/phantomjs
Oct 16, 2015 7:10:00 PM org.openqa.selenium.phantomjs.PhantomJSDriverService <init>
INFO: port: 36506
Oct 16, 2015 7:10:00 PM org.openqa.selenium.phantomjs.PhantomJSDriverService <init>
INFO: arguments: [--webdriver=36506, --webdriver-logfile=/Users/abduljewel/Documents/c/spiderqa/sample-test-projects/acceptance-test-harness/phantomjsdriver.log]
Oct 16, 2015 7:10:00 PM org.openqa.selenium.phantomjs.PhantomJSDriverService <init>
INFO: environment: {}
[INFO  - 2015-10-16T23:10:00.702Z] GhostDriver - Main - running on port 36506
[INFO  - 2015-10-16T23:10:00.989Z] Session [06d0a090-745b-11e5-8963-79d2237432c1] - page.settings - {"XSSAuditingEnabled":false,"javascriptCanCloseWindows":true,"javascriptCanOpenWindows":true,"javascriptEnabled":true,"loadImages":true,"localToRemoteUrlAccessEnabled":false,"userAgent":"Mozilla/5.0 (Macintosh; Intel Mac OS X) AppleWebKit/538.1 (KHTML, like Gecko) PhantomJS/2.0.0 Safari/538.1","webSecurityEnabled":true}
[INFO  - 2015-10-16T23:10:00.989Z] Session [06d0a090-745b-11e5-8963-79d2237432c1] - page.customHeaders:  - {"Accept-Language":"en"}
[INFO  - 2015-10-16T23:10:00.989Z] Session [06d0a090-745b-11e5-8963-79d2237432c1] - Session.negotiatedCapabilities - {"browserName":"phantomjs","version":"2.0.0","driverName":"ghostdriver","driverVersion":"1.2.0","platform":"mac-10.9 (Mavericks)-64bit","javascriptEnabled":true,"takesScreenshot":true,"handlesAlerts":false,"databaseEnabled":false,"locationContextEnabled":false,"applicationCacheEnabled":false,"browserConnectionEnabled":false,"cssSelectorsEnabled":true,"webStorageEnabled":false,"rotatable":false,"acceptSslCerts":false,"nativeEvents":true,"proxy":{"proxyType":"direct"},"phantomjs.page.customHeaders.Accept-Language":"en"}
[INFO  - 2015-10-16T23:10:00.989Z] SessionManagerReqHand - _postNewSessionCommand - New Session Created: 06d0a090-745b-11e5-8963-79d2237432c1
]]></system-err>
  </testcase>
  <testcase name="Test mechanism" classname="Test mechanism" time="0.002">
    <error type="java.lang.NullPointerException:">java.lang.NullPointerException: null
	at org.junit.runner.Description.createSuiteDescription(Description.java:123)
	at ru.yandex.qatools.allure.junit.AllureRunListener.getSuiteUid(AllureRunListener.java:110)
	at ru.yandex.qatools.allure.junit.AllureRunListener.testStarted(AllureRunListener.java:50)
	at org.junit.runner.notification.RunNotifier$3.notifyListener(RunNotifier.java:115)
	at org.junit.runner.notification.RunNotifier$SafeNotifier.run(RunNotifier.java:61)
	at org.junit.runner.notification.RunNotifier.fireTestStarted(RunNotifier.java:112)
	at org.junit.internal.runners.model.EachTestNotifier.fireTestStarted(EachTestNotifier.java:43)
	at cucumber.runtime.junit.JUnitReporter.result(JUnitReporter.java:83)
	at cucumber.runtime.Runtime.runStep(Runtime.java:299)
	at cucumber.runtime.model.StepContainer.runStep(StepContainer.java:44)
	at cucumber.runtime.model.StepContainer.runSteps(StepContainer.java:39)
	at cucumber.runtime.model.CucumberScenario.run(CucumberScenario.java:40)
	at cucumber.runtime.junit.ExecutionUnitRunner.run(ExecutionUnitRunner.java:83)
	at cucumber.runtime.junit.FeatureRunner.runChild(FeatureRunner.java:63)
	at cucumber.runtime.junit.FeatureRunner.runChild(FeatureRunner.java:18)
	at org.junit.runners.ParentRunner$3.run(ParentRunner.java:238)
	at org.junit.runners.ParentRunner$1.schedule(ParentRunner.java:63)
	at org.junit.runners.ParentRunner.runChildren(ParentRunner.java:236)
	at org.junit.runners.ParentRunner.access$000(ParentRunner.java:53)
	at org.junit.runners.ParentRunner$2.evaluate(ParentRunner.java:229)
	at org.junit.runners.ParentRunner.run(ParentRunner.java:309)
	at cucumber.runtime.junit.FeatureRunner.run(FeatureRunner.java:70)
	at cucumber.api.junit.Cucumber.runChild(Cucumber.java:82)
	at cucumber.api.junit.Cucumber.runChild(Cucumber.java:41)
	at org.junit.runners.ParentRunner$3.run(ParentRunner.java:238)
	at org.junit.runners.ParentRunner$1.schedule(ParentRunner.java:63)
	at org.junit.runners.ParentRunner.runChildren(ParentRunner.java:236)
	at org.junit.runners.ParentRunner.access$000(ParentRunner.java:53)
	at org.junit.runners.ParentRunner$2.evaluate(ParentRunner.java:229)
	at org.junit.runners.ParentRunner.run(ParentRunner.java:309)
	at cucumber.api.junit.Cucumber.run(Cucumber.java:87)
	at org.apache.maven.surefire.junit4.JUnit4Provider.execute(JUnit4Provider.java:264)
	at org.apache.maven.surefire.junit4.JUnit4Provider.executeTestSet(JUnit4Provider.java:153)
	at org.apache.maven.surefire.junit4.JUnit4Provider.invoke(JUnit4Provider.java:124)
	at org.apache.maven.surefire.booter.ForkedBooter.invokeProviderInSameClassLoader(ForkedBooter.java:200)
	at org.apache.maven.surefire.booter.ForkedBooter.runSuitesInProcess(ForkedBooter.java:153)
	at org.apache.maven.surefire.booter.ForkedBooter.main(ForkedBooter.java:103)
</error>
    <system-out><![CDATA[testCaseResult=ru.yandex.qatools.allure.model.TestCaseResult@5b3b13fb[
  name=findJobThroughRegexp
  title=<null>
  description=<null>
  failure=<null>
  start=1445036595579
  stop=1445036616110
  status=PASSED
  severity=<null>
  steps=[]
  attachments=[]
  labels=[ru.yandex.qatools.allure.model.Label@42360a1c, ru.yandex.qatools.allure.model.Label@43e865ba]
  parameters=<null>
]
testCaseResult={
   "start" : 1445036595579,
   "stop" : 1445036616110,
   "status" : "passed",
   "name" : "findJobThroughRegexp",
   "steps" : {
      "step" : [ ]
   },
   "attachments" : {
      "attachment" : [ ]
   },
   "labels" : {
      "label" : [ {
         "name" : "host",
         "value" : "MacBook-Pro-2.home"
      }, {
         "name" : "thread",
         "value" : "1771@MacBook-Pro-2.home.main(1)"
      } ]
   }
}
testCase=ru.yandex.qatools.allure.model.TestCase@12670c55[
  _id=3cfb766f-3696-4014-99df-c4cdbf6281ff
  executionId=7a8626ac-7b8d-4761-8bff-776519219d78
  threadName=thread_15005794375463
  name=findJobThroughRegexp
  title=<null>
  description=<null>
  failure=<null>
  start=1445036595579
  stop=1445036616110
  status=PASSED
  severity=<null>
  steps=[]
  attachments=[]
  labels=[ru.yandex.qatools.allure.model.Label@42360a1c, ru.yandex.qatools.allure.model.Label@43e865ba]
  parameters=<null>
]
testCase={
   "start" : 1445036595579,
   "stop" : 1445036616110,
   "status" : "passed",
   "_id" : "3cfb766f-3696-4014-99df-c4cdbf6281ff",
   "executionId" : "7a8626ac-7b8d-4761-8bff-776519219d78",
   "threadName" : "thread_15005794375463",
   "name" : "findJobThroughRegexp",
   "steps" : {
      "step" : [ ]
   },
   "attachments" : {
      "attachment" : [ ]
   },
   "labels" : {
      "label" : [ {
         "name" : "host",
         "value" : "MacBook-Pro-2.home"
      }, {
         "name" : "thread",
         "value" : "1771@MacBook-Pro-2.home.main(1)"
      } ]
   }
}
>>>REQUEST: /testaspect/TestCase/3cfb766f-3696-4014-99df-c4cdbf6281ff
<<<RESPONSE (201 Created): /testaspect/TestCase/3cfb766f-3696-4014-99df-c4cdbf6281ff
master64247|Oct 16, 2015 7:10:03 PM hudson.model.DownloadService$Downloadable load
master64247|INFO: Obtained the updated data file for hudson.tools.JDKInstaller
master64247|Oct 16, 2015 7:10:03 PM hudson.model.AsyncPeriodicWork$1 run
master64247|INFO: Finished Download metadata. 3,450 ms
]]></system-out>
  </testcase>
  <testcase name="Test mechanism" classname="Test mechanism" time="0.002">
    <error type="java.lang.NullPointerException:">java.lang.NullPointerException: null
	at org.junit.runner.Description.createSuiteDescription(Description.java:123)
	at ru.yandex.qatools.allure.junit.AllureRunListener.getSuiteUid(AllureRunListener.java:110)
	at ru.yandex.qatools.allure.junit.AllureRunListener.testStarted(AllureRunListener.java:50)
	at org.junit.runner.notification.RunNotifier$3.notifyListener(RunNotifier.java:115)
	at org.junit.runner.notification.RunNotifier$SafeNotifier.run(RunNotifier.java:61)
	at org.junit.runner.notification.RunNotifier.fireTestStarted(RunNotifier.java:112)
	at org.junit.internal.runners.model.EachTestNotifier.fireTestStarted(EachTestNotifier.java:43)
	at cucumber.runtime.junit.JUnitReporter.result(JUnitReporter.java:83)
	at cucumber.runtime.Runtime.runStep(Runtime.java:299)
	at cucumber.runtime.model.StepContainer.runStep(StepContainer.java:44)
	at cucumber.runtime.model.StepContainer.runSteps(StepContainer.java:39)
	at cucumber.runtime.model.CucumberScenario.run(CucumberScenario.java:40)
	at cucumber.runtime.junit.ExecutionUnitRunner.run(ExecutionUnitRunner.java:83)
	at cucumber.runtime.junit.FeatureRunner.runChild(FeatureRunner.java:63)
	at cucumber.runtime.junit.FeatureRunner.runChild(FeatureRunner.java:18)
	at org.junit.runners.ParentRunner$3.run(ParentRunner.java:238)
	at org.junit.runners.ParentRunner$1.schedule(ParentRunner.java:63)
	at org.junit.runners.ParentRunner.runChildren(ParentRunner.java:236)
	at org.junit.runners.ParentRunner.access$000(ParentRunner.java:53)
	at org.junit.runners.ParentRunner$2.evaluate(ParentRunner.java:229)
	at org.junit.runners.ParentRunner.run(ParentRunner.java:309)
	at cucumber.runtime.junit.FeatureRunner.run(FeatureRunner.java:70)
	at cucumber.api.junit.Cucumber.runChild(Cucumber.java:82)
	at cucumber.api.junit.Cucumber.runChild(Cucumber.java:41)
	at org.junit.runners.ParentRunner$3.run(ParentRunner.java:238)
	at org.junit.runners.ParentRunner$1.schedule(ParentRunner.java:63)
	at org.junit.runners.ParentRunner.runChildren(ParentRunner.java:236)
	at org.junit.runners.ParentRunner.access$000(ParentRunner.java:53)
	at org.junit.runners.ParentRunner$2.evaluate(ParentRunner.java:229)
	at org.junit.runners.ParentRunner.run(ParentRunner.java:309)
	at cucumber.api.junit.Cucumber.run(Cucumber.java:87)
	at org.apache.maven.surefire.junit4.JUnit4Provider.execute(JUnit4Provider.java:264)
	at org.apache.maven.surefire.junit4.JUnit4Provider.executeTestSet(JUnit4Provider.java:153)
	at org.apache.maven.surefire.junit4.JUnit4Provider.invoke(JUnit4Provider.java:124)
	at org.apache.maven.surefire.booter.ForkedBooter.invokeProviderInSameClassLoader(ForkedBooter.java:200)
	at org.apache.maven.surefire.booter.ForkedBooter.runSuitesInProcess(ForkedBooter.java:153)
	at org.apache.maven.surefire.booter.ForkedBooter.main(ForkedBooter.java:103)
</error>
    <system-out><![CDATA[testCaseResult=ru.yandex.qatools.allure.model.TestCaseResult@5b3b13fb[
  name=findJobThroughRegexp
  title=<null>
  description=<null>
  failure=<null>
  start=1445036595579
  stop=1445036616110
  status=PASSED
  severity=<null>
  steps=[]
  attachments=[]
  labels=[ru.yandex.qatools.allure.model.Label@42360a1c, ru.yandex.qatools.allure.model.Label@43e865ba]
  parameters=<null>
]
testCaseResult={
   "start" : 1445036595579,
   "stop" : 1445036616110,
   "status" : "passed",
   "name" : "findJobThroughRegexp",
   "steps" : {
      "step" : [ ]
   },
   "attachments" : {
      "attachment" : [ ]
   },
   "labels" : {
      "label" : [ {
         "name" : "host",
         "value" : "MacBook-Pro-2.home"
      }, {
         "name" : "thread",
         "value" : "1771@MacBook-Pro-2.home.main(1)"
      } ]
   }
}
testCase=ru.yandex.qatools.allure.model.TestCase@5aba547f[
  _id=dde00fdc-d6f5-4f54-ac96-e0eccbf41dda
  executionId=7a8626ac-7b8d-4761-8bff-776519219d78
  threadName=thread_15005794375463
  name=findJobThroughRegexp
  title=<null>
  description=<null>
  failure=<null>
  start=1445036595579
  stop=1445036616110
  status=PASSED
  severity=<null>
  steps=[]
  attachments=[]
  labels=[ru.yandex.qatools.allure.model.Label@42360a1c, ru.yandex.qatools.allure.model.Label@43e865ba]
  parameters=<null>
]
testCase={
   "start" : 1445036595579,
   "stop" : 1445036616110,
   "status" : "passed",
   "_id" : "dde00fdc-d6f5-4f54-ac96-e0eccbf41dda",
   "executionId" : "7a8626ac-7b8d-4761-8bff-776519219d78",
   "threadName" : "thread_15005794375463",
   "name" : "findJobThroughRegexp",
   "steps" : {
      "step" : [ ]
   },
   "attachments" : {
      "attachment" : [ ]
   },
   "labels" : {
      "label" : [ {
         "name" : "host",
         "value" : "MacBook-Pro-2.home"
      }, {
         "name" : "thread",
         "value" : "1771@MacBook-Pro-2.home.main(1)"
      } ]
   }
}
>>>REQUEST: /testaspect/TestCase/dde00fdc-d6f5-4f54-ac96-e0eccbf41dda
<<<RESPONSE (201 Created): /testaspect/TestCase/dde00fdc-d6f5-4f54-ac96-e0eccbf41dda
]]></system-out>
  </testcase>
  <testcase name="Test mechanism" classname="Test mechanism" time="0.002">
    <error type="java.lang.NullPointerException:">java.lang.NullPointerException: null
	at org.junit.runner.Description.createSuiteDescription(Description.java:123)
	at ru.yandex.qatools.allure.junit.AllureRunListener.getSuiteUid(AllureRunListener.java:110)
	at ru.yandex.qatools.allure.junit.AllureRunListener.testStarted(AllureRunListener.java:50)
	at org.junit.runner.notification.RunNotifier$3.notifyListener(RunNotifier.java:115)
	at org.junit.runner.notification.RunNotifier$SafeNotifier.run(RunNotifier.java:61)
	at org.junit.runner.notification.RunNotifier.fireTestStarted(RunNotifier.java:112)
	at org.junit.internal.runners.model.EachTestNotifier.fireTestStarted(EachTestNotifier.java:43)
	at cucumber.runtime.junit.JUnitReporter.result(JUnitReporter.java:83)
	at cucumber.runtime.Runtime.runStep(Runtime.java:299)
	at cucumber.runtime.model.StepContainer.runStep(StepContainer.java:44)
	at cucumber.runtime.model.StepContainer.runSteps(StepContainer.java:39)
	at cucumber.runtime.model.CucumberScenario.run(CucumberScenario.java:40)
	at cucumber.runtime.junit.ExecutionUnitRunner.run(ExecutionUnitRunner.java:83)
	at cucumber.runtime.junit.FeatureRunner.runChild(FeatureRunner.java:63)
	at cucumber.runtime.junit.FeatureRunner.runChild(FeatureRunner.java:18)
	at org.junit.runners.ParentRunner$3.run(ParentRunner.java:238)
	at org.junit.runners.ParentRunner$1.schedule(ParentRunner.java:63)
	at org.junit.runners.ParentRunner.runChildren(ParentRunner.java:236)
	at org.junit.runners.ParentRunner.access$000(ParentRunner.java:53)
	at org.junit.runners.ParentRunner$2.evaluate(ParentRunner.java:229)
	at org.junit.runners.ParentRunner.run(ParentRunner.java:309)
	at cucumber.runtime.junit.FeatureRunner.run(FeatureRunner.java:70)
	at cucumber.api.junit.Cucumber.runChild(Cucumber.java:82)
	at cucumber.api.junit.Cucumber.runChild(Cucumber.java:41)
	at org.junit.runners.ParentRunner$3.run(ParentRunner.java:238)
	at org.junit.runners.ParentRunner$1.schedule(ParentRunner.java:63)
	at org.junit.runners.ParentRunner.runChildren(ParentRunner.java:236)
	at org.junit.runners.ParentRunner.access$000(ParentRunner.java:53)
	at org.junit.runners.ParentRunner$2.evaluate(ParentRunner.java:229)
	at org.junit.runners.ParentRunner.run(ParentRunner.java:309)
	at cucumber.api.junit.Cucumber.run(Cucumber.java:87)
	at org.apache.maven.surefire.junit4.JUnit4Provider.execute(JUnit4Provider.java:264)
	at org.apache.maven.surefire.junit4.JUnit4Provider.executeTestSet(JUnit4Provider.java:153)
	at org.apache.maven.surefire.junit4.JUnit4Provider.invoke(JUnit4Provider.java:124)
	at org.apache.maven.surefire.booter.ForkedBooter.invokeProviderInSameClassLoader(ForkedBooter.java:200)
	at org.apache.maven.surefire.booter.ForkedBooter.runSuitesInProcess(ForkedBooter.java:153)
	at org.apache.maven.surefire.booter.ForkedBooter.main(ForkedBooter.java:103)
</error>
    <system-out><![CDATA[testCaseResult=ru.yandex.qatools.allure.model.TestCaseResult@5b3b13fb[
  name=findJobThroughRegexp
  title=<null>
  description=<null>
  failure=<null>
  start=1445036595579
  stop=1445036616110
  status=PASSED
  severity=<null>
  steps=[]
  attachments=[]
  labels=[ru.yandex.qatools.allure.model.Label@42360a1c, ru.yandex.qatools.allure.model.Label@43e865ba]
  parameters=<null>
]
testCaseResult={
   "start" : 1445036595579,
   "stop" : 1445036616110,
   "status" : "passed",
   "name" : "findJobThroughRegexp",
   "steps" : {
      "step" : [ ]
   },
   "attachments" : {
      "attachment" : [ ]
   },
   "labels" : {
      "label" : [ {
         "name" : "host",
         "value" : "MacBook-Pro-2.home"
      }, {
         "name" : "thread",
         "value" : "1771@MacBook-Pro-2.home.main(1)"
      } ]
   }
}
testCase=ru.yandex.qatools.allure.model.TestCase@25e0810a[
  _id=5bb1bc87-3b34-4e03-a958-cd71a0585e7f
  executionId=7a8626ac-7b8d-4761-8bff-776519219d78
  threadName=thread_15005794375463
  name=findJobThroughRegexp
  title=<null>
  description=<null>
  failure=<null>
  start=1445036595579
  stop=1445036616110
  status=PASSED
  severity=<null>
  steps=[]
  attachments=[]
  labels=[ru.yandex.qatools.allure.model.Label@42360a1c, ru.yandex.qatools.allure.model.Label@43e865ba]
  parameters=<null>
]
testCase={
   "start" : 1445036595579,
   "stop" : 1445036616110,
   "status" : "passed",
   "_id" : "5bb1bc87-3b34-4e03-a958-cd71a0585e7f",
   "executionId" : "7a8626ac-7b8d-4761-8bff-776519219d78",
   "threadName" : "thread_15005794375463",
   "name" : "findJobThroughRegexp",
   "steps" : {
      "step" : [ ]
   },
   "attachments" : {
      "attachment" : [ ]
   },
   "labels" : {
      "label" : [ {
         "name" : "host",
         "value" : "MacBook-Pro-2.home"
      }, {
         "name" : "thread",
         "value" : "1771@MacBook-Pro-2.home.main(1)"
      } ]
   }
}
>>>REQUEST: /testaspect/TestCase/5bb1bc87-3b34-4e03-a958-cd71a0585e7f
<<<RESPONSE (201 Created): /testaspect/TestCase/5bb1bc87-3b34-4e03-a958-cd71a0585e7f
master64247|Oct 16, 2015 7:10:11 PM hudson.model.Run execute
master64247|INFO: eloquent_jar #1 main build action completed: SUCCESS
]]></system-out>
  </testcase>
  <testcase name="Test mechanism" classname="Test mechanism" time="0.001">
    <error type="java.lang.NullPointerException:">java.lang.NullPointerException: null
	at org.junit.runner.Description.createSuiteDescription(Description.java:123)
	at ru.yandex.qatools.allure.junit.AllureRunListener.getSuiteUid(AllureRunListener.java:110)
	at ru.yandex.qatools.allure.junit.AllureRunListener.testStarted(AllureRunListener.java:50)
	at org.junit.runner.notification.RunNotifier$3.notifyListener(RunNotifier.java:115)
	at org.junit.runner.notification.RunNotifier$SafeNotifier.run(RunNotifier.java:61)
	at org.junit.runner.notification.RunNotifier.fireTestStarted(RunNotifier.java:112)
	at org.junit.internal.runners.model.EachTestNotifier.fireTestStarted(EachTestNotifier.java:43)
	at cucumber.runtime.junit.JUnitReporter.result(JUnitReporter.java:83)
	at cucumber.runtime.Runtime.runStep(Runtime.java:299)
	at cucumber.runtime.model.StepContainer.runStep(StepContainer.java:44)
	at cucumber.runtime.model.StepContainer.runSteps(StepContainer.java:39)
	at cucumber.runtime.model.CucumberScenario.run(CucumberScenario.java:40)
	at cucumber.runtime.junit.ExecutionUnitRunner.run(ExecutionUnitRunner.java:83)
	at cucumber.runtime.junit.FeatureRunner.runChild(FeatureRunner.java:63)
	at cucumber.runtime.junit.FeatureRunner.runChild(FeatureRunner.java:18)
	at org.junit.runners.ParentRunner$3.run(ParentRunner.java:238)
	at org.junit.runners.ParentRunner$1.schedule(ParentRunner.java:63)
	at org.junit.runners.ParentRunner.runChildren(ParentRunner.java:236)
	at org.junit.runners.ParentRunner.access$000(ParentRunner.java:53)
	at org.junit.runners.ParentRunner$2.evaluate(ParentRunner.java:229)
	at org.junit.runners.ParentRunner.run(ParentRunner.java:309)
	at cucumber.runtime.junit.FeatureRunner.run(FeatureRunner.java:70)
	at cucumber.api.junit.Cucumber.runChild(Cucumber.java:82)
	at cucumber.api.junit.Cucumber.runChild(Cucumber.java:41)
	at org.junit.runners.ParentRunner$3.run(ParentRunner.java:238)
	at org.junit.runners.ParentRunner$1.schedule(ParentRunner.java:63)
	at org.junit.runners.ParentRunner.runChildren(ParentRunner.java:236)
	at org.junit.runners.ParentRunner.access$000(ParentRunner.java:53)
	at org.junit.runners.ParentRunner$2.evaluate(ParentRunner.java:229)
	at org.junit.runners.ParentRunner.run(ParentRunner.java:309)
	at cucumber.api.junit.Cucumber.run(Cucumber.java:87)
	at org.apache.maven.surefire.junit4.JUnit4Provider.execute(JUnit4Provider.java:264)
	at org.apache.maven.surefire.junit4.JUnit4Provider.executeTestSet(JUnit4Provider.java:153)
	at org.apache.maven.surefire.junit4.JUnit4Provider.invoke(JUnit4Provider.java:124)
	at org.apache.maven.surefire.booter.ForkedBooter.invokeProviderInSameClassLoader(ForkedBooter.java:200)
	at org.apache.maven.surefire.booter.ForkedBooter.runSuitesInProcess(ForkedBooter.java:153)
	at org.apache.maven.surefire.booter.ForkedBooter.main(ForkedBooter.java:103)
</error>
    <system-out><![CDATA[testCaseResult=ru.yandex.qatools.allure.model.TestCaseResult@5b3b13fb[
  name=findJobThroughRegexp
  title=<null>
  description=<null>
  failure=<null>
  start=1445036595579
  stop=1445036616110
  status=PASSED
  severity=<null>
  steps=[]
  attachments=[]
  labels=[ru.yandex.qatools.allure.model.Label@42360a1c, ru.yandex.qatools.allure.model.Label@43e865ba]
  parameters=<null>
]
testCaseResult={
   "start" : 1445036595579,
   "stop" : 1445036616110,
   "status" : "passed",
   "name" : "findJobThroughRegexp",
   "steps" : {
      "step" : [ ]
   },
   "attachments" : {
      "attachment" : [ ]
   },
   "labels" : {
      "label" : [ {
         "name" : "host",
         "value" : "MacBook-Pro-2.home"
      }, {
         "name" : "thread",
         "value" : "1771@MacBook-Pro-2.home.main(1)"
      } ]
   }
}
testCase=ru.yandex.qatools.allure.model.TestCase@2f5caaf8[
  _id=a3678391-4066-477a-91a8-7003b3017e8d
  executionId=7a8626ac-7b8d-4761-8bff-776519219d78
  threadName=thread_15005794375463
  name=findJobThroughRegexp
  title=<null>
  description=<null>
  failure=<null>
  start=1445036595579
  stop=1445036616110
  status=PASSED
  severity=<null>
  steps=[]
  attachments=[]
  labels=[ru.yandex.qatools.allure.model.Label@42360a1c, ru.yandex.qatools.allure.model.Label@43e865ba]
  parameters=<null>
]
testCase={
   "start" : 1445036595579,
   "stop" : 1445036616110,
   "status" : "passed",
   "_id" : "a3678391-4066-477a-91a8-7003b3017e8d",
   "executionId" : "7a8626ac-7b8d-4761-8bff-776519219d78",
   "threadName" : "thread_15005794375463",
   "name" : "findJobThroughRegexp",
   "steps" : {
      "step" : [ ]
   },
   "attachments" : {
      "attachment" : [ ]
   },
   "labels" : {
      "label" : [ {
         "name" : "host",
         "value" : "MacBook-Pro-2.home"
      }, {
         "name" : "thread",
         "value" : "1771@MacBook-Pro-2.home.main(1)"
      } ]
   }
}
>>>REQUEST: /testaspect/TestCase/a3678391-4066-477a-91a8-7003b3017e8d
<<<RESPONSE (201 Created): /testaspect/TestCase/a3678391-4066-477a-91a8-7003b3017e8d
]]></system-out>
  </testcase>
  <testcase name="Test mechanism" classname="Test mechanism" time="0.001">
    <error type="java.lang.NullPointerException:">java.lang.NullPointerException: null
	at org.junit.runner.Description.createSuiteDescription(Description.java:123)
	at ru.yandex.qatools.allure.junit.AllureRunListener.getSuiteUid(AllureRunListener.java:110)
	at ru.yandex.qatools.allure.junit.AllureRunListener.testStarted(AllureRunListener.java:50)
	at org.junit.runner.notification.RunNotifier$3.notifyListener(RunNotifier.java:115)
	at org.junit.runner.notification.RunNotifier$SafeNotifier.run(RunNotifier.java:61)
	at org.junit.runner.notification.RunNotifier.fireTestStarted(RunNotifier.java:112)
	at org.junit.internal.runners.model.EachTestNotifier.fireTestStarted(EachTestNotifier.java:43)
	at cucumber.runtime.junit.JUnitReporter.result(JUnitReporter.java:83)
	at cucumber.runtime.Runtime.runStep(Runtime.java:299)
	at cucumber.runtime.model.StepContainer.runStep(StepContainer.java:44)
	at cucumber.runtime.model.StepContainer.runSteps(StepContainer.java:39)
	at cucumber.runtime.model.CucumberScenario.run(CucumberScenario.java:40)
	at cucumber.runtime.junit.ExecutionUnitRunner.run(ExecutionUnitRunner.java:83)
	at cucumber.runtime.junit.FeatureRunner.runChild(FeatureRunner.java:63)
	at cucumber.runtime.junit.FeatureRunner.runChild(FeatureRunner.java:18)
	at org.junit.runners.ParentRunner$3.run(ParentRunner.java:238)
	at org.junit.runners.ParentRunner$1.schedule(ParentRunner.java:63)
	at org.junit.runners.ParentRunner.runChildren(ParentRunner.java:236)
	at org.junit.runners.ParentRunner.access$000(ParentRunner.java:53)
	at org.junit.runners.ParentRunner$2.evaluate(ParentRunner.java:229)
	at org.junit.runners.ParentRunner.run(ParentRunner.java:309)
	at cucumber.runtime.junit.FeatureRunner.run(FeatureRunner.java:70)
	at cucumber.api.junit.Cucumber.runChild(Cucumber.java:82)
	at cucumber.api.junit.Cucumber.runChild(Cucumber.java:41)
	at org.junit.runners.ParentRunner$3.run(ParentRunner.java:238)
	at org.junit.runners.ParentRunner$1.schedule(ParentRunner.java:63)
	at org.junit.runners.ParentRunner.runChildren(ParentRunner.java:236)
	at org.junit.runners.ParentRunner.access$000(ParentRunner.java:53)
	at org.junit.runners.ParentRunner$2.evaluate(ParentRunner.java:229)
	at org.junit.runners.ParentRunner.run(ParentRunner.java:309)
	at cucumber.api.junit.Cucumber.run(Cucumber.java:87)
	at org.apache.maven.surefire.junit4.JUnit4Provider.execute(JUnit4Provider.java:264)
	at org.apache.maven.surefire.junit4.JUnit4Provider.executeTestSet(JUnit4Provider.java:153)
	at org.apache.maven.surefire.junit4.JUnit4Provider.invoke(JUnit4Provider.java:124)
	at org.apache.maven.surefire.booter.ForkedBooter.invokeProviderInSameClassLoader(ForkedBooter.java:200)
	at org.apache.maven.surefire.booter.ForkedBooter.runSuitesInProcess(ForkedBooter.java:153)
	at org.apache.maven.surefire.booter.ForkedBooter.main(ForkedBooter.java:103)
</error>
    <system-out><![CDATA[testCaseResult=ru.yandex.qatools.allure.model.TestCaseResult@5b3b13fb[
  name=findJobThroughRegexp
  title=<null>
  description=<null>
  failure=<null>
  start=1445036595579
  stop=1445036616110
  status=PASSED
  severity=<null>
  steps=[]
  attachments=[]
  labels=[ru.yandex.qatools.allure.model.Label@42360a1c, ru.yandex.qatools.allure.model.Label@43e865ba]
  parameters=<null>
]
testCaseResult={
   "start" : 1445036595579,
   "stop" : 1445036616110,
   "status" : "passed",
   "name" : "findJobThroughRegexp",
   "steps" : {
      "step" : [ ]
   },
   "attachments" : {
      "attachment" : [ ]
   },
   "labels" : {
      "label" : [ {
         "name" : "host",
         "value" : "MacBook-Pro-2.home"
      }, {
         "name" : "thread",
         "value" : "1771@MacBook-Pro-2.home.main(1)"
      } ]
   }
}
testCase=ru.yandex.qatools.allure.model.TestCase@241f64ad[
  _id=54fdea34-80e4-43f2-a905-dc178a0159e6
  executionId=7a8626ac-7b8d-4761-8bff-776519219d78
  threadName=thread_15005794375463
  name=findJobThroughRegexp
  title=<null>
  description=<null>
  failure=<null>
  start=1445036595579
  stop=1445036616110
  status=PASSED
  severity=<null>
  steps=[]
  attachments=[]
  labels=[ru.yandex.qatools.allure.model.Label@42360a1c, ru.yandex.qatools.allure.model.Label@43e865ba]
  parameters=<null>
]
testCase={
   "start" : 1445036595579,
   "stop" : 1445036616110,
   "status" : "passed",
   "_id" : "54fdea34-80e4-43f2-a905-dc178a0159e6",
   "executionId" : "7a8626ac-7b8d-4761-8bff-776519219d78",
   "threadName" : "thread_15005794375463",
   "name" : "findJobThroughRegexp",
   "steps" : {
      "step" : [ ]
   },
   "attachments" : {
      "attachment" : [ ]
   },
   "labels" : {
      "label" : [ {
         "name" : "host",
         "value" : "MacBook-Pro-2.home"
      }, {
         "name" : "thread",
         "value" : "1771@MacBook-Pro-2.home.main(1)"
      } ]
   }
}
>>>REQUEST: /testaspect/TestCase/54fdea34-80e4-43f2-a905-dc178a0159e6
<<<RESPONSE (201 Created): /testaspect/TestCase/54fdea34-80e4-43f2-a905-dc178a0159e6
]]></system-out>
  </testcase>
  <testcase name="Test mechanism" classname="Test mechanism" time="0.001">
    <error type="java.lang.NullPointerException:">java.lang.NullPointerException: null
	at org.junit.runner.Description.createSuiteDescription(Description.java:123)
	at ru.yandex.qatools.allure.junit.AllureRunListener.getSuiteUid(AllureRunListener.java:110)
	at ru.yandex.qatools.allure.junit.AllureRunListener.testStarted(AllureRunListener.java:50)
	at org.junit.runner.notification.RunNotifier$3.notifyListener(RunNotifier.java:115)
	at org.junit.runner.notification.RunNotifier$SafeNotifier.run(RunNotifier.java:61)
	at org.junit.runner.notification.RunNotifier.fireTestStarted(RunNotifier.java:112)
	at org.junit.internal.runners.model.EachTestNotifier.fireTestStarted(EachTestNotifier.java:43)
	at cucumber.runtime.junit.JUnitReporter.result(JUnitReporter.java:83)
	at cucumber.runtime.Runtime.runStep(Runtime.java:299)
	at cucumber.runtime.model.StepContainer.runStep(StepContainer.java:44)
	at cucumber.runtime.model.StepContainer.runSteps(StepContainer.java:39)
	at cucumber.runtime.model.CucumberScenario.run(CucumberScenario.java:40)
	at cucumber.runtime.junit.ExecutionUnitRunner.run(ExecutionUnitRunner.java:83)
	at cucumber.runtime.junit.FeatureRunner.runChild(FeatureRunner.java:63)
	at cucumber.runtime.junit.FeatureRunner.runChild(FeatureRunner.java:18)
	at org.junit.runners.ParentRunner$3.run(ParentRunner.java:238)
	at org.junit.runners.ParentRunner$1.schedule(ParentRunner.java:63)
	at org.junit.runners.ParentRunner.runChildren(ParentRunner.java:236)
	at org.junit.runners.ParentRunner.access$000(ParentRunner.java:53)
	at org.junit.runners.ParentRunner$2.evaluate(ParentRunner.java:229)
	at org.junit.runners.ParentRunner.run(ParentRunner.java:309)
	at cucumber.runtime.junit.FeatureRunner.run(FeatureRunner.java:70)
	at cucumber.api.junit.Cucumber.runChild(Cucumber.java:82)
	at cucumber.api.junit.Cucumber.runChild(Cucumber.java:41)
	at org.junit.runners.ParentRunner$3.run(ParentRunner.java:238)
	at org.junit.runners.ParentRunner$1.schedule(ParentRunner.java:63)
	at org.junit.runners.ParentRunner.runChildren(ParentRunner.java:236)
	at org.junit.runners.ParentRunner.access$000(ParentRunner.java:53)
	at org.junit.runners.ParentRunner$2.evaluate(ParentRunner.java:229)
	at org.junit.runners.ParentRunner.run(ParentRunner.java:309)
	at cucumber.api.junit.Cucumber.run(Cucumber.java:87)
	at org.apache.maven.surefire.junit4.JUnit4Provider.execute(JUnit4Provider.java:264)
	at org.apache.maven.surefire.junit4.JUnit4Provider.executeTestSet(JUnit4Provider.java:153)
	at org.apache.maven.surefire.junit4.JUnit4Provider.invoke(JUnit4Provider.java:124)
	at org.apache.maven.surefire.booter.ForkedBooter.invokeProviderInSameClassLoader(ForkedBooter.java:200)
	at org.apache.maven.surefire.booter.ForkedBooter.runSuitesInProcess(ForkedBooter.java:153)
	at org.apache.maven.surefire.booter.ForkedBooter.main(ForkedBooter.java:103)
</error>
    <system-out><![CDATA[testCaseResult=ru.yandex.qatools.allure.model.TestCaseResult@5b3b13fb[
  name=findJobThroughRegexp
  title=<null>
  description=<null>
  failure=<null>
  start=1445036595579
  stop=1445036616110
  status=PASSED
  severity=<null>
  steps=[]
  attachments=[]
  labels=[ru.yandex.qatools.allure.model.Label@42360a1c, ru.yandex.qatools.allure.model.Label@43e865ba]
  parameters=<null>
]
testCaseResult={
   "start" : 1445036595579,
   "stop" : 1445036616110,
   "status" : "passed",
   "name" : "findJobThroughRegexp",
   "steps" : {
      "step" : [ ]
   },
   "attachments" : {
      "attachment" : [ ]
   },
   "labels" : {
      "label" : [ {
         "name" : "host",
         "value" : "MacBook-Pro-2.home"
      }, {
         "name" : "thread",
         "value" : "1771@MacBook-Pro-2.home.main(1)"
      } ]
   }
}
testCase=ru.yandex.qatools.allure.model.TestCase@1a7d4596[
  _id=8bb7b7c6-f936-427f-b558-2dfb3cfb1ca0
  executionId=7a8626ac-7b8d-4761-8bff-776519219d78
  threadName=thread_15005794375463
  name=findJobThroughRegexp
  title=<null>
  description=<null>
  failure=<null>
  start=1445036595579
  stop=1445036616110
  status=PASSED
  severity=<null>
  steps=[]
  attachments=[]
  labels=[ru.yandex.qatools.allure.model.Label@42360a1c, ru.yandex.qatools.allure.model.Label@43e865ba]
  parameters=<null>
]
testCase={
   "start" : 1445036595579,
   "stop" : 1445036616110,
   "status" : "passed",
   "_id" : "8bb7b7c6-f936-427f-b558-2dfb3cfb1ca0",
   "executionId" : "7a8626ac-7b8d-4761-8bff-776519219d78",
   "threadName" : "thread_15005794375463",
   "name" : "findJobThroughRegexp",
   "steps" : {
      "step" : [ ]
   },
   "attachments" : {
      "attachment" : [ ]
   },
   "labels" : {
      "label" : [ {
         "name" : "host",
         "value" : "MacBook-Pro-2.home"
      }, {
         "name" : "thread",
         "value" : "1771@MacBook-Pro-2.home.main(1)"
      } ]
   }
}
>>>REQUEST: /testaspect/TestCase/8bb7b7c6-f936-427f-b558-2dfb3cfb1ca0
<<<RESPONSE (201 Created): /testaspect/TestCase/8bb7b7c6-f936-427f-b558-2dfb3cfb1ca0
]]></system-out>
  </testcase>
  <testcase name="Test mechanism" classname="Test mechanism" time="0.002">
    <error type="java.lang.NullPointerException:">java.lang.NullPointerException: null
	at org.junit.runner.Description.createSuiteDescription(Description.java:123)
	at ru.yandex.qatools.allure.junit.AllureRunListener.getSuiteUid(AllureRunListener.java:110)
	at ru.yandex.qatools.allure.junit.AllureRunListener.testStarted(AllureRunListener.java:50)
	at org.junit.runner.notification.RunNotifier$3.notifyListener(RunNotifier.java:115)
	at org.junit.runner.notification.RunNotifier$SafeNotifier.run(RunNotifier.java:61)
	at org.junit.runner.notification.RunNotifier.fireTestStarted(RunNotifier.java:112)
	at org.junit.internal.runners.model.EachTestNotifier.fireTestStarted(EachTestNotifier.java:43)
	at cucumber.runtime.junit.JUnitReporter.startExecutionUnit(JUnitReporter.java:48)
	at cucumber.runtime.junit.ExecutionUnitRunner.run(ExecutionUnitRunner.java:81)
	at cucumber.runtime.junit.FeatureRunner.runChild(FeatureRunner.java:63)
	at cucumber.runtime.junit.FeatureRunner.runChild(FeatureRunner.java:18)
	at org.junit.runners.ParentRunner$3.run(ParentRunner.java:238)
	at org.junit.runners.ParentRunner$1.schedule(ParentRunner.java:63)
	at org.junit.runners.ParentRunner.runChildren(ParentRunner.java:236)
	at org.junit.runners.ParentRunner.access$000(ParentRunner.java:53)
	at org.junit.runners.ParentRunner$2.evaluate(ParentRunner.java:229)
	at org.junit.runners.ParentRunner.run(ParentRunner.java:309)
	at cucumber.runtime.junit.FeatureRunner.run(FeatureRunner.java:70)
	at cucumber.api.junit.Cucumber.runChild(Cucumber.java:82)
	at cucumber.api.junit.Cucumber.runChild(Cucumber.java:41)
	at org.junit.runners.ParentRunner$3.run(ParentRunner.java:238)
	at org.junit.runners.ParentRunner$1.schedule(ParentRunner.java:63)
	at org.junit.runners.ParentRunner.runChildren(ParentRunner.java:236)
	at org.junit.runners.ParentRunner.access$000(ParentRunner.java:53)
	at org.junit.runners.ParentRunner$2.evaluate(ParentRunner.java:229)
	at org.junit.runners.ParentRunner.run(ParentRunner.java:309)
	at cucumber.api.junit.Cucumber.run(Cucumber.java:87)
	at org.apache.maven.surefire.junit4.JUnit4Provider.execute(JUnit4Provider.java:264)
	at org.apache.maven.surefire.junit4.JUnit4Provider.executeTestSet(JUnit4Provider.java:153)
	at org.apache.maven.surefire.junit4.JUnit4Provider.invoke(JUnit4Provider.java:124)
	at org.apache.maven.surefire.booter.ForkedBooter.invokeProviderInSameClassLoader(ForkedBooter.java:200)
	at org.apache.maven.surefire.booter.ForkedBooter.runSuitesInProcess(ForkedBooter.java:153)
	at org.apache.maven.surefire.booter.ForkedBooter.main(ForkedBooter.java:103)
</error>
    <system-out><![CDATA[testCaseResult=ru.yandex.qatools.allure.model.TestCaseResult@5b3b13fb[
  name=findJobThroughRegexp
  title=<null>
  description=<null>
  failure=<null>
  start=1445036595579
  stop=1445036616110
  status=PASSED
  severity=<null>
  steps=[]
  attachments=[]
  labels=[ru.yandex.qatools.allure.model.Label@42360a1c, ru.yandex.qatools.allure.model.Label@43e865ba]
  parameters=<null>
]
testCaseResult={
   "start" : 1445036595579,
   "stop" : 1445036616110,
   "status" : "passed",
   "name" : "findJobThroughRegexp",
   "steps" : {
      "step" : [ ]
   },
   "attachments" : {
      "attachment" : [ ]
   },
   "labels" : {
      "label" : [ {
         "name" : "host",
         "value" : "MacBook-Pro-2.home"
      }, {
         "name" : "thread",
         "value" : "1771@MacBook-Pro-2.home.main(1)"
      } ]
   }
}
testCase=ru.yandex.qatools.allure.model.TestCase@c609ac8[
  _id=0ab5e27f-f37c-4d3a-af49-60ee871a5f65
  executionId=7a8626ac-7b8d-4761-8bff-776519219d78
  threadName=thread_15005794375463
  name=findJobThroughRegexp
  title=<null>
  description=<null>
  failure=<null>
  start=1445036595579
  stop=1445036616110
  status=PASSED
  severity=<null>
  steps=[]
  attachments=[]
  labels=[ru.yandex.qatools.allure.model.Label@42360a1c, ru.yandex.qatools.allure.model.Label@43e865ba]
  parameters=<null>
]
testCase={
   "start" : 1445036595579,
   "stop" : 1445036616110,
   "status" : "passed",
   "_id" : "0ab5e27f-f37c-4d3a-af49-60ee871a5f65",
   "executionId" : "7a8626ac-7b8d-4761-8bff-776519219d78",
   "threadName" : "thread_15005794375463",
   "name" : "findJobThroughRegexp",
   "steps" : {
      "step" : [ ]
   },
   "attachments" : {
      "attachment" : [ ]
   },
   "labels" : {
      "label" : [ {
         "name" : "host",
         "value" : "MacBook-Pro-2.home"
      }, {
         "name" : "thread",
         "value" : "1771@MacBook-Pro-2.home.main(1)"
      } ]
   }
}
>>>REQUEST: /testaspect/TestCase/0ab5e27f-f37c-4d3a-af49-60ee871a5f65
Jenkins is stopped
<<<RESPONSE (201 Created): /testaspect/TestCase/0ab5e27f-f37c-4d3a-af49-60ee871a5f65
testCaseResult=ru.yandex.qatools.allure.model.TestCaseResult@5b3b13fb[
  name=findJobThroughRegexp
  title=<null>
  description=<null>
  failure=<null>
  start=1445036595579
  stop=1445036616110
  status=PASSED
  severity=<null>
  steps=[]
  attachments=[]
  labels=[ru.yandex.qatools.allure.model.Label@42360a1c, ru.yandex.qatools.allure.model.Label@43e865ba]
  parameters=<null>
]
testCaseResult={
   "start" : 1445036595579,
   "stop" : 1445036616110,
   "status" : "passed",
   "name" : "findJobThroughRegexp",
   "steps" : {
      "step" : [ ]
   },
   "attachments" : {
      "attachment" : [ ]
   },
   "labels" : {
      "label" : [ {
         "name" : "host",
         "value" : "MacBook-Pro-2.home"
      }, {
         "name" : "thread",
         "value" : "1771@MacBook-Pro-2.home.main(1)"
      } ]
   }
}
testCase=ru.yandex.qatools.allure.model.TestCase@1bd3d3d2[
  _id=fbf09a76-174b-4d89-a9fc-4503245bc583
  executionId=7a8626ac-7b8d-4761-8bff-776519219d78
  threadName=thread_15005794375463
  name=findJobThroughRegexp
  title=<null>
  description=<null>
  failure=<null>
  start=1445036595579
  stop=1445036616110
  status=PASSED
  severity=<null>
  steps=[]
  attachments=[]
  labels=[ru.yandex.qatools.allure.model.Label@42360a1c, ru.yandex.qatools.allure.model.Label@43e865ba]
  parameters=<null>
]
testCase={
   "start" : 1445036595579,
   "stop" : 1445036616110,
   "status" : "passed",
   "_id" : "fbf09a76-174b-4d89-a9fc-4503245bc583",
   "executionId" : "7a8626ac-7b8d-4761-8bff-776519219d78",
   "threadName" : "thread_15005794375463",
   "name" : "findJobThroughRegexp",
   "steps" : {
      "step" : [ ]
   },
   "attachments" : {
      "attachment" : [ ]
   },
   "labels" : {
      "label" : [ {
         "name" : "host",
         "value" : "MacBook-Pro-2.home"
      }, {
         "name" : "thread",
         "value" : "1771@MacBook-Pro-2.home.main(1)"
      } ]
   }
}
>>>REQUEST: /testaspect/TestCase/fbf09a76-174b-4d89-a9fc-4503245bc583
]]></system-out>
    <system-err><![CDATA[[INFO  - 2015-10-16T23:10:12.326Z] ShutdownReqHand - _handle - About to shutdown
]]></system-err>
  </testcase>
  <testcase name="Test mechanism" classname="Test mechanism" time="0.001">
    <error type="java.lang.NullPointerException:">java.lang.NullPointerException: null
	at org.junit.runner.Description.createSuiteDescription(Description.java:123)
	at ru.yandex.qatools.allure.junit.AllureRunListener.getSuiteUid(AllureRunListener.java:110)
	at ru.yandex.qatools.allure.junit.AllureRunListener.testStarted(AllureRunListener.java:50)
	at org.junit.runner.notification.RunNotifier$3.notifyListener(RunNotifier.java:115)
	at org.junit.runner.notification.RunNotifier$SafeNotifier.run(RunNotifier.java:61)
	at org.junit.runner.notification.RunNotifier.fireTestStarted(RunNotifier.java:112)
	at org.junit.internal.runners.model.EachTestNotifier.fireTestStarted(EachTestNotifier.java:43)
	at cucumber.runtime.junit.JUnitReporter.result(JUnitReporter.java:83)
	at cucumber.runtime.Runtime.runStep(Runtime.java:299)
	at cucumber.runtime.model.StepContainer.runStep(StepContainer.java:44)
	at cucumber.runtime.model.StepContainer.runSteps(StepContainer.java:39)
	at cucumber.runtime.model.CucumberScenario.run(CucumberScenario.java:40)
	at cucumber.runtime.junit.ExecutionUnitRunner.run(ExecutionUnitRunner.java:83)
	at cucumber.runtime.junit.FeatureRunner.runChild(FeatureRunner.java:63)
	at cucumber.runtime.junit.FeatureRunner.runChild(FeatureRunner.java:18)
	at org.junit.runners.ParentRunner$3.run(ParentRunner.java:238)
	at org.junit.runners.ParentRunner$1.schedule(ParentRunner.java:63)
	at org.junit.runners.ParentRunner.runChildren(ParentRunner.java:236)
	at org.junit.runners.ParentRunner.access$000(ParentRunner.java:53)
	at org.junit.runners.ParentRunner$2.evaluate(ParentRunner.java:229)
	at org.junit.runners.ParentRunner.run(ParentRunner.java:309)
	at cucumber.runtime.junit.FeatureRunner.run(FeatureRunner.java:70)
	at cucumber.api.junit.Cucumber.runChild(Cucumber.java:82)
	at cucumber.api.junit.Cucumber.runChild(Cucumber.java:41)
	at org.junit.runners.ParentRunner$3.run(ParentRunner.java:238)
	at org.junit.runners.ParentRunner$1.schedule(ParentRunner.java:63)
	at org.junit.runners.ParentRunner.runChildren(ParentRunner.java:236)
	at org.junit.runners.ParentRunner.access$000(ParentRunner.java:53)
	at org.junit.runners.ParentRunner$2.evaluate(ParentRunner.java:229)
	at org.junit.runners.ParentRunner.run(ParentRunner.java:309)
	at cucumber.api.junit.Cucumber.run(Cucumber.java:87)
	at org.apache.maven.surefire.junit4.JUnit4Provider.execute(JUnit4Provider.java:264)
	at org.apache.maven.surefire.junit4.JUnit4Provider.executeTestSet(JUnit4Provider.java:153)
	at org.apache.maven.surefire.junit4.JUnit4Provider.invoke(JUnit4Provider.java:124)
	at org.apache.maven.surefire.booter.ForkedBooter.invokeProviderInSameClassLoader(ForkedBooter.java:200)
	at org.apache.maven.surefire.booter.ForkedBooter.runSuitesInProcess(ForkedBooter.java:153)
	at org.apache.maven.surefire.booter.ForkedBooter.main(ForkedBooter.java:103)
</error>
    <system-out><![CDATA[<<<RESPONSE (201 Created): /testaspect/TestCase/fbf09a76-174b-4d89-a9fc-4503245bc583
running with given plugins: []
Starting Jenkins: JAVA_HOME=/Library/Java/JavaVirtualMachines/jdk1.8.0_60.jdk/Contents/Home JENKINS_HOME=/Users/abduljewel/Documents/c/spiderqa/sample-test-projects/acceptance-test-harness/target/jenkins1575098705866977609home /Library/Java/JavaVirtualMachines/jdk1.8.0_60.jdk/Contents/Home/bin/java -Duser.language=en -jar ./jenkins.war --ajp13Port=-1 --httpPort=62597
master62597|Running from: /Users/abduljewel/Documents/c/spiderqa/sample-test-projects/acceptance-test-harness/jenkins.war
master62597|webroot: EnvVars.masterEnvVars.get("JENKINS_HOME")
master62597|Oct 16, 2015 7:10:13 PM winstone.Logger logInternal
master62597|INFO: Beginning extraction from war file
master62597|Oct 16, 2015 7:10:14 PM org.eclipse.jetty.util.log.JavaUtilLog info
master62597|INFO: jetty-winstone-2.8
master62597|Oct 16, 2015 7:10:15 PM org.eclipse.jetty.util.log.JavaUtilLog info
master62597|INFO: NO JSP Support for , did not find org.apache.jasper.servlet.JspServlet
master62597|Jenkins home directory: /Users/abduljewel/Documents/c/spiderqa/sample-test-projects/acceptance-test-harness/target/jenkins1575098705866977609home found at: EnvVars.masterEnvVars.get("JENKINS_HOME")
master62597|Oct 16, 2015 7:10:16 PM org.eclipse.jetty.util.log.JavaUtilLog info
master62597|INFO: Started SelectChannelConnector@0.0.0.0:62597
master62597|Oct 16, 2015 7:10:16 PM winstone.Logger logInternal
master62597|INFO: Winstone Servlet Engine v2.0 running: controlPort=disabled
master62597|Oct 16, 2015 7:10:16 PM jenkins.InitReactorRunner$1 onAttained
master62597|INFO: Started initialization
master62597|Oct 16, 2015 7:10:25 PM jenkins.InitReactorRunner$1 onAttained
master62597|INFO: Listed all plugins
master62597|Oct 16, 2015 7:10:25 PM jenkins.InitReactorRunner$1 onAttained
master62597|INFO: Prepared all plugins
master62597|Oct 16, 2015 7:10:25 PM jenkins.InitReactorRunner$1 onAttained
master62597|INFO: Started all plugins
master62597|Oct 16, 2015 7:10:25 PM jenkins.InitReactorRunner$1 onAttained
master62597|INFO: Augmented all extensions
master62597|Oct 16, 2015 7:10:27 PM jenkins.InitReactorRunner$1 onAttained
master62597|INFO: Loaded all jobs
master62597|Oct 16, 2015 7:10:28 PM hudson.model.AsyncPeriodicWork$1 run
master62597|INFO: Started Download metadata
master62597|Oct 16, 2015 7:10:28 PM org.jenkinsci.main.modules.sshd.SSHD start
master62597|INFO: Started SSHD at port 54901
master62597|Oct 16, 2015 7:10:28 PM jenkins.InitReactorRunner$1 onAttained
master62597|INFO: Completed initialization
master62597|Oct 16, 2015 7:10:28 PM hudson.UDPBroadcastThread run
master62597|WARNING: UDP handling problem
master62597|java.net.SocketException: Can't assign requested address
master62597|	at java.net.PlainDatagramSocketImpl.join(Native Method)
master62597|	at java.net.AbstractPlainDatagramSocketImpl.join(AbstractPlainDatagramSocketImpl.java:179)
master62597|	at java.net.MulticastSocket.joinGroup(MulticastSocket.java:323)
master62597|	at hudson.UDPBroadcastThread.run(UDPBroadcastThread.java:77)
master62597|
master62597|Oct 16, 2015 7:10:28 PM hudson.WebAppMain$3 run
master62597|INFO: Jenkins is fully up and running
master62597|Oct 16, 2015 7:10:29 PM hudson.model.UpdateSite updateData
master62597|INFO: Obtained the latest update center data file for UpdateSource default
master62597|Oct 16, 2015 7:10:30 PM hudson.model.DownloadService$Downloadable load
master62597|INFO: Obtained the updated data file for hudson.tasks.Maven.MavenInstaller
master62597|Oct 16, 2015 7:10:30 PM hudson.model.DownloadService$Downloadable load
master62597|INFO: Obtained the updated data file for hudson.tasks.Ant.AntInstaller
master62597|Oct 16, 2015 7:10:31 PM hudson.model.DownloadService$Downloadable load
master62597|INFO: Obtained the updated data file for hudson.tools.JDKInstaller
master62597|Oct 16, 2015 7:10:31 PM hudson.model.AsyncPeriodicWork$1 run
master62597|INFO: Finished Download metadata. 2,691 ms
]]></system-out>
    <system-err><![CDATA[Oct 16, 2015 7:10:13 PM org.jenkinsci.test.acceptance.controller.LocalController startNow
INFO: Waiting for Jenkins to become running in http://127.0.0.1:62597/
Oct 16, 2015 7:10:28 PM org.jenkinsci.test.acceptance.controller.LocalController startNow
INFO: Jenkins is running in http://127.0.0.1:62597/
Oct 16, 2015 7:10:28 PM org.openqa.selenium.phantomjs.PhantomJSDriverService <init>
INFO: executable: /usr/local/bin/phantomjs
Oct 16, 2015 7:10:28 PM org.openqa.selenium.phantomjs.PhantomJSDriverService <init>
INFO: port: 30219
Oct 16, 2015 7:10:28 PM org.openqa.selenium.phantomjs.PhantomJSDriverService <init>
INFO: arguments: [--webdriver=30219, --webdriver-logfile=/Users/abduljewel/Documents/c/spiderqa/sample-test-projects/acceptance-test-harness/phantomjsdriver.log]
Oct 16, 2015 7:10:28 PM org.openqa.selenium.phantomjs.PhantomJSDriverService <init>
INFO: environment: {}
[INFO  - 2015-10-16T23:10:28.867Z] GhostDriver - Main - running on port 30219
[INFO  - 2015-10-16T23:10:29.152Z] Session [1799ceb0-745b-11e5-8826-63a16488e45b] - page.settings - {"XSSAuditingEnabled":false,"javascriptCanCloseWindows":true,"javascriptCanOpenWindows":true,"javascriptEnabled":true,"loadImages":true,"localToRemoteUrlAccessEnabled":false,"userAgent":"Mozilla/5.0 (Macintosh; Intel Mac OS X) AppleWebKit/538.1 (KHTML, like Gecko) PhantomJS/2.0.0 Safari/538.1","webSecurityEnabled":true}
[INFO  - 2015-10-16T23:10:29.152Z] Session [1799ceb0-745b-11e5-8826-63a16488e45b] - page.customHeaders:  - {"Accept-Language":"en"}
[INFO  - 2015-10-16T23:10:29.152Z] Session [1799ceb0-745b-11e5-8826-63a16488e45b] - Session.negotiatedCapabilities - {"browserName":"phantomjs","version":"2.0.0","driverName":"ghostdriver","driverVersion":"1.2.0","platform":"mac-10.9 (Mavericks)-64bit","javascriptEnabled":true,"takesScreenshot":true,"handlesAlerts":false,"databaseEnabled":false,"locationContextEnabled":false,"applicationCacheEnabled":false,"browserConnectionEnabled":false,"cssSelectorsEnabled":true,"webStorageEnabled":false,"rotatable":false,"acceptSslCerts":false,"nativeEvents":true,"proxy":{"proxyType":"direct"},"phantomjs.page.customHeaders.Accept-Language":"en"}
[INFO  - 2015-10-16T23:10:29.152Z] SessionManagerReqHand - _postNewSessionCommand - New Session Created: 1799ceb0-745b-11e5-8826-63a16488e45b
]]></system-err>
  </testcase>
  <testcase name="Test mechanism" classname="Test mechanism" time="0.001">
    <error type="java.lang.NullPointerException:">java.lang.NullPointerException: null
	at org.junit.runner.Description.createSuiteDescription(Description.java:123)
	at ru.yandex.qatools.allure.junit.AllureRunListener.getSuiteUid(AllureRunListener.java:110)
	at ru.yandex.qatools.allure.junit.AllureRunListener.testStarted(AllureRunListener.java:50)
	at org.junit.runner.notification.RunNotifier$3.notifyListener(RunNotifier.java:115)
	at org.junit.runner.notification.RunNotifier$SafeNotifier.run(RunNotifier.java:61)
	at org.junit.runner.notification.RunNotifier.fireTestStarted(RunNotifier.java:112)
	at org.junit.internal.runners.model.EachTestNotifier.fireTestStarted(EachTestNotifier.java:43)
	at cucumber.runtime.junit.JUnitReporter.result(JUnitReporter.java:83)
	at cucumber.runtime.Runtime.runStep(Runtime.java:299)
	at cucumber.runtime.model.StepContainer.runStep(StepContainer.java:44)
	at cucumber.runtime.model.StepContainer.runSteps(StepContainer.java:39)
	at cucumber.runtime.model.CucumberScenario.run(CucumberScenario.java:40)
	at cucumber.runtime.junit.ExecutionUnitRunner.run(ExecutionUnitRunner.java:83)
	at cucumber.runtime.junit.FeatureRunner.runChild(FeatureRunner.java:63)
	at cucumber.runtime.junit.FeatureRunner.runChild(FeatureRunner.java:18)
	at org.junit.runners.ParentRunner$3.run(ParentRunner.java:238)
	at org.junit.runners.ParentRunner$1.schedule(ParentRunner.java:63)
	at org.junit.runners.ParentRunner.runChildren(ParentRunner.java:236)
	at org.junit.runners.ParentRunner.access$000(ParentRunner.java:53)
	at org.junit.runners.ParentRunner$2.evaluate(ParentRunner.java:229)
	at org.junit.runners.ParentRunner.run(ParentRunner.java:309)
	at cucumber.runtime.junit.FeatureRunner.run(FeatureRunner.java:70)
	at cucumber.api.junit.Cucumber.runChild(Cucumber.java:82)
	at cucumber.api.junit.Cucumber.runChild(Cucumber.java:41)
	at org.junit.runners.ParentRunner$3.run(ParentRunner.java:238)
	at org.junit.runners.ParentRunner$1.schedule(ParentRunner.java:63)
	at org.junit.runners.ParentRunner.runChildren(ParentRunner.java:236)
	at org.junit.runners.ParentRunner.access$000(ParentRunner.java:53)
	at org.junit.runners.ParentRunner$2.evaluate(ParentRunner.java:229)
	at org.junit.runners.ParentRunner.run(ParentRunner.java:309)
	at cucumber.api.junit.Cucumber.run(Cucumber.java:87)
	at org.apache.maven.surefire.junit4.JUnit4Provider.execute(JUnit4Provider.java:264)
	at org.apache.maven.surefire.junit4.JUnit4Provider.executeTestSet(JUnit4Provider.java:153)
	at org.apache.maven.surefire.junit4.JUnit4Provider.invoke(JUnit4Provider.java:124)
	at org.apache.maven.surefire.booter.ForkedBooter.invokeProviderInSameClassLoader(ForkedBooter.java:200)
	at org.apache.maven.surefire.booter.ForkedBooter.runSuitesInProcess(ForkedBooter.java:153)
	at org.apache.maven.surefire.booter.ForkedBooter.main(ForkedBooter.java:103)
</error>
    <system-out><![CDATA[testCaseResult=ru.yandex.qatools.allure.model.TestCaseResult@5b3b13fb[
  name=findJobThroughRegexp
  title=<null>
  description=<null>
  failure=<null>
  start=1445036595579
  stop=1445036616110
  status=PASSED
  severity=<null>
  steps=[]
  attachments=[]
  labels=[ru.yandex.qatools.allure.model.Label@42360a1c, ru.yandex.qatools.allure.model.Label@43e865ba]
  parameters=<null>
]
testCaseResult={
   "start" : 1445036595579,
   "stop" : 1445036616110,
   "status" : "passed",
   "name" : "findJobThroughRegexp",
   "steps" : {
      "step" : [ ]
   },
   "attachments" : {
      "attachment" : [ ]
   },
   "labels" : {
      "label" : [ {
         "name" : "host",
         "value" : "MacBook-Pro-2.home"
      }, {
         "name" : "thread",
         "value" : "1771@MacBook-Pro-2.home.main(1)"
      } ]
   }
}
testCase=ru.yandex.qatools.allure.model.TestCase@4c687010[
  _id=4092e96f-e471-4829-b189-7bc5228188b5
  executionId=7a8626ac-7b8d-4761-8bff-776519219d78
  threadName=thread_15005794375463
  name=findJobThroughRegexp
  title=<null>
  description=<null>
  failure=<null>
  start=1445036595579
  stop=1445036616110
  status=PASSED
  severity=<null>
  steps=[]
  attachments=[]
  labels=[ru.yandex.qatools.allure.model.Label@42360a1c, ru.yandex.qatools.allure.model.Label@43e865ba]
  parameters=<null>
]
testCase={
   "start" : 1445036595579,
   "stop" : 1445036616110,
   "status" : "passed",
   "_id" : "4092e96f-e471-4829-b189-7bc5228188b5",
   "executionId" : "7a8626ac-7b8d-4761-8bff-776519219d78",
   "threadName" : "thread_15005794375463",
   "name" : "findJobThroughRegexp",
   "steps" : {
      "step" : [ ]
   },
   "attachments" : {
      "attachment" : [ ]
   },
   "labels" : {
      "label" : [ {
         "name" : "host",
         "value" : "MacBook-Pro-2.home"
      }, {
         "name" : "thread",
         "value" : "1771@MacBook-Pro-2.home.main(1)"
      } ]
   }
}
>>>REQUEST: /testaspect/TestCase/4092e96f-e471-4829-b189-7bc5228188b5
<<<RESPONSE (201 Created): /testaspect/TestCase/4092e96f-e471-4829-b189-7bc5228188b5
]]></system-out>
  </testcase>
  <testcase name="Test mechanism" classname="Test mechanism" time="0.001">
    <error type="java.lang.NullPointerException:">java.lang.NullPointerException: null
	at org.junit.runner.Description.createSuiteDescription(Description.java:123)
	at ru.yandex.qatools.allure.junit.AllureRunListener.getSuiteUid(AllureRunListener.java:110)
	at ru.yandex.qatools.allure.junit.AllureRunListener.testStarted(AllureRunListener.java:50)
	at org.junit.runner.notification.RunNotifier$3.notifyListener(RunNotifier.java:115)
	at org.junit.runner.notification.RunNotifier$SafeNotifier.run(RunNotifier.java:61)
	at org.junit.runner.notification.RunNotifier.fireTestStarted(RunNotifier.java:112)
	at org.junit.internal.runners.model.EachTestNotifier.fireTestStarted(EachTestNotifier.java:43)
	at cucumber.runtime.junit.JUnitReporter.result(JUnitReporter.java:83)
	at cucumber.runtime.Runtime.runStep(Runtime.java:299)
	at cucumber.runtime.model.StepContainer.runStep(StepContainer.java:44)
	at cucumber.runtime.model.StepContainer.runSteps(StepContainer.java:39)
	at cucumber.runtime.model.CucumberScenario.run(CucumberScenario.java:40)
	at cucumber.runtime.junit.ExecutionUnitRunner.run(ExecutionUnitRunner.java:83)
	at cucumber.runtime.junit.FeatureRunner.runChild(FeatureRunner.java:63)
	at cucumber.runtime.junit.FeatureRunner.runChild(FeatureRunner.java:18)
	at org.junit.runners.ParentRunner$3.run(ParentRunner.java:238)
	at org.junit.runners.ParentRunner$1.schedule(ParentRunner.java:63)
	at org.junit.runners.ParentRunner.runChildren(ParentRunner.java:236)
	at org.junit.runners.ParentRunner.access$000(ParentRunner.java:53)
	at org.junit.runners.ParentRunner$2.evaluate(ParentRunner.java:229)
	at org.junit.runners.ParentRunner.run(ParentRunner.java:309)
	at cucumber.runtime.junit.FeatureRunner.run(FeatureRunner.java:70)
	at cucumber.api.junit.Cucumber.runChild(Cucumber.java:82)
	at cucumber.api.junit.Cucumber.runChild(Cucumber.java:41)
	at org.junit.runners.ParentRunner$3.run(ParentRunner.java:238)
	at org.junit.runners.ParentRunner$1.schedule(ParentRunner.java:63)
	at org.junit.runners.ParentRunner.runChildren(ParentRunner.java:236)
	at org.junit.runners.ParentRunner.access$000(ParentRunner.java:53)
	at org.junit.runners.ParentRunner$2.evaluate(ParentRunner.java:229)
	at org.junit.runners.ParentRunner.run(ParentRunner.java:309)
	at cucumber.api.junit.Cucumber.run(Cucumber.java:87)
	at org.apache.maven.surefire.junit4.JUnit4Provider.execute(JUnit4Provider.java:264)
	at org.apache.maven.surefire.junit4.JUnit4Provider.executeTestSet(JUnit4Provider.java:153)
	at org.apache.maven.surefire.junit4.JUnit4Provider.invoke(JUnit4Provider.java:124)
	at org.apache.maven.surefire.booter.ForkedBooter.invokeProviderInSameClassLoader(ForkedBooter.java:200)
	at org.apache.maven.surefire.booter.ForkedBooter.runSuitesInProcess(ForkedBooter.java:153)
	at org.apache.maven.surefire.booter.ForkedBooter.main(ForkedBooter.java:103)
</error>
    <system-out><![CDATA[testCaseResult=ru.yandex.qatools.allure.model.TestCaseResult@5b3b13fb[
  name=findJobThroughRegexp
  title=<null>
  description=<null>
  failure=<null>
  start=1445036595579
  stop=1445036616110
  status=PASSED
  severity=<null>
  steps=[]
  attachments=[]
  labels=[ru.yandex.qatools.allure.model.Label@42360a1c, ru.yandex.qatools.allure.model.Label@43e865ba]
  parameters=<null>
]
testCaseResult={
   "start" : 1445036595579,
   "stop" : 1445036616110,
   "status" : "passed",
   "name" : "findJobThroughRegexp",
   "steps" : {
      "step" : [ ]
   },
   "attachments" : {
      "attachment" : [ ]
   },
   "labels" : {
      "label" : [ {
         "name" : "host",
         "value" : "MacBook-Pro-2.home"
      }, {
         "name" : "thread",
         "value" : "1771@MacBook-Pro-2.home.main(1)"
      } ]
   }
}
testCase=ru.yandex.qatools.allure.model.TestCase@19e758fe[
  _id=ba59561a-422f-4e5b-af3c-2e260bde0987
  executionId=7a8626ac-7b8d-4761-8bff-776519219d78
  threadName=thread_15005794375463
  name=findJobThroughRegexp
  title=<null>
  description=<null>
  failure=<null>
  start=1445036595579
  stop=1445036616110
  status=PASSED
  severity=<null>
  steps=[]
  attachments=[]
  labels=[ru.yandex.qatools.allure.model.Label@42360a1c, ru.yandex.qatools.allure.model.Label@43e865ba]
  parameters=<null>
]
testCase={
   "start" : 1445036595579,
   "stop" : 1445036616110,
   "status" : "passed",
   "_id" : "ba59561a-422f-4e5b-af3c-2e260bde0987",
   "executionId" : "7a8626ac-7b8d-4761-8bff-776519219d78",
   "threadName" : "thread_15005794375463",
   "name" : "findJobThroughRegexp",
   "steps" : {
      "step" : [ ]
   },
   "attachments" : {
      "attachment" : [ ]
   },
   "labels" : {
      "label" : [ {
         "name" : "host",
         "value" : "MacBook-Pro-2.home"
      }, {
         "name" : "thread",
         "value" : "1771@MacBook-Pro-2.home.main(1)"
      } ]
   }
}
>>>REQUEST: /testaspect/TestCase/ba59561a-422f-4e5b-af3c-2e260bde0987
<<<RESPONSE (201 Created): /testaspect/TestCase/ba59561a-422f-4e5b-af3c-2e260bde0987
]]></system-out>
  </testcase>
  <testcase name="Test mechanism" classname="Test mechanism" time="0.001">
    <error type="java.lang.NullPointerException:">java.lang.NullPointerException: null
	at org.junit.runner.Description.createSuiteDescription(Description.java:123)
	at ru.yandex.qatools.allure.junit.AllureRunListener.getSuiteUid(AllureRunListener.java:110)
	at ru.yandex.qatools.allure.junit.AllureRunListener.testStarted(AllureRunListener.java:50)
	at org.junit.runner.notification.RunNotifier$3.notifyListener(RunNotifier.java:115)
	at org.junit.runner.notification.RunNotifier$SafeNotifier.run(RunNotifier.java:61)
	at org.junit.runner.notification.RunNotifier.fireTestStarted(RunNotifier.java:112)
	at org.junit.internal.runners.model.EachTestNotifier.fireTestStarted(EachTestNotifier.java:43)
	at cucumber.runtime.junit.JUnitReporter.result(JUnitReporter.java:83)
	at cucumber.runtime.Runtime.runStep(Runtime.java:299)
	at cucumber.runtime.model.StepContainer.runStep(StepContainer.java:44)
	at cucumber.runtime.model.StepContainer.runSteps(StepContainer.java:39)
	at cucumber.runtime.model.CucumberScenario.run(CucumberScenario.java:40)
	at cucumber.runtime.junit.ExecutionUnitRunner.run(ExecutionUnitRunner.java:83)
	at cucumber.runtime.junit.FeatureRunner.runChild(FeatureRunner.java:63)
	at cucumber.runtime.junit.FeatureRunner.runChild(FeatureRunner.java:18)
	at org.junit.runners.ParentRunner$3.run(ParentRunner.java:238)
	at org.junit.runners.ParentRunner$1.schedule(ParentRunner.java:63)
	at org.junit.runners.ParentRunner.runChildren(ParentRunner.java:236)
	at org.junit.runners.ParentRunner.access$000(ParentRunner.java:53)
	at org.junit.runners.ParentRunner$2.evaluate(ParentRunner.java:229)
	at org.junit.runners.ParentRunner.run(ParentRunner.java:309)
	at cucumber.runtime.junit.FeatureRunner.run(FeatureRunner.java:70)
	at cucumber.api.junit.Cucumber.runChild(Cucumber.java:82)
	at cucumber.api.junit.Cucumber.runChild(Cucumber.java:41)
	at org.junit.runners.ParentRunner$3.run(ParentRunner.java:238)
	at org.junit.runners.ParentRunner$1.schedule(ParentRunner.java:63)
	at org.junit.runners.ParentRunner.runChildren(ParentRunner.java:236)
	at org.junit.runners.ParentRunner.access$000(ParentRunner.java:53)
	at org.junit.runners.ParentRunner$2.evaluate(ParentRunner.java:229)
	at org.junit.runners.ParentRunner.run(ParentRunner.java:309)
	at cucumber.api.junit.Cucumber.run(Cucumber.java:87)
	at org.apache.maven.surefire.junit4.JUnit4Provider.execute(JUnit4Provider.java:264)
	at org.apache.maven.surefire.junit4.JUnit4Provider.executeTestSet(JUnit4Provider.java:153)
	at org.apache.maven.surefire.junit4.JUnit4Provider.invoke(JUnit4Provider.java:124)
	at org.apache.maven.surefire.booter.ForkedBooter.invokeProviderInSameClassLoader(ForkedBooter.java:200)
	at org.apache.maven.surefire.booter.ForkedBooter.runSuitesInProcess(ForkedBooter.java:153)
	at org.apache.maven.surefire.booter.ForkedBooter.main(ForkedBooter.java:103)
</error>
    <system-out><![CDATA[testCaseResult=ru.yandex.qatools.allure.model.TestCaseResult@5b3b13fb[
  name=findJobThroughRegexp
  title=<null>
  description=<null>
  failure=<null>
  start=1445036595579
  stop=1445036616110
  status=PASSED
  severity=<null>
  steps=[]
  attachments=[]
  labels=[ru.yandex.qatools.allure.model.Label@42360a1c, ru.yandex.qatools.allure.model.Label@43e865ba]
  parameters=<null>
]
testCaseResult={
   "start" : 1445036595579,
   "stop" : 1445036616110,
   "status" : "passed",
   "name" : "findJobThroughRegexp",
   "steps" : {
      "step" : [ ]
   },
   "attachments" : {
      "attachment" : [ ]
   },
   "labels" : {
      "label" : [ {
         "name" : "host",
         "value" : "MacBook-Pro-2.home"
      }, {
         "name" : "thread",
         "value" : "1771@MacBook-Pro-2.home.main(1)"
      } ]
   }
}
testCase=ru.yandex.qatools.allure.model.TestCase@5d035b0a[
  _id=abddcb82-3ee5-4b1d-8488-1b03b5251bd5
  executionId=7a8626ac-7b8d-4761-8bff-776519219d78
  threadName=thread_15005794375463
  name=findJobThroughRegexp
  title=<null>
  description=<null>
  failure=<null>
  start=1445036595579
  stop=1445036616110
  status=PASSED
  severity=<null>
  steps=[]
  attachments=[]
  labels=[ru.yandex.qatools.allure.model.Label@42360a1c, ru.yandex.qatools.allure.model.Label@43e865ba]
  parameters=<null>
]
testCase={
   "start" : 1445036595579,
   "stop" : 1445036616110,
   "status" : "passed",
   "_id" : "abddcb82-3ee5-4b1d-8488-1b03b5251bd5",
   "executionId" : "7a8626ac-7b8d-4761-8bff-776519219d78",
   "threadName" : "thread_15005794375463",
   "name" : "findJobThroughRegexp",
   "steps" : {
      "step" : [ ]
   },
   "attachments" : {
      "attachment" : [ ]
   },
   "labels" : {
      "label" : [ {
         "name" : "host",
         "value" : "MacBook-Pro-2.home"
      }, {
         "name" : "thread",
         "value" : "1771@MacBook-Pro-2.home.main(1)"
      } ]
   }
}
>>>REQUEST: /testaspect/TestCase/abddcb82-3ee5-4b1d-8488-1b03b5251bd5
<<<RESPONSE (201 Created): /testaspect/TestCase/abddcb82-3ee5-4b1d-8488-1b03b5251bd5
]]></system-out>
  </testcase>
  <testcase name="Test mechanism" classname="Test mechanism" time="0.002">
    <error type="java.lang.NullPointerException:">java.lang.NullPointerException: null
	at org.junit.runner.Description.createSuiteDescription(Description.java:123)
	at ru.yandex.qatools.allure.junit.AllureRunListener.getSuiteUid(AllureRunListener.java:110)
	at ru.yandex.qatools.allure.junit.AllureRunListener.testStarted(AllureRunListener.java:50)
	at org.junit.runner.notification.RunNotifier$3.notifyListener(RunNotifier.java:115)
	at org.junit.runner.notification.RunNotifier$SafeNotifier.run(RunNotifier.java:61)
	at org.junit.runner.notification.RunNotifier.fireTestStarted(RunNotifier.java:112)
	at org.junit.internal.runners.model.EachTestNotifier.fireTestStarted(EachTestNotifier.java:43)
	at cucumber.runtime.junit.JUnitReporter.result(JUnitReporter.java:83)
	at cucumber.runtime.Runtime.runStep(Runtime.java:299)
	at cucumber.runtime.model.StepContainer.runStep(StepContainer.java:44)
	at cucumber.runtime.model.StepContainer.runSteps(StepContainer.java:39)
	at cucumber.runtime.model.CucumberScenario.run(CucumberScenario.java:40)
	at cucumber.runtime.junit.ExecutionUnitRunner.run(ExecutionUnitRunner.java:83)
	at cucumber.runtime.junit.FeatureRunner.runChild(FeatureRunner.java:63)
	at cucumber.runtime.junit.FeatureRunner.runChild(FeatureRunner.java:18)
	at org.junit.runners.ParentRunner$3.run(ParentRunner.java:238)
	at org.junit.runners.ParentRunner$1.schedule(ParentRunner.java:63)
	at org.junit.runners.ParentRunner.runChildren(ParentRunner.java:236)
	at org.junit.runners.ParentRunner.access$000(ParentRunner.java:53)
	at org.junit.runners.ParentRunner$2.evaluate(ParentRunner.java:229)
	at org.junit.runners.ParentRunner.run(ParentRunner.java:309)
	at cucumber.runtime.junit.FeatureRunner.run(FeatureRunner.java:70)
	at cucumber.api.junit.Cucumber.runChild(Cucumber.java:82)
	at cucumber.api.junit.Cucumber.runChild(Cucumber.java:41)
	at org.junit.runners.ParentRunner$3.run(ParentRunner.java:238)
	at org.junit.runners.ParentRunner$1.schedule(ParentRunner.java:63)
	at org.junit.runners.ParentRunner.runChildren(ParentRunner.java:236)
	at org.junit.runners.ParentRunner.access$000(ParentRunner.java:53)
	at org.junit.runners.ParentRunner$2.evaluate(ParentRunner.java:229)
	at org.junit.runners.ParentRunner.run(ParentRunner.java:309)
	at cucumber.api.junit.Cucumber.run(Cucumber.java:87)
	at org.apache.maven.surefire.junit4.JUnit4Provider.execute(JUnit4Provider.java:264)
	at org.apache.maven.surefire.junit4.JUnit4Provider.executeTestSet(JUnit4Provider.java:153)
	at org.apache.maven.surefire.junit4.JUnit4Provider.invoke(JUnit4Provider.java:124)
	at org.apache.maven.surefire.booter.ForkedBooter.invokeProviderInSameClassLoader(ForkedBooter.java:200)
	at org.apache.maven.surefire.booter.ForkedBooter.runSuitesInProcess(ForkedBooter.java:153)
	at org.apache.maven.surefire.booter.ForkedBooter.main(ForkedBooter.java:103)
</error>
    <system-out><![CDATA[testCaseResult=ru.yandex.qatools.allure.model.TestCaseResult@5b3b13fb[
  name=findJobThroughRegexp
  title=<null>
  description=<null>
  failure=<null>
  start=1445036595579
  stop=1445036616110
  status=PASSED
  severity=<null>
  steps=[]
  attachments=[]
  labels=[ru.yandex.qatools.allure.model.Label@42360a1c, ru.yandex.qatools.allure.model.Label@43e865ba]
  parameters=<null>
]
testCaseResult={
   "start" : 1445036595579,
   "stop" : 1445036616110,
   "status" : "passed",
   "name" : "findJobThroughRegexp",
   "steps" : {
      "step" : [ ]
   },
   "attachments" : {
      "attachment" : [ ]
   },
   "labels" : {
      "label" : [ {
         "name" : "host",
         "value" : "MacBook-Pro-2.home"
      }, {
         "name" : "thread",
         "value" : "1771@MacBook-Pro-2.home.main(1)"
      } ]
   }
}
testCase=ru.yandex.qatools.allure.model.TestCase@61f2608a[
  _id=99765684-dd5c-4af9-8395-65842150b679
  executionId=7a8626ac-7b8d-4761-8bff-776519219d78
  threadName=thread_15005794375463
  name=findJobThroughRegexp
  title=<null>
  description=<null>
  failure=<null>
  start=1445036595579
  stop=1445036616110
  status=PASSED
  severity=<null>
  steps=[]
  attachments=[]
  labels=[ru.yandex.qatools.allure.model.Label@42360a1c, ru.yandex.qatools.allure.model.Label@43e865ba]
  parameters=<null>
]
testCase={
   "start" : 1445036595579,
   "stop" : 1445036616110,
   "status" : "passed",
   "_id" : "99765684-dd5c-4af9-8395-65842150b679",
   "executionId" : "7a8626ac-7b8d-4761-8bff-776519219d78",
   "threadName" : "thread_15005794375463",
   "name" : "findJobThroughRegexp",
   "steps" : {
      "step" : [ ]
   },
   "attachments" : {
      "attachment" : [ ]
   },
   "labels" : {
      "label" : [ {
         "name" : "host",
         "value" : "MacBook-Pro-2.home"
      }, {
         "name" : "thread",
         "value" : "1771@MacBook-Pro-2.home.main(1)"
      } ]
   }
}
>>>REQUEST: /testaspect/TestCase/99765684-dd5c-4af9-8395-65842150b679
<<<RESPONSE (201 Created): /testaspect/TestCase/99765684-dd5c-4af9-8395-65842150b679
master62597|Oct 16, 2015 7:11:00 PM hudson.model.Run execute
master62597|INFO: important_obligation #1 main build action completed: SUCCESS
]]></system-out>
  </testcase>
  <testcase name="Test mechanism" classname="Test mechanism" time="0.001">
    <error type="java.lang.NullPointerException:">java.lang.NullPointerException: null
	at org.junit.runner.Description.createSuiteDescription(Description.java:123)
	at ru.yandex.qatools.allure.junit.AllureRunListener.getSuiteUid(AllureRunListener.java:110)
	at ru.yandex.qatools.allure.junit.AllureRunListener.testStarted(AllureRunListener.java:50)
	at org.junit.runner.notification.RunNotifier$3.notifyListener(RunNotifier.java:115)
	at org.junit.runner.notification.RunNotifier$SafeNotifier.run(RunNotifier.java:61)
	at org.junit.runner.notification.RunNotifier.fireTestStarted(RunNotifier.java:112)
	at org.junit.internal.runners.model.EachTestNotifier.fireTestStarted(EachTestNotifier.java:43)
	at cucumber.runtime.junit.JUnitReporter.result(JUnitReporter.java:83)
	at cucumber.runtime.Runtime.runStep(Runtime.java:299)
	at cucumber.runtime.model.StepContainer.runStep(StepContainer.java:44)
	at cucumber.runtime.model.StepContainer.runSteps(StepContainer.java:39)
	at cucumber.runtime.model.CucumberScenario.run(CucumberScenario.java:40)
	at cucumber.runtime.junit.ExecutionUnitRunner.run(ExecutionUnitRunner.java:83)
	at cucumber.runtime.junit.FeatureRunner.runChild(FeatureRunner.java:63)
	at cucumber.runtime.junit.FeatureRunner.runChild(FeatureRunner.java:18)
	at org.junit.runners.ParentRunner$3.run(ParentRunner.java:238)
	at org.junit.runners.ParentRunner$1.schedule(ParentRunner.java:63)
	at org.junit.runners.ParentRunner.runChildren(ParentRunner.java:236)
	at org.junit.runners.ParentRunner.access$000(ParentRunner.java:53)
	at org.junit.runners.ParentRunner$2.evaluate(ParentRunner.java:229)
	at org.junit.runners.ParentRunner.run(ParentRunner.java:309)
	at cucumber.runtime.junit.FeatureRunner.run(FeatureRunner.java:70)
	at cucumber.api.junit.Cucumber.runChild(Cucumber.java:82)
	at cucumber.api.junit.Cucumber.runChild(Cucumber.java:41)
	at org.junit.runners.ParentRunner$3.run(ParentRunner.java:238)
	at org.junit.runners.ParentRunner$1.schedule(ParentRunner.java:63)
	at org.junit.runners.ParentRunner.runChildren(ParentRunner.java:236)
	at org.junit.runners.ParentRunner.access$000(ParentRunner.java:53)
	at org.junit.runners.ParentRunner$2.evaluate(ParentRunner.java:229)
	at org.junit.runners.ParentRunner.run(ParentRunner.java:309)
	at cucumber.api.junit.Cucumber.run(Cucumber.java:87)
	at org.apache.maven.surefire.junit4.JUnit4Provider.execute(JUnit4Provider.java:264)
	at org.apache.maven.surefire.junit4.JUnit4Provider.executeTestSet(JUnit4Provider.java:153)
	at org.apache.maven.surefire.junit4.JUnit4Provider.invoke(JUnit4Provider.java:124)
	at org.apache.maven.surefire.booter.ForkedBooter.invokeProviderInSameClassLoader(ForkedBooter.java:200)
	at org.apache.maven.surefire.booter.ForkedBooter.runSuitesInProcess(ForkedBooter.java:153)
	at org.apache.maven.surefire.booter.ForkedBooter.main(ForkedBooter.java:103)
</error>
    <system-out><![CDATA[testCaseResult=ru.yandex.qatools.allure.model.TestCaseResult@5b3b13fb[
  name=findJobThroughRegexp
  title=<null>
  description=<null>
  failure=<null>
  start=1445036595579
  stop=1445036616110
  status=PASSED
  severity=<null>
  steps=[]
  attachments=[]
  labels=[ru.yandex.qatools.allure.model.Label@42360a1c, ru.yandex.qatools.allure.model.Label@43e865ba]
  parameters=<null>
]
testCaseResult={
   "start" : 1445036595579,
   "stop" : 1445036616110,
   "status" : "passed",
   "name" : "findJobThroughRegexp",
   "steps" : {
      "step" : [ ]
   },
   "attachments" : {
      "attachment" : [ ]
   },
   "labels" : {
      "label" : [ {
         "name" : "host",
         "value" : "MacBook-Pro-2.home"
      }, {
         "name" : "thread",
         "value" : "1771@MacBook-Pro-2.home.main(1)"
      } ]
   }
}
testCase=ru.yandex.qatools.allure.model.TestCase@4c2559bd[
  _id=cf737ad2-8b6e-4b81-883e-9c3019ca3966
  executionId=7a8626ac-7b8d-4761-8bff-776519219d78
  threadName=thread_15005794375463
  name=findJobThroughRegexp
  title=<null>
  description=<null>
  failure=<null>
  start=1445036595579
  stop=1445036616110
  status=PASSED
  severity=<null>
  steps=[]
  attachments=[]
  labels=[ru.yandex.qatools.allure.model.Label@42360a1c, ru.yandex.qatools.allure.model.Label@43e865ba]
  parameters=<null>
]
testCase={
   "start" : 1445036595579,
   "stop" : 1445036616110,
   "status" : "passed",
   "_id" : "cf737ad2-8b6e-4b81-883e-9c3019ca3966",
   "executionId" : "7a8626ac-7b8d-4761-8bff-776519219d78",
   "threadName" : "thread_15005794375463",
   "name" : "findJobThroughRegexp",
   "steps" : {
      "step" : [ ]
   },
   "attachments" : {
      "attachment" : [ ]
   },
   "labels" : {
      "label" : [ {
         "name" : "host",
         "value" : "MacBook-Pro-2.home"
      }, {
         "name" : "thread",
         "value" : "1771@MacBook-Pro-2.home.main(1)"
      } ]
   }
}
>>>REQUEST: /testaspect/TestCase/cf737ad2-8b6e-4b81-883e-9c3019ca3966
<<<RESPONSE (201 Created): /testaspect/TestCase/cf737ad2-8b6e-4b81-883e-9c3019ca3966
]]></system-out>
  </testcase>
  <testcase name="Test mechanism" classname="Test mechanism" time="0.001">
    <error type="java.lang.NullPointerException:">java.lang.NullPointerException: null
	at org.junit.runner.Description.createSuiteDescription(Description.java:123)
	at ru.yandex.qatools.allure.junit.AllureRunListener.getSuiteUid(AllureRunListener.java:110)
	at ru.yandex.qatools.allure.junit.AllureRunListener.testStarted(AllureRunListener.java:50)
	at org.junit.runner.notification.RunNotifier$3.notifyListener(RunNotifier.java:115)
	at org.junit.runner.notification.RunNotifier$SafeNotifier.run(RunNotifier.java:61)
	at org.junit.runner.notification.RunNotifier.fireTestStarted(RunNotifier.java:112)
	at org.junit.internal.runners.model.EachTestNotifier.fireTestStarted(EachTestNotifier.java:43)
	at cucumber.runtime.junit.JUnitReporter.result(JUnitReporter.java:83)
	at cucumber.runtime.Runtime.runStep(Runtime.java:299)
	at cucumber.runtime.model.StepContainer.runStep(StepContainer.java:44)
	at cucumber.runtime.model.StepContainer.runSteps(StepContainer.java:39)
	at cucumber.runtime.model.CucumberScenario.run(CucumberScenario.java:40)
	at cucumber.runtime.junit.ExecutionUnitRunner.run(ExecutionUnitRunner.java:83)
	at cucumber.runtime.junit.FeatureRunner.runChild(FeatureRunner.java:63)
	at cucumber.runtime.junit.FeatureRunner.runChild(FeatureRunner.java:18)
	at org.junit.runners.ParentRunner$3.run(ParentRunner.java:238)
	at org.junit.runners.ParentRunner$1.schedule(ParentRunner.java:63)
	at org.junit.runners.ParentRunner.runChildren(ParentRunner.java:236)
	at org.junit.runners.ParentRunner.access$000(ParentRunner.java:53)
	at org.junit.runners.ParentRunner$2.evaluate(ParentRunner.java:229)
	at org.junit.runners.ParentRunner.run(ParentRunner.java:309)
	at cucumber.runtime.junit.FeatureRunner.run(FeatureRunner.java:70)
	at cucumber.api.junit.Cucumber.runChild(Cucumber.java:82)
	at cucumber.api.junit.Cucumber.runChild(Cucumber.java:41)
	at org.junit.runners.ParentRunner$3.run(ParentRunner.java:238)
	at org.junit.runners.ParentRunner$1.schedule(ParentRunner.java:63)
	at org.junit.runners.ParentRunner.runChildren(ParentRunner.java:236)
	at org.junit.runners.ParentRunner.access$000(ParentRunner.java:53)
	at org.junit.runners.ParentRunner$2.evaluate(ParentRunner.java:229)
	at org.junit.runners.ParentRunner.run(ParentRunner.java:309)
	at cucumber.api.junit.Cucumber.run(Cucumber.java:87)
	at org.apache.maven.surefire.junit4.JUnit4Provider.execute(JUnit4Provider.java:264)
	at org.apache.maven.surefire.junit4.JUnit4Provider.executeTestSet(JUnit4Provider.java:153)
	at org.apache.maven.surefire.junit4.JUnit4Provider.invoke(JUnit4Provider.java:124)
	at org.apache.maven.surefire.booter.ForkedBooter.invokeProviderInSameClassLoader(ForkedBooter.java:200)
	at org.apache.maven.surefire.booter.ForkedBooter.runSuitesInProcess(ForkedBooter.java:153)
	at org.apache.maven.surefire.booter.ForkedBooter.main(ForkedBooter.java:103)
</error>
    <system-out><![CDATA[testCaseResult=ru.yandex.qatools.allure.model.TestCaseResult@5b3b13fb[
  name=findJobThroughRegexp
  title=<null>
  description=<null>
  failure=<null>
  start=1445036595579
  stop=1445036616110
  status=PASSED
  severity=<null>
  steps=[]
  attachments=[]
  labels=[ru.yandex.qatools.allure.model.Label@42360a1c, ru.yandex.qatools.allure.model.Label@43e865ba]
  parameters=<null>
]
testCaseResult={
   "start" : 1445036595579,
   "stop" : 1445036616110,
   "status" : "passed",
   "name" : "findJobThroughRegexp",
   "steps" : {
      "step" : [ ]
   },
   "attachments" : {
      "attachment" : [ ]
   },
   "labels" : {
      "label" : [ {
         "name" : "host",
         "value" : "MacBook-Pro-2.home"
      }, {
         "name" : "thread",
         "value" : "1771@MacBook-Pro-2.home.main(1)"
      } ]
   }
}
testCase=ru.yandex.qatools.allure.model.TestCase@46aab01d[
  _id=b04df787-6146-4e95-a76e-f450f8f874b2
  executionId=7a8626ac-7b8d-4761-8bff-776519219d78
  threadName=thread_15005794375463
  name=findJobThroughRegexp
  title=<null>
  description=<null>
  failure=<null>
  start=1445036595579
  stop=1445036616110
  status=PASSED
  severity=<null>
  steps=[]
  attachments=[]
  labels=[ru.yandex.qatools.allure.model.Label@42360a1c, ru.yandex.qatools.allure.model.Label@43e865ba]
  parameters=<null>
]
testCase={
   "start" : 1445036595579,
   "stop" : 1445036616110,
   "status" : "passed",
   "_id" : "b04df787-6146-4e95-a76e-f450f8f874b2",
   "executionId" : "7a8626ac-7b8d-4761-8bff-776519219d78",
   "threadName" : "thread_15005794375463",
   "name" : "findJobThroughRegexp",
   "steps" : {
      "step" : [ ]
   },
   "attachments" : {
      "attachment" : [ ]
   },
   "labels" : {
      "label" : [ {
         "name" : "host",
         "value" : "MacBook-Pro-2.home"
      }, {
         "name" : "thread",
         "value" : "1771@MacBook-Pro-2.home.main(1)"
      } ]
   }
}
>>>REQUEST: /testaspect/TestCase/b04df787-6146-4e95-a76e-f450f8f874b2
<<<RESPONSE (201 Created): /testaspect/TestCase/b04df787-6146-4e95-a76e-f450f8f874b2
]]></system-out>
  </testcase>
  <testcase name="Test mechanism" classname="Test mechanism" time="0">
    <error type="java.lang.NullPointerException:">java.lang.NullPointerException: null
	at org.junit.runner.Description.createSuiteDescription(Description.java:123)
	at ru.yandex.qatools.allure.junit.AllureRunListener.getSuiteUid(AllureRunListener.java:110)
	at ru.yandex.qatools.allure.junit.AllureRunListener.testStarted(AllureRunListener.java:50)
	at org.junit.runner.notification.RunNotifier$3.notifyListener(RunNotifier.java:115)
	at org.junit.runner.notification.RunNotifier$SafeNotifier.run(RunNotifier.java:61)
	at org.junit.runner.notification.RunNotifier.fireTestStarted(RunNotifier.java:112)
	at org.junit.internal.runners.model.EachTestNotifier.fireTestStarted(EachTestNotifier.java:43)
	at cucumber.runtime.junit.JUnitReporter.startExecutionUnit(JUnitReporter.java:48)
	at cucumber.runtime.junit.ExecutionUnitRunner.run(ExecutionUnitRunner.java:81)
	at cucumber.runtime.junit.FeatureRunner.runChild(FeatureRunner.java:63)
	at cucumber.runtime.junit.FeatureRunner.runChild(FeatureRunner.java:18)
	at org.junit.runners.ParentRunner$3.run(ParentRunner.java:238)
	at org.junit.runners.ParentRunner$1.schedule(ParentRunner.java:63)
	at org.junit.runners.ParentRunner.runChildren(ParentRunner.java:236)
	at org.junit.runners.ParentRunner.access$000(ParentRunner.java:53)
	at org.junit.runners.ParentRunner$2.evaluate(ParentRunner.java:229)
	at org.junit.runners.ParentRunner.run(ParentRunner.java:309)
	at cucumber.runtime.junit.FeatureRunner.run(FeatureRunner.java:70)
	at cucumber.api.junit.Cucumber.runChild(Cucumber.java:82)
	at cucumber.api.junit.Cucumber.runChild(Cucumber.java:41)
	at org.junit.runners.ParentRunner$3.run(ParentRunner.java:238)
	at org.junit.runners.ParentRunner$1.schedule(ParentRunner.java:63)
	at org.junit.runners.ParentRunner.runChildren(ParentRunner.java:236)
	at org.junit.runners.ParentRunner.access$000(ParentRunner.java:53)
	at org.junit.runners.ParentRunner$2.evaluate(ParentRunner.java:229)
	at org.junit.runners.ParentRunner.run(ParentRunner.java:309)
	at cucumber.api.junit.Cucumber.run(Cucumber.java:87)
	at org.apache.maven.surefire.junit4.JUnit4Provider.execute(JUnit4Provider.java:264)
	at org.apache.maven.surefire.junit4.JUnit4Provider.executeTestSet(JUnit4Provider.java:153)
	at org.apache.maven.surefire.junit4.JUnit4Provider.invoke(JUnit4Provider.java:124)
	at org.apache.maven.surefire.booter.ForkedBooter.invokeProviderInSameClassLoader(ForkedBooter.java:200)
	at org.apache.maven.surefire.booter.ForkedBooter.runSuitesInProcess(ForkedBooter.java:153)
	at org.apache.maven.surefire.booter.ForkedBooter.main(ForkedBooter.java:103)
</error>
    <system-out><![CDATA[testCaseResult=ru.yandex.qatools.allure.model.TestCaseResult@5b3b13fb[
  name=findJobThroughRegexp
  title=<null>
  description=<null>
  failure=<null>
  start=1445036595579
  stop=1445036616110
  status=PASSED
  severity=<null>
  steps=[]
  attachments=[]
  labels=[ru.yandex.qatools.allure.model.Label@42360a1c, ru.yandex.qatools.allure.model.Label@43e865ba]
  parameters=<null>
]
testCaseResult={
   "start" : 1445036595579,
   "stop" : 1445036616110,
   "status" : "passed",
   "name" : "findJobThroughRegexp",
   "steps" : {
      "step" : [ ]
   },
   "attachments" : {
      "attachment" : [ ]
   },
   "labels" : {
      "label" : [ {
         "name" : "host",
         "value" : "MacBook-Pro-2.home"
      }, {
         "name" : "thread",
         "value" : "1771@MacBook-Pro-2.home.main(1)"
      } ]
   }
}
testCase=ru.yandex.qatools.allure.model.TestCase@ac724e[
  _id=b2430945-10ac-4ebf-be66-fd35c6b6c6c3
  executionId=7a8626ac-7b8d-4761-8bff-776519219d78
  threadName=thread_15005794375463
  name=findJobThroughRegexp
  title=<null>
  description=<null>
  failure=<null>
  start=1445036595579
  stop=1445036616110
  status=PASSED
  severity=<null>
  steps=[]
  attachments=[]
  labels=[ru.yandex.qatools.allure.model.Label@42360a1c, ru.yandex.qatools.allure.model.Label@43e865ba]
  parameters=<null>
]
testCase={
   "start" : 1445036595579,
   "stop" : 1445036616110,
   "status" : "passed",
   "_id" : "b2430945-10ac-4ebf-be66-fd35c6b6c6c3",
   "executionId" : "7a8626ac-7b8d-4761-8bff-776519219d78",
   "threadName" : "thread_15005794375463",
   "name" : "findJobThroughRegexp",
   "steps" : {
      "step" : [ ]
   },
   "attachments" : {
      "attachment" : [ ]
   },
   "labels" : {
      "label" : [ {
         "name" : "host",
         "value" : "MacBook-Pro-2.home"
      }, {
         "name" : "thread",
         "value" : "1771@MacBook-Pro-2.home.main(1)"
      } ]
   }
}
>>>REQUEST: /testaspect/TestCase/b2430945-10ac-4ebf-be66-fd35c6b6c6c3
Jenkins is stopped
<<<RESPONSE (201 Created): /testaspect/TestCase/b2430945-10ac-4ebf-be66-fd35c6b6c6c3
testCaseResult=ru.yandex.qatools.allure.model.TestCaseResult@5b3b13fb[
  name=findJobThroughRegexp
  title=<null>
  description=<null>
  failure=<null>
  start=1445036595579
  stop=1445036616110
  status=PASSED
  severity=<null>
  steps=[]
  attachments=[]
  labels=[ru.yandex.qatools.allure.model.Label@42360a1c, ru.yandex.qatools.allure.model.Label@43e865ba]
  parameters=<null>
]
testCaseResult={
   "start" : 1445036595579,
   "stop" : 1445036616110,
   "status" : "passed",
   "name" : "findJobThroughRegexp",
   "steps" : {
      "step" : [ ]
   },
   "attachments" : {
      "attachment" : [ ]
   },
   "labels" : {
      "label" : [ {
         "name" : "host",
         "value" : "MacBook-Pro-2.home"
      }, {
         "name" : "thread",
         "value" : "1771@MacBook-Pro-2.home.main(1)"
      } ]
   }
}
testCase=ru.yandex.qatools.allure.model.TestCase@67216373[
  _id=49ce5484-a648-45bb-bcf4-84b82453edbb
  executionId=7a8626ac-7b8d-4761-8bff-776519219d78
  threadName=thread_15005794375463
  name=findJobThroughRegexp
  title=<null>
  description=<null>
  failure=<null>
  start=1445036595579
  stop=1445036616110
  status=PASSED
  severity=<null>
  steps=[]
  attachments=[]
  labels=[ru.yandex.qatools.allure.model.Label@42360a1c, ru.yandex.qatools.allure.model.Label@43e865ba]
  parameters=<null>
]
testCase={
   "start" : 1445036595579,
   "stop" : 1445036616110,
   "status" : "passed",
   "_id" : "49ce5484-a648-45bb-bcf4-84b82453edbb",
   "executionId" : "7a8626ac-7b8d-4761-8bff-776519219d78",
   "threadName" : "thread_15005794375463",
   "name" : "findJobThroughRegexp",
   "steps" : {
      "step" : [ ]
   },
   "attachments" : {
      "attachment" : [ ]
   },
   "labels" : {
      "label" : [ {
         "name" : "host",
         "value" : "MacBook-Pro-2.home"
      }, {
         "name" : "thread",
         "value" : "1771@MacBook-Pro-2.home.main(1)"
      } ]
   }
}
>>>REQUEST: /testaspect/TestCase/49ce5484-a648-45bb-bcf4-84b82453edbb
]]></system-out>
    <system-err><![CDATA[[INFO  - 2015-10-16T23:11:42.244Z] ShutdownReqHand - _handle - About to shutdown
]]></system-err>
  </testcase>
  <testcase name="Test mechanism" classname="Test mechanism" time="0.001">
    <error type="java.lang.NullPointerException:">java.lang.NullPointerException: null
	at org.junit.runner.Description.createSuiteDescription(Description.java:123)
	at ru.yandex.qatools.allure.junit.AllureRunListener.getSuiteUid(AllureRunListener.java:110)
	at ru.yandex.qatools.allure.junit.AllureRunListener.testStarted(AllureRunListener.java:50)
	at org.junit.runner.notification.RunNotifier$3.notifyListener(RunNotifier.java:115)
	at org.junit.runner.notification.RunNotifier$SafeNotifier.run(RunNotifier.java:61)
	at org.junit.runner.notification.RunNotifier.fireTestStarted(RunNotifier.java:112)
	at org.junit.internal.runners.model.EachTestNotifier.fireTestStarted(EachTestNotifier.java:43)
	at cucumber.runtime.junit.JUnitReporter.result(JUnitReporter.java:83)
	at cucumber.runtime.Runtime.runStep(Runtime.java:299)
	at cucumber.runtime.model.StepContainer.runStep(StepContainer.java:44)
	at cucumber.runtime.model.StepContainer.runSteps(StepContainer.java:39)
	at cucumber.runtime.model.CucumberScenario.run(CucumberScenario.java:40)
	at cucumber.runtime.junit.ExecutionUnitRunner.run(ExecutionUnitRunner.java:83)
	at cucumber.runtime.junit.FeatureRunner.runChild(FeatureRunner.java:63)
	at cucumber.runtime.junit.FeatureRunner.runChild(FeatureRunner.java:18)
	at org.junit.runners.ParentRunner$3.run(ParentRunner.java:238)
	at org.junit.runners.ParentRunner$1.schedule(ParentRunner.java:63)
	at org.junit.runners.ParentRunner.runChildren(ParentRunner.java:236)
	at org.junit.runners.ParentRunner.access$000(ParentRunner.java:53)
	at org.junit.runners.ParentRunner$2.evaluate(ParentRunner.java:229)
	at org.junit.runners.ParentRunner.run(ParentRunner.java:309)
	at cucumber.runtime.junit.FeatureRunner.run(FeatureRunner.java:70)
	at cucumber.api.junit.Cucumber.runChild(Cucumber.java:82)
	at cucumber.api.junit.Cucumber.runChild(Cucumber.java:41)
	at org.junit.runners.ParentRunner$3.run(ParentRunner.java:238)
	at org.junit.runners.ParentRunner$1.schedule(ParentRunner.java:63)
	at org.junit.runners.ParentRunner.runChildren(ParentRunner.java:236)
	at org.junit.runners.ParentRunner.access$000(ParentRunner.java:53)
	at org.junit.runners.ParentRunner$2.evaluate(ParentRunner.java:229)
	at org.junit.runners.ParentRunner.run(ParentRunner.java:309)
	at cucumber.api.junit.Cucumber.run(Cucumber.java:87)
	at org.apache.maven.surefire.junit4.JUnit4Provider.execute(JUnit4Provider.java:264)
	at org.apache.maven.surefire.junit4.JUnit4Provider.executeTestSet(JUnit4Provider.java:153)
	at org.apache.maven.surefire.junit4.JUnit4Provider.invoke(JUnit4Provider.java:124)
	at org.apache.maven.surefire.booter.ForkedBooter.invokeProviderInSameClassLoader(ForkedBooter.java:200)
	at org.apache.maven.surefire.booter.ForkedBooter.runSuitesInProcess(ForkedBooter.java:153)
	at org.apache.maven.surefire.booter.ForkedBooter.main(ForkedBooter.java:103)
</error>
    <system-out><![CDATA[<<<RESPONSE (201 Created): /testaspect/TestCase/49ce5484-a648-45bb-bcf4-84b82453edbb
running with given plugins: []
Starting Jenkins: JAVA_HOME=/Library/Java/JavaVirtualMachines/jdk1.8.0_60.jdk/Contents/Home JENKINS_HOME=/Users/abduljewel/Documents/c/spiderqa/sample-test-projects/acceptance-test-harness/target/jenkins9223065695242969896home /Library/Java/JavaVirtualMachines/jdk1.8.0_60.jdk/Contents/Home/bin/java -Duser.language=en -jar ./jenkins.war --ajp13Port=-1 --httpPort=63323
master63323|Running from: /Users/abduljewel/Documents/c/spiderqa/sample-test-projects/acceptance-test-harness/jenkins.war
master63323|webroot: EnvVars.masterEnvVars.get("JENKINS_HOME")
master63323|Oct 16, 2015 7:11:43 PM winstone.Logger logInternal
master63323|INFO: Beginning extraction from war file
master63323|Oct 16, 2015 7:11:44 PM org.eclipse.jetty.util.log.JavaUtilLog info
master63323|INFO: jetty-winstone-2.8
master63323|Oct 16, 2015 7:11:45 PM org.eclipse.jetty.util.log.JavaUtilLog info
master63323|INFO: NO JSP Support for , did not find org.apache.jasper.servlet.JspServlet
master63323|Jenkins home directory: /Users/abduljewel/Documents/c/spiderqa/sample-test-projects/acceptance-test-harness/target/jenkins9223065695242969896home found at: EnvVars.masterEnvVars.get("JENKINS_HOME")
master63323|Oct 16, 2015 7:11:46 PM org.eclipse.jetty.util.log.JavaUtilLog info
master63323|INFO: Started SelectChannelConnector@0.0.0.0:63323
master63323|Oct 16, 2015 7:11:46 PM winstone.Logger logInternal
master63323|INFO: Winstone Servlet Engine v2.0 running: controlPort=disabled
master63323|Oct 16, 2015 7:11:46 PM jenkins.InitReactorRunner$1 onAttained
master63323|INFO: Started initialization
master63323|Oct 16, 2015 7:11:55 PM jenkins.InitReactorRunner$1 onAttained
master63323|INFO: Listed all plugins
master63323|Oct 16, 2015 7:11:55 PM jenkins.InitReactorRunner$1 onAttained
master63323|INFO: Prepared all plugins
master63323|Oct 16, 2015 7:11:55 PM jenkins.InitReactorRunner$1 onAttained
master63323|INFO: Started all plugins
master63323|Oct 16, 2015 7:11:55 PM jenkins.InitReactorRunner$1 onAttained
master63323|INFO: Augmented all extensions
master63323|Oct 16, 2015 7:11:57 PM jenkins.InitReactorRunner$1 onAttained
master63323|INFO: Loaded all jobs
master63323|Oct 16, 2015 7:11:58 PM hudson.model.AsyncPeriodicWork$1 run
master63323|INFO: Started Download metadata
master63323|Oct 16, 2015 7:11:58 PM org.jenkinsci.main.modules.sshd.SSHD start
master63323|INFO: Started SSHD at port 54945
master63323|Oct 16, 2015 7:11:58 PM jenkins.InitReactorRunner$1 onAttained
master63323|INFO: Completed initialization
master63323|Oct 16, 2015 7:11:58 PM hudson.UDPBroadcastThread run
master63323|WARNING: UDP handling problem
master63323|java.net.SocketException: Can't assign requested address
master63323|	at java.net.PlainDatagramSocketImpl.join(Native Method)
master63323|	at java.net.AbstractPlainDatagramSocketImpl.join(AbstractPlainDatagramSocketImpl.java:179)
master63323|	at java.net.MulticastSocket.joinGroup(MulticastSocket.java:323)
master63323|	at hudson.UDPBroadcastThread.run(UDPBroadcastThread.java:77)
master63323|
master63323|Oct 16, 2015 7:11:58 PM hudson.WebAppMain$3 run
master63323|INFO: Jenkins is fully up and running
master63323|Oct 16, 2015 7:11:59 PM hudson.model.UpdateSite updateData
master63323|INFO: Obtained the latest update center data file for UpdateSource default
master63323|Oct 16, 2015 7:12:00 PM hudson.model.DownloadService$Downloadable load
master63323|INFO: Obtained the updated data file for hudson.tasks.Maven.MavenInstaller
master63323|Oct 16, 2015 7:12:00 PM hudson.model.DownloadService$Downloadable load
master63323|INFO: Obtained the updated data file for hudson.tasks.Ant.AntInstaller
master63323|Oct 16, 2015 7:12:01 PM hudson.model.DownloadService$Downloadable load
master63323|INFO: Obtained the updated data file for hudson.tools.JDKInstaller
master63323|Oct 16, 2015 7:12:01 PM hudson.model.AsyncPeriodicWork$1 run
master63323|INFO: Finished Download metadata. 2,718 ms
]]></system-out>
    <system-err><![CDATA[Oct 16, 2015 7:11:42 PM org.jenkinsci.test.acceptance.controller.LocalController startNow
INFO: Waiting for Jenkins to become running in http://127.0.0.1:63323/
Oct 16, 2015 7:11:58 PM org.jenkinsci.test.acceptance.controller.LocalController startNow
INFO: Jenkins is running in http://127.0.0.1:63323/
Oct 16, 2015 7:11:58 PM org.openqa.selenium.phantomjs.PhantomJSDriverService <init>
INFO: executable: /usr/local/bin/phantomjs
Oct 16, 2015 7:11:58 PM org.openqa.selenium.phantomjs.PhantomJSDriverService <init>
INFO: port: 29502
Oct 16, 2015 7:11:58 PM org.openqa.selenium.phantomjs.PhantomJSDriverService <init>
INFO: arguments: [--webdriver=29502, --webdriver-logfile=/Users/abduljewel/Documents/c/spiderqa/sample-test-projects/acceptance-test-harness/phantomjsdriver.log]
Oct 16, 2015 7:11:58 PM org.openqa.selenium.phantomjs.PhantomJSDriverService <init>
INFO: environment: {}
[INFO  - 2015-10-16T23:11:58.925Z] GhostDriver - Main - running on port 29502
[INFO  - 2015-10-16T23:11:59.167Z] Session [4d4101a0-745b-11e5-a946-23b103e15330] - page.settings - {"XSSAuditingEnabled":false,"javascriptCanCloseWindows":true,"javascriptCanOpenWindows":true,"javascriptEnabled":true,"loadImages":true,"localToRemoteUrlAccessEnabled":false,"userAgent":"Mozilla/5.0 (Macintosh; Intel Mac OS X) AppleWebKit/538.1 (KHTML, like Gecko) PhantomJS/2.0.0 Safari/538.1","webSecurityEnabled":true}
[INFO  - 2015-10-16T23:11:59.167Z] Session [4d4101a0-745b-11e5-a946-23b103e15330] - page.customHeaders:  - {"Accept-Language":"en"}
[INFO  - 2015-10-16T23:11:59.167Z] Session [4d4101a0-745b-11e5-a946-23b103e15330] - Session.negotiatedCapabilities - {"browserName":"phantomjs","version":"2.0.0","driverName":"ghostdriver","driverVersion":"1.2.0","platform":"mac-10.9 (Mavericks)-64bit","javascriptEnabled":true,"takesScreenshot":true,"handlesAlerts":false,"databaseEnabled":false,"locationContextEnabled":false,"applicationCacheEnabled":false,"browserConnectionEnabled":false,"cssSelectorsEnabled":true,"webStorageEnabled":false,"rotatable":false,"acceptSslCerts":false,"nativeEvents":true,"proxy":{"proxyType":"direct"},"phantomjs.page.customHeaders.Accept-Language":"en"}
[INFO  - 2015-10-16T23:11:59.168Z] SessionManagerReqHand - _postNewSessionCommand - New Session Created: 4d4101a0-745b-11e5-a946-23b103e15330
]]></system-err>
  </testcase>
  <testcase name="Test mechanism" classname="Test mechanism" time="0.001">
    <error type="java.lang.NullPointerException:">java.lang.NullPointerException: null
	at org.junit.runner.Description.createSuiteDescription(Description.java:123)
	at ru.yandex.qatools.allure.junit.AllureRunListener.getSuiteUid(AllureRunListener.java:110)
	at ru.yandex.qatools.allure.junit.AllureRunListener.testStarted(AllureRunListener.java:50)
	at org.junit.runner.notification.RunNotifier$3.notifyListener(RunNotifier.java:115)
	at org.junit.runner.notification.RunNotifier$SafeNotifier.run(RunNotifier.java:61)
	at org.junit.runner.notification.RunNotifier.fireTestStarted(RunNotifier.java:112)
	at org.junit.internal.runners.model.EachTestNotifier.fireTestStarted(EachTestNotifier.java:43)
	at cucumber.runtime.junit.JUnitReporter.result(JUnitReporter.java:83)
	at cucumber.runtime.Runtime.runStep(Runtime.java:299)
	at cucumber.runtime.model.StepContainer.runStep(StepContainer.java:44)
	at cucumber.runtime.model.StepContainer.runSteps(StepContainer.java:39)
	at cucumber.runtime.model.CucumberScenario.run(CucumberScenario.java:40)
	at cucumber.runtime.junit.ExecutionUnitRunner.run(ExecutionUnitRunner.java:83)
	at cucumber.runtime.junit.FeatureRunner.runChild(FeatureRunner.java:63)
	at cucumber.runtime.junit.FeatureRunner.runChild(FeatureRunner.java:18)
	at org.junit.runners.ParentRunner$3.run(ParentRunner.java:238)
	at org.junit.runners.ParentRunner$1.schedule(ParentRunner.java:63)
	at org.junit.runners.ParentRunner.runChildren(ParentRunner.java:236)
	at org.junit.runners.ParentRunner.access$000(ParentRunner.java:53)
	at org.junit.runners.ParentRunner$2.evaluate(ParentRunner.java:229)
	at org.junit.runners.ParentRunner.run(ParentRunner.java:309)
	at cucumber.runtime.junit.FeatureRunner.run(FeatureRunner.java:70)
	at cucumber.api.junit.Cucumber.runChild(Cucumber.java:82)
	at cucumber.api.junit.Cucumber.runChild(Cucumber.java:41)
	at org.junit.runners.ParentRunner$3.run(ParentRunner.java:238)
	at org.junit.runners.ParentRunner$1.schedule(ParentRunner.java:63)
	at org.junit.runners.ParentRunner.runChildren(ParentRunner.java:236)
	at org.junit.runners.ParentRunner.access$000(ParentRunner.java:53)
	at org.junit.runners.ParentRunner$2.evaluate(ParentRunner.java:229)
	at org.junit.runners.ParentRunner.run(ParentRunner.java:309)
	at cucumber.api.junit.Cucumber.run(Cucumber.java:87)
	at org.apache.maven.surefire.junit4.JUnit4Provider.execute(JUnit4Provider.java:264)
	at org.apache.maven.surefire.junit4.JUnit4Provider.executeTestSet(JUnit4Provider.java:153)
	at org.apache.maven.surefire.junit4.JUnit4Provider.invoke(JUnit4Provider.java:124)
	at org.apache.maven.surefire.booter.ForkedBooter.invokeProviderInSameClassLoader(ForkedBooter.java:200)
	at org.apache.maven.surefire.booter.ForkedBooter.runSuitesInProcess(ForkedBooter.java:153)
	at org.apache.maven.surefire.booter.ForkedBooter.main(ForkedBooter.java:103)
</error>
    <system-out><![CDATA[testCaseResult=ru.yandex.qatools.allure.model.TestCaseResult@5b3b13fb[
  name=findJobThroughRegexp
  title=<null>
  description=<null>
  failure=<null>
  start=1445036595579
  stop=1445036616110
  status=PASSED
  severity=<null>
  steps=[]
  attachments=[]
  labels=[ru.yandex.qatools.allure.model.Label@42360a1c, ru.yandex.qatools.allure.model.Label@43e865ba]
  parameters=<null>
]
testCaseResult={
   "start" : 1445036595579,
   "stop" : 1445036616110,
   "status" : "passed",
   "name" : "findJobThroughRegexp",
   "steps" : {
      "step" : [ ]
   },
   "attachments" : {
      "attachment" : [ ]
   },
   "labels" : {
      "label" : [ {
         "name" : "host",
         "value" : "MacBook-Pro-2.home"
      }, {
         "name" : "thread",
         "value" : "1771@MacBook-Pro-2.home.main(1)"
      } ]
   }
}
testCase=ru.yandex.qatools.allure.model.TestCase@7c5560da[
  _id=bcebbd86-a5a2-4083-87cc-5fe430edc78a
  executionId=7a8626ac-7b8d-4761-8bff-776519219d78
  threadName=thread_15005794375463
  name=findJobThroughRegexp
  title=<null>
  description=<null>
  failure=<null>
  start=1445036595579
  stop=1445036616110
  status=PASSED
  severity=<null>
  steps=[]
  attachments=[]
  labels=[ru.yandex.qatools.allure.model.Label@42360a1c, ru.yandex.qatools.allure.model.Label@43e865ba]
  parameters=<null>
]
testCase={
   "start" : 1445036595579,
   "stop" : 1445036616110,
   "status" : "passed",
   "_id" : "bcebbd86-a5a2-4083-87cc-5fe430edc78a",
   "executionId" : "7a8626ac-7b8d-4761-8bff-776519219d78",
   "threadName" : "thread_15005794375463",
   "name" : "findJobThroughRegexp",
   "steps" : {
      "step" : [ ]
   },
   "attachments" : {
      "attachment" : [ ]
   },
   "labels" : {
      "label" : [ {
         "name" : "host",
         "value" : "MacBook-Pro-2.home"
      }, {
         "name" : "thread",
         "value" : "1771@MacBook-Pro-2.home.main(1)"
      } ]
   }
}
>>>REQUEST: /testaspect/TestCase/bcebbd86-a5a2-4083-87cc-5fe430edc78a
<<<RESPONSE (201 Created): /testaspect/TestCase/bcebbd86-a5a2-4083-87cc-5fe430edc78a
]]></system-out>
  </testcase>
  <testcase name="Test mechanism" classname="Test mechanism" time="0.001">
    <error type="java.lang.NullPointerException:">java.lang.NullPointerException: null
	at org.junit.runner.Description.createSuiteDescription(Description.java:123)
	at ru.yandex.qatools.allure.junit.AllureRunListener.getSuiteUid(AllureRunListener.java:110)
	at ru.yandex.qatools.allure.junit.AllureRunListener.testStarted(AllureRunListener.java:50)
	at org.junit.runner.notification.RunNotifier$3.notifyListener(RunNotifier.java:115)
	at org.junit.runner.notification.RunNotifier$SafeNotifier.run(RunNotifier.java:61)
	at org.junit.runner.notification.RunNotifier.fireTestStarted(RunNotifier.java:112)
	at org.junit.internal.runners.model.EachTestNotifier.fireTestStarted(EachTestNotifier.java:43)
	at cucumber.runtime.junit.JUnitReporter.result(JUnitReporter.java:83)
	at cucumber.runtime.Runtime.runStep(Runtime.java:299)
	at cucumber.runtime.model.StepContainer.runStep(StepContainer.java:44)
	at cucumber.runtime.model.StepContainer.runSteps(StepContainer.java:39)
	at cucumber.runtime.model.CucumberScenario.run(CucumberScenario.java:40)
	at cucumber.runtime.junit.ExecutionUnitRunner.run(ExecutionUnitRunner.java:83)
	at cucumber.runtime.junit.FeatureRunner.runChild(FeatureRunner.java:63)
	at cucumber.runtime.junit.FeatureRunner.runChild(FeatureRunner.java:18)
	at org.junit.runners.ParentRunner$3.run(ParentRunner.java:238)
	at org.junit.runners.ParentRunner$1.schedule(ParentRunner.java:63)
	at org.junit.runners.ParentRunner.runChildren(ParentRunner.java:236)
	at org.junit.runners.ParentRunner.access$000(ParentRunner.java:53)
	at org.junit.runners.ParentRunner$2.evaluate(ParentRunner.java:229)
	at org.junit.runners.ParentRunner.run(ParentRunner.java:309)
	at cucumber.runtime.junit.FeatureRunner.run(FeatureRunner.java:70)
	at cucumber.api.junit.Cucumber.runChild(Cucumber.java:82)
	at cucumber.api.junit.Cucumber.runChild(Cucumber.java:41)
	at org.junit.runners.ParentRunner$3.run(ParentRunner.java:238)
	at org.junit.runners.ParentRunner$1.schedule(ParentRunner.java:63)
	at org.junit.runners.ParentRunner.runChildren(ParentRunner.java:236)
	at org.junit.runners.ParentRunner.access$000(ParentRunner.java:53)
	at org.junit.runners.ParentRunner$2.evaluate(ParentRunner.java:229)
	at org.junit.runners.ParentRunner.run(ParentRunner.java:309)
	at cucumber.api.junit.Cucumber.run(Cucumber.java:87)
	at org.apache.maven.surefire.junit4.JUnit4Provider.execute(JUnit4Provider.java:264)
	at org.apache.maven.surefire.junit4.JUnit4Provider.executeTestSet(JUnit4Provider.java:153)
	at org.apache.maven.surefire.junit4.JUnit4Provider.invoke(JUnit4Provider.java:124)
	at org.apache.maven.surefire.booter.ForkedBooter.invokeProviderInSameClassLoader(ForkedBooter.java:200)
	at org.apache.maven.surefire.booter.ForkedBooter.runSuitesInProcess(ForkedBooter.java:153)
	at org.apache.maven.surefire.booter.ForkedBooter.main(ForkedBooter.java:103)
</error>
    <system-out><![CDATA[testCaseResult=ru.yandex.qatools.allure.model.TestCaseResult@5b3b13fb[
  name=findJobThroughRegexp
  title=<null>
  description=<null>
  failure=<null>
  start=1445036595579
  stop=1445036616110
  status=PASSED
  severity=<null>
  steps=[]
  attachments=[]
  labels=[ru.yandex.qatools.allure.model.Label@42360a1c, ru.yandex.qatools.allure.model.Label@43e865ba]
  parameters=<null>
]
testCaseResult={
   "start" : 1445036595579,
   "stop" : 1445036616110,
   "status" : "passed",
   "name" : "findJobThroughRegexp",
   "steps" : {
      "step" : [ ]
   },
   "attachments" : {
      "attachment" : [ ]
   },
   "labels" : {
      "label" : [ {
         "name" : "host",
         "value" : "MacBook-Pro-2.home"
      }, {
         "name" : "thread",
         "value" : "1771@MacBook-Pro-2.home.main(1)"
      } ]
   }
}
testCase=ru.yandex.qatools.allure.model.TestCase@3e6fcc3a[
  _id=bf15029c-0d7e-42ce-9ef8-b60f247890e1
  executionId=7a8626ac-7b8d-4761-8bff-776519219d78
  threadName=thread_15005794375463
  name=findJobThroughRegexp
  title=<null>
  description=<null>
  failure=<null>
  start=1445036595579
  stop=1445036616110
  status=PASSED
  severity=<null>
  steps=[]
  attachments=[]
  labels=[ru.yandex.qatools.allure.model.Label@42360a1c, ru.yandex.qatools.allure.model.Label@43e865ba]
  parameters=<null>
]
testCase={
   "start" : 1445036595579,
   "stop" : 1445036616110,
   "status" : "passed",
   "_id" : "bf15029c-0d7e-42ce-9ef8-b60f247890e1",
   "executionId" : "7a8626ac-7b8d-4761-8bff-776519219d78",
   "threadName" : "thread_15005794375463",
   "name" : "findJobThroughRegexp",
   "steps" : {
      "step" : [ ]
   },
   "attachments" : {
      "attachment" : [ ]
   },
   "labels" : {
      "label" : [ {
         "name" : "host",
         "value" : "MacBook-Pro-2.home"
      }, {
         "name" : "thread",
         "value" : "1771@MacBook-Pro-2.home.main(1)"
      } ]
   }
}
>>>REQUEST: /testaspect/TestCase/bf15029c-0d7e-42ce-9ef8-b60f247890e1
<<<RESPONSE (201 Created): /testaspect/TestCase/bf15029c-0d7e-42ce-9ef8-b60f247890e1
]]></system-out>
  </testcase>
  <testcase name="Test mechanism" classname="Test mechanism" time="0.001">
    <error type="java.lang.NullPointerException:">java.lang.NullPointerException: null
	at org.junit.runner.Description.createSuiteDescription(Description.java:123)
	at ru.yandex.qatools.allure.junit.AllureRunListener.getSuiteUid(AllureRunListener.java:110)
	at ru.yandex.qatools.allure.junit.AllureRunListener.testStarted(AllureRunListener.java:50)
	at org.junit.runner.notification.RunNotifier$3.notifyListener(RunNotifier.java:115)
	at org.junit.runner.notification.RunNotifier$SafeNotifier.run(RunNotifier.java:61)
	at org.junit.runner.notification.RunNotifier.fireTestStarted(RunNotifier.java:112)
	at org.junit.internal.runners.model.EachTestNotifier.fireTestStarted(EachTestNotifier.java:43)
	at cucumber.runtime.junit.JUnitReporter.result(JUnitReporter.java:83)
	at cucumber.runtime.Runtime.runStep(Runtime.java:299)
	at cucumber.runtime.model.StepContainer.runStep(StepContainer.java:44)
	at cucumber.runtime.model.StepContainer.runSteps(StepContainer.java:39)
	at cucumber.runtime.model.CucumberScenario.run(CucumberScenario.java:40)
	at cucumber.runtime.junit.ExecutionUnitRunner.run(ExecutionUnitRunner.java:83)
	at cucumber.runtime.junit.FeatureRunner.runChild(FeatureRunner.java:63)
	at cucumber.runtime.junit.FeatureRunner.runChild(FeatureRunner.java:18)
	at org.junit.runners.ParentRunner$3.run(ParentRunner.java:238)
	at org.junit.runners.ParentRunner$1.schedule(ParentRunner.java:63)
	at org.junit.runners.ParentRunner.runChildren(ParentRunner.java:236)
	at org.junit.runners.ParentRunner.access$000(ParentRunner.java:53)
	at org.junit.runners.ParentRunner$2.evaluate(ParentRunner.java:229)
	at org.junit.runners.ParentRunner.run(ParentRunner.java:309)
	at cucumber.runtime.junit.FeatureRunner.run(FeatureRunner.java:70)
	at cucumber.api.junit.Cucumber.runChild(Cucumber.java:82)
	at cucumber.api.junit.Cucumber.runChild(Cucumber.java:41)
	at org.junit.runners.ParentRunner$3.run(ParentRunner.java:238)
	at org.junit.runners.ParentRunner$1.schedule(ParentRunner.java:63)
	at org.junit.runners.ParentRunner.runChildren(ParentRunner.java:236)
	at org.junit.runners.ParentRunner.access$000(ParentRunner.java:53)
	at org.junit.runners.ParentRunner$2.evaluate(ParentRunner.java:229)
	at org.junit.runners.ParentRunner.run(ParentRunner.java:309)
	at cucumber.api.junit.Cucumber.run(Cucumber.java:87)
	at org.apache.maven.surefire.junit4.JUnit4Provider.execute(JUnit4Provider.java:264)
	at org.apache.maven.surefire.junit4.JUnit4Provider.executeTestSet(JUnit4Provider.java:153)
	at org.apache.maven.surefire.junit4.JUnit4Provider.invoke(JUnit4Provider.java:124)
	at org.apache.maven.surefire.booter.ForkedBooter.invokeProviderInSameClassLoader(ForkedBooter.java:200)
	at org.apache.maven.surefire.booter.ForkedBooter.runSuitesInProcess(ForkedBooter.java:153)
	at org.apache.maven.surefire.booter.ForkedBooter.main(ForkedBooter.java:103)
</error>
    <system-out><![CDATA[testCaseResult=ru.yandex.qatools.allure.model.TestCaseResult@5b3b13fb[
  name=findJobThroughRegexp
  title=<null>
  description=<null>
  failure=<null>
  start=1445036595579
  stop=1445036616110
  status=PASSED
  severity=<null>
  steps=[]
  attachments=[]
  labels=[ru.yandex.qatools.allure.model.Label@42360a1c, ru.yandex.qatools.allure.model.Label@43e865ba]
  parameters=<null>
]
testCaseResult={
   "start" : 1445036595579,
   "stop" : 1445036616110,
   "status" : "passed",
   "name" : "findJobThroughRegexp",
   "steps" : {
      "step" : [ ]
   },
   "attachments" : {
      "attachment" : [ ]
   },
   "labels" : {
      "label" : [ {
         "name" : "host",
         "value" : "MacBook-Pro-2.home"
      }, {
         "name" : "thread",
         "value" : "1771@MacBook-Pro-2.home.main(1)"
      } ]
   }
}
testCase=ru.yandex.qatools.allure.model.TestCase@6edf7e5[
  _id=9c7e8002-da17-4374-9606-ef2da0e005f5
  executionId=7a8626ac-7b8d-4761-8bff-776519219d78
  threadName=thread_15005794375463
  name=findJobThroughRegexp
  title=<null>
  description=<null>
  failure=<null>
  start=1445036595579
  stop=1445036616110
  status=PASSED
  severity=<null>
  steps=[]
  attachments=[]
  labels=[ru.yandex.qatools.allure.model.Label@42360a1c, ru.yandex.qatools.allure.model.Label@43e865ba]
  parameters=<null>
]
testCase={
   "start" : 1445036595579,
   "stop" : 1445036616110,
   "status" : "passed",
   "_id" : "9c7e8002-da17-4374-9606-ef2da0e005f5",
   "executionId" : "7a8626ac-7b8d-4761-8bff-776519219d78",
   "threadName" : "thread_15005794375463",
   "name" : "findJobThroughRegexp",
   "steps" : {
      "step" : [ ]
   },
   "attachments" : {
      "attachment" : [ ]
   },
   "labels" : {
      "label" : [ {
         "name" : "host",
         "value" : "MacBook-Pro-2.home"
      }, {
         "name" : "thread",
         "value" : "1771@MacBook-Pro-2.home.main(1)"
      } ]
   }
}
>>>REQUEST: /testaspect/TestCase/9c7e8002-da17-4374-9606-ef2da0e005f5
<<<RESPONSE (201 Created): /testaspect/TestCase/9c7e8002-da17-4374-9606-ef2da0e005f5
]]></system-out>
  </testcase>
  <testcase name="Test mechanism" classname="Test mechanism" time="0.001">
    <error type="java.lang.NullPointerException:">java.lang.NullPointerException: null
	at org.junit.runner.Description.createSuiteDescription(Description.java:123)
	at ru.yandex.qatools.allure.junit.AllureRunListener.getSuiteUid(AllureRunListener.java:110)
	at ru.yandex.qatools.allure.junit.AllureRunListener.testStarted(AllureRunListener.java:50)
	at org.junit.runner.notification.RunNotifier$3.notifyListener(RunNotifier.java:115)
	at org.junit.runner.notification.RunNotifier$SafeNotifier.run(RunNotifier.java:61)
	at org.junit.runner.notification.RunNotifier.fireTestStarted(RunNotifier.java:112)
	at org.junit.internal.runners.model.EachTestNotifier.fireTestStarted(EachTestNotifier.java:43)
	at cucumber.runtime.junit.JUnitReporter.result(JUnitReporter.java:83)
	at cucumber.runtime.Runtime.runStep(Runtime.java:299)
	at cucumber.runtime.model.StepContainer.runStep(StepContainer.java:44)
	at cucumber.runtime.model.StepContainer.runSteps(StepContainer.java:39)
	at cucumber.runtime.model.CucumberScenario.run(CucumberScenario.java:40)
	at cucumber.runtime.junit.ExecutionUnitRunner.run(ExecutionUnitRunner.java:83)
	at cucumber.runtime.junit.FeatureRunner.runChild(FeatureRunner.java:63)
	at cucumber.runtime.junit.FeatureRunner.runChild(FeatureRunner.java:18)
	at org.junit.runners.ParentRunner$3.run(ParentRunner.java:238)
	at org.junit.runners.ParentRunner$1.schedule(ParentRunner.java:63)
	at org.junit.runners.ParentRunner.runChildren(ParentRunner.java:236)
	at org.junit.runners.ParentRunner.access$000(ParentRunner.java:53)
	at org.junit.runners.ParentRunner$2.evaluate(ParentRunner.java:229)
	at org.junit.runners.ParentRunner.run(ParentRunner.java:309)
	at cucumber.runtime.junit.FeatureRunner.run(FeatureRunner.java:70)
	at cucumber.api.junit.Cucumber.runChild(Cucumber.java:82)
	at cucumber.api.junit.Cucumber.runChild(Cucumber.java:41)
	at org.junit.runners.ParentRunner$3.run(ParentRunner.java:238)
	at org.junit.runners.ParentRunner$1.schedule(ParentRunner.java:63)
	at org.junit.runners.ParentRunner.runChildren(ParentRunner.java:236)
	at org.junit.runners.ParentRunner.access$000(ParentRunner.java:53)
	at org.junit.runners.ParentRunner$2.evaluate(ParentRunner.java:229)
	at org.junit.runners.ParentRunner.run(ParentRunner.java:309)
	at cucumber.api.junit.Cucumber.run(Cucumber.java:87)
	at org.apache.maven.surefire.junit4.JUnit4Provider.execute(JUnit4Provider.java:264)
	at org.apache.maven.surefire.junit4.JUnit4Provider.executeTestSet(JUnit4Provider.java:153)
	at org.apache.maven.surefire.junit4.JUnit4Provider.invoke(JUnit4Provider.java:124)
	at org.apache.maven.surefire.booter.ForkedBooter.invokeProviderInSameClassLoader(ForkedBooter.java:200)
	at org.apache.maven.surefire.booter.ForkedBooter.runSuitesInProcess(ForkedBooter.java:153)
	at org.apache.maven.surefire.booter.ForkedBooter.main(ForkedBooter.java:103)
</error>
    <system-out><![CDATA[testCaseResult=ru.yandex.qatools.allure.model.TestCaseResult@5b3b13fb[
  name=findJobThroughRegexp
  title=<null>
  description=<null>
  failure=<null>
  start=1445036595579
  stop=1445036616110
  status=PASSED
  severity=<null>
  steps=[]
  attachments=[]
  labels=[ru.yandex.qatools.allure.model.Label@42360a1c, ru.yandex.qatools.allure.model.Label@43e865ba]
  parameters=<null>
]
testCaseResult={
   "start" : 1445036595579,
   "stop" : 1445036616110,
   "status" : "passed",
   "name" : "findJobThroughRegexp",
   "steps" : {
      "step" : [ ]
   },
   "attachments" : {
      "attachment" : [ ]
   },
   "labels" : {
      "label" : [ {
         "name" : "host",
         "value" : "MacBook-Pro-2.home"
      }, {
         "name" : "thread",
         "value" : "1771@MacBook-Pro-2.home.main(1)"
      } ]
   }
}
testCase=ru.yandex.qatools.allure.model.TestCase@2fdd00a7[
  _id=5b2682df-d69d-4b6f-8106-ff5026db29d7
  executionId=7a8626ac-7b8d-4761-8bff-776519219d78
  threadName=thread_15005794375463
  name=findJobThroughRegexp
  title=<null>
  description=<null>
  failure=<null>
  start=1445036595579
  stop=1445036616110
  status=PASSED
  severity=<null>
  steps=[]
  attachments=[]
  labels=[ru.yandex.qatools.allure.model.Label@42360a1c, ru.yandex.qatools.allure.model.Label@43e865ba]
  parameters=<null>
]
testCase={
   "start" : 1445036595579,
   "stop" : 1445036616110,
   "status" : "passed",
   "_id" : "5b2682df-d69d-4b6f-8106-ff5026db29d7",
   "executionId" : "7a8626ac-7b8d-4761-8bff-776519219d78",
   "threadName" : "thread_15005794375463",
   "name" : "findJobThroughRegexp",
   "steps" : {
      "step" : [ ]
   },
   "attachments" : {
      "attachment" : [ ]
   },
   "labels" : {
      "label" : [ {
         "name" : "host",
         "value" : "MacBook-Pro-2.home"
      }, {
         "name" : "thread",
         "value" : "1771@MacBook-Pro-2.home.main(1)"
      } ]
   }
}
>>>REQUEST: /testaspect/TestCase/5b2682df-d69d-4b6f-8106-ff5026db29d7
<<<RESPONSE (201 Created): /testaspect/TestCase/5b2682df-d69d-4b6f-8106-ff5026db29d7
]]></system-out>
  </testcase>
  <testcase name="Test mechanism" classname="Test mechanism" time="0.001">
    <error type="java.lang.NullPointerException:">java.lang.NullPointerException: null
	at org.junit.runner.Description.createSuiteDescription(Description.java:123)
	at ru.yandex.qatools.allure.junit.AllureRunListener.getSuiteUid(AllureRunListener.java:110)
	at ru.yandex.qatools.allure.junit.AllureRunListener.testStarted(AllureRunListener.java:50)
	at org.junit.runner.notification.RunNotifier$3.notifyListener(RunNotifier.java:115)
	at org.junit.runner.notification.RunNotifier$SafeNotifier.run(RunNotifier.java:61)
	at org.junit.runner.notification.RunNotifier.fireTestStarted(RunNotifier.java:112)
	at org.junit.internal.runners.model.EachTestNotifier.fireTestStarted(EachTestNotifier.java:43)
	at cucumber.runtime.junit.JUnitReporter.result(JUnitReporter.java:83)
	at cucumber.runtime.Runtime.runStep(Runtime.java:299)
	at cucumber.runtime.model.StepContainer.runStep(StepContainer.java:44)
	at cucumber.runtime.model.StepContainer.runSteps(StepContainer.java:39)
	at cucumber.runtime.model.CucumberScenario.run(CucumberScenario.java:40)
	at cucumber.runtime.junit.ExecutionUnitRunner.run(ExecutionUnitRunner.java:83)
	at cucumber.runtime.junit.FeatureRunner.runChild(FeatureRunner.java:63)
	at cucumber.runtime.junit.FeatureRunner.runChild(FeatureRunner.java:18)
	at org.junit.runners.ParentRunner$3.run(ParentRunner.java:238)
	at org.junit.runners.ParentRunner$1.schedule(ParentRunner.java:63)
	at org.junit.runners.ParentRunner.runChildren(ParentRunner.java:236)
	at org.junit.runners.ParentRunner.access$000(ParentRunner.java:53)
	at org.junit.runners.ParentRunner$2.evaluate(ParentRunner.java:229)
	at org.junit.runners.ParentRunner.run(ParentRunner.java:309)
	at cucumber.runtime.junit.FeatureRunner.run(FeatureRunner.java:70)
	at cucumber.api.junit.Cucumber.runChild(Cucumber.java:82)
	at cucumber.api.junit.Cucumber.runChild(Cucumber.java:41)
	at org.junit.runners.ParentRunner$3.run(ParentRunner.java:238)
	at org.junit.runners.ParentRunner$1.schedule(ParentRunner.java:63)
	at org.junit.runners.ParentRunner.runChildren(ParentRunner.java:236)
	at org.junit.runners.ParentRunner.access$000(ParentRunner.java:53)
	at org.junit.runners.ParentRunner$2.evaluate(ParentRunner.java:229)
	at org.junit.runners.ParentRunner.run(ParentRunner.java:309)
	at cucumber.api.junit.Cucumber.run(Cucumber.java:87)
	at org.apache.maven.surefire.junit4.JUnit4Provider.execute(JUnit4Provider.java:264)
	at org.apache.maven.surefire.junit4.JUnit4Provider.executeTestSet(JUnit4Provider.java:153)
	at org.apache.maven.surefire.junit4.JUnit4Provider.invoke(JUnit4Provider.java:124)
	at org.apache.maven.surefire.booter.ForkedBooter.invokeProviderInSameClassLoader(ForkedBooter.java:200)
	at org.apache.maven.surefire.booter.ForkedBooter.runSuitesInProcess(ForkedBooter.java:153)
	at org.apache.maven.surefire.booter.ForkedBooter.main(ForkedBooter.java:103)
</error>
    <system-out><![CDATA[testCaseResult=ru.yandex.qatools.allure.model.TestCaseResult@5b3b13fb[
  name=findJobThroughRegexp
  title=<null>
  description=<null>
  failure=<null>
  start=1445036595579
  stop=1445036616110
  status=PASSED
  severity=<null>
  steps=[]
  attachments=[]
  labels=[ru.yandex.qatools.allure.model.Label@42360a1c, ru.yandex.qatools.allure.model.Label@43e865ba]
  parameters=<null>
]
testCaseResult={
   "start" : 1445036595579,
   "stop" : 1445036616110,
   "status" : "passed",
   "name" : "findJobThroughRegexp",
   "steps" : {
      "step" : [ ]
   },
   "attachments" : {
      "attachment" : [ ]
   },
   "labels" : {
      "label" : [ {
         "name" : "host",
         "value" : "MacBook-Pro-2.home"
      }, {
         "name" : "thread",
         "value" : "1771@MacBook-Pro-2.home.main(1)"
      } ]
   }
}
testCase=ru.yandex.qatools.allure.model.TestCase@413543bb[
  _id=5a5e116c-19ad-4a0e-96b9-f3ad54332c5e
  executionId=7a8626ac-7b8d-4761-8bff-776519219d78
  threadName=thread_15005794375463
  name=findJobThroughRegexp
  title=<null>
  description=<null>
  failure=<null>
  start=1445036595579
  stop=1445036616110
  status=PASSED
  severity=<null>
  steps=[]
  attachments=[]
  labels=[ru.yandex.qatools.allure.model.Label@42360a1c, ru.yandex.qatools.allure.model.Label@43e865ba]
  parameters=<null>
]
testCase={
   "start" : 1445036595579,
   "stop" : 1445036616110,
   "status" : "passed",
   "_id" : "5a5e116c-19ad-4a0e-96b9-f3ad54332c5e",
   "executionId" : "7a8626ac-7b8d-4761-8bff-776519219d78",
   "threadName" : "thread_15005794375463",
   "name" : "findJobThroughRegexp",
   "steps" : {
      "step" : [ ]
   },
   "attachments" : {
      "attachment" : [ ]
   },
   "labels" : {
      "label" : [ {
         "name" : "host",
         "value" : "MacBook-Pro-2.home"
      }, {
         "name" : "thread",
         "value" : "1771@MacBook-Pro-2.home.main(1)"
      } ]
   }
}
>>>REQUEST: /testaspect/TestCase/5a5e116c-19ad-4a0e-96b9-f3ad54332c5e
<<<RESPONSE (201 Created): /testaspect/TestCase/5a5e116c-19ad-4a0e-96b9-f3ad54332c5e
master63323|Oct 16, 2015 7:12:07 PM hudson.model.Run execute
master63323|INFO: normal_realism #1 main build action completed: SUCCESS
]]></system-out>
  </testcase>
  <testcase name="Test mechanism" classname="Test mechanism" time="0.001">
    <error type="java.lang.NullPointerException:">java.lang.NullPointerException: null
	at org.junit.runner.Description.createSuiteDescription(Description.java:123)
	at ru.yandex.qatools.allure.junit.AllureRunListener.getSuiteUid(AllureRunListener.java:110)
	at ru.yandex.qatools.allure.junit.AllureRunListener.testStarted(AllureRunListener.java:50)
	at org.junit.runner.notification.RunNotifier$3.notifyListener(RunNotifier.java:115)
	at org.junit.runner.notification.RunNotifier$SafeNotifier.run(RunNotifier.java:61)
	at org.junit.runner.notification.RunNotifier.fireTestStarted(RunNotifier.java:112)
	at org.junit.internal.runners.model.EachTestNotifier.fireTestStarted(EachTestNotifier.java:43)
	at cucumber.runtime.junit.JUnitReporter.result(JUnitReporter.java:83)
	at cucumber.runtime.Runtime.runStep(Runtime.java:299)
	at cucumber.runtime.model.StepContainer.runStep(StepContainer.java:44)
	at cucumber.runtime.model.StepContainer.runSteps(StepContainer.java:39)
	at cucumber.runtime.model.CucumberScenario.run(CucumberScenario.java:40)
	at cucumber.runtime.junit.ExecutionUnitRunner.run(ExecutionUnitRunner.java:83)
	at cucumber.runtime.junit.FeatureRunner.runChild(FeatureRunner.java:63)
	at cucumber.runtime.junit.FeatureRunner.runChild(FeatureRunner.java:18)
	at org.junit.runners.ParentRunner$3.run(ParentRunner.java:238)
	at org.junit.runners.ParentRunner$1.schedule(ParentRunner.java:63)
	at org.junit.runners.ParentRunner.runChildren(ParentRunner.java:236)
	at org.junit.runners.ParentRunner.access$000(ParentRunner.java:53)
	at org.junit.runners.ParentRunner$2.evaluate(ParentRunner.java:229)
	at org.junit.runners.ParentRunner.run(ParentRunner.java:309)
	at cucumber.runtime.junit.FeatureRunner.run(FeatureRunner.java:70)
	at cucumber.api.junit.Cucumber.runChild(Cucumber.java:82)
	at cucumber.api.junit.Cucumber.runChild(Cucumber.java:41)
	at org.junit.runners.ParentRunner$3.run(ParentRunner.java:238)
	at org.junit.runners.ParentRunner$1.schedule(ParentRunner.java:63)
	at org.junit.runners.ParentRunner.runChildren(ParentRunner.java:236)
	at org.junit.runners.ParentRunner.access$000(ParentRunner.java:53)
	at org.junit.runners.ParentRunner$2.evaluate(ParentRunner.java:229)
	at org.junit.runners.ParentRunner.run(ParentRunner.java:309)
	at cucumber.api.junit.Cucumber.run(Cucumber.java:87)
	at org.apache.maven.surefire.junit4.JUnit4Provider.execute(JUnit4Provider.java:264)
	at org.apache.maven.surefire.junit4.JUnit4Provider.executeTestSet(JUnit4Provider.java:153)
	at org.apache.maven.surefire.junit4.JUnit4Provider.invoke(JUnit4Provider.java:124)
	at org.apache.maven.surefire.booter.ForkedBooter.invokeProviderInSameClassLoader(ForkedBooter.java:200)
	at org.apache.maven.surefire.booter.ForkedBooter.runSuitesInProcess(ForkedBooter.java:153)
	at org.apache.maven.surefire.booter.ForkedBooter.main(ForkedBooter.java:103)
</error>
    <system-out><![CDATA[testCaseResult=ru.yandex.qatools.allure.model.TestCaseResult@5b3b13fb[
  name=findJobThroughRegexp
  title=<null>
  description=<null>
  failure=<null>
  start=1445036595579
  stop=1445036616110
  status=PASSED
  severity=<null>
  steps=[]
  attachments=[]
  labels=[ru.yandex.qatools.allure.model.Label@42360a1c, ru.yandex.qatools.allure.model.Label@43e865ba]
  parameters=<null>
]
testCaseResult={
   "start" : 1445036595579,
   "stop" : 1445036616110,
   "status" : "passed",
   "name" : "findJobThroughRegexp",
   "steps" : {
      "step" : [ ]
   },
   "attachments" : {
      "attachment" : [ ]
   },
   "labels" : {
      "label" : [ {
         "name" : "host",
         "value" : "MacBook-Pro-2.home"
      }, {
         "name" : "thread",
         "value" : "1771@MacBook-Pro-2.home.main(1)"
      } ]
   }
}
testCase=ru.yandex.qatools.allure.model.TestCase@3559251e[
  _id=27d33ecd-6efa-4f02-9063-af870082fbb7
  executionId=7a8626ac-7b8d-4761-8bff-776519219d78
  threadName=thread_15005794375463
  name=findJobThroughRegexp
  title=<null>
  description=<null>
  failure=<null>
  start=1445036595579
  stop=1445036616110
  status=PASSED
  severity=<null>
  steps=[]
  attachments=[]
  labels=[ru.yandex.qatools.allure.model.Label@42360a1c, ru.yandex.qatools.allure.model.Label@43e865ba]
  parameters=<null>
]
testCase={
   "start" : 1445036595579,
   "stop" : 1445036616110,
   "status" : "passed",
   "_id" : "27d33ecd-6efa-4f02-9063-af870082fbb7",
   "executionId" : "7a8626ac-7b8d-4761-8bff-776519219d78",
   "threadName" : "thread_15005794375463",
   "name" : "findJobThroughRegexp",
   "steps" : {
      "step" : [ ]
   },
   "attachments" : {
      "attachment" : [ ]
   },
   "labels" : {
      "label" : [ {
         "name" : "host",
         "value" : "MacBook-Pro-2.home"
      }, {
         "name" : "thread",
         "value" : "1771@MacBook-Pro-2.home.main(1)"
      } ]
   }
}
>>>REQUEST: /testaspect/TestCase/27d33ecd-6efa-4f02-9063-af870082fbb7
<<<RESPONSE (201 Created): /testaspect/TestCase/27d33ecd-6efa-4f02-9063-af870082fbb7
]]></system-out>
  </testcase>
  <testcase name="Test mechanism" classname="Test mechanism" time="0">
    <error type="java.lang.NullPointerException:">java.lang.NullPointerException: null
	at org.junit.runner.Description.createSuiteDescription(Description.java:123)
	at ru.yandex.qatools.allure.junit.AllureRunListener.getSuiteUid(AllureRunListener.java:110)
	at ru.yandex.qatools.allure.junit.AllureRunListener.testStarted(AllureRunListener.java:50)
	at org.junit.runner.notification.RunNotifier$3.notifyListener(RunNotifier.java:115)
	at org.junit.runner.notification.RunNotifier$SafeNotifier.run(RunNotifier.java:61)
	at org.junit.runner.notification.RunNotifier.fireTestStarted(RunNotifier.java:112)
	at org.junit.internal.runners.model.EachTestNotifier.fireTestStarted(EachTestNotifier.java:43)
	at cucumber.runtime.junit.JUnitReporter.startExecutionUnit(JUnitReporter.java:48)
	at cucumber.runtime.junit.ExecutionUnitRunner.run(ExecutionUnitRunner.java:81)
	at cucumber.runtime.junit.FeatureRunner.runChild(FeatureRunner.java:63)
	at cucumber.runtime.junit.FeatureRunner.runChild(FeatureRunner.java:18)
	at org.junit.runners.ParentRunner$3.run(ParentRunner.java:238)
	at org.junit.runners.ParentRunner$1.schedule(ParentRunner.java:63)
	at org.junit.runners.ParentRunner.runChildren(ParentRunner.java:236)
	at org.junit.runners.ParentRunner.access$000(ParentRunner.java:53)
	at org.junit.runners.ParentRunner$2.evaluate(ParentRunner.java:229)
	at org.junit.runners.ParentRunner.run(ParentRunner.java:309)
	at cucumber.runtime.junit.FeatureRunner.run(FeatureRunner.java:70)
	at cucumber.api.junit.Cucumber.runChild(Cucumber.java:82)
	at cucumber.api.junit.Cucumber.runChild(Cucumber.java:41)
	at org.junit.runners.ParentRunner$3.run(ParentRunner.java:238)
	at org.junit.runners.ParentRunner$1.schedule(ParentRunner.java:63)
	at org.junit.runners.ParentRunner.runChildren(ParentRunner.java:236)
	at org.junit.runners.ParentRunner.access$000(ParentRunner.java:53)
	at org.junit.runners.ParentRunner$2.evaluate(ParentRunner.java:229)
	at org.junit.runners.ParentRunner.run(ParentRunner.java:309)
	at cucumber.api.junit.Cucumber.run(Cucumber.java:87)
	at org.apache.maven.surefire.junit4.JUnit4Provider.execute(JUnit4Provider.java:264)
	at org.apache.maven.surefire.junit4.JUnit4Provider.executeTestSet(JUnit4Provider.java:153)
	at org.apache.maven.surefire.junit4.JUnit4Provider.invoke(JUnit4Provider.java:124)
	at org.apache.maven.surefire.booter.ForkedBooter.invokeProviderInSameClassLoader(ForkedBooter.java:200)
	at org.apache.maven.surefire.booter.ForkedBooter.runSuitesInProcess(ForkedBooter.java:153)
	at org.apache.maven.surefire.booter.ForkedBooter.main(ForkedBooter.java:103)
</error>
    <system-out><![CDATA[testCaseResult=ru.yandex.qatools.allure.model.TestCaseResult@5b3b13fb[
  name=findJobThroughRegexp
  title=<null>
  description=<null>
  failure=<null>
  start=1445036595579
  stop=1445036616110
  status=PASSED
  severity=<null>
  steps=[]
  attachments=[]
  labels=[ru.yandex.qatools.allure.model.Label@42360a1c, ru.yandex.qatools.allure.model.Label@43e865ba]
  parameters=<null>
]
testCaseResult={
   "start" : 1445036595579,
   "stop" : 1445036616110,
   "status" : "passed",
   "name" : "findJobThroughRegexp",
   "steps" : {
      "step" : [ ]
   },
   "attachments" : {
      "attachment" : [ ]
   },
   "labels" : {
      "label" : [ {
         "name" : "host",
         "value" : "MacBook-Pro-2.home"
      }, {
         "name" : "thread",
         "value" : "1771@MacBook-Pro-2.home.main(1)"
      } ]
   }
}
testCase=ru.yandex.qatools.allure.model.TestCase@4c4cc360[
  _id=a8860667-fd66-4e40-80b4-04ea3fd49306
  executionId=7a8626ac-7b8d-4761-8bff-776519219d78
  threadName=thread_15005794375463
  name=findJobThroughRegexp
  title=<null>
  description=<null>
  failure=<null>
  start=1445036595579
  stop=1445036616110
  status=PASSED
  severity=<null>
  steps=[]
  attachments=[]
  labels=[ru.yandex.qatools.allure.model.Label@42360a1c, ru.yandex.qatools.allure.model.Label@43e865ba]
  parameters=<null>
]
testCase={
   "start" : 1445036595579,
   "stop" : 1445036616110,
   "status" : "passed",
   "_id" : "a8860667-fd66-4e40-80b4-04ea3fd49306",
   "executionId" : "7a8626ac-7b8d-4761-8bff-776519219d78",
   "threadName" : "thread_15005794375463",
   "name" : "findJobThroughRegexp",
   "steps" : {
      "step" : [ ]
   },
   "attachments" : {
      "attachment" : [ ]
   },
   "labels" : {
      "label" : [ {
         "name" : "host",
         "value" : "MacBook-Pro-2.home"
      }, {
         "name" : "thread",
         "value" : "1771@MacBook-Pro-2.home.main(1)"
      } ]
   }
}
>>>REQUEST: /testaspect/TestCase/a8860667-fd66-4e40-80b4-04ea3fd49306
Jenkins is stopped
<<<RESPONSE (201 Created): /testaspect/TestCase/a8860667-fd66-4e40-80b4-04ea3fd49306
testCaseResult=ru.yandex.qatools.allure.model.TestCaseResult@5b3b13fb[
  name=findJobThroughRegexp
  title=<null>
  description=<null>
  failure=<null>
  start=1445036595579
  stop=1445036616110
  status=PASSED
  severity=<null>
  steps=[]
  attachments=[]
  labels=[ru.yandex.qatools.allure.model.Label@42360a1c, ru.yandex.qatools.allure.model.Label@43e865ba]
  parameters=<null>
]
testCaseResult={
   "start" : 1445036595579,
   "stop" : 1445036616110,
   "status" : "passed",
   "name" : "findJobThroughRegexp",
   "steps" : {
      "step" : [ ]
   },
   "attachments" : {
      "attachment" : [ ]
   },
   "labels" : {
      "label" : [ {
         "name" : "host",
         "value" : "MacBook-Pro-2.home"
      }, {
         "name" : "thread",
         "value" : "1771@MacBook-Pro-2.home.main(1)"
      } ]
   }
}
testCase=ru.yandex.qatools.allure.model.TestCase@706dddea[
  _id=04c227c6-4937-48de-8619-b62672bceff4
  executionId=7a8626ac-7b8d-4761-8bff-776519219d78
  threadName=thread_15005794375463
  name=findJobThroughRegexp
  title=<null>
  description=<null>
  failure=<null>
  start=1445036595579
  stop=1445036616110
  status=PASSED
  severity=<null>
  steps=[]
  attachments=[]
  labels=[ru.yandex.qatools.allure.model.Label@42360a1c, ru.yandex.qatools.allure.model.Label@43e865ba]
  parameters=<null>
]
testCase={
   "start" : 1445036595579,
   "stop" : 1445036616110,
   "status" : "passed",
   "_id" : "04c227c6-4937-48de-8619-b62672bceff4",
   "executionId" : "7a8626ac-7b8d-4761-8bff-776519219d78",
   "threadName" : "thread_15005794375463",
   "name" : "findJobThroughRegexp",
   "steps" : {
      "step" : [ ]
   },
   "attachments" : {
      "attachment" : [ ]
   },
   "labels" : {
      "label" : [ {
         "name" : "host",
         "value" : "MacBook-Pro-2.home"
      }, {
         "name" : "thread",
         "value" : "1771@MacBook-Pro-2.home.main(1)"
      } ]
   }
}
>>>REQUEST: /testaspect/TestCase/04c227c6-4937-48de-8619-b62672bceff4
]]></system-out>
    <system-err><![CDATA[[INFO  - 2015-10-16T23:12:08.375Z] ShutdownReqHand - _handle - About to shutdown
]]></system-err>
  </testcase>
  <testcase name="Test mechanism" classname="Test mechanism" time="0.001">
    <error type="java.lang.NullPointerException:">java.lang.NullPointerException: null
	at org.junit.runner.Description.createSuiteDescription(Description.java:123)
	at ru.yandex.qatools.allure.junit.AllureRunListener.getSuiteUid(AllureRunListener.java:110)
	at ru.yandex.qatools.allure.junit.AllureRunListener.testStarted(AllureRunListener.java:50)
	at org.junit.runner.notification.RunNotifier$3.notifyListener(RunNotifier.java:115)
	at org.junit.runner.notification.RunNotifier$SafeNotifier.run(RunNotifier.java:61)
	at org.junit.runner.notification.RunNotifier.fireTestStarted(RunNotifier.java:112)
	at org.junit.internal.runners.model.EachTestNotifier.fireTestStarted(EachTestNotifier.java:43)
	at cucumber.runtime.junit.JUnitReporter.result(JUnitReporter.java:83)
	at cucumber.runtime.Runtime.runStep(Runtime.java:299)
	at cucumber.runtime.model.StepContainer.runStep(StepContainer.java:44)
	at cucumber.runtime.model.StepContainer.runSteps(StepContainer.java:39)
	at cucumber.runtime.model.CucumberScenario.run(CucumberScenario.java:40)
	at cucumber.runtime.junit.ExecutionUnitRunner.run(ExecutionUnitRunner.java:83)
	at cucumber.runtime.junit.FeatureRunner.runChild(FeatureRunner.java:63)
	at cucumber.runtime.junit.FeatureRunner.runChild(FeatureRunner.java:18)
	at org.junit.runners.ParentRunner$3.run(ParentRunner.java:238)
	at org.junit.runners.ParentRunner$1.schedule(ParentRunner.java:63)
	at org.junit.runners.ParentRunner.runChildren(ParentRunner.java:236)
	at org.junit.runners.ParentRunner.access$000(ParentRunner.java:53)
	at org.junit.runners.ParentRunner$2.evaluate(ParentRunner.java:229)
	at org.junit.runners.ParentRunner.run(ParentRunner.java:309)
	at cucumber.runtime.junit.FeatureRunner.run(FeatureRunner.java:70)
	at cucumber.api.junit.Cucumber.runChild(Cucumber.java:82)
	at cucumber.api.junit.Cucumber.runChild(Cucumber.java:41)
	at org.junit.runners.ParentRunner$3.run(ParentRunner.java:238)
	at org.junit.runners.ParentRunner$1.schedule(ParentRunner.java:63)
	at org.junit.runners.ParentRunner.runChildren(ParentRunner.java:236)
	at org.junit.runners.ParentRunner.access$000(ParentRunner.java:53)
	at org.junit.runners.ParentRunner$2.evaluate(ParentRunner.java:229)
	at org.junit.runners.ParentRunner.run(ParentRunner.java:309)
	at cucumber.api.junit.Cucumber.run(Cucumber.java:87)
	at org.apache.maven.surefire.junit4.JUnit4Provider.execute(JUnit4Provider.java:264)
	at org.apache.maven.surefire.junit4.JUnit4Provider.executeTestSet(JUnit4Provider.java:153)
	at org.apache.maven.surefire.junit4.JUnit4Provider.invoke(JUnit4Provider.java:124)
	at org.apache.maven.surefire.booter.ForkedBooter.invokeProviderInSameClassLoader(ForkedBooter.java:200)
	at org.apache.maven.surefire.booter.ForkedBooter.runSuitesInProcess(ForkedBooter.java:153)
	at org.apache.maven.surefire.booter.ForkedBooter.main(ForkedBooter.java:103)
</error>
    <system-out><![CDATA[<<<RESPONSE (201 Created): /testaspect/TestCase/04c227c6-4937-48de-8619-b62672bceff4
running with given plugins: []
Starting Jenkins: JAVA_HOME=/Library/Java/JavaVirtualMachines/jdk1.8.0_60.jdk/Contents/Home JENKINS_HOME=/Users/abduljewel/Documents/c/spiderqa/sample-test-projects/acceptance-test-harness/target/jenkins4833798713019583195home /Library/Java/JavaVirtualMachines/jdk1.8.0_60.jdk/Contents/Home/bin/java -Duser.language=en -jar ./jenkins.war --ajp13Port=-1 --httpPort=62326
master62326|Running from: /Users/abduljewel/Documents/c/spiderqa/sample-test-projects/acceptance-test-harness/jenkins.war
master62326|webroot: EnvVars.masterEnvVars.get("JENKINS_HOME")
master62326|Oct 16, 2015 7:12:09 PM winstone.Logger logInternal
master62326|INFO: Beginning extraction from war file
master62326|Oct 16, 2015 7:12:10 PM org.eclipse.jetty.util.log.JavaUtilLog info
master62326|INFO: jetty-winstone-2.8
master62326|Oct 16, 2015 7:12:11 PM org.eclipse.jetty.util.log.JavaUtilLog info
master62326|INFO: NO JSP Support for , did not find org.apache.jasper.servlet.JspServlet
master62326|Jenkins home directory: /Users/abduljewel/Documents/c/spiderqa/sample-test-projects/acceptance-test-harness/target/jenkins4833798713019583195home found at: EnvVars.masterEnvVars.get("JENKINS_HOME")
master62326|Oct 16, 2015 7:12:12 PM org.eclipse.jetty.util.log.JavaUtilLog info
master62326|INFO: Started SelectChannelConnector@0.0.0.0:62326
master62326|Oct 16, 2015 7:12:12 PM winstone.Logger logInternal
master62326|INFO: Winstone Servlet Engine v2.0 running: controlPort=disabled
master62326|Oct 16, 2015 7:12:12 PM jenkins.InitReactorRunner$1 onAttained
master62326|INFO: Started initialization
master62326|Oct 16, 2015 7:12:21 PM jenkins.InitReactorRunner$1 onAttained
master62326|INFO: Listed all plugins
master62326|Oct 16, 2015 7:12:21 PM jenkins.InitReactorRunner$1 onAttained
master62326|INFO: Prepared all plugins
master62326|Oct 16, 2015 7:12:21 PM jenkins.InitReactorRunner$1 onAttained
master62326|INFO: Started all plugins
master62326|Oct 16, 2015 7:12:21 PM jenkins.InitReactorRunner$1 onAttained
master62326|INFO: Augmented all extensions
master62326|Oct 16, 2015 7:12:23 PM jenkins.InitReactorRunner$1 onAttained
master62326|INFO: Loaded all jobs
master62326|Oct 16, 2015 7:12:24 PM hudson.model.AsyncPeriodicWork$1 run
master62326|INFO: Started Download metadata
master62326|Oct 16, 2015 7:12:25 PM org.jenkinsci.main.modules.sshd.SSHD start
master62326|INFO: Started SSHD at port 54985
master62326|Oct 16, 2015 7:12:25 PM jenkins.InitReactorRunner$1 onAttained
master62326|INFO: Completed initialization
master62326|Oct 16, 2015 7:12:25 PM hudson.UDPBroadcastThread run
master62326|WARNING: UDP handling problem
master62326|java.net.SocketException: Can't assign requested address
master62326|	at java.net.PlainDatagramSocketImpl.join(Native Method)
master62326|	at java.net.AbstractPlainDatagramSocketImpl.join(AbstractPlainDatagramSocketImpl.java:179)
master62326|	at java.net.MulticastSocket.joinGroup(MulticastSocket.java:323)
master62326|	at hudson.UDPBroadcastThread.run(UDPBroadcastThread.java:77)
master62326|
master62326|Oct 16, 2015 7:12:25 PM hudson.WebAppMain$3 run
master62326|INFO: Jenkins is fully up and running
master62326|Oct 16, 2015 7:12:26 PM hudson.model.UpdateSite updateData
master62326|INFO: Obtained the latest update center data file for UpdateSource default
master62326|Oct 16, 2015 7:12:26 PM hudson.model.DownloadService$Downloadable load
master62326|INFO: Obtained the updated data file for hudson.tasks.Maven.MavenInstaller
master62326|Oct 16, 2015 7:12:26 PM hudson.model.DownloadService$Downloadable load
master62326|INFO: Obtained the updated data file for hudson.tasks.Ant.AntInstaller
master62326|Oct 16, 2015 7:12:27 PM hudson.model.DownloadService$Downloadable load
master62326|INFO: Obtained the updated data file for hudson.tools.JDKInstaller
master62326|Oct 16, 2015 7:12:27 PM hudson.model.AsyncPeriodicWork$1 run
master62326|INFO: Finished Download metadata. 2,713 ms
]]></system-out>
    <system-err><![CDATA[Oct 16, 2015 7:12:09 PM org.jenkinsci.test.acceptance.controller.LocalController startNow
INFO: Waiting for Jenkins to become running in http://127.0.0.1:62326/
Oct 16, 2015 7:12:25 PM org.jenkinsci.test.acceptance.controller.LocalController startNow
INFO: Jenkins is running in http://127.0.0.1:62326/
Oct 16, 2015 7:12:25 PM org.openqa.selenium.phantomjs.PhantomJSDriverService <init>
INFO: executable: /usr/local/bin/phantomjs
Oct 16, 2015 7:12:25 PM org.openqa.selenium.phantomjs.PhantomJSDriverService <init>
INFO: port: 17492
Oct 16, 2015 7:12:25 PM org.openqa.selenium.phantomjs.PhantomJSDriverService <init>
INFO: arguments: [--webdriver=17492, --webdriver-logfile=/Users/abduljewel/Documents/c/spiderqa/sample-test-projects/acceptance-test-harness/phantomjsdriver.log]
Oct 16, 2015 7:12:25 PM org.openqa.selenium.phantomjs.PhantomJSDriverService <init>
INFO: environment: {}
[INFO  - 2015-10-16T23:12:25.380Z] GhostDriver - Main - running on port 17492
[INFO  - 2015-10-16T23:12:25.654Z] Session [5d0ac120-745b-11e5-b12d-af43d9f7d639] - page.settings - {"XSSAuditingEnabled":false,"javascriptCanCloseWindows":true,"javascriptCanOpenWindows":true,"javascriptEnabled":true,"loadImages":true,"localToRemoteUrlAccessEnabled":false,"userAgent":"Mozilla/5.0 (Macintosh; Intel Mac OS X) AppleWebKit/538.1 (KHTML, like Gecko) PhantomJS/2.0.0 Safari/538.1","webSecurityEnabled":true}
[INFO  - 2015-10-16T23:12:25.654Z] Session [5d0ac120-745b-11e5-b12d-af43d9f7d639] - page.customHeaders:  - {"Accept-Language":"en"}
[INFO  - 2015-10-16T23:12:25.654Z] Session [5d0ac120-745b-11e5-b12d-af43d9f7d639] - Session.negotiatedCapabilities - {"browserName":"phantomjs","version":"2.0.0","driverName":"ghostdriver","driverVersion":"1.2.0","platform":"mac-10.9 (Mavericks)-64bit","javascriptEnabled":true,"takesScreenshot":true,"handlesAlerts":false,"databaseEnabled":false,"locationContextEnabled":false,"applicationCacheEnabled":false,"browserConnectionEnabled":false,"cssSelectorsEnabled":true,"webStorageEnabled":false,"rotatable":false,"acceptSslCerts":false,"nativeEvents":true,"proxy":{"proxyType":"direct"},"phantomjs.page.customHeaders.Accept-Language":"en"}
[INFO  - 2015-10-16T23:12:25.654Z] SessionManagerReqHand - _postNewSessionCommand - New Session Created: 5d0ac120-745b-11e5-b12d-af43d9f7d639
]]></system-err>
  </testcase>
  <testcase name="Test mechanism" classname="Test mechanism" time="0.001">
    <error type="java.lang.NullPointerException:">java.lang.NullPointerException: null
	at org.junit.runner.Description.createSuiteDescription(Description.java:123)
	at ru.yandex.qatools.allure.junit.AllureRunListener.getSuiteUid(AllureRunListener.java:110)
	at ru.yandex.qatools.allure.junit.AllureRunListener.testStarted(AllureRunListener.java:50)
	at org.junit.runner.notification.RunNotifier$3.notifyListener(RunNotifier.java:115)
	at org.junit.runner.notification.RunNotifier$SafeNotifier.run(RunNotifier.java:61)
	at org.junit.runner.notification.RunNotifier.fireTestStarted(RunNotifier.java:112)
	at org.junit.internal.runners.model.EachTestNotifier.fireTestStarted(EachTestNotifier.java:43)
	at cucumber.runtime.junit.JUnitReporter.result(JUnitReporter.java:83)
	at cucumber.runtime.Runtime.runStep(Runtime.java:299)
	at cucumber.runtime.model.StepContainer.runStep(StepContainer.java:44)
	at cucumber.runtime.model.StepContainer.runSteps(StepContainer.java:39)
	at cucumber.runtime.model.CucumberScenario.run(CucumberScenario.java:40)
	at cucumber.runtime.junit.ExecutionUnitRunner.run(ExecutionUnitRunner.java:83)
	at cucumber.runtime.junit.FeatureRunner.runChild(FeatureRunner.java:63)
	at cucumber.runtime.junit.FeatureRunner.runChild(FeatureRunner.java:18)
	at org.junit.runners.ParentRunner$3.run(ParentRunner.java:238)
	at org.junit.runners.ParentRunner$1.schedule(ParentRunner.java:63)
	at org.junit.runners.ParentRunner.runChildren(ParentRunner.java:236)
	at org.junit.runners.ParentRunner.access$000(ParentRunner.java:53)
	at org.junit.runners.ParentRunner$2.evaluate(ParentRunner.java:229)
	at org.junit.runners.ParentRunner.run(ParentRunner.java:309)
	at cucumber.runtime.junit.FeatureRunner.run(FeatureRunner.java:70)
	at cucumber.api.junit.Cucumber.runChild(Cucumber.java:82)
	at cucumber.api.junit.Cucumber.runChild(Cucumber.java:41)
	at org.junit.runners.ParentRunner$3.run(ParentRunner.java:238)
	at org.junit.runners.ParentRunner$1.schedule(ParentRunner.java:63)
	at org.junit.runners.ParentRunner.runChildren(ParentRunner.java:236)
	at org.junit.runners.ParentRunner.access$000(ParentRunner.java:53)
	at org.junit.runners.ParentRunner$2.evaluate(ParentRunner.java:229)
	at org.junit.runners.ParentRunner.run(ParentRunner.java:309)
	at cucumber.api.junit.Cucumber.run(Cucumber.java:87)
	at org.apache.maven.surefire.junit4.JUnit4Provider.execute(JUnit4Provider.java:264)
	at org.apache.maven.surefire.junit4.JUnit4Provider.executeTestSet(JUnit4Provider.java:153)
	at org.apache.maven.surefire.junit4.JUnit4Provider.invoke(JUnit4Provider.java:124)
	at org.apache.maven.surefire.booter.ForkedBooter.invokeProviderInSameClassLoader(ForkedBooter.java:200)
	at org.apache.maven.surefire.booter.ForkedBooter.runSuitesInProcess(ForkedBooter.java:153)
	at org.apache.maven.surefire.booter.ForkedBooter.main(ForkedBooter.java:103)
</error>
    <system-out><![CDATA[testCaseResult=ru.yandex.qatools.allure.model.TestCaseResult@5b3b13fb[
  name=findJobThroughRegexp
  title=<null>
  description=<null>
  failure=<null>
  start=1445036595579
  stop=1445036616110
  status=PASSED
  severity=<null>
  steps=[]
  attachments=[]
  labels=[ru.yandex.qatools.allure.model.Label@42360a1c, ru.yandex.qatools.allure.model.Label@43e865ba]
  parameters=<null>
]
testCaseResult={
   "start" : 1445036595579,
   "stop" : 1445036616110,
   "status" : "passed",
   "name" : "findJobThroughRegexp",
   "steps" : {
      "step" : [ ]
   },
   "attachments" : {
      "attachment" : [ ]
   },
   "labels" : {
      "label" : [ {
         "name" : "host",
         "value" : "MacBook-Pro-2.home"
      }, {
         "name" : "thread",
         "value" : "1771@MacBook-Pro-2.home.main(1)"
      } ]
   }
}
testCase=ru.yandex.qatools.allure.model.TestCase@16b3f203[
  _id=ad788e12-b66e-4104-8285-4381857f5292
  executionId=7a8626ac-7b8d-4761-8bff-776519219d78
  threadName=thread_15005794375463
  name=findJobThroughRegexp
  title=<null>
  description=<null>
  failure=<null>
  start=1445036595579
  stop=1445036616110
  status=PASSED
  severity=<null>
  steps=[]
  attachments=[]
  labels=[ru.yandex.qatools.allure.model.Label@42360a1c, ru.yandex.qatools.allure.model.Label@43e865ba]
  parameters=<null>
]
testCase={
   "start" : 1445036595579,
   "stop" : 1445036616110,
   "status" : "passed",
   "_id" : "ad788e12-b66e-4104-8285-4381857f5292",
   "executionId" : "7a8626ac-7b8d-4761-8bff-776519219d78",
   "threadName" : "thread_15005794375463",
   "name" : "findJobThroughRegexp",
   "steps" : {
      "step" : [ ]
   },
   "attachments" : {
      "attachment" : [ ]
   },
   "labels" : {
      "label" : [ {
         "name" : "host",
         "value" : "MacBook-Pro-2.home"
      }, {
         "name" : "thread",
         "value" : "1771@MacBook-Pro-2.home.main(1)"
      } ]
   }
}
>>>REQUEST: /testaspect/TestCase/ad788e12-b66e-4104-8285-4381857f5292
<<<RESPONSE (201 Created): /testaspect/TestCase/ad788e12-b66e-4104-8285-4381857f5292
]]></system-out>
  </testcase>
  <testcase name="Test mechanism" classname="Test mechanism" time="0.002">
    <error type="java.lang.NullPointerException:">java.lang.NullPointerException: null
	at org.junit.runner.Description.createSuiteDescription(Description.java:123)
	at ru.yandex.qatools.allure.junit.AllureRunListener.getSuiteUid(AllureRunListener.java:110)
	at ru.yandex.qatools.allure.junit.AllureRunListener.testStarted(AllureRunListener.java:50)
	at org.junit.runner.notification.RunNotifier$3.notifyListener(RunNotifier.java:115)
	at org.junit.runner.notification.RunNotifier$SafeNotifier.run(RunNotifier.java:61)
	at org.junit.runner.notification.RunNotifier.fireTestStarted(RunNotifier.java:112)
	at org.junit.internal.runners.model.EachTestNotifier.fireTestStarted(EachTestNotifier.java:43)
	at cucumber.runtime.junit.JUnitReporter.result(JUnitReporter.java:83)
	at cucumber.runtime.Runtime.runStep(Runtime.java:299)
	at cucumber.runtime.model.StepContainer.runStep(StepContainer.java:44)
	at cucumber.runtime.model.StepContainer.runSteps(StepContainer.java:39)
	at cucumber.runtime.model.CucumberScenario.run(CucumberScenario.java:40)
	at cucumber.runtime.junit.ExecutionUnitRunner.run(ExecutionUnitRunner.java:83)
	at cucumber.runtime.junit.FeatureRunner.runChild(FeatureRunner.java:63)
	at cucumber.runtime.junit.FeatureRunner.runChild(FeatureRunner.java:18)
	at org.junit.runners.ParentRunner$3.run(ParentRunner.java:238)
	at org.junit.runners.ParentRunner$1.schedule(ParentRunner.java:63)
	at org.junit.runners.ParentRunner.runChildren(ParentRunner.java:236)
	at org.junit.runners.ParentRunner.access$000(ParentRunner.java:53)
	at org.junit.runners.ParentRunner$2.evaluate(ParentRunner.java:229)
	at org.junit.runners.ParentRunner.run(ParentRunner.java:309)
	at cucumber.runtime.junit.FeatureRunner.run(FeatureRunner.java:70)
	at cucumber.api.junit.Cucumber.runChild(Cucumber.java:82)
	at cucumber.api.junit.Cucumber.runChild(Cucumber.java:41)
	at org.junit.runners.ParentRunner$3.run(ParentRunner.java:238)
	at org.junit.runners.ParentRunner$1.schedule(ParentRunner.java:63)
	at org.junit.runners.ParentRunner.runChildren(ParentRunner.java:236)
	at org.junit.runners.ParentRunner.access$000(ParentRunner.java:53)
	at org.junit.runners.ParentRunner$2.evaluate(ParentRunner.java:229)
	at org.junit.runners.ParentRunner.run(ParentRunner.java:309)
	at cucumber.api.junit.Cucumber.run(Cucumber.java:87)
	at org.apache.maven.surefire.junit4.JUnit4Provider.execute(JUnit4Provider.java:264)
	at org.apache.maven.surefire.junit4.JUnit4Provider.executeTestSet(JUnit4Provider.java:153)
	at org.apache.maven.surefire.junit4.JUnit4Provider.invoke(JUnit4Provider.java:124)
	at org.apache.maven.surefire.booter.ForkedBooter.invokeProviderInSameClassLoader(ForkedBooter.java:200)
	at org.apache.maven.surefire.booter.ForkedBooter.runSuitesInProcess(ForkedBooter.java:153)
	at org.apache.maven.surefire.booter.ForkedBooter.main(ForkedBooter.java:103)
</error>
    <system-out><![CDATA[testCaseResult=ru.yandex.qatools.allure.model.TestCaseResult@5b3b13fb[
  name=findJobThroughRegexp
  title=<null>
  description=<null>
  failure=<null>
  start=1445036595579
  stop=1445036616110
  status=PASSED
  severity=<null>
  steps=[]
  attachments=[]
  labels=[ru.yandex.qatools.allure.model.Label@42360a1c, ru.yandex.qatools.allure.model.Label@43e865ba]
  parameters=<null>
]
testCaseResult={
   "start" : 1445036595579,
   "stop" : 1445036616110,
   "status" : "passed",
   "name" : "findJobThroughRegexp",
   "steps" : {
      "step" : [ ]
   },
   "attachments" : {
      "attachment" : [ ]
   },
   "labels" : {
      "label" : [ {
         "name" : "host",
         "value" : "MacBook-Pro-2.home"
      }, {
         "name" : "thread",
         "value" : "1771@MacBook-Pro-2.home.main(1)"
      } ]
   }
}
testCase=ru.yandex.qatools.allure.model.TestCase@6b79902d[
  _id=cfa26221-5880-49aa-8977-0cacf7bd3017
  executionId=7a8626ac-7b8d-4761-8bff-776519219d78
  threadName=thread_15005794375463
  name=findJobThroughRegexp
  title=<null>
  description=<null>
  failure=<null>
  start=1445036595579
  stop=1445036616110
  status=PASSED
  severity=<null>
  steps=[]
  attachments=[]
  labels=[ru.yandex.qatools.allure.model.Label@42360a1c, ru.yandex.qatools.allure.model.Label@43e865ba]
  parameters=<null>
]
testCase={
   "start" : 1445036595579,
   "stop" : 1445036616110,
   "status" : "passed",
   "_id" : "cfa26221-5880-49aa-8977-0cacf7bd3017",
   "executionId" : "7a8626ac-7b8d-4761-8bff-776519219d78",
   "threadName" : "thread_15005794375463",
   "name" : "findJobThroughRegexp",
   "steps" : {
      "step" : [ ]
   },
   "attachments" : {
      "attachment" : [ ]
   },
   "labels" : {
      "label" : [ {
         "name" : "host",
         "value" : "MacBook-Pro-2.home"
      }, {
         "name" : "thread",
         "value" : "1771@MacBook-Pro-2.home.main(1)"
      } ]
   }
}
>>>REQUEST: /testaspect/TestCase/cfa26221-5880-49aa-8977-0cacf7bd3017
<<<RESPONSE (201 Created): /testaspect/TestCase/cfa26221-5880-49aa-8977-0cacf7bd3017
]]></system-out>
    <system-err><![CDATA[[ERROR - 2015-10-16T23:12:30.421Z] WebElementLocator - _handleLocateCommand - Element(s) NOT Found: GAVE UP. Search Stop Time: 1445037150414

  :262 in error
]]></system-err>
  </testcase>
  <testcase name="Test mechanism" classname="Test mechanism" time="0.001">
    <error type="java.lang.NullPointerException:">java.lang.NullPointerException: null
	at org.junit.runner.Description.createSuiteDescription(Description.java:123)
	at ru.yandex.qatools.allure.junit.AllureRunListener.getSuiteUid(AllureRunListener.java:110)
	at ru.yandex.qatools.allure.junit.AllureRunListener.testStarted(AllureRunListener.java:50)
	at org.junit.runner.notification.RunNotifier$3.notifyListener(RunNotifier.java:115)
	at org.junit.runner.notification.RunNotifier$SafeNotifier.run(RunNotifier.java:61)
	at org.junit.runner.notification.RunNotifier.fireTestStarted(RunNotifier.java:112)
	at org.junit.internal.runners.model.EachTestNotifier.fireTestStarted(EachTestNotifier.java:43)
	at cucumber.runtime.junit.JUnitReporter.result(JUnitReporter.java:83)
	at cucumber.runtime.Runtime.runStep(Runtime.java:299)
	at cucumber.runtime.model.StepContainer.runStep(StepContainer.java:44)
	at cucumber.runtime.model.StepContainer.runSteps(StepContainer.java:39)
	at cucumber.runtime.model.CucumberScenario.run(CucumberScenario.java:40)
	at cucumber.runtime.junit.ExecutionUnitRunner.run(ExecutionUnitRunner.java:83)
	at cucumber.runtime.junit.FeatureRunner.runChild(FeatureRunner.java:63)
	at cucumber.runtime.junit.FeatureRunner.runChild(FeatureRunner.java:18)
	at org.junit.runners.ParentRunner$3.run(ParentRunner.java:238)
	at org.junit.runners.ParentRunner$1.schedule(ParentRunner.java:63)
	at org.junit.runners.ParentRunner.runChildren(ParentRunner.java:236)
	at org.junit.runners.ParentRunner.access$000(ParentRunner.java:53)
	at org.junit.runners.ParentRunner$2.evaluate(ParentRunner.java:229)
	at org.junit.runners.ParentRunner.run(ParentRunner.java:309)
	at cucumber.runtime.junit.FeatureRunner.run(FeatureRunner.java:70)
	at cucumber.api.junit.Cucumber.runChild(Cucumber.java:82)
	at cucumber.api.junit.Cucumber.runChild(Cucumber.java:41)
	at org.junit.runners.ParentRunner$3.run(ParentRunner.java:238)
	at org.junit.runners.ParentRunner$1.schedule(ParentRunner.java:63)
	at org.junit.runners.ParentRunner.runChildren(ParentRunner.java:236)
	at org.junit.runners.ParentRunner.access$000(ParentRunner.java:53)
	at org.junit.runners.ParentRunner$2.evaluate(ParentRunner.java:229)
	at org.junit.runners.ParentRunner.run(ParentRunner.java:309)
	at cucumber.api.junit.Cucumber.run(Cucumber.java:87)
	at org.apache.maven.surefire.junit4.JUnit4Provider.execute(JUnit4Provider.java:264)
	at org.apache.maven.surefire.junit4.JUnit4Provider.executeTestSet(JUnit4Provider.java:153)
	at org.apache.maven.surefire.junit4.JUnit4Provider.invoke(JUnit4Provider.java:124)
	at org.apache.maven.surefire.booter.ForkedBooter.invokeProviderInSameClassLoader(ForkedBooter.java:200)
	at org.apache.maven.surefire.booter.ForkedBooter.runSuitesInProcess(ForkedBooter.java:153)
	at org.apache.maven.surefire.booter.ForkedBooter.main(ForkedBooter.java:103)
</error>
    <system-out><![CDATA[testCaseResult=ru.yandex.qatools.allure.model.TestCaseResult@5b3b13fb[
  name=findJobThroughRegexp
  title=<null>
  description=<null>
  failure=<null>
  start=1445036595579
  stop=1445036616110
  status=PASSED
  severity=<null>
  steps=[]
  attachments=[]
  labels=[ru.yandex.qatools.allure.model.Label@42360a1c, ru.yandex.qatools.allure.model.Label@43e865ba]
  parameters=<null>
]
testCaseResult={
   "start" : 1445036595579,
   "stop" : 1445036616110,
   "status" : "passed",
   "name" : "findJobThroughRegexp",
   "steps" : {
      "step" : [ ]
   },
   "attachments" : {
      "attachment" : [ ]
   },
   "labels" : {
      "label" : [ {
         "name" : "host",
         "value" : "MacBook-Pro-2.home"
      }, {
         "name" : "thread",
         "value" : "1771@MacBook-Pro-2.home.main(1)"
      } ]
   }
}
testCase=ru.yandex.qatools.allure.model.TestCase@18a64940[
  _id=41898461-f676-49af-83a1-435e39fa292e
  executionId=7a8626ac-7b8d-4761-8bff-776519219d78
  threadName=thread_15005794375463
  name=findJobThroughRegexp
  title=<null>
  description=<null>
  failure=<null>
  start=1445036595579
  stop=1445036616110
  status=PASSED
  severity=<null>
  steps=[]
  attachments=[]
  labels=[ru.yandex.qatools.allure.model.Label@42360a1c, ru.yandex.qatools.allure.model.Label@43e865ba]
  parameters=<null>
]
testCase={
   "start" : 1445036595579,
   "stop" : 1445036616110,
   "status" : "passed",
   "_id" : "41898461-f676-49af-83a1-435e39fa292e",
   "executionId" : "7a8626ac-7b8d-4761-8bff-776519219d78",
   "threadName" : "thread_15005794375463",
   "name" : "findJobThroughRegexp",
   "steps" : {
      "step" : [ ]
   },
   "attachments" : {
      "attachment" : [ ]
   },
   "labels" : {
      "label" : [ {
         "name" : "host",
         "value" : "MacBook-Pro-2.home"
      }, {
         "name" : "thread",
         "value" : "1771@MacBook-Pro-2.home.main(1)"
      } ]
   }
}
>>>REQUEST: /testaspect/TestCase/41898461-f676-49af-83a1-435e39fa292e
<<<RESPONSE (201 Created): /testaspect/TestCase/41898461-f676-49af-83a1-435e39fa292e
]]></system-out>
  </testcase>
  <testcase name="Test mechanism" classname="Test mechanism" time="0.002">
    <error type="java.lang.NullPointerException:">java.lang.NullPointerException: null
	at org.junit.runner.Description.createSuiteDescription(Description.java:123)
	at ru.yandex.qatools.allure.junit.AllureRunListener.getSuiteUid(AllureRunListener.java:110)
	at ru.yandex.qatools.allure.junit.AllureRunListener.testStarted(AllureRunListener.java:50)
	at org.junit.runner.notification.RunNotifier$3.notifyListener(RunNotifier.java:115)
	at org.junit.runner.notification.RunNotifier$SafeNotifier.run(RunNotifier.java:61)
	at org.junit.runner.notification.RunNotifier.fireTestStarted(RunNotifier.java:112)
	at org.junit.internal.runners.model.EachTestNotifier.fireTestStarted(EachTestNotifier.java:43)
	at cucumber.runtime.junit.JUnitReporter.result(JUnitReporter.java:83)
	at cucumber.runtime.Runtime.runStep(Runtime.java:299)
	at cucumber.runtime.model.StepContainer.runStep(StepContainer.java:44)
	at cucumber.runtime.model.StepContainer.runSteps(StepContainer.java:39)
	at cucumber.runtime.model.CucumberScenario.run(CucumberScenario.java:40)
	at cucumber.runtime.junit.ExecutionUnitRunner.run(ExecutionUnitRunner.java:83)
	at cucumber.runtime.junit.FeatureRunner.runChild(FeatureRunner.java:63)
	at cucumber.runtime.junit.FeatureRunner.runChild(FeatureRunner.java:18)
	at org.junit.runners.ParentRunner$3.run(ParentRunner.java:238)
	at org.junit.runners.ParentRunner$1.schedule(ParentRunner.java:63)
	at org.junit.runners.ParentRunner.runChildren(ParentRunner.java:236)
	at org.junit.runners.ParentRunner.access$000(ParentRunner.java:53)
	at org.junit.runners.ParentRunner$2.evaluate(ParentRunner.java:229)
	at org.junit.runners.ParentRunner.run(ParentRunner.java:309)
	at cucumber.runtime.junit.FeatureRunner.run(FeatureRunner.java:70)
	at cucumber.api.junit.Cucumber.runChild(Cucumber.java:82)
	at cucumber.api.junit.Cucumber.runChild(Cucumber.java:41)
	at org.junit.runners.ParentRunner$3.run(ParentRunner.java:238)
	at org.junit.runners.ParentRunner$1.schedule(ParentRunner.java:63)
	at org.junit.runners.ParentRunner.runChildren(ParentRunner.java:236)
	at org.junit.runners.ParentRunner.access$000(ParentRunner.java:53)
	at org.junit.runners.ParentRunner$2.evaluate(ParentRunner.java:229)
	at org.junit.runners.ParentRunner.run(ParentRunner.java:309)
	at cucumber.api.junit.Cucumber.run(Cucumber.java:87)
	at org.apache.maven.surefire.junit4.JUnit4Provider.execute(JUnit4Provider.java:264)
	at org.apache.maven.surefire.junit4.JUnit4Provider.executeTestSet(JUnit4Provider.java:153)
	at org.apache.maven.surefire.junit4.JUnit4Provider.invoke(JUnit4Provider.java:124)
	at org.apache.maven.surefire.booter.ForkedBooter.invokeProviderInSameClassLoader(ForkedBooter.java:200)
	at org.apache.maven.surefire.booter.ForkedBooter.runSuitesInProcess(ForkedBooter.java:153)
	at org.apache.maven.surefire.booter.ForkedBooter.main(ForkedBooter.java:103)
</error>
    <system-out><![CDATA[testCaseResult=ru.yandex.qatools.allure.model.TestCaseResult@5b3b13fb[
  name=findJobThroughRegexp
  title=<null>
  description=<null>
  failure=<null>
  start=1445036595579
  stop=1445036616110
  status=PASSED
  severity=<null>
  steps=[]
  attachments=[]
  labels=[ru.yandex.qatools.allure.model.Label@42360a1c, ru.yandex.qatools.allure.model.Label@43e865ba]
  parameters=<null>
]
testCaseResult={
   "start" : 1445036595579,
   "stop" : 1445036616110,
   "status" : "passed",
   "name" : "findJobThroughRegexp",
   "steps" : {
      "step" : [ ]
   },
   "attachments" : {
      "attachment" : [ ]
   },
   "labels" : {
      "label" : [ {
         "name" : "host",
         "value" : "MacBook-Pro-2.home"
      }, {
         "name" : "thread",
         "value" : "1771@MacBook-Pro-2.home.main(1)"
      } ]
   }
}
testCase=ru.yandex.qatools.allure.model.TestCase@64a19509[
  _id=0b02153b-68f5-42b2-ae7d-28bf7c292ce5
  executionId=7a8626ac-7b8d-4761-8bff-776519219d78
  threadName=thread_15005794375463
  name=findJobThroughRegexp
  title=<null>
  description=<null>
  failure=<null>
  start=1445036595579
  stop=1445036616110
  status=PASSED
  severity=<null>
  steps=[]
  attachments=[]
  labels=[ru.yandex.qatools.allure.model.Label@42360a1c, ru.yandex.qatools.allure.model.Label@43e865ba]
  parameters=<null>
]
testCase={
   "start" : 1445036595579,
   "stop" : 1445036616110,
   "status" : "passed",
   "_id" : "0b02153b-68f5-42b2-ae7d-28bf7c292ce5",
   "executionId" : "7a8626ac-7b8d-4761-8bff-776519219d78",
   "threadName" : "thread_15005794375463",
   "name" : "findJobThroughRegexp",
   "steps" : {
      "step" : [ ]
   },
   "attachments" : {
      "attachment" : [ ]
   },
   "labels" : {
      "label" : [ {
         "name" : "host",
         "value" : "MacBook-Pro-2.home"
      }, {
         "name" : "thread",
         "value" : "1771@MacBook-Pro-2.home.main(1)"
      } ]
   }
}
>>>REQUEST: /testaspect/TestCase/0b02153b-68f5-42b2-ae7d-28bf7c292ce5
<<<RESPONSE (201 Created): /testaspect/TestCase/0b02153b-68f5-42b2-ae7d-28bf7c292ce5
master62326|Oct 16, 2015 7:12:30 PM hudson.model.Run execute
master62326|INFO: romantic_staircase #1 main build action completed: SUCCESS
]]></system-out>
  </testcase>
  <testcase name="Test mechanism" classname="Test mechanism" time="0.002">
    <error type="java.lang.NullPointerException:">java.lang.NullPointerException: null
	at org.junit.runner.Description.createSuiteDescription(Description.java:123)
	at ru.yandex.qatools.allure.junit.AllureRunListener.getSuiteUid(AllureRunListener.java:110)
	at ru.yandex.qatools.allure.junit.AllureRunListener.testStarted(AllureRunListener.java:50)
	at org.junit.runner.notification.RunNotifier$3.notifyListener(RunNotifier.java:115)
	at org.junit.runner.notification.RunNotifier$SafeNotifier.run(RunNotifier.java:61)
	at org.junit.runner.notification.RunNotifier.fireTestStarted(RunNotifier.java:112)
	at org.junit.internal.runners.model.EachTestNotifier.fireTestStarted(EachTestNotifier.java:43)
	at cucumber.runtime.junit.JUnitReporter.result(JUnitReporter.java:83)
	at cucumber.runtime.Runtime.runStep(Runtime.java:299)
	at cucumber.runtime.model.StepContainer.runStep(StepContainer.java:44)
	at cucumber.runtime.model.StepContainer.runSteps(StepContainer.java:39)
	at cucumber.runtime.model.CucumberScenario.run(CucumberScenario.java:40)
	at cucumber.runtime.junit.ExecutionUnitRunner.run(ExecutionUnitRunner.java:83)
	at cucumber.runtime.junit.FeatureRunner.runChild(FeatureRunner.java:63)
	at cucumber.runtime.junit.FeatureRunner.runChild(FeatureRunner.java:18)
	at org.junit.runners.ParentRunner$3.run(ParentRunner.java:238)
	at org.junit.runners.ParentRunner$1.schedule(ParentRunner.java:63)
	at org.junit.runners.ParentRunner.runChildren(ParentRunner.java:236)
	at org.junit.runners.ParentRunner.access$000(ParentRunner.java:53)
	at org.junit.runners.ParentRunner$2.evaluate(ParentRunner.java:229)
	at org.junit.runners.ParentRunner.run(ParentRunner.java:309)
	at cucumber.runtime.junit.FeatureRunner.run(FeatureRunner.java:70)
	at cucumber.api.junit.Cucumber.runChild(Cucumber.java:82)
	at cucumber.api.junit.Cucumber.runChild(Cucumber.java:41)
	at org.junit.runners.ParentRunner$3.run(ParentRunner.java:238)
	at org.junit.runners.ParentRunner$1.schedule(ParentRunner.java:63)
	at org.junit.runners.ParentRunner.runChildren(ParentRunner.java:236)
	at org.junit.runners.ParentRunner.access$000(ParentRunner.java:53)
	at org.junit.runners.ParentRunner$2.evaluate(ParentRunner.java:229)
	at org.junit.runners.ParentRunner.run(ParentRunner.java:309)
	at cucumber.api.junit.Cucumber.run(Cucumber.java:87)
	at org.apache.maven.surefire.junit4.JUnit4Provider.execute(JUnit4Provider.java:264)
	at org.apache.maven.surefire.junit4.JUnit4Provider.executeTestSet(JUnit4Provider.java:153)
	at org.apache.maven.surefire.junit4.JUnit4Provider.invoke(JUnit4Provider.java:124)
	at org.apache.maven.surefire.booter.ForkedBooter.invokeProviderInSameClassLoader(ForkedBooter.java:200)
	at org.apache.maven.surefire.booter.ForkedBooter.runSuitesInProcess(ForkedBooter.java:153)
	at org.apache.maven.surefire.booter.ForkedBooter.main(ForkedBooter.java:103)
</error>
    <system-out><![CDATA[testCaseResult=ru.yandex.qatools.allure.model.TestCaseResult@5b3b13fb[
  name=findJobThroughRegexp
  title=<null>
  description=<null>
  failure=<null>
  start=1445036595579
  stop=1445036616110
  status=PASSED
  severity=<null>
  steps=[]
  attachments=[]
  labels=[ru.yandex.qatools.allure.model.Label@42360a1c, ru.yandex.qatools.allure.model.Label@43e865ba]
  parameters=<null>
]
testCaseResult={
   "start" : 1445036595579,
   "stop" : 1445036616110,
   "status" : "passed",
   "name" : "findJobThroughRegexp",
   "steps" : {
      "step" : [ ]
   },
   "attachments" : {
      "attachment" : [ ]
   },
   "labels" : {
      "label" : [ {
         "name" : "host",
         "value" : "MacBook-Pro-2.home"
      }, {
         "name" : "thread",
         "value" : "1771@MacBook-Pro-2.home.main(1)"
      } ]
   }
}
testCase=ru.yandex.qatools.allure.model.TestCase@5b879db9[
  _id=10cf8c01-9ea2-455a-b9e8-3d59f78724e5
  executionId=7a8626ac-7b8d-4761-8bff-776519219d78
  threadName=thread_15005794375463
  name=findJobThroughRegexp
  title=<null>
  description=<null>
  failure=<null>
  start=1445036595579
  stop=1445036616110
  status=PASSED
  severity=<null>
  steps=[]
  attachments=[]
  labels=[ru.yandex.qatools.allure.model.Label@42360a1c, ru.yandex.qatools.allure.model.Label@43e865ba]
  parameters=<null>
]
testCase={
   "start" : 1445036595579,
   "stop" : 1445036616110,
   "status" : "passed",
   "_id" : "10cf8c01-9ea2-455a-b9e8-3d59f78724e5",
   "executionId" : "7a8626ac-7b8d-4761-8bff-776519219d78",
   "threadName" : "thread_15005794375463",
   "name" : "findJobThroughRegexp",
   "steps" : {
      "step" : [ ]
   },
   "attachments" : {
      "attachment" : [ ]
   },
   "labels" : {
      "label" : [ {
         "name" : "host",
         "value" : "MacBook-Pro-2.home"
      }, {
         "name" : "thread",
         "value" : "1771@MacBook-Pro-2.home.main(1)"
      } ]
   }
}
>>>REQUEST: /testaspect/TestCase/10cf8c01-9ea2-455a-b9e8-3d59f78724e5
<<<RESPONSE (201 Created): /testaspect/TestCase/10cf8c01-9ea2-455a-b9e8-3d59f78724e5
]]></system-out>
  </testcase>
</testsuite>